5968.0229829093    3.3668398303e-05    3.3602784211e-05    3.3656461556e-05    3.364254802333333e-05
5968.122982909299    3.132844182402129e-05    3.12602442810213e-05    3.131291312702132e-05    3.1300533077354626e-05
5968.2229829092985    2.9095047524040623e-05    2.902441940304067e-05    2.907615374404069e-05    2.9065206890373994e-05
5968.322982909298    2.700915052203794e-05    2.6936190719037986e-05    2.6987061868038e-05    2.6977467703037977e-05
5968.422982909297    2.5065810038053023e-05    2.4990710870053082e-05    2.5040815200053102e-05    2.50324453693864e-05
5968.522982909297    2.3245526439049666e-05    2.3168313258049724e-05    2.321774480304974e-05    2.321052816671638e-05
5968.622982909296    2.1578376411060652e-05    2.1499205201060722e-05    2.1548064534060744e-05    2.154188204872737e-05
5968.722982909296    2.0047081854069637e-05    1.9966036342069723e-05    2.001442779806974e-05    2.0009181998069695e-05
5968.822982909295    1.864564140006373e-05    1.8562779083063812e-05    1.861079591606383e-05    1.8606405466397126e-05
5968.922982909295    1.7395971347068194e-05    1.731137231506829e-05    1.7359108951068305e-05    1.7355484204401596e-05
5969.022982909294    1.626785846206156e-05    1.6181528740061655e-05    1.6229067411061667e-05    1.6226151537728292e-05
5969.122982909294    1.5252670454064632e-05    1.5164689706064737e-05    1.5212113533064744e-05    1.5209824564398036e-05
5969.222982909293    1.4328902011067214e-05    1.4239273536067332e-05    1.4286655893067337e-05    1.4284943813400627e-05
5969.3229829092925    1.3476591504062013e-05    1.3385305438062134e-05    1.3432708017062133e-05    1.3431534986395427e-05
5969.422982909292    1.2704274538063218e-05    1.261137019306335e-05    1.2658859949063342e-05    1.265816822672997e-05
5969.522982909291    1.202002994105601e-05    1.1925513659056141e-05    1.1973149041056127e-05    1.1972897547056092e-05
5969.622982909291    1.1383453327057897e-05    1.1287328418058042e-05    1.1335160140058024e-05    1.1335313961724654e-05
5969.72298290929    1.0810357812057335e-05    1.0712647684057493e-05    1.076072706805747e-05    1.0761244188057433e-05
5969.82298290929    1.030547827905051e-05    1.0206116610050677e-05    1.0254486905050645e-05    1.0255360598050608e-05
5969.922982909289    9.84625516465012e-06    9.745226443850301e-06    9.793928071050265e-06    9.795136559850229e-06
5970.022982909289    9.402008209748484e-06    9.299314378148666e-06    9.348389456748627e-06    9.349904014881928e-06
5970.122982909288    8.97893980555002e-06    8.874518507750226e-06    8.924000392650176e-06    8.92581956865014e-06
5970.222982909288    8.619443598445774e-06    8.513307358345992e-06    8.563233639645936e-06    8.565328198812567e-06
5970.322982909287    8.272114859144226e-06    8.164233870844447e-06    8.214638579344386e-06    8.216995769777687e-06
5970.4229829092865    7.939369865345394e-06    7.829713854045636e-06    7.880630211145567e-06    7.883237976845533e-06
5970.522982909286    7.663567227737627e-06    7.55212576283787e-06    7.6035888718377955e-06    7.606427287471096e-06
5970.622982909285    7.394110607739211e-06    7.2808000266394825e-06    7.3328392776393985e-06    7.335916637339364e-06
5970.722982909285    7.131312669840632e-06    7.016106418040925e-06    7.068748334940832e-06    7.072055807607463e-06
5970.822982909284    6.9180837662329684e-06    6.801018232133255e-06    6.854297437833157e-06    6.85779981206646e-06
5970.922982909284    6.7040680370350366e-06    6.58508736733535e-06    6.63903552783524e-06    6.642730310735209e-06
5971.022982909283    6.487605556335437e-06    6.366609730535767e-06    6.4212496221356534e-06    6.425154969668953e-06
5971.122982909283    6.299406528032522e-06    6.17633642083288e-06    6.231696688732755e-06    6.235813212532718e-06
5971.222982909282    6.125096518431707e-06    5.999946770532085e-06    6.056059024031948e-06    6.060367437665248e-06
5971.322982909282    5.951608755631557e-06    5.824374418631936e-06    5.881268371631794e-06    5.88575051529843e-06
5971.422982909281    5.791557990030569e-06    5.662211289130972e-06    5.7199183434308164e-06    5.7245625408641196e-06
5971.5229829092805    5.647553403927504e-06    5.5159805363279296e-06    5.574529680027768e-06    5.5793545400944e-06
5971.62298290928    5.51206081222711e-06    5.378188629327571e-06    5.437605552727397e-06    5.442618331427359e-06
5971.722982909279    5.386865651526189e-06    5.250659580226677e-06    5.310974941826489e-06    5.316166724526452e-06
5971.822982909279    5.2679008819248856e-06    5.1293387604253776e-06    5.190584007525184e-06    5.195941216625149e-06
5971.922982909278    5.1540931961248414e-06    5.013134815625365e-06    5.0753423689251555e-06    5.080856793558454e-06
5972.022982909278    5.04524321732376e-06    4.901798479924302e-06    4.964999102224085e-06    4.970680266490716e-06
5972.122982909277    4.945093379322771e-06    4.7990666065233585e-06    4.863294411923125e-06    4.869151465923085e-06
5972.222982909277    4.85146503642214e-06    4.702809565222761e-06    4.768096106622512e-06    4.774123569422471e-06
5972.322982909276    4.760454694021521e-06    4.6091537698221464e-06    4.675535781421887e-06    4.681714748421851e-06
5972.422982909276    4.676451876320628e-06    4.522408377821301e-06    4.589919356121024e-06    4.596259870087651e-06
5972.522982909275    4.599959211718784e-06    4.443100985619475e-06    4.511776557719189e-06    4.518278918352482e-06
5972.6229829092745    4.524437863519232e-06    4.364692422319967e-06    4.434571474019662e-06    4.441233919952953e-06
5972.722982909274    4.45179486131916e-06    4.2891169054199335e-06    4.360235697219606e-06    4.3670491546529e-06
5972.822982909273    4.385473135617493e-06    4.219757559018293e-06    4.292156931317957e-06    4.299129208651247e-06
5972.922982909273    4.325691793716311e-06    4.156805640717176e-06    4.230527115716815e-06    4.237674850050101e-06
5973.022982909272    4.265764026616351e-06    4.0936801473172235e-06    4.168763526216852e-06    4.176069233383477e-06
5973.122982909272    4.209515198815859e-06    4.03416484341678e-06    4.110651804316384e-06    4.118110615516341e-06
5973.222982909271    4.156110490815543e-06    3.97740383721652e-06    4.055338864216098e-06    4.062951064082721e-06
5973.322982909271    4.1050922385148485e-06    3.922917956015857e-06    4.002349884015422e-06    4.010120026182043e-06
5973.42298290927    4.059064525113814e-06    3.873311622214889e-06    3.954288309714425e-06    3.962221485681042e-06
5973.52298290927    4.0167750182126925e-06    3.827385750113784e-06    3.909957441113305e-06    3.918039403146594e-06
5973.622982909269    3.976781291712367e-06    3.783644878813526e-06    3.867863760113017e-06    3.876096643546303e-06
5973.7229829092685    3.9359241977130055e-06    3.73891116441424e-06    3.8248260906137e-06    3.8332204842469814e-06
5973.822982909268    3.898715713211844e-06    3.697745616113104e-06    3.7854153704125456e-06    3.793958899912498e-06
5973.922982909267    3.863834667411421e-06    3.6587976494127522e-06    3.7482801130121587e-06    3.756970809945444e-06
5974.022982909267    3.829148158611357e-06    3.619908276512733e-06    3.711260637112121e-06    3.7201056907454032e-06
5974.122982909266    3.796665637110931e-06    3.5831169434123807e-06    3.6764010253117304e-06    3.685394535278347e-06
5974.222982909266    3.766497533210426e-06    3.5484921711119664e-06    3.6437758047112756e-06    3.652921836344556e-06
5974.322982909265    3.739741445109247e-06    3.5171312912108386e-06    3.6144860602101227e-06    3.6237862655100692e-06
5974.422982909265    3.7120502803098223e-06    3.4847348634114914e-06    3.584226644610733e-06    3.593670596110682e-06
5974.522982909264    3.6837131305100514e-06    3.4515614205117667e-06    3.5532606561109837e-06    3.562845069044267e-06
5974.622982909264    3.6573371470095955e-06    3.420182155311416e-06    3.5241687419105838e-06    3.5338960147438647e-06
5974.722982909263    3.6298965781102327e-06    3.387603588512148e-06    3.493955868311266e-06    3.503818678311215e-06
5974.8229829092625    3.602464813410229e-06    3.3548662609122073e-06    3.463665327811295e-06    3.47366546737791e-06
5974.922982909262    3.575714171010219e-06    3.322626949212315e-06    3.4339599118113475e-06    3.4441003440112937e-06
5975.022982909261    3.5459030347113874e-06    3.287185815113538e-06    3.4011458663125345e-06    3.4114115720458204e-06
5975.122982909261    3.5137102850125897e-06    3.24916437381487e-06    3.3658454249138055e-06    3.3762400279137546e-06
5975.22298290926    3.4753861645153365e-06    3.2047923919177566e-06    3.324295321016627e-06    3.3348246258165733e-06
5975.32298290926    3.4331533838169006e-06    3.156373963619376e-06    3.2787958626182077e-06    3.2894410700181616e-06
5975.422982909259    3.385446925919525e-06    3.1022886508221353e-06    3.2277373930208968e-06    3.2384909899208525e-06
5975.522982909259    3.3273701053237694e-06    3.0375882741264798e-06    3.166181960225193e-06    3.177046779891814e-06
5975.622982909258    3.2551320601302222e-06    2.9585079169330848e-06    3.0903661719317188e-06    3.101335382998342e-06
5975.722982909258    3.1685339328370173e-06    2.864859058840031e-06    3.000102669938584e-06    3.011165220538544e-06
5975.822982909257    3.0640806629446496e-06    2.753134697847758e-06    2.8918924864462558e-06    2.903035949079555e-06
5975.9229829092565    2.9414716926535257e-06    2.622975863356822e-06    2.7653946996552238e-06    2.7766140852218574e-06
5976.022982909256    2.8054124194593978e-06    2.4791142507628035e-06    2.6253327055611454e-06    2.6366197919277825e-06
5976.122982909255    2.6648779240626297e-06    2.3305218218662206e-06    2.4806882264644613e-06    2.4920293241311034e-06
5976.222982909255    2.5413205856561877e-06    2.1986089199599868e-06    2.352885433958118e-06    2.3642716465247643e-06
5976.322982909254    2.4582397418377805e-06    2.1068883694417096e-06    2.2654413497397646e-06    2.276856487006418e-06
5976.422982909254    2.434645450310944e-06    2.0743304121151016e-06    2.2373409029130343e-06    2.248772255113026e-06
5976.522982909253    2.4824802716778123e-06    2.112891022982114e-06    2.2805405837799623e-06    2.2919706261466297e-06
5976.622982909253    2.5946337146469585e-06    2.215446142751498e-06    2.387926217149213e-06    2.3993353581825566e-06
5976.722982909252    2.755126600022637e-06    2.3659872101274343e-06    2.543507364525005e-06    2.5548737248916918e-06
5976.822982909252    2.9353684596131175e-06    2.5358869815181028e-06    2.7186658900155677e-06    2.729973777048929e-06
5976.922982909251    3.110254172914109e-06    2.7000735415193636e-06    2.8883355855166708e-06    2.8995544333167144e-06
5977.0229829092505    3.2726186214202583e-06    2.8513108547257233e-06    3.0453024869229095e-06    3.0564106543562968e-06
5977.12298290925    3.4161933789281807e-06    2.9833554576339485e-06    3.1833265176309574e-06    3.1942917847310283e-06
5977.222982909249    3.5389998677374527e-06    3.094152632343569e-06    3.30038438184038e-06    3.3111789606404675e-06
5977.322982909249    3.64618236704541e-06    3.1888569612517654e-06    3.4016391641484293e-06    3.412226164148535e-06
5977.422982909248    3.7423699594501353e-06    3.272143441956823e-06    3.491767065153277e-06    3.502093488853411e-06
5977.522982909248    3.827992378655612e-06    3.344307518562589e-06    3.5710982023588735e-06    3.5811326998590253e-06
5977.622982909247    3.907374633058125e-06    3.4096880577655115e-06    3.643989916261549e-06    3.6536842023617287e-06
5977.722982909247    3.981534422860206e-06    3.4693412050679903e-06    3.71150710766377e-06    3.720794245197322e-06
5977.822982909246    4.05115805656264e-06    3.523777470870789e-06    3.7742140799663512e-06    3.7830498691332603e-06
5977.922982909246    4.11872173486313e-06    3.5754291853718136e-06    3.834556845367071e-06    3.842902588534005e-06
5978.022982909245    4.1869679844627585e-06    3.6271657395717677e-06    3.895410274066792e-06    3.903181332700439e-06
5978.1229829092445    4.253794178362925e-06    3.676831321572446e-06    3.954654103367132e-06    3.961759867767501e-06
5978.222982909244    4.320741234362249e-06    3.7258330520723684e-06    4.0137358675666845e-06    4.020103384667101e-06
5978.322982909243    4.38997502266096e-06    3.776320153771531e-06    4.074837007265546e-06    4.080377394566011e-06
5978.422982909243    4.4591545783603615e-06    3.825949306271563e-06    4.135648194265157e-06    4.140250692965693e-06
5978.522982909242    4.527081780761079e-06    3.873431127272794e-06    4.194924118166035e-06    4.1984790087333025e-06
5978.622982909242    4.599440110857882e-06    3.924408486570327e-06    4.258347932163082e-06    4.26073217653043e-06
5978.722982909241    4.673471639256235e-06    3.976079643369454e-06    4.323159179661685e-06    4.324236820762457e-06
5978.822982909241    4.748545270755619e-06    4.027713306969475e-06    4.388692821161258e-06    4.388317132962117e-06
5978.92298290924    4.828556433151973e-06    4.083203817666691e-06    4.458879703257869e-06    4.456879984692177e-06
5979.0229829092395    4.9100881993510595e-06    4.139051408266477e-06    4.530295758257132e-06    4.5264784552915564e-06
5979.122982909239    4.9959840095476585e-06    4.1979623393641015e-06    4.605720633554039e-06    4.5998889941552665e-06
5979.222982909238    5.084085444145513e-06    4.2577747154630085e-06    4.683047031252178e-06    4.674969063620233e-06
5979.322982909238    5.174274903044222e-06    4.3182145900626205e-06    4.762105275551106e-06    4.751531589552649e-06
5979.422982909237    5.272197924638548e-06    4.3849081914581465e-06    4.848590428045726e-06    4.835232181380807e-06
5979.522982909237    5.372778538936881e-06    4.452630322857501e-06    4.937383844244278e-06    4.920930902012886e-06
5979.622982909236    5.477748572133171e-06    4.523011993955192e-06    5.030220558340896e-06    5.01032704147642e-06
5979.722982909236    5.585648066430325e-06    4.594429912053883e-06    5.125622654438395e-06    5.101900210974202e-06
5979.822982909235    5.6991877933266825e-06    4.669556572551488e-06    5.226365045434946e-06    5.19836980377104e-06
5979.922982909235    5.819788822521026e-06    4.749709755547513e-06    5.333899723129583e-06    5.3011327670660405e-06
5980.022982909234    5.945630975017594e-06    4.83272328424564e-06    5.446284839426406e-06    5.408213032896547e-06
5980.1229829092335    6.0788194339115724e-06    4.920585728441666e-06    5.5656873202207254e-06    5.521697494191321e-06
5980.222982909233    6.2167698391071555e-06    5.010710536339344e-06    5.6896561391165654e-06    5.639045504854354e-06
5980.322982909232    6.359874198503687e-06    5.1031770458377674e-06    5.81853602801326e-06    5.760529090784904e-06
5980.422982909232    6.512625526995805e-06    5.202095374632525e-06    5.956777121705704e-06    5.890499341111345e-06
5980.522982909231    6.671508347891623e-06    5.303856530330587e-06    6.100982789701634e-06    6.025449222641281e-06
5980.622982909231    6.840216808783385e-06    5.411983108625261e-06    6.255053575093504e-06    6.169084497500716e-06
5980.72298290923    7.019363010074542e-06    5.526744830519631e-06    6.419535201884812e-06    6.321881014159662e-06
5980.82298290923    7.208404890367612e-06    5.647242648515614e-06    6.594061070977777e-06    6.483236203287002e-06
5980.922982909229    7.407707169958614e-06    5.773377302510519e-06    6.779069237168754e-06    6.6533845698792955e-06
5981.022982909229    7.620576552748989e-06    5.908027399304479e-06    6.977942884958918e-06    6.835515612337461e-06
5981.122982909228    7.843369101739923e-06    6.047201945900003e-06    7.18737864324952e-06    7.025983230296483e-06
5981.2229829092275    8.08131625332687e-06    6.1956241949920085e-06    7.41283424523596e-06    7.229924897851613e-06
5981.322982909227    8.334237585615976e-06    6.352659548085742e-06    7.654503193724163e-06    7.447133442475294e-06
5981.422982909226    8.60553277200014e-06    6.52093918277603e-06    7.916141618707253e-06    7.680871191161142e-06
5981.522982909226    8.89701079978527e-06    6.701395969067059e-06    8.199888749090966e-06    7.932765172647767e-06
5981.622982909225    9.210596311866132e-06    6.895296418855392e-06    8.508307536869987e-06    8.204733422530502e-06
5981.722982909225    9.546005754246807e-06    7.101243944644534e-06    8.84184280894822e-06    8.496364169279853e-06
5981.822982909224    9.910414507524914e-06    7.324832149031218e-06    9.208114048623509e-06    8.814453568393214e-06
5981.922982909224    1.0334604143675931e-05    7.5921404152957825e-06    9.635948570873145e-06    9.187564376614953e-06
5982.022982909223    1.0727258085700022e-05    7.828150512319693e-06    1.0050911048682979e-05    9.535439882234232e-06
5982.122982909223    1.1114814147700393e-05    8.046311727531345e-06    1.0471839323674591e-05    9.87765506630211e-06
5982.222982909222    1.1569889932644055e-05    8.312323647891935e-06    1.0969191172610988e-05    1.0283801584382326e-05
5982.3229829092215    1.2070862315608157e-05    8.605830795870428e-06    1.1527413239563379e-05    1.0734702117013986e-05
5982.422982909221    1.2622585572563443e-05    8.92983329024363e-06    1.215608077650256e-05    1.1236166546436543e-05
5982.52298290922    1.3229750280519575e-05    9.287283461117164e-06    1.2865957828438301e-05    1.1794330523358348e-05
5982.62298290922    1.3901005475462758e-05    9.682997398483288e-06    1.3672883333354173e-05    1.2418962069100072e-05
5982.722982909219    1.4641411962400678e-05    1.0119450525646712e-05    1.4591977033256039e-05    1.311761317376781e-05
5982.822982909219    1.5459687856337646e-05    1.060292549160865e-05    1.5645613539147134e-05    1.3902742295697809e-05
5982.922982909218    1.6382269979244825e-05    1.1151479544550984e-05    1.687424215899431e-05    1.4802663894263372e-05
5983.022982909218    1.7418904840151466e-05    1.1771950909492115e-05    1.8310524217824337e-05    1.5833793322489307e-05
5983.122982909217    1.858916831103144e-05    1.2476612020416794e-05    2.0001444571600525e-05    1.7022408301016255e-05
5983.222982909217    1.991602781088977e-05    1.3283077752325201e-05    2.200333061232495e-05    1.8400812058513308e-05
5983.322982909216    2.1439262313725455e-05    1.4214263817220843e-05    2.4389350409003534e-05    2.0014292179983277e-05
5983.4229829092155    2.3186833497521854e-05    1.5289697384090365e-05    2.7224169703602227e-05    2.1900233528404812e-05
5983.522982909215    2.522386122027702e-05    1.6554604481930102e-05    3.058665517415591e-05    2.412170695878768e-05
5983.622982909214    2.7543646107016756e-05    1.7987055529775364e-05    3.4457126657691034e-05    2.6662609431494388e-05
5983.722982909214    3.0226825165681683e-05    1.9623187479586348e-05    3.882421515022675e-05    2.955807593183159e-05
5983.822982909213    3.329258537335112e-05    2.1446485593424633e-05    4.354833661091826e-05    3.276246919256467e-05
5983.922982909213    3.676271266097018e-05    2.3429744297268385e-05    4.841359533575207e-05    3.620201743133022e-05
5984.022982909212    4.0659330049597805e-05    2.553852520615879e-05    5.3168653574848284e-05    3.97888362768683e-05
5984.122982909212    4.4994066698175855e-05    2.7723891260072047e-05    5.756752830911927e-05    4.342849542245572e-05
5984.222982909211    4.9786708690728295e-05    2.9941736553023224e-05    6.143737735155079e-05    4.705527419843411e-05
5984.322982909211    5.5073984799287426e-05    3.216127302802172e-05    6.471079534508238e-05    5.064868439079718e-05
5984.42298290921    6.089666853875726e-05    3.435581415502404e-05    6.74052701715739e-05    5.42192509551184e-05
5984.5229829092095    6.730262354223209e-05    3.650860100106163e-05    6.960116332002282e-05    5.780412928777218e-05
5984.622982909209    7.434446087059548e-05    3.8615999757083335e-05    7.141063960235428e-05    6.145703341001104e-05
5984.722982909208    8.204283310792836e-05    4.06821057501021e-05    7.294028436059489e-05    6.522174107287511e-05
5984.822982909208    9.036926263135143e-05    4.271292364413452e-05    7.427901944677026e-05    6.912040190741874e-05
5984.922982909207    9.922215096478732e-05    4.47198539271382e-05    7.549277796887402e-05    7.314492762026652e-05
5985.022982909207    0.00010840486004148134    4.67141726091499e-05    7.662208168395237e-05    7.724703811152786e-05
5985.122982909206    0.000117637545051351    4.870307028813684e-05    7.768763145200182e-05    8.134274893049655e-05
5985.222982909206    0.0001265638714515568    5.066969582613982e-05    7.867660476806456e-05    8.530339068192039e-05
5985.322982909205    0.00013518979920184093    5.278958655999485e-05    7.968481044604636e-05    8.922139873596073e-05
5985.422982909205    0.00014265938486286676    5.4947770315939e-05    8.066010169906863e-05    9.275575229262479e-05
5985.522982909204    0.0001489989405539459    5.7119260955926294e-05    8.156115314213953e-05    9.589311821733724e-05
5985.6229829092035    0.00015417764458500738    5.933844900186056e-05    8.240221938318915e-05    9.863943765668572e-05
5985.722982909203    0.00015826165731602562    6.161849508678115e-05    8.31917135392317e-05    0.00010102395531401283
5985.822982909202    0.00016138796225695763    6.396512051371636e-05    8.393802000627372e-05    0.00010309703425898255
5985.922982909202    0.00016372109210770826    6.63743765106335e-05    8.464663004930396e-05    0.00010491403288921523
5986.022982909201    0.00016543018201832125    6.884686577857139e-05    8.533567870032318e-05    0.00010653757549907194
5986.122982909201    0.00016665675896878403    7.137817034749058e-05    8.602301955031861e-05    0.00010801931628886441
5986.2229829092    0.00016750324056915314    7.396284538341417e-05    8.672938855229332e-05    0.00010939849150162022
5986.3229829092    0.00016802879080947422    7.659007646837159e-05    8.747279922025627e-05    0.00011069722216603402
5986.422982909199    0.00016825319434977346    7.924697989231775e-05    8.826944279719575e-05    0.00011192320567976232
5986.522982909199    0.00016817074063008323    8.192234806429912e-05    8.913642280912476e-05    0.00011307650383450236
5986.622982909198    0.0001677534144604251    8.460175328427067e-05    9.008500365903374e-05    0.00011414672380124316
5986.7229829091975    0.00016696561812080962    8.727143258825628e-05    9.112393452793227e-05    0.00011512032841233274
5986.822982909197    0.00016577127548122745    8.991499850428313e-05    9.225547234083709e-05    0.00011598058210878256
5986.922982909196    0.00016414807935168297    9.252018383729889e-05    9.348035352473002e-05    0.00011671620557123729
5987.022982909196    0.00016208743262213654    9.507212354735408e-05    9.479255337163947e-05    0.00011731736984704336
5987.122982909195    0.0001596117200125894    9.756229763839547e-05    9.618766784854083e-05    0.00011778722849984191
5987.222982909195    0.0001567671053330011    9.998887040643992e-05    9.766149115844509e-05    0.00011813915563262872
5987.322982909194    0.00015362084814331934    0.0001023495975675094    9.920610079137042e-05    0.00011839218216739972
5987.422982909194    0.00015025515566358146    0.00010464208627756054    0.00010080823301829516    0.0001185684916531457
5987.522982909193    0.00014677041884370812    0.00010687535804762356    0.0001024623906082398    0.00011870272249985716
5987.622982909193    0.0001432713382337552    0.00010906185035765345    0.000104162907438175    0.00011883203200986122
5987.722982909192    0.0001398615434536904    0.00011121714428766732    0.00010590546686811403    0.00011899471820315726
5987.8229829091915    0.0001366379225034889    0.00011336091066767981    0.00010768717705807166    0.00011922867007641345
5987.922982909191    0.00013368657574322108    0.00011551504329764899    0.00010950748679801332    0.00011956970194629446
5988.02298290919    0.00013108361337284085    0.00011770753539760712    0.00011136997517796729    0.0001200537079828051
5988.12298290919    0.00012888370701242096    0.00011995903710752225    0.00011327243094790637    0.00012070505835594985
5988.222982909189    0.00012714156479193305    0.00012230638572739542    0.00011522754766783063    0.0001215584993957197
5988.322982909189    0.00012589392370138437    0.00012478058094725467    0.00011724436752776216    0.00012263962405880042
5988.422982909188    0.0001251682600308118    0.00012741568143705216    0.00011933439621766193    0.0001239727792285086
5988.522982909188    0.00012497531188021584    0.00013023905424684157    0.0001215036496575733    0.00012557267192821024
5988.622982909187    0.00012532217177960882    0.00013328232719656788    0.00012376301113745195    0.00012745583670454287
5988.722982909187    0.00012621517108898477    0.00013658462545624572    0.00012613071355730823    0.0001296435033675129
5988.822982909186    0.00012764792729837114    0.0001401788032959139    0.00012861950778717056    0.00013214874612715188
5988.9229829091855    0.0001296090595077526    0.0001440922019555154    0.00013123969666699735    0.00013498031937675512
5989.022982909185    0.0001320887966771583    0.00014836323868510555    0.00013401015111682516    0.00013815406215969634
5989.122982909184    0.00013507412674655179    0.00015302719982461285    0.00013695030394660396    0.0001416838768392562
5989.222982909184    0.00013853900222596637    0.0001581109884040817    0.00014007020174636796    0.00014557339745880534
5989.322982909183    0.00014247644043541622    0.00016366401636353542    0.00014340456245611827    0.00014984833975168998
5989.422982909183    0.00014684674900487254    0.0001696987963329197    0.00014695615890583308    0.00015450056808120845
5989.522982909182    0.00015163188126438585    0.00017625761576230486    0.00015075545191554248    0.00015954831631407774
5989.622982909182    0.0001568051521138834    0.00018337136983158912    0.00015482811282518472    0.00016500154492355242
5989.722982909181    0.00016232914224341852    0.00019106133782083786    0.00015919239748480023    0.0001708609591830189
5989.822982909181    0.00016817046150304044    0.00019935486791011878    0.00016387581299441998    0.00017713371413585974
5989.92298290918    0.00017430483717263549    0.00020829151134927126    0.00016892041391394378    0.00018383892081195018
5990.0229829091795    0.00018067286750235497    0.00021786861885850236    0.00017433681239349745    0.00019095943291811828
5990.122982909179    0.00018723709703205972    0.0002281046703476182    0.00018016014500295594    0.00019850063746087795
5990.222982909178    0.00019395110720181748    0.00023900546836671494    0.00018642116679236956    0.000206459247453634
5990.322982909178    0.00020075574548170702    0.00025055615407592295    0.000193139672791812    0.00021481719078314732
5990.422982909177    0.00020760618431158893    0.0002627390811850416    0.00020034916909114807    0.00022356481152925953
5990.522982909177    0.00021445758463158773    0.000275527617704298    0.0002080813520905063    0.00023268885147546402
5990.622982909176    0.00022126214239158337    0.00028886561390350206    0.00021636348255975573    0.00024216374628494705
5990.722982909176    0.00022797840276163146    0.00030266717021280317    0.00022521747726896786    0.0002519543500811342
5990.822982909175    0.0002345943159317565    0.00031684861183232986    0.00023468615325820196    0.00026204302700742944
5990.922982909175    0.00024108399228185478    0.0003312565041319166    0.0002447830837373273    0.00027237452671703287
5991.022982909174    0.00024746784727198756    0.00034574247019181865    0.0002555504153764859    0.0002829202442800974
5991.1229829091735    0.00025375091118205696    0.000360073253081883    0.0002669917853855358    0.0002936053165498253
5991.222982909173    0.00025999185892205343    0.0003740169433422456    0.0002791364424545363    0.00030438174823961176
5991.322982909172    0.0002662531259920276    0.0003872923126630966    0.0002919916210136316    0.00031517901988958527
5991.422982909172    0.0002726010222018595    0.00039956110453426665    0.0003055287842926401    0.0003258969703429221
5991.522982909171    0.00027912819846162963    0.0004104913235959832    0.00031970533067182016    0.00033644161757647763
5991.622982909171    0.00028593040761121507    0.00041974833033804474    0.00033443658038097485    0.0003467051061100782
5991.72298290917    0.00029309217922068555    0.0004270178272105454    0.0003495711864403163    0.00035656039762384906
5991.82298290917    0.0003006830257901275    0.00043204394765346314    0.00036488245345008653    0.0003658698089645591
5991.922982909169    0.0003087205350994735    0.00043463867889660175    0.0003800270182801656    0.00037446207742541357
5992.022982909169    0.0003171856459989135    0.00043473598497987257    0.0003945638955209615    0.00038216184216658257
5992.122982909168    0.00032596482930842227    0.00043236676651312446    0.0004079190223623877    0.0003887502060613115
5992.2229829091675    0.0003348503019582013    0.00042767294050623277    0.0004194282645447173    0.00039398383566971717
5992.322982909167    0.0003435225257684845    0.00042088542162901286    0.0004283920490380973    0.0003975999988118649
5992.422982909166    0.00035156670426924523    0.00041231509008145815    0.0004342003190722346    0.0003993607044743126
5992.522982909166    0.0003584609044907828    0.00040227051434342916    0.0004364042145370535    0.0003990452111237552
5992.622982909165    0.0003636528208530114    0.0003910707600650755    0.00043486107372207714    0.000396528218213388
5992.722982909165    0.0003666365672359566    0.0003790212350263289    0.0004297906424268712    0.0003918161482297189
5992.822982909164    0.0003670143144694881    0.0003663802529371304    0.0004217217526309346    0.00038503877334585104
5992.922982909164    0.0003646067672432845    0.0003533932829977174    0.0004114211441940525    0.00037647373147835147
5993.022982909163    0.0003594519559470324    0.0003402602700079166    0.0003997004003759899    0.0003664708754436463
5993.122982909163    0.00035183975100045416    0.00032717729636796733    0.0003873156182670085    0.0003554442218784767
5993.222982909162    0.00034221515014330533    0.00031430107322780046    0.0003748141905872824    0.00034377680465279606
5993.3229829091615    0.0003311273513453281    0.00030177756448731294    0.0003625224431069925    0.00033180911964654443
5993.422982909161    0.0003191322332066915    0.0002897186276867804    0.0003505360516666794    0.0003197956375200505
5993.52298290916    0.00030675196493722747    0.00027821621372600594    0.0003387900525763449    0.00030791941041319283
5993.62298290916    0.0002944000784873003    0.0002672963205852946    0.0003270944496163811    0.0002962636162296587
5993.722982909159    0.00028240332127691206    0.0002569526975645816    0.0003152481794266999    0.00028486806608939787
5993.822982909159    0.00027098753186609304    0.00024712805084384996    0.0003031029155971214    0.0002737394994356881
5993.922982909158    0.0002602828649151879    0.00023772563123334027    0.0002906126717677213    0.00026287372263874984
5994.022982909158    0.0002503016940941614    0.0002286043462529414    0.00027783703218812626    0.00025224769084507633
5994.122982909157    0.00024097170688332234    0.0002196426869327964    0.0002649660837683785    0.0002418601591948324
5994.222982909157    0.00023209888965275023    0.00021072192986281915    0.0002522499679782731    0.00023169026249794748
5994.322982909156    0.0002234249993324644    0.0002017827121728457    0.00023997902623763335    0.00022172891258098114
5994.4229829091555    0.0002146588585726767    0.0001928011595729882    0.00022841148894672778    0.00021195716903079755
5994.522982909155    0.00020556930583314438    0.00018379742207302025    0.0002177409175254307    0.00020236921514386514
5994.622982909154    0.00019605588940384386    0.00017482001301306386    0.00020807565919406481    0.00019298385387032417
5994.722982909154    0.00018620771557442055    0.00016596997165295902    0.00019946648745260628    0.00018388139155999525
5994.822982909153    0.00017622295448462054    0.00015734921265262325    0.000191870989971122    0.00017514771903612194
5994.922982909153    0.00016635926105453298    0.00014907730702218768    0.00018519235168984019    0.0001668763065888536
5995.022982909152    0.00015685290186400648    0.00014126962288150372    0.00017928399442870529    0.00015913550639140518
5995.122982909152    0.00014789047793328658    0.0001340394788907185    0.00017397622057786866    0.0001519687258006246
5995.222982909151    0.0001395687246924125    0.00012745328873982377    0.0001690641446073267    0.0001453620526798543
5995.322982909151    0.00013193733243138276    0.00012155960071879087    0.00016435175661702885    0.0001392828965890675
5995.42298290915    0.0001249974934004144    0.00011636729501779191    0.00015965267167705177    0.00013367248669841935
5995.5229829091495    0.00011871725217942455    0.00011184939918677986    0.00015480746043727104    0.00012845803726782516
5995.622982909149    0.00011307150989852373    0.0001079768062858467    0.00014972756334766943    0.0001235919598440133
5995.722982909148    0.00010801038519768712    0.00010468684661499697    0.00014436619961814313    0.00011902114381027574
5995.822982909148    0.00010349676989685554    0.0001019235238841971    0.00013875263211852619    0.00011472430863319294
5995.922982909147    9.948589707312841e-05    9.9621743606517e-05    0.0001329599894888509    0.00011068921005616544
5996.022982909147    9.591698848745311e-05    9.770205866993319e-05    0.00012708129780898233    0.00010690011498878955
5996.122982909146    9.274951367386855e-05    9.610958251744771e-05    0.00012124444600897152    0.00010336784740009594
5996.222982909146    8.992587755636574e-05    9.47757469250623e-05    0.00011555556030879582    0.00010008572826340795
5996.322982909145    8.738733733592495e-05    9.363380371776562e-05    0.00011009983533843532    9.704032546404195e-05
5996.422982909145    8.509364249156724e-05    9.263546438855266e-05    0.0001049519953380061    9.422703407270866e-05
5996.522982909144    8.298658757727698e-05    9.171319260843435e-05    0.00010013943494748467    9.161307171106531e-05
5996.6229829091435    8.102020029107609e-05    9.080870403441493e-05    9.567051718899086e-05    8.916647383816062e-05
5996.722982909143    7.914414849995182e-05    8.985500174950058e-05    9.152430439052376e-05    8.684115154665872e-05
5996.822982909142    7.733092559885297e-05    8.88010607336583e-05    8.768068149904765e-05    8.460422261051964e-05
5996.922982909142    7.55257682628567e-05    8.756358785195833e-05    8.407432649770713e-05    8.238789420417404e-05
5997.022982909141    7.369585240089587e-05    8.607586825935434e-05    8.06432857644297e-05    8.01383354748933e-05
5997.122982909141    7.182784040997316e-05    8.429118067984054e-05    7.733106942827178e-05    7.781669683936182e-05
5997.22298290914    6.989323099309675e-05    8.215661042041684e-05    7.405534503724348e-05    7.536839548358569e-05
5997.32298290914    6.788472952421502e-05    7.966151952899392e-05    7.075404611228442e-05    7.276676505516446e-05
5997.422982909139    6.57789425563899e-05    7.681003678159034e-05    6.736740599445182e-05    6.998546177747736e-05
5997.522982909139    6.350621452665866e-05    7.359408082017706e-05    6.38292811816957e-05    6.697652550951049e-05
5997.622982909138    6.096905595510741e-05    7.000285993681383e-05    6.010061653403634e-05    6.369084414198587e-05
5997.7229829091375    5.8020006821801035e-05    6.597933583755027e-05    5.614037343744725e-05    6.004657203226619e-05
5997.822982909137    5.453573949367237e-05    6.146981363934148e-05    5.1948665164824084e-05    5.5984739432612645e-05
5997.922982909136    5.050931980059161e-05    5.6503184113130826e-05    4.76030883041141e-05    5.153853073927885e-05
5998.022982909136    4.607019276826725e-05    5.1204890314673784e-05    4.323157045415657e-05    4.683555117903254e-05
5998.122982909135    4.1518456571493e-05    4.5961159208632154e-05    3.900974279694991e-05    4.216311952569169e-05
5998.222982909135    3.714181526824457e-05    4.097172584525891e-05    3.5131393734419756e-05    3.774831161597442e-05
5998.322982909134    3.3181820401554904e-05    3.648875300742058e-05    3.16934253476908e-05    3.378799958555542e-05
5998.422982909134    2.9739511397729293e-05    3.2607459195459924e-05    2.872106647994712e-05    3.0356012357712115e-05
5998.522982909133    2.6812506552871636e-05    2.93154748654791e-05    2.6183078277224163e-05    2.7437019898524968e-05
5998.622982909133    2.434488361912949e-05    2.6545234991635912e-05    2.4022219211616132e-05    2.497077927412718e-05
5998.722982909132    2.226420833550087e-05    2.421310142792397e-05    2.2176563963105436e-05    2.2884624575510092e-05
5998.8229829091315    2.0500713780967194e-05    2.2239574652320586e-05    2.058985357066974e-05    2.111004733465251e-05
5998.922982909131    1.8994501076548e-05    2.055674669984677e-05    1.921483117032607e-05    1.958869298224028e-05
5999.02298290913    1.7696772721195317e-05    1.910940495744841e-05    1.8013232417032697e-05    1.8273136698558807e-05
5999.12298290913    1.656870365391857e-05    1.785364523913574e-05    1.6954553718800555e-05    1.712563420395162e-05
5999.222982909129    1.55796702776911e-05    1.6754833952878802e-05    1.6014580172607215e-05    1.6116361467725705e-05
5999.322982909129    1.4705530694494647e-05    1.5785656630657148e-05    1.5174049088437183e-05    1.5221745471196324e-05
5999.422982909128    1.3927176746337947e-05    1.492448299248031e-05    1.4417552493300375e-05    1.4423070744039545e-05
5999.522982909128    1.3229386555199462e-05    1.4154073631324293e-05    1.3732675285177265e-05    1.3705378490567006e-05
5999.622982909127    1.259994013808771e-05    1.346058356319838e-05    1.3109331966077161e-05    1.305661855578775e-05
5999.722982909127    1.2028945820991894e-05    1.283280298509054e-05    1.2539260099990292e-05    1.2467002968690909e-05
5999.822982909126    1.1508328914904382e-05    1.226158046399229e-05    1.201563380190961e-05    1.1928514393602093e-05
5999.9229829091255    1.1031442957832752e-05    1.1739383942911874e-05    1.1532767876843195e-05    1.1434531592529274e-05
6000.022982909125    1.0592772874766019e-05    1.1259965163837175e-05    1.1085890165780351e-05    1.0979542734794514e-05
6000.122982909124    1.0187706949711022e-05    1.0818101588775614e-05    1.0670965191728328e-05    1.055892457673832e-05
6000.222982909124    9.812360471862268e-06    1.0409396582721127e-05    1.0284556567681787e-05    1.0168771207421729e-05
6000.322982909123    9.463438335015646e-06    1.0030123564669197e-05    9.923718823336669e-06    9.80576024100717e-06
6000.422982909123    9.138127187576944e-06    9.677103557926087e-06    9.585911720499106e-06    9.467047488667378e-06
6000.522982909122    8.834010142639357e-06    9.347608275484364e-06    9.268931859762169e-06    9.150183425961962e-06
6000.622982909122    8.548998832808064e-06    9.039282850549624e-06    8.970857699031351e-06    8.853046460796346e-06
6000.722982909121    8.281278894379675e-06    8.75008380241816e-06    8.690005031903205e-06    8.573789242900346e-06
6000.822982909121    8.029265922051534e-06    8.478228891887083e-06    8.424890693475006e-06    8.310795169137875e-06
6000.92298290912    7.791569647628043e-06    8.222156322361135e-06    8.174202777751438e-06    8.062642915913539e-06
6001.0229829091195    7.566964618004468e-06    7.98049133633519e-06    7.936776045427559e-06    7.828077333255737e-06
6001.122982909119    7.354366048684781e-06    7.752018702413512e-06    7.711571497507595e-06    7.6059854162019624e-06
6001.222982909118    7.152809820366629e-06    7.535659923793555e-06    7.497659311389104e-06    7.395376351849763e-06
6001.322982909118    6.961435816848107e-06    7.3304542545732675e-06    7.294204508570082e-06    7.195364859997153e-06
6001.422982909117    6.779473970232641e-06    7.135542804556315e-06    7.100454856054191e-06    7.005157210281049e-06
6001.522982909117    6.606232515416699e-06    6.950155163438904e-06    6.915730601437692e-06    6.824039426764432e-06
6001.622982909116    6.4410880551034e-06    6.773598092324367e-06    6.739415724723923e-06    6.65136729071723e-06
6001.722982909116    6.283477117090993e-06    6.605245918010825e-06    6.570950448311033e-06    6.4865578278042835e-06
6001.822982909115    6.1328889486780265e-06    6.444532339296722e-06    6.409824798097482e-06    6.329082028690743e-06
6001.922982909115    5.988859339967228e-06    6.290943407984964e-06    6.255573044986194e-06    6.1784585976461284e-06
6002.022982909114    5.850965308355845e-06    6.144011492772613e-06    6.107768888574231e-06    6.03424856323423e-06
6002.1229829091135    5.718820506346379e-06    6.003310068462333e-06    5.966021268564284e-06    5.896050614457665e-06
6002.222982909113    5.592071239137472e-06    5.86844920105267e-06    5.829970709354899e-06    5.763497049848347e-06
6002.322982909112    5.4703929996279715e-06    5.739071622442396e-06    5.699286118644845e-06    5.636250246905071e-06
6002.422982909112    5.353487442620093e-06    5.614849306633868e-06    5.573661976036507e-06    5.5139995750968225e-06
6002.522982909111    5.241079734611625e-06    5.495480473124731e-06    5.452815855027512e-06    5.396458687587956e-06
6002.622982909111    5.132916225004618e-06    5.380686956617161e-06    5.3364862340200665e-06    5.283363138547282e-06
6002.72298290911    5.02876239359798e-06    5.270211891509995e-06    5.224430556413e-06    5.174468280506992e-06
6002.82298290911    4.928401036990771e-06    5.163817667702239e-06    5.116423506305305e-06    5.069547403666105e-06
6002.922982909109    4.831630661184825e-06    5.061284120595833e-06    5.012255473598955e-06    4.9683900851265375e-06
6003.022982909109    4.738264053278324e-06    4.962406924988849e-06    4.9117311824919954e-06    4.870800720253056e-06
