7685.5056150438    1.1736440638e-05    1.1857675793e-05    1.1758840859e-05    1.1784319096666666e-05
7685.6056150338    1.1192211078422386e-05    1.1315022990264712e-05    1.1214925212390994e-05    1.1240719760359363e-05
7685.7056150237995    1.0664745750024457e-05    1.0789195126695314e-05    1.0687783928959322e-05    1.07139082685597e-05
7685.805615013799    1.0148430409897674e-05    1.0274593549383536e-05    1.017180573279653e-05    1.0198276564025914e-05
7685.905615003799    9.651883080622647e-06    9.779874202789601e-06    9.675618600578203e-06    9.702458627996818e-06
7686.005614993798    9.176195234254407e-06    9.306140310477387e-06    9.200311760263896e-06    9.22754910166523e-06
7686.105614983798    8.726644764939714e-06    8.858689637779792e-06    8.75116894929511e-06    8.778834450671538e-06
7686.205614973797    8.303742577866893e-06    8.438058911474533e-06    8.32870672005847e-06    8.356836069799966e-06
7686.305614963797    7.90697455852551e-06    8.04375163165685e-06    7.932412415246527e-06    7.96104620180963e-06
7686.405614953796    7.5337675344731305e-06    7.673200312480244e-06    7.559715844313193e-06    7.588894563755522e-06
7686.505614943796    7.186868952713855e-06    7.329188888926568e-06    7.213370886360206e-06    7.243142909333543e-06
7686.605614933796    6.864188760062076e-06    7.009635989121919e-06    6.891287852105176e-06    6.921704200429723e-06
7686.705614923795    6.565835153938025e-06    6.714670945968186e-06    6.5935834009583566e-06    6.62469650028819e-06
7686.805614913795    6.29168588690773e-06    6.444194000633528e-06    6.3201389725914045e-06    6.352006286710887e-06
7686.905614903794    6.036412896452368e-06    6.1928982274800534e-06    6.0656298919820865e-06    6.098313671971503e-06
7687.005614893794    5.799401264433086e-06    5.960192528073901e-06    5.829446017491395e-06    5.86301326999946e-06
7687.105614883793    5.5836677534876096e-06    5.7491251452215e-06    5.614612618747371e-06    5.649135172485492e-06
7687.205614873793    5.386848212504471e-06    5.557349622624223e-06    5.418769489443522e-06    5.454322441524073e-06
7687.3056148637925    5.20414854507253e-06    5.380114942135157e-06    5.237133250458281e-06    5.273798912555323e-06
7687.405614853792    5.034851308247644e-06    5.216736284095947e-06    5.068994648144986e-06    5.1068607468295255e-06
7687.505614843792    4.882147487421045e-06    5.070445583994237e-06    4.9175523088979705e-06    4.956715126771084e-06
7687.605614833791    4.74403121325615e-06    4.939290899236203e-06    4.780813478463397e-06    4.8213785303185834e-06
7687.705614823791    4.614870778394428e-06    4.8176943982454836e-06    4.653163804469098e-06    4.695242993703003e-06
7687.80561481379    4.498550575647352e-06    4.7095997717277486e-06    4.538500097437255e-06    4.582216814937451e-06
7687.90561480379    4.396712158224412e-06    4.616718270117934e-06    4.438480326957653e-06    4.483970251766666e-06
7688.005614793789    4.303321894485903e-06    4.533093477571144e-06    4.347094425174777e-06    4.394503265743941e-06
7688.105614783789    4.218944327790828e-06    4.459393285328483e-06    4.2649314116327465e-06    4.3144230082506855e-06
7688.2056147737885    4.14491408326433e-06    4.397052908388614e-06    4.1933553700352375e-06    4.24510745389606e-06
7688.305614763788    4.08376896801333e-06    4.348740409280504e-06    4.134940472268401e-06    4.189149949854079e-06
7688.405614753788    4.032511233304999e-06    4.311600747346699e-06    4.086728829367904e-06    4.143613603339868e-06
7688.505614743787    3.9909946417551815e-06    4.285650352854519e-06    4.0486215041269285e-06    4.1084221662455435e-06
7688.605614733787    3.961325030679578e-06    4.273196696207845e-06    4.022782621303813e-06    4.085768116063745e-06
7688.705614723786    3.942318212843374e-06    4.273280894430345e-06    4.008099286703295e-06    4.0745661313256714e-06
7688.805614713786    3.936377171906118e-06    4.288574334329373e-06    4.007059710430601e-06    4.077337072222031e-06
7688.905614703785    3.947093286552735e-06    4.322993273135924e-06    4.023355871374171e-06    4.09781414368761e-06
7689.005614693785    3.969396005836903e-06    4.371842288420735e-06    4.052042618191811e-06    4.131093637483149e-06
7689.105614683785    4.00736981208828e-06    4.4396556144613926e-06    4.097351871379535e-06    4.181459099309736e-06
7689.205614673784    4.064811368799247e-06    4.530779037637159e-06    4.163267999433472e-06    4.2529528019566254e-06
7689.305614663784    4.145260630679587e-06    4.649393695644901e-06    4.253548846317969e-06    4.349401057547486e-06
7689.405614653783    4.252328644609213e-06    4.799914133893893e-06    4.372077489099342e-06    4.4747734225341486e-06
7689.505614643783    4.387856579663912e-06    4.985172946431533e-06    4.52101807321092e-06    4.631349199768788e-06
7689.605614633782    4.559259467017522e-06    5.2138068810600706e-06    4.708164712965338e-06    4.827077020347643e-06
7689.705614623782    4.769008700104255e-06    5.489838605539168e-06    4.936419602858541e-06    5.065088969500656e-06
7689.8056146137815    5.023868159157043e-06    5.82205039462772e-06    5.213012613498751e-06    5.352977055761171e-06
7689.905614603781    5.33459054495043e-06    6.223864403038557e-06    5.549147345505775e-06    5.702534097831588e-06
7690.005614593781    5.700976911620998e-06    6.6986873272261445e-06    5.944923110433393e-06    6.114862449760178e-06
7690.10561458378    6.1240975115605515e-06    7.252562685762392e-06    6.401390228759904e-06    6.5926834753609486e-06
7690.20561457378    6.594527104112616e-06    7.882836660950638e-06    6.908444208433761e-06    7.128602657832337e-06
7690.305614563779    7.090839924196444e-06    8.577075689109334e-06    7.442912457342554e-06    7.703609356882777e-06
7690.405614553779    7.57159852800011e-06    9.30435676583985e-06    7.9601903381114e-06    8.278715210650455e-06
7690.505614543778    7.972680581701997e-06    1.0009536405241378e-05    8.391621353820285e-06    8.791279446921221e-06
7690.605614533778    8.232208962051923e-06    1.063136488254045e-05    8.670319287083282e-06    9.17796437722522e-06
7690.7056145237775    8.299193145305103e-06    1.110010473598125e-05    8.741488677937283e-06    9.380262186407879e-06
7690.805614513777    8.158045113722264e-06    1.1354397747195374e-05    8.58861477977245e-06    9.367019213563363e-06
7690.905614503777    7.836816001139054e-06    1.1355233469493323e-05    8.242206824836281e-06    9.144752098489553e-06
7691.005614493776    7.391299020500847e-06    1.1093211483454416e-05    7.762677348212115e-06    8.749062617389125e-06
7691.105614483776    6.883520608583639e-06    1.059591738897426e-05    7.217049526249593e-06    8.232162507935831e-06
7691.205614473775    6.364802911739599e-06    9.924341671126601e-06    6.660612825185066e-06    7.649919136017089e-06
7691.305614463775    5.874663617728745e-06    9.161614918707695e-06    6.13535561822128e-06    7.057211384885906e-06
7691.405614453774    5.431991427220722e-06    8.381331494553592e-06    5.661373195990314e-06    6.491565372588209e-06
7691.505614443774    5.046319033720222e-06    7.639867639319717e-06    5.24850842170876e-06    5.978231698249566e-06
7691.605614433774    4.71717141688513e-06    6.96786039891871e-06    4.896103632359866e-06    5.527045149387902e-06
7691.705614423773    4.440649463785857e-06    6.377774951977266e-06    4.599860290783418e-06    5.139428235515513e-06
7691.805614413773    4.21494671168641e-06    5.873518611947999e-06    4.357494923565273e-06    4.8153200823998945e-06
7691.905614403772    4.033285590561746e-06    5.447881459019003e-06    4.161769656790161e-06    4.547645568790303e-06
7692.005614393772    3.888869403789536e-06    5.090420656252453e-06    4.005467088466224e-06    4.328252382836071e-06
7692.105614383771    3.781885603622026e-06    4.796506033517715e-06    3.888423316220636e-06    4.155604984453459e-06
7692.205614373771    3.705756517662027e-06    4.5544341149928165e-06    3.803761658441232e-06    4.021317430365358e-06
7692.3056143637705    3.6612269959123353e-06    4.360101782114543e-06    3.751983120807706e-06    3.924437299611528e-06
7692.40561435377    3.6502207286559906e-06    4.2109472773580206e-06    3.7348050234495974e-06    3.865324343154536e-06
7692.50561434377    3.666243072421313e-06    4.096466193815777e-06    3.7455794488635668e-06    3.836096238366885e-06
7692.605614333769    3.7119529662442174e-06    4.015789598826961e-06    3.7868349344718463e-06    3.838192499847675e-06
7692.705614323769    3.789739306934332e-06    3.968422938800589e-06    3.8608569333425114e-06    3.8730063930258114e-06
7692.805614313768    3.895699949152494e-06    3.948549905877948e-06    3.9636661173590976e-06    3.935971990796514e-06
7692.905614303768    4.028536326133602e-06    3.954502308742947e-06    4.093895443029202e-06    4.025644692635251e-06
7693.005614293767    4.177477211444203e-06    3.9774999034864805e-06    4.240719607822397e-06    4.131898907584361e-06
7693.105614283767    4.324168015001663e-06    4.004437892962174e-06    4.385725638606467e-06    4.238110515523435e-06
7693.2056142737665    4.44772004268541e-06    4.0231241765910936e-06    4.507937944903037e-06    4.3262607213931805e-06
7693.305614263766    4.522239359327188e-06    4.018428816426795e-06    4.581330655515081e-06    4.373999610423021e-06
7693.405614253766    4.52608566711335e-06    3.978160168078682e-06    4.584105843876632e-06    4.362783893022888e-06
7693.505614243765    4.453870491123938e-06    3.900938900376974e-06    4.510729618313912e-06    4.288513003271607e-06
7693.605614233765    4.3109318330579864e-06    3.7885418701577555e-06    4.3664608342324865e-06    4.155311512482743e-06
7693.705614223764    4.122385772337188e-06    3.656473875338503e-06    4.17642711893799e-06    3.9850955888712274e-06
7693.805614213764    3.910663020576363e-06    3.5154394826366597e-06    3.963137477482116e-06    3.7964133268983797e-06
7693.905614203763    3.697941847548755e-06    3.3774415019714965e-06    3.7488625828021404e-06    3.608081977440797e-06
7694.005614193763    3.498934966431193e-06    3.2502381233028835e-06    3.548394058257166e-06    3.4325223826637476e-06
7694.105614183763    3.3210587001008274e-06    3.137500614783652e-06    3.36919989073526e-06    3.27591973520658e-06
7694.205614173762    3.1674908645506185e-06    3.0409927741503962e-06    3.2144743499242424e-06    3.140985996208419e-06
7694.305614163762    3.0327886582292594e-06    2.955246902695493e-06    3.0787749922045593e-06    3.0222701843764372e-06
7694.405614153761    2.9211701189582567e-06    2.8851776949120644e-06    2.966309416298048e-06    2.92421907672279e-06
7694.505614143761    2.8256731170051628e-06    2.8247869824000207e-06    2.870104394278322e-06    2.8401881645611684e-06
7694.60561413376    2.7439861178828928e-06    2.7727645353241732e-06    2.7878329946011586e-06    2.7681945492694086e-06
7694.70561412376    2.678552716077823e-06    2.7324817493572165e-06    2.721926281532942e-06    2.7109869156559944e-06
7694.8056141137595    2.62239893055203e-06    2.6977605884203066e-06    2.6653987456280507e-06    2.6618527548667957e-06
7694.905614103759    2.575428133990974e-06    2.6691754652399636e-06    2.6181398159998242e-06    2.620914471743587e-06
7695.005614093759    2.5358704691532995e-06    2.6455198750612414e-06    2.5783736432344138e-06    2.5865879958163184e-06
7695.105614083758    2.5037055241962376e-06    2.6272479278178373e-06    2.546073225996821e-06    2.5590088926702987e-06
7695.205614073758    2.4769162942932402e-06    2.6127097384408255e-06    2.5192116405951857e-06    2.5362792244430836e-06
7695.305614063757    2.455255950980079e-06    2.601969409359427e-06    2.4975400292905044e-06    2.5182551298766705e-06
7695.405614053757    2.4374803269037803e-06    2.5940295049161626e-06    2.479805279399062e-06    2.5037717037396686e-06
7695.505614043756    2.4240119305029507e-06    2.589519726503945e-06    2.4664273219984254e-06    2.49331965966844e-06
7695.605614033756    2.4131384397267776e-06    2.5869031663282172e-06    2.455694452206439e-06    2.4852453527538116e-06
7695.7056140237555    2.4037960372058795e-06    2.585260264059882e-06    2.446538812600622e-06    2.4785317046221282e-06
7695.805614013755    2.3983819862667314e-06    2.587092647525266e-06    2.441352221523789e-06    2.475608951771929e-06
7695.905614003755    2.3962905007541372e-06    2.591893065068353e-06    2.4395279711744986e-06    2.475903845665663e-06
7696.005613993754    2.394921583275558e-06    2.5971566164249573e-06    2.438468627824572e-06    2.4768489425083625e-06
7696.105613983754    2.397922466788762e-06    2.6066018711754708e-06    2.441819002183993e-06    2.482114446716075e-06
7696.205613973753    2.404711210750027e-06    2.619696395068926e-06    2.448993470222209e-06    2.4911336920137207e-06
7696.305613963753    2.4096423566415263e-06    2.6308520233142075e-06    2.454347116878316e-06    2.498280498944683e-06
7696.405613953752    2.416431628886683e-06    2.6438320637981667e-06    2.461594770989639e-06    2.507286154558163e-06
7696.505613943752    2.4281407555816226e-06    2.6617424091590045e-06    2.473799035834363e-06    2.521227400191663e-06
7696.605613933752    2.438463039317824e-06    2.67830437845429e-06    2.484652339723239e-06    2.533806585831785e-06
7696.705613923751    2.4504133513384673e-06    2.6965723872708244e-06    2.497171714464111e-06    2.5480524843578005e-06
7696.805613913751    2.4654996073175034e-06    2.7180841376062484e-06    2.5128595917188834e-06    2.565481112214212e-06
7696.90561390375    2.482606458555984e-06    2.741745126928966e-06    2.5306015896143552e-06    2.5849843916997683e-06
7697.00561389375    2.5010755494774333e-06    2.7669493038137674e-06    2.5497502353615223e-06    2.6059250295509076e-06
7697.105613883749    2.5191803220755248e-06    2.7919762002753604e-06    2.5685686526968803e-06    2.6265750583492553e-06
7697.205613873749    2.538826925004781e-06    2.8187518271843756e-06    2.58896272605824e-06    2.6488471594157988e-06
7697.3056138637485    2.5614613922786168e-06    2.848777105655823e-06    2.6123915177043805e-06    2.6742100052129398e-06
7697.405613853748    2.5856620340753205e-06    2.8806384223015965e-06    2.6374241875729154e-06    2.7012415479832775e-06
7697.505613843748    2.6095105795810258e-06    2.91242358172948e-06    2.6621380769955707e-06    2.7280240794353594e-06
7697.605613833747    2.634783680081931e-06    2.9459858298788153e-06    2.688328737878958e-06    2.7563660826132345e-06
7697.705613823747    2.6621434396685847e-06    2.9819722941094825e-06    2.7166451039965095e-06    2.786920279258192e-06
7697.805613813746    2.6933276236860785e-06    3.0221743062528866e-06    2.7488320161509755e-06    2.821444648696647e-06
7697.905613803746    2.7258029896551367e-06    3.0640914338626537e-06    2.7823574230330017e-06    2.857417282183597e-06
7698.005613793745    2.758609076672958e-06    3.1067832460859853e-06    2.816262685331554e-06    2.8938850026968324e-06
7698.105613783745    2.7923388624859975e-06    3.1508825972236934e-06    2.8511383435473675e-06    2.9314532677523527e-06
7698.2056137737445    2.8281702165856194e-06    3.1976022228875168e-06    2.888168818854902e-06    2.9713137527760128e-06
7698.305613763744    2.867533625886475e-06    3.2484235947066156e-06    2.9287863334319653e-06    3.014914518008352e-06
7698.405613753744    2.9072894183879695e-06    3.3002585104482655e-06    2.9698539490633876e-06    3.0591339592998743e-06
7698.505613743743    2.948806225815874e-06    3.3545056386015625e-06    3.012739020826275e-06    3.105350295081237e-06
7698.605613733743    2.992475460307675e-06    3.4116153936290443e-06    3.0578379940772686e-06    3.1539762826713295e-06
7698.705613723742    3.038841566293645e-06    3.4722236576745077e-06    3.105705986966351e-06    3.2055904036448346e-06
7698.805613713742    3.0891458373730413e-06    3.537608023383815e-06    3.1575808120821795e-06    3.261444890946345e-06
7698.905613703741    3.139591461848516e-06    3.6040691169156364e-06    3.2096730382814248e-06    3.3177778723485253e-06
7699.005613693741    3.1923582521637098e-06    3.6738419749544794e-06    3.264164358579789e-06    3.3767881952326593e-06
7699.105613683741    3.246160082362949e-06    3.7457018925620365e-06    3.3197628061278723e-06    3.4372082603509522e-06
7699.20561367374    3.3048189611784412e-06    3.823601774845635e-06    3.380307073545579e-06    3.502909269856552e-06
7699.30561366374    3.368522672185802e-06    3.907852725700735e-06    3.4459847071424915e-06    3.574120035009676e-06
7699.405613653739    3.433825557484468e-06    3.995112973541513e-06    3.5133613562557943e-06    3.6474332957605917e-06
7699.505613643739    3.5018906026787164e-06    4.086698366355495e-06    3.58360537436955e-06    3.7240647811345873e-06
7699.605613633738    3.5728262793626763e-06    4.1828839831226184e-06    3.6568258483456056e-06    3.8041787036103002e-06
7699.705613623738    3.646213486881925e-06    4.28339863812772e-06    3.7326171930392473e-06    3.887409772682964e-06
7699.8056136137375    3.724505296798998e-06    4.39088117542378e-06    3.8134269872877108e-06    3.976271153170163e-06
7699.905613603737    3.807856805201227e-06    4.5057777808998704e-06    3.8994370703133856e-06    4.071023885471494e-06
7700.005613593737    3.895465307332169e-06    4.627451572729081e-06    3.989838444830912e-06    4.170918441630721e-06
7700.105613583736    3.98743528267873e-06    4.7563785102828794e-06    4.084756611333225e-06    4.276190134764945e-06
7700.205613573736    4.0825659107224275e-06    4.8916145454062205e-06    4.1829918256798624e-06    4.385724093936169e-06
7700.305613563735    4.185038294438478e-06    5.037814956090925e-06    4.288742713811179e-06    4.503865321446861e-06
7700.405613553735    4.292889249741215e-06    5.193342377182156e-06    4.400061312567551e-06    4.62876431316364e-06
7700.505613543734    4.4054162541068855e-06    5.358063606005769e-06    4.516249898677031e-06    4.759909919596561e-06
7700.605613533734    4.524242105549748e-06    5.53423406690711e-06    4.6389622637607745e-06    4.899146145405877e-06
7700.7056135237335    4.653037430893825e-06    5.726130855544954e-06    4.771864826056918e-06    5.050344370831899e-06
7700.805613513733    4.78912507243042e-06    5.93192302453336e-06    4.912321217581198e-06    5.211123104848326e-06
7700.905613503733    4.93267290592104e-06    6.152662612336897e-06    5.0605017154701825e-06    5.381945744576039e-06
7701.005613493732    5.085087746311205e-06    6.390828605321899e-06    5.21783499936698e-06    5.564583783666695e-06
7701.105613483732    5.249325312279034e-06    6.65081994765236e-06    5.387322982168868e-06    5.762489414033421e-06
7701.205613473731    5.424644822084533e-06    6.933393570310787e-06    5.56824723008058e-06    5.9754285408253e-06
7701.305613463731    5.609381978438413e-06    7.238564559077075e-06    5.758956752464847e-06    6.202301096660112e-06
7701.40561345373    5.805098940765231e-06    7.570330679748691e-06    5.961062568371507e-06    6.4454973962951425e-06
7701.50561344373    6.0180118750254565e-06    7.937404232987953e-06    6.180828706862379e-06    6.712081604958597e-06
7701.60561343373    6.248249679604689e-06    8.343006217812385e-06    6.4184077804049615e-06    7.00322122594068e-06
7701.705613423729    6.494964729289285e-06    8.790384736190766e-06    6.67301196027172e-06    7.319453808583924e-06
7701.805613413729    6.761181875399629e-06    9.28720417567957e-06    6.947739006373527e-06    7.66537501915091e-06
7701.905613403728    7.049508300544808e-06    9.84162550132128e-06    7.245242989016902e-06    8.04545893029433e-06
7702.005613393728    7.361376380031409e-06    1.0462330430278155e-05    7.567030660240803e-06    8.463579156850123e-06
7702.105613383727    7.700264892597084e-06    1.1161036777945646e-05    7.916649051873074e-06    8.9259835741386e-06
7702.205613373727    8.068142877991339e-06    1.1950746363454544e-05    8.29616888145209e-06    9.438352707632657e-06
7702.3056133637265    8.471521713726158e-06    1.2850521873180383e-05    8.71220654053569e-06    1.0011416709147409e-05
7702.405613353726    8.913922951537336e-06    1.3879998886008301e-05    9.168404336251151e-06    1.065410872459893e-05
7702.505613343726    9.39972640567863e-06    1.5063213168242343e-05    9.669327910709741e-06    1.1377422494876905e-05
7702.605613333725    9.93721785127891e-06    1.6430962450409785e-05    1.0223364341546863e-05    1.2197181547745186e-05
7702.705613323725    1.0532632391806693e-05    1.8016393379738304e-05    1.0836954964145665e-05    1.3128660245230222e-05
7702.805613313724    1.1190581493306573e-05    1.985431909558257e-05    1.1514938330678055e-05    1.4186612973189067e-05
7702.905613303724    1.192737298850451e-05    2.199094002893673e-05    1.2273854950487683e-05    1.5397389322642977e-05
7703.005613293723    1.2755566040126123e-05    2.4463470499232906e-05    1.3126577955807732e-05    1.678187149838892e-05
7703.105613283723    1.3688456907369597e-05    2.729323996276677e-05    1.4086748905218283e-05    1.8356148591784885e-05
7703.2056132737225    1.4740618828824936e-05    3.0465284904054532e-05    1.51693796364718e-05    2.012509445645042e-05
7703.305613263722    1.5934509794573353e-05    3.3906415640669604e-05    1.639738878920781e-05    2.2079438074816927e-05
7703.405613253722    1.729851327284729e-05    3.74463146034545e-05    1.7799792571411896e-05    2.4181540149237896e-05
7703.505613243721    1.88665805509099e-05    4.079560544481718e-05    1.9411192754838266e-05    2.6357792916855115e-05
7703.605613233721    2.0677362662329382e-05    4.356372026311702e-05    2.127119785035243e-05    2.8504093591932944e-05
7703.70561322372    2.2776721489793023e-05    4.53548708431552e-05    2.342669733192972e-05    3.051942988829265e-05
7703.80561321372    2.5219395126561038e-05    4.59200182201941e-05    2.5933817690067258e-05    3.23577436789408e-05
7703.905613203719    2.8075839013128282e-05    4.5278190226202096e-05    2.8864755831295914e-05    3.407292835687543e-05
7704.005613193719    3.142564747229165e-05    4.370701893483884e-05    3.23015414760515e-05    3.581140262772733e-05
7704.105613183719    3.5355643118747794e-05    4.162133124275397e-05    3.633403284213602e-05    3.7770335734545924e-05
7704.205613173718    3.995726805899034e-05    3.9425209758514116e-05    4.1058226061733066e-05    4.014690129307917e-05
7704.305613163718    4.5307487804856694e-05    3.7424998714543404e-05    4.655726325380831e-05    4.3096583257736144e-05
7704.405613153717    5.1445689637471254e-05    3.580981039087858e-05    5.2879630749390604e-05    4.671171025924681e-05
7704.505613143717    5.831242012323644e-05    3.467393224060071e-05    5.997769948336752e-05    5.098801728240155e-05
7704.605613133716    6.569458067598394e-05    3.406119879414464e-05    6.765281839191876e-05    5.5802865954015775e-05
7704.705613123716    7.3126423971877e-05    3.3985014304685977e-05    7.545051679075719e-05    6.0853985022440054e-05
7704.8056131137155    7.987067200283019e-05    3.444931877886706e-05    8.263293309034774e-05    6.5650974624015e-05
7704.905613103715    8.49740091694209e-05    3.546957492293285e-05    8.821744828165985e-05    6.955367745800453e-05
7705.005613093715    8.755710591876169e-05    3.7087736762607655e-05    9.126023785190467e-05    7.196836017775799e-05
7705.105613083714    8.709166293871315e-05    3.934470109105874e-05    9.113974755204313e-05    7.252537052727167e-05
7705.205613073714    8.376635630085451e-05    4.2335200255299065e-05    8.797275030593597e-05    7.135810228736318e-05
7705.305613063713    7.82196730005474e-05    4.594292394509728e-05    8.237290006043463e-05    6.88451656686931e-05
7705.405613053713    7.192431238677054e-05    5.019202305771088e-05    7.585466887737948e-05    6.599033477395363e-05
7705.505613043712    6.516623173251822e-05    5.546375891295266e-05    6.878473849613519e-05    6.313824304720201e-05
7705.605613033712    5.8362697164862455e-05    6.140675693228946e-05    6.16071831614085e-05    6.04588790861868e-05
7705.7056130237115    5.218422531355072e-05    6.794108997688684e-05    5.505794286577248e-05    5.8394419385403355e-05
7705.805613013711    4.684699004060922e-05    7.495505762501567e-05    4.937679554466219e-05    5.705961440342903e-05
7705.905613003711    4.232307756905637e-05    8.179206819309248e-05    4.454787271283001e-05    5.622100615832629e-05
7706.00561299371    3.856221746147513e-05    8.762801936930577e-05    4.0524271259155404e-05    5.5571502696645426e-05
7706.10561298371    3.548191087489107e-05    9.157512542390045e-05    3.722239296667255e-05    5.475980975515469e-05
7706.205612973709    3.299568735732555e-05    9.297764608522684e-05    3.455129477556901e-05    5.350820940604046e-05
7706.305612963709    3.102285291350411e-05    9.170897544292326e-05    3.242672065496499e-05    5.1719516337130784e-05
7706.405612953708    2.9495619601912273e-05    8.822618101104763e-05    3.077511776346318e-05    4.9498972792141036e-05
7706.505612943708    2.8353937523353765e-05    8.33535793576315e-05    2.9531342669493986e-05    4.7079619850159753e-05
7706.605612933708    2.7543350373802807e-05    7.794085717509894e-05    2.8639193460910193e-05    4.470780033660398e-05
7706.705612923707    2.70145132422436e-05    7.264589529737653e-05    2.8044335702001592e-05    4.2568248080540576e-05
7706.805612913707    2.6734875911702956e-05    6.787613500487399e-05    2.7712794574347756e-05    4.077460183030824e-05
7706.905612903706    2.666476307745518e-05    6.38004349235739e-05    2.760168062595361e-05    3.9355626208994224e-05
7707.005612893706    2.6776206775659792e-05    6.045421645388142e-05    2.7681223118593684e-05    3.8303882116044966e-05
7707.105612883705    2.703923903092064e-05    5.77835633289946e-05    2.7918726538390244e-05    3.758050963276849e-05
7707.205612873705    2.742101168073129e-05    5.570081175650627e-05    2.828102984625124e-05    3.7134284427829603e-05
7707.3056128637045    2.7801607649264595e-05    5.401530727010404e-05    2.8644505296524243e-05    3.682047340529763e-05
7707.405612853704    2.8635212609199133e-05    5.307028802642242e-05    2.947156309258982e-05    3.705902124273712e-05
7707.505612843704    2.966803294382145e-05    5.2651675478047284e-05    3.0504882255842843e-05    3.760819689257053e-05
7707.605612833703    3.068565488655828e-05    5.245473044876523e-05    3.1522382056258166e-05    3.822092246386056e-05
7707.705612823703    3.18470352469888e-05    5.251344070839069e-05    3.268296686865187e-05    3.901448094134379e-05
7707.805612813702    3.312486692077042e-05    5.2879498576033865e-05    3.396198096739902e-05    3.998878215473443e-05
7707.905612803702    3.4516474114180356e-05    5.347297142491681e-05    3.5356074758474976e-05    4.111517343252405e-05
7708.005612793701    3.5994412986386965e-05    5.421481590094632e-05    3.683735088429168e-05    4.2348859923874995e-05
7708.105612783701    3.758052781459109e-05    5.5114933745463614e-05    3.8427148018363466e-05    4.370753652613939e-05
7708.2056127737005    3.9282642952523356e-05    5.6161234390808195e-05    4.013303917580011e-05    4.5192305506377226e-05
7708.3056127637    4.110964714558845e-05    5.734427491024105e-05    4.1963902711587675e-05    4.680594158913905e-05
7708.4056127537    4.3068193171297366e-05    5.8654057673280374e-05    4.392592260873894e-05    4.854939115110557e-05
7708.505612743699    4.516762692271995e-05    6.008449182806911e-05    4.602829178819947e-05    5.042680351299617e-05
7708.605612733699    4.741625884299559e-05    6.162925350983391e-05    4.8278975121604286e-05    5.244149582481127e-05
7708.705612723698    4.982368274181356e-05    6.328474653415571e-05    5.068758523729139e-05    5.459867150442022e-05
7708.805612713698    5.239966354635119e-05    6.504861963913405e-05    5.3263446942127156e-05    5.690391004253746e-05
7708.905612703697    5.515354831441285e-05    6.691913498608817e-05    5.601597416418285e-05    5.936288582156129e-05
7709.005612693697    5.809538259479952e-05    6.889647780435785e-05    5.89550489856532e-05    6.19823031282702e-05
7709.105612683697    6.123331528829204e-05    7.097977619785836e-05    6.20889713399449e-05    6.476735427536509e-05
7709.205612673696    6.457436211024872e-05    7.316817266847251e-05    6.542468130774383e-05    6.772240536215502e-05
7709.305612663696    6.812371462104277e-05    7.54611738518291e-05    6.896771354947865e-05    7.085086734078352e-05
7709.405612653695    7.18831703951781e-05    7.785624470183714e-05    7.272050034658053e-05    7.415330514786525e-05
7709.505612643695    7.585134821144335e-05    8.035032213095033e-05    7.668225505761096e-05    7.762797513333487e-05
7709.605612633694    8.002157834275604e-05    8.293803674169908e-05    8.084756722328826e-05    8.12690607692478e-05
7709.705612623694    8.438093066955823e-05    8.561101888326084e-05    8.520473140251432e-05    8.506556031844447e-05
7709.8056126136935    8.89088990039216e-05    8.835821044752933e-05    8.97350834439899e-05    8.900073096514694e-05
7709.905612603693    9.357779408819912e-05    9.116639645840461e-05    9.441322695451427e-05    9.305247250037265e-05
7710.005612593693    9.835092255835845e-05    9.402002887304096e-05    9.920499619061528e-05    9.719198254067157e-05
7710.105612583692    0.0001031814383692304    9.689969599118433e-05    0.00010406649846689146    0.00010138254427576873
7710.205612573692    0.00010801472569771058    9.978539895310853e-05    0.00010894609967365179    0.00010558207477482364
7710.305612563691    0.00011278735156895649    0.00010265555419417037    0.00011378325718842592    0.00010974205431718426
7710.405612553691    0.00011742985898192087    0.00010548847319440562    0.00011851080866413289    0.00011380971361348645
7710.50561254369    0.00012186713996877239    0.0001082623454573973    0.00012305570156823412    0.00011772839566480126
7710.60561253369    0.00012602359439443432    0.00011095829582602843    0.0001273430620284031    0.00012144165074962195
7710.7056125236895    0.0001298244010518783    0.00011355937599735193    0.00013129740356246115    0.0001248937268705638
7710.805612513689    0.00013319224762665577    0.00011604415068003493    0.00013483923677441392    0.00012802521169370153
7710.905612503689    0.00013607218454381965    0.0001184087392345226    0.00013790969256422637    0.00013079687211418954
7711.005612493688    0.00013840375578033447    0.00012063360222135686    0.00014044261856535308    0.0001331599921890148
7711.105612483688    0.00014015987565997714    0.00012271661794046628    0.00014240411834181297    0.00013509353731408545
7711.205612473687    0.0001413278828501122    0.0001246502652612399    0.00014377313310379197    0.00013658376040504803
7711.305612463687    0.00014192010541977764    0.00012642542627716837    0.0001445533842082494    0.00013763297196839848
7711.405612453686    0.00014198505075812922    0.0001280388356893535    0.00014478448683431468    0.00013826945776059915
7711.505612443686    0.00014160753213659266    0.00012949186010835365    0.00014454381564828528    0.0001385477359644105
7711.605612433686    0.00014089706299499514    0.00013078194706607265    0.0001439346559906243    0.00013853788868389735
7711.705612423685    0.00013997903753438636    0.0001318988459849611    0.00014307906659845345    0.0001383189833726003
7711.805612413685    0.00013900900823389476    0.0001328509340481478    0.00014213182762448743    0.00013799725663551
7711.905612403684    0.00013812195476007092    0.00013362710489753452    0.00014123024429371647    0.00013765976798377398
7712.005612393684    0.0001374616715887775    0.00013424058720150217    0.00014052258737430755    0.0001374082820548624
7712.105612383683    0.00013713542694857917    0.00013469585407902565    0.00014012335952010897    0.0001373182135159046
7712.205612373683    0.00013721072358913064    0.0001349973970282563    0.00014010763668956136    0.00013743858576898278
7712.3056123636825    0.00013773430676651126    0.00013517296828439865    0.00014053053084520296    0.00013781260196537096
7712.405612353682    0.0001387071989067537    0.0001352503702177898    0.00014140063403200243    0.0001384527343855153
7712.505612343682    0.00014009655845394564    0.00013526508982258397    0.00014269189923270449    0.000139351182503078
7712.605612333681    0.0001418637332554164    0.00013528030955751148    0.0001443707556190317    0.0001405049328106532
7712.705612323681    0.0001439336915023627    0.00013534508611789863    0.00014636570560274255    0.00014188149440766794
7712.80561231368    0.00014625712234504531    0.00013554457413343885    0.00014862949174346529    0.00014347706274064982
7712.90561230368    0.00014878439238707574    0.00013596006483447705    0.0001511127655426581    0.00014528574092140362
7713.005612293679    0.0001514748899552397    0.00013666861115318733    0.0001537734607348603    0.00014730565394776245
7713.105612283679    0.00015431773943095048    0.0001377528943610998    0.00015659813483262226    0.00014955625620822417
7713.2056122736785    0.00015729905383086662    0.00013926418882346175    0.0001595690906678159    0.0001520441111073814
7713.305612263678    0.00016042653750890132    0.00014125618037784434    0.0001626887408266886    0.0001547904862378114
7713.405612253678    0.00016368917631500644    0.00014375722182497882    0.0001659398526566376    0.0001577954169322076
7713.505612243677    0.00016703408312506888    0.00014677549953107398    0.00016926209718967202    0.0001610238932819383
7713.605612233677    0.0001703898104265575    0.00015034263675504296    0.000172574771776451    0.0001644357396526838
7713.705612223676    0.00017361133067601243    0.00015447293455589522    0.0001757228462773713    0.0001679357038364263
7713.805612213676    0.00017648893809753567    0.0001591631132969839    0.00017848769632885332    0.00017137991590779098
7713.905612203675    0.00017876104352758238    0.0001643442927024573    0.00018060577888221163    0.00017457037170408378
7714.005612193675    0.00018015690130561207    0.00016983019618912155    0.00018181406341190017    0.0001772670536355446
7714.105612183675    0.0001804411633503704    0.0001752658212089022    0.00018189455982854029    0.00017920051479593767
7714.205612173674    0.00017951556207784544    0.00018019480912730281    0.00018077069536844332    0.0001801603555245305
7714.305612163674    0.00017738082836616157    0.00018408843081573972    0.0001784615191204817    0.00017997692610079434
7714.405612153673    0.00017415640822397228    0.0001864951318321125    0.00017509743450056395    0.00017858299151888289
7714.505612143673    0.00016998131241809106    0.00018707870297663494    0.00017081987882962946    0.00017595996474145182
7714.605612133672    0.00016501355708366646    0.0001857045778018254    0.00016578301016499368    0.00017216704835016183
7714.705612123672    0.00015936354604381911    0.00018238960910631395    0.0001600900713073873    0.0001672810754858401
7714.8056121136715    0.00015310142010512356    0.0001772742936119737    0.0001538029223383402    0.00016139287868514583
7714.905612103671    0.00014627220390510547    0.00017057669019626242    0.00014695867857694164    0.0001546025242261032
7715.005612093671    0.00013887676678290485    0.0001625137460665908    0.0001395518665784867    0.0001469807931426608
7715.10561208367    0.0001309328237794644    0.00015332148097317689    0.00013159519227634134    0.00013861649900966087
7715.20561207367    0.00012245648392732704    0.00014321240982355325    0.00012310160208970576    0.00012959016528019536
7715.305612063669    0.00011353482529640525    0.0001324381982269524    0.00011415640060804208    0.00012004314137713324
7715.405612053669    0.00010431005818216424    0.00012127544162261301    0.00010490172940637137    0.00011016240973704954
7715.505612043668    9.502655397074714e-05    0.00011009178004584876    9.558298307009756e-05    0.00010023377236223117
7715.605612033668    8.592520461458649e-05    9.911587001019297e-05    8.644413092650953e-05    9.049506851709631e-05
7715.7056120236675    7.732401434753445e-05    8.882518876993055e-05    7.78037561130006e-05    8.131765307682186e-05
7715.805612013667    6.940861279447618e-05    7.940611703201509e-05    6.985011585719708e-05    7.288828189456278e-05
7715.905612003667    6.22912258304638e-05    7.097575227888169e-05    6.269688988005136e-05    6.532128932979895e-05
7716.005611993666    5.5998284921349916e-05    6.355222999849749e-05    5.637126672496366e-05    5.864059388160369e-05
7716.105611983666    5.0493497229204214e-05    5.7082500196048074e-05    5.0837181147855276e-05    5.280439285770251e-05
7716.205611973665    4.570503614650949e-05    5.147426714132555e-05    4.6022700848755686e-05    4.773400137886357e-05
7716.305611963665    4.1547079399460585e-05    4.662085822436132e-05    4.184172600616744e-05    4.333655454332978e-05
7716.405611953664    3.793342639652729e-05    4.241672100573563e-05    3.820771406762805e-05    3.9519287156630314e-05
7716.505611943664    3.478461047939845e-05    3.8765357784212114e-05    3.504085315902905e-05    3.6196940474213207e-05
7716.605611933664    3.203076142746159e-05    3.558237342860159e-05    3.227095442403785e-05    3.329469642670034e-05
7716.705611923663    2.961208117037818e-05    3.2795808589403496e-05    2.9837939120230534e-05    3.0748609626670736e-05
7716.805611913663    2.747815637324405e-05    3.034517213535007e-05    2.7691152896549662e-05    2.8504827135047924e-05
7716.905611903662    2.5586812795323022e-05    2.817998107335983e-05    2.5788217317179047e-05    2.6518337061953963e-05
7717.005611893662    2.3902878142354293e-05    2.6258224622489678e-05    2.409378818290492e-05    2.4751630315916293e-05
7717.105611883661    2.2397023965828504e-05    2.4544943155253726e-05    2.257839258740506e-05    2.317345323616243e-05
7717.205611873661    2.1044752076880814e-05    2.3010992484340258e-05    2.1217410848132137e-05    2.1757718469784404e-05
7717.3056118636605    1.9825538791629826e-05    2.1632004756680742e-05    1.9990216819629796e-05    2.0482586789313453e-05
7717.40561185366    1.872212677293466e-05    2.038753093787909e-05    1.8879466435304345e-05    1.9329708048706032e-05
7717.50561184366    1.771994542688827e-05    1.9260340390840882e-05    1.787051535985156e-05    1.82836003925269e-05
7717.605611833659    1.6806639161998435e-05    1.8235851737977617e-05    1.6950945014457335e-05    1.733114530481113e-05
7717.705611823659    1.597168421515816e-05    1.730167121242776e-05    1.611017756674722e-05    1.6461177664777713e-05
7717.805611813658    1.5206077376554162e-05    1.6447218111519063e-05    1.5339163166684892e-05    1.5664152884919373e-05
7717.905611803658    1.450208268696833e-05    1.566342037971099e-05    1.4630125431865504e-05    1.4931876166181608e-05
7718.005611793657    1.3853024772343855e-05    1.4942466527866398e-05    1.3976353790074988e-05    1.4257281696761745e-05
7718.105611783657    1.3253119682723354e-05    1.4277602815964362e-05    1.3372033503223275e-05    1.3634252000636997e-05
7718.2056117736565    1.2697335903305405e-05    1.366296682296591e-05    1.2812106009396179e-05    1.3057469578555831e-05
7718.305611763656    1.2181279718738036e-05    1.3093450338961065e-05    1.2292153740145352e-05    1.2522294599281484e-05
7718.405611753656    1.170110028154241e-05    1.2564585976473338e-05    1.1808304719909805e-05    1.2024663659308517e-05
7718.505611743655    1.1253410658601366e-05    1.2072452993847635e-05    1.1357153243501132e-05    1.1561005631983378e-05
7718.605611733655    1.083522191980486e-05    1.1613598778820645e-05    1.0935693633748152e-05    1.1128171444124552e-05
7718.705611723654    1.0443887871700242e-05    1.1184973110103761e-05    1.0541264713144857e-05    1.072337523164962e-05
7718.805611713654    1.0077058544243086e-05    1.0783872905083009e-05    1.0171503057600487e-05    1.0344144835642194e-05
7718.905611703653    9.732640884589634e-06    1.040789560656901e-05    9.824303505330583e-06    9.988279998829742e-06
7719.005611693653    9.408765423093374e-06    1.0054899699556322e-05    9.497785647953123e-06    9.653816923534272e-06
7719.105611683653    9.103757889981792e-06    9.722971156172939e-06    9.190265316364107e-06    9.338998120839612e-06
7719.205611673652    8.816114971509721e-06    9.410394810007688e-06    8.90023021039064e-06    9.04224666396935e-06
7719.305611663652    8.544483523464812e-06    9.115629854796298e-06    8.626319010495705e-06    8.762144129585605e-06
7719.405611653651    8.287642693186475e-06    8.837288804424135e-06    8.367303408596881e-06    8.497411635402497e-06
7719.505611643651    8.044488491574332e-06    8.574119365219031e-06    8.122072602474208e-06    8.246893486422524e-06
7719.60561163365    7.814020439444669e-06    8.324988771097515e-06    7.889619873926535e-06    8.009543028156239e-06
7719.70561162365    7.595329974660815e-06    8.08887020548389e-06    7.669030936001511e-06    7.784410372048738e-06
7719.8056116136495    7.387590357195044e-06    7.864830997764266e-06    7.4594737860572974e-06    7.570631713672202e-06
7719.905611603649    7.190047856394944e-06    7.652022334546219e-06    7.260189846928827e-06    7.36742001262333e-06
7720.005611593649    7.002014034936772e-06    7.449670267304975e-06    7.070486210580846e-06    7.1740568376075315e-06
7720.105611583648    6.822858976711511e-06    7.257067830865483e-06    6.8897288299939895e-06    6.989885212523661e-06
7720.205611573648    6.652005327787628e-06    7.0735681214597045e-06    6.717336528127298e-06    6.814303325791544e-06
7720.305611563647    6.488923039895289e-06    6.898578198907524e-06    6.552775713602351e-06    6.646758984135055e-06
7720.405611553647    6.3331247239119525e-06    6.731553705499351e-06    6.395555708588846e-06    6.486744712666716e-06
7720.505611543646    6.1841615314358115e-06    6.57199410486596e-06    6.2452246084778226e-06    6.333793414926531e-06
