2117.5900395734    6.4869684804e-06    6.4997356756e-06    6.6017922921e-06    6.529498816033333e-06
2117.6900395734    5.8577584346e-06    5.8703554947e-06    5.9733059985e-06    5.9004733092666664e-06
2117.7900395734    5.2829409539e-06    5.2953905406e-06    5.3992242836e-06    5.325851926033334e-06
2117.8900395734    4.7908148219e-06    4.803164077e-06    4.9078436347e-06    4.833940844533333e-06
2117.9900395734    4.3906103347e-06    4.4029108353e-06    4.5083922029e-06    4.4339711243000005e-06
2118.0900395733997    4.073340951401442e-06    4.0856407920014426e-06    4.1918816107014395e-06    4.1169544513681084e-06
2118.1900395733996    3.8181071770011604e-06    3.83044642940116e-06    3.9374125477011574e-06    3.861988718034493e-06
2118.2900395733996    3.614515220000926e-06    3.6269270496009255e-06    3.7345902002009224e-06    3.658677489934258e-06
2118.3900395733995    3.4520570285007387e-06    3.4645684424007384e-06    3.5729071000007353e-06    3.4965108569674043e-06
2118.4900395733994    3.3191655047006044e-06    3.331797290500604e-06    3.440795579700601e-06    3.3639194583006033e-06
2118.5900395733993    3.210748295800986e-06    3.2235179320009846e-06    3.3331631664009787e-06    3.25580979806765e-06
2118.690039573399    3.123247167000796e-06    3.1361692465007944e-06    3.2464516979007884e-06    3.168622703800793e-06
2118.790039573399    3.049653039500669e-06    3.062740554200668e-06    3.1736519256006618e-06    3.095348506434e-06
2118.890039573399    2.9888286755005533e-06    3.0020938558005515e-06    3.1136271780005457e-06    3.0348499031005504e-06
2118.990039573399    2.9398926649004452e-06    2.9533447891004436e-06    3.065495835200438e-06    2.9862444297337758e-06
2119.090039573399    2.8980898394005703e-06    2.9117379916005674e-06    3.0245021702005592e-06    2.9447766670672323e-06
2119.1900395733987    2.863472890600472e-06    2.8773259415004694e-06    2.990699176000461e-06    2.910499336033801e-06
2119.2900395733986    2.8364163940003693e-06    2.8504815264003664e-06    2.964461569300358e-06    2.883786496567031e-06
2119.3900395733986    2.8126043722003247e-06    2.826889627400322e-06    2.9414732580003133e-06    2.86032241920032e-06
2119.4900395733985    2.791759243500284e-06    2.8062705338002813e-06    2.921456206400273e-06    2.839828661233613e-06
2119.5900395733984    2.7779901150002505e-06    2.792734462600246e-06    2.9085198606002353e-06    2.826414812733577e-06
2119.6900395733983    2.76644095860021e-06    2.781425516500206e-06    2.897807902600195e-06    2.8152247925668708e-06
2119.790039573398    2.7576544063001595e-06    2.7728848387001553e-06    2.8898621053001446e-06    2.8068004501001533e-06
2119.890039573398    2.7512992655001158e-06    2.766783376800111e-06    2.8843532471001004e-06    2.800811963133442e-06
2119.990039573398    2.7462313155000923e-06    2.7619737536000876e-06    2.8801350799000767e-06    2.7961133830000857e-06
2120.090039573398    2.7465613799999926e-06    2.7625703905999865e-06    2.881319327499973e-06    2.796817032699984e-06
2120.190039573398    2.7473412583999824e-06    2.7636221725999764e-06    2.8829570644999628e-06    2.797973498499974e-06
2120.2900395733977    2.7482060443999805e-06    2.7647644244999742e-06    2.8846838467999605e-06    2.799218105233305e-06
2120.3900395733976    2.7522531843999083e-06    2.769095984499901e-06    2.8895958923998882e-06    2.803648353766566e-06
2120.4900395733976    2.758485021699858e-06    2.7756175102998517e-06    2.8966966688998386e-06    2.8102664002998498e-06
2120.5900395733975    2.7665581330997796e-06    2.7839879438997717e-06    2.905641633199756e-06    2.8187292367331023e-06
2120.6900395733974    2.775457218099757e-06    2.7931915005997487e-06    2.915415718799733e-06    2.8280214791664127e-06
2120.7900395733973    2.783717497799775e-06    2.8017623499997662e-06    2.9245538391997506e-06    2.8366778956664305e-06
2120.890039573397    2.7948764746996955e-06    2.813238152499687e-06    2.9365934189996713e-06    2.8482360153996848e-06
2120.990039573397    2.8065789864996806e-06    2.8252635133996716e-06    2.9491791823996566e-06    2.8603405607663362e-06
2121.090039573397    2.816594095999681e-06    2.8356089719996704e-06    2.960079412699653e-06    2.870760826899668e-06
2121.190039573397    2.8307412501995497e-06    2.850093896799539e-06    2.9751139866995215e-06    2.885316377899537e-06
2121.290039573397    2.8461419165995098e-06    2.865839266799499e-06    2.9914033962994815e-06    2.90112819323283e-06
2121.3900395733967    2.861928038399497e-06    2.881977835299486e-06    3.008080236099469e-06    2.9173287032661505e-06
2121.4900395733966    2.8791999704994504e-06    2.899609445599439e-06    3.026242915499422e-06    2.935017443866103e-06
2121.5900395733966    2.896080561199386e-06    2.9168583168993723e-06    3.0440147872993533e-06    2.9523178884660377e-06
2121.6900395733965    2.9141301455993437e-06    2.9352819760993298e-06    3.062956247599311e-06    2.9707894564326613e-06
2121.7900395733964    2.9343215919992656e-06    2.9558538918992518e-06    3.084040351599233e-06    2.9914052784992503e-06
2121.8900395733963    2.953977856499285e-06    2.975899998499271e-06    3.1045873000992523e-06    3.0114883850326027e-06
2121.990039573396    2.973853078899277e-06    2.9961750028992622e-06    3.1253524812992445e-06    3.0317935210325947e-06
2122.090039573396    2.994671218399148e-06    3.017401487199131e-06    3.1470598286991116e-06    3.05304417809913e-06
2122.190039573396    3.0159630312991283e-06    3.0391080478991114e-06    3.1692385141990924e-06    3.074769864465777e-06
2122.290039573396    3.038153821999092e-06    3.0617227677990747e-06    3.1923135141990557e-06    3.0973967013324075e-06
2122.390039573396    3.060247167199096e-06    3.084249338499078e-06    3.21528810829906e-06    3.119928204665745e-06
2122.4900395733957    3.0861606243989395e-06    3.1106037570989215e-06    3.2420798625989034e-06    3.146281414698921e-06
2122.5900395733956    3.1111136479988655e-06    3.136006910798845e-06    3.2679058252988255e-06    3.1716754613655115e-06
2122.6900395733956    3.1359291391988713e-06    3.1612839678988507e-06    3.293588725298832e-06    3.1969339441321847e-06
2122.7900395733955    3.162775215198779e-06    3.188601885698758e-06    3.32129709929874e-06    3.224224733398759e-06
2122.8900395733954    3.1899916703987624e-06    3.2162992386987404e-06    3.3493690144987234e-06    3.2518866411987418e-06
2122.9900395733953    3.217322772398757e-06    3.244122140098735e-06    3.3775493675987183e-06    3.2796647600320697e-06
2123.090039573395    3.245607979398585e-06    3.27290881349856e-06    3.4066746785985433e-06    3.3083971571652296e-06
2123.190039573395    3.274432257098558e-06    3.3022431880985327e-06    3.4363293948985166e-06    3.337668280031869e-06
2123.290039573395    3.3048526630984784e-06    3.333186154698452e-06    3.467569640698437e-06    3.368536152831789e-06
2123.390039573395    3.335259613398479e-06    3.3641289398984522e-06    3.4987862473984384e-06    3.39939160023179e-06
2123.490039573395    3.3667986765984224e-06    3.3962131610983947e-06    3.5311224468983825e-06    3.431378094865067e-06
2123.5900395733947    3.398610794998264e-06    3.4285820713982333e-06    3.5637175605982213e-06    3.463636808998239e-06
2123.6900395733946    3.4314411837982086e-06    3.4619811681981777e-06    3.5973170135981667e-06    3.4969131218648507e-06
2123.7900395733946    3.4653045691981524e-06    3.4964254642981206e-06    3.631932776598111e-06    3.531220936698128e-06
2123.8900395733945    3.500014665498106e-06    3.5317320647980734e-06    3.667378395198066e-06    3.5663750418314143e-06
2123.9900395733944    3.5349038514980964e-06    3.5672295535980627e-06    3.7029831584980567e-06    3.601705521198072e-06
2124.0900395733943    3.5709602626978686e-06    3.603905629797832e-06    3.7397344444978275e-06    3.638200112331176e-06
2124.190039573394    3.607922051897815e-06    3.6415022507977772e-06    3.7773672205977754e-06    3.6755971744311225e-06
2124.290039573394    3.6452280152977947e-06    3.6794569440977563e-06    3.8153217472977566e-06    3.713335568897769e-06
2124.390039573394    3.6838921341977145e-06    3.718782497297675e-06    3.854608741697677e-06    3.7524277910643554e-06
2124.490039573394    3.7229786498976895e-06    3.7585474131976492e-06    3.894289058997655e-06    3.7919383740309977e-06
2124.590039573394    3.7636997323974075e-06    3.7999633331973632e-06    3.9355712381973715e-06    3.833078101264048e-06
2124.6900395733937    3.8049694229973726e-06    3.841941683597328e-06    3.977372156297339e-06    3.87476108763068e-06
2124.7900395733936    3.847122530997316e-06    3.88481843689727e-06    4.020021128097284e-06    3.917320698663956e-06
2124.8900395733936    3.890092840897264e-06    3.928529250897218e-06    4.063448285297235e-06    3.960690125697239e-06
2124.9900395733935    3.9340801452972e-06    3.973274344897152e-06    4.107852440497172e-06    4.005068976897174e-06
2125.0900395733934    3.978676914996958e-06    4.018650894496905e-06    4.152820335396933e-06    4.050049381630266e-06
2125.1900395733933    4.0246665270968625e-06    4.065434933496808e-06    4.199134004096841e-06    4.096411821563504e-06
2125.290039573393    4.0714725176968075e-06    4.113052071196751e-06    4.246216793496788e-06    4.143580460796782e-06
2125.390039573393    4.1194921319967245e-06    4.161902813396668e-06    4.294457952896709e-06    4.191950966096701e-06
2125.490039573393    4.168726534396641e-06    4.211986940096584e-06    4.3438547144966305e-06    4.241522729663285e-06
2125.590039573393    4.218880166496351e-06    4.263010227696288e-06    4.394109824096343e-06    4.292000072762994e-06
2125.690039573393    4.270110210396272e-06    4.315130694796208e-06    4.44537360339627e-06    4.3435381695295835e-06
2125.7900395733927    4.322601550196181e-06    4.368537877596114e-06    4.4978267622961835e-06    4.396322063362826e-06
2125.8900395733926    4.376541497696076e-06    4.423414623196007e-06    4.551652116396083e-06    4.450536079096056e-06
2125.9900395733926    4.430981687396039e-06    4.478814290595969e-06    4.6058964204960525e-06    4.50523079949602e-06
2126.0900395733925    4.4874554879956345e-06    4.5362680096955584e-06    4.662088290595656e-06    4.561937262762284e-06
2126.1900395733924    4.545212318295535e-06    4.595031024795457e-06    4.719466582295564e-06    4.619903308462185e-06
2126.2900395733923    4.6040518037954515e-06    4.654904019195372e-06    4.777825563595489e-06    4.6789271288621046e-06
2126.390039573392    4.664630318695317e-06    4.716542198195235e-06    4.8378222893953615e-06    4.7396649354286386e-06
2126.490039573392    4.725974760695257e-06    4.778971883995174e-06    4.898463207395312e-06    4.801136617361915e-06
2126.590039573392    4.78962176249479e-06    4.843732831194699e-06    4.9612877791948575e-06    4.864880790961449e-06
2126.690039573392    4.853804388194747e-06    4.909055441994653e-06    5.0245178322948244e-06    4.929125887494741e-06
2126.790039573392    4.920320235694555e-06    4.97674545069446e-06    5.089935547894645e-06    4.995667078094554e-06
2126.8900395733917    4.98812038519445e-06    5.045752475194351e-06    5.1564862281945526e-06    5.063453029527784e-06
2126.9900395733916    5.057849747594293e-06    5.116718510594191e-06    5.2248050945944075e-06    5.13312445092763e-06
2127.0900395733916    5.130948235993685e-06    5.191093026893573e-06    5.2963196492938205e-06    5.2061203040603595e-06
2127.1900395733915    5.2043641366936565e-06    5.265819119693544e-06    5.36796553429381e-06    5.279382930227004e-06
2127.2900395733914    5.277934801393643e-06    5.3407374592935266e-06    5.439562372393814e-06    5.352744877693661e-06
2127.3900395733913    5.3534807738934725e-06    5.417671054993353e-06    5.5129210143936615e-06    5.428024281093496e-06
2127.490039573391    5.433520645393084e-06    5.499135205892961e-06    5.590546756193293e-06    5.507734202493112e-06
2127.590039573391    5.515778354092519e-06    5.5828633489923855e-06    5.670146655792761e-06    5.5895961196258886e-06
2127.690039573391    5.599254819492408e-06    5.66785869309227e-06    5.7506849857926745e-06    5.672599499459118e-06
2127.790039573391    5.6842309553922714e-06    5.754400791292129e-06    5.832450381992564e-06    5.757027376225655e-06
2127.890039573391    5.770390732192164e-06    5.842185296492016e-06    5.915096016492483e-06    5.84255734839222e-06
2127.9900395733907    5.861082365091751e-06    5.934554913091599e-06    6.001928889292102e-06    5.932522055825151e-06
2128.0900395733906    5.95479939809105e-06    6.030006099490885e-06    6.091444117791452e-06    6.0254165384577955e-06
2128.1900395733905    6.04977461539093e-06    6.126776610790759e-06    6.181832680991368e-06    6.119461302391018e-06
2128.2900395733905    6.147646882290654e-06    6.226510343190476e-06    6.274709401291131e-06    6.2162888755907535e-06
2128.3900395733904    6.2494339217902796e-06    6.330237227190095e-06    6.371057652890798e-06    6.316909600623725e-06
2128.4900395733903    6.35414784739e-06    6.436972347589807e-06    6.469845675990566e-06    6.4203219569901245e-06
2128.59003957339    6.4624997844891594e-06    6.54742664358895e-06    6.571765030289804e-06    6.5272304861226375e-06
2128.69003957339    6.572611611288984e-06    6.6597438914887635e-06    6.674885844289683e-06    6.635747115689144e-06
2128.79003957339    6.686173769888639e-06    6.775610878488408e-06    6.7808459617894e-06    6.7475435367221495e-06
2128.89003957339    6.8040771812882046e-06    6.8959237083879635e-06    6.890501028989029e-06    6.863500639555066e-06
2128.99003957339    6.926454511587757e-06    7.020835455587503e-06    7.003926105688652e-06    6.983738690954638e-06
2129.0900395733897    7.052592503686807e-06    7.149658330986526e-06    7.120335155987825e-06    7.107528663553719e-06
2129.1900395733896    7.180281476386645e-06    7.280192895586348e-06    7.237480655687748e-06    7.232651675886914e-06
2129.2900395733895    7.314592992085952e-06    7.417505154085639e-06    7.360319633787152e-06    7.364139259986247e-06
2129.3900395733895    7.455471071385265e-06    7.56159297008493e-06    7.488758246786566e-06    7.501940762752254e-06
2129.4900395733894    7.599012497484986e-06    7.708560391684628e-06    7.618822409486397e-06    7.642131766218671e-06
2129.5900395733893    7.747241056183822e-06    7.86046972408342e-06    7.752397648885421e-06    7.786702809717556e-06
2129.690039573389    7.901801156383131e-06    8.018998006482699e-06    7.89101976148487e-06    7.937272974783567e-06
2129.790039573389    8.061344973582587e-06    8.182833116082119e-06    8.033227917884479e-06    8.092468669183062e-06
2129.890039573389    8.230059344281587e-06    8.356249376081074e-06    8.18313032048364e-06    8.2564796802821e-06
2129.990039573389    8.40441378548097e-06    8.535732974580411e-06    8.336996542683207e-06    8.425714434248196e-06
2130.090039573389    8.586303361379322e-06    8.723275215278678e-06    8.496601829381855e-06    8.602060135346618e-06
2130.1900395733887    8.776396997578388e-06    8.919638117777676e-06    8.662391007781152e-06    8.786142041045738e-06
2130.2900395733886    8.973973278877538e-06    9.124220369376743e-06    8.833479265280548e-06    8.97722430451161e-06
2130.3900395733885    9.178753005376719e-06    9.336891054275822e-06    9.009379764580004e-06    9.175007941410848e-06
2130.4900395733885    9.393580794575576e-06    9.56058470097457e-06    9.192642835079165e-06    9.382269443543104e-06
2130.5900395733884    9.62202341387299e-06    9.799171763871791e-06    9.386650051177063e-06    9.60261507630728e-06
2130.6900395733883    9.860324230171823e-06    1.004910989997045e-05    9.587150525576294e-06    9.832194885239523e-06
2130.790039573388    1.0108656330970638e-05    1.0310940716969042e-05    9.794216735975517e-06    1.0071271261305065e-05
2130.890039573388    1.0371872585968878e-05    1.0589846703967023e-05    1.001208226197424e-05    1.0324600517303381e-05
2130.990039573388    1.0652021249966878e-05    1.0888514966964687e-05    1.0242490062972758e-05    1.0594342093301443e-05
2131.090039573388    1.0946934162963789e-05    1.1205360213961097e-05    1.0482630431970515e-05    1.08783082696318e-05
2131.190039573388    1.1259010966961682e-05    1.154376362795845e-05    1.0734505168969076e-05    1.1179093254629736e-05
2131.2900395733877    1.15913069139592e-05    1.1907795559955303e-05    1.1000361153967356e-05    1.1499821209293954e-05
2131.3900395733876    1.1946704260956365e-05    1.2302011706951597e-05    1.1282514218965356e-05    1.184374339562444e-05
2131.4900395733875    1.232502394795355e-05    1.2728172378947675e-05    1.1579834074963495e-05    1.2211010133954904e-05
2131.5900395733875    1.2732810282948076e-05    1.3195518164940493e-05    1.1898009838959486e-05    1.2608779428949353e-05
2131.6900395733874    1.3172336773944036e-05    1.3710228982934462e-05    1.2238185014956686e-05    1.3040250257278395e-05
2131.7900395733873    1.3647162481939541e-05    1.4281087977927312e-05    1.260297826095355e-05    1.3510409573606802e-05
2131.890039573387    1.4161207259934547e-05    1.4919400303918723e-05    1.2994402431950161e-05    1.4025003331934477e-05
2131.990039573387    1.4725275057928178e-05    1.5647008470907353e-05    1.3422869131945444e-05    1.4598384220260324e-05
2132.090039573387    1.534492482291828e-05    1.6485244961889456e-05    1.3892264540938097e-05    1.5240811441915278e-05
2132.190039573387    1.6027266527910013e-05    1.7465505866870724e-05    1.4408392118931934e-05    1.596705483790422e-05
2132.290039573387    1.6787601845899727e-05    1.8641274941844943e-05    1.4986539940923756e-05    1.6805138909556142e-05
2132.3900395733867    1.7637187842887957e-05    2.0085470476809544e-05    1.5638241659914056e-05    1.7786966659870516e-05
2132.4900395733866    1.859648209387349e-05    2.1922227341757776e-05    1.6387013293901252e-05    1.8968574243177507e-05
2132.5900395733865    1.96894087178509e-05    2.4356196962667945e-05    1.72636787388804e-05    2.0436428139799745e-05
2132.6900395733865    2.094658765182849e-05    2.7747721741537314e-05    1.8319513976855958e-05    2.2337941123407256e-05
2132.7900395733864    2.240631433680086e-05    3.2739141190319045e-05    1.963048842582115e-05    2.492531465098035e-05
2132.8900395733863    2.412974801476488e-05    4.0403338346954416e-05    2.1328019107768414e-05    2.8620368489829237e-05
2132.990039573386    2.6186900787719355e-05    5.163722116346742e-05    2.3541505334698027e-05    3.378854242862827e-05
2133.090039573386    2.8686933634647566e-05    6.347595714333108e-05    2.6148940512632426e-05    3.9437277096870354e-05
2133.190039573386    3.177979563356399e-05    6.706294134449434e-05    2.8642353701648497e-05    4.249503022656894e-05
2133.290039573386    3.568782451344908e-05    6.228107685167411e-05    3.126869549062976e-05    4.3079198951917656e-05
2133.390039573386    4.074281951128739e-05    5.8820562876487834e-05    3.518203008944833e-05    4.491513749240785e-05
2133.4900395733857    4.7476563473050734e-05    6.125840051465634e-05    4.1493806403110226e-05    5.00762567969391e-05
2133.5900395733856    5.674834969865078e-05    7.076058569561724e-05    5.1690416174516197e-05    5.9733117189594744e-05
2133.6900395733855    6.999285734107266e-05    8.961324068725658e-05    6.841248999056662e-05    7.600619600629861e-05
2133.7900395733855    8.977930299012069e-05    0.00012164445705533885    9.522778929809786e-05    0.00010221718311451911
2133.8900395733854    0.00012080598082548502    0.00016418953217380887    0.00012987058182495882    0.00013828869827475093
2133.9900395733853    0.0001715326293626183    0.00019040230959618555    0.00014922658105718332    0.00017038717333866236
2134.090039573385    0.00025460361435753387    0.00017905032122170355    0.00013447275290221405    0.00018937556282715048
2134.190039573385    0.00037075679739256926    0.00016032904867280945    0.00010977619121370612    0.0002136206790930283
2134.290039573385    0.0004539634946475135    0.00016160297475980881    9.718884295788893e-05    0.00023758510412173707
2134.390039573385    0.00041071110750649076    0.0001743458306380877    9.413005720945902e-05    0.00022639566511801248
2134.490039573385    0.000295168972317339    0.00016623561843121708    8.666248920112063e-05    0.00018268902664989227
2134.5900395733847    0.0002002608682846741    0.00013313205958511828    7.186291802428822e-05    0.00013508528196469355
2134.6900395733846    0.00014159580662907045    0.00010191510415482658    5.906104515597935e-05    0.00010085731864662547
2134.7900395733845    0.00010699730183534942    8.285033169994768e-05    5.1739563298132e-05    8.052906561114304e-05
2134.8900395733845    8.70489528500843e-05    7.405304182436018e-05    4.948534354834854e-05    7.019577940759765e-05
2134.9900395733844    7.461450363092253e-05    7.12433669184344e-05    4.978538368595361e-05    6.521441807843686e-05
2135.0900395733843    6.544586846245929e-05    7.213018889185885e-05    5.1521297336723714e-05    6.303245156368062e-05
2135.190039573384    6.0722462389751785e-05    7.516657093351674e-05    5.387350840362562e-05    6.325418057563138e-05
2135.290039573384    5.969648387916329e-05    7.824810216150953e-05    5.422575564694393e-05    6.405678056253892e-05
2135.390039573384    6.220646436160052e-05    8.387329491710468e-05    5.3385774919133695e-05    6.648851139927963e-05
2135.490039573384    6.679706127126935e-05    9.57749792351057e-05    5.4001483188902e-05    7.219117456509236e-05
2135.590039573384    6.798304105080585e-05    0.00011319585321714805    5.68889328775273e-05    7.935594238182706e-05
2135.6900395733837    6.306116733680575e-05    0.00012644523444783095    5.906749104964335e-05    8.285796427809335e-05
2135.7900395733836    5.7241960221952653e-05    0.00013317188281889878    5.932455807195791e-05    8.324613370426979e-05
2135.8900395733835    5.404186000452389e-05    0.00014866508092746362    6.15040050116432e-05    8.807031531454357e-05
2135.9900395733835    5.3578524213075855e-05    0.00018200970681454118    6.788532356795531e-05    0.00010115785153185746
2136.0900395733834    5.53252566437061e-05    0.0002171185666440927    7.45590584108771e-05    0.00011566762723289197
2136.1900395733833    5.912982046935986e-05    0.00022037627444945187    7.354939843116988e-05    0.00011768516444999386
2136.290039573383    6.570205005289418e-05    0.00020075957331330065    6.655912719817616e-05    0.00011100691685479033
2136.390039573383    7.41196269685837e-05    0.00018291395311300265    6.106681518992412e-05    0.00010603346509050348
2136.490039573383    7.842191406327612e-05    0.00015992398183386822    5.879928363638152e-05    9.904839317784195e-05
2136.590039573383    7.656908826532017e-05    0.00013339540696458426    5.938851759289818e-05    8.978433760760086e-05
2136.690039573383    7.420539125240845e-05    0.00011453122312325981    6.160049009361777e-05    8.3445701489762e-05
2136.7900395733827    7.49073258408787e-05    0.00010473752706169238    6.509483871739616e-05    8.157989720665576e-05
2136.8900395733826    7.838861866139842e-05    0.00010114245565062125    6.95108439942369e-05    8.301397276875219e-05
2136.9900395733825    8.376789527207044e-05    0.000101356561609963    7.461812052611744e-05    8.65808591360503e-05
2137.0900395733825    9.053846199079923e-05    0.00010405003169952232    8.034927550398357e-05    9.164592306476836e-05
2137.1900395733824    9.843274166259994e-05    0.00010849679163921136    8.66914039448752e-05    9.78736457488955e-05
2137.2900395733823    0.000107364213628416    0.00011432579651896621    9.368817303975912e-05    0.00010512606106238045
2137.390039573382    0.00011732623453823323    0.00012134138984875576    0.00010141751770862919    0.00011336171403187273
2137.490039573382    0.00012834712903804542    0.00012944718805856244    0.00010995160021848646    0.00012258197243836477
2137.590039573382    0.00014047527615779388    0.00013858199146833837    0.00011936797142828717    0.00013280841301813984
2137.690039573382    0.00015383338697757016    0.00014879297511814264    0.00012980297701810188    0.00014414311303793823
2137.790039573382    0.00016850962231733043    0.00016009343292794446    0.00014137611448789486    0.00015665972324438988
2137.8900395733817    0.00018445821210709898    0.00017236549586776773    0.00015406384955769212    0.00017029585251085295
2137.9900395733816    0.00020047438858708668    0.00018433431795782289    0.00016675507164769148    0.00018385459273086702
2138.0900395733815    0.00022233127608592486    0.00020150267064679902    0.00018470904374665256    0.0002028476634931255
2138.1900395733815    0.0002486915203150853    0.00022282686883602417    0.00020728199291579133    0.00022626679402230028
2138.2900395733814    0.0002764109063448318    0.0002448861433258871    0.00023131528874551906    0.0002508707794720793
2138.3900395733813    0.0003072263331642546    0.00026932120758544416    0.00025860308909491227    0.00027838354328153705
2138.490039573381    0.00034192486212353057    0.00029682166916487267    0.0002900674581641336    0.0003096046631508456
2138.590039573381    0.00038126103231248703    0.0003280173900440418    0.00032663879790301506    0.0003453057400865146
2138.690039573381    0.00042592752636146894    0.00036348577410322573    0.00036921862368186753    0.0003862106413821874
2138.790039573381    0.0004767681884602897    0.0004039399481122735    0.00041884349479052194    0.00043318387712102833
2138.890039573381    0.0005346660128689419    0.0004501423373611756    0.00047653009441898226    0.0004871128148830333
2138.9900395733807    0.0006004878250874284    0.0005028796534799275    0.0005431376079872784    0.0005488350288515448
2139.0900395733806    0.0006750431276154213    0.0005630016893682436    0.0006192577394651155    0.0006191008521495934
2139.1900395733805    0.0007589423451735942    0.0006313547306366342    0.000704943264233245    0.0006984134466811578
2139.2900395733805    0.0008523788453517294    0.0007087696970048622    0.0007995271564515049    0.0007868918996026989
2139.3900395733804    0.0009549070990999515    0.0007960073943129414    0.0009014406664900717    0.0008841183866343215
2139.4900395733803    0.0010651417342784446    0.0008936616457909046    0.0010081362117791367    0.0009889798639494954
2139.59003957338    0.0011803945724769393    0.0010018706120783487    0.0011160078897784161    0.0010994243581112348
2139.69003957338    0.0012964649265767756    0.0011198991287763838    0.0012205231300790877    0.0012122957284774157
2139.79003957338    0.0014078188167777194    0.0012457411575748205    0.0013167070165807549    0.001323422330311098
2139.89003957338    0.0015081480982799252    0.0013757008470739965    0.0013998481256833645    0.0014278990236790954
2139.99003957338    0.0015912086358833804    0.0015039837458743319    0.0014662324099867171    0.0015204749305814764
2140.0900395733797    0.001652311868387496    0.0016234083647755613    0.001514223977290179    0.001596648070151079
2140.1900395733796    0.0016891391774924637    0.0017262461010789556    0.0015443481089938355    0.0016532444625217517
2140.2900395733795    0.0017021147495973447    0.0018058097894837182    0.0015589992362970016    0.0016889745917926882
2140.3900395733795    0.0016942954192016    0.0018583258996892533    0.0015619591225993943    0.0017048601471634159
2140.4900395733794    0.001670316441304907    0.0018835785022948326    0.0015573430423009445    0.0017037459953002279
2140.5900395733793    0.0016353943873073052    0.0018847711254997505    0.0015490280483017394    0.001689731187036265
2140.690039573379    0.0015943892476085776    0.0018672470202036656    0.0015401326221018607    0.0016672562966380344
2140.790039573379    0.0015515621000089588    0.0018374425930062345    0.0015332037733014493    0.0016407361554388808
2140.890039573379    0.0015098245117087308    0.0018011983084075815    0.001529780561700716    0.001613601127272343
2140.990039573379    0.001471455542208026    0.0017637075529078425    0.0015311077939997224    0.0015887569630385302
2141.090039573379    0.0014377998097071932    0.00172899116490742    0.0015379561354985363    0.001568249036704383
2141.1900395733787    0.001409699196006006    0.0017000735051061807    0.001550982147697216    0.0015535849496031344
2141.2900395733786    0.0013875440871047352    0.0016791247081044773    0.0015707830944957678    0.0015458172965683269
2141.3900395733785    0.0013716935389033876    0.001667886394102402    0.0015982888840941213    0.001545956272366637
2141.4900395733785    0.001362391898201988    0.0016676513199000503    0.00163468951649222    0.0015549109115314196
2141.5900395733784    0.0013599264086005382    0.0016795232292974086    0.0016816268483897546    0.0015736921620959003
2141.6900395733783    0.0013647466380989478    0.0017045330553945408    0.0017413142443869715    0.00160353131262682
2141.790039573378    0.001377295443897261    0.001743606366991471    0.0018164320197836033    0.0016457779435574452
2141.890039573378    0.00139818581069544    0.001797744324088183    0.0019102715192795168    0.0017020672180210463
2141.990039573378    0.0014282661051934341    0.001868228159584615    0.0020267029940745853    0.0017743990862842116
2142.090039573378    0.0014682091823910997    0.0019563072287803736    0.0021697501477681252    0.0018647555196465327
2142.190039573378    0.001518979484588687    0.0020637297810760635    0.002343809725561215    0.001975506330408655
2142.2900395733777    0.0015814851656860722    0.0021923780537713338    0.002552951135553398    0.0021089381183369343
2142.3900395733776    0.0016566951564832412    0.0023442159553661666    0.0028004432702448522    0.0022671181273647536
2142.4900395733775    0.00174573299328016    0.002520749022960664    0.003087680100535996    0.0024513873722589396
2142.5900395733775    0.0018498816634763193    0.0027217984117542866    0.003412164785526221    0.002661281620252276
2142.6900395733774    0.0019706288602725454    0.002943273883449642    0.0037641332894199717    0.002892678677714053
2142.7900395733773    0.002109412444768444    0.0031742428875474837    0.004122473719718522    0.0031353763506781506
2142.890039573377    0.0022676072613640307    0.0033948170343498472    0.004451955688425084    0.003371459994712987
2142.990039573377    0.0024457830411594877    0.0035774408146584764    0.004706279197042174    0.0035765010176200453
2143.090039573377    0.0026433236126541864    0.0036945775374728333    0.004841121718868727    0.0037263409563319154
2143.190039573377    0.0028579917815502137    0.003730110568991759    0.004833434615901782    0.003807178988814585
2143.290039573377    0.003086409175047025    0.0036862746911101663    0.00469325644473251    0.003821980103629901
2143.3900395733767    0.003323461836345022    0.003578415291525015    0.004455819236355067    0.0037858987880750347
2143.4900395733766    0.0035610680649448938    0.0034244770624357016    0.004163119105867883    0.0037162214110828267
2143.5900395733765    0.003785037816147038    0.003237438460644229    0.003848384203574425    0.0036236201601218977
2143.6900395733765    0.003970581491956124    0.003025006259350234    0.003531379602674962    0.0035089891179937733
2143.7900395733764    0.004080199533474079    0.002793529782354737    0.0032220404227731488    0.0033652565795339873
2143.8900395733763    0.004069854868702446    0.00255104486945734    0.0029255055414701215    0.0031821350932099693
2143.990039573376    0.003909377728337948    0.0023077427902575332    0.002645882888866122    0.002954334469153868
2144.090039573376    0.0036067157858729465    0.0020740582464563216    0.0023873173348623188    0.0026893637890638617
2144.190039573376    0.003212121307395104    0.0018584361682519683    0.002153910009156255    0.002408155828267776
2144.290039573376    0.0027922261031012017    0.0016656824754464567    0.0019489552572493974    0.0021356212785990183
2144.390039573376    0.0023990682764947575    0.0014961757605408538    0.0017741261985421367    0.001889790078525916
2144.4900395733757    0.002058347399582119    0.0013463626417361074    0.0016283550918351332    0.0016776883777177864
2144.5900395733756    0.0017751360429695464    0.001211708869633066    0.0015068274345298427    0.001497890782377485
2144.6900395733755    0.001544519633656631    0.001091654622629481    0.0014022702634256753    0.0013461481732372628
2144.7900395733755    0.0013582131502457501    0.0009902197493249086    0.0013073063342233196    0.0012185797445979927
2144.8900395733754    0.001207311732237056    0.0009112936734993814    0.0012161496813223847    0.0011115850290196073
2144.9900395733753    0.0010838793784303104    0.0008549452003538371    0.0011260211704221322    0.0010216152497354266
2145.090039573375    0.0009815583435255916    0.0008169853423994942    0.0010374465097221534    0.0009453300652157464
2145.190039573375    0.0008959103779014215    0.00079119667818645    0.0009528437984111601    0.0008799836181663438
2145.290039573375    0.0008241523245779474    0.0007720483690047893    0.0008740712634597019    0.0008234239856808128
2145.390039573375    0.0007645236968149137    0.0007562296513339565    0.0008012961410382019    0.0007740164963956908
2145.490039573375    0.000715289702582314    0.0007428349763733502    0.0007336171991669272    0.0007305806260408639
2145.5900395733747    0.0006743984729504133    0.0007329989138125048    0.0006707393116260124    0.0006927122327963102
2145.6900395733746    0.000639347948678926    0.0007282790406312019    0.0006133549825046135    0.0006603273239382472
2145.7900395733745    0.0006076212591880794    0.0007285162703099396    0.0005625963205329261    0.0006329112833436483
2145.8900395733745    0.0005779399211575586    0.0007307793761194237    0.0005197149586909201    0.0006094780853226342
2145.9900395733744    0.0005512007829968094    0.0007293806010303562    0.0004854462218387268    0.000588675868621964
2146.0900395733743    0.0005296456633555872    0.0007178733250129827    0.0004601116765765668    0.0005692102216483789
2146.190039573374    0.0005145829404839043    0.000691377123676868    0.0004435808054642849    0.0005498469565416857
2146.290039573374    0.0005069114001219886    0.0006494136853008772    0.00043565606168205414    0.0005306603823683066
2146.390039573374    0.0005079788823497233    0.0005974945321634578    0.00043634319014982184    0.000513938868221001
2146.490039573374    0.0005179545123574142    0.0005444188900837575    0.00044611569619746694    0.0005028296995462128
2146.590039573374    0.0005351551108154633    0.0004971366210724708    0.0004661186042047242    0.0004994701120308861
2146.6900395733737    0.0005597147848835223    0.0004584558588902022    0.0004971593018418129    0.0005051099818718458
2146.7900395733736    0.0005939418798209725    0.0004282816699079585    0.0005369076689995161    0.0005197104062428158
2146.8900395733735    0.0006362221944988484    0.00040543437228602604    0.0005780906219491378    0.0005399157295780041
2146.9900395733735    0.0006806850247382727    0.00038821495486454166    0.0006110970255912944    0.0005599990017313696
2147.0900395733734    0.0007204998493693177    0.0003746297155036449    0.0006286428995252924    0.0005745908214660851
2147.1900395733733    0.0007478510364726617    0.0003621497942533484    0.0006273637968403432    0.0005791215425221178
2147.290039573373    0.0007533755006585178    0.00034763622222389403    0.0006061902455356809    0.000569067322806031
2147.390039573373    0.0007245464789377348    0.00032608815380578136    0.0005624255961817421    0.0005376867429750862
2147.490039573373    0.000646339718010983    0.00029069544642949585    0.0004904380400793143    0.00047582440150659773
2147.590039573373    0.0005181638145549726    0.00023913884398406714    0.00039183789809690286    0.0003830468522119809
2147.690039573373    0.00038106792434740636    0.00018517072531472513    0.00029242788851712386    0.00028622217939308517
2147.7900395733727    0.0002778538130181618    0.0001440471391512205    0.0002186129484001403    0.0002135046335231742
2147.8900395733726    0.00021074174619831144    0.00011650422445751504    0.0001702223164932033    0.0001658227623830099
2147.9900395733725    0.00016732187746184706    9.797539987605556e-05    0.00013843073444867428    0.00013457600392885894
2148.0900395733725    0.00013803671892812357    8.492156061362109e-05    0.00011661402746605187    0.00011319076900259884
2148.1900395733724    0.0001173197753757468    7.52628315996793e-05    0.00010090990264435625    9.783083653992745e-05
2148.2900395733723    0.00010202411793424296    6.780927443406758e-05    8.911946952027062e-05    8.631762062952705e-05
2148.390039573372    9.031695699124751e-05    6.185762856565096e-05    7.995074481754337e-05    7.737511012481394e-05
2148.490039573372    8.108436376056109e-05    5.697314840835493e-05    7.261117660503597e-05    7.0222896257984e-05
2148.590039573372    7.362003184810452e-05    5.2874927504155465e-05    6.659357441069662e-05    6.43628445876522e-05
2148.690039573372    6.745854962073719e-05    4.937406605398705e-05    6.156071192541898e-05    5.946444253338108e-05
2148.790039573372    6.22826383324593e-05    4.633900168585571e-05    5.7280687896206726e-05    5.5300775971507253e-05
2148.8900395733717    5.786946276924426e-05    4.3675263555751026e-05    5.358925707304077e-05    5.171132779934535e-05
2148.9900395733716    5.4058375462074513e-05    4.1313186797665974e-05    5.036704638390848e-05    4.8579536214549654e-05
2149.0900395733715    5.07308673699533e-05    3.920019214160535e-05    4.752530033981413e-05    4.581878661712426e-05
2149.1900395733715    4.779771836084032e-05    3.72957793265456e-05    4.499668758772442e-05    4.336339509170345e-05
2149.2900395733714    4.519053278574694e-05    3.556818759549494e-05    4.2729208072649615e-05    4.116264281796384e-05
2149.3900395733713    4.285602462166882e-05    3.3992111224451526e-05    4.068205535558649e-05    3.917673040056895e-05
2149.490039573371    4.0752072591602765e-05    3.254710094641398e-05    3.882274438053267e-05    3.737397263951647e-05
2149.590039573371    3.884494208055505e-05    3.1216422265387276e-05    3.7125077810494086e-05    3.572881405214547e-05
2149.690039573371    3.710729297150572e-05    2.9986224903358033e-05    3.5567680066453265e-05    3.422039931377234e-05
2149.790039573371    3.5516727345462915e-05    2.8844928383332162e-05    3.413292320941757e-05    3.283152631273755e-05
2149.890039573371    3.4054714698425505e-05    2.7782760554309133e-05    3.2806128123386145e-05    3.154786779204026e-05
2149.9900395733707    3.270578551839259e-05    2.6791406119288523e-05    3.1574962276358314e-05    3.0357384638013146e-05
2150.0900395733706    3.145691848736915e-05    2.5863735523274204e-05    3.0428979948338734e-05    2.9249877986327363e-05
2150.1900395733705    3.0297069367342834e-05    2.4993593372257202e-05    2.935926713531619e-05    2.821664329163874e-05
2150.2900395733704    2.921680485731931e-05    2.4175631520241776e-05    2.8358164340295914e-05    2.7250200239285665e-05
2150.3900395733704    2.820801517729818e-05    2.3405176073227738e-05    2.741904801027759e-05    2.634407975360117e-05
2150.4900395733703    2.726368634027913e-05    2.2678120449214905e-05    2.6536156601260972e-05    2.5492654463585003e-05
2150.59003957337    2.6377718132265908e-05    2.1990838643206276e-05    2.5704450972249625e-05    2.4691002582573937e-05
2150.69003957337    2.5544777448249992e-05    2.1340114318195307e-05    2.491950140823559e-05    2.3934797724893627e-05
2150.79003957337    2.4760179213694476e-05    2.072308240988773e-05    2.4177395514432534e-05    2.3220219046004914e-05
2150.89003957337    2.4019789002260453e-05    2.01371806937654e-05    2.347466258248346e-05    2.254387742616977e-05
2150.99003957337    2.33199428831971e-05    1.9580109368876273e-05    2.2808211079847502e-05    2.1902754443973624e-05
2151.0900395733697    2.2657381005457358e-05    1.904979711019224e-05    2.2175276646485617e-05    2.129415158737841e-05
2151.1900395733696    2.202919225600961e-05    1.854437239869593e-05    2.1573378578372557e-05    2.0715647744359368e-05
2151.2900395733695    2.1432767875823525e-05    1.806213918336974e-05    2.1000283223483537e-05    2.0165063427558938e-05
2151.3900395733694    2.0865762387872706e-05    1.760155611219815e-05    2.0453973012796893e-05    1.9640430504289252e-05
2151.4900395733694    2.0326060500136508e-05    1.7161218716169437e-05    1.9932620135295954e-05    1.9139966450533965e-05
2151.5900395733693    1.981174896258965e-05    1.673984408126732e-05    1.9434564054959093e-05    1.866205236627202e-05
2151.690039573369    1.9321092500216854e-05    1.6336257576483025e-05    1.8958292218773956e-05    1.8205214098491278e-05
2151.790039573369    1.8852513165002335e-05    1.5949381335806847e-05    1.8502423438727363e-05    1.7768105979845515e-05
2151.890039573369    1.8404572537932105e-05    1.557822421923009e-05    1.8065693514807577e-05    1.7349496757323257e-05
2151.990039573369    1.7975956334995657e-05    1.5221873030746556e-05    1.7646942748006028e-05    1.6948257371249412e-05
2152.090039573369    1.75654610301779e-05    1.4879484804345893e-05    1.724510505530943e-05    1.6563350296611075e-05
2152.1900395733687    1.7171982208470927e-05    1.4550280019023425e-05    1.685919845471134e-05    1.6193820227401897e-05
2152.2900395733686    1.6794504380865824e-05    1.4233536600773394e-05    1.6488316714204157e-05    1.583878589861446e-05
2152.3900395733685    1.6432092040354567e-05    1.3928584607590562e-05    1.6131621992781016e-05    1.549743288024205e-05
2152.4900395733684    1.60838818089315e-05    1.3634801511471517e-05    1.5788338352437277e-05    1.5169007224280098e-05
2152.5900395733684    1.5749075495586854e-05    1.3351607993409199e-05    1.545774600616412e-05    1.4852809831720058e-05
