2.117590039573400190e+03 6.486968480400000203e-06 6.499735675599999733e-06 6.601792292100000326e-06 6.529498816033333138e-06
2.117690039573400099e+03 5.857758434599999860e-06 5.870355494700000169e-06 5.973305998500000159e-06 5.900473309266666447e-06
2.117790039573400009e+03 5.282940953900000107e-06 5.295390540600000168e-06 5.399224283600000032e-06 5.325851926033333718e-06
2.117890039573399918e+03 4.790814821899999844e-06 4.803164077000000050e-06 4.907843634700000243e-06 4.833940844533333379e-06
2.117990039573399827e+03 4.390610334700000257e-06 4.402910835299999841e-06 4.508392202899999810e-06 4.433971124300000534e-06
2.118090039573399736e+03 4.073340951401442405e-06 4.085640792001442560e-06 4.191881610701439461e-06 4.116954451368108424e-06
2.118190039573399645e+03 3.818107177001160447e-06 3.830446429401160271e-06 3.937412547701157435e-06 3.861988718034493282e-06
2.118290039573399554e+03 3.614515220000925828e-06 3.626927049600925541e-06 3.734590200200922379e-06 3.658677489934258057e-06
2.118390039573399463e+03 3.452057028500738695e-06 3.464568442400738401e-06 3.572907100000735276e-06 3.496510856967404265e-06
2.118490039573399372e+03 3.319165504700604388e-06 3.331797290500603810e-06 3.440795579700601177e-06 3.363919458300603266e-06
2.118590039573399281e+03 3.210748295800986102e-06 3.223517932000984641e-06 3.333163166400978747e-06 3.255809798067649971e-06
2.118690039573399190e+03 3.123247167000795905e-06 3.136169246500794435e-06 3.246451697900788383e-06 3.168622703800792908e-06
2.118790039573399099e+03 3.049653039500669112e-06 3.062740554200667888e-06 3.173651925600661756e-06 3.095348506434000009e-06
2.118890039573399008e+03 2.988828675500553294e-06 3.002093855800551451e-06 3.113627178000545750e-06 3.034849903100550447e-06
2.118990039573398917e+03 2.939892664900445229e-06 2.953344789100443611e-06 3.065495835200438012e-06 2.986244429733775758e-06
2.119090039573398826e+03 2.898089839400570276e-06 2.911737991600567394e-06 3.024502170200559238e-06 2.944776667067232303e-06
2.119190039573398735e+03 2.863472890600472144e-06 2.877325941500469354e-06 2.990699176000461198e-06 2.910499336033800899e-06
2.119290039573398644e+03 2.836416394000369338e-06 2.850481526400366397e-06 2.964461569300357868e-06 2.883786496567030919e-06
2.119390039573398553e+03 2.812604372200324725e-06 2.826889627400321906e-06 2.941473258000313297e-06 2.860322419200319976e-06
2.119490039573398462e+03 2.791759243500284088e-06 2.806270533800281251e-06 2.921456206400273106e-06 2.839828661233612956e-06
2.119590039573398371e+03 2.777990115000250460e-06 2.792734462600245908e-06 2.908519860600235309e-06 2.826414812733576802e-06
2.119690039573398280e+03 2.766440958600210110e-06 2.781425516500205969e-06 2.897807902600194939e-06 2.815224792566870763e-06
2.119790039573398190e+03 2.757654406300159540e-06 2.772884838700155329e-06 2.889862105300144567e-06 2.806800450100153286e-06
2.119890039573398099e+03 2.751299265500115788e-06 2.766783376800110890e-06 2.884353247100100437e-06 2.800811963133441807e-06
2.119990039573398008e+03 2.746231315500092329e-06 2.761973753600087649e-06 2.880135079900076741e-06 2.796113383000085714e-06
2.120090039573397917e+03 2.746561379999992563e-06 2.762570390599986450e-06 2.881319327499972807e-06 2.796817032699983799e-06
2.120190039573397826e+03 2.747341258399982398e-06 2.763622172599976370e-06 2.882957064499962751e-06 2.797973498499973840e-06
2.120290039573397735e+03 2.748206044399980511e-06 2.764764424499974217e-06 2.884683846799960516e-06 2.799218105233304799e-06
2.120390039573397644e+03 2.752253184399908290e-06 2.769095984499901194e-06 2.889595892399888239e-06 2.803648353766566190e-06
2.120490039573397553e+03 2.758485021699858131e-06 2.775617510299851717e-06 2.896696668899838597e-06 2.810266400299849764e-06
2.120590039573397462e+03 2.766558133099779603e-06 2.783987943899771693e-06 2.905641633199756109e-06 2.818729236733102327e-06
2.120690039573397371e+03 2.775457218099757154e-06 2.793191500599748747e-06 2.915415718799733060e-06 2.828021479166412705e-06
2.120790039573397280e+03 2.783717497799774829e-06 2.801762349999766236e-06 2.924553839199750561e-06 2.836677895666430542e-06
2.120890039573397189e+03 2.794876474699695501e-06 2.813238152499687106e-06 2.936593418999671273e-06 2.848236015399684768e-06
2.120990039573397098e+03 2.806578986499680568e-06 2.825263513399671616e-06 2.949179182399656554e-06 2.860340560766336246e-06
2.121090039573397007e+03 2.816594095999681125e-06 2.835608971999670446e-06 2.960079412699653137e-06 2.870760826899668095e-06
2.121190039573396916e+03 2.830741250199549722e-06 2.850093896799538881e-06 2.975113986699521547e-06 2.885316377899536858e-06
2.121290039573396825e+03 2.846141916599509759e-06 2.865839266799498811e-06 2.991403396299481518e-06 2.901128193232830029e-06
2.121390039573396734e+03 2.861928038399497089e-06 2.881977835299486138e-06 3.008080236099469126e-06 2.917328703266150502e-06
2.121490039573396643e+03 2.879199970499450433e-06 2.899609445599438871e-06 3.026242915499421913e-06 2.935017443866103175e-06
2.121590039573396552e+03 2.896080561199385838e-06 2.916858316899372344e-06 3.044014787299353255e-06 2.952317888466037710e-06
2.121690039573396461e+03 2.914130145599343737e-06 2.935281976099329785e-06 3.062956247599310900e-06 2.970789456432661333e-06
2.121790039573396371e+03 2.934321591999265607e-06 2.955853891899251755e-06 3.084040351599233011e-06 2.991405278499250266e-06
2.121890039573396280e+03 2.953977856499284990e-06 2.975899998499270817e-06 3.104587300099252338e-06 3.011488385032602715e-06
2.121990039573396189e+03 2.973853078899276946e-06 2.996175002899262224e-06 3.125352481299244529e-06 3.031793521032594707e-06
2.122090039573396098e+03 2.994671218399148063e-06 3.017401487199131200e-06 3.147059828699111642e-06 3.053044178099130161e-06
2.122190039573396007e+03 3.015963031299128255e-06 3.039108047899111408e-06 3.169238514199092373e-06 3.074769864465777204e-06
2.122290039573395916e+03 3.038153821999091952e-06 3.061722767799074737e-06 3.192313514199055725e-06 3.097396701332407471e-06
2.122390039573395825e+03 3.060247167199095985e-06 3.084249338499077828e-06 3.215288108299059812e-06 3.119928204665744824e-06
2.122490039573395734e+03 3.086160624398939477e-06 3.110603757098921475e-06 3.242079862598903387e-06 3.146281414698921164e-06
2.122590039573395643e+03 3.111113647998865520e-06 3.136006910798844815e-06 3.267905825298825535e-06 3.171675461365511533e-06
2.122690039573395552e+03 3.135929139198871316e-06 3.161283967898850703e-06 3.293588725298832139e-06 3.196933944132184720e-06
2.122790039573395461e+03 3.162775215198779160e-06 3.188601885698757937e-06 3.321297099298740083e-06 3.224224733398759201e-06
2.122890039573395370e+03 3.189991670398762375e-06 3.216299238698740358e-06 3.349369014498723369e-06 3.251886641198741751e-06
2.122990039573395279e+03 3.217322772398756969e-06 3.244122140098735079e-06 3.377549367598718349e-06 3.279664760032069709e-06
2.123090039573395188e+03 3.245607979398585049e-06 3.272908813498559919e-06 3.406674678598543312e-06 3.308397157165229568e-06
2.123190039573395097e+03 3.274432257098558167e-06 3.302243188098532675e-06 3.436329394898516601e-06 3.337668280031869148e-06
2.123290039573395006e+03 3.304852663098478408e-06 3.333186154698452015e-06 3.467569640698437148e-06 3.368536152831789191e-06
2.123390039573394915e+03 3.335259613398479021e-06 3.364128939898452246e-06 3.498786247398438418e-06 3.399391600231790178e-06
2.123490039573394824e+03 3.366798676598422385e-06 3.396213161098394709e-06 3.531122446898382476e-06 3.431378094865066947e-06
2.123590039573394733e+03 3.398610794998263836e-06 3.428582071398233343e-06 3.563717560598221288e-06 3.463636808998239207e-06
2.123690039573394643e+03 3.431441183798208569e-06 3.461981168198177688e-06 3.597317013598166665e-06 3.496913121864850692e-06
2.123790039573394552e+03 3.465304569198152391e-06 3.496425464298120590e-06 3.631932776598110931e-06 3.531220936698127829e-06
2.123890039573394461e+03 3.500014665498105871e-06 3.531732064798073441e-06 3.667378395198065852e-06 3.566375041831414349e-06
2.123990039573394370e+03 3.534903851498096370e-06 3.567229553598062721e-06 3.702983158498056699e-06 3.601705521198072071e-06
2.124090039573394279e+03 3.570960262697868585e-06 3.603905629797832094e-06 3.739734444497827486e-06 3.638200112331176055e-06
2.124190039573394188e+03 3.607922051897814960e-06 3.641502250797777240e-06 3.777367220597775426e-06 3.675597174431122542e-06
2.124290039573394097e+03 3.645228015297794692e-06 3.679456944097756257e-06 3.815321747297756571e-06 3.713335568897768891e-06
2.124390039573394006e+03 3.683892134197714483e-06 3.718782497297675128e-06 3.854608741697677067e-06 3.752427791064355418e-06
2.124490039573393915e+03 3.722978649897689460e-06 3.758547413197649244e-06 3.894289058997654930e-06 3.791938374030997737e-06
2.124590039573393824e+03 3.763699732397407470e-06 3.799963333197363244e-06 3.935571238197371508e-06 3.833078101264047972e-06
2.124690039573393733e+03 3.804969422997372645e-06 3.841941683597327761e-06 3.977372156297338666e-06 3.874761087630680114e-06
2.124790039573393642e+03 3.847122530997316253e-06 3.884818436897269643e-06 4.020021128097284311e-06 3.917320698663956171e-06
2.124890039573393551e+03 3.890092840897264225e-06 3.928529250897217710e-06 4.063448285297235355e-06 3.960690125697239097e-06
2.124990039573393460e+03 3.934080145297199751e-06 3.973274344897151712e-06 4.107852440497172279e-06 4.005068976897174016e-06
2.125090039573393369e+03 3.978676914996958227e-06 4.018650894496905224e-06 4.152820335396933234e-06 4.050049381630265844e-06
2.125190039573393278e+03 4.024666527096862454e-06 4.065434933496808173e-06 4.199134004096840702e-06 4.096411821563503776e-06
2.125290039573393187e+03 4.071472517696807465e-06 4.113052071196751297e-06 4.246216793496787717e-06 4.143580460796782160e-06
2.125390039573393096e+03 4.119492131996724473e-06 4.161902813396667916e-06 4.294457952896708959e-06 4.191950966096700732e-06
2.125490039573393005e+03 4.168726534396641290e-06 4.211986940096583914e-06 4.343854714496630535e-06 4.241522729663284964e-06
2.125590039573392914e+03 4.218880166496350940e-06 4.263010227696287795e-06 4.394109824096343276e-06 4.292000072762993721e-06
2.125690039573392824e+03 4.270110210396272056e-06 4.315130694796207738e-06 4.445373603396269854e-06 4.343538169529583498e-06
2.125790039573392733e+03 4.322601550196181121e-06 4.368537877596113673e-06 4.497826762296183535e-06 4.396322063362826392e-06
2.125890039573392642e+03 4.376541497696076023e-06 4.423414623196006888e-06 4.551652116396083112e-06 4.450536079096056188e-06
2.125990039573392551e+03 4.430981687396039328e-06 4.478814290595969165e-06 4.605896420496052518e-06 4.505230799496020055e-06
2.126090039573392460e+03 4.487455487995634519e-06 4.536268009695558448e-06 4.662088290595655899e-06 4.561937262762284084e-06
2.126190039573392369e+03 4.545212318295535002e-06 4.595031024795457047e-06 4.719466582295564090e-06 4.619903308462185379e-06
2.126290039573392278e+03 4.604051803795451466e-06 4.654904019195371927e-06 4.777825563595488620e-06 4.678927128862104569e-06
2.126390039573392187e+03 4.664630318695316915e-06 4.716542198195234787e-06 4.837822289395361459e-06 4.739664935428638568e-06
2.126490039573392096e+03 4.725974760695257423e-06 4.778971883995174006e-06 4.898463207395311789e-06 4.801136617361914971e-06
2.126590039573392005e+03 4.789621762494789865e-06 4.843732831194699075e-06 4.961287779194857463e-06 4.864880790961449083e-06
2.126690039573391914e+03 4.853804388194746688e-06 4.909055441994652763e-06 5.024517832294824448e-06 4.929125887494741300e-06
2.126790039573391823e+03 4.920320235694555113e-06 4.976745450694459918e-06 5.089935547894645148e-06 4.995667078094553958e-06
2.126890039573391732e+03 4.988120385194450265e-06 5.045752475194351405e-06 5.156486228194552570e-06 5.063453029527784182e-06
2.126990039573391641e+03 5.057849747594292953e-06 5.116718510594191160e-06 5.224805094594407478e-06 5.133124450927630248e-06
2.127090039573391550e+03 5.130948235993684877e-06 5.191093026893573228e-06 5.296319649293820514e-06 5.206120304060359540e-06
2.127190039573391459e+03 5.204364136693656475e-06 5.265819119693543854e-06 5.367965534293810123e-06 5.279382930227004331e-06
2.127290039573391368e+03 5.277934801393642719e-06 5.340737459293526561e-06 5.439562372393814271e-06 5.352744877693661184e-06
2.127390039573391277e+03 5.353480773893472478e-06 5.417671054993352864e-06 5.512921014393661501e-06 5.428024281093496179e-06
2.127490039573391186e+03 5.433520645393084250e-06 5.499135205892960890e-06 5.590546756193292787e-06 5.507734202493112078e-06
2.127590039573391095e+03 5.515778354092518683e-06 5.582863348992385469e-06 5.670146655792760664e-06 5.589596119625888554e-06
2.127690039573391005e+03 5.599254819492407800e-06 5.667858693092270219e-06 5.750684985792674514e-06 5.672599499459117793e-06
2.127790039573390914e+03 5.684230955392271429e-06 5.754400791292129304e-06 5.832450381992564177e-06 5.757027376225654970e-06
2.127890039573390823e+03 5.770390732192164352e-06 5.842185296492015784e-06 5.915096016492483029e-06 5.842557348392219926e-06
2.127990039573390732e+03 5.861082365091751423e-06 5.934554913091599129e-06 6.001928889292102016e-06 5.932522055825151138e-06
2.128090039573390641e+03 5.954799398091049979e-06 6.030006099490885311e-06 6.091444117791451997e-06 6.025416538457795480e-06
2.128190039573390550e+03 6.049774615390930276e-06 6.126776610790758625e-06 6.181832680991368005e-06 6.119461302391018404e-06
2.128290039573390459e+03 6.147646882290654102e-06 6.226510343190476059e-06 6.274709401291131094e-06 6.216288875590753469e-06
2.128390039573390368e+03 6.249433921790279576e-06 6.330237227190094963e-06 6.371057652890798280e-06 6.316909600623725120e-06
2.128490039573390277e+03 6.354147847389999694e-06 6.436972347589806946e-06 6.469845675990566137e-06 6.420321956990124541e-06
2.128590039573390186e+03 6.462499784489159432e-06 6.547426643588950019e-06 6.571765030289803754e-06 6.527230486122637453e-06
2.128690039573390095e+03 6.572611611288984193e-06 6.659743891488763451e-06 6.674885844289682868e-06 6.635747115689144069e-06
2.128790039573390004e+03 6.686173769888638851e-06 6.775610878488408353e-06 6.780845961789399674e-06 6.747543536722149524e-06
2.128890039573389913e+03 6.804077181288204570e-06 6.895923708387963472e-06 6.890501028989028971e-06 6.863500639555065671e-06
2.128990039573389822e+03 6.926454511587757366e-06 7.020835455587503056e-06 7.003926105688652308e-06 6.983738690954637576e-06
2.129090039573389731e+03 7.052592503686806975e-06 7.149658330986526313e-06 7.120335155987825049e-06 7.107528663553718599e-06
2.129190039573389640e+03 7.180281476386644949e-06 7.280192895586347907e-06 7.237480655687747952e-06 7.232651675886914168e-06
2.129290039573389549e+03 7.314592992085952048e-06 7.417505154085638825e-06 7.360319633787151986e-06 7.364139259986246773e-06
2.129390039573389458e+03 7.455471071385265111e-06 7.561592970084929733e-06 7.488758246786566370e-06 7.501940762752253738e-06
2.129490039573389367e+03 7.599012497484985993e-06 7.708560391684628121e-06 7.618822409486396900e-06 7.642131766218671185e-06
2.129590039573389276e+03 7.747241056183822223e-06 7.860469724083420285e-06 7.752397648885420937e-06 7.786702809717556176e-06
2.129690039573389186e+03 7.901801156383131479e-06 8.018998006482699062e-06 7.891019761484870804e-06 7.937272974783567115e-06
2.129790039573389095e+03 8.061344973582587343e-06 8.182833116082119089e-06 8.033227917884478537e-06 8.092468669183062221e-06
2.129890039573389004e+03 8.230059344281586887e-06 8.356249376081073863e-06 8.183130320483640067e-06 8.256479680282099708e-06
2.129990039573388913e+03 8.404413785480969746e-06 8.535732974580411371e-06 8.336996542683206953e-06 8.425714434248196023e-06
2.130090039573388822e+03 8.586303361379321762e-06 8.723275215278678463e-06 8.496601829381855012e-06 8.602060135346617848e-06
2.130190039573388731e+03 8.776396997578388360e-06 8.919638117777675562e-06 8.662391007781151942e-06 8.786142041045738057e-06
2.130290039573388640e+03 8.973973278877537800e-06 9.124220369376742800e-06 8.833479265280548177e-06 8.977224304511610722e-06
2.130390039573388549e+03 9.178753005376718533e-06 9.336891054275822167e-06 9.009379764580003643e-06 9.175007941410847549e-06
2.130490039573388458e+03 9.393580794575576403e-06 9.560584700974569401e-06 9.192642835079164904e-06 9.382269443543104134e-06
2.130590039573388367e+03 9.622023413872989918e-06 9.799171763871791172e-06 9.386650051177062524e-06 9.602615076307280075e-06
2.130690039573388276e+03 9.860324230171823464e-06 1.004910989997044953e-05 9.587150525576293558e-06 9.832194885239522750e-06
2.130790039573388185e+03 1.010865633097063800e-05 1.031094071696904183e-05 9.794216735975517263e-06 1.007127126130506513e-05
2.130890039573388094e+03 1.037187258596887836e-05 1.058984670396702314e-05 1.001208226197424052e-05 1.032460051730338124e-05
2.130990039573388003e+03 1.065202124996687809e-05 1.088851496696468698e-05 1.024249006297275755e-05 1.059434209330144257e-05
2.131090039573387912e+03 1.094693416296378903e-05 1.120536021396109683e-05 1.048263043197051529e-05 1.087830826963179925e-05
2.131190039573387821e+03 1.125901096696168169e-05 1.154376362795844976e-05 1.073450516896907557e-05 1.117909325462973567e-05
2.131290039573387730e+03 1.159130691395920073e-05 1.190779555995530348e-05 1.100036115396735627e-05 1.149982120929395406e-05
2.131390039573387639e+03 1.194670426095636468e-05 1.230201170695159749e-05 1.128251421896535634e-05 1.184374339562444007e-05
2.131490039573387548e+03 1.232502394795354934e-05 1.272817237894767478e-05 1.157983407496349512e-05 1.221101013395490416e-05
2.131590039573387457e+03 1.273281028294807647e-05 1.319551816494049324e-05 1.189800983895948648e-05 1.260877942894935263e-05
2.131690039573387367e+03 1.317233677394403554e-05 1.371022898293446192e-05 1.223818501495668565e-05 1.304025025727839493e-05
2.131790039573387276e+03 1.364716248193954094e-05 1.428108797792731246e-05 1.260297826095355051e-05 1.351040957360680187e-05
2.131890039573387185e+03 1.416120725993454692e-05 1.491940030391872304e-05 1.299440243195016141e-05 1.402500333193447712e-05
2.131990039573387094e+03 1.472527505792817776e-05 1.564700847090735343e-05 1.342286913194544440e-05 1.459838422026032351e-05
2.132090039573387003e+03 1.534492482291828014e-05 1.648524496188945583e-05 1.389226454093809711e-05 1.524081144191527770e-05
2.132190039573386912e+03 1.602726652791001331e-05 1.746550586687072425e-05 1.440839211893193400e-05 1.596705483790422159e-05
2.132290039573386821e+03 1.678760184589972668e-05 1.864127494184494266e-05 1.498653994092375554e-05 1.680513890955614219e-05
2.132390039573386730e+03 1.763718784288795653e-05 2.008547047680954439e-05 1.563824165991405620e-05 1.778696665987051565e-05
2.132490039573386639e+03 1.859648209387349162e-05 2.192222734175777591e-05 1.638701329390125218e-05 1.896857424317750657e-05
2.132590039573386548e+03 1.968940871785089888e-05 2.435619696266794524e-05 1.726367873888040111e-05 2.043642813979974502e-05
2.132690039573386457e+03 2.094658765182849024e-05 2.774772174153731396e-05 1.831951397685595769e-05 2.233794112340725622e-05
2.132790039573386366e+03 2.240631433680085992e-05 3.273914119031904533e-05 1.963048842582115034e-05 2.492531465098034960e-05
2.132890039573386275e+03 2.412974801476488036e-05 4.040333834695441627e-05 2.132801910776841361e-05 2.862036848982923675e-05
2.132990039573386184e+03 2.618690078771935496e-05 5.163722116346742310e-05 2.354150533469802706e-05 3.378854242862826837e-05
2.133090039573386093e+03 2.868693363464756556e-05 6.347595714333107569e-05 2.614894051263242619e-05 3.943727709687035356e-05
2.133190039573386002e+03 3.177979563356399175e-05 6.706294134449434076e-05 2.864235370164849696e-05 4.249503022656894090e-05
2.133290039573385911e+03 3.568782451344907844e-05 6.228107685167410851e-05 3.126869549062976104e-05 4.307919895191765611e-05
2.133390039573385820e+03 4.074281951128738721e-05 5.882056287648783355e-05 3.518203008944833094e-05 4.491513749240785283e-05
2.133490039573385729e+03 4.747656347305073427e-05 6.125840051465634073e-05 4.149380640311022559e-05 5.007625679693910020e-05
2.133590039573385639e+03 5.674834969865078026e-05 7.076058569561724315e-05 5.169041617451619651e-05 5.973311718959474449e-05
2.133690039573385548e+03 6.999285734107266405e-05 8.961324068725658090e-05 6.841248999056661641e-05 7.600619600629861142e-05
2.133790039573385457e+03 8.977930299012068646e-05 1.216444570553388508e-04 9.522778929809785670e-05 1.022171831145191132e-04
2.133890039573385366e+03 1.208059808254850190e-04 1.641895321738088686e-04 1.298705818249588191e-04 1.382886982747509293e-04
2.133990039573385275e+03 1.715326293626182920e-04 1.904023095961855454e-04 1.492265810571833230e-04 1.703871733386623597e-04
2.134090039573385184e+03 2.546036143575338686e-04 1.790503212217035487e-04 1.344727529022140535e-04 1.893755628271504812e-04
2.134190039573385093e+03 3.707567973925692635e-04 1.603290486728094514e-04 1.097761912137061244e-04 2.136206790930282888e-04
2.134290039573385002e+03 4.539634946475134777e-04 1.616029747598088145e-04 9.718884295788893495e-05 2.375851041217370667e-04
2.134390039573384911e+03 4.107111075064907618e-04 1.743458306380877025e-04 9.413005720945902103e-05 2.263956651180124816e-04
2.134490039573384820e+03 2.951689723173390057e-04 1.662356184312170811e-04 8.666248920112063023e-05 1.826890266498922661e-04
2.134590039573384729e+03 2.002608682846740971e-04 1.331320595851182779e-04 7.186291802428821773e-05 1.350852819646935490e-04
2.134690039573384638e+03 1.415958066290704518e-04 1.019151041548265846e-04 5.906104515597934755e-05 1.008573186466254703e-04
2.134790039573384547e+03 1.069973018353494176e-04 8.285033169994768178e-05 5.173956329813200305e-05 8.052906561114303867e-05
2.134890039573384456e+03 8.704895285008430034e-05 7.405304182436018201e-05 4.948534354834854002e-05 7.019577940759765379e-05
2.134990039573384365e+03 7.461450363092252992e-05 7.124336691843440603e-05 4.978538368595361282e-05 6.521441807843686314e-05
2.135090039573384274e+03 6.544586846245928986e-05 7.213018889185884885e-05 5.152129733672371393e-05 6.303245156368061529e-05
2.135190039573384183e+03 6.072246238975178488e-05 7.516657093351673661e-05 5.387350840362561960e-05 6.325418057563138036e-05
2.135290039573384092e+03 5.969648387916329246e-05 7.824810216150953116e-05 5.422575564694393304e-05 6.405678056253891889e-05
2.135390039573384001e+03 6.220646436160051629e-05 8.387329491710468195e-05 5.338577491913369471e-05 6.648851139927963098e-05
2.135490039573383910e+03 6.679706127126935325e-05 9.577497923510570345e-05 5.400148318890200284e-05 7.219117456509236222e-05
2.135590039573383820e+03 6.798304105080585098e-05 1.131958532171480460e-04 5.688893287752730323e-05 7.935594238182706222e-05
2.135690039573383729e+03 6.306116733680574638e-05 1.264452344478309541e-04 5.906749104964335276e-05 8.285796427809335107e-05
2.135790039573383638e+03 5.724196022195265346e-05 1.331718828188987840e-04 5.932455807195791163e-05 8.324613370426979205e-05
2.135890039573383547e+03 5.404186000452388674e-05 1.486650809274636241e-04 6.150400501164319936e-05 8.807031531454357460e-05
2.135990039573383456e+03 5.357852421307585523e-05 1.820097068145411798e-04 6.788532356795531171e-05 1.011578515318574579e-04
2.136090039573383365e+03 5.532525664370610010e-05 2.171185666440927085e-04 7.455905841087710306e-05 1.156676272328919705e-04
2.136190039573383274e+03 5.912982046935986080e-05 2.203762744494518720e-04 7.354939843116987583e-05 1.176851644499938605e-04
2.136290039573383183e+03 6.570205005289417744e-05 2.007595733133006491e-04 6.655912719817615663e-05 1.110069168547903322e-04
2.136390039573383092e+03 7.411962696858369858e-05 1.829139531130026541e-04 6.106681518992412340e-05 1.060334650905034830e-04
2.136490039573383001e+03 7.842191406327611949e-05 1.599239818338682158e-04 5.879928363638152309e-05 9.904839317784194601e-05
2.136590039573382910e+03 7.656908826532017446e-05 1.333954069645842575e-04 5.938851759289818285e-05 8.978433760760085806e-05
2.136690039573382819e+03 7.420539125240845394e-05 1.145312231232598093e-04 6.160049009361776777e-05 8.344570148976200130e-05
2.136790039573382728e+03 7.490732584087869922e-05 1.047375270616923828e-04 6.509483871739616355e-05 8.157989720665575757e-05
2.136890039573382637e+03 7.838861866139841897e-05 1.011424556506212530e-04 6.951084399423690201e-05 8.301397276875218680e-05
2.136990039573382546e+03 8.376789527207043962e-05 1.013565616099629989e-04 7.461812052611744347e-05 8.658085913605029400e-05
2.137090039573382455e+03 9.053846199079923333e-05 1.040500316995223150e-04 8.034927550398357184e-05 9.164592306476835985e-05
2.137190039573382364e+03 9.843274166259994163e-05 1.084967916392113636e-04 8.669140394487520325e-05 9.787364574889549380e-05
2.137290039573382273e+03 1.073642136284159933e-04 1.143257965189662089e-04 9.368817303975911811e-05 1.051260610623804491e-04
2.137390039573382182e+03 1.173262345382332302e-04 1.213413898487557648e-04 1.014175177086291892e-04 1.133617140318727326e-04
2.137490039573382091e+03 1.283471290380454224e-04 1.294471880585624385e-04 1.099516002184864629e-04 1.225819724383647746e-04
2.137590039573382001e+03 1.404752761577938839e-04 1.385819914683383716e-04 1.193679714282871735e-04 1.328084130181398368e-04
2.137690039573381910e+03 1.538333869775701621e-04 1.487929751181426392e-04 1.298029770181018810e-04 1.441431130379382274e-04
2.137790039573381819e+03 1.685096223173304349e-04 1.600934329279444569e-04 1.413761144878948552e-04 1.566597232443898795e-04
2.137890039573381728e+03 1.844582121070989760e-04 1.723654958677677256e-04 1.540638495576921179e-04 1.702958525108529489e-04
2.137990039573381637e+03 2.004743885870866808e-04 1.843343179578228860e-04 1.667550716476914809e-04 1.838545927308670249e-04
2.138090039573381546e+03 2.223312760859248564e-04 2.015026706467990230e-04 1.847090437466525641e-04 2.028476634931254902e-04
2.138190039573381455e+03 2.486915203150852826e-04 2.228268688360241737e-04 2.072819929157913312e-04 2.262667940223002806e-04
2.138290039573381364e+03 2.764109063448318051e-04 2.448861433258871147e-04 2.313152887455190620e-04 2.508707794720793183e-04
2.138390039573381273e+03 3.072263331642546098e-04 2.693212075854441601e-04 2.586030890949122651e-04 2.783835432815370478e-04
2.138490039573381182e+03 3.419248621235305660e-04 2.968216691648726657e-04 2.900674581641336119e-04 3.096046631508455964e-04
2.138590039573381091e+03 3.812610323124870308e-04 3.280173900440418243e-04 3.266387979030150614e-04 3.453057400865146027e-04
2.138690039573381000e+03 4.259275263614689406e-04 3.634857741032257276e-04 3.692186236818675318e-04 3.862106413821873819e-04
2.138790039573380909e+03 4.767681884602897185e-04 4.039399481122735018e-04 4.188434947905219372e-04 4.331838771210283316e-04
2.138890039573380818e+03 5.346660128689418538e-04 4.501423373611756172e-04 4.765300944189822556e-04 4.871128148830332783e-04
2.138990039573380727e+03 6.004878250874284189e-04 5.028796534799275268e-04 5.431376079872784297e-04 5.488350288515447557e-04
2.139090039573380636e+03 6.750431276154213308e-04 5.630016893682436270e-04 6.192577394651154529e-04 6.191008521495934341e-04
2.139190039573380545e+03 7.589423451735942145e-04 6.313547306366341883e-04 7.049432642332449607e-04 6.984134466811578240e-04
2.139290039573380454e+03 8.523788453517293622e-04 7.087696970048621824e-04 7.995271564515049265e-04 7.868918996026989321e-04
2.139390039573380363e+03 9.549070990999515085e-04 7.960073943129413994e-04 9.014406664900716714e-04 8.841183866343214903e-04
2.139490039573380272e+03 1.065141734278444606e-03 8.936616457909046058e-04 1.008136211779136733e-03 9.889798639494953511e-04
2.139590039573380182e+03 1.180394572476939309e-03 1.001870612078348700e-03 1.116007889778416117e-03 1.099424358111234781e-03
2.139690039573380091e+03 1.296464926576775586e-03 1.119899128776383809e-03 1.220523130079087743e-03 1.212295728477415712e-03
2.139790039573380000e+03 1.407818816777719377e-03 1.245741157574820459e-03 1.316707016580754858e-03 1.323422330311098015e-03
2.139890039573379909e+03 1.508148098279925168e-03 1.375700847073996549e-03 1.399848125683364518e-03 1.427899023679095412e-03
2.139990039573379818e+03 1.591208635883380445e-03 1.503983745874331885e-03 1.466232409986717141e-03 1.520474930581476418e-03
2.140090039573379727e+03 1.652311868387496083e-03 1.623408364775561332e-03 1.514223977290178992e-03 1.596648070151078947e-03
2.140190039573379636e+03 1.689139177492463744e-03 1.726246101078955609e-03 1.544348108993835516e-03 1.653244462521751695e-03
2.140290039573379545e+03 1.702114749597344713e-03 1.805809789483718217e-03 1.558999236297001646e-03 1.688974591792688192e-03
2.140390039573379454e+03 1.694295419201600041e-03 1.858325899689253300e-03 1.561959122599394312e-03 1.704860147163415884e-03
2.140490039573379363e+03 1.670316441304906929e-03 1.883578502294832582e-03 1.557343042300944527e-03 1.703745995300227868e-03
2.140590039573379272e+03 1.635394387307305235e-03 1.884771125499750495e-03 1.549028048301739381e-03 1.689731187036265037e-03
2.140690039573379181e+03 1.594389247608577614e-03 1.867247020203665611e-03 1.540132622101860740e-03 1.667256296638034438e-03
2.140790039573379090e+03 1.551562100008958833e-03 1.837442593006234507e-03 1.533203773301449260e-03 1.640736155438880794e-03
2.140890039573378999e+03 1.509824511708730832e-03 1.801198308407581539e-03 1.529780561700716003e-03 1.613601127272342936e-03
2.140990039573378908e+03 1.471455542208026076e-03 1.763707552907842549e-03 1.531107793999722392e-03 1.588756963038530194e-03
2.141090039573378817e+03 1.437799809707193243e-03 1.728991164907420003e-03 1.537956135498536265e-03 1.568249036704383098e-03
2.141190039573378726e+03 1.409699196006006065e-03 1.700073505106180702e-03 1.550982147697216014e-03 1.553584949603134405e-03
2.141290039573378635e+03 1.387544087104735204e-03 1.679124708104477335e-03 1.570783094495767840e-03 1.545817296568326865e-03
2.141390039573378544e+03 1.371693538903387627e-03 1.667886394102401906e-03 1.598288884094121272e-03 1.545956272366637079e-03
2.141490039573378453e+03 1.362391898201987953e-03 1.667651319900050272e-03 1.634689516492220020e-03 1.554910911531419632e-03
2.141590039573378363e+03 1.359926408600538187e-03 1.679523229297408575e-03 1.681626848389754583e-03 1.573692162095900304e-03
2.141690039573378272e+03 1.364746638098947827e-03 1.704533055394540780e-03 1.741314244386971480e-03 1.603531312626820101e-03
2.141790039573378181e+03 1.377295443897260914e-03 1.743606366991471042e-03 1.816432019783603344e-03 1.645777943557445245e-03
2.141890039573378090e+03 1.398185810695439955e-03 1.797744324088182931e-03 1.910271519279516800e-03 1.702067218021046345e-03
2.141990039573377999e+03 1.428266105193434126e-03 1.868228159584615043e-03 2.026702994074585252e-03 1.774399086284211618e-03
2.142090039573377908e+03 1.468209182391099670e-03 1.956307228780373563e-03 2.169750147768125231e-03 1.864755519646532677e-03
2.142190039573377817e+03 1.518979484588687048e-03 2.063729781076063460e-03 2.343809725561214925e-03 1.975506330408655000e-03
2.142290039573377726e+03 1.581485165686072163e-03 2.192378053771333775e-03 2.552951135553397852e-03 2.108938118336934307e-03
2.142390039573377635e+03 1.656695156483241208e-03 2.344215955366166573e-03 2.800443270244852220e-03 2.267118127364753551e-03
2.142490039573377544e+03 1.745732993280160001e-03 2.520749022960663832e-03 3.087680100535995960e-03 2.451387372258939570e-03
2.142590039573377453e+03 1.849881663476319292e-03 2.721798411754286582e-03 3.412164785526220975e-03 2.661281620252275906e-03
2.142690039573377362e+03 1.970628860272545350e-03 2.943273883449642157e-03 3.764133289419971731e-03 2.892678677714052935e-03
2.142790039573377271e+03 2.109412444768444042e-03 3.174242887547483721e-03 4.122473719718522389e-03 3.135376350678150629e-03
2.142890039573377180e+03 2.267607261364030721e-03 3.394817034349847246e-03 4.451955688425083928e-03 3.371459994712987154e-03
2.142990039573377089e+03 2.445783041159487695e-03 3.577440814658476402e-03 4.706279197042174088e-03 3.576501017620045339e-03
2.143090039573376998e+03 2.643323612654186437e-03 3.694577537472833271e-03 4.841121718868727011e-03 3.726340956331915429e-03
2.143190039573376907e+03 2.857991781550213699e-03 3.730110568991759114e-03 4.833434615901782000e-03 3.807178988814584938e-03
2.143290039573376816e+03 3.086409175047025080e-03 3.686274691110166292e-03 4.693256444732510184e-03 3.821980103629901097e-03
2.143390039573376725e+03 3.323461836345022093e-03 3.578415291525014787e-03 4.455819236355067214e-03 3.785898788075034698e-03
2.143490039573376635e+03 3.561068064944893780e-03 3.424477062435701564e-03 4.163119105867882884e-03 3.716221411082826654e-03
2.143590039573376544e+03 3.785037816147038183e-03 3.237438460644228959e-03 3.848384203574424945e-03 3.623620160121897651e-03
2.143690039573376453e+03 3.970581491956124212e-03 3.025006259350233786e-03 3.531379602674961874e-03 3.508989117993773291e-03
2.143790039573376362e+03 4.080199533474078780e-03 2.793529782354736875e-03 3.222040422773148755e-03 3.365256579533987269e-03
2.143890039573376271e+03 4.069854868702446268e-03 2.551044869457340034e-03 2.925505541470121464e-03 3.182135093209969255e-03
2.143990039573376180e+03 3.909377728337947583e-03 2.307742790257533236e-03 2.645882888866122207e-03 2.954334469153867965e-03
2.144090039573376089e+03 3.606715785872946500e-03 2.074058246456321648e-03 2.387317334862318775e-03 2.689363789063861730e-03
2.144190039573375998e+03 3.212121307395103802e-03 1.858436168251968333e-03 2.153910009156254947e-03 2.408155828267775911e-03
2.144290039573375907e+03 2.792226103101201704e-03 1.665682475446456654e-03 1.948955257249397393e-03 2.135621278599018295e-03
2.144390039573375816e+03 2.399068276494757505e-03 1.496175760540853798e-03 1.774126198542136726e-03 1.889790078525915937e-03
2.144490039573375725e+03 2.058347399582118997e-03 1.346362641736107433e-03 1.628355091835133198e-03 1.677688377717786398e-03
2.144590039573375634e+03 1.775136042969546399e-03 1.211708869633066005e-03 1.506827434529842743e-03 1.497890782377485049e-03
2.144690039573375543e+03 1.544519633656630912e-03 1.091654622629481021e-03 1.402270263425675319e-03 1.346148173237262779e-03
2.144790039573375452e+03 1.358213150245750128e-03 9.902197493249086276e-04 1.307306334223319643e-03 1.218579744597992655e-03
2.144890039573375361e+03 1.207311732237055903e-03 9.112936734993813508e-04 1.216149681322384714e-03 1.111585029019607250e-03
2.144990039573375270e+03 1.083879378430310358e-03 8.549452003538371122e-04 1.126021170422132189e-03 1.021615249735426589e-03
2.145090039573375179e+03 9.815583435255916499e-04 8.169853423994941728e-04 1.037446509722153402e-03 9.453300652157464084e-04
2.145190039573375088e+03 8.959103779014215060e-04 7.911966781864500104e-04 9.528437984111600865e-04 8.799836181663438315e-04
2.145290039573374997e+03 8.241523245779473978e-04 7.720483690047892948e-04 8.740712634597018905e-04 8.234239856808127887e-04
2.145390039573374906e+03 7.645236968149137381e-04 7.562296513339564685e-04 8.012961410382019034e-04 7.740164963956908117e-04
2.145490039573374816e+03 7.152897025823139708e-04 7.428349763733501677e-04 7.336171991669271928e-04 7.305806260408638855e-04
2.145590039573374725e+03 6.743984729504133059e-04 7.329989138125048371e-04 6.707393116260123786e-04 6.927122327963101739e-04
2.145690039573374634e+03 6.393479486789259598e-04 7.282790406312019326e-04 6.133549825046134569e-04 6.603273239382471526e-04
2.145790039573374543e+03 6.076212591880794482e-04 7.285162703099395953e-04 5.625963205329261073e-04 6.329112833436483475e-04
2.145890039573374452e+03 5.779399211575586212e-04 7.307793761194236693e-04 5.197149586909200576e-04 6.094780853226341522e-04
2.145990039573374361e+03 5.512007829968093792e-04 7.293806010303561941e-04 4.854462218387268048e-04 5.886758686219640537e-04
2.146090039573374270e+03 5.296456633555871778e-04 7.178733250129827300e-04 4.601116765765668254e-04 5.692102216483789110e-04
2.146190039573374179e+03 5.145829404839042699e-04 6.913771236768679728e-04 4.435808054642849016e-04 5.498469565416856967e-04
2.146290039573374088e+03 5.069114001219885736e-04 6.494136853008771870e-04 4.356560616820541357e-04 5.306603823683065779e-04
2.146390039573373997e+03 5.079788823497233090e-04 5.974945321634577864e-04 4.363431901498218387e-04 5.139388682210009780e-04
2.146490039573373906e+03 5.179545123574142481e-04 5.444188900837575304e-04 4.461156961974669386e-04 5.028296995462128334e-04
2.146590039573373815e+03 5.351551108154633000e-04 4.971366210724708148e-04 4.661186042047241879e-04 4.994701120308861009e-04
2.146690039573373724e+03 5.597147848835223264e-04 4.584558588902022062e-04 4.971593018418128847e-04 5.051099818718457696e-04
2.146790039573373633e+03 5.939418798209725441e-04 4.282816699079585072e-04 5.369076689995161454e-04 5.197104062428158045e-04
2.146890039573373542e+03 6.362221944988484318e-04 4.054343722860260439e-04 5.780906219491377699e-04 5.399157295780040999e-04
2.146990039573373451e+03 6.806850247382727290e-04 3.882149548645416636e-04 6.110970255912943905e-04 5.599990017313696486e-04
2.147090039573373360e+03 7.204998493693177053e-04 3.746297155036449060e-04 6.286428995252923632e-04 5.745908214660850818e-04
2.147190039573373269e+03 7.478510364726617026e-04 3.621497942533483984e-04 6.273637968403431974e-04 5.791215425221177661e-04
2.147290039573373178e+03 7.533755006585178202e-04 3.476362222238940343e-04 6.061902455356809206e-04 5.690673228060309612e-04
2.147390039573373087e+03 7.245464789377348063e-04 3.260881538057813561e-04 5.624255961817420726e-04 5.376867429750861868e-04
2.147490039573372997e+03 6.463397180109830328e-04 2.906954464294958496e-04 4.904380400793142665e-04 4.758244015065977344e-04
2.147590039573372906e+03 5.181638145549726047e-04 2.391388439840671360e-04 3.918378980969028586e-04 3.830468522119808935e-04
2.147690039573372815e+03 3.810679243474063586e-04 1.851707253147251279e-04 2.924278885171238598e-04 2.862221793930851696e-04
2.147790039573372724e+03 2.778538130181617974e-04 1.440471391512205060e-04 2.186129484001402955e-04 2.135046335231742087e-04
2.147890039573372633e+03 2.107417461983114408e-04 1.165042244575150419e-04 1.702223164932032925e-04 1.658227623830098980e-04
2.147990039573372542e+03 1.673218774618470575e-04 9.797539987605556329e-05 1.384307344486742828e-04 1.345760039288589408e-04
2.148090039573372451e+03 1.380367189281235670e-04 8.492156061362108644e-05 1.166140274660518720e-04 1.131907690025988418e-04
2.148190039573372360e+03 1.173197753757467964e-04 7.526283159967929459e-05 1.009099026443562518e-04 9.783083653992744760e-05
2.148290039573372269e+03 1.020241179342429625e-04 6.780927443406758049e-05 8.911946952027061586e-05 8.631762062952705295e-05
2.148390039573372178e+03 9.031695699124751213e-05 6.185762856565095902e-05 7.995074481754336690e-05 7.737511012481394150e-05
2.148490039573372087e+03 8.108436376056108624e-05 5.697314840835493254e-05 7.261117660503597438e-05 7.022289625798399998e-05
2.148590039573371996e+03 7.362003184810451983e-05 5.287492750415546516e-05 6.659357441069662428e-05 6.436284458765219405e-05
2.148690039573371905e+03 6.745854962073719106e-05 4.937406605398704670e-05 6.156071192541898054e-05 5.946444253338107954e-05
2.148790039573371814e+03 6.228263833245930312e-05 4.633900168585571055e-05 5.728068789620672645e-05 5.530077597150725348e-05
2.148890039573371723e+03 5.786946276924426186e-05 4.367526355575102612e-05 5.358925707304077021e-05 5.171132779934535273e-05
2.148990039573371632e+03 5.405837546207451345e-05 4.131318679766597429e-05 5.036704638390848108e-05 4.857953621454965402e-05
2.149090039573371541e+03 5.073086736995329707e-05 3.920019214160535127e-05 4.752530033981413178e-05 4.581878661712426230e-05
2.149190039573371450e+03 4.779771836084031883e-05 3.729577932654559952e-05 4.499668758772442219e-05 4.336339509170345136e-05
2.149290039573371359e+03 4.519053278574693675e-05 3.556818759549494022e-05 4.272920807264961540e-05 4.116264281796383983e-05
2.149390039573371268e+03 4.285602462166881679e-05 3.399211122445152641e-05 4.068205535558648946e-05 3.917673040056895100e-05
2.149490039573371178e+03 4.075207259160276479e-05 3.254710094641398004e-05 3.882274438053267255e-05 3.737397263951647020e-05
2.149590039573371087e+03 3.884494208055504872e-05 3.121642226538727576e-05 3.712507781049408562e-05 3.572881405214547003e-05
2.149690039573370996e+03 3.710729297150572065e-05 2.998622490335803274e-05 3.556768006645326543e-05 3.422039931377234299e-05
2.149790039573370905e+03 3.551672734546291489e-05 2.884492838333216217e-05 3.413292320941756902e-05 3.283152631273755095e-05
2.149890039573370814e+03 3.405471469842550529e-05 2.778276055430913319e-05 3.280612812338614504e-05 3.154786779204026118e-05
2.149990039573370723e+03 3.270578551839258675e-05 2.679140611928852283e-05 3.157496227635831360e-05 3.035738463801314558e-05
2.150090039573370632e+03 3.145691848736914726e-05 2.586373552327420365e-05 3.042897994833873362e-05 2.924987798632736264e-05
2.150190039573370541e+03 3.029706936734283441e-05 2.499359337225720237e-05 2.935926713531619164e-05 2.821664329163874055e-05
2.150290039573370450e+03 2.921680485731931076e-05 2.417563152024177563e-05 2.835816434029591397e-05 2.725020023928566453e-05
2.150390039573370359e+03 2.820801517729818128e-05 2.340517607322773825e-05 2.741904801027759034e-05 2.634407975360117109e-05
2.150490039573370268e+03 2.726368634027913162e-05 2.267812044921490468e-05 2.653615660126097228e-05 2.549265446358500286e-05
2.150590039573370177e+03 2.637771813226590822e-05 2.199083864320627635e-05 2.570445097224962542e-05 2.469100258257393666e-05
2.150690039573370086e+03 2.554477744824999174e-05 2.134011431819530683e-05 2.491950140823558955e-05 2.393479772489362712e-05
2.150790039573369995e+03 2.476017921369447596e-05 2.072308240988772937e-05 2.417739551443253440e-05 2.322021904600491437e-05
2.150890039573369904e+03 2.401978900226045300e-05 2.013718069376540124e-05 2.347466258248346005e-05 2.254387742616977030e-05
2.150990039573369813e+03 2.331994288319709857e-05 1.958010936887627257e-05 2.280821107984750185e-05 2.190275444397362433e-05
2.151090039573369722e+03 2.265738100545735769e-05 1.904979711019224093e-05 2.217527664648561700e-05 2.129415158737840859e-05
2.151190039573369631e+03 2.202919225600961022e-05 1.854437239869592978e-05 2.157337857837255727e-05 2.071564774435936802e-05
2.151290039573369540e+03 2.143276787582352487e-05 1.806213918336973897e-05 2.100028322348353738e-05 2.016506342755893826e-05
2.151390039573369449e+03 2.086576238787270590e-05 1.760155611219815086e-05 2.045397301279689293e-05 1.964043050428925216e-05
2.151490039573369359e+03 2.032606050013650821e-05 1.716121871616943691e-05 1.993262013529595357e-05 1.913996645053396510e-05
2.151590039573369268e+03 1.981174896258965090e-05 1.673984408126732141e-05 1.943456405495909252e-05 1.866205236627201935e-05
2.151690039573369177e+03 1.932109250021685386e-05 1.633625757648302481e-05 1.895829221877395578e-05 1.820521409849127815e-05
2.151790039573369086e+03 1.885251316500233498e-05 1.594938133580684703e-05 1.850242343872736305e-05 1.776810597984551502e-05
2.151890039573368995e+03 1.840457253793210528e-05 1.557822421923008894e-05 1.806569351480757696e-05 1.734949675732325706e-05
2.151990039573368904e+03 1.797595633499565729e-05 1.522187303074655589e-05 1.764694274800602752e-05 1.694825737124941187e-05
2.152090039573368813e+03 1.756546103017789988e-05 1.487948480434589347e-05 1.724510505530943097e-05 1.656335029661107477e-05
2.152190039573368722e+03 1.717198220847092737e-05 1.455028001902342543e-05 1.685919845471133910e-05 1.619382022740189730e-05
2.152290039573368631e+03 1.679450438086582448e-05 1.423353660077339356e-05 1.648831671420415742e-05 1.583878589861445905e-05
2.152390039573368540e+03 1.643209204035456683e-05 1.392858460759056206e-05 1.613162199278101605e-05 1.549743288024204888e-05
2.152490039573368449e+03 1.608388180893149944e-05 1.363480151147151737e-05 1.578833835243727683e-05 1.516900722428009844e-05
2.152590039573368358e+03 1.574907549558685434e-05 1.335160799340919895e-05 1.545774600616412159e-05 1.485280983172005773e-05
