1.705313631157999907e+02 5.880268568300000183e-06 5.588368142499999726e-06 5.709773025400000122e-06 5.726136578733333626e-06
1.706313631157999851e+02 4.267494890300457942e-06 4.014029653000447144e-06 4.115872396000453247e-06 4.132465646433785829e-06
1.707313631157999794e+02 3.858214800300115709e-06 3.612775435300113824e-06 3.710430389100115159e-06 3.727140208233448231e-06
1.708313631157999737e+02 3.722091249600038382e-06 3.477715223900038600e-06 3.574712374600038611e-06 3.591506282700038390e-06
1.709313631157999680e+02 3.655246582500019173e-06 3.409843725200019689e-06 3.507242874900019041e-06 3.524111060866685968e-06
1.710313631157999623e+02 3.622204189800009144e-06 3.374997124300009782e-06 3.473182391300009561e-06 3.490127901800009637e-06
1.711313631157999566e+02 3.617443308800002562e-06 3.367639717700004258e-06 3.467026332200003351e-06 3.484036452900003531e-06
1.712313631157999509e+02 3.611470395000003318e-06 3.358888829700005144e-06 3.459557752700004057e-06 3.476638992466670981e-06
1.713313631157999453e+02 3.601432823200005336e-06 3.346043086100007103e-06 3.448004113800006792e-06 3.465160007700006411e-06
1.714313631157999396e+02 3.617535601599990663e-06 3.359021885499992987e-06 3.462441349599992026e-06 3.479666278899991751e-06
1.715313631157999339e+02 3.627075747199994407e-06 3.365302928299996437e-06 3.470250569199995690e-06 3.487543081566661613e-06
1.716313631157999282e+02 3.638707128099990136e-06 3.373521013599992682e-06 3.480075172999991508e-06 3.497434438233324916e-06
1.717313631157999225e+02 3.652414647999988300e-06 3.383704766399991009e-06 3.491916255299990024e-06 3.509345223233323111e-06
1.718313631157999168e+02 3.667924462499986685e-06 3.395611649799989958e-06 3.505527640399988479e-06 3.523021250899987950e-06
1.719313631157999112e+02 3.685117168999985184e-06 3.408932351399988676e-06 3.520690235799986899e-06 3.538246585399986496e-06
1.720313631157999055e+02 3.703547933599984260e-06 3.423578364799987893e-06 3.537124960499986076e-06 3.554750419633318986e-06
1.721313631157998998e+02 3.723109470899977404e-06 3.439463845699981980e-06 3.554741204299980106e-06 3.572438173633313587e-06
1.722313631157998941e+02 3.744089500999976072e-06 3.456295058899980890e-06 3.573556765799978305e-06 3.591313775233311756e-06
1.723313631157998884e+02 3.766057181799975006e-06 3.474044805999979474e-06 3.593319203099977693e-06 3.611140396966644623e-06
1.724313631157998827e+02 3.788623497499974359e-06 3.492701992199979034e-06 3.613823807699976688e-06 3.631716432466643784e-06
1.725313631157998771e+02 3.811556228099973705e-06 3.511408799199978767e-06 3.634541797899976311e-06 3.652502275066642928e-06
1.726313631157998714e+02 3.825043066699980361e-06 3.520191528799987846e-06 3.645592836799984224e-06 3.663609144099983861e-06
1.727313631157998657e+02 3.849875688199964239e-06 3.540642805099970835e-06 3.668138134299967960e-06 3.686218875866634486e-06
1.728313631157998600e+02 3.876441711099961814e-06 3.562728497399968674e-06 3.692365311799965503e-06 3.710511840099965613e-06
1.729313631157998543e+02 3.904159145999960679e-06 3.585678128199967217e-06 3.717607641399964161e-06 3.735814971866630827e-06
1.730313631157998486e+02 3.932549186099959580e-06 3.609428654999966105e-06 3.743578779599962998e-06 3.761852206899963177e-06
1.731313631157998429e+02 3.961845004299949725e-06 3.633778603799958495e-06 3.770316138499954442e-06 3.788646582199953797e-06
1.732313631157998373e+02 3.990914127899949937e-06 3.658007928499958575e-06 3.796862328799954592e-06 3.815261461733286995e-06
1.733313631157998316e+02 4.009464636499968337e-06 3.671414025299977209e-06 3.812756349699972881e-06 3.831211670499973091e-06
1.734313631157998259e+02 4.028940441699966993e-06 3.685633172699975714e-06 3.829516083199971278e-06 3.848029899199971328e-06
1.735313631157998202e+02 4.060591940199946061e-06 3.712113978499954516e-06 3.858488790999950963e-06 3.877064903233284694e-06
1.736313631157998145e+02 4.094189998999933454e-06 3.740026442299944713e-06 3.889169823699939195e-06 3.907795421666605928e-06
1.737313631157998088e+02 4.127587064299934116e-06 3.768102611199944054e-06 3.919809092899939142e-06 3.938499589466605629e-06
1.738313631157998032e+02 4.150709721099954046e-06 3.785529106399965070e-06 3.940000650499960349e-06 3.958746492666625500e-06
1.739313631157997975e+02 4.174653004499952953e-06 3.803679489099963999e-06 3.960962829999958405e-06 3.979765107866624978e-06
1.740313631157997918e+02 4.210838334299928355e-06 3.833925844799939595e-06 3.994101519199934202e-06 4.012955232766600999e-06
1.741313631157997861e+02 4.248048291699914944e-06 3.865102215599928603e-06 4.028213159199922448e-06 4.047121222166588383e-06
1.742313631157997804e+02 4.274817890399938910e-06 3.885680280099953653e-06 4.051797060799947055e-06 4.070765077099946822e-06
1.743313631157997747e+02 4.302567967999937274e-06 3.906885424899951632e-06 4.076211866299944203e-06 4.095221753066611318e-06
1.744313631157997690e+02 4.341519057599910928e-06 3.939671384299925166e-06 4.111994320099918882e-06 4.131061587333251376e-06
1.745313631157997634e+02 4.371015838999932788e-06 3.962639941799947144e-06 4.138148913999940296e-06 4.157268231599941205e-06
1.746313631157997577e+02 4.401849872599920831e-06 3.986485507699938812e-06 4.165420300999930351e-06 4.184585227099929998e-06
1.747313631157997520e+02 4.444291350399891158e-06 4.021790758199909000e-06 4.204239599499900727e-06 4.223440569366567244e-06
1.748313631157997463e+02 4.476754445599916894e-06 4.047259239699934914e-06 4.233131293999926715e-06 4.252381659766592559e-06
1.749313631157997406e+02 4.509450090699915804e-06 4.072824576399934646e-06 4.262200289499925753e-06 4.281491652199925401e-06
1.750313631157997349e+02 4.543361999599913936e-06 4.099189407699931992e-06 4.292282630499922508e-06 4.311611345933256145e-06
1.751313631157997293e+02 4.578291645699900718e-06 4.126676754499922209e-06 4.323419030099911533e-06 4.342795810099910075e-06
1.752313631157997236e+02 4.614489883299897384e-06 4.155283610099918860e-06 4.355755112799907937e-06 4.375176202066575009e-06
1.753313631157997179e+02 4.652725990399891863e-06 4.185436249999914216e-06 4.389902231999902318e-06 4.409354824133235850e-06
1.754313631157997122e+02 4.702885483199857708e-06 4.227375346299880684e-06 4.435899858299869434e-06 4.455386895933203456e-06
1.755313631157997065e+02 4.742677952099886351e-06 4.258673174499911093e-06 4.471415234199899004e-06 4.490922120266565765e-06
1.756313631157997008e+02 4.772117484699907471e-06 4.279518018099934845e-06 4.496523260199921110e-06 4.516052920999920860e-06
1.757313631157996952e+02 4.813224721799871135e-06 4.312159036999898716e-06 4.533350529799884644e-06 4.552911429533218165e-06
1.758313631157996895e+02 4.856745649999863435e-06 4.346659531099892375e-06 4.572315748899877842e-06 4.591906976666544550e-06
1.759313631157996838e+02 4.901774333199859310e-06 4.382097067099889318e-06 4.612524037399874241e-06 4.632131812566541239e-06
1.760313631157996781e+02 4.946894668199858854e-06 4.418140952999887243e-06 4.653064085099873257e-06 4.672699902099872836e-06
1.761313631157996724e+02 4.982842657399877491e-06 4.444460215999910285e-06 4.684177416799894085e-06 4.703826763399893954e-06
1.762313631157996667e+02 5.031108160099835485e-06 4.482494949599870492e-06 4.727314082599852303e-06 4.746972397433186376e-06
1.763313631157996610e+02 5.080389377899832318e-06 4.521654079699866287e-06 4.771543617599849365e-06 4.791195691733182939e-06
1.764313631157996554e+02 5.120694741199862753e-06 4.551606518899897862e-06 4.806657940799880709e-06 4.826319733633214904e-06
1.765313631157996497e+02 5.173096238599821067e-06 4.593445183799857485e-06 4.853763271599839380e-06 4.873434897999839028e-06
1.766313631157996440e+02 5.226681336699802028e-06 4.636235990099841548e-06 4.901960381699822004e-06 4.921625902833154911e-06
1.767313631157996383e+02 5.270826595299836553e-06 4.668812551399879581e-06 4.940334006699858280e-06 4.959991051133192318e-06
1.768313631157996326e+02 5.315206712199835558e-06 4.701862027299877865e-06 4.979068405299857241e-06 4.998712381599856888e-06
1.769313631157996269e+02 5.361476977299828550e-06 4.736470740299872154e-06 5.019507382499850936e-06 5.039151700033183880e-06
1.770313631157996213e+02 5.410798305599817941e-06 4.772921155399865038e-06 5.062453553399841681e-06 5.082057671466507938e-06
1.771313631157996156e+02 5.472782651199753446e-06 4.822231790599803178e-06 5.118155807099777797e-06 5.137723416299778705e-06
1.772313631157996099e+02 5.535597651699750057e-06 4.872471414499800474e-06 5.174730356699774770e-06 5.194266474299774818e-06
1.773313631157996042e+02 5.577802625799831908e-06 4.901908763499883427e-06 5.210600962599856479e-06 5.230104117299856989e-06
1.774313631157995985e+02 5.632394213099782740e-06 4.942763669899837569e-06 5.258402312999809149e-06 5.277853398666476486e-06
1.775313631157995928e+02 5.689518029899773009e-06 4.985869569199828653e-06 5.308596499299800100e-06 5.327994699466466972e-06
1.776313631157995871e+02 5.749215144099745575e-06 5.031269998799806009e-06 5.361217139699775460e-06 5.380567427533109297e-06
1.777313631157995815e+02 5.821058408799693072e-06 5.088332488799756818e-06 5.425761829699724731e-06 5.445050909099724874e-06
1.778313631157995758e+02 5.872708221099779397e-06 5.124804183399844521e-06 5.469921915599811888e-06 5.489144773366478320e-06
1.779313631157995701e+02 5.925618362299775097e-06 5.162218839499840642e-06 5.515198927399806505e-06 5.534345376399806285e-06
1.780313631157995644e+02 5.991888321599716750e-06 5.212377542399786332e-06 5.573577192399751001e-06 5.592614352133084977e-06
1.781313631157995587e+02 6.061449247299684200e-06 5.265537543199758480e-06 5.635054671499720694e-06 5.654013820666387227e-06
1.782313631157995530e+02 6.132823195899675552e-06 5.319401288699754948e-06 5.697882422099714501e-06 5.716702302233048334e-06
1.783313631157995474e+02 6.194438906999719776e-06 5.363704508599798258e-06 5.750987891099758341e-06 5.769710435566425176e-06
1.784313631157995417e+02 6.257607733899712484e-06 5.409149794899793372e-06 5.805498497799752090e-06 5.824085342199752649e-06
1.785313631157995360e+02 6.324912048299694524e-06 5.457473076599780648e-06 5.863502681399736599e-06 5.881962602099736692e-06
1.786313631157995303e+02 6.404171598099617128e-06 5.517871537899707934e-06 5.933569424199661205e-06 5.951870853399662089e-06
1.787313631157995246e+02 6.475737683099654382e-06 5.569225773999751479e-06 5.995318155199701475e-06 6.013427204099701598e-06
1.788313631157995189e+02 6.548948543699646360e-06 5.622560148199742258e-06 6.058853763899693633e-06 6.076787485266360750e-06
1.789313631157995133e+02 6.625538630299629516e-06 5.678660811499728878e-06 6.125400056499678324e-06 6.143199832766344725e-06
1.790313631157995076e+02 6.694666549699666295e-06 5.725842810899772138e-06 6.183876180299717297e-06 6.201461846966385526e-06
1.791313631157995019e+02 6.787852970499523411e-06 5.796343028499639014e-06 6.266068530499580040e-06 6.283421509832914437e-06
1.792313631157994962e+02 6.873196000999563675e-06 5.858566231999681112e-06 6.340225422799620258e-06 6.357329218599622246e-06
1.793313631157994905e+02 6.948966373799612415e-06 5.911090819399731662e-06 6.404739446399669960e-06 6.421598879866338012e-06
1.794313631157994848e+02 7.028496352199593176e-06 5.965971019199719506e-06 6.472361647299654384e-06 6.488943006232987610e-06
1.795313631157994791e+02 7.121707715799522942e-06 6.033676752999653764e-06 6.553366805899585818e-06 6.569583758232919994e-06
1.796313631157994735e+02 7.218957831999475019e-06 6.104199728799619225e-06 6.637747955699544596e-06 6.653635172166212664e-06
1.797313631157994678e+02 7.297615212599575591e-06 6.155724237099721961e-06 6.703335610699645879e-06 6.718891686799647246e-06
1.798313631157994621e+02 7.389620794199502716e-06 6.220870129999648356e-06 6.782385697599572862e-06 6.797625540599575491e-06
1.799313631157994564e+02 7.497623865499416208e-06 6.298695327899579513e-06 6.876020045899494439e-06 6.890779746432829771e-06
1.800313631157994507e+02 7.599029133899451704e-06 6.369959615199615740e-06 6.962953981399530947e-06 6.977314243499532797e-06
1.801313631157994450e+02 7.691803400799473146e-06 6.432948187599641996e-06 7.041419028699553531e-06 7.055390205699556225e-06
1.802313631157994394e+02 7.798172407799395500e-06 6.506975432799579141e-06 7.132457467499482498e-06 7.145868436032819893e-06
1.803313631157994337e+02 7.908152785699374863e-06 6.583679186099563483e-06 7.226697472199464322e-06 7.239509814666133940e-06
1.804313631157994280e+02 8.004429338099452133e-06 6.644291051599655177e-06 7.305934145199549411e-06 7.318218178299553370e-06
1.805313631157994223e+02 8.123164165299325272e-06 6.727276379499528282e-06 7.407771920999421198e-06 7.419404155266090737e-06
1.806313631157994166e+02 8.238498841899312997e-06 6.806805312999525550e-06 7.506024749199414105e-06 7.517109634699417550e-06
1.807313631157994109e+02 8.356458479399294932e-06 6.886272022599525662e-06 7.605859448299404717e-06 7.616196650099408154e-06
1.808313631157994053e+02 8.477832316199274113e-06 6.968048066199512372e-06 7.708634782899387574e-06 7.718171721766058584e-06
1.809313631157993996e+02 8.596718195199291008e-06 7.043543321999549179e-06 7.807155694199411866e-06 7.815805737132750967e-06
1.810313631157993939e+02 8.733550755199183922e-06 7.137514504399439508e-06 7.923612425099304773e-06 7.931559228232641323e-06
1.811313631157993882e+02 8.872184662199132362e-06 7.232272966199407399e-06 8.041724512199261533e-06 8.048727380199268227e-06
1.812313631157993825e+02 9.005170576799168572e-06 7.318852804599458592e-06 8.153053111199303228e-06 8.159025497532644593e-06
1.813313631157993768e+02 9.131819298799208497e-06 7.398706127499501134e-06 8.257927021999344542e-06 8.262817482766016364e-06
1.814313631157993711e+02 9.278070549499085309e-06 7.493980092499404641e-06 8.380459765799234994e-06 8.384170135932575546e-06
1.815313631157993655e+02 9.432961289699031530e-06 7.593874620099375693e-06 8.509880584999190048e-06 8.512238831599199090e-06
1.816313631157993598e+02 9.592648916198957297e-06 7.699866613299307221e-06 8.644717052699118999e-06 8.645744194065793376e-06
1.817313631157993541e+02 9.745245799199002030e-06 7.797459344499360861e-06 8.771939039599167899e-06 8.771548061099176930e-06
1.818313631157993484e+02 9.896254143199011879e-06 7.889707402299396915e-06 8.895895317499190910e-06 8.893952287665867133e-06
1.819313631157993427e+02 1.005793312099894212e-05 7.988545391599355278e-06 9.029364613499128313e-06 9.025281042032474671e-06
1.820313631157993370e+02 1.023918102299881630e-05 8.103807395199246776e-06 9.180381188299012969e-06 9.174456535499024784e-06
1.821313631157993314e+02 1.042799021799871318e-05 8.226441205899162737e-06 9.338946000998919996e-06 9.331125808298931405e-06
1.822313631157993257e+02 1.061579685899871908e-05 8.344020314199199136e-06 9.494670281498937133e-06 9.484829151565617885e-06
1.823313631157993200e+02 1.080159714799873314e-05 8.454985816399241937e-06 9.646517157698964145e-06 9.634366707365646406e-06
1.824313631157993143e+02 1.099103533099870810e-05 8.569734317699217392e-06 9.803008749798932772e-06 9.787926132832285524e-06
1.825313631157993086e+02 1.120010766699857327e-05 8.697290215199128459e-06 9.975175309898825539e-06 9.957524397365510220e-06
1.826313631157993029e+02 1.141725352499845736e-05 8.828698835399066835e-06 1.015372827699873099e-05 1.013322687913208506e-05
1.827313631157992972e+02 1.158076091399883833e-05 8.905584265899454025e-06 1.027979019499910419e-05 1.025537845829913275e-05
1.828313631157992916e+02 1.183869684299816652e-05 9.068507350498842539e-06 1.049541075999846898e-05 1.046753831783182714e-05
1.829313631157992859e+02 1.208606759699824101e-05 9.219950825398924194e-06 1.070168369399853537e-05 1.066923403879856686e-05
1.830313631157992802e+02 1.237770194499792800e-05 9.408634447598660151e-06 1.094762297699825239e-05 1.091131978986494572e-05
1.831313631157992745e+02 1.264350147699803690e-05 9.568251554998820151e-06 1.116869132599836733e-05 1.112681478599840587e-05
1.832313631157992688e+02 1.285623368799842797e-05 9.666067106799275941e-06 1.133107834499880011e-05 1.128445971326550247e-05
1.833313631157992631e+02 1.314907486199783721e-05 9.839485945698719734e-06 1.157410921299820443e-05 1.152089000689825266e-05
1.834313631157992575e+02 1.341134678399806211e-05 9.971427211599024739e-06 1.177970761699847963e-05 1.172082720419852216e-05
1.835313631157992518e+02 1.372936967799765088e-05 1.016210801699858995e-05 1.204623873199803008e-05 1.197923880899809087e-05
1.836313631157992461e+02 1.406463270799742719e-05 1.035698189699850497e-05 1.232546980999785738e-05 1.224902813833126374e-05
1.837313631157992404e+02 1.429517374299823064e-05 1.043535250399939833e-05 1.249115123599872826e-05 1.240722582766545128e-05
1.838313631157992347e+02 1.468901843999697722e-05 1.066709930999822138e-05 1.282093760399746903e-05 1.272568511799755588e-05
1.839313631157992290e+02 1.509334752499689595e-05 1.090867567699814671e-05 1.316303382899737400e-05 1.305501901033080668e-05
1.840313631157992234e+02 1.557828650899627864e-05 1.120252555199774461e-05 1.356725291099689781e-05 1.344935499066363922e-05
1.841313631157992177e+02 1.594561438799707557e-05 1.138069807799858223e-05 1.386327426999764435e-05 1.372986224533109902e-05
1.842313631157992120e+02 1.640705887899632771e-05 1.163093130999800796e-05 1.424226788299698420e-05 1.409341935733044052e-05
1.843313631157992063e+02 1.820508098498569143e-05 1.304649712598873393e-05 1.583943745198729137e-05 1.569700518765390445e-05
1.844313631157992006e+02 1.871343811499595429e-05 1.332748308099776364e-05 1.626440511199661736e-05 1.610177543599677617e-05
1.845313631157991949e+02 1.778317664700740470e-05 1.233981584900785983e-05 1.538872421500697024e-05 1.517057223700741159e-05
1.846313631157991892e+02 1.824670825899617790e-05 1.254107859599834230e-05 1.577788971799679179e-05 1.552189219099710287e-05
1.847313631157991836e+02 1.878898675399553024e-05 1.281640163999772978e-05 1.623830888799620453e-05 1.594789909399649044e-05
1.848313631157991779e+02 1.930161231599577604e-05 1.303052730999823497e-05 1.666470020499648787e-05 1.633227994366349793e-05
1.849313631157991722e+02 1.991431329799494811e-05 1.331280025399767332e-05 1.718888541299568034e-05 1.680533298832943110e-05
1.850313631157991665e+02 2.056756379299461507e-05 1.361335341099752375e-05 1.776355210499526240e-05 1.731482310299580323e-05
1.851313631157991608e+02 2.124800478699419973e-05 1.397222706099694014e-05 1.839652738599460439e-05 1.787225307799524752e-05
1.852313631157991551e+02 2.221617099499174813e-05 1.448367219399563911e-05 1.928296861699244007e-05 1.866093726865994244e-05
1.853313631157991495e+02 2.300189623899330036e-05 1.486750412399672673e-05 2.004816076199347481e-05 1.930585370832783171e-05
1.854313631157991438e+02 2.400777215799142542e-05 1.538866161799555397e-05 2.105629776399140456e-05 2.015091051332612798e-05
1.855313631157991381e+02 2.563189415998615118e-05 1.619998344999308123e-05 2.266330483498629690e-05 2.149839414832184310e-05
1.856313631157991324e+02 3.255564872893899214e-05 1.855410586897925866e-05 2.873017157194654504e-05 2.661330872328826415e-05
1.857313631157991267e+02 3.630182617096698990e-05 2.096649952997874764e-05 3.253190707396650685e-05 2.993341092497074700e-05
1.858313631157991210e+02 5.608768210782567377e-05 3.504251880787598078e-05 5.126000590583499174e-05 4.746340227384555102e-05
1.859313631157991153e+02 5.636324488299757627e-05 3.616271055299012768e-05 5.393388964597644182e-05 4.881994836065471074e-05
1.860313631157991097e+02 3.379100271219887593e-05 2.357643946911089190e-05 4.586584647907109089e-05 3.441109622012695178e-05
1.861313631157991040e+02 3.333800197800411674e-05 3.135650010792924008e-05 9.986836221450884777e-05 5.485428810014740379e-05
1.862313631157990983e+02 1.024989797620998473e-05 4.681460437685940686e-05 1.304901331497215061e-04 6.251821183426363145e-05
1.863313631157990926e+02 2.379792949687678147e-05 9.441429996056709432e-05 1.792439912195565937e-04 9.915207355900014746e-05
1.864313631157990869e+02 6.236701956364922462e-05 1.596163310394069982e-04 2.197475099896316157e-04 1.472436201975626038e-04
1.865313631157990812e+02 8.547278788778985220e-05 1.920746125097047986e-04 2.432384683997863557e-04 1.735952895990936688e-04
1.866313631157990756e+02 1.179490397196953928e-04 1.991661912399334726e-04 2.622021436598221105e-04 1.931057915398169829e-04
1.867313631157990699e+02 1.493235370697057452e-04 1.918429839900686901e-04 2.747770425998820386e-04 2.053145212198855094e-04
1.868313631157990642e+02 1.864597023496517025e-04 1.808266942401033184e-04 2.883346335198727997e-04 2.185403433698759131e-04
1.869313631157990585e+02 2.310062797195822039e-04 1.702253659200994281e-04 3.061471023898329350e-04 2.357929160098381799e-04
1.870313631157990528e+02 2.844306876294989267e-04 1.613538282300832152e-04 3.318984817197584967e-04 2.592276658597801858e-04
1.871313631157990471e+02 3.480212379793855542e-04 1.542171338000689561e-04 3.700989003396308857e-04 2.907790907063618167e-04
1.872313631157990415e+02 4.236225664992693870e-04 1.488980874500513878e-04 4.275084149894452061e-04 3.333430229795886603e-04
1.873313631157990358e+02 5.128900739391373687e-04 1.450998799700367126e-04 5.135258504091687846e-04 3.905052681061143248e-04
1.874313631157990301e+02 6.176372519089877921e-04 1.425288930400248522e-04 6.415464866487629540e-04 4.672375438659251813e-04
1.875313631157990244e+02 7.400643366788169000e-04 1.411666430500131643e-04 8.285508968181930049e-04 5.699272921823410592e-04
1.876313631157990187e+02 8.825290491085828210e-04 1.411228522500004249e-04 1.087589922397423116e-03 7.037472745853354901e-04
1.877313631157990130e+02 1.046751947398366417e-03 1.418417926899928551e-04 1.405434349896838176e-03 8.646760299950657707e-04
1.878313631157990073e+02 1.231565735498161727e-03 1.410265996000081140e-04 1.714243313196928088e-03 1.028945216098365841e-03
1.879313631157990017e+02 1.459978404397727775e-03 1.435957179799744342e-04 1.919188662297961322e-03 1.174254261558554556e-03
1.880313631157989960e+02 1.709091192797521910e-03 1.499841557499364457e-04 1.943565767099757592e-03 1.267547038549071865e-03
1.881313631157989903e+02 1.978708612297241150e-03 1.550140253599485197e-04 1.839681220901062978e-03 1.324467952852750657e-03
1.882313631157989846e+02 2.271624199997002765e-03 1.609011566799397708e-04 1.689242409501539319e-03 1.373922588726160564e-03
1.883313631157989789e+02 2.583464436196809301e-03 1.676832743199306087e-04 1.544975527601476044e-03 1.432041079372738850e-03
1.884313631157989732e+02 2.906643462896693186e-03 1.755964981199190414e-04 1.427534966201201780e-03 1.503258309072604687e-03
1.885313631157989676e+02 3.229983097296692043e-03 1.845687086299081965e-04 1.339791742600897773e-03 1.584781182842499338e-03
1.886313631157989619e+02 3.539935276996740345e-03 1.946407539698940799e-04 1.278449461000645071e-03 1.671008497322426598e-03
1.887313631157989562e+02 3.821690387897036956e-03 2.059180622898814262e-04 1.238842286900416600e-03 1.755483579029111507e-03
1.888313631157989505e+02 4.062218787397470394e-03 2.185136616298675246e-04 1.216692064200232924e-03 1.832474837742523307e-03
1.889313631157989448e+02 4.252849116997995879e-03 2.326897311098509176e-04 1.208544663800085626e-03 1.898027837302644150e-03
1.890313631157989391e+02 4.390752218998549700e-03 2.483993211798348486e-04 1.211246965699971619e-03 1.950132835292785281e-03
1.891313631157989334e+02 4.480380651699032366e-03 2.659972098798099507e-04 1.222582254599877474e-03 1.989653372059573336e-03
1.892313631157989278e+02 4.531286369299450216e-03 2.859351528997847039e-04 1.240745372099803789e-03 2.019322298099679534e-03
1.893313631157989221e+02 4.554894362699744674e-03 3.081817756297597290e-04 1.263658601199752493e-03 2.042244913176418947e-03
1.894313631157989164e+02 4.563494542399907511e-03 3.330369029597315500e-04 1.289812441499717417e-03 2.062114628953119061e-03
1.895313631157989107e+02 4.567557616299955381e-03 3.612880676296948953e-04 1.318252188899692772e-03 2.082365957609781052e-03
1.896313631157989050e+02 4.574741954399920429e-03 3.931001111196473518e-04 1.347703790199673499e-03 2.105181951906414176e-03
1.897313631157988993e+02 4.590487383099826034e-03 4.291577177696003181e-04 1.377608712799668466e-03 2.132417937889698363e-03
1.898313631157988937e+02 4.617633856099699272e-03 4.701093940295461007e-04 1.407713976799666216e-03 2.165152408976303827e-03
1.899313631157988880e+02 4.657074056699563210e-03 5.165213683094855950e-04 1.438048428999663631e-03 2.203881284669570884e-03
1.900313631157988823e+02 4.708750066099427409e-03 5.694885343394129329e-04 1.469604307599650184e-03 2.249280969346163436e-03
1.901313631157988766e+02 4.770680427499295745e-03 6.296137525193163959e-04 1.503263891799617351e-03 2.301186023939409686e-03
1.902313631157988709e+02 4.840600034899205512e-03 6.981847693792205120e-04 1.540989430999571089e-03 2.359924745092665307e-03
1.903313631157988652e+02 4.915693554499146745e-03 7.764248187991104957e-04 1.585092260599498763e-03 2.425736877965918234e-03
1.904313631157988596e+02 4.992179568999130165e-03 8.655316271489869352e-04 1.638193973899396269e-03 2.498635056682504962e-03
1.905313631157988539e+02 5.066692948499152728e-03 9.670204005888462413e-04 1.703767616399254467e-03 2.579160321829084695e-03
1.906313631157988482e+02 5.135704910399195751e-03 1.082597290898653286e-03 1.785945318799042440e-03 2.668082506698964042e-03
1.907313631157988425e+02 5.195690051399300818e-03 1.213531309598474359e-03 1.889245705198796393e-03 2.766155688732190813e-03
1.908313631157988368e+02 5.244234512899434257e-03 1.361647857298273938e-03 2.019771870898479267e-03 2.875218080365395893e-03
1.909313631157988311e+02 5.279487433699588637e-03 1.528432050898056527e-03 2.184698559198078142e-03 2.997539347931907697e-03
1.910313631157988254e+02 5.300473469799755512e-03 1.715171340197824048e-03 2.392713025197576102e-03 3.136119278398385220e-03
1.911313631157988198e+02 5.307278351199918448e-03 1.922552343697524549e-03 2.653960750796881610e-03 3.294597148564775303e-03
1.912313631157988141e+02 5.301319654300071238e-03 2.151108758197271559e-03 2.980333005096104035e-03 3.477587139197815466e-03
1.913313631157988084e+02 5.284823841600196775e-03 2.400395601097024198e-03 3.383700808295185027e-03 3.689640083664135189e-03
1.914313631157988027e+02 5.260578769600289875e-03 2.668530366496799609e-03 3.873404334294154421e-03 3.934171156797080723e-03
1.915313631157987970e+02 5.232133889100339282e-03 2.952740347896607494e-03 4.452621020093085538e-03 4.212498419030010627e-03
1.916313631157987913e+02 5.203600995300348281e-03 3.249120475596377691e-03 5.112846702191931221e-03 4.521856057696218775e-03
1.917313631157987857e+02 5.179424167700295671e-03 3.552658878096290329e-03 5.828816091591249894e-03 4.853633045795944720e-03
1.918313631157987800e+02 5.164042649000188424e-03 3.857356966496275959e-03 6.558122220691087363e-03 5.193173945395850727e-03
1.919313631157987743e+02 5.162116142600023383e-03 4.156980850696338249e-03 7.248775746191559767e-03 5.522624246495974089e-03
1.920313631157987686e+02 5.178271287099802181e-03 4.445320435696476294e-03 7.853127336192613356e-03 5.825573019662964522e-03
1.921313631157987629e+02 5.217726453899506310e-03 4.717499621596596242e-03 8.342164407893884470e-03 6.092463494463328140e-03
1.922313631157987572e+02 5.286013356699145911e-03 4.970064980696841175e-03 8.710484829895394701e-03 6.322187722430460018e-03
1.923313631157987516e+02 5.388811807898714369e-03 5.200981039197112923e-03 8.971764953796730960e-03 6.520519266964185795e-03
1.924313631157987459e+02 5.532683841498201027e-03 5.410421954597380637e-03 9.149916899197772790e-03 6.697674231764451196e-03
1.925313631157987402e+02 5.725107253597593558e-03 5.600509004897622281e-03 9.270219953898496332e-03 6.865278737464570145e-03
1.926313631157987345e+02 5.974129191296815092e-03 5.774518169797774117e-03 9.353892936698929295e-03 7.034180099264505590e-03
1.927313631157987288e+02 6.288723210495976088e-03 5.936741270697925600e-03 9.417051640899192291e-03 7.214172040697698282e-03
1.928313631157987231e+02 6.679192515195006043e-03 6.092418964798008464e-03 9.471540547699303092e-03 7.414384009230772822e-03
1.929313631157987174e+02 7.157446447693883301e-03 6.247465997698016874e-03 9.526325043699299805e-03 7.643745829697066660e-03
1.930313631157987118e+02 7.736672635492591703e-03 6.407705748597950640e-03 9.588432024899205125e-03 7.910936802996582778e-03
1.931313631157987061e+02 8.431871916790911053e-03 6.578893305697761963e-03 9.664148441899009581e-03 8.224971221462561155e-03
1.932313631157987004e+02 9.260906674589161613e-03 6.767228826397537339e-03 9.760479457198741396e-03 8.596204986061813449e-03
1.933313631157986947e+02 1.024437307698714168e-02 6.978818996497234035e-03 9.884920825098373470e-03 9.036037632860916685e-03
1.934313631157986890e+02 1.140632557498480817e-02 7.219990032496847142e-03 1.004615822399789263e-02 9.557491277159848447e-03
1.935313631157986833e+02 1.277431693898211512e-02 7.497506342996371892e-03 1.025447273299727631e-02 1.017543200499192169e-02
1.936313631157986777e+02 1.437788025197857950e-02 7.818296303495715291e-03 1.052166813899643033e-02 1.090594823149024055e-02
1.937313631157986720e+02 1.624575142397504876e-02 8.190217538795032531e-03 1.086224977599544936e-02 1.176607291292184471e-02
1.938313631157986663e+02 1.839796397397124722e-02 8.622032149994232272e-03 1.129378400299423622e-02 1.277126004231990408e-02
1.939313631157986606e+02 2.083084715996750061e-02 9.123601816493300334e-03 1.183783667399273404e-02 1.393076188348451108e-02
1.940313631157986549e+02 2.349195509096445311e-02 9.706078441192219838e-03 1.252104479099087377e-02 1.523969277438251731e-02
1.941313631157986492e+02 2.624484210996244279e-02 1.038179822299078146e-02 1.337597760998833832e-02 1.666753931431385130e-02
1.942313631157986435e+02 2.883663278796464238e-02 1.116484091698931834e-02 1.444272119098544659e-02 1.814806496531313346e-02
1.943313631157986379e+02 3.089872507097186916e-02 1.207091719298763847e-02 1.576864298498191139e-02 1.957942841631380923e-02
1.944313631157986322e+02 3.202484462698463458e-02 1.311682771998573180e-02 1.740559804597766741e-02 2.084909013098267677e-02
1.945313631157986265e+02 3.193237567500126217e-02 1.432008860998358439e-02 1.940156259397277094e-02 2.188467562631920757e-02
1.946313631157986208e+02 3.061756924401831323e-02 1.569798015398081101e-02 2.178092515796686487e-02 2.269882485198866651e-02
1.947313631157986151e+02 2.837316618103125770e-02 1.726664431397815364e-02 2.450789615296202276e-02 2.338256888265714470e-02
1.948313631157986094e+02 2.564483084303799745e-02 1.904075350797529431e-02 2.743471345995924029e-02 2.404009927032417851e-02
1.949313631157986038e+02 2.284578369203898313e-02 2.103249364597226112e-02 3.026222939596062006e-02 2.471350224465728579e-02
1.950313631157985981e+02 2.025325700703610801e-02 2.325468536096905389e-02 3.258422465596766404e-02 2.536405567465760749e-02
1.951313631157985924e+02 1.799686646403206303e-02 2.571398406496505293e-02 3.405715699297906518e-02 2.592266917399206269e-02
1.952313631157985867e+02 1.610437642102689401e-02 2.841168434196166340e-02 3.463902514799172688e-02 2.638502863699342810e-02
1.953313631157985810e+02 1.454286922102219007e-02 3.132222791595863642e-02 3.463800945000001380e-02 2.683436886232694329e-02
1.954313631157985753e+02 1.325419922001831383e-02 3.436247112395680176e-02 3.449072290900209725e-02 2.736913108432573877e-02
1.955313631157985697e+02 1.217288084301536635e-02 3.734482916195761698e-02 3.437784084100160148e-02 2.796518361532486507e-02
1.956313631157985640e+02 1.123949619101352951e-02 3.993723360396242428e-02 3.388721618800711460e-02 2.835464866099435613e-02
1.957313631157985583e+02 1.040910519101203788e-02 4.167127924397486666e-02 3.204575779102669664e-02 2.804204740867120155e-02
1.958313631157985526e+02 9.656699432910906267e-03 4.206450786599430502e-02 2.818144510505601538e-02 2.663421746798707440e-02
1.959313631157985469e+02 8.979198401509820918e-03 4.083541796401780888e-02 2.293251530507608299e-02 2.424904389020123702e-02
1.960313631157985412e+02 8.391739901308516159e-03 3.808838403003981382e-02 1.774232285807523027e-02 2.140748226314119138e-02
1.961313631157985355e+02 7.915459363007039048e-03 3.428825762905616387e-02 1.355786545206184510e-02 1.858719414804168094e-02
1.962313631157985299e+02 7.567737707505139272e-03 3.004290094706274505e-02 1.054123577004458488e-02 1.605062480820415582e-02
1.963313631157985242e+02 7.353890256203160329e-03 2.585970560406182506e-02 8.488534167330336055e-03 1.390071000919844077e-02
1.964313631157985185e+02 7.265729400401302676e-03 2.204602535305636574e-02 7.160413236219628080e-03 1.215738932989243043e-02
1.965313631157985128e+02 7.283919919699731113e-03 1.872842837804903141e-02 6.394030048211326624e-03 1.080212611532003000e-02
1.966313631157985071e+02 7.381421236598531554e-03 1.592039001204230073e-02 6.113536995804224813e-03 9.805116081481686854e-03
1.967313631157985014e+02 7.523627635897857553e-03 1.358272488503521266e-02 6.275842376097555235e-03 9.127398299010209062e-03
1.968313631157984958e+02 7.675656598197710435e-03 1.166183140302893585e-02 6.719198325193321067e-03 8.685562108806655496e-03
1.969313631157984901e+02 7.808207859898003665e-03 1.010729664002341620e-02 7.008312055795645062e-03 8.307938851905687441e-03
1.970313631157984844e+02 7.903259044598568914e-03 8.873240564318589374e-03 6.753335357803840443e-03 7.843278322240333778e-03
1.971313631157984787e+02 7.959835168499131489e-03 7.918018077714659986e-03 6.087275363910222767e-03 7.321709536708005325e-03
1.972313631157984730e+02 7.986707895799586426e-03 7.199758702811023467e-03 5.362639134711121372e-03 6.849701911107244044e-03
1.973313631157984673e+02 7.976926365000150398e-03 6.667045475908175631e-03 4.752813609709360086e-03 6.465595150205895661e-03
1.974313631157984616e+02 7.889339234301344372e-03 6.257091400006292194e-03 4.277902024507288653e-03 6.141444219604975073e-03
1.975313631157984560e+02 7.654519077103604137e-03 5.898834140105497885e-03 3.906462555205700293e-03 5.819938590804934683e-03
1.976313631157984503e+02 7.228722642306655705e-03 5.544930780005532384e-03 3.606626320004686741e-03 5.460093247438958276e-03
1.977313631157984446e+02 6.632464317309320553e-03 5.187330392105589730e-03 3.351465679403988450e-03 5.057086796272965666e-03
1.978313631157984389e+02 5.946834533810717652e-03 4.849057648905287510e-03 3.125346887703534578e-03 4.640413023473179480e-03
1.979313631157984332e+02 5.265752821610646985e-03 4.552942924004628814e-03 2.918670550403230750e-03 4.245788765339502183e-03
1.980313631157984275e+02 4.656925568109517022e-03 4.308475645803821856e-03 2.727739291302984630e-03 3.897713501738773925e-03
1.981313631157984219e+02 4.146715597608120578e-03 4.111916498803128324e-03 2.552107386502795554e-03 3.603579827638015397e-03
1.982313631157984162e+02 3.727939107606665324e-03 3.951562930002552876e-03 2.392694208202537573e-03 3.357398748603918591e-03
1.983313631157984105e+02 3.381407224805515685e-03 3.813945526202190336e-03 2.252848628202225485e-03 3.149400459736644269e-03
1.984313631157984048e+02 3.091244751304618281e-03 3.682488645102092659e-03 2.133290722401902980e-03 2.969008039602871307e-03
1.985313631157983991e+02 2.852773440803795663e-03 3.542147916902233656e-03 2.033882127201582044e-03 2.809601161635870599e-03
1.986313631157983934e+02 2.666612342103015683e-03 3.382806097102581105e-03 1.954237280601290195e-03 2.667885239935629139e-03
1.987313631157983878e+02 2.530938101302197905e-03 3.200053205902960926e-03 1.892429167401001424e-03 2.541140158202053780e-03
1.988313631157983821e+02 2.444312585901403483e-03 3.000223929703237351e-03 1.849234940100699708e-03 2.431257151901780253e-03
1.989313631157983764e+02 2.403712063300657807e-03 2.795944222603309343e-03 1.825062081300391674e-03 2.341572789068119536e-03
1.990313631157983707e+02 2.406508906699955045e-03 2.603899814403111152e-03 1.820732797900070053e-03 2.277047173001045272e-03
1.991313631157983650e+02 2.451026691699266253e-03 2.441939383302669728e-03 1.837680599899720784e-03 2.243548891633885371e-03
1.992313631157983593e+02 2.536944677598583758e-03 2.327149751101892199e-03 1.877287943899347191e-03 2.247127457533274527e-03
1.993313631157983536e+02 2.666945112897857288e-03 2.273280593400888241e-03 1.940666538098955330e-03 2.293630748132566809e-03
1.994313631157983480e+02 2.849767590096986478e-03 2.286283329299785855e-03 2.028059312898559518e-03 2.388036744098443950e-03
1.995313631157983423e+02 3.103510417995817075e-03 2.362381946498745468e-03 2.138235723398183852e-03 2.534709362630915321e-03
1.996313631157983366e+02 3.458742293694043370e-03 2.493147730597807324e-03 2.268719091797812178e-03 2.740203038696553857e-03
1.997313631157983309e+02 3.953313898791705958e-03 2.670629604197023461e-03 2.415067349197545787e-03 3.013003617395425358e-03
1.998313631157983252e+02 4.610990495788971216e-03 2.890867043096306561e-03 2.569927972897403327e-03 3.357261837260893701e-03
1.999313631157983195e+02 5.398068953286801717e-03 3.156942700895538478e-03 2.718976245797500527e-03 3.757995966659947052e-03
2.000313631157983139e+02 6.185332443186798874e-03 3.480548810194573298e-03 2.832599671998094638e-03 4.166160308459822270e-03
2.001313631157983082e+02 6.784264183489785785e-03 3.878195332093218890e-03 2.867731313799401060e-03 4.510063609794135245e-03
2.002313631157983025e+02 7.054200739195396787e-03 4.351876857091921923e-03 2.797933884001190669e-03 4.734670493429502837e-03
2.003313631157982968e+02 6.952685982201731521e-03 4.855671372491409017e-03 2.646558295302581243e-03 4.818305216665240594e-03
2.004313631157982911e+02 6.400353405409418828e-03 5.184492306594392849e-03 2.419177891103877539e-03 4.668007867702563506e-03
2.005313631157982854e+02 3.427943798550688818e-03 3.072373313836018142e-03 1.331982566718540152e-03 2.610766559701748531e-03
2.006313631157982798e+02 6.680988311578480582e-04 5.588751497835769445e-04 2.851466344581494398e-04 5.040402051331915531e-04
2.007313631157982741e+02 3.329943344458097276e-04 2.741898895849356494e-04 1.558618276622414269e-04 2.543486838976622951e-04
2.008313631157982684e+02 2.181147945419917083e-04 1.811519396416130269e-04 1.102167967107913643e-04 1.698278436314653304e-04
2.009313631157982627e+02 1.611904170209868818e-04 1.361972635707794162e-04 8.682223784340560471e-05 1.280699728117239947e-04
2.010313631157982570e+02 1.275630291605829906e-04 1.099496274704550710e-04 7.250699992824819363e-05 1.033398855197620851e-04
2.011313631157982513e+02 1.055075712403886416e-04 9.278474148730246423e-05 6.277933309017141492e-05 8.702388193928752046e-05
2.012313631157982456e+02 8.999208004227340235e-05 8.067335991021342648e-05 5.569228620212488749e-05 7.545257538487057662e-05
2.013313631157982400e+02 7.851198642920229900e-05 7.164843853015902004e-05 5.026600786409562163e-05 6.680881094115232485e-05
2.014313631157982343e+02 6.968651556915552055e-05 6.464178551612346731e-05 4.595389757407598950e-05 6.009406621978498342e-05
2.015313631157982286e+02 6.269498652112320770e-05 5.902585778809895875e-05 4.242706446306214539e-05 5.471596959076143954e-05
2.016313631157982229e+02 5.702054676510160493e-05 5.440889544508267084e-05 3.947574550105284837e-05 5.030172923707904590e-05
2.017313631157982172e+02 5.232234097208412945e-05 5.053418078806938465e-05 3.695980779304504983e-05 4.660544318439951679e-05
2.018313631157982115e+02 4.836695930807082358e-05 4.722667465605922713e-05 3.478202114903899527e-05 4.345855170438967522e-05
2.019313631157982059e+02 4.498947263706047634e-05 4.436300367505127278e-05 3.287275759203418378e-05 4.074174463471530645e-05
2.020313631157982002e+02 4.207019815005226982e-05 4.185372564204493348e-05 3.118080104703029899e-05 3.836824161304250302e-05
2.021313631157981945e+02 3.952027681504638386e-05 3.963240596204040816e-05 2.966760010402752506e-05 3.627342762703810570e-05
2.022313631157981888e+02 3.727240883904088748e-05 3.764864676803608283e-05 2.830354840702481223e-05 3.440820133803393203e-05
2.023313631157981831e+02 3.527472396303633114e-05 3.586350020003247488e-05 2.706550495202251970e-05 3.273457637169711648e-05
2.024313631157981774e+02 3.348661988303252939e-05 3.424636861102941257e-05 2.593509767702056345e-05 3.122269539036083401e-05
2.025313631157981717e+02 3.187587193702930160e-05 3.277285966902679864e-05 2.489753617401887210e-05 2.984875592669166083e-05
2.026313631157981661e+02 3.041658478002695824e-05 3.142327072802493244e-05 2.394076374901767427e-05 2.859353975235652391e-05
2.027313631157981604e+02 2.908771430902454903e-05 3.018149753602294120e-05 2.305484075001636946e-05 2.744135086502128544e-05
2.028313631157981547e+02 2.787198357802245956e-05 2.903423506602119671e-05 2.223148871101521007e-05 2.637923578501962099e-05
2.029313631157981490e+02 2.675507589802063319e-05 2.797038319201965447e-05 2.146374835601418238e-05 2.539640248201815442e-05
2.030313631157981433e+02 2.572502612701902752e-05 2.698059849501828724e-05 2.074571953601326622e-05 2.448378138601686033e-05
2.031313631157981376e+02 2.477175580801788376e-05 2.605695191101732551e-05 2.007236101301262948e-05 2.363368957734927845e-05
2.032313631157981320e+02 2.388671414501660216e-05 2.519266411501621365e-05 1.943933457201187456e-05 2.283957094401490131e-05
2.033313631157981263e+02 2.306259781801545876e-05 2.438189877401520961e-05 1.884288236101118794e-05 2.209579298434728544e-05
2.034313631157981206e+02 2.229313021801443279e-05 2.361959937601429733e-05 1.827972943801056582e-05 2.139748634401309865e-05
2.035313631157981149e+02 2.157288594801351188e-05 2.290135924101347595e-05 1.774700565300999303e-05 2.074041694734565916e-05
2.036313631157981092e+02 2.089715013501286777e-05 2.222331706901291162e-05 1.724218249300961105e-05 2.012088323234512789e-05
2.037313631157981035e+02 2.026180478401209744e-05 2.158207232101221027e-05 1.676302162900912578e-05 1.953563291134447670e-05
2.038313631157980979e+02 1.966323630401139728e-05 2.097461614901156870e-05 1.630753269100867217e-05 1.898179504801054718e-05
2.039313631157980922e+02 1.909825974501075705e-05 2.039827461801097251e-05 1.587393837200825564e-05 1.845682424500999733e-05
2.040313631157980865e+02 1.856405633901017199e-05 1.985066171001042927e-05 1.546064540500787074e-05 1.795845448467615733e-05
2.041313631157980808e+02 1.805812169300977706e-05 1.932964019701006994e-05 1.506622027900762270e-05 1.748466072300915600e-05
2.042313631157980751e+02 1.757822256700927323e-05 1.883328885700959125e-05 1.468936880000728345e-05 1.703362674134204988e-05
2.043313631157980694e+02 1.712236063900880894e-05 1.835987486100914916e-05 1.432891880400696532e-05 1.660371810134164171e-05
2.044313631157980637e+02 1.668874195100837992e-05 1.790783038400873967e-05 1.398380545100666893e-05 1.619345926200792894e-05
2.045313631157980581e+02 1.627575104300798292e-05 1.747573271000835312e-05 1.365305865400639164e-05 1.580151413567424369e-05
2.046313631157980524e+02 1.588192893900772619e-05 1.706228720900810925e-05 1.333579229700622292e-05 1.542666948167401776e-05
2.047313631157980467e+02 1.550595434200737177e-05 1.666631272100776632e-05 1.303119493200597295e-05 1.506782066500703871e-05
2.048313631157980410e+02 1.514662749500704759e-05 1.628672895000744504e-05 1.273852172600573984e-05 1.472395939034007806e-05
2.049313631157980353e+02 1.480285628200674301e-05 1.592254554500714298e-05 1.245708746100551912e-05 1.439416309600646894e-05
2.050313631157980296e+02 1.447364421200645659e-05 1.557285260500685878e-05 1.218626043000531125e-05 1.407758574900620831e-05
2.051313631157980240e+02 1.415807999300627882e-05 1.523681239900668493e-05 1.192545709300518860e-05 1.377344982833938412e-05
2.052313631157980183e+02 1.385532845100602421e-05 1.491365211300642927e-05 1.167413737600500153e-05 1.348103931333915111e-05
2.053313631157980126e+02 1.356462260700578276e-05 1.460265747600618618e-05 1.143180053400482131e-05 1.319969353900559675e-05
2.054313631157980069e+02 1.328525672500555836e-05 1.430316715200595800e-05 1.119798149400465124e-05 1.292880179033872310e-05
2.055313631157980012e+02 1.301658020800534416e-05 1.401456776900574194e-05 1.097224760900449178e-05 1.266779852867185873e-05
