170.5313631158    5.8802685683e-06    5.5883681425e-06    5.7097730254e-06    5.726136578733334e-06
170.63136311579999    4.267494890300458e-06    4.014029653000447e-06    4.115872396000453e-06    4.132465646433786e-06
170.73136311579998    3.858214800300116e-06    3.612775435300114e-06    3.710430389100115e-06    3.7271402082334482e-06
170.83136311579997    3.7220912496000384e-06    3.4777152239000386e-06    3.5747123746000386e-06    3.5915062827000384e-06
170.93136311579997    3.655246582500019e-06    3.4098437252000197e-06    3.507242874900019e-06    3.524111060866686e-06
171.03136311579996    3.622204189800009e-06    3.3749971243000098e-06    3.4731823913000096e-06    3.4901279018000096e-06
171.13136311579996    3.6174433088000026e-06    3.3676397177000043e-06    3.4670263322000034e-06    3.4840364529000035e-06
171.23136311579995    3.6114703950000033e-06    3.358888829700005e-06    3.459557752700004e-06    3.476638992466671e-06
171.33136311579995    3.6014328232000053e-06    3.346043086100007e-06    3.448004113800007e-06    3.4651600077000064e-06
171.43136311579994    3.6175356015999907e-06    3.359021885499993e-06    3.462441349599992e-06    3.4796662788999918e-06
171.53136311579993    3.6270757471999944e-06    3.3653029282999964e-06    3.4702505691999957e-06    3.4875430815666616e-06
171.63136311579993    3.63870712809999e-06    3.3735210135999927e-06    3.4800751729999915e-06    3.497434438233325e-06
171.73136311579992    3.6524146479999883e-06    3.383704766399991e-06    3.49191625529999e-06    3.509345223233323e-06
171.83136311579992    3.6679244624999867e-06    3.39561164979999e-06    3.5055276403999885e-06    3.523021250899988e-06
171.9313631157999    3.685117168999985e-06    3.4089323513999887e-06    3.520690235799987e-06    3.5382465853999865e-06
172.0313631157999    3.7035479335999843e-06    3.423578364799988e-06    3.537124960499986e-06    3.554750419633319e-06
172.1313631157999    3.7231094708999774e-06    3.439463845699982e-06    3.55474120429998e-06    3.5724381736333136e-06
172.2313631157999    3.744089500999976e-06    3.456295058899981e-06    3.5735567657999783e-06    3.5913137752333118e-06
172.3313631157999    3.766057181799975e-06    3.4740448059999795e-06    3.5933192030999777e-06    3.6111403969666446e-06
172.43136311579988    3.7886234974999744e-06    3.492701992199979e-06    3.6138238076999767e-06    3.6317164324666438e-06
172.53136311579988    3.8115562280999737e-06    3.5114087991999788e-06    3.6345417978999763e-06    3.652502275066643e-06
172.63136311579987    3.82504306669998e-06    3.520191528799988e-06    3.6455928367999842e-06    3.663609144099984e-06
172.73136311579987    3.849875688199964e-06    3.540642805099971e-06    3.668138134299968e-06    3.6862188758666345e-06
172.83136311579986    3.876441711099962e-06    3.5627284973999687e-06    3.6923653117999655e-06    3.7105118400999656e-06
172.93136311579985    3.904159145999961e-06    3.5856781281999672e-06    3.717607641399964e-06    3.735814971866631e-06
173.03136311579985    3.93254918609996e-06    3.609428654999966e-06    3.743578779599963e-06    3.761852206899963e-06
173.13136311579984    3.96184500429995e-06    3.6337786037999585e-06    3.7703161384999544e-06    3.788646582199954e-06
173.23136311579984    3.99091412789995e-06    3.6580079284999586e-06    3.7968623287999546e-06    3.815261461733287e-06
173.33136311579983    4.009464636499968e-06    3.671414025299977e-06    3.812756349699973e-06    3.831211670499973e-06
173.43136311579983    4.028940441699967e-06    3.6856331726999757e-06    3.829516083199971e-06    3.848029899199971e-06
173.53136311579982    4.060591940199946e-06    3.7121139784999545e-06    3.858488790999951e-06    3.877064903233285e-06
173.63136311579981    4.0941899989999335e-06    3.7400264422999447e-06    3.889169823699939e-06    3.907795421666606e-06
173.7313631157998    4.127587064299934e-06    3.768102611199944e-06    3.919809092899939e-06    3.938499589466606e-06
173.8313631157998    4.150709721099954e-06    3.785529106399965e-06    3.94000065049996e-06    3.9587464926666255e-06
173.9313631157998    4.174653004499953e-06    3.803679489099964e-06    3.960962829999958e-06    3.979765107866625e-06
174.0313631157998    4.210838334299928e-06    3.83392584479994e-06    3.994101519199934e-06    4.012955232766601e-06
174.1313631157998    4.248048291699915e-06    3.865102215599929e-06    4.0282131591999224e-06    4.047121222166588e-06
174.23136311579978    4.274817890399939e-06    3.885680280099954e-06    4.051797060799947e-06    4.070765077099947e-06
174.33136311579977    4.302567967999937e-06    3.906885424899952e-06    4.076211866299944e-06    4.095221753066611e-06
174.43136311579977    4.341519057599911e-06    3.939671384299925e-06    4.111994320099919e-06    4.131061587333251e-06
174.53136311579976    4.371015838999933e-06    3.962639941799947e-06    4.13814891399994e-06    4.157268231599941e-06
174.63136311579976    4.401849872599921e-06    3.986485507699939e-06    4.16542030099993e-06    4.18458522709993e-06
174.73136311579975    4.444291350399891e-06    4.021790758199909e-06    4.204239599499901e-06    4.223440569366567e-06
174.83136311579975    4.476754445599917e-06    4.047259239699935e-06    4.233131293999927e-06    4.2523816597665926e-06
174.93136311579974    4.509450090699916e-06    4.072824576399935e-06    4.262200289499926e-06    4.281491652199925e-06
175.03136311579973    4.543361999599914e-06    4.099189407699932e-06    4.2922826304999225e-06    4.311611345933256e-06
175.13136311579973    4.578291645699901e-06    4.126676754499922e-06    4.3234190300999115e-06    4.34279581009991e-06
175.23136311579972    4.614489883299897e-06    4.155283610099919e-06    4.355755112799908e-06    4.375176202066575e-06
175.33136311579972    4.652725990399892e-06    4.185436249999914e-06    4.389902231999902e-06    4.409354824133236e-06
175.4313631157997    4.702885483199858e-06    4.227375346299881e-06    4.4358998582998694e-06    4.4553868959332035e-06
175.5313631157997    4.742677952099886e-06    4.258673174499911e-06    4.471415234199899e-06    4.490922120266566e-06
175.6313631157997    4.7721174846999075e-06    4.279518018099935e-06    4.496523260199921e-06    4.516052920999921e-06
175.7313631157997    4.813224721799871e-06    4.312159036999899e-06    4.533350529799885e-06    4.552911429533218e-06
175.8313631157997    4.8567456499998634e-06    4.346659531099892e-06    4.572315748899878e-06    4.5919069766665446e-06
175.93136311579968    4.901774333199859e-06    4.382097067099889e-06    4.612524037399874e-06    4.632131812566541e-06
176.03136311579968    4.946894668199859e-06    4.418140952999887e-06    4.653064085099873e-06    4.672699902099873e-06
176.13136311579967    4.9828426573998775e-06    4.44446021599991e-06    4.684177416799894e-06    4.703826763399894e-06
176.23136311579967    5.0311081600998355e-06    4.4824949495998705e-06    4.727314082599852e-06    4.746972397433186e-06
176.33136311579966    5.080389377899832e-06    4.521654079699866e-06    4.771543617599849e-06    4.791195691733183e-06
176.43136311579966    5.120694741199863e-06    4.551606518899898e-06    4.806657940799881e-06    4.826319733633215e-06
176.53136311579965    5.173096238599821e-06    4.5934451837998575e-06    4.853763271599839e-06    4.873434897999839e-06
176.63136311579964    5.226681336699802e-06    4.6362359900998415e-06    4.901960381699822e-06    4.921625902833155e-06
176.73136311579964    5.2708265952998366e-06    4.66881255139988e-06    4.940334006699858e-06    4.959991051133192e-06
176.83136311579963    5.3152067121998356e-06    4.701862027299878e-06    4.979068405299857e-06    4.998712381599857e-06
176.93136311579963    5.3614769772998285e-06    4.736470740299872e-06    5.019507382499851e-06    5.039151700033184e-06
177.03136311579962    5.410798305599818e-06    4.772921155399865e-06    5.062453553399842e-06    5.082057671466508e-06
177.13136311579962    5.4727826511997534e-06    4.822231790599803e-06    5.118155807099778e-06    5.137723416299779e-06
177.2313631157996    5.53559765169975e-06    4.8724714144998005e-06    5.174730356699775e-06    5.194266474299775e-06
177.3313631157996    5.577802625799832e-06    4.9019087634998834e-06    5.2106009625998565e-06    5.230104117299857e-06
177.4313631157996    5.632394213099783e-06    4.9427636698998376e-06    5.258402312999809e-06    5.2778533986664765e-06
177.5313631157996    5.689518029899773e-06    4.985869569199829e-06    5.3085964992998e-06    5.327994699466467e-06
177.6313631157996    5.7492151440997456e-06    5.031269998799806e-06    5.3612171396997755e-06    5.380567427533109e-06
177.73136311579958    5.821058408799693e-06    5.088332488799757e-06    5.425761829699725e-06    5.445050909099725e-06
177.83136311579958    5.872708221099779e-06    5.1248041833998445e-06    5.469921915599812e-06    5.489144773366478e-06
177.93136311579957    5.925618362299775e-06    5.162218839499841e-06    5.5151989273998065e-06    5.534345376399806e-06
178.03136311579956    5.991888321599717e-06    5.212377542399786e-06    5.573577192399751e-06    5.592614352133085e-06
178.13136311579956    6.061449247299684e-06    5.2655375431997585e-06    5.635054671499721e-06    5.654013820666387e-06
178.23136311579955    6.1328231958996756e-06    5.319401288699755e-06    5.6978824220997145e-06    5.716702302233048e-06
178.33136311579955    6.19443890699972e-06    5.363704508599798e-06    5.750987891099758e-06    5.769710435566425e-06
178.43136311579954    6.2576077338997125e-06    5.409149794899793e-06    5.805498497799752e-06    5.824085342199753e-06
178.53136311579954    6.3249120482996945e-06    5.457473076599781e-06    5.863502681399737e-06    5.881962602099737e-06
178.63136311579953    6.404171598099617e-06    5.517871537899708e-06    5.933569424199661e-06    5.951870853399662e-06
178.73136311579952    6.475737683099654e-06    5.5692257739997515e-06    5.9953181551997015e-06    6.013427204099702e-06
178.83136311579952    6.548948543699646e-06    5.622560148199742e-06    6.058853763899694e-06    6.076787485266361e-06
178.9313631157995    6.6255386302996295e-06    5.678660811499729e-06    6.125400056499678e-06    6.143199832766345e-06
179.0313631157995    6.694666549699666e-06    5.725842810899772e-06    6.183876180299717e-06    6.2014618469663855e-06
179.1313631157995    6.787852970499523e-06    5.796343028499639e-06    6.26606853049958e-06    6.2834215098329144e-06
179.2313631157995    6.873196000999564e-06    5.858566231999681e-06    6.34022542279962e-06    6.357329218599622e-06
179.3313631157995    6.948966373799612e-06    5.911090819399732e-06    6.40473944639967e-06    6.421598879866338e-06
179.43136311579948    7.028496352199593e-06    5.9659710191997195e-06    6.472361647299654e-06    6.488943006232988e-06
179.53136311579948    7.121707715799523e-06    6.033676752999654e-06    6.553366805899586e-06    6.56958375823292e-06
179.63136311579947    7.218957831999475e-06    6.104199728799619e-06    6.637747955699545e-06    6.653635172166213e-06
179.73136311579947    7.297615212599576e-06    6.155724237099722e-06    6.703335610699646e-06    6.718891686799647e-06
179.83136311579946    7.389620794199503e-06    6.220870129999648e-06    6.782385697599573e-06    6.7976255405995755e-06
179.93136311579946    7.497623865499416e-06    6.2986953278995795e-06    6.8760200458994944e-06    6.89077974643283e-06
180.03136311579945    7.599029133899452e-06    6.369959615199616e-06    6.962953981399531e-06    6.977314243499533e-06
180.13136311579945    7.691803400799473e-06    6.432948187599642e-06    7.0414190286995535e-06    7.055390205699556e-06
180.23136311579944    7.798172407799396e-06    6.506975432799579e-06    7.1324574674994825e-06    7.14586843603282e-06
180.33136311579943    7.908152785699375e-06    6.5836791860995635e-06    7.226697472199464e-06    7.239509814666134e-06
180.43136311579943    8.004429338099452e-06    6.644291051599655e-06    7.305934145199549e-06    7.318218178299553e-06
180.53136311579942    8.123164165299325e-06    6.727276379499528e-06    7.407771920999421e-06    7.419404155266091e-06
180.63136311579942    8.238498841899313e-06    6.8068053129995255e-06    7.506024749199414e-06    7.5171096346994176e-06
180.7313631157994    8.356458479399295e-06    6.886272022599526e-06    7.605859448299405e-06    7.616196650099408e-06
180.8313631157994    8.477832316199274e-06    6.968048066199512e-06    7.708634782899388e-06    7.718171721766059e-06
180.9313631157994    8.596718195199291e-06    7.043543321999549e-06    7.807155694199412e-06    7.815805737132751e-06
181.0313631157994    8.733550755199184e-06    7.1375145043994395e-06    7.923612425099305e-06    7.931559228232641e-06
181.1313631157994    8.872184662199132e-06    7.232272966199407e-06    8.041724512199262e-06    8.048727380199268e-06
181.23136311579938    9.005170576799169e-06    7.318852804599459e-06    8.153053111199303e-06    8.159025497532645e-06
181.33136311579938    9.131819298799208e-06    7.398706127499501e-06    8.257927021999345e-06    8.262817482766016e-06
181.43136311579937    9.278070549499085e-06    7.493980092499405e-06    8.380459765799235e-06    8.384170135932576e-06
181.53136311579937    9.432961289699032e-06    7.593874620099376e-06    8.50988058499919e-06    8.512238831599199e-06
181.63136311579936    9.592648916198957e-06    7.699866613299307e-06    8.644717052699119e-06    8.645744194065793e-06
181.73136311579935    9.745245799199002e-06    7.797459344499361e-06    8.771939039599168e-06    8.771548061099177e-06
181.83136311579935    9.896254143199012e-06    7.889707402299397e-06    8.895895317499191e-06    8.893952287665867e-06
181.93136311579934    1.0057933120998942e-05    7.988545391599355e-06    9.029364613499128e-06    9.025281042032475e-06
182.03136311579934    1.0239181022998816e-05    8.103807395199247e-06    9.180381188299013e-06    9.174456535499025e-06
182.13136311579933    1.0427990217998713e-05    8.226441205899163e-06    9.33894600099892e-06    9.331125808298931e-06
182.23136311579933    1.0615796858998719e-05    8.344020314199199e-06    9.494670281498937e-06    9.484829151565618e-06
182.33136311579932    1.0801597147998733e-05    8.454985816399242e-06    9.646517157698964e-06    9.634366707365646e-06
182.43136311579931    1.0991035330998708e-05    8.569734317699217e-06    9.803008749798933e-06    9.787926132832286e-06
182.5313631157993    1.1200107666998573e-05    8.697290215199128e-06    9.975175309898826e-06    9.95752439736551e-06
182.6313631157993    1.1417253524998457e-05    8.828698835399067e-06    1.0153728276998731e-05    1.0133226879132085e-05
182.7313631157993    1.1580760913998838e-05    8.905584265899454e-06    1.0279790194999104e-05    1.0255378458299133e-05
182.8313631157993    1.1838696842998167e-05    9.068507350498843e-06    1.0495410759998469e-05    1.0467538317831827e-05
182.9313631157993    1.2086067596998241e-05    9.219950825398924e-06    1.0701683693998535e-05    1.0669234038798567e-05
183.03136311579928    1.2377701944997928e-05    9.40863444759866e-06    1.0947622976998252e-05    1.0911319789864946e-05
183.13136311579927    1.2643501476998037e-05    9.56825155499882e-06    1.1168691325998367e-05    1.1126814785998406e-05
183.23136311579927    1.2856233687998428e-05    9.666067106799276e-06    1.13310783449988e-05    1.1284459713265502e-05
183.33136311579926    1.3149074861997837e-05    9.83948594569872e-06    1.1574109212998204e-05    1.1520890006898253e-05
183.43136311579926    1.3411346783998062e-05    9.971427211599025e-06    1.177970761699848e-05    1.1720827204198522e-05
183.53136311579925    1.3729369677997651e-05    1.016210801699859e-05    1.204623873199803e-05    1.1979238808998091e-05
183.63136311579925    1.4064632707997427e-05    1.0356981896998505e-05    1.2325469809997857e-05    1.2249028138331264e-05
183.73136311579924    1.429517374299823e-05    1.0435352503999398e-05    1.2491151235998728e-05    1.2407225827665451e-05
183.83136311579923    1.4689018439996977e-05    1.0667099309998221e-05    1.2820937603997469e-05    1.2725685117997556e-05
183.93136311579923    1.5093347524996896e-05    1.0908675676998147e-05    1.3163033828997374e-05    1.3055019010330807e-05
184.03136311579922    1.557828650899628e-05    1.1202525551997745e-05    1.3567252910996898e-05    1.344935499066364e-05
184.13136311579922    1.5945614387997076e-05    1.1380698077998582e-05    1.3863274269997644e-05    1.3729862245331099e-05
184.2313631157992    1.6407058878996328e-05    1.1630931309998008e-05    1.4242267882996984e-05    1.409341935733044e-05
184.3313631157992    1.820508098498569e-05    1.3046497125988734e-05    1.583943745198729e-05    1.5697005187653904e-05
184.4313631157992    1.8713438114995954e-05    1.3327483080997764e-05    1.6264405111996617e-05    1.6101775435996776e-05
184.5313631157992    1.7783176647007405e-05    1.233981584900786e-05    1.538872421500697e-05    1.5170572237007412e-05
184.6313631157992    1.8246708258996178e-05    1.2541078595998342e-05    1.5777889717996792e-05    1.5521892190997103e-05
184.73136311579918    1.878898675399553e-05    1.281640163999773e-05    1.6238308887996205e-05    1.594789909399649e-05
184.83136311579918    1.9301612315995776e-05    1.3030527309998235e-05    1.6664700204996488e-05    1.6332279943663498e-05
184.93136311579917    1.9914313297994948e-05    1.3312800253997673e-05    1.718888541299568e-05    1.680533298832943e-05
185.03136311579917    2.0567563792994615e-05    1.3613353410997524e-05    1.7763552104995262e-05    1.7314823102995803e-05
185.13136311579916    2.12480047869942e-05    1.397222706099694e-05    1.8396527385994604e-05    1.7872253077995248e-05
185.23136311579916    2.2216170994991748e-05    1.4483672193995639e-05    1.928296861699244e-05    1.8660937268659942e-05
185.33136311579915    2.30018962389933e-05    1.4867504123996727e-05    2.0048160761993475e-05    1.9305853708327832e-05
185.43136311579914    2.4007772157991425e-05    1.5388661617995554e-05    2.1056297763991405e-05    2.0150910513326128e-05
185.53136311579914    2.563189415998615e-05    1.619998344999308e-05    2.2663304834986297e-05    2.1498394148321843e-05
185.63136311579913    3.255564872893899e-05    1.855410586897926e-05    2.8730171571946545e-05    2.6613308723288264e-05
185.73136311579913    3.630182617096699e-05    2.0966499529978748e-05    3.253190707396651e-05    2.9933410924970747e-05
185.83136311579912    5.6087682107825674e-05    3.504251880787598e-05    5.126000590583499e-05    4.746340227384555e-05
185.93136311579912    5.6363244882997576e-05    3.616271055299013e-05    5.393388964597644e-05    4.881994836065471e-05
186.0313631157991    3.3791002712198876e-05    2.3576439469110892e-05    4.586584647907109e-05    3.441109622012695e-05
186.1313631157991    3.333800197800412e-05    3.135650010792924e-05    9.986836221450885e-05    5.4854288100147404e-05
186.2313631157991    1.0249897976209985e-05    4.681460437685941e-05    0.0001304901331497215    6.251821183426363e-05
186.3313631157991    2.379792949687678e-05    9.44142999605671e-05    0.0001792439912195566    9.915207355900015e-05
186.4313631157991    6.236701956364922e-05    0.000159616331039407    0.00021974750998963162    0.0001472436201975626
186.53136311579908    8.547278788778985e-05    0.0001920746125097048    0.00024323846839978636    0.00017359528959909367
186.63136311579908    0.00011794903971969539    0.00019916619123993347    0.0002622021436598221    0.00019310579153981698
186.73136311579907    0.00014932353706970575    0.0001918429839900687    0.00027477704259988204    0.0002053145212198855
186.83136311579906    0.0001864597023496517    0.00018082669424010332    0.0002883346335198728    0.0002185403433698759
186.93136311579906    0.0002310062797195822    0.00017022536592009943    0.00030614710238983293    0.00023579291600983818
187.03136311579905    0.0002844306876294989    0.00016135382823008322    0.0003318984817197585    0.0002592276658597802
187.13136311579905    0.00034802123797938555    0.00015421713380006896    0.0003700989003396309    0.0002907790907063618
187.23136311579904    0.0004236225664992694    0.0001488980874500514    0.0004275084149894452    0.00033334302297958866
187.33136311579904    0.0005128900739391374    0.0001450998799700367    0.0005135258504091688    0.0003905052681061143
187.43136311579903    0.0006176372519089878    0.00014252889304002485    0.000641546486648763    0.0004672375438659252
187.53136311579902    0.0007400643366788169    0.00014116664305001316    0.000828550896818193    0.0005699272921823411
187.63136311579902    0.0008825290491085828    0.00014112285225000042    0.0010875899223974231    0.0007037472745853355
187.731363115799    0.0010467519473983664    0.00014184179268999286    0.0014054343498968382    0.0008646760299950658
187.831363115799    0.0012315657354981617    0.00014102659960000811    0.001714243313196928    0.0010289452160983658
187.931363115799    0.0014599784043977278    0.00014359571797997443    0.0019191886622979613    0.0011742542615585546
188.031363115799    0.001709091192797522    0.00014998415574993645    0.0019435657670997576    0.0012675470385490719
188.131363115799    0.001978708612297241    0.00015501402535994852    0.001839681220901063    0.0013244679528527507
188.23136311579898    0.0022716241999970028    0.00016090115667993977    0.0016892424095015393    0.0013739225887261606
188.33136311579898    0.0025834644361968093    0.0001676832743199306    0.001544975527601476    0.0014320410793727388
188.43136311579897    0.002906643462896693    0.00017559649811991904    0.0014275349662012018    0.0015032583090726047
188.53136311579897    0.003229983097296692    0.0001845687086299082    0.0013397917426008978    0.0015847811828424993
188.63136311579896    0.0035399352769967403    0.00019464075396989408    0.001278449461000645    0.0016710084973224266
188.73136311579896    0.003821690387897037    0.00020591806228988143    0.0012388422869004166    0.0017554835790291115
188.83136311579895    0.00406221878739747    0.00021851366162986752    0.001216692064200233    0.0018324748377425233
188.93136311579894    0.004252849116997996    0.00023268973110985092    0.0012085446638000856    0.0018980278373026441
189.03136311579894    0.00439075221899855    0.00024839932117983485    0.0012112469656999716    0.0019501328352927853
189.13136311579893    0.004480380651699032    0.00026599720987980995    0.0012225822545998775    0.0019896533720595733
189.23136311579893    0.00453128636929945    0.0002859351528997847    0.0012407453720998038    0.0020193222980996795
189.33136311579892    0.004554894362699745    0.00030818177562975973    0.0012636586011997525    0.002042244913176419
189.43136311579892    0.0045634945423999075    0.00033303690295973155    0.0012898124414997174    0.002062114628953119
189.5313631157989    0.004567557616299955    0.0003612880676296949    0.0013182521888996928    0.002082365957609781
189.6313631157989    0.00457474195439992    0.00039310011111964735    0.0013477037901996735    0.002105181951906414
189.7313631157989    0.004590487383099826    0.0004291577177696003    0.0013776087127996685    0.0021324179378896984
189.8313631157989    0.004617633856099699    0.0004701093940295461    0.0014077139767996662    0.002165152408976304
189.9313631157989    0.004657074056699563    0.0005165213683094856    0.0014380484289996636    0.002203881284669571
190.03136311579888    0.004708750066099427    0.0005694885343394129    0.0014696043075996502    0.0022492809693461634
190.13136311579888    0.004770680427499296    0.0006296137525193164    0.0015032638917996174    0.0023011860239394097
190.23136311579887    0.0048406000348992055    0.0006981847693792205    0.001540989430999571    0.0023599247450926653
190.33136311579887    0.004915693554499147    0.0007764248187991105    0.0015850922605994988    0.0024257368779659182
190.43136311579886    0.00499217956899913    0.0008655316271489869    0.0016381939738993963    0.002498635056682505
190.53136311579885    0.005066692948499153    0.0009670204005888462    0.0017037676163992545    0.0025791603218290847
190.63136311579885    0.005135704910399196    0.0010825972908986533    0.0017859453187990424    0.002668082506698964
190.73136311579884    0.005195690051399301    0.0012135313095984744    0.0018892457051987964    0.002766155688732191
190.83136311579884    0.005244234512899434    0.001361647857298274    0.0020197718708984793    0.002875218080365396
190.93136311579883    0.005279487433699589    0.0015284320508980565    0.002184698559198078    0.0029975393479319077
191.03136311579883    0.0053004734697997555    0.001715171340197824    0.002392713025197576    0.0031361192783983852
191.13136311579882    0.0053072783511999184    0.0019225523436975245    0.0026539607507968816    0.0032945971485647753
191.2313631157988    0.005301319654300071    0.0021511087581972716    0.002980333005096104    0.0034775871391978155
191.3313631157988    0.005284823841600197    0.002400395601097024    0.003383700808295185    0.003689640083664135
191.4313631157988    0.00526057876960029    0.0026685303664967996    0.0038734043342941544    0.003934171156797081
191.5313631157988    0.005232133889100339    0.0029527403478966075    0.0044526210200930855    0.004212498419030011
191.6313631157988    0.005203600995300348    0.0032491204755963777    0.005112846702191931    0.004521856057696219
191.73136311579879    0.005179424167700296    0.0035526588780962903    0.00582881609159125    0.004853633045795945
191.83136311579878    0.005164042649000188    0.003857356966496276    0.006558122220691087    0.005193173945395851
191.93136311579877    0.005162116142600023    0.004156980850696338    0.00724877574619156    0.005522624246495974
192.03136311579877    0.005178271287099802    0.004445320435696476    0.007853127336192613    0.0058255730196629645
192.13136311579876    0.005217726453899506    0.004717499621596596    0.008342164407893884    0.006092463494463328
192.23136311579876    0.005286013356699146    0.004970064980696841    0.008710484829895395    0.00632218772243046
192.33136311579875    0.005388811807898714    0.005200981039197113    0.008971764953796731    0.006520519266964186
192.43136311579875    0.005532683841498201    0.005410421954597381    0.009149916899197773    0.006697674231764451
192.53136311579874    0.0057251072535975936    0.005600509004897622    0.009270219953898496    0.00686527873746457
192.63136311579873    0.005974129191296815    0.005774518169797774    0.00935389293669893    0.007034180099264506
192.73136311579873    0.006288723210495976    0.005936741270697926    0.009417051640899192    0.007214172040697698
192.83136311579872    0.006679192515195006    0.0060924189647980085    0.009471540547699303    0.007414384009230773
192.93136311579872    0.007157446447693883    0.006247465997698017    0.0095263250436993    0.007643745829697067
193.0313631157987    0.007736672635492592    0.006407705748597951    0.009588432024899205    0.007910936802996583
193.1313631157987    0.008431871916790911    0.006578893305697762    0.00966414844189901    0.008224971221462561
193.2313631157987    0.009260906674589162    0.006767228826397537    0.009760479457198741    0.008596204986061813
193.3313631157987    0.010244373076987142    0.006978818996497234    0.009884920825098373    0.009036037632860917
193.4313631157987    0.011406325574984808    0.007219990032496847    0.010046158223997893    0.009557491277159848
193.53136311579868    0.012774316938982115    0.007497506342996372    0.010254472732997276    0.010175432004991922
193.63136311579868    0.01437788025197858    0.007818296303495715    0.01052166813899643    0.01090594823149024
193.73136311579867    0.01624575142397505    0.008190217538795033    0.01086224977599545    0.011766072912921845
193.83136311579867    0.018397963973971247    0.008622032149994232    0.011293784002994236    0.012771260042319904
193.93136311579866    0.0208308471599675    0.0091236018164933    0.011837836673992734    0.013930761883484511
194.03136311579865    0.023491955090964453    0.00970607844119222    0.012521044790990874    0.015239692774382517
194.13136311579865    0.026244842109962443    0.010381798222990781    0.013375977609988338    0.01666753931431385
194.23136311579864    0.028836632787964642    0.011164840916989318    0.014442721190985447    0.018148064965313133
194.33136311579864    0.03089872507097187    0.012070917192987638    0.01576864298498191    0.01957942841631381
194.43136311579863    0.032024844626984635    0.013116827719985732    0.017405598045977667    0.020849090130982677
194.53136311579863    0.03193237567500126    0.014320088609983584    0.01940156259397277    0.021884675626319208
194.63136311579862    0.030617569244018313    0.01569798015398081    0.021780925157966865    0.022698824851988667
194.73136311579862    0.028373166181031258    0.017266644313978154    0.024507896152962023    0.023382568882657145
194.8313631157986    0.025644830843037997    0.019040753507975294    0.02743471345995924    0.02404009927032418
194.9313631157986    0.022845783692038983    0.02103249364597226    0.03026222939596062    0.024713502244657286
195.0313631157986    0.020253257007036108    0.023254685360969054    0.032584224655967664    0.025364055674657607
195.1313631157986    0.017996866464032063    0.025713984064965053    0.034057156992979065    0.025922669173992063
195.2313631157986    0.016104376421026894    0.028411684341961663    0.03463902514799173    0.026385028636993428
195.33136311579858    0.01454286922102219    0.031322227915958636    0.034638009450000014    0.026834368862326943
195.43136311579858    0.013254199220018314    0.0343624711239568    0.0344907229090021    0.02736913108432574
195.53136311579857    0.012172880843015366    0.03734482916195762    0.0343778408410016    0.027965183615324865
195.63136311579856    0.01123949619101353    0.039937233603962424    0.033887216188007115    0.028354648660994356
195.73136311579856    0.010409105191012038    0.04167127924397487    0.0320457577910267    0.0280420474086712
195.83136311579855    0.009656699432910906    0.042064507865994305    0.028181445105056015    0.026634217467987074
195.93136311579855    0.008979198401509821    0.04083541796401781    0.022932515305076083    0.024249043890201237
196.03136311579854    0.008391739901308516    0.038088384030039814    0.01774232285807523    0.02140748226314119
196.13136311579854    0.007915459363007039    0.034288257629056164    0.013557865452061845    0.01858719414804168
196.23136311579853    0.007567737707505139    0.030042900947062745    0.010541235770044585    0.016050624808204156
196.33136311579852    0.00735389025620316    0.025859705604061825    0.008488534167330336    0.01390071000919844
196.43136311579852    0.007265729400401303    0.022046025353056366    0.007160413236219628    0.01215738932989243
196.5313631157985    0.007283919919699731    0.01872842837804903    0.006394030048211327    0.01080212611532003
196.6313631157985    0.0073814212365985316    0.0159203900120423    0.006113536995804225    0.009805116081481687
196.7313631157985    0.0075236276358978576    0.013582724885035213    0.006275842376097555    0.009127398299010209
196.8313631157985    0.0076756565981977104    0.011661831403028936    0.006719198325193321    0.008685562108806655
196.9313631157985    0.007808207859898004    0.010107296640023416    0.007008312055795645    0.008307938851905687
197.03136311579848    0.007903259044598569    0.00887324056431859    0.0067533353578038404    0.007843278322240334
197.13136311579848    0.007959835168499131    0.00791801807771466    0.006087275363910223    0.007321709536708005
197.23136311579847    0.007986707895799586    0.0071997587028110235    0.005362639134711121    0.006849701911107244
197.33136311579847    0.00797692636500015    0.006667045475908176    0.00475281360970936    0.006465595150205896
197.43136311579846    0.007889339234301344    0.006257091400006292    0.004277902024507289    0.006141444219604975
197.53136311579846    0.007654519077103604    0.005898834140105498    0.0039064625552057    0.005819938590804935
197.63136311579845    0.007228722642306656    0.005544930780005532    0.0036066263200046867    0.005460093247438958
197.73136311579844    0.0066324643173093206    0.00518733039210559    0.0033514656794039884    0.005057086796272966
197.83136311579844    0.005946834533810718    0.0048490576489052875    0.0031253468877035346    0.0046404130234731795
197.93136311579843    0.005265752821610647    0.004552942924004629    0.0029186705504032307    0.004245788765339502
198.03136311579843    0.004656925568109517    0.004308475645803822    0.0027277392913029846    0.003897713501738774
198.13136311579842    0.004146715597608121    0.004111916498803128    0.0025521073865027956    0.0036035798276380154
198.23136311579842    0.0037279391076066653    0.003951562930002553    0.0023926942082025376    0.0033573987486039186
198.3313631157984    0.0033814072248055157    0.0038139455262021903    0.0022528486282022255    0.0031494004597366443
198.4313631157984    0.0030912447513046183    0.0036824886451020927    0.002133290722401903    0.0029690080396028713
198.5313631157984    0.0028527734408037957    0.0035421479169022337    0.002033882127201582    0.0028096011616358706
198.6313631157984    0.0026666123421030157    0.003382806097102581    0.00195423728060129    0.002667885239935629
198.7313631157984    0.002530938101302198    0.003200053205902961    0.0018924291674010014    0.0025411401582020538
198.83136311579838    0.0024443125859014035    0.0030002239297032374    0.0018492349401006997    0.0024312571519017803
198.93136311579838    0.002403712063300658    0.0027959442226033093    0.0018250620813003917    0.0023415727890681195
199.03136311579837    0.002406508906699955    0.002603899814403111    0.00182073279790007    0.0022770471730010453
199.13136311579837    0.0024510266916992663    0.0024419393833026697    0.0018376805998997208    0.0022435488916338854
199.23136311579836    0.0025369446775985838    0.002327149751101892    0.0018772879438993472    0.0022471274575332745
199.33136311579835    0.0026669451128978573    0.0022732805934008882    0.0019406665380989553    0.002293630748132567
199.43136311579835    0.0028497675900969865    0.002286283329299786    0.0020280593128985595    0.002388036744098444
199.53136311579834    0.003103510417995817    0.0023623819464987455    0.002138235723398184    0.0025347093626309153
199.63136311579834    0.0034587422936940434    0.0024931477305978073    0.002268719091797812    0.002740203038696554
199.73136311579833    0.003953313898791706    0.0026706296041970235    0.002415067349197546    0.0030130036173954254
199.83136311579833    0.004610990495788971    0.0028908670430963066    0.0025699279728974033    0.0033572618372608937
199.93136311579832    0.005398068953286802    0.0031569427008955385    0.0027189762457975005    0.003757995966659947
200.0313631157983    0.006185332443186799    0.0034805488101945733    0.0028325996719980946    0.004166160308459822
200.1313631157983    0.006784264183489786    0.003878195332093219    0.002867731313799401    0.004510063609794135
200.2313631157983    0.007054200739195397    0.004351876857091922    0.0027979338840011907    0.004734670493429503
200.3313631157983    0.0069526859822017315    0.004855671372491409    0.0026465582953025812    0.004818305216665241
200.4313631157983    0.006400353405409419    0.005184492306594393    0.0024191778911038775    0.0046680078677025635
200.53136311579829    0.003427943798550689    0.003072373313836018    0.0013319825667185402    0.0026107665597017485
200.63136311579828    0.0006680988311578481    0.0005588751497835769    0.00028514663445814944    0.0005040402051331916
200.73136311579827    0.00033299433444580973    0.00027418988958493565    0.00015586182766224143    0.0002543486838976623
200.83136311579827    0.0002181147945419917    0.00018115193964161303    0.00011021679671079136    0.00016982784363146533
200.93136311579826    0.00016119041702098688    0.00013619726357077942    8.68222378434056e-05    0.000128069972811724
201.03136311579826    0.000127563029160583    0.00010994962747045507    7.25069999282482e-05    0.00010333988551976209
201.13136311579825    0.00010550757124038864    9.278474148730246e-05    6.277933309017141e-05    8.702388193928752e-05
201.23136311579825    8.99920800422734e-05    8.067335991021343e-05    5.569228620212489e-05    7.545257538487058e-05
201.33136311579824    7.85119864292023e-05    7.164843853015902e-05    5.026600786409562e-05    6.680881094115232e-05
201.43136311579823    6.968651556915552e-05    6.464178551612347e-05    4.595389757407599e-05    6.0094066219784983e-05
201.53136311579823    6.269498652112321e-05    5.902585778809896e-05    4.2427064463062145e-05    5.471596959076144e-05
201.63136311579822    5.7020546765101605e-05    5.440889544508267e-05    3.947574550105285e-05    5.0301729237079046e-05
201.73136311579822    5.232234097208413e-05    5.0534180788069385e-05    3.695980779304505e-05    4.660544318439952e-05
201.8313631157982    4.8366959308070824e-05    4.722667465605923e-05    3.4782021149038995e-05    4.3458551704389675e-05
201.9313631157982    4.4989472637060476e-05    4.436300367505127e-05    3.2872757592034184e-05    4.0741744634715306e-05
202.0313631157982    4.207019815005227e-05    4.1853725642044933e-05    3.11808010470303e-05    3.83682416130425e-05
202.1313631157982    3.9520276815046384e-05    3.963240596204041e-05    2.9667600104027525e-05    3.6273427627038106e-05
202.2313631157982    3.727240883904089e-05    3.764864676803608e-05    2.8303548407024812e-05    3.440820133803393e-05
202.33136311579818    3.527472396303633e-05    3.5863500200032475e-05    2.706550495202252e-05    3.2734576371697116e-05
202.43136311579818    3.348661988303253e-05    3.424636861102941e-05    2.5935097677020563e-05    3.1222695390360834e-05
202.53136311579817    3.18758719370293e-05    3.27728596690268e-05    2.4897536174018872e-05    2.984875592669166e-05
202.63136311579817    3.0416584780026958e-05    3.142327072802493e-05    2.3940763749017674e-05    2.8593539752356524e-05
202.73136311579816    2.908771430902455e-05    3.018149753602294e-05    2.305484075001637e-05    2.7441350865021285e-05
202.83136311579815    2.787198357802246e-05    2.9034235066021197e-05    2.223148871101521e-05    2.637923578501962e-05
202.93136311579815    2.6755075898020633e-05    2.7970383192019654e-05    2.1463748356014182e-05    2.5396402482018154e-05
203.03136311579814    2.5725026127019028e-05    2.6980598495018287e-05    2.0745719536013266e-05    2.448378138601686e-05
203.13136311579814    2.4771755808017884e-05    2.6056951911017326e-05    2.007236101301263e-05    2.363368957734928e-05
203.23136311579813    2.3886714145016602e-05    2.5192664115016214e-05    1.9439334572011875e-05    2.28395709440149e-05
203.33136311579813    2.306259781801546e-05    2.438189877401521e-05    1.8842882361011188e-05    2.2095792984347285e-05
203.43136311579812    2.2293130218014433e-05    2.3619599376014297e-05    1.8279729438010566e-05    2.13974863440131e-05
203.53136311579811    2.1572885948013512e-05    2.2901359241013476e-05    1.7747005653009993e-05    2.074041694734566e-05
203.6313631157981    2.0897150135012868e-05    2.222331706901291e-05    1.724218249300961e-05    2.0120883232345128e-05
203.7313631157981    2.0261804784012097e-05    2.158207232101221e-05    1.6763021629009126e-05    1.9535632911344477e-05
203.8313631157981    1.9663236304011397e-05    2.097461614901157e-05    1.6307532691008672e-05    1.8981795048010547e-05
203.9313631157981    1.9098259745010757e-05    2.0398274618010973e-05    1.5873938372008256e-05    1.8456824245009997e-05
204.0313631157981    1.8564056339010172e-05    1.985066171001043e-05    1.546064540500787e-05    1.7958454484676157e-05
204.13136311579808    1.8058121693009777e-05    1.932964019701007e-05    1.5066220279007623e-05    1.7484660723009156e-05
204.23136311579808    1.7578222567009273e-05    1.883328885700959e-05    1.4689368800007283e-05    1.703362674134205e-05
204.33136311579807    1.712236063900881e-05    1.835987486100915e-05    1.4328918804006965e-05    1.6603718101341642e-05
204.43136311579806    1.668874195100838e-05    1.790783038400874e-05    1.3983805451006669e-05    1.619345926200793e-05
204.53136311579806    1.6275751043007983e-05    1.7475732710008353e-05    1.3653058654006392e-05    1.5801514135674244e-05
204.63136311579805    1.5881928939007726e-05    1.706228720900811e-05    1.3335792297006223e-05    1.5426669481674018e-05
204.73136311579805    1.5505954342007372e-05    1.6666312721007766e-05    1.3031194932005973e-05    1.5067820665007039e-05
204.83136311579804    1.5146627495007048e-05    1.6286728950007445e-05    1.273852172600574e-05    1.4723959390340078e-05
204.93136311579804    1.4802856282006743e-05    1.5922545545007143e-05    1.2457087461005519e-05    1.4394163096006469e-05
205.03136311579803    1.4473644212006457e-05    1.557285260500686e-05    1.2186260430005311e-05    1.4077585749006208e-05
205.13136311579802    1.4158079993006279e-05    1.5236812399006685e-05    1.1925457093005189e-05    1.3773449828339384e-05
205.23136311579802    1.3855328451006024e-05    1.491365211300643e-05    1.1674137376005002e-05    1.3481039313339151e-05
205.331363115798    1.3564622607005783e-05    1.4602657476006186e-05    1.1431800534004821e-05    1.3199693539005597e-05
205.431363115798    1.3285256725005558e-05    1.4303167152005958e-05    1.1197981494004651e-05    1.2928801790338723e-05
205.531363115798    1.3016580208005344e-05    1.4014567769005742e-05    1.0972247609004492e-05    1.2667798528671859e-05
