36001.072037251    1.7624270354e-05    1.7675627109e-05    1.7664291153e-05    1.7654729538666664e-05
36001.172037250995    1.7709637431993788e-05    1.7761318332993766e-05    1.774991488699377e-05    1.774029021732711e-05
36001.272037250994    1.779526950599377e-05    1.7847277580993744e-05    1.783580604199375e-05    1.782611770966042e-05
36001.37203725099    1.7882709422993636e-05    1.7935047726993612e-05    1.792350748899362e-05    1.791375487966029e-05
36001.47203725099    1.7971152809993566e-05    1.8023824431993543e-05    1.8012214883993547e-05    1.8002397375326883e-05
36001.57203725099    1.8060577406993495e-05    1.8113585481993468e-05    1.8101906000993475e-05    1.8092022963326813e-05
36001.67203725099    1.8151798743986726e-05    1.8205146441986673e-05    1.8193396399986688e-05    1.818344719532003e-05
36001.77203725099    1.824328229998669e-05    1.8296972821986638e-05    1.8285151584986647e-05    1.827513556898666e-05
36001.872037250985    1.8336568306986423e-05    1.8390604906986377e-05    1.8378711828986386e-05    1.8368628347653064e-05
36001.972037250984    1.8430859549986276e-05    1.8485245502986226e-05    1.8473279937986238e-05    1.846312833031958e-05
36002.07203725098    1.8526283495986115e-05    1.858102212498606e-05    1.8568983415986074e-05    1.8558763012319418e-05
36002.17203725098    1.8622700706978953e-05    1.8677795379978874e-05    1.866568286097889e-05    1.8655392982645574e-05
36002.27203725098    1.872096651097855e-05    1.8776420636978473e-05    1.876423363397849e-05    1.8753873593978503e-05
36002.37203725098    1.882029422797832e-05    1.8876111249978238e-05    1.8863849083978256e-05    1.8853418187311606e-05
36002.47203725098    1.8921438429977924e-05    1.897762184197784e-05    1.896528382297786e-05    1.8954781364977876e-05
36002.572037250975    1.902295113297784e-05    1.907950445897776e-05    1.906708989297778e-05    1.9056515161644458e-05
36002.67203725097    1.91270568859697e-05    1.9183983702969592e-05    1.9171491883969614e-05    1.9160844157636303e-05
36002.77203725097    1.9231494836969604e-05    1.9288798764969494e-05    1.9276228980969517e-05    1.9265507527636203e-05
36002.87203725097    1.9337820238969056e-05    1.9395504937968946e-05    1.938285646796897e-05    1.9372060548302324e-05
36002.97203725097    1.9445971002968526e-05    1.9504040186968413e-05    1.9491312298968438e-05    1.9480441162968458e-05
36003.07203725097    1.9555280545968186e-05    1.9613737951968074e-05    1.9600929913968096e-05    1.9589982803968116e-05
36003.172037250966    1.9665759445959806e-05    1.9724608878959665e-05    1.9711719941959694e-05    1.970069608895972e-05
36003.272037250965    1.977813445995912e-05    1.983737976495897e-05    1.9824409174959003e-05    1.981330779995903e-05
36003.37203725096    1.9891704329958685e-05    1.995134938795854e-05    1.9938296384958566e-05    1.9927116700958593e-05
36003.47203725096    2.000706767495803e-05    2.0067116425957887e-05    2.0053980236957918e-05    2.0042721445957942e-05
36003.57203725096    2.0124322407957342e-05    2.0184778834957195e-05    2.0171558679957223e-05    2.0160219974290587e-05
36003.67203725096    2.0242853222948254e-05    2.0303721358948075e-05    2.029041644894811e-05    2.0278997010281484e-05
36003.77203725096    2.0363549789947307e-05    2.0424833720947128e-05    2.0411443256947167e-05    2.03999422559472e-05
36003.872037250956    2.0485935237946573e-05    2.054763908894639e-05    2.0534162265946428e-05    2.0522578864279794e-05
36003.972037250955    2.060926903694616e-05    2.0671396992945972e-05    2.065783299394601e-05    2.0646166341279382e-05
36004.07203725095    2.0735064038945083e-05    2.0797620326944896e-05    2.0783968326944935e-05    2.07722175642783e-05
36004.17203725095    2.086296435293486e-05    2.092595324493464e-05    2.0912212415934684e-05    2.090037667126806e-05
36004.27203725095    2.099160652293448e-05    2.1055032359934255e-05    2.1041201853934305e-05    2.1029280245601015e-05
36004.37203725095    2.1123179902932985e-05    2.118704706693276e-05    2.117312603293281e-05    2.116111766759952e-05
36004.47203725095    2.125583014693244e-05    2.132014307593221e-05    2.130613065293226e-05    2.1294034625265637e-05
36004.572037250946    2.1390815023931252e-05    2.145557820393102e-05    2.1441473522931068e-05    2.142928891693111e-05
36004.672037250944    2.1527814995920257e-05    2.159303295991999e-05    2.1578835142920042e-05    2.1566561032920096e-05
36004.77203725094    2.1666776803919114e-05    2.1732454154918846e-05    2.17181623099189e-05    2.1705797756252286e-05
36004.87203725094    2.1807250489918233e-05    2.187339186491796e-05    2.1859005099918018e-05    2.1846549151584737e-05
36004.97203725094    2.195015176391682e-05    2.2016761863916546e-05    2.2002279270916604e-05    2.198973096624999e-05
36005.07203725094    2.2095377457915467e-05    2.216246104791519e-05    2.214788170791525e-05    2.2135240071248634e-05
36005.17203725094    2.2242660705903554e-05    2.231022258190324e-05    2.22955455759033e-05    2.22828096212367e-05
36005.272037250936    2.239192028790226e-05    2.2459965318901944e-05    2.244518970990201e-05    2.243235843890207e-05
36005.372037250934    2.2543313055900865e-05    2.261184614790054e-05    2.259697099890061e-05    2.2584043400900667e-05
36005.47203725093    2.2696912997899418e-05    2.2765939140899094e-05    2.275096349489916e-05    2.273793854456589e-05
36005.57203725093    2.28535938438974e-05    2.292311805989707e-05    2.290804095789714e-05    2.2894917620563872e-05
36005.67203725093    2.301226618688455e-05    2.3082293545884184e-05    2.306711402388426e-05    2.305389125221767e-05
36005.77203725093    2.3172939696883096e-05    2.3243475349882724e-05    2.32281924258828e-05    2.321486915754954e-05
36005.87203725093    2.3335784243881515e-05    2.340683338488114e-05    2.339144607488122e-05    2.337802123454796e-05
36005.972037250925    2.3501567032879375e-05    2.3573134905879e-05    2.3557642215879077e-05    2.3544114718212486e-05
36006.072037250924    2.36696560438777e-05    2.374174794087732e-05    2.3726148874877395e-05    2.371251761987747e-05
36006.17203725092    2.3840225070863485e-05    2.391284636986306e-05    2.3897139909863146e-05    2.3883403783529895e-05
36006.27203725092    2.4013610942861228e-05    2.4086767039860802e-05    2.407095217486089e-05    2.405711005252764e-05
36006.37203725092    2.4189814376858977e-05    2.4263510737858542e-05    2.424758644285863e-05    2.4233637185858716e-05
36006.47203725092    2.4368333764857123e-05    2.4442575904856685e-05    2.4426541151856774e-05    2.4412483607190192e-05
36006.57203725092    2.4550059895854553e-05    2.4624853389854114e-05    2.4608707139854202e-05    2.459454014185429e-05
36006.672037250915    2.4733958055839437e-05    2.480930853183895e-05    2.4793049739839046e-05    2.4778772109172478e-05
36006.772037250914    2.492071577883694e-05    2.4996628905836448e-05    2.4980256523836547e-05    2.496586706950331e-05
36006.87203725091    2.511051852283428e-05    2.5187000043833783e-05    2.5170513010833885e-05    2.515601052583398e-05
36006.97203725091    2.530277116983214e-05    2.537982684583164e-05    2.5363224105831743e-05    2.534860737383184e-05
36007.07203725091    2.5499047210828628e-05    2.5576682865828123e-05    2.5559963356828226e-05    2.554523114449499e-05
36007.17203725091    2.5697657456812138e-05    2.5775878963811585e-05    2.5759041615811696e-05    2.5744192678811806e-05
36007.27203725091    2.5899392411809184e-05    2.5978205699808624e-05    2.5961249436808737e-05    2.5946282516142183e-05
36007.372037250905    2.610395505680651e-05    2.6183366095805946e-05    2.6166289840806056e-05    2.6151203664472837e-05
36007.472037250904    2.6312550359802695e-05    2.6392565144802122e-05    2.6375367824802237e-05    2.6360161109802354e-05
36007.5720372509    2.652373200080025e-05    2.6604356579799672e-05    2.658703711779979e-05    2.6571708566133234e-05
36007.6720372509    2.6738201475781534e-05    2.6819441947780908e-05    2.6801999259781033e-05    2.6786547561114493e-05
36007.7720372509    2.695647250777766e-05    2.7038334989777028e-05    2.7020768001777156e-05    2.7005191833110615e-05
36007.8720372509    2.717798478577436e-05    2.726047544177372e-05    2.724278307577385e-05    2.722708110110731e-05
36007.9720372509    2.7402490224771312e-05    2.7485615246770663e-05    2.746779642577079e-05    2.745196729910425e-05
36008.072037250895    2.7631294298766933e-05    2.7715059913766278e-05    2.769711356576641e-05    2.7681155926099873e-05
36008.17203725089    2.7863205009746894e-05    2.794761747974619e-05    2.792954253374633e-05    2.791345500774647e-05
36008.27203725089    2.8098623797743065e-05    2.8183689390742352e-05    2.8165484786742497e-05    2.8149265991742637e-05
36008.37203725089    2.8338510648738188e-05    2.8424235655737472e-05    2.8405900339737612e-05    2.838954888140442e-05
36008.47203725089    2.8581150751735185e-05    2.866754147973446e-05    2.8649074407734602e-05    2.8632588879734746e-05
36008.57203725089    2.8828795899729724e-05    2.8915858691728986e-05    2.8897258819729132e-05    2.888063780372928e-05
36008.672037250886    2.9079676230707936e-05    2.9167417417707147e-05    2.91486837197073e-05    2.9131925789374127e-05
36008.772037250885    2.9334740516703066e-05    2.9423166419702267e-05    2.9404297888702426e-05    2.938740160836925e-05
36008.87203725088    2.9593353872698935e-05    2.9682470835698132e-05    2.9663466471698288e-05    2.9646430393365116e-05
36008.97203725088    2.9856571855693573e-05    2.994638621169276e-05    2.992724503069292e-05    2.991006769935975e-05
36009.07203725088    3.0124010132688662e-05    3.0214528192687842e-05    3.0195249236688e-05    3.017792918735484e-05
36009.17203725088    3.0395640340664017e-05    3.048686840266314e-05    3.046745072866331e-05    3.044998649066349e-05
36009.27203725088    3.067177464965845e-05    3.076371899165756e-05    3.074416168265773e-05    3.0726551774657916e-05
36009.372037250876    3.0952025170653354e-05    3.104469203265246e-05    3.1024994196652636e-05    3.100723713331949e-05
36009.472037250875    3.1236486871648145e-05    3.132988246664724e-05    3.131004323464742e-05    3.129213752431427e-05
36009.57203725087    3.152605178564183e-05    3.1620182260640925e-05    3.16002008036411e-05    3.1582144949974614e-05
36009.67203725087    3.1819945187615094e-05    3.191481664561413e-05    3.189469216661432e-05    3.187648466661451e-05
36009.77203725087    3.211882239960857e-05    3.2214440882607596e-05    3.219417261860778e-05    3.217581196694131e-05
36009.87203725087    3.242259738560215e-05    3.251896887560117e-05    3.249855609860136e-05    3.2480040786601555e-05
36009.97203725087    3.273110607059595e-05    3.2828236440594966e-05    3.280767847559515e-05    3.2789006995595354e-05
36010.072037250866    3.3044857237589084e-05    3.3142752276588085e-05    3.312204849758828e-05    3.310321933725515e-05
36010.172037250864    3.336310012456005e-05    3.3461765535558986e-05    3.344091535655919e-05    3.34219270055594e-05
36010.27203725086    3.368688764855239e-05    3.378632900055131e-05    3.3765331898551515e-05    3.3746182849218404e-05
36010.37203725086    3.401531685554597e-05    3.411553959454488e-05    3.4094395106545086e-05    3.4075083852211986e-05
36010.47203725086    3.4349739300537685e-05    3.44507487465366e-05    3.44294564665368e-05    3.440998150453703e-05
36010.57203725086    3.468948133353033e-05    3.4791282643529234e-05    3.476984223852944e-05    3.4750202071863e-05
36010.67203725086    3.5034453012498e-05    3.5137051177496844e-05    3.511546238949706e-05    3.5095655526497296e-05
36010.772037250856    3.538479704549018e-05    3.548819689948901e-05    3.5466459538489234e-05    3.544648449448948e-05
36010.872037250854    3.574123188648132e-05    3.584543803648015e-05    3.582355200648036e-05    3.580340730981394e-05
36010.97203725085    3.610282127647382e-05    3.620783812747264e-05    3.618580342547285e-05    3.616548760980644e-05
36011.07203725085    3.647051894346493e-05    3.6576350690463746e-05    3.6554167397463956e-05    3.653367901046421e-05
36011.17203725085    3.684446220642863e-05    3.695111279242738e-05    3.692878108942761e-05    3.690811869609454e-05
36011.27203725085    3.722389156642025e-05    3.7331364670418996e-05    3.730888485541922e-05    3.728804703075282e-05
36011.37203725085    3.760949113741082e-05    3.771779016340956e-05    3.7695162641409784e-05    3.7674147980743394e-05
36011.472037250845    3.8001416919401154e-05    3.811054497539989e-05    3.8087770276400115e-05    3.806657739040039e-05
36011.572037250844    3.8399961834391047e-05    3.850992172338977e-05    3.848700049639e-05    3.846562801805694e-05
36011.67203725084    3.880422381535289e-05    3.891501799335156e-05    3.889195102635179e-05    3.887039761168542e-05
36011.77203725084    3.921568928934136e-05    3.932731987934003e-05    3.930410809734026e-05    3.9282372422007215e-05
36011.87203725084    3.963327918433156e-05    3.974574792133022e-05    3.9722392402330454e-05    3.970047316933074e-05
36011.97203725084    4.005724727532135e-05    4.017055535632001e-05    4.014705738232023e-05    4.01249533379872e-05
36012.07203725084    4.0488378478309886e-05    4.0602526833308534e-05    4.057888781430877e-05    4.0556597708642396e-05
36012.172037250835    4.0925925029267776e-05    4.104091434426638e-05    4.10171357962666e-05    4.099465838993358e-05
36012.272037250834    4.1371310826254655e-05    4.148714106525325e-05    4.146322474525349e-05    4.1440558878920454e-05
36012.37203725083    4.182287655924432e-05    4.193954714624292e-05    4.191549505224314e-05    4.1892639585910124e-05
36012.47203725083    4.228165264923225e-05    4.239916263723085e-05    4.237497692123107e-05    4.235193073589806e-05
36012.57203725083    4.274783905821985e-05    4.286618710421844e-05    4.2841870078218666e-05    4.2818632080218985e-05
36012.67203725083    4.322101803617372e-05    4.334020187717226e-05    4.331575618317248e-05    4.3292325365506156e-05
36012.77203725083    4.370146258816103e-05    4.382147979915958e-05    4.37969082111598e-05    4.3773283532826804e-05
36012.872037250825    4.418944308514787e-05    4.431029045714642e-05    4.428559600614664e-05    4.426177651614698e-05
36012.97203725082    4.468510570213446e-05    4.480677924613302e-05    4.4781965295133225e-05    4.475795008113356e-05
36013.07203725082    4.518815719312156e-05    4.531065285712012e-05    4.5285722846120326e-05    4.5261510965454e-05
36013.17203725082    4.5699457679069954e-05    4.582277041906846e-05    4.579772813206867e-05    4.577331874340237e-05
36013.27203725082    4.621807029405665e-05    4.634219433105517e-05    4.631704385605537e-05    4.629243616038906e-05
36013.37203725082    4.6744592115042264e-05    4.68695210510408e-05    4.684426676304099e-05    4.681945997637469e-05
36013.472037250816    4.727904382002784e-05    4.7404770499026386e-05    4.737941707402657e-05    4.735441046436027e-05
36013.572037250815    4.7821506966013266e-05    4.7948024039011825e-05    4.7922576286012e-05    4.7897369097012366e-05
36013.67203725081    4.837158880095938e-05    4.849888756995791e-05    4.847335079395807e-05    4.844794238829179e-05
36013.77203725081    4.893055999394256e-05    4.905863135794111e-05    4.903301110594126e-05    4.9007400819274974e-05
36013.87203725081    4.949712109992821e-05    4.962595567592676e-05    4.960025767292691e-05    4.957444481626064e-05
36013.97203725081    5.007226616891197e-05    5.0201853622910546e-05    5.0176083966910683e-05    5.015006791957774e-05
36014.07203725081    5.065530023289705e-05    5.0785629259895644e-05    5.075979445189577e-05    5.073357464822949e-05
36014.172037250806    5.124672560683814e-05    5.137778458283671e-05    5.135189137283682e-05    5.132546718750389e-05
36014.272037250805    5.184617066382239e-05    5.1977946891820975e-05    5.195200246082108e-05    5.192537333882148e-05
36014.3720372508    5.2454450815805025e-05    5.258693182980364e-05    5.256094342780373e-05    5.2534108691137466e-05
36014.4720372508    5.307123451778832e-05    5.320440661978697e-05    5.317838197678704e-05    5.315134103812078e-05
36014.5720372508    5.3695797554773045e-05    5.382964656477171e-05    5.3803593744771766e-05    5.3776345954772176e-05
36014.6720372508    5.432888625471022e-05    5.446339747370888e-05    5.443732484570892e-05    5.440986952470934e-05
36014.7720372508    5.4970363716693134e-05    5.510552259669182e-05    5.507943861969184e-05    5.505177497769227e-05
36014.872037250796    5.562018522667614e-05    5.575597651467485e-05    5.5729890032674854e-05    5.570201725800862e-05
36014.972037250795    5.627841359765901e-05    5.641482137065776e-05    5.638874161065775e-05    5.636065885965817e-05
36015.07203725079    5.694480051664239e-05    5.708180909864117e-05    5.705574542964114e-05    5.702745168164156e-05
36015.17203725079    5.761980626557572e-05    5.775740000257448e-05    5.773136194557443e-05    5.770285607124154e-05
36015.27203725079    5.830277553155892e-05    5.844093882655771e-05    5.8414936092557635e-05    5.8386216816891426e-05
36015.37203725079    5.899384400454183e-05    5.913256044654066e-05    5.9106603210540565e-05    5.9077669220541013e-05
36015.47203725079    5.969328579152416e-05    5.983254024852303e-05    5.98066385375229e-05    5.977748819252336e-05
36015.572037250786    6.039979314650925e-05    6.0539570407508144e-05    6.0513734465508006e-05    6.0484366006508466e-05
36015.672037250784    6.111479516443931e-05    6.125508103943819e-05    6.122932106743804e-05    6.119973242377184e-05
36015.77203725078    6.183709975242336e-05    6.197788006342228e-05    6.19522064894221e-05    6.192239543508925e-05
36015.87203725078    6.256751425240567e-05    6.27087761104046e-05    6.268319924640439e-05    6.265316320307157e-05
36015.97203725078    6.330478113439071e-05    6.344651275438968e-05    6.342104283538944e-05    6.339077890805661e-05
36016.07203725078    6.404973689737391e-05    6.419192764937292e-05    6.416657480537266e-05    6.413607978403985e-05
36016.17203725078    6.480208717530304e-05    6.494472776630202e-05    6.491950204430173e-05    6.48887723286356e-05
36016.272037250776    6.556029657228981e-05    6.570338004428884e-05    6.567829108228853e-05    6.564732256628906e-05
36016.372037250774    6.632555932727391e-05    6.646907989327294e-05    6.644413720627259e-05    6.641292547560648e-05
36016.47203725077    6.709753193225879e-05    6.724148654325779e-05    6.721669920625746e-05    6.718523922725801e-05
36016.57203725077    6.787536000624557e-05    6.80197480712446e-05    6.799512469124423e-05    6.796341092291147e-05
36016.67203725077    6.865842724517678e-05    6.880325187217576e-05    6.877880022917538e-05    6.874682644884264e-05
36016.77203725077    6.94475830221626e-05    6.959284841316158e-05    6.956857628516116e-05    6.953633590682844e-05
36016.87203725077    7.024215507015e-05    7.038787034714894e-05    7.03637843621485e-05    7.033126992648248e-05
36016.972037250765    7.104107161513987e-05    7.118724853713881e-05    7.116335485213835e-05    7.113055833480567e-05
36017.072037250764    7.184430784412982e-05    7.199096286412871e-05    7.196726659512824e-05    7.193417910112893e-05
36017.17203725076    7.265166379406149e-05    7.279881884106028e-05    7.277532366705981e-05    7.274193543406052e-05
36017.27203725076    7.346293712805209e-05    7.361061655005082e-05    7.358732584505034e-05    7.355362650771774e-05
36017.37203725076    7.427650865604657e-05    7.442474251304522e-05    7.440165824404474e-05    7.43676364710455e-05
36017.47203725076    7.509303663903947e-05    7.524186129403804e-05    7.521898387303755e-05    7.518462726870501e-05
36017.57203725076    7.591175195603421e-05    7.606120934403268e-05    7.60385378260322e-05    7.600383304203303e-05
36017.672037250755    7.673208548297065e-05    7.688222231996895e-05    7.685975465796844e-05    7.682468748696934e-05
36017.772037250754    7.75531627249688e-05    7.770403295596699e-05    7.768176526096648e-05    7.764632031396743e-05
36017.87203725075    7.83743232169686e-05    7.852598859696662e-05    7.850391486196615e-05    7.846807555863378e-05
36017.97203725075    7.919592957096749e-05    7.934845623896536e-05    7.93265695089649e-05    7.929031843963258e-05
36018.07203725075    8.001648739297009e-05    8.016995111396777e-05    8.014824181796732e-05    8.011156010830173e-05
36018.17203725075    8.08349971149156e-05    8.098947988691301e-05    8.096793692391257e-05    8.093080464191371e-05
36018.27203725075    8.165147146092078e-05    8.180706538291795e-05    8.178567479791755e-05    8.174807054725209e-05
36018.372037250745    8.246476895092887e-05    8.262157162892579e-05    8.260031811992545e-05    8.256221956659337e-05
36018.47203725074    8.327465426293756e-05    8.343277180193422e-05    8.34116378499339e-05    8.337302130493521e-05
36018.57203725074    8.407970850794985e-05    8.42392579679462e-05    8.421822301894596e-05    8.417906316494735e-05
36018.67203725074    8.48791816309059e-05    8.504028848590182e-05    8.501932942490162e-05    8.497959984723644e-05
36018.77203725074    8.567300004792071e-05    8.583579617091628e-05    8.581488847991615e-05    8.577456156625106e-05
36018.87203725074    8.645970036793936e-05    8.662432956193455e-05    8.66034452559345e-05    8.65624917286028e-05
36018.972037250736    8.723792349396156e-05    8.740453824195635e-05    8.738364677995639e-05    8.734203617195811e-05
36019.072037250735    8.800800916798288e-05    8.817677011597726e-05    8.815583881897737e-05    8.811353936764583e-05
36019.17203725073    8.876824114395339e-05    8.893931973194713e-05    8.891831282094733e-05    8.887529123228263e-05
36019.27203725073    8.951752054098285e-05    8.969109815797614e-05    8.966997680397645e-05    8.962619850097848e-05
36019.37203725073    9.025533134301375e-05    9.04315962680065e-05    9.041031984900692e-05    9.036574915334238e-05
36019.47203725073    9.098084101204686e-05    9.115999250503909e-05    9.113851707803961e-05    9.109311686504186e-05
36019.57203725073    9.169246580008423e-05    9.18747129040759e-05    9.185299177107656e-05    9.180672349174557e-05
36019.672037250726    9.238969533507226e-05    9.25752548020631e-05    9.255323872506391e-05    9.250606295406642e-05
36019.772037250725    9.307185149411394e-05    9.326094919510415e-05    9.323858647310511e-05    9.319046238744107e-05
36019.87203725072    9.373751434015952e-05    9.39303861001491e-05    9.39076218441502e-05    9.385850742815293e-05
36019.97203725072    9.438632912120612e-05    9.458321828719501e-05    9.455999515419629e-05    9.45098475208658e-05
36020.07203725072    9.501599906825904e-05    9.521715636124725e-05    9.519341490124867e-05    9.514219011025167e-05
36020.17203725072    9.562689560926651e-05    9.583258096425366e-05    9.580825856125531e-05    9.575591171159182e-05
36020.27203725072    9.621759551032381e-05    9.642807323231022e-05    9.640310611431204e-05    9.634959161898202e-05
36020.372037250716    9.678710298938396e-05    9.700264809936957e-05    9.69769687413716e-05    9.692223994337504e-05
36020.472037250714    9.733476261044594e-05    9.755565444643077e-05    9.7529193745433e-05    9.74732036007699e-05
36020.57203725071    9.785901043051238e-05    9.80855336484964e-05    9.805822063749883e-05    9.80009215721692e-05
36020.67203725071    9.835956697554319e-05    9.859201190952596e-05    9.856377380152864e-05    9.850511756219927e-05
36020.77203725071    9.883539713461515e-05    9.907406052859706e-05    9.904482180559997e-05    9.89847598229374e-05
36020.87203725071    9.928662746968675e-05    9.953180811766777e-05    9.950149214267092e-05    9.943997591000848e-05
36020.97203725071    9.971170743676285e-05    9.996370819574301e-05    9.993223697374636e-05    9.986921753541742e-05
36021.072037250706    0.0001001063262188515    0.00010036545459883077    0.00010033274764883436    0.00010026817615550553
36021.172037250704    0.0001004760024588972    0.00010074256612887501    0.00010070854250887895    0.00010064237036555038
36021.2720372507    0.00010082052099897226    0.00010109482969894914    0.00010105940695895332    0.00010099158588562492
36021.3720372507    0.00010112756697908404    0.00010140993139906001    0.00010137302601906443    0.00010130350813240283
36021.4720372507    0.00010141505700914238    0.00010170578809911742    0.0001016673154591221    0.00010159605352246061
36021.5720372507    0.00010166473868925517    0.00010196414624922928    0.00010192402129923421    0.00010185096874590622
36021.6720372507    0.00010188822820931703    0.00010219662060928958    0.0001021547575392949    0.00010207986878596717
36021.772037250696    0.00010207952401941542    0.00010239720870938701    0.0001023535209393926    0.00010227675122273167
36021.872037250694    0.00010223840633951446    0.00010256568740948513    0.000102520087699491    0.00010244139381616352
36021.97203725069    0.00010236480459961374    0.0001027019814595835    0.0001026543831295896    0.00010257372306292896
36022.07203725069    0.00010245860196971336    0.00010280597231968222    0.00010275628775968859    0.00010267362068302807
36022.17203725069    0.00010252570910979005    0.00010288356361975724    0.00010283170532976406    0.00010274699268643712
36022.27203725069    0.00010255414638991102    0.00010292277023987733    0.00010286865133988442    0.00010278185598989092
36022.37203725069    0.00010255582008999477    0.0001029354931299602    0.00010287902632996755    0.00010279011318330749
36022.472037250685    0.00010251879984011582    0.0001029097942400804    0.00010285089294008802    0.00010275982900676141
36022.572037250684    0.00010245507120019939    0.00010285765229016313    0.00010279622978017102    0.0001027029844235112
36022.67203725068    0.00010235870043030852    0.00010277312197027062    0.00010270909305027897    0.00010261363848361936
36022.77203725068    0.00010222983445041255    0.00010265634511037385    0.00010258962494038246    0.00010249193483372296
36022.87203725068    0.00010206857632051625    0.0001025074134704768    0.00010243791717048569    0.00010233796898715957
36022.97203725068    0.00010187504381061958    0.00010232643336057939    0.00010225407825058855    0.00010215185180726251
36023.07203725068    0.00010164941866072232    0.00010211357806068144    0.00010203828143069086    0.00010193375938403154
36023.172037250675    0.00010139781062082381    0.00010187494617078133    0.00010179662627079122    0.00010168979435413212
36023.272037250674    0.00010111449088092764    0.00010160479320088453    0.00010152337055089468    0.00010141421821090228
36023.37203725067    0.0001007997258310306    0.00010130337517098689    0.00010121877134099732    0.00010110729078100493
36023.47203725067    0.0001004596674911134    0.00010097683309106916    0.00010088897075107982    0.00010077515711108746
36023.57203725067    0.00010008880335121428    0.00010061963830116951    0.00010052844211118044    0.00010041229458785475
36023.67203725067    9.968721565134408e-05    0.00010023186011129787    0.00010013725600130928    0.0001000187772546504
36023.77203725067    9.926100750042649e-05    9.981958672737984e-05    9.97215026613915e-05    9.960069896306596e-05
36023.872037250665    9.88110154885061e-05    9.93836385854591e-05    9.928200537247097e-05    9.915888648214538e-05
36023.97203725066    9.83314422926051e-05    9.891820552355778e-05    9.881295528256989e-05    9.868753436624426e-05
36024.07203725066    9.783414234066444e-05    9.843512351461684e-05    9.832619118162918e-05    9.819848567897016e-05
36024.17203725066    9.730796865479935e-05    9.792322889275053e-05    9.781055259976334e-05    9.768058338243775e-05
36024.27203725066    9.675934892587612e-05    9.738893764582711e-05    9.727245658084013e-05    9.714024771751446e-05
36024.37203725066    9.618827586295289e-05    9.683221840690382e-05    9.671187647791702e-05    9.657745691592458e-05
36024.472037250656    9.559516792102826e-05    9.625347550997913e-05    9.61292194879925e-05    9.599262097299995e-05
36024.572037250655    9.498074317310115e-05    9.565341015105204e-05    9.55251896120656e-05    9.538644764540627e-05
36024.67203725065    9.435117438719875e-05    9.503817640214869e-05    9.490594458216269e-05    9.476509845717002e-05
36024.77203725065    9.370285721126422e-05    9.44041506382143e-05    9.426786486722846e-05    9.412495757223568e-05
36024.87203725065    9.303595812732912e-05    9.375147901627943e-05    9.361110140629373e-05    9.34661795166341e-05
36024.97203725065    9.235264502538644e-05    9.308231413533702e-05    9.293780970135144e-05    9.279092295402497e-05
36025.07203725065    9.165389560844035e-05    9.23976088473913e-05    9.224894930040582e-05    9.210015125207917e-05
36025.172037250646    9.094038447054383e-05    9.169802642049417e-05    9.154518560050907e-05    9.139453216384902e-05
36025.272037250645    9.021318527759262e-05    9.098461161054348e-05    9.082757076555846e-05    9.067512255123151e-05
36025.37203725064    8.947355987263693e-05    9.025861345758835e-05    9.009735793060337e-05    8.994317708694289e-05
36025.47203725064    8.872256826367746e-05    8.952106800562951e-05    8.935558935664457e-05    8.919974187531718e-05
36025.57203725064    8.795998849471875e-05    8.877173665567153e-05    8.86020312986866e-05    8.844458548302564e-05
36025.67203725064    8.718724329081123e-05    8.801201648876384e-05    8.78380884627792e-05    8.767911608078475e-05
36025.77203725064    8.640566713384336e-05    8.724323214479683e-05    8.706508840881217e-05    8.690466256248413e-05
36025.872037250636    8.561615318487225e-05    8.646624565682666e-05    8.628390340284194e-05    8.612210074818028e-05
36025.972037250634    8.481877068890087e-05    8.568111627185629e-05    8.549459582487149e-05    8.533149426187622e-05
36026.07203725063    8.401531528592295e-05    8.488961471887947e-05    8.469894513589456e-05    8.453462504689899e-05
36026.17203725063    8.320540983600534e-05    8.409135011296215e-05    8.389656513197743e-05    8.373110836031497e-05
36026.27203725063    8.239071246902314e-05    8.328795578198119e-05    8.30890975339963e-05    8.29225885950002e-05
36026.37203725063    8.157193911903825e-05    8.248013361899762e-05    8.227725054801255e-05    8.210977442868281e-05
36026.47203725063    8.074890232505408e-05    8.166767396401482e-05    8.146082262002955e-05    8.12924663030328e-05
36026.572037250626    7.992394042106121e-05    8.085290797802338e-05    8.064214836503788e-05    8.047299892137418e-05
36026.672037250624    7.909587166813299e-05    8.003462646809597e-05    7.982002936511049e-05    7.965017583377983e-05
36026.77203725062    7.8266743033137e-05    7.921487094410155e-05    7.899651048111578e-05    7.882604148611811e-05
36026.87203725062    7.743655233614103e-05    7.83936195471072e-05    7.817157718112113e-05    7.800058302145646e-05
36026.97203725062    7.660580556614313e-05    7.757136367711102e-05    7.734572897112459e-05    7.717429940479291e-05
36027.07203725062    7.577539966014184e-05    7.674899153411144e-05    7.651985726912468e-05    7.634808282112597e-05
36027.17203725062    7.494587185519887e-05    7.592701902016974e-05    7.569448884518284e-05    7.552245990685048e-05
36027.272037250616    7.411719894619557e-05    7.510542675416827e-05    7.486960444718096e-05    7.46974100491816e-05
36027.372037250614    7.32909285791863e-05    7.428573787416094e-05    7.40467377451732e-05    7.387446806617347e-05
36027.47203725061    7.246671595317838e-05    7.346761260615491e-05    7.322555030616672e-05    7.305329295516666e-05
36027.57203725061    7.164536365216735e-05    7.265183135814587e-05    7.240683250615719e-05    7.223467583882348e-05
36027.67203725061    7.082702766021526e-05    7.183856042019536e-05    7.159074881120641e-05    7.141877896387234e-05
36027.77203725061    7.001174736220324e-05    7.102782102318541e-05    7.077732965419594e-05    7.060563267986152e-05
36027.87203725061    6.920047883718749e-05    7.022056886417171e-05    6.99675347841817e-05    6.979619416184698e-05
36027.972037250605    6.839399938016867e-05    6.941758772515492e-05    6.916214663616438e-05    6.8991244580496e-05
36028.072037250604    6.759191041215143e-05    6.861846551413977e-05    6.836076141614865e-05    6.81903791141466e-05
36028.1720372506    6.67942472036795e-05    6.782324330118167e-05    6.756342163061354e-05    6.739363737849158e-05
36028.2720372506    6.600267730749439e-05    6.703358746910389e-05    6.677179662550563e-05    6.660268713403465e-05
36028.3720372506    6.521595627350514e-05    6.624826165022049e-05    6.598465014659193e-05    6.58162893567725e-05
36028.4720372506    6.443512581230335e-05    6.546830941812418e-05    6.520302765446495e-05    6.50354876282975e-05
36028.5720372506    6.366021476609569e-05    6.469376300902129e-05    6.442696250733114e-05    6.426031342748271e-05
36028.672037250595    6.2891831066764e-05    6.392523393879365e-05    6.365706998407182e-05    6.349137832987649e-05
36028.772037250594    6.213005442547146e-05    6.316281617160231e-05    6.289343979684976e-05    6.272877013130785e-05
36028.87203725059    6.137423590925545e-05    6.240586483048667e-05    6.213542935270282e-05    6.197184336414831e-05
36028.97203725059    6.0625829680742684e-05    6.165584327807235e-05    6.138450202225723e-05    6.12220583270241e-05
36029.07203725059    5.9884329819333165e-05    6.091226051275826e-05    6.064016417091236e-05    6.047891816766793e-05
36029.17203725059    5.914971497692799e-05    6.017510293144694e-05    5.990240136857046e-05    5.9742406425648465e-05
36029.27203725059    5.842224734352225e-05    5.9444644710132816e-05    5.917148794622574e-05    5.901279333329361e-05
36029.372037250585    5.7702047012038526e-05    5.8721023264736995e-05    5.8447557332800114e-05    5.8290209203191885e-05
36029.47203725058    5.6989730724428895e-05    5.80048659042131e-05    5.773123398624699e-05    5.7575276871629664e-05
36029.57203725058    5.628464510895265e-05    5.729553359981968e-05    5.7021878481824416e-05    5.6867352396865584e-05
36029.67203725058    5.558698954343571e-05    5.659324458938169e-05    5.631970374835836e-05    5.616664596039192e-05
36029.77203725058    5.489726572286653e-05    5.5898511169889666e-05    5.562522080683851e-05    5.547366589986491e-05
36029.87203725058    5.421516572430946e-05    5.5211043994405636e-05    5.493813552932764e-05    5.478811508268091e-05
36029.972037250576    5.354130130162747e-05    5.453147581779237e-05    5.425907747268819e-05    5.411061819736935e-05
36030.072037250575    5.287500571308163e-05    5.3859157825311624e-05    5.35873907361827e-05    5.3440518091525325e-05
36030.17203725057    5.221703539538131e-05    5.319486678267223e-05    5.2923849350519124e-05    5.277858384285755e-05
36030.27203725057    5.1566230675965194e-05    5.253746573531287e-05    5.2267307824137267e-05    5.212366807847178e-05
36030.37203725057    5.092343127632963e-05    5.1887809093730626e-05    5.1618616129533473e-05    5.147661883319791e-05
36030.47203725057    5.0289030968613625e-05    5.124632285906134e-05    5.0978193668843995e-05    5.083784916550632e-05
36030.57203725057    4.966247666801061e-05    5.061248514749868e-05    5.0345503881264147e-05    5.0206821898924475e-05
36030.672037250566    4.904257226865198e-05    4.998512312117564e-05    4.97193641959259e-05    4.958235319525117e-05
36030.772037250565    4.843031311913454e-05    4.936527036568653e-05    4.910079182442484e-05    4.89654584364153e-05
36030.87203725056    4.782469450777733e-05    4.8751968893347566e-05    4.848879976907995e-05    4.835515439006828e-05
36030.97203725056    4.722472121762353e-05    4.814428019820042e-05    4.788240035693691e-05    4.775046725758695e-05
36031.07203725056    4.661961289767304e-05    4.753148157624479e-05    4.727067804502482e-05    4.714059083964755e-05
36031.17203725056    4.603486682551137e-05    4.693718345746363e-05    4.66778239171685e-05    4.65499580667145e-05
36031.27203725056    4.5472579501962124e-05    4.636555684687158e-05    4.6107870991529386e-05    4.5982002446787694e-05
36031.372037250556    4.492236372649404e-05    4.5806054447392736e-05    4.5550138169030934e-05    4.542618544763923e-05
36031.472037250554    4.438198925248194e-05    4.52563974243798e-05    4.5002323480003126e-05    4.4880236718954955e-05
36031.57203725055    4.385041629568243e-05    4.4715521521584464e-05    4.4463353083194875e-05    4.434309696682059e-05
36031.67203725055    4.332705270100399e-05    4.418282198791277e-05    4.393261682951136e-05    4.381416383947604e-05
36031.77203725055    4.281152191744005e-05    4.3657916829357367e-05    4.3409728880944794e-05    4.329305587591407e-05
36031.87203725055    4.230356476289104e-05    4.314054609781637e-05    4.289442603239343e-05    4.2779512297700285e-05
36031.97203725055    4.1802990422381055e-05    4.263052138131391e-05    4.238651680188124e-05    4.22733428685254e-05
36032.072037250546    4.130964949290162e-05    4.2127697812841085e-05    4.188585327439929e-05    4.177440019338067e-05
36032.172037250544    4.0823418211447507e-05    4.163195757839234e-05    4.139231455694208e-05    4.128256344892731e-05
36032.27203725054    4.0344188885050286e-05    4.1143199822999804e-05    4.0905796675541525e-05    4.07977284611972e-05
36032.37203725054    3.987186395963764e-05    4.066133433658964e-05    4.042620627212416e-05    4.031980152278381e-05
36032.47203725054    3.940635228924365e-05    4.0186277541196586e-05    3.995345661972454e-05    3.984869548338826e-05
36032.57203725054    3.894756678386748e-05    3.971794994981979e-05    3.9487465098341835e-05    3.938432727734303e-05
36032.67203725054    3.84954229265086e-05    3.9256274533458756e-05    3.9028151589975517e-05    3.892661634998096e-05
36032.772037250536    3.8049837838199096e-05    3.88011756921463e-05    3.8575437462658216e-05    3.8475483664334535e-05
36032.872037250534    3.761072969687344e-05    3.835257860881557e-05    3.812924494332342e-05    3.803085108300414e-05
36032.97203725053    3.7178017376564396e-05    3.791040884450008e-05    3.768949672100445e-05    3.759264098068964e-05
36033.07203725053    3.6751620232271854e-05    3.747459209819979e-05    3.7256115717701253e-05    3.716077601605763e-05
36033.17203725053    3.6331457969995736e-05    3.7045054065914704e-05    3.6829024953413816e-05    3.6735178996441414e-05
36033.27203725053    3.5917450579766134e-05    3.6621720365675646e-05    3.640814747617275e-05    3.631577280720484e-05
36033.37203725053    3.5509518301522274e-05    3.620451650442059e-05    3.599340632691636e-05    3.590248037761974e-05
36033.472037250525    3.51075816102947e-05    3.579336787318081e-05    3.558472454167574e-05    3.549522467505042e-05
36033.572037250524    3.471156122008337e-05    3.5388199754956324e-05    3.5182025157450866e-05    3.5093928710830194e-05
36033.67203725052    3.4321378096888216e-05    3.4988937348747155e-05    3.478523123324175e-05    3.469851555962571e-05
36033.77203725052    3.393695347273716e-05    3.459550579558194e-05    3.439426588007682e-05    3.430890838279864e-05
36033.87203725052    3.355820886757379e-05    3.4207830213403016e-05    3.4009052291898756e-05    3.392503045762519e-05
36033.97203725052    3.318506611042643e-05    3.382583573123942e-05    3.3629513774736404e-05    3.3546805205467414e-05
36034.07203725052    3.281744736629501e-05    3.344944752709116e-05    3.325557378458971e-05    3.3174156225991966e-05
36034.172037250515    3.245527516017946e-05    3.3078590862958195e-05    3.288715596645867e-05    3.280700732986545e-05
36034.272037250514    3.209847240210566e-05    3.271319112686711e-05    3.252418418236964e-05    3.244528257044747e-05
36034.37203725051    3.174696241302122e-05    3.235317387076428e-05    3.2166582552269346e-05    3.208890627868495e-05
36034.47203725051    3.14006689549524e-05    3.1998464845676675e-05    3.1814275492184536e-05    3.1737803097604536e-05
36034.57203725051    3.10595162518991e-05    3.164899004560423e-05    3.146718774011514e-05    3.139189801253949e-05
36034.67203725051    3.072342901686124e-05    3.1304675738546895e-05    3.11252444030611e-05    3.105111638615641e-05
36034.77203725051    3.039233247986278e-05    3.096544850852927e-05    3.078837097904683e-05    3.071538398914629e-05
36034.872037250505    3.006615241385508e-05    3.0631235288501585e-05    3.0456493398022865e-05    3.0384627033459842e-05
36034.9720372505    2.9744815151862482e-05    3.0301963396488792e-05    3.0129538050013986e-05    3.005877219945508e-05
36035.0720372505    2.9428247618884863e-05    2.9977560567490814e-05    2.9807431818020094e-05    2.9737746668131926e-05
36035.1720372505    2.9116377350922093e-05    2.965795498950755e-05    2.9490102106041077e-05    2.9421478148823573e-05
36035.2720372505    2.88091325139964e-05    2.9343075332561817e-05    2.9177476868099582e-05    2.9109894904885932e-05
36035.3720372505    2.8506441933062612e-05    2.9032850778607353e-05    2.8869484635149643e-05    2.8802925782273203e-05
36035.472037250496    2.820823510114328e-05    2.8727211048667296e-05    2.856605454121424e-05    2.8500500230341607e-05
36035.572037250495    2.7914442206238262e-05    2.842608643474153e-05    2.8267116346293235e-05    2.820254832909101e-05
36035.67203725049    2.7624994146347413e-05    2.812940781982994e-05    2.79726004613865e-05    2.7909000809187952e-05
36035.77203725049    2.733982254349133e-05    2.7837106705953658e-05    2.7682437967515008e-05    2.761978907232e-05
36035.87203725049    2.7058859761628063e-05    2.7549115234069713e-05    2.739656063863608e-05    2.733484521144462e-05
36035.97203725049    2.678203891977851e-05    2.7265366206199548e-05    2.7114900953771005e-05    2.7054102026583022e-05
36036.07203725049    2.6509293903942524e-05    2.698579310434303e-05    2.683739212391963e-05    2.6777493044068393e-05
