169.4419280586    5.5302176444e-06    5.8309761429e-06    5.6209518275e-06    5.660715204933333e-06
169.5419280586    3.9701364024e-06    4.2360087853e-06    4.0475527361e-06    4.0845659746e-06
169.6419280586    3.5767688241e-06    3.835551221e-06    3.6513717939e-06    3.6878972796666665e-06
169.7419280586    3.430106442e-06    3.6880121837e-06    3.5042404534e-06    3.5407863596999997e-06
169.8419280586    3.3604094035e-06    3.6194715307e-06    3.434842169e-06    3.4715743677333334e-06
169.94192805859998    3.3236606384000107e-06    3.58474017420001e-06    3.3987144649000103e-06    3.43570509250001e-06
170.04192805859998    3.3046286254000054e-06    3.5680286406000048e-06    3.380418536200005e-06    3.4176919340666717e-06
170.14192805859997    3.3063837564999995e-06    3.5723809855999986e-06    3.383013286099999e-06    3.4205926760666653e-06
170.24192805859997    3.303911965500001e-06    3.5728556861e-06    3.3815137621000006e-06    3.4194271379000004e-06
170.34192805859996    3.3053055625999996e-06    3.577361973399999e-06    3.383937447199999e-06    3.422201661066666e-06
170.44192805859996    3.3100385702999975e-06    3.5853196457999953e-06    3.3897424511999966e-06    3.4283668890999966e-06
170.54192805859995    3.317915214999995e-06    3.5963817386999936e-06    3.398677667899995e-06    3.437658207199995e-06
170.64192805859994    3.3384719350999883e-06    3.6202137606999864e-06    3.4203244447999877e-06    3.4596700468666537e-06
170.74192805859994    3.3493096384999937e-06    3.634738895299992e-06    3.432402619199993e-06    3.472150384333326e-06
170.84192805859993    3.3501768674999995e-06    3.6392158812999976e-06    3.4344852071999986e-06    3.474625985333332e-06
170.94192805859993    3.3637289350999885e-06    3.6563017499999854e-06    3.4492172427999875e-06    3.489749309299987e-06
171.04192805859992    3.3898942713999774e-06    3.6862436344999744e-06    3.476657839899977e-06    3.51759858193331e-06
171.14192805859992    3.406472102899986e-06    3.7066607466999827e-06    3.494530526899985e-06    3.535887792166651e-06
171.2419280585999    3.4232299922999857e-06    3.7271730866999826e-06    3.5125508535999847e-06    3.5543179775333177e-06
171.3419280585999    3.440641843599985e-06    3.748608403899982e-06    3.531322849599984e-06    3.5735243656999837e-06
171.4419280585999    3.45817506519998e-06    3.770404213499975e-06    3.5503083365999783e-06    3.5929625384333116e-06
171.5419280585999    3.465888713999991e-06    3.7823042802999865e-06    3.5594440295999896e-06    3.602545674633323e-06
171.6419280585999    3.4857073979999774e-06    3.8063761150999723e-06    3.580705892699976e-06    3.6242631352666417e-06
171.74192805859988    3.5171208728999645e-06    3.8421110585999595e-06    3.6135890693999627e-06    3.657607000299962e-06
171.84192805859988    3.5278721057999875e-06    3.857279479499983e-06    3.625842877999986e-06    3.670331487766652e-06
171.94192805859987    3.5493559970999696e-06    3.883269311399963e-06    3.6488636748999675e-06    3.6938296611332997e-06
172.04192805859986    3.5715909527999684e-06    3.910107080599962e-06    3.672671378099966e-06    3.7181231371666326e-06
172.14192805859986    3.5846134979999814e-06    3.9279842183999745e-06    3.687356737799979e-06    3.7333181513999785e-06
172.24192805859985    3.61962899819995e-06    3.967768432399943e-06    3.7239982331999477e-06    3.7704652212666135e-06
172.34192805859985    3.643951985099965e-06    3.996971716299958e-06    3.7499925995999632e-06    3.796972100333296e-06
172.44192805859984    3.646974487499995e-06    4.005145199299986e-06    3.754788029299992e-06    3.8023025720333244e-06
172.54192805859984    3.672724759499956e-06    4.035940652499947e-06    3.782265905799953e-06    3.830310439266619e-06
172.64192805859983    3.7105417841999356e-06    4.078889609699927e-06    3.821845469299932e-06    3.870425621066598e-06
172.74192805859983    3.7271554199999718e-06    4.100967167599963e-06    3.840345740099968e-06    3.889489442566634e-06
172.84192805859982    3.7437195306999717e-06    4.123101558399962e-06    3.8588312320999685e-06    3.908550773733301e-06
172.9419280585998    3.771731297999944e-06    4.1565634178999334e-06    3.888715876799941e-06    3.939003530899939e-06
173.0419280585998    3.7905314501999628e-06    4.181164783299951e-06    3.909525209599958e-06    3.9604071476999575e-06
173.1419280585998    3.82092083209994e-06    4.217440598999928e-06    3.941953123199935e-06    3.993438184766601e-06
173.2419280585998    3.851998666099938e-06    4.254325759399927e-06    3.975035913899934e-06    4.027120113133267e-06
173.3419280585998    3.87257270259996e-06    4.281025265399947e-06    3.9977336803999555e-06    4.050443882799954e-06
173.44192805859979    3.8939921754999515e-06    4.308687719699937e-06    4.021320036299946e-06    4.0746666438332775e-06
173.54192805859978    3.9273727022999235e-06    4.3484442263999095e-06    4.056913767199919e-06    4.110910231966584e-06
173.64192805859977    3.9608951773999235e-06    4.388476220899909e-06    4.092705078299919e-06    4.14735882553325e-06
173.74192805859977    3.973076810499972e-06    4.407041894599958e-06    4.107105253999967e-06    4.162407986366633e-06
173.84192805859976    3.9970685371999454e-06    4.43781519959993e-06    4.13345556859994e-06    4.189446435133271e-06
173.94192805859976    4.033974930299906e-06    4.481934649399888e-06    4.172886245399899e-06    4.229598608366565e-06
174.04192805859975    4.071852407899904e-06    4.5268887358998845e-06    4.213235152499897e-06    4.2706587654332276e-06
174.14192805859975    4.098476384299932e-06    4.560732913199914e-06    4.242380242999925e-06    4.300529846833257e-06
174.24192805859974    4.115326677399957e-06    4.585206505999938e-06    4.26190399909995e-06    4.320812394166615e-06
174.34192805859973    4.1543906577999e-06    4.631810363999881e-06    4.3036092720998935e-06    4.363270097966558e-06
174.44192805859973    4.184273386699915e-06    4.669387653799894e-06    4.336193208999908e-06    4.396618083166572e-06
174.54192805859972    4.214616136199914e-06    4.707563919699891e-06    4.369274950299906e-06    4.43048500206657e-06
174.64192805859972    4.245883232899911e-06    4.747127174499887e-06    4.403460552399902e-06    4.465490319933234e-06
174.7419280585997    4.278100719499908e-06    4.787833399499884e-06    4.4386726900999e-06    4.5015356030332305e-06
174.8419280585997    4.310721211399908e-06    4.828861041899883e-06    4.474249547899899e-06    4.53794393373323e-06
174.9419280585997    4.334389410699926e-06    4.861027881899899e-06    4.500902625999917e-06    4.565439972866581e-06
175.0419280585997    4.3806528966998555e-06    4.916333124899827e-06    4.550360792099845e-06    4.615782271233176e-06
175.1419280585997    4.417277991199886e-06    4.962225145299857e-06    4.590263149499876e-06    4.656588761999872e-06
175.24192805859968    4.443555631599918e-06    4.998023187499888e-06    4.619912826699908e-06    4.6871638819332375e-06
175.34192805859968    4.481612843699882e-06    5.045772782299851e-06    4.6614037124998704e-06    4.729596446166533e-06
175.44192805859967    4.520678751399867e-06    5.094403117199834e-06    4.703852859399855e-06    4.772978242666518e-06
175.54192805859967    4.550491863199899e-06    5.134319246399864e-06    4.737250334299887e-06    4.807353814633217e-06
175.64192805859966    4.592121408799858e-06    5.186696677499821e-06    4.782705697799845e-06    4.853841261366508e-06
175.74192805859965    4.6349209240998546e-06    5.240116682099818e-06    4.829276419899841e-06    4.901438008699838e-06
175.84192805859965    4.667458800899889e-06    5.283188317399853e-06    4.865564063499877e-06    4.938737060599874e-06
175.94192805859964    4.701289697499874e-06    5.3285507722998326e-06    4.9035084311998595e-06    4.977782966999857e-06
176.04192805859964    4.7471181474998305e-06    5.386151634699787e-06    4.953542910499816e-06    5.028937564233145e-06
176.14192805859963    4.7836630646998655e-06    5.434374930099822e-06    4.9942538058998495e-06    5.070763933566513e-06
176.24192805859963    4.8216116401998595e-06    5.484271625199815e-06    5.036468242399844e-06    5.114117169266506e-06
176.34192805859962    4.8716848067998155e-06    5.54653619579977e-06    5.090906212499799e-06    5.169709071699794e-06
176.44192805859961    4.912597320299838e-06    5.600475147999786e-06    5.136491694999819e-06    5.21652138776648e-06
176.5419280585996    4.954324876299834e-06    5.655462760199781e-06    5.182968807599816e-06    5.264252148033144e-06
176.6419280585996    4.997377042099829e-06    5.7117338860997764e-06    5.230763702499809e-06    5.313291543566473e-06
176.7419280585996    5.042123707599822e-06    5.770462748799766e-06    5.2805358593998015e-06    5.364374105266464e-06
176.8419280585996    5.088264933599816e-06    5.831003954999759e-06    5.3318655140997955e-06    5.41704480089979e-06
176.9419280585996    5.136331198099795e-06    5.8937391189997325e-06    5.385217585999772e-06    5.471762634366434e-06
177.04192805859958    5.186114447099787e-06    5.958506310099724e-06    5.440397464899765e-06    5.528339407366426e-06
177.14192805859958    5.237157604999782e-06    6.024615754099718e-06    5.496875559599759e-06    5.586216306233086e-06
177.24192805859957    5.289518098499777e-06    6.092888862099709e-06    5.554979246199753e-06    5.6457954022664125e-06
177.34192805859956    5.332032903099819e-06    6.152183791799748e-06    5.603577181399792e-06    5.695931292099786e-06
177.44192805859956    5.3759004761998e-06    6.212853453299724e-06    5.653540340699773e-06    5.747431423399766e-06
177.54192805859955    5.433994350699736e-06    6.288278406099657e-06    5.717906241399707e-06    5.8133929993997e-06
177.64192805859955    5.493078056499732e-06    6.365604512399649e-06    5.783620501099701e-06    5.880767689999694e-06
177.74192805859954    5.543237970199772e-06    6.433993944999689e-06    5.840397051499741e-06    5.9392096555664006e-06
177.84192805859954    5.59592878369976e-06    6.506055103899672e-06    5.900146891499728e-06    6.00071025969972e-06
177.94192805859953    5.660944355299686e-06    6.590240863699593e-06    5.972131757999652e-06    6.074438992332977e-06
178.04192805859952    5.716564936499731e-06    6.665788539699635e-06    6.035017213799696e-06    6.139123563333021e-06
178.14192805859952    5.763026310199776e-06    6.7337841764996715e-06    6.0893584100997375e-06    6.195389632266396e-06
178.2419280585995    5.8234695021997074e-06    6.8153475624996064e-06    6.157520573399671e-06    6.2654458793663285e-06
178.3419280585995    5.8972589417996434e-06    6.910760137599539e-06    6.239211724599605e-06    6.349076934666262e-06
178.4419280585995    5.961915580299669e-06    6.999084506899549e-06    6.312558562099624e-06    6.424519549766281e-06
178.5419280585995    6.016415986199721e-06    7.077331121499599e-06    6.375784004899676e-06    6.4898437041996645e-06
178.6419280585995    6.074339858499704e-06    7.158981829199583e-06    6.442416352499659e-06    6.558579346732982e-06
178.74192805859948    6.1461958700996324e-06    7.2566212527995005e-06    6.523765742099584e-06    6.642194288332906e-06
178.84192805859948    6.220204853799621e-06    7.356678459799488e-06    6.607377593299573e-06    6.728086968966227e-06
178.94192805859947    6.2846328417996516e-06    7.447095332099512e-06    6.6813972660996e-06    6.804375146666255e-06
179.04192805859947    6.3529207029996316e-06    7.544097696099477e-06    6.760299802899574e-06    6.88577273399956e-06
179.14192805859946    6.424256357799615e-06    7.644862296899456e-06    6.842520859899556e-06    6.970546504866209e-06
179.24192805859946    6.4971763516996065e-06    7.746473107599451e-06    6.926092945699548e-06    7.056580801666203e-06
179.34192805859945    6.574246920999584e-06    7.85386243759942e-06    7.014392128299523e-06    7.1475004956328416e-06
179.44192805859944    6.65353293569955e-06    7.966773573399358e-06    7.106214029599478e-06    7.242173512899463e-06
179.54192805859944    6.735825098199532e-06    8.081926416599346e-06    7.200753804599463e-06    7.33950177313278e-06
179.64192805859943    6.811618074099569e-06    8.191508546599376e-06    7.289140870199498e-06    7.430755830299482e-06
179.74192805859943    6.899375351699501e-06    8.315178518599298e-06    7.3903317474994245e-06    7.534961872599408e-06
179.84192805859942    6.982369249299528e-06    8.434472113899323e-06    7.486873786999451e-06    7.634571716732767e-06
179.94192805859942    7.066009176899501e-06    8.557355616099266e-06    7.585277709699413e-06    7.73621416756606e-06
180.0419280585994    7.153633631699477e-06    8.68488449129924e-06    7.687894647999387e-06    7.842137590332703e-06
180.1419280585994    7.244878753299455e-06    8.816925613699213e-06    7.794504547899363e-06    7.952102971632676e-06
180.2419280585994    7.340493274799429e-06    8.95612704639917e-06    7.906618761299331e-06    8.067746360832644e-06
180.3419280585994    7.432166720199453e-06    9.092674056999186e-06    8.015225682299351e-06    8.180022153165996e-06
180.4419280585994    7.535844110899352e-06    9.242287918199065e-06    8.136324232399243e-06    8.304818753832553e-06
180.54192805859938    7.63334738009939e-06    9.388487535799086e-06    8.252324691699274e-06    8.42471986919925e-06
180.64192805859938    7.735269611599362e-06    9.541138987099047e-06    8.373573790099242e-06    8.549994129599219e-06
180.74192805859937    7.841209613499338e-06    9.698559841499015e-06    8.499202387599214e-06    8.679657280865856e-06
180.84192805859936    7.952069159899307e-06    9.86479070559896e-06    8.631287016699173e-06    8.816048960732482e-06
180.94192805859936    8.0589823101993e-06    1.0029655739998923e-05    8.760460336699157e-06    8.949699462299126e-06
181.04192805859935    8.17993371329921e-06    1.0210586764998818e-05    8.904516135199058e-06    9.09834553783236e-06
181.14192805859935    8.290223393799278e-06    1.0384093019998865e-05    9.03933408059912e-06    9.237883498132423e-06
181.24192805859934    8.411923249999204e-06    1.0569342462998789e-05    9.185693470999043e-06    9.38898639466568e-06
181.34192805859934    8.539991308999162e-06    1.0763950971998727e-05    9.339656916898994e-06    9.547866399298962e-06
181.44192805859933    8.662676632299164e-06    1.0956722005998685e-05    9.489752930298977e-06    9.703050522865607e-06
181.54192805859932    8.776036872499227e-06    1.11472399249987e-05    9.63340126929902e-06    9.852226022265648e-06
181.64192805859932    8.974377532098646e-06    1.1424035110998111e-05    9.862710336798437e-06    1.00870409932984e-05
181.7419280585993    9.162890029198714e-06    1.1694507961998155e-05    1.0083697065998493e-05    1.0313698352398453e-05
181.8419280585993    9.204767682099713e-06    1.1822651722999127e-05    1.015997565999948e-05    1.0395798355032771e-05
181.9419280585993    9.345813747398998e-06    1.2053136822998362e-05    1.0336903139998743e-05    1.0578617903465368e-05
182.0419280585993    9.515358251498796e-06    1.2319558970998108e-05    1.0544949157998521e-05    1.0793288793498475e-05
182.1419280585993    9.679987864198829e-06    1.2583118575998128e-05    1.0750259352998542e-05    1.10044552643985e-05
182.24192805859929    9.86432962669869e-06    1.2870703072997957e-05    1.0976096465998395e-05    1.1237043055231681e-05
182.34192805859928    9.954806692299358e-06    1.307199616799857e-05    1.1112840974999028e-05    1.1379881278432319e-05
182.44192805859927    1.0143826923998602e-05    1.3378751117997733e-05    1.1350499651998242e-05    1.1624359231331528e-05
182.54192805859927    1.0374373254998296e-05    1.373462942699737e-05    1.1634412183997902e-05    1.1914471621997855e-05
182.64192805859926    1.0586254204998434e-05    1.4075941421997478e-05    1.1901971681998023e-05    1.2188055769664646e-05
182.74192805859926    1.0799226334998426e-05    1.4422353869997441e-05    1.2171951163998005e-05    1.246451045633129e-05
182.84192805859925    1.0954079110998857e-05    1.472671643899775e-05    1.2392051187998374e-05    1.2690948912664992e-05
182.94192805859925    1.1087765862998973e-05    1.501083497899782e-05    1.2587969945998497e-05    1.2895523595998428e-05
183.04192805859924    1.1389395283997685e-05    1.547902310099641e-05    1.2963549331997118e-05    1.3277322572330404e-05
183.14192805859923    1.1661559323997912e-05    1.5927420272996558e-05    1.3316652958997289e-05    1.3635210851997253e-05
183.24192805859923    1.1834484769998673e-05    1.6284464814997258e-05    1.3574885115998018e-05    1.3897944900331316e-05
183.34192805859922    1.2095272836998e-05    1.6746519362996452e-05    1.3930542544997271e-05    1.4257444914997242e-05
183.44192805859922    1.2411231521997486e-05    1.727069293699583e-05    1.4344811360996703e-05    1.4675578606663339e-05
183.5419280585992    1.2628914137998268e-05    1.7711312433996494e-05    1.4672472456997393e-05    1.5004233009664053e-05
183.6419280585992    1.2883375285997975e-05    1.819900684099612e-05    1.5045523020997032e-05    1.5375968382663708e-05
183.7419280585992    1.3445897833995522e-05    1.904715011599325e-05    1.575637812099434e-05    1.6083142023661035e-05
183.8419280585992    1.382918516499695e-05    1.9714628243994687e-05    1.6293876456995723e-05    1.661256328866245e-05
183.9419280585992    1.5228403893988467e-05    2.161573244598433e-05    1.796080181398626e-05    1.826831271798635e-05
184.04192805859918    1.563236820299667e-05    2.233938158599404e-05    1.8552266628995126e-05    1.8841338805995278e-05
184.14192805859918    1.487424461000625e-05    2.1710472047005184e-05    1.7906079755005325e-05    1.816359880400559e-05
184.24192805859917    1.5262459245996802e-05    2.2446324686993934e-05    1.853792813999479e-05    1.8748904024328508e-05
184.34192805859917    1.574655275399601e-05    2.3304764763992926e-05    1.9306053727993667e-05    1.9452457081994202e-05
184.44192805859916    1.6210529795996044e-05    2.4195475167992404e-05    2.0117992192993077e-05    2.017466571899384e-05
184.54192805859915    1.6740499424995482e-05    2.51569198769918e-05    2.1056475318991997e-05    2.098463154032643e-05
184.64192805859915    1.7358143866994736e-05    2.6243746640990733e-05    2.2181303559990407e-05    2.1927731355991957e-05
184.74192805859914    1.8123596889993475e-05    2.750822876598922e-05    2.3616612614987763e-05    2.308281275699015e-05
184.84192805859914    1.904328289399216e-05    2.8950457426987705e-05    2.5426788833984566e-05    2.4473509718321476e-05
184.94192805859913    2.018259176698996e-05    3.062186909198528e-05    2.7825523865978865e-05    2.6209994908318036e-05
185.04192805859913    2.1512123139988288e-05    3.244169380898397e-05    3.104782074397161e-05    2.833387923098129e-05
185.14192805859912    2.3221059210984945e-05    3.431487863398349e-05    3.571790919495885e-05    3.108461567997576e-05
185.24192805859911    2.5926160654976168e-05    3.683721967197777e-05    4.407769698692635e-05    3.561369243796009e-05
185.3419280585991    3.0451134042960132e-05    4.001570113997199e-05    6.163951516984527e-05    4.4035450117592465e-05
185.4419280585991    4.540553257186399e-05    5.15492856808951e-05    0.000127942158439397    7.496565889738535e-05
185.5419280585991    0.00012981724804923228    5.8807861089933984e-05    0.0006668223546650989    0.00028514915460142173
185.6419280585991    0.0002467223588589367    9.23663136036948e-05    0.0013373471997939015    0.0005588119574188443
185.7419280585991    0.00010443787905129408    9.794251227394929e-05    0.00024037610666997672    0.00014758549933174006
185.84192805859908    0.00016676285213943314    7.552162089020391e-05    0.00013664885334094338    0.00012631110879019348
185.94192805859907    0.0007279688724547363    0.00010750414220970002    0.000266619827148781    0.0003673642806044058
186.04192805859907    0.0008844274554385325    0.0001381908358297122    0.00033023670458940334    0.0004509516652858827
186.14192805859906    0.0004753576858738367    0.0003099108454183894    0.00036321694538969066    0.0003828284922273056
186.24192805859906    0.00036889407856099856    0.0005752979994975109    0.0004407912998792724    0.00046166112597926064
186.34192805859905    0.0003239489192004215    0.0008779295666471615    0.0005120020906593322    0.000571293525502305
186.44192805859905    0.0003085941055601484    0.0012224419203966709    0.0005832185833793118    0.000704751536445377
186.54192805859904    0.0003058283936500267    0.0015666554135966738    0.0006747185009691158    0.0008490674360719388
186.64192805859904    0.00031835593357987897    0.0018878179741968963    0.0008285562376185134    0.001011576715131763
186.74192805859903    0.000347023269049723    0.0021656935431973146    0.001065430230197711    0.0011927156808149162
186.84192805859902    0.0003831027385396514    0.002394780246897786    0.0013334561717974099    0.001370446385744949
186.94192805859902    0.00040598989192977233    0.002580526468898152    0.0014963782599983794    0.0014942982069421015
187.041928058599    0.00040522114257000765    0.002733462231398479    0.0014842730470001203    0.0015409854736562023
187.141928058599    0.0003910850281101406    0.0028636012954987053    0.0013696676456011402    0.0015414513230699953
187.241928058599    0.0003769671487301405    0.0029789478262988523    0.0012429764310012603    0.0015329638020100842
187.341928058599    0.00036840397043008514    0.0030842378568989525    0.0011426933014009977    0.001531778376243345
187.441928058599    0.00036612079681002334    0.003181455698899005    0.0010745370606006974    0.001540704518769909
187.54192805859898    0.00036971346179996326    0.0032710234669990836    0.00103446018960041    0.0015583990394664854
187.64192805859898    0.00037811639492991403    0.0033518600485991728    0.0010167308212001814    0.0015822357549097558
187.74192805859897    0.00038825897124989626    0.0034209646407992933    0.0010142754917000251    0.0016078330345830714
187.84192805859897    0.0004051901507298267    0.0034869394825993247    0.00103283511589981    0.0016416549164096539
187.94192805859896    0.0004284010703697559    0.003534371677099501    0.0010632504445996802    0.0016753410640229789
188.04192805859896    0.0004523173160997485    0.0035649279053996787    0.0010999663286996137    0.0017057371833996803
188.14192805859895    0.0004794943019697142    0.003581563034199825    0.001144278172199534    0.0017351118361230242
188.24192805859894    0.0005097792594796816    0.003586001679799953    0.0011943955734994732    0.0017633921709263693
188.34192805859894    0.0005431655026596489    0.0035819675846000426    0.0012486172179994297    0.0017912501017530403
188.44192805859893    0.0005799738658396024    0.0035754792395000703    0.0013057932359993823    0.001820415447113018
188.54192805859893    0.0006206530214595607    0.0035730114183000266    0.0013649121036993614    0.0018528588478196495
188.64192805859892    0.000665462579969516    0.003580619039599918    0.0014250636895993503    0.0018903817697229282
188.74192805859892    0.0007149399306994656    0.0036030558876997574    0.0014859665609993423    0.0019346541264661883
188.8419280585989    0.0007701877072094033    0.0036439245365995584    0.0015482925439993269    0.001987468262602763
188.9419280585989    0.0008321817903793129    0.0037046003795993274    0.0016130006449992828    0.0020499276049926415
189.0419280585989    0.000902013636559226    0.003785155048299107    0.0016815329888992404    0.0021229005579191914
189.1419280585989    0.0009813402043591208    0.003884719535798896    0.0017561680745991728    0.00220740927158573
189.2419280585989    0.0010718969702989962    0.004001781085598702    0.0018395052056990762    0.0023043944205322583
189.34192805859888    0.0011756838053988497    0.004133906271498535    0.001934394618198948    0.002414661565032111
189.44192805859888    0.001294962499398644    0.004278489825598356    0.002044069499098753    0.002539173941365251
189.54192805859887    0.0014317243748984453    0.0044322388736982524    0.002171555535498551    0.002678506261365083
189.64192805859886    0.001588472371698218    0.0045919587471981846    0.0023204304101983072    0.0028336205096982365
189.74192805859886    0.0017676728945979628    0.004754208753398155    0.0024943709525980223    0.00300541753353138
189.84192805859885    0.001971107470697687    0.004915265421098169    0.0026966387421977008    0.003194337211331186
189.94192805859885    0.0022003659458973285    0.005071661228798177    0.0029306199268972735    0.003400882367197593
190.04192805859884    0.0024566157967970143    0.005220856952498262    0.0031996665054968647    0.0036257130849307135
190.14192805859884    0.002739505733696704    0.005360680134198371    0.003505933634196431    0.003868706500697168
190.24192805859883    0.003046980536696417    0.005489506778798499    0.0038499367974959915    0.004128808037663636
190.34192805859882    0.0033751722177961753    0.005607199972498629    0.00423010078959557    0.004404157659963459
190.44192805859882    0.0037184186315959026    0.0057149158694987144    0.0046420677185950825    0.004691800739896566
190.5419280585988    0.00406854814419582    0.005814529031098811    0.005077363096094804    0.004986813423796479
190.6419280585988    0.004416464203995847    0.005909638228298864    0.005524476466094663    0.005283526299463125
190.7419280585988    0.00475235400419599    0.006004680706498866    0.005969063268994693    0.0055753659932298505
190.8419280585988    0.005066812375396246    0.006104723611198805    0.006395800270394906    0.005855778752329986
190.9419280585988    0.005352354969496511    0.006215495998198646    0.00679105098019517    0.006119633982630109
191.04192805859878    0.005604663149396917    0.0063434898782984365    0.007145437156295669    0.006364530061330341
191.14192805859878    0.005822005304197344    0.006494800641698151    0.007454146044396227    0.006590317330097241
191.24192805859877    0.006005899650497752    0.00667566214109779    0.00771762725479678    0.006799729682130774
191.34192805859877    0.0061601501157981155    0.006891888640097357    0.007940069288797282    0.006997369348230919
191.44192805859876    0.006290194242498374    0.0071487841879967874    0.008127800113497653    0.007188926181330937
191.54192805859876    0.006402410341498597    0.007451140286796219    0.008287892430297998    0.007380481019530938
191.64192805859875    0.006503179486398739    0.007802845163795601    0.008426952579198262    0.007577659076464201
191.74192805859875    0.006598572896998807    0.008206888880794946    0.008550576100298454    0.007785345959364069
191.84192805859874    0.006694792307298797    0.008666375810894255    0.00866421292129858    0.00800846034649721
191.94192805859873    0.00679727995479869    0.009183861375393383    0.008772517895198614    0.008251219741796895
192.04192805859873    0.00691138518879854    0.009762510852692599    0.00888037657629862    0.008518090872596586
192.14192805859872    0.007042321240298325    0.010406559205991763    0.008993099409598559    0.008813993285296215
192.24192805859872    0.007195020944198047    0.011121408616990859    0.009116370627698423    0.009144266729629109
192.3419280585987    0.0073749412018976985    0.011914570475989854    0.0092570765595982    0.009515529412495251
192.4419280585987    0.007587860601297217    0.012795310187988485    0.00942308639639783    0.00993541906189451
192.5419280585987    0.007840127918296703    0.013774029403987205    0.009623393476097381    0.010412516932793763
192.6419280585987    0.008138607066996097    0.014860760649985793    0.009868102095696801    0.010955823270892897
192.7419280585987    0.008491151707395391    0.016062966314984283    0.010168880106996068    0.011574332709791912
192.84192805859868    0.008906768795094567    0.017381807416982756    0.010539273531995156    0.012275949914690826
192.94192805859868    0.009395438238193473    0.01880571405898098    0.010994723714993916    0.013065292004056124
193.04192805859867    0.009969105548292338    0.020303302604979995    0.011553808129992533    0.013942072094421621
193.14192805859867    0.010640526578991031    0.02181247540197984    0.01223731544999087    0.014896772476987246
193.24192805859866    0.011423837785989537    0.02323341370298102    0.01306889913198889    0.01590871687365315
193.34192805859865    0.012334004721987842    0.024428459692984038    0.014074070372986573    0.01694551159598615
193.44192805859865    0.013385299338985657    0.02523852827298895    0.015276836454983591    0.0179668880223194
193.54192805859864    0.014589536930983572    0.025520069159996158    0.016693738100980668    0.018934448063986798
193.64192805859864    0.015953217086981396    0.025193937478004448    0.01832236924397778    0.019823174602987874
193.74192805859863    0.01747338801497926    0.02428060123801246    0.020123468592975428    0.02062581928198905
193.84192805859863    0.019133944861977344    0.02289814714101886    0.022001064073974386    0.0213443853589902
193.94192805859862    0.020904891981975336    0.02122197550902334    0.02379484676897502    0.021973904753324565
194.04192805859861    0.022749704977974308    0.019432893328024916    0.025311440126978876    0.0224980128109927
194.1419280585986    0.024634942880973745    0.01767655603302446    0.02640220242798481    0.02290456711399434
194.2419280585986    0.02655077652897332    0.016051999559022624    0.027067503013990732    0.023223426367328895
194.3419280585986    0.028500802827972842    0.014611218478020065    0.02748094220899424    0.02353098783832905
194.4419280585986    0.030482328266971843    0.01337341685301759    0.027924757159993693    0.023926834093327708
194.5419280585986    0.03243669753797222    0.0123320070880148    0.028645638461989753    0.02447144769599226
194.64192805859858    0.03420230338097491    0.011463256697012345    0.029697703401985052    0.025121087826657434
194.74192805859857    0.03546647083298204    0.010734298584010359    0.03074048161798518    0.02564708367832586
194.84192805859857    0.03578236207199551    0.010108540594008892    0.03088686563499792    0.02559258943366744
194.94192805859856    0.034725904633015316    0.00955524757120802    0.029059258314026493    0.024446803506083276
195.04192805859856    0.0322217212140363    0.00905783507310721    0.025131314953056934    0.022136957080066817
195.14192805859855    0.028675511787051404    0.008619333055006355    0.02034478050806938    0.01921320845004238
195.24192805859855    0.02472044098305733    0.008254017679005295    0.016080637441061807    0.01635169870104148
195.34192805859854    0.020884172564055607    0.007975626702804035    0.012913780420045904    0.013924526562301847
195.44192805859853    0.017480095146050312    0.007786274958102798    0.01083048640103079    0.012032285501727965
195.54192805859853    0.014628891565042138    0.007670795519101707    0.009644738254117524    0.010648141779420457
195.64192805859852    0.012330749227033965    0.007604657663500977    0.00914269429100742    0.009692700393847453
195.74192805859852    0.01050914701502692    0.0075653549327005815    0.008990529129402248    0.009021677025709919
195.8419280585985    0.009046033875021623    0.007540254673400372    0.008689616968104448    0.008425301838842148
195.9419280585985    0.007851451958517995    0.007525670775800219    0.00794940469461115    0.007775509142976454
196.0419280585985    0.006907973838114213    0.007515744880300149    0.006971114277614736    0.0071316109986763665
196.1419280585985    0.0062076892766105484    0.007482440905300501    0.006065787708713638    0.006585305963541563
196.2419280585985    0.005689811943907801    0.007350637677701986    0.0053497195584107865    0.00613005639334019
196.34192805859848    0.0052383704663068005    0.007008418668405155    0.004794829511808359    0.005680539548840105
196.44192805859848    0.004765413714207259    0.006411860425209156    0.00434465112710691    0.005173975088841107
196.54192805859847    0.0042859271651073585    0.005647369182011733    0.003959392989005913    0.004630896445375001
196.64192805859847    0.0038748191989063097    0.004868947705311947    0.003621656115105183    0.004121807673107813
196.74192805859846    0.003573008943704632    0.004194650146510348    0.0033223518415045937    0.0036966703105731913
196.84192805859846    0.003372181622603082    0.0036572509580082477    0.0030534728723041263    0.003360968484305152
196.94192805859845    0.003248906943501927    0.0032240003370067726    0.0028160997766037105    0.003096335685704137
197.04192805859844    0.0031726842267011915    0.0028583402557057157    0.0026120450123031896    0.0028810231649033656
197.14192805859844    0.0031094537699009883    0.0025671767490045515    0.002441625377602664    0.0027060852988360683
197.24192805859843    0.003020915725901384    0.0023635239046031838    0.0022980320687022446    0.0025608238997356044
197.34192805859843    0.0028775481530022413    0.002244098985901867    0.002171433775801979    0.0024310269715686955
197.44192805859842    0.0026794094861031536    0.0021998843421007037    0.0020595073752017815    0.002312933734468546
197.54192805859842    0.0024579095511035255    0.0022195959334996864    0.001968460950501449    0.002215322145034887
197.6419280585984    0.0022593673459031603    0.002292045906098847    0.0019110837401009133    0.0021541656640343063
197.7419280585984    0.0021233274623021652    0.002407572033698161    0.0018999093919001779    0.0021436029626335017
197.8419280585984    0.002080685164500679    0.002573334606497362    0.001946216838099263    0.002200078869699101
197.9419280585984    0.0021467645563989298    0.0028303691556958357    0.0020578864398981913    0.0023450067173309856
198.0419280585984    0.0023125651625973136    0.003259584204693046    0.002239485456497058    0.002603878274595806
198.14192805859838    0.0025549346875960734    0.00395957918838866    0.002487743833195978    0.0030007525697269043
198.24192805859838    0.002864412514594986    0.004980851891883455    0.0027973317845949846    0.0035475320636911417
198.34192805859837    0.003239630590093921    0.006117362468281588    0.003116103006694836    0.004157698688356781
198.44192805859836    0.0036848550857926606    0.006883613805187368    0.0033065081588968615    0.004624992349958964
198.54192805859836    0.004198849744291527    0.007179138799195128    0.003279055920200452    0.004885681487895702
198.64192805859835    0.004758336730590777    0.007194592500699745    0.00314439404330222    0.005032441091530915
198.74192805859835    0.0053611573523900625    0.0069041320670047875    0.003045953676601623    0.005103747698665491
198.84192805859834    0.005939109836090473    0.006472885259607109    0.0030361194435001623    0.005149371513065914
198.94192805859834    0.006258976743494636    0.006290170861903063    0.0030966546519989846    0.005215267419132227
199.04192805859833    0.006377369751998015    0.006694184010393225    0.003190418334598428    0.0054206573656632225
199.14192805859832    0.006435290235999028    0.007665485375283713    0.0032808989945984825    0.005793891535293741
199.24192805859832    0.006401017737600575    0.008726213587682212    0.003349646375598847    0.006158959233627212
199.3419280585983    0.00611002014260488    0.009135659454893134    0.0033214651716004726    0.006189048256366162
199.4419280585983    0.0033896961369463893    0.0052121000968669085    0.0019128259457240216    0.003504874059845773
199.5419280585983    0.000656653051846607    0.000935194079502934    0.00037764954778617935    0.0006564988930452403
199.6419280585983    0.00032945566591557966    0.0004442333081783724    0.00019646980563308965    0.0003233862599090139
199.7419280585983    0.00021783156505190352    0.00028276329773275355    0.0001347631978610523    0.00021178602021523646
199.84192805859828    0.00016245516012094435    0.00020483381681132894    0.00010391962074052598    0.00015706953255759977
199.94192805859828    0.00012962068531056925    0.00015962778925078376    8.540059395732106e-05    0.00012488302283955805
200.04192805859827    0.00010798074319037517    0.00013037689018050713    7.300671026821487e-05    0.00010378811454636574
200.14192805859827    9.267607242626535e-05    0.00011002046528035292    6.409250646215456e-05    8.892968138959094e-05
200.24192805859826    8.128935836919742e-05    9.509535700025877e-05    5.734333581411701e-05    7.790935039452439e-05
200.34192805859826    7.24872579881526e-05    8.371396407319732e-05    5.2033431828092064e-05    6.941155129648065e-05
200.44192805859825    6.547635242812354e-05    7.476438388715772e-05    4.7729883998075834e-05    6.26568734377857e-05
200.54192805859824    5.97561538671008e-05    6.75513501531271e-05    4.415862402706293e-05    5.7155376015763615e-05
200.64192805859824    5.499597196108388e-05    6.161900343010453e-05    4.1137730870053236e-05    5.2584235420413886e-05
200.74192805859823    5.096888274307096e-05    5.665668216608744e-05    3.854169298704575e-05    4.872241929873473e-05
200.84192805859823    4.751418186106088e-05    5.24457669170742e-05    3.628108637103984e-05    4.5413678383058306e-05
200.94192805859822    4.4514980320053705e-05    4.8828178652064775e-05    3.4290439495035646e-05    4.254453282238471e-05
201.04192805859822    4.18842846120471e-05    4.568692512805624e-05    3.2520683671031687e-05    4.003063113704501e-05
201.1419280585982    3.955604559004169e-05    4.29336588940493e-05    3.093428929202841e-05    3.780799792537313e-05
201.2419280585982    3.7479229186037185e-05    4.050047558004356e-05    2.9502036603025644e-05    3.582724712303547e-05
201.3419280585982    3.56137858560334e-05    3.833436310103879e-05    2.82008146470233e-05    3.4049654534698494e-05
201.4419280585982    3.392784761603067e-05    3.63933569160353e-05    2.7012085941021625e-05    3.2444430157695864e-05
201.5419280585982    3.239573893102787e-05    3.464382173103182e-05    2.592079328901985e-05    3.098678465035985e-05
201.64192805859818    3.099653939402545e-05    3.305849401702884e-05    2.4914567020018302e-05    2.96565334770242e-05
201.74192805859818    2.9713028065023346e-05    3.1615048984026255e-05    2.3983140486016945e-05    2.8437072511688845e-05
201.84192805859817    2.85308965970215e-05    3.029503572402401e-05    2.311791263401574e-05    2.7314614985020414e-05
201.94192805859817    2.7438154797020187e-05    2.908307516602239e-05    2.2311616150014894e-05    2.6277615371019155e-05
202.04192805859816    2.6424675996018724e-05    2.7966248439020634e-05    2.155806254801392e-05    2.531632899435109e-05
202.14192805859815    2.548184542201742e-05    2.6933625154019075e-05    2.0851944115013044e-05    2.4422471563683184e-05
202.24192805859815    2.460228537401625e-05    2.5975895751017693e-05    2.0188678398012256e-05    2.358895317434873e-05
202.34192805859814    2.37796383620152e-05    2.5085082211016455e-05    1.9564284905011537e-05    2.2809668492681063e-05
202.44192805859814    2.300839445201447e-05    2.4254308360015587e-05    1.897528646001105e-05    2.2079329757347035e-05
202.54192805859813    2.2283752644013594e-05    2.347761600001457e-05    1.8418629616010443e-05    2.1393332753346206e-05
202.64192805859813    2.1601508721012797e-05    2.274981655201365e-05    1.7891619937009888e-05    2.0747648403345443e-05
202.74192805859812    2.0957963856012073e-05    2.206637051201282e-05    1.7391868985009374e-05    2.0138734451011424e-05
202.8419280585981    2.0349849606011406e-05    2.1423288827012062e-05    1.6917250605008903e-05    1.9563463012677456e-05
202.9419280585981    1.977426598601096e-05    2.0817051689011545e-05    1.6465864626008596e-05    1.9019060767010366e-05
203.0419280585981    1.922863001101039e-05    2.0244541283010904e-05    1.6036006554008184e-05    1.850305928267649e-05
203.1419280585981    1.871063270900986e-05    1.9702985766010312e-05    1.5626142113007806e-05    1.801325352934266e-05
203.2419280585981    1.8218203009009377e-05    1.918991235800977e-05    1.523488574900745e-05    1.7547667038675536e-05
203.34192805859809    1.7749477245008926e-05    1.870310786400927e-05    1.4860982378007121e-05    1.7104522495675108e-05
203.44192805859808    1.7302773298008633e-05    1.8240585295008936e-05    1.4503291829006913e-05    1.6682216807341496e-05
203.54192805859807    1.6876568545008235e-05    1.7800555509008506e-05    1.416077550900662e-05    1.627929985434112e-05
203.64192805859807    1.6469480991007868e-05    1.73814030280081e-05    1.3832484926006345e-05    1.5894456315007438e-05
203.74192805859806    1.6080253055007523e-05    1.6981665316007726e-05    1.3517551779006086e-05    1.552649005000711e-05
203.84192805859806    1.57077375710072e-05    1.6600014968007377e-05    1.3215179355005844e-05    1.517431063134014e-05
203.94192805859805    1.5350885668007e-05    1.6235244331007154e-05    1.2924635046005697e-05    1.4836921681673284e-05
204.04192805859805    1.500873623800671e-05    1.5886252193006844e-05    1.264524380400548e-05    1.4513410745006343e-05
204.14192805859804    1.4680406746006439e-05    1.5552032208006555e-05    1.2376382405005271e-05    1.4202940453006087e-05
204.24192805859803    1.4365085188006184e-05    1.5231662809006284e-05    1.2117474403005077e-05    1.3904740800005848e-05
204.34192805859803    1.4062023036005942e-05    1.4924298382006028e-05    1.1867985685004892e-05    1.3618102367672287e-05
204.44192805859802    1.3770529022005798e-05    1.4629161535005871e-05    1.1627420523004786e-05    1.3342370360005487e-05
