5.034622763044999942e+02 1.060537291399999908e-05 1.078087331199999846e-05 1.059347468533333272e-05 1.065990697044444399e-05
5.035622762744999932e+02 9.125360547337528277e-06 9.305020864089551011e-06 9.114813390265539785e-06 9.181731600564206923e-06
5.036622762444999921e+02 1.355353914961217649e-05 1.357801011085065475e-05 1.360404684182894592e-05 1.357853203409726018e-05
5.037622762144999911e+02 1.239211485215422648e-05 1.241604653439586491e-05 1.244095142627188123e-05 1.241637093760732534e-05
5.038622761844999900e+02 1.174485682168195719e-05 1.176842667125403929e-05 1.179283979827518633e-05 1.176870776373705924e-05
5.039622761544999889e+02 1.140621100786459868e-05 1.142961395221134956e-05 1.145394216586884330e-05 1.142992237531493277e-05
5.040622761244999879e+02 1.120692497519718067e-05 1.123025477047143049e-05 1.125469603307535577e-05 1.123062525958132287e-05
5.041622760944999868e+02 1.109866040963659353e-05 1.112190979487019923e-05 1.114660841847062334e-05 1.112239287432580424e-05
5.042622760644999858e+02 1.104265647933541441e-05 1.106582341344060802e-05 1.109085908641353250e-05 1.106644632639651831e-05
5.043622760344999847e+02 1.101552258969434120e-05 1.103858198388571021e-05 1.106402641168177053e-05 1.103937699508727511e-05
5.044622760044999836e+02 1.101996910394569259e-05 1.104292127421034164e-05 1.106881694219794615e-05 1.104390244011799402e-05
5.045622759744999826e+02 1.102855963001321546e-05 1.105140185461368546e-05 1.107777647966775161e-05 1.105257932143155028e-05
5.046622759444999815e+02 1.105548259563246758e-05 1.107820471941284719e-05 1.110509392883878008e-05 1.107959374796136551e-05
5.047622759144999804e+02 1.110287874756567837e-05 1.112548821684201604e-05 1.115290319273225841e-05 1.112709005237998371e-05
5.048622758844999794e+02 1.115409851409862595e-05 1.117653952983987317e-05 1.120453713646348465e-05 1.117839172680066069e-05
5.049622758544999783e+02 1.120231116625564168e-05 1.122458532327336324e-05 1.125318762493275871e-05 1.122669470482058844e-05
5.050622758244999773e+02 1.126024938458716301e-05 1.128235908269950117e-05 1.131157937422442749e-05 1.128472928050369836e-05
5.051622757944999762e+02 1.133034386465703631e-05 1.135223687951979444e-05 1.138212066023318883e-05 1.135490046813667207e-05
5.052622757644999751e+02 1.140584979390804623e-05 1.142753767248924510e-05 1.145809309213790836e-05 1.143049351951173323e-05
5.053622757344999741e+02 1.147571140376413728e-05 1.149719351017918577e-05 1.152844417041413511e-05 1.150044969478581882e-05
5.054622757044999730e+02 1.153409632320530356e-05 1.155530614787842959e-05 1.158731710155813891e-05 1.155890652421395961e-05
5.055622756744999720e+02 1.160867591797177137e-05 1.162961300109391610e-05 1.166239878883415866e-05 1.163356256929995040e-05
5.056622756444999709e+02 1.170151980720685229e-05 1.172220136697688591e-05 1.175575787829814209e-05 1.172649301749395897e-05
5.057622756144999698e+02 1.178461901039933615e-05 1.180497526447015718e-05 1.183936958998720525e-05 1.180965462161889840e-05
5.058622755844999688e+02 1.187086616615457802e-05 1.189088865985580693e-05 1.192615091084705186e-05 1.189596857895247950e-05
5.059622755544999677e+02 1.196932992146091078e-05 1.198899584654738178e-05 1.202515874116053712e-05 1.199449483638961102e-05
5.060622755244999667e+02 1.205901288876173782e-05 1.207828911094757802e-05 1.211538973268552123e-05 1.208423057746494456e-05
5.061622754944999656e+02 1.214019718689690116e-05 1.215910416492232025e-05 1.219715419067189018e-05 1.216548518083036996e-05
5.062622754644999645e+02 1.223407351789266247e-05 1.225258511236584836e-05 1.229162054093984547e-05 1.225942639039945153e-05
5.063622754344999635e+02 1.233303394243126005e-05 1.235107298780003083e-05 1.239115594308535805e-05 1.235842095777221518e-05
5.064622754044999624e+02 1.243542505353992899e-05 1.245296583982639615e-05 1.249414047777513311e-05 1.246084379038048552e-05
5.065622753744999613e+02 1.254117600884369192e-05 1.255823541748454894e-05 1.260052195750646368e-05 1.256664446127823541e-05
5.066622753444999603e+02 1.264933456672871556e-05 1.266585778439860725e-05 1.270931256034782926e-05 1.267483497049171679e-05
5.067622753144999592e+02 1.275752893991210655e-05 1.277349005364255410e-05 1.281814864688589207e-05 1.278305588014684978e-05
5.068622752844999582e+02 1.285526238931007612e-05 1.287061375281600950e-05 1.291653840252923983e-05 1.288080484821844238e-05
5.069622752544999571e+02 1.296957488864212536e-05 1.298426726818746341e-05 1.303151187115041193e-05 1.299511800932666746e-05
5.070622752244999560e+02 1.308616331970588315e-05 1.310019570595965565e-05 1.314880293081520446e-05 1.311172065216024776e-05
5.071622751944999550e+02 1.319159943128983201e-05 1.320490638343614780e-05 1.325494161005249136e-05 1.321714914159282259e-05
5.072622751644999539e+02 1.330475682803003892e-05 1.331728719893049523e-05 1.336880432877092983e-05 1.333028278524382246e-05
5.073622751344999529e+02 1.343142568212974051e-05 1.344317191030527603e-05 1.349622019232096115e-05 1.345693926158532589e-05
5.074622751044999518e+02 1.355830353424650244e-05 1.356920034935462975e-05 1.362384744725530903e-05 1.358378377695214538e-05
5.075622750744999507e+02 1.368022274695217434e-05 1.369017853502910784e-05 1.374652544053550648e-05 1.370564224083892899e-05
5.076622750444999497e+02 1.380092082785578251e-05 1.380991619668396767e-05 1.386801146322042488e-05 1.382628282925339112e-05
5.077622750144999486e+02 1.393536002126756516e-05 1.394338499230321658e-05 1.400327202771223665e-05 1.396067234709433890e-05
5.078622749844999475e+02 1.406758462775647669e-05 1.407453737499872462e-05 1.413632721967590035e-05 1.409281640747703445e-05
5.079622749544999465e+02 1.419904077630509325e-05 1.420484481907461427e-05 1.426862375895656114e-05 1.422416978477875679e-05
5.080622749244999454e+02 1.434335851978388299e-05 1.434793154950666491e-05 1.441378178742765260e-05 1.436835728557273350e-05
5.081622748944999444e+02 1.448104272643304063e-05 1.448431974457171506e-05 1.455233481143376955e-05 1.450589909414617565e-05
5.082622748644999433e+02 1.461451133359036919e-05 1.461646776759792248e-05 1.468672680307648142e-05 1.463923530142158990e-05
5.083622748344999422e+02 1.475761098110523186e-05 1.475818063895267221e-05 1.483078026373484389e-05 1.478219062793091599e-05
5.084622748044999412e+02 1.491230098672471410e-05 1.491135803775510214e-05 1.498642215614983558e-05 1.493669372687654947e-05
5.085622747744999401e+02 1.506404321605482607e-05 1.506148691881724439e-05 1.513911673475235792e-05 1.508821562320814336e-05
5.086622747444999391e+02 1.520827345175227207e-05 1.520403509078810789e-05 1.528434112643751013e-05 1.523221655632596280e-05
5.087622747144999380e+02 1.535895443222240768e-05 1.535292667837359447e-05 1.543605042949711852e-05 1.538264384669771028e-05
5.088622746844999369e+02 1.553554240495645249e-05 1.552761718236014238e-05 1.561368540745969855e-05 1.555894833159209668e-05
5.089622746544999359e+02 1.570635840888188326e-05 1.569642198417233001e-05 1.578556931008033934e-05 1.572944990104484974e-05
5.090622746244999348e+02 1.586762592816425870e-05 1.585555802899520111e-05 1.594791202744569341e-05 1.589036532820171661e-05
5.091622745944999338e+02 1.602707326868047774e-05 1.601278801541172457e-05 1.610850686856433141e-05 1.604945605088551350e-05
5.092622745644999327e+02 1.619421661524774329e-05 1.617758880870226991e-05 1.627681632880076853e-05 1.621620725091692386e-05
5.093622745344999316e+02 1.638286766496472129e-05 1.636369444197365778e-05 1.646659063494668694e-05 1.640438424729502427e-05
5.094622745044999306e+02 1.657432200229930655e-05 1.655249895561662393e-05 1.665924327712072915e-05 1.659535474501222101e-05
5.095622744744999295e+02 1.676348236948784057e-05 1.673891643494261643e-05 1.684966636557664783e-05 1.678402172333570274e-05
5.096622744444999284e+02 1.695243440159204581e-05 1.692489743420725896e-05 1.703981447921346120e-05 1.697238210500425306e-05
5.097622744144999274e+02 1.714849261374125420e-05 1.711780118512036867e-05 1.723707779519691115e-05 1.716779053135284241e-05
5.098622743844999263e+02 1.735339244594092927e-05 1.731943173366547520e-05 1.744331396940435795e-05 1.737204604967025414e-05
5.099622743544999253e+02 1.755763499591021847e-05 1.752022128853836453e-05 1.764884412602680657e-05 1.757556680349179652e-05
5.100622743244999242e+02 1.777283792205878370e-05 1.773172603937083622e-05 1.786522282719154927e-05 1.778992892954039086e-05
5.101622742944999231e+02 1.799546824287233859e-05 1.795049671971093845e-05 1.808913642137961394e-05 1.801170046132096592e-05
5.102622742644999221e+02 1.821629152671496224e-05 1.816730306324892551e-05 1.831128847559728288e-05 1.823162768852039134e-05
5.103622742344999210e+02 1.845476870736418435e-05 1.840154520395108977e-05 1.855097545668214087e-05 1.846909645599913494e-05
5.104622742044999200e+02 1.869716762602978378e-05 1.863953345880457800e-05 1.879459970411962583e-05 1.871043359631799474e-05
5.105622741744999189e+02 1.893998261698233838e-05 1.887773769993605883e-05 1.903851654083410234e-05 1.895207895258416652e-05
5.106622741444999178e+02 1.919885243786178175e-05 1.913182937635397526e-05 1.929833017695310407e-05 1.920967066372295369e-05
5.107622741144999168e+02 1.947826856926292765e-05 1.940633869597967946e-05 1.957865814682611193e-05 1.948775513735624194e-05
5.108622740844999157e+02 1.975587707120674165e-05 1.967893159834313582e-05 1.985696587974077626e-05 1.976392484976355237e-05
5.109622740544999147e+02 2.004519697120254429e-05 1.996321134166416540e-05 2.014669472451519983e-05 2.005170101246063990e-05
5.110622740244999136e+02 2.034964570163290686e-05 2.026264503426905014e-05 2.045132031425782917e-05 2.035453701671993324e-05
5.111622739944999125e+02 2.066679971676354968e-05 2.057490670869148924e-05 2.076810776639311461e-05 2.066993806394938564e-05
5.112622739644999115e+02 2.101651406513042948e-05 2.092005190081597758e-05 2.111693244543045797e-05 2.101783280379228947e-05
5.113622739344999104e+02 2.137173951370433791e-05 2.127131183881492268e-05 2.147052651612272971e-05 2.137119262288066118e-05
5.114622739044999093e+02 2.173866445918131487e-05 2.163510499067524393e-05 2.183468881948565028e-05 2.173615275644740416e-05
5.115622738744999083e+02 2.213702697788759048e-05 2.203167358142361568e-05 2.222898402753743042e-05 2.213256152894954327e-05
5.116622738444999072e+02 2.256926099759583000e-05 2.246420676833168453e-05 2.265513796129071283e-05 2.256286857573940686e-05
5.117622738144999062e+02 2.304754101424364977e-05 2.294584956800372355e-05 2.312463003179730941e-05 2.303934020468155865e-05
5.118622737844999051e+02 2.357435317401652280e-05 2.348049214113910577e-05 2.363902632271813628e-05 2.356462387929125269e-05
5.119622737544999040e+02 2.413858377724867397e-05 2.405925932090956516e-05 2.418563478297259151e-05 2.412782596037694468e-05
5.120622737244998461e+02 2.475761196175537256e-05 2.470299001376435633e-05 2.477959498851436406e-05 2.474673232134469878e-05
5.121622736944998451e+02 2.547045440455323587e-05 2.545603500156761129e-05 2.545630408460973804e-05 2.546093116357686173e-05
5.122622736644998440e+02 2.628492319227872801e-05 2.633500464215280301e-05 2.621792466652809249e-05 2.627928416698653891e-05
5.123622736344998430e+02 2.726607263867573386e-05 2.741978539226793429e-05 2.712037888623232277e-05 2.726874563905866590e-05
5.124622736044998419e+02 2.845959739844694403e-05 2.878268986338287997e-05 2.819334322688947503e-05 2.847854349623976747e-05
5.125622735744998408e+02 2.994710245135725950e-05 3.055678688074766421e-05 2.948800641108750110e-05 2.999729858106414047e-05
5.126622735444998398e+02 3.195683106468606661e-05 3.307866082023856719e-05 3.117189376813453839e-05 3.206912855101972407e-05
5.127622735144998387e+02 3.483132457251744175e-05 3.694831694269008938e-05 3.345220822576623040e-05 3.507728324699125385e-05
5.128622734844998377e+02 3.943104685360840464e-05 4.376991734345241460e-05 3.683012431406534675e-05 4.001036283704205307e-05
5.129622734544998366e+02 4.833327388631725082e-05 5.902135383363387046e-05 4.265148211365864229e-05 5.000203661120325904e-05
5.130622734244998355e+02 7.152945916057494417e-05 1.058098326951116238e-04 5.583259999445773947e-05 7.772396395004810700e-05
5.131622733944998345e+02 1.269697865068830558e-04 1.870022804395262794e-04 8.949769724161924542e-05 1.344899213960095178e-04
5.132622733644998334e+02 2.023907170307084273e-04 2.435149988630996138e-04 1.336856239433165333e-04 1.931971132790415158e-04
5.133622733344998323e+02 1.810821065102376942e-04 1.860884338237877634e-04 1.508568257058613173e-04 1.726757886799622763e-04
5.134622733044998313e+02 1.478439872966063814e-04 2.159788721377174842e-04 2.371110604909009985e-04 2.003113066417416214e-04
5.135622732744998302e+02 2.095896331514871197e-04 2.443638062000462203e-04 2.653202214561723978e-04 2.397578869359018945e-04
5.136622732444998292e+02 3.663981910605658442e-04 2.527565602011895042e-04 2.023317781367973858e-04 2.738288431328509114e-04
5.137622732144998281e+02 3.152032310206633308e-04 1.465951382026935536e-04 1.989113048589648345e-04 2.202365580274405639e-04
5.138622731844998270e+02 1.570740429863336706e-04 1.189126177203890977e-04 1.499601995182837108e-04 1.419822867416688445e-04
5.139622731544998260e+02 1.059663296333858353e-04 1.162770928834243116e-04 1.925738713190386765e-04 1.382724312786162745e-04
5.140622731244998249e+02 1.213168517729592958e-04 1.656974387084466282e-04 3.496426189137781353e-04 2.122189697983946593e-04
5.141622730944998239e+02 2.206413735570711442e-04 3.494174725957222461e-04 4.696899760107945050e-04 3.465829407211959380e-04
5.142622730644998228e+02 2.462992071395423972e-04 3.249868222982303569e-04 3.973192830661842435e-04 3.228684375013190534e-04
5.143622730344998217e+02 1.799135025047228877e-04 2.315005968522365414e-04 2.112001506166955045e-04 2.075380833245516626e-04
5.144622730044998207e+02 2.347947193644821825e-04 3.878963795921891032e-04 2.089989524709100384e-04 2.772300171425270900e-04
5.145622729744998196e+02 3.663593153537367426e-04 3.246645028562223810e-04 3.239734307057652932e-04 3.383324163052414723e-04
5.146622729444998185e+02 6.964605501890186760e-04 1.536016462495415737e-04 6.371608506993986249e-04 4.957410157126529221e-04
5.147622729144998175e+02 8.682380780992355381e-04 1.204663536725468509e-04 8.354277196579648623e-04 6.080440504765824081e-04
5.148622728844998164e+02 5.453455831053432299e-04 1.211370165423643504e-04 4.662647552710747737e-04 3.775824516395941632e-04
5.149622728544998154e+02 3.093687693186702612e-04 1.472612908517048744e-04 2.392254027305394290e-04 2.319518209669715306e-04
5.150622728244998143e+02 2.121073360751341735e-04 2.282296351812486488e-04 2.198543901664026172e-04 2.200637871409284708e-04
5.151622727944998132e+02 2.654301923747418804e-04 1.933875841526103948e-04 3.264729402052011977e-04 2.617635722441844729e-04
5.152622727644998122e+02 2.227838966699635648e-04 1.399147585105826744e-04 2.622589726486370017e-04 2.083192092763944407e-04
5.153622727344998111e+02 1.263184895278173902e-04 1.616645965193856747e-04 1.304323986381619640e-04 1.394718282284550096e-04
5.154622727044998101e+02 1.220317824690132595e-04 1.184541612634037278e-04 1.030430756742513527e-04 1.145096731355561088e-04
5.155622726744998090e+02 1.591280851420468130e-04 9.059655945175557675e-05 1.124539964066179428e-04 1.207262136668067775e-04
5.156622726444998079e+02 1.401520248199659567e-04 1.133985002355271556e-04 1.132192523596945035e-04 1.222565924717291782e-04
5.157622726144998069e+02 1.314506528917966399e-04 1.615637075701904931e-04 1.374040122647609175e-04 1.434727909089160349e-04
5.158622725844998058e+02 1.521518294518921536e-04 2.135974503452912996e-04 1.339903125169234280e-04 1.665798641047022937e-04
5.159622725544998048e+02 2.612055995424153649e-04 3.923268635482683991e-04 1.460518813573477418e-04 2.665281148160105200e-04
5.160622725244998037e+02 3.260595744928147734e-04 5.149082381921474402e-04 2.114236578263050097e-04 3.507971568370890744e-04
5.161622724944998026e+02 2.667201805897984534e-04 3.372932709247173505e-04 3.537992068541805589e-04 3.192708861228988238e-04
5.162622724644998016e+02 2.304910015693101245e-04 1.509414289002716932e-04 4.344231403328826548e-04 2.719518569341548061e-04
5.163622724344998005e+02 1.279319598031900429e-04 9.185542503697845306e-05 2.167342415842657779e-04 1.455072088081447806e-04
5.164622724044997994e+02 7.933147842471933238e-05 6.894344374072646235e-05 1.429894297815519771e-04 9.708811731566591944e-05
5.165622723744997984e+02 6.445114031933630650e-05 5.913189125052149771e-05 1.447056621369668288e-04 8.942956456894153756e-05
5.166622723444997973e+02 5.658805605406203455e-05 5.414197401272036121e-05 9.777128966536516297e-05 6.950043991071585517e-05
5.167622723144997963e+02 5.242147418979760832e-05 5.139040589843261629e-05 6.771145711313684176e-05 5.717444573378902212e-05
5.168622722844997952e+02 5.052023160528956388e-05 4.995633208655955281e-05 5.839241163666568450e-05 5.295632510950492244e-05
5.169622722544997941e+02 4.941849174987615059e-05 4.905747281152217435e-05 5.428433316067145877e-05 5.092009924068993242e-05
5.170622722244997931e+02 4.872375205258364068e-05 4.846842356051235827e-05 5.205847782409444815e-05 4.975021781239681118e-05
5.171622721944997920e+02 4.855882267076359540e-05 4.836976106637114929e-05 5.100282127731621160e-05 4.931046833815032554e-05
5.172622721644997910e+02 4.860853633239138746e-05 4.846681866977500352e-05 5.048733279897320021e-05 4.918756260037986599e-05
5.173622721344997899e+02 4.881921671535786617e-05 4.871445282302260362e-05 5.031720672527558949e-05 4.928362542121868869e-05
5.174622721044997888e+02 4.924583661700294312e-05 4.917278702672880464e-05 5.047482363537794296e-05 4.963114909303655454e-05
5.175622720744997878e+02 4.970597724838873757e-05 4.965954424230459101e-05 5.073882908983265059e-05 5.003478352684200209e-05
5.176622720444997867e+02 5.007403050772282164e-05 5.005322454015569833e-05 5.095904306623953039e-05 5.036209937137268571e-05
5.177622720144997857e+02 5.061894002487539278e-05 5.062142350768086477e-05 5.139016759921541784e-05 5.087684371059056072e-05
5.178622719844997846e+02 5.136961604574795880e-05 5.139436711941000233e-05 5.205129532009992446e-05 5.160509282841929294e-05
5.179622719544997835e+02 5.218310392692911321e-05 5.223059128310673883e-05 5.279280512535880346e-05 5.240216677846488969e-05
5.180622719244997825e+02 5.290161622243062724e-05 5.296986592183863498e-05 5.345376333498683141e-05 5.310841515975202895e-05
5.181622718944997814e+02 5.367611428000592863e-05 5.376358421302210918e-05 5.418134974077486274e-05 5.387368274460097137e-05
5.182622718644997803e+02 5.454945510061217978e-05 5.465578210288469109e-05 5.501546554970435175e-05 5.474023425106707872e-05
5.183622718344997793e+02 5.544738986791159484e-05 5.557273138755814508e-05 5.588048306988152076e-05 5.563353477511708689e-05
5.184622718044997782e+02 5.640918459062999393e-05 5.655330895944946730e-05 5.681488214596646497e-05 5.659245856534864659e-05
5.185622717744997772e+02 5.744771150336668865e-05 5.761039073475820072e-05 5.782980560016760054e-05 5.762930261276415878e-05
5.186622717444997761e+02 5.862072062521431112e-05 5.880130619240385111e-05 5.898384758929809193e-05 5.880195813563875591e-05
5.187622717144997750e+02 5.961395558585821778e-05 5.981146515786006580e-05 5.996012875790572008e-05 5.979518316720799670e-05
5.188622716844997740e+02 6.070277189196445871e-05 6.091785768755109435e-05 6.103413849202889239e-05 6.088492269051481515e-05
5.189622716544997729e+02 6.196915830686654659e-05 6.220111519441421147e-05 6.228658552629837868e-05 6.215228634252638795e-05
5.190622716244997719e+02 6.320995810828251480e-05 6.345912398120227480e-05 6.351583463251063758e-05 6.339497224066512884e-05
5.191622715944997708e+02 6.456634781458833348e-05 6.483205944457613864e-05 6.486362907583949420e-05 6.475401211166797522e-05
5.192622715644997697e+02 6.590277195440496052e-05 6.618549829629913805e-05 6.619167394704852209e-05 6.609331473258419785e-05
5.193622715344997687e+02 6.733621887668913273e-05 6.763661401497561077e-05 6.761842606900734804e-05 6.753041965355735933e-05
5.194622715044997676e+02 6.877903406754040108e-05 6.909449054337402757e-05 6.905612245663091966e-05 6.897654902251511158e-05
5.195622714744997666e+02 7.016706936022851942e-05 7.049862954386221909e-05 7.043899104460893228e-05 7.036822998289989930e-05
5.196622714444997655e+02 7.177654632749093573e-05 7.212532432905484207e-05 7.204415706978951060e-05 7.198200924211175828e-05
5.197622714144997644e+02 7.338756434404391572e-05 7.375524275272157121e-05 7.365307554181536463e-05 7.359862754619362170e-05
5.198622713844997634e+02 7.515251459005091071e-05 7.553819873325568954e-05 7.541282233980942269e-05 7.536784522103867883e-05
5.199622713544997623e+02 7.693646549606333645e-05 7.734120425966040471e-05 7.719450570015863491e-05 7.715739181862746321e-05
5.200622713244997612e+02 7.867343468726377431e-05 7.909509593650120279e-05 7.893033678371471772e-05 7.889962246915990731e-05
5.201622712944997602e+02 8.066511066932903506e-05 8.110510645766217438e-05 8.091915098733111998e-05 8.089645603810745669e-05
5.202622712644997591e+02 8.262452986841405187e-05 8.308002353264952705e-05 8.288072199618677389e-05 8.286175846575010405e-05
5.203622712344997581e+02 8.468735634594283610e-05 8.516090829162979302e-05 8.494238158924552701e-05 8.493021540893938538e-05
5.204622712044997570e+02 8.686908839376703527e-05 8.736681843730736367e-05 8.712448220948523390e-05 8.712012968018654428e-05
5.205622711744997559e+02 8.913191231681693845e-05 8.964640761591593024e-05 8.938663130757707083e-05 8.938831708010332221e-05
5.206622711444997549e+02 9.148453790105330954e-05 9.201621710025009813e-05 9.173988589516576179e-05 9.174688029882305197e-05
5.207622711144997538e+02 9.391697975843575879e-05 9.446548185283116573e-05 9.417362515450853093e-05 9.418536225525848515e-05
5.208622710844997528e+02 9.644174945982466555e-05 9.702332721619886169e-05 9.670468199340006839e-05 9.672325288980786521e-05
5.209622710544997517e+02 9.915951105623317056e-05 9.975758840990425671e-05 9.942111376371700249e-05 9.944607107661815229e-05
5.210622710244997506e+02 1.019533301457469811e-04 1.025711023801921648e-04 1.022174833278197435e-04 1.022473052845862920e-04
5.211622709944997496e+02 1.048291289509680223e-04 1.054787508232410593e-04 1.050961640585056295e-04 1.051346812775715884e-04
5.212622709644997485e+02 1.078682667948473682e-04 1.085436066241388141e-04 1.081379241771182002e-04 1.081832658653681230e-04
5.213622709344997475e+02 1.110762871105251925e-04 1.117839816979563890e-04 1.113545158515032282e-04 1.114049282199949321e-04
5.214622709044997464e+02 1.144480315687562076e-04 1.151678790288675756e-04 1.147283315315293650e-04 1.147814140430510629e-04
5.215622708744997453e+02 1.180498263295855482e-04 1.187744937288034042e-04 1.183284039091301508e-04 1.183842413225063542e-04
5.216622708444997443e+02 1.217471790062915453e-04 1.225101716762086131e-04 1.220309309130921858e-04 1.220960938651974390e-04
5.217622708144997432e+02 1.255237433744553596e-04 1.263312345362449247e-04 1.258189709527793667e-04 1.258913162878265684e-04
5.218622707844997421e+02 1.296542537036591170e-04 1.304868850104507177e-04 1.299533674269824830e-04 1.300315020470307816e-04
5.219622707544997411e+02 1.341885742988002575e-04 1.350281551658582798e-04 1.344872728500896646e-04 1.345680007715827249e-04
5.220622707244997400e+02 1.387339104263455203e-04 1.396085130306140261e-04 1.390466615250125402e-04 1.391296949939907046e-04
5.221622706944997390e+02 1.433729577869670153e-04 1.442893000022555413e-04 1.437036152978218785e-04 1.437886243623481722e-04
5.222622706644997379e+02 1.484102866163015174e-04 1.493478661117420914e-04 1.487507589799882707e-04 1.488363039026773112e-04
5.223622706344997368e+02 1.536854049736402646e-04 1.546818120569776157e-04 1.540343454360241008e-04 1.541338541555473270e-04
5.224622706044997358e+02 1.594308026406549320e-04 1.604206408724201133e-04 1.597936888884687098e-04 1.598817108005145941e-04
5.225622705744997347e+02 1.654410604830109375e-04 1.664664037036462383e-04 1.658145070059669358e-04 1.659073237308747310e-04
5.226622705444997337e+02 1.718690787977155895e-04 1.729946199227361009e-04 1.722581534880448140e-04 1.723739507361654925e-04
5.227622705144997326e+02 1.787472420085003586e-04 1.798698081990349402e-04 1.791453053618177749e-04 1.792541185231177002e-04
5.228622704844997315e+02 1.860494121464485685e-04 1.871014559236853169e-04 1.864663229564282967e-04 1.865390636755207183e-04
5.229622704544997305e+02 1.942064511294332250e-04 1.950855117808331595e-04 1.946528112370162216e-04 1.946482580490942291e-04
5.230622704244997294e+02 2.038779602630626556e-04 2.041756506677498662e-04 2.043418962949404756e-04 2.041318357419177019e-04
5.231622703944997284e+02 2.198391697246194435e-04 2.167928078097240002e-04 2.203402643680784213e-04 2.189907473008072974e-04
5.232622703644997273e+02 2.296489452107641446e-04 2.282044854300772376e-04 2.301947185621272519e-04 2.293493830676562384e-04
5.233622703344997262e+02 2.347877645217746098e-04 2.407258815101547846e-04 2.354312695282322011e-04 2.369816385200538742e-04
5.234622703044997252e+02 2.442447859118695606e-04 2.500569744067093108e-04 2.449265565221721698e-04 2.464094389469170679e-04
5.235622702744997241e+02 2.549839250399003323e-04 2.573238681012816171e-04 2.556022376820837145e-04 2.559700102744218338e-04
5.236622702444997230e+02 2.679809230181900569e-04 2.696896516673214362e-04 2.685998558223095124e-04 2.687568101692736685e-04
5.237622702144997220e+02 2.848632795585495409e-04 2.863851338296971106e-04 2.853572956895436769e-04 2.855352363592634970e-04
5.238622701844997209e+02 3.125148841150984704e-04 3.143209297078006399e-04 3.120724164148404246e-04 3.129694100792465117e-04
5.239622701544997199e+02 3.312172723350145895e-04 3.325482846088097201e-04 3.315233046020240140e-04 3.317629538486160717e-04
5.240622701244997188e+02 3.443520493069498253e-04 3.436755919414073409e-04 3.473994292466100705e-04 3.451423568316557455e-04
5.241622700944997177e+02 3.624716312815601271e-04 3.612179351105175508e-04 3.655327583134535983e-04 3.630741082351770740e-04
5.242622700644997167e+02 3.827923924265713446e-04 3.814519932127986715e-04 3.843782650501059934e-04 3.828742168964919851e-04
5.243622700344997156e+02 4.154579924554090771e-04 4.113204469390789120e-04 4.169352858001122600e-04 4.145712417315334706e-04
5.244622700044997146e+02 4.713106661782089091e-04 4.591506229286046611e-04 4.727119704203794782e-04 4.677244198423977008e-04
5.245622699744997135e+02 6.793826806260103808e-04 6.157055777963656856e-04 6.774609071003159311e-04 6.575163885075639269e-04
5.246622699444997124e+02 6.107566502432885264e-04 5.745594321212144475e-04 6.199335428630590051e-04 6.017498750758539568e-04
5.247622699144997114e+02 3.718637375802905185e-04 5.217777564523078723e-04 3.884635410720488433e-04 4.273683450348824114e-04
5.248622698844997103e+02 3.960778498335348115e-04 5.279120161386099356e-04 4.003839971722720874e-04 4.414579543814723143e-04
5.249622698544997093e+02 5.120516924158480948e-04 4.269716976705805432e-04 5.142065503735422215e-04 4.844099801533235114e-04
5.250622698244997082e+02 6.453944819485590585e-04 5.345643759576834556e-04 6.567187399208331911e-04 6.122258659423584961e-04
5.251622697944997071e+02 7.819180522248590304e-04 7.336774726306427010e-04 8.006466897999616351e-04 7.720807382184877166e-04
5.252622697644997061e+02 9.064245337400288118e-04 8.594818727541524150e-04 9.325550389256400058e-04 8.994871484732736358e-04
5.253622697344997050e+02 1.044474109031312938e-03 9.895498720953078021e-04 1.080200130522071360e-03 1.038074703882897222e-03
5.254622697044997039e+02 1.170517719836654952e-03 1.110591927998534753e-03 1.221058464659433886e-03 1.167389370831541269e-03
5.255622696744997029e+02 1.426666929639754978e-03 1.319586598699272646e-03 1.494825016938451049e-03 1.413692848425826369e-03
5.256622696444997018e+02 1.788886558186935207e-03 1.605772086124644411e-03 1.868530203449017806e-03 1.754396282586865663e-03
5.257622696144997008e+02 2.264009234426055811e-03 2.012723868253514341e-03 2.371094849673982454e-03 2.215942650784517680e-03
5.258622695844996997e+02 2.943212549450919396e-03 2.569324496579515355e-03 3.087789995029035801e-03 2.866775680353156851e-03
5.259622695544996986e+02 3.923514312004291668e-03 3.316673122346904326e-03 4.110294559887850939e-03 3.783493998079682022e-03
5.260622695244996976e+02 5.440108977756732273e-03 4.408410943923242280e-03 5.680863993928328935e-03 5.176461305202768697e-03
5.261622694944996965e+02 7.850335444231158755e-03 6.069651992364905220e-03 8.163356683406236200e-03 7.361114706667433102e-03
5.262622694644996955e+02 1.200752157397329267e-02 8.784436792354251289e-03 1.243027716446787161e-02 1.107407851026513679e-02
5.263622694344996944e+02 1.797765423029670448e-02 1.327294584556164801e-02 1.850502434955082071e-02 1.658520814180305947e-02
5.264622694044996933e+02 2.405603205125251068e-02 2.055825124907242549e-02 2.455022690211227168e-02 2.305483673414573248e-02
5.265622693744996923e+02 2.832177527238776554e-02 2.958787907292157252e-02 2.873828297458203354e-02 2.888264577329712618e-02
5.266622693444996912e+02 3.257913841411823330e-02 3.724337569640104317e-02 3.233853101743367625e-02 3.405368170931764860e-02
5.267622693144996902e+02 3.851982104172282234e-02 4.316734405599796653e-02 3.601816147491731374e-02 3.923510885754603189e-02
5.268622692844996891e+02 4.277222418173713681e-02 4.818184851921744616e-02 3.810985887916995551e-02 4.302131052670817024e-02
5.269622692544996880e+02 4.204914285921648731e-02 4.977277431587973089e-02 3.794504352132735403e-02 4.325565356547452639e-02
5.270622692244996870e+02 3.951999618670541670e-02 4.892087943903991598e-02 3.700190160945833473e-02 4.181425907840122247e-02
5.271622691944996859e+02 3.891173586282278829e-02 4.662591533582910452e-02 3.715600964018545005e-02 4.089788694627911891e-02
5.272622691644996848e+02 3.995810155153443899e-02 4.326952425444891698e-02 3.872102857323121011e-02 4.064955145973819101e-02
5.273622691344996838e+02 4.114418394291577408e-02 4.128811617281749613e-02 4.167903111632963870e-02 4.137044374402097657e-02
5.274622691044996827e+02 4.136401963450646313e-02 3.970868427671367384e-02 4.613035829832423662e-02 4.240102073651479120e-02
5.275622690744996817e+02 3.976579915551774896e-02 3.674483675759392109e-02 5.073266367016081996e-02 4.241443319442415871e-02
5.276622690444996806e+02 3.717600151868788450e-02 3.521944156503400980e-02 5.337760940109109731e-02 4.192435082827099257e-02
5.277622690144996795e+02 3.559566716597019342e-02 3.696880770654740328e-02 5.256258248188545867e-02 4.170901911813436336e-02
5.278622689844996785e+02 3.581872546413369940e-02 3.976408327198277526e-02 4.779641229364385568e-02 4.112640700992011011e-02
5.279622689544996774e+02 3.809814905411530034e-02 3.977772593675309165e-02 4.179758463095337162e-02 3.989115320727392583e-02
5.280622689244996764e+02 4.309267748384376651e-02 3.929298185217475203e-02 3.833876633881973944e-02 4.024147522494608831e-02
5.281622688944996753e+02 5.170875894940807349e-02 4.381745249876543846e-02 3.955010034569104299e-02 4.502543726462152757e-02
5.282622688644996742e+02 6.451766542189059372e-02 5.220367134933046049e-02 4.680625949259605012e-02 5.450919875460569219e-02
5.283622688344996732e+02 7.553016845296317561e-02 5.940933631349092081e-02 5.781804318332002535e-02 6.425251598325804059e-02
5.284622688044996721e+02 7.094910131687513777e-02 6.299718242290844317e-02 6.120266637713410451e-02 6.504965003897256182e-02
5.285622687744996711e+02 5.834585985165176292e-02 6.296688200107726507e-02 5.578535572895116507e-02 5.903269919389339537e-02
5.286622687444996700e+02 5.215036103788690813e-02 6.247551054492175154e-02 5.179812992794815413e-02 5.547466717025226202e-02
5.287622687144996689e+02 5.318947415308896559e-02 6.236592763473668144e-02 5.230644505745570688e-02 5.595394894842711797e-02
5.288622686844996679e+02 5.858415056410180843e-02 6.331136450988242292e-02 5.549863016750321981e-02 5.913138174716248835e-02
5.289622686544996668e+02 6.563150936061440399e-02 6.676441250026259044e-02 5.899635258090479145e-02 6.379742481392725040e-02
5.290622686244996657e+02 7.024376993226748300e-02 7.184186222678415334e-02 6.231989557106759614e-02 6.813517591003973028e-02
5.291622685944996647e+02 7.053442631339038038e-02 7.516483031955950578e-02 6.608826461421057896e-02 7.059584041572014579e-02
5.292622685644996636e+02 6.964056793890771591e-02 7.493840030902949867e-02 6.985433893715944920e-02 7.147776906169889255e-02
5.293622685344996626e+02 6.727084260539809013e-02 7.100530995041688664e-02 7.086819176409199506e-02 6.971478143996900911e-02
5.294622685044996615e+02 6.157383371849634024e-02 6.323902036073100752e-02 6.647593913329315207e-02 6.376293107084016198e-02
5.295622684744996604e+02 5.373200428302613019e-02 5.308011941691852947e-02 5.824074667584099724e-02 5.501762345859521897e-02
5.296622684444996594e+02 4.561138870603925755e-02 4.299765800758309497e-02 4.978660942186331761e-02 4.613188537849522569e-02
5.297622684144996583e+02 3.811583658207975261e-02 3.468175533437846403e-02 4.203092053876113232e-02 3.827617081840645197e-02
5.298622683844996573e+02 3.168346195637357365e-02 2.833549721231560029e-02 3.492214384882832978e-02 3.164703433917250008e-02
5.299622683544996562e+02 2.636725228326311857e-02 2.348696568079480795e-02 2.883695337145459475e-02 2.623039044517083695e-02
5.300622683244996551e+02 2.205267640939797408e-02 1.972192057971433946e-02 2.389818846691776216e-02 2.189092848534335625e-02
5.301622682944996541e+02 1.857855529461414218e-02 1.675431034054897239e-02 1.998104474030983763e-02 1.843797012515764958e-02
5.302622682644996530e+02 1.578897343448250334e-02 1.438907526933551340e-02 1.689412372130168205e-02 1.569072414170656626e-02
5.303622682344996520e+02 1.354567310522564877e-02 1.248570405914146628e-02 1.445511575874610516e-02 1.349549764103774065e-02
5.304622682044996509e+02 1.173539574879350379e-02 1.094128901811540489e-02 1.251589930312681925e-02 1.173086135667857424e-02
5.305622681744996498e+02 1.026769412173914910e-02 9.679085213459696566e-03 1.096196437727064293e-02 1.030291457082316287e-02
5.306622681444996488e+02 9.071224329563431360e-03 8.640450926920751132e-03 9.706258190634756838e-03 9.139311149039645865e-03
5.307622681144996477e+02 8.091329430373115153e-03 7.780994746759315253e-03 8.684160732034857874e-03 8.185494969722428849e-03
5.308622680844996466e+02 7.284977966623377467e-03 7.066113252805316346e-03 7.846391144687181810e-03 7.399160788038624918e-03
5.309622680544996456e+02 6.619341479652138260e-03 6.469273209211165963e-03 7.156124081734762006e-03 6.748246256866021787e-03
5.310622680244996445e+02 6.068651796800382178e-03 5.969521781681705677e-03 6.585101174890197265e-03 6.207758251124095329e-03
5.311622679944996435e+02 5.613140712129493365e-03 5.550585624634837151e-03 6.111859681239994839e-03 5.758528672668107584e-03
5.312622679644996424e+02 5.237058922390078544e-03 5.199320751403156173e-03 5.719611221251542574e-03 5.385330298348259097e-03
5.313622679344996413e+02 4.928550195826517620e-03 4.905529608631624752e-03 5.395684145455343500e-03 5.076587983304495580e-03
5.314622679044996403e+02 4.678251983704735315e-03 4.660980538087462072e-03 5.130188584206349031e-03 4.823140368666181850e-03
5.315622678744996392e+02 4.479949068102031390e-03 4.459916857344012157e-03 4.916374243266135799e-03 4.618746722904059493e-03
5.316622678444996382e+02 4.328475304628506479e-03 4.297255186892367726e-03 4.748608182880310370e-03 4.458112891467061814e-03
5.317622678144996371e+02 4.221650090724213267e-03 4.170048637997121263e-03 4.624150190737513072e-03 4.338616306486282534e-03
5.318622677844996360e+02 4.158809722025971420e-03 4.076040732488129571e-03 4.541640611596368601e-03 4.258830355370156820e-03
5.319622677544996350e+02 4.143888843096878855e-03 4.016746742546905766e-03 4.504003741808186405e-03 4.221546442483990920e-03
5.320622677244996339e+02 4.185095792548994970e-03 3.997284744410260250e-03 4.517760333485107589e-03 4.233380290148120936e-03
5.321622676944996329e+02 4.300263342440549356e-03 4.035295178677178463e-03 4.597545314846064775e-03 4.311034611987930865e-03
5.322622676644996318e+02 4.526057843279043813e-03 4.182796614006500935e-03 4.772709520422794248e-03 4.493854659236113866e-03
5.323622676344996307e+02 4.940849673134441178e-03 4.550805931094073151e-03 5.101225535355963583e-03 4.864293713194826549e-03
5.324622676044996297e+02 5.719434746930244888e-03 5.278342758920693753e-03 5.692350233579413291e-03 5.563375913143450355e-03
5.325622675744996286e+02 7.132875898068192187e-03 6.614408954982926511e-03 6.742518059930544330e-03 6.829934304327220720e-03
5.326622675444996275e+02 9.379083434192995658e-03 9.357242963151560233e-03 8.892438675361305847e-03 9.209588357568620001e-03
5.327622675144996265e+02 1.280350788709929896e-02 1.427673492458901919e-02 1.275180516778113594e-02 1.327734932648981861e-02
5.328622674844996254e+02 1.551630000745874913e-02 1.777120282170436411e-02 1.566893270075415262e-02 1.631881184330575413e-02
5.329622674544996244e+02 1.496075516321722018e-02 1.550497229660873985e-02 1.549529077500358919e-02 1.532033941160985090e-02
5.330622674244996233e+02 1.288480835333831280e-02 1.250559174608638358e-02 1.419335416528812004e-02 1.319458475490426982e-02
5.331622673944996222e+02 1.126313896378375139e-02 1.337634943729469790e-02 1.278300705807504378e-02 1.247416515305116436e-02
5.332622673644996212e+02 1.152176396940772854e-02 1.698354867454655165e-02 1.382087459025694610e-02 1.410872907807040819e-02
5.333622673344996201e+02 1.326189065566536589e-02 1.762206501501200132e-02 1.642448294722118063e-02 1.576947953929951768e-02
5.334622673044996191e+02 1.256606555046351631e-02 1.205220257265720955e-02 1.426935201335273636e-02 1.296254004549115234e-02
5.335622672744996180e+02 9.795866030085750159e-03 6.856254832934478328e-03 9.645899547934207868e-03 8.766006803651478496e-03
5.336622672444996169e+02 6.180025939168392810e-03 3.990036383727075045e-03 5.409032355039597798e-03 5.193031559311687972e-03
5.337622672144996159e+02 2.632372497549263519e-03 2.025061695801736415e-03 2.482477746478116594e-03 2.379970646609705365e-03
5.338622671844996148e+02 1.509712241767399146e-03 1.299309124748137395e-03 1.498904557973674331e-03 1.435975308163070074e-03
5.339622671544996138e+02 1.048446319013393146e-03 9.572068451706373026e-04 1.065661169011969866e-03 1.023771444398666880e-03
5.340622671244996127e+02 8.035186180991946842e-04 7.584469092430988577e-04 8.258396020165827221e-04 7.959350431196253852e-04
5.341622670944996116e+02 6.527389701673196737e-04 6.286306496483091370e-04 6.744541611881924633e-04 6.519412603346071275e-04
5.342622670644996106e+02 5.508627402427364100e-04 5.373017840900142818e-04 5.705464993855068057e-04 5.529036745727524630e-04
5.343622670344996095e+02 4.774940719467348849e-04 4.696214279037600413e-04 4.949494738692507582e-04 4.806883245732485976e-04
5.344622670044996084e+02 4.221404959411892053e-04 4.174853540889930355e-04 4.375315779860134975e-04 4.257191426720652642e-04
5.345622669744996074e+02 3.788717682831349446e-04 3.760949722084450369e-04 3.924503603765710038e-04 3.824723669560503104e-04
5.346622669444996063e+02 3.440917752356164065e-04 3.424315364004470378e-04 3.561087610200030368e-04 3.475440242186887728e-04
5.347622669144996053e+02 3.154972381250848411e-04 3.145038379219252528e-04 3.261758747576871845e-04 3.187256502682323900e-04
5.348622668844996042e+02 2.915468911118970579e-04 2.909472287149368055e-04 3.010777160104067445e-04 2.945239452790801484e-04
5.349622668544996031e+02 2.711716674743046783e-04 2.707963918348942436e-04 2.797146797977886163e-04 2.738942463689958461e-04
5.350622668244996021e+02 2.536074260181503219e-04 2.533500105148359148e-04 2.612963107641072102e-04 2.560845824323644462e-04
5.351622667944996010e+02 2.382938603405971483e-04 2.380867761554445860e-04 2.452403608507719825e-04 2.405403324489378966e-04
5.352622667644996000e+02 2.248109941768605029e-04 2.246114117202427461e-04 2.311088053308666605e-04 2.268437370759899879e-04
5.353622667344995989e+02 2.128379472723178052e-04 2.126189320210831980e-04 2.185659840195930685e-04 2.146742877709980149e-04
5.354622667044995978e+02 2.021253855019444063e-04 2.018703572213749746e-04 2.073504563821958408e-04 2.037820663685050739e-04
5.355622666744995968e+02 1.924766485582398465e-04 1.921758288586029504e-04 1.972556178388350733e-04 1.939693650852259386e-04
5.356622666444995957e+02 1.837345340433909572e-04 1.833826328365838632e-04 1.881160636840942930e-04 1.850777435213563440e-04
5.357622666144995947e+02 1.757718597677208796e-04 1.753665487177760382e-04 1.797978131416035975e-04 1.769787405423668475e-04
5.358622665844995936e+02 1.684846048950459398e-04 1.680254994180993013e-04 1.721911808761987625e-04 1.695670950631146859e-04
5.359622665544995925e+02 1.617868459065455742e-04 1.612748207361648363e-04 1.652054986260890416e-04 1.627557217562664840e-04
5.360622665244995915e+02 1.556069638299510454e-04 1.550436901571732452e-04 1.587651520296051613e-04 1.564719353389098263e-04
5.361622664944995904e+02 1.498847662449818291e-04 1.492723977623488726e-04 1.528065669097328487e-04 1.506545769723545349e-04
5.362622664644995893e+02 1.445692773315638733e-04 1.439102371502054751e-04 1.472758906118918677e-04 1.452518016978870540e-04
5.363622664344995883e+02 1.396170219758502049e-04 1.389138586236038603e-04 1.421271889911789109e-04 1.402193565302110010e-04
5.364622664044995872e+02 1.349906801296146082e-04 1.342459709248330316e-04 1.373210303031357962e-04 1.355192271191944515e-04
5.365622663744995862e+02 1.306580214465328312e-04 1.298743086722540542e-04 1.328233627750833961e-04 1.311185642979567243e-04
5.366622663444995851e+02 1.265910545291812003e-04 1.257708042582934642e-04 1.286046173248095881e-04 1.269888253707613995e-04
5.367622663144995840e+02 1.227653419737828903e-04 1.219109186253868895e-04 1.246389844592043095e-04 1.231050816861246964e-04
5.368622662844995830e+02 1.191594446998708287e-04 1.182730964883319972e-04 1.209038272985088236e-04 1.194454561622372210e-04
5.369622662544995819e+02 1.157544680710549006e-04 1.148383198301175772e-04 1.173792016528808107e-04 1.159906631846844205e-04
5.370622662244995809e+02 1.125336884616377710e-04 1.115897396610821305e-04 1.140474611432559603e-04 1.127236297553252782e-04
5.371622661944995798e+02 1.094822443377066359e-04 1.085123704233511253e-04 1.108929301887856924e-04 1.096291816499478269e-04
5.372622661644995787e+02 1.065868789851540435e-04 1.055928349989021899e-04 1.079016317193767424e-04 1.066937819011443253e-04
5.373622661344995777e+02 1.038357251777822555e-04 1.028191507600401458e-04 1.050610591347348312e-04 1.039053116908524109e-04
5.374622661044995766e+02 1.012181239718874082e-04 1.001805492061177646e-04 1.023599843358180691e-04 1.012528858379410852e-04
5.375622660744995756e+02 9.872447141010174906e-05 9.766732304819528913e-05 9.978829536058694111e-05 9.872669660629466428e-05
5.376622660444995745e+02 9.634608829278568250e-05 9.527069614954260788e-05 9.733685838692420801e-05 9.631788094308416613e-05
5.377622660144995734e+02 9.407510898919643478e-05 9.298271227779021436e-05 9.499739991975739714e-05 9.401840706224799736e-05
5.378622659844995724e+02 9.190438613897332809e-05 9.079613963236299367e-05 9.276240580439830798e-05 9.182097719191153421e-05
5.379622659544995713e+02 8.982740861741008267e-05 8.870438855583088502e-05 9.062503430381100623e-05 8.971894382568400034e-05
5.380622659244995702e+02 8.783823066007209203e-05 8.670144034597146020e-05 8.857904099639871977e-05 8.770623733414742852e-05
5.381622658944995692e+02 8.593141038613009541e-05 8.478178546609358855e-05 8.661871365346786701e-05 8.577730316856386388e-05
5.382622658644995681e+02 8.410195630522267294e-05 8.294036970574578300e-05 8.473881555815334678e-05 8.392704718970727209e-05
5.383622658344995671e+02 8.234528059943123509e-05 8.117254713188646990e-05 8.293453602952252906e-05 8.215078792028009157e-05
5.384622658044995660e+02 8.065715819864845983e-05 7.947403883415060850e-05 8.120144707883009030e-05 8.044421470387637266e-05
5.385622657744995649e+02 8.003272948922615529e-05 7.905141339743001604e-05 8.054816842858467986e-05 7.987743710508027470e-05
