7686.1369210634    1.1971479091e-05    1.2073306812e-05    1.2359091486e-05    1.2134625796333335e-05
7686.2369210634    1.1354066102e-05    1.144304446e-05    1.1685034554e-05    1.1494048372e-05
7686.336921063399    1.0764348328005363e-05    1.0842628170005462e-05    1.1048087705005794e-05    1.088502140100554e-05
7686.436921063399    1.0200643391010254e-05    1.0270036072010415e-05    1.0445070175010968e-05    1.030524987934388e-05
7686.536921063398    9.664014909809762e-06    9.726016875709895e-06    9.875670625310358e-06    9.75523413694334e-06
7686.6369210633975    9.153272783513936e-06    9.209115974014103e-06    9.337542026314683e-06    9.233310261280907e-06
7686.736921063397    8.673099900513102e-06    8.723799075813242e-06    8.834403988513729e-06    8.74376765494669e-06
7686.836921063396    8.221646748816425e-06    8.26803252431658e-06    8.363621320517126e-06    8.28443353121671e-06
7686.936921063396    7.800348001519159e-06    7.843102321819325e-06    7.9260034589199e-06    7.856484594086127e-06
7687.036921063395    7.40913668071779e-06    7.448829914817929e-06    7.520960976818419e-06    7.459642524118046e-06
7687.136921063395    7.042986586019981e-06    7.080092244320122e-06    7.143021993620624e-06    7.088700274653575e-06
7687.236921063394    6.702256033418593e-06    6.737161039518713e-06    6.792207603919144e-06    6.743874892285483e-06
7687.336921063394    6.3878194842200185e-06    6.420848785220139e-06    6.469121191620569e-06    6.425929820353574e-06
7687.436921063393    6.098744054921033e-06    6.130170143321149e-06    6.1725909615215755e-06    6.1338350532545855e-06
7687.536921063393    5.829986970519555e-06    5.860044411819654e-06    5.897374598920024e-06    5.862468660419744e-06
7687.636921063392    5.5809906451203814e-06    5.609876366820477e-06    5.642753941820842e-06    5.611206984587234e-06
7687.7369210633915    5.349152587218977e-06    5.37702994671906e-06    5.40600522181938e-06    5.3773959185858065e-06
7687.836921063391    5.1352985296194494e-06    5.162303667519529e-06    5.187854064919841e-06    5.161818754019606e-06
7687.93692106339    4.935562553019982e-06    4.961817704020058e-06    4.98434113902036e-06    4.9605737986868e-06
7688.03692106339    4.749079700018656e-06    4.77469436891872e-06    4.794513400618991e-06    4.772762489852122e-06
7688.136921063389    4.577227011818756e-06    4.6022867512188164e-06    4.61969895031908e-06    4.599737571118883e-06
7688.236921063389    4.417182236717468e-06    4.441766284417519e-06    4.457024123417754e-06    4.438657548184247e-06
7688.336921063388    4.266810143017779e-06    4.2909875685178275e-06    4.304300445318057e-06    4.287366052284554e-06
7688.436921063388    4.128331457417633e-06    4.152159705817677e-06    4.1637222143179e-06    4.14807112585107e-06
7688.536921063387    3.999852332516359e-06    4.023388198016396e-06    4.033354364416599e-06    4.018864964983118e-06
7688.636921063387    3.879689138516393e-06    3.902981903716426e-06    3.911485384216625e-06    3.898052142149815e-06
7688.736921063386    3.7647635410156787e-06    3.787849580415707e-06    3.795024087615888e-06    3.782545736349091e-06
7688.8369210633855    3.658168735315512e-06    3.6810845533155363e-06    3.6870442008157133e-06    3.675432496482254e-06
7688.936921063385    3.5618222778148963e-06    3.584599934114918e-06    3.5894407474150906e-06    3.5786209864483015e-06
7689.036921063384    3.4677639389145427e-06    3.4904313548145595e-06    3.4942412734147192e-06    3.4841455223812737e-06
7689.136921063384    3.3792918636144837e-06    3.4018797274144967e-06    3.4047270208146542e-06    3.3952995372812114e-06
7689.236921063383    3.2974865740133924e-06    3.320020510313401e-06    3.3219678750135485e-06    3.3131583197801135e-06
7689.336921063383    3.2198577479134145e-06    3.2423586986134204e-06    3.243466698513565e-06    3.2352277150134668e-06
7689.436921063382    3.147527662113157e-06    3.1700179790131585e-06    3.170336358713302e-06    3.1626273332798728e-06
7689.536921063382    3.078246222912602e-06    3.1007457125126007e-06    3.100318505112736e-06    3.093103480179313e-06
7689.636921063381    3.0124463034125674e-06    3.0349706591125628e-06    3.033840813112697e-06    3.027085925212609e-06
7689.736921063381    2.9522809607114912e-06    2.974849821311483e-06    2.973046677311611e-06    2.9667258197781955e-06
7689.83692106338    2.8938669130116883e-06    2.916489613511677e-06    2.9140567147118034e-06    2.90813774707839e-06
7689.9369210633795    2.8377946940117295e-06    2.860486726411715e-06    2.8574543651118402e-06    2.851911928511762e-06
7690.036921063379    2.7853268922109755e-06    2.8081042879109575e-06    2.8044894706110793e-06    2.7993068835776715e-06
7690.136921063378    2.7359514470107775e-06    2.7588265228107567e-06    2.754653587210878e-06    2.749810519010804e-06
7690.236921063378    2.6892202732102003e-06    2.7121996004101777e-06    2.7074990180102927e-06    2.70297296387689e-06
7690.336921063377    2.6473717351095153e-06    2.670472316209488e-06    2.665254653009605e-06    2.6610329014428693e-06
7690.436921063377    2.6057113592098513e-06    2.6289471614098193e-06    2.62321940280994e-06    2.619292641143203e-06
7690.536921063376    2.566513040109269e-06    2.589888321509236e-06    2.583676256009351e-06    2.5800258725426187e-06
7690.636921063376    2.5285170012093304e-06    2.5520424898092936e-06    2.5453577619094095e-06    2.541972417642678e-06
7690.736921063375    2.491994325008969e-06    2.515681711408929e-06    2.5085336747090426e-06    2.5054032370423135e-06
7690.836921063375    2.460249661608084e-06    2.4841084909080407e-06    2.4765051211081565e-06    2.4736210912080934e-06
7690.936921063374    2.429114066208212e-06    2.4531534558081646e-06    2.445102191308283e-06    2.44245657110822e-06
7691.0369210633735    2.399553164407797e-06    2.423781621707747e-06    2.4152911001078628e-06    2.412875295407802e-06
7691.136921063373    2.3713190463077037e-06    2.3957463725076496e-06    2.386821890007768e-06    2.38462910294104e-06
7691.236921063372    2.3434665539075994e-06    2.368102032907543e-06    2.35874854070766e-06    2.356772375840934e-06
7691.336921063372    2.3203013590065315e-06    2.3451529766064706e-06    2.33537499930659e-06    2.3336097783065307e-06
7691.436921063371    2.2969075588068083e-06    2.3219839978067432e-06    2.311782820406866e-06    2.310224792340139e-06
7691.536921063371    2.273056125106942e-06    2.298365207406874e-06    2.2877433267069963e-06    2.2863882197402703e-06
7691.63692106337    2.2514544157064834e-06    2.277005814006411e-06    2.2659645321065365e-06    2.2648082539398102e-06
7691.73692106337    2.231737690405918e-06    2.2575401484058422e-06    2.246079453005968e-06    2.245119097272576e-06
7691.836921063369    2.2113471899063052e-06    2.2374091020062254e-06    2.225527974806355e-06    2.2247614222396285e-06
7691.936921063369    2.194016443905517e-06    2.2203463364054316e-06    2.2080446343055652e-06    2.2074691382055047e-06
7692.036921063368    2.1782550771050172e-06    2.2048611464049293e-06    2.1921376537050637e-06    2.191751292405003e-06
7692.1369210633675    2.1636790903047725e-06    2.1905712477046787e-06    2.1774211672048184e-06    2.1772238350714234e-06
7692.236921063367    2.1496617186045894e-06    2.1768480194044933e-06    2.163269304004634e-06    2.163259680671239e-06
7692.336921063366    2.1341718120052127e-06    2.1616614068051107e-06    2.1476517221052555e-06    2.147828313638526e-06
7692.436921063366    2.1202280159048194e-06    2.148031263204711e-06    2.133584381104862e-06    2.1339478867381306e-06
7692.536921063365    2.1087158396039783e-06    2.136839456903868e-06    2.12195239510402e-06    2.122502563870622e-06
7692.636921063365    2.098307904403692e-06    2.1267620530035745e-06    2.1114296645037325e-06    2.1121665406369997e-06
7692.736921063364    2.0873388461038907e-06    2.11613267450377e-06    2.1003485970039307e-06    2.101273372537197e-06
7692.836921063364    2.0780303335033863e-06    2.107174958203259e-06    2.0909310236034264e-06    2.0920454384366907e-06
7692.936921063363    2.0686340764035036e-06    2.0981381575033698e-06    2.0814279482035435e-06    2.0827333940368055e-06
7693.036921063363    2.0598477706032764e-06    2.089719922803139e-06    2.0725371767033154e-06    2.0740349567032437e-06
7693.136921063362    2.0539618771022486e-06    2.084214074702103e-06    2.066549958002287e-06    2.0682419699355462e-06
7693.2369210633615    2.049058040201873e-06    2.0797019850017238e-06    2.0615466723019113e-06    2.063435565835169e-06
7693.336921063361    2.043185396302297e-06    2.07423008070214e-06    2.055576270602335e-06    2.0576639158689244e-06
7693.43692106336    2.0381097641020313e-06    2.0695661365018666e-06    2.05040283970207e-06    2.0526929134353227e-06
7693.53692106336    2.0348833895012914e-06    2.066762360301122e-06    2.04707995010133e-06    2.0495752333012478e-06
7693.636921063359    2.0309848360015956e-06    2.063297855501418e-06    2.043085253101635e-06    2.0457893148682163e-06
7693.736921063359    2.0279979082012223e-06    2.0607586675010394e-06    2.0400020861012616e-06    2.0429195539345078e-06
7693.836921063358    2.0274115311002454e-06    2.0606314258000533e-06    2.0393194847002854e-06    2.042454147200195e-06
7693.936921063358    2.0255817655007823e-06    2.0592728945005804e-06    2.037393622500823e-06    2.0407494275007287e-06
7694.036921063357    2.0250806359002144e-06    2.0592548181000076e-06    2.036796874500255e-06    2.0403774428334924e-06
7694.136921063357    2.0262958982994695e-06    2.0609670484992524e-06    2.037914149999512e-06    2.0417256989327448e-06
7694.236921063356    2.0265372108998947e-06    2.0617198494996715e-06    2.038055334999938e-06    2.0421041317998347e-06
7694.3369210633555    2.0270997213997493e-06    2.0628068736995156e-06    2.038517031499794e-06    2.0428078755330192e-06
7694.436921063355    2.027718661999718e-06    2.0639662954994728e-06    2.039033115299765e-06    2.0435726909329857e-06
7694.536921063354    2.029100013099372e-06    2.065903027599119e-06    2.0403099784994193e-06    2.0451043397326368e-06
7694.636921063354    2.0313229120989686e-06    2.068695304598705e-06    2.042426928499018e-06    2.0474817150655643e-06
7694.736921063353    2.034520851098517e-06    2.072480426998244e-06    2.045513804098568e-06    2.050838360731776e-06
7694.836921063353    2.038763263697994e-06    2.077324652597709e-06    2.049642772898047e-06    2.0552435630645837e-06
7694.936921063352    2.043743795397599e-06    2.082923632297301e-06    2.054507230997655e-06    2.0603915528975187e-06
7695.036921063352    2.0510873284964603e-06    2.0909034943961534e-06    2.061731471796518e-06    2.067907431563044e-06
7695.136921063351    2.0572531817969717e-06    2.0977238500966504e-06    2.0677735672970323e-06    2.0742501997302183e-06
7695.236921063351    2.062329205697507e-06    2.103474291497176e-06    2.0727201049975708e-06    2.0795078673974177e-06
7695.33692106335    2.0700349884961457e-06    2.1118741505957984e-06    2.080292666096212e-06    2.0874006017293857e-06
7695.4369210633495    2.079795733595029e-06    2.122346305194666e-06    2.0899164229950987e-06    2.0973528205949314e-06
7695.536921063349    2.0883977612956188e-06    2.131683181295245e-06    2.0983754473956915e-06    2.1061521299955184e-06
7695.636921063348    2.095775757896175e-06    2.1398207325957814e-06    2.1056025238962538e-06    2.11373300479607e-06
7695.736921063348    2.1053968165950124e-06    2.150219648794609e-06    2.1150666989950934e-06    2.123561054794905e-06
7695.836921063347    2.116048842594381e-06    2.1616703023939597e-06    2.1255558683944667e-06    2.134425004460936e-06
7695.936921063347    2.126962066994144e-06    2.1734104086937004e-06    2.136299439194235e-06    2.1455573049606933e-06
7696.036921063346    2.138290915293921e-06    2.1855903191934645e-06    2.1474501978940164e-06    2.157110477460467e-06
7696.136921063346    2.1487606298942867e-06    2.1969364160938085e-06    2.157732436494389e-06    2.167809827494161e-06
7696.236921063345    2.1615849583930017e-06    2.2106656559925078e-06    2.1703614262931086e-06    2.1808706802262058e-06
7696.336921063345    2.1752920355923955e-06    2.2253065767918774e-06    2.183863795292509e-06    2.1948208025589274e-06
7696.436921063344    2.187912065092884e-06    2.2388916669923392e-06    2.1962682225930054e-06    2.2076906515594095e-06
7696.5369210633435    2.203608284491149e-06    2.2555786880905904e-06    2.2117398911912756e-06    2.2236422879243382e-06
7696.636921063343    2.2199221042906524e-06    2.272912677990068e-06    2.227818989190787e-06    2.2402179238238357e-06
7696.736921063342    2.236819966490318e-06    2.290867726389712e-06    2.2444674651904608e-06    2.2573850526901635e-06
7696.836921063342    2.2527513226907267e-06    2.3078939118900893e-06    2.260137144190879e-06    2.2735941262572314e-06
7696.936921063341    2.2698295516899037e-06    2.326098326489238e-06    2.2769395086900666e-06    2.2909557956230694e-06
7697.036921063341    2.2904766393877937e-06    2.347911257887105e-06    2.2972960400879657e-06    2.3118946457876214e-06
7697.13692106334    2.309461677688604e-06    2.3681031675878794e-06    2.3159756987887872e-06    2.33118018135509e-06
7697.23692106334    2.3286303859884934e-06    2.3885149665877476e-06    2.3348227067886864e-06    2.350656019788309e-06
7697.336921063339    2.350508959586668e-06    2.4116801491858844e-06    2.3563628487868745e-06    2.3728506525198083e-06
7697.436921063339    2.37380890038559e-06    2.4363081940847687e-06    2.37930662728581e-06    2.3964745739187227e-06
7697.536921063338    2.3956615367864854e-06    2.4595361880856345e-06    2.4007837144867174e-06    2.4186604797862792e-06
7697.6369210633375    2.418420380085718e-06    2.483719581984824e-06    2.4231457724859667e-06    2.4417619115188357e-06
7697.736921063337    2.4437646540840952e-06    2.510540333483169e-06    2.448070651284358e-06    2.467458546283874e-06
7697.836921063336    2.4688422996840344e-06    2.537150510783059e-06    2.472704469784317e-06    2.492899093417137e-06
7697.936921063336    2.4956553244826858e-06    2.565547428881663e-06    2.499049860982988e-06    2.5200842047824455e-06
7698.036921063335    2.5222399906828333e-06    2.5937715885817743e-06    2.525139645483153e-06    2.5470504082492532e-06
7698.136921063335    2.5495665313821054e-06    2.6227995671809914e-06    2.551944411082447e-06    2.574770169881848e-06
7698.236921063334    2.578066049681337e-06    2.6530645727801816e-06    2.5798912608816996e-06    2.603673961114406e-06
7698.336921063334    2.608185587980003e-06    2.6850140734787877e-06    2.609425971880391e-06    2.6342085444463933e-06
7698.436921063333    2.641273682177731e-06    2.72000519347645e-06    2.641894452378148e-06    2.6677244426774432e-06
7698.536921063333    2.674075395577924e-06    2.754780554276595e-06    2.674039118878366e-06    2.7009650229109615e-06
7698.636921063332    2.708004488776856e-06    2.790763774475455e-06    2.7072729297773305e-06    2.735347064343214e-06
7698.7369210633315    2.7434605652758147e-06    2.828355944674358e-06    2.74198806247632e-06    2.771268190808831e-06
7698.836921063331    2.781670826173588e-06    2.868779315172059e-06    2.7794167740741286e-06    2.809955638473259e-06
7698.93692106333    2.819818299373285e-06    2.9092399355716652e-06    2.816733434773867e-06    2.848597223239606e-06
7699.03692106333    2.856940433974003e-06    2.948767914772318e-06    2.8529709304746225e-06    2.8862264264069815e-06
7699.136921063329    2.8977921040710197e-06    2.9921067185692554e-06    2.8928861878716836e-06    2.927595003503986e-06
7699.236921063329    2.942052160068602e-06    3.0389663004667573e-06    2.9361542882693054e-06    2.9723909162682212e-06
7699.336921063328    2.9860255831684054e-06    3.0856606318664503e-06    2.9790609354691714e-06    3.0169157168346753e-06
7699.436921063328    3.0300338678679796e-06    3.1324907507659263e-06    3.0219395357688016e-06    3.061488051467569e-06
7699.536921063327    3.0767017420660447e-06    3.1821072249638993e-06    3.067411559666915e-06    3.1087401755656195e-06
7699.636921063327    3.125835350063804e-06    3.2343160934615384e-06    3.1152614941647495e-06    3.1584709792300306e-06
7699.736921063326    3.1771067697622288e-06    3.288799910259862e-06    3.16516112676324e-06    3.2103559355951102e-06
7699.8369210633255    3.228650872461559e-06    3.3436892616590642e-06    3.215240779362651e-06    3.262526971161091e-06
7699.936921063325    3.2837929711583742e-06    3.4023316854557318e-06    3.2688325847595446e-06    3.318319080457884e-06
7700.036921063324    3.3416002592563627e-06    3.4637989143535997e-06    3.3249705678576225e-06    3.3767899138225284e-06
7700.136921063324    3.4001789720552473e-06    3.5262057883523225e-06    3.381764593656611e-06    3.4360497846880605e-06
7700.236921063323    3.462975799252025e-06    3.592997195048973e-06    3.442657845453479e-06    3.499543613251492e-06
7700.336921063323    3.528188707249586e-06    3.662392284946353e-06    3.5058208274511706e-06    3.5654672732157035e-06
7700.436921063322    3.595128736447642e-06    3.733728899644203e-06    3.5705634901493604e-06    3.633140375413735e-06
7700.536921063322    3.6646611755456143e-06    3.807855365442021e-06    3.6377288153474656e-06    3.703415118778367e-06
7700.636921063321    3.7388219553413198e-06    3.886824464937515e-06    3.7093444660433333e-06    3.7783302954407225e-06
7700.736921063321    3.816784569738311e-06    3.969841269134312e-06    3.784574853840473e-06    3.857066897571033e-06
7700.83692106332    3.895733209536813e-06    4.0541070566325575e-06    3.860570595239176e-06    3.936803620469516e-06
7700.9369210633195    3.976595410834546e-06    4.14053610363004e-06    3.938247544737125e-06    4.01845968640057e-06
7701.036921063319    4.065300904328197e-06    4.2350725535234776e-06    4.023521183430975e-06    4.10796488042755e-06
7701.136921063318    4.15762265572443e-06    4.333519005719418e-06    4.11211791042748e-06    4.201086523957109e-06
7701.236921063318    4.251514810323146e-06    4.433857966817868e-06    4.20197325642645e-06    4.295782011189154e-06
7701.336921063317    4.351464533117278e-06    4.540600061711656e-06    4.297556930020892e-06    4.396540508283275e-06
7701.436921063317    4.457177209711547e-06    4.653449286305575e-06    4.39850917921553e-06    4.50304522507755e-06
7701.536921063316    4.568127800007164e-06    4.771880637000904e-06    4.504275376911502e-06    4.6147612713065235e-06
7701.636921063316    4.685041915701111e-06    4.8966850166944365e-06    4.615535504705893e-06    4.732420812367148e-06
7701.736921063315    4.808018725195983e-06    5.0279384878889815e-06    4.732313242801226e-06    4.856090151962064e-06
7701.836921063315    4.938454109988487e-06    5.167134079880998e-06    4.8559973381942594e-06    4.9871951760212476e-06
7701.936921063314    5.073436362683373e-06    5.31130856247543e-06    4.983569359489776e-06    5.122771428216194e-06
7702.0369210633135    5.2162135480766376e-06    5.4637314826683034e-06    5.118150188583719e-06    5.266031739776221e-06
7702.136921063313    5.370149739465596e-06    5.627859424856697e-06    5.263130652873415e-06    5.420379939065236e-06
7702.236921063312    5.531478594459141e-06    5.7998870847498e-06    5.4145142366678245e-06    5.5819599719589224e-06
7702.336921063312    5.703563716148184e-06    5.983195410838284e-06    5.575546001157937e-06    5.754101709381468e-06
7702.436921063311    5.88911195443462e-06    6.180544644924102e-06    5.748885169045502e-06    5.939513922801408e-06
7702.536921063311    6.085533336924929e-06    6.389334468113904e-06    5.931694755237062e-06    6.135520853425298e-06
7702.63692106331    6.294735483811634e-06    6.611487053999974e-06    6.125635815525376e-06    6.343952784445661e-06
7702.73692106331    6.518274749298725e-06    6.848551425886547e-06    6.332112694814088e-06    6.566312956666453e-06
7702.836921063309    6.759879647880262e-06    7.10426504136743e-06    6.554541175897702e-06    6.806228621715132e-06
7702.936921063309    7.021220170459935e-06    7.3802905056464454e-06    6.794316100879745e-06    7.065275592328708e-06
7703.036921063308    7.30223774924186e-06    7.676446093927955e-06    7.050831877964367e-06    7.343171907044728e-06
7703.136921063307    7.60836562251601e-06    7.998107501801601e-06    7.329007295941942e-06    7.645160140086518e-06
7703.236921063307    7.939787826792544e-06    8.345398003477825e-06    7.628592621622079e-06    7.97125948396415e-06
7703.336921063306    8.300273658262306e-06    8.72184658564735e-06    7.952346058496715e-06    8.324822100802124e-06
7703.436921063306    8.697814686123977e-06    9.135260852508962e-06    8.307694551163885e-06    8.713590029932274e-06
7703.536921063305    9.138624915183048e-06    9.591662913568301e-06    8.699519330429383e-06    9.143269053060244e-06
7703.636921063305    9.631292745029516e-06    1.009958527851495e-05    9.135095058484038e-06    9.621991027342836e-06
7703.736921063304    1.0199935611456963e-05    1.068297677644288e-05    9.632853914424656e-06    1.0171922100774832e-05
7703.836921063304    1.0853869000369567e-05    1.1352950273354101e-05    1.0220980404433007e-05    1.080926655938556e-05
7703.936921063303    1.1449773969420088e-05    1.1955232871413884e-05    1.0733987791500763e-05    1.1379664877444913e-05
7704.0369210633025    1.2059946070406204e-05    1.2561768497409746e-05    1.1237513965509988e-05    1.1953076177775314e-05
7704.136921063302    1.2849417810224538e-05    1.3350192107225568e-05    1.1907269675342129e-05    1.2702293197597414e-05
7704.236921063301    1.3682896459181312e-05    1.4161630081202962e-05    1.259126810532814e-05    1.347859821523747e-05
7704.336921063301    1.4624168376066871e-05    1.5076274897093268e-05    1.3351462248246382e-05    1.4350635173802172e-05
7704.4369210633    1.5732201926891475e-05    1.6155350753920446e-05    1.425220164209886e-05    1.5379918107636926e-05
7704.5369210633    1.7001240135730398e-05    1.739445156576035e-05    1.5282846542968897e-05    1.6559512748153214e-05
7704.636921063299    1.844726637154018e-05    1.8818590329562277e-05    1.6460249776811364e-05    1.7908702159304606e-05
7704.736921063299    2.008233675034933e-05    2.045688149434608e-05    1.7802558574644885e-05    1.9447258939780095e-05
7704.836921063298    2.190722205414111e-05    2.2337847014083983e-05    1.9323335253450887e-05    2.118946810722533e-05
7704.936921063298    2.3918513866932936e-05    2.449612284078188e-05    2.104203899123364e-05    2.315222523298282e-05
7705.036921063297    2.610065710175735e-05    2.6962428035465308e-05    2.2973892666014578e-05    2.5345659267745744e-05
7705.1369210632965    2.842742670558755e-05    2.9759338388100097e-05    2.5129497102765018e-05    2.777208739881755e-05
7705.236921063296    3.08538713884842e-05    3.28845593797597e-05    2.750481660153721e-05    3.0414415789927035e-05
7705.336921063295    3.3331483035408624e-05    3.631524491841178e-05    3.008525228730107e-05    3.3243993413707164e-05
7705.436921063295    3.5811099165383966e-05    3.999892319511367e-05    3.283882747109494e-05    3.621628327719752e-05
7705.536921063294    3.82420643544353e-05    4.383876359294891e-05    3.570613019197495e-05    3.926231937978639e-05
7705.636921063294    4.0586186639505595e-05    4.77066030018842e-05    3.860936069191065e-05    4.230071677776682e-05
7705.736921063293    4.281116284763238e-05    5.144946214801719e-05    4.1455363751971546e-05    4.523866291587371e-05
7705.836921063293    4.488445095777494e-05    5.490586865629057e-05    4.414402841711452e-05    4.797811601039334e-05
7705.936921063292    4.675360857997701e-05    5.792317291873438e-05    4.656589469937882e-05    5.04142253993634e-05
7706.036921063292    4.854232492406408e-05    6.06037642120988e-05    4.8821939724558286e-05    5.265600962024039e-05
7706.136921063291    5.001799306438947e-05    6.256632656585808e-05    5.0656143965998164e-05    5.441348786541524e-05
7706.2369210632905    5.118050288773125e-05    6.392349992351879e-05    5.208371346044196e-05    5.572923875723066e-05
7706.33692106329    5.198536526911426e-05    6.469231558715393e-05    5.3079928324903675e-05    5.658586972705728e-05
7706.436921063289    5.277275033712633e-05    6.522384058041023e-05    5.399412664598562e-05    5.733023918784073e-05
7706.536921063289    5.334137561836906e-05    6.539768635680711e-05    5.46701448702499e-05    5.7803068948475356e-05
7706.636921063288    5.3661585206641785e-05    6.526662078014663e-05    5.506229443356131e-05    5.799683347344991e-05
7706.736921063288    5.384895790179039e-05    6.496889214533306e-05    5.528860610274683e-05    5.8035485383290096e-05
7706.836921063287    5.396332490087102e-05    6.458621647543157e-05    5.540880597386444e-05    5.798611578338902e-05
7706.936921063287    5.405651541689405e-05    6.418452769645666e-05    5.547403276592585e-05    5.790502529309219e-05
7707.036921063286    5.416805772287319e-05    6.381232941842314e-05    5.5524333599942815e-05    5.783490691374638e-05
7707.136921063286    5.433047142481388e-05    6.350680886935012e-05    5.559374433492046e-05    5.781034154302815e-05
7707.236921063285    5.4566076031730004e-05    6.329217320424597e-05    5.5707162541870026e-05    5.7855137259282e-05
7707.3369210632845    5.489386334362139e-05    6.318916384411897e-05    5.588666893579266e-05    5.798989870784434e-05
7707.436921063284    5.532579816949716e-05    6.32093475909765e-05    5.614743561369643e-05    5.8227527124723364e-05
7707.536921063283    5.5871180663365094e-05    6.336193607482237e-05    5.6502138529587075e-05    5.8578418422591504e-05
7707.636921063283    5.6537018149218806e-05    6.365287794065866e-05    5.696045001746229e-05    5.905011536911325e-05
7707.736921063282    5.732511484707536e-05    6.408310634149524e-05    5.752700660333529e-05    5.9645075930635297e-05
7707.836921063282    5.823752858492121e-05    6.465339342132572e-05    5.820627659219687e-05    6.036573286614793e-05
7707.936921063281    5.928218583675535e-05    6.537040444614573e-05    5.9008083476044695e-05    6.122022458631526e-05
7708.036921063281    6.045558591560197e-05    6.622916963297683e-05    5.9931116615900265e-05    6.220529072149301e-05
7708.13692106328    6.176109295143269e-05    6.723160650379653e-05    6.098020877974053e-05    6.332430274498993e-05
7708.23692106328    6.319875777527403e-05    6.837622158962585e-05    6.21574336345867e-05    6.457747099982886e-05
7708.336921063279    6.477037019009893e-05    6.966321084644322e-05    6.346603740441708e-05    6.596653948031975e-05
7708.4369210632785    6.647846030691832e-05    7.109343649125695e-05    6.491069685523937e-05    6.749419788447155e-05
7708.536921063278    6.832100656375443e-05    7.26630341870871e-05    6.649111683307391e-05    6.915838586130515e-05
7708.636921063277    7.029982867457037e-05    7.437220011990146e-05    6.82117219058874e-05    7.096125023345309e-05
7708.736921063277    7.241604955540167e-05    7.621990732573135e-05    7.007589397571114e-05    7.290395028561471e-05
7708.836921063276    7.466902536721327e-05    7.820352780354644e-05    7.208609761451356e-05    7.498621692842443e-05
7708.936921063276    7.705911474002192e-05    8.032122323336134e-05    7.424590022730888e-05    7.720874606689739e-05
7709.036921063275    7.958578113185175e-05    8.256994149119809e-05    7.655875738211816e-05    7.957149333505601e-05
7709.136921063275    8.224735764465945e-05    8.494545342401849e-05    7.902729953590173e-05    8.207337020152656e-05
7709.236921063274    8.504201915649242e-05    8.744324908986501e-05    8.165464931170242e-05    8.471330585268662e-05
7709.336921063274    8.796779759130124e-05    9.005812164569427e-05    8.4444552842473e-05    8.749015735982285e-05
7709.436921063273    9.102129041111201e-05    9.278358674352968e-05    8.739990394423698e-05    9.040159369962622e-05
7709.5369210632725    9.419756573895568e-05    9.561098600639989e-05    9.052253555902398e-05    9.344369576812651e-05
7709.636921063272    9.749294758677404e-05    9.853283089125307e-05    9.381666880077565e-05    9.661414909293427e-05
7709.736921063271    0.00010090078469562984    0.00010153811389614607    9.728358477555407e-05    9.990749445577666e-05
7709.836921063271    0.0001044152728754611    0.00010461602554602493    0.00010092631502529547    0.00010331920448226052
7709.93692106327    0.00010802854938530064    0.00010775361194591932    0.00010474608866503209    0.00010684274999875069
7710.03692106327    0.00011173430922518037    0.0001109385868758577    0.0001087459315747979    0.00011047294255861198
7710.136921063269    0.00011552396791503679    0.00011415584548578645    0.00011292654957452476    0.00011420212099178266
7710.236921063269    0.00011939004646493671    0.00011739078189576329    0.0001172892440942863    0.00011802335748499543
7710.336921063268    0.00012332484337481092    0.00012062740946573165    0.00012183402096400649    0.00012192875793484968
7710.436921063268    0.00012732145612469304    0.00012384993792572094    0.00012655993188372464    0.0001259104419780462
7710.536921063267    0.00013137266325462057    0.000127040781845763    0.0001314628516034896    0.00012995876556795772
7710.6369210632665    0.00013547943285450943    0.00013018966740579007    0.00013654290291320817    0.00013407066772450256
7710.736921063266    0.00013963084533444975    0.00013327280121587797    0.00014178260365299474    0.00013822875006777417
7710.836921063265    0.0001438254105043539    0.00013627446093595962    0.0001471666500427528    0.00014242217382768877
7710.936921063265    0.00014807173002424562    0.00013918662501605358    0.00015268090754252738    0.00014664642086094218
7711.036921063264    0.0001523707454941742    0.0001419931160161968    0.00015829206719239605    0.00015088530956758903
7711.136921063264    0.0001567250221440597    0.00014467832136633673    0.00016395624853227268    0.00015511986401422305
7711.236921063263    0.00016115293623395925    0.00014724023265650494    0.000169632659372256    0.00015934194275424006
7711.336921063263    0.00016565883022381188    0.0001496643182566709    0.00017525217142228252    0.00016352510663425511
7711.436921063262    0.00017025230241364984    0.00015194510070684698    0.00018073850691241553    0.00016764530334430411
7711.536921063262    0.00017495775910349504    0.00015409259622703125    0.00018602208788269582    0.0001716908144044074
7711.636921063261    0.0001797773600732934    0.0001561024062472033    0.00019100460621306669    0.00017562812417785446
7711.7369210632605    0.00018471829306312455    0.00015798247913738383    0.0001955947471736127    0.0001794318397913737
7711.83692106326    0.00018977231735292123    0.00015974149067753628    0.00019969366198425897    0.00018306915667157218
7711.936921063259    0.0001949141959327514    0.00016138490843768324    0.00020320686451504738    0.00018650198962849403
7712.036921063259    0.00020009674075269408    0.00016291740422783962    0.00020604846645599415    0.00018968753714550927
7712.136921063258    0.00020524046671270202    0.00016433749175798519    0.00020814466861702587    0.00019257420902923767
7712.236921063258    0.00021023194056291804    0.00016564031721815153    0.00020944423786815614    0.00019510549854974193
7712.336921063257    0.00021489837788333675    0.00016679504353835114    0.00020990234410934587    0.0001971985885103446
7712.436921063257    0.0002190415965040462    0.0001677804961685839    0.0002095190433405508    0.0001987803786710603
7712.536921063256    0.00022242852991513295    0.00016856085157887865    0.00020831972513172343    0.00019976970220857834
7712.636921063256    0.00022481099244655474    0.00016910373525921493    0.00020635509742284103    0.0002000899417095369
7712.736921063255    0.00022597385818831837    0.00016940213994956848    0.00020371767692381395    0.0001996978916872336
7712.8369210632545    0.0002257552638603181    0.0001694665282699063    0.0002005178265746564    0.0001985798729016269
7712.936921063254    0.0002240927410724344    0.00016935595298016193    0.00019689467636530532    0.00019678112347263388
7713.036921063253    0.00022102419908449322    0.0001691624771002833    0.00019299431531571125    0.00019439366383349588
7713.136921063253    0.00021666475033642313    0.00016898254748026512    0.00018894279574596944    0.00019153003118755257
7713.236921063252    0.0002112208990080209    0.0001689334034800724    0.0001848750681959933    0.0001883431235613622
7713.336921063252    0.00020492593518933212    0.0001690927306397638    0.00018089157243590543    0.0001849700794216671
7713.436921063251    0.00019803218703028251    0.00016951194880937472    0.00017708316699568052    0.00018154243427844592
7713.536921063251    0.0001907742005408258    0.0001701811064790019    0.0001735091462253309    0.0001781548177483862
7713.63692106325    0.0001833704984711105    0.00017105943089868193    0.00017021696486494047    0.0001748822980782443
7713.73692106325    0.00017599596074106672    0.00017206555209849013    0.0001672239542244915    0.00017176182235468281
7713.836921063249    0.00016877631796089994    0.0001730847800584612    0.00016451012798409723    0.00016879040866781946
7713.9369210632485    0.00016181367401057526    0.00017400441009860323    0.00016204518482374389    0.00016595442297764082
7714.036921063248    0.00015515947359010676    0.00017469571470895    0.0001597600458634708    0.00016320507805417587
7714.136921063247    0.00014884037151965528    0.00017504129465947197    0.0001575756817333376    0.0001604857826374883
7714.236921063247    0.0001428604110091371    0.00017493542887016177    0.00015540653957331436    0.00015773412648420438
7714.336921063246    0.00013720598144869111    0.00017428932942099309    0.00015317260185343366    0.00015488930424103928
7714.436921063246    0.00013183786515829986    0.000173017145121967    0.00015079549060367534    0.0001518835002946474
7714.536921063245    0.00012673202901789435    0.00017107175597300784    0.00014823909607395255    0.0001486809603549516
7714.636921063245    0.00012185878847757903    0.0001684290130741101    0.00014548873032427747    0.0001452588439586555
7714.736921063244    0.00011718254641727267    0.0001650876048951967    0.000142541910704583    0.0001416040206723508
7714.836921063244    0.00011268959760702846    0.00016109587070624437    0.0001394251080148757    0.0001377368587760495
7714.936921063243    0.00010834952770682878    0.00015651737018720392    0.00013614968536515364    0.00013367219441972876
7715.0369210632425    0.00010412853598664141    0.00015143203943800138    0.0001327160931554025    0.00012942555619334845
7715.136921063242    0.00010000485640652581    0.00014594126406868927    0.00012912559069568205    0.00012502390372363237
7715.236921063241    9.593648415743829e-05    0.00014012094768921078    0.00012534513068598267    0.00012046752084421057
7715.336921063241    9.188902271644201e-05    0.00013404426805967173    0.00012133920779637589    0.0001157574995241632
7715.43692106324    8.782259338750917e-05    0.00012775678478006442    0.00011705639721685554    0.00011087859179480972
7715.53692106324    8.367951244463188e-05    0.00012126263667039524    0.00011242181354741863    0.00010578798755414857
7715.636921063239    7.942150212085458e-05    0.00011456212791078653    0.00010737879517811827    0.00010045414173658645
7715.736921063239    7.500405674211123e-05    0.00010763527253115088    0.00010187270437886374    9.483734455070863e-05
7715.836921063238    7.04146476914298e-05    0.00010048557225157466    9.58947001686778e-05    8.893164003722742e-05
7715.936921063238    6.566195913373735e-05    9.314039092395792e-05    8.94795083454439e-05    8.276061946771306e-05
7716.036921063237    6.0789994590931535e-05    8.567905899814702e-05    8.272950554798897e-05    7.639951971235584e-05
7716.1369210632365    5.590497552199722e-05    7.826345363314001e-05    7.584782920226593e-05    7.00054194524677e-05
7716.236921063236    5.114504772579243e-05    7.105133963380689e-05    6.903034061616084e-05    6.374224265858672e-05
7716.336921063235    4.662650405943836e-05    6.425989550317999e-05    6.251514814872521e-05    5.780051590378119e-05
7716.436921063235    4.2447269266917806e-05    5.801594838933548e-05    5.647471454899861e-05    5.23126440684173e-05
7716.536921063234    3.866418395226207e-05    5.2396046315302516e-05    5.10112290960436e-05    4.735715312120273e-05
7716.636921063234    3.529196821861263e-05    4.741512095529013e-05    4.6156673181079806e-05    4.295458745166085e-05
7716.736921063233    3.231431667595593e-05    4.3042835295277125e-05    4.189128563409921e-05    3.908281253511076e-05
7716.836921063233    2.9697106247379825e-05    3.922327634039192e-05    3.8165367047235214e-05    3.569524987833566e-05
7716.936921063232    2.7398964963866775e-05    3.589064573760737e-05    3.491665566046617e-05    3.2735422120646764e-05
7717.036921063232    2.5378011313400388e-05    3.2979196010898705e-05    3.208141155677048e-05    3.014620629368986e-05
7717.136921063231    2.3595414095015548e-05    3.042841190631506e-05    2.9600300679197196e-05    2.7874708893509267e-05
7717.2369210632305    2.2016860955670377e-05    2.8185078490794958e-05    2.742086154768687e-05    2.5874266998050737e-05
7717.33692106323    2.061284441638789e-05    2.620360001137001e-05    2.5498037314270254e-05    2.4104827247342718e-05
7717.436921063229    1.9358365774144968e-05    2.4445467458006142e-05    2.3793751527914076e-05    2.2532528253355057e-05
7717.536921063229    1.8232404411925224e-05    2.2878392543679464e-05    2.2276094018594967e-05    2.112896365806655e-05
7717.636921063228    1.7217334400744852e-05    2.1475377411411707e-05    2.091841376633378e-05    1.9870375192830114e-05
7717.736921063228    1.6298373785579642e-05    2.0213845166168507e-05    1.9698458663097035e-05    1.873689253828173e-05
7717.836921063227    1.5463100121443384e-05    1.9074879076968178e-05    1.8597617686902296e-05    1.7711865628437955e-05
7717.936921063227    1.47010399003238e-05    1.8042579934793243e-05    1.760027873073251e-05    1.678129952194985e-05
7718.036921063226    1.400332771221202e-05    1.710353374063125e-05    1.6693296076575553e-05    1.5933385843139606e-05
7718.136921063226    1.336242648311916e-05    1.6246375500496795e-05    1.586555399444543e-05    1.5158118659353793e-05
7718.236921063225    1.2771899112031196e-05    1.546143366437069e-05    1.5107611303323541e-05    1.4446981359908474e-05
7718.3369210632245    1.2226222462524928e-05    1.4740440843364097e-05    1.4411412530841196e-05    1.3792691945576741e-05
7718.436921063224    1.1720635781450202e-05    1.407629836558537e-05    1.377005321026688e-05    1.3188995785767483e-05
7718.536921063223    1.1251016990789986e-05    1.3462884337423073e-05    1.3177588869291163e-05    1.2630496732501407e-05
7718.636921063223    1.081378138849854e-05    1.2894896692805498e-05    1.2628879149843535e-05    1.211251907704919e-05
7718.736921063222    1.0405798457521425e-05    1.2367724454651613e-05    1.2119460196844818e-05    1.1630994369672618e-05
7718.836921063222    1.0024323256827138e-05    1.1877341728911915e-05    1.1645439788246532e-05    1.1182368257995196e-05
7718.936921063221    9.666939609678312e-06    1.1420220057530709e-05    1.1203410815994415e-05    1.0763523494401145e-05
7719.036921063221    9.331512867443305e-06    1.099325567246098e-05    1.0790379609042713e-05    1.0371716049649e-05
7719.13692106322    9.016150456203812e-06    1.0593708842673763e-05    1.0403706300363243e-05    1.0004521866413606e-05
7719.23692106322    8.719168792232655e-06    1.0219153113129676e-05    1.0041055013917808e-05    9.659792306426713e-06
7719.336921063219    8.439065415916999e-06    9.867432636808252e-06    9.70035206588657e-06    9.33561670620394e-06
7719.4369210632185    8.174495426037968e-06    9.53662617198203e-06    9.37975077384296e-06    9.030290790620985e-06
7719.536921063218    7.924251469579322e-06    9.225016579227444e-06    9.077601681164196e-06    8.742289909990322e-06
7719.636921063217    7.687246685133491e-06    8.931064884332228e-06    8.79242728773846e-06    8.470246285734725e-06
7719.736921063217    7.462500107485276e-06    8.653388138874997e-06    8.522900513945109e-06    8.21292958676846e-06
7719.836921063216    7.249124133729382e-06    8.390740456347022e-06    8.267826281975769e-06    7.969230290684057e-06
7719.936921063216    7.046313720355271e-06    8.141996712133362e-06    8.026125706916048e-06    7.73814537980156e-06
7720.036921063215    6.853337041653751e-06    7.906138485621032e-06    7.796822482153437e-06    7.51876600314274e-06
7720.136921063215    6.669527384621806e-06    7.682241898004832e-06    7.57903111598299e-06    7.310266799536542e-06
7720.236921063214    6.4942760943501e-06    7.469467056772035e-06    7.371946733692436e-06    7.111896628271523e-06
7720.336921063214    6.327026415036622e-06    7.267048867719006e-06    7.17483621267835e-06    6.9229704984779925e-06
7720.436921063213    6.167268097474979e-06    7.0742890140369284e-06    6.987030450632243e-06    6.742862520714717e-06
7720.5369210632125    6.01453266455954e-06    6.890548934918061e-06    6.807917604946673e-06    6.570999734808093e-06
7720.636921063212    5.868389241689325e-06    6.715243662260381e-06    6.63693716321976e-06    6.406856689056489e-06
7720.736921063211    5.728440877158162e-06    6.547836397255719e-06    6.473574731043626e-06    6.249950668485836e-06
7720.836921063211    5.594321285565538e-06    6.387833726102783e-06    6.317357436717088e-06    6.099837482795137e-06
7720.93692106321    5.4656919585073015e-06    6.2347813883960004e-06    6.167849870734789e-06    5.956107739212696e-06
7721.03692106321    5.3422395955797695e-06    6.088260527030445e-06    6.024650489591987e-06    5.818383537400735e-06
7721.136921063209    5.223673815682906e-06    5.947884357305578e-06    5.887388422888224e-06    5.686315531958902e-06
