8.308439776769300806e+03 9.260911918500000118e-06 9.260913643800000776e-06 9.123806751299999831e-06 9.215210771200000242e-06
8.308539776769299351e+03 8.867303775700000344e-06 8.867305603399999340e-06 8.730176742500000571e-06 8.821595373866666752e-06
8.308639776769297896e+03 8.480809369307030569e-06 8.480810832807029789e-06 8.343637634807030097e-06 8.435085945640362920e-06
8.308739776769296441e+03 8.103712165513718700e-06 8.103713920313718671e-06 7.966471354813722464e-06 8.057965813547053843e-06
8.308839776769294986e+03 7.738247697019942962e-06 7.738249965419942593e-06 7.600913050719948411e-06 7.692470237719944938e-06
8.308939776769293530e+03 7.385602005725658665e-06 7.385604073225657959e-06 7.248130384525668862e-06 7.339778821158994597e-06
8.309039776769292075e+03 7.048644051924516526e-06 7.048645937524516505e-06 6.910974106024531208e-06 7.002754698491188362e-06
8.309139776769290620e+03 6.726965907729256642e-06 6.726967849429256687e-06 6.589038655529280472e-06 6.680990804229264882e-06
8.309239776769289165e+03 6.421798915933305430e-06 6.421800677033306069e-06 6.283560244533339865e-06 6.375719945833317404e-06
8.309339776769287710e+03 6.133203387936746970e-06 6.133205207636746784e-06 5.994590814336793946e-06 6.086999803303428951e-06
8.309439776769286254e+03 5.859977962939759450e-06 5.859979517239759381e-06 5.720910807939825899e-06 5.813622762706449090e-06
8.309539776769284799e+03 5.605471181137035865e-06 5.605473071437035321e-06 5.465888547537110057e-06 5.558944266703726516e-06
8.309639776769283344e+03 5.368357094038817538e-06 5.368359177738817463e-06 5.228198306738911494e-06 5.321638192838848549e-06
8.309739776769281889e+03 5.142854200141018505e-06 5.142856112941018413e-06 5.002043982241136954e-06 5.095918098441058522e-06
8.309839776769280434e+03 4.933839456441821775e-06 4.933841253541821274e-06 4.792305512741966486e-06 4.886662074241869845e-06
8.309939776769278978e+03 4.737229658842915466e-06 4.737231524442915796e-06 4.594911255143087266e-06 4.689790812809639510e-06
8.310039776769277523e+03 4.553341598740139515e-06 4.553343625840139213e-06 4.410167404340325619e-06 4.505617542973534782e-06
8.310139776769276068e+03 4.382663599840360204e-06 4.382665253540360051e-06 4.238581602140574781e-06 4.334636818507097780e-06
8.310239776769274613e+03 4.223713064240477588e-06 4.223714574340478058e-06 4.078656365940726244e-06 4.175361334840560348e-06
8.310339776769273158e+03 4.074686456640661974e-06 4.074688343640661725e-06 3.928592937440945092e-06 4.025989245907422930e-06
8.310439776769271703e+03 3.935612805240475862e-06 3.935614707640475648e-06 3.788421652540795169e-06 3.886549721807248893e-06
8.310539776769270247e+03 3.803052922238579710e-06 3.803054885538579748e-06 3.654718624038912836e-06 3.753608810605357431e-06
8.310639776769268792e+03 3.679385447038241548e-06 3.679387221438241293e-06 3.529845670038614044e-06 3.629539446171699385e-06
8.310739776769267337e+03 3.565088125437423045e-06 3.565090044937422649e-06 3.414280715037838336e-06 3.514819628470894677e-06
8.310839776769265882e+03 3.459221137636588641e-06 3.459223219936588370e-06 3.307105939337040456e-06 3.408516765636739014e-06
8.310939776769264427e+03 3.359555293036258006e-06 3.359557272336258103e-06 3.206077351636753841e-06 3.308396639003090548e-06
8.311039776769262971e+03 3.265070813934373252e-06 3.265072999534373049e-06 3.110166500334892176e-06 3.213436771267879351e-06
8.311139776769261516e+03 3.174859599634459405e-06 3.174861806834459619e-06 3.018488515035019662e-06 3.122736640501312754e-06
8.311239776769260061e+03 3.089485895934164683e-06 3.089488177534164828e-06 2.931609186634767433e-06 3.036861086701031750e-06
8.311339776769258606e+03 3.010141103133195412e-06 3.010143360433195035e-06 2.850691568533853515e-06 2.956992010700081039e-06
8.311439776769257151e+03 2.934736378732918627e-06 2.934738622232918560e-06 2.773657497233629576e-06 2.881044166066488639e-06
8.311539776769255695e+03 2.863715328331004716e-06 2.863717499931004674e-06 2.700963778631735125e-06 2.809465535631248313e-06
8.311639776769254240e+03 2.798456570229676138e-06 2.798458848529676155e-06 2.633984664530458575e-06 2.743633361096603764e-06
8.311739776769252785e+03 2.738096803428546192e-06 2.738099132728546076e-06 2.571864809529379105e-06 2.682686915228823650e-06
8.311839776769251330e+03 2.680457075828308264e-06 2.680459486428308348e-06 2.512405593829201776e-06 2.624440718695273361e-06
8.311939776769249875e+03 2.624098268828704494e-06 2.624100763128704447e-06 2.454169018029661185e-06 2.567456016662356567e-06
8.312039776769248419e+03 2.570088139527508435e-06 2.570090553027508349e-06 2.398236601728487581e-06 2.512805098094501737e-06
8.312139776769246964e+03 2.519384385326746741e-06 2.519386874226746907e-06 2.345562004127786207e-06 2.461444421227093285e-06
8.312239776769245509e+03 2.472990770825316774e-06 2.472993267225316809e-06 2.297146758326420232e-06 2.414376932125684323e-06
8.312339776769244054e+03 2.429509679224518208e-06 2.429511813524518549e-06 2.251588425325689685e-06 2.370203306024909237e-06
8.312439776769242599e+03 2.384928608725949841e-06 2.384930865925949601e-06 2.204871537027192550e-06 2.324910337226364138e-06
8.312539776769241143e+03 2.345184218523134048e-06 2.345186290223134776e-06 2.162947871724402675e-06 2.284439460156890500e-06
8.312639776769239688e+03 2.306459873923245038e-06 2.306461834623245258e-06 2.121987514924587277e-06 2.244969741157025858e-06
8.312739776769238233e+03 2.270395730822304108e-06 2.270397635322303976e-06 2.083626232223724821e-06 2.208139866122777494e-06
8.312839776769236778e+03 2.237523841920927835e-06 2.237526237320927609e-06 2.048409607722420386e-06 2.174486562321425559e-06
8.312939776769235323e+03 2.205485364820980069e-06 2.205487797320979734e-06 2.013967603922553996e-06 2.141646922021504600e-06
8.313039776769233868e+03 2.176531015618960219e-06 2.176533335518960301e-06 1.982540886720579347e-06 2.111868412619499814e-06
8.313139776769232412e+03 2.146842228119981589e-06 2.146844752519980879e-06 1.950322193221683899e-06 2.081336391287215597e-06
8.313239776769230957e+03 2.116842147920736567e-06 2.116844764120736465e-06 1.917739685422521780e-06 2.050475532487997988e-06
8.313339776769229502e+03 2.092575038517215220e-06 2.092577594217215163e-06 1.890820261819096828e-06 2.025324298184508929e-06
8.313439776769228047e+03 2.069337601516907526e-06 2.069340171016907583e-06 1.864877167918876165e-06 2.001184980150896950e-06
8.313539776769226592e+03 2.043880878618522004e-06 2.043883506718522083e-06 1.836636027620548250e-06 1.974800137652530991e-06
8.313639776769225136e+03 2.021626060916597149e-06 2.021628665616597163e-06 1.811533451218721107e-06 1.951596059250638614e-06
8.313739776769223681e+03 2.002768955214406327e-06 2.002771709114406502e-06 1.789762071116632786e-06 1.931767578481815417e-06
8.313839776769222226e+03 1.983332344915202733e-06 1.983334938415202877e-06 1.767326440217548330e-06 1.911331241182651595e-06
8.313939776769220771e+03 1.965069257814616796e-06 1.965071938514616663e-06 1.746004262017065483e-06 1.892048486115432980e-06
8.314039776769219316e+03 1.947622440013963632e-06 1.947625287213963203e-06 1.725433468216464027e-06 1.873560398481463550e-06
8.314139776769217860e+03 1.931857572112904326e-06 1.931860494612904287e-06 1.706457180115532948e-06 1.856725082280446975e-06
8.314239776769216405e+03 1.918291909411350642e-06 1.918295378011350117e-06 1.689602009814103347e-06 1.842063099078934773e-06
8.314339776769214950e+03 1.903943220212267060e-06 1.903946950412266764e-06 1.671878817015151894e-06 1.826589662546561765e-06
8.314439776769213495e+03 1.888939271113100155e-06 1.888942472113100649e-06 1.653406929716128198e-06 1.810429557647443001e-06
8.314539776769212040e+03 1.876447572110906608e-06 1.876450762710906556e-06 1.637375954113996873e-06 1.796758096311936961e-06
8.314639776769210584e+03 1.866975738708442426e-06 1.866979091908442139e-06 1.624279049711673457e-06 1.786077960109519270e-06
8.314739776769209129e+03 1.856262740009743486e-06 1.856266029809743413e-06 1.609852975513120514e-06 1.774127248444202330e-06
8.314839776769207674e+03 1.844336472111063831e-06 1.844339612711064021e-06 1.594119671814595616e-06 1.760931918878907752e-06
8.314939776769206219e+03 1.835931166307950525e-06 1.835934255207950538e-06 1.581809390211643899e-06 1.751224937242515058e-06
8.315039776769204764e+03 1.829810575505789174e-06 1.829814015705789096e-06 1.571667022109593505e-06 1.743763871107057187e-06
8.315139776769203309e+03 1.821253468708249577e-06 1.821257026108249543e-06 1.558992396912219089e-06 1.733834297242906211e-06
8.315239776769201853e+03 1.815439887305710466e-06 1.815443927105709937e-06 1.548975032309839539e-06 1.726619615573753455e-06
8.315339776769200398e+03 1.811696665303744985e-06 1.811700698203745035e-06 1.540890664108087918e-06 1.721429342538525838e-06
8.315439776769198943e+03 1.805889152905915687e-06 1.805893506905915388e-06 1.530629982610451910e-06 1.714137547474094470e-06
8.315539776769197488e+03 1.802466038403486838e-06 1.802470614403486497e-06 1.522634725508144287e-06 1.709190459438372682e-06
8.315639776769196033e+03 1.799768441202796931e-06 1.799772309902797719e-06 1.515260331607645886e-06 1.704933694237746704e-06
8.315739776769194577e+03 1.798166695601689844e-06 1.798170658901689726e-06 1.508845356206767787e-06 1.701727570236715644e-06
8.315839776769193122e+03 1.796832353301432175e-06 1.796836473901431897e-06 1.502546268906760132e-06 1.698738365369874593e-06
8.315939776769191667e+03 1.794570218702468886e-06 1.794574207102469039e-06 1.495196559708021506e-06 1.694780328504319881e-06
8.316039776769190212e+03 1.795872182598579047e-06 1.795875979398579225e-06 1.491284665304269460e-06 1.694344275767142295e-06
8.316139776769188757e+03 1.798871958796671514e-06 1.798876006196671140e-06 1.488907363102637920e-06 1.695551776031993383e-06
8.316239776769187301e+03 1.800303592498385346e-06 1.800308256398384614e-06 1.484813194804617308e-06 1.695141681233795685e-06
8.316339776769185846e+03 1.802977979996935322e-06 1.802982430396935457e-06 1.481795213903458517e-06 1.695918541432443099e-06
8.316439776769184391e+03 1.807119077095179066e-06 1.807123800395178952e-06 1.480073456602004190e-06 1.698105444697453858e-06
8.316539776769182936e+03 1.809809136696868320e-06 1.809813917396868393e-06 1.476755985503862092e-06 1.698793013199199601e-06
8.316639776769181481e+03 1.815865627892839205e-06 1.815870993492838467e-06 1.476607385500175684e-06 1.702781335628617644e-06
8.316739776769180025e+03 1.822907702691545794e-06 1.822913293991545652e-06 1.477246523999232601e-06 1.707689173560774753e-06
8.316839776769178570e+03 1.830394200590876006e-06 1.830399481190876336e-06 1.478150058098898915e-06 1.712981246626883893e-06
8.316939776769177115e+03 1.837545836391153908e-06 1.837551241691153727e-06 1.478516007099547178e-06 1.717871028393951675e-06
8.317039776769175660e+03 1.847031309788267310e-06 1.847037022888266827e-06 1.480999313596928506e-06 1.725022548757820952e-06
8.317139776769174205e+03 1.857913916186341222e-06 1.857919571186341301e-06 1.484636892795434387e-06 1.733490126722705637e-06
8.317239776769172749e+03 1.868725645886233589e-06 1.868731450986233439e-06 1.487973208695752009e-06 1.741810101856072801e-06
8.317339776769171294e+03 1.882097937682729923e-06 1.882103983682729620e-06 1.493643786892676584e-06 1.752615236086045587e-06
8.317439776769169839e+03 1.896645630280947180e-06 1.896651990280946746e-06 1.500230960991372996e-06 1.764509527184422519e-06
8.317539776769168384e+03 1.912393265179375452e-06 1.912399683079375788e-06 1.507723590790187087e-06 1.777505513016312917e-06
8.317639776769166929e+03 1.927766126279587086e-06 1.927772281579587508e-06 1.514557848890925195e-06 1.790032085583366455e-06
8.317739776769165474e+03 1.944384220377631329e-06 1.944390788777630888e-06 1.522336024689530177e-06 1.803703677948264061e-06
8.317839776769164018e+03 1.964805623472140381e-06 1.964812674672139531e-06 1.533610084584619354e-06 1.821076127576299755e-06
8.317939776769162563e+03 1.986989779469331717e-06 1.986997187469331485e-06 1.546327513082418934e-06 1.840104826673694116e-06
8.318039776769161108e+03 2.010890103666959545e-06 2.010898106466958463e-06 1.560385683480565382e-06 1.860724631204828150e-06
8.318139776769159653e+03 2.034446753667005872e-06 2.034455313767005022e-06 1.573723317881319201e-06 1.880875128438443365e-06
8.318239776769158198e+03 2.060292297563330169e-06 2.060301114463329997e-06 1.588943027778406187e-06 1.903178813268355451e-06
8.318339776769156742e+03 2.089961778857365002e-06 2.089970138657365532e-06 1.607562923373243101e-06 1.929164946962657808e-06
8.318439776769155287e+03 2.122346393852874127e-06 2.122355272452873533e-06 1.628435070869627021e-06 1.957712245725124752e-06
8.318539776769153832e+03 2.155312306952028500e-06 2.155321762352027626e-06 1.649398756269493882e-06 1.986677608524516740e-06
8.318639776769152377e+03 2.191522611446648170e-06 2.191532231846648213e-06 1.673067367965126933e-06 2.018707403752807842e-06
8.318739776769150922e+03 2.233130939637938157e-06 2.233141657637936590e-06 1.701543592457525781e-06 2.055938729911133721e-06
8.318839776769149466e+03 2.278021510432226022e-06 2.278032351032225980e-06 1.732692291852973016e-06 2.096248717772474935e-06
8.318939776769148011e+03 2.324669390328724257e-06 2.324680160328724149e-06 1.764967224750685434e-06 2.138105591802711492e-06
8.319039776769146556e+03 2.376386095820979361e-06 2.376397791120978280e-06 1.801601154144025025e-06 2.184795013695327485e-06
8.319139776769145101e+03 2.433898514511077670e-06 2.433911259211075927e-06 1.843180321735712772e-06 2.236996698485955527e-06
8.319239776769143646e+03 2.496287899202402304e-06 2.496301342602401498e-06 1.888767737528686190e-06 2.293785659777829644e-06
8.319339776769142190e+03 2.564383415592237434e-06 2.564397738592236133e-06 1.939106283520338077e-06 2.355962479234937215e-06
8.319439776769140735e+03 2.642252105275355057e-06 2.642266907975354216e-06 1.998123597105530485e-06 2.427547536785413111e-06
8.319539776769139280e+03 2.726928031264458329e-06 2.726944416664455700e-06 2.062753458796546305e-06 2.505541968908486637e-06
8.319639776769137825e+03 2.822146298245850962e-06 2.822162971645850649e-06 2.136612286980429943e-06 2.593640518957377467e-06
8.319739776769136370e+03 2.927020829828311141e-06 2.927038869228308371e-06 2.218579444965812165e-06 2.690879714674144033e-06
8.319839776769134915e+03 3.044803621105036275e-06 3.044824282805032228e-06 2.311756253545766260e-06 2.800461385818611729e-06
8.319939776769133459e+03 3.178601116276093955e-06 3.178623910776090192e-06 2.419007060320518785e-06 2.925410695790900836e-06
8.320039776769132004e+03 3.328351943449396324e-06 3.328376095549394436e-06 2.539945645297612975e-06 3.065557894765468194e-06
8.320139776769130549e+03 3.498400473512335668e-06 3.498426370612332804e-06 2.678608868765428997e-06 3.225145237630032349e-06
8.320239776769129094e+03 3.692287706668482082e-06 3.692316755868476538e-06 2.838143242327220193e-06 3.407582568288059463e-06
8.320339776769127639e+03 3.915868817413642533e-06 3.915901381713637003e-06 3.024069742278711655e-06 3.618613313801996922e-06
8.320439776769126183e+03 4.170282208555735306e-06 4.170318764355728850e-06 3.237034290228115045e-06 3.859211754379859875e-06
8.320539776769124728e+03 4.462873191989069282e-06 4.462912971389063212e-06 3.483876794068956214e-06 4.136554319149029852e-06
8.320639776769123273e+03 4.800565172404169939e-06 4.800608838304162244e-06 3.771169600693094706e-06 4.457447870467143002e-06
8.320739776769121818e+03 5.184047832816400549e-06 5.184096218116392165e-06 4.099449872114804037e-06 4.822531307682532533e-06
8.320839776769120363e+03 5.623033347009475061e-06 5.623087759509463807e-06 4.478705096717036954e-06 5.241608734411992223e-06
8.320939776769118907e+03 6.118261608299184747e-06 6.118323753099171059e-06 4.910910131913823479e-06 5.715831831104059197e-06
8.321039776769117452e+03 6.662440257210144394e-06 6.662510017010130908e-06 5.391126898126490704e-06 6.238692390782256747e-06
8.321139776769115997e+03 7.242574908334188324e-06 7.242650516534177714e-06 5.910425550445955141e-06 6.798550325104773444e-06
8.321239776769114542e+03 7.830867034408502302e-06 7.830949469208487465e-06 6.447053963304356347e-06 7.369623488973782320e-06
8.321339776769113087e+03 8.383875773463905117e-06 8.383965125763891710e-06 6.964474246330582503e-06 7.910771715186125879e-06
8.321439776769111631e+03 8.848399078921238221e-06 8.848489706821235497e-06 7.414826356748047016e-06 8.370571714163506629e-06
8.321539776769110176e+03 9.163640043503643582e-06 9.163728285303647799e-06 7.738410269987861681e-06 8.688592866265050456e-06
8.321639776769108721e+03 9.289579266559463492e-06 9.289667856759463763e-06 7.889841321510774957e-06 8.823029481609900737e-06
8.321739776769107266e+03 9.216888853940157354e-06 9.216971467240169370e-06 7.848996159078755307e-06 8.760952160086358983e-06
8.321839776769105811e+03 8.965738281288818578e-06 8.965816823688826172e-06 7.624345463437242070e-06 8.518633522804962838e-06
8.321939776769104355e+03 8.581374972255083935e-06 8.581443581055104707e-06 7.252543919130407697e-06 8.138454157480198780e-06
8.322039776769102900e+03 8.119904732506561890e-06 8.119967282506573855e-06 6.786519302815509855e-06 7.675463772609549380e-06
8.322139776769101445e+03 7.629261014772798329e-06 7.629317026872811216e-06 6.275056612614076031e-06 7.177878218086562423e-06
8.322239776769099990e+03 7.148524548761900145e-06 7.148574450061912083e-06 5.760296964129976500e-06 6.685798654317930423e-06
8.322339776769098535e+03 6.706982324391508106e-06 6.707028060891516625e-06 5.274816303280224165e-06 6.229608896187749632e-06
8.322439776769097080e+03 6.316349988095822772e-06 6.316392671395829068e-06 4.832857287400389607e-06 5.821866648964014380e-06
8.322539776769095624e+03 5.981079512283035645e-06 5.981118028083043923e-06 4.440513464099309334e-06 5.467570334821796583e-06
8.322639776769094169e+03 5.702734020072127188e-06 5.702768724072135339e-06 4.100254756499387901e-06 5.168585833547884323e-06
8.322739776769092714e+03 5.477823698766384908e-06 5.477856972166388484e-06 3.808901979504163062e-06 4.921527550145645202e-06
8.322839776769091259e+03 5.296401309379506550e-06 5.296430899679513738e-06 3.556700726027564211e-06 4.716510978362194974e-06
8.322939776769089804e+03 5.157378107393342882e-06 5.157404856393348328e-06 3.342237612352523270e-06 4.552340192046405250e-06
8.323039776769088348e+03 5.055638592814672636e-06 5.055664792314674342e-06 3.159931856884670389e-06 4.423745080671339405e-06
8.323139776769086893e+03 4.985110794250098241e-06 4.985136497150098971e-06 3.003241938133470138e-06 4.324496409844556066e-06
8.323239776769085438e+03 4.944938093186226849e-06 4.944963081686229138e-06 2.870719404784447352e-06 4.253540193218967780e-06
8.323339776769083983e+03 4.931626154128815223e-06 4.931651627828813809e-06 2.758484468742943527e-06 4.207254083566857237e-06
8.323439776769082528e+03 4.940565272480487900e-06 4.940587796480494643e-06 2.661154116112451702e-06 4.180769061691144325e-06
8.323539776769081072e+03 4.974407555126129721e-06 4.974430027726129100e-06 2.580215917476670667e-06 4.176351166776310394e-06
8.323639776769079617e+03 5.029603026278516137e-06 5.029624577778517923e-06 2.511484757951275689e-06 4.190237454002769634e-06
8.323739776769078162e+03 5.103464494936088810e-06 5.103488274036083557e-06 2.451209215533761202e-06 4.219387328168644664e-06
8.323839776769076707e+03 5.199611305584884700e-06 5.199635326884884921e-06 2.401747816810662664e-06 4.266998149760144237e-06
8.323939776769075252e+03 5.314763597440268567e-06 5.314786865040270087e-06 2.358691136297116710e-06 4.329413866259218031e-06
8.324039776769073796e+03 5.451420734391762958e-06 5.451441023891770119e-06 2.322799606580954985e-06 4.408553788288162405e-06
8.324139776769072341e+03 5.612184233934466343e-06 5.612206709434460893e-06 2.294973431363269476e-06 4.506454791577398622e-06
8.324239776769070886e+03 5.796818284876832379e-06 5.796841163476831747e-06 2.273207187149886316e-06 4.622288878501183763e-06
8.324339776769069431e+03 6.004154493821029069e-06 6.004176976821030264e-06 2.253950368944485247e-06 4.754093946528847346e-06
8.324439776769067976e+03 6.239303297052501770e-06 6.239325219152502168e-06 2.239421113633828334e-06 4.906016543279610334e-06
8.324539776769066521e+03 6.506233944478504113e-06 6.506257786378499045e-06 2.230227107221406810e-06 5.080906279359470130e-06
8.324639776769065065e+03 6.805401926398003514e-06 6.805435483797980591e-06 2.223475611015842603e-06 5.278104340403942801e-06
8.324739776769063610e+03 7.141881315304331583e-06 7.141906444804351219e-06 2.219933439708376176e-06 5.501240399939020365e-06
8.324839776769062155e+03 7.522570634292863942e-06 7.522594969892866373e-06 2.221283868196782004e-06 5.755483157460837581e-06
8.324939776769060700e+03 7.949577208274728778e-06 7.949597991474737508e-06 2.223567476594516704e-06 6.040914225447995177e-06
8.325039776769059245e+03 8.431002087944068079e-06 8.431032498744043250e-06 2.227901284289594090e-06 6.363311956992568755e-06
8.325139776769057789e+03 8.976616002580020188e-06 8.976646162980020624e-06 2.234823889183252530e-06 6.729362018247764306e-06
8.325239776769056334e+03 9.595773983190835523e-06 9.595805278490832273e-06 2.244362919876748890e-06 7.145314060519473217e-06
8.325339776769054879e+03 1.030036286726978568e-05 1.030039067626979539e-05 2.256046125371310029e-06 7.618933222970297033e-06
8.325439776769053424e+03 1.110605415600685969e-05 1.110607909700686789e-05 2.270206043664971147e-06 8.160779765559566102e-06
8.325539776769051969e+03 1.202966525871514670e-05 1.202970865471510211e-05 2.286698843359199773e-06 8.782024252263149669e-06
8.325639776769050513e+03 1.309191043035286789e-05 1.309195227535287219e-05 2.305458234553251532e-06 9.496440313419663589e-06
8.325739776769049058e+03 1.431709575192453397e-05 1.431712877792455615e-05 2.326208869547911887e-06 1.032014446646566550e-05
8.325839776769047603e+03 1.573246367942139105e-05 1.573250078442138197e-05 2.347656096645772803e-06 1.127087352016285016e-05
8.325939776769046148e+03 1.737410900581941265e-05 1.737416080181937312e-05 2.373084248335245287e-06 1.237378468532467730e-05
8.326039776769044693e+03 1.927626746415598972e-05 1.927631399415600329e-05 2.401133910428569188e-06 1.365123845624685293e-05
8.326139776769043237e+03 2.147541635335968043e-05 2.147548105035963168e-05 2.431859572221195297e-06 1.512758565864683764e-05
8.326239776769041782e+03 2.400219538647341722e-05 2.400225771647342458e-05 2.464188531616495206e-06 1.682288054485444793e-05
8.326339776769040327e+03 2.687287738753290999e-05 2.687293411253292592e-05 2.496343648116359533e-06 1.874738504939406402e-05
8.326439776769038872e+03 3.007809922260441899e-05 3.007818608560434244e-05 2.530420880910740293e-06 2.089556872970649987e-05
8.326539776769037417e+03 3.355472570689351538e-05 3.355483753889345434e-05 2.566812473604677727e-06 2.322545857313055084e-05
8.326639776769035961e+03 3.715949362149230167e-05 3.715960171449231335e-05 2.606184823996154190e-06 2.564176005332692392e-05
8.326739776769034506e+03 4.064564521774173756e-05 4.064577087774169406e-05 2.646861091491974959e-06 2.797942572899180135e-05
8.326839776769033051e+03 4.366379462492972480e-05 4.366397376292958243e-05 2.684137354800326739e-06 3.000396858088654042e-05
8.326939776769031596e+03 4.582687054517677592e-05 4.582708138017668617e-05 2.723775521993289816e-06 3.145924248244891307e-05
8.327039776769030141e+03 4.679868618138377566e-05 4.679892456638370051e-05 2.766241777785676541e-06 3.212128417518438057e-05
8.327139776769028686e+03 4.641586515003755633e-05 4.641618450403733729e-05 2.807670508687716198e-06 3.187990672092087064e-05
8.327239776769027230e+03 4.476211765751222834e-05 4.476242666951225110e-05 2.849844415384929129e-06 3.079146291413646359e-05
8.327339776769025775e+03 4.212747794223649253e-05 4.212777874323652013e-05 2.892213408083626249e-06 2.904915669785221636e-05
8.327439776769024320e+03 3.890238177691695252e-05 3.890270133791690163e-05 2.937257425575459634e-06 2.691411351346976929e-05
8.327539776769022865e+03 3.546015459151729052e-05 3.546047087851729912e-05 2.988686136557806317e-06 2.463643720219746221e-05
8.327639776769021410e+03 3.207587080641863926e-05 3.207616926541869372e-05 3.040379646056133937e-06 2.239747323929782216e-05
8.327739776769019954e+03 2.892840060281683044e-05 2.892865519481695099e-05 3.095204017746423739e-06 2.031741993846007248e-05
8.327839776769018499e+03 2.610681279195527867e-05 2.610702763495539234e-05 3.154636084932435328e-06 1.845615883728103290e-05
8.327939776769017044e+03 2.363489709601436411e-05 2.363509554301441111e-05 3.216395012324751519e-06 1.682879588378451103e-05
8.328039776769015589e+03 2.150340296304837709e-05 2.150354131004854702e-05 3.280739144517415899e-06 1.542922780587144399e-05
8.328139776769014134e+03 1.968326997019795858e-05 1.968342373619791518e-05 3.347812117108452155e-06 1.423816860783477431e-05
8.328239776769012678e+03 1.814196534942971473e-05 1.814210138142976434e-05 3.419709736693365722e-06 1.323459215585094869e-05
8.328339776769011223e+03 1.684444861075266837e-05 1.684456217575273378e-05 3.496894015176768074e-06 1.239530160056072440e-05
8.328439776769009768e+03 1.575422264517297404e-05 1.575430054417308054e-05 3.576841411667322389e-06 1.169512153367112467e-05
8.328539776769008313e+03 1.484280231265258163e-05 1.484290121965252039e-05 3.660968571955157758e-06 1.111555736808675425e-05
8.328639776769006858e+03 1.408619461821578130e-05 1.408626418521586732e-05 3.750050133939118292e-06 1.064083631245692033e-05
8.328739776769005402e+03 1.346394949783361027e-05 1.346403602983355782e-05 3.844990876620231375e-06 1.025765880142913400e-05
8.328839776769003947e+03 1.295643734550474905e-05 1.295650696550479958e-05 3.944216551305800784e-06 9.952386954105116470e-06
8.328939776769002492e+03 1.255656774719286790e-05 1.255660361219296867e-05 4.053365609774393193e-06 9.722178989720076870e-06
8.329039776769001037e+03 1.224829970491960746e-05 1.224836428691952177e-05 4.169927801452278359e-06 9.555530597763801118e-06
8.329139776768999582e+03 1.201920040968760202e-05 1.201919358768781762e-05 4.290696388237533747e-06 9.443030128537650849e-06
8.329239776768998126e+03 1.187550871043388044e-05 1.187554318843375585e-05 4.424537757195863037e-06 9.391863218687831417e-06
8.329339776768996671e+03 1.180923482920132149e-05 1.180927202420131253e-05 4.572238043751329308e-06 9.396914965717987212e-06
8.329439776768995216e+03 1.190766188669921676e-05 1.190769496369922822e-05 4.781076771361808821e-06 9.532144540586750701e-06
8.329539776768993761e+03 1.187216262910848235e-05 1.187210480310876154e-05 4.893974202854997046e-06 9.546080545024080311e-06
8.329639776768992306e+03 1.180461060820766026e-05 1.180456561220762112e-05 4.975366769049791867e-06 9.528180996488360007e-06
8.329739776768990851e+03 1.187730266477521568e-05 1.187726695577518705e-05 5.110683143781562793e-06 9.621750921443988507e-06
8.329839776768989395e+03 1.202668892853533843e-05 1.202665128453534544e-05 5.268887272307910092e-06 9.774075828459529062e-06
8.329939776768987940e+03 1.226662894624930824e-05 1.226659540824929606e-05 5.468462768875596455e-06 1.000056237445806664e-05
8.330039776768986485e+03 1.248469885831773388e-05 1.248488258731705220e-05 5.609353878159198795e-06 1.019297844126466191e-05
8.330139776768985030e+03 1.275092488816222697e-05 1.275108584516229828e-05 5.743019296479374503e-06 1.041501000993463268e-05
8.330239776768983575e+03 1.309969069689614079e-05 1.309958564789698337e-05 5.911534465766642790e-06 1.070360360351992147e-05
8.330339776768982119e+03 1.349551099874001296e-05 1.349551903773965302e-05 6.078713440367830383e-06 1.102324782561583099e-05
8.330439776768980664e+03 1.400270899137624430e-05 1.400290633237563953e-05 6.293675753411815573e-06 1.143309702572123200e-05
8.330539776768979209e+03 1.462900632699495826e-05 1.462927852299471872e-05 6.573791485403231714e-06 1.194402544513097013e-05
8.330639776768977754e+03 1.530330228582903033e-05 1.530345995782939815e-05 6.859184178981146535e-06 1.248864880754652500e-05
8.330739776768976299e+03 1.602569301266104420e-05 1.602589699866089202e-05 7.140750855288343163e-06 1.306411362220342646e-05
8.330839776768974843e+03 1.680167363847341337e-05 1.680165319247414282e-05 7.426777619768699347e-06 1.367670148357208546e-05
8.330939776768973388e+03 1.754740049955835578e-05 1.754744905155812787e-05 7.669872287404063503e-06 1.425490727950684962e-05
8.331039776768971933e+03 1.861505251250431450e-05 1.861511886350425502e-05 8.080774090454634370e-06 1.510364848882106909e-05
8.331139776768970478e+03 1.988394121482234798e-05 1.988401078682233735e-05 8.567645752297037390e-06 1.611186591798057085e-05
8.331239776768969023e+03 2.114087912383883121e-05 2.114094305183885050e-05 9.023042628192381399e-06 1.710162160129002047e-05
8.331339776768967567e+03 2.248851364251405928e-05 2.248864801251382567e-05 9.496613596823601087e-06 1.815792508395049873e-05
8.331439776768966112e+03 2.392126769320465968e-05 2.392135301320482264e-05 9.997189360524603207e-06 1.927993668897802569e-05
8.331539776768964657e+03 2.545767717085772863e-05 2.545774231985779460e-05 1.052925563221920633e-05 2.048155837431157991e-05
8.331639776768963202e+03 2.710699311044983763e-05 2.710700843245000312e-05 1.109731446508840810e-05 2.177043866932941741e-05
8.331739776768961747e+03 2.887779541700880712e-05 2.887791809500844597e-05 1.170629240793963242e-05 2.315400197331896466e-05
8.331839776768960292e+03 3.077697941553990624e-05 3.077715104253974287e-05 1.235905732677961290e-05 2.463772926161975513e-05
8.331939776768958836e+03 3.281301044303738443e-05 3.281307753903774387e-05 1.306013378560252901e-05 2.622874058922588746e-05
8.332039776768957381e+03 3.499213528354804908e-05 3.499226296754783590e-05 1.381310047342507952e-05 2.793249957484032037e-05
8.332139776768955926e+03 3.732211906398977312e-05 3.732223972498979736e-05 1.462176121521991426e-05 2.975537333473315932e-05
8.332239776768954471e+03 3.980971612340266117e-05 3.980984322740264113e-05 1.549037329999800532e-05 3.170331088360110706e-05
8.332339776768953016e+03 4.246234622478404586e-05 4.246249213978398404e-05 1.642364547875755978e-05 3.378282794777519543e-05
8.332439776768951560e+03 4.528531824114088224e-05 4.528548203914081933e-05 1.742582864249991336e-05 3.599887630759387503e-05
8.332539776768950105e+03 4.828282085653134363e-05 4.828296958253139884e-05 1.849962996424979228e-05 3.835514013443750933e-05
8.332639776768948650e+03 5.145825109585218046e-05 5.145841208785213088e-05 1.964996680996157138e-05 4.085554333122196768e-05
8.332739776768947195e+03 5.481107081016843932e-05 5.481128971716823232e-05 2.087915294666239937e-05 4.350050449133302028e-05
8.332839776768945740e+03 5.834042648248127544e-05 5.834065398748124214e-05 2.219056327334839043e-05 4.629054791443697160e-05
8.332939776768944284e+03 6.204161622280444379e-05 6.204181381280455090e-05 2.358775693301869833e-05 4.922372898954256547e-05
8.333039776768942829e+03 6.590464182622745790e-05 6.590488145222731387e-05 2.507140281171047464e-05 5.229364203005508553e-05
8.333139776768941374e+03 6.991516197762866766e-05 6.991542085662859677e-05 2.664202113137183279e-05 5.549086798854303241e-05
8.333239776768939919e+03 7.405542898008841209e-05 7.405569949108836475e-05 2.830138758802362551e-05 5.880417201973347423e-05
8.333339776768938464e+03 7.829901348063912116e-05 7.829924632763925229e-05 3.004850263667581221e-05 6.221558748165140651e-05
8.333439776768937008e+03 8.261615527529432774e-05 8.261641193729424933e-05 3.188284594932669260e-05 6.570513772063842322e-05
8.333539776768935553e+03 8.696839619816663914e-05 8.696868938416650390e-05 3.380320011201379368e-05 6.924676189811566364e-05
8.333639776768934098e+03 9.131301244311535662e-05 9.131332649911527190e-05 3.580856474366804915e-05 7.281163456196622363e-05
8.333739776768932643e+03 9.560217748024006916e-05 9.560247235324015064e-05 3.789856303632059873e-05 7.636773762326694629e-05
8.333839776768931188e+03 9.978217995556513964e-05 9.978247568456513020e-05 4.007279414797154372e-05 7.987914992936727345e-05
8.333939776768929732e+03 1.037989025150950047e-04 1.037992567450947754e-04 4.233265284161425807e-05 8.331027070060133927e-05
8.334039776768928277e+03 1.075984892659007249e-04 1.075988831859005750e-04 4.468173952228315411e-05 8.662637065802814907e-05
8.334139776768926822e+03 1.111284750068369348e-04 1.111288387868370495e-04 4.712521263588846394e-05 8.979417547652080703e-05
8.334239776768925367e+03 1.143424448679568686e-04 1.143427885479569498e-04 4.966994139746459542e-05 9.278505827112613793e-05
8.334339776768923912e+03 1.172008638492371676e-04 1.172012195192371299e-04 5.232494281700310101e-05 9.557567539515913059e-05
8.334439776768922457e+03 1.196767072706326557e-04 1.196771221806324322e-04 5.510443866748377973e-05 9.815275603958295363e-05
8.334539776768921001e+03 1.217532814621432902e-04 1.217536683521434026e-04 5.802215951396081137e-05 1.005097031094158324e-04
8.334639776768919546e+03 1.234272913136359566e-04 1.234276621236360123e-04 6.109515819631742509e-05 1.026500372111964466e-04
8.334739776768918091e+03 1.247083785851063923e-04 1.247087471551064060e-04 6.434139383759977966e-05 1.045861731926041972e-04
8.334839776768916636e+03 1.256198750665015915e-04 1.256203572865011728e-04 6.778120358379777623e-05 1.063404786456001802e-04
8.334939776768915181e+03 1.261958807377787763e-04 1.261963094277789954e-04 7.143524868190905940e-05 1.079424796158222815e-04
8.335039776768913725e+03 1.264810000789005201e-04 1.264813674189007621e-04 7.532542910799845735e-05 1.094292655352665844e-04
8.335139776768912270e+03 1.265250132398294792e-04 1.265254120198293592e-04 7.947150576093624946e-05 1.108406436735316869e-04
8.335239776768910815e+03 1.263796598505658201e-04 1.263800867805657177e-04 8.388854034880608497e-05 1.122160956599792031e-04
8.335339776768909360e+03 1.261078780610629091e-04 1.261082683410630399e-04 8.859868591057942734e-05 1.136049441042351435e-04
8.335439776768907905e+03 1.257636826913523514e-04 1.257640358713524894e-04 9.361473687229185110e-05 1.150474851449989063e-04
8.335539776768906449e+03 1.253936276014539441e-04 1.253939597014540319e-04 9.893662957609019757e-05 1.165747389596660669e-04
8.335639776768904994e+03 1.250461972113713874e-04 1.250465155413714425e-04 1.045624487777937280e-04 1.182183871768455012e-04
8.335739776768903539e+03 1.247575939811444332e-04 1.247579254911443858e-04 1.104826365765241089e-04 1.199993853496043048e-04
8.335839776768902084e+03 1.245537757008119450e-04 1.245540743608120776e-04 1.166765486753260176e-04 1.219281329123166800e-04
8.335939776768900629e+03 1.244533901204017314e-04 1.244536680604017940e-04 1.231132565142417309e-04 1.240067715650150764e-04
8.336039776768899173e+03 1.244542809499964197e-04 1.244545679899963970e-04 1.297362913334960705e-04 1.262150467578296200e-04
8.336139776768897718e+03 1.245373891596658947e-04 1.245376603596659874e-04 1.364762579029055601e-04 1.285171024740791384e-04
8.336239776768896263e+03 1.246807078794212641e-04 1.246809689594213040e-04 1.432590700926099304e-04 1.308735823104841662e-04
8.336339776768894808e+03 1.248286490293998904e-04 1.248288477294001643e-04 1.499770416327495795e-04 1.332115127971832114e-04
8.336439776768893353e+03 1.249247262896085314e-04 1.249249669396083505e-04 1.565201514433398554e-04 1.354566148908522638e-04
8.336539776768891898e+03 1.248988548601054154e-04 1.248990659801055595e-04 1.627610481345712350e-04 1.375196563249274123e-04
8.336639776768890442e+03 1.246741769409195368e-04 1.246743546709196875e-04 1.685649413162462577e-04 1.393044909760284759e-04
8.336739776768888987e+03 1.241692786120755863e-04 1.241694310420757134e-04 1.737900425085200614e-04 1.407095840542237509e-04
8.336839776768887532e+03 1.233198332535074420e-04 1.233199879935074439e-04 1.783078835913453535e-04 1.416492349461200798e-04
8.336939776768886077e+03 1.220678666951922669e-04 1.220679746751924795e-04 1.819983441246945618e-04 1.420447284983597785e-04
8.337039776768884622e+03 1.203697117270427519e-04 1.203697871570428885e-04 1.847430663186168203e-04 1.418275217342341535e-04
8.337139776768883166e+03 1.182105312989940388e-04 1.182106401389938907e-04 1.864565620528624409e-04 1.409592444969501280e-04
8.337239776768881711e+03 1.156036319409064209e-04 1.156037304009064617e-04 1.870842160273740896e-04 1.394305261230623105e-04
8.337339776768880256e+03 1.125545693928117427e-04 1.125546493828118264e-04 1.865686610621662906e-04 1.372259599459299442e-04
8.337439776768878801e+03 1.091054766045553617e-04 1.091055368445554430e-04 1.848983200070489533e-04 1.343697778187199013e-04
8.337539776768877346e+03 1.052949788260805036e-04 1.052950274360805620e-04 1.820703732619340803e-04 1.308867931746984000e-04
8.337639776768875890e+03 1.011566476675392610e-04 1.011567002975392421e-04 1.780914926268634688e-04 1.268016135306473285e-04
8.337739776768874435e+03 9.672773900485135638e-05 9.672775087985153932e-05 1.729832510017428892e-04 1.221462469621485724e-04
8.337839776768872980e+03 9.203567577005681091e-05 9.203569889905676045e-05 1.667844877364973836e-04 1.169519541352036517e-04
8.337939776768871525e+03 8.711115324114005994e-05 8.711116004214014422e-05 1.595442094510811696e-04 1.112555075781204489e-04
8.338039776768870070e+03 8.197612955904369882e-05 8.197615794204361512e-05 1.513335734852467272e-04 1.050952869954446714e-04
8.338139776768868614e+03 7.666918290987827743e-05 7.666924024087814246e-05 1.422680501490815026e-04 9.853549109994596514e-05
8.338239776768867159e+03 7.124029332650272438e-05 7.124030898250290230e-05 1.325081237322526194e-04 9.166290868041940634e-05
8.338339776768865704e+03 6.576743034679263442e-05 6.576743577479268418e-05 1.222896745644235330e-04 8.460818022866960816e-05
8.338439776768864249e+03 6.034900658865453621e-05 6.034904474365439351e-05 1.119295429952279287e-04 7.754253144251229519e-05
8.338539776768862794e+03 5.508596154597621532e-05 5.508599131697625227e-05 1.016278810349726736e-04 7.059994463264171374e-05
8.338639776768861338e+03 5.012665942474041271e-05 5.012668566874042787e-05 9.180069683808005890e-05 6.401801397718695746e-05
8.338739776768859883e+03 4.553588001120840496e-05 4.553590419620840915e-05 8.264835989128816991e-05 5.790671469956831671e-05
8.338839776768858428e+03 4.136138149545188656e-05 4.136140431645189301e-05 7.431044152185480132e-05 5.234440911125285578e-05
8.338939776768856973e+03 3.761717546961803195e-05 3.761719728061803917e-05 6.684213370714685721e-05 4.735883548579430718e-05
8.339039776768855518e+03 3.429027810476588584e-05 3.429029909276588617e-05 6.023125558134128754e-05 4.293727759295767974e-05
8.339139776768854063e+03 3.135044001703169803e-05 3.135046028303206271e-05 5.442203258652255948e-05 3.904097762886210674e-05
8.339239776768852607e+03 2.875890001637617592e-05 2.875891961737651330e-05 4.933630533463998066e-05 3.561804165613089335e-05
8.339339776768851152e+03 2.647465878939210879e-05 2.647467775939242642e-05 4.488873196278597699e-05 3.261268950385684079e-05
8.339439776768849697e+03 2.445827655825813496e-05 2.445829492125844054e-05 4.099605871084071229e-05 2.997087673011909593e-05
8.339539776768848242e+03 2.267380341929322956e-05 2.267382119429352580e-05 3.758192543448099173e-05 2.764318334935591344e-05
8.339639776768846787e+03 2.108950639633022444e-05 2.108952360233051068e-05 3.457878855918182634e-05 2.558593951928085156e-05
8.339739776768845331e+03 1.967790952722296409e-05 1.967792618022324208e-05 3.192818857336353160e-05 2.376134142693658039e-05
8.339839776768843876e+03 1.841548828797917822e-05 1.841550440697944729e-05 2.958017358573659968e-05 2.213705542689840388e-05
8.339939776768842421e+03 1.728222197181155208e-05 1.728223757481181462e-05 2.749236406744487925e-05 2.068560787135608086e-05
8.340039776768840966e+03 1.626111550123769635e-05 1.626113060523794765e-05 2.562892582826788396e-05 1.938372397824784265e-05
8.340139776768839511e+03 1.533774618493753455e-05 1.533776080893777734e-05 2.395958551935883682e-05 1.821169750441138516e-05
8.340239776768838055e+03 1.449985911481793778e-05 1.449987327581817074e-05 2.245874729735900449e-05 1.715282656266503428e-05
8.340339776768836600e+03 1.373701788596188078e-05 1.373703160296210323e-05 2.110472880229487399e-05 1.619292609707295380e-05
8.340439776768835145e+03 1.304030894858873466e-05 1.304032223958894899e-05 1.987911432049679523e-05 1.531991516955816075e-05
8.340539776768833690e+03 1.240209420808170520e-05 1.240210708808191116e-05 1.876621403563669368e-05 1.452347177726677171e-05
8.340639776768832235e+03 1.181580531888744874e-05 1.181581780588764703e-05 1.775261521954161353e-05 1.379474611477223700e-05
8.340739776768830779e+03 1.127577319155247507e-05 1.127578530055266543e-05 1.682681109125036100e-05 1.312612319445183327e-05
8.340839776768829324e+03 1.077708679369449032e-05 1.077709854169467143e-05 1.597889432195628544e-05 1.251102655244848014e-05
8.340939776768827869e+03 1.031547616798179272e-05 1.031548756698196843e-05 1.520030386096625876e-05 1.194375586531000833e-05
8.341039776768826414e+03 9.887215330257446654e-06 9.887226396157614624e-06 1.448361553573636284e-05 1.141935242071713968e-05
8.341139776768824959e+03 9.489041514278771824e-06 9.489052260078932840e-06 1.382236848376534013e-05 1.093348741937434940e-05
8.341239776768823504e+03 9.118087801846134352e-06 9.118098240446290188e-06 1.321092093364009817e-05 1.048236899197750700e-05
8.341339776768822048e+03 8.771826760388324906e-06 8.771836903988474061e-06 1.264432999900815045e-05 1.006266455446165094e-05
8.341439776768820593e+03 8.448023130352099835e-06 8.448032990552243324e-06 1.211825118855812954e-05 9.671435769820823104e-06
8.341539776768819138e+03 8.144693976422353801e-06 8.144703564522490512e-06 1.162885412305053513e-05 9.306083887998461507e-06
8.341639776768817683e+03 7.860075010982516835e-06 7.860084337582649155e-06 1.117275159225155411e-05 8.964303646938907830e-06
8.341739776768816228e+03 7.592592034436721355e-06 7.592601109636848974e-06 1.074693966396787401e-05 8.644044269347147267e-06
8.341839776768814772e+03 7.340836633601356430e-06 7.340845467001478026e-06 1.034874693803177594e-05 8.343476346211537364e-06
8.341939776768813317e+03 7.103545433698951896e-06 7.103554034499070086e-06 9.975791404490515091e-06 8.060963624229510946e-06
8.342039776768811862e+03 6.879582325774199445e-06 6.879590702774311465e-06 9.625943664130666292e-06 7.795038897559726016e-06
8.342139776768810407e+03 6.667923193566034740e-06 6.667931355066142749e-06 9.297295450633453719e-06 7.544383333088543454e-06
8.342239776768808952e+03 6.467642747424614099e-06 6.467650701424718973e-06 8.988132624100967326e-06 7.307808690983433748e-06
8.342339776768807496e+03 6.277903140405837647e-06 6.277910894405938408e-06 8.696911920847016586e-06 7.084241985219596700e-06
8.342439776768806041e+03 6.097944094667306701e-06 6.097951656067404200e-06 8.422240880990542006e-06 6.872712210575084867e-06
8.342539776768804586e+03 5.927074314980942259e-06 5.927081690581035633e-06 8.162860469274513088e-06 6.672338824945496146e-06
8.342639776768803131e+03 5.764663999412277623e-06 5.764671195612368250e-06 7.917629985533946744e-06 6.482321726852864770e-06
8.342739776768801676e+03 5.610138289733602698e-06 5.610145313133689140e-06 7.685513928215781707e-06 6.301932510361025080e-06
8.342839776768800220e+03 5.462971529820098566e-06 5.462978386220183873e-06 7.465570528572739925e-06 6.130506814871006890e-06
8.342939776768798765e+03 5.322682217146946726e-06 5.322688912247028155e-06 7.256941716158804333e-06 5.967437615184259738e-06
8.343039776768797310e+03 5.188828555699338898e-06 5.188835095199417942e-06 7.058844317843980882e-06 5.812169322914246190e-06
8.343139776768795855e+03 5.061004527856553094e-06 5.061010916856629527e-06 6.870562317190393011e-06 5.664192587301191595e-06
8.343239776768794400e+03 4.938836416202297734e-06 4.938842659702371469e-06 6.691440034667604436e-06 5.523039703524090648e-06
8.343339776768792944e+03 4.821979718821838025e-06 4.821985821621909248e-06 6.520876101448222864e-06 5.388280547297324226e-06
8.343439776768791489e+03 4.710116406199785028e-06 4.710122372899854201e-06 6.358318127004582419e-06 5.259518968701407216e-06
