3.182325198665720018e+04 8.797107565599999427e-06 8.797108517600000339e-06 8.797111864700000590e-06 8.797109315966667915e-06
3.182335198665719872e+04 8.793738653700000421e-06 8.793739620199999215e-06 8.793742949000000025e-06 8.793740407633333220e-06
3.182345198665719727e+04 8.789336502000160431e-06 8.789337423900161160e-06 8.789340841300160618e-06 8.789338255733493505e-06
3.182355198665719581e+04 8.785129159000152008e-06 8.785130114800152786e-06 8.785133525800152560e-06 8.785130933200152451e-06
3.182365198665719436e+04 8.782234325700209379e-06 8.782235306600210428e-06 8.782238731000210441e-06 8.782236121100209518e-06
3.182375198665719290e+04 8.780140955000152918e-06 8.780141904000152866e-06 8.780145391400152790e-06 8.780142750133486756e-06
3.182385198665719145e+04 8.777207325000213243e-06 8.777208266500214170e-06 8.777211787200213272e-06 8.777209126233546330e-06
3.182395198665718999e+04 8.774855146000256831e-06 8.774856145800258192e-06 8.774859646800258080e-06 8.774856979533590470e-06
3.182405198665718854e+04 8.772902582000213185e-06 8.772903596000213686e-06 8.772907113900213244e-06 8.772904430633547270e-06
3.182415198665718708e+04 8.771108011400260464e-06 8.771108988000261486e-06 8.771112583700260966e-06 8.771109861033593176e-06
3.182425198665718563e+04 8.769950607800167431e-06 8.769951622100168368e-06 8.769955234200167357e-06 8.769952488033500487e-06
3.182435198665718417e+04 8.769054749300130559e-06 8.769055746800130842e-06 8.769059395800130844e-06 8.769056630633464646e-06
3.182445198665718272e+04 8.768166636200160513e-06 8.768167677500161654e-06 8.768171340400160362e-06 8.768168551366828075e-06
3.182455198665718126e+04 8.768612662899918060e-06 8.768613689699917931e-06 8.768617361799919255e-06 8.768614571466586211e-06
3.182465198665717980e+04 8.768637406099994517e-06 8.768638432599995647e-06 8.768642142299994482e-06 8.768639326999994317e-06
3.182475198665717835e+04 8.768646913699998640e-06 8.768647988099997540e-06 8.768651725399999143e-06 8.768648875733331210e-06
3.182485198665717689e+04 8.769963242899712636e-06 8.769964275499711321e-06 8.769968091999712619e-06 8.769965203466378859e-06
3.182495198665717544e+04 8.770896529099762447e-06 8.770897588799762045e-06 8.770901405899762519e-06 8.770898507933095670e-06
3.182505198665717398e+04 8.772496049399593549e-06 8.772497123799594143e-06 8.772500967299593950e-06 8.772498046832926649e-06
3.182515198665717253e+04 8.774526076699409242e-06 8.774527150399408256e-06 8.774531010999409153e-06 8.774528079366074421e-06
3.182525198665717107e+04 8.777454869199148357e-06 8.777455993799147799e-06 8.777459885499147506e-06 8.777456916165814554e-06
3.182535198665716962e+04 8.780244182699189053e-06 8.780245287599189281e-06 8.780249215599189130e-06 8.780246228632522488e-06
3.182545198665716816e+04 8.784140378798725000e-06 8.784141492298723586e-06 8.784145450298724603e-06 8.784142440465390498e-06
3.182555198665716671e+04 8.787553467798881897e-06 8.787554602998882034e-06 8.787558574098881160e-06 8.787555548298881132e-06
3.182565198665716525e+04 8.792052971598363385e-06 8.792054102398362786e-06 8.792058128098363191e-06 8.792055067365030352e-06
3.182575198665716380e+04 8.796870058998248679e-06 8.796871194498247557e-06 8.796875242898248139e-06 8.796872165464915356e-06
3.182585198665716234e+04 8.802305280498022420e-06 8.802306469498023239e-06 8.802310521998022428e-06 8.802307423998023260e-06
3.182595198665716089e+04 8.808015692397714954e-06 8.808016862097714316e-06 8.808021007397714858e-06 8.808017853964381376e-06
3.182605198665715943e+04 8.814616440697358609e-06 8.814617621197358392e-06 8.814621797297359003e-06 8.814618619730691437e-06
3.182615198665715798e+04 8.821068756997182112e-06 8.821069955797183031e-06 8.821074117697182807e-06 8.821070943497183215e-06
3.182625198665715652e+04 8.827737715697088532e-06 8.827738914797088191e-06 8.827743107697087763e-06 8.827739912730422060e-06
3.182635198665715507e+04 8.835841428396462347e-06 8.835842622896463239e-06 8.835846895796463100e-06 8.835843649029797358e-06
3.182645198665715361e+04 8.844198922896047427e-06 8.844200148396048113e-06 8.844204409696046959e-06 8.844201160329379704e-06
3.182655198665715216e+04 8.852602711596025686e-06 8.852603941296025689e-06 8.852608287096026270e-06 8.852604979996025317e-06
3.182665198665715070e+04 8.861988814995219984e-06 8.861990069395219113e-06 8.861994401295219295e-06 8.861991095228552797e-06
3.182675198665714925e+04 8.871447790695181351e-06 8.871449042295182630e-06 8.871453435595181531e-06 8.871450089528515735e-06
3.182685198665714779e+04 8.881920350094665202e-06 8.881921610194665824e-06 8.881926035894665986e-06 8.881922665394665671e-06
3.182695198665714634e+04 8.893311174793785203e-06 8.893312470993784547e-06 8.893316932993784851e-06 8.893313526260452663e-06
3.182705198665714488e+04 8.904576219993852207e-06 8.904577536493851636e-06 8.904582032593851714e-06 8.904578596360518519e-06
3.182715198665714342e+04 8.916621926292987444e-06 8.916623264692988149e-06 8.916627772092988808e-06 8.916624321026321467e-06
3.182725198665714197e+04 8.929116534692727082e-06 8.929117864992727895e-06 8.929122440292727668e-06 8.929118946659393650e-06
3.182735198665714051e+04 8.942577235992164682e-06 8.942578536792164488e-06 8.942583139192165174e-06 8.942579637325498115e-06
3.182745198665713906e+04 8.956637216891305073e-06 8.956638529591304636e-06 8.956643172891304232e-06 8.956639639791305212e-06
3.182755198665713760e+04 8.970778344491252797e-06 8.970779689091253460e-06 8.970784383791253645e-06 8.970780805791252736e-06
3.182765198665713615e+04 8.986052076389998997e-06 8.986053445789997802e-06 8.986058186889998663e-06 8.986054569689999052e-06
3.182775198665713469e+04 9.002177939589440581e-06 9.002179348989440379e-06 9.002184106989440909e-06 9.002180465189439494e-06
3.182785198665713324e+04 9.018626818489229306e-06 9.018628198089229355e-06 9.018633011589229082e-06 9.018629342722562581e-06
3.182795198665713178e+04 9.036018968187978375e-06 9.036020389087978479e-06 9.036025201987979029e-06 9.036021519754644730e-06
3.182805198665713033e+04 9.053205732988119867e-06 9.053207170088119755e-06 9.053212107088120194e-06 9.053208336721453272e-06
3.182815198665712887e+04 9.071644199186584020e-06 9.071645667186584687e-06 9.071650587686584907e-06 9.071646818019917871e-06
3.182825198665712742e+04 9.090748215786100933e-06 9.090749678686100977e-06 9.090754664386099782e-06 9.090750852952766666e-06
3.182835198665712596e+04 9.110865059485362451e-06 9.110866556485363964e-06 9.110871603185363731e-06 9.110867739718696715e-06
3.182845198665712451e+04 9.131445915284277118e-06 9.131447398084277796e-06 9.131452532484276601e-06 9.131448615284277172e-06
3.182855198665712305e+04 9.152700368583762520e-06 9.152701885083761827e-06 9.152707005183762475e-06 9.152703086283762838e-06
3.182865198665712160e+04 9.174753036582348827e-06 9.174754580282349758e-06 9.174759752582349896e-06 9.174755789815684521e-06
3.182875198665712014e+04 9.197259475681987385e-06 9.197261035781987824e-06 9.197266209381987025e-06 9.197262240281986847e-06
3.182885198665711869e+04 9.221325678480738941e-06 9.221327261480739284e-06 9.221332518580738205e-06 9.221328486180737681e-06
3.182895198665711723e+04 9.245694630479610015e-06 9.245696231979609524e-06 9.245701543479609998e-06 9.245697468646275948e-06
3.182905198665711578e+04 9.270881995478924765e-06 9.270883593078923699e-06 9.270888965878923876e-06 9.270884851478924113e-06
3.182915198665711432e+04 9.296213528377881706e-06 9.296215114377883012e-06 9.296220484177882226e-06 9.296216375644549546e-06
3.182925198665711287e+04 9.323364776176292632e-06 9.323366444576292628e-06 9.323371889876294074e-06 9.323367703542959778e-06
3.182935198665711141e+04 9.350712555676122043e-06 9.350714170376122066e-06 9.350719684776122672e-06 9.350715470276122260e-06
3.182945198665710996e+04 9.378919733874344262e-06 9.378921370474345562e-06 9.378926939574344768e-06 9.378922681307677632e-06
3.182955198665710850e+04 9.408301537773278562e-06 9.408303210873278035e-06 9.408308815173278047e-06 9.408304521273278215e-06
3.182965198665710705e+04 9.438600960371339060e-06 9.438602707171339849e-06 9.438608337571340452e-06 9.438604001704673120e-06
3.182975198665710559e+04 9.469231052471028558e-06 9.469232747771028048e-06 9.469238427871027339e-06 9.469234076037694083e-06
3.182985198665710413e+04 9.501373039769597537e-06 9.501374812769597934e-06 9.501380589369597734e-06 9.501376147302932198e-06
3.182995198665710268e+04 9.533651249168293123e-06 9.533652977068293600e-06 9.533658830168294259e-06 9.533654352134961457e-06
3.183005198665710122e+04 9.566943666367298520e-06 9.566945416867298464e-06 9.566951318767298200e-06 9.566946800667297830e-06
3.183015198665709977e+04 9.601459754164841728e-06 9.601461547864841660e-06 9.601467453664841971e-06 9.601462918564842916e-06
3.183025198665709831e+04 9.637602968763182219e-06 9.637604753763183082e-06 9.637610786863182278e-06 9.637606169796516424e-06
3.183035198665709686e+04 9.674096354962827810e-06 9.674098203562827761e-06 9.674104224962826924e-06 9.674099594496160832e-06
3.183045198665709540e+04 9.711444562460597423e-06 9.711446379360597693e-06 9.711452513360598133e-06 9.711447818393931648e-06
3.183055198665709395e+04 9.749598038659747698e-06 9.749599941659747507e-06 9.749606084059746580e-06 9.749601354793080595e-06
3.183065198665709249e+04 9.788744042057274960e-06 9.788745985257275487e-06 9.788752187557276185e-06 9.788747404957275544e-06
3.183075198665709104e+04 9.828967028056101189e-06 9.828968926456102230e-06 9.828975264456100446e-06 9.828970406322768520e-06
3.183085198665708958e+04 9.870452951554722608e-06 9.870454856154721915e-06 9.870461203854722908e-06 9.870456337188055810e-06
3.183095198665708813e+04 9.912929430952097031e-06 9.912931334852096452e-06 9.912937787152094457e-06 9.912932850985428749e-06
3.183105198665708667e+04 9.956426361850944856e-06 9.956428326450944804e-06 9.956434887750945640e-06 9.956429858684277869e-06
3.183115198665708522e+04 1.000133345894772176e-05 1.000133544994772104e-05 1.000134200394772089e-05 1.000133697094772179e-05
3.183125198665708376e+04 1.004672033294716192e-05 1.004672235794716196e-05 1.004672892294716196e-05 1.004672387128049641e-05
3.183135198665708231e+04 1.009389060294508679e-05 1.009389264594508753e-05 1.009389932994508679e-05 1.009389419294508817e-05
3.183145198665708085e+04 1.014134185594303365e-05 1.014134393894303369e-05 1.014135066994303449e-05 1.014134548827636614e-05
3.183155198665707940e+04 1.019064902794080581e-05 1.019065108694080661e-05 1.019065784794080350e-05 1.019065265427413808e-05
3.183165198665707794e+04 1.024079163893797783e-05 1.024079373093797906e-05 1.024080062993797794e-05 1.024079533327131161e-05
3.183175198665707649e+04 1.029276469993571381e-05 1.029276683193571434e-05 1.029277380593571359e-05 1.029276844593571279e-05
3.183185198665707503e+04 1.034525429193507543e-05 1.034525645693507471e-05 1.034526350593507433e-05 1.034525808493507595e-05
3.183195198665707358e+04 1.039937087993109402e-05 1.039937306493109464e-05 1.039938020393109439e-05 1.039937471626442769e-05
3.183205198665707212e+04 1.045472522592951824e-05 1.045472742792951755e-05 1.045473465292951782e-05 1.045472910226284951e-05
3.183215198665707067e+04 1.051094334792637308e-05 1.051094553392637233e-05 1.051095282892637306e-05 1.051094723692637226e-05
3.183225198665706921e+04 1.056836443492479635e-05 1.056836661692479770e-05 1.056837397592479697e-05 1.056836834259146367e-05
3.183235198665706776e+04 1.062764147992236627e-05 1.062764369592236669e-05 1.062765118592236570e-05 1.062764545392236565e-05
3.183245198665706630e+04 1.068859345691795461e-05 1.068859574891795403e-05 1.068860331891795502e-05 1.068859750825128788e-05
3.183255198665706484e+04 1.074993825791742684e-05 1.074994064191742533e-05 1.074994817291742565e-05 1.074994235758409148e-05
3.183265198665706339e+04 1.081303292091277588e-05 1.081303534991277527e-05 1.081304293191277673e-05 1.081303706757944206e-05
3.183275198665706193e+04 1.087797133991022603e-05 1.087797372491022653e-05 1.087798152191022591e-05 1.087797552891022503e-05
3.183285198665706048e+04 1.094403765890866791e-05 1.094404010390866735e-05 1.094404783890866714e-05 1.094404186724200080e-05
3.183295198665705902e+04 1.101124379390464862e-05 1.101124631190464780e-05 1.101125413790464633e-05 1.101124808123798148e-05
3.183305198665705757e+04 1.108025494990208710e-05 1.108025752490208596e-05 1.108026539390208645e-05 1.108025928956875261e-05
3.183315198665705611e+04 1.115046612989783000e-05 1.115046862289782962e-05 1.115047675689782885e-05 1.115047050323116339e-05
3.183325198665705466e+04 1.122248934389519324e-05 1.122249191989519072e-05 1.122250013689519120e-05 1.122249380022852449e-05
3.183335198665705320e+04 1.129631255089257172e-05 1.129631518389257227e-05 1.129632341889257175e-05 1.129631705122590355e-05
3.183345198665705175e+04 1.137135714788806636e-05 1.137135973388806706e-05 1.137136806988806681e-05 1.137136165055473341e-05
3.183355198665705029e+04 1.144826989488527944e-05 1.144827258488527967e-05 1.144828100488527930e-05 1.144827449488528004e-05
3.183365198665704884e+04 1.152702092587967285e-05 1.152702361687967170e-05 1.152703214887967174e-05 1.152702556387967210e-05
3.183375198665704738e+04 1.160698587787781785e-05 1.160698866287781641e-05 1.160699729987781799e-05 1.160699061354448352e-05
3.183385198665704593e+04 1.168885406787491001e-05 1.168885690087491044e-05 1.168886566387490845e-05 1.168885887754157404e-05
3.183395198665704447e+04 1.177260911586897860e-05 1.177261199786897952e-05 1.177262085286897999e-05 1.177261398886897880e-05
3.183405198665704302e+04 1.185826241486600973e-05 1.185826521386600940e-05 1.185827418386600954e-05 1.185826727086601125e-05
3.183415198665704156e+04 1.194517343486088065e-05 1.194517623386088032e-05 1.194518537186088022e-05 1.194517834686087983e-05
3.183425198665704011e+04 1.203401570685778975e-05 1.203401856985778965e-05 1.203402771785778938e-05 1.203402066485779016e-05
3.183435198665703865e+04 1.212544158885365385e-05 1.212544449885365361e-05 1.212545376285365333e-05 1.212544661685365303e-05
3.183445198665703720e+04 1.221817203084819057e-05 1.221817510484819219e-05 1.221818433784819212e-05 1.221817715784819106e-05
3.183455198665703574e+04 1.231287583484496163e-05 1.231287894884496085e-05 1.231288833384496049e-05 1.231288103917829432e-05
3.183465198665703429e+04 1.241017302283717684e-05 1.241017619183717679e-05 1.241018564983717616e-05 1.241017828817050880e-05
3.183475198665703283e+04 1.250882741883490399e-05 1.250883053683490450e-05 1.250884026683490486e-05 1.250883274083490445e-05
3.183485198665703138e+04 1.261012445883048211e-05 1.261012758383048148e-05 1.261013738283048198e-05 1.261012980849714852e-05
3.183495198665702992e+04 1.271279828382444457e-05 1.271280155682444236e-05 1.271281143582444146e-05 1.271280375882444167e-05
3.183505198665702846e+04 1.281812722981990389e-05 1.281813044381990305e-05 1.281814045281990325e-05 1.281813270881990227e-05
3.183515198665702701e+04 1.292552042581246642e-05 1.292552371881246725e-05 1.292553389781246616e-05 1.292552601414579881e-05
3.183525198665702555e+04 1.303558225080780596e-05 1.303558553080780600e-05 1.303559586280780663e-05 1.303558788147447286e-05
3.183535198665702410e+04 1.314710004480526452e-05 1.314710345480526397e-05 1.314711380480526361e-05 1.314710576813859793e-05
3.183545198665702264e+04 1.326197511679522267e-05 1.326197857679522294e-05 1.326198911379522337e-05 1.326198093579522187e-05
3.183555198665702119e+04 1.337833974679256646e-05 1.337834318879256603e-05 1.337835389679256718e-05 1.337834561079256825e-05
3.183565198665701973e+04 1.349743700578336320e-05 1.349744053478336361e-05 1.349745136678336225e-05 1.349744296911669748e-05
3.183575198665701828e+04 1.361931790977829860e-05 1.361932152377829922e-05 1.361933244677829998e-05 1.361932396011163204e-05
3.183585198665701682e+04 1.374336686977435539e-05 1.374337042977435560e-05 1.374338155377435487e-05 1.374337295110768692e-05
3.183595198665701537e+04 1.387020091676467522e-05 1.387020451476467578e-05 1.387021571576467607e-05 1.387020704909800959e-05
3.183605198665701391e+04 1.399924071776058216e-05 1.399924441176058307e-05 1.399925579676058318e-05 1.399924697542725060e-05
3.183615198665701246e+04 1.413111983175051751e-05 1.413112357475051891e-05 1.413113507275051806e-05 1.413112615975051759e-05
3.183625198665701100e+04 1.426586493074509477e-05 1.426586873474509544e-05 1.426588052574509555e-05 1.426587139707842802e-05
3.183635198665700955e+04 1.440347743173967174e-05 1.440348139373967066e-05 1.440349314673967041e-05 1.440348399073967150e-05
3.183645198665700809e+04 1.454399511672906293e-05 1.454399909272906295e-05 1.454401104472906226e-05 1.454400175139572882e-05
3.183655198665700664e+04 1.468681627872462282e-05 1.468682031072462220e-05 1.468683244772462165e-05 1.468682301239128833e-05
3.183665198665700518e+04 1.483318901271244881e-05 1.483319313471245000e-05 1.483320541271244901e-05 1.483319585337911481e-05
3.183675198665700373e+04 1.498254659370658562e-05 1.498255075270658683e-05 1.498256317870658596e-05 1.498255350837325337e-05
3.183685198665700227e+04 1.513489998170070162e-05 1.513490406470070044e-05 1.513491680170069953e-05 1.513490694936736776e-05
3.183695198665700082e+04 1.529023388568919147e-05 1.529023810468919164e-05 1.529025094368919300e-05 1.529024097802252424e-05
3.183705198665699936e+04 1.544861824968309249e-05 1.544862260368309198e-05 1.544863541268309048e-05 1.544862542201642724e-05
3.183715198665699791e+04 1.561067993766983520e-05 1.561068423366983638e-05 1.561069728266983745e-05 1.561068715133650414e-05
3.183725198665699645e+04 1.577580576066359562e-05 1.577581040466359341e-05 1.577582351666359100e-05 1.577581322733025775e-05
3.183735198665699500e+04 1.594463123765605699e-05 1.594463576165605688e-05 1.594464924865605636e-05 1.594463874932272341e-05
3.183745198665699354e+04 1.611657984164343929e-05 1.611658442564343813e-05 1.611659819964343833e-05 1.611658748897677417e-05
3.183755198665699209e+04 1.629230480763560932e-05 1.629230966363560745e-05 1.629232331963560701e-05 1.629231259696894239e-05
3.183765198665699063e+04 1.647184068462117265e-05 1.647184540962117274e-05 1.647185961762117346e-05 1.647184857062117521e-05
3.183775198665698917e+04 1.665457032661443336e-05 1.665457512761443415e-05 1.665458956161443294e-05 1.665457833861443574e-05
3.183785198665698772e+04 1.684113233460635042e-05 1.684113717860635147e-05 1.684115146860635143e-05 1.684114032727301890e-05
3.183795198665698626e+04 1.703156353859125631e-05 1.703156850159125494e-05 1.703158305359125436e-05 1.703157169792458966e-05
3.183805198665698481e+04 1.722588356558291039e-05 1.722588871758291214e-05 1.722590352758290635e-05 1.722589193691624409e-05
3.183815198665698335e+04 1.742412161056728677e-05 1.742412675656728659e-05 1.742414176256728957e-05 1.742413004323395431e-05
3.183825198665698190e+04 1.762631115255866134e-05 1.762631628855866134e-05 1.762633157855866069e-05 1.762631967322533005e-05
3.183835198665698044e+04 1.783305616254872276e-05 1.783306141754871694e-05 1.783307686654871655e-05 1.783306481554871762e-05
3.183845198665697899e+04 1.804382117553227994e-05 1.804382650453227756e-05 1.804384206653227620e-05 1.804382991553227903e-05
3.183855198665697753e+04 1.825859265552338517e-05 1.825859820952338393e-05 1.825861401752338367e-05 1.825860162752338426e-05
3.183865198665697608e+04 1.847799504150512731e-05 1.847800077450512598e-05 1.847801672050512601e-05 1.847800417883845977e-05
3.183875198665697462e+04 1.870149336249588937e-05 1.870149915449589005e-05 1.870151537449589002e-05 1.870150263049588868e-05
3.183885198665697317e+04 1.892969947248527109e-05 1.892970528648527207e-05 1.892972177548526698e-05 1.892970884481860451e-05
3.183895198665697171e+04 1.916264618446610101e-05 1.916265218446610075e-05 1.916266887846610053e-05 1.916265574913276630e-05
3.183905198665697026e+04 1.939974620945658312e-05 1.939975232945658414e-05 1.939976932545658269e-05 1.939975595478991778e-05
3.183915198665696880e+04 1.964219990043549163e-05 1.964220597643549207e-05 1.964222293143549439e-05 1.964220960276882603e-05
3.183925198665696735e+04 1.988883401742575952e-05 1.988884015042575795e-05 1.988885768042575864e-05 1.988884394942575870e-05
3.183935198665696589e+04 2.014092750841305052e-05 2.014093360341305029e-05 2.014095158341304648e-05 2.014093756507971802e-05
3.183945198665696444e+04 2.039782690039251373e-05 2.039783329439251130e-05 2.039785136139251172e-05 2.039783718539251112e-05
3.183955198665696298e+04 2.065971731938070954e-05 2.065972387638071204e-05 2.065974226938071216e-05 2.065972782171404345e-05
3.183965198665696153e+04 2.092718923635778297e-05 2.092719585135778378e-05 2.092721438235778419e-05 2.092719982335778251e-05
3.183975198665696007e+04 2.119931878734659922e-05 2.119932537534659813e-05 2.119934415334659997e-05 2.119932943867993018e-05
3.183985198665695862e+04 2.147694825833339267e-05 2.147695503033339310e-05 2.147697390933339350e-05 2.147695906600006089e-05
3.183995198665695716e+04 2.175963744331095806e-05 2.175964462231096049e-05 2.175966390731095919e-05 2.175964865764429371e-05
3.184005198665695571e+04 2.204791867529732756e-05 2.204792557529733184e-05 2.204794525329732804e-05 2.204792983463066587e-05
3.184015198665695425e+04 2.234189042427276527e-05 2.234189758727276595e-05 2.234191755727276448e-05 2.234190185627276523e-05
3.184025198665695279e+04 2.264134791525919613e-05 2.264135533625919499e-05 2.264137547625919055e-05 2.264135957592586056e-05
3.184035198665695134e+04 2.294616520724593464e-05 2.294617259524593306e-05 2.294619304824593430e-05 2.294617695024593287e-05
3.184045198665694988e+04 2.325668094722054203e-05 2.325668828522054472e-05 2.325670946022054074e-05 2.325669289755387696e-05
3.184055198665694843e+04 2.357291221120619366e-05 2.357292000520619377e-05 2.357294095420619511e-05 2.357292439020619305e-05
3.184065198665694697e+04 2.389511014517949728e-05 2.389511816817949642e-05 2.389513928217949657e-05 2.389512253184616455e-05
3.184075198665694552e+04 2.422306956516482142e-05 2.422307758216482202e-05 2.422309926916482329e-05 2.422308213883148778e-05
3.184085198665694406e+04 2.455732483014879064e-05 2.455733292914879048e-05 2.455735474114878786e-05 2.455733750014878853e-05
3.184095198665694261e+04 2.489708128212241966e-05 2.489708948312241839e-05 2.489711175012241965e-05 2.489709417178908590e-05
3.184105198665694115e+04 2.524287530110682636e-05 2.524288374010682362e-05 2.524290619810682526e-05 2.524288841310682395e-05
3.184115198665693970e+04 2.559412527607995492e-05 2.559413390307995498e-05 2.559415667407995213e-05 2.559413861774662068e-05
3.184125198665693824e+04 2.595156329806374803e-05 2.595157198906374832e-05 2.595159508806374243e-05 2.595157679173041519e-05
3.184135198665693679e+04 2.631561013804643796e-05 2.631561898904643545e-05 2.631564236704643449e-05 2.631562383137976704e-05
3.184145198665693533e+04 2.668519692401847990e-05 2.668520567001847753e-05 2.668522913001847920e-05 2.668521057468514328e-05
3.184155198665693388e+04 2.706066702600285745e-05 2.706067590900285505e-05 2.706069993100285092e-05 2.706068095533618442e-05
3.184165198665693242e+04 2.744204953497327677e-05 2.744205844697327691e-05 2.744208285297327756e-05 2.744206361163994149e-05
3.184175198665693097e+04 2.782951680695690020e-05 2.782952586495689642e-05 2.782954973195690009e-05 2.782953080129023111e-05
3.184185198665692951e+04 2.822252302394198510e-05 2.822253231894198631e-05 2.822255655694198381e-05 2.822253729994198394e-05
3.184195198665692806e+04 2.862184111391046775e-05 2.862185025191046935e-05 2.862187490791046562e-05 2.862185542457713650e-05
3.184205198665692660e+04 2.902660463489560745e-05 2.902661315589561073e-05 2.902663762389561097e-05 2.902661847156227639e-05
3.184215198665692515e+04 2.943723020886467609e-05 2.943724050986467185e-05 2.943726445586467380e-05 2.943724505819800724e-05
3.184225198665692369e+04 2.985309218485019759e-05 2.985309841785021120e-05 2.985312921985018973e-05 2.985310660751686843e-05
3.184235198665692224e+04 3.027468274983436219e-05 3.027470222883432496e-05 3.027472042983435826e-05 3.027470180283435073e-05
3.184245198665692078e+04 3.070139065480468455e-05 3.070141165180468099e-05 3.070139545180478231e-05 3.070139925280471595e-05
3.184255198665691933e+04 3.113351849978949869e-05 3.113353291378952154e-05 3.113360687278927366e-05 3.113355276212277141e-05
3.184265198665691787e+04 3.157090124375887285e-05 3.157091057875888353e-05 3.157096238675894610e-05 3.157092473642556749e-05
3.184275198665691642e+04 3.201258554074667181e-05 3.201260205174665007e-05 3.201263596974669793e-05 3.201260785408000209e-05
3.184285198665691496e+04 3.245935904873222200e-05 3.245937671873222024e-05 3.245941585173220878e-05 3.245938387306555260e-05
3.184295198665691350e+04 3.291047085170350117e-05 3.291047468570354706e-05 3.291051133970355233e-05 3.291048562570353126e-05
3.184305198665691205e+04 3.336593804169099125e-05 3.336595524969094949e-05 3.336598252469097738e-05 3.336595860535763937e-05
3.184315198665691059e+04 3.382505138666379980e-05 3.382506457766381599e-05 3.382508364566384323e-05 3.382506653666381515e-05
3.184325198665690914e+04 3.428774252565339566e-05 3.428776486965336406e-05 3.428774054165349011e-05 3.428774931232008328e-05
3.184335198665690768e+04 3.475392371464323818e-05 3.475394380964324300e-05 3.475395332964314370e-05 3.475394028464320829e-05
3.184345198665690623e+04 3.522313666261734402e-05 3.522315326061735023e-05 3.522320557561722332e-05 3.522316516628397478e-05
3.184355198665690477e+04 3.569492464560975419e-05 3.569494743560973712e-05 3.569500425460972226e-05 3.569495877860973560e-05
3.184365198665690332e+04 3.616943879958445560e-05 3.616945081558448733e-05 3.616947515958459004e-05 3.616945492491784432e-05
3.184375198665690186e+04 3.664515382258087215e-05 3.664517257958085369e-05 3.664523508458074108e-05 3.664518716224749123e-05
3.184385198665690041e+04 3.712263274757560930e-05 3.712264308957563856e-05 3.712271292557561787e-05 3.712266292090895750e-05
3.184395198665689895e+04 3.760153864955393055e-05 3.760156115155389550e-05 3.760160702455396905e-05 3.760156894188726955e-05
3.184405198665689750e+04 3.808034309655423391e-05 3.808033743355432549e-05 3.808040181855426798e-05 3.808036078288760913e-05
3.184415198665689604e+04 3.855955642853556623e-05 3.855959334853544012e-05 3.855960853453558901e-05 3.855958610386886964e-05
3.184425198665689459e+04 3.903816236053742365e-05 3.903821982653736593e-05 3.903824103553734238e-05 3.903820774087071065e-05
3.184435198665689313e+04 3.951619864653916519e-05 3.951621096453930749e-05 3.951625720453922789e-05 3.951622227187256460e-05
3.184445198665689168e+04 3.999240094652744995e-05 3.999241594652743745e-05 3.999244529552748790e-05 3.999242072952744940e-05
3.184455198665689022e+04 4.046658826353367828e-05 4.046660239753368572e-05 4.046665050253362252e-05 4.046661372120033336e-05
3.184465198665688877e+04 4.093786291352553765e-05 4.093787024252556117e-05 4.093791657552556566e-05 4.093788324385890171e-05
3.184475198665688731e+04 4.140604575653521473e-05 4.140607503653514815e-05 4.140609761653521947e-05 4.140607280320185852e-05
3.184485198665688586e+04 4.186979582354907720e-05 4.186979786754917144e-05 4.186984290454909838e-05 4.186981219854911342e-05
3.184495198665688440e+04 4.232920456754594800e-05 4.232928458054570705e-05 4.232931349454576006e-05 4.232926754754579826e-05
3.184505198665688295e+04 4.278339566956246255e-05 4.278343094756260852e-05 4.278348049056254651e-05 4.278343570256253693e-05
3.184515198665688149e+04 4.323138121256581379e-05 4.323140456156584756e-05 4.323144985756585771e-05 4.323141187723250861e-05
3.184525198665688004e+04 4.367304687658604126e-05 4.367303342958615966e-05 4.367309442858611211e-05 4.367305824491943993e-05
3.184535198665687858e+04 4.410760264960880825e-05 4.410757747460883837e-05 4.410765890160878064e-05 4.410761300860880908e-05
3.184545198665687712e+04 4.453331977462161303e-05 4.453324337362177433e-05 4.453332495162177866e-05 4.453329603328838642e-05
3.184555198665687567e+04 4.495101550264758391e-05 4.495102870564729225e-05 4.495108972064736503e-05 4.495104464298074255e-05
3.184565198665687421e+04 4.535901448766413088e-05 4.535904621966407955e-05 4.535909268866412773e-05 4.535905113199744379e-05
3.184575198665687276e+04 4.575693482069713636e-05 4.575693457069724578e-05 4.575698349969723724e-05 4.575695096369720646e-05
3.184585198665687130e+04 4.614380827873330691e-05 4.614384615273318236e-05 4.614383902673336636e-05 4.614383115273328295e-05
3.184595198665686985e+04 4.651973290775548092e-05 4.651973756075558663e-05 4.651979913175536370e-05 4.651975653342214375e-05
3.184605198665686839e+04 4.688270955979834435e-05 4.688274300579824735e-05 4.688279119579829277e-05 4.688274792046496375e-05
3.184615198665686694e+04 4.723301456882754890e-05 4.723303260382760341e-05 4.723305616282768432e-05 4.723303444516094329e-05
3.184625198665686548e+04 4.757052730287036088e-05 4.757054734387035512e-05 4.757061707987020067e-05 4.757056390887031008e-05
3.184635198665686403e+04 4.789360213891868592e-05 4.789361673091870498e-05 4.789366771091876581e-05 4.789362886025204998e-05
3.184645198665686257e+04 4.820165913495774338e-05 4.820163627895787477e-05 4.820170588095781279e-05 4.820166709829114591e-05
3.184655198665686112e+04 4.849514496900704313e-05 4.849513322200700295e-05 4.849519537300703412e-05 4.849515785467369792e-05
3.184665198665685966e+04 4.877219469905256843e-05 4.877222197805244176e-05 4.877222856305263283e-05 4.877221508005254993e-05
3.184675198665685821e+04 4.903324340810729195e-05 4.903326401810731314e-05 4.903335948310700838e-05 4.903328896977386664e-05
3.184685198665685675e+04 4.927764345016421985e-05 4.927765519416425907e-05 4.927767532316451197e-05 4.927765798916433030e-05
3.184695198665685530e+04 4.950496236021436475e-05 4.950499408521429761e-05 4.950505331821416382e-05 4.950500325454760647e-05
3.184705198665685384e+04 4.971461051927543960e-05 4.971462841227548916e-05 4.971468156927551078e-05 4.971464016694214651e-05
3.184715198665685239e+04 4.990613536233110513e-05 4.990615398833109879e-05 4.990620919933109589e-05 4.990616618333109994e-05
3.184725198665685093e+04 5.007960067839418376e-05 5.007961859939418132e-05 5.007967952739415839e-05 5.007963293506083438e-05
3.184735198665684948e+04 5.023466697045843684e-05 5.023468339845844265e-05 5.023474113445845134e-05 5.023469716779177920e-05
3.184745198665684802e+04 5.037056708452042868e-05 5.037058315152042693e-05 5.037064145152042707e-05 5.037059722918709874e-05
3.184755198665684657e+04 5.048738470358776520e-05 5.048740056758777277e-05 5.048745842258777226e-05 5.048741456458777008e-05
3.184765198665684511e+04 5.058513432965150544e-05 5.058515004065150452e-05 5.058520740765150308e-05 5.058516392598483768e-05
3.184775198665684366e+04 5.066342239272088354e-05 5.066343859972088611e-05 5.066349552872088626e-05 5.066345217372088982e-05
3.184785198665684220e+04 5.072323798678674657e-05 5.072325314778675190e-05 5.072331176978674708e-05 5.072326763478675078e-05
3.184795198665684075e+04 5.076307191585653167e-05 5.076308692085653432e-05 5.076314531385653047e-05 5.076310138352320786e-05
3.184805198665683929e+04 5.078363548092593600e-05 5.078365079992593788e-05 5.078370960492593764e-05 5.078366529525927051e-05
3.184815198665683783e+04 5.078500780099500737e-05 5.078502322699500297e-05 5.078508156199500759e-05 5.078503752999500372e-05
3.184825198665683638e+04 5.076736814506417405e-05 5.076738255606417561e-05 5.076744273006416795e-05 5.076739781039750135e-05
3.184835198665683492e+04 5.073064995913358278e-05 5.073066483913357916e-05 5.073072366013357728e-05 5.073067948613357522e-05
3.184845198665683347e+04 5.067471188620553896e-05 5.067472617420553489e-05 5.067478635920553076e-05 5.067474147320553713e-05
3.184855198665683201e+04 5.060049617227269840e-05 5.060050904727269439e-05 5.060057003027269591e-05 5.060052508327268946e-05
3.184865198665683056e+04 5.050852957534126658e-05 5.050854286834126133e-05 5.050860373534126624e-05 5.050855872634126697e-05
3.184875198665682910e+04 5.039833108340891968e-05 5.039834506740891281e-05 5.039840419140892018e-05 5.039836011407559100e-05
3.184885198665682765e+04 5.027007581247592405e-05 5.027008858047592632e-05 5.027014782047592353e-05 5.027010407114258452e-05
3.184895198665682619e+04 5.012462151454503289e-05 5.012463381154503292e-05 5.012469396854503335e-05 5.012464976487837317e-05
3.184905198665682474e+04 4.996225940860839107e-05 4.996227121260839535e-05 4.996233130660839586e-05 4.996228730927505172e-05
3.184915198665682328e+04 4.978384206267504167e-05 4.978385400667503671e-05 4.978391311567504604e-05 4.978386972834170814e-05
3.184925198665682183e+04 4.958873989873816441e-05 4.958875059173817090e-05 4.958881103073816706e-05 4.958876717373817197e-05
3.184935198665682037e+04 4.937854122679528792e-05 4.937855191479528604e-05 4.937861266879528175e-05 4.937856860346194964e-05
3.184945198665681892e+04 4.915310427286114008e-05 4.915311377086114891e-05 4.915317325286114932e-05 4.915313043219448621e-05
3.184955198665681746e+04 4.891290129291754564e-05 4.891291002991754715e-05 4.891296956091754976e-05 4.891292696125087633e-05
3.184965198665681601e+04 4.865897095097921856e-05 4.865897956497922122e-05 4.865903846297922375e-05 4.865899632631255677e-05
3.184975198665681455e+04 4.839060100703490667e-05 4.839061170303490057e-05 4.839066860203490464e-05 4.839062710403489492e-05
3.184985198665681310e+04 4.811000005508206991e-05 4.811000968608207404e-05 4.811006750808206970e-05 4.811002574974873337e-05
3.184995198665681164e+04 4.781654864914230334e-05 4.781655684514230723e-05 4.781661568214230372e-05 4.781657372547564036e-05
3.185005198665681019e+04 4.751119638018862668e-05 4.751120493218862297e-05 4.751126328318862595e-05 4.751122153185529187e-05
3.185015198665680873e+04 4.719445248924449449e-05 4.719446000724449741e-05 4.719451808024449239e-05 4.719447685891115917e-05
3.185025198665680728e+04 4.686727786328547809e-05 4.686728548928547505e-05 4.686734283028547881e-05 4.686730206095214172e-05
3.185035198665680582e+04 4.652906669832884094e-05 4.652907412132884044e-05 4.652913027332884847e-05 4.652909036432884102e-05
3.185045198665680437e+04 4.618128887437907899e-05 4.618129622037908086e-05 4.618135254437907638e-05 4.618131254637908100e-05
3.185055198665680291e+04 4.582448701041486560e-05 4.582449260441486704e-05 4.582454938241486611e-05 4.582450966574819732e-05
3.185065198665680145e+04 4.545905455046237955e-05 4.545906054846238204e-05 4.545911672746237841e-05 4.545907727546237548e-05
3.185075198665680000e+04 4.508541995349520277e-05 4.508542683049519627e-05 4.508548068549521174e-05 4.508544248982853016e-05
3.185085198665679854e+04 4.470454272352418674e-05 4.470454831252419336e-05 4.470460131752419325e-05 4.470456411785752671e-05
3.185095198665679709e+04 4.431625862756795033e-05 4.431626333656795206e-05 4.431631843956794834e-05 4.431628013456795476e-05
3.185105198665679563e+04 4.392147223759421175e-05 4.392147680359420820e-05 4.392153085359421177e-05 4.392149329826087724e-05
3.185115198665679418e+04 4.352056418063351604e-05 4.352056888063351488e-05 4.352062077263352312e-05 4.352058461130018242e-05
3.185125198665679272e+04 4.311450483165450801e-05 4.311450890465450870e-05 4.311456002365450578e-05 4.311452458665451201e-05
3.185135198665679127e+04 4.270305558567647061e-05 4.270305951667646634e-05 4.270311013367646477e-05 4.270307507867645820e-05
3.185145198665678981e+04 4.228707829271005332e-05 4.228708167171004790e-05 4.228713202671005025e-05 4.228709733037671942e-05
3.185155198665678836e+04 4.186745344472504358e-05 4.186745663672503906e-05 4.186750675872504787e-05 4.186747228005837458e-05
3.185165198665678690e+04 4.144341883175859818e-05 4.144342139775859584e-05 4.144347039075860109e-05 4.144343687342526956e-05
3.185175198665678545e+04 4.101695563476866657e-05 4.101696013076866086e-05 4.101700862376866810e-05 4.101697479643533185e-05
3.185185198665678399e+04 4.058719876878232697e-05 4.058720032378233865e-05 4.058724936478233899e-05 4.058721615244899702e-05
3.185195198665678254e+04 4.015496098680834030e-05 4.015496207580834456e-05 4.015501145580833861e-05 4.015497817280833890e-05
3.185205198665678108e+04 3.972107620381523202e-05 3.972107778481523172e-05 3.972112516581524085e-05 3.972109305148190605e-05
3.185215198665677963e+04 3.928578424383695890e-05 3.928578680983694978e-05 3.928583146983696567e-05 3.928580084117028919e-05
3.185225198665677817e+04 3.884878901984414868e-05 3.884878988284415488e-05 3.884883678184413791e-05 3.884880522817747597e-05
3.185235198665677672e+04 3.841135230284601010e-05 3.841135529884599683e-05 3.841140063384600596e-05 3.841136941184600430e-05
3.185245198665677526e+04 3.797318190286504158e-05 3.797318455786504750e-05 3.797322676786505556e-05 3.797319774286504821e-05
3.185255198665677381e+04 3.753505886486483827e-05 3.753506070186484568e-05 3.753510343786483976e-05 3.753507433486483446e-05
3.185265198665677235e+04 3.709716305587980025e-05 3.709716429087981076e-05 3.709720793287980454e-05 3.709717842654646733e-05
3.185275198665677090e+04 3.665902200988085892e-05 3.665902178588086827e-05 3.665906538988087017e-05 3.665903639521419686e-05
3.185285198665676944e+04 3.622249244287394017e-05 3.622249336687393209e-05 3.622253525287394448e-05 3.622250702087394117e-05
3.185295198665676799e+04 3.578592437788998481e-05 3.578592621488997866e-05 3.578596692488998594e-05 3.578593917255664980e-05
3.185305198665676653e+04 3.535100515288285488e-05 3.535100579488285107e-05 3.535104862088284697e-05 3.535101985621618657e-05
3.185315198665676508e+04 3.491615334589838010e-05 3.491615430689837713e-05 3.491619463089838915e-05 3.491616742789838438e-05
3.185325198665676362e+04 3.447993138490436133e-05 3.447993193990436345e-05 3.447997212290435727e-05 3.447994514923769627e-05
3.185335198665676216e+04 3.404314554690682167e-05 3.404314573290682044e-05 3.404318471790682919e-05 3.404315866590682828e-05
3.185345198665676071e+04 3.361294207589373827e-05 3.361294207789373214e-05 3.361298021289373886e-05 3.361295478889373642e-05
3.185355198665675925e+04 3.318659237687677599e-05 3.318659222587677491e-05 3.318662959687677336e-05 3.318660473321011261e-05
3.185365198665675780e+04 3.276370051387693817e-05 3.276370022287693955e-05 3.276373687587693772e-05 3.276371253754360740e-05
3.185375198665675634e+04 3.234420061386188128e-05 3.234420019586188252e-05 3.234423615886188941e-05 3.234421232286188215e-05
3.185385198665675489e+04 3.192814124184661126e-05 3.192814070584661524e-05 3.192817599884661018e-05 3.192815264884660997e-05
3.185395198665675343e+04 3.151561792984592205e-05 3.151561728284592426e-05 3.151565192284592624e-05 3.151562904517925300e-05
3.185405198665675198e+04 3.110674513782958872e-05 3.110674438882959203e-05 3.110677838982959202e-05 3.110675597216292426e-05
3.185415198665675052e+04 3.070164295482745703e-05 3.070164211082745693e-05 3.070167548382745845e-05 3.070165351649412414e-05
3.185425198665674907e+04 3.030043037780990581e-05 3.030042944680990825e-05 3.030046220380990839e-05 3.030044067614324195e-05
3.185435198665674761e+04 2.990322186479184278e-05 2.990322085179184260e-05 2.990325300279184794e-05 2.990323190645851223e-05
3.185445198665674616e+04 2.951012557078759406e-05 2.951012448378759383e-05 2.951015603978759776e-05 2.951013536478758957e-05
3.185455198665674470e+04 2.912124249576843470e-05 2.912124134076843633e-05 2.912127231176843867e-05 2.912125204943510323e-05
3.185465198665674325e+04 2.873666610476283993e-05 2.873666488776284198e-05 2.873669528376284594e-05 2.873667542542950815e-05
3.185475198665674179e+04 2.835648220174270519e-05 2.835648092874270618e-05 2.835651075974270820e-05 2.835649129674270652e-05
3.185485198665674034e+04 2.798076893572221365e-05 2.798076761272221552e-05 2.798079688872221881e-05 2.798077781238888153e-05
3.185495198665673888e+04 2.760959688171490419e-05 2.760959551271490145e-05 2.760962424471490276e-05 2.760960554638156833e-05
3.185505198665673743e+04 2.724302915035334822e-05 2.724302774035335263e-05 2.724305593735340907e-05 2.724303760935337224e-05
3.185515198665673597e+04 2.688112152686576885e-05 2.688112007986577154e-05 2.688114775286582904e-05 2.688112978653245196e-05
3.185525198665673452e+04 2.652392262438610067e-05 2.652392114538610325e-05 2.652394830438615486e-05 2.652393069138612411e-05
3.185535198665673306e+04 2.617147405088890660e-05 2.617147254488890728e-05 2.617149919888896268e-05 2.617148193155559332e-05
3.185545198665673161e+04 2.582381059140072363e-05 2.582380906140072677e-05 2.582383521940077528e-05 2.582381829073407861e-05
3.185555198665673015e+04 2.548096039189676697e-05 2.548095884089677013e-05 2.548098451389682208e-05 2.548096791556345419e-05
3.185565198665672870e+04 2.514294517139053971e-05 2.514294360339054419e-05 2.514296880039059229e-05 2.514295252505721975e-05
3.185575198665672724e+04 2.480978043489481238e-05 2.480977885289481236e-05 2.480980358289485951e-05 2.480978762356149362e-05
3.185585198665672578e+04 2.448147569638578716e-05 2.448147410238579006e-05 2.448149837538583947e-05 2.448148272471914003e-05
3.185595198665672433e+04 2.415803471688813853e-05 2.415803311488813886e-05 2.415805693888818632e-05 2.415804159022148564e-05
3.185605198665672287e+04 2.383945574837872640e-05 2.383945413937872448e-05 2.383947752437877321e-05 2.383946247071207922e-05
3.185615198665672142e+04 2.352573178087004726e-05 2.352573016787004744e-05 2.352575312187009661e-05 2.352573835687006603e-05
3.185625198665671996e+04 2.321685080037386747e-05 2.321684918637386734e-05 2.321687171837390968e-05 2.321685723504055042e-05
3.185635198665671851e+04 2.291279604686802802e-05 2.291279443286802788e-05 2.291281655186807307e-05 2.291280234386804525e-05
3.185645198665671705e+04 2.261354627537530572e-05 2.261354466237530591e-05 2.261356637637534635e-05 2.261355243804198599e-05
3.185655198665671560e+04 2.231907601387419181e-05 2.231907440387419296e-05 2.231909572187423154e-05 2.231908204654087097e-05
3.185665198665671414e+04 2.202935583037615930e-05 2.202935422437615835e-05 2.202937515437620102e-05 2.202936173637617628e-05
3.185675198665671269e+04 2.174435258589197480e-05 2.174435098689197609e-05 2.174437153589201156e-05 2.174435836955865528e-05
3.185685198665671123e+04 2.146402969540108584e-05 2.146402810240108567e-05 2.146404827940112361e-05 2.146403535906776504e-05
3.185695198665670978e+04 2.118834737192439846e-05 2.118834578692439747e-05 2.118836559792443641e-05 2.118835291892441191e-05
3.185705198665670832e+04 2.091726287844199603e-05 2.091726130244199794e-05 2.091728075644203399e-05 2.091726831244201045e-05
3.185715198665670687e+04 2.065073076496436619e-05 2.065072919996436147e-05 2.065074830296439995e-05 2.065073608929771033e-05
3.185725198665670541e+04 2.038870310450129227e-05 2.038870154950129414e-05 2.038872031050132779e-05 2.038870832150130473e-05
3.185735198665670396e+04 2.013112971503379297e-05 2.013112817103379160e-05 2.013114659603382572e-05 2.013113482736713676e-05
3.185745198665670250e+04 1.987795837858098296e-05 1.987795684658098206e-05 1.987797494258101551e-05 1.987796338924765905e-05
3.185755198665670105e+04 1.962913505312447384e-05 1.962913353312447341e-05 1.962915130712450845e-05 1.962913996445781744e-05
3.185765198665669959e+04 1.938460406867381113e-05 1.938460256167381148e-05 1.938462001967384665e-05 1.938460888334048862e-05
3.185775198665669814e+04 1.914430832623788809e-05 1.914430683223788924e-05 1.914432398023791968e-05 1.914431304623789675e-05
3.185785198665669668e+04 1.890818947179919772e-05 1.890818799179919658e-05 1.890820483679922794e-05 1.890819410013254187e-05
3.185795198665669523e+04 1.867618808037518644e-05 1.867618661237518577e-05 1.867620316237521722e-05 1.867619261837519761e-05
3.185805198665669377e+04 1.844824380994892490e-05 1.844824235694892566e-05 1.844825861594895510e-05 1.844824826094893522e-05
3.185815198665669232e+04 1.822429556852908406e-05 1.822429412952908254e-05 1.822431010352911190e-05 1.822429993386242504e-05
3.185825198665669086e+04 1.800428165112372798e-05 1.800428022612372757e-05 1.800429592112375539e-05 1.800428593279040703e-05
