31823.2519866572    8.7971075656e-06    8.7971085176e-06    8.7971118647e-06    8.797109315966668e-06
31823.3519866572    8.7937386537e-06    8.7937396202e-06    8.793742949e-06    8.793740407633333e-06
31823.451986657197    8.78933650200016e-06    8.789337423900161e-06    8.78934084130016e-06    8.789338255733494e-06
31823.551986657196    8.785129159000152e-06    8.785130114800153e-06    8.785133525800153e-06    8.785130933200152e-06
31823.651986657194    8.78223432570021e-06    8.78223530660021e-06    8.78223873100021e-06    8.78223612110021e-06
31823.751986657193    8.780140955000153e-06    8.780141904000153e-06    8.780145391400153e-06    8.780142750133487e-06
31823.85198665719    8.777207325000213e-06    8.777208266500214e-06    8.777211787200213e-06    8.777209126233546e-06
31823.95198665719    8.774855146000257e-06    8.774856145800258e-06    8.774859646800258e-06    8.77485697953359e-06
31824.05198665719    8.772902582000213e-06    8.772903596000214e-06    8.772907113900213e-06    8.772904430633547e-06
31824.151986657187    8.77110801140026e-06    8.771108988000261e-06    8.771112583700261e-06    8.771109861033593e-06
31824.251986657186    8.769950607800167e-06    8.769951622100168e-06    8.769955234200167e-06    8.7699524880335e-06
31824.351986657184    8.76905474930013e-06    8.76905574680013e-06    8.76905939580013e-06    8.769056630633465e-06
31824.451986657183    8.76816663620016e-06    8.768167677500162e-06    8.76817134040016e-06    8.768168551366828e-06
31824.55198665718    8.768612662899918e-06    8.768613689699918e-06    8.76861736179992e-06    8.768614571466586e-06
31824.65198665718    8.768637406099995e-06    8.768638432599996e-06    8.768642142299994e-06    8.768639326999994e-06
31824.75198665718    8.768646913699999e-06    8.768647988099998e-06    8.768651725399999e-06    8.768648875733331e-06
31824.851986657177    8.769963242899713e-06    8.769964275499711e-06    8.769968091999713e-06    8.769965203466379e-06
31824.951986657175    8.770896529099762e-06    8.770897588799762e-06    8.770901405899763e-06    8.770898507933096e-06
31825.051986657174    8.772496049399594e-06    8.772497123799594e-06    8.772500967299594e-06    8.772498046832927e-06
31825.151986657173    8.77452607669941e-06    8.774527150399408e-06    8.774531010999409e-06    8.774528079366074e-06
31825.25198665717    8.777454869199148e-06    8.777455993799148e-06    8.777459885499148e-06    8.777456916165815e-06
31825.35198665717    8.780244182699189e-06    8.78024528759919e-06    8.780249215599189e-06    8.780246228632522e-06
31825.451986657168    8.784140378798725e-06    8.784141492298724e-06    8.784145450298725e-06    8.78414244046539e-06
31825.551986657167    8.787553467798882e-06    8.787554602998882e-06    8.787558574098881e-06    8.787555548298881e-06
31825.651986657165    8.792052971598363e-06    8.792054102398363e-06    8.792058128098363e-06    8.79205506736503e-06
31825.751986657164    8.796870058998249e-06    8.796871194498248e-06    8.796875242898248e-06    8.796872165464915e-06
31825.851986657162    8.802305280498022e-06    8.802306469498023e-06    8.802310521998022e-06    8.802307423998023e-06
31825.95198665716    8.808015692397715e-06    8.808016862097714e-06    8.808021007397715e-06    8.808017853964381e-06
31826.05198665716    8.814616440697359e-06    8.814617621197358e-06    8.814621797297359e-06    8.814618619730691e-06
31826.151986657158    8.821068756997182e-06    8.821069955797183e-06    8.821074117697183e-06    8.821070943497183e-06
31826.251986657157    8.827737715697089e-06    8.827738914797088e-06    8.827743107697088e-06    8.827739912730422e-06
31826.351986657155    8.835841428396462e-06    8.835842622896463e-06    8.835846895796463e-06    8.835843649029797e-06
31826.451986657154    8.844198922896047e-06    8.844200148396048e-06    8.844204409696047e-06    8.84420116032938e-06
31826.551986657152    8.852602711596026e-06    8.852603941296026e-06    8.852608287096026e-06    8.852604979996025e-06
31826.65198665715    8.86198881499522e-06    8.861990069395219e-06    8.86199440129522e-06    8.861991095228553e-06
31826.75198665715    8.871447790695181e-06    8.871449042295183e-06    8.871453435595182e-06    8.871450089528516e-06
31826.851986657148    8.881920350094665e-06    8.881921610194666e-06    8.881926035894666e-06    8.881922665394666e-06
31826.951986657146    8.893311174793785e-06    8.893312470993785e-06    8.893316932993785e-06    8.893313526260453e-06
31827.051986657145    8.904576219993852e-06    8.904577536493852e-06    8.904582032593852e-06    8.904578596360519e-06
31827.151986657143    8.916621926292987e-06    8.916623264692988e-06    8.916627772092989e-06    8.916624321026321e-06
31827.251986657142    8.929116534692727e-06    8.929117864992728e-06    8.929122440292728e-06    8.929118946659394e-06
31827.35198665714    8.942577235992165e-06    8.942578536792164e-06    8.942583139192165e-06    8.942579637325498e-06
31827.45198665714    8.956637216891305e-06    8.956638529591305e-06    8.956643172891304e-06    8.956639639791305e-06
31827.551986657138    8.970778344491253e-06    8.970779689091253e-06    8.970784383791254e-06    8.970780805791253e-06
31827.651986657136    8.986052076389999e-06    8.986053445789998e-06    8.986058186889999e-06    8.986054569689999e-06
31827.751986657135    9.00217793958944e-06    9.00217934898944e-06    9.002184106989441e-06    9.00218046518944e-06
31827.851986657133    9.01862681848923e-06    9.01862819808923e-06    9.018633011589229e-06    9.018629342722563e-06
31827.95198665713    9.036018968187978e-06    9.036020389087978e-06    9.036025201987979e-06    9.036021519754645e-06
31828.05198665713    9.05320573298812e-06    9.05320717008812e-06    9.05321210708812e-06    9.053208336721453e-06
31828.15198665713    9.071644199186584e-06    9.071645667186585e-06    9.071650587686585e-06    9.071646818019918e-06
31828.251986657127    9.090748215786101e-06    9.090749678686101e-06    9.0907546643861e-06    9.090750852952767e-06
31828.351986657126    9.110865059485362e-06    9.110866556485364e-06    9.110871603185364e-06    9.110867739718697e-06
31828.451986657125    9.131445915284277e-06    9.131447398084278e-06    9.131452532484277e-06    9.131448615284277e-06
31828.551986657123    9.152700368583763e-06    9.152701885083762e-06    9.152707005183762e-06    9.152703086283763e-06
31828.65198665712    9.174753036582349e-06    9.17475458028235e-06    9.17475975258235e-06    9.174755789815685e-06
31828.75198665712    9.197259475681987e-06    9.197261035781988e-06    9.197266209381987e-06    9.197262240281987e-06
31828.85198665712    9.221325678480739e-06    9.22132726148074e-06    9.221332518580738e-06    9.221328486180738e-06
31828.951986657117    9.24569463047961e-06    9.24569623197961e-06    9.24570154347961e-06    9.245697468646276e-06
31829.051986657116    9.270881995478925e-06    9.270883593078924e-06    9.270888965878924e-06    9.270884851478924e-06
31829.151986657114    9.296213528377882e-06    9.296215114377883e-06    9.296220484177882e-06    9.29621637564455e-06
31829.251986657113    9.323364776176293e-06    9.323366444576293e-06    9.323371889876294e-06    9.32336770354296e-06
31829.35198665711    9.350712555676122e-06    9.350714170376122e-06    9.350719684776123e-06    9.350715470276122e-06
31829.45198665711    9.378919733874344e-06    9.378921370474346e-06    9.378926939574345e-06    9.378922681307678e-06
31829.55198665711    9.408301537773279e-06    9.408303210873278e-06    9.408308815173278e-06    9.408304521273278e-06
31829.651986657107    9.438600960371339e-06    9.43860270717134e-06    9.43860833757134e-06    9.438604001704673e-06
31829.751986657106    9.469231052471029e-06    9.469232747771028e-06    9.469238427871027e-06    9.469234076037694e-06
31829.851986657104    9.501373039769598e-06    9.501374812769598e-06    9.501380589369598e-06    9.501376147302932e-06
31829.951986657103    9.533651249168293e-06    9.533652977068294e-06    9.533658830168294e-06    9.533654352134961e-06
31830.0519866571    9.566943666367299e-06    9.566945416867298e-06    9.566951318767298e-06    9.566946800667298e-06
31830.1519866571    9.601459754164842e-06    9.601461547864842e-06    9.601467453664842e-06    9.601462918564843e-06
31830.2519866571    9.637602968763182e-06    9.637604753763183e-06    9.637610786863182e-06    9.637606169796516e-06
31830.351986657097    9.674096354962828e-06    9.674098203562828e-06    9.674104224962827e-06    9.67409959449616e-06
31830.451986657095    9.711444562460597e-06    9.711446379360598e-06    9.711452513360598e-06    9.711447818393932e-06
31830.551986657094    9.749598038659748e-06    9.749599941659748e-06    9.749606084059747e-06    9.74960135479308e-06
31830.651986657092    9.788744042057275e-06    9.788745985257275e-06    9.788752187557276e-06    9.788747404957276e-06
31830.75198665709    9.828967028056101e-06    9.828968926456102e-06    9.8289752644561e-06    9.828970406322769e-06
31830.85198665709    9.870452951554723e-06    9.870454856154722e-06    9.870461203854723e-06    9.870456337188056e-06
31830.951986657088    9.912929430952097e-06    9.912931334852096e-06    9.912937787152094e-06    9.912932850985429e-06
31831.051986657087    9.956426361850945e-06    9.956428326450945e-06    9.956434887750946e-06    9.956429858684278e-06
31831.151986657085    1.0001333458947722e-05    1.0001335449947721e-05    1.0001342003947721e-05    1.0001336970947722e-05
31831.251986657084    1.0046720332947162e-05    1.0046722357947162e-05    1.0046728922947162e-05    1.0046723871280496e-05
31831.351986657082    1.0093890602945087e-05    1.0093892645945088e-05    1.0093899329945087e-05    1.0093894192945088e-05
31831.45198665708    1.0141341855943034e-05    1.0141343938943034e-05    1.0141350669943034e-05    1.0141345488276366e-05
31831.55198665708    1.0190649027940806e-05    1.0190651086940807e-05    1.0190657847940804e-05    1.0190652654274138e-05
31831.651986657078    1.0240791638937978e-05    1.0240793730937979e-05    1.0240800629937978e-05    1.0240795333271312e-05
31831.751986657076    1.0292764699935714e-05    1.0292766831935714e-05    1.0292773805935714e-05    1.0292768445935713e-05
31831.851986657075    1.0345254291935075e-05    1.0345256456935075e-05    1.0345263505935074e-05    1.0345258084935076e-05
31831.951986657074    1.0399370879931094e-05    1.0399373064931095e-05    1.0399380203931094e-05    1.0399374716264428e-05
31832.051986657072    1.0454725225929518e-05    1.0454727427929518e-05    1.0454734652929518e-05    1.045472910226285e-05
31832.15198665707    1.0510943347926373e-05    1.0510945533926372e-05    1.0510952828926373e-05    1.0510947236926372e-05
31832.25198665707    1.0568364434924796e-05    1.0568366616924798e-05    1.0568373975924797e-05    1.0568368342591464e-05
31832.351986657068    1.0627641479922366e-05    1.0627643695922367e-05    1.0627651185922366e-05    1.0627645453922366e-05
31832.451986657066    1.0688593456917955e-05    1.0688595748917954e-05    1.0688603318917955e-05    1.0688597508251288e-05
31832.551986657065    1.0749938257917427e-05    1.0749940641917425e-05    1.0749948172917426e-05    1.0749942357584091e-05
31832.651986657063    1.0813032920912776e-05    1.0813035349912775e-05    1.0813042931912777e-05    1.0813037067579442e-05
31832.751986657062    1.0877971339910226e-05    1.0877973724910227e-05    1.0877981521910226e-05    1.0877975528910225e-05
31832.85198665706    1.0944037658908668e-05    1.0944040103908667e-05    1.0944047838908667e-05    1.0944041867242e-05
31832.95198665706    1.1011243793904649e-05    1.1011246311904648e-05    1.1011254137904646e-05    1.1011248081237981e-05
31833.051986657058    1.1080254949902087e-05    1.1080257524902086e-05    1.1080265393902086e-05    1.1080259289568753e-05
31833.151986657056    1.115046612989783e-05    1.115046862289783e-05    1.1150476756897829e-05    1.1150470503231163e-05
31833.251986657055    1.1222489343895193e-05    1.122249191989519e-05    1.1222500136895191e-05    1.1222493800228524e-05
31833.351986657053    1.1296312550892572e-05    1.1296315183892572e-05    1.1296323418892572e-05    1.1296317051225904e-05
31833.45198665705    1.1371357147888066e-05    1.1371359733888067e-05    1.1371368069888067e-05    1.1371361650554733e-05
31833.55198665705    1.144826989488528e-05    1.144827258488528e-05    1.144828100488528e-05    1.144827449488528e-05
31833.65198665705    1.1527020925879673e-05    1.1527023616879672e-05    1.1527032148879672e-05    1.1527025563879672e-05
31833.751986657047    1.1606985877877818e-05    1.1606988662877816e-05    1.1606997299877818e-05    1.1606990613544484e-05
31833.851986657046    1.168885406787491e-05    1.168885690087491e-05    1.1688865663874908e-05    1.1688858877541574e-05
31833.951986657044    1.1772609115868979e-05    1.177261199786898e-05    1.177262085286898e-05    1.1772613988868979e-05
31834.051986657043    1.185826241486601e-05    1.185826521386601e-05    1.185827418386601e-05    1.1858267270866011e-05
31834.15198665704    1.194517343486088e-05    1.194517623386088e-05    1.194518537186088e-05    1.194517834686088e-05
31834.25198665704    1.203401570685779e-05    1.203401856985779e-05    1.203402771785779e-05    1.203402066485779e-05
31834.35198665704    1.2125441588853654e-05    1.2125444498853654e-05    1.2125453762853653e-05    1.2125446616853653e-05
31834.451986657037    1.221817203084819e-05    1.2218175104848192e-05    1.2218184337848192e-05    1.2218177157848191e-05
31834.551986657036    1.2312875834844962e-05    1.2312878948844961e-05    1.231288833384496e-05    1.2312881039178294e-05
31834.651986657034    1.2410173022837177e-05    1.2410176191837177e-05    1.2410185649837176e-05    1.2410178288170509e-05
31834.751986657033    1.2508827418834904e-05    1.2508830536834905e-05    1.2508840266834905e-05    1.2508832740834904e-05
31834.85198665703    1.2610124458830482e-05    1.2610127583830481e-05    1.2610137382830482e-05    1.2610129808497149e-05
31834.95198665703    1.2712798283824445e-05    1.2712801556824442e-05    1.2712811435824441e-05    1.2712803758824442e-05
31835.05198665703    1.2818127229819904e-05    1.2818130443819903e-05    1.2818140452819903e-05    1.2818132708819902e-05
31835.151986657027    1.2925520425812466e-05    1.2925523718812467e-05    1.2925533897812466e-05    1.2925526014145799e-05
31835.251986657026    1.3035582250807806e-05    1.3035585530807806e-05    1.3035595862807807e-05    1.3035587881474473e-05
31835.351986657024    1.3147100044805265e-05    1.3147103454805264e-05    1.3147113804805264e-05    1.3147105768138598e-05
31835.451986657023    1.3261975116795223e-05    1.3261978576795223e-05    1.3261989113795223e-05    1.3261980935795222e-05
31835.55198665702    1.3378339746792566e-05    1.3378343188792566e-05    1.3378353896792567e-05    1.3378345610792568e-05
31835.65198665702    1.3497437005783363e-05    1.3497440534783364e-05    1.3497451366783362e-05    1.3497442969116697e-05
31835.75198665702    1.3619317909778299e-05    1.36193215237783e-05    1.36193324467783e-05    1.3619323960111632e-05
31835.851986657017    1.3743366869774355e-05    1.3743370429774356e-05    1.3743381553774355e-05    1.3743372951107687e-05
31835.951986657015    1.3870200916764675e-05    1.3870204514764676e-05    1.3870215715764676e-05    1.387020704909801e-05
31836.051986657014    1.3999240717760582e-05    1.3999244411760583e-05    1.3999255796760583e-05    1.399924697542725e-05
31836.151986657012    1.4131119831750518e-05    1.4131123574750519e-05    1.4131135072750518e-05    1.4131126159750518e-05
31836.25198665701    1.4265864930745095e-05    1.4265868734745095e-05    1.4265880525745096e-05    1.4265871397078428e-05
31836.35198665701    1.4403477431739672e-05    1.440348139373967e-05    1.440349314673967e-05    1.4403483990739672e-05
31836.451986657008    1.4543995116729063e-05    1.4543999092729063e-05    1.4544011044729062e-05    1.4544001751395729e-05
31836.551986657007    1.4686816278724623e-05    1.4686820310724622e-05    1.4686832447724622e-05    1.4686823012391288e-05
31836.651986657005    1.4833189012712449e-05    1.483319313471245e-05    1.4833205412712449e-05    1.4833195853379115e-05
31836.751986657004    1.4982546593706586e-05    1.4982550752706587e-05    1.4982563178706586e-05    1.4982553508373253e-05
31836.851986657002    1.5134899981700702e-05    1.51349040647007e-05    1.51349168017007e-05    1.5134906949367368e-05
31836.951986657    1.529023388568919e-05    1.529023810468919e-05    1.5290250943689193e-05    1.5290240978022524e-05
31837.051986657    1.5448618249683092e-05    1.5448622603683092e-05    1.544863541268309e-05    1.5448625422016427e-05
31837.151986656998    1.5610679937669835e-05    1.5610684233669836e-05    1.5610697282669837e-05    1.5610687151336504e-05
31837.251986656996    1.5775805760663596e-05    1.5775810404663593e-05    1.577582351666359e-05    1.5775813227330258e-05
31837.351986656995    1.5944631237656057e-05    1.5944635761656057e-05    1.5944649248656056e-05    1.5944638749322723e-05
31837.451986656994    1.611657984164344e-05    1.6116584425643438e-05    1.611659819964344e-05    1.6116587488976774e-05
31837.551986656992    1.629230480763561e-05    1.6292309663635607e-05    1.6292323319635607e-05    1.6292312596968942e-05
31837.65198665699    1.6471840684621173e-05    1.6471845409621173e-05    1.6471859617621173e-05    1.6471848570621175e-05
31837.75198665699    1.6654570326614433e-05    1.6654575127614434e-05    1.6654589561614433e-05    1.6654578338614436e-05
31837.851986656988    1.684113233460635e-05    1.684113717860635e-05    1.684115146860635e-05    1.684114032727302e-05
31837.951986656986    1.7031563538591256e-05    1.7031568501591255e-05    1.7031583053591254e-05    1.703157169792459e-05
31838.051986656985    1.722588356558291e-05    1.7225888717582912e-05    1.7225903527582906e-05    1.7225891936916244e-05
31838.151986656983    1.7424121610567287e-05    1.7424126756567287e-05    1.742414176256729e-05    1.7424130043233954e-05
31838.251986656982    1.762631115255866e-05    1.762631628855866e-05    1.762633157855866e-05    1.762631967322533e-05
31838.35198665698    1.7833056162548723e-05    1.7833061417548717e-05    1.7833076866548717e-05    1.7833064815548718e-05
31838.45198665698    1.804382117553228e-05    1.8043826504532278e-05    1.8043842066532276e-05    1.804382991553228e-05
31838.551986656978    1.8258592655523385e-05    1.8258598209523384e-05    1.8258614017523384e-05    1.8258601627523384e-05
31838.651986656976    1.8477995041505127e-05    1.8478000774505126e-05    1.8478016720505126e-05    1.847800417883846e-05
31838.751986656975    1.870149336249589e-05    1.870149915449589e-05    1.870151537449589e-05    1.870150263049589e-05
31838.851986656973    1.892969947248527e-05    1.8929705286485272e-05    1.8929721775485267e-05    1.8929708844818605e-05
31838.95198665697    1.91626461844661e-05    1.91626521844661e-05    1.91626688784661e-05    1.9162655749132766e-05
31839.05198665697    1.9399746209456583e-05    1.9399752329456584e-05    1.9399769325456583e-05    1.9399755954789918e-05
31839.15198665697    1.964219990043549e-05    1.9642205976435492e-05    1.9642222931435494e-05    1.9642209602768826e-05
31839.251986656967    1.988883401742576e-05    1.9888840150425758e-05    1.988885768042576e-05    1.988884394942576e-05
31839.351986656966    2.014092750841305e-05    2.014093360341305e-05    2.0140951583413046e-05    2.0140937565079718e-05
31839.451986656964    2.0397826900392514e-05    2.039783329439251e-05    2.0397851361392512e-05    2.039783718539251e-05
31839.551986656963    2.065971731938071e-05    2.0659723876380712e-05    2.0659742269380712e-05    2.0659727821714043e-05
31839.65198665696    2.0927189236357783e-05    2.0927195851357784e-05    2.0927214382357784e-05    2.0927199823357783e-05
31839.75198665696    2.11993187873466e-05    2.1199325375346598e-05    2.11993441533466e-05    2.119932943867993e-05
31839.85198665696    2.1476948258333393e-05    2.1476955030333393e-05    2.1476973909333394e-05    2.147695906600006e-05
31839.951986656957    2.1759637443310958e-05    2.175964462231096e-05    2.175966390731096e-05    2.1759648657644294e-05
31840.051986656956    2.2047918675297328e-05    2.2047925575297332e-05    2.2047945253297328e-05    2.2047929834630666e-05
31840.151986656954    2.2341890424272765e-05    2.2341897587272766e-05    2.2341917557272764e-05    2.2341901856272765e-05
31840.251986656953    2.2641347915259196e-05    2.2641355336259195e-05    2.264137547625919e-05    2.264135957592586e-05
31840.35198665695    2.2946165207245935e-05    2.2946172595245933e-05    2.2946193048245934e-05    2.2946176950245933e-05
31840.45198665695    2.3256680947220542e-05    2.3256688285220545e-05    2.325670946022054e-05    2.3256692897553877e-05
31840.55198665695    2.3572912211206194e-05    2.3572920005206194e-05    2.3572940954206195e-05    2.3572924390206193e-05
31840.651986656947    2.3895110145179497e-05    2.3895118168179496e-05    2.3895139282179497e-05    2.3895122531846165e-05
31840.751986656946    2.422306956516482e-05    2.4223077582164822e-05    2.4223099269164823e-05    2.4223082138831488e-05
31840.851986656944    2.455732483014879e-05    2.455733292914879e-05    2.4557354741148788e-05    2.455733750014879e-05
31840.951986656943    2.489708128212242e-05    2.489708948312242e-05    2.489711175012242e-05    2.4897094171789086e-05
31841.05198665694    2.5242875301106826e-05    2.5242883740106824e-05    2.5242906198106825e-05    2.5242888413106824e-05
31841.15198665694    2.5594125276079955e-05    2.5594133903079955e-05    2.5594156674079952e-05    2.559413861774662e-05
31841.25198665694    2.5951563298063748e-05    2.595157198906375e-05    2.5951595088063742e-05    2.5951576791730415e-05
31841.351986656937    2.6315610138046438e-05    2.6315618989046435e-05    2.6315642367046434e-05    2.6315623831379767e-05
31841.451986656935    2.668519692401848e-05    2.6685205670018478e-05    2.668522913001848e-05    2.6685210574685143e-05
31841.551986656934    2.7060667026002857e-05    2.7060675909002855e-05    2.706069993100285e-05    2.7060680955336184e-05
31841.651986656932    2.7442049534973277e-05    2.7442058446973277e-05    2.7442082852973278e-05    2.744206361163994e-05
31841.75198665693    2.78295168069569e-05    2.7829525864956896e-05    2.78295497319569e-05    2.782953080129023e-05
31841.85198665693    2.8222523023941985e-05    2.8222532318941986e-05    2.8222556556941984e-05    2.8222537299941984e-05
31841.951986656928    2.8621841113910468e-05    2.862185025191047e-05    2.8621874907910466e-05    2.8621855424577136e-05
31842.051986656927    2.9026604634895607e-05    2.902661315589561e-05    2.902663762389561e-05    2.9026618471562276e-05
31842.151986656925    2.9437230208864676e-05    2.9437240509864672e-05    2.9437264455864674e-05    2.9437245058198007e-05
31842.251986656924    2.9853092184850198e-05    2.985309841785021e-05    2.985312921985019e-05    2.985310660751687e-05
31842.351986656922    3.0274682749834362e-05    3.0274702228834325e-05    3.0274720429834358e-05    3.027470180283435e-05
31842.45198665692    3.0701390654804685e-05    3.070141165180468e-05    3.070139545180478e-05    3.0701399252804716e-05
31842.55198665692    3.11335184997895e-05    3.113353291378952e-05    3.1133606872789274e-05    3.113355276212277e-05
31842.651986656918    3.157090124375887e-05    3.1570910578758884e-05    3.1570962386758946e-05    3.157092473642557e-05
31842.751986656916    3.201258554074667e-05    3.201260205174665e-05    3.20126359697467e-05    3.201260785408e-05
31842.851986656915    3.245935904873222e-05    3.245937671873222e-05    3.245941585173221e-05    3.245938387306555e-05
31842.951986656914    3.29104708517035e-05    3.291047468570355e-05    3.291051133970355e-05    3.291048562570353e-05
31843.051986656912    3.336593804169099e-05    3.336595524969095e-05    3.336598252469098e-05    3.336595860535764e-05
31843.15198665691    3.38250513866638e-05    3.3825064577663816e-05    3.382508364566384e-05    3.3825066536663815e-05
31843.25198665691    3.4287742525653396e-05    3.4287764869653364e-05    3.428774054165349e-05    3.428774931232008e-05
31843.351986656908    3.475392371464324e-05    3.475394380964324e-05    3.4753953329643144e-05    3.475394028464321e-05
31843.451986656906    3.5223136662617344e-05    3.522315326061735e-05    3.522320557561722e-05    3.5223165166283975e-05
31843.551986656905    3.5694924645609754e-05    3.569494743560974e-05    3.569500425460972e-05    3.5694958778609736e-05
31843.651986656903    3.6169438799584456e-05    3.616945081558449e-05    3.616947515958459e-05    3.6169454924917844e-05
31843.751986656902    3.664515382258087e-05    3.6645172579580854e-05    3.664523508458074e-05    3.664518716224749e-05
31843.8519866569    3.712263274757561e-05    3.712264308957564e-05    3.712271292557562e-05    3.712266292090896e-05
31843.9519866569    3.760153864955393e-05    3.7601561151553895e-05    3.760160702455397e-05    3.760156894188727e-05
31844.051986656897    3.8080343096554234e-05    3.8080337433554325e-05    3.808040181855427e-05    3.808036078288761e-05
31844.151986656896    3.8559556428535566e-05    3.855959334853544e-05    3.855960853453559e-05    3.855958610386887e-05
31844.251986656895    3.9038162360537424e-05    3.9038219826537366e-05    3.903824103553734e-05    3.903820774087071e-05
31844.351986656893    3.9516198646539165e-05    3.951621096453931e-05    3.951625720453923e-05    3.9516222271872565e-05
31844.45198665689    3.999240094652745e-05    3.999241594652744e-05    3.999244529552749e-05    3.999242072952745e-05
31844.55198665689    4.046658826353368e-05    4.0466602397533686e-05    4.046665050253362e-05    4.046661372120033e-05
31844.65198665689    4.093786291352554e-05    4.093787024252556e-05    4.0937916575525566e-05    4.09378832438589e-05
31844.751986656887    4.1406045756535215e-05    4.140607503653515e-05    4.140609761653522e-05    4.140607280320186e-05
31844.851986656886    4.186979582354908e-05    4.186979786754917e-05    4.18698429045491e-05    4.1869812198549113e-05
31844.951986656884    4.232920456754595e-05    4.232928458054571e-05    4.232931349454576e-05    4.23292675475458e-05
31845.051986656883    4.278339566956246e-05    4.278343094756261e-05    4.2783480490562547e-05    4.278343570256254e-05
31845.15198665688    4.3231381212565814e-05    4.323140456156585e-05    4.323144985756586e-05    4.323141187723251e-05
31845.25198665688    4.367304687658604e-05    4.367303342958616e-05    4.367309442858611e-05    4.367305824491944e-05
31845.35198665688    4.410760264960881e-05    4.410757747460884e-05    4.410765890160878e-05    4.410761300860881e-05
31845.451986656877    4.453331977462161e-05    4.4533243373621774e-05    4.453332495162178e-05    4.4533296033288386e-05
31845.551986656876    4.4951015502647584e-05    4.495102870564729e-05    4.4951089720647365e-05    4.495104464298074e-05
31845.651986656874    4.535901448766413e-05    4.535904621966408e-05    4.535909268866413e-05    4.5359051131997444e-05
31845.751986656873    4.5756934820697136e-05    4.5756934570697246e-05    4.575698349969724e-05    4.5756950963697206e-05
31845.85198665687    4.614380827873331e-05    4.614384615273318e-05    4.6143839026733366e-05    4.614383115273328e-05
31845.95198665687    4.651973290775548e-05    4.651973756075559e-05    4.6519799131755364e-05    4.6519756533422144e-05
31846.05198665687    4.6882709559798344e-05    4.688274300579825e-05    4.688279119579829e-05    4.6882747920464964e-05
31846.151986656867    4.723301456882755e-05    4.7233032603827603e-05    4.7233056162827684e-05    4.723303444516094e-05
31846.251986656865    4.757052730287036e-05    4.7570547343870355e-05    4.75706170798702e-05    4.757056390887031e-05
31846.351986656864    4.7893602138918686e-05    4.7893616730918705e-05    4.7893667710918766e-05    4.789362886025205e-05
31846.451986656863    4.820165913495774e-05    4.8201636278957875e-05    4.820170588095781e-05    4.8201667098291146e-05
31846.55198665686    4.849514496900704e-05    4.8495133222007e-05    4.8495195373007034e-05    4.84951578546737e-05
31846.65198665686    4.877219469905257e-05    4.877222197805244e-05    4.877222856305263e-05    4.877221508005255e-05
31846.75198665686    4.903324340810729e-05    4.903326401810731e-05    4.903335948310701e-05    4.903328896977387e-05
31846.851986656857    4.927764345016422e-05    4.927765519416426e-05    4.927767532316451e-05    4.927765798916433e-05
31846.951986656855    4.9504962360214365e-05    4.95049940852143e-05    4.9505053318214164e-05    4.9505003254547606e-05
31847.051986656854    4.971461051927544e-05    4.971462841227549e-05    4.971468156927551e-05    4.9714640166942147e-05
31847.151986656852    4.9906135362331105e-05    4.99061539883311e-05    4.9906209199331096e-05    4.99061661833311e-05
31847.25198665685    5.0079600678394184e-05    5.007961859939418e-05    5.007967952739416e-05    5.0079632935060834e-05
31847.35198665685    5.023466697045844e-05    5.023468339845844e-05    5.023474113445845e-05    5.023469716779178e-05
31847.451986656848    5.037056708452043e-05    5.037058315152043e-05    5.037064145152043e-05    5.03705972291871e-05
31847.551986656847    5.0487384703587765e-05    5.048740056758777e-05    5.048745842258777e-05    5.048741456458777e-05
31847.651986656845    5.0585134329651505e-05    5.0585150040651505e-05    5.05852074076515e-05    5.058516392598484e-05
31847.751986656844    5.0663422392720884e-05    5.0663438599720886e-05    5.0663495528720886e-05    5.066345217372089e-05
31847.851986656842    5.0723237986786747e-05    5.072325314778675e-05    5.072331176978675e-05    5.072326763478675e-05
31847.95198665684    5.076307191585653e-05    5.0763086920856534e-05    5.076314531385653e-05    5.076310138352321e-05
31848.05198665684    5.0783635480925936e-05    5.078365079992594e-05    5.078370960492594e-05    5.078366529525927e-05
31848.151986656838    5.078500780099501e-05    5.0785023226995e-05    5.078508156199501e-05    5.0785037529995004e-05
31848.251986656836    5.0767368145064174e-05    5.0767382556064176e-05    5.076744273006417e-05    5.07673978103975e-05
31848.351986656835    5.073064995913358e-05    5.073066483913358e-05    5.073072366013358e-05    5.0730679486133575e-05
31848.451986656833    5.067471188620554e-05    5.0674726174205535e-05    5.067478635920553e-05    5.067474147320554e-05
31848.551986656832    5.06004961722727e-05    5.0600509047272694e-05    5.0600570030272696e-05    5.060052508327269e-05
31848.65198665683    5.0508529575341267e-05    5.050854286834126e-05    5.0508603735341266e-05    5.050855872634127e-05
31848.75198665683    5.039833108340892e-05    5.039834506740891e-05    5.039840419140892e-05    5.039836011407559e-05
31848.851986656828    5.0270075812475924e-05    5.0270088580475926e-05    5.0270147820475924e-05    5.0270104071142585e-05
31848.951986656826    5.012462151454503e-05    5.012463381154503e-05    5.012469396854503e-05    5.012464976487837e-05
31849.051986656825    4.996225940860839e-05    4.9962271212608395e-05    4.9962331306608396e-05    4.996228730927505e-05
31849.151986656823    4.978384206267504e-05    4.978385400667504e-05    4.9783913115675046e-05    4.978386972834171e-05
31849.251986656822    4.9588739898738164e-05    4.958875059173817e-05    4.958881103073817e-05    4.958876717373817e-05
31849.35198665682    4.937854122679529e-05    4.9378551914795286e-05    4.937861266879528e-05    4.937856860346195e-05
31849.45198665682    4.915310427286114e-05    4.915311377086115e-05    4.915317325286115e-05    4.9153130432194486e-05
31849.551986656817    4.8912901292917546e-05    4.891291002991755e-05    4.891296956091755e-05    4.8912926961250876e-05
31849.651986656816    4.865897095097922e-05    4.865897956497922e-05    4.8659038462979224e-05    4.865899632631256e-05
31849.751986656815    4.839060100703491e-05    4.83906117030349e-05    4.8390668602034905e-05    4.8390627104034895e-05
31849.851986656813    4.811000005508207e-05    4.8110009686082074e-05    4.811006750808207e-05    4.811002574974873e-05
31849.95198665681    4.78165486491423e-05    4.781655684514231e-05    4.7816615682142304e-05    4.781657372547564e-05
31850.05198665681    4.751119638018863e-05    4.751120493218862e-05    4.7511263283188626e-05    4.751122153185529e-05
31850.15198665681    4.7194452489244494e-05    4.71944600072445e-05    4.719451808024449e-05    4.719447685891116e-05
31850.251986656807    4.686727786328548e-05    4.6867285489285475e-05    4.686734283028548e-05    4.686730206095214e-05
31850.351986656806    4.652906669832884e-05    4.652907412132884e-05    4.652913027332885e-05    4.652909036432884e-05
31850.451986656804    4.618128887437908e-05    4.618129622037908e-05    4.6181352544379076e-05    4.618131254637908e-05
31850.551986656803    4.5824487010414866e-05    4.582449260441487e-05    4.5824549382414866e-05    4.58245096657482e-05
31850.6519866568    4.545905455046238e-05    4.545906054846238e-05    4.545911672746238e-05    4.5459077275462375e-05
31850.7519866568    4.50854199534952e-05    4.5085426830495196e-05    4.508548068549521e-05    4.508544248982853e-05
31850.8519866568    4.470454272352419e-05    4.470454831252419e-05    4.470460131752419e-05    4.470456411785753e-05
31850.951986656797    4.431625862756795e-05    4.431626333656795e-05    4.431631843956795e-05    4.4316280134567955e-05
31851.051986656796    4.392147223759421e-05    4.392147680359421e-05    4.392153085359421e-05    4.392149329826088e-05
31851.151986656794    4.3520564180633516e-05    4.3520568880633515e-05    4.352062077263352e-05    4.352058461130018e-05
31851.251986656793    4.311450483165451e-05    4.311450890465451e-05    4.3114560023654506e-05    4.311452458665451e-05
31851.35198665679    4.270305558567647e-05    4.2703059516676466e-05    4.2703110133676465e-05    4.270307507867646e-05
31851.45198665679    4.228707829271005e-05    4.228708167171005e-05    4.228713202671005e-05    4.228709733037672e-05
31851.55198665679    4.1867453444725044e-05    4.186745663672504e-05    4.186750675872505e-05    4.1867472280058375e-05
31851.651986656787    4.14434188317586e-05    4.1443421397758596e-05    4.14434703907586e-05    4.144343687342527e-05
31851.751986656785    4.1016955634768667e-05    4.101696013076866e-05    4.101700862376867e-05    4.101697479643533e-05
31851.851986656784    4.058719876878233e-05    4.058720032378234e-05    4.058724936478234e-05    4.0587216152449e-05
31851.951986656783    4.015496098680834e-05    4.0154962075808345e-05    4.015501145580834e-05    4.015497817280834e-05
31852.05198665678    3.972107620381523e-05    3.972107778481523e-05    3.972112516581524e-05    3.9721093051481906e-05
31852.15198665678    3.928578424383696e-05    3.928578680983695e-05    3.9285831469836966e-05    3.928580084117029e-05
31852.251986656778    3.884878901984415e-05    3.8848789882844155e-05    3.884883678184414e-05    3.8848805228177476e-05
31852.351986656777    3.841135230284601e-05    3.8411355298846e-05    3.8411400633846006e-05    3.8411369411846004e-05
31852.451986656775    3.797318190286504e-05    3.797318455786505e-05    3.7973226767865056e-05    3.797319774286505e-05
31852.551986656774    3.753505886486484e-05    3.7535060701864846e-05    3.753510343786484e-05    3.7535074334864834e-05
31852.651986656772    3.70971630558798e-05    3.709716429087981e-05    3.7097207932879805e-05    3.709717842654647e-05
31852.75198665677    3.665902200988086e-05    3.665902178588087e-05    3.665906538988087e-05    3.66590363952142e-05
31852.85198665677    3.622249244287394e-05    3.622249336687393e-05    3.6222535252873944e-05    3.622250702087394e-05
31852.951986656768    3.5785924377889985e-05    3.578592621488998e-05    3.5785966924889986e-05    3.578593917255665e-05
31853.051986656767    3.5351005152882855e-05    3.535100579488285e-05    3.535104862088285e-05    3.5351019856216187e-05
31853.151986656765    3.491615334589838e-05    3.491615430689838e-05    3.491619463089839e-05    3.4916167427898384e-05
31853.251986656764    3.447993138490436e-05    3.4479931939904363e-05    3.447997212290436e-05    3.4479945149237696e-05
31853.351986656762    3.404314554690682e-05    3.404314573290682e-05    3.404318471790683e-05    3.404315866590683e-05
31853.45198665676    3.361294207589374e-05    3.361294207789373e-05    3.361298021289374e-05    3.3612954788893736e-05
31853.55198665676    3.3186592376876776e-05    3.3186592225876775e-05    3.318662959687677e-05    3.318660473321011e-05
31853.651986656758    3.276370051387694e-05    3.276370022287694e-05    3.276373687587694e-05    3.276371253754361e-05
31853.751986656756    3.234420061386188e-05    3.234420019586188e-05    3.234423615886189e-05    3.234421232286188e-05
31853.851986656755    3.192814124184661e-05    3.1928140705846615e-05    3.192817599884661e-05    3.192815264884661e-05
31853.951986656753    3.151561792984592e-05    3.1515617282845924e-05    3.1515651922845926e-05    3.151562904517925e-05
31854.051986656752    3.110674513782959e-05    3.110674438882959e-05    3.110677838982959e-05    3.1106755972162924e-05
31854.15198665675    3.070164295482746e-05    3.070164211082746e-05    3.070167548382746e-05    3.0701653516494124e-05
31854.25198665675    3.0300430377809906e-05    3.0300429446809908e-05    3.030046220380991e-05    3.0300440676143242e-05
31854.351986656748    2.9903221864791843e-05    2.9903220851791843e-05    2.9903253002791848e-05    2.9903231906458512e-05
31854.451986656746    2.9510125570787594e-05    2.9510124483787594e-05    2.9510156039787598e-05    2.951013536478759e-05
31854.551986656745    2.9121242495768435e-05    2.9121241340768436e-05    2.912127231176844e-05    2.9121252049435103e-05
31854.651986656743    2.873666610476284e-05    2.8736664887762842e-05    2.8736695283762846e-05    2.8736675425429508e-05
31854.75198665674    2.8356482201742705e-05    2.8356480928742706e-05    2.8356510759742708e-05    2.8356491296742707e-05
31854.85198665674    2.7980768935722214e-05    2.7980767612722216e-05    2.798079688872222e-05    2.798077781238888e-05
31854.95198665674    2.7609596881714904e-05    2.76095955127149e-05    2.7609624244714903e-05    2.760960554638157e-05
31855.051986656737    2.7243029150353348e-05    2.7243027740353353e-05    2.724305593735341e-05    2.7243037609353372e-05
31855.151986656736    2.688112152686577e-05    2.688112007986577e-05    2.688114775286583e-05    2.6881129786532452e-05
31855.251986656735    2.65239226243861e-05    2.6523921145386103e-05    2.6523948304386155e-05    2.6523930691386124e-05
31855.351986656733    2.6171474050888907e-05    2.6171472544888907e-05    2.6171499198888963e-05    2.6171481931555593e-05
31855.45198665673    2.5823810591400724e-05    2.5823809061400727e-05    2.5823835219400775e-05    2.582381829073408e-05
31855.55198665673    2.5480960391896767e-05    2.548095884089677e-05    2.5480984513896822e-05    2.5480967915563454e-05
31855.65198665673    2.514294517139054e-05    2.5142943603390544e-05    2.5142968800390592e-05    2.514295252505722e-05
31855.751986656727    2.4809780434894812e-05    2.4809778852894812e-05    2.480980358289486e-05    2.4809787623561494e-05
31855.851986656726    2.4481475696385787e-05    2.448147410238579e-05    2.448149837538584e-05    2.448148272471914e-05
31855.951986656724    2.415803471688814e-05    2.415803311488814e-05    2.4158056938888186e-05    2.4158041590221486e-05
31856.051986656723    2.3839455748378726e-05    2.3839454139378724e-05    2.3839477524378773e-05    2.383946247071208e-05
31856.15198665672    2.3525731780870047e-05    2.3525730167870047e-05    2.3525753121870097e-05    2.3525738356870066e-05
31856.25198665672    2.3216850800373867e-05    2.3216849186373867e-05    2.321687171837391e-05    2.321685723504055e-05
31856.35198665672    2.2912796046868028e-05    2.2912794432868028e-05    2.2912816551868073e-05    2.2912802343868045e-05
31856.451986656717    2.2613546275375306e-05    2.2613544662375306e-05    2.2613566376375346e-05    2.2613552438041986e-05
31856.551986656716    2.2319076013874192e-05    2.2319074403874193e-05    2.231909572187423e-05    2.231908204654087e-05
31856.651986656714    2.202935583037616e-05    2.202935422437616e-05    2.20293751543762e-05    2.2029361736376176e-05
31856.751986656713    2.1744352585891975e-05    2.1744350986891976e-05    2.174437153589201e-05    2.1744358369558655e-05
31856.85198665671    2.1464029695401086e-05    2.1464028102401086e-05    2.1464048279401124e-05    2.1464035359067765e-05
31856.95198665671    2.11883473719244e-05    2.1188345786924397e-05    2.1188365597924436e-05    2.1188352918924412e-05
31857.05198665671    2.0917262878441996e-05    2.0917261302441998e-05    2.0917280756442034e-05    2.091726831244201e-05
31857.151986656707    2.0650730764964366e-05    2.065072919996436e-05    2.06507483029644e-05    2.065073608929771e-05
31857.251986656705    2.0388703104501292e-05    2.0388701549501294e-05    2.0388720310501328e-05    2.0388708321501305e-05
31857.351986656704    2.0131129715033793e-05    2.013112817103379e-05    2.0131146596033826e-05    2.0131134827367137e-05
31857.451986656703    1.9877958378580983e-05    1.9877956846580982e-05    1.9877974942581016e-05    1.987796338924766e-05
31857.5519866567    1.9629135053124474e-05    1.9629133533124473e-05    1.962915130712451e-05    1.9629139964457817e-05
31857.6519866567    1.938460406867381e-05    1.938460256167381e-05    1.9384620019673847e-05    1.938460888334049e-05
31857.751986656698    1.9144308326237888e-05    1.914430683223789e-05    1.914432398023792e-05    1.9144313046237897e-05
31857.851986656697    1.8908189471799198e-05    1.8908187991799197e-05    1.8908204836799228e-05    1.8908194100132542e-05
31857.951986656695    1.8676188080375186e-05    1.8676186612375186e-05    1.8676203162375217e-05    1.8676192618375198e-05
31858.051986656694    1.8448243809948925e-05    1.8448242356948926e-05    1.8448258615948955e-05    1.8448248260948935e-05
31858.151986656692    1.8224295568529084e-05    1.8224294129529083e-05    1.8224310103529112e-05    1.8224299933862425e-05
31858.25198665669    1.8004281651123728e-05    1.8004280226123728e-05    1.8004295921123755e-05    1.8004285932790407e-05
