1.108297357901209944e+04 2.241392882900000095e-06 2.311702296799999853e-06 2.235445232699999871e-06 2.262846804133333273e-06
1.108307357899209819e+04 2.193637763201793668e-06 2.264378829765456096e-06 2.187842550871303427e-06 2.215286381279517307e-06
1.108317357897209695e+04 2.146815335830479986e-06 2.217994117055379784e-06 2.141181199266044176e-06 2.168663550717301174e-06
1.108327357895209570e+04 2.097617819020889091e-06 2.169240495504530473e-06 2.092154767668229782e-06 2.119671027397882974e-06
1.108337357893209446e+04 2.049676568356089857e-06 2.121752924393117384e-06 2.044396516259679050e-06 2.071942003002962097e-06
1.108347357891209322e+04 2.003051909377566494e-06 2.075591879813923230e-06 1.997967872131539664e-06 2.025537220441009655e-06
1.108357357889209197e+04 1.957287135521320306e-06 2.030302252601107074e-06 1.952413779918485518e-06 1.980001056013637774e-06
1.108367357887209073e+04 1.911893197955806860e-06 1.985396812021864839e-06 1.907246814638024304e-06 1.934845608205232213e-06
1.108377357885208949e+04 1.869572837867255329e-06 1.943580062711422341e-06 1.865171601024993774e-06 1.892774833867890481e-06
1.108387357883208824e+04 1.828555285236793837e-06 1.903081396302732858e-06 1.824418735210323937e-06 1.852018472249950210e-06
1.108397357881208700e+04 1.787989279537071024e-06 1.863052463412858295e-06 1.784139200264093752e-06 1.811726981071341236e-06
1.108407357879208575e+04 1.747875166156698917e-06 1.823494539383003714e-06 1.744335377924014769e-06 1.771901694487905730e-06
1.108417357877208451e+04 1.710579150016279281e-06 1.786773762835613983e-06 1.707375156160319869e-06 1.734909356337404095e-06
1.108427357875208327e+04 1.674317601136297984e-06 1.751109645182873140e-06 1.671477894539087839e-06 1.698968380286086462e-06
1.108437357873208202e+04 1.640168812323055329e-06 1.717581512435100639e-06 1.637724155166841841e-06 1.665158159974999199e-06
1.108447357871208078e+04 3.958770501126000958e-06 4.060435966423050115e-06 3.963539048688182527e-06 3.994248505412410918e-06
1.108457357869207954e+04 3.880025513711914912e-06 3.982522695984373667e-06 3.885291327922125251e-06 3.915946512539471277e-06
1.108467357867207829e+04 3.802407718695322200e-06 3.905764921198855449e-06 3.808210540442811810e-06 3.838794393445662871e-06
1.108477357865207705e+04 3.726296340934407857e-06 3.830543374143047776e-06 3.732680100552307922e-06 3.763173271876587992e-06
1.108487357863207581e+04 3.653048752916315409e-06 3.758216341153382163e-06 3.660060872708185883e-06 3.690441988925960869e-06
1.108497357861207456e+04 3.582108952753155699e-06 3.688229765636819256e-06 3.589801556903116749e-06 3.620046758431030568e-06
1.108507357859207332e+04 3.512829208506074792e-06 3.619936811780576516e-06 3.521259194175454042e-06 3.551341738154035258e-06
1.108517357857207207e+04 3.447590473696434187e-06 3.555720430580084053e-06 3.456820583996546443e-06 3.486710496091021702e-06
1.108527357855207083e+04 3.384279886245814921e-06 3.493469560169829470e-06 3.394378626306795575e-06 3.424042690907479989e-06
1.108537357853206959e+04 3.324157384198959009e-06 3.434447539117670947e-06 3.335200443664626810e-06 3.364601788993751832e-06
1.108547357851206834e+04 3.265731639595519666e-06 3.377166466349687120e-06 3.277802756909134042e-06 3.306900287618114174e-06
1.108557357849206710e+04 3.209503034175009852e-06 3.322129727731472532e-06 3.222694312543132546e-06 3.251442358149871926e-06
1.108567357847206586e+04 3.156092626722909040e-06 3.269961869989595888e-06 3.170505750173677615e-06 3.198853415628727232e-06
1.108577357845206461e+04 3.104819602835562497e-06 3.219986992655633905e-06 3.120567835202066200e-06 3.148458143564421150e-06
1.108587357843206337e+04 3.056366584271710369e-06 3.172893542688043396e-06 3.073575586940656187e-06 3.100945237966803318e-06
1.108597357841206212e+04 3.012259829603462499e-06 3.130212209198730276e-06 3.031069040425103821e-06 3.057847026409099007e-06
1.108607357839206088e+04 2.969620548297547760e-06 3.089071943598203222e-06 2.990185928303889126e-06 3.016292806733213510e-06
1.108617357837205964e+04 2.928515724503478787e-06 3.049548062180808339e-06 2.951011195325871627e-06 2.976358327336719443e-06
1.108627357835205839e+04 2.890222514807364716e-06 3.012925261104513313e-06 2.914842122119238246e-06 2.939329966010371951e-06
1.108637357833205715e+04 2.853450880388280314e-06 2.977924603705318719e-06 2.880411943611465676e-06 2.903929142568355185e-06
1.108647357831205591e+04 2.819721104507453820e-06 2.946076203827615370e-06 2.849265997359246771e-06 2.871687768564771563e-06
1.108657357829205466e+04 2.787232276674464333e-06 2.915592290432432626e-06 2.819632121394545427e-06 2.840818896167147885e-06
1.108667357827205342e+04 2.758025567381027389e-06 2.888527712998270366e-06 2.793582549140468914e-06 2.813378609839922788e-06
1.108677357825205218e+04 2.730449919951266352e-06 2.863246300872455150e-06 2.769500820363637095e-06 2.787732347062452725e-06
1.108687357823205093e+04 2.704399186991585587e-06 2.839656103215217311e-06 2.747315898640327059e-06 2.763790396282376229e-06
1.108697357821204969e+04 2.680670191635598687e-06 2.818570299718162329e-06 2.727862418487586475e-06 2.742367636613782215e-06
1.108707357819204844e+04 2.658295225166526642e-06 2.799035171053597288e-06 2.710207692805921633e-06 2.722512696342015470e-06
1.108717357817204720e+04 2.638543977416479312e-06 2.782332133405327303e-06 2.695654010696504726e-06 2.705510040506103639e-06
1.108727357815204596e+04 2.620588510455747332e-06 2.767641628634705718e-06 2.683398713775579257e-06 2.690542950955343961e-06
1.108737357813204471e+04 2.603966376518363808e-06 2.754497410057725061e-06 2.672987091046544822e-06 2.677150292540878038e-06
1.108747357811204347e+04 2.587443639143903703e-06 2.741654336873542427e-06 2.663174384719416011e-06 2.664090786912287380e-06
1.108757357809204223e+04 2.574212988357589312e-06 2.732270961199485668e-06 2.657104519235384445e-06 2.654529489597486334e-06
1.108767357807204098e+04 2.562679185095395634e-06 2.724693092706292780e-06 2.653087956955814417e-06 2.646820078252500520e-06
1.108777357805203974e+04 2.552842637690210215e-06 2.718827767474363597e-06 2.650970512204578658e-06 2.640880305789718055e-06
1.108787357803203849e+04 2.543764291014145725e-06 2.713601526926156389e-06 2.649586046640887575e-06 2.635650621527062806e-06
1.108797357801203725e+04 2.534494810324826611e-06 2.707889565449982118e-06 2.647684738250074180e-06 2.630023038008294303e-06
1.108807357799203601e+04 2.527331690144282218e-06 2.703773916960356732e-06 2.647198359363582027e-06 2.626101322156073518e-06
1.108817357797203476e+04 2.522671566389457689e-06 2.701411080756969675e-06 2.648118781193177242e-06 2.624067142779867920e-06
1.108827357795203352e+04 2.519362949367988096e-06 2.699409023218088702e-06 2.648895098511170793e-06 2.622555690365749338e-06
1.108837357793203228e+04 2.516742286894874483e-06 2.696898785147753571e-06 2.648529037923128601e-06 2.620723369988585410e-06
1.108847357791203103e+04 2.515886036306676410e-06 2.694818514775029266e-06 2.647881566228351116e-06 2.619528705770018507e-06
1.108857357789202979e+04 2.515453699302649703e-06 2.691787590288582733e-06 2.645558613116251280e-06 2.617599967569160956e-06
1.108867357787202855e+04 2.516565830760473065e-06 2.688988649611267907e-06 2.642795066210672363e-06 2.616116515527471253e-06
1.108877357785202730e+04 2.519480428886464789e-06 2.686840078148708660e-06 2.640113509174593943e-06 2.615478005403255797e-06
1.108887357783202606e+04 2.523420311241186216e-06 2.684793044159887077e-06 2.637097349922263596e-06 2.615103568441112296e-06
1.108897357781202481e+04 2.528108542932366702e-06 2.682837969802017327e-06 2.633871649663983475e-06 2.614939387466122219e-06
1.108907357779202357e+04 2.534987122518577664e-06 2.682695389273536436e-06 2.632265397496546732e-06 2.616649303096220277e-06
1.108917357777202233e+04 2.543254331189234678e-06 2.683830706787656188e-06 2.631811001411003611e-06 2.619632013129298159e-06
1.108927357775202108e+04 2.552221073486358689e-06 2.685789706835683880e-06 2.632078256777586061e-06 2.623363012366542736e-06
1.108937357773201984e+04 2.563321467402187900e-06 2.690202496911730849e-06 2.634686743666954411e-06 2.629403569326957579e-06
1.108947357771201860e+04 2.576140269713541039e-06 2.696795909526581793e-06 2.639336438252834800e-06 2.637424205830985877e-06
1.108957357769201735e+04 2.589845262941512946e-06 2.704817318959583994e-06 2.645255842543245867e-06 2.646639474814780936e-06
1.108967357767201611e+04 2.604451186918781686e-06 2.714302680173782342e-06 2.652482503470706551e-06 2.657078790187757424e-06
1.108977357765201486e+04 2.620806043420887674e-06 2.726069460258717113e-06 2.661860827897263877e-06 2.669578777192289413e-06
1.108987357763201362e+04 2.638912339968534131e-06 2.740061398984602720e-06 2.673380178506405832e-06 2.684117972486514369e-06
1.108997357761201238e+04 2.658455133947203723e-06 2.755907253037470303e-06 2.686710562676897515e-06 2.700357649887190372e-06
1.109007357759201113e+04 2.679473295303603435e-06 2.773630428968132248e-06 2.701887202035380855e-06 2.718330308769038705e-06
1.109017357757200989e+04 2.702164349913848492e-06 2.793488832392564785e-06 2.719120508744132210e-06 2.738257897016848919e-06
1.109027357755200865e+04 2.725840767221119630e-06 2.814954300242508469e-06 2.737758635629096714e-06 2.759517901030908271e-06
1.109037357753200740e+04 2.749802013616402303e-06 2.837599733978206093e-06 2.757159891453907092e-06 2.781520546349505445e-06
1.109047357751200616e+04 2.773524076924069203e-06 2.861279220750502570e-06 2.776878373531889094e-06 2.803893890402153904e-06
1.109057357749200492e+04 2.796079310897562611e-06 2.885520173017091390e-06 2.796072627517913766e-06 2.825890703810855922e-06
1.109067357747200367e+04 2.816574500511761736e-06 2.909905795509485905e-06 2.813925387013805096e-06 2.846801894345017579e-06
1.109077357745200243e+04 2.834137421883069336e-06 2.933988283656781031e-06 2.829614837119769943e-06 2.865913514219873719e-06
1.109087357743200118e+04 2.848326547058925710e-06 2.957622863657212751e-06 2.842703948765757422e-06 2.882884453160632384e-06
1.109097357741199994e+04 2.858926544065592115e-06 2.980705352471937153e-06 2.852931318203567144e-06 2.897521071580365471e-06
1.109107357739199870e+04 2.866206550956290900e-06 3.003408823269366050e-06 2.860474772616393012e-06 2.910030048947349846e-06
1.109117357737199745e+04 2.870875964407806937e-06 3.026158581542712990e-06 2.865920242589371355e-06 2.920984929513297235e-06
1.109127357735199621e+04 2.874034321363410822e-06 3.049624529304368086e-06 2.870234821105146076e-06 2.931297890590974853e-06
1.109137357733199497e+04 2.876453215099757315e-06 3.074050773519348060e-06 2.874062920162678924e-06 2.941522302927261715e-06
1.109147357731199372e+04 2.878886399804437334e-06 3.099607228253939528e-06 2.878051997443561784e-06 2.952181875167313023e-06
1.109157357729199248e+04 2.882282529552121447e-06 3.126621361614259547e-06 2.883070796138902309e-06 2.963991562435094999e-06
1.109167357727199123e+04 2.886842881036141258e-06 3.154630276401493161e-06 2.889269332244103615e-06 2.976914163227245870e-06
1.109177357725198999e+04 2.892517033172123977e-06 3.182867750486835319e-06 2.896569707118910984e-06 2.990651496925956337e-06
1.109187357723198875e+04 2.899113573114777956e-06 3.210381679391735302e-06 2.904775127119168007e-06 3.004756793208560139e-06
1.109197357721198750e+04 2.906166432099223567e-06 3.235934164365442687e-06 2.913430057852350201e-06 3.018510218105672010e-06
1.109207357719198626e+04 2.913049103306427964e-06 3.258182158751011032e-06 2.921926994230241569e-06 3.031052752095893663e-06
1.109217357717198502e+04 2.919216804710600832e-06 3.276016250313213228e-06 2.929745231665100380e-06 3.041659428896304672e-06
1.109227357715198377e+04 2.924339600772172782e-06 3.288788034914271447e-06 2.936576673335422033e-06 3.049901436340621523e-06
1.109237357713198253e+04 2.927980514429908187e-06 3.296056076369316948e-06 2.941998142308710677e-06 3.055344911035978322e-06
1.109247357711198129e+04 2.930181905433701859e-06 3.298170312726610610e-06 2.946057178169913894e-06 3.058136465443409070e-06
1.109257357709198004e+04 2.931213885520395296e-06 3.295976735108151991e-06 2.949022089066016934e-06 3.058737569898188074e-06
1.109267357707197880e+04 2.931463463011871519e-06 3.290580375226687992e-06 2.951268227282233135e-06 3.057770688506931165e-06
1.109277357705197755e+04 2.931628066618870620e-06 3.283436813919190631e-06 2.953479751602162178e-06 3.056181544046741425e-06
1.109287357703197631e+04 2.932146315801560653e-06 3.275695699297501687e-06 2.956081625190030256e-06 3.054641213429697956e-06
1.109297357701197507e+04 2.933528065181327314e-06 3.268461430358305292e-06 2.959571876540077154e-06 3.053853790693236304e-06
1.109307357699197382e+04 2.936143168762314442e-06 3.262551779579776685e-06 2.964311291032770564e-06 3.054335413124953615e-06
1.109317357697197258e+04 2.940209395418951513e-06 3.258511037060387020e-06 2.970514210468965999e-06 3.056411547649435126e-06
1.109327357695197134e+04 2.945997042679047579e-06 3.256812445067614438e-06 2.978448754867643137e-06 3.060419414204768385e-06
1.109337357693197009e+04 2.953582045872312184e-06 3.257647156924969201e-06 2.988194348312287358e-06 3.066474517036523197e-06
1.109347357691196885e+04 2.962955437441002061e-06 3.261052742452318018e-06 2.999744777401241582e-06 3.074584319098187361e-06
1.109357357689196760e+04 2.974065034538760429e-06 3.266974336512330727e-06 3.013052681107051182e-06 3.084697350719380638e-06
1.109367357687196636e+04 2.986995789146203204e-06 3.275474129175316216e-06 3.028210944981596379e-06 3.096893621101038317e-06
1.109377357685196512e+04 3.001507191139690466e-06 3.286268241106889288e-06 3.044985175036323921e-06 3.110920202427634276e-06
1.109387357683196387e+04 3.017581771269310491e-06 3.299286134731886233e-06 3.063364839309715275e-06 3.126744248436970384e-06
1.109397357681196263e+04 3.035262095689653602e-06 3.314511338648252560e-06 3.083399511240707720e-06 3.144390981859537820e-06
1.109407357679196139e+04 3.054455390198435152e-06 3.331797337498251029e-06 3.105005350566595640e-06 3.163752692754427697e-06
1.109417357677196014e+04 3.074895673064900365e-06 3.350828125831572502e-06 3.127920592413673418e-06 3.184548130436715428e-06
1.109427357675195890e+04 3.096684980581951100e-06 3.371655636215284702e-06 3.152256449432479956e-06 3.206865688743238163e-06
1.109437357673195766e+04 3.120002589419933267e-06 3.394413749536668071e-06 3.178198917539070938e-06 3.230871752165223810e-06
1.109447357671195641e+04 3.144436005306811399e-06 3.418652196644662167e-06 3.205341564672000408e-06 3.256143255541158274e-06
1.109457357669195517e+04 3.170131817188547892e-06 3.444485939211341220e-06 3.233839955348383857e-06 3.282819237249424041e-06
1.109467357667195392e+04 3.197006366077528143e-06 3.471794762903546354e-06 3.263615418978526129e-06 3.310805515986533260e-06
1.109477357665195268e+04 3.224956719020944852e-06 3.500451155910318738e-06 3.294573097532521042e-06 3.339993657487928211e-06
1.109487357663195144e+04 3.254268746269824291e-06 3.530716707832673693e-06 3.327005643200463802e-06 3.370663699100986980e-06
1.109497357661195019e+04 3.284477759493769767e-06 3.562105311148501872e-06 3.360455374933589931e-06 3.402346148525287190e-06
1.109507357659194895e+04 3.315893404098215258e-06 3.594910072116762848e-06 3.395241225049930955e-06 3.435348233754969687e-06
1.109517357657194771e+04 3.348440249195404772e-06 3.629039572725749985e-06 3.431295416039700403e-06 3.469591745986951579e-06
1.109527357655194646e+04 3.382455471565329433e-06 3.664812671794052260e-06 3.468961182448647261e-06 3.505409775269342844e-06
1.109537357653194522e+04 3.417332877485687867e-06 3.701613547023482684e-06 3.507643041960962956e-06 3.542196488823377554e-06
1.109547357651194397e+04 3.453668994711182030e-06 3.740031981650004666e-06 3.547945551600415610e-06 3.580548842653867717e-06
1.109557357649194273e+04 3.490812803615341126e-06 3.779406906497414207e-06 3.589227733143998137e-06 3.619815814418917541e-06
1.109567357647194149e+04 3.529101500669576744e-06 3.820063326732683728e-06 3.631835160788963929e-06 3.660333329397074659e-06
1.109577357645194024e+04 3.568744867914047275e-06 3.862206319288970161e-06 3.675990008076640606e-06 3.702313731759886014e-06
1.109587357643193900e+04 3.609926056966117752e-06 3.906020056790956266e-06 3.721886254389916160e-06 3.745944122715663393e-06
1.109597357641193776e+04 3.652125247686353276e-06 3.950969592144433276e-06 3.769013422664413938e-06 3.790702754165066830e-06
1.109607357639193651e+04 3.695398587232166516e-06 3.997111318821113739e-06 3.817442730685277467e-06 3.836650878912853280e-06
1.109617357637193527e+04 3.740107271729445926e-06 4.044803552797938894e-06 3.867546621826333425e-06 3.884152482117906364e-06
1.109627357635193403e+04 3.786278887353335803e-06 4.094069475570733156e-06 3.919365612144638810e-06 3.933237991689568833e-06
1.109637357633193278e+04 3.833603320927942589e-06 4.144598586428643400e-06 3.972608586231025167e-06 3.983603497862537617e-06
1.109647357631193154e+04 3.882366612083840904e-06 4.196676984882649340e-06 4.027573790578141692e-06 4.035539129181544261e-06
1.109657357629193029e+04 3.933002405174245281e-06 4.250729736647074828e-06 4.084711178668458640e-06 4.089481106829925685e-06
1.109667357627192905e+04 3.984615460891772066e-06 4.305871265103176222e-06 4.143145364914905701e-06 4.144544030303284945e-06
1.109677357625192781e+04 4.037943634755501309e-06 4.362830854142593211e-06 4.203630990259268156e-06 4.201468493052454508e-06
1.109687357623192656e+04 4.093174487094006610e-06 4.421801815260401727e-06 4.266381426772588594e-06 4.260452576375665926e-06
1.109697357621192532e+04 4.149694544084693087e-06 4.482173610525509226e-06 4.330802561225746537e-06 4.320890238611982950e-06
1.109707357619192408e+04 4.207859704180924887e-06 4.544292479796336526e-06 4.397270802634265032e-06 4.383140995537175764e-06
1.109717357617192283e+04 4.267988936188462437e-06 4.608491764187697619e-06 4.466133941893079867e-06 4.447538214089747488e-06
1.109727357615192159e+04 4.329652082645156888e-06 4.674338724231989351e-06 4.536987551788803860e-06 4.513659452888650598e-06
1.109737357613192034e+04 4.393281381782310362e-06 4.742262883343316467e-06 4.610292146122436734e-06 4.581945470416021188e-06
1.109747357611191910e+04 4.459036427099383329e-06 4.812429332825558087e-06 4.686240384406350587e-06 4.652568714777096770e-06
1.109757357609191786e+04 4.526621921847710783e-06 4.884548400053430640e-06 4.764568941073293732e-06 4.725246420991477820e-06
1.109767357607191661e+04 4.596541624854027917e-06 4.959123762810504751e-06 4.845821620058430362e-06 4.800495669240987959e-06
1.109777357605191537e+04 4.668667396738566752e-06 5.036041407423222240e-06 4.929904730758227491e-06 4.878204511640005494e-06
1.109787357603191413e+04 4.742715360748348689e-06 5.115023036627173125e-06 5.016585847146216918e-06 4.958108081507246527e-06
1.109797357601191288e+04 4.819152213528852364e-06 5.196534092032115816e-06 5.106370402507000815e-06 5.040685569355990512e-06
1.109807357599191164e+04 4.898043621144813091e-06 5.280663231951934834e-06 5.199376973303773060e-06 5.126027942133507277e-06
1.109817357597191040e+04 4.979525103307854587e-06 5.367533462273287034e-06 5.295789064200456602e-06 5.214282543260533023e-06
1.109827357595190915e+04 5.063449766433591917e-06 5.457022555750365512e-06 5.395524698638609338e-06 5.305332340274189487e-06
1.109837357593190791e+04 5.150872052228122852e-06 5.550203266234455773e-06 5.499707252236514987e-06 5.400260856899697306e-06
1.109847357591190666e+04 5.240690119991798409e-06 5.645967585234954518e-06 5.607297197923051164e-06 5.497984967716601646e-06
1.109857357589190542e+04 5.333608799461312252e-06 5.745045274459443970e-06 5.719070613258251907e-06 5.599241562393003275e-06
1.109867357587190418e+04 5.429824298252070155e-06 5.847675982546472040e-06 5.835317600031467439e-06 5.704272626943336545e-06
1.109877357585190293e+04 5.529543993241722855e-06 5.954056921067564636e-06 5.956330221736621654e-06 5.813310378681969997e-06
1.109887357583190169e+04 5.632220019745278807e-06 6.063684418890556124e-06 6.081660997327570102e-06 5.925855145321133599e-06
1.109897357581190045e+04 5.739084814085859497e-06 6.177816007519471437e-06 6.212652656246113927e-06 6.043184492617148287e-06
1.109907357579189920e+04 5.849521008992513015e-06 6.295859595378567198e-06 6.348795090273502567e-06 6.164725231548194825e-06
1.109917357577189796e+04 5.964120205293334836e-06 6.418456479586522705e-06 6.490828204347477477e-06 6.291134963075777775e-06
1.109927357575189671e+04 6.083165979890905007e-06 6.545932850892938560e-06 6.639164212457274217e-06 6.422754347747040108e-06
1.109937357573189547e+04 6.206454136368814517e-06 6.678136399517351700e-06 6.793765570084385138e-06 6.559452035323517683e-06
1.109947357571189423e+04 6.334928750866449067e-06 6.816046789454903118e-06 6.955750946833635535e-06 6.702242162384995342e-06
1.109957357569189298e+04 6.468421147284961716e-06 6.959570724048419296e-06 7.125130442749602849e-06 6.851040771360994338e-06
1.109967357567189174e+04 6.607056395841757761e-06 7.108894755931971250e-06 7.302266669062988395e-06 7.006072606945573033e-06
1.109977357565189050e+04 6.751769297649778666e-06 7.265032035816176552e-06 7.488278535309258197e-06 7.168359956258405036e-06
1.109987357563188925e+04 6.902213903785400177e-06 7.427711573202027098e-06 7.683159949474391667e-06 7.337695142153938518e-06
1.109997357561188801e+04 7.059323231318771955e-06 7.597896166566255491e-06 7.888092265138046166e-06 7.515103887674359000e-06
1.110007357559188677e+04 7.223481906209031393e-06 7.776038417568196989e-06 8.103793970284975092e-06 7.701104764687400028e-06
1.110017357557188552e+04 7.394817795856467393e-06 7.962290793665229119e-06 8.330758948920956566e-06 7.895955846147551026e-06
1.110027357555188428e+04 7.573950250096625689e-06 8.157249574636798583e-06 8.569978366976196773e-06 8.100392730569873682e-06
1.110037357553188303e+04 7.761657353090948826e-06 8.361587187447290908e-06 8.822663877755225137e-06 8.315302806097820494e-06
1.110047357551188179e+04 7.958356381967423397e-06 8.575538891414978421e-06 9.089836144753747112e-06 8.541243806045381847e-06
1.110057357549188055e+04 8.164870952792113913e-06 8.799641560299662028e-06 9.372785240766711459e-06 8.779099251286160208e-06
1.110067357547187930e+04 8.381814782665072052e-06 9.033994778093330894e-06 9.672831582735141968e-06 9.029547047831182203e-06
1.110077357545187806e+04 8.610401116995303517e-06 9.279179247066774810e-06 9.991936372788243155e-06 9.293838912283440494e-06
1.110087357543187682e+04 8.851383455555013560e-06 9.535002533700574128e-06 1.033155766962310959e-05 9.572647886292899659e-06
1.110097357541187557e+04 9.105260415273514526e-06 9.801082170470302733e-06 1.069315142869964493e-05 9.866498004814486830e-06
1.110107357539187433e+04 9.374079814387289300e-06 1.007840119076895452e-05 1.107989290605373905e-05 1.017745797040332762e-05
1.110117357537187308e+04 9.658384751079640568e-06 1.036639368290737825e-05 1.149330612073161783e-05 1.050602818490621221e-05
1.110127357535187184e+04 9.960060300098599851e-06 1.066632567169943608e-05 1.193678464123490879e-05 1.085439020434431491e-05
1.110137357533187060e+04 1.028040210554407571e-05 1.097867278333854686e-05 1.241306449155071186e-05 1.122404646014444368e-05
1.110147357531186935e+04 1.062136755157521520e-05 1.130495203380711412e-05 1.292558476060741088e-05 1.161730144866324617e-05
1.110157357529186811e+04 1.098512051398328270e-05 1.164689146687592651e-05 1.347862307747100005e-05 1.203687835277673698e-05
1.110167357527186687e+04 1.137377334539840156e-05 1.200620211737339529e-05 1.407630364742542951e-05 1.248542637006574212e-05
1.110177357525186562e+04 1.178990575885813618e-05 1.238433568787884975e-05 1.472335716398706027e-05 1.296586620357468320e-05
1.110187357523186438e+04 1.223574474821541289e-05 1.278157423273395941e-05 1.542489770647641564e-05 1.348073889580859598e-05
1.110197357521186314e+04 1.271509507680757980e-05 1.319843833518709133e-05 1.618736488524714538e-05 1.403363276574727273e-05
1.110207357519186189e+04 1.323054543195593677e-05 1.363358372538231715e-05 1.701620210230939660e-05 1.462677708654921740e-05
1.110217357517186065e+04 1.378529194666072908e-05 1.408390618542963612e-05 1.791806377217092775e-05 1.526242063475376432e-05
1.110227357515185940e+04 1.438314793758023718e-05 1.454676575400070841e-05 1.889993114594312957e-05 1.594328161250802505e-05
1.110237357513185816e+04 1.502806806908588602e-05 1.501779909073447699e-05 1.996909214929482862e-05 1.667165310303839664e-05
1.110247357511185692e+04 1.572311623693549399e-05 1.549182460178746137e-05 2.113185160456819675e-05 1.744893081443038517e-05
1.110257357509185567e+04 1.647059696778764494e-05 1.596503698105597769e-05 2.239223239322496917e-05 1.827595544735619840e-05
1.110267357507185443e+04 1.727229502128660909e-05 1.643467520357387107e-05 2.375482355211546315e-05 1.915393125899197998e-05
1.110277357505185319e+04 1.812848065174453048e-05 1.690194311022591450e-05 2.521902890124781303e-05 2.008315088773941708e-05
1.110287357503185194e+04 1.903659106725712181e-05 1.737219222529162873e-05 2.678346835106407842e-05 2.106408388120427632e-05
1.110297357501185070e+04 1.999851093709368715e-05 1.785932865045445584e-05 2.844529726519451850e-05 2.210104561758088716e-05
1.110307357499184945e+04 2.098576460478250325e-05 1.834497892912081212e-05 3.013777102649547047e-05 2.315617152013292861e-05
1.110317357497184821e+04 2.199447642703214343e-05 1.886686732338533804e-05 3.186816390842548839e-05 2.424316921961432555e-05
1.110327357495184697e+04 2.301097896004975843e-05 1.945832138002242325e-05 3.359868456811021233e-05 2.535599496939413021e-05
1.110337357493184572e+04 2.397548324836122868e-05 2.000591972987972848e-05 3.522856504862069513e-05 2.640332267562054850e-05
1.110347357491184448e+04 2.487435750478093920e-05 2.057857941383862315e-05 3.672276074499091934e-05 2.739189922120349616e-05
1.110357357489184324e+04 2.569073450754745207e-05 2.124279129118114307e-05 3.802176291353336686e-05 2.831842957075398734e-05
1.110367357487184199e+04 2.639263304767141302e-05 2.197526246218861211e-05 3.906258726254851306e-05 2.914349425746951499e-05
1.110377357485184075e+04 2.696462491802846550e-05 2.277474836783515208e-05 3.980845718929694829e-05 2.984927682505351970e-05
1.110387357483183951e+04 2.740862398687643009e-05 2.364496194976756910e-05 4.025491156946910348e-05 3.043616583537104100e-05
1.110397357481183826e+04 2.773580525805954459e-05 2.458334799659087896e-05 4.042128842053387334e-05 3.091348055839476789e-05
1.110407357479183702e+04 2.797552695548632197e-05 2.559137362728818903e-05 4.035848245082091342e-05 3.130846101119848045e-05
1.110417357477183577e+04 2.816186706756252110e-05 2.666667531323455752e-05 4.013051348229198850e-05 3.165301862102968904e-05
1.110427357475183453e+04 2.832982903980612061e-05 2.779711140267548069e-05 3.980607356489410358e-05 3.197767133579189824e-05
1.110437357473183329e+04 2.851560938725303124e-05 2.898182381562760203e-05 3.945443449804014594e-05 3.231728923364025522e-05
1.110447357471183204e+04 2.874546830030524198e-05 3.020382480299122797e-05 3.912934885556816915e-05 3.269288065295487518e-05
1.110457357469183080e+04 2.904346532795116205e-05 3.143492072993679605e-05 3.887834060711102031e-05 3.311890888833299393e-05
1.110467357467182956e+04 2.950797244627266372e-05 3.288944182702551681e-05 3.881656275206736697e-05 3.373799234178851358e-05
1.110477357465182831e+04 2.999438514669892122e-05 3.419850071220738042e-05 3.878102500963035999e-05 3.432463695617888721e-05
1.110487357463182707e+04 3.049637539760776176e-05 3.548282266823213089e-05 3.881045617948471974e-05 3.492988474844153294e-05
1.110497357461182582e+04 3.115461960152845718e-05 3.681271820294508600e-05 3.903193762439112583e-05 3.566642514295489193e-05
1.110507357459182458e+04 3.194907581002511595e-05 3.815998634427932197e-05 3.942193508128117170e-05 3.651033241186187213e-05
1.110517357457182334e+04 3.282755714707191589e-05 3.950551647709448584e-05 3.992870425109438625e-05 3.742059262508693385e-05
1.110527357455182209e+04 3.382372871915227951e-05 4.088271189258461480e-05 4.058163702558084131e-05 3.842935921243924747e-05
1.110537357453182085e+04 3.495970375084460227e-05 4.230457815177062619e-05 4.140024521486285674e-05 3.955484237249269055e-05
1.110547357451181961e+04 3.621805622881266011e-05 4.377520412582035247e-05 4.236296420452827086e-05 4.078540818638709900e-05
1.110557357449181836e+04 3.767036089489098804e-05 4.534165243026024700e-05 4.353789320882683488e-05 4.218330217799268997e-05
1.110567357447181712e+04 3.926870318183872969e-05 4.698237821576380731e-05 4.487296064790211438e-05 4.370801401516821938e-05
1.110577357445181588e+04 4.100313581352284280e-05 4.871075873634898330e-05 4.635387428598264879e-05 4.535592294528482271e-05
1.110587357443181463e+04 4.288132326331925512e-05 5.053710039232782030e-05 4.798429661610637150e-05 4.713424009058448457e-05
1.110597357441181339e+04 4.485184984970156568e-05 5.242979915768779508e-05 4.970728357606518069e-05 4.899631086115151382e-05
1.110607357439181214e+04 4.722469371895805844e-05 5.465544649712548433e-05 5.183810318160203003e-05 5.123941446589518642e-05
1.110617357437181090e+04 4.985453049217821510e-05 5.705590042668587814e-05 5.422126540986752668e-05 5.371056544291053772e-05
1.110627357435180966e+04 5.260359319950471920e-05 5.955308634023034545e-05 5.671262736627973700e-05 5.628976896867159152e-05
1.110637357433180841e+04 5.554867750595740030e-05 6.220950209357873641e-05 5.938649225960689369e-05 5.904822395304767002e-05
1.110647357431180717e+04 5.871494246631658507e-05 6.504716213926790250e-05 6.226446634321155019e-05 6.200885698293201259e-05
1.110657357429180593e+04 6.211989497646367266e-05 6.808222937789310675e-05 6.535959925957083509e-05 6.518724120464254720e-05
1.110667357427180468e+04 6.578023700613525482e-05 7.133031448944054855e-05 6.868472738030093777e-05 6.859842629195890920e-05
1.110677357425180344e+04 6.970997350091409682e-05 7.480495705631405232e-05 7.224916670598958101e-05 7.225469908773925242e-05
1.110687357423180219e+04 7.391812143773114716e-05 7.851578813059339698e-05 7.605707957705678396e-05 7.616366304846042463e-05
1.110697357421180095e+04 7.842113467859096573e-05 8.248147753776459271e-05 8.011968328609564210e-05 8.034076516748371545e-05
1.110707357419179971e+04 8.322979911303880112e-05 8.671630686566659965e-05 8.444213065488654323e-05 8.479607887786399037e-05
1.110717357417179846e+04 8.834986378135657194e-05 9.123329858100158321e-05 8.902540034198293522e-05 8.953618756811370131e-05
1.110727357415179722e+04 9.378697410286141508e-05 9.604803501900958267e-05 9.386873701533103803e-05 9.456791537906734978e-05
1.110737357413179598e+04 9.953899155374658879e-05 1.011719449194832326e-04 9.896388668797671210e-05 9.989160772040219590e-05
1.110747357411179473e+04 1.056048578787179069e-04 1.066229477696676079e-04 1.043039059268222003e-04 1.055105705250692293e-04
1.110757357409179349e+04 1.119754681818535265e-04 1.124143090457591695e-04 1.098737755917998193e-04 1.114211842731374961e-04
1.110767357407179225e+04 1.186388450976415634e-04 1.185631741274532160e-04 1.156554836764366197e-04 1.176191676338438042e-04
1.110777357405179100e+04 1.255679080045349089e-04 1.250753918617617260e-04 1.216164531601020223e-04 1.240865843421328722e-04
1.110787357403178976e+04 1.327334741474678207e-04 1.319601119824734823e-04 1.277229208233049028e-04 1.308055023177487623e-04
1.110797357401178851e+04 1.401033604435495024e-04 1.392266143893788346e-04 1.339395606972615892e-04 1.377565118433966601e-04
1.110807357399178727e+04 1.476319386492221607e-04 1.468743058081626641e-04 1.402185673884704135e-04 1.449082706152850794e-04
1.110817357397178603e+04 1.552746989968708060e-04 1.549038448655019580e-04 1.465150781757142227e-04 1.522312073460289775e-04
1.110827357395178478e+04 1.629775177864662317e-04 1.633043699835427928e-04 1.527781850576539406e-04 1.596866909425542855e-04
1.110837357393178354e+04 1.706790421007065711e-04 1.720577917737860034e-04 1.589534611587672410e-04 1.672300983444199656e-04
1.110847357391178230e+04 1.783219426545333726e-04 1.811435449320327492e-04 1.649918813182185652e-04 1.748191229682615443e-04
1.110857357389178105e+04 1.858335967327763322e-04 1.905178909913187216e-04 1.708354419658438461e-04 1.823956432299796333e-04
1.110867357387177981e+04 1.931563910026950028e-04 2.001446845286253794e-04 1.764453560318713114e-04 1.899154771877305465e-04
1.110877357385177856e+04 2.002155018450573788e-04 2.099599772675340818e-04 1.817695593139087465e-04 1.973150128088334114e-04
1.110887357383177732e+04 2.069404565045600318e-04 2.198917858217342889e-04 1.867652603901146131e-04 2.045325009054696627e-04
1.110897357381177608e+04 2.132615909211727965e-04 2.298582004110412988e-04 1.913956061804697180e-04 2.115051325042279016e-04
1.110907357379177483e+04 2.191102330292651629e-04 2.397633340316191386e-04 1.956269023081357744e-04 2.181668231230066558e-04
1.110917357377177359e+04 2.244165311714254891e-04 2.494959489850404749e-04 1.994264602919564847e-04 2.244463134828075281e-04
1.110927357375177235e+04 2.291194182882933927e-04 2.589382687728471926e-04 2.027718269839515067e-04 2.302765046816973821e-04
1.110937357373177110e+04 2.331566288026585307e-04 2.679536020935767383e-04 2.056364513102289693e-04 2.355822274021547190e-04
1.110947357371176986e+04 2.364825410846739095e-04 2.764034405317413920e-04 2.080083073755921062e-04 2.402980963306691178e-04
1.110957357369176862e+04 2.390591811770995708e-04 2.841383724765443684e-04 2.098744461571277120e-04 2.443573332702572080e-04
1.110967357367176737e+04 2.408594375734291024e-04 2.910000919118580333e-04 2.112265314629515689e-04 2.476953536494129558e-04
1.110977357365176613e+04 2.418769996941937724e-04 2.968334405655887126e-04 2.120670086051127442e-04 2.502591496216317250e-04
1.110987357363176488e+04 2.421193163195412023e-04 3.014837033320524971e-04 2.123996695636301774e-04 2.520008964050746256e-04
1.110997357361176364e+04 2.416102036761696114e-04 3.048048606998229816e-04 2.122358529127394756e-04 2.528836390962439958e-04
1.111007357359176240e+04 2.403961824831982370e-04 3.066778955128129838e-04 2.115979294750723215e-04 2.528906691570278293e-04
1.111017357357176115e+04 2.385338151965021272e-04 3.070066544010204273e-04 2.105122025461172953e-04 2.520175573812132833e-04
1.111027357355175991e+04 2.360967985517705911e-04 3.057430076527233205e-04 2.090153726494791222e-04 2.502850596179910384e-04
1.111037357353175867e+04 2.331611411033349753e-04 3.028842204551049182e-04 2.071431429293593121e-04 2.477295014959330233e-04
1.111047357351175742e+04 2.298166865030287775e-04 2.984914585734797657e-04 2.049463648733569913e-04 2.444181699832885025e-04
1.111057357349175618e+04 2.261536468265193628e-04 2.926856840589865325e-04 2.024789546632277241e-04 2.404394285162445488e-04
1.111067357347175493e+04 2.222501670711888417e-04 2.856295995235124036e-04 1.997870806273491608e-04 2.358889490740168201e-04
1.111077357345175369e+04 2.181887755233545112e-04 2.775399468344572334e-04 1.969280750617927417e-04 2.308855991398681530e-04
1.111087357343175245e+04 2.140392368694346180e-04 2.686539961666445527e-04 1.939526338418511866e-04 2.255486222926434163e-04
1.111097357341175120e+04 2.098569176701594978e-04 2.592145903440650975e-04 1.909023924487241353e-04 2.199913001543162255e-04
1.111107357339174996e+04 2.056915819279815573e-04 2.494642373297717430e-04 1.878207915018508781e-04 2.143255369198680685e-04
1.111117357337174872e+04 2.015660272106356283e-04 2.396098222120946896e-04 1.847267114781802103e-04 2.086341869669701941e-04
1.111127357335174747e+04 1.974986205797524882e-04 2.298380174605664712e-04 1.816401859568604811e-04 2.029922746657264801e-04
1.111137357333174623e+04 1.934845625303914692e-04 2.202909868748517154e-04 1.785581811245517112e-04 1.974445768432649833e-04
1.111147357331174499e+04 1.895207738478267350e-04 2.110889323420629920e-04 1.754825658553963645e-04 1.920307573484286972e-04
1.111157357329174374e+04 1.855795753471899817e-04 2.023055950141044567e-04 1.723905491887812785e-04 1.867585731833585813e-04
1.111167357327174250e+04 1.816350645933873659e-04 1.939945476000027908e-04 1.692606390385695812e-04 1.816300837439865793e-04
1.111177357325174125e+04 1.776615453252169410e-04 1.861886714428546041e-04 1.660710211703211414e-04 1.766404126461309045e-04
1.111187357323174001e+04 1.736251360323368218e-04 1.788922460887239912e-04 1.627905594837937716e-04 1.717693138682848796e-04
1.111197357321173877e+04 1.695010518149855862e-04 1.720996100853534319e-04 1.593956504163507163e-04 1.669987707722299115e-04
1.111207357319173752e+04 1.652666942721017903e-04 1.657883880908245786e-04 1.558631955434878233e-04 1.623060926354713974e-04
1.111217357317173628e+04 1.609094889122304577e-04 1.599265443232868156e-04 1.521785891146014945e-04 1.576715407833729045e-04
1.111227357315173504e+04 1.564240005982350085e-04 1.544737789497021272e-04 1.483345020172684874e-04 1.530774271884018925e-04
1.111237357313173379e+04 1.518089967005829008e-04 1.493808781122283398e-04 1.443269954126622499e-04 1.485056234084911725e-04
1.111247357311173255e+04 1.470753180726947396e-04 1.446010823602704659e-04 1.401638780731707663e-04 1.439467595020453420e-04
1.111257357309173130e+04 1.422322366897054086e-04 1.400807916546169425e-04 1.358521448221840298e-04 1.393883910555021089e-04
1.111267357307173006e+04 1.372995929360875051e-04 1.357746884970713851e-04 1.314097685360914036e-04 1.348280166564167556e-04
1.111277357305172882e+04 1.322940161643428448e-04 1.316346794032937902e-04 1.268526115508353605e-04 1.302604357061573409e-04
1.111287357303172757e+04 1.272397626430098801e-04 1.276214698655749589e-04 1.222047550351380060e-04 1.256886625145742817e-04
1.111297357301172633e+04 1.221640782814986518e-04 1.236969486673724034e-04 1.174949265495543765e-04 1.211186511661418151e-04
1.111307357299172509e+04 1.170791013612654859e-04 1.198375171982691954e-04 1.127435398037304027e-04 1.165533861210883704e-04
1.111317357297172384e+04 1.120453869953703490e-04 1.160328075244679920e-04 1.080021573472718496e-04 1.120267839557034014e-04
1.111327357295172260e+04 1.070774932417026541e-04 1.122514143993600077e-04 1.032947684568785653e-04 1.075412253659804271e-04
1.111337357293172136e+04 1.021992661069863017e-04 1.084769273895401986e-04 9.864957374027441659e-05 1.031085890789336390e-04
1.111347357291172011e+04 9.743007960218928168e-05 1.046952206473825803e-04 9.408980420515091825e-05 9.873836815157426461e-05
1.111357357289171887e+04 9.278464485652155908e-05 1.008958002339209730e-04 8.963332072981118614e-05 9.443792194008455466e-05
1.111367357287171762e+04 8.826750786321266632e-05 9.706565785908906915e-05 8.528771091767081334e-05 9.020695887999084057e-05
1.111377357285171638e+04 8.388334573033280010e-05 9.319986316722585977e-05 8.106009430850944723e-05 8.604776773535604021e-05
1.111387357283171514e+04 7.963123477852163991e-05 8.929485885678210973e-05 7.695153733755459428e-05 8.195921032428611012e-05
1.111397357281171389e+04 7.551269584550055543e-05 8.535648022862013561e-05 7.296526547487763956e-05 7.794481384966611020e-05
1.111407357279171265e+04 7.152387267264604612e-05 8.139178259900143892e-05 6.909886693346791993e-05 7.400484073503847736e-05
1.111417357277171141e+04 6.766537441132435579e-05 7.741739915673048972e-05 6.535405499983580624e-05 7.014560952263021725e-05
1.111427357275171016e+04 6.394768413239967312e-05 7.346499426532249882e-05 6.174221983662396790e-05 6.638496607811537995e-05
1.111437357273170892e+04 6.036117248482336726e-05 6.956754775500772646e-05 5.825450366640352791e-05 6.272774130207820495e-05
1.111447357271170767e+04 5.693054478338088124e-05 6.575150486179374303e-05 5.491696540981998523e-05 5.919967168499820994e-05
1.111457357269170643e+04 5.368184451944862522e-05 6.205320473508012323e-05 5.175583828905047504e-05 5.583029584785974568e-05
1.111467357267170519e+04 5.061311286332367896e-05 5.850521445009347588e-05 4.876937047816059406e-05 5.262923259719257845e-05
1.111477357265170394e+04 4.772934551995573543e-05 5.513278258202479075e-05 4.596293855694226623e-05 4.960835555297427317e-05
1.111487357263170270e+04 4.503306339674348298e-05 5.195353085334708857e-05 4.333943030603447686e-05 4.677534151870835850e-05
1.111497357261170146e+04 4.252295647186509961e-05 4.897717052182344328e-05 4.089786982499711619e-05 4.413266560622855077e-05
1.111507357259170021e+04 4.019416031354321748e-05 4.620618407232232367e-05 3.863369698036432708e-05 4.167801378874328941e-05
1.111517357257169897e+04 3.803893905547496530e-05 4.363713508970709621e-05 3.653945410621299735e-05 3.940517608379835973e-05
1.111527357255169773e+04 3.604752562632430142e-05 4.126220369003858309e-05 3.460562932477798408e-05 3.730511954704695393e-05
1.111537357253169648e+04 3.420894023611278521e-05 3.907065892975538116e-05 3.282147746434881612e-05 3.536702554340566309e-05
1.111547357251169524e+04 3.251168374075343563e-05 3.705010652210846862e-05 3.117571537431130792e-05 3.357916854572440632e-05
1.111557357249169399e+04 3.094426746646522931e-05 3.518745387776839111e-05 2.965705338794845814e-05 3.192959157739403071e-05
1.111567357247169275e+04 2.949558303593093379e-05 3.346960109230202553e-05 2.825456657945937187e-05 3.040658356923078045e-05
1.111577357245169151e+04 2.815513660660579884e-05 3.188389961924731434e-05 2.695793029139574961e-05 2.899898883908295539e-05
1.111587357243169026e+04 2.691317842930683311e-05 3.041843049635038247e-05 2.575755087359528594e-05 2.769638659975083610e-05
1.111597357241168902e+04 2.576075709184528150e-05 2.906215123635542339e-05 2.464462102044030290e-05 2.648917644954700712e-05
1.111607357239168778e+04 2.468972287905511114e-05 2.780495228580983570e-05 2.361112412775641476e-05 2.536859976420712505e-05
1.111617357237168653e+04 2.369269893710490167e-05 2.663765448241485365e-05 2.264980638367901754e-05 2.432671993439959208e-05
1.111627357235168529e+04 2.276303375380676197e-05 2.555197036137005584e-05 2.175413009615141362e-05 2.335637807044274494e-05
1.111637357233168404e+04 2.189474424860145881e-05 2.454044522449534175e-05 2.091821756086395588e-05 2.245113567798691769e-05
1.111647357231168280e+04 2.108245561342422542e-05 2.359638860463358879e-05 2.013679160679978576e-05 2.160521194161919660e-05
1.111657357229168156e+04 2.032134174913162922e-05 2.271380299278953461e-05 1.940511668016869199e-05 2.081342047402994855e-05
1.111667357227168031e+04 1.960706857398248124e-05 2.188731401198470435e-05 1.871894274358131298e-05 2.007110844318283060e-05
1.111677357225167907e+04 1.893574143700568453e-05 2.111210447407155881e-05 1.807445322211841463e-05 1.937409971106521819e-05
1.111687357223167783e+04 1.830385715728978491e-05 2.038385355721523506e-05 1.746821753070532153e-05 1.871864274840344717e-05
1.111697357221167658e+04 1.770826079561537591e-05 1.969868158516463057e-05 1.689714829277298006e-05 1.810136355785099438e-05
1.111707357219167534e+04 1.714610702053084623e-05 1.905310045756819311e-05 1.635846310349358372e-05 1.751922352719754102e-05
1.111717357217167410e+04 1.661482575753698827e-05 1.844396947444282877e-05 1.584965055283365601e-05 1.696948192827115769e-05
1.111727357215167285e+04 1.611209177098946649e-05 1.786845617900721976e-05 1.536844014063749438e-05 1.644966269687806021e-05
1.111737357213167161e+04 1.563579778985028703e-05 1.732400177175585010e-05 1.491277570496826171e-05 1.595752508885813295e-05
1.111747357211167036e+04 1.518403079743463254e-05 1.680829061941073097e-05 1.448079199704367048e-05 1.549103780462967743e-05
1.111757357209166912e+04 1.475505112456021629e-05 1.631922341826306090e-05 1.407079402149055854e-05 1.504835618810461078e-05
1.111767357207166788e+04 1.434727401656322061e-05 1.585489357420965273e-05 1.368123884321936201e-05 1.462780214466407901e-05
1.111777357205166663e+04 1.395925337693813026e-05 1.541356642415423313e-05 1.331071953888370252e-05 1.422784644665868807e-05
1.111787357203166539e+04 1.358966741177371477e-05 1.499366093967206896e-05 1.295795103838273853e-05 1.384709312994283906e-05
1.111797357201166415e+04 1.323730595059043116e-05 1.459373360646462199e-05 1.262175762612834268e-05 1.348426572772779748e-05
1.111807357199166290e+04 1.303013529568395687e-05 1.434019192927956935e-05 1.241112874083767252e-05 1.326048532193373179e-05
1.111817357197166166e+04 1.283291863788701898e-05 1.409914796046061710e-05 1.221061271290648194e-05 1.304755977041803934e-05
1.111827357195166041e+04 1.264498914921862469e-05 1.386974550160365512e-05 1.201953436149243393e-05 1.284475633743823848e-05
1.111837357193165917e+04 1.246574409503919423e-05 1.365120991591117316e-05 1.183728194266219688e-05 1.265141198453752030e-05
1.111847357191165793e+04 1.229463003003881515e-05 1.344283152276974888e-05 1.166329366365340226e-05 1.246691840548732153e-05
1.111857357189165668e+04 1.213113799731759952e-05 1.324395911957389806e-05 1.149705282497663701e-05 1.229071664728937933e-05
1.111867357187165544e+04 1.197479926077034805e-05 1.305399423474095893e-05 1.133808350049216573e-05 1.212229233200115757e-05
1.111877357185165420e+04 1.182518150680597845e-05 1.287238603298962325e-05 1.118594669271933626e-05 1.196117141083831209e-05
1.111887357183165295e+04 1.168188545701940128e-05 1.269862677909787096e-05 1.104023690556400972e-05 1.180691638056042675e-05
1.111897357181165171e+04 1.154454184500794541e-05 1.253224779869411217e-05 1.090057908023754849e-05 1.165912290797986982e-05
1.111907357179165047e+04 1.141280871087867965e-05 1.237281587663048128e-05 1.076662585621730138e-05 1.151741681457548800e-05
1.111917357177164922e+04 1.128636897576256159e-05 1.221993003572555603e-05 1.063805511602124959e-05 1.138145137583645574e-05
1.111927357175164798e+04 1.116492826823083011e-05 1.207321865337118221e-05 1.051456778026131189e-05 1.125090490062110864e-05
1.111937357173164673e+04 1.104821296762817538e-05 1.193233687632732532e-05 1.039588582832694001e-05 1.112547855742748024e-05
