651.1959362527    7.846608791333334e-06    7.799844097999999e-06    7.886867301333333e-06    7.844440063555555e-06
651.2959362127    7.069451203863405e-06    7.021158658474548e-06    7.111127811962831e-06    7.067245891433597e-06
651.3959361727    6.519941750274681e-06    6.470483083540913e-06    6.562713392731986e-06    6.5177127421825264e-06
651.4959361327    6.193686176506569e-06    6.14343102179569e-06    6.2372302149130286e-06    6.1914491377384285e-06
651.5959360927    2.1641123732667285e-05    2.1679082343378945e-05    2.159478197498508e-05    2.163832935034377e-05
651.6959360527    2.004044472537543e-05    2.008190939782736e-05    1.9990741560949135e-05    2.0037698561383975e-05
651.7959360126999    1.896123219485788e-05    1.900522210101629e-05    1.8909035554441625e-05    1.8958496616771934e-05
651.8959359726999    1.8308846806842022e-05    1.835447367639597e-05    1.825503626063997e-05    1.8306118914625987e-05
651.9959359326999    1.7914965842826725e-05    1.7961708982791627e-05    1.7860061961895137e-05    1.791224559583783e-05
652.0959358926999    1.7690253795657523e-05    1.773781230209619e-05    1.76345785830548e-05    1.768754822693617e-05
652.1959358526999    1.7563793856697234e-05    1.7611973945801227e-05    1.7507574865031226e-05    1.7561114222509896e-05
652.2959358126999    1.748873928836445e-05    1.7537415616862115e-05    1.7432015127295418e-05    1.7486056677507327e-05
652.3959357726999    1.7459070220237865e-05    1.750816650448977e-05    1.7401885376161016e-05    1.7456374033629553e-05
652.4959357326999    1.746465393148884e-05    1.7514126916899918e-05    1.7407101009033397e-05    1.746196061914072e-05
652.5959356926999    1.749475306683413e-05    1.7544558470853282e-05    1.74368917361411e-05    1.7492067757942836e-05
652.6959356526999    1.7543400011353872e-05    1.7593522186775163e-05    1.7485257819351425e-05    1.7540726672493488e-05
652.7959356126999    1.7610971113827315e-05    1.7661398553888367e-05    1.7552582267420634e-05    1.7608317311712108e-05
652.8959355726998    1.7680861939632343e-05    1.7731567528672332e-05    1.7622287113839138e-05    1.7678238860714603e-05
652.9959355326998    1.7762177093408792e-05    1.7813142079211786e-05    1.7703340539216363e-05    1.775955323727898e-05
653.0959354926998    1.7854330371449357e-05    1.790554193440728e-05    1.7795189599552616e-05    1.7851687301803086e-05
653.1959354526998    1.7952282220104474e-05    1.800376055279102e-05    1.7892978887870933e-05    1.7949673886922143e-05
653.2959354126998    1.805842320391343e-05    1.811018061504461e-05    1.7999037570556964e-05    1.8055880463171666e-05
653.3959353726998    1.8163760603362278e-05    1.8215747840628275e-05    1.8104218881921795e-05    1.8161242441970784e-05
653.4959353326998    1.8280473724680632e-05    1.833268806926474e-05    1.8220750503956157e-05    1.827797076596718e-05
653.5959352926998    1.8404638124857797e-05    1.8457115940131264e-05    1.8344781916517e-05    1.840217866050202e-05
653.6959352526998    1.8528509770165516e-05    1.858124419935673e-05    1.846857430067908e-05    1.8526109423400444e-05
653.7959352126998    1.865947241935688e-05    1.8712444417898268e-05    1.8599400642789516e-05    1.8657105826681553e-05
653.8959351726998    1.879419251640818e-05    1.8847398687958296e-05    1.8733958985784834e-05    1.8791850063383772e-05
653.9959351326997    1.8931725496624435e-05    1.8985178022140637e-05    1.8871372458967137e-05    1.8929425325910736e-05
654.0959350926997    1.9076564332615636e-05    1.913026040892614e-05    1.90161136314569e-05    1.9074312790999557e-05
654.1959350526997    1.9219609496339026e-05    1.9273570351125663e-05    1.9159198008830097e-05    1.9217459285431595e-05
654.2959350126997    1.9367704465426463e-05    1.942194818995362e-05    1.9307285144811886e-05    1.936564593339732e-05
654.3959349726997    1.9517909966294725e-05    1.9572412327062394e-05    1.94574216320119e-05    1.9515914641789673e-05
654.4959349326997    1.9674430918715856e-05    1.972919066466905e-05    1.96139722384389e-05    1.9672531273941267e-05
654.5959348926997    1.9837199117293285e-05    1.989224397088991e-05    1.9776804608401615e-05    1.9835415898861603e-05
654.6959348526997    1.9997828649333523e-05    2.005316642649851e-05    1.993754589853261e-05    1.9996180324788213e-05
654.7959348126997    2.0160580259224618e-05    2.021621010169963e-05    2.0100355396530795e-05    2.0159048585818346e-05
654.8959347726997    2.0326215504289068e-05    2.038214187283705e-05    2.026602009046203e-05    2.032479248919605e-05
654.9959347326997    2.0494899948070117e-05    2.0551117748416947e-05    2.0434843507896853e-05    2.0493620401461306e-05
655.0959346926996    2.0667978455241045e-05    2.0724523044675747e-05    2.0608087977194055e-05    2.066686315903695e-05
655.1959346526996    2.0846673453571016e-05    2.090354312261564e-05    2.0787011386065518e-05    2.0845742654084057e-05
655.2959346126996    2.1028470672140673e-05    2.1085674802708217e-05    2.0969113723587248e-05    2.102775306614538e-05
655.3959345726996    2.1220473677111535e-05    2.1278043379205916e-05    2.116147141189701e-05    2.1219996156071488e-05
655.4959345326996    2.14138306264994e-05    2.1471753754647905e-05    2.1355141788880544e-05    2.1413575390009283e-05
655.5959344926996    2.1604472116223518e-05    2.166275930785352e-05    2.154608972083946e-05    2.1604440381638835e-05
655.6959344526996    2.1793911250395636e-05    2.1852616223245307e-05    2.1736059470227316e-05    2.1794195647956083e-05
655.7959344126996    2.199446954248565e-05    2.2053584132250308e-05    2.193719592664794e-05    2.19950832004613e-05
655.8959343726996    2.2205681382692668e-05    2.22651718864844e-05    2.2148989193209178e-05    2.2206614154128748e-05
655.9959343326996    2.241082868235081e-05    2.2470763132315383e-05    2.2354796710060534e-05    2.2412129508242243e-05
656.0959342926996    2.262302882579336e-05    2.2683448646221173e-05    2.2567883935837424e-05    2.262478713595065e-05
656.1959342526995    2.2846550094459063e-05    2.2907451341303262e-05    2.2792359294164456e-05    2.2848786909975595e-05
656.2959342126995    2.3070842602843138e-05    2.313219757302801e-05    2.3017647021904804e-05    2.3073562399258654e-05
656.3959341726995    2.3293515268554894e-05    2.335530723615681e-05    2.324158781005505e-05    2.3296803438255584e-05
656.4959341326995    2.3525272089205437e-05    2.358757806985031e-05    2.347474108279923e-05    2.3529197080618326e-05
656.5959340926995    2.3767730276026843e-05    2.3830581361530623e-05    2.3718605800952543e-05    2.3772305812836672e-05
656.6959340526995    2.4015764351176414e-05    2.407915861864231e-05    2.3968170991580024e-05    2.402103132046625e-05
656.7959340126995    2.426891817488364e-05    2.4332883235688173e-05    2.4223099505035852e-05    2.4274966971869226e-05
656.8959339726995    2.4527559943387638e-05    2.4592164802977733e-05    2.4483672171850707e-05    2.4534465639405356e-05
656.9959339326995    2.4803400638243077e-05    2.4868753040565888e-05    2.4761525211520842e-05    2.4811226296776602e-05
657.0959338926995    2.5096428895311947e-05    2.516271661904149e-05    2.5056546633878572e-05    2.5105230716077337e-05
657.1959338526995    2.5394068911826872e-05    2.5461624548256352e-05    2.5355790673558646e-05    2.5403828044547288e-05
657.2959338126994    2.5697360997388952e-05    2.5766936282252673e-05    2.5660016016160632e-05    2.5708104431934083e-05
657.3959337726994    2.6032861211290627e-05    2.610610175684742e-05    2.5994678820678825e-05    2.6044547262938955e-05
657.4959337326994    2.640158221520078e-05    2.6481861014641508e-05    2.6358794037391693e-05    2.6414079089077997e-05
657.5959336926994    2.6815121934428815e-05    2.6910063427667332e-05    2.675940437202122e-05    2.6828196578039123e-05
657.6959336526994    2.729482027846168e-05    2.742307792192833e-05    2.7206817887382085e-05    2.7308238695924036e-05
657.7959336126994    2.788746914039282e-05    2.809977181291123e-05    2.771861566473197e-05    2.7901952206012006e-05
657.8959335726994    2.8752652429976494e-05    2.921054135254756e-05    2.83606374059237e-05    2.8774610396149254e-05
657.9959335326994    3.0308343322115998e-05    3.159860134411317e-05    2.9210398162646316e-05    3.037244760962516e-05
658.0959334926994    3.2978383902254084e-05    3.572100408987729e-05    3.0483626033206963e-05    3.306100467511278e-05
658.1959334526994    3.5055048550180554e-05    3.552560578866875e-05    3.27331172428934e-05    3.44379238605809e-05
658.2959334126994    3.8629957988188e-05    3.469307254982148e-05    3.7406056318708934e-05    3.6909695618906134e-05
658.3959333726993    4.439593411444381e-05    3.7874921767328715e-05    4.74293499396451e-05    4.323340194047255e-05
658.4959333326993    5.086147883990854e-05    4.2475144887995796e-05    6.077523405695147e-05    5.1370619261618605e-05
658.5959332926993    4.641285751708673e-05    4.1123952927320134e-05    5.584357856548591e-05    4.779346300329759e-05
658.6959332526993    4.048700952188352e-05    3.916111576855358e-05    4.629587404051223e-05    4.198133311031645e-05
658.7959332126993    4.1837134273122006e-05    4.100916277058183e-05    4.6882755074102116e-05    4.3243017372601986e-05
658.8959331726993    4.58491701432377e-05    4.372752146855702e-05    5.085316844647082e-05    4.680995335275517e-05
658.9959331326993    4.542623289037233e-05    4.358290372086765e-05    4.7990365286337304e-05    4.5666500632525764e-05
659.0959330926993    4.292883607612162e-05    4.362665896764894e-05    4.197396022791942e-05    4.284315175722999e-05
659.1959330526993    4.3206188415339055e-05    4.679130775417893e-05    4.022856949756454e-05    4.340868855569418e-05
659.2959330126993    4.322530327149663e-05    4.916984104495512e-05    4.07824043386224e-05    4.439251621835805e-05
659.3959329726993    4.262970402005677e-05    4.891613697387801e-05    4.2904254242330376e-05    4.481669841208838e-05
659.4959329326992    4.5530782816429645e-05    5.407490382204683e-05    4.899708351796326e-05    4.9534256718813244e-05
659.5959328926992    5.505937864777633e-05    7.180668794752769e-05    6.553870978285071e-05    6.413492545938491e-05
659.6959328526992    6.215514098868025e-05    7.979843074494542e-05    9.269848007698427e-05    7.821735060353665e-05
659.7959328126992    6.521799035911108e-05    7.460103838315784e-05    9.652346551633986e-05    7.878083141953626e-05
659.8959327726992    8.279290220302879e-05    9.056979296241828e-05    8.423672447904999e-05    8.586647321483234e-05
659.9959327326992    0.00011860838611648438    0.00012925216723386277    9.596971629844946e-05    0.00011461008988293221
660.0959326926992    0.00013872116027488076    0.00015397823146469058    0.00011004791816671215    0.0001342491033020945
660.1959326526992    0.00011720986992031101    0.00013016980437179876    9.747082420378634e-05    0.0001149501661652987
660.2959326126992    9.255097373245963e-05    9.887589990096579e-05    8.325072886562975e-05    9.155920083301838e-05
660.3959325726992    0.00010335465852834199    0.00010600959429728189    9.867195279958382e-05    0.00010267873520840258
660.4959325326992    0.00010915186458329948    0.00010831922812530814    0.00010814509064992583    0.00010853872778617782
660.5959324926991    7.781039778439677e-05    7.742781230793716e-05    7.81335161251451e-05    7.779057540582634e-05
660.6959324526991    5.652901783716378e-05    5.608845440579876e-05    5.594647097555022e-05    5.618798107283758e-05
660.7959324126991    4.793853224978647e-05    4.7981888242576205e-05    4.74326972029951e-05    4.778437256511926e-05
660.8959323726991    4.4325233057452656e-05    4.453361059520007e-05    4.394929951385485e-05    4.426938105550252e-05
660.9959323326991    4.265755118066948e-05    4.288760530551815e-05    4.235937797971016e-05    4.263484482196593e-05
661.0959322926991    4.184536483353018e-05    4.206126554256119e-05    4.16000962423961e-05    4.183557553949582e-05
661.1959322526991    4.1478353077247884e-05    4.167181201082529e-05    4.127104104404164e-05    4.14737353773716e-05
661.2959322126991    4.13813919812519e-05    4.1551925002925726e-05    4.1202153976620994e-05    4.137849032026621e-05
661.3959321726991    4.1454628281028155e-05    4.1604082196750305e-05    4.129675657082077e-05    4.145182234953308e-05
661.4959321326991    4.1644737856930696e-05    4.1775318092651664e-05    4.150343663581662e-05    4.164116419513299e-05
661.5959320926991    4.191276625644218e-05    4.202653488145496e-05    4.17843649091676e-05    4.190788868235491e-05
661.695932052699    4.2239843750726866e-05    4.233865309513083e-05    4.2121629669848785e-05    4.2233375505235495e-05
661.795932012699    4.261953895037502e-05    4.2705131582786535e-05    4.250994507461007e-05    4.261153853592387e-05
661.895931972699    4.303062601558652e-05    4.31043607105573e-05    4.2928065620039235e-05    4.302101744872768e-05
661.995931932699    4.3470920099917645e-05    4.353383776577018e-05    4.337405132494273e-05    4.345960306354352e-05
662.095931892699    4.395526156534403e-05    4.4008273578005576e-05    4.386350677551309e-05    4.3942347306287564e-05
662.195931852699    4.447059038370956e-05    4.451439739285759e-05    4.438315809636758e-05    4.445604862431158e-05
662.295931812699    4.499822132847247e-05    4.503350296922082e-05    4.4914654804222424e-05    4.498212636730524e-05
662.395931772699    4.554464675438195e-05    4.557194001414747e-05    4.546452037706029e-05    4.552703571519657e-05
662.495931732699    4.6112472884913385e-05    4.613219762626954e-05    4.60352851202275e-05    4.609331854380348e-05
662.595931692699    4.669574836818889e-05    4.670828301306819e-05    4.662139780813161e-05    4.667514306312956e-05
662.695931652699    4.7303030818415566e-05    4.7308522508086774e-05    4.723112275362382e-05    4.728089202670872e-05
662.795931612699    4.793308742902981e-05    4.7931679625011514e-05    4.786347941635801e-05    4.790941549013311e-05
662.8959315726989    4.857367033656164e-05    4.8565662066451325e-05    4.850663823921887e-05    4.854865688074394e-05
662.9959315326989    4.922999455943531e-05    4.921544777560644e-05    4.916536461167778e-05    4.920360231557317e-05
663.0959314926989    4.990706672780337e-05    4.9886063293356236e-05    4.984454370467789e-05    4.9879224575279164e-05
663.1959314526989    5.060550484491349e-05    5.057808362818227e-05    5.054522428966427e-05    5.0576270920920014e-05
663.2959314126989    5.1324752427421217e-05    5.1290941562714154e-05    5.1266928514609424e-05    5.12942075015816e-05
663.3959313726989    5.205414592507308e-05    5.201394837374216e-05    5.1998496374874674e-05    5.2022196891229975e-05
663.4959313326989    5.278662478628997e-05    5.2739940194927295e-05    5.273320367593567e-05    5.2753256219050975e-05
663.5959312926989    5.355219046102566e-05    5.3498864319169115e-05    5.3501035243500895e-05    5.351736334123188e-05
663.6959312526989    5.43487792497257e-05    5.428874143370696e-05    5.4299794047997266e-05    5.431243824380998e-05
663.7959312126989    5.52059996755313e-05    5.513923712003351e-05    5.515939650847375e-05    5.5168211101346186e-05
663.8959311726989    5.6064755495511485e-05    5.599117006322161e-05    5.6020660725160045e-05    5.602552876129771e-05
663.9959311326988    5.686928660770941e-05    5.678860577600238e-05    5.6827600947923934e-05    5.6828497777211904e-05
664.0959310926988    5.777024584240554e-05    5.768220488395673e-05    5.7731045776087266e-05    5.772783216748318e-05
664.1959310526988    5.86519774774501e-05    5.855644850171345e-05    5.861552119983517e-05    5.860798239299958e-05
664.2959310126988    5.954006006260341e-05    5.94368928061422e-05    5.950654881832917e-05    5.9494500562358256e-05
664.3959309726988    6.0525263770386386e-05    6.041427611984019e-05    6.0494859318632616e-05    6.047813306961973e-05
664.4959309326988    6.15219107072164e-05    6.140275723661741e-05    6.149449299490655e-05    6.14730536462468e-05
664.5959308926988    6.248557287889846e-05    6.235789560593025e-05    6.246143112086276e-05    6.243496653523049e-05
664.6959308526988    6.344946800419509e-05    6.331309174502435e-05    6.342892191803916e-05    6.339716055575287e-05
664.7959308126988    6.451411449875707e-05    6.436868275623667e-05    6.44970079234202e-05    6.445993505947131e-05
664.8959307726988    6.565883559946939e-05    6.550394060090813e-05    6.564522665458223e-05    6.560266761831992e-05
664.9959307326988    6.678408613959778e-05    6.661948563071181e-05    6.677433634138364e-05    6.672596937056442e-05
665.0959306926987    6.790327243311409e-05    6.772857133276411e-05    6.789791351417886e-05    6.784325242668567e-05
665.1959306526987    6.907035707344174e-05    6.88850934952881e-05    6.906925761951277e-05    6.900823606274754e-05
665.2959306126987    7.019075633998536e-05    6.999456766975905e-05    7.019393631629839e-05    7.012642010868093e-05
665.3959305726987    7.136462097192411e-05    7.115708177387489e-05    7.137272953461804e-05    7.129814409347234e-05
665.4959305326987    7.267717938876968e-05    7.245762699269817e-05    7.269047725365586e-05    7.260842787837457e-05
665.5959304926987    7.401385180705416e-05    7.378181264578495e-05    7.403245724114611e-05    7.394270723132841e-05
665.6959304526987    7.534407446698616e-05    7.509903697869023e-05    7.536805179159875e-05    7.527038774575838e-05
665.7959304126987    7.67271257043793e-05    7.646842834513952e-05    7.675689577239423e-05    7.665081660730434e-05
665.8959303726987    7.810991229445089e-05    7.783707491524837e-05    7.814620367179264e-05    7.803106362716397e-05
665.9959303326987    7.950424698327696e-05    7.9216696935284e-05    7.954695074799303e-05    7.942263155551799e-05
666.0959302926987    8.105617636775871e-05    8.075301587344235e-05    8.11050964915544e-05    8.097142957758514e-05
666.1959302526986    8.257530187937264e-05    8.225598505002921e-05    8.263166986502695e-05    8.24876522648096e-05
666.2959302126986    8.405823369905906e-05    8.372206841138586e-05    8.412253571854719e-05    8.396761260966404e-05
666.3959301726986    8.569598709380734e-05    8.534184689124967e-05    8.576813091451828e-05    8.560198829985844e-05
666.4959301326986    8.739964542880282e-05    8.702672814591345e-05    8.748027462847818e-05    8.730221606773148e-05
666.5959300926986    8.91724362015797e-05    8.877990344440391e-05    8.926193388250092e-05    8.907142450949483e-05
666.6959300526986    9.096861637345306e-05    9.055557692728926e-05    9.106739591865722e-05    9.086386307313317e-05
666.7959300126986    9.285172763980634e-05    9.241713918621189e-05    9.296034857540514e-05    9.274307180047446e-05
666.8959299726986    9.476887136298677e-05    9.431150860212688e-05    9.488825310668259e-05    9.465621102393206e-05
666.9959299326986    9.66685857809602e-05    9.61873865721788e-05    9.679915381011427e-05    9.655170872108443e-05
667.0959298926986    9.858711366939933e-05    9.80807686455385e-05    9.872895418041661e-05    9.846561216511816e-05
667.1959298526986    0.00010066537154463878    0.0001001323803306136    0.00010081976182970208    0.00010053917123498482
667.2959298126985    0.00010291223533783508    0.00010235139678079928    0.0001030796344032296    0.00010278108884062132
667.3959297726985    0.00010511217683100658    0.00010452216727315495    0.00010529333439083655    0.00010497589283166603
667.4959297326985    0.00010738271307316963    0.0001067617836024242    0.00010757858710934486    0.00010724102792831289
667.5959296926985    0.00010979719420761117    0.00010914372017933747    0.00011000863771082907    0.00010964985069925924
667.6959296526985    0.00011231907771157526    0.00011163119096334532    0.00011254724483743565    0.00011216583783745207
667.7959296126985    0.00011480069174645233    0.00011407636257426972    0.00011504617106019424    0.00011464107512697208
667.8959295726985    0.00011735684155289659    0.00011659416902891424    0.00011762108011699967    0.00011719069689960349
667.9959295326985    0.00012009601156101244    0.00011929279105299283    0.00012038046914419678    0.00011992309058606734
668.0959294926985    0.0001229270197003213    0.00012208070001020025    0.00012323177740779375    0.00012274649903943843
668.1959294526985    0.00012592494999101096    0.0001250330721216111    0.00012625159351729943    0.00012573653854330716
668.2959294126985    0.00012900254159788424    0.00012806235687292422    0.00012935329117305444    0.00012880606321462096
668.3959293726984    0.00013210704163999369    0.0001311156669113198    0.00013248285275894937    0.0001319018537700876
668.4959293326984    0.00013536958817167248    0.000134324068164303    0.00013577199276461165    0.00013515521636686236
668.5959292926984    0.00013879682393289625    0.0001376936715448126    0.00013922767496150822    0.00013857272347973904
668.6959292526984    0.00014231218843295223    0.00014114768966459187    0.00014277353773708187    0.00014207780527820865
668.7959292126984    0.00014594201111987524    0.00014471262967531446    0.00014643519181358695    0.00014569661086959222
668.8959291726984    0.000149790164312996    0.00014849157401595274    0.0001503172968207146    0.00014953301171655446
668.9959291326984    0.00015380427339743003    0.00015243205947360929    0.00015436932359847916    0.00015353521882317282
669.0959290926984    0.00015797283966179957    0.00015652181778445345    0.00015857786218512583    0.00015769083987712628
669.1959290526984    0.00016229281750156403    0.0001607568294801715    0.00016293971832899876    0.00016199645510357809
669.2959290126984    0.00016678320868871566    0.00016515787015583297    0.0001674745940186484    0.000166471890954399
669.3959289726984    0.00017144097603535237    0.00016971811815738027    0.00017217935907807717    0.0001711128177569366
669.4959289326983    0.0001763637945066329    0.0001745381868549487    0.00017715379631679028    0.0001760185925594573
669.5959288926983    0.00018153694505919458    0.00017960199975303398    0.00018238369905850639    0.0001811742146235783
669.6959288526983    0.00018688687260522239    0.00018483358192317476    0.000187793971868994    0.0001865048087991304
669.7959288126983    0.00019253225593671408    0.0001903523149244212    0.00019350315165215403    0.0001921292408377631
669.8959287726983    0.0001984089765443228    0.00019609491194103452    0.00019945124778579032    0.00019798504542371586
669.9959287326983    0.00020458567974866254    0.00020212597339475292    0.00020570466675951706    0.0002041387733009775
670.0959286926983    0.00021108956838136625    0.00020847384502879627    0.00021228777173123466    0.00021061706171379905
670.1959286526983    0.00021785851066019355    0.0002150738482173923    0.00021914562877120903    0.00021735932921626496
670.2959286126983    0.00022501377294865035    0.00022204174741928003    0.0002263931028705262    0.00022448287441281884
670.3959285726983    0.0002325019690369042    0.000229335319808124    0.00023398640535575595    0.0002319412314002614
670.4959285326983    0.00024043903517682205    0.00023705143365569938    0.0002420330202486431    0.00023984116302705488
670.5959284926982    0.0002489212812479246    0.00024530041421930106    0.0002506352220324463    0.00024828563916655735
670.6959284526982    0.00025773762497754884    0.00025386701059637595    0.000259584388185602    0.0002570630079198423
670.7959284126982    0.0002669467658590145    0.0002628007721858313    0.0002689387920908522    0.00026622877671189936
670.8959283726982    0.00027680135793211783    0.00027235223303141915    0.00027894762754107974    0.0002760337395015389
670.9959283326982    0.00028725313408285605    0.0002824727077947969    0.00028956642999420967    0.0002864307572906209
671.0959282926982    0.00029828683438273037    0.0002931424662163405    0.0003007866170163533    0.00029740530587180807
671.1959282526982    0.0003100436374572923    0.00030450610364096497    0.00031275282430767715    0.00030910085513531144
671.2959282126982    0.00032245904152829814    0.00031649055409974347    0.000325394954078512    0.0003214481832355179
671.3959281726982    0.00033570715356156595    0.00032925695215145717    0.000338887816669957    0.00033461730746099335
671.4959281326982    0.0003499117260616227    0.00034293357859399424    0.00035336416876144384    0.00034873649113902023
671.5959280926982    0.0003649620247970694    0.00035740152569364305    0.0003687184764203385    0.0003636940089703503
671.6959280526982    0.0003811932653075425    0.00037298734194603835    0.00038529079589811206    0.0003798238010505643
671.7959280126981    0.00039859385993243845    0.0003896709605196285    0.000403071746414856    0.000397112188955641
671.8959279726981    0.0004171523134424212    0.00040742810305454167    0.0004220558061644519    0.00041554540755380496
671.9959279326981    0.0004371960468530376    0.0004265763155277524    0.00044257602959365644    0.00043544946399148214
672.0959278926981    0.000458804579471705    0.0004471741319277086    0.00046470501144019476    0.00045689457427986943
672.1959278526981    0.0004820879860671648    0.00046932623407669455    0.0004885810633001877    0.00047999842781468237
672.2959278126981    0.0005074529947543954    0.0004934134702585449    0.0005146171877910302    0.0005051612176013235
672.3959277726981    0.000535084600641137    0.0005196071998739236    0.0005430124267447953    0.0005325680757532853
672.4959277326981    0.0005650530841026557    0.0005479228328704885    0.0005738499686477935    0.0005622752952069791
672.5959276926981    0.0005977815708104339    0.0005787642615659343    0.0006075652099631795    0.0005947036807798492
672.6959276526981    0.00063371136662157    0.0006125306201842058    0.0006446302258165753    0.0006302907375407836
672.795927612698    0.000673345051953868    0.0006496685560253052    0.0006855764745760999    0.0006695300275184244
672.895927572698    0.0007172012778794687    0.000690653077687781    0.0007309312625690793    0.0007129285393787764
672.995927532698    0.000765860134347703    0.0007359490988564128    0.0007813632152518036    0.0007610574828186398
673.095927492698    0.0008201915914088277    0.0007863393429777576    0.0008377435617439662    0.0008147581653768505
673.195927452698    0.000881080648267748    0.0008425733044069125    0.0009010433364366097    0.0008748990963704235
673.295927412698    0.0009499376130869643    0.0009059009893209282    0.0009727577243684176    0.00094286544225877
673.395927372698    0.0010282378953379535    0.0009776298684554584    0.0010544103330589806    0.0010200926989507974
673.495927332698    0.0011181554313417067    0.001059600554707252    0.001148349334515665    0.0011087017735215412
673.595927292698    0.0012219270971220234    0.001153776620310769    0.0012568839545493299    0.001210862557327374
673.695927252698    0.001343467044333376    0.0012635962366275204    0.0013841192980819281    0.001330394193014275
673.795927212698    0.001487805852830639    0.001393601479063403    0.0015351675774914026    0.001472191636461815
673.895927172698    0.0016609990327495084    0.0015492354724502464    0.0017160028230194238    0.001642079109406393
673.995927132698    0.0018729094926126912    0.0017391606376878847    0.0019369307517475226    0.0018496669606826994
674.0959270926979    0.002140836567923972    0.0019795084288011747    0.002214335225666095    0.002111560074130414
674.1959270526979    0.00249075574629198    0.002298701091054972    0.002571684638812009    0.0024537138253863207
674.2959270126979    0.0029577468410236967    0.0027432943506635124    0.0030276435849471333    0.0029095615922114476
674.3959269726979    0.0036426482674220897    0.0034412725485484345    0.003647615254660885    0.00357717869021047
674.4959269326979    0.00481124935846298    0.004788771436142646    0.00455036936868373    0.004716796721096452
674.5959268926979    0.00712961921801758    0.007846418161660715    0.005968158247961974    0.006981398542546756
674.6959268526979    0.009816609834458567    0.010497136627301746    0.008452728635860765    0.00958882503254036
674.7959268126979    0.012373697835735581    0.010010540422588388    0.013665472263953756    0.012016570174092574
674.8959267726979    0.020827013216813305    0.013202948923572842    0.025985133019685105    0.020005031720023752
674.9959267326979    0.03488442480475791    0.020007122172220268    0.045172820448740256    0.03335478914190615
675.0959266926978    0.039715278509336954    0.022804621213111116    0.04949840355827649    0.03733943442690819
675.1959266526978    0.03780863293446638    0.022312094897626745    0.05103899676436502    0.03705324153215271
675.2959266126978    0.055000802424108514    0.030802370197611756    0.07216540995217752    0.052656194191299265
675.3959265726978    0.07470180557823139    0.04784521361579757    0.09096500447090003    0.07117067455497633
675.4959265326978    0.08590745996554339    0.07186027290710527    0.09254268786605405    0.0834368069129009
675.5959264926978    0.07547552086624622    0.09186550438868399    0.060407685260977256    0.07591623683863583
675.6959264526978    0.06656055316587697    0.11152714321889723    0.0422366020674661    0.07344143281741344
675.7959264126978    0.06334644717273767    0.09992620371698935    0.03573265808828813    0.06633510299267172
675.8959263726978    0.0699276190866836    0.08918998652858187    0.04699787054700946    0.0687051587207583
675.9959263326978    0.08057695834479368    0.08987780930303867    0.06983713329159849    0.08009730031314362
676.0959262926978    0.07094087766806423    0.07490764331384459    0.0739993280346139    0.07328261633884091
676.1959262526977    0.046172383555869924    0.047626495292026    0.049749091482298474    0.04784932344339813
676.2959262126977    0.028866870485648337    0.029179081719961465    0.031304478644729475    0.029783476950113092
676.3959261726977    0.02229671936516243    0.021534675436121156    0.02389565705127897    0.022575683950854183
676.4959261326977    0.02754658966909105    0.027058447800965814    0.028823804317104434    0.027809613929053765
676.5959260926977    0.025021499924877188    0.026336524924977286    0.02855383406827141    0.026637286306041962
676.6959260526977    0.04270526830212849    0.043812650423460844    0.05184233966687495    0.04612008613082143
676.7959260126977    0.03471820266411948    0.030898664724231757    0.042195387637372544    0.03593741834190793
676.8959259726977    0.056104106275647256    0.04384142702376541    0.051187592679686124    0.050377708659699594
676.9959259326977    0.08386463458059842    0.0661236373637393    0.07099886717141121    0.07366237970524965
677.0959258926977    0.1025070541687895    0.08978038151547788    0.08741170401854603    0.09323304656760446
677.1959258526977    0.10842433114852942    0.1173820148337508    0.09378780463028771    0.10653138353752264
677.2959258126976    0.1209912020268771    0.142097112503198    0.11417241154939203    0.1257535753598224
677.3959257726976    0.14533336417416537    0.15190028788858156    0.158837675418126    0.15202377582695764
677.4959257326976    0.169579252290291    0.15786827801612163    0.20881688804932164    0.17875480611857808
677.5959256926976    0.13567476705212644    0.14009654555276174    0.16736859650057692    0.14771330303515504
677.6959256526976    0.10443671383217766    0.11304519178437666    0.10749252476799198    0.10832481012818208
677.7959256126976    0.09612414899260525    0.09870645339727895    0.09115233676810776    0.09532764638599732
677.8959255726976    0.0977452008363858    0.0933054972788482    0.08967302816168002    0.09357457542563802
677.9959255326976    0.07361640011391976    0.06484522789144724    0.06878914051770893    0.06908358950769197
678.0959254926976    0.039640101860605764    0.03529476545558639    0.03816945714544367    0.03770144148721194
678.1959254526976    0.023729063276592903    0.022015032878748435    0.02306666365233634    0.022936919935892558
678.2959254126976    0.016199829651389323    0.015461269686040289    0.015741082170167835    0.01580072716919915
678.3959253726975    0.012017858171841795    0.011729699896903322    0.011623634737573892    0.011790397602106336
678.4959253326975    0.00983191365684389    0.009697814251917495    0.009518059015440342    0.009682595641400577
678.5959252926975    0.008176391126144782    0.008137146212995869    0.007906211788588944    0.008073249709243198
678.6959252526975    0.0070136473939627    0.007035198301109624    0.006769366540929596    0.006939404078667307
678.7959252126975    0.006173024229571378    0.006234440686298784    0.005945778436847533    0.006117747784239232
678.8959251726975    0.005567407777088992    0.005653987580599505    0.005352225706194442    0.005524540354627646
678.9959251326975    0.005154257894069703    0.005250692409736868    0.004949370619006374    0.005118106974270982
679.0959250926975    0.004930891543665394    0.005015805433293884    0.0047382555937863415    0.004894984190248541
679.1959250526975    0.004983844292594978    0.00498002317956913    0.004819145954166106    0.004927671142110071
679.2959250126975    0.005401939950474407    0.005185211237016926    0.00530625769267776    0.005297802960056364
679.3959249726975    0.006337499507310237    0.005810045330885214    0.0065670326353771975    0.006238192491190883
679.4959249326974    0.008094107896603302    0.0071559272664003136    0.008898588173284702    0.008049541112096105
679.5959248926974    0.009328243692565729    0.008780227653926553    0.00942377185914757    0.009177414401879951
679.6959248526974    0.009402381539529606    0.010931300143303829    0.007531998790370905    0.00928856015773478
679.7959248126974    0.011595622679540524    0.016326393330014725    0.007076008146879226    0.011666008052144825
679.8959247726974    0.015824392311699326    0.023642765124831863    0.008797007581595196    0.01608805500604213
679.9959247326974    0.0176764209012782    0.023959930060987823    0.01191764232216628    0.01785133109481077
680.0959246926974    0.014818935756669198    0.016365518621379013    0.012693523988378759    0.014625992788808991
680.1959246526974    0.009840977177265696    0.009978260726947723    0.009004485498190341    0.009607907800801254
680.2959246126974    0.0061881444253150605    0.006512823641199051    0.0054680014175140495    0.00605632316134272
680.3959245726974    0.004436869312283867    0.004915459111644009    0.0037074950948639456    0.0043532745062639395
680.4959245326974    0.003658606703960309    0.00425199826155687    0.0028565714435737    0.0035890588030302924
680.5959244926973    0.0033688186527376157    0.004127887083942005    0.0024092482958325764    0.0033019846775040654
680.6959244526973    0.003417335652597395    0.004453594608184835    0.002165171016270906    0.0033453670923510453
680.7959244126973    0.0038205186205626943    0.005329711331966809    0.002043940757275722    0.003731390236601741
680.8959243726973    0.004699614866478486    0.007014106099093797    0.0020155701863644074    0.004576430383978897
680.9959243326973    0.00611931130117024    0.009633617338644505    0.002078409124058335    0.005943779254624361
681.0959242926973    0.007257688765127678    0.011617918822423252    0.002251372196189978    0.007042326594580305
681.1959242526973    0.00610790509941459    0.00914436467785337    0.0025730943581665673    0.005941788045144843
681.2959242126973    0.004143578646348512    0.004990986997465514    0.003111129962969357    0.004081898535594462
681.3959241726973    0.003503502335148758    0.003386925914638758    0.003746297416162878    0.003545575221983465
681.4959241326973    0.0030042938235692123    0.00260448221475274    0.003823611816179707    0.0031441292848338864
681.5959240926973    0.0021120098062685578    0.001866863352835663    0.0027317799992549008    0.002236884386119707
681.6959240526973    0.0013193076658620435    0.0012908535051154525    0.0014933663396338138    0.0013678425035371033
681.7959240126972    0.0009627061868470783    0.0010024797698009623    0.0009804764118370342    0.0009818874561616916
681.8959239726972    0.0007838595497652978    0.0008392318380021073    0.0007550943066132514    0.000792728564793552
681.9959239326972    0.00067498004692405    0.0007313129529150522    0.0006323098983717242    0.0006795342994036088
682.0959238926972    0.0005999002779530295    0.0006529678102828714    0.0005543008386798068    0.000602389642305236
682.1959238526972    0.0005438458823502895    0.0005926075811407086    0.0004993023924554311    0.000545251951982143
682.2959238126972    0.0004996946874573982    0.0005441601546839461    0.0004576307925639154    0.0005004952115684198
682.3959237726972    0.0004635765507732419    0.0005040935951237111    0.00042439997694223214    0.00046402337427972834
682.4959237326972    0.0004331946498301585    0.0004701944229990653    0.0003968969968884668    0.00043342868990589687
682.5959236926972    0.00040709120608609507    0.00044099559341457466    0.0003734981097596755    0.0004071949697534483
682.6959236526972    0.00038429081973563985    0.0004154812540213776    0.00035317089724708423    0.00038431432366803386
682.7959236126972    0.00036411244637229854    0.00039292263068726855    0.0003352253979018517    0.0003640868249871396
682.8959235726971    0.000346063574257428    0.0003727813329329241    0.00031918086927570135    0.00034600859215535115
682.9959235326971    0.00032977739541831274    0.0003546496379687083    0.00030469027736487384    0.00032970577025063163
683.0959234926971    0.0003149738052498057    0.0003382121469825512    0.0002914953964166698    0.0003148937828830089
683.1959234526971    0.00030143426409652465    0.000323220341254485    0.000279398988803686    0.00030135119805156527
683.2959234126971    0.0002889850611109703    0.0003094752145240184    0.0002682469411566718    0.00028890240559722015
683.3959233726971    0.0002774858546142841    0.00029681512300307525    0.000257916428584234    0.0002774058020671978
683.4959233326971    0.00026682162932376604    0.0002851070995474992    0.00024830785256037963    0.00026674552714388164
683.5959232926971    0.0002568969270748707    0.0002742405237411054    0.00023933921155225651    0.0002568255541227442
683.6959232526971    0.0002476316268135017    0.00026412242864937824    0.00023094208216966315    0.00024756537921084767
683.7959232126971    0.0002389578033648536    0.00025467396659970264    0.00022305869185232298    0.0002388968206056264
683.895923172697    0.00023081735183386412    0.000245827709984407    0.00021563974748782167    0.00023076160310203092
683.995923132697    0.00022316016509316556    0.00023752556306312335    0.00020864279777856165    0.0002231095086449502
684.095923092697    0.00021594271707691992    0.00022971712744949917    0.00020203097934658746    0.00021589694129100218
684.195923052697    0.00020912694834450006    0.00022235840865085564    0.00019577204316171648    0.00020908580005235737
684.295923012697    0.00020267937958806686    0.00021541078236223958    0.00018983758895109657    0.000202642583633801
684.395922972697    0.0001965703993515793    0.00020884016063038704    0.00018420245603088586    0.00019653767200428408
684.495922932697    0.0001907736863442684    0.0002026163134383509    0.000178844233328192    0.00019074474437027046
684.595922892697    0.00018526573677247525    0.00019671231239261428    0.00017374286126458586    0.00018524030347655845
684.695922852697    0.00018002547452505228    0.00019110407108482747    0.0001688803053429598    0.0001800032836509465
684.795922812697    0.00017503392726426928    0.00018576996273712607    0.00016424028614594278    0.00017501472538244603
684.895922772697    0.00017027395538769103    0.00018069050001467062    0.00015980805426383079    0.00017025750322206414
684.995922732697    0.00016573002378172466    0.0001758480653289123    0.000155570201269412    0.00016571609679334965
685.095922692697    0.00016138800839013705    0.0001712266823172293    0.00015151449986865092    0.0001613763968586724
685.1959226526969    0.00015723503141512322    0.00016681182122565768    0.00014762976788197467    0.00015722554017425183
685.2959226126969    0.00015325932012004665    0.0001625902322677104    0.00014390575178072372    0.00015325176805616026
685.3959225726969    0.00014945008527010389    0.0001585498023459135    0.00014033302647206242    0.0001494443046960266
685.4959225326969    0.00014579741597706253    0.00015467943121771482    0.00013690290852825678    0.00014579325190767806
685.5959224926969    0.0001422921883557241    0.00015096892405637758    0.0001336073808097733    0.000142289497740625
685.6959224526969    0.0001389259858012298    0.00014740889789289797    0.00013043902658986376    0.0001389246367613305
685.7959224126969    0.00013569102921922303    0.00014399069978891026    0.00012739097181598246    0.00013569090027470526
685.8959223726969    0.00013258011562393494    0.00014070633503227223    0.00012445683421823556    0.00013258109495814757
685.9959223326969    0.00012958656404550348    0.00013754840391025055    0.00012163067839948821    0.00012958854878508075
686.0959222926969    0.00012670416758995084    0.00013451004588306038    0.00011890697595360282    0.00012670706314220467
686.1959222526968    0.00012392715094223505    0.00013158489008464032    0.00011628057002510986    0.00012393087035066175
686.2959222126968    0.00012216274428055544    0.00012973380487631353    0.00011460073883392616    0.00012216576266359838
686.3959221726968    0.00012046096462738568    0.000127948580458831    0.00011298044710858824    0.00012046333073160164
686.4959221326968    0.00011881862206580837    0.00012622588336429007    0.00011141662909582706    0.00011882037817530851
