6.511959362526999939e+02 7.846608791333333502e-06 7.799844097999999084e-06 7.886867301333333409e-06 7.844440063555555332e-06
6.512959362126999849e+02 7.069451203863405195e-06 7.021158658474548054e-06 7.111127811962831421e-06 7.067245891433596584e-06
6.513959361726999759e+02 6.519941750274681003e-06 6.470483083540913409e-06 6.562713392731985706e-06 6.517712742182526424e-06
6.514959361326999669e+02 6.193686176506569246e-06 6.143431021795690150e-06 6.237230214913028556e-06 6.191449137738428470e-06
6.515959360926999580e+02 2.164112373266728525e-05 2.167908234337894528e-05 2.159478197498508021e-05 2.163832935034376912e-05
6.516959360526999490e+02 2.004044472537543035e-05 2.008190939782735981e-05 1.999074156094913501e-05 2.003769856138397506e-05
6.517959360126999400e+02 1.896123219485788125e-05 1.900522210101629117e-05 1.890903555444162492e-05 1.895849661677193358e-05
6.518959359726999310e+02 1.830884680684202243e-05 1.835447367639596927e-05 1.825503626063996849e-05 1.830611891462598673e-05
6.519959359326999220e+02 1.791496584282672530e-05 1.796170898279162692e-05 1.786006196189513667e-05 1.791224559583782963e-05
6.520959358926999130e+02 1.769025379565752293e-05 1.773781230209618882e-05 1.763457858305479925e-05 1.768754822693617033e-05
6.521959358526999040e+02 1.756379385669723435e-05 1.761197394580122703e-05 1.750757486503122553e-05 1.756111422250989564e-05
6.522959358126998950e+02 1.748873928836444964e-05 1.753741561686211512e-05 1.743201512729541762e-05 1.748605667750732746e-05
6.523959357726998860e+02 1.745907022023786487e-05 1.750816650448977052e-05 1.740188537616101555e-05 1.745637403362955257e-05
6.524959357326998770e+02 1.746465393148884104e-05 1.751412691689991784e-05 1.740710100903339715e-05 1.746196061914071868e-05
6.525959356926998680e+02 1.749475306683413050e-05 1.754455847085328239e-05 1.743689173614109913e-05 1.749206775794283621e-05
6.526959356526998590e+02 1.754340001135387233e-05 1.759352218677516305e-05 1.748525781935142518e-05 1.754072667249348798e-05
6.527959356126998500e+02 1.761097111382731504e-05 1.766139855388836746e-05 1.755258226742063363e-05 1.760831731171210763e-05
6.528959355726998410e+02 1.768086193963234280e-05 1.773156752867233212e-05 1.762228711383913773e-05 1.767823886071460309e-05
6.529959355326998320e+02 1.776217709340879226e-05 1.781314207921178580e-05 1.770334053921636288e-05 1.775955323727898032e-05
6.530959354926998230e+02 1.785433037144935653e-05 1.790554193440728118e-05 1.779518959955261569e-05 1.785168730180308560e-05
6.531959354526998140e+02 1.795228222010447424e-05 1.800376055279102072e-05 1.789297888787093262e-05 1.794967388692214253e-05
6.532959354126998051e+02 1.805842320391343035e-05 1.811018061504460935e-05 1.799903757055696448e-05 1.805588046317166580e-05
6.533959353726997961e+02 1.816376060336227766e-05 1.821574784062827466e-05 1.810421888192179505e-05 1.816124244197078359e-05
6.534959353326997871e+02 1.828047372468063217e-05 1.833268806926473894e-05 1.822075050395615686e-05 1.827797076596717938e-05
6.535959352926997781e+02 1.840463812485779678e-05 1.845711594013126435e-05 1.834478191651700026e-05 1.840217866050201934e-05
6.536959352526997691e+02 1.852850977016551554e-05 1.858124419935673047e-05 1.846857430067908159e-05 1.852610942340044366e-05
6.537959352126997601e+02 1.865947241935688106e-05 1.871244441789826770e-05 1.859940064278951577e-05 1.865710582668155259e-05
6.538959351726997511e+02 1.879419251640818004e-05 1.884739868795829598e-05 1.873395898578483393e-05 1.879185006338377224e-05
6.539959351326997421e+02 1.893172549662443490e-05 1.898517802214063716e-05 1.887137245896713724e-05 1.892942532591073644e-05
6.540959350926997331e+02 1.907656433261563649e-05 1.913026040892614073e-05 1.901611363145690051e-05 1.907431279099955698e-05
6.541959350526997241e+02 1.921960949633902611e-05 1.927357035112566255e-05 1.915919800883009722e-05 1.921745928543159529e-05
6.542959350126997151e+02 1.936770446542646296e-05 1.942194818995361905e-05 1.930728514481188626e-05 1.936564593339732050e-05
6.543959349726997061e+02 1.951790996629472499e-05 1.957241232706239450e-05 1.945742163201190077e-05 1.951591464178967342e-05
6.544959349326996971e+02 1.967443091871585610e-05 1.972919066466905094e-05 1.961397223843889948e-05 1.967253127394126658e-05
6.545959348926996881e+02 1.983719911729328481e-05 1.989224397088990969e-05 1.977680460840161548e-05 1.983541589886160333e-05
6.546959348526996791e+02 1.999782864933352287e-05 2.005316642649851075e-05 1.993754589853261131e-05 1.999618032478821272e-05
6.547959348126996701e+02 2.016058025922461811e-05 2.021621010169962951e-05 2.010035539653079516e-05 2.015904858581834646e-05
6.548959347726996612e+02 2.032621550428906758e-05 2.038214187283704846e-05 2.026602009046203133e-05 2.032479248919604912e-05
6.549959347326996522e+02 2.049489994807011684e-05 2.055111774841694695e-05 2.043484350789685284e-05 2.049362040146130554e-05
6.550959346926996432e+02 2.066797845524104486e-05 2.072452304467574733e-05 2.060808797719405525e-05 2.066686315903695027e-05
6.551959346526996342e+02 2.084667345357101622e-05 2.090354312261564069e-05 2.078701138606551778e-05 2.084574265408405710e-05
6.552959346126996252e+02 2.102847067214067253e-05 2.108567480270821722e-05 2.096911372358724755e-05 2.102775306614537910e-05
6.553959345726996162e+02 2.122047367711153525e-05 2.127804337920591641e-05 2.116147141189700907e-05 2.121999615607148804e-05
6.554959345326996072e+02 2.141383062649939855e-05 2.147175375464790539e-05 2.135514178888054440e-05 2.141357539000928278e-05
6.555959344926995982e+02 2.160447211622351809e-05 2.166275930785352145e-05 2.154608972083946157e-05 2.160444038163883483e-05
6.556959344526995892e+02 2.179391125039563615e-05 2.185261622324530655e-05 2.173605947022731641e-05 2.179419564795608298e-05
6.557959344126995802e+02 2.199446954248564879e-05 2.205358413225030808e-05 2.193719592664793917e-05 2.199508320046129981e-05
6.558959343726995712e+02 2.220568138269266825e-05 2.226517188648440010e-05 2.214898919320917829e-05 2.220661415412874775e-05
6.559959343326995622e+02 2.241082868235081169e-05 2.247076313231538314e-05 2.235479671006053402e-05 2.241212950824224295e-05
6.560959342926995532e+02 2.262302882579335893e-05 2.268344864622117303e-05 2.256788393583742443e-05 2.262478713595064987e-05
6.561959342526995442e+02 2.284655009445906343e-05 2.290745134130326241e-05 2.279235929416445613e-05 2.284878690997559512e-05
6.562959342126995352e+02 2.307084260284313786e-05 2.313219757302801115e-05 2.301764702190480384e-05 2.307356239925865434e-05
6.563959341726995262e+02 2.329351526855489356e-05 2.335530723615680975e-05 2.324158781005504867e-05 2.329680343825558399e-05
6.564959341326995172e+02 2.352527208920543743e-05 2.358757806985030850e-05 2.347474108279922858e-05 2.352919708061832597e-05
6.565959340926995083e+02 2.376773027602684292e-05 2.383058136153062273e-05 2.371860580095254284e-05 2.377230581283667175e-05
6.566959340526994993e+02 2.401576435117641373e-05 2.407915861864231040e-05 2.396817099158002427e-05 2.402103132046624946e-05
6.567959340126994903e+02 2.426891817488363993e-05 2.433288323568817346e-05 2.422309950503585195e-05 2.427496697186922630e-05
6.568959339726994813e+02 2.452755994338763751e-05 2.459216480297773331e-05 2.448367217185070722e-05 2.453446563940535596e-05
6.569959339326994723e+02 2.480340063824307682e-05 2.486875304056588803e-05 2.476152521152084234e-05 2.481122629677660240e-05
6.570959338926994633e+02 2.509642889531194727e-05 2.516271661904148928e-05 2.505654663387857202e-05 2.510523071607733732e-05
6.571959338526994543e+02 2.539406891182687196e-05 2.546162454825635197e-05 2.535579067355864610e-05 2.540382804454728775e-05
6.572959338126994453e+02 2.569736099738895212e-05 2.576693628225267316e-05 2.566001601616063179e-05 2.570810443193408343e-05
6.573959337726994363e+02 2.603286121129062656e-05 2.610610175684742156e-05 2.599467882067882507e-05 2.604454726293895547e-05
6.574959337326994273e+02 2.640158221520078085e-05 2.648186101464150794e-05 2.635879403739169283e-05 2.641407908907799726e-05
6.575959336926994183e+02 2.681512193442881495e-05 2.691006342766733201e-05 2.675940437202121834e-05 2.682819657803912290e-05
6.576959336526994093e+02 2.729482027846168128e-05 2.742307792192833109e-05 2.720681788738208502e-05 2.730823869592403585e-05
6.577959336126994003e+02 2.788746914039281967e-05 2.809977181291123012e-05 2.771861566473196871e-05 2.790195220601200617e-05
6.578959335726993913e+02 2.875265242997649445e-05 2.921054135254756040e-05 2.836063740592369964e-05 2.877461039614925375e-05
6.579959335326993823e+02 3.030834332211599801e-05 3.159860134411316779e-05 2.921039816264631641e-05 3.037244760962515961e-05
6.580959334926993733e+02 3.297838390225408395e-05 3.572100408987728703e-05 3.048362603320696289e-05 3.306100467511278247e-05
6.581959334526993644e+02 3.505504855018055433e-05 3.552560578866874970e-05 3.273311724289339924e-05 3.443792386058090109e-05
6.582959334126993554e+02 3.862995798818800314e-05 3.469307254982147815e-05 3.740605631870893373e-05 3.690969561890613382e-05
6.583959333726993464e+02 4.439593411444381338e-05 3.787492176732871525e-05 4.742934993964510119e-05 4.323340194047254779e-05
6.584959333326993374e+02 5.086147883990854024e-05 4.247514488799579565e-05 6.077523405695147330e-05 5.137061926161860532e-05
6.585959332926993284e+02 4.641285751708673266e-05 4.112395292732013406e-05 5.584357856548591249e-05 4.779346300329758855e-05
6.586959332526993194e+02 4.048700952188351949e-05 3.916111576855357731e-05 4.629587404051223120e-05 4.198133311031644718e-05
6.587959332126993104e+02 4.183713427312200553e-05 4.100916277058183005e-05 4.688275507410211634e-05 4.324301737260198623e-05
6.588959331726993014e+02 4.584917014323770237e-05 4.372752146855701875e-05 5.085316844647081786e-05 4.680995335275517063e-05
6.589959331326992924e+02 4.542623289037233303e-05 4.358290372086764790e-05 4.799036528633730391e-05 4.566650063252576387e-05
6.590959330926992834e+02 4.292883607612161753e-05 4.362665896764894005e-05 4.197396022791942101e-05 4.284315175722998835e-05
6.591959330526992744e+02 4.320618841533905522e-05 4.679130775417893184e-05 4.022856949756453931e-05 4.340868855569417998e-05
6.592959330126992654e+02 4.322530327149662712e-05 4.916984104495511856e-05 4.078240433862240200e-05 4.439251621835804923e-05
6.593959329726992564e+02 4.262970402005677160e-05 4.891613697387801077e-05 4.290425424233037589e-05 4.481669841208838157e-05
6.594959329326992474e+02 4.553078281642964546e-05 5.407490382204683171e-05 4.899708351796326189e-05 4.953425671881324409e-05
6.595959328926992384e+02 5.505937864777633048e-05 7.180668794752768989e-05 6.553870978285070733e-05 6.413492545938491375e-05
6.596959328526992294e+02 6.215514098868024770e-05 7.979843074494541964e-05 9.269848007698426877e-05 7.821735060353665440e-05
6.597959328126992204e+02 6.521799035911108071e-05 7.460103838315784404e-05 9.652346551633985577e-05 7.878083141953626017e-05
6.598959327726992115e+02 8.279290220302878663e-05 9.056979296241828210e-05 8.423672447904999164e-05 8.586647321483234442e-05
6.599959327326992025e+02 1.186083861164843802e-04 1.292521672338627732e-04 9.596971629844945769e-05 1.146100898829322082e-04
6.600959326926991935e+02 1.387211602748807582e-04 1.539782314646905763e-04 1.100479181667121469e-04 1.342491033020944938e-04
6.601959326526991845e+02 1.172098699203110068e-04 1.301698043717987622e-04 9.747082420378634312e-05 1.149501661652986995e-04
6.602959326126991755e+02 9.255097373245962673e-05 9.887589990096578847e-05 8.325072886562974765e-05 9.155920083301838310e-05
6.603959325726991665e+02 1.033546585283419915e-04 1.060095942972818855e-04 9.867195279958382369e-05 1.026787352084025759e-04
6.604959325326991575e+02 1.091518645832994838e-04 1.083192281253081445e-04 1.081450906499258275e-04 1.085387277861778231e-04
6.605959324926991485e+02 7.781039778439677312e-05 7.742781230793715802e-05 7.813351612514509662e-05 7.779057540582633807e-05
6.606959324526991395e+02 5.652901783716378034e-05 5.608845440579875776e-05 5.594647097555022230e-05 5.618798107283758228e-05
6.607959324126991305e+02 4.793853224978646816e-05 4.798188824257620515e-05 4.743269720299510077e-05 4.778437256511926029e-05
6.608959323726991215e+02 4.432523305745265647e-05 4.453361059520006789e-05 4.394929951385484826e-05 4.426938105550251969e-05
6.609959323326991125e+02 4.265755118066948045e-05 4.288760530551814960e-05 4.235937797971015873e-05 4.263484482196592959e-05
6.610959322926991035e+02 4.184536483353017724e-05 4.206126554256118866e-05 4.160009624239610030e-05 4.183557553949581755e-05
6.611959322526990945e+02 4.147835307724788412e-05 4.167181201082528693e-05 4.127104104404163791e-05 4.147373537737160073e-05
6.612959322126990855e+02 4.138139198125190287e-05 4.155192500292572577e-05 4.120215397662099364e-05 4.137849032026620969e-05
6.613959321726990765e+02 4.145462828102815527e-05 4.160408219675030487e-05 4.129675657082076869e-05 4.145182234953308079e-05
6.614959321326990676e+02 4.164473785693069576e-05 4.177531809265166442e-05 4.150343663581662000e-05 4.164116419513299113e-05
6.615959320926990586e+02 4.191276625644218255e-05 4.202653488145495801e-05 4.178436490916759879e-05 4.190788868235490860e-05
6.616959320526990496e+02 4.223984375072686577e-05 4.233865309513083254e-05 4.212162966984878544e-05 4.223337550523549458e-05
6.617959320126990406e+02 4.261953895037501707e-05 4.270513158278653535e-05 4.250994507461007126e-05 4.261153853592387230e-05
6.618959319726990316e+02 4.303062601558652305e-05 4.310436071055730211e-05 4.292806562003923464e-05 4.302101744872767757e-05
6.619959319326990226e+02 4.347092009991764515e-05 4.353383776577017945e-05 4.337405132494273109e-05 4.345960306354351856e-05
6.620959318926990136e+02 4.395526156534403193e-05 4.400827357800557579e-05 4.386350677551309100e-05 4.394234730628756398e-05
6.621959318526990046e+02 4.447059038370955724e-05 4.451439739285758791e-05 4.438315809636757942e-05 4.445604862431157712e-05
6.622959318126989956e+02 4.499822132847246822e-05 4.503350296922081823e-05 4.491465480422242448e-05 4.498212636730524150e-05
6.623959317726989866e+02 4.554464675438195268e-05 4.557194001414746880e-05 4.546452037706028709e-05 4.552703571519656727e-05
6.624959317326989776e+02 4.611247288491338497e-05 4.613219762626954100e-05 4.603528512022749924e-05 4.609331854380347733e-05
6.625959316926989686e+02 4.669574836818889016e-05 4.670828301306818848e-05 4.662139780813160967e-05 4.667514306312956277e-05
6.626959316526989596e+02 4.730303081841556609e-05 4.730852250808677365e-05 4.723112275362381673e-05 4.728089202670871882e-05
6.627959316126989506e+02 4.793308742902981242e-05 4.793167962501151350e-05 4.786347941635801112e-05 4.790941549013310783e-05
6.628959315726989416e+02 4.857367033656164005e-05 4.856566206645132470e-05 4.850663823921886675e-05 4.854865688074394157e-05
6.629959315326989326e+02 4.922999455943530874e-05 4.921544777560643829e-05 4.916536461167777871e-05 4.920360231557317299e-05
6.630959314926989236e+02 4.990706672780337218e-05 4.988606329335623635e-05 4.984454370467789102e-05 4.987922457527916426e-05
6.631959314526989147e+02 5.060550484491348737e-05 5.057808362818226941e-05 5.054522428966427253e-05 5.057627092092001429e-05
6.632959314126989057e+02 5.132475242742121654e-05 5.129094156271415408e-05 5.126692851460942438e-05 5.129420750158159833e-05
6.633959313726988967e+02 5.205414592507307762e-05 5.201394837374215946e-05 5.199849637487467422e-05 5.202219689122997495e-05
6.634959313326988877e+02 5.278662478628997105e-05 5.273994019492729481e-05 5.273320367593567335e-05 5.275325621905097522e-05
6.635959312926988787e+02 5.355219046102565868e-05 5.349886431916911456e-05 5.350103524350089540e-05 5.351736334123188051e-05
6.636959312526988697e+02 5.434877924972570230e-05 5.428874143370695723e-05 5.429979404799726596e-05 5.431243824380997968e-05
6.637959312126988607e+02 5.520599967553130338e-05 5.513923712003351000e-05 5.515939650847375103e-05 5.516821110134618588e-05
6.638959311726988517e+02 5.606475549551148490e-05 5.599117006322160893e-05 5.602066072516004541e-05 5.602552876129771308e-05
6.639959311326988427e+02 5.686928660770940842e-05 5.678860577600237778e-05 5.682760094792393388e-05 5.682849777721190443e-05
6.640959310926988337e+02 5.777024584240553955e-05 5.768220488395673197e-05 5.773104577608726649e-05 5.772783216748318159e-05
6.641959310526988247e+02 5.865197747745010115e-05 5.855644850171344936e-05 5.861552119983516954e-05 5.860798239299958013e-05
6.642959310126988157e+02 5.954006006260341227e-05 5.943689280614219950e-05 5.950654881832917063e-05 5.949450056235825628e-05
6.643959309726988067e+02 6.052526377038638613e-05 6.041427611984018947e-05 6.049485931863261585e-05 6.047813306961972822e-05
6.644959309326987977e+02 6.152191070721639533e-05 6.140275723661741043e-05 6.149449299490655340e-05 6.147305364624679994e-05
6.645959308926987887e+02 6.248557287889846255e-05 6.235789560593025117e-05 6.246143112086276141e-05 6.243496653523049171e-05
6.646959308526987797e+02 6.344946800419508522e-05 6.331309174502434663e-05 6.342892191803915943e-05 6.339716055575287279e-05
6.647959308126987708e+02 6.451411449875707319e-05 6.436868275623667006e-05 6.449700792342019629e-05 6.445993505947131318e-05
6.648959307726987618e+02 6.565883559946939245e-05 6.550394060090812824e-05 6.564522665458222750e-05 6.560266761831992058e-05
6.649959307326987528e+02 6.678408613959777702e-05 6.661948563071181208e-05 6.677433634138363978e-05 6.672596937056441866e-05
6.650959306926987438e+02 6.790327243311408971e-05 6.772857133276411140e-05 6.789791351417885667e-05 6.784325242668566786e-05
6.651959306526987348e+02 6.907035707344173856e-05 6.888509349528810588e-05 6.906925761951277095e-05 6.900823606274754298e-05
6.652959306126987258e+02 7.019075633998535582e-05 6.999456766975905350e-05 7.019393631629839000e-05 7.012642010868092859e-05
6.653959305726987168e+02 7.136462097192411229e-05 7.115708177387488590e-05 7.137272953461803928e-05 7.129814409347233679e-05
6.654959305326987078e+02 7.267717938876967635e-05 7.245762699269817227e-05 7.269047725365586278e-05 7.260842787837457047e-05
6.655959304926986988e+02 7.401385180705415655e-05 7.378181264578495113e-05 7.403245724114610805e-05 7.394270723132840976e-05
6.656959304526986898e+02 7.534407446698615507e-05 7.509903697869023159e-05 7.536805179159874752e-05 7.527038774575838258e-05
6.657959304126986808e+02 7.672712570437930496e-05 7.646842834513952348e-05 7.675689577239423007e-05 7.665081660730433928e-05
6.658959303726986718e+02 7.810991229445088727e-05 7.783707491524836897e-05 7.814620367179264085e-05 7.803106362716397473e-05
6.659959303326986628e+02 7.950424698327695952e-05 7.921669693528400125e-05 7.954695074799302944e-05 7.942263155551799222e-05
6.660959302926986538e+02 8.105617636775871309e-05 8.075301587344234887e-05 8.110509649155440135e-05 8.097142957758514089e-05
6.661959302526986448e+02 8.257530187937264289e-05 8.225598505002920701e-05 8.263166986502694811e-05 8.248765226480959934e-05
6.662959302126986358e+02 8.405823369905906074e-05 8.372206841138585905e-05 8.412253571854719247e-05 8.396761260966403742e-05
6.663959301726986268e+02 8.569598709380733890e-05 8.534184689124966886e-05 8.576813091451827636e-05 8.560198829985843708e-05
6.664959301326986179e+02 8.739964542880281875e-05 8.702672814591345442e-05 8.748027462847818465e-05 8.730221606773148142e-05
6.665959300926986089e+02 8.917243620157970486e-05 8.877990344440390806e-05 8.926193388250092413e-05 8.907142450949483213e-05
6.666959300526985999e+02 9.096861637345306445e-05 9.055557692728925649e-05 9.106739591865722102e-05 9.086386307313317162e-05
6.667959300126985909e+02 9.285172763980634137e-05 9.241713918621189241e-05 9.296034857540514404e-05 9.274307180047446379e-05
6.668959299726985819e+02 9.476887136298676800e-05 9.431150860212688422e-05 9.488825310668258907e-05 9.465621102393206236e-05
6.669959299326985729e+02 9.666858578096020017e-05 9.618738657217880102e-05 9.679915381011426872e-05 9.655170872108442782e-05
6.670959298926985639e+02 9.858711366939932903e-05 9.808076864553850376e-05 9.872895418041661205e-05 9.846561216511815731e-05
6.671959298526985549e+02 1.006653715446387775e-04 1.001323803306135974e-04 1.008197618297020770e-04 1.005391712349848173e-04
6.672959298126985459e+02 1.029122353378350823e-04 1.023513967807992801e-04 1.030796344032295953e-04 1.027810888406213192e-04
6.673959297726985369e+02 1.051121768310065764e-04 1.045221672731549490e-04 1.052933343908365500e-04 1.049758928316660251e-04
6.674959297326985279e+02 1.073827130731696265e-04 1.067617836024242029e-04 1.075785871093448568e-04 1.072410279283128864e-04
6.675959296926985189e+02 1.097971942076111668e-04 1.091437201793374659e-04 1.100086377108290705e-04 1.096498506992592389e-04
6.676959296526985099e+02 1.123190777115752592e-04 1.116311909633453182e-04 1.125472448374356498e-04 1.121658378374520667e-04
6.677959296126985009e+02 1.148006917464523271e-04 1.140763625742697174e-04 1.150461710601942444e-04 1.146410751269720827e-04
6.678959295726984919e+02 1.173568415528965887e-04 1.165941690289142398e-04 1.176210801169996680e-04 1.171906968996034898e-04
6.679959295326984829e+02 1.200960115610124387e-04 1.192927910529928268e-04 1.203804691441967805e-04 1.199230905860673442e-04
6.680959294926984740e+02 1.229270197003212869e-04 1.220807000102002468e-04 1.232317774077937517e-04 1.227464990394384284e-04
6.681959294526984650e+02 1.259249499910109556e-04 1.250330721216110993e-04 1.262515935172994297e-04 1.257365385433071615e-04
6.682959294126984560e+02 1.290025415978842392e-04 1.280623568729242188e-04 1.293532911730544376e-04 1.288060632146209561e-04
6.683959293726984470e+02 1.321070416399936864e-04 1.311156669113197962e-04 1.324828527589493748e-04 1.319018537700876101e-04
6.684959293326984380e+02 1.353695881716724834e-04 1.343240681643029883e-04 1.357719927646116459e-04 1.351552163668623635e-04
6.685959292926984290e+02 1.387968239328962522e-04 1.376936715448126081e-04 1.392276749615082210e-04 1.385727234797390361e-04
6.686959292526984200e+02 1.423121884329522273e-04 1.411476896645918696e-04 1.427735377370818693e-04 1.420778052782086464e-04
6.687959292126984110e+02 1.459420111198752364e-04 1.447126296753144595e-04 1.464351918135869490e-04 1.456966108695922240e-04
6.688959291726984020e+02 1.497901643129960036e-04 1.484915740159527427e-04 1.503172968207145907e-04 1.495330117165544637e-04
6.689959291326983930e+02 1.538042733974300273e-04 1.524320594736092854e-04 1.543693235984791611e-04 1.535352188231728246e-04
6.690959290926983840e+02 1.579728396617995740e-04 1.565218177844534511e-04 1.585778621851258348e-04 1.576908398771262776e-04
6.691959290526983750e+02 1.622928175015640262e-04 1.607568294801714969e-04 1.629397183289987611e-04 1.619964551035780857e-04
6.692959290126983660e+02 1.667832086887156601e-04 1.651578701558329722e-04 1.674745940186484004e-04 1.664718909543990019e-04
6.693959289726983570e+02 1.714409760353523650e-04 1.697181181573802732e-04 1.721793590780771742e-04 1.711128177569366132e-04
6.694959289326983480e+02 1.763637945066328934e-04 1.745381868549487111e-04 1.771537963167902751e-04 1.760185925594572932e-04
6.695959288926983390e+02 1.815369450591945754e-04 1.796019997530339841e-04 1.823836990585063858e-04 1.811742146235783061e-04
6.696959288526983300e+02 1.868868726052223860e-04 1.848335819231747648e-04 1.877939718689940099e-04 1.865048087991303869e-04
6.697959288126983211e+02 1.925322559367140750e-04 1.903523149244211996e-04 1.935031516521540308e-04 1.921292408377630928e-04
6.698959287726983121e+02 1.984089765443227977e-04 1.960949119410345244e-04 1.994512477857903246e-04 1.979850454237158642e-04
6.699959287326983031e+02 2.045856797486625433e-04 2.021259733947529239e-04 2.057046667595170588e-04 2.041387733009775087e-04
6.700959286926982941e+02 2.110895683813662489e-04 2.084738450287962667e-04 2.122877717312346576e-04 2.106170617137990487e-04
6.701959286526982851e+02 2.178585106601935476e-04 2.150738482173922988e-04 2.191456287712090255e-04 2.173593292162649573e-04
6.702959286126982761e+02 2.250137729486503520e-04 2.220417474192800289e-04 2.263931028705261968e-04 2.244828744128188412e-04
6.703959285726982671e+02 2.325019690369041882e-04 2.293353198081239924e-04 2.339864053557559522e-04 2.319412314002613866e-04
6.704959285326982581e+02 2.404390351768220465e-04 2.370514336556993806e-04 2.420330202486430994e-04 2.398411630270548783e-04
6.705959284926982491e+02 2.489212812479246187e-04 2.453004142193010570e-04 2.506352220324462770e-04 2.482856391665573537e-04
6.706959284526982401e+02 2.577376249775488416e-04 2.538670105963759501e-04 2.595843881856019762e-04 2.570630079198422740e-04
6.707959284126982311e+02 2.669467658590145005e-04 2.628007721858313271e-04 2.689387920908521972e-04 2.662287767118993597e-04
6.708959283726982221e+02 2.768013579321178317e-04 2.723522330314191503e-04 2.789476275410797401e-04 2.760337395015389074e-04
6.709959283326982131e+02 2.872531340828560469e-04 2.824727077947969227e-04 2.895664299942096709e-04 2.864307572906208983e-04
6.710959282926982041e+02 2.982868343827303715e-04 2.931424662163405236e-04 3.007866170163533102e-04 2.974053058718080685e-04
6.711959282526981951e+02 3.100436374572922735e-04 3.045061036409649658e-04 3.127528243076771464e-04 3.091008551353114438e-04
6.712959282126981861e+02 3.224590415282981449e-04 3.164905540997434651e-04 3.253949540785120039e-04 3.214481832355179074e-04
6.713959281726981771e+02 3.357071535615659456e-04 3.292569521514571726e-04 3.388878166699569846e-04 3.346173074609933495e-04
6.714959281326981682e+02 3.499117260616227214e-04 3.429335785939942403e-04 3.533641687614438387e-04 3.487364911390202307e-04
6.715959280926981592e+02 3.649620247970693796e-04 3.574015256936430513e-04 3.687184764203384852e-04 3.636940089703503054e-04
6.716959280526981502e+02 3.811932653075424766e-04 3.729873419460383505e-04 3.852907958981120567e-04 3.798238010505643127e-04
6.717959280126981412e+02 3.985938599324384459e-04 3.896709605196285167e-04 4.030717464148559932e-04 3.971121889556409853e-04
6.718959279726981322e+02 4.171523134424212219e-04 4.074281030545416691e-04 4.220558061644518822e-04 4.155454075538049605e-04
6.719959279326981232e+02 4.371960468530376102e-04 4.265763155277523802e-04 4.425760295936564362e-04 4.354494639914821422e-04
6.720959278926981142e+02 4.588045794717049886e-04 4.471741319277086103e-04 4.647050114401947559e-04 4.568945742798694335e-04
6.721959278526981052e+02 4.820879860671647911e-04 4.693262340766945497e-04 4.885810633001876589e-04 4.799984278146823694e-04
6.722959278126980962e+02 5.074529947543954256e-04 4.934134702585449414e-04 5.146171877910302129e-04 5.051612176013235266e-04
6.723959277726980872e+02 5.350846006411369947e-04 5.196071998739235651e-04 5.430124267447952605e-04 5.325680757532853457e-04
6.724959277326980782e+02 5.650530841026556519e-04 5.479228328704884542e-04 5.738499686477934597e-04 5.622752952069790802e-04
6.725959276926980692e+02 5.977815708104338875e-04 5.787642615659343345e-04 6.075652099631794530e-04 5.947036807798491889e-04
6.726959276526980602e+02 6.337113666215700349e-04 6.125306201842057674e-04 6.446302258165752773e-04 6.302907375407835848e-04
6.727959276126980512e+02 6.733450519538679638e-04 6.496685560253051724e-04 6.855764745760999047e-04 6.695300275184243831e-04
6.728959275726980422e+02 7.172012778794686688e-04 6.906530776877809613e-04 7.309312625690793114e-04 7.129285393787763861e-04
6.729959275326980332e+02 7.658601343477030362e-04 7.359490988564128125e-04 7.813632152518035570e-04 7.610574828186397658e-04
6.730959274926980243e+02 8.201915914088276803e-04 7.863393429777575713e-04 8.377435617439661815e-04 8.147581653768505138e-04
6.731959274526980153e+02 8.810806482677479819e-04 8.425733044069125439e-04 9.010433364366097174e-04 8.748990963704235228e-04
6.732959274126980063e+02 9.499376130869643161e-04 9.059009893209281957e-04 9.727577243684175541e-04 9.428654422587699497e-04
6.733959273726979973e+02 1.028237895337953504e-03 9.776298684554584131e-04 1.054410333058980551e-03 1.020092698950797417e-03
6.734959273326979883e+02 1.118155431341706727e-03 1.059600554707252089e-03 1.148349334515665066e-03 1.108701773521541221e-03
6.735959272926979793e+02 1.221927097122023353e-03 1.153776620310768917e-03 1.256883954549329859e-03 1.210862557327373971e-03
6.736959272526979703e+02 1.343467044333376045e-03 1.263596236627520389e-03 1.384119298081928125e-03 1.330394193014275070e-03
6.737959272126979613e+02 1.487805852830639038e-03 1.393601479063403051e-03 1.535167577491402613e-03 1.472191636461814973e-03
6.738959271726979523e+02 1.660999032749508426e-03 1.549235472450246395e-03 1.716002823019423772e-03 1.642079109406393081e-03
6.739959271326979433e+02 1.872909492612691166e-03 1.739160637687884713e-03 1.936930751747522640e-03 1.849666960682699434e-03
6.740959270926979343e+02 2.140836567923971867e-03 1.979508428801174738e-03 2.214335225666095187e-03 2.111560074130413786e-03
6.741959270526979253e+02 2.490755746291979916e-03 2.298701091054971939e-03 2.571684638812008795e-03 2.453713825386320650e-03
6.742959270126979163e+02 2.957746841023696678e-03 2.743294350663512404e-03 3.027643584947133266e-03 2.909561592211447594e-03
6.743959269726979073e+02 3.642648267422089747e-03 3.441272548548434534e-03 3.647615254660885147e-03 3.577178690210469809e-03
6.744959269326978983e+02 4.811249358462979867e-03 4.788771436142646130e-03 4.550369368683729668e-03 4.716796721096452177e-03
6.745959268926978893e+02 7.129619218017579918e-03 7.846418161660715165e-03 5.968158247961974187e-03 6.981398542546756424e-03
6.746959268526978803e+02 9.816609834458566927e-03 1.049713662730174593e-02 8.452728635860764714e-03 9.588825032540359769e-03
6.747959268126978714e+02 1.237369783573558091e-02 1.001054042258838796e-02 1.366547226395375611e-02 1.201657017409257441e-02
6.748959267726978624e+02 2.082701321681330528e-02 1.320294892357284228e-02 2.598513301968510478e-02 2.000503172002375193e-02
6.749959267326978534e+02 3.488442480475791030e-02 2.000712217222026801e-02 4.517282044874025571e-02 3.335478914190614930e-02
6.750959266926978444e+02 3.971527850933695425e-02 2.280462121311111617e-02 4.949840355827649085e-02 3.733943442690818709e-02
6.751959266526978354e+02 3.780863293446638101e-02 2.231209489762674483e-02 5.103899676436501887e-02 3.705324153215271143e-02
6.752959266126978264e+02 5.500080242410851361e-02 3.080237019761175588e-02 7.216540995217751719e-02 5.265619419129926454e-02
6.753959265726978174e+02 7.470180557823138945e-02 4.784521361579757021e-02 9.096500447090002939e-02 7.117067455497633199e-02
6.754959265326978084e+02 8.590745996554338682e-02 7.186027290710526871e-02 9.254268786605404640e-02 8.343680691290089602e-02
6.755959264926977994e+02 7.547552086624621792e-02 9.186550438868398838e-02 6.040768526097725633e-02 7.591623683863582550e-02
6.756959264526977904e+02 6.656055316587697335e-02 1.115271432188972289e-01 4.223660206746610024e-02 7.344143281741344342e-02
6.757959264126977814e+02 6.334644717273767156e-02 9.992620371698934800e-02 3.573265808828812728e-02 6.633510299267171562e-02
6.758959263726977724e+02 6.992761908668360116e-02 8.918998652858187159e-02 4.699787054700946265e-02 6.870515872075830255e-02
6.759959263326977634e+02 8.057695834479368380e-02 8.987780930303866656e-02 6.983713329159849104e-02 8.009730031314361842e-02
6.760959262926977544e+02 7.094087766806422835e-02 7.490764331384458519e-02 7.399932803461389819e-02 7.328261633884090853e-02
6.761959262526977454e+02 4.617238355586992388e-02 4.762649529202599846e-02 4.974909148229847422e-02 4.784932344339812987e-02
6.762959262126977364e+02 2.886687048564833685e-02 2.917908171996146452e-02 3.130447864472947483e-02 2.978347695011309207e-02
6.763959261726977275e+02 2.229671936516243111e-02 2.153467543612115620e-02 2.389565705127897136e-02 2.257568395085418275e-02
6.764959261326977185e+02 2.754658966909104972e-02 2.705844780096581387e-02 2.882380431710443447e-02 2.780961392905376486e-02
6.765959260926977095e+02 2.502149992487718785e-02 2.633652492497728578e-02 2.855383406827140952e-02 2.663728630604196221e-02
6.766959260526977005e+02 4.270526830212849345e-02 4.381265042346084437e-02 5.184233966687495226e-02 4.612008613082142772e-02
6.767959260126976915e+02 3.471820266411947825e-02 3.089866472423175719e-02 4.219538763737254450e-02 3.593741834190793127e-02
6.768959259726976825e+02 5.610410627564725583e-02 4.384142702376540857e-02 5.118759267968612386e-02 5.037770865969959377e-02
6.769959259326976735e+02 8.386463458059842391e-02 6.612363736373930156e-02 7.099886717141121184e-02 7.366237970524965040e-02
6.770959258926976645e+02 1.025070541687894965e-01 8.978038151547787504e-02 8.741170401854603256e-02 9.323304656760446341e-02
6.771959258526976555e+02 1.084243311485294237e-01 1.173820148337507974e-01 9.378780463028771330e-02 1.065313835375226448e-01
6.772959258126976465e+02 1.209912020268771038e-01 1.420971125031980087e-01 1.141724115493920333e-01 1.257535753598224004e-01
6.773959257726976375e+02 1.453333641741653692e-01 1.519002878885815644e-01 1.588376754181259898e-01 1.520237758269576411e-01
6.774959257326976285e+02 1.695792522902909993e-01 1.578682780161216326e-01 2.088168880493216362e-01 1.787548061185780801e-01
6.775959256926976195e+02 1.356747670521264437e-01 1.400965455527617420e-01 1.673685965005769216e-01 1.477133030351550358e-01
6.776959256526976105e+02 1.044367138321776606e-01 1.130451917843766640e-01 1.074925247679919815e-01 1.083248101281820835e-01
6.777959256126976015e+02 9.612414899260525447e-02 9.870645339727894541e-02 9.115233676810775842e-02 9.532764638599731943e-02
6.778959255726975925e+02 9.774520083638579826e-02 9.330549727884819566e-02 8.967302816168001844e-02 9.357457542563801800e-02
6.779959255326975835e+02 7.361640011391976102e-02 6.484522789144724075e-02 6.878914051770892990e-02 6.908358950769197260e-02
6.780959254926975746e+02 3.964010186060576424e-02 3.529476545558638684e-02 3.816945714544366791e-02 3.770144148721193966e-02
6.781959254526975656e+02 2.372906327659290299e-02 2.201503287874843548e-02 2.306666365233633886e-02 2.293691993589255795e-02
6.782959254126975566e+02 1.619982965138932335e-02 1.546126968604028852e-02 1.574108217016783468e-02 1.580072716919914827e-02
6.783959253726975476e+02 1.201785817184179532e-02 1.172969989690332213e-02 1.162363473757389160e-02 1.179039760210633635e-02
6.784959253326975386e+02 9.831913656843889460e-03 9.697814251917494591e-03 9.518059015440342302e-03 9.682595641400577186e-03
6.785959252926975296e+02 8.176391126144781987e-03 8.137146212995868821e-03 7.906211788588943939e-03 8.073249709243198249e-03
6.786959252526975206e+02 7.013647393962699726e-03 7.035198301109623666e-03 6.769366540929596006e-03 6.939404078667306755e-03
6.787959252126975116e+02 6.173024229571377579e-03 6.234440686298784243e-03 5.945778436847532628e-03 6.117747784239232350e-03
6.788959251726975026e+02 5.567407777088992024e-03 5.653987580599505181e-03 5.352225706194441851e-03 5.524540354627646352e-03
6.789959251326974936e+02 5.154257894069702584e-03 5.250692409736868078e-03 4.949370619006373748e-03 5.118106974270982337e-03
6.790959250926974846e+02 4.930891543665393700e-03 5.015805433293884195e-03 4.738255593786341521e-03 4.894984190248540673e-03
6.791959250526974756e+02 4.983844292594978055e-03 4.980023179569129620e-03 4.819145954166105875e-03 4.927671142110070894e-03
6.792959250126974666e+02 5.401939950474407212e-03 5.185211237016926385e-03 5.306257692677759756e-03 5.297802960056364162e-03
6.793959249726974576e+02 6.337499507310237132e-03 5.810045330885213986e-03 6.567032635377197461e-03 6.238192491190883149e-03
6.794959249326974486e+02 8.094107896603301711e-03 7.155927266400313562e-03 8.898588173284701502e-03 8.049541112096105303e-03
6.795959248926974396e+02 9.328243692565728676e-03 8.780227653926553355e-03 9.423771859147569985e-03 9.177414401879951250e-03
6.796959248526974307e+02 9.402381539529606341e-03 1.093130014330382857e-02 7.531998790370904827e-03 9.288560157734779624e-03
6.797959248126974217e+02 1.159562267954052442e-02 1.632639333001472542e-02 7.076008146879225746e-03 1.166600805214482520e-02
6.798959247726974127e+02 1.582439231169932570e-02 2.364276512483186321e-02 8.797007581595196399e-03 1.608805500604212901e-02
6.799959247326974037e+02 1.767642090127819962e-02 2.395993006098782324e-02 1.191764232216628062e-02 1.785133109481076841e-02
6.800959246926973947e+02 1.481893575666919788e-02 1.636551862137901325e-02 1.269352398837875900e-02 1.462599278880899120e-02
6.801959246526973857e+02 9.840977177265695930e-03 9.978260726947723452e-03 9.004485498190340984e-03 9.607907800801254034e-03
6.802959246126973767e+02 6.188144425315060537e-03 6.512823641199051369e-03 5.468001417514049486e-03 6.056323161342720175e-03
6.803959245726973677e+02 4.436869312283866704e-03 4.915459111644008769e-03 3.707495094863945580e-03 4.353274506263939483e-03
6.804959245326973587e+02 3.658606703960308893e-03 4.251998261556869801e-03 2.856571443573699930e-03 3.589058803030292441e-03
6.805959244926973497e+02 3.368818652737615681e-03 4.127887083942004612e-03 2.409248295832576436e-03 3.301984677504065432e-03
6.806959244526973407e+02 3.417335652597395038e-03 4.453594608184834915e-03 2.165171016270906086e-03 3.345367092351045346e-03
6.807959244126973317e+02 3.820518620562694291e-03 5.329711331966809074e-03 2.043940757275721897e-03 3.731390236601741031e-03
6.808959243726973227e+02 4.699614866478485711e-03 7.014106099093797390e-03 2.015570186364407362e-03 4.576430383978896677e-03
6.809959243326973137e+02 6.119311301170240330e-03 9.633617338644505368e-03 2.078409124058335031e-03 5.943779254624361255e-03
6.810959242926973047e+02 7.257688765127678215e-03 1.161791882242325241e-02 2.251372196189978074e-03 7.042326594580304924e-03
6.811959242526972957e+02 6.107905099414589686e-03 9.144364677853369233e-03 2.573094358166567314e-03 5.941788045144842656e-03
6.812959242126972867e+02 4.143578646348512230e-03 4.990986997465514038e-03 3.111129962969356837e-03 4.081898535594461613e-03
6.813959241726972778e+02 3.503502335148758057e-03 3.386925914638757792e-03 3.746297416162878025e-03 3.545575221983465058e-03
6.814959241326972688e+02 3.004293823569212287e-03 2.604482214752739874e-03 3.823611816179706916e-03 3.144129284833886359e-03
6.815959240926972598e+02 2.112009806268557756e-03 1.866863352835663103e-03 2.731779999254900764e-03 2.236884386119707135e-03
6.816959240526972508e+02 1.319307665862043486e-03 1.290853505115452512e-03 1.493366339633813789e-03 1.367842503537103262e-03
6.817959240126972418e+02 9.627061868470783044e-04 1.002479769800962255e-03 9.804764118370341841e-04 9.818874561616916172e-04
6.818959239726972328e+02 7.838595497652977705e-04 8.392318380021073377e-04 7.550943066132513809e-04 7.927285647935520185e-04
6.819959239326972238e+02 6.749800469240499782e-04 7.313129529150522255e-04 6.323098983717241866e-04 6.795342994036087606e-04
6.820959238926972148e+02 5.999002779530295155e-04 6.529678102828713557e-04 5.543008386798067844e-04 6.023896423052359575e-04
6.821959238526972058e+02 5.438458823502894529e-04 5.926075811407085668e-04 4.993023924554310794e-04 5.452519519821430330e-04
6.822959238126971968e+02 4.996946874573981534e-04 5.441601546839461203e-04 4.576307925639154246e-04 5.004952115684197910e-04
6.823959237726971878e+02 4.635765507732418958e-04 5.040935951237111076e-04 4.243999769422321356e-04 4.640233742797283435e-04
6.824959237326971788e+02 4.331946498301585146e-04 4.701944229990653043e-04 3.968969968884667843e-04 4.334286899058968677e-04
6.825959236926971698e+02 4.070912060860950709e-04 4.409955934145746558e-04 3.734981097596755178e-04 4.071949697534483245e-04
6.826959236526971608e+02 3.842908197356398499e-04 4.154812540213775971e-04 3.531708972470842291e-04 3.843143236680338559e-04
6.827959236126971518e+02 3.641124463722985390e-04 3.929226306872685539e-04 3.352253979018516889e-04 3.640868249871395939e-04
6.828959235726971428e+02 3.460635742574279835e-04 3.727813329329241030e-04 3.191808692757013509e-04 3.460085921553511458e-04
6.829959235326971339e+02 3.297773954183127413e-04 3.546496379687083100e-04 3.046902773648738376e-04 3.297057702506316296e-04
6.830959234926971249e+02 3.149738052498057134e-04 3.382121469825511914e-04 2.914953964166697945e-04 3.148937828830089178e-04
6.831959234526971159e+02 3.014342640965246524e-04 3.232203412544849960e-04 2.793989888036859954e-04 3.013511980515652688e-04
6.832959234126971069e+02 2.889850611109703003e-04 3.094752145240184230e-04 2.682469411566717815e-04 2.889024055972201502e-04
6.833959233726970979e+02 2.774858546142840751e-04 2.968151230030752511e-04 2.579164285842339816e-04 2.774058020671978054e-04
6.834959233326970889e+02 2.668216293237660446e-04 2.851070995474991971e-04 2.483078525603796272e-04 2.667455271438816410e-04
6.835959232926970799e+02 2.568969270748707031e-04 2.742405237411054200e-04 2.393392115522565138e-04 2.568255541227441852e-04
6.836959232526970709e+02 2.476316268135017118e-04 2.641224286493782433e-04 2.309420821696631489e-04 2.475653792108476652e-04
6.837959232126970619e+02 2.389578033648536001e-04 2.546739665997026420e-04 2.230586918523229812e-04 2.388968206056263897e-04
6.838959231726970529e+02 2.308173518338641221e-04 2.458277099844069892e-04 2.156397474878216666e-04 2.307616031020309170e-04
6.839959231326970439e+02 2.231601650931655631e-04 2.375255630631233484e-04 2.086427977785616490e-04 2.231095086449501959e-04
6.840959230926970349e+02 2.159427170769199242e-04 2.297171274494991657e-04 2.020309793465874574e-04 2.158969412910021824e-04
6.841959230526970259e+02 2.091269483445000596e-04 2.223584086508556415e-04 1.957720431617164785e-04 2.090858000523573661e-04
6.842959230126970169e+02 2.026793795880668593e-04 2.154107823622395811e-04 1.898375889510965696e-04 2.026425836338010124e-04
6.843959229726970079e+02 1.965703993515793087e-04 2.088401606303870429e-04 1.842024560308858604e-04 1.965376720042840797e-04
6.844959229326969989e+02 1.907736863442684042e-04 2.026163134383509028e-04 1.788442333281919970e-04 1.907447443702704618e-04
6.845959228926969899e+02 1.852657367724752462e-04 1.967123123926142823e-04 1.737428612645858586e-04 1.852403034765584533e-04
6.846959228526969810e+02 1.800254745250522799e-04 1.911040710848274692e-04 1.688803053429597883e-04 1.800032836509465124e-04
6.847959228126969720e+02 1.750339272642692772e-04 1.857699627371260664e-04 1.642402861459427827e-04 1.750147253824460331e-04
6.848959227726969630e+02 1.702739553876910254e-04 1.806905000146706249e-04 1.598080542638307864e-04 1.702575032220641365e-04
6.849959227326969540e+02 1.657300237817246641e-04 1.758480653289122976e-04 1.555702012694120014e-04 1.657160967933496453e-04
6.850959226926969450e+02 1.613880083901370489e-04 1.712266823172292911e-04 1.515144998686509203e-04 1.613763968586724110e-04
6.851959226526969360e+02 1.572350314151232237e-04 1.668118212256576799e-04 1.476297678819746728e-04 1.572255401742518317e-04
6.852959226126969270e+02 1.532593201200466452e-04 1.625902322677104091e-04 1.439057517807237180e-04 1.532517680561602575e-04
6.853959225726969180e+02 1.494500852701038853e-04 1.585498023459134935e-04 1.403330264720624161e-04 1.494443046960265893e-04
6.854959225326969090e+02 1.457974159770625288e-04 1.546794312177148163e-04 1.369029085282567751e-04 1.457932519076780582e-04
6.855959224926969000e+02 1.422921883557241103e-04 1.509689240563775808e-04 1.336073808097733057e-04 1.422894977406250080e-04
6.856959224526968910e+02 1.389259858012297931e-04 1.474088978928979679e-04 1.304390265898637633e-04 1.389246367613304991e-04
6.857959224126968820e+02 1.356910292192230281e-04 1.439906997889102587e-04 1.273909718159824621e-04 1.356909002747052587e-04
6.858959223726968730e+02 1.325801156239349407e-04 1.407063350322722338e-04 1.244568342182355626e-04 1.325810949581475700e-04
6.859959223326968640e+02 1.295865640455034758e-04 1.375484039102505473e-04 1.216306783994882095e-04 1.295885487850807532e-04
6.860959222926968550e+02 1.267041675899508401e-04 1.345100458830603835e-04 1.189069759536028211e-04 1.267070631422046725e-04
6.861959222526968460e+02 1.239271509422350509e-04 1.315848900846403166e-04 1.162805700251098553e-04 1.239308703506617545e-04
6.862959222126968371e+02 1.221627442805554408e-04 1.297338048763135333e-04 1.146007388339261620e-04 1.221657626635983787e-04
6.863959221726968281e+02 1.204609646273856817e-04 1.279485804588310004e-04 1.129804471085882366e-04 1.204633307316016396e-04
6.864959221326968191e+02 1.188186220658083694e-04 1.262258833642900739e-04 1.114166290958270591e-04 1.188203781753085098e-04
