6.512106682913499753e+03 2.163151922500000093e-05 2.150732120300000153e-05 2.190923196500000003e-05 2.168269079766666524e-05
6.512206682883499525e+03 2.037096340217432730e-05 2.024487832474045128e-05 2.065183407322692736e-05 2.042255860004723870e-05
6.512306682853499296e+03 1.915504297955580580e-05 1.902713698164836784e-05 1.943898849171089486e-05 1.920705615097169063e-05
6.512406682823499068e+03 1.799109208656618381e-05 1.786140949516513334e-05 1.827807554583200413e-05 1.804352570918777714e-05
6.512506682793498840e+03 1.688665196834459404e-05 1.675525095340672804e-05 1.717664664273109066e-05 1.693951652149413645e-05
6.512606682763498611e+03 1.585058352111484936e-05 1.571743397473766518e-05 1.614370384342633940e-05 1.590390711309295357e-05
6.512706682733498383e+03 1.488942985509358496e-05 1.475449918629963806e-05 1.518581356621942793e-05 1.494324753587088591e-05
6.512806682703498154e+03 1.399965723653540049e-05 1.386294900726830306e-05 1.429938910150422601e-05 1.405399844843597539e-05
6.512906682673497926e+03 1.318077627033100584e-05 1.304225460768328435e-05 1.348399691395786309e-05 1.323567593065738386e-05
6.513006682643497697e+03 1.242981711760941747e-05 1.228939203074871499e-05 1.273677760951172580e-05 1.248532891928995219e-05
6.513106682613497469e+03 1.174709821117237725e-05 1.160469977709246590e-05 1.205800647332897032e-05 1.180326815386460393e-05
6.513206682583497241e+03 1.112568545367998419e-05 1.098123211646122641e-05 1.144076229192355593e-05 1.118255995402158715e-05
6.513306682553497012e+03 1.055670316535079067e-05 1.041016185686754427e-05 1.087609551381483814e-05 1.061432017867772492e-05
6.513406682523496784e+03 1.003773037901012610e-05 9.889030635028098575e-06 1.036166074331171473e-05 1.009614058578331313e-05
6.513506682493496555e+03 9.567710820999530819e-06 9.416725768197918000e-06 9.896461136555544005e-06 9.626965908584331506e-06
6.513606682463496327e+03 9.142313110104006359e-06 8.988947547016387787e-06 9.476130391902472545e-06 9.202463683007621666e-06
6.513706682433496098e+03 8.751961580402833822e-06 8.596135336614206480e-06 9.091059966253311895e-06 8.813052294423450733e-06
6.513806682403495870e+03 8.396463295154104451e-06 8.238063524279193265e-06 8.741110754053611138e-06 8.458545857828968489e-06
6.513906682373495642e+03 8.075002756700293830e-06 7.913928001445331788e-06 8.425445691204460713e-06 8.138125483116696009e-06
6.514006682343495413e+03 7.782345350161129789e-06 7.618493511090651855e-06 8.138826233144511109e-06 7.846555031465431482e-06
6.514106682313495185e+03 7.513448820891131591e-06 7.346706253235644592e-06 7.876254567741639522e-06 7.578803213956137439e-06
6.514206682283494956e+03 7.266037216005535233e-06 7.096272798043358704e-06 7.635457651332633018e-06 7.332589221793842319e-06
6.514306682253494728e+03 7.041601631385218875e-06 6.868704861158905645e-06 7.417892458540275004e-06 7.109399650361465661e-06
6.514406682223494499e+03 6.835375762569302470e-06 6.659202660576183608e-06 7.218864333204451451e-06 6.904480918783313357e-06
6.514506682193494271e+03 6.648280592495956692e-06 6.468679099980589813e-06 7.039289019752502977e-06 6.718749570743016212e-06
6.514606682163494042e+03 6.479761787900034095e-06 6.296600871295933273e-06 6.878583384400785878e-06 6.551648681198917184e-06
6.514706682133493814e+03 6.327041604126492814e-06 6.140164355914131159e-06 6.734027812341966589e-06 6.400411257460864086e-06
6.514806682103493586e+03 6.184560650203954762e-06 5.993793311413941705e-06 6.600070066165418090e-06 6.259474675927771801e-06
6.514906682073493357e+03 6.057123197882279862e-06 5.862352943207054726e-06 6.481413589521466897e-06 6.133629910203599930e-06
6.515006682043493129e+03 5.942074113834675419e-06 5.743114433383004860e-06 6.375555872169072445e-06 6.020248139795583959e-06
6.515106682013492900e+03 5.836925881740803306e-06 5.633579659320008788e-06 6.279988561511797128e-06 5.916831367524203074e-06
6.515206681983492672e+03 5.744636189500190645e-06 5.536742075595945405e-06 6.197637437770705884e-06 5.826338567622279797e-06
6.515306681953492443e+03 5.661158250293620652e-06 5.448461125502903707e-06 6.124600040663597715e-06 5.744739805486707358e-06
6.515406681923492215e+03 5.587639725338344432e-06 5.369952140944312848e-06 6.061916993366209247e-06 5.673169619882955792e-06
6.515506681893491987e+03 5.523899970450006008e-06 5.301047205835307229e-06 6.009368639996709456e-06 5.611438605427341180e-06
6.515606681863491758e+03 5.469874131474758791e-06 5.241552963193484007e-06 5.967135269952790880e-06 5.559520788207010943e-06
6.515706681833491530e+03 5.425981637241700429e-06 5.191899190864049869e-06 5.935568552422152571e-06 5.517816460175967623e-06
6.515806681803491301e+03 5.387320223744388916e-06 5.147266908521571192e-06 5.909673314738685477e-06 5.481420149001548246e-06
6.515906681773491073e+03 5.357602750380799948e-06 5.111255219935473310e-06 5.893327843738665526e-06 5.454061938018313493e-06
6.516006681743490844e+03 5.337319800011249822e-06 5.084376778679180044e-06 5.886982119444262602e-06 5.436226232711563591e-06
6.516106681713490616e+03 5.325659363425135759e-06 5.065828130584368910e-06 5.889786311948138955e-06 5.427091268652547592e-06
6.516206681683490388e+03 5.320362810647194481e-06 5.053233648212525905e-06 5.899677188440174511e-06 5.424424549099965248e-06
6.516306681653490159e+03 5.322032796756931507e-06 5.047211626577043913e-06 5.917238291327195228e-06 5.428827571553723832e-06
6.516406681623489931e+03 5.335369318455588176e-06 5.052472525832018950e-06 5.947118867835455838e-06 5.444986904041020423e-06
6.516506681593489702e+03 5.356428213518955736e-06 5.064994030113530732e-06 5.985491457876147530e-06 5.468971233836211898e-06
6.516606681563489474e+03 5.386311091676379627e-06 5.085861680882997749e-06 6.033457998644865049e-06 5.501876923734746910e-06
6.516706681533489245e+03 5.425184382342526200e-06 5.115231602490182870e-06 6.091187034630969657e-06 5.543867673154559293e-06
6.516806681503489017e+03 5.472868400948389204e-06 5.152825335622635420e-06 6.158600527360468109e-06 5.594764754643829782e-06
6.516906681473488788e+03 5.528827283483931397e-06 5.198062063884323962e-06 6.235217259608315413e-06 5.654035535658857206e-06
6.517006681443488560e+03 5.594905976333024633e-06 5.252795272713154017e-06 6.322809814376452011e-06 5.723503687807543272e-06
6.517106681413488332e+03 5.674388430650793201e-06 5.320182627978880492e-06 6.424793981222216515e-06 5.806455013283963121e-06
6.517206681383488103e+03 5.765576396910056267e-06 5.398482487499878783e-06 6.539490581224796038e-06 5.901183155211577311e-06
6.517306681353487875e+03 5.867672357387993764e-06 5.486825194040634124e-06 6.666074134978325584e-06 6.006857228802317541e-06
6.517406681323487646e+03 5.982363610991302585e-06 5.586802120051227375e-06 6.806295629456954456e-06 6.125153786833162036e-06
6.517506681293487418e+03 6.112157343320296678e-06 5.700808780873241623e-06 6.962671253489826517e-06 6.258545792561121606e-06
6.517606681263487189e+03 6.258041067395201061e-06 5.829755200963236316e-06 7.136143672377864131e-06 6.407979980245434683e-06
6.517706681233486961e+03 6.421715518141937768e-06 5.975171866275593387e-06 7.328434527682146544e-06 6.575107304033225900e-06
6.517806681203486733e+03 6.604367150927239644e-06 6.138121000743007656e-06 7.540632904073712398e-06 6.761040351914652951e-06
6.517906681173486504e+03 6.808810340453491868e-06 6.321223273088916193e-06 7.775495568450126378e-06 6.968509727330843966e-06
6.518006681143486276e+03 7.037000679990465433e-06 6.526191864419367290e-06 8.034915142428220060e-06 7.199369228946017877e-06
6.518106681113486047e+03 7.291129888429780658e-06 6.755066838710240629e-06 8.320708761065745564e-06 7.455635162735256464e-06
6.518206681083485819e+03 7.573668717288124113e-06 7.009988332990225810e-06 8.635115562299431271e-06 7.739590870859261245e-06
6.518306681053485590e+03 7.891748882450583673e-06 7.297742395221430689e-06 8.984886447598642876e-06 8.058125908423552413e-06
6.518406681023485362e+03 8.248253866488318325e-06 7.620826280853226016e-06 9.372283573722435727e-06 8.413787907021324995e-06
6.518506680993485134e+03 8.647445895034722141e-06 7.982983657507180416e-06 9.800859913051878443e-06 8.810429821864593667e-06
6.518606680963484905e+03 9.097861352709882380e-06 8.392142266226385952e-06 1.027805371762896139e-05 9.256019112188410472e-06
6.518706680933484677e+03 9.610121295147121539e-06 8.858246061248134344e-06 1.081299192411544084e-05 9.760453093503567833e-06
6.518806680903484448e+03 1.019147951258090363e-05 9.387598445208663063e-06 1.141102034150965346e-05 1.033003276643307169e-05
6.518906680873484220e+03 1.085298766309285676e-05 9.990219433703398347e-06 1.208041557719863310e-05 1.097454089133163110e-05
6.519006680843483991e+03 1.161123645008089565e-05 1.068119329068687714e-05 1.283434368152491271e-05 1.170892447409756071e-05
6.519106680813483763e+03 1.248705314065282534e-05 1.147966669487907034e-05 1.368878586252849253e-05 1.255183523268679607e-05
6.519206680783483534e+03 1.350115757033914483e-05 1.240414877331615268e-05 1.465805722730164226e-05 1.352112119031898162e-05
6.519306680753483306e+03 1.468344974821161036e-05 1.348171463432471724e-05 1.576376885437906635e-05 1.464297774563846578e-05
6.519406680723483078e+03 1.607052922461965017e-05 1.474555353461861030e-05 1.703159046840791271e-05 1.594922440921538824e-05
6.519506680693482849e+03 1.770612549734561510e-05 1.623505300973210149e-05 1.849181804258977606e-05 1.747766551655582749e-05
6.519606680663482621e+03 1.964943657100107834e-05 1.800432779386254133e-05 2.018798025193039298e-05 1.928058153893134094e-05
6.519706680633482392e+03 2.197182197799072854e-05 2.011908292001658499e-05 2.217565315854227371e-05 2.142218601884986242e-05
6.519806680603482164e+03 2.474732381616650656e-05 2.264822561612767583e-05 2.451906766351339654e-05 2.397153903193586190e-05
6.519906680573481935e+03 2.805766258616458053e-05 2.567095079039881185e-05 2.730985354584659713e-05 2.701282230746999537e-05
6.520006680543481707e+03 3.196858265610633544e-05 2.925825182995979543e-05 3.067170659011719819e-05 3.063284702539444528e-05
6.520106680513481479e+03 3.647818461535585186e-05 3.342934631760794057e-05 3.475605740139375507e-05 3.488786277811918476e-05
6.520206680483481250e+03 4.145839839055487483e-05 3.810434026343712281e-05 3.974606322335249252e-05 3.976960062578150350e-05
6.520306680453481022e+03 4.660544558454655348e-05 4.306043890384948726e-05 4.584399063514720435e-05 4.516995837451441277e-05
6.520406680423480793e+03 5.146269382073038410e-05 4.794021868055977666e-05 5.321686516217691211e-05 5.087325922115568870e-05
6.520506680393480565e+03 5.561540862417814317e-05 5.239950240440029947e-05 6.193393511920745539e-05 5.664961538259529708e-05
6.520606680363480336e+03 5.892994060330422005e-05 5.628513319699922758e-05 7.186236273831353189e-05 6.235914551287233102e-05
6.520706680333480108e+03 6.156530597547250894e-05 5.962198656985051690e-05 8.248840534043347318e-05 6.789189929525216182e-05
6.520806680303479880e+03 6.372626202292415670e-05 6.240407958217631930e-05 9.276262771592928835e-05 7.296432310700992597e-05
6.520906680273479651e+03 6.540093251568110551e-05 6.442081537927727699e-05 1.011579116440296017e-04 7.699321984632933257e-05
6.521006680243479423e+03 6.640090226006665553e-05 6.539069677069452263e-05 1.061909089802501712e-04 7.932750267033711192e-05
6.521106680213479194e+03 6.666768524333100809e-05 6.530147057788979637e-05 1.072554126010357101e-04 7.974152280741883818e-05
6.521206680183478966e+03 6.652633076330919098e-05 6.460125864438997698e-05 1.050824842838068036e-04 7.873669123050198147e-05
6.521306680153478737e+03 6.662666272263407651e-05 6.404173521486182942e-05 1.013489862465304266e-04 7.733912806134211535e-05
6.521406680123478509e+03 6.767131294729897132e-05 6.435442155430985234e-05 9.784697717765438363e-05 7.662423722642107361e-05
6.521506680093478280e+03 7.020092978505840611e-05 6.603492902322893627e-05 9.591768799815854904e-05 7.738451560214862596e-05
6.521606680063478052e+03 7.450170577549065963e-05 6.925515659655028878e-05 9.633403674608152236e-05 8.003029970604081907e-05
6.521706680033477824e+03 8.053856701657326829e-05 7.379158515072676758e-05 9.937441948711912777e-05 8.456819055147305907e-05
6.521806680003477595e+03 8.786979935037915034e-05 7.895163598581903192e-05 1.048908800576617349e-04 9.057077179795331476e-05
6.521906679973477367e+03 9.551508429456111410e-05 8.354385466317982363e-05 1.122214955066346334e-04 9.709347815479185705e-05
6.522006679943477138e+03 1.019535157380914252e-04 8.612161352470087581e-05 1.200474935255440109e-04 1.027075409294454328e-04
6.522106679913476910e+03 1.054489647883208325e-04 8.556725192177050204e-05 1.264222051984294052e-04 1.058128073028402556e-04
6.522206679883476681e+03 1.047004697034411370e-04 8.164799196958942302e-05 1.292217387867006814e-04 1.051900668199104184e-04
6.522306679853476453e+03 9.950953898584668925e-05 7.507812122708150274e-05 1.270269108968917959e-04 1.005381903699399914e-04
6.522406679823476225e+03 9.089761796571601399e-05 6.705293244568661629e-05 1.198255129897035848e-04 9.259202113370207171e-05
6.522506679793475996e+03 8.053036037674563300e-05 5.870559502934472002e-05 1.089471308918119687e-04 8.272769543263409594e-05
6.522606679763475768e+03 6.995458703670170769e-05 5.082617693517445614e-05 9.632046019399308722e-05 7.236707472195642605e-05
6.522706679733475539e+03 6.017600330866062477e-05 4.383004579087181876e-05 8.365798194607706442e-05 6.255467701520318739e-05
6.522806679703475311e+03 5.164056641640817503e-05 3.784126885622188474e-05 7.203493349172605212e-05 5.383892292145204633e-05
6.522906679673475082e+03 4.443261294717318528e-05 3.282354407156889227e-05 6.192579552110634693e-05 4.639398417994947935e-05
6.523006679643474854e+03 3.844668719505920940e-05 2.866260945375381200e-05 5.339578767983747196e-05 4.016836144288349553e-05
6.523106679613474626e+03 3.351078506592631922e-05 2.522451203633271083e-05 4.631028579385403185e-05 3.501519429870435961e-05
6.523206679583474397e+03 2.943790611200901579e-05 2.237511099716901468e-05 4.045288976650317713e-05 3.075530229189373248e-05
6.523306679553474169e+03 2.606793977597244791e-05 2.000445196123405996e-05 3.561267119048438032e-05 2.722835430923029493e-05
6.523406679523473940e+03 2.326871503782464661e-05 1.802491250747669378e-05 3.160221511059927536e-05 2.429861421863353858e-05
6.523506679493473712e+03 2.092711416486588288e-05 1.635917845720066051e-05 2.826015870747690273e-05 2.184881710984781312e-05
6.523606679463473483e+03 1.895408641356127207e-05 1.494717569818135351e-05 2.545633398108358101e-05 1.978586536427539994e-05
6.523706679433473255e+03 1.728438022387718308e-05 1.374653388941623625e-05 2.309239409323965509e-05 1.804110273551102198e-05
6.523806679403473026e+03 1.586276366783041374e-05 1.271983969603705914e-05 2.108666409423895523e-05 1.655642248603547378e-05
6.523906679373472798e+03 1.464233420929699800e-05 1.183413506101865583e-05 1.937178683477716804e-05 1.528275203503094232e-05
6.524006679343472570e+03 1.358775149769693223e-05 1.106529162778430929e-05 1.789595834420005217e-05 1.418300048989376287e-05
6.524106679313472341e+03 1.267401339865089465e-05 1.039705192069055295e-05 1.662103344840130131e-05 1.323069958924758297e-05
6.524206679283472113e+03 1.188142996385094606e-05 9.816731805874107119e-06 1.551718981562144633e-05 1.240511719511549871e-05
6.524306679253471884e+03 1.119045811363361436e-05 9.310272651552703010e-06 1.455662275184067823e-05 1.168578450567566633e-05
6.524406679223471656e+03 1.058154213606768957e-05 8.862895468469730973e-06 1.371286221885386552e-05 1.105243327446376202e-05
6.524506679193471427e+03 1.004536855571812127e-05 8.468809038460221045e-06 1.297146224016102737e-05 1.049521327811312379e-05
6.524606679163471199e+03 9.574741341368779438e-06 8.123856432256569438e-06 1.232066844383411699e-05 1.000642207248648919e-05
6.524706679133470971e+03 9.159331504239360980e-06 7.820105536017451906e-06 1.174672444014819715e-05 9.575387160135005038e-06
6.524806679103470742e+03 8.791550897482755308e-06 7.552076286843282106e-06 1.123899745845481453e-05 9.194208214260285111e-06
6.524906679073470514e+03 8.463931193438042606e-06 7.313974807625812048e-06 1.078748394917455630e-05 8.855129983412802521e-06
6.525006679043470285e+03 8.173075377756106163e-06 7.103903631178361436e-06 1.038686766689937857e-05 8.554615558611281776e-06
6.525106679013470057e+03 7.916997692956258969e-06 6.920902806647784859e-06 1.003343831378264225e-05 8.290446271128895642e-06
6.525206678983469828e+03 7.688698711579230620e-06 6.759287158413055642e-06 9.718651706953475929e-06 8.055545858981921577e-06
6.525306678953469600e+03 7.487070117413648310e-06 6.618785792265019006e-06 9.440165907467939059e-06 7.848673939048868227e-06
6.525406678923469372e+03 7.311058274387963345e-06 6.498717685323315674e-06 9.196094913855786611e-06 7.668623624522354927e-06
6.525506678893469143e+03 7.154372639182243391e-06 6.394017706648375518e-06 8.978893134038741164e-06 7.509094493289786126e-06
6.525606678863468915e+03 7.016992201920313036e-06 6.304604169752016116e-06 8.788381900622563699e-06 7.369992757431631515e-06
6.525706678833468686e+03 6.900648069043851992e-06 6.233196894210406213e-06 8.625039688070717489e-06 7.252961550441658565e-06
6.525806678803468458e+03 6.802136828313955127e-06 6.176616329254659311e-06 8.485647533522479638e-06 7.154800230363698025e-06
6.525906678773468229e+03 6.715219031805686510e-06 6.129619154982193532e-06 8.363022880472508228e-06 7.069287022420129988e-06
6.526006678743468001e+03 6.644253516358262330e-06 6.096374149904122879e-06 8.261376229263239486e-06 7.000667965175208232e-06
6.526106678713467772e+03 6.586951099596622434e-06 6.075299536019472543e-06 8.177994546726393224e-06 6.946748394114162169e-06
6.526206678683467544e+03 6.543596527688283850e-06 6.066666612053501446e-06 8.113135240637690679e-06 6.907799460126491992e-06
6.526306678653467316e+03 6.512507767569503258e-06 6.069115442759021091e-06 8.064626125775097455e-06 6.882083112034541448e-06
6.526406678623467087e+03 6.491574053744910028e-06 6.080829786233732522e-06 8.030312602335924567e-06 6.867572147438189604e-06
6.526506678593466859e+03 6.484082567009916498e-06 6.105390026565278503e-06 8.013254156398812056e-06 6.867575583324668736e-06
6.526606678563466630e+03 6.487926095583882328e-06 6.140873440138766173e-06 8.011348685260174808e-06 6.880049406994274436e-06
6.526706678533466402e+03 6.501949370256261032e-06 6.186577079945093692e-06 8.023081857456962457e-06 6.903869435886106010e-06
6.526806678503466173e+03 6.527470232598900772e-06 6.244138590694485359e-06 8.049622102237388502e-06 6.940410308510257928e-06
6.526906678473465945e+03 6.565470997728168606e-06 6.314058888989858985e-06 8.092748200753516246e-06 6.990759362490514894e-06
6.527006678443465717e+03 6.611845212139337825e-06 6.393001812805039423e-06 8.147673551693664315e-06 7.050840192212680239e-06
6.527106678413465488e+03 6.668741116342882176e-06 6.484027872570585511e-06 8.216360357641586687e-06 7.123043115518351176e-06
6.527206678383465260e+03 6.737925501897226819e-06 6.587665295861482105e-06 8.301704227557828633e-06 7.209098341772179750e-06
6.527306678353465031e+03 6.818407018990584342e-06 6.704860758216827004e-06 8.401459128210940762e-06 7.308242301806117652e-06
6.527406678323464803e+03 6.913819613695816051e-06 6.837968042493750238e-06 8.520823942570397534e-06 7.424203866253320710e-06
6.527506678293464574e+03 7.018970763457207189e-06 6.983665504296497063e-06 8.653503687818296254e-06 7.552046651857334349e-06
6.527606678263464346e+03 7.135404160479949367e-06 7.143144505938123963e-06 8.801776860109420216e-06 7.693441842175832029e-06
6.527706678233464118e+03 7.270342661987385608e-06 7.323928261906236535e-06 8.973556872280020815e-06 7.855942598724547935e-06
6.527806678203463889e+03 7.420141203900351950e-06 7.522108868081586139e-06 9.165982595131563342e-06 8.036077555704501042e-06
6.527906678173463661e+03 7.581522409644153773e-06 7.736649120874617482e-06 9.374435302627303208e-06 8.230868944382025668e-06
6.528006678143463432e+03 7.763225737935702190e-06 7.976534917498321467e-06 9.609500625533899377e-06 8.449753760322643270e-06
6.528106678113463204e+03 7.965233689695084670e-06 8.241409039684296589e-06 9.872137274377952243e-06 8.692926667919110038e-06
6.528206678083462975e+03 8.187606823444610184e-06 8.530382275825304717e-06 1.016383836165753021e-05 8.960609153642481138e-06
6.528306678053462747e+03 8.455157488129218168e-06 8.860075780473869098e-06 1.051899071231084730e-05 9.278074660304644857e-06
6.528406678023462518e+03 8.706524252105971316e-06 9.208700536768868599e-06 1.084521297267338525e-05 9.586812587182743417e-06
6.528506677993462290e+03 8.955616527367173311e-06 9.589717466238689966e-06 1.116156169354177652e-05 9.902298562382546034e-06
6.528606677963462062e+03 9.246979859697948835e-06 1.000434495369507692e-05 1.154375477513236104e-05 1.026502652950846453e-05
6.528706677933461833e+03 9.576908101247264381e-06 1.047709603566478041e-05 1.197861576861971259e-05 1.067753996851058805e-05
6.528806677903461605e+03 9.936196000861167112e-06 1.097860210527622986e-05 1.245407550817809249e-05 1.112295787143849648e-05
6.528906677873461376e+03 1.032288776451096412e-05 1.151782299895565377e-05 1.297324351061427529e-05 1.160465142469363106e-05
6.529006677843461148e+03 1.075650713920142190e-05 1.213803290489855755e-05 1.355469977377179856e-05 1.214974660595725934e-05
6.529106677813460919e+03 1.124121705446656637e-05 1.284077169382471412e-05 1.420577496372249573e-05 1.276258790400459151e-05
6.529206677783460691e+03 1.178480546953757756e-05 1.363862510454433362e-05 1.493711942551949986e-05 1.345351666653380368e-05
6.529306677753460463e+03 1.239202299516036767e-05 1.454442838489670516e-05 1.575644072545492346e-05 1.423096403517066430e-05
6.529406677723460234e+03 1.306752788283475008e-05 1.557075460392301670e-05 1.667206996020702278e-05 1.510345081565492872e-05
6.529506677693460006e+03 1.383456691299355938e-05 1.675313677873274275e-05 1.771182217116307379e-05 1.609984195429645638e-05
6.529606677663459777e+03 1.470997025566379089e-05 1.812356430946985894e-05 1.890274618857994623e-05 1.724542691790453315e-05
6.529706677633459549e+03 1.570938147332267204e-05 1.971510659428354377e-05 2.026805214878639431e-05 1.856418007213087230e-05
6.529806677603459320e+03 1.694528136653545246e-05 2.166962878303620974e-05 2.195935970994674952e-05 2.019142328650613385e-05
6.529906677573459092e+03 1.807107733632962502e-05 2.357159080956959047e-05 2.351559843157478272e-05 2.171942219249133499e-05
6.530006677543458864e+03 1.931389528280567095e-05 2.584712916753929303e-05 2.524009012257132746e-05 2.346703819097210053e-05
6.530106677513458635e+03 2.088015879116317806e-05 2.867977600424463500e-05 2.741396090174567780e-05 2.565796523238450034e-05
6.530206677483458407e+03 2.274203394150560529e-05 3.209953465290170957e-05 3.000493930152691528e-05 2.828216929864474564e-05
6.530306677453458178e+03 2.498017928518554199e-05 3.623716688737112912e-05 3.314173506198339495e-05 3.145302707818002202e-05
6.530406677423457950e+03 2.733170747573647534e-05 4.113989699468446919e-05 3.634232465304380655e-05 3.493797637448825262e-05
6.530506677393457721e+03 3.028640503155994169e-05 4.710935412509308583e-05 4.044495187542878744e-05 3.928023701069393832e-05
6.530606677363457493e+03 3.387015219053130834e-05 5.429405337631254438e-05 4.545168613227965027e-05 4.453863056637450552e-05
6.530706677333457264e+03 3.818369407118223172e-05 6.278919357533589371e-05 5.150926145534530696e-05 5.082738303395447520e-05
6.530806677303457036e+03 4.334854216907291436e-05 7.248015156922793674e-05 5.881141119427466446e-05 5.821336831085850970e-05
6.530906677273456808e+03 4.949311457126258118e-05 8.290339572804083330e-05 6.758027233266076269e-05 6.665892754398806584e-05
6.531006677243456579e+03 5.669190458096536620e-05 9.299794113074198666e-05 7.797693559726499922e-05 7.588892710299078854e-05
6.531106677213456351e+03 6.486762617502346811e-05 1.011529310581640482e-04 8.997117681167657007e-05 8.533057801495470449e-05
6.531206677183456122e+03 7.371582554093511312e-05 1.056734255254716598e-04 1.031532097796054772e-04 9.418082028200408789e-05
6.531306677153455894e+03 8.259145021589829009e-05 1.056735889155083354e-04 1.165405805006903016e-04 1.016018732106989847e-04
6.531406677123455665e+03 9.035234671424014104e-05 1.015321241065304347e-04 1.283245172199904967e-04 1.067363293469203710e-04
6.531506677093455437e+03 9.563951640259620501e-05 9.463265697749635578e-05 1.363246010341447132e-04 1.088655914714124382e-04
6.531606677063455209e+03 9.733094439492215972e-05 8.656970615331741070e-05 1.387909375970105739e-04 1.075638627150833724e-04
6.531706677033454980e+03 9.523513317171046749e-05 7.853995372109461308e-05 1.354338713770999406e-04 1.030696527566350251e-04
6.531806677003454752e+03 9.018870832031361463e-05 7.131774932983805568e-05 1.275890476983298247e-04 9.636516844949384521e-05
6.531906676973454523e+03 8.368150879385076078e-05 6.529826289811253793e-05 1.174957434149309188e-04 8.882517170229808153e-05
6.532006676943454295e+03 7.708799953395998336e-05 6.061050831846626205e-05 1.071687629164998191e-04 8.162242358964202601e-05
6.532106676913454066e+03 7.131258183687374955e-05 5.723622191308175424e-05 9.788405731001164896e-05 7.547762035332239103e-05
6.532206676883453838e+03 6.678867939796437185e-05 5.508175085122773388e-05 9.023320889692693905e-05 7.070121304870634826e-05
6.532306676853453610e+03 6.364967366218663542e-05 5.405801281488219488e-05 8.437345908709312941e-05 6.736038185472064646e-05
6.532406676823453381e+03 6.185352014866204919e-05 5.408516802135637818e-05 8.024442505778269917e-05 6.539437107593371111e-05
6.532506676793453153e+03 6.130732843354174376e-05 5.511538362156210528e-05 7.771715184238874811e-05 6.471328796583087023e-05
6.532606676763452924e+03 6.192366580857587165e-05 5.714384122911255831e-05 7.667509032370049815e-05 6.524753245379631163e-05
6.532706676733452696e+03 6.362163328666217124e-05 6.018452606433163460e-05 7.703434233472265715e-05 6.694683389523882326e-05
6.532806676703452467e+03 6.635290526070734243e-05 6.429313282640967736e-05 7.875578808714796351e-05 6.980060872475499895e-05
6.532906676673452239e+03 7.007424246787706860e-05 6.952552719364306594e-05 8.183336123865471250e-05 7.381104363339162019e-05
6.533006676643452010e+03 7.474062321188873091e-05 7.593414514383730587e-05 8.627225450683889273e-05 7.898234095418831435e-05
6.533106676613451782e+03 8.030011574867021104e-05 8.354241567142434459e-05 9.205628303500522391e-05 8.529960481836659769e-05
6.533206676583451554e+03 8.663957056920037494e-05 9.230308608854601450e-05 9.907633869400507749e-05 9.267299845058381779e-05
6.533306676553451325e+03 9.414038622868639268e-05 1.023698733420233558e-04 1.081050384120827552e-04 1.015384326609308481e-04
6.533406676523451097e+03 1.020758493381133502e-04 1.131830034624639619e-04 1.176465319916337608e-04 1.109684615974036910e-04
6.533506676493450868e+03 1.104604452827917413e-04 1.243862475643746921e-04 1.275866406082866130e-04 1.208111111518176821e-04
6.533606676463450640e+03 1.192652147761330669e-04 1.354479476052867929e-04 1.375910265817315307e-04 1.307680629877171392e-04
6.533706676433450411e+03 1.284404356394007300e-04 1.457893145570911589e-04 1.473044532361520440e-04 1.405114011442146172e-04
6.533806676403450183e+03 1.392112320788905621e-04 1.551492638966326700e-04 1.582423584615881920e-04 1.508676181457037900e-04
6.533906676373449955e+03 1.495106470049215866e-04 1.603554084831259783e-04 1.675234984556781697e-04 1.591298513145752178e-04
6.534006676343449726e+03 1.603214911496614401e-04 1.628332759345290824e-04 1.767971621654532068e-04 1.666506430832145674e-04
6.534106676313449498e+03 1.717665309986414956e-04 1.626949388816622871e-04 1.865157430266571820e-04 1.736590709689870063e-04
6.534206676283449269e+03 1.838505217322335844e-04 1.604970757984957674e-04 1.968685754889621753e-04 1.804053910065638424e-04
6.534306676253449041e+03 1.963613315516096389e-04 1.569768523145720243e-04 2.076234841056613612e-04 1.869872226572810172e-04
6.534406676223448812e+03 2.087344376732403666e-04 1.528599632947210438e-04 2.180684867151570284e-04 1.932209625610394705e-04
6.534506676193448584e+03 2.199476477414733465e-04 1.487515241192819370e-04 2.270899856168264971e-04 1.985963858258605935e-04
6.534606676163448356e+03 2.286679614754726954e-04 1.451043791921383943e-04 2.334744092099590575e-04 2.024155832925233914e-04
6.534706676133448127e+03 2.336088086151920612e-04 1.422031436619225074e-04 2.362545930585284795e-04 2.040221817785476917e-04
6.534806676103447899e+03 2.340873906989066684e-04 1.401973505814516725e-04 2.350984645211494828e-04 2.031277352671692746e-04
6.534906676073447670e+03 2.303526603072134137e-04 1.391244616718385809e-04 2.304632895046944473e-04 1.999801371612488230e-04
6.535006676043447442e+03 2.235332790297337423e-04 1.391510781062695360e-04 2.232717051378081804e-04 1.953186874246038015e-04
6.535106676013447213e+03 2.150291552271723608e-04 1.401617048015415938e-04 2.147889498208695159e-04 1.899932699498611387e-04
6.535206675983446985e+03 2.060467493679719842e-04 1.420731009848819352e-04 2.060210928786898989e-04 1.847136477438479575e-04
6.535306675953446756e+03 1.973483710005398276e-04 1.448240925354280450e-04 1.974038387948887920e-04 1.798587674436189063e-04
6.535406675923446528e+03 1.897275052775014472e-04 1.480378943712163883e-04 1.899360434174492205e-04 1.759004810220556763e-04
6.535506675893446300e+03 1.829360453702260204e-04 1.511214478034583416e-04 1.833214433444496823e-04 1.724596455060447176e-04
6.535606675863446071e+03 1.766800983051084882e-04 1.535335256104921643e-04 1.774387742178333755e-04 1.692174660444780094e-04
6.535706675833445843e+03 1.705988868423292232e-04 1.547973158886673580e-04 1.721397238928385213e-04 1.658453088746117009e-04
6.535806675803445614e+03 1.644013571984195247e-04 1.546208792319954037e-04 1.673008001578755056e-04 1.621076788627634870e-04
6.535906675773445386e+03 1.579693493901942851e-04 1.529532231391608191e-04 1.628606336683802148e-04 1.579277353992451424e-04
6.536006675743445157e+03 1.513730061124335055e-04 1.499511904542946976e-04 1.588122712978955360e-04 1.533788226215412464e-04
6.536106675713444929e+03 1.448112911070406877e-04 1.458874546767726125e-04 1.551735640768785629e-04 1.486241032868972967e-04
6.536206675683444701e+03 1.385437783032532854e-04 1.410665900252316832e-04 1.519717523205594049e-04 1.438607068830147911e-04
6.536306675653444472e+03 1.328208400457368485e-04 1.357654331995429000e-04 1.492281816123995186e-04 1.392714849525597467e-04
6.536406675623444244e+03 1.278329156386859983e-04 1.301979237560704436e-04 1.469393404854361885e-04 1.349900599600642101e-04
6.536506675593444015e+03 1.236860989649170663e-04 1.245187352305171503e-04 1.450689034648509879e-04 1.310912458867617258e-04
6.536606675563443787e+03 1.204135210916737177e-04 1.188505844523200116e-04 1.435607365391972415e-04 1.276082806943970084e-04
6.536706675533443558e+03 1.179870285119890281e-04 1.133107790501983322e-04 1.423482657494529473e-04 1.245486911038800844e-04
6.536806675503443330e+03 1.163013913326490351e-04 1.079842195200091326e-04 1.413327308206550317e-04 1.218727805577710484e-04
6.536906675473443102e+03 1.152247316507589467e-04 1.029579958323553084e-04 1.404308256816486588e-04 1.195378510549209577e-04
6.537006675443442873e+03 1.145975951949691578e-04 9.829909239082540667e-05 1.395730232281100415e-04 1.174899036046348551e-04
6.537106675413442645e+03 1.142496509344619412e-04 9.405022654716306421e-05 1.387157913928933049e-04 1.156718896248394232e-04
6.537206675383442416e+03 1.139931892312034516e-04 9.021685181706914263e-05 1.378253402416932207e-04 1.140117937633219474e-04
6.537306675353442188e+03 1.136367431681042662e-04 8.677109052740237377e-05 1.368694164887786799e-04 1.124257500614284354e-04
6.537406675323441959e+03 1.130196700877141947e-04 8.368323462906950125e-05 1.358256523728293495e-04 1.108428523632043575e-04
6.537506675293441731e+03 1.120126465480619397e-04 8.089891918177589719e-05 1.346501726430325671e-04 1.091872461242901211e-04
6.537606675263441502e+03 1.105459282875147339e-04 7.836711617299109835e-05 1.332827819473348741e-04 1.073986088026135643e-04
6.537706675233441274e+03 1.086137230572780445e-04 7.603648948537278197e-05 1.316567235837963837e-04 1.054356453754824079e-04
6.537806675203441046e+03 1.062665099840133683e-04 7.386740941143678924e-05 1.297170927285757724e-04 1.032836707080086433e-04
6.537906675173440817e+03 1.035948999861911198e-04 7.183352660097234305e-05 1.274373372565039669e-04 1.009552546145558099e-04
6.538006675143440589e+03 1.006826952715600204e-04 6.989884667823370904e-05 1.248001073765477281e-04 9.846054977544716153e-05
6.538106675113440360e+03 9.762021925993017574e-05 6.805170882336240780e-05 1.218276443659815634e-04 9.583319081642471566e-05
6.538206675083440132e+03 9.448556711465772571e-05 6.628290960360302356e-05 1.185676659900948917e-04 9.311204756945188937e-05
6.538306675053439903e+03 9.133170642152489737e-05 6.458605038674419645e-05 1.150717940791523238e-04 9.032985029580713470e-05
6.538406675023439675e+03 8.820081190139598363e-05 6.295632431699121608e-05 1.114013520412580828e-04 8.751949608654841395e-05
6.538506674993439447e+03 8.511897016750738639e-05 6.139334378762908821e-05 1.076126319597651027e-04 8.470831530496719696e-05
6.538606674963439218e+03 8.211939696743871550e-05 5.991235304417969078e-05 1.037740487800919580e-04 8.193526626390344346e-05
6.538706674933438990e+03 7.920265253853270770e-05 5.850126099359854011e-05 9.992315978446603890e-05 7.920902443886575998e-05
6.538806674903438761e+03 7.639300335299126373e-05 5.717924927340505454e-05 9.611440240260458675e-05 7.656221834300029941e-05
6.538906674873438533e+03 7.369287507033166510e-05 5.594374880146922460e-05 9.237952468707590927e-05 7.400538285295893751e-05
6.539006674843438304e+03 7.110088913423301654e-05 5.479287130500623982e-05 8.873855950762598362e-05 7.154410664895509355e-05
6.539106674813438076e+03 6.861947318555984185e-05 5.372737694016847966e-05 8.521341530918284906e-05 6.918675514497038342e-05
6.539206674783437848e+03 6.625748054074398269e-05 5.275660824749906739e-05 8.182529494447568627e-05 6.694646124423958556e-05
6.539306674753437619e+03 6.400997125444566097e-05 5.187519178055855678e-05 7.858110444107949490e-05 6.482208915869455733e-05
6.539406674723437391e+03 6.186898704128682310e-05 5.107564154613679998e-05 7.547972897771194857e-05 6.280811918837851259e-05
6.539506674693437162e+03 5.984158425707422440e-05 5.036551303642734957e-05 7.253276172660180060e-05 6.091328634003446497e-05
6.539606674663436934e+03 5.791892125424283056e-05 4.973608623657468409e-05 6.973310214874422054e-05 5.912936987985390722e-05
6.539706674633436705e+03 5.609676977065695865e-05 4.918354571019447382e-05 6.707705326361690064e-05 5.745245624815610878e-05
6.539806674603436477e+03 5.437723138106191840e-05 4.870880339986204702e-05 6.456570330783281914e-05 5.588391269625226152e-05
6.539906674573436248e+03 5.275038291459649615e-05 4.829923475684423293e-05 6.218594287268344126e-05 5.441185351470805226e-05
6.540006674543436020e+03 5.122265049153228069e-05 4.795790677790344437e-05 5.993950063978463672e-05 5.304001930307345619e-05
6.540106674513435792e+03 4.978114801755988215e-05 4.766350649548951201e-05 5.780861424106169304e-05 5.175108958470369573e-05
6.540206674483435563e+03 4.842844565808751182e-05 4.740652611435354616e-05 5.578864225220830675e-05 5.054120467488312383e-05
6.540306674453435335e+03 4.716236426771327648e-05 4.716645688889617791e-05 5.386948194752431729e-05 4.939943436804459056e-05
6.540406674423435106e+03 4.598716538952377769e-05 4.692194229248592178e-05 5.204657880701344980e-05 4.831856216300772094e-05
6.540506674393434878e+03 4.489217116367222814e-05 4.662861809777387909e-05 5.029990293242046990e-05 4.727356406462219238e-05
6.540606674363434649e+03 4.388716512504083306e-05 4.625620293632448887e-05 4.863143228279987010e-05 4.625826678138839960e-05
6.540706674333434421e+03 4.297527225534768908e-05 4.576546916916026146e-05 4.703761268726176201e-05 4.525945137058990644e-05
6.540806674303434193e+03 4.214358379734896358e-05 4.510649969396253656e-05 4.550097016954271934e-05 4.425035122028473983e-05
6.540906674273433964e+03 4.139231283872768036e-05 4.425570881934190101e-05 4.402061393837463456e-05 4.322287853214807198e-05
6.541006674243433736e+03 4.071636036398287059e-05 4.320648161521077857e-05 4.259523426399179207e-05 4.217269208106181374e-05
6.541106674213433507e+03 4.008639623196638159e-05 4.195468009912186762e-05 4.120456088927938542e-05 4.108187907345588273e-05
6.541206674183433279e+03 3.948327503569548647e-05 4.053159423068567618e-05 3.984537240485961051e-05 3.995341389041358879e-05
6.541306674153433050e+03 3.886201972953312660e-05 3.896274580432171266e-05 3.849519827011891346e-05 3.877332126799125090e-05
6.541406674123432822e+03 3.816594137634894804e-05 3.727201857104156692e-05 3.712338953811099280e-05 3.752044982850050484e-05
6.541506674093432594e+03 3.733206708119690117e-05 3.547852371224308204e-05 3.569832945318692245e-05 3.616964008220896855e-05
6.541606674063432365e+03 3.628675953350036869e-05 3.358274748059031400e-05 3.417715614630102309e-05 3.468222105346390193e-05
6.541706674033432137e+03 3.496534064966412466e-05 3.158120224499912386e-05 3.252060810073413544e-05 3.302238366513245680e-05
6.541806674003431908e+03 3.332290124630222090e-05 2.947287572072396195e-05 3.070376819992642810e-05 3.116651505565087258e-05
6.541906673973431680e+03 3.134193417625581160e-05 2.725996412982685207e-05 2.871505782087152960e-05 2.910565204231806442e-05
6.542006673943431451e+03 2.906066022290182770e-05 2.497185994573611950e-05 2.657950771586395364e-05 2.687067596150063248e-05
6.542106673913431223e+03 2.658472748049919582e-05 2.267063897627236702e-05 2.436453550422880930e-05 2.453996732033345964e-05
6.542206673883430994e+03 2.405513286177365191e-05 2.043915518158825407e-05 2.217152395544406634e-05 2.222193733293532523e-05
6.542306673853430766e+03 2.161800413972264133e-05 1.836576373545203845e-05 2.009576226781847308e-05 2.002651004766438654e-05
6.542406673823430538e+03 1.938883624852411684e-05 1.650437910306141583e-05 1.820988315046048861e-05 1.803436616734867376e-05
6.542506673793430309e+03 1.742237369170112539e-05 1.487635022107772559e-05 1.654609917733402972e-05 1.628160769670429356e-05
6.542606673763430081e+03 1.572559865588148912e-05 1.347453565363267428e-05 1.510372285993361235e-05 1.476795238981592638e-05
6.542706673733429852e+03 1.427725179072709171e-05 1.227575865328024265e-05 1.386298521672150418e-05 1.347199855357628064e-05
6.542806673703429624e+03 1.304447159431149328e-05 1.125123442560852265e-05 1.279672481801761304e-05 1.236414361264587632e-05
6.542906673673429395e+03 1.199285283633013575e-05 1.037270836466260515e-05 1.187738425270071143e-05 1.141431515123115078e-05
6.543006673643429167e+03 1.109115131960540146e-05 9.615174384165514585e-06 1.108021609888214159e-05 1.059551393421768701e-05
6.543106673613428939e+03 1.031283367056450609e-05 8.957614864997122243e-06 1.038427027382536319e-05 9.884906269795664405e-06
6.543206673583428710e+03 9.636106581547717760e-06 8.382814748225693780e-06 9.772323814052581904e-06 9.263748381275330583e-06
6.543306673553428482e+03 9.043350475355964451e-06 7.876837298274380337e-06 9.230406863645969112e-06 8.716864879092105198e-06
6.543406673523428253e+03 8.520404527822248545e-06 7.428440104209957972e-06 8.747238562801360712e-06 8.232027731611190206e-06
6.543506673493428025e+03 8.055890305517975162e-06 7.028543829331854151e-06 8.313702489424051528e-06 7.799378874757960281e-06
6.543606673463427796e+03 7.640636556679269813e-06 6.669787488152867852e-06 7.922403348499339922e-06 7.410942464443825298e-06
6.543706673433427568e+03 7.267213674272699620e-06 6.346170707917905940e-06 7.567308824179070586e-06 7.060231068789891484e-06
6.543806673403427340e+03 6.929566031530599888e-06 6.052771537091889812e-06 7.243466569209949336e-06 6.741934712610813577e-06
6.543906673373427111e+03 6.622724942043055724e-06 5.785525788438002298e-06 6.946782823204861034e-06 6.451677851228640250e-06
6.544006673343426883e+03 6.342585517070916916e-06 5.541054938197517067e-06 6.673849817199865186e-06 6.185830090822766108e-06
6.544106673313426654e+03 6.085733184051608993e-06 5.316531748758394565e-06 6.421811119904844077e-06 5.941358684238281415e-06
6.544206673283426426e+03 5.849308454668132404e-06 5.109574993746221190e-06 6.188256255076786005e-06 5.715713234497047098e-06
6.544306673253426197e+03 5.630901059332860529e-06 4.918166598631288514e-06 5.971137846517061687e-06 5.506735168160403295e-06
6.544406673223425969e+03 5.428466637672784492e-06 4.740586066687810278e-06 5.768706116324751675e-06 5.312586273561782996e-06
6.544506673193425740e+03 5.240260801257040659e-06 4.575358278884025327e-06 5.579456794181403413e-06 5.131691958107489517e-06
6.544606673163425512e+03 5.064786630305447892e-06 4.421211688463642288e-06 5.402089431633141678e-06 4.962695916800744235e-06
6.544706673133425284e+03 4.900752609336696531e-06 4.277044635005695563e-06 5.235473836048760783e-06 4.804423693463717908e-06
6.544806673103425055e+03 4.747038720739436355e-06 4.141898036456423036e-06 5.078622872153136701e-06 4.655853209782998697e-06
6.544906673073424827e+03 4.602668947098285579e-06 4.014933120979212606e-06 4.930670288878994755e-06 4.516090785652164313e-06
6.545006673043424598e+03 4.466788840826574049e-06 3.895413163385258118e-06 4.790852535297568213e-06 4.384351513169800126e-06
6.545106673013424370e+03 4.338647120413447043e-06 3.782688422254624820e-06 4.658493761742622668e-06 4.259943101470232075e-06
6.545206672983424141e+03 4.217580488323405247e-06 3.676183650696025435e-06 4.532993378570393640e-06 4.142252505863274068e-06
6.545306672953423913e+03 4.103001038766032980e-06 3.575387687362619903e-06 4.413815681877221641e-06 4.030734802668624983e-06
6.545406672923423685e+03 3.994385759109275658e-06 3.479844737701842277e-06 4.300481158050946700e-06 3.924903884954021263e-06
6.545506672893423456e+03 3.891267735117616320e-06 3.389147036823982460e-06 4.192559159139361559e-06 3.824324643693653588e-06
6.545606672863423228e+03 3.793228747034047489e-06 3.302928647006666161e-06 4.089661703556916207e-06 3.728606365865876337e-06
6.545706672833422999e+03 3.699893008269472076e-06 3.220860191204041404e-06 3.991438206593398582e-06 3.637397135355637354e-06
6.545806672803422771e+03 3.610921849019940401e-06 3.142644362179220713e-06 3.897570980647471073e-06 3.550379063948877113e-06
6.545906672773422542e+03 3.526009180397998808e-06 3.068012079347534633e-06 3.807771377370945402e-06 3.467264212372159614e-06
6.546006672743422314e+03 3.444877611367595395e-06 2.996719185122584796e-06 3.721776466514126192e-06 3.387791087668102693e-06
6.546106672713422086e+03 3.367275110500830739e-06 2.928543596480464787e-06 3.639346167391459142e-06 3.311721624790918364e-06
6.546206672683421857e+03 3.292972126430806848e-06 2.863282839620239746e-06 3.560260759841435422e-06 3.238838575297493723e-06
6.546306672653421629e+03 3.221759093418951347e-06 2.800751908236651657e-06 3.484318719399700098e-06 3.168943240351767701e-06
6.546406672623421400e+03 3.153444265626882003e-06 2.740781398796528341e-06 3.411334826676140422e-06 3.101853497033183871e-06
6.546506672593421172e+03 3.087851828686557334e-06 2.683215880313447082e-06 3.341138511628683647e-06 3.037402073542895738e-06
6.546606672563420943e+03 3.024820248783677850e-06 2.627912465033907231e-06 3.273572398050544912e-06 2.975435037289376806e-06
6.546706672533420715e+03 2.964200824734831527e-06 2.574739553017677054e-06 3.208491022349748064e-06 2.915810466700752638e-06
6.546806672503420486e+03 2.905856414773456347e-06 2.523575724526031491e-06 3.145759700137761806e-06 2.858397279812416407e-06
6.546906672473420258e+03 2.849660313137674974e-06 2.474308762311219375e-06 3.085253522919295538e-06 2.803074199456063296e-06
6.547006672443420030e+03 2.795495257454593065e-06 2.426834783703193061e-06 3.026856465778201490e-06 2.749728835645329629e-06
6.547106672413419801e+03 2.743252547934249791e-06 2.381057471804192931e-06 2.970460594072933106e-06 2.698256871270458892e-06
