7.087458996782699614e+03 1.589896007599999933e-05 1.599051671100000063e-05 1.588623864400000131e-05 1.592523847699999929e-05
7.087558996782699069e+03 1.502704884100793067e-05 1.513202278200780877e-05 1.501428548900792967e-05 1.505778570400788914e-05
7.087658996782698523e+03 1.417893476901542798e-05 1.429970873301513975e-05 1.416613018601542850e-05 1.421492456268199705e-05
7.087758996782697977e+03 1.335883747201491825e-05 1.349831997401457811e-05 1.334598965901491844e-05 1.340104903501480550e-05
7.087858996782697432e+03 1.257771827602131272e-05 1.273937743702070884e-05 1.256482595102131238e-05 1.262730722135444521e-05
7.087958996782696886e+03 1.183383211102029598e-05 1.202172143001958218e-05 1.182089211502029837e-05 1.189214855202005941e-05
7.088058996782696340e+03 1.113684655102535659e-05 1.135545313202423846e-05 1.112385673402535878e-05 1.120538547235831794e-05
7.088158996782695795e+03 1.048339029402971478e-05 1.073728469402811159e-05 1.047034716902971968e-05 1.056367405236251535e-05
7.088258996782695249e+03 9.873284709327743617e-06 1.016627729302596588e-05 9.860184535327747084e-06 9.966582179227153322e-06
7.088358996782694703e+03 9.309701798130754730e-06 9.643415918128533232e-06 9.296541594730757090e-06 9.416553103663348351e-06
7.088458996782694157e+03 8.787265204828510146e-06 9.159139486326428272e-06 8.774042301428513338e-06 8.906815664194483919e-06
7.088558996782693612e+03 8.304257906530750668e-06 8.705667494228869536e-06 8.290970081030753333e-06 8.433631827263457281e-06
7.088658996782693066e+03 7.859591628932353531e-06 8.275439885031303107e-06 7.846236228232358146e-06 7.993755914065340520e-06
7.088758996782692520e+03 7.449453423529841682e-06 7.860522560430190301e-06 7.436028294229846599e-06 7.582001426063291449e-06
7.088858996782691975e+03 7.069450645531105157e-06 7.457070105133024421e-06 7.055954596331111021e-06 7.194158448998413533e-06
7.088958996782691429e+03 6.719239397528665929e-06 7.069751753331703455e-06 6.705670534428672433e-06 6.831553895096347555e-06
7.089058996782690883e+03 6.393826857929595790e-06 6.700461766833586359e-06 6.380182570229603109e-06 6.491490398330928702e-06
7.089158996782690338e+03 6.093928737430002799e-06 6.355959290234465633e-06 6.080206375130010849e-06 6.176698134264826427e-06
7.089258996782689792e+03 5.815811773427824174e-06 6.036385768831971396e-06 5.802008492427831671e-06 5.884735344895875464e-06
7.089358996782689246e+03 5.558348522728099613e-06 5.742428692032081972e-06 5.544460919028109030e-06 5.615079377929430487e-06
7.089458996782688700e+03 5.320170011125994523e-06 5.473120445629391751e-06 5.306195206426004092e-06 5.366495221060463455e-06
7.089558996782688155e+03 5.097956039326273308e-06 5.224814088529358115e-06 5.083891588126284269e-06 5.135553905327304101e-06
7.089658996782687609e+03 4.894215773025942098e-06 4.999373448028705285e-06 4.880059338925954149e-06 4.924549519993533844e-06
7.089758996782687063e+03 4.703474560624286987e-06 4.790623703826580104e-06 4.689223109424298927e-06 4.727773791291722570e-06
7.089858996782686518e+03 4.521666709724803224e-06 4.593844446226845205e-06 4.507317941524816313e-06 4.540943032492155196e-06
7.089958996782685972e+03 4.355975499922604007e-06 4.415664393624307999e-06 4.341527589222617075e-06 4.371055827589842745e-06
7.090058996782685426e+03 4.200490240322625551e-06 4.249705898224149645e-06 4.185940607722641545e-06 4.212045582089805016e-06
7.090158996782684881e+03 4.053806331622679581e-06 4.094188512224045672e-06 4.039152786922695703e-06 4.062382543589806985e-06
7.090258996782684335e+03 3.916506186221227957e-06 3.949394964122386716e-06 3.901747015621245548e-06 3.922549388654953125e-06
7.090358996782683789e+03 3.787461952921125667e-06 3.813955079822172984e-06 3.772594458321143337e-06 3.791337163688147612e-06
7.090458996782683244e+03 3.668358829019498217e-06 3.689357401720397861e-06 3.653380567319516452e-06 3.670365599353137227e-06
7.090558996782682698e+03 3.555329245119532199e-06 3.571583544320351515e-06 3.540238764019551226e-06 3.555717184486477890e-06
7.090658996782682152e+03 3.448045249619514802e-06 3.460180138920264110e-06 3.432840994219535514e-06 3.447022127586438283e-06
7.090758996782681606e+03 3.347196096918344368e-06 3.355735449618998615e-06 3.331875624018365272e-06 3.344935723518569700e-06
7.090858996782681061e+03 3.251877278618205407e-06 3.257261187018807999e-06 3.236438453618227843e-06 3.248525639751747083e-06
7.090958996782680515e+03 3.160800447717394886e-06 3.163403469617926048e-06 3.145241462917417813e-06 3.156481793417579300e-06
7.091058996782679969e+03 3.074122487117343574e-06 3.074263986917835963e-06 3.058442017817367385e-06 3.068942830617515499e-06
7.091158996782679424e+03 2.993031768516962858e-06 2.990985732317420674e-06 2.977226790516989141e-06 2.987081430450457557e-06
7.091258996782678878e+03 2.916140627516084479e-06 2.912141568216493203e-06 2.900209178116111101e-06 2.909497124616229595e-06
7.091358996782678332e+03 2.841561508716279177e-06 2.835814839416660758e-06 2.825502392916307203e-06 2.834292913683082238e-06
7.091458996782677787e+03 2.770973023615407868e-06 2.763656347815750375e-06 2.754783393815436158e-06 2.763137588415531749e-06
7.091558996782677241e+03 2.706016394014769266e-06 2.697284532215091098e-06 2.689694343114799405e-06 2.697665089781553398e-06
7.091658996782676695e+03 2.644519382114542201e-06 2.634509291214844262e-06 2.628063404714573620e-06 2.635697359347986836e-06
7.091758996782676149e+03 2.584428101714209666e-06 2.573260462014483347e-06 2.567835975914242001e-06 2.575174846547644864e-06
7.091858996782675604e+03 2.527254043314040195e-06 2.515035765114297875e-06 2.510523306314073873e-06 2.517604371580804263e-06
7.091958996782675058e+03 2.473799958513126620e-06 2.460625924013360902e-06 2.456928857313160893e-06 2.463784913279882805e-06
7.092058996782674512e+03 2.421103916213419492e-06 2.407059490713640940e-06 2.404090667113455524e-06 2.410751358013505319e-06
7.092158996782673967e+03 2.370008222413476738e-06 2.355169750813685768e-06 2.352850880813514654e-06 2.359342951346892245e-06
7.092258996782673421e+03 2.324033943612125825e-06 2.308470566212317026e-06 2.306729656312164549e-06 2.313078055378868992e-06
7.092358996782672875e+03 2.278547215212411022e-06 2.262321021712592138e-06 2.261093035812451640e-06 2.267320424245818126e-06
7.092458996782672330e+03 2.235573949411725012e-06 2.218741366711890488e-06 2.217968253311766692e-06 2.224094523145127397e-06
7.092558996782671784e+03 2.193752850811791217e-06 2.176365753111947473e-06 2.175994152111834149e-06 2.182037585345190805e-06
7.092658996782671238e+03 2.151947423212166790e-06 2.134053540512314383e-06 2.134033127012211905e-06 2.140011363578897975e-06
7.092758996782670692e+03 2.114432395110918456e-06 2.096075024811053279e-06 2.096360176310964340e-06 2.102289198744311742e-06
7.092858996782670147e+03 2.078782539910699526e-06 2.060002011510826895e-06 2.060550471210747541e-06 2.066445007544091744e-06
7.092958996782669601e+03 2.044554029110273398e-06 2.025388355610388798e-06 2.026158686010321974e-06 2.032033690243661531e-06
7.093058996782669055e+03 2.012329864109964468e-06 1.992813319810073020e-06 1.993769534910015878e-06 1.999637572943350981e-06
7.093158996782668510e+03 1.979028719110600605e-06 1.959194846210701522e-06 1.960300664610653975e-06 1.966174743310652175e-06
7.093258996782667964e+03 1.949287578809467204e-06 1.929166339009558836e-06 1.930388621909521417e-06 1.936280846576182909e-06
7.093358996782667418e+03 1.920135938809544721e-06 1.899755907209629472e-06 1.901064542609601370e-06 1.906985462876258450e-06
7.093458996782666873e+03 1.888822751510252510e-06 1.868212125210328025e-06 1.869575866010309849e-06 1.875536914243629916e-06
7.093558996782666327e+03 1.862152659308974795e-06 1.841338033109043482e-06 1.842726956809035162e-06 1.848739216409017742e-06
7.093658996782665781e+03 1.836469799308876221e-06 1.815475886608938134e-06 1.816862482408939019e-06 1.822936056108917720e-06
7.093758996782665236e+03 1.809286165909394777e-06 1.788136778209448677e-06 1.789495472809458211e-06 1.795639472309433677e-06
7.093858996782664690e+03 1.786198317908189232e-06 1.764917331408235904e-06 1.766221758908255080e-06 1.772445802741560072e-06
7.093958996782664144e+03 1.764511517307692301e-06 1.743121421307731067e-06 1.744346170207759344e-06 1.750659702941061186e-06
7.094058996782663598e+03 1.740545198708718981e-06 1.719068606208750237e-06 1.720187287708789129e-06 1.726600364208752924e-06
7.094158996782663053e+03 1.720215751507580814e-06 1.698673883407605125e-06 1.699662644507653550e-06 1.706184093140946567e-06
7.094258996782662507e+03 1.699733900907637466e-06 1.678148216907653893e-06 1.678983499107711149e-06 1.685621872307667503e-06
7.094358996782661961e+03 1.679746123407635143e-06 1.658137765407643859e-06 1.658795043307711845e-06 1.665559644040996949e-06
7.094458996782661416e+03 1.660847886107218814e-06 1.639237049107219914e-06 1.639693382807296593e-06 1.646592772673911774e-06
7.094558996782660870e+03 1.642610513107132169e-06 1.621018555607124939e-06 1.621248279307213496e-06 1.628292449340490272e-06
7.094658996782660324e+03 1.624835408507113122e-06 1.603282895907097602e-06 1.603261904107197574e-06 1.610460069507136170e-06
7.094758996782659779e+03 1.606585388507303425e-06 1.585091960607279561e-06 1.584798794807388546e-06 1.592158714640657107e-06
7.094858996782659233e+03 1.592797262005643188e-06 1.571383860205610266e-06 1.570794239105731758e-06 1.578325120438995000e-06
7.094958996782658687e+03 1.578239154205958315e-06 1.556927691505916521e-06 1.556014935806048705e-06 1.563727260505974655e-06
7.095058996782658141e+03 1.563576998206134300e-06 1.542387620206083148e-06 1.541128643706228104e-06 1.549031087372815113e-06
7.095158996782657596e+03 1.548036712206642814e-06 1.526991103306581426e-06 1.525360745506740264e-06 1.533462853673321784e-06
7.095258996782657050e+03 1.533431494106243244e-06 1.512550682306172725e-06 1.510524532406341853e-06 1.518835569606252748e-06
7.095358996782656504e+03 1.522883567704604633e-06 1.502190232004522866e-06 1.499741973004707086e-06 1.508271924237944720e-06
7.095458996782655959e+03 1.511249049405079294e-06 1.490765405704987595e-06 1.487869417705182984e-06 1.496627957605083362e-06
7.095558996782655413e+03 1.497920339205940041e-06 1.477670087805836091e-06 1.474298109706047949e-06 1.483296178905941290e-06
7.095658996782654867e+03 1.485509844505643659e-06 1.465517025405526782e-06 1.461640462505756106e-06 1.470889110805642112e-06
7.095758996782654322e+03 1.474915079104818015e-06 1.455204165404689712e-06 1.450794775504932162e-06 1.460304673338146700e-06
7.095858996782653776e+03 1.465338625204441996e-06 1.445933046304300414e-06 1.440964147104559774e-06 1.450745272871100587e-06
7.095958996782653230e+03 1.454405249405071361e-06 1.435331378404917481e-06 1.429771989205191388e-06 1.439836205671726885e-06
7.096058996782652684e+03 1.444421138304721703e-06 1.425705829204552352e-06 1.419524333704846598e-06 1.429883767071373480e-06
7.096158996782652139e+03 1.435991410004063497e-06 1.417662335303877361e-06 1.410826764604192627e-06 1.421493503304044495e-06
7.096258996782651593e+03 1.426597882304528008e-06 1.408682113304328747e-06 1.401161982704658750e-06 1.412147326104505380e-06
7.096358996782651047e+03 1.418384350804033773e-06 1.400912701703815577e-06 1.392671498004169914e-06 1.403989516837339613e-06
7.096458996782650502e+03 1.412361056602958281e-06 1.395362738702725799e-06 1.386366954303096295e-06 1.398030249869593176e-06
7.096558996782649956e+03 1.405535203403414305e-06 1.389042280503161514e-06 1.379255433503557362e-06 1.391277639136711131e-06
7.096658996782649410e+03 1.399813359502914160e-06 1.383859921802639510e-06 1.373241464603062997e-06 1.385638248636205344e-06
7.096758996782648865e+03 1.393021063703459493e-06 1.377640079003167865e-06 1.366153254503609989e-06 1.378938132403412449e-06
7.096858996782648319e+03 1.385030945304142210e-06 1.370257337503827232e-06 1.357863041804297836e-06 1.371050441537422285e-06
7.096958996782647773e+03 1.381216683101977328e-06 1.367090248501641705e-06 1.353741707002136689e-06 1.367349546201918433e-06
7.097058996782647228e+03 1.376154018002670604e-06 1.362711823802309713e-06 1.348366883702835242e-06 1.362410908502605257e-06
7.097158996782646682e+03 1.371558602002466023e-06 1.358838808902078205e-06 1.343455970202635143e-06 1.357951127035726386e-06
7.097258996782646136e+03 1.368539969301619689e-06 1.356586498301208518e-06 1.340115117801792686e-06 1.355080528468206823e-06
7.097358996782645590e+03 1.362626527103226920e-06 1.351484545502784198e-06 1.333872385103406565e-06 1.349327819236472702e-06
7.097458996782645045e+03 1.358911099802027492e-06 1.348626527801559641e-06 1.329821611402210524e-06 1.345786413001932341e-06
7.097558996782644499e+03 1.355335085301984051e-06 1.345955475201481888e-06 1.325904058002173471e-06 1.342398206168546540e-06
7.097658996782643953e+03 1.352261595801733072e-06 1.343835757701195429e-06 1.322484474701928207e-06 1.339527276068285569e-06
7.097758996782643408e+03 1.349981858101285486e-06 1.342564195400716990e-06 1.319851462601484620e-06 1.337465838701162295e-06
7.097858996782642862e+03 1.346399963102052340e-06 1.340044168101444060e-06 1.315910030002258334e-06 1.334118053735251507e-06
7.097958996782642316e+03 1.346925867899698591e-06 1.341689589599057312e-06 1.316070771399907914e-06 1.334895409632888081e-06
7.098058996782641771e+03 1.345659396900737139e-06 1.341604781500049369e-06 1.314431126100954369e-06 1.333898434833913555e-06
7.098158996782641225e+03 1.342785636301699021e-06 1.339977944800961891e-06 1.311176168101924310e-06 1.331313249734861811e-06
7.098258996782640679e+03 1.342004696100461616e-06 1.340508499399686405e-06 1.310007828600690750e-06 1.330840341366946257e-06
7.098358996782640133e+03 1.339862364701286034e-06 1.339748973500456019e-06 1.307470664301523050e-06 1.329027334167755034e-06
7.098458996782639588e+03 1.340426978599661146e-06 1.341770922598786212e-06 1.307632707099902814e-06 1.329943536099450057e-06
7.098558996782639042e+03 1.341074375999605464e-06 1.343951451098671222e-06 1.307871028899854711e-06 1.330965618666043869e-06
7.098658996782638496e+03 1.340798948700170283e-06 1.345292093699170925e-06 1.307177323000428982e-06 1.331089455133256730e-06
7.098758996782637951e+03 1.342664280298846242e-06 1.348856898997795329e-06 1.308617611299109241e-06 1.333379596865249988e-06
7.098858996782637405e+03 1.345696800998096958e-06 1.353683061396971436e-06 1.311215413098369690e-06 1.336865091831146169e-06
7.098958996782636859e+03 1.348156663798456337e-06 1.358029906397272026e-06 1.313232689898734013e-06 1.339806420031487459e-06
7.099058996782636314e+03 1.348852761999556868e-06 1.360715770398290118e-06 1.313476528299844778e-06 1.341015020232563921e-06
7.099158996782635768e+03 1.349560828999542879e-06 1.363518597198190002e-06 1.313722936799840927e-06 1.342267454332524532e-06
7.099258996782635222e+03 1.351039954399045002e-06 1.367199852897622737e-06 1.314733271999347657e-06 1.344324359765338466e-06
7.099358996782634676e+03 1.354981826797418714e-06 1.373465188895897210e-06 1.318195986897732510e-06 1.348881000863682882e-06
7.099458996782634131e+03 1.359387135497115254e-06 1.380320905595510817e-06 1.322111112697436217e-06 1.353939717930020833e-06
7.099558996782633585e+03 1.362260650498092271e-06 1.385773848096379574e-06 1.324485537898423423e-06 1.357506678830964948e-06
7.099658996782633039e+03 1.365182475198033687e-06 1.391418052396201331e-06 1.326895859298377802e-06 1.361165462297537324e-06
7.099758996782632494e+03 1.368750664197598490e-06 1.397854142595668168e-06 1.329942604997949581e-06 1.365515803930405272e-06
7.099858996782631948e+03 1.374352322396179095e-06 1.406481697994115130e-06 1.335012786596541518e-06 1.371948935662278228e-06
7.099958996782631402e+03 1.378766804896988731e-06 1.414083782694814537e-06 1.338884093797359342e-06 1.377244893796387607e-06
7.100058996782630857e+03 1.382784856497222565e-06 1.421464102394898488e-06 1.342348464397605404e-06 1.382199141096575345e-06
7.100158996782630311e+03 1.387758746496516881e-06 1.429991208894028396e-06 1.346755533796913709e-06 1.388168496395819733e-06
7.100258996782629765e+03 1.393387804096057864e-06 1.439365793493434851e-06 1.351806689096462586e-06 1.394853428895318293e-06
7.100358996782629220e+03 1.399941226095351109e-06 1.449877963592542407e-06 1.357768523295770568e-06 1.402529237661221220e-06
7.100458996782628674e+03 1.408095261894215413e-06 1.462218332591245684e-06 1.365315562494646060e-06 1.411876385660035578e-06
7.100558996782628128e+03 1.415378577394767049e-06 1.473916069791594998e-06 1.371981589195210364e-06 1.420425412127190733e-06
7.100658996782627582e+03 1.420989632895917451e-06 1.484199371192517947e-06 1.376960208796377601e-06 1.427383070961604404e-06
7.100758996782627037e+03 1.430626792492988107e-06 1.498771152689397697e-06 1.385952166493457534e-06 1.438450037225281113e-06
7.100858996782626491e+03 1.439141681793727064e-06 1.512507653489880491e-06 1.393808026294212657e-06 1.448485787192606596e-06
7.100958996782625945e+03 1.445926455795001761e-06 1.524825284190925695e-06 1.399914921095501221e-06 1.456888887027142963e-06
7.101058996782625400e+03 1.455645175692751993e-06 1.540401163688383874e-06 1.408939146293270005e-06 1.468328495224801816e-06
7.101158996782624854e+03 1.467162638891305563e-06 1.558117338986626475e-06 1.419748141591840526e-06 1.481676039823257522e-06
7.101258996782624308e+03 1.477663053492073383e-06 1.575194130087108933e-06 1.429521427792622244e-06 1.494126203790601379e-06
7.101358996782623763e+03 1.485815607593771577e-06 1.590313481188449299e-06 1.436931727494338547e-06 1.504353605425519808e-06
7.101458996782623217e+03 1.495000469892982990e-06 1.606887516187337907e-06 1.445358596893562064e-06 1.515748860991294250e-06
7.101558996782622671e+03 1.506497081691112389e-06 1.626234176185043749e-06 1.456076578991714301e-06 1.529602612289290217e-06
7.101658996782622125e+03 1.520818713988798230e-06 1.648899886282271624e-06 1.469598116989423870e-06 1.546438905753497767e-06
7.101758996782621580e+03 1.532366534090967609e-06 1.669306400584038721e-06 1.480329243291606473e-06 1.560667392655537883e-06
7.101858996782621034e+03 1.543893414890879170e-06 1.690261137483419376e-06 1.491018623991541957e-06 1.575057725455280027e-06
7.101958996782620488e+03 1.559537699087621236e-06 1.715940421879680922e-06 1.505804042188300819e-06 1.593760721051867659e-06
7.102058996782619943e+03 1.572574987889565638e-06 1.739663310581013295e-06 1.517962640390268858e-06 1.610066979620282456e-06
7.102158996782619397e+03 1.585968789489158464e-06 1.764456118279931537e-06 1.530450828389891524e-06 1.626958578719660508e-06
7.102258996782618851e+03 1.601735894987237258e-06 1.792387457877390937e-06 1.545287896287990123e-06 1.646470416384206177e-06
7.102358996782618306e+03 1.618083450886618730e-06 1.821709370275998661e-06 1.560684610187396951e-06 1.666825810450004992e-06
7.102458996782617760e+03 1.633169052787651763e-06 1.850659734076302810e-06 1.574794788588450186e-06 1.686207858484134778e-06
7.102558996782617214e+03 1.648820766787046011e-06 1.881134121274778207e-06 1.589444109987875468e-06 1.706466332683233017e-06
7.102658996782616668e+03 1.667255745584574904e-06 1.915453568271283731e-06 1.606848545185437146e-06 1.729852619680431856e-06
7.102758996782616123e+03 1.685051665985109557e-06 1.950255959370879517e-06 1.623586367285994956e-06 1.752964664213994747e-06
7.102858996782615577e+03 1.704232421683776349e-06 1.987672172268352215e-06 1.641682557884693757e-06 1.777862383945607229e-06
7.102958996782615031e+03 1.722822646784275887e-06 2.025848455467709418e-06 1.659155155185221108e-06 1.802608752479068804e-06
7.103058996782614486e+03 1.742237224783401878e-06 2.066315954565403469e-06 1.677422304084382946e-06 1.828658494477729290e-06
7.103158996782613940e+03 1.761854951383049875e-06 2.108587838163476250e-06 1.695860750284068871e-06 1.855434513276864787e-06
7.103258996782613394e+03 1.783091460581651241e-06 2.154233416260561461e-06 1.715882500082700908e-06 1.884402458974971062e-06
7.103358996782612849e+03 1.806685584279399544e-06 2.204160345256407930e-06 1.738226600380491087e-06 1.916357509972099379e-06
7.103458996782612303e+03 1.829299137180255965e-06 2.255237822555403107e-06 1.759549474881382622e-06 1.948028811539013898e-06
7.103558996782611757e+03 1.852496783879534794e-06 2.309212208552383304e-06 1.781419061280706515e-06 1.981042684570874800e-06
7.103658996782611212e+03 1.874898377680033390e-06 2.364941382150328426e-06 1.802458423581247513e-06 2.014099394470536161e-06
7.103758996782610666e+03 1.900178486677467671e-06 2.426393472745227428e-06 1.826329538978723689e-06 2.050967166133806686e-06
7.103858996782610120e+03 1.928791720774236495e-06 2.494285078838870371e-06 1.853495768075539690e-06 2.092190855896215519e-06
7.103958996782609574e+03 1.956502717975049099e-06 2.564792579736514911e-06 1.879707155976399434e-06 2.133667484562654552e-06
7.104058996782609029e+03 1.983186222375731658e-06 2.638109308733318861e-06 1.904848575777133968e-06 2.175381368962061425e-06
7.104158996782608483e+03 2.012858263072743757e-06 2.718746232925927614e-06 1.932929559974205123e-06 2.221511351990958690e-06
7.104258996782607937e+03 2.044322855471096920e-06 2.806024678419827068e-06 1.962743892472612880e-06 2.271030475454512007e-06
7.104358996782607392e+03 2.076696057769968141e-06 2.899580120713209828e-06 1.993419488771542632e-06 2.323231889084907008e-06
7.104458996782606846e+03 2.110058853569049921e-06 3.000184282906670880e-06 2.025029670070675519e-06 2.378424268848799338e-06
7.104558996782606300e+03 2.142430061569675513e-06 3.106686072700231258e-06 2.055585292471376238e-06 2.434900475580427528e-06
7.104658996782605755e+03 2.176344799067920829e-06 3.222482980890470648e-06 2.087619507469699529e-06 2.495482429142696861e-06
7.104758996782605209e+03 2.213716195364651139e-06 3.350437828378970732e-06 2.123050728666486646e-06 2.562401584136702698e-06
7.104858996782604663e+03 2.252247858863203627e-06 3.489613765567091388e-06 2.159575416965120153e-06 2.633812347131805197e-06
7.104958996782604117e+03 2.291100056262897599e-06 3.640585910055826093e-06 2.196336792964893871e-06 2.709340919761206419e-06
7.105058996782603572e+03 2.330859146761669629e-06 3.805508076741004218e-06 2.233939957163748311e-06 2.790102393555473912e-06
7.105158996782603026e+03 2.372715384559267127e-06 3.987576625622818207e-06 2.273560147561443178e-06 2.877950719247842978e-06
7.105258996782602480e+03 2.418120745155813358e-06 4.190650389302377093e-06 2.316649259258067693e-06 2.975140131238752432e-06
7.105358996782601935e+03 2.463912145355021304e-06 4.414403079480218005e-06 2.360039127057380141e-06 3.079451450630873291e-06
7.105458996782601389e+03 2.511428563453326698e-06 4.663594975555230732e-06 2.405049422855788066e-06 3.193357653954781691e-06
7.105558996782600843e+03 2.561438546250422762e-06 4.942868260023142837e-06 2.452455067153004621e-06 3.318920624475523830e-06
7.105658996782600298e+03 2.613581805547833611e-06 5.256982524585746522e-06 2.501907030350525965e-06 3.457490453494701891e-06
7.105758996782599752e+03 2.667988152545569603e-06 5.612093209244731803e-06 2.553499686748384222e-06 3.611193682846228261e-06
7.105858996782599206e+03 2.724577094142871432e-06 6.015382310692863241e-06 2.607171083745816775e-06 3.782376829527183675e-06
7.105958996782598661e+03 2.783716961140295902e-06 6.476489824134493682e-06 2.663256556943379491e-06 3.974487780739389410e-06
7.106058996782598115e+03 2.844196577338393463e-06 7.005328345061307704e-06 2.720547857241641031e-06 4.190024259880447258e-06
7.106158996782597569e+03 2.908664711933744336e-06 7.618110767770226274e-06 2.781708531337143370e-06 4.436161337013704801e-06
7.106258996782597023e+03 2.976156369230636907e-06 8.331597866566728226e-06 2.845750983134181554e-06 4.717835072977182229e-06
7.106358996782596478e+03 3.045012687428608445e-06 9.165568161935320021e-06 2.910987546432360862e-06 5.040522798598763533e-06
7.106458996782595932e+03 3.117006416925355072e-06 1.014815907098122548e-05 2.979200099729275711e-06 5.414788529211951804e-06
7.106558996782595386e+03 3.192874540220648199e-06 1.131208425878262874e-05 3.051096671424802050e-06 5.852018490142692007e-06
7.106658996782594841e+03 3.274582614313797110e-06 1.269808753253774618e-05 3.128675286218153475e-06 6.367115144356564741e-06
7.106758996782594295e+03 3.358408041411562882e-06 1.434654180726085854e-05 3.208158398616144168e-06 6.971036082429522003e-06
7.106858996782593749e+03 3.444566063808318299e-06 1.630283051091829799e-05 3.289765478513161528e-06 7.679054017746592042e-06
7.106958996782593204e+03 3.537965127500613486e-06 1.861172524054308461e-05 3.378398374005684810e-06 8.509362914016461391e-06
7.107058996782592658e+03 3.638089264592546099e-06 2.128707594712880234e-05 3.473498082397938513e-06 9.466221098039762457e-06
7.107158996782592112e+03 3.739594139690141451e-06 2.428109181875957943e-05 3.569667780995915831e-06 1.053011791314854359e-05
7.107258996782591566e+03 3.847271246383460794e-06 2.745373319556625473e-05 3.671753187889513191e-06 1.165758587661307652e-05
7.107358996782591021e+03 3.962276344274484316e-06 3.051414327465988680e-05 3.780828199880956391e-06 1.275241593960510973e-05
7.107458996782590475e+03 4.082535201768750569e-06 3.302148191226350702e-05 3.894729959575688588e-06 1.366624902453598347e-05
7.107558996782589929e+03 4.209588786460178687e-06 3.449196807238174385e-05 4.014961497967686945e-06 1.423883945226987096e-05
7.107658996782589384e+03 4.344456005650353637e-06 3.459374567788706464e-05 4.142570944758406619e-06 1.436025754276527638e-05
7.107758996782588838e+03 4.487061702341767609e-06 3.332380036640911355e-05 4.277379255550418673e-06 1.402941377476710023e-05
7.107858996782588292e+03 4.637256153331981146e-06 3.100991975358848393e-05 4.419328694141204087e-06 1.335550153368722390e-05
7.107958996782587747e+03 4.797634123620588676e-06 2.813902281521160972e-05 4.570796704030556120e-06 1.250248454762091930e-05
7.108058996782587201e+03 4.969464712506214336e-06 2.515257444436803540e-05 4.733121290116935004e-06 1.161838681566372796e-05
7.108158996782586655e+03 5.155286823988744694e-06 2.234706292418949447e-05 4.908798134900278838e-06 1.080371596102617267e-05
7.108258996782586109e+03 5.352305788776015815e-06 1.986552895882117898e-05 5.094877380788452808e-06 1.010423737612854807e-05
7.108358996782585564e+03 5.562149117559526936e-06 1.775236467642161048e-05 5.292854200873125433e-06 9.535789331618087334e-06
7.108458996782585018e+03 5.787918331641276571e-06 1.599582517001292811e-05 5.505842734955923359e-06 9.096528745536709346e-06
7.108558996782584472e+03 6.031658357418465427e-06 1.455793690566084444e-05 5.735666548034539654e-06 8.775087270371283174e-06
7.108658996782583927e+03 6.295758886592546211e-06 1.339342548035566877e-05 5.984535781610278061e-06 8.557906716186163500e-06
7.108758996782583381e+03 6.580753782068222585e-06 1.245761018408943106e-05 6.252830633487663266e-06 8.430398199881772021e-06
7.108858996782582835e+03 6.890822205336212923e-06 1.171450573287184537e-05 6.544789078557459468e-06 8.383372338921839817e-06
7.108958996782582290e+03 7.230873470201035849e-06 1.113424806168078559e-05 6.864777213724574999e-06 8.409966248535466609e-06
7.109058996782581744e+03 7.604729917057973695e-06 1.069227972352255869e-05 7.216320774784355074e-06 8.504443471788295536e-06
7.109158996782581198e+03 8.014636691411620425e-06 1.036592763638882880e-05 7.601403642741197930e-06 8.660655990180549899e-06
7.109258996782580653e+03 8.475413847951013158e-06 1.015193699825495767e-05 8.037625240280269650e-06 8.888325362162080158e-06
7.109358996782580107e+03 9.004493761364821812e-06 1.003465028014080810e-05 8.519305040621726814e-06 9.186149694042451677e-06
7.109458996782579561e+03 9.528572238670827234e-06 9.945648656306849979e-06 9.001713057420852523e-06 9.491977984132843245e-06
7.109558996782579015e+03 1.008559755332620802e-05 9.916941482334724759e-06 9.536096544853595139e-06 9.846211860171508176e-06
7.109658996782578470e+03 1.074324982419850409e-05 9.977777446025857508e-06 1.015550904924510731e-05 1.029217877315648963e-05
7.109758996782577924e+03 1.149819787307992825e-05 1.011978947082692713e-05 1.086381087813677627e-05 1.082726607401454445e-05
7.109858996782577378e+03 1.236955191093013657e-05 1.035521827471093634e-05 1.167988858899800585e-05 1.146821959154635676e-05
7.109958996782576833e+03 1.332857670582249128e-05 1.059750390970251755e-05 1.257532382890056812e-05 1.216713481480852621e-05
7.110058996782576287e+03 1.442260977064677685e-05 1.087256041365977870e-05 1.359518577073851842e-05 1.296345198501502240e-05
7.110158996782575741e+03 1.569189455741846234e-05 1.125017978152948253e-05 1.477725542352713119e-05 1.390644325415835869e-05
7.110258996782575196e+03 1.715020874118292860e-05 1.171038268142658432e-05 1.613428979930912446e-05 1.499829374063954862e-05
7.110358996782574650e+03 1.881639685490876532e-05 1.225705067631387668e-05 1.768537984505322221e-05 1.625294245875862084e-05
7.110458996782574104e+03 2.070256418263266552e-05 1.289303775820177089e-05 1.944160559579575568e-05 1.767906917887672956e-05
7.110558996782573558e+03 2.280501144034209138e-05 1.361974819508129381e-05 2.140235481252122452e-05 1.927570481598153939e-05
7.110658996782573013e+03 2.510621745306989373e-05 1.443967328295599385e-05 2.355392984526041316e-05 2.103327352709543697e-05
7.110758996782572467e+03 2.757219104086009224e-05 1.535540327183400821e-05 2.586809510005338864e-05 2.293189647091582631e-05
7.110858996782571921e+03 3.015505632668776502e-05 1.636676174570304685e-05 2.830379475987648778e-05 2.494187094408909988e-05
7.110958996782571376e+03 3.278738620962433608e-05 1.745254235160760911e-05 3.080116947079739297e-05 2.701369934400977939e-05
7.111058996782570830e+03 3.549923042549769990e-05 1.873127735234853683e-05 3.339203970965393543e-05 2.920751582916672744e-05
7.111158996782570284e+03 3.817919195951450183e-05 2.018624300910770575e-05 3.597373055464231660e-05 3.144638850775484027e-05
7.111258996782569739e+03 4.077207357662775681e-05 2.174560664697192412e-05 3.849224474572447713e-05 3.366997498977471935e-05
7.111358996782569193e+03 4.325105078775335309e-05 2.344816838377020409e-05 4.092137273281863940e-05 3.587353063478073106e-05
7.111458996782568647e+03 4.563081121388329374e-05 2.533353069753079454e-05 4.327919628091202560e-05 3.808117939744203457e-05
7.111558996782568101e+03 4.796422316692277059e-05 2.747915819617041607e-05 4.560057159293864757e-05 4.034798431867727807e-05
7.111658996782567556e+03 5.026154834094946828e-05 2.990813366877465287e-05 4.784838272001521863e-05 4.267268824324644546e-05
7.111758996782567010e+03 5.243732425511087302e-05 3.257489995845890094e-05 5.002116965611483459e-05 4.501113128989487629e-05
7.111858996782566464e+03 5.452356487621078850e-05 3.550716003907969636e-05 5.210531291421358687e-05 4.737867927650135950e-05
7.111958996782565919e+03 5.654459294229796911e-05 3.874372690367284530e-05 5.412500192529975761e-05 4.980444059042352627e-05
7.112058996782565373e+03 5.851716143134482264e-05 4.230901972020092690e-05 5.609494382034835487e-05 5.230704165729803932e-05
7.112158996782564827e+03 6.045688858337138524e-05 4.622087623269886071e-05 5.802874673937941823e-05 5.490217051848321462e-05
7.112258996782564282e+03 6.237712141539781218e-05 5.048638649221960059e-05 5.993853035041196448e-05 5.760067941934312349e-05
7.112358996782563736e+03 6.429039378238984349e-05 5.510081789770479517e-05 6.183576977141171289e-05 6.040899381716877933e-05
7.112458996782563190e+03 6.620907806138244739e-05 6.004439786925576031e-05 6.373219041941282812e-05 6.332855545001700968e-05
7.112558996782562645e+03 6.814424805034236833e-05 6.527783872981271257e-05 6.563839424038214504e-05 6.635349367351240865e-05
7.112658996782562099e+03 7.010627983828762939e-05 7.074055218344816665e-05 6.756447667533732344e-05 6.947043623235771553e-05
7.112758996782561553e+03 7.210570311923593151e-05 7.635114896824372064e-05 6.952058100529582055e-05 7.265914436425849993e-05
7.112858996782561007e+03 7.415148659315323732e-05 8.200659778013028739e-05 7.151554710422395353e-05 7.589121049250249274e-05
7.112958996782560462e+03 7.625312325307551434e-05 8.758924538723160283e-05 7.355852006615714775e-05 7.913362956882143519e-05
7.113058996782559916e+03 7.841811120096767130e-05 9.297138633246165558e-05 7.565660519106137672e-05 8.234870090816357238e-05
7.113158996782559370e+03 8.065471925584702417e-05 9.802667983887346909e-05 7.781753888795368715e-05 8.549964599422473584e-05
7.113258996782558825e+03 8.297017759073585898e-05 1.026393423534974572e-04 8.004790751785581396e-05 8.855247582069636315e-05
7.113358996782558279e+03 8.536940831159594840e-05 1.067109979842230795e-04 8.235179565573121291e-05 9.147740065051675597e-05
7.113458996782557733e+03 8.785636481347147188e-05 1.101710897350907903e-04 8.473220559562264040e-05 9.425322004806163418e-05
7.113558996782557188e+03 9.043433389131889878e-05 1.129794236659899622e-04 8.719133212548859594e-05 9.686836322759914328e-05
7.113658996782556642e+03 9.310346250816446385e-05 1.151257197569157634e-04 8.972836228935428379e-05 9.931918151814483702e-05
7.113758996782556096e+03 9.586438263403254743e-05 1.166299376478384392e-04 9.234268463324320924e-05 1.016123349717047274e-04
7.113858996782555550e+03 9.870580508489101737e-05 1.175246375287061860e-04 9.502198554512547319e-05 1.037508093862408922e-04
7.113958996782555005e+03 1.016318006957687243e-04 1.178763448694913977e-04 9.776943121902692221e-05 1.057591922614290147e-04
7.114058996782554459e+03 1.046244085356451799e-04 1.177426977001944786e-04 1.005666494559295186e-04 1.076445852305897121e-04
7.114158996782553913e+03 1.076794603955265225e-04 1.172017529307921004e-04 1.034088379158382192e-04 1.094300170807189473e-04
7.114258996782553368e+03 1.107794213554607671e-04 1.163168067712958085e-04 1.062784917457979997e-04 1.111249066241848675e-04
7.114358996782552822e+03 1.139088377253891742e-04 1.151539061417133946e-04 1.091610373057529088e-04 1.127412603909518259e-04
7.114458996782552276e+03 1.170523991353683281e-04 1.137771250220285287e-04 1.120420682957551416e-04 1.142905308177173419e-04
7.114558996782551731e+03 1.201921516153453909e-04 1.122391884922799515e-04 1.149052728757553560e-04 1.157788709944602463e-04
7.114658996782551185e+03 1.233045266653576711e-04 1.105804862824740745e-04 1.177290486957881352e-04 1.172046872145399783e-04
7.114758996782550639e+03 1.263735685654223003e-04 1.088443640925895500e-04 1.205003413758664194e-04 1.185727580112927476e-04
7.114858996782550093e+03 1.293732071354985417e-04 1.070587711526795722e-04 1.231962165359543732e-04 1.198760649413774867e-04
7.114958996782549548e+03 1.322832061756330378e-04 1.052479618827174146e-04 1.257998109060928500e-04 1.211103263214811053e-04
7.115058996782549002e+03 1.350857083557689101e-04 1.034380756627325030e-04 1.282974807062291168e-04 1.222737549082435009e-04
7.115158996782548456e+03 1.377501748959530405e-04 1.016328274827419059e-04 1.306623238264081562e-04 1.233484420683677099e-04
7.115258996782547911e+03 1.402585574061901452e-04 9.984810691771073851e-05 1.328809205266302785e-04 1.243291949501770495e-04
7.115358996782547365e+03 1.425900767664375554e-04 9.809404057468013071e-05 1.349367830568587456e-04 1.252069667993254863e-04
7.115458996782546819e+03 1.447190577767470043e-04 9.636879811463608977e-05 1.368080305271408283e-04 1.259652954728413075e-04
7.115558996782546274e+03 1.466291321270641267e-04 9.467723759960001712e-05 1.384822663074266247e-04 1.265962120113636030e-04
7.115658996782545728e+03 1.482932211774270928e-04 9.301424389857122148e-05 1.399364730477515879e-04 1.270813127079166611e-04
7.115758996782545182e+03 1.496891610278416917e-04 9.137697425753144834e-05 1.411520258381205901e-04 1.274060537078312253e-04
7.115858996782544637e+03 1.507994817382731780e-04 8.976233906451114004e-05 1.421142625185035056e-04 1.275586944404292881e-04
7.115958996782544091e+03 1.515884189487729980e-04 8.815220624650414749e-05 1.427906868589480071e-04 1.275104373514084023e-04
7.116058996782543545e+03 1.520386930292956095e-04 8.654560186151325635e-05 1.431666284194119034e-04 1.272503077700735897e-04
7.116158996782542999e+03 1.521139819598815431e-04 8.492265246155360073e-05 1.432080504799348227e-04 1.267482283004566510e-04
7.116258996782542454e+03 1.517775910005292707e-04 8.326434964160921149e-05 1.428802668005157495e-04 1.259740691475513970e-04
7.116358996782541908e+03 1.509857470712531319e-04 8.154742025671707795e-05 1.421413932411692892e-04 1.248915201897131573e-04
7.116458996782541362e+03 1.496861891420565665e-04 7.974072972285911631e-05 1.409407101719001168e-04 1.234558763456052846e-04
7.116558996782540817e+03 1.478140454729797294e-04 7.781258105806888143e-05 1.392155322627458287e-04 1.216140529312648177e-04
7.116658996782540271e+03 1.452934338140347771e-04 7.571711114435423877e-05 1.368911171037207237e-04 1.193005540207032556e-04
7.116758996782539725e+03 1.420269997152286080e-04 7.340191317970596284e-05 1.338723988248320955e-04 1.164337705732555419e-04
7.116858996782539180e+03 1.379234447566059479e-04 7.081691097516134800e-05 1.300691764861224464e-04 1.129365107392965898e-04
7.116958996782538634e+03 1.328650801381429708e-04 6.789487792070390533e-05 1.253657158775716622e-04 1.087085579788061749e-04
7.117058996782538088e+03 1.267655151798746009e-04 6.458224182636283469e-05 1.196753249192121770e-04 1.036743606418165240e-04
7.117158996782537542e+03 1.195791545916993743e-04 6.084802390607928918e-05 1.129504307109481027e-04 9.779253640290890850e-05
7.117258996782536997e+03 1.113560782133871379e-04 5.669663276075844990e-05 1.052338367525625838e-04 9.109551590890273742e-05
7.117358996782536451e+03 1.022818797248552919e-04 5.219904746036295033e-05 9.669857925897299713e-05 8.372650214806373517e-05
7.117458996782535905e+03 9.271733662065802456e-05 4.750588110068313709e-05 8.768391676375782422e-05 7.596904482836632411e-05
7.117558996782535360e+03 8.309004765284829365e-05 4.280729987173474194e-05 7.860029609595332476e-05 6.816588120684545797e-05
7.117658996782534814e+03 7.386939021326277793e-05 3.832371673442158807e-05 6.989096672441637563e-05 6.069469122403358280e-05
7.117758996782534268e+03 6.539683969002444384e-05 3.420363614081988894e-05 6.188309015525528093e-05 5.382785532869987350e-05
7.117858996782533723e+03 5.785689308452267256e-05 3.052965645590304916e-05 5.475387577169348247e-05 4.771347510403973699e-05
7.117958996782533177e+03 5.129133568708481940e-05 2.731940898541493899e-05 4.854461630922973309e-05 4.238512032724316608e-05
7.118058996782532631e+03 4.564690312832032784e-05 2.454704812110575392e-05 4.320593968365811922e-05 3.779996364436140485e-05
7.118158996782532085e+03 4.082298338189027149e-05 2.216505517140139524e-05 3.864318276421883452e-05 3.387707377250350155e-05
7.118258996782531540e+03 3.670491755853334386e-05 2.011953502454140929e-05 3.474810603756079851e-05 3.052418620687851044e-05
7.118358996782530994e+03 3.318242948544899041e-05 1.835869917214217199e-05 3.141646836495646351e-05 2.765253234084920638e-05
7.118458996782530448e+03 3.015770648808249247e-05 1.683658721000790267e-05 2.855575157600266639e-05 2.518334842469768605e-05
7.118558996782529903e+03 2.754761563945175653e-05 1.551408494674689974e-05 2.608729838588363456e-05 2.304966632402743028e-05
7.118658996782529357e+03 2.528308890277254571e-05 1.435863608306296649e-05 2.394575019796681950e-05 2.119582506126744447e-05
7.118758996782528811e+03 2.330739224751328436e-05 1.334343851877319473e-05 2.207741785085707358e-05 1.957608287238118535e-05
7.118858996782528266e+03 2.157413632562688082e-05 1.244652121492331022e-05 2.043840244861698329e-05 1.815301999638905980e-05
7.118958996782527720e+03 2.004540724138428008e-05 1.164987653670387978e-05 1.899282740360995527e-05 1.689603706056603725e-05
7.119058996782527174e+03 1.869015317338987113e-05 1.093871087746054743e-05 1.771131159751495514e-05 1.578005854945512457e-05
7.119158996782526629e+03 1.748284978555536583e-05 1.030082422768407272e-05 1.656970600930182243e-05 1.478446000751375423e-05
7.119258996782526083e+03 1.640242071896037511e-05 9.726107832240422224e-06 1.554807169109941135e-05 1.389220008076673510e-05
7.119358996782525537e+03 1.543137443390286775e-05 9.206142023200039021e-06 1.462986254224328752e-05 1.308912633311539753e-05
7.119458996782524991e+03 1.455511759778762627e-05 8.733875901381204710e-06 1.380127523217014631e-05 1.236342291044632576e-05
7.119558996782524446e+03 1.376140960213313152e-05 8.303372475755446010e-06 1.305073277742434661e-05 1.170517161843764194e-05
7.119658996782523900e+03 1.303992869556764748e-05 7.909605628647304405e-06 1.236847380865413993e-05 1.110600271095636450e-05
7.119758996782523354e+03 1.238192594076014903e-05 7.548297902398277876e-06 1.174622501054634913e-05 1.055881628456825727e-05
7.119858996782522809e+03 1.177994820046188877e-05 7.215790402590502381e-06 1.117693891686565053e-05 1.005755917330601530e-05
7.119958996782522263e+03 1.122761540844998188e-05 6.908937995116829465e-06 1.065458312140120869e-05 9.597045508322673909e-06
7.120058996782521717e+03 1.071944066453974839e-05 6.625024474588209051e-06 1.017397001897834656e-05 9.172811719368767998e-06
7.120158996782521172e+03 1.025068418859017422e-05 6.361693556237437238e-06 9.730618614963696097e-06 8.780998786597103082e-06
7.120258996782520626e+03 9.817234199365693632e-06 6.116892457498312760e-06 9.320641814129048457e-06 8.418256156997685515e-06
7.120358996782520080e+03 9.415509256467562621e-06 5.888825540823603333e-06 8.940654028481033721e-06 8.081662941924066558e-06
7.120458996782519534e+03 9.042377815000826404e-06 5.675916033766793703e-06 8.587695077429862225e-06 7.768662975399159083e-06
7.120558996782518989e+03 8.695091643785049881e-06 5.476774267388357571e-06 8.259167205999480235e-06 7.477011039057629229e-06
7.120658996782518443e+03 8.371230460560650637e-06 5.290171197959647880e-06 7.952782718833558876e-06 7.204728125784617719e-06
7.120758996782517897e+03 8.068655686064694587e-06 5.115016231749228017e-06 7.666520242072597229e-06 6.950064053295506611e-06
7.120858996782517352e+03 7.785471648253892093e-06 4.950338572936227645e-06 7.398588034475676962e-06 6.711466085221931668e-06
7.120958996782516806e+03 7.519992898382919314e-06 4.795271466597979111e-06 7.147393080499949181e-06 6.487552481826948355e-06
7.121058996782516260e+03 7.270716565012704183e-06 4.649038834014872129e-06 6.911514948508476667e-06 6.277090115845350993e-06
7.121158996782515715e+03 7.036298877415840586e-06 4.510943891373657102e-06 6.689683593675362844e-06 6.078975454154952663e-06
7.121258996782515169e+03 6.815535155059867392e-06 4.380359421057712267e-06 6.480760439269918082e-06 5.892218338462499812e-06
7.121358996782514623e+03 6.607342689824326102e-06 4.256719425857135398e-06 6.283722192472810938e-06 5.715928102718091095e-06
7.121458996782514077e+03 6.410746051585458754e-06 4.139511943359777822e-06 6.097646953361584213e-06 5.549301649435607777e-06
7.121558996782513532e+03 6.224864431622500331e-06 4.028272838954986426e-06 5.921702250916610665e-06 5.391613173831366654e-06
7.121658996782512986e+03 6.048900707622050764e-06 3.922580426936280018e-06 5.755134705225230474e-06 5.242205279927854881e-06
7.121758996782512440e+03 5.882131964365846541e-06 3.822050794494061848e-06 5.597261068570178942e-06 5.100481275810029958e-06
7.121858996782511895e+03 5.723901254743700061e-06 3.726333724723413305e-06 5.447460437241831606e-06 4.965898472236315132e-06
7.121958996782511349e+03 5.573610416042161884e-06 3.635109131517299454e-06 5.305167461527476281e-06 4.837962336362313104e-06
7.122058996782510803e+03 5.430713790249347646e-06 3.548083933969485130e-06 5.169866411215878696e-06 4.716221378478237440e-06
7.122158996782510258e+03 5.294712719658443151e-06 3.464989307776699283e-06 5.041085973000606206e-06 4.600262666811916354e-06
7.122258996782509712e+03 5.165150709958405004e-06 3.385578263232988546e-06 4.918394678671215761e-06 4.489707883954203245e-06
7.122358996782509166e+03 5.041609168944003342e-06 3.309623505135859924e-06 4.801396878922770608e-06 4.384209851000878099e-06
7.122458996782508621e+03 4.923703643907119509e-06 3.236915537080968528e-06 4.689729186547595748e-06 4.283449455845227787e-06
