5963.271873888    1.7519380438e-05    1.78387737745e-05    1.6907423318e-05    1.7421859176833335e-05
5963.371873868    3.3460737923365026e-05    3.33804507111098e-05    3.1794221417754236e-05    3.287847001740969e-05
5963.471873848    3.1551657184796894e-05    3.146935184786018e-05    2.9842965719586815e-05    3.0954658250747965e-05
5963.571873827999    2.97749442416062e-05    2.9690737057394876e-05    2.8024382295544737e-05    2.9163354531515272e-05
5963.671873807999    2.8112377162504337e-05    2.8026343149628815e-05    2.6320268213689376e-05    2.7486329508607514e-05
5963.771873787999    2.6593692695101407e-05    2.6505882925764054e-05    2.4759587165162555e-05    2.5953054262009335e-05
5963.871873767998    2.5203416653196288e-05    2.511385011907497e-05    2.332677424093005e-05    2.4548013671067102e-05
5963.971873747998    2.3940024273213442e-05    2.3848735267039862e-05    2.201985725938128e-05    2.3269538933211528e-05
5964.071873727998    2.2820793376177928e-05    2.27279427018356e-05    2.0855826455295004e-05    2.2134854177769513e-05
5964.171873707997    2.1831515231417347e-05    2.173701747724355e-05    1.981981098089715e-05    2.1129447896519346e-05
5964.271873687997    2.096615739192862e-05    2.087008924186957e-05    1.890597493156813e-05    2.0247407188455437e-05
5964.371873667997    2.021070655000924e-05    2.0113075106547584e-05    1.8100139596572016e-05    1.9474640417709617e-05
5964.471873647996    1.955275247569948e-05    1.9453461447804136e-05    1.7389578197554606e-05    1.8798597373686073e-05
5964.571873627996    1.8999560887343117e-05    1.889863090225336e-05    1.6781338552020545e-05    1.822651011387234e-05
5964.671873607996    1.8532994070663402e-05    1.8430560905639397e-05    1.6257125527677456e-05    1.7740226834660087e-05
5964.771873587995    1.8138537241917377e-05    1.8034717524502844e-05    1.5802635072504996e-05    1.732529661297507e-05
5964.871873567995    1.7819476529381527e-05    1.771424509355172e-05    1.5420671175645075e-05    1.6984797599526107e-05
5964.971873547995    1.757144499309184e-05    1.746491401946839e-05    1.51073971099876e-05    1.671458537418261e-05
5965.071873527994    1.739900170601965e-05    1.7291222435265737e-05    1.4866687521587873e-05    1.6518970554291083e-05
5965.171873507994    1.728017953603501e-05    1.7171271610944387e-05    1.4676374104597723e-05    1.637594175052571e-05
5965.271873487994    1.7215384202075553e-05    1.710550336139375e-05    1.453728878480365e-05    1.6286058782757653e-05
5965.371873467993    1.722535127748657e-05    1.711463870094893e-05    1.4469589822255385e-05    1.626985993356363e-05
5965.471873447993    1.7283030800828004e-05    1.7171768705248607e-05    1.4446967956164339e-05    1.6300589154080315e-05
5965.571873427993    1.7389989016657165e-05    1.7278426967745766e-05    1.4470422174515194e-05    1.6379612719639376e-05
5965.671873407992    1.756084617320746e-05    1.744926783501861e-05    1.4554744510634819e-05    1.6521619506286964e-05
5965.771873387992    1.7788811838262214e-05    1.7677865673900768e-05    1.4693594125148574e-05    1.6720090545770523e-05
5965.871873367992    1.806779936926199e-05    1.7957851838185443e-05    1.4880484670389038e-05    1.6968711959278822e-05
5965.971873347991    1.840947845558187e-05    1.8301202661472686e-05    1.5127508405687532e-05    1.7279396507580694e-05
5966.071873327991    1.8824776074187263e-05    1.871888119818913e-05    1.544598301830925e-05    1.766321343022855e-05
5966.171873307991    1.930201994045335e-05    1.919946862189909e-05    1.5824962512850058e-05    1.8108817025067498e-05
5966.27187328799    1.9855594759000993e-05    1.9757607134441233e-05    1.627931847097101e-05    1.8630840121471078e-05
5966.37187326799    2.0497537958959745e-05    2.0405482374206688e-05    1.6821874274442325e-05    1.9241631535869587e-05
5966.47187324799    2.1221098070902042e-05    2.1136644792907105e-05    1.7447602302747855e-05    1.9935115055519e-05
5966.571873227989    2.203317497738429e-05    2.1958363073746377e-05    1.816468802329743e-05    2.0718742024809368e-05
5966.671873207989    2.2950286722948836e-05    2.2887676684254484e-05    1.8991574033032315e-05    2.160984581341188e-05
5966.771873187989    2.3984303677349054e-05    2.393695934328423e-05    1.9943737171111082e-05    2.2621666730581456e-05
5966.871873167988    2.514800929184484e-05    2.511979437678341e-05    2.10374531608353e-05    2.3768418943154514e-05
5966.971873147988    2.645794574481623e-05    2.6453611238395875e-05    2.2294406528719007e-05    2.5068654503977038e-05
5967.071873127988    2.793419007686998e-05    2.795965666448877e-05    2.3741537308536072e-05    2.6545128016631608e-05
5967.171873107987    2.9601194246523397e-05    2.9663781478514747e-05    2.54113513405084e-05    2.8225442355182183e-05
5967.271873087987    3.148510893054487e-05    3.159395223969385e-05    2.734221179889391e-05    3.014042432304421e-05
5967.371873067987    3.362237127529947e-05    3.37893055209567e-05    2.9586044756717854e-05    3.2332573850991345e-05
5967.471873047986    3.6053557151501694e-05    3.629337732348463e-05    3.220367056120086e-05    3.485020167872906e-05
5967.571873027986    3.882837009534571e-05    3.915988692723891e-05    3.5272750017124806e-05    3.7753669013236475e-05
5967.671873007986    4.201063014243242e-05    4.2457693967764225e-05    3.889333709482744e-05    4.112055373500803e-05
5967.771872987985    4.567619177742464e-05    4.626995011110409e-05    4.3190953333461135e-05    4.504569840732995e-05
5967.871872967985    4.992130279458418e-05    5.070226799695098e-05    4.832866689876981e-05    4.965074589676832e-05
5967.971872947985    5.486667150817232e-05    5.5887388080209016e-05    5.4516888717464296e-05    5.509031610194855e-05
5968.071872927984    6.0658772956578905e-05    6.198832398155692e-05    6.20226130297121e-05    6.155656998928264e-05
5968.171872907984    6.749018879476481e-05    6.921894079420652e-05    7.119704084624655e-05    6.93020568117393e-05
5968.271872887984    7.56045068464951e-05    7.785025176572103e-05    8.248768424832692e-05    7.864748095351437e-05
5968.371872867983    8.530016141198969e-05    8.821543405413269e-05    9.644227625082027e-05    8.99859572389809e-05
5968.471872847983    9.695531182693089e-05    0.00010073276353975285    0.00011370705722684769    0.00010379837753117714
5968.571872827983    0.00011103304568060079    0.00011590066217031013    0.0001349402078881325    0.00012062463857968115
5968.671872807982    0.00012807064506599342    0.0001342676123944983    0.00016057841901405707    0.00014097222549151625
5968.771872787982    0.00014868142566669103    0.00015637953684210674    0.00019036645961492872    0.00016514247404124217
5968.871872767982    0.0001735519225190472    0.00018269552084594404    0.0002225992567979511    0.00019294890005431414
5968.971872747981    0.0002033925655061644    0.00021346062036025016    0.0002533948948276371    0.00022341602689801722
5969.071872727981    0.00023888121451929928    0.0002486825700000119    0.00027703052107372166    0.0002548647685310109
5969.171872707981    0.0002804870618596557    0.0002881645494435826    0.00028812081114166057    0.00028559080748163294
5969.27187268798    0.0003282101923222856    0.00033153019944972303    0.00028468970193469323    0.0003148100312355673
5969.37187266798    0.00038103707389349525    0.0003778820616612287    0.0002692944545956566    0.0003427378633834602
5969.47187264798    0.0004358765272179665    0.0004247777886649476    0.00024707779708387634    0.00036924403765559687
5969.571872627979    0.00048628713651130314    0.00046691475158066275    0.00022279576676823904    0.000391999218286735
5969.671872607979    0.0005222574410867159    0.000495815324819479    0.00019907005496156994    0.0004057142736225883
5969.771872587979    0.0005334141879047417    0.0005026719584760587    0.00017654244365999505    0.00040420953001359843
5969.871872567978    0.0005149588605241842    0.0004834407415220852    0.0001550242645574806    0.00038447462220125
5969.971872547978    0.00047131364163010897    0.00044197173434262093    0.0001345704947908505    0.0003492852902545268
5970.071872527978    0.00041335619076204747    0.00038778040097679496    0.00011567949368423305    0.0003056053618076918
5970.171872507977    0.0003523387247222708    0.00033088451134512915    9.891515077284211e-05    0.000260712795613414
5970.271872487977    0.000295830380142091    0.00027815887373507304    8.456562728605983e-05    0.00021951829372107462
5970.371872467977    0.0002471751253878033    0.00023270092784869606    7.257267146759392e-05    0.0001841495749013644
5970.471872447976    0.00020690226870152025    0.00019502552158482485    6.267080809306274e-05    0.00015486619945980263
5970.571872427976    0.0001741860555060241    0.00016438381251216222    5.4523713015092253e-05    0.00013103119367775953
5970.671872407976    0.00014777739305969913    0.00013962564531375845    4.780724728161752e-05    0.00011173676188502501
5970.771872387975    0.00012644120676620196    0.00011960400225369077    4.224015505968943e-05    9.609512135986071e-05
5970.871872367975    0.00010911845188621129    0.00010333438305481187    3.75934003859471e-05    8.33487451089901e-05
5970.971872347975    9.495544544828137e-05    9.001991850793783e-05    3.3685399613491346e-05    7.288692118990351e-05
5971.071872327974    8.328240032666616e-05    7.903738381305684e-05    3.0373516610827714e-05    6.423110025018358e-05
5971.171872307974    7.358496279829442e-05    6.990607204170129e-05    2.7546906104814478e-05    5.70126469816034e-05
5971.271872287974    6.546318853061338e-05    6.225209026827265e-05    2.511737578403919e-05    5.09442181943084e-05
5971.371872267973    5.86043503584713e-05    5.5783000678133606e-05    2.3013340923823004e-05    4.5800230653475976e-05
5971.471872247973    5.27695852962274e-05    5.0275254919127e-05    2.118087977096504e-05    4.140857332877315e-05
5971.571872227973    4.777185106612831e-05    4.555451750040518e-05    1.9576168266778173e-05    3.763417894443723e-05
5971.671872207972    4.3461933714429684e-05    4.148010963245824e-05    1.816232272135806e-05    3.436812202274866e-05
5971.771872187972    3.9722909082191385e-05    3.794310131368457e-05    1.6911410727529686e-05    3.152580704113522e-05
5971.871872167972    3.646244327883231e-05    3.485637622473349e-05    1.5801419845614438e-05    2.904007978306008e-05
5971.971872147971    3.3601313392245144e-05    3.214606131878564e-05    1.4809331597251478e-05    2.685223543609409e-05
5972.071872127971    3.10764843810154e-05    2.9752615078380612e-05    1.3918043759641775e-05    2.4915714406345928e-05
5972.171872107971    2.8838438061923864e-05    2.7629781857106743e-05    1.3114886271545638e-05    2.3194368730192083e-05
5972.27187208797    2.6849063091826285e-05    2.574148895842581e-05    1.239098790273039e-05    2.166051331766083e-05
5972.37187206797    2.5070753991808363e-05    2.4052824445415196e-05    1.1734610988986174e-05    2.028606314206991e-05
5972.47187204797    2.3475510412236024e-05    2.253686729284765e-05    1.1137373554547794e-05    1.904991708654382e-05
5972.571872027969    2.2038964087538414e-05    2.117112024273461e-05    1.059223927028695e-05    1.7934107866853326e-05
5972.671872007969    2.07413018072571e-05    1.9936695496656415e-05    1.0093806549791256e-05    1.6923934617901592e-05
5972.771871987969    1.9565761005696667e-05    1.88179691094922e-05    9.63714522288892e-06    1.600695844602593e-05
5972.871871967968    1.8496204949552244e-05    1.7799540277108866e-05    9.216386287359187e-06    1.5170710504673432e-05
5972.971871947968    1.7519875341928196e-05    1.6869420434705148e-05    8.827022654789522e-06    1.4405439477140953e-05
5973.071871927968    1.6627404743142625e-05    1.6018762348162108e-05    8.467262005174215e-06    1.3704476365492982e-05
5973.171871907967    1.5807870670104562e-05    1.5237243602322054e-05    8.13284960331802e-06    1.3059321291914882e-05
5973.271871887967    1.5052697851948768e-05    1.451663432476665e-05    7.820219297437871e-06    1.2463183824717764e-05
5973.371871867967    1.4355503614732466e-05    1.3851062434288864e-05    7.527791240954993e-06    1.1911452429992106e-05
5973.471871847966    1.3710820895825383e-05    1.3235315023607345e-05    7.2542358636931585e-06    1.1400123927708626e-05
5973.571871827966    1.3111092799868312e-05    1.2662100950128843e-05    6.995456114482326e-06    1.0922883288159826e-05
5973.6718718079655    1.2550320806991058e-05    1.2125702421638634e-05    6.748618840830414e-06    1.0474880689820033e-05
5973.771871787965    1.2026092077693753e-05    1.162393180922268e-05    6.514006682828358e-06    1.0054676856581599e-05
5973.871871767965    1.1532468876433574e-05    1.115104045193314e-05    6.287997639785042e-06    9.657168989383919e-06
5973.9718717479645    1.1063838312811229e-05    1.0701546235409087e-05    6.0670600396505115e-06    9.277481529290276e-06
5974.071871727964    1.0617214259015393e-05    1.0272682105190513e-05    5.850227757706797e-06    8.913374707304235e-06
5974.171871707964    1.0185549378475077e-05    9.857513792988309e-06    5.631947250456724e-06    8.558336807306703e-06
5974.2718716879635    9.766286138412048e-06    9.453578613539564e-06    5.411279051059484e-06    8.210381267670363e-06
5974.371871667963    9.352609703832069e-06    9.054157026935502e-06    5.182646927547604e-06    7.863137886105056e-06
5974.471871647963    8.938899221029738e-06    8.65374021217388e-06    4.9414861745745705e-06    7.511375202592729e-06
5974.5718716279625    8.517383830186432e-06    8.244663527029708e-06    4.6812034982057925e-06    7.147750285140644e-06
5974.671871607962    8.079475535570186e-06    7.818373978592843e-06    4.3941477443754045e-06    6.763999086179479e-06
5974.771871587962    7.62086526640201e-06    7.370622826088734e-06    4.0767276950225155e-06    6.356071929171086e-06
5974.8718715679615    7.136313522288032e-06    6.896280537120872e-06    3.7246361852692474e-06    5.919076748226051e-06
5974.971871547961    6.631453636658911e-06    6.401011324358584e-06    3.344113765819683e-06    5.458859575612392e-06
5975.071871527961    6.130579077312964e-06    5.909137872159231e-06    2.960017276411323e-06    4.9999114086278395e-06
5975.1718715079605    5.673861404288858e-06    5.460963247248129e-06    2.6131857524728864e-06    4.582670134669959e-06
5975.27187148796    5.308599776565889e-06    5.103676255910479e-06    2.351335554699574e-06    4.2545371957253135e-06
5975.37187146796    5.054977270079464e-06    4.857541074964717e-06    2.195182754427708e-06    4.035900366490631e-06
5975.4718714479595    4.889741415923871e-06    4.6994554428525755e-06    2.1216963679085813e-06    3.9036310755616755e-06
5975.571871427959    4.757327215320558e-06    4.573837426126519e-06    2.0760763763891957e-06    3.802413672612091e-06
5975.671871407959    4.603421815172931e-06    4.426357204437261e-06    2.004366846844614e-06    3.678048622151602e-06
5975.7718713879585    4.402800001686931e-06    4.23183008818601e-06    1.8812319634943376e-06    3.5052873511224264e-06
5975.871871367958    4.166524787691522e-06    4.0013203002107796e-06    1.7181760779686375e-06    3.2953403886236462e-06
5975.971871347958    3.9445036104253734e-06    3.7848162764851135e-06    1.5654816934409531e-06    3.0982671934504804e-06
5976.0718713279575    3.8080628453865374e-06    3.653575626620857e-06    1.4947752656294052e-06    2.9854712458789333e-06
5976.171871307957    3.816426586729462e-06    3.666885730553636e-06    1.5655461494087452e-06    3.016286155563948e-06
5976.271871287957    3.977481612005969e-06    3.832705967055296e-06    1.7857446880275688e-06    3.198644089029611e-06
5976.3718712679565    4.243386081510415e-06    4.103210116343672e-06    2.1077779398579606e-06    3.4847913792373495e-06
5976.471871247956    4.547222030939051e-06    4.411376218394072e-06    2.4647614718167373e-06    3.80778657371662e-06
5976.571871227956    4.837443869213218e-06    4.7057311908002305e-06    2.805589513467257e-06    4.116254857826902e-06
5976.6718712079555    5.088499042935762e-06    4.960742352182857e-06    3.104686018373224e-06    4.384642471163948e-06
5976.771871187955    5.2956721377479225e-06    5.171765836270324e-06    3.3575921738299607e-06    4.608343382616069e-06
5976.871871167955    5.462476397109661e-06    5.342246270929077e-06    3.567851471724696e-06    4.790858046587812e-06
5976.9718711479545    5.593504747902256e-06    5.476787694189043e-06    3.740206942272192e-06    4.936833128121164e-06
5977.071871127954    5.700064794856766e-06    5.586765658294858e-06    3.886149986975902e-06    5.057660146709176e-06
5977.171871107954    5.7875206559388955e-06    5.677549448974191e-06    4.011113340596964e-06    5.1587278151700165e-06
5977.2718710879535    5.857440568321742e-06    5.750692190174762e-06    4.1167650369439944e-06    5.241632598480166e-06
5977.371871067953    5.917764434069658e-06    5.814104114039964e-06    4.211048594986976e-06    5.314305714365532e-06
5977.471871047953    5.971287633911411e-06    5.870604526130019e-06    4.296949587243707e-06    5.379613915761712e-06
5977.5718710279525    6.0182556210409366e-06    5.920515260391797e-06    4.374905873751919e-06    5.437892251728218e-06
5977.671871007952    6.063194022087086e-06    5.968283982321922e-06    4.449327052810016e-06    5.493601685739675e-06
5977.771870987952    6.105594818956653e-06    6.0134872150194115e-06    4.519826199204848e-06    5.546302744393637e-06
5977.8718709679515    6.147089613755116e-06    6.057695736372554e-06    4.588100462056275e-06    5.597628604061315e-06
5977.971870947951    6.1900773443441395e-06    6.103366994043836e-06    4.65666953938666e-06    5.6500379592582115e-06
5978.071870927951    6.234359065656526e-06    6.150299228278447e-06    4.725368840442659e-06    5.703342378125878e-06
5978.1718709079505    6.279733059481527e-06    6.198293785492147e-06    4.794088648127189e-06    5.7573718310336206e-06
5978.27187088795    6.326644523950524e-06    6.247754321861011e-06    4.863331843246257e-06    5.812576896352598e-06
5978.37187086795    6.376149250760294e-06    6.299811551211531e-06    4.934159297269317e-06    5.8700400330803804e-06
5978.4718708479495    6.429123308984496e-06    6.3552629827603185e-06    5.007397115140298e-06    5.930594468961703e-06
5978.571870827949    6.486196828524545e-06    6.414875550867772e-06    5.084004001119534e-06    5.995025460170617e-06
5978.671870807949    6.546008576794613e-06    6.477208097577724e-06    5.162461612213878e-06    6.0618927621954056e-06
5978.7718707879485    6.609820628660861e-06    6.5434889783140245e-06    5.244030366284265e-06    6.13244665775305e-06
5978.871870767948    6.677945241146122e-06    6.614156717679161e-06    5.329165028525082e-06    6.207088995783455e-06
5978.971870747948    6.750351624627737e-06    6.689062120399521e-06    5.418045937364284e-06    6.285819894130514e-06
5979.0718707279475    6.827590293842727e-06    6.769067227028007e-06    5.511167740922462e-06    6.369275087264399e-06
5979.171870707947    6.910078784918612e-06    6.854170937492423e-06    5.608766880209969e-06    6.457672200873668e-06
5979.271870687947    6.997516091889196e-06    6.944319745045607e-06    5.710840000445526e-06    6.550891945793443e-06
5979.3718706679465    7.090334790331039e-06    7.039828207557506e-06    5.8176638391500926e-06    6.649275612346212e-06
5979.471870647946    7.190304777552348e-06    7.142722466807357e-06    5.931373110265874e-06    6.754800118208527e-06
5979.571870627946    7.295905805384199e-06    7.251065160851881e-06    6.050028723182349e-06    6.865666563139477e-06
5979.6718706079455    7.40682873851225e-06    7.364862203182604e-06    6.173693465126841e-06    6.981794802273898e-06
5979.771870587945    7.524396894073145e-06    7.485523949560875e-06    6.303748434539032e-06    7.1045564260576845e-06
5979.871870567945    7.648983083108553e-06    7.613327231425968e-06    6.440653521843608e-06    7.234321278792711e-06
5979.9718705479445    7.782924818976523e-06    7.750600362222286e-06    6.586491972308284e-06    7.373339051169031e-06
5980.071870527944    7.923023290882237e-06    7.894370707314962e-06    6.738406642387833e-06    7.5186002135283446e-06
5980.171870507944    8.071058866174564e-06    8.045976289070286e-06    6.898212391760103e-06    7.671749182334986e-06
5980.2718704879435    8.22735262136461e-06    8.206428830349473e-06    7.0664289166414615e-06    7.833403456118514e-06
5980.371870467943    8.392733661090207e-06    8.375732328540314e-06    7.243506605004427e-06    8.003990864878315e-06
5980.471870447943    8.567525322472515e-06    8.554837137931593e-06    7.430133228571741e-06    8.184165229658618e-06
5980.5718704279425    8.750990754890517e-06    8.742944088067519e-06    7.625827153513482e-06    8.37325399882384e-06
5980.671870407942    8.947068519686428e-06    8.943968088777666e-06    7.834312147867395e-06    8.575116252110496e-06
5980.771870387942    9.155704247359284e-06    9.157804094750752e-06    8.05600611472867e-06    8.789838152279569e-06
5980.8718703679415    9.375145096435756e-06    9.38276617412904e-06    8.288690562722342e-06    9.015533944429047e-06
5980.971870347941    9.607349538501741e-06    9.620564563833079e-06    8.534652502420402e-06    9.25418886825174e-06
5981.071870327941    9.854164260431023e-06    9.87387203250037e-06    8.796212101771266e-06    9.508082798234219e-06
5981.1718703079405    1.0114561560185809e-05    1.0141097267078282e-05    9.072351227401811e-06    9.776003351555301e-06
5981.27187028794    1.039056955791717e-05    1.042475147134297e-05    9.365429371248276e-06    1.0060250133502807e-05
5981.37187026794    1.0682845492688027e-05    1.0725043228069317e-05    9.676043447636089e-06    1.0361310722797811e-05
5981.4718702479395    1.0992831408592997e-05    1.1043742796544405e-05    1.00054939236269e-05    1.0680689376254767e-05
5981.571870227939    1.1323048584291065e-05    1.1383583149546107e-05    1.0357071858799424e-05    1.1021234530878864e-05
5981.671870207939    1.1672158892402016e-05    1.1742864493984938e-05    1.0729882558108858e-05    1.1381635314831937e-05
5981.7718701879385    1.2043927910174587e-05    1.2125623150743364e-05    1.1127153174152846e-05    1.1765568078356933e-05
5981.871870167938    1.243921550275416e-05    1.253317319368098e-05    1.155158781993545e-05    1.2174658838790198e-05
5981.971870147938    1.2859851850341768e-05    1.2967400166420728e-05    1.2003995214788455e-05    1.2610415743850317e-05
5982.0718701279375    1.3309361229969928e-05    1.3431552379139946e-05    1.2488737875763359e-05    1.3076550494957744e-05
5982.171870107937    1.3788116324927176e-05    1.3926230345737606e-05    1.3007100585478415e-05    1.3573815752047733e-05
5982.271870087937    1.4298255099422415e-05    1.4454411812909634e-05    1.356176797463994e-05    1.4104811628990664e-05
5982.3718700679365    1.4846503168304345e-05    1.5022186738780299e-05    1.415972151394778e-05    1.4676137140344141e-05
5982.471870047936    1.543231402461494e-05    1.5629677587123307e-05    1.4801518228362505e-05    1.528783661336692e-05
5982.571870027936    1.6060496509306575e-05    1.6281755005267157e-05    1.5492824670351948e-05    1.594502539497523e-05
5982.6718700079355    1.6734214974763288e-05    1.6982583856233374e-05    1.6238578659145126e-05    1.665179249671393e-05
5982.771869987935    1.746030520382774e-05    1.773870618534137e-05    1.7045420360005238e-05    1.7414810583058116e-05
5982.871869967935    1.824285724021902e-05    1.855487057859093e-05    1.792081392452047e-05    1.823951391444347e-05
5982.9718699479345    1.9087400824084646e-05    1.943671361715891e-05    1.8870252283728875e-05    1.9131455574990808e-05
5983.071869927934    1.9996912542898095e-05    2.0388466502877003e-05    1.9901043216875958e-05    2.0095474087550352e-05
5983.171869907934    2.0986630640219305e-05    2.142555252847984e-05    2.102751785953784e-05    2.1146567009412327e-05
5983.2718698879335    2.2058321968296592e-05    2.255078909394811e-05    2.2257615550804065e-05    2.2288908871016256e-05
5983.371869867933    2.3226062780147398e-05    2.3779745620446215e-05    2.3606940163000427e-05    2.3537582854531344e-05
5983.471869847933    2.4497788729815607e-05    2.512072577972403e-05    2.508844136635175e-05    2.4902318625297126e-05
5983.5718698279325    2.5896140613296252e-05    2.659780955510121e-05    2.6726637489904758e-05    2.6406862552767405e-05
5983.671869807932    2.742491015395284e-05    2.821712191559584e-05    2.853731009414115e-05    2.8059780721229944e-05
5983.771869787932    2.9107830338456383e-05    3.0004680388720817e-05    3.054574575889892e-05    2.988608549535871e-05
5983.8718697679315    3.097115329145949e-05    3.1987462337073334e-05    3.2787922116402586e-05    3.1915512581645134e-05
5983.971869747931    3.303928759758246e-05    3.4195480284157124e-05    3.529736421901772e-05    3.41773773669191e-05
5984.071869727931    3.534529429671327e-05    3.666276219143366e-05    3.812160468787793e-05    3.670988705867496e-05
5984.1718697079305    3.7943197221473974e-05    3.944632480622505e-05    4.1317387426470975e-05    3.956896981805667e-05
5984.27186968793    4.086670121339626e-05    4.2598360306800374e-05    4.49517999238406e-05    4.280562048134574e-05
5984.37186966793    4.4023758888597656e-05    4.6030354805383314e-05    4.9020591544108525e-05    4.635823507936317e-05
5984.471869647929    4.754872871600716e-05    4.987274035699968e-05    5.366114204398524e-05    5.036087037233069e-05
5984.571869627929    5.163415675472704e-05    5.4341183172390335e-05    5.905692857118899e-05    5.501075616610212e-05
5984.671869607929    5.63354059368764e-05    5.950472494385533e-05    6.533556401347794e-05    6.039189829806988e-05
5984.771869587928    6.178992833548008e-05    6.552552792827994e-05    7.272254497530086e-05    6.667933374635362e-05
5984.871869567928    6.813976835438517e-05    7.255713450179946e-05    8.142075481177458e-05    7.403921922265308e-05
5984.971869547928    7.544414714855345e-05    8.068712253552027e-05    9.156003861695421e-05    8.256376943367597e-05
5985.071869527927    8.400477202985215e-05    9.027902996275346e-05    0.00010365831329283879    9.264737176181481e-05
5985.171869507927    9.423000465986448e-05    0.00010179628480631709    0.00011831293287158733    0.00010477974077925629
5985.271869487927    0.00010645736959577242    0.00011564158441985952    0.00013608967767404312    0.00011939621056322503
5985.371869467926    0.00012109959027126378    0.00013231246984264606    0.00015768063289729373    0.0001370308976704012
5985.471869447926    0.00013864224726769923    0.00015238961156336403    0.00018393420238473258    0.00015832202040526528
5985.571869427926    0.00015949523043370527    0.00017637255543327842    0.00021564541201123702    0.00018383773262607356
5985.671869407925    0.00018390342792244912    0.00020458321053623492    0.0002535679499956721    0.00021401819615145202
5985.771869387925    0.00021174098509497784    0.0002368835618841262    0.00029797882613170245    0.00024886779103693555
5985.871869367925    0.00024264678161494376    0.0002727673201172829    0.0003485609365354123    0.00028799167942254625
5985.971869347924    0.0002758434951379272    0.00031090907811319717    0.0004025800378738535    0.00032977753704165925
5986.071869327924    0.0003103097201156579    0.00034927654430011825    0.0004542287163275196    0.0003712716602477652
5986.171869307924    0.0003458740244482658    0.0003860551792809804    0.0004948882741311106    0.0004089391592867856
5986.271869287923    0.00037065082459511586    0.0004097831513224054    0.0005154218305176033    0.00043195193547837486
5986.371869267923    0.0003958685824232387    0.0004326504549887249    0.0005313843888623765    0.0004533011420914467
5986.471869247923    0.0004198626385063009    0.0004507111883995964    0.0005345176419248225    0.0004683638229435733
5986.571869227922    0.00044445937479047624    0.0004657013375276021    0.0005317750057169156    0.00048064523934499806
5986.671869207922    0.00047311333773546595    0.0004802731754481296    0.0005273923639239134    0.0004935929590358364
5986.771869187922    0.0005082915901469553    0.0004964670773314491    0.000521567718949149    0.0005087754621425178
5986.871869167921    0.0005500360590719313    0.0005154839212367195    0.0005111986942102143    0.0005255728915062885
5986.971869147921    0.0005952052352294661    0.0005374256201126572    0.0004925132904241426    0.0005417147152554219
5987.071869127921    0.0006370339399142644    0.0005601835022194762    0.0004639560203623821    0.0005537244874987076
5987.17186910792    0.0006664863142707321    0.0005792245336969323    0.0004275316826245948    0.0005577475101974198
5987.27186908792    0.0006758801377887357    0.0005889632285412535    0.00038743385977110323    0.0005507590753670308
5987.37186906792    0.0006631345741691078    0.0005860203101298045    0.0003479603411128895    0.0005323717418039339
5987.471869047919    0.0006327341459849835    0.0005713325935701936    0.00031178024182459263    0.0005052823271265898
5987.571869027919    0.0005918520176451523    0.0005485004829102542    0.00027951760903673626    0.00047329003653071423
5987.671869007919    0.0005466109998535059    0.0005206701078403779    0.00025041660013382214    0.000439232569275902
5987.771868987918    0.0005008531639653764    0.0004888643911180739    0.00022344292867683925    0.00040438682792009653
5987.871868967918    0.000456520558611088    0.0004527667992627371    0.00019801368852853793    0.0003691003488007877
5987.971868947918    0.000414079841962624    0.0004125491994437912    0.00017420726920248453    0.0003336121035362999
5988.071868927917    0.00037293262744920845    0.0003696044810922062    0.0001524265581812338    0.00029832122224088286
5988.171868907917    0.0003325185940566875    0.00032614626817342143    0.0001330357422831896    0.0002639002015044329
5988.271868887917    0.000293085253513791    0.00028434623883822626    0.00011614497782823531    0.00023119215672675087
5988.371868867916    0.000255680150688742    0.00024588769608659226    0.00010163684175127665    0.0002010682295088703
5988.471868847916    0.00022142478067798028    0.00021170476246096077    8.924968781818949e-05    0.00017412641031904353
5988.571868827916    0.0001908192648666931    0.00018187163907731424    7.861393684684671e-05    0.00015043494693028466
5988.671868807915    0.00016239200828630271    0.00015460732195470597    6.885708648688075e-05    0.00012861880557596314
5988.771868787915    0.00013001808681278081    0.0001244018135807689    5.9667995869456584e-05    0.00010469596542100209
5988.871868767915    0.00011735951632205652    0.0001123713120260799    5.5024602768911844e-05    9.491847703901608e-05
5988.971868747914    0.0001054691606630398    0.0001010873054454136    5.046059195356054e-05    8.567235268733796e-05
5989.071868727914    9.513794596531896e-05    9.128352766029049e-05    4.638874164997847e-05    7.760340509186264e-05
5989.171868707914    8.62643507572068e-05    8.286044265266301e-05    4.279882649995955e-05    7.064120663660979e-05
5989.271868687913    7.861285983050921e-05    7.55953230044025e-05    3.962958381770461e-05    6.461258888420545e-05
5989.371868667913    7.198619522160174e-05    6.93019881112513e-05    3.682437874160234e-05    5.937085402481846e-05
5989.471868647913    6.621797752329105e-05    6.382265093457387e-05    3.433149179277826e-05    5.4790706750214405e-05
5989.571868627912    6.117070613055812e-05    5.902755542557049e-05    3.2106303493577235e-05    5.0768188349901945e-05
5989.671868607912    5.6730612917161205e-05    5.480816680100368e-05    3.011243848608635e-05    4.721707273475041e-05
5989.771868587912    5.2804504407307695e-05    5.107781395158381e-05    2.831757638225753e-05    4.406663158038301e-05
5989.871868567911    4.931368768260215e-05    4.7761067100683326e-05    2.6693639510979325e-05    4.12561314314216e-05
5989.971868547911    4.618643744694368e-05    4.47908284256234e-05    2.5209835486958692e-05    3.872903378650859e-05
5990.071868527911    4.332071067121487e-05    4.206729770083247e-05    2.3798470886420302e-05    3.639549308615588e-05
5990.17186850791    4.0843822136897984e-05    3.9716830733507074e-05    2.2597477897759567e-05    3.438604358938821e-05
5990.27186848791    3.872597806577391e-05    3.771388645175159e-05    2.1627515416396508e-05    3.268912664464067e-05
5990.37186846791    3.676557713216224e-05    3.585893277742104e-05    2.0721441301126318e-05    3.1115317070236524e-05
5990.471868447909    3.497761490750829e-05    3.4170035116598424e-05    1.9874796909157377e-05    2.9674148977754694e-05
5990.571868427909    3.335101014463376e-05    3.263572175855074e-05    1.9096983192737438e-05    2.8361238365307312e-05
5990.671868407909    3.18376548164576e-05    3.121185258354697e-05    1.8360773793744615e-05    2.71367603979164e-05
5990.771868387908    3.053469971611139e-05    2.999123617818111e-05    1.775246842876375e-05    2.6092801441018754e-05
5990.871868367908    2.9417375731090358e-05    2.8949816668863167e-05    1.726057561545591e-05    2.5209256005136478e-05
5990.971868347908    2.8384689758674505e-05    2.7991766286812456e-05    1.6806969750379843e-05    2.4394475265288933e-05
5991.071868327907    2.7469556299986535e-05    2.7150436783962388e-05    1.6425564889771044e-05    2.3681852657906658e-05
5991.171868307907    2.6660111433484153e-05    2.6412620427170716e-05    1.6107411901523083e-05    2.306004792072598e-05
5991.271868287907    2.5967362567539303e-05    2.578972420846021e-05    1.5870027198311453e-05    2.2542371324770325e-05
5991.371868267906    2.5400308330633866e-05    2.5292331253252632e-05    1.5723339447732115e-05    2.2138659677206202e-05
5991.471868247906    2.4958408331399686e-05    2.4918418806697758e-05    1.5670458684703728e-05    2.1849095274267056e-05
5991.571868227906    2.465131190648693e-05    2.4678154459197067e-05    1.572227031331934e-05    2.1683912226334448e-05
5991.671868207905    2.449919472053835e-05    2.4589551909680593e-05    1.5900710465067854e-05    2.16631523650956e-05
5991.771868187905    2.4517607746564316e-05    2.466739254941081e-05    1.622131662530214e-05    2.180210564042576e-05
5991.871868167905    2.47333268992985e-05    2.4933590198536914e-05    1.6708078320273667e-05    2.212499847270303e-05
5991.971868147904    2.5173060331463445e-05    2.540966413428997e-05    1.7385115741468754e-05    2.2655946735740723e-05
5992.071868127904    2.5854251307857086e-05    2.6104204981568767e-05    1.8265987116329593e-05    2.3408147801918484e-05
5992.171868107904    2.6775109783331298e-05    2.7005931148999353e-05    1.9349038710306906e-05    2.437669321421252e-05
5992.271868087903    2.7899750322168328e-05    2.806805417134216e-05    2.0603927231992788e-05    2.5523910575167757e-05
5992.371868067903    2.9140501375045795e-05    2.919840802491766e-05    2.196651836454721e-05    2.6768475921503553e-05
5992.471868047903    3.0340667418447814e-05    3.0248018612673823e-05    2.3327347956669122e-05    2.7972011329263586e-05
5992.571868027902    3.1320047275228564e-05    3.105884069491467e-05    2.4564667245444983e-05    2.8981185071862738e-05
5992.671868007902    3.191101558245117e-05    3.1491768363841486e-05    2.554923505892694e-05    2.9650673001739863e-05
5992.771867987902    3.199335880061931e-05    3.145342846128026e-05    2.615832667760302e-05    2.986837131316753e-05
5992.871867967901    3.151304359435993e-05    3.090666820107537e-05    2.628929396688493e-05    2.9569668587440078e-05
5992.971867947901    3.0447211118891966e-05    2.9833185327112557e-05    2.5850937281465343e-05    2.8710444575823286e-05
5993.071867927901    2.883941054644947e-05    2.826402389089457e-05    2.482014817181127e-05    2.7307860869718438e-05
5993.1718679079    2.6785778260256887e-05    2.6273658232898008e-05    2.324422100150119e-05    2.54345524982187e-05
5993.2718678879    2.4467438566572694e-05    2.4021606846474153e-05    2.1299442414613598e-05    2.3262829275886813e-05
5993.3718678679    2.208219462986036e-05    2.1704549787874563e-05    1.9152119157897615e-05    2.0979621191877515e-05
5993.471867847899    1.9822176736937484e-05    1.9492061762167082e-05    1.704643532852118e-05    1.8786891275875246e-05
5993.571867827899    1.7801007798834523e-05    1.750588825253348e-05    1.5133700929877486e-05    1.6813532327081825e-05
5993.671867807899    1.6059771960894408e-05    1.5791282466057866e-05    1.3479404691573652e-05    1.5110153039508643e-05
5993.771867787898    1.4589126297654969e-05    1.4341680950352871e-05    1.2087112932477299e-05    1.3672640060161712e-05
5993.871867767898    1.3355506333466674e-05    1.3125258015370161e-05    1.092877702667649e-05    1.2469847125171108e-05
5993.971867747898    1.231915478191477e-05    1.2103336479903974e-05    9.966392437188315e-06    1.1462961233002352e-05
5994.071867727897    1.1443009588655382e-05    1.1239548914069616e-05    9.163070787434749e-06    1.0615209763386581e-05
5994.171867707897    1.0695791863833546e-05    1.0503085420643123e-05    8.48719375109205e-06    9.89535701185624e-06
5994.271867687897    1.0052301758381528e-05    9.86907767346986e-06    7.913152877931296e-06    9.278177436594228e-06
5994.371867667896    9.492659278752013e-06    9.317888846003333e-06    7.420742364701133e-06    8.743763496485494e-06
5994.471867647896    9.001298981421986e-06    8.834136896394628e-06    6.994184691656778e-06    8.276540189824465e-06
5994.571867627896    8.566034368826004e-06    8.405776586569663e-06    6.62118274964401e-06    7.864331235013225e-06
5994.671867607895    8.177284818371253e-06    8.023337879490822e-06    6.2921234429669385e-06    7.497582046943004e-06
5994.771867587895    7.8274694056381e-06    7.679327585684838e-06    5.99944899517553e-06    7.168748662166155e-06
5994.871867567895    7.510543010043147e-06    7.3677709952802204e-06    5.73717481383709e-06    6.87182960638682e-06
5994.971867547894    7.221644934989646e-06    7.083864507292225e-06    5.500524448913945e-06    6.602011297065272e-06
5995.071867527894    6.956833446390156e-06    6.823713134969661e-06    5.285654337216312e-06    6.355400306192043e-06
5995.171867507894    6.712884866585676e-06    6.584131825745732e-06    5.089446075119732e-06    6.1288209224837125e-06
5995.271867487893    6.487140863727015e-06    6.362494442607009e-06    4.90934906759601e-06    5.919661457976678e-06
5995.371867467893    6.277391697439045e-06    6.156618307116471e-06    4.743260690458524e-06    5.725756898338014e-06
5995.471867447893    6.081786358499594e-06    5.964675342856695e-06    4.589434440198381e-06    5.545298713851556e-06
5995.571867427892    5.898762915667888e-06    5.785123204533259e-06    4.446409049184737e-06    5.376765056461961e-06
5995.671867407892    5.726994132702432e-06    5.616651509282596e-06    4.3129533904272745e-06    5.218866344137434e-06
5995.771867387892    5.565344696929602e-06    5.458139550585164e-06    4.18802334901975e-06    5.070502532178172e-06
5995.871867367891    5.412837340301493e-06    5.308622805886415e-06    4.070727821733552e-06    4.930729322640487e-06
5995.971867347891    5.268625812198506e-06    5.1672662185513944e-06    3.960301724722099e-06    4.798731251824e-06
5996.071867327891    5.131973174123647e-06    5.033342741557192e-06    3.8560844227120894e-06    4.673800112797644e-06
5996.17186730789    5.002234250395745e-06    4.9062159906794605e-06    3.757502376038668e-06    4.555317539037958e-06
5996.27186728789    4.878841350070935e-06    4.785326130872939e-06    3.6640550939646793e-06    4.442740858302851e-06
5996.37186726789    4.761292578970275e-06    4.670178323465636e-06    3.5753036946565568e-06    4.335591532364156e-06
5996.471867247889    4.649142214328251e-06    4.560333212348705e-06    3.4908615335858266e-06    4.233445653420928e-06
5996.571867227889    4.541992733921105e-06    4.455399046036549e-06    3.4103864838788926e-06    4.135926087945516e-06
5996.671867207889    4.439488179426546e-06    4.3550251175729096e-06    3.3335745423151237e-06    4.042695946438194e-06
5996.771867187888    4.341308600741836e-06    4.258896274519887e-06    3.2601545066970442e-06    3.953453127319589e-06
5996.871867167888    4.2471653835563804e-06    4.166728300294153e-06    3.189883522665317e-06    3.867925735505284e-06
5996.971867147888    4.156797298208739e-06    4.078264010329109e-06    3.122543339877916e-06    3.785868216138588e-06
5997.071867127887    4.06996714556198e-06    3.9932699369299614e-06    3.0579371505473894e-06    3.707058077679777e-06
5997.171867107887    3.986458895414427e-06    3.911533501721426e-06    2.995886907999038e-06    3.63129310171163e-06
5997.271867087887    3.906075234982472e-06    3.832860593328947e-06    2.9362310418403712e-06    3.558388956717263e-06
5997.371867067886    3.828635460647425e-06    3.757073484313598e-06    2.8788225048388283e-06    3.4881771499332837e-06
5997.471867047886    3.7539736563146415e-06    3.6840090316829513e-06    2.823527094637506e-06    3.420503260878366e-06
5997.571867027886    3.6819371153702486e-06    3.6135171176991757e-06    2.770222008007011e-06    3.3552254136921448e-06
5997.671867007885    3.6123849667678784e-06    3.5454592930329464e-06    2.718794589926734e-06    3.2922129499091864e-06
5997.771866987885    3.5451869758929483e-06    3.479707592319968e-06    2.669141247477495e-06    3.2313452718968036e-06
5997.871866967885    3.480222494077751e-06    3.4161434966530713e-06    2.6211665040860167e-06    3.172510831605613e-06
5997.971866947884    3.4173795347569787e-06    3.354657021593146e-06    2.5747821728014393e-06    3.1156062430505206e-06
5998.071866927884    3.3565539593726807e-06    3.2951459131016812e-06    2.5299066315859157e-06    3.060535501353426e-06
5998.171866907884    3.2976487574488806e-06    3.2375149371268044e-06    2.486464186350067e-06    3.0072092936419175e-06
5998.271866887883    3.240573407222536e-06    3.181675248481756e-06    2.4443845084416167e-06    2.9555443880486358e-06
