1274.7790918559    1.3783330041e-05    1.3788090644833335e-05    1.3781735451333335e-05    1.3784385379055557e-05
1274.8790918259    1.107315814488271e-05    1.1077949990873338e-05    1.1071553611719028e-05    1.1074220582491691e-05
1274.9790917959    3.60810181933991e-05    3.6094125069998856e-05    3.607179041249997e-05    3.608231122529931e-05
1275.0790917659    2.8960205666384538e-05    2.8973069864039072e-05    2.895113253999806e-05    2.896146935680722e-05
1275.1790917359    6.327125680358462e-05    6.33105512005222e-05    6.32784989817823e-05    6.328676899529637e-05
1275.2790917059    5.0944363413916065e-05    5.098331398354112e-05    5.095154012338771e-05    5.095973917361497e-05
1275.3790916759    4.114750984830207e-05    4.118625400253328e-05    4.115463260148541e-05    4.1162798817440245e-05
1275.4790916459    3.372062646435497e-05    3.375929674459573e-05    3.372771859952811e-05    3.373588060282627e-05
1275.5790916159    2.814810024828899e-05    2.8186802415544933e-05    2.815518388691952e-05    2.816336218358448e-05
1275.6790915859    2.3916344805351774e-05    2.3955158671890033e-05    2.3923436073932705e-05    2.3931646517058166e-05
1275.7790915559    2.0646370265302463e-05    2.068535545145796e-05    2.065348063019307e-05    2.0661735448984496e-05
1275.8790915259    1.8074504754488037e-05    1.811370358542798e-05    1.8081642921109056e-05    1.808995042034169e-05
1275.9790914959    1.599750733475665e-05    1.603695229031584e-05    1.6004678641981344e-05    1.6013046089017945e-05
1276.0790914659    1.428715241995252e-05    1.4326869898447464e-05    1.4294361519140738e-05    1.4302794612513575e-05
1276.1790914359    1.2873779171266209e-05    1.291379001835151e-05    1.2881029753511923e-05    1.2889532981043214e-05
1276.2790914059    1.1674046780405418e-05    1.1714368255989967e-05    1.1681341264759021e-05    1.1689918767051467e-05
1276.3790913759    1.0646504581825036e-05    1.0687154895198216e-05    1.065384492279713e-05    1.0662501466606794e-05
1276.4790913459    9.762517274005338e-06    9.803511658350043e-06    9.769905660416144e-06    9.778644864257173e-06
1276.5790913159    8.992451318524737e-06    9.033801153554267e-06    8.99988933244741e-06    9.008713934842139e-06
1276.6790912859    8.326915511608299e-06    8.368633155318771e-06    8.334403941252218e-06    8.343317536059764e-06
1276.7790912559    7.734398717065048e-06    7.776496493442477e-06    7.741938443372759e-06    7.750944551293428e-06
1276.8790912259    7.200942163928125e-06    7.243430350022544e-06    7.2085347690984954e-06    7.217635761016387e-06
1276.9790911959    6.731749063204828e-06    6.774639351340431e-06    6.739396282052759e-06    6.748594898866005e-06
1277.0790911659    6.307142522920834e-06    6.350446631001954e-06    6.314844875650156e-06    6.324144676524314e-06
1277.1790911359    5.923576347392469e-06    5.96730346981409e-06    5.931335417101696e-06    5.940738411436085e-06
1277.2790911059    5.5739610610251006e-06    5.618122707765851e-06    5.581777210216275e-06    5.591286993002409e-06
1277.3790910759    5.248036604982318e-06    5.292645221330244e-06    5.2559102165766945e-06    5.265530680963086e-06
1277.4790910459    4.955337755079125e-06    5.000403407651597e-06    4.963270616676386e-06    4.973003926469036e-06
1277.5790910159    4.685252115736531e-06    4.7307852007576695e-06    4.693244246270373e-06    4.703093854254858e-06
1277.6790909859    4.435882819803643e-06    4.481895329464675e-06    4.443934958250589e-06    4.453904369172969e-06
1277.7790909559    4.2153614329013915e-06    4.261863982115092e-06    4.223475182323798e-06    4.2335668657800945e-06
1277.8790909259    4.00181214227145e-06    4.048816947838204e-06    4.009987994751654e-06    4.020205694953769e-06
1277.9790908959    3.7966188205252204e-06    3.844138957333306e-06    3.8048577444936858e-06    3.8152051741174045e-06
1278.0790908659    3.6144763580696937e-06    3.6625242503218286e-06    3.6227798276637008e-06    3.6332601453517403e-06
1278.1790908359    3.4403595300445197e-06    3.488948321019201e-06    3.448727975675997e-06    3.4593452755799055e-06
1278.2790908059    3.2702958193440923e-06    3.319439415829458e-06    3.278729902487123e-06    3.2894883792202246e-06
1278.3790907759    3.1060550474812603e-06    3.155767159709773e-06    3.1145557068732374e-06    3.1254593046880903e-06
1278.4790907459    2.9553125976356395e-06    3.005605853653928e-06    2.9638808892361144e-06    2.974933113508561e-06
1278.5790907159    2.8032999995414764e-06    2.8541891464588915e-06    2.8119365627751817e-06    2.8231419029251826e-06
1278.6790906859    2.6511913454266733e-06    2.70269184547412e-06    2.6598959458502323e-06    2.6712597122503416e-06
1278.7790906559    2.5109587539663464e-06    2.563087153584038e-06    2.519732910123705e-06    2.531259605891363e-06
1278.8790906259    2.366353286350062e-06    2.4191280264500156e-06    2.3751987141797213e-06    2.3868933423265996e-06
1278.9790905959    2.2007178361498417e-06    2.2541556132926556e-06    2.2096349960318767e-06    2.221502815158125e-06
1279.0790905659    2.00879558135051e-06    2.062913455275994e-06    2.017785407518935e-06    2.029831481381813e-06
1279.1790905359    1.7976722643259698e-06    1.85248982460827e-06    1.8067361006571958e-06    1.8189660631971451e-06
1279.2790905059    1.5400236176735573e-06    1.595560682837556e-06    1.5491620649586566e-06    1.5615821218232568e-06
1279.3790904759    1.1900226856541308e-06    1.2462988459354983e-06    1.199236062309523e-06    1.2118525312997174e-06
1279.4790904459    6.622303588736443e-07    7.192657190143598e-07    6.715198348587149e-07    6.843386375822398e-07
1279.5790904159    -2.1369994453337251e-07    -1.5588177914403728e-07    -2.043333381765686e-07    -1.9130502061799322e-07
1279.6790903859    -1.7826946336327813e-06    -1.7240696871538394e-06    -1.7732496959557327e-06    -1.7600046722474517e-06
1279.7790903559    -4.2664053827649705e-06    -4.206950737030473e-06    -4.25688135433997e-06    -4.24341249137847e-06
1279.8790903259    -6.34518727801443e-06    -6.2848771640724445e-06    -6.335582892981123e-06    -6.321882445022665e-06
1279.9790902959    -7.683163751173575e-06    -7.6219701091320625e-06    -7.673477455047073e-06    -7.65953710511757e-06
1280.0790902659    -8.564143795055837e-06    -8.502039441510992e-06    -8.55437652584469e-06    -8.540186587470505e-06
1280.1790902359    -6.152514417725681e-06    -6.08946893599013e-06    -6.142664888704873e-06    -6.128216080806895e-06
1280.2790902059    -2.9341614820939394e-06    -2.8701440036345284e-06    -2.924227951855421e-06    -2.9095111458612952e-06
1280.3790901759    -1.068425496868151e-06    -1.0034037743205767e-06    -1.0584075338144842e-06    -1.043412268334404e-06
1280.4790901459    -1.2056195551781886e-07    -5.44999022680532e-08    -1.104576190761858e-07    -9.517315895401967e-08
1280.5790901159    3.917326512027396e-07    4.5887052283439963e-07    4.019242629523073e-07    4.1750914566314877e-07
1280.6790900859    6.874636510782126e-07    7.557147240982122e-07    6.97742360061209e-07    7.136402450792112e-07
1280.7790900559    8.615138021839146e-07    9.309206646975774e-07    8.718813341254913e-07    8.881052670023279e-07
1280.8790900259    9.699304686649933e-07    1.0405366242111858e-06    9.803870932467382e-07    9.969513953743057e-07
1280.9790899959    1.043641723619223e-06    1.1154913359221453e-06    1.0541865198085682e-06    1.0711065264499786e-06
1281.0790899659    1.0959741859046382e-06    1.1691147715455812e-06    1.1066094789738848e-06    1.1238994788080349e-06
1281.1790899359    1.1224942963506101e-06    1.1969799323223297e-06    1.1332229961455349e-06    1.1508990749394916e-06
1281.2790899059    1.1337322359154203e-06    1.209617985951522e-06    1.1445536975098345e-06    1.1626346397922588e-06
1281.3790898759    1.1376742800059184e-06    1.215015049205493e-06    1.1485865545730066e-06    1.1670919612614727e-06
1281.4790898459    1.1432207955814333e-06    1.222079167923063e-06    1.1542258443405865e-06    1.1731752692816944e-06
1281.5790898159    1.1509076486199835e-06    1.2313504761257345e-06    1.162006946401252e-06    1.1814216903823235e-06
1281.6790897859    1.1447577657344892e-06    1.2268542863174214e-06    1.1559503099509885e-06    1.175854120667633e-06
1281.7790897559    1.137133600690886e-06    1.2209596922501936e-06    1.1484210257027572e-06    1.1688381062146122e-06
1281.8790897259    1.1314168470014667e-06    1.2170521523719928e-06    1.1427990198578428e-06    1.1637560064104341e-06
1281.9790896959    1.119896847627894e-06    1.207426428959554e-06    1.131371478705758e-06    1.152898251764402e-06
1282.0790896659    1.114379824570598e-06    1.2038969513664843e-06    1.1259484624937174e-06    1.1480750794769333e-06
1282.1790896359    1.1041224077379588e-06    1.1957263778163438e-06    1.1157835286706118e-06    1.1385441047416382e-06
1282.2790896059    1.0903883045100217e-06    1.1841891035717718e-06    1.1021404828443067e-06    1.1255726303087e-06
1282.3790895759    1.0876856603996653e-06    1.1837987968415404e-06    1.099530095750009e-06    1.123671517663738e-06
1282.4790895459    1.0792359456462656e-06    1.1777844758130376e-06    1.0911700679582636e-06    1.1160634964725221e-06
1282.5790895159    1.069613938012307e-06    1.1707316232255955e-06    1.0816333040630445e-06    1.107326288433649e-06
1282.6790894859    1.0664710070144432e-06    1.1703040235665008e-06    1.0785745463098382e-06    1.1051165256302608e-06
1282.7790894559    1.0603978222720807e-06    1.167104200590501e-06    1.0725850865341157e-06    1.1000290364655659e-06
1282.8790894259    1.054667839660883e-06    1.1644211011122302e-06    1.0669317099036343e-06    1.0953402168922492e-06
1282.9790893959    1.0456420752520252e-06    1.1586317544302618e-06    1.0579789206680028e-06    1.0874175834500967e-06
1283.0790893659    1.038405554634814e-06    1.1548349871453239e-06    1.0508126679604276e-06    1.081351069913522e-06
1283.1790893359    1.0271754609164352e-06    1.1472706666924896e-06    1.0396444926479696e-06    1.0713635400856313e-06
1283.2790893059    1.0209783291035346e-06    1.1449839644541968e-06    1.0334980895191362e-06    1.0664867943589559e-06
1283.3790892759    1.0256319975729666e-06    1.1538142148541694e-06    1.0381927823939702e-06    1.0725463316070356e-06
1283.4790892459    1.0207525262485773e-06    1.153418419111845e-06    1.0333445737977e-06    1.0691718397193742e-06
1283.5790892159    1.015748465579979e-06    1.1532296779747107e-06    1.0283605547018024e-06    1.0657795660854972e-06
1283.6790891859    1.0169341563446037e-06    1.1595923768977467e-06    1.029551129086015e-06    1.0686925541094552e-06
1283.7790891559    1.0137135008894276e-06    1.1619539299253836e-06    1.0263123056019085e-06    1.0673265788055734e-06
1283.8790891259    1.0069212142248033e-06    1.1611973824049866e-06    1.0194761910588039e-06    1.062531595896198e-06
1283.9790890959    1.0037476257741437e-06    1.164567481449395e-06    1.01623319812937e-06    1.061516101784303e-06
1284.0790890659    1.0085943106983804e-06    1.176520504421567e-06    1.0209793329960758e-06    1.0686980493720078e-06
1284.1790890359    1.0087600107464094e-06    1.1844376909874746e-06    1.0210053192882908e-06    1.0714010070073918e-06
1284.2790890059    1.003708807525553e-06    1.1878632240800805e-06    1.0157685393895216e-06    1.0691135236650516e-06
1284.3790889759    1.0095077842962664e-06    1.202960913238658e-06    1.0213213360694814e-06    1.0779300112014687e-06
1284.4790889459    1.0108548439302558e-06    1.2145422349902652e-06    1.0223482263441573e-06    1.0825817684215596e-06
1284.5790889159    1.012947291855553e-06    1.2279405371927687e-06    1.0240405956030161e-06    1.0883094748837792e-06
1284.6790888859    1.0188501692112234e-06    1.246377984767405e-06    1.0294406988870464e-06    1.098222950955225e-06
1284.7790888559    1.0217481705069722e-06    1.2632352810482375e-06    1.0317070487597987e-06    1.1055635001050029e-06
1284.8790888259    1.0316927651238173e-06    1.2887995060435722e-06    1.040861468244001e-06    1.1204512464704636e-06
1284.9790887959    1.0471881691548119e-06    1.3218564702175158e-06    1.0553775031032052e-06    1.1414740474918445e-06
1285.0790887659    1.05510636764163e-06    1.3496345868682944e-06    1.0620725762154702e-06    1.155604510241798e-06
1285.1790887359    1.0621174621578016e-06    1.3792181801703334e-06    1.0675537095237862e-06    1.1696297839506402e-06
1285.2790887059    1.0752279900089262e-06    1.418132802869863e-06    1.0787430620283852e-06    1.1907012849690583e-06
1285.3790886759    1.09223641775795e-06    1.4648625985379606e-06    1.093324839190793e-06    1.2168079518289014e-06
1285.4790886459    1.1153202510062613e-06    1.5224486283953304e-06    1.1133342581826971e-06    1.2503677125280964e-06
1285.5790886159    1.1316879520641452e-06    1.5791862416543978e-06    1.1257812352872692e-06    1.2788851430019375e-06
1285.6790885859    1.160059503532921e-06    1.655253426866694e-06    1.1491017119081226e-06    1.3214715474359128e-06
1285.7790885559    1.1903368947838596e-06    1.7424627209173711e-06    1.172818008580267e-06    1.3685392080938324e-06
1285.8790885259    1.2188537016061124e-06    1.8397587758036314e-06    1.1927001639627183e-06    1.4171042137908208e-06
1285.9790884959    1.2639592923430467e-06    1.9690698171169283e-06    1.226265683303981e-06    1.4864315975879853e-06
1286.0790884659    1.3225333669823845e-06    2.1323671005362894e-06    1.269159693105227e-06    1.5746867202079665e-06
1286.1790884359    1.3916488345586234e-06    2.334125257196518e-06    1.316573262352929e-06    1.6807824513693568e-06
1286.2790884059    1.4732417361242073e-06    2.587423787023613e-06    1.3674156472239571e-06    1.8093603901239259e-06
1286.3790883759    1.5948855821273844e-06    2.9371226678723596e-06    1.4442390398052231e-06    1.9920824299349893e-06
1286.4790883459    1.7562178802169392e-06    3.4111509343206233e-06    1.5379282127382146e-06    2.2350990090919256e-06
1286.5790883159    1.9732719019305634e-06    4.074364906180075e-06    1.6485532353873779e-06    2.5653966811660055e-06
1286.6790882859    2.302758380314809e-06    5.073385339162749e-06    1.8016666319576855e-06    3.0592701171450806e-06
1286.7790882559    2.8393909815966586e-06    6.681662568384788e-06    2.026497590298871e-06    3.8491837134267725e-06
1286.8790882259    3.772047390622765e-06    9.46602852004658e-06    2.3674131564683794e-06    5.201829689045909e-06
1286.9790881959    5.440045033314679e-06    1.4496679069637669e-05    2.882147584026674e-06    7.6062905623263395e-06
1287.0790881659    8.11621210517146e-06    2.2573791177117014e-05    3.6987548184425445e-06    1.1462919366910338e-05
1287.1790881359    1.0790981761392033e-05    3.060819082184781e-05    4.887825773934214e-06    1.542899945239135e-05
1287.2790881059    1.213477256060742e-05    3.4522328599042845e-05    6.458102851828149e-06    1.7705068003826136e-05
1287.3790880759    1.3927016539064398e-05    3.962980802917246e-05    8.970880263670926e-06    2.0842568277302593e-05
1287.4790880459    1.4737451163344371e-05    4.2563859342239856e-05    1.3604356178172275e-05    2.3635222227918833e-05
1287.5790880159    1.1650810407542794e-05    3.5791246033350875e-05    1.9280909907811527e-05    2.224098878290173e-05
1287.6790879859    7.87852030033063e-06    2.583384818338554e-05    2.041848074704494e-05    1.80436164102537e-05
1287.7790879559    5.305694608051834e-06    1.7028946129335824e-05    1.4976984756851296e-05    1.2437208498079651e-05
1287.8790879259    3.7726179785366694e-06    1.1013035194173958e-05    9.174194324688938e-06    7.986615832466523e-06
1287.9790878959    2.9131788321920522e-06    7.634270370520326e-06    5.8900857719901086e-06    5.4791783249008286e-06
1288.0790878659    2.4110924295209478e-06    5.718769346404255e-06    4.1851708419535505e-06    4.105010872626251e-06
1288.1790878359    2.1087749773759532e-06    4.562723713556242e-06    3.250913254173926e-06    3.307470648368707e-06
1288.2790878059    1.910200602623903e-06    3.8111551781037034e-06    2.693085911271755e-06    2.8048138973331204e-06
1288.3790877759    1.7685595176154729e-06    3.2908726562969956e-06    2.332691660788052e-06    2.464041278233507e-06
1288.4790877459    1.669924662408002e-06    2.921504915619349e-06    2.0931515469685876e-06    2.2281937083319795e-06
1288.5790877159    1.6006782178131953e-06    2.651871910904673e-06    1.9288892401089625e-06    2.0604797896089437e-06
1288.6790876859    1.5545842125241656e-06    2.4532146545177744e-06    1.8163131322449338e-06    1.941370666428958e-06
1288.7790876559    1.5212564295909084e-06    2.3010256469203328e-06    1.7350021413622529e-06    1.8524280726244981e-06
1288.8790876259    1.4883765437853287e-06    2.173761711012041e-06    1.6665495763685365e-06    1.7762292770553018e-06
1288.9790875959    1.4729930187558835e-06    2.082144859575689e-06    1.6241736696304715e-06    1.7264371826540148e-06
1289.0790875659    1.4660443721620885e-06    2.0127564232126544e-06    1.5963708890107108e-06    1.6917238947951512e-06
1289.1790875359    1.459124567750911e-06    1.9540986906635086e-06    1.57309226628396e-06    1.6621051748994597e-06
1289.2790875059    1.4607084070563852e-06    1.912320015195175e-06    1.5616438711653768e-06    1.6448907644723122e-06
1289.3790874759    1.457462823688218e-06    1.8723850086142193e-06    1.5478740885650123e-06    1.6259073069558168e-06
1289.4790874459    1.4498469692223126e-06    1.833483774184576e-06    1.5316737735079533e-06    1.6050015056382808e-06
1289.5790874159    1.453707990497371e-06    1.8104670998923418e-06    1.5284722475845816e-06    1.5975491126580982e-06
1289.6790873859    1.4645598851283206e-06    1.7980594815393777e-06    1.5334444490269856e-06    1.5986879385648947e-06
1289.7790873559    1.4810853653926595e-06    1.7943394814061378e-06    1.545048475597619e-06    1.6068244407988056e-06
1289.8790873259    1.4972161865144352e-06    1.7927445188816994e-06    1.557041289089172e-06    1.6156673314951022e-06
1289.9790872959    1.51212896103163e-06    1.7920714614993112e-06    1.5684481667026184e-06    1.6242161964111864e-06
1290.0790872659    1.5260854270881734e-06    1.792269447571373e-06    1.579415216551488e-06    1.632590030403678e-06
1290.1790872359    1.5339033403385687e-06    1.787870927407276e-06    1.5846853853998782e-06    1.6354865510485745e-06
1290.2790872059    1.5506562131496016e-06    1.7937644966600217e-06    1.5992422524090121e-06    1.6478876540728785e-06
1290.3790871759    1.574062044934507e-06    1.8074661019720027e-06    1.6207610684829962e-06    1.6674297384631684e-06
1290.4790871459    1.6007141478143707e-06    1.8254186370459245e-06    1.6457832985931708e-06    1.6906386944844884e-06
1290.5790871159    1.6194240987129483e-06    1.8362973117909494e-06    1.663078149556932e-06    1.7062665200202765e-06
1290.6790870859    1.6373734124136533e-06    1.8471754262896968e-06    1.6797942830077865e-06    1.7214477072370454e-06
1290.7790870559    1.6593374787014618e-06    1.8627634533153324e-06    1.7006878874648708e-06    1.7409296064938886e-06
1290.8790870259    1.6760520736439316e-06    1.8736869208874622e-06    1.716500435556392e-06    1.7554131433625952e-06
1290.9790869959    1.7068106459654984e-06    1.8991861732217573e-06    1.7464836530608488e-06    1.7841601574160344e-06
1291.0790869659    1.7407280910593491e-06    1.9283155792214594e-06    1.779721531692597e-06    1.816255067324468e-06
1291.1790869359    1.7612752804342004e-06    1.9444732276997006e-06    1.799680740940673e-06    1.8351430830248578e-06
1291.2790869059    1.7865255236856722e-06    1.965727683982433e-06    1.8244193863615317e-06    1.8588908646765458e-06
1291.3790868759    1.8184543819328415e-06    1.994002730922893e-06    1.8559114339831977e-06    1.8894561822796439e-06
1291.4790868459    1.8515804620097325e-06    2.0237645545630994e-06    1.8886654116039311e-06    1.9213368093922548e-06
1291.5790868159    1.8752615306943649e-06    2.0443349247235433e-06    1.9120472417467928e-06    1.9438812323882336e-06
1291.6790867859    1.9034513545963673e-06    2.069645057142527e-06    1.9399778802871584e-06    1.971024764008684e-06
1291.7790867559    1.9463773874266017e-06    2.109912434788241e-06    1.9826897815183915e-06    2.012993201244411e-06
1291.8790867259    1.9869986599580668e-06    2.1480545430426098e-06    2.023150976700415e-06    2.0527347265670304e-06
1291.9790866959    2.0240794159898027e-06    2.1828265682120732e-06    2.060101030538726e-06    2.0890023382468674e-06
1292.0790866659    2.057786786768134e-06    2.214368435785373e-06    2.0937182484253296e-06    2.1219578236596123e-06
1292.1790866359    2.09520499655625e-06    2.2497472650958385e-06    2.1310611823049008e-06    2.158671147985663e-06
1292.2790866059    2.1369476143030997e-06    2.289561530932016e-06    2.1727637983970263e-06    2.1997576478773803e-06
1292.3790865759    2.178966607722933e-06    2.329738481911807e-06    2.2147856766366152e-06    2.2411635887571186e-06
1292.4790865459    2.22136265085901e-06    2.3703763615294027e-06    2.257194687509582e-06    2.282977899965998e-06
1292.5790865159    2.26486197153796e-06    2.4121766803791066e-06    2.3007132613846516e-06    2.3259173044339063e-06
1292.6790864859    2.3124992481526067e-06    2.458188193797151e-06    2.348373669760093e-06    2.3730203705699502e-06
1292.7790864559    2.361745975204098e-06    2.505842474050366e-06    2.397678349595468e-06    2.421755599616644e-06
1292.8790864259    2.4092956742822912e-06    2.5517991445830748e-06    2.445309564276371e-06    2.4688014610472455e-06
1292.9790863959    2.4628637235632684e-06    2.6037930721623138e-06    2.498950886714786e-06    2.521869227480123e-06
1293.0790863659    2.513752620290045e-06    2.6531281419680976e-06    2.549918784427698e-06    2.572266515561947e-06
1293.1790863359    2.567821439062929e-06    2.7056308779663287e-06    2.6040709642723e-06    2.625841093767186e-06
1293.2790863059    2.6298826332427436e-06    2.766089027341741e-06    2.666220936412293e-06    2.6873975323322595e-06
1293.3790862759    2.687311136440739e-06    2.8218946473642083e-06    2.723721373851721e-06    2.744309052552223e-06
1293.4790862459    2.7483896821449225e-06    2.8812755192129416e-06    2.7848899126737275e-06    2.804851704677197e-06
1293.5790862159    2.816905748715513e-06    2.948008934583728e-06    2.8535014632348566e-06    2.8728053821780324e-06
1293.6790861859    2.880094704516724e-06    3.009347136883002e-06    2.916751133642477e-06    2.935397658347401e-06
1293.7790861559    2.947002407827846e-06    3.0743048470144354e-06    2.9837169415916104e-06    3.0016747321446307e-06
1293.8790861259    3.0231891376425283e-06    3.1484121058181525e-06    3.0599507252291764e-06    3.077183989563286e-06
1293.9790860959    3.0996017928538046e-06    3.222611066874653e-06    3.1363929323535227e-06    3.1528685973606597e-06
1294.0790860659    3.1793234817922788e-06    3.2999684432958264e-06    3.2161200719817837e-06    3.2318039990232963e-06
1294.1790860359    3.258858402877082e-06    3.3769559381025398e-06    3.29564646484059e-06    3.3104869352734045e-06
1294.2790860059    3.340117880588641e-06    3.4554686600653304e-06    3.3768558239544233e-06    3.3908141215361317e-06
1294.3790859759    3.4268319451832197e-06    3.539194339892528e-06    3.4634741578203596e-06    3.476500147632036e-06
1294.4790859459    3.521348916416271e-06    3.630482679986652e-06    3.5578677910883527e-06    3.5698997958304253e-06
1294.5790859159    3.6188025362542453e-06    3.724426918907812e-06    3.6551492810269186e-06    3.6661262453963256e-06
1294.6790858859    3.720642240701539e-06    3.822435065267113e-06    3.7567351461592784e-06    3.7666041507093106e-06
1294.7790858559    3.8278377387395685e-06    3.925426661522182e-06    3.863635565918767e-06    3.8722999887268395e-06
1294.8790858259    3.942268846032411e-06    4.035275758326338e-06    3.97768951703668e-06    3.985078040465143e-06
1294.9790857959    4.063265246452185e-06    4.151264754645982e-06    4.098233141919648e-06    4.104254381005939e-06
1295.0790857659    4.181408245516732e-06    4.263896922422904e-06    4.215818416630763e-06    4.220374528190133e-06
1295.1790857359    4.315954724923796e-06    4.392401875897057e-06    4.349679346031441e-06    4.352678648950765e-06
1295.2790857059    4.453356784930651e-06    4.523148719438843e-06    4.486290559635176e-06    4.487598688001556e-06
1295.3790856759    4.5866212569327e-06    4.649104170337706e-06    4.618584885511942e-06    4.618103437594116e-06
1295.4790856458999    4.735254158953128e-06    4.789670292369251e-06    4.7661068078072815e-06    4.763677086376554e-06
1295.5790856158999    4.894715164472981e-06    4.940260253907398e-06    4.924204708848095e-06    4.9197267090761575e-06
1295.6790855858999    5.064821426570387e-06    5.100513658979108e-06    5.092754422414468e-06    5.0860298359879886e-06
1295.7790855558999    5.240193608832047e-06    5.264997878403563e-06    5.266283978368071e-06    5.25715848853456e-06
1295.8790855258999    5.424189466302336e-06    5.436937483019589e-06    5.4481611601073575e-06    5.4364293698097596e-06
1295.9790854958999    5.626331024357299e-06    5.625780426192616e-06    5.6477913482561715e-06    5.633300932935362e-06
1296.0790854658999    5.843443180072314e-06    5.828111681888601e-06    5.8619913670334846e-06    5.8445154096648e-06
1296.1790854358999    6.0702094185854116e-06    6.038452800982874e-06    6.0853330469238315e-06    6.064665088830705e-06
1296.2790854058999    6.310540077895101e-06    6.2604251406208755e-06    6.321754653318078e-06    6.297573290611351e-06
1296.3790853758999    6.562456031486137e-06    6.492003213251262e-06    6.569034377000211e-06    6.541164540579205e-06
1296.4790853458999    6.8344537142107045e-06    6.741731405312551e-06    6.8351566487602575e-06    6.803780589427838e-06
1296.5790853158999    7.132797636581758e-06    7.015145775832021e-06    7.127175494955384e-06    7.091706302456387e-06
1296.6790852858999    7.459567951241328e-06    7.313446261513384e-06    7.447278848961119e-06    7.406764353905277e-06
1296.7790852558999    7.821961098509948e-06    7.64373989987629e-06    7.801919439594134e-06    7.75587347932679e-06
1296.8790852258999    8.209326248803767e-06    7.994291155647301e-06    8.176292201344346e-06    8.126636535265139e-06
1296.9790851958999    8.645198827037814e-06    8.388869970125532e-06    8.59291934601046e-06    8.542329381057935e-06
1297.0790851658999    9.11027357238163e-06    8.807948044278434e-06    9.038923292094921e-06    8.985714969584995e-06
1297.1790851358999    9.607088662569245e-06    9.254567794015486e-06    9.514902648317081e-06    9.458853034967272e-06
1297.2790851058999    1.0184291902972213e-05    9.766746621371171e-06    1.0073279116822914e-05    1.0008105880388766e-05
1297.3790850758999    1.0851135758199475e-05    1.0353821041194099e-05    1.0721826906028994e-05    1.0642261235140857e-05
1297.4790850458999    1.1559301854510065e-05    1.0997719948486463e-05    1.1383972451829363e-05    1.131366475160863e-05
1297.5790850158999    1.2346511030286972e-05    1.1713322553479045e-05    1.2097756688775611e-05    1.2052530090847212e-05
1297.6790849858999    1.3273876108947219e-05    1.252108962278223e-05    1.2931033611305273e-05    1.290866644767824e-05
1297.7790849558999    1.440873351175839e-05    1.3514827243573625e-05    1.3932642115901569e-05    1.3952067623744528e-05
1297.8790849258999    1.5871616896958532e-05    1.4827712912337673e-05    1.5193623861489283e-05    1.5297651223595167e-05
1297.9790848958999    1.7755539273145777e-05    1.6487422935348523e-05    1.678311193458873e-05    1.700869138102768e-05
1298.0790848658999    2.0067259156314094e-05    1.8458020811145886e-05    1.86527661431957e-05    1.9059348703551892e-05
1298.1790848358999    2.317925427839604e-05    2.1147126923099586e-05    2.106377749856026e-05    2.1796719566685295e-05
1298.2790848058999    2.7738658118371385e-05    2.510553584421942e-05    2.4506729872368993e-05    2.5783641278319933e-05
1298.3790847758999    3.379785345948776e-05    3.0369371761869986e-05    2.9117059502386534e-05    3.1094761574581424e-05
1298.4790847458999    4.097591361079619e-05    3.6726798489568736e-05    3.4778050894198515e-05    3.749358766485448e-05
1298.5790847158999    4.901698635750681e-05    4.400336497418396e-05    4.170259910256214e-05    4.490765014475097e-05
1298.6790846858999    5.8097794579713654e-05    5.2669404529335214e-05    5.048317713672409e-05    5.3750125415257646e-05
1298.7790846558999    6.817925148775114e-05    6.251067503360915e-05    6.103947110038086e-05    6.390979920724704e-05
1298.8790846258998    7.947092328236079e-05    7.242723649392173e-05    7.333673826614057e-05    7.507829934747435e-05
1298.9790845958998    9.204812684596733e-05    8.164323726933236e-05    8.709044067174537e-05    8.692726826234835e-05
1299.0790845658998    0.00010559656392813858    9.033442124652409e-05    0.00010169965826575467    9.921021448013913e-05
1299.1790845358998    0.00012018740139395252    9.930631147319572e-05    0.00011718522628643086    0.00011222631305119302
1299.2790845058998    0.00013546072082318156    0.00010866313947150181    0.00013309390842340037    0.00012573925623936126
1299.3790844758998    0.00015115224311320661    0.00011839021542612699    0.00014923702155927762    0.00013959316003287042
1299.4790844458998    0.00016706486060584912    0.00012849687366600906    0.00016547548408902768    0.00015367907278696197
1299.5790844158998    0.0001829102647250525    0.00013873919366035663    0.00018156299111874753    0.00016773748316805225
1299.6790843858998    0.00019867530588466964    0.00014916568443532538    0.00019750506998041917    0.00018178202010013807
1299.7790843558998    0.00021450429150668272    0.00015992462005744425    0.00021343777601694682    0.0001959555625270246
1299.8790843258998    0.0002304120711433016    0.00017099800784217825    0.00022943468760707524    0.00021028158886418502
1299.9790842958998    0.00024646416812804686    0.00018241828219331448    0.00024549278124658445    0.00022479174385598192
1300.0790842658998    0.0002627217486430768    0.00019416667116416923    0.00026167163217585295    0.00023952001732769962
1300.1790842358998    0.00027924830296844916    0.0002062074337876035    0.0002780120355185206    0.00025448925742485774
1300.2790842058998    0.000296105436297329    0.00021858722868933202    0.000294553045967972    0.00026974857031821105
1300.3790841758998    0.00031336760458933546    0.0002313586227125456    0.0003113537583082611    0.00028535999520338075
1300.4790841458998    0.0003311131718970598    0.0002445936323508796    0.0003284937982987269    0.00030140020084888874
1300.5790841158998    0.0003493904097608341    0.0002583571866488901    0.00034602911817318123    0.0003179255715276351
1300.6790840858998    0.0003682305064227687    0.00027271798790729477    0.00036400623172823913    0.00033498490868610084
1300.7790840558998    0.00038765257765994206    0.0002877556692317442    0.0003824688629206849    0.00035262570327079036
1300.8790840258998    0.00040765460609584725    0.00030355073484814634    0.0004014472918232894    0.0003708842109224277
1300.9790839958998    0.00042822871215056173    0.0003201998821137655    0.00042097540078300946    0.00038980133168244556
1301.0790839658998    0.00044934788996200725    0.00033780473721759235    0.0004410753907382428    0.00040940933930594734
1301.1790839358998    0.0004709690582171062    0.0003564715258865425    0.0004617608622916727    0.0004297338154651071
1301.2790839058998    0.0004930364008353874    0.0003763166712258687    0.0004830383149573498    0.00045079712900620206
1301.3790838758998    0.0005154876145580528    0.0003974697048236947    0.0005049146435321934    0.0004726239876379803
1301.4790838458998    0.0005382455253672133    0.0004200681559145252    0.0005273849895688557    0.0004952328902835314
1301.5790838158998    0.0005612208399466103    0.00044425384439949746    0.000550435711812476    0.000518636798719528
1301.6790837858998    0.0005843294231046048    0.0004701922420038167    0.000574058639834031    0.0005428601016474842
1301.7790837558998    0.0006074774810959848    0.0004980563595253607    0.0005982345913776931    0.0005679228106663462
1301.8790837258998    0.0006305724128670408    0.000528037554801334    0.0006229413226073871    0.0005938504300919207
1301.9790836958998    0.000653527487031889    0.0005603461214086532    0.0006481550426027194    0.0006206762170144204
1302.0790836658998    0.0006762735721553631    0.0005952269622038519    0.0006738579718218028    0.0006484528353936726
1302.1790836358998    0.0006987529573339804    0.000632948620227913    0.0007000278321815731    0.0006772431365811556
1302.2790836058998    0.0007209428255276225    0.0006738323675504471    0.0007266515649248151    0.0007071422526676283
1302.3790835758998    0.0007428501804195791    0.0007182417662713435    0.0007537128623573358    0.0007382682696827528
1302.4790835458998    0.0007645439614894723    0.0007666175860447964    0.0007812047004113318    0.0007707887493152002
1302.5790835158998    0.0007861615977278727    0.000819480848825473    0.0008091102564730929    0.0008049175676754795
1302.6790834858998    0.0008079339706414063    0.0008774596565131431    0.0008374035288999079    0.0008409323853514856
1302.7790834558998    0.0008302186731039158    0.0009412805746835819    0.0008660200068407057    0.0008791730848760678
1302.8790834258998    0.0008535132696194102    0.0010117054241861022    0.0008948173722358417    0.0009200120220137847
1302.9790833958998    0.000878440761112095    0.0010893304386212354    0.000923515977860328    0.0009637623925312194
1303.0790833658998    0.0009056042147684587    0.001174065674789317    0.0009516045134143335    0.0010104248009907032
1303.1790833358998    0.0009351859675513033    0.0012641439833976662    0.000978221949756301    0.0010591839669017568
1303.2790833058998    0.0009661763480371294    0.0013548082554446245    0.0010020170805129947    0.0011076672279982495
1303.3790832758998    0.000995479945230714    0.0014377236342281317    0.0010210831522472544    0.0011514289105687
1303.4790832458998    0.0010179530407537034    0.0015029493116677103    0.0010333089230200425    0.0011847370918138186
1303.5790832158998    0.001028269930637615    0.0015431202066681275    0.0010372612402836459    0.001202883792529796
1303.6790831858998    0.0010234843184189425    0.0015553731176088006    0.0010328651025363945    0.0012039075128547126
1303.7790831558998    0.0010040219152162085    0.0015387123080143692    0.0010209875294129157    0.0011879072508811643
1303.8790831258998    0.0009732828996180473    0.0014922466301156923    0.0010028712441269994    0.001156133591286913
1303.9790830958998    0.0009372427249755465    0.0014187846092727416    0.0009808878037107607    0.0011123050459863498
1304.0790830658998    0.0009032108417064476    0.0013283584218202384    0.0009594005637151014    0.001063656609080596
1304.1790830358998    0.0008771386229016989    0.0012351335589150594    0.0009429982210736429    0.001018423467630134
1304.2790830058998    0.0008613746356032397    0.0011510875106156347    0.0009327104560750998    0.0009817242007646582
1304.3790829758998    0.0008539404203309551    0.0010818739079831445    0.0009249096904806548    0.0009535746729315847
1304.4790829458998    0.0008491679018452976    0.0010259113962935568    0.0009141547260972158    0.0009297446747453566
1304.5790829158998    0.0008389883170608735    0.0009761173797468485    0.0008948073636082773    0.0009033043534719997
1304.6790828858998    0.0008132281162775468    0.0009223026620214543    0.0008592069069185392    0.0008649125617391803
1304.7790828558998    0.0007610012485142812    0.0008534005224014211    0.0007988752052202262    0.0008044256587119762
1304.8790828258998    0.0006792519553282737    0.0007625687756737393    0.0007163645390921539    0.0007193950900313889
1304.9790827958998    0.0005679914131801395    0.0006444625190715813    0.0006130425808225653    0.0006084988376914288
1305.0790827658998    0.00043911558266461915    0.0005058089908627777    0.00048657639011000714    0.00047716698787913457
1305.1790827358998    0.00031252198576054157    0.00036389215374670205    0.000348935465449204    0.00034178320165214926
1305.2790827058998    0.000212138089042991    0.00024877282990977195    0.00023502919206756461    0.00023198003700677583
1305.3790826758998    0.0001502806487205496    0.00017735213530242034    0.0001647070487622917    0.0001641132775950872
1305.4790826458998    0.00011366942815604766    0.00013489827684010056    0.00012349400568327734    0.0001240205702264752
1305.5790826158998    9.04566129975394e-05    0.00010784594591252495    9.763239959698865e-05    9.864498616901766e-05
1305.6790825858998    7.46364686624373e-05    8.930537285143478e-05    8.015720350665133e-05    8.136634834017449e-05
1305.7790825558998    6.322535507511554e-05    7.585555867968339e-05    6.763761356258156e-05    6.890617577246017e-05
1305.8790825258998    5.4631934480044526e-05    6.567157769966553e-05    5.82603474503013e-05    5.9521286543337115e-05
1305.9790824958998    4.794187240114242e-05    5.770349119521672e-05    5.099204597844467e-05    5.221246985826795e-05
1306.0790824658998    4.259544631637562e-05    5.1307064834969115e-05    4.520456956631607e-05    4.636902690588694e-05
1306.1790824358998    3.823172378590823e-05    4.606559042112835e-05    4.049529085786415e-05    4.159753502163357e-05
1306.2790824058998    3.4607815321061407e-05    4.169764141850213e-05    3.6594642576661086e-05    3.763336643874154e-05
1306.3790823758998    3.1554387456218906e-05    3.800625860187835e-05    3.331551323377589e-05    3.4292053097291046e-05
1306.4790823458998    2.8949835764900605e-05    3.484943179016921e-05    3.05240383852303e-05    3.144110198010004e-05
1306.5790823158998    2.67046073022893e-05    3.21221593907846e-05    2.8121960742718644e-05    2.8982909145264183e-05
1306.6790822858998    2.4751313850295746e-05    2.9745114703451646e-05    2.6035556049582857e-05    2.684399486777675e-05
1306.7790822558998    2.303828850324655e-05    2.7657243498875563e-05    2.420844463832179e-05    2.49679922134813e-05
1306.8790822258998    2.1525264547581156e-05    2.5810787446939897e-05    2.2596787788832983e-05    2.3310946594451348e-05
1306.9790821958998    2.0180404109107393e-05    2.416785278171743e-05    2.1165995050299906e-05    2.183808398037491e-05
1307.0790821658998    1.8978209278348327e-05    2.2697991131806306e-05    1.9888416068582155e-05    2.0521538826245597e-05
1307.1790821358998    1.7898024497512048e-05    2.1376459950999186e-05    1.8741689999783376e-05    1.93387248160982e-05
1307.2790821058998    1.692294383266237e-05    2.0182949408912863e-05    1.770754397856834e-05    1.827114574004786e-05
1307.3790820758998    1.603900098186915e-05    1.9100635818686587e-05    1.6770904369803238e-05    1.7303513723452995e-05
1307.4790820458998    1.5234560236009661e-05    1.8115467753146443e-05    1.5919229811404937e-05    1.642308593352035e-05
1307.5790820158998    1.4499852565436427e-05    1.721562064657586e-05    1.5142004102679188e-05    1.561915910489716e-05
1307.6790819858998    1.3826618055447886e-05    1.6391075196340738e-05    1.4430345985400768e-05    1.4882679745729795e-05
1307.7790819558998    1.320782730893435e-05    1.563328793754364e-05    1.3776705576783708e-05    1.4205940274420567e-05
1307.8790819258998    1.2637462211758708e-05    1.4934931297445297e-05    1.3174625827161128e-05    1.3582339778788379e-05
1307.9790818958998    1.2110341822781029e-05    1.4289686598596564e-05    1.2618553329893583e-05    1.3006193917090394e-05
1308.0790818658998    1.1621982922932694e-05    1.3692077847203691e-05    1.2103686983285526e-05    1.247258258447397e-05
1308.1790818358998    1.1168487443884884e-05    1.3137337224685911e-05    1.1625855968532985e-05    1.1977226879034593e-05
1308.2790818058998    1.074645092686012e-05    1.2621295451676486e-05    1.1181420633116856e-05    1.1516389003884488e-05
1308.3790817758997    1.0352887576008449e-05    1.2140291822665312e-05    1.0767191427657568e-05    1.1086790275443776e-05
1308.4790817458997    9.985168502441231e-06    1.1691099916817833e-05    1.0380362177435287e-05    1.068554353223145e-05
1308.5790817158997    9.64097053454314e-06    1.1270865894135279e-05    1.0018454823420794e-05    1.031009708403307e-05
1308.6790816858997    9.318233549560599e-06    1.0877056961713313e-05    9.67927340388294e-06    9.95818797171895e-06
1308.7790816558997    9.015124718544358e-06    1.0507418110479996e-05    9.360865523102076e-06    9.627802784042143e-06
1308.8790816258997    8.730008394714902e-06    1.0159935618113787e-05    9.061489932568333e-06    9.317144648465674e-06
1308.9790815958997    8.461420637423487e-06    9.832806118774912e-06    8.779589121592984e-06    9.024605292597127e-06
1309.0790815658997    8.208047561812424e-06    9.524410276400343e-06    8.513766041417382e-06    8.748741293210048e-06
1309.1790815358997    7.968706860789232e-06    9.23329028383501e-06    8.2627642560903e-06    8.488253800238181e-06
1309.2790815058997    7.742331974354137e-06    8.95813055683487e-06    8.025450948062942e-06    8.241971159750648e-06
1309.3790814758997    7.527958473197807e-06    8.697741109279299e-06    7.800802310158175e-06    8.00883396421176e-06
1309.4790814458997    7.3247123066077714e-06    8.451043185002242e-06    7.587890946155374e-06    7.787882145921796e-06
1309.5790814158997    7.1317996234480026e-06    8.217056799939843e-06    7.385874964907841e-06    7.578243796098561e-06
1309.6790813858997    6.94849792767195e-06    7.994889905051184e-06    7.1939885103484474e-06    7.379125447690527e-06
1309.7790813558997    6.7741483692292364e-06    7.783728931532774e-06    7.011533510553754e-06    7.18980360377192e-06
1309.8790813258997    6.6295567228362455e-06    7.607190214679622e-06    6.859085309015322e-06    7.031944082177063e-06
1309.9790812958997    6.4984024111558065e-06    7.4465238655203495e-06    6.7190137282918395e-06    6.887980001656e-06
1310.0790812658997    6.417220232079251e-06    7.342582393591304e-06    6.619526424773088e-06    6.793109683481215e-06
