1.274779091855900106e+03 1.378333004100000069e-05 1.378809064483333527e-05 1.378173545133333507e-05 1.378438537905555701e-05
1.274879091825900105e+03 1.107315814488270989e-05 1.107794999087333811e-05 1.107155361171902803e-05 1.107422058249169088e-05
1.274979091795900104e+03 3.608101819339910079e-05 3.609412506999885590e-05 3.607179041249997169e-05 3.608231122529930720e-05
1.275079091765900102e+03 2.896020566638453787e-05 2.897306986403907236e-05 2.895113253999806154e-05 2.896146935680722054e-05
1.275179091735900101e+03 6.327125680358462072e-05 6.331055120052219830e-05 6.327849898178229790e-05 6.328676899529637231e-05
1.275279091705900100e+03 5.094436341391606510e-05 5.098331398354112175e-05 5.095154012338770725e-05 5.095973917361496696e-05
1.275379091675900099e+03 4.114750984830207022e-05 4.118625400253328228e-05 4.115463260148540897e-05 4.116279881744024479e-05
1.275479091645900098e+03 3.372062646435496926e-05 3.375929674459573321e-05 3.372771859952811239e-05 3.373588060282626936e-05
1.275579091615900097e+03 2.814810024828899151e-05 2.818680241554493275e-05 2.815518388691951992e-05 2.816336218358447913e-05
1.275679091585900096e+03 2.391634480535177431e-05 2.395515867189003289e-05 2.392343607393270549e-05 2.393164651705816638e-05
1.275779091555900095e+03 2.064637026530246301e-05 2.068535545145795985e-05 2.065348063019306840e-05 2.066173544898449596e-05
1.275879091525900094e+03 1.807450475448803710e-05 1.811370358542798085e-05 1.808164292110905631e-05 1.808995042034169029e-05
1.275979091495900093e+03 1.599750733475664973e-05 1.603695229031584110e-05 1.600467864198134376e-05 1.601304608901794486e-05
1.276079091465900092e+03 1.428715241995251953e-05 1.432686989844746449e-05 1.429436151914073850e-05 1.430279461251357474e-05
1.276179091435900091e+03 1.287377917126620914e-05 1.291379001835151013e-05 1.288102975351192282e-05 1.288953298104321403e-05
1.276279091405900090e+03 1.167404678040541816e-05 1.171436825598996696e-05 1.168134126475902119e-05 1.168991876705146708e-05
1.276379091375900089e+03 1.064650458182503555e-05 1.068715489519821619e-05 1.065384492279713050e-05 1.066250146660679408e-05
1.276479091345900088e+03 9.762517274005337898e-06 9.803511658350043111e-06 9.769905660416143938e-06 9.778644864257172723e-06
1.276579091315900087e+03 8.992451318524737435e-06 9.033801153554267088e-06 8.999889332447409430e-06 9.008713934842138549e-06
1.276679091285900085e+03 8.326915511608299142e-06 8.368633155318771431e-06 8.334403941252217600e-06 8.343317536059764418e-06
1.276779091255900084e+03 7.734398717065048230e-06 7.776496493442477183e-06 7.741938443372759033e-06 7.750944551293427584e-06
1.276879091225900083e+03 7.200942163928125033e-06 7.243430350022543944e-06 7.208534769098495444e-06 7.217635761016387293e-06
1.276979091195900082e+03 6.731749063204827873e-06 6.774639351340430616e-06 6.739396282052759217e-06 6.748594898866004773e-06
1.277079091165900081e+03 6.307142522920834100e-06 6.350446631001953754e-06 6.314844875650155730e-06 6.324144676524314246e-06
1.277179091135900080e+03 5.923576347392468677e-06 5.967303469814090362e-06 5.931335417101695951e-06 5.940738411436084997e-06
1.277279091105900079e+03 5.573961061025100559e-06 5.618122707765850706e-06 5.581777210216275240e-06 5.591286993002408835e-06
1.277379091075900078e+03 5.248036604982318288e-06 5.292645221330244148e-06 5.255910216576694489e-06 5.265530680963085924e-06
1.277479091045900077e+03 4.955337755079125229e-06 5.000403407651596810e-06 4.963270616676385995e-06 4.973003926469035729e-06
1.277579091015900076e+03 4.685252115736530616e-06 4.730785200757669467e-06 4.693244246270372924e-06 4.703093854254857669e-06
1.277679090985900075e+03 4.435882819803642621e-06 4.481895329464675202e-06 4.443934958250588658e-06 4.453904369172969109e-06
1.277779090955900074e+03 4.215361432901391474e-06 4.261863982115092097e-06 4.223475182323798101e-06 4.233566865780094455e-06
1.277879090925900073e+03 4.001812142271450084e-06 4.048816947838204168e-06 4.009987994751653655e-06 4.020205694953769020e-06
1.277979090895900072e+03 3.796618820525220434e-06 3.844138957333305703e-06 3.804857744493685756e-06 3.815205174117404529e-06
1.278079090865900071e+03 3.614476358069693739e-06 3.662524250321828647e-06 3.622779827663700765e-06 3.633260145351740345e-06
1.278179090835900070e+03 3.440359530044519700e-06 3.488948321019200981e-06 3.448727975675997148e-06 3.459345275579905520e-06
1.278279090805900069e+03 3.270295819344092340e-06 3.319439415829458151e-06 3.278729902487123030e-06 3.289488379220224648e-06
1.278379090775900067e+03 3.106055047481260285e-06 3.155767159709772858e-06 3.114555706873237446e-06 3.125459304688090338e-06
1.278479090745900066e+03 2.955312597635639526e-06 3.005605853653928093e-06 2.963880889236114388e-06 2.974933113508560951e-06
1.278579090715900065e+03 2.803299999541476411e-06 2.854189146458891470e-06 2.811936562775181672e-06 2.823141902925182620e-06
1.278679090685900064e+03 2.651191345426673333e-06 2.702691845474119849e-06 2.659895945850232346e-06 2.671259712250341560e-06
1.278779090655900063e+03 2.510958753966346388e-06 2.563087153584038064e-06 2.519732910123704866e-06 2.531259605891362965e-06
1.278879090625900062e+03 2.366353286350061848e-06 2.419128026450015552e-06 2.375198714179721261e-06 2.386893342326599554e-06
1.278979090595900061e+03 2.200717836149841677e-06 2.254155613292655578e-06 2.209634996031876694e-06 2.221502815158124932e-06
1.279079090565900060e+03 2.008795581350509962e-06 2.062913455275993801e-06 2.017785407518934821e-06 2.029831481381813003e-06
1.279179090535900059e+03 1.797672264325969761e-06 1.852489824608270013e-06 1.806736100657195796e-06 1.818966063197145119e-06
1.279279090505900058e+03 1.540023617673557304e-06 1.595560682837556039e-06 1.549162064958656596e-06 1.561582121823256788e-06
1.279379090475900057e+03 1.190022685654130786e-06 1.246298845935498314e-06 1.199236062309523037e-06 1.211852531299717379e-06
1.279479090445900056e+03 6.622303588736442836e-07 7.192657190143598453e-07 6.715198348587149085e-07 6.843386375822397850e-07
1.279579090415900055e+03 -2.136999445333725141e-07 -1.558817791440372759e-07 -2.043333381765686129e-07 -1.913050206179932245e-07
1.279679090385900054e+03 -1.782694633632781265e-06 -1.724069687153839376e-06 -1.773249695955732664e-06 -1.760004672247451667e-06
1.279779090355900053e+03 -4.266405382764970459e-06 -4.206950737030472898e-06 -4.256881354339969988e-06 -4.243412491378469986e-06
1.279879090325900052e+03 -6.345187278014429684e-06 -6.284877164072444527e-06 -6.335582892981122650e-06 -6.321882445022665056e-06
1.279979090295900050e+03 -7.683163751173574719e-06 -7.621970109132062524e-06 -7.673477455047072532e-06 -7.659537105117569361e-06
1.280079090265900049e+03 -8.564143795055836867e-06 -8.502039441510991584e-06 -8.554376525844689281e-06 -8.540186587470505346e-06
1.280179090235900048e+03 -6.152514417725681140e-06 -6.089468935990130231e-06 -6.142664888704873050e-06 -6.128216080806895371e-06
1.280279090205900047e+03 -2.934161482093939382e-06 -2.870144003634528381e-06 -2.924227951855420855e-06 -2.909511145861295218e-06
1.280379090175900046e+03 -1.068425496868150921e-06 -1.003403774320576696e-06 -1.058407533814484234e-06 -1.043412268334404021e-06
1.280479090145900045e+03 -1.205619555178188620e-07 -5.449990226805319810e-08 -1.104576190761857992e-07 -9.517315895401967245e-08
1.280579090115900044e+03 3.917326512027396214e-07 4.588705228343996293e-07 4.019242629523072747e-07 4.175091456631487712e-07
1.280679090085900043e+03 6.874636510782126389e-07 7.557147240982121657e-07 6.977423600612089674e-07 7.136402450792111514e-07
1.280779090055900042e+03 8.615138021839145870e-07 9.309206646975774253e-07 8.718813341254913368e-07 8.881052670023279242e-07
1.280879090025900041e+03 9.699304686649932923e-07 1.040536624211185756e-06 9.803870932467382054e-07 9.969513953743056807e-07
1.280979089995900040e+03 1.043641723619222903e-06 1.115491335922145252e-06 1.054186519808568245e-06 1.071106526449978588e-06
1.281079089965900039e+03 1.095974185904638202e-06 1.169114771545581187e-06 1.106609478973884806e-06 1.123899478808034873e-06
1.281179089935900038e+03 1.122494296350610132e-06 1.196979932322329686e-06 1.133222996145534866e-06 1.150899074939491561e-06
1.281279089905900037e+03 1.133732235915420253e-06 1.209617985951522029e-06 1.144553697509834510e-06 1.162634639792258789e-06
1.281379089875900036e+03 1.137674280005918441e-06 1.215015049205493022e-06 1.148586554573006602e-06 1.167091961261472688e-06
1.281479089845900035e+03 1.143220795581433340e-06 1.222079167923063092e-06 1.154225844340586487e-06 1.173175269281694377e-06
1.281579089815900033e+03 1.150907648619983508e-06 1.231350476125734528e-06 1.162006946401252054e-06 1.181421690382323504e-06
1.281679089785900032e+03 1.144757765734489195e-06 1.226854286317421402e-06 1.155950309950988540e-06 1.175854120667632905e-06
1.281779089755900031e+03 1.137133600690886025e-06 1.220959692250193565e-06 1.148421025702757212e-06 1.168838106214612196e-06
1.281879089725900030e+03 1.131416847001466743e-06 1.217052152371992763e-06 1.142799019857842812e-06 1.163756006410434106e-06
1.281979089695900029e+03 1.119896847627894049e-06 1.207426428959554094e-06 1.131371478705757977e-06 1.152898251764402040e-06
1.282079089665900028e+03 1.114379824570597975e-06 1.203896951366484347e-06 1.125948462493717426e-06 1.148075079476933320e-06
1.282179089635900027e+03 1.104122407737958833e-06 1.195726377816343793e-06 1.115783528670611803e-06 1.138544104741638213e-06
1.282279089605900026e+03 1.090388304510021726e-06 1.184189103571771797e-06 1.102140482844306662e-06 1.125572630308699991e-06
1.282379089575900025e+03 1.087685660399665350e-06 1.183798796841540441e-06 1.099530095750008950e-06 1.123671517663738035e-06
1.282479089545900024e+03 1.079235945646265627e-06 1.177784475813037580e-06 1.091170067958263594e-06 1.116063496472522126e-06
1.282579089515900023e+03 1.069613938012307017e-06 1.170731623225595486e-06 1.081633304063044503e-06 1.107326288433648931e-06
1.282679089485900022e+03 1.066471007014443229e-06 1.170304023566500849e-06 1.078574546309838222e-06 1.105116525630260837e-06
1.282779089455900021e+03 1.060397822272080727e-06 1.167104200590500976e-06 1.072585086534115696e-06 1.100029036465565870e-06
1.282879089425900020e+03 1.054667839660883008e-06 1.164421101112230189e-06 1.066931709903634274e-06 1.095340216892249157e-06
1.282979089395900019e+03 1.045642075252025172e-06 1.158631754430261823e-06 1.057978920668002847e-06 1.087417583450096685e-06
1.283079089365900018e+03 1.038405554634814041e-06 1.154834987145323865e-06 1.050812667960427641e-06 1.081351069913522061e-06
1.283179089335900017e+03 1.027175460916435239e-06 1.147270666692489572e-06 1.039644492647969617e-06 1.071363540085631335e-06
1.283279089305900015e+03 1.020978329103534638e-06 1.144983964454196754e-06 1.033498089519136209e-06 1.066486794358955867e-06
1.283379089275900014e+03 1.025631997572966647e-06 1.153814214854169378e-06 1.038192782393970205e-06 1.072546331607035622e-06
1.283479089245900013e+03 1.020752526248577260e-06 1.153418419111845033e-06 1.033344573797699981e-06 1.069171839719374162e-06
1.283579089215900012e+03 1.015748465579978934e-06 1.153229677974710674e-06 1.028360554701802401e-06 1.065779566085497195e-06
1.283679089185900011e+03 1.016934156344603684e-06 1.159592376897746675e-06 1.029551129086015055e-06 1.068692554109455208e-06
1.283779089155900010e+03 1.013713500889427562e-06 1.161953929925383611e-06 1.026312305601908475e-06 1.067326578805573428e-06
1.283879089125900009e+03 1.006921214224803315e-06 1.161197382404986597e-06 1.019476191058803854e-06 1.062531595896198063e-06
1.283979089095900008e+03 1.003747625774143736e-06 1.164567481449394944e-06 1.016233198129369931e-06 1.061516101784302941e-06
1.284079089065900007e+03 1.008594310698380437e-06 1.176520504421566953e-06 1.020979332996075845e-06 1.068698049372007815e-06
1.284179089035900006e+03 1.008760010746409428e-06 1.184437690987474578e-06 1.021005319288290809e-06 1.071401007007391817e-06
1.284279089005900005e+03 1.003708807525552914e-06 1.187863224080080499e-06 1.015768539389521644e-06 1.069113523665051615e-06
1.284379088975900004e+03 1.009507784296266396e-06 1.202960913238658041e-06 1.021321336069481443e-06 1.077930011201468697e-06
1.284479088945900003e+03 1.010854843930255755e-06 1.214542234990265238e-06 1.022348226344157285e-06 1.082581768421559567e-06
1.284579088915900002e+03 1.012947291855553035e-06 1.227940537192768723e-06 1.024040595603016140e-06 1.088309474883779228e-06
1.284679088885900001e+03 1.018850169211223414e-06 1.246377984767405087e-06 1.029440698887046442e-06 1.098222950955225052e-06
1.284779088855900000e+03 1.021748170506972227e-06 1.263235281048237476e-06 1.031707048759798669e-06 1.105563500105002862e-06
1.284879088825899998e+03 1.031692765123817285e-06 1.288799506043572177e-06 1.040861468244001018e-06 1.120451246470463564e-06
1.284979088795899997e+03 1.047188169154811865e-06 1.321856470217515797e-06 1.055377503103205154e-06 1.141474047491844484e-06
1.285079088765899996e+03 1.055106367641629978e-06 1.349634586868294383e-06 1.062072576215470155e-06 1.155604510241798101e-06
1.285179088735899995e+03 1.062117462157801592e-06 1.379218180170333403e-06 1.067553709523786177e-06 1.169629783950640249e-06
1.285279088705899994e+03 1.075227990008926233e-06 1.418132802869863033e-06 1.078743062028385212e-06 1.190701284969058301e-06
1.285379088675899993e+03 1.092236417757950033e-06 1.464862598537960581e-06 1.093324839190793089e-06 1.216807951828901446e-06
1.285479088645899992e+03 1.115320251006261289e-06 1.522448628395330423e-06 1.113334258182697137e-06 1.250367712528096354e-06
1.285579088615899991e+03 1.131687952064145196e-06 1.579186241654397767e-06 1.125781235287269205e-06 1.278885143001937531e-06
1.285679088585899990e+03 1.160059503532921019e-06 1.655253426866693948e-06 1.149101711908122551e-06 1.321471547435912788e-06
1.285779088555899989e+03 1.190336894783859602e-06 1.742462720917371113e-06 1.172818008580267031e-06 1.368539208093832440e-06
1.285879088525899988e+03 1.218853701606112389e-06 1.839758775803631410e-06 1.192700163962718261e-06 1.417104213790820757e-06
1.285979088495899987e+03 1.263959292343046672e-06 1.969069817116928253e-06 1.226265683303981006e-06 1.486431597587985310e-06
1.286079088465899986e+03 1.322533366982384530e-06 2.132367100536289372e-06 1.269159693105226971e-06 1.574686720207966534e-06
1.286179088435899985e+03 1.391648834558623367e-06 2.334125257196517842e-06 1.316573262352929000e-06 1.680782451369356807e-06
1.286279088405899984e+03 1.473241736124207349e-06 2.587423787023613151e-06 1.367415647223957136e-06 1.809360390123925879e-06
1.286379088375899983e+03 1.594885582127384409e-06 2.937122667872359621e-06 1.444239039805223112e-06 1.992082429934989330e-06
1.286479088345899982e+03 1.756217880216939191e-06 3.411150934320623301e-06 1.537928212738214605e-06 2.235099009091925628e-06
1.286579088315899980e+03 1.973271901930563367e-06 4.074364906180074836e-06 1.648553235387377876e-06 2.565396681166005501e-06
1.286679088285899979e+03 2.302758380314809120e-06 5.073385339162748767e-06 1.801666631957685540e-06 3.059270117145080648e-06
1.286779088255899978e+03 2.839390981596658559e-06 6.681662568384788084e-06 2.026497590298870851e-06 3.849183713426772498e-06
1.286879088225899977e+03 3.772047390622765106e-06 9.466028520046579817e-06 2.367413156468379423e-06 5.201829689045908680e-06
1.286979088195899976e+03 5.440045033314679298e-06 1.449667906963766910e-05 2.882147584026674054e-06 7.606290562326339546e-06
1.287079088165899975e+03 8.116212105171459454e-06 2.257379117711701447e-05 3.698754818442544497e-06 1.146291936691033778e-05
1.287179088135899974e+03 1.079098176139203301e-05 3.060819082184780706e-05 4.887825773934214052e-06 1.542899945239135053e-05
1.287279088105899973e+03 1.213477256060742071e-05 3.452232859904284535e-05 6.458102851828148683e-06 1.770506800382613599e-05
1.287379088075899972e+03 1.392701653906439799e-05 3.962980802917245827e-05 8.970880263670925512e-06 2.084256827730259336e-05
1.287479088045899971e+03 1.473745116334437132e-05 4.256385934223985614e-05 1.360435617817227527e-05 2.363522222791883311e-05
1.287579088015899970e+03 1.165081040754279360e-05 3.579124603335087499e-05 1.928090990781152698e-05 2.224098878290173129e-05
1.287679087985899969e+03 7.878520300330629555e-06 2.583384818338554131e-05 2.041848074704493931e-05 1.804361641025370113e-05
1.287779087955899968e+03 5.305694608051833974e-06 1.702894612933582365e-05 1.497698475685129617e-05 1.243720849807965098e-05
1.287879087925899967e+03 3.772617978536669368e-06 1.101303519417395836e-05 9.174194324688937985e-06 7.986615832466523459e-06
1.287979087895899966e+03 2.913178832192052216e-06 7.634270370520326193e-06 5.890085771990108560e-06 5.479178324900828566e-06
1.288079087865899965e+03 2.411092429520947758e-06 5.718769346404254698e-06 4.185170841953550484e-06 4.105010872626251404e-06
1.288179087835899963e+03 2.108774977375953249e-06 4.562723713556241771e-06 3.250913254173926023e-06 3.307470648368707014e-06
1.288279087805899962e+03 1.910200602623903087e-06 3.811155178103703376e-06 2.693085911271755195e-06 2.804813897333120411e-06
1.288379087775899961e+03 1.768559517615472877e-06 3.290872656296995618e-06 2.332691660788051871e-06 2.464041278233507142e-06
1.288479087745899960e+03 1.669924662408001991e-06 2.921504915619348840e-06 2.093151546968587597e-06 2.228193708331979476e-06
1.288579087715899959e+03 1.600678217813195306e-06 2.651871910904673045e-06 1.928889240108962535e-06 2.060479789608943699e-06
1.288679087685899958e+03 1.554584212524165608e-06 2.453214654517774383e-06 1.816313132244933840e-06 1.941370666428958084e-06
1.288779087655899957e+03 1.521256429590908363e-06 2.301025646920332783e-06 1.735002141362252853e-06 1.852428072624498141e-06
1.288879087625899956e+03 1.488376543785328659e-06 2.173761711012040961e-06 1.666549576368536519e-06 1.776229277055301764e-06
1.288979087595899955e+03 1.472993018755883519e-06 2.082144859575689045e-06 1.624173669630471543e-06 1.726437182654014773e-06
1.289079087565899954e+03 1.466044372162088484e-06 2.012756423212654424e-06 1.596370889010710774e-06 1.691723894795151227e-06
1.289179087535899953e+03 1.459124567750911015e-06 1.954098690663508616e-06 1.573092266283960094e-06 1.662105174899459696e-06
1.289279087505899952e+03 1.460708407056385237e-06 1.912320015195175200e-06 1.561643871165376843e-06 1.644890764472312215e-06
1.289379087475899951e+03 1.457462823688218027e-06 1.872385008614219268e-06 1.547874088565012331e-06 1.625907306955816754e-06
1.289479087445899950e+03 1.449846969222312578e-06 1.833483774184576006e-06 1.531673773507953302e-06 1.605001505638280770e-06
1.289579087415899949e+03 1.453707990497371103e-06 1.810467099892341848e-06 1.528472247584581561e-06 1.597549112658098241e-06
1.289679087385899948e+03 1.464559885128320607e-06 1.798059481539377735e-06 1.533444449026985613e-06 1.598687938564894652e-06
1.289779087355899946e+03 1.481085365392659544e-06 1.794339481406137775e-06 1.545048475597619022e-06 1.606824440798805588e-06
1.289879087325899945e+03 1.497216186514435181e-06 1.792744518881699387e-06 1.557041289089172071e-06 1.615667331495102213e-06
1.289979087295899944e+03 1.512128961031629922e-06 1.792071461499311190e-06 1.568448166702618393e-06 1.624216196411186361e-06
1.290079087265899943e+03 1.526085427088173440e-06 1.792269447571373063e-06 1.579415216551487906e-06 1.632590030403677995e-06
1.290179087235899942e+03 1.533903340338568688e-06 1.787870927407276055e-06 1.584685385399878192e-06 1.635486551048574453e-06
1.290279087205899941e+03 1.550656213149601600e-06 1.793764496660021672e-06 1.599242252409012128e-06 1.647887654072878537e-06
1.290379087175899940e+03 1.574062044934506944e-06 1.807466101972002722e-06 1.620761068482996211e-06 1.667429738463168414e-06
1.290479087145899939e+03 1.600714147814370669e-06 1.825418637045924514e-06 1.645783298593170777e-06 1.690638694484488371e-06
1.290579087115899938e+03 1.619424098712948341e-06 1.836297311790949399e-06 1.663078149556932047e-06 1.706266520020276454e-06
1.290679087085899937e+03 1.637373412413653297e-06 1.847175426289696788e-06 1.679794283007786464e-06 1.721447707237045446e-06
1.290779087055899936e+03 1.659337478701461803e-06 1.862763453315332437e-06 1.700687887464870821e-06 1.740929606493888566e-06
1.290879087025899935e+03 1.676052073643931631e-06 1.873686920887462189e-06 1.716500435556392002e-06 1.755413143362595204e-06
1.290979086995899934e+03 1.706810645965498425e-06 1.899186173221757344e-06 1.746483653060848751e-06 1.784160157416034417e-06
1.291079086965899933e+03 1.740728091059349118e-06 1.928315579221459413e-06 1.779721531692596976e-06 1.816255067324468079e-06
1.291179086935899932e+03 1.761275280434200401e-06 1.944473227699700619e-06 1.799680740940672986e-06 1.835143083024857790e-06
1.291279086905899931e+03 1.786525523685672227e-06 1.965727683982433096e-06 1.824419386361531738e-06 1.858890864676545757e-06
1.291379086875899930e+03 1.818454381932841453e-06 1.994002730922893051e-06 1.855911433983197686e-06 1.889456182279643851e-06
1.291479086845899928e+03 1.851580462009732457e-06 2.023764554563099417e-06 1.888665411603931117e-06 1.921336809392254754e-06
1.291579086815899927e+03 1.875261530694364857e-06 2.044334924723543283e-06 1.912047241746792761e-06 1.943881232388233563e-06
1.291679086785899926e+03 1.903451354596367313e-06 2.069645057142527186e-06 1.939977880287158434e-06 1.971024764008684099e-06
1.291779086755899925e+03 1.946377387426601725e-06 2.109912434788241145e-06 1.982689781518391550e-06 2.012993201244411191e-06
1.291879086725899924e+03 1.986998659958066788e-06 2.148054543042609764e-06 2.023150976700414933e-06 2.052734726567030354e-06
1.291979086695899923e+03 2.024079415989802679e-06 2.182826568212073237e-06 2.060101030538726198e-06 2.089002338246867371e-06
1.292079086665899922e+03 2.057786786768134098e-06 2.214368435785373061e-06 2.093718248425329635e-06 2.121957823659612264e-06
1.292179086635899921e+03 2.095204996556250122e-06 2.249747265095838460e-06 2.131061182304900758e-06 2.158671147985662831e-06
1.292279086605899920e+03 2.136947614303099684e-06 2.289561530932015829e-06 2.172763798397026307e-06 2.199757647877380324e-06
1.292379086575899919e+03 2.178966607722933207e-06 2.329738481911806878e-06 2.214785676636615226e-06 2.241163588757118578e-06
1.292479086545899918e+03 2.221362650859009846e-06 2.370376361529402695e-06 2.257194687509581863e-06 2.282977899965997852e-06
1.292579086515899917e+03 2.264861971537959859e-06 2.412176680379106607e-06 2.300713261384651621e-06 2.325917304433906311e-06
1.292679086485899916e+03 2.312499248152606657e-06 2.458188193797151045e-06 2.348373669760092982e-06 2.373020370569950228e-06
1.292779086455899915e+03 2.361745975204097876e-06 2.505842474050366192e-06 2.397678349595468033e-06 2.421755599616644034e-06
1.292879086425899914e+03 2.409295674282291238e-06 2.551799144583074755e-06 2.445309564276370840e-06 2.468801461047245470e-06
1.292979086395899913e+03 2.462863723563268411e-06 2.603793072162313771e-06 2.498950886714786174e-06 2.521869227480123068e-06
1.293079086365899911e+03 2.513752620290044881e-06 2.653128141968097640e-06 2.549918784427698158e-06 2.572266515561947176e-06
1.293179086335899910e+03 2.567821439062929207e-06 2.705630877966328717e-06 2.604070964272299811e-06 2.625841093767185912e-06
1.293279086305899909e+03 2.629882633242743560e-06 2.766089027341741140e-06 2.666220936412292985e-06 2.687397532332259510e-06
1.293379086275899908e+03 2.687311136440739021e-06 2.821894647364208280e-06 2.723721373851721054e-06 2.744309052552223067e-06
1.293479086245899907e+03 2.748389682144922540e-06 2.881275519212941622e-06 2.784889912673727515e-06 2.804851704677197084e-06
1.293579086215899906e+03 2.816905748715513054e-06 2.948008934583728087e-06 2.853501463234856602e-06 2.872805382178032440e-06
1.293679086185899905e+03 2.880094704516724000e-06 3.009347136883001802e-06 2.916751133642476869e-06 2.935397658347400890e-06
1.293779086155899904e+03 2.947002407827845806e-06 3.074304847014435400e-06 2.983716941591610433e-06 3.001674732144630688e-06
1.293879086125899903e+03 3.023189137642528278e-06 3.148412105818152485e-06 3.059950725229176421e-06 3.077183989563286010e-06
1.293979086095899902e+03 3.099601792853804635e-06 3.222611066874652976e-06 3.136392932353522684e-06 3.152868597360659675e-06
1.294079086065899901e+03 3.179323481792278770e-06 3.299968443295826408e-06 3.216120071981783682e-06 3.231803999023296287e-06
1.294179086035899900e+03 3.258858402877082209e-06 3.376955938102539758e-06 3.295646464840589817e-06 3.310486935273404493e-06
1.294279086005899899e+03 3.340117880588640954e-06 3.455468660065330402e-06 3.376855823954423344e-06 3.390814121536131708e-06
1.294379085975899898e+03 3.426831945183219687e-06 3.539194339892528185e-06 3.463474157820359584e-06 3.476500147632035960e-06
1.294479085945899897e+03 3.521348916416271008e-06 3.630482679986652106e-06 3.557867791088352745e-06 3.569899795830425287e-06
1.294579085915899896e+03 3.618802536254245270e-06 3.724426918907812110e-06 3.655149281026918597e-06 3.666126245396325608e-06
1.294679085885899894e+03 3.720642240701538861e-06 3.822435065267113176e-06 3.756735146159278381e-06 3.766604150709310563e-06
1.294779085855899893e+03 3.827837738739568504e-06 3.925426661522182025e-06 3.863635565918767213e-06 3.872299988726839530e-06
1.294879085825899892e+03 3.942268846032411079e-06 4.035275758326337738e-06 3.977689517036679948e-06 3.985078040465143204e-06
1.294979085795899891e+03 4.063265246452185205e-06 4.151264754645982276e-06 4.098233141919648066e-06 4.104254381005938798e-06
1.295079085765899890e+03 4.181408245516732077e-06 4.263896922422903655e-06 4.215818416630762816e-06 4.220374528190132849e-06
1.295179085735899889e+03 4.315954724923795660e-06 4.392401875897056804e-06 4.349679346031441313e-06 4.352678648950765157e-06
1.295279085705899888e+03 4.453356784930650706e-06 4.523148719438842859e-06 4.486290559635176338e-06 4.487598688001556352e-06
1.295379085675899887e+03 4.586621256932699612e-06 4.649104170337705868e-06 4.618584885511941883e-06 4.618103437594116070e-06
1.295479085645899886e+03 4.735254158953128214e-06 4.789670292369250760e-06 4.766106807807281491e-06 4.763677086376554335e-06
1.295579085615899885e+03 4.894715164472980940e-06 4.940260253907398099e-06 4.924204708848095061e-06 4.919726709076157469e-06
1.295679085585899884e+03 5.064821426570386684e-06 5.100513658979108159e-06 5.092754422414468275e-06 5.086029835987988553e-06
1.295779085555899883e+03 5.240193608832047167e-06 5.264997878403562622e-06 5.266283978368071380e-06 5.257158488534560390e-06
1.295879085525899882e+03 5.424189466302335913e-06 5.436937483019588597e-06 5.448161160107357531e-06 5.436429369809759551e-06
1.295979085495899881e+03 5.626331024357299374e-06 5.625780426192615641e-06 5.647791348256171467e-06 5.633300932935361878e-06
1.296079085465899880e+03 5.843443180072313923e-06 5.828111681888600735e-06 5.861991367033484562e-06 5.844515409664799740e-06
1.296179085435899879e+03 6.070209418585411566e-06 6.038452800982873913e-06 6.085333046923831534e-06 6.064665088830704824e-06
1.296279085405899878e+03 6.310540077895100778e-06 6.260425140620875523e-06 6.321754653318077723e-06 6.297573290611351059e-06
1.296379085375899876e+03 6.562456031486137319e-06 6.492003213251261696e-06 6.569034377000210696e-06 6.541164540579205213e-06
1.296479085345899875e+03 6.834453714210704505e-06 6.741731405312551418e-06 6.835156648760257471e-06 6.803780589427837798e-06
1.296579085315899874e+03 7.132797636581758348e-06 7.015145775832020665e-06 7.127175494955384097e-06 7.091706302456386856e-06
1.296679085285899873e+03 7.459567951241328168e-06 7.313446261513384268e-06 7.447278848961119150e-06 7.406764353905277195e-06
1.296779085255899872e+03 7.821961098509947659e-06 7.643739899876289648e-06 7.801919439594134003e-06 7.755873479326789308e-06
1.296879085225899871e+03 8.209326248803767179e-06 7.994291155647300937e-06 8.176292201344345943e-06 8.126636535265138584e-06
1.296979085195899870e+03 8.645198827037814008e-06 8.388869970125532367e-06 8.592919346010459173e-06 8.542329381057934618e-06
1.297079085165899869e+03 9.110273572381630798e-06 8.807948044278434327e-06 9.038923292094921239e-06 8.985714969584995455e-06
1.297179085135899868e+03 9.607088662569244732e-06 9.254567794015485606e-06 9.514902648317081303e-06 9.458853034967271676e-06
1.297279085105899867e+03 1.018429190297221309e-05 9.766746621371171156e-06 1.007327911682291434e-05 1.000810588038876620e-05
1.297379085075899866e+03 1.085113575819947507e-05 1.035382104119409873e-05 1.072182690602899433e-05 1.064226123514085717e-05
1.297479085045899865e+03 1.155930185451006521e-05 1.099771994848646257e-05 1.138397245182936288e-05 1.131366475160863078e-05
1.297579085015899864e+03 1.234651103028697208e-05 1.171332255347904468e-05 1.209775668877561117e-05 1.205253009084721157e-05
1.297679084985899863e+03 1.327387610894721855e-05 1.252108962278223081e-05 1.293103361130527279e-05 1.290866644767824015e-05
1.297779084955899862e+03 1.440873351175838916e-05 1.351482724357362470e-05 1.393264211590156896e-05 1.395206762374452817e-05
1.297879084925899861e+03 1.587161689695853223e-05 1.482771291233767283e-05 1.519362386148928323e-05 1.529765122359516672e-05
1.297979084895899859e+03 1.775553927314577705e-05 1.648742293534852333e-05 1.678311193458872916e-05 1.700869138102767877e-05
1.298079084865899858e+03 2.006725915631409399e-05 1.845802081114588568e-05 1.865276614319569940e-05 1.905934870355189189e-05
1.298179084835899857e+03 2.317925427839604094e-05 2.114712692309958638e-05 2.106377749856025908e-05 2.179671956668529547e-05
1.298279084805899856e+03 2.773865811837138495e-05 2.510553584421942010e-05 2.450672987236899325e-05 2.578364127831993277e-05
1.298379084775899855e+03 3.379785345948776250e-05 3.036937176186998635e-05 2.911705950238653430e-05 3.109476157458142433e-05
1.298479084745899854e+03 4.097591361079618743e-05 3.672679848956873641e-05 3.477805089419851479e-05 3.749358766485447729e-05
1.298579084715899853e+03 4.901698635750681334e-05 4.400336497418395751e-05 4.170259910256213747e-05 4.490765014475097170e-05
1.298679084685899852e+03 5.809779457971365362e-05 5.266940452933521402e-05 5.048317713672408931e-05 5.375012541525764554e-05
1.298779084655899851e+03 6.817925148775114152e-05 6.251067503360915195e-05 6.103947110038085606e-05 6.390979920724704081e-05
1.298879084625899850e+03 7.947092328236078564e-05 7.242723649392172533e-05 7.333673826614056689e-05 7.507829934747435477e-05
1.298979084595899849e+03 9.204812684596733402e-05 8.164323726933235960e-05 8.709044067174537241e-05 8.692726826234834631e-05
1.299079084565899848e+03 1.055965639281385848e-04 9.033442124652409197e-05 1.016996582657546660e-04 9.921021448013912780e-05
1.299179084535899847e+03 1.201874013939525199e-04 9.930631147319572000e-05 1.171852262864308609e-04 1.122263130511930201e-04
1.299279084505899846e+03 1.354607208231815602e-04 1.086631394715018115e-04 1.330939084234003674e-04 1.257392562393612554e-04
1.299379084475899845e+03 1.511522431132066144e-04 1.183902154261269932e-04 1.492370215592776187e-04 1.395931600328704223e-04
1.299479084445899844e+03 1.670648606058491154e-04 1.284968736660090560e-04 1.654754840890276769e-04 1.536790727869619675e-04
1.299579084415899842e+03 1.829102647250525026e-04 1.387391936603566322e-04 1.815629911187475326e-04 1.677374831680522496e-04
1.299679084385899841e+03 1.986753058846696353e-04 1.491656844353253769e-04 1.975050699804191650e-04 1.817820201001380681e-04
1.299779084355899840e+03 2.145042915066827161e-04 1.599246200574442548e-04 2.134377760169468244e-04 1.959555625270245985e-04
1.299879084325899839e+03 2.304120711433016065e-04 1.709980078421782465e-04 2.294346876070752406e-04 2.102815888641850221e-04
1.299979084295899838e+03 2.464641681280468617e-04 1.824182821933144794e-04 2.454927812465844471e-04 2.247917438559819204e-04
1.300079084265899837e+03 2.627217486430767786e-04 1.941666711641692284e-04 2.616716321758529484e-04 2.395200173276996157e-04
1.300179084235899836e+03 2.792483029684491636e-04 2.062074337876034934e-04 2.780120355185205865e-04 2.544892574248577388e-04
1.300279084205899835e+03 2.961054362973290061e-04 2.185872286893320244e-04 2.945530459679720201e-04 2.697485703182110530e-04
1.300379084175899834e+03 3.133676045893354608e-04 2.313586227125455938e-04 3.113537583082611263e-04 2.853599952033807540e-04
1.300479084145899833e+03 3.311131718970598044e-04 2.445936323508795932e-04 3.284937982987268875e-04 3.014002008488887436e-04
1.300579084115899832e+03 3.493904097608340831e-04 2.583571866488901031e-04 3.460291181731812321e-04 3.179255715276351033e-04
1.300679084085899831e+03 3.682305064227686729e-04 2.727179879072947721e-04 3.640062317282391339e-04 3.349849086861008416e-04
1.300779084055899830e+03 3.876525776599420645e-04 2.877556692317441846e-04 3.824688629206848974e-04 3.526257032707903641e-04
1.300879084025899829e+03 4.076546060958472547e-04 3.035507348481463418e-04 4.014472918232894175e-04 3.708842109224277255e-04
1.300979083995899828e+03 4.282287121505617272e-04 3.201998821137655112e-04 4.209754007830094551e-04 3.898013316824455645e-04
1.301079083965899827e+03 4.493478899620072524e-04 3.378047372175923451e-04 4.410753907382427880e-04 4.094093393059473353e-04
1.301179083935899826e+03 4.709690582171062218e-04 3.564715258865425065e-04 4.617608622916727140e-04 4.297338154651070751e-04
1.301279083905899824e+03 4.930364008353874247e-04 3.763166712258686898e-04 4.830383149573497844e-04 4.507971290062020566e-04
1.301379083875899823e+03 5.154876145580527961e-04 3.974697048236947006e-04 5.049146435321934332e-04 4.726239876379802738e-04
1.301479083845899822e+03 5.382455253672132961e-04 4.200681559145252181e-04 5.273849895688556685e-04 4.952328902835314304e-04
1.301579083815899821e+03 5.612208399466102815e-04 4.442538443994974574e-04 5.504357118124759843e-04 5.186367987195279619e-04
1.301679083785899820e+03 5.843294231046048141e-04 4.701922420038166990e-04 5.740586398340310386e-04 5.428601016474842019e-04
1.301779083755899819e+03 6.074774810959848118e-04 4.980563595253607390e-04 5.982345913776931316e-04 5.679228106663462275e-04
1.301879083725899818e+03 6.305724128670408277e-04 5.280375548013339698e-04 6.229413226073871046e-04 5.938504300919206702e-04
1.301979083695899817e+03 6.535274870318889861e-04 5.603461214086531824e-04 6.481550426027193976e-04 6.206762170144204498e-04
1.302079083665899816e+03 6.762735721553631485e-04 5.952269622038518834e-04 6.738579718218027552e-04 6.484528353936726318e-04
1.302179083635899815e+03 6.987529573339803938e-04 6.329486202279130131e-04 7.000278321815730934e-04 6.772431365811555724e-04
1.302279083605899814e+03 7.209428255276225219e-04 6.738323675504470775e-04 7.266515649248150768e-04 7.071422526676282615e-04
1.302379083575899813e+03 7.428501804195791021e-04 7.182417662713434662e-04 7.537128623573358457e-04 7.382682696827528408e-04
1.302479083545899812e+03 7.645439614894722563e-04 7.666175860447963864e-04 7.812047004113317674e-04 7.707887493152001728e-04
1.302579083515899811e+03 7.861615977278726877e-04 8.194808488254730523e-04 8.091102564730929094e-04 8.049175676754794775e-04
1.302679083485899810e+03 8.079339706414062714e-04 8.774596565131431410e-04 8.374035288999079384e-04 8.409323853514856029e-04
1.302779083455899809e+03 8.302186731039157839e-04 9.412805746835819316e-04 8.660200068407057422e-04 8.791730848760677831e-04
1.302879083425899807e+03 8.535132696194102113e-04 1.011705424186102155e-03 8.948173722358416593e-04 9.200120220137846753e-04
1.302979083395899806e+03 8.784407611120949788e-04 1.089330438621235369e-03 9.235159778603280537e-04 9.637623925312193947e-04
1.303079083365899805e+03 9.056042147684587257e-04 1.174065674789317049e-03 9.516045134143334997e-04 1.010424800990703236e-03
1.303179083335899804e+03 9.351859675513033441e-04 1.264143983397666158e-03 9.782219497563009875e-04 1.059183966901756794e-03
1.303279083305899803e+03 9.661763480371294037e-04 1.354808255444624535e-03 1.002017080512994721e-03 1.107667227998249517e-03
1.303379083275899802e+03 9.954799452307140813e-04 1.437723634228131727e-03 1.021083152247254404e-03 1.151428910568699998e-03
1.303479083245899801e+03 1.017953040753703407e-03 1.502949311667710255e-03 1.033308923020042486e-03 1.184737091813818644e-03
1.303579083215899800e+03 1.028269930637614989e-03 1.543120206668127528e-03 1.037261240283645887e-03 1.202883792529795990e-03
1.303679083185899799e+03 1.023484318418942541e-03 1.555373117608800605e-03 1.032865102536394521e-03 1.203907512854712628e-03
1.303779083155899798e+03 1.004021915216208498e-03 1.538712308014369241e-03 1.020987529412915743e-03 1.187907250881164349e-03
1.303879083125899797e+03 9.732828996180472756e-04 1.492246630115692287e-03 1.002871244126999446e-03 1.156133591286913039e-03
1.303979083095899796e+03 9.372427249755465239e-04 1.418784609272741607e-03 9.808878037107606526e-04 1.112305045986349775e-03
1.304079083065899795e+03 9.032108417064475901e-04 1.328358421820238430e-03 9.594005637151014091e-04 1.063656609080595918e-03
1.304179083035899794e+03 8.771386229016989340e-04 1.235133558915059437e-03 9.429982210736429123e-04 1.018423467630133906e-03
1.304279083005899793e+03 8.613746356032396740e-04 1.151087510615634701e-03 9.327104560750997843e-04 9.817242007646581614e-04
1.304379082975899792e+03 8.539404203309551274e-04 1.081873907983144523e-03 9.249096904806547665e-04 9.535746729315846973e-04
1.304479082945899791e+03 8.491679018452976150e-04 1.025911396293556791e-03 9.141547260972158031e-04 9.297446747453566281e-04
1.304579082915899789e+03 8.389883170608734711e-04 9.761173797468485286e-04 8.948073636082773440e-04 9.033043534719996728e-04
1.304679082885899788e+03 8.132281162775467686e-04 9.223026620214543189e-04 8.592069069185392363e-04 8.649125617391802525e-04
1.304779082855899787e+03 7.610012485142811757e-04 8.534005224014210933e-04 7.988752052202262267e-04 8.044256587119762375e-04
1.304879082825899786e+03 6.792519553282737018e-04 7.625687756737392501e-04 7.163645390921538798e-04 7.193950900313888716e-04
1.304979082795899785e+03 5.679914131801395202e-04 6.444625190715813417e-04 6.130425808225653398e-04 6.084988376914287700e-04
1.305079082765899784e+03 4.391155826646191487e-04 5.058089908627777390e-04 4.865763901100071350e-04 4.771669878791345658e-04
1.305179082735899783e+03 3.125219857605415655e-04 3.638921537467020473e-04 3.489354654492040058e-04 3.417832016521492604e-04
1.305279082705899782e+03 2.121380890429910057e-04 2.487728299097719496e-04 2.350291920675646139e-04 2.319800370067758293e-04
1.305379082675899781e+03 1.502806487205495868e-04 1.773521353024203420e-04 1.647070487622916970e-04 1.641132775950872086e-04
1.305479082645899780e+03 1.136694281560476563e-04 1.348982768401005619e-04 1.234940056832773423e-04 1.240205702264751914e-04
1.305579082615899779e+03 9.045661299753939585e-05 1.078459459125249520e-04 9.763239959698865298e-05 9.864498616901766243e-05
1.305679082585899778e+03 7.463646866243730388e-05 8.930537285143478493e-05 8.015720350665133482e-05 8.136634834017448809e-05
1.305779082555899777e+03 6.322535507511554216e-05 7.585555867968339194e-05 6.763761356258156355e-05 6.890617577246016588e-05
1.305879082525899776e+03 5.463193448004452605e-05 6.567157769966553197e-05 5.826034745030129910e-05 5.952128654333711452e-05
1.305979082495899775e+03 4.794187240114242284e-05 5.770349119521672293e-05 5.099204597844467321e-05 5.221246985826794870e-05
1.306079082465899774e+03 4.259544631637562304e-05 5.130706483496911467e-05 4.520456956631607027e-05 4.636902690588693825e-05
1.306179082435899772e+03 3.823172378590822897e-05 4.606559042112834981e-05 4.049529085786415171e-05 4.159753502163357231e-05
1.306279082405899771e+03 3.460781532106140657e-05 4.169764141850213092e-05 3.659464257666108605e-05 3.763336643874153666e-05
1.306379082375899770e+03 3.155438745621890639e-05 3.800625860187835018e-05 3.331551323377588791e-05 3.429205309729104590e-05
1.306479082345899769e+03 2.894983576490060516e-05 3.484943179016921001e-05 3.052403838523029821e-05 3.144110198010003666e-05
1.306579082315899768e+03 2.670460730228929871e-05 3.212215939078460320e-05 2.812196074271864431e-05 2.898290914526418320e-05
1.306679082285899767e+03 2.475131385029574551e-05 2.974511470345164612e-05 2.603555604958285728e-05 2.684399486777674964e-05
1.306779082255899766e+03 2.303828850324654974e-05 2.765724349887556282e-05 2.420844463832179003e-05 2.496799221348129861e-05
1.306879082225899765e+03 2.152526454758115588e-05 2.581078744693989725e-05 2.259678778883298275e-05 2.331094659445134755e-05
1.306979082195899764e+03 2.018040410910739311e-05 2.416785278171742845e-05 2.116599505029990633e-05 2.183808398037491043e-05
1.307079082165899763e+03 1.897820927834832687e-05 2.269799113180630623e-05 1.988841606858215503e-05 2.052153882624559717e-05
1.307179082135899762e+03 1.789802449751204817e-05 2.137645995099918633e-05 1.874168999978337619e-05 1.933872481609820017e-05
1.307279082105899761e+03 1.692294383266237042e-05 2.018294940891286350e-05 1.770754397856834169e-05 1.827114574004785967e-05
1.307379082075899760e+03 1.603900098186915082e-05 1.910063581868658695e-05 1.677090436980323783e-05 1.730351372345299526e-05
1.307479082045899759e+03 1.523456023600966123e-05 1.811546775314644252e-05 1.591922981140493661e-05 1.642308593352034848e-05
1.307579082015899758e+03 1.449985256543642743e-05 1.721562064657586097e-05 1.514200410267918817e-05 1.561915910489715886e-05
1.307679081985899757e+03 1.382661805544788631e-05 1.639107519634073752e-05 1.443034598540076769e-05 1.488267974572979548e-05
1.307779081955899755e+03 1.320782730893435055e-05 1.563328793754364149e-05 1.377670557678370756e-05 1.420594027442056710e-05
1.307879081925899754e+03 1.263746221175870769e-05 1.493493129744529736e-05 1.317462582716112834e-05 1.358233977878837893e-05
1.307979081895899753e+03 1.211034182278102896e-05 1.428968659859656408e-05 1.261855332989358268e-05 1.300619391709039360e-05
1.308079081865899752e+03 1.162198292293269376e-05 1.369207784720369147e-05 1.210368698328552607e-05 1.247258258447396931e-05
1.308179081835899751e+03 1.116848744388488448e-05 1.313733722468591110e-05 1.162585596853298477e-05 1.197722687903459289e-05
1.308279081805899750e+03 1.074645092686012004e-05 1.262129545167648571e-05 1.118142063311685581e-05 1.151638900388448832e-05
1.308379081775899749e+03 1.035288757600844857e-05 1.214029182266531201e-05 1.076719142765756813e-05 1.108679027544377567e-05
1.308479081745899748e+03 9.985168502441231329e-06 1.169109991681783305e-05 1.038036217743528693e-05 1.068554353223145044e-05
1.308579081715899747e+03 9.640970534543139280e-06 1.127086589413527889e-05 1.001845482342079412e-05 1.031009708403306963e-05
1.308679081685899746e+03 9.318233549560599053e-06 1.087705696171331318e-05 9.679273403882939514e-06 9.958187971718950019e-06
1.308779081655899745e+03 9.015124718544357976e-06 1.050741811047999602e-05 9.360865523102075944e-06 9.627802784042142748e-06
1.308879081625899744e+03 8.730008394714901753e-06 1.015993561811378718e-05 9.061489932568332728e-06 9.317144648465674450e-06
1.308979081595899743e+03 8.461420637423487041e-06 9.832806118774911977e-06 8.779589121592983630e-06 9.024605292597126985e-06
1.309079081565899742e+03 8.208047561812424096e-06 9.524410276400342744e-06 8.513766041417381912e-06 8.748741293210048455e-06
1.309179081535899741e+03 7.968706860789231779e-06 9.233290283835010774e-06 8.262764256090299476e-06 8.488253800238181241e-06
1.309279081505899740e+03 7.742331974354137400e-06 8.958130556834870538e-06 8.025450948062942184e-06 8.241971159750648347e-06
1.309379081475899739e+03 7.527958473197806960e-06 8.697741109279298640e-06 7.800802310158174972e-06 8.008833964211760191e-06
1.309479081445899737e+03 7.324712306607771447e-06 8.451043185002241582e-06 7.587890946155373580e-06 7.787882145921795819e-06
1.309579081415899736e+03 7.131799623448002567e-06 8.217056799939842510e-06 7.385874964907840710e-06 7.578243796098561364e-06
1.309679081385899735e+03 6.948497927671949802e-06 7.994889905051184094e-06 7.193988510348447439e-06 7.379125447690527394e-06
1.309779081355899734e+03 6.774148369229236430e-06 7.783728931532774120e-06 7.011533510553754062e-06 7.189803603771920408e-06
1.309879081325899733e+03 6.629556722836245501e-06 7.607190214679622029e-06 6.859085309015322054e-06 7.031944082177062912e-06
1.309979081295899732e+03 6.498402411155806490e-06 7.446523865520349541e-06 6.719013728291839479e-06 6.887980001655999633e-06
1.310079081265899731e+03 6.417220232079250799e-06 7.342582393591304159e-06 6.619526424773087852e-06 6.793109683481215399e-06
