5.963552149331500004e+03 3.775591742699999689e-05 3.775591972699999719e-05 4.003631069800000288e-05 3.851604928399999898e-05
5.963652149281499987e+03 3.531203134995295118e-05 3.531203009995472478e-05 3.766079940276528544e-05 3.609495361755765154e-05
5.963752149231499970e+03 3.300938645464256729e-05 3.300938925563851370e-05 3.542881707898006439e-05 3.381586426308704846e-05
5.963852149181499954e+03 3.084574191547325746e-05 3.084573731048436833e-05 3.333787267142283232e-05 3.167645063246015270e-05
5.963952149131499937e+03 2.883036223075497373e-05 2.883035968875084687e-05 3.139891650590807208e-05 2.968654614180463202e-05
5.964052149081499920e+03 2.695704251030251510e-05 2.695704169029821301e-05 2.960699415480889804e-05 2.784035945180321324e-05
5.964152149031499903e+03 2.526088868047060077e-05 2.526088617747564795e-05 2.799754186736540024e-05 2.617310557510388073e-05
5.964252148981499886e+03 2.374120870387975862e-05 2.374120707787669176e-05 2.657113235643295630e-05 2.468451604606314008e-05
5.964352148931499869e+03 2.236338781028871338e-05 2.236338629928825845e-05 2.529437518503319321e-05 2.334038309820338835e-05
5.964452148881499852e+03 2.113731981830339592e-05 2.113731915129960038e-05 2.417734537563141702e-05 2.215066144841147111e-05
5.964552148831499835e+03 2.004873698991561321e-05 2.004873468292380994e-05 2.320696333591096825e-05 2.110147833625013273e-05
5.964652148781499818e+03 1.909292788995428387e-05 1.909292319696740612e-05 2.237955688573836982e-05 2.018846932422002107e-05
5.964752148731499801e+03 1.825207046514345946e-05 1.825206502314795208e-05 2.167868962520164172e-05 1.939427503783101549e-05
5.964852148681499784e+03 1.751014078354446653e-05 1.751013592554066965e-05 2.108887613578763661e-05 1.870305094829092201e-05
5.964952148631499767e+03 1.689208397139342732e-05 1.689208254936937553e-05 2.063692961862035699e-05 1.814036537979438887e-05
5.965052148581499750e+03 1.638214911450895870e-05 1.638214847350309797e-05 2.030829937372242950e-05 1.769086565391149652e-05
5.965152148531499734e+03 1.592369116066528743e-05 1.592368893867793299e-05 2.004764916220030927e-05 1.729834308718117543e-05
5.965252148481499717e+03 1.554872053124666439e-05 1.554871663626088328e-05 1.988945605263530450e-05 1.699563107338094959e-05
5.965352148431499700e+03 1.526747198923234016e-05 1.526746760323676206e-05 1.984566915907369952e-05 1.679353625051426612e-05
5.965452148381499683e+03 1.505257121255263634e-05 1.505256793154213785e-05 1.989193634745380966e-05 1.666569183051619518e-05
5.965552148331499666e+03 1.493049395676476246e-05 1.493048405483097362e-05 2.005761562319450974e-05 1.663953121159674861e-05
5.965652148281499649e+03 1.488050528687408547e-05 1.488049507887729936e-05 2.032504121301729525e-05 1.669534719292289506e-05
5.965752148231499632e+03 1.488552407078698625e-05 1.488552220169525692e-05 2.068112299408753096e-05 1.681738975552325748e-05
5.965852148181499615e+03 1.496393098831026665e-05 1.496393057829348904e-05 2.114941746459402520e-05 1.702575967706592696e-05
5.965952148131499598e+03 1.512444145386205159e-05 1.512443904088608767e-05 2.174417981083056952e-05 1.733102010185957298e-05
5.966052148081499581e+03 1.537406772865557866e-05 1.537406620164450695e-05 2.247932716962925130e-05 1.774248703330977671e-05
5.966152148031499564e+03 1.572439798268523975e-05 1.572439486270594855e-05 2.337420136459649928e-05 1.827433140332922920e-05
5.966252147981499547e+03 1.619634413070117476e-05 1.619633059984172457e-05 2.445930040911920535e-05 1.895065837988736823e-05
5.966352147931499530e+03 1.676855367903961409e-05 1.676853999404177023e-05 2.572514119017774235e-05 1.975407828775304110e-05
5.966452147881499513e+03 1.746999686404160550e-05 1.746998872396120567e-05 2.721488878960166019e-05 2.071829145920149384e-05
5.966552147831499497e+03 1.831875963751568114e-05 1.831875468446787580e-05 2.896372008945215435e-05 2.186707813714523484e-05
5.966652147781499480e+03 1.933245684163812457e-05 1.933244325477195127e-05 3.101106137710658156e-05 2.322532049117221801e-05
5.966752147731499463e+03 2.058764403593044262e-05 2.058762859996002897e-05 3.346064194758271217e-05 2.487863819449106012e-05
5.966852147681499446e+03 2.207604580528593554e-05 2.207603557620001957e-05 3.633805696949414835e-05 2.683004611699336782e-05
5.966952147631499429e+03 2.384632110122210735e-05 2.384631465715776326e-05 3.973328123400621031e-05 2.914197233079535466e-05
5.967052147581499412e+03 2.599879580554738311e-05 2.599878860256066461e-05 4.380080127213963629e-05 3.193279522674922913e-05
5.967152147531499395e+03 2.860464453753119870e-05 2.860462165681340436e-05 4.868149090623900935e-05 3.529691903352787081e-05
5.967252147481499378e+03 3.177059036977223619e-05 3.177056990172759827e-05 5.457121018977659774e-05 3.937079015375880622e-05
5.967352147431499361e+03 3.563310686287322145e-05 3.563308348392852656e-05 6.172138876003718376e-05 4.432919303561298177e-05
5.967452147381499344e+03 4.036162550050559366e-05 4.036159956555543588e-05 7.044910883276313024e-05 5.039077796627471767e-05
5.967552147331499327e+03 4.622117497847106742e-05 4.622113891667360512e-05 8.121209413831962461e-05 5.788480267782142335e-05
5.967652147281499310e+03 5.350926444442844415e-05 5.350923177635886682e-05 9.454664786931643485e-05 6.718838136336790850e-05
5.967752147231499293e+03 6.257054787214156720e-05 6.257050980525495599e-05 1.110881346271363069e-04 7.874306410151095240e-05
5.967852147181499276e+03 7.382593977586004237e-05 7.382588717617248380e-05 1.315797754775314954e-04 9.307720080985468290e-05
5.967952147131499260e+03 8.763133625986674108e-05 8.763128365886675578e-05 1.566538762172448712e-04 1.106388320453261182e-04
5.968052147081499243e+03 1.041055741480156096e-04 1.041055131582043722e-04 1.865054289371357601e-04 1.315721720811186077e-04
5.968152147031499226e+03 1.226925286185277591e-04 1.226924233095471207e-04 2.201429528142204747e-04 1.551759682474317939e-04
5.968252146981499209e+03 1.415737411910078015e-04 1.415736286611774582e-04 2.544269993839429851e-04 1.791914564120427483e-04
5.968352146931499192e+03 1.573375473000657155e-04 1.573374479797486894e-04 2.836212697397415706e-04 1.994320883398519918e-04
5.968452146881499175e+03 1.657053780223547248e-04 1.657052695725784387e-04 3.006629896447200571e-04 2.106912124132177312e-04
5.968552146831499158e+03 1.638157064081127668e-04 1.638155689388382506e-04 3.006161017126661450e-04 2.094157923532057118e-04
5.968652146781499141e+03 1.522737173371634350e-04 1.522736074664596728e-04 2.836281974727830960e-04 1.960585074254687617e-04
5.968752146731499124e+03 1.346966134990522726e-04 1.346965439080049923e-04 2.546461151226723282e-04 1.746797575099098734e-04
5.968852146681499107e+03 1.152915389762007516e-04 1.152914789059484717e-04 2.204315812395754766e-04 1.503381997072415711e-04
5.968952146631499090e+03 9.698298068763709623e-05 9.698296237450961964e-05 1.865745412604668998e-04 1.268468281075378493e-04
5.969052146581499073e+03 8.111511444287539498e-05 8.111506843063717243e-05 1.562864331110225518e-04 1.061722053281783686e-04
5.969152146531499056e+03 6.795875666728659636e-05 6.795871593813865037e-05 1.306972718335914563e-04 8.887158147967222984e-05
5.969252146481499040e+03 5.727686915205540646e-05 5.727683702281030734e-05 1.097158747966018048e-04 7.475652699048917062e-05
5.969352146431499023e+03 4.867080381740397513e-05 4.867077065743387115e-05 9.274283112239726438e-05 6.336146853241171259e-05
5.969452146381499006e+03 4.172816145367316202e-05 4.172813712241269912e-05 7.904661753678643855e-05 5.416763870429076205e-05
5.969552146331498989e+03 3.610182490807298017e-05 3.610181150874502086e-05 6.796666202862860606e-05 4.672343281514886677e-05
5.969652146281498972e+03 3.151040792140527406e-05 3.151037913687455263e-05 5.894997378336701261e-05 4.065692028054894192e-05
5.969752146231498955e+03 2.773400729973997755e-05 2.773398915641007404e-05 5.155821100628842736e-05 3.567540248747949524e-05
5.969852146181498938e+03 2.460291090399472903e-05 2.460289703286016173e-05 4.545034373673771601e-05 3.155205055786420226e-05
5.969952146131498921e+03 2.198264524204704572e-05 2.198262604121760546e-05 4.035898851646050939e-05 2.810808659990838234e-05
5.970052146081498904e+03 1.977190346374214054e-05 1.977188798562114143e-05 3.608010840187536686e-05 2.520796661707954510e-05
5.970152146031498887e+03 1.789269255466326969e-05 1.789268646835333668e-05 3.245689080459095556e-05 2.274742327586918618e-05
5.970252145981498870e+03 1.628012316782205147e-05 1.628010979206627031e-05 2.936204262991104979e-05 2.064075852993312160e-05
5.970352145931498853e+03 1.488920107114101729e-05 1.488918746914870242e-05 2.670286762653453777e-05 1.882708538894141916e-05
5.970452145881498836e+03 1.368111963362567840e-05 1.368110946550720513e-05 2.440262318207048623e-05 1.725495076040112438e-05
5.970552145831498819e+03 1.262610200246322916e-05 1.262609731727132627e-05 2.240142131276306632e-05 1.588454021083254115e-05
5.970652145781498803e+03 1.169884428252129290e-05 1.169883714760826779e-05 2.064950736969376591e-05 1.468239626660777666e-05
5.970752145731498786e+03 1.088024421348684299e-05 1.088024295627523658e-05 1.910835125639445147e-05 1.362294614205217588e-05
5.970852145681498769e+03 1.014947018016050916e-05 1.014946546528672696e-05 1.774165869409359818e-05 1.268019811318027867e-05
5.970952145631498752e+03 9.495469542137836637e-06 9.495459207045787970e-06 1.652517083388129390e-05 1.183869986102164007e-05
5.971052145581498735e+03 8.909576626808248071e-06 8.909566123214561319e-06 1.543963762534775695e-05 1.108626012512352211e-05
5.971152145531498718e+03 8.378951627890041597e-06 8.378946141699372156e-06 1.446365803810285239e-05 1.040718526923075538e-05
5.971252145481498701e+03 7.898545042094719007e-06 7.898540966240425652e-06 1.358459360586563624e-05 9.793893204733594764e-06
5.971352145431498684e+03 7.457717793018504534e-06 7.457712193677924780e-06 1.278573301147033435e-05 9.233720999388921787e-06
5.971452145381498667e+03 7.052970598170548737e-06 7.052968976513422426e-06 1.205863545526435858e-05 8.721525009982777427e-06
5.971552145331498650e+03 6.678769721899339001e-06 6.678762952705254646e-06 1.139316323581373033e-05 8.250231970139441045e-06
5.971652145281498633e+03 6.326820344926953293e-06 6.326817779756674378e-06 1.077727640735938146e-05 7.810304844014336661e-06
5.971752145231498616e+03 5.997497079227046185e-06 5.997492181122707204e-06 1.020822337611504236e-05 7.401070878821598864e-06
5.971852145181498599e+03 5.685544975194183378e-06 5.685541879519376048e-06 9.678051564983419425e-06 7.016379473232327413e-06
5.971952145131498582e+03 5.381748472148507893e-06 5.381746162315503706e-06 9.175240117948966153e-06 6.646244917470992019e-06
5.972052145081498566e+03 5.085479636722626767e-06 5.085474387247568462e-06 8.697006739191768157e-06 6.289320254387321129e-06
5.972152145031498549e+03 4.793455583238135116e-06 4.793451543186121955e-06 8.238369976263199511e-06 5.941759034229151912e-06
5.972252144981498532e+03 4.497226085301293408e-06 4.497223456639897256e-06 7.789337182924110082e-06 5.594595574955099119e-06
5.972352144931498515e+03 4.190709039281582370e-06 4.190706404681845748e-06 7.342479698842436362e-06 5.241298380935287595e-06
5.972452144881498498e+03 3.868719582171980724e-06 3.868719492458727520e-06 6.891482531997218085e-06 4.876307202209308494e-06
5.972552144831498481e+03 3.519638410820135349e-06 3.519634004714386996e-06 6.423632210515870546e-06 4.487634875350130822e-06
5.972652144781498464e+03 3.136617297046176557e-06 3.136613200732071718e-06 5.931262315700995210e-06 4.068164271159747829e-06
5.972752144731498447e+03 2.716176385975682140e-06 2.716174076393489067e-06 5.410052256942222204e-06 3.614134239770464188e-06
5.972852144681498430e+03 2.263338667841670142e-06 2.263336329343018659e-06 4.864333725786392590e-06 3.130336240990361169e-06
5.972952144631498413e+03 1.803663992341132164e-06 1.803661978325880806e-06 4.319132129193410495e-06 2.642152699953474418e-06
5.973052144581498396e+03 1.388119809866692013e-06 1.388116759415925802e-06 3.824843325624188459e-06 2.200359964968935566e-06
5.973152144531498379e+03 1.077720006764435390e-06 1.077717666730331496e-06 3.441858631128363602e-06 1.865765434874376618e-06
5.973252144481498362e+03 9.104274393628597110e-07 9.104228582115607856e-07 3.207819789046182476e-06 1.676223362206867869e-06
5.973352144431498346e+03 8.752782030400498680e-07 8.752754319713461853e-07 3.111671731531246620e-06 1.620741788847547699e-06
5.973452144381498329e+03 9.114420861734521883e-07 9.114410382481566926e-07 3.092064323681788545e-06 1.638315816034466021e-06
5.973552144331498312e+03 9.412398016687415603e-07 9.412363497989492365e-07 3.071021068667196090e-06 1.651165740044962190e-06
5.973652144281498295e+03 9.151867544811106465e-07 9.151857035598505108e-07 2.999123539356949588e-06 1.609831999132637056e-06
5.973752144231498278e+03 8.040735353278032178e-07 8.040721123567848998e-07 2.846879111678983242e-06 1.485008253121190453e-06
5.973852144181498261e+03 6.063002618200994336e-07 6.062957280903108489e-07 2.612721443045618606e-06 1.275105810985343033e-06
5.973952144131498244e+03 3.529807606529337384e-07 3.529780120300949382e-07 2.327597954169299387e-06 1.011185575617442794e-06
5.974052144081498227e+03 1.045567707570326400e-07 1.045532265088100668e-07 2.052121141118468719e-06 7.537437127947704224e-07
5.974152144031498210e+03 -5.252167172517810893e-08 -5.252628899130734369e-08 1.872944307712817607e-06 5.892987823321107577e-07
5.974252143981498193e+03 -3.392791330500798796e-08 -3.393213318027258130e-08 1.874560641613414134e-06 6.022335317093778220e-07
5.974352143931498176e+03 1.918094437936404763e-07 1.918044406559400870e-07 2.089055890331453217e-06 8.242232582603445406e-07
5.974452143881498159e+03 5.737468695145432766e-07 5.737422593831209329e-07 2.465803110883132455e-06 1.204430746593598782e-06
5.974552143831498142e+03 1.031090423057445407e-06 1.031088218725120340e-06 2.924818219901248620e-06 1.662332287227938122e-06
5.974652143781498125e+03 1.496925466205821874e-06 1.496922032774048247e-06 3.400069086003535672e-06 2.131305528327801719e-06
5.974752143731498109e+03 1.936066290676979106e-06 1.936062231412023805e-06 3.857904255063999929e-06 2.576677592384334280e-06
5.974852143681498092e+03 2.337288289157324750e-06 2.337286593423775682e-06 4.288858833930144442e-06 2.987811238837081484e-06
5.974952143631498075e+03 2.708831865495319966e-06 2.708829464735516353e-06 4.703434215037717385e-06 3.373698515089518043e-06
5.975052143581498058e+03 3.066718439649488218e-06 3.066714182156254066e-06 5.120641357760548910e-06 3.751357993188763590e-06
5.975152143531498041e+03 3.426876512505369176e-06 3.426872798873817365e-06 5.560383857536866787e-06 4.138044389638684019e-06
5.975252143481498024e+03 3.807974081303172261e-06 3.807968811194233389e-06 6.046084367641276103e-06 4.554009086712893494e-06
5.975352143431498007e+03 4.229564487204661531e-06 4.229559413093092486e-06 6.602802428260745154e-06 5.020642109519499724e-06
5.975452143381497990e+03 4.705939863850728119e-06 4.705937075214735599e-06 7.249949077326991854e-06 5.553942005464152140e-06
5.975552143331497973e+03 5.249024292868780180e-06 5.249019397595194816e-06 8.001879326673127938e-06 6.166641005712367362e-06
5.975652143281497956e+03 5.854015255289160265e-06 5.854010746265782846e-06 8.848188636198166016e-06 6.852071545917702195e-06
5.975752143231497939e+03 6.480856849151220505e-06 6.480850482164563906e-06 9.727761176708892932e-06 7.563156169341558832e-06
5.975852143181497922e+03 7.050322174067379184e-06 7.050318533399693953e-06 1.051984251628357829e-05 8.206827741250217423e-06
5.975952143131497905e+03 7.442055715479212117e-06 7.442049268553221421e-06 1.104960457672690306e-05 8.644569853586446661e-06
5.976052143081497888e+03 7.544769129026251554e-06 7.544764672801814858e-06 1.116388999976508145e-05 8.751141267197715953e-06
5.976152143031497872e+03 7.334108843143823446e-06 7.334105305085983038e-06 1.083438400064399106e-05 8.500866049624599747e-06
5.976252142981497855e+03 6.892739439602756806e-06 6.892734200710770396e-06 1.017830652725972411e-05 7.987926722524416257e-06
5.976352142931497838e+03 6.342359277203921509e-06 6.342354709460958262e-06 9.368945004005299439e-06 7.351219663556725838e-06
5.976452142881497821e+03 5.789674814085237065e-06 5.789670525667221763e-06 8.557490938036789785e-06 6.712278759263083153e-06
5.976552142831497804e+03 5.300413003778419839e-06 5.300409468829441915e-06 7.835984988848890691e-06 6.145602487152250250e-06
5.976652142781497787e+03 4.890913307114519845e-06 4.890909380540176396e-06 7.230550758483360365e-06 5.670791148712686382e-06
5.976752142731497770e+03 4.558231374693262932e-06 4.558226123180713459e-06 6.738030446178847005e-06 5.284829314684273901e-06
5.976852142681497753e+03 4.296391755438831584e-06 4.296387226590765772e-06 6.347973092786752416e-06 4.980250691605451053e-06
5.976952142631497736e+03 4.092420996093761803e-06 4.092417401431171007e-06 6.041966045713751775e-06 4.742268147746228477e-06
5.977052142581497719e+03 3.931951779384478732e-06 3.931949364204862035e-06 5.800650397927322945e-06 4.554850513838888468e-06
5.977152142531497702e+03 3.804927173727381477e-06 3.804923357222683806e-06 5.609707974965134082e-06 4.406519501971732698e-06
5.977252142481497685e+03 3.708464290470512826e-06 3.708459683324668699e-06 5.462879510352511642e-06 4.293267828049230208e-06
5.977352142431497668e+03 3.634828152090054390e-06 3.634825759437239961e-06 5.349735030916629426e-06 4.206462980814640976e-06
5.977452142381497652e+03 3.578138568047923249e-06 3.578134130590057576e-06 5.262420590134539482e-06 4.139564429590839961e-06
5.977552142331497635e+03 3.538252326157524976e-06 3.538247782364959144e-06 5.199250181814830390e-06 4.091916763445771927e-06
5.977652142281497618e+03 3.510883986507888429e-06 3.510876831292006186e-06 5.154667224309574947e-06 4.058809347369823187e-06
5.977752142231497601e+03 3.492302912613335690e-06 3.492298422124113194e-06 5.124070750481399931e-06 4.036224028406282656e-06
5.977852142181497584e+03 3.483392422651489684e-06 3.483386905024948729e-06 5.107600337163858392e-06 4.024793221613432127e-06
5.977952142131497567e+03 3.484720121152926188e-06 3.484715209309301145e-06 5.105199392395729736e-06 4.024878240952652074e-06
5.978052142081497550e+03 3.492557170479469868e-06 3.492554115744823091e-06 5.112826665269907098e-06 4.032645983831400725e-06
5.978152142031497533e+03 3.505244773978450548e-06 3.505241571389254462e-06 5.128428682309538411e-06 4.046305009225748231e-06
5.978252141981497516e+03 3.523646829917126157e-06 3.523642385608398714e-06 5.152580104423157596e-06 4.066623106649560681e-06
5.978352141931497499e+03 3.547210107187905394e-06 3.547205739082259035e-06 5.184464347421922811e-06 4.092960064564028656e-06
5.978452141881497482e+03 3.576040389413241137e-06 3.576034287642409388e-06 5.224046885256162258e-06 4.125373854103937453e-06
5.978552141831497465e+03 3.611677101206342650e-06 3.611672347705205153e-06 5.272835849073203620e-06 4.165395099328249910e-06
5.978652141781497448e+03 3.650643091646262389e-06 3.650636559480569215e-06 5.327252840381646616e-06 4.209510830502825650e-06
5.978752141731497431e+03 3.692145409406727493e-06 3.692137188335084106e-06 5.386284632353675796e-06 4.256855743365162606e-06
5.978852141681497415e+03 3.741684862281856605e-06 3.741678775718544701e-06 5.455625000097356237e-06 4.312996212699253079e-06
5.978952141631497398e+03 3.793607318353684172e-06 3.793602691941256578e-06 5.529392538568967050e-06 4.372200849621302318e-06
5.979052141581497381e+03 3.848502268820032766e-06 3.848496679294688693e-06 5.608299335287457541e-06 4.435099427800726333e-06
5.979152141531497364e+03 3.909459432600368291e-06 3.909454704633156726e-06 5.695325456407461321e-06 4.504746531213662112e-06
5.979252141481497347e+03 3.975670841268010017e-06 3.975664238615189846e-06 5.789909032136977065e-06 4.580414704006725642e-06
5.979352141431497330e+03 4.044633853900245332e-06 4.044625393846979893e-06 5.889361141746380300e-06 4.659540129831202124e-06
5.979452141381497313e+03 4.120369557064287230e-06 4.120360269330082123e-06 5.997888836084458868e-06 4.746206220826275227e-06
5.979552141331497296e+03 4.200793295965678129e-06 4.200783685391502526e-06 6.113456359245622381e-06 4.838344446867601012e-06
5.979652141281497279e+03 4.285278343021547009e-06 4.285266789377974889e-06 6.235523307160152548e-06 4.935356146519891200e-06
5.979752141231497262e+03 4.374734970374852976e-06 4.374726571419290362e-06 6.365109420867194156e-06 5.038190320887111934e-06
5.979852141181497245e+03 4.470193981044307522e-06 4.470186698353345532e-06 6.503215904555641689e-06 5.147865527984431299e-06
5.979952141131497228e+03 4.573711427908760459e-06 4.573707619423859247e-06 6.652164077167689280e-06 5.266527708166769380e-06
5.980052141081497211e+03 4.681706480670386981e-06 4.681702308200441779e-06 6.808455893164690415e-06 5.390621560678506391e-06
5.980152141031497194e+03 4.797090148896491662e-06 4.797080242772422364e-06 6.975243397453057936e-06 5.523137929707323705e-06
5.980252140981497178e+03 4.919315464430401836e-06 4.919307142198095944e-06 7.152107662451973968e-06 5.663576756360156967e-06
5.980352140931497161e+03 5.049823066593894552e-06 5.049814099348092345e-06 7.340647768735553380e-06 5.813428311559180657e-06
5.980452140881497144e+03 5.187581142881830426e-06 5.187572820827302349e-06 7.539832692984955119e-06 5.971662218898029298e-06
5.980552140831497127e+03 5.334531151972730463e-06 5.334521925349629936e-06 7.752052194233645442e-06 6.140368423852001665e-06
5.980652140781497110e+03 5.490112824592540308e-06 5.490104861484493440e-06 7.977063064460683525e-06 6.319093583512572989e-06
5.980752140731497093e+03 5.654442320087512704e-06 5.654428577884566912e-06 8.215172883842479005e-06 6.508014593938186489e-06
5.980852140681497076e+03 5.830966770231217234e-06 5.830949952497230663e-06 8.470207148291258962e-06 6.710707957006569518e-06
5.980952140631497059e+03 6.018661218885897572e-06 6.018650878922259187e-06 8.741377650226101780e-06 6.926229916011420078e-06
5.981052140581497042e+03 6.215679658101135052e-06 6.215667800933951794e-06 9.026912092905969661e-06 7.152753183980351322e-06
5.981152140531497025e+03 6.425475286270090075e-06 6.425463105198584366e-06 9.331011433291546594e-06 7.393983274920073396e-06
5.981252140481497008e+03 6.651155651947587731e-06 6.651139869266355691e-06 9.657650615433191271e-06 7.653315378882378513e-06
5.981352140431496991e+03 6.891746075616462079e-06 6.891734578035025112e-06 1.000560588578644090e-05 7.929695513145975749e-06
5.981452140381496974e+03 7.150840793856816454e-06 7.150825765972841453e-06 1.037919346068119075e-05 8.226953340170282321e-06
5.981552140331496958e+03 7.424980299002664618e-06 7.424964509071226961e-06 1.077528411363008098e-05 8.541742973901325032e-06
5.981652140281496941e+03 7.719357076013432976e-06 7.719339034817185066e-06 1.120092335337427431e-05 8.879873154734962989e-06
5.981752140231496924e+03 8.036713606842803794e-06 8.036694011484227606e-06 1.165867369842005122e-05 9.244027105582360872e-06
5.981852140181496907e+03 8.376271101877677593e-06 8.376252208113462626e-06 1.214827651703841936e-05 9.633599942343185960e-06
5.981952140131496890e+03 8.742261426840684194e-06 8.742237337918688697e-06 1.267561162081405333e-05 1.005337012852447541e-05
5.982052140081496873e+03 9.135167351842409048e-06 9.135140717777812781e-06 1.324204655139224529e-05 1.050411820700415514e-05
5.982152140031496856e+03 9.559842682786258300e-06 9.559839882969444429e-06 1.385377005427470065e-05 1.099115087334346836e-05
5.982252139981496839e+03 1.002128324195268312e-05 1.002129773533582402e-05 1.451710246891965962e-05 1.151989448206938779e-05
5.982352139931496822e+03 1.051957457825032189e-05 1.051953276954337037e-05 1.523358523109543651e-05 1.209089752629637626e-05
5.982452139881496805e+03 1.106021024251270236e-05 1.106016955540620163e-05 1.601055398185700793e-05 1.271031125992530510e-05
5.982552139831496788e+03 1.164619928158744426e-05 1.164624678520853715e-05 1.685204267992741647e-05 1.338149624890780042e-05
5.982652139781496771e+03 1.228496104071974023e-05 1.228497203120787712e-05 1.776882599743330668e-05 1.411291968978697637e-05
5.982752139731496754e+03 1.298913120700895577e-05 1.298897519904201622e-05 1.877750232915030142e-05 1.491853624506709227e-05
5.982852139681496737e+03 1.375733971822185641e-05 1.375712821757587159e-05 1.987726290716942317e-05 1.579724361432238429e-05
5.982952139631496721e+03 1.460080912269773734e-05 1.460074646725782743e-05 2.108369346914324869e-05 1.676174968636627398e-05
5.983052139581496704e+03 1.553392232853832093e-05 1.553388620495262066e-05 2.241648086192519920e-05 1.782809646513871247e-05
5.983152139531496687e+03 1.656466247344451243e-05 1.656454201671022391e-05 2.388765816017619372e-05 1.900562088344364222e-05
5.983252139481496670e+03 1.770721067683037671e-05 1.770734480675029921e-05 2.551685799115963372e-05 2.031047115824676988e-05
5.983352139431496653e+03 1.898206137638242308e-05 1.898188391923509157e-05 2.733153713080249572e-05 2.176516080880667238e-05
5.983452139381496636e+03 2.042416191623367899e-05 2.042416357340695184e-05 2.938093360557508796e-05 2.340975303173857406e-05
5.983552139331496619e+03 2.209546477429342063e-05 2.209527996294392840e-05 3.174645679133752030e-05 2.531240050952495644e-05
5.983652139281496602e+03 2.386470616010103650e-05 2.386457734047142437e-05 3.425901613108792572e-05 2.732943321055346446e-05
5.983752139231496585e+03 2.576936568585545082e-05 2.576922501705290665e-05 3.696644267571656334e-05 2.950167779287497812e-05
5.983852139181496568e+03 2.801182545667514715e-05 2.801164397781767245e-05 4.014058546044659394e-05 3.205468496497980451e-05
5.983952139131496551e+03 3.059819778924972807e-05 3.059794244578426724e-05 4.379261639159834964e-05 3.499625220887744832e-05
5.984052139081496534e+03 3.358727713389988973e-05 3.358704986302138142e-05 4.800358696331065276e-05 3.839263798674396786e-05
5.984152139031496517e+03 3.705443032986138665e-05 3.705426545643408440e-05 5.287545157552892114e-05 4.232804912060813299e-05
5.984252138981496500e+03 4.110190557278179931e-05 4.110171804612730936e-05 5.854888717238833742e-05 4.691750359709915999e-05
5.984352138931496484e+03 4.586429484839585466e-05 4.586411587950551508e-05 6.520785087657349178e-05 5.231208720149161599e-05
5.984452138881496467e+03 5.150985273412828850e-05 5.150977011005929102e-05 7.308079538844343425e-05 5.870013941087701137e-05
5.984552138831496450e+03 5.824075124415466437e-05 5.824074534309895150e-05 8.243505134904649447e-05 6.630551597876670796e-05
5.984652138781496433e+03 6.636947051588339044e-05 6.636932125001084688e-05 9.371655910554291854e-05 7.548511695714572314e-05
5.984752138731496416e+03 7.624059151782863059e-05 7.624066351937018680e-05 1.074088715667263143e-04 8.663004220130839528e-05
5.984852138681496399e+03 8.826239219085329623e-05 8.826211621691914784e-05 1.240891174885578338e-04 1.002045419654434350e-04
5.984952138631496382e+03 1.032237617186736888e-04 1.032235177152485036e-04 1.450573855146502903e-04 1.171682216495241745e-04
5.985052138581496365e+03 1.194813518426883698e-04 1.194812089218211850e-04 1.672723723025810918e-04 1.354116443556968867e-04
5.985152138531496348e+03 1.400858130457780534e-04 1.400857120012561014e-04 1.965384271914448510e-04 1.589033174128263353e-04
5.985252138481496331e+03 1.644334570745900257e-04 1.644333989799299752e-04 2.326526860894423605e-04 1.871731807146541295e-04
5.985352138431496314e+03 1.904167425601186738e-04 1.904164830220789054e-04 2.734801647652801318e-04 2.181044634491592009e-04
5.985452138381496297e+03 2.192029088587965104e-04 2.192025457101407242e-04 3.222328267446187698e-04 2.535460937711853167e-04
5.985552138331496280e+03 2.473380500097243848e-04 2.473369075954518284e-04 3.732135654772072205e-04 2.892961743607944960e-04
5.985652138281496264e+03 2.727316744653783109e-04 2.727301040526679027e-04 4.188241171049378753e-04 3.214286318743280477e-04
5.985752138231496247e+03 2.936180216088475170e-04 2.936192064929703011e-04 4.492168640089877311e-04 3.454846973702685887e-04
5.985852138181496230e+03 3.082744885796424384e-04 3.082722527711264098e-04 4.576501895951839375e-04 3.580656436486508924e-04
5.985952138131496213e+03 3.152016829501305640e-04 3.152010937156508332e-04 4.454299651041665128e-04 3.586109139233159700e-04
5.986052138081496196e+03 3.149492434199337556e-04 3.149500857188888402e-04 4.214187915578428817e-04 3.504393735655551953e-04
5.986152138031496179e+03 3.107430749377096727e-04 3.107414514163971131e-04 3.963604653966184394e-04 3.392816639169084626e-04
5.986252137981496162e+03 3.065348132981100815e-04 3.065343166101683293e-04 3.780842197985864977e-04 3.303844499022883028e-04
5.986352137931496145e+03 3.043320855152292152e-04 3.043305888692520345e-04 3.703332722025883569e-04 3.263319821956898689e-04
5.986452137881496128e+03 3.029542654197624218e-04 3.029554943476352982e-04 3.733477227546119661e-04 3.264191608406698773e-04
5.986552137831496111e+03 2.986164890436825321e-04 2.986176630000408720e-04 3.843995132771963570e-04 3.272112217736399746e-04
5.986652137781496094e+03 2.871694428694188594e-04 2.871698398991634981e-04 3.979544434009689414e-04 3.240979087231837482e-04
5.986752137731496077e+03 2.669795175804005557e-04 2.669793996101371149e-04 4.065265676295425892e-04 3.134951616066934199e-04
5.986852137681496060e+03 2.399112153828512168e-04 2.399110800448678565e-04 4.030298840370957042e-04 2.942840598216049349e-04
5.986952137631496043e+03 2.098248335106532678e-04 2.098252367176358540e-04 3.842282744487173548e-04 2.679594482256688346e-04
5.987052137581496027e+03 1.788297305201445712e-04 1.788297291576944608e-04 3.494967936514130650e-04 2.357187511097507261e-04
5.987152137531496010e+03 1.521824447321654561e-04 1.521822454755141299e-04 3.076583661972552867e-04 2.040076854683116152e-04
5.987252137481495993e+03 1.286209971706870855e-04 1.286208191281701580e-04 2.639153604870669379e-04 1.737190589286414209e-04
5.987352137431495976e+03 1.036279832313929803e-04 1.036278622945968939e-04 2.061352652651667972e-04 1.377970369303855571e-04
5.987452137381495959e+03 9.019590573513335094e-05 9.019571036203036056e-05 1.750463788852927595e-04 1.184793316608188463e-04
5.987552137331495942e+03 7.877601891672875807e-05 7.877590304918586218e-05 1.499367797387163932e-04 1.024962339015436712e-04
5.987652137281495925e+03 6.925405622605716044e-05 6.925410733293545197e-05 1.294755135475052102e-04 8.932789236883260302e-05
5.987752137231495908e+03 6.128420576606979648e-05 6.128423929219976168e-05 1.127306538355081147e-04 7.843303296459256215e-05
5.987852137181495891e+03 5.457560581504793291e-05 5.457549800922160098e-05 9.894596511259161928e-05 6.936568964562037987e-05
5.987952137131495874e+03 4.889180611793361166e-05 4.889164009703461791e-05 8.752263904790548779e-05 6.176869508762456568e-05
5.988052137081495857e+03 4.403796060017117628e-05 4.403781388380521161e-05 7.796916116707768810e-05 5.534831188368469652e-05
5.988152137031495840e+03 3.986965118117454838e-05 3.986945860881582044e-05 6.992051232799324301e-05 4.988654070599453502e-05
5.988252136981495823e+03 3.626630895354979059e-05 3.626621101586026359e-05 6.308792254206166503e-05 4.520681417049056855e-05
5.988352136931495806e+03 3.312931903294048797e-05 3.312899864452925890e-05 5.723985988431162802e-05 4.116605918726047185e-05
5.988452136881495790e+03 3.038327155015305763e-05 3.038347064346607739e-05 5.220082119733485219e-05 3.765585446365133472e-05
5.988552136831495773e+03 2.796489597210145836e-05 2.796480684014222249e-05 4.782885214320899961e-05 3.458618498515089235e-05
5.988652136781495756e+03 2.581339086793839652e-05 2.581346001406746899e-05 4.400141720095980178e-05 3.187608936098855689e-05
5.988752136731495739e+03 2.383693092738992363e-05 2.383693463863826651e-05 4.057371987589809484e-05 2.941586181397542381e-05
5.988852136681495722e+03 2.218966362124463707e-05 2.218935690151809187e-05 3.767055031490198228e-05 2.734985694588823482e-05
5.988952136631495705e+03 2.080981256792963958e-05 2.080946065466496002e-05 3.519561878567909304e-05 2.560496400275789642e-05
5.989052136581495688e+03 1.952129707038510474e-05 1.952140397787724440e-05 3.294343207044059610e-05 2.399537770623431734e-05
5.989152136531495671e+03 1.835448751776590722e-05 1.835452069021269471e-05 3.092449054993207298e-05 2.254449958597022497e-05
5.989252136481495654e+03 1.730105934776655493e-05 1.730096478018204831e-05 2.911409492559938992e-05 2.123870635118266551e-05
5.989352136431495637e+03 1.634991171845336707e-05 1.634979225766288450e-05 2.748850621605892046e-05 2.006273673072505960e-05
5.989452136381495620e+03 1.548574941065645065e-05 1.548609437450523734e-05 2.601904207515238598e-05 1.899696195343802691e-05
5.989552136331495603e+03 1.470995661765995158e-05 1.471007430321780060e-05 2.469754448933920640e-05 1.803919180340565173e-05
5.989652136281495586e+03 1.400467964052899387e-05 1.400463632953793760e-05 2.349775145206235455e-05 1.716902247404309816e-05
5.989752136231495570e+03 1.336947318191680610e-05 1.336969989753592201e-05 2.241278226111826261e-05 1.638398511352366188e-05
5.989852136181495553e+03 1.279194546296619803e-05 1.279214860907065052e-05 2.142379722099019618e-05 1.566929709767568327e-05
5.989952136131495536e+03 1.226455184714353290e-05 1.226446524139542851e-05 2.051626318417621234e-05 1.501509342423839012e-05
5.990052136081495519e+03 1.179553382091957650e-05 1.179541074174787807e-05 1.969539003226811704e-05 1.442877819831185946e-05
5.990152136031495502e+03 1.137206543554135317e-05 1.137174911224560670e-05 1.894446827644732251e-05 1.389609427474475966e-05
5.990252135981495485e+03 1.098997761003205820e-05 1.098994083970330928e-05 1.825581478321159701e-05 1.341191107764898703e-05
5.990352135931495468e+03 1.065212142697583749e-05 1.065188280203299501e-05 1.762889251055181066e-05 1.297763224652021495e-05
5.990452135881495451e+03 1.034763122636388559e-05 1.034774455701583507e-05 1.704916862007591899e-05 1.258151480115188101e-05
5.990552135831495434e+03 1.008399841671725702e-05 1.008386952842763361e-05 1.652244429888063046e-05 1.223010408134184206e-05
5.990652135781495417e+03 9.850410392855055367e-06 9.850400240359737201e-06 1.603454890817240713e-05 1.191178651379573380e-05
5.990752135731495400e+03 9.649453572448792187e-06 9.649397597083741025e-06 1.558552860409535484e-05 1.162812659120929602e-05
5.990852135681495383e+03 9.478208446428052847e-06 9.478232359021002512e-06 1.517279477154251995e-05 1.137641185899718951e-05
5.990952135631495366e+03 9.340330220208340563e-06 9.340412442420320191e-06 1.479688537893996501e-05 1.115920934718954305e-05
5.991052135581495349e+03 9.227442441811808295e-06 9.227537739114834750e-06 1.444682945124343103e-05 1.096726987739002469e-05
5.991152135531495333e+03 9.145209244609342150e-06 9.145209411739371313e-06 1.412825430281114368e-05 1.080622431971995238e-05
5.991252135481495316e+03 9.087616271162471377e-06 9.087564314880748213e-06 1.383167725353480350e-05 1.066895261319267606e-05
5.991352135431495299e+03 9.056630309140157242e-06 9.056395373976763947e-06 1.355843799983931728e-05 1.055715456098541339e-05
5.991452135381495282e+03 9.051146694870311761e-06 9.051024456043425709e-06 1.330784229069075852e-05 1.047000448053483087e-05
5.991552135331495265e+03 9.067378173666977583e-06 9.067500167371825734e-06 1.307248904918377499e-05 1.040245579674085831e-05
5.991652135281495248e+03 9.109000303486260744e-06 9.108904934434835848e-06 1.285452210404027139e-05 1.035747578065378933e-05
5.991752135231495231e+03 9.176177340213719842e-06 9.176181448330908622e-06 1.265449951284412895e-05 1.033561943379625360e-05
5.991852135181495214e+03 9.269825096931000319e-06 9.269807308220859180e-06 1.247311641166912170e-05 1.033758293894032820e-05
5.991952135131495197e+03 9.377969668540888471e-06 9.377783144119942484e-06 1.229680896842323025e-05 1.035085392702801871e-05
5.992052135081495180e+03 9.507188393202719483e-06 9.507192300254208801e-06 1.213142979864160067e-05 1.038193683069950909e-05
5.992152135031495163e+03 9.652211236207760441e-06 9.652233292125031967e-06 1.197201627932485087e-05 1.042548693588588222e-05
5.992252134981495146e+03 9.814545655705182804e-06 9.814567000907199981e-06 1.181924893961301810e-05 1.048278719874180199e-05
5.992352134931495129e+03 9.984178171964083333e-06 9.984095503092233563e-06 1.166441037839441394e-05 1.054422801781690915e-05
5.992452134881495112e+03 1.016336455094203649e-05 1.016333534224051018e-05 1.151343156388801917e-05 1.061337715235685585e-05
5.992552134831495096e+03 1.034511515596287686e-05 1.034515688571189885e-05 1.136223230431537716e-05 1.068416811533005209e-05
5.992652134781495079e+03 1.051036847059500292e-05 1.051037063233468429e-05 1.119379569269038386e-05 1.073817826520668979e-05
5.992752134731495062e+03 1.065568739849830834e-05 1.065576534646896909e-05 1.101175231662115001e-05 1.077440168719614192e-05
5.992852134681495045e+03 1.076257119776895060e-05 1.076257646538344732e-05 1.080699168355973593e-05 1.077737978223737851e-05
5.992952134631495028e+03 1.081562902317329805e-05 1.081563900748064460e-05 1.057510793457828545e-05 1.073545865507740993e-05
5.993052134581495011e+03 1.079057347085147921e-05 1.079056037524482853e-05 1.030579808838563157e-05 1.062897731149397921e-05
5.993152134531494994e+03 1.064917545674729010e-05 1.064917673262668275e-05 9.976994885903070441e-06 1.042511569175901330e-05
5.993252134481494977e+03 1.037855829519537922e-05 1.037857474394977593e-05 9.595169881306903287e-06 1.011743430681735168e-05
5.993352134431494960e+03 9.947221418711492223e-06 9.947227454558373527e-06 9.140626644224748203e-06 9.678358505831537420e-06
5.993452134381494943e+03 9.366403837300710312e-06 9.366400556588855313e-06 8.626924026064172122e-06 9.119909473317913147e-06
5.993552134331494926e+03 8.667977426353147430e-06 8.667977200196214487e-06 8.072593265421143971e-06 8.469515963990169194e-06
5.993652134281494909e+03 7.892348405381842405e-06 7.892345055150591741e-06 7.507623337798688725e-06 7.764105599443706776e-06
5.993752134231494892e+03 7.138779043588458828e-06 7.138776348089835802e-06 6.969714369158591122e-06 7.082423253612295251e-06
5.993852134181494876e+03 6.450713064959894881e-06 6.450710815692518761e-06 6.481355626005029760e-06 6.460926502219147800e-06
5.993952134131494859e+03 5.851315549272355571e-06 5.851313473046145774e-06 6.052050769690068924e-06 5.918226597336190090e-06
5.994052134081494842e+03 5.342731087809860387e-06 5.342729053703460800e-06 5.680661716848333273e-06 5.455373952787217871e-06
5.994152134031494825e+03 4.915850502949911065e-06 4.915848463050796300e-06 5.360662290162298695e-06 5.064120418721001738e-06
5.994252133981494808e+03 4.557810879503434859e-06 4.557808822905990500e-06 5.083976827701664152e-06 4.733198843370362605e-06
5.994352133931494791e+03 4.255948347617644913e-06 4.255946277919656107e-06 4.842938168927551269e-06 4.451610931488283814e-06
5.994452133881494774e+03 3.999326176278592588e-06 3.999324101379392887e-06 4.631002191880282600e-06 4.209884156512756308e-06
5.994552133831494757e+03 3.779041845592272766e-06 3.779039773891778217e-06 4.442849776605987048e-06 4.000310465363346434e-06
5.994652133781494740e+03 3.588043018041805075e-06 3.588040957240115647e-06 4.274250360563168725e-06 3.816778111948363855e-06
5.994752133731494723e+03 3.420803237635635251e-06 3.420801193932976211e-06 4.121864154484702394e-06 3.654489528684437811e-06
5.994852133681494706e+03 3.273000172925679567e-06 3.272998151222247902e-06 3.983053549243015431e-06 3.509683957796981108e-06
5.994952133631494689e+03 3.141242995424076675e-06 3.141240999720008346e-06 3.855725516873678920e-06 3.379403170672587416e-06
5.995052133581494672e+03 3.022856146621910913e-06 3.022854179817373465e-06 3.738207191051174331e-06 3.261305839163485954e-06
5.995152133531494655e+03 2.915712981084701880e-06 2.915711045379803677e-06 3.629150178684628593e-06 3.153524735049711525e-06
5.995252133481494639e+03 2.818109497926236671e-06 2.818107595021054153e-06 3.527457777030040175e-06 3.054558289992444090e-06
5.995352133431494622e+03 2.728668920238869367e-06 2.728667051133512124e-06 3.432229772989239128e-06 2.963188581453873540e-06
5.995452133381494605e+03 2.646269534336049941e-06 2.646267699830548637e-06 3.342720502242027626e-06 2.878419245469541786e-06
5.995552133331494588e+03 2.569989916453779914e-06 2.569988117048181720e-06 3.258306842060556758e-06 2.799428291854172233e-06
5.995652133281494571e+03 2.499067129618705487e-06 2.499065365313089601e-06 3.178463634707252759e-06 2.725532043213015949e-06
5.995752133231494554e+03 2.432864613191822780e-06 2.432862884186157587e-06 3.102744687395600343e-06 2.656157394924527045e-06
5.995852133181494537e+03 2.370847347279924632e-06 2.370845653274289741e-06 3.030767973363845576e-06 2.590820324639353457e-06
5.995952133131494520e+03 2.312562502613366018e-06 2.312560843407745611e-06 2.962204018599368725e-06 2.529109121540160118e-06
5.996052133081494503e+03 2.257624258315283771e-06 2.257622633509711007e-06 2.896766719469308796e-06 2.470671203764767999e-06
5.996152133031494486e+03 2.205701801726881303e-06 2.205700210721388770e-06 2.834206026945334035e-06 2.415202679797868036e-06
5.996252132981494469e+03 2.156509778334394334e-06 2.156508220728949970e-06 2.774302076481961503e-06 2.362440025181768885e-06
5.996352132931494452e+03 2.109800640084253413e-06 2.109799115178906883e-06 2.716860444249019494e-06 2.312153399837393404e-06
5.996452132881494435e+03 2.065358472460897178e-06 2.065356979755616135e-06 2.661708286300199123e-06 2.264141246172236914e-06
5.996552132831494418e+03 2.022993985707709621e-06 2.022992524502528060e-06 2.608691176464089219e-06 2.218225895558108967e-06
5.996652132781494402e+03 1.982540422791611541e-06 1.982538992486513344e-06 2.557670499864510111e-06 2.174249971714211807e-06
5.996752132731494385e+03 1.943850199289347738e-06 1.943848799184349961e-06 2.508521290350069545e-06 2.132073429607922274e-06
5.996852132681494368e+03 1.906792127300201635e-06 1.906790756695304391e-06 2.461130426741562601e-06 2.091571103579022735e-06
5.996952132631494351e+03 1.871249109275653877e-06 1.871247767670825454e-06 2.415395119389385247e-06 2.052630665445288405e-06
5.997052132581494334e+03 1.837116213958964754e-06 1.837114900554255378e-06 2.371221633234785960e-06 2.015150915916001890e-06
5.997152132531494317e+03 1.804299060840952318e-06 1.804297774936346221e-06 2.328524204683990485e-06 1.979040346820429392e-06
5.997252132481494300e+03 1.772712458819076909e-06 1.772711199914540896e-06 2.287224119081028682e-06 1.944215925938215637e-06
5.997352132431494283e+03 1.742279253566679492e-06 1.742278020962248194e-06 2.247248920289067631e-06 1.910602064939331420e-06
5.997452132381494266e+03 1.712929346507657216e-06 1.712928139503330958e-06 2.208531730574795519e-06 1.878129738861927544e-06
5.997552132331494249e+03 1.684598856992694890e-06 1.684597675088440477e-06 2.171010663391820798e-06 1.846735731824318651e-06
5.997652132281494232e+03 1.657229403983221051e-06 1.657228246579056248e-06 2.134628313071928733e-06 1.816361987878068607e-06
5.997752132231494215e+03 1.630767487234380396e-06 1.630766353630322469e-06 2.099331310812601726e-06 1.786955050559101671e-06
5.997852132181494198e+03 1.605163952383057942e-06 1.605162842079073485e-06 2.065069935569823023e-06 1.758465576677318291e-06
5.997952132131494182e+03 1.580373527137694250e-06 1.580372439533801238e-06 2.031797773651604279e-06 1.730847913441033185e-06
5.998052132081494165e+03 1.556354417467488037e-06 1.556353352063669580e-06 1.999471416910005345e-06 1.704059728813720776e-06
5.998152132031494148e+03 1.533067954796441567e-06 1.533066910992715431e-06 1.968050197538031434e-06 1.678061687775729407e-06
5.998252131981494131e+03 1.510478286895112218e-06 1.510477264291444434e-06 1.937495951863172639e-06 1.652817167683243238e-06
5.998352131931494114e+03 1.488552106375555497e-06 1.488551104371981407e-06 1.907772810344377780e-06 1.628292007030638087e-06
5.998452131881494097e+03 1.467258410787084005e-06 1.467257428883586719e-06 1.878847010069450110e-06 1.604454283246706733e-06
5.998552131831494080e+03 1.446568291110509328e-06 1.446567328807089319e-06 1.850686726850196661e-06 1.581274115589264962e-06
