40467.2240392794    4.804639638e-05    4.8042072598e-05    4.7999835554e-05    4.8029434844e-05
40467.324039279396    4.8449189494970696e-05    4.84447593099707e-05    4.8403187023970655e-05    4.843237860963735e-05
40467.424039279394    4.8856991881970324e-05    4.885245529597033e-05    4.8811536938970286e-05    4.8840328038970316e-05
40467.52403927939    4.926977709796997e-05    4.9265134416969976e-05    4.922485452196993e-05    4.925325534563663e-05
40467.62403927939    4.968652127396967e-05    4.968177286296968e-05    4.964211492096964e-05    4.967013635263633e-05
40467.72403927939    5.010802801496933e-05    5.010317417196934e-05    5.00641217739693e-05    5.0091774653635995e-05
40467.82403927939    5.053538061693781e-05    5.0530422436937826e-05    5.049194895593774e-05    5.0519250669937785e-05
40467.92403927939    5.096668272393724e-05    5.0961620685937253e-05    5.092370685493717e-05    5.095067008827055e-05
40468.024039279386    5.140267868693655e-05    5.139751391093657e-05    5.136013158593649e-05    5.138677472793653e-05
40468.124039279384    5.1844186730935754e-05    5.183892045193577e-05    5.1802039801935697e-05    5.182838232826908e-05
40468.22403927938    5.2290912073934996e-05    5.228554563193501e-05    5.224913512293494e-05    5.227519760960165e-05
40468.32403927938    5.274256319590141e-05    5.273709782590143e-05    5.270112652390134e-05    5.2726929181901394e-05
40468.42403927938    5.3199020731900365e-05    5.319345832590039e-05    5.31578861779003e-05    5.3183455078567016e-05
40468.52403927938    5.3660291299899314e-05    5.365463389089933e-05    5.361941874189926e-05    5.36447813108993e-05
40468.62403927938    5.412641099089825e-05    5.4120660747898273e-05    5.408575833589821e-05    5.411094335823158e-05
40468.724039279376    5.4598176041897024e-05    5.459233503989704e-05    5.455770164189699e-05    5.458273757456368e-05
40468.824039279374    5.507494016586124e-05    5.506901112486127e-05    5.503459386786121e-05    5.5059515052861244e-05
40468.92403927937    5.5556935438859716e-05    5.555092100885974e-05    5.55166674508597e-05    5.5541507966193064e-05
40469.02403927937    5.604379474785831e-05    5.6037698259858326e-05    5.60035463738583e-05    5.6028346460524976e-05
40469.12403927937    5.6535962622856765e-05    5.652978754385678e-05    5.649567321985677e-05    5.6520474462190105e-05
40469.22403927937    5.703327951185526e-05    5.7027029335855286e-05    5.6992887792855296e-05    5.701773221352194e-05
40469.32403927937    5.7536464827816936e-05    5.7530143673816964e-05    5.749590057281701e-05    5.752083635815031e-05
40469.424039279365    5.804401979281535e-05    5.8037631767815376e-05    5.8003212473815445e-05    5.8028288011482055e-05
40469.524039279364    5.8557528488813186e-05    5.855107840481321e-05    5.8516398299813304e-05    5.8541668397813226e-05
40469.62403927936    5.907581438481145e-05    5.906930706881147e-05    5.903428093281159e-05    5.9059800795478165e-05
40469.72403927936    5.959985322380936e-05    5.959329423180938e-05    5.9557826554809534e-05    5.9583658003476096e-05
40469.82403927936    6.012875658276911e-05    6.0122151487769125e-05    6.0086145571769354e-05    6.011235121410253e-05
40469.92403927936    6.066239176776704e-05    6.065574690176705e-05    6.061909537176734e-05    6.0645744680433806e-05
40470.02403927936    6.120222948476434e-05    6.119555122876435e-05    6.115814526576467e-05    6.118530865976445e-05
40470.124039279355    6.17462553667625e-05    6.173955092676252e-05    6.17012705127629e-05    6.172902560209598e-05
40470.224039279354    6.229547417176023e-05    6.228875071176024e-05    6.224947510376067e-05    6.227789999576039e-05
40470.32403927935    6.285007971671753e-05    6.284334512971754e-05    6.280294309971811e-05    6.283212264871772e-05
40470.42403927935    6.34098498577149e-05    6.34031128967149e-05    6.336144245271554e-05    6.339146840238179e-05
40470.52403927935    6.397469451471232e-05    6.396796382771231e-05    6.392488014871302e-05    6.395584616371255e-05
40470.62403927935    6.454444484270981e-05    6.453773008570982e-05    6.449307682771061e-05    6.452508391871007e-05
40470.72403927935    6.511943997170715e-05    6.511275090070713e-05    6.5066369085708e-05    6.509951998604077e-05
40470.824039279345    6.56990914196626e-05    6.569243848566258e-05    6.564415857166368e-05    6.567856282566295e-05
40470.92403927934    6.628315809766003e-05    6.627655252965999e-05    6.622619348966121e-05    6.626196803899374e-05
40471.02403927934    6.687280594765678e-05    6.686625994465674e-05    6.681362777265807e-05    6.685089788832387e-05
40471.12403927934    6.746679161465426e-05    6.74603175746542e-05    6.740521527865566e-05    6.744410815598804e-05
40471.22403927934    6.806577725165135e-05    6.80593877916513e-05    6.800161270465286e-05    6.804225924931852e-05
40471.32403927934    6.866864321760521e-05    6.866235259860517e-05    6.860168004760706e-05    6.864422528793914e-05
40471.424039279336    6.927660340760188e-05    6.927042606160182e-05    6.920662898060386e-05    6.925121948326918e-05
40471.524039279335    6.988876396859914e-05    6.988271467759905e-05    6.981555855560126e-05    6.986234573393314e-05
40471.62403927933    7.05051164235964e-05    7.04992116375963e-05    7.042844004559867e-05    7.047758936893045e-05
40471.72403927933    7.1125114450594e-05    7.111937084659389e-05    7.104472340059643e-05    7.109640289926145e-05
40471.82403927933    7.17499122335454e-05    7.174434707254527e-05    7.166555360054828e-05    7.171993763554632e-05
40471.92403927933    7.237775949654319e-05    7.237239160854304e-05    7.228916148654626e-05    7.234643753054417e-05
40472.02403927933    7.300988429454006e-05    7.30047323055399e-05    7.291677488654335e-05    7.297713049554112e-05
40472.124039279326    7.36451419125378e-05    7.364022624153761e-05    7.354722703154129e-05    7.361086506187224e-05
40472.224039279325    7.428426142153498e-05    7.427960294053479e-05    7.41812396045387e-05    7.424836798886949e-05
40472.32403927932    7.492559006148671e-05    7.492121090948649e-05    7.481714397649105e-05    7.488798164915475e-05
40472.42403927932    7.557090570148351e-05    7.556682838848329e-05    7.545671218048812e-05    7.553148209015163e-05
40472.52403927932    7.621904240748126e-05    7.6215290435481e-05    7.609876416948613e-05    7.617769900414946e-05
40472.62403927932    7.686997024947903e-05    7.686656867147874e-05    7.674325174648418e-05    7.682659688914732e-05
40472.72403927932    7.752271184847758e-05    7.751968600047728e-05    7.738919057548302e-05    7.747719614147928e-05
40472.824039279316    7.81781791634277e-05    7.817555612442735e-05    7.803747233543397e-05    7.813040254109633e-05
40472.924039279314    7.883503507842648e-05    7.883284217442612e-05    7.86867542474331e-05    7.878487716676191e-05
40473.02403927931    7.949410083642456e-05    7.949236677142415e-05    7.933784080043152e-05    7.944143613609341e-05
40473.12403927931    8.015464897742327e-05    8.015340332842284e-05    7.99899916354306e-05    8.009934798042556e-05
40473.22403927931    8.08170950444216e-05    8.081636878942115e-05    8.064360515742932e-05    8.075902299709069e-05
40473.32403927931    8.147942743937353e-05    8.1479252416373e-05    8.12966576293823e-05    8.141844582837628e-05
40473.42403927931    8.214278202637255e-05    8.214319084837201e-05    8.195027502738175e-05    8.207874930070877e-05
40473.524039279306    8.280653360037217e-05    8.28075602493716e-05    8.260381344138183e-05    8.273930243037521e-05
40473.624039279304    8.347012828937233e-05    8.34718078423717e-05    8.325670647938243e-05    8.339954753704216e-05
40473.7240392793    8.413401806637204e-05    8.413638624537139e-05    8.390939560738264e-05    8.405993330637536e-05
40473.8240392793    8.479724426932442e-05    8.480033864232367e-05    8.456089983733636e-05    8.471949424966147e-05
40473.9240392793    8.54591056823258e-05    8.546296443732503e-05    8.521051014733828e-05    8.537752675566305e-05
40474.0240392793    8.611972722432707e-05    8.612438918432625e-05    8.58583425153401e-05    8.603415297466448e-05
40474.1240392793    8.677895668132849e-05    8.678446184532764e-05    8.650422901134207e-05    8.668921584599941e-05
40474.224039279296    8.743618803333052e-05    8.744257781632962e-05    8.71475466003447e-05    8.734210415000162e-05
40474.324039279294    8.809134230428497e-05    8.809865884428395e-05    8.778820789830078e-05    8.799273634895658e-05
40474.42403927929    8.874315664028862e-05    8.875144286028756e-05    8.842493956930508e-05    8.863984635662709e-05
40474.52403927929    8.939157904229232e-05    8.94008794232912e-05    8.905766940330945e-05    8.928337595629766e-05
40474.62403927929    9.003693416629566e-05    9.004729357629451e-05    8.968672014631345e-05    8.99236492963012e-05
40474.72403927929    9.067826446330006e-05    9.068972828729885e-05    9.031112469031852e-05    9.055970581363915e-05
40474.82403927929    9.131475383125903e-05    9.132736861325769e-05    9.093005555827947e-05    9.119072600093206e-05
40474.924039279285    9.194678258626421e-05    9.196059604026282e-05    9.154387705628541e-05    9.181708522760415e-05
40475.024039279284    9.257310269527088e-05    9.25881629802694e-05    9.215133800929282e-05    9.243753456161104e-05
40475.12403927928    9.31936390912776e-05    9.32099946682761e-05    9.275235967830032e-05    9.3051997812618e-05
40475.22403927928    9.380816970828458e-05    9.382586983328303e-05    9.334671096030809e-05    9.36602501672919e-05
40475.32403927928    9.441569464124854e-05    9.443478937824682e-05    9.393338296227434e-05    9.426128899392323e-05
40475.42403927928    9.5015579264258e-05    9.503611904525621e-05    9.451173884428463e-05    9.485447905126629e-05
40475.52403927928    9.56081130002671e-05    9.563014798626524e-05    9.508207176029455e-05    9.544011091560897e-05
40475.624039279275    9.619330270627617e-05    9.621688386227427e-05    9.564438028430447e-05    9.601818895095165e-05
40475.724039279274    9.676895698528796e-05    9.679413558228598e-05    9.619647135331712e-05    9.658652130696367e-05
40475.82403927927    9.733502439525864e-05    9.736185142625648e-05    9.673829929429038e-05    9.714505837193517e-05
40475.92403927927    9.789198105527058e-05    9.792050835426835e-05    9.727032923330321e-05    9.76942728809474e-05
40476.02403927927    9.843910079728345e-05    9.846938006228116e-05    9.7791842570317e-05    9.823344114329387e-05
40476.12403927927    9.897490389529828e-05    9.900698534729592e-05    9.830137946533267e-05    9.876108956930896e-05
40476.22403927927    9.949988462831245e-05    9.953381868431003e-05    9.879943391234772e-05    9.927771240832339e-05
40476.324039279265    0.00010001262854929116    0.00010004846599928853    9.928458917232931e-05    9.978189457363634e-05
40476.42403927926    0.00010051335158930779    0.00010055114243930508    9.975707501034682e-05    0.0001002738563463199
40476.52403927926    0.00010100160926932502    0.00010104140258932225    0.00010021646093936493    0.00010075315759933742
40476.62403927926    0.00010147696909934285    0.00010151881347934    0.00010066232437938362    0.00010121936898602216
40476.72403927926    0.00010193799951936265    0.00010198194157935975    0.00010109326271940426    0.00010167106793937556
40476.82403927926    0.00010238519954934923    0.00010243128628934612    0.0001015097708193939    0.00010210875221936308
40476.924039279256    0.0001028177174693706    0.00010286599443936743    0.0001019110228094161    0.0001025315782393847
40477.024039279255    0.00010323486200939296    0.00010328537296938973    0.00010229635271943928    0.00010293886256607398
40477.12403927925    0.00010363710879941465    0.00010368989557941135    0.00010266626290946171    0.00010333108909609589
40477.22403927925    0.00010402271480943887    0.00010407781895943549    0.00010301901814948667    0.00010370651730612034
40477.32403927925    0.00010439147641943656    0.00010444893778943296    0.00010335444152948748    0.00010406495191278567
40477.42403927925    0.00010474371833946179    0.00010480357392945812    0.00010367289861951342    0.00010440673029614444
40477.52403927925    0.00010507931122948722    0.00010514159682948351    0.00010397427827953951    0.00010473172877950342
40477.624039279246    0.00010539622985951577    0.000105460978379512    0.00010425659696956864    0.00010503793506953213
40477.724039279245    0.00010569517704954322    0.00010576242051953942    0.00010452057195959666    0.00010532605650955977
40477.82403927924    0.00010597638039954988    0.00010604614684954584    0.00010476648847960635    0.00010559633857623402
40477.92403927924    0.00010623904639957954    0.00010631136277957547    0.00010499356739963651    0.00010584799219293052
40478.02403927924    0.00010648007235961419    0.00010655496179961007    0.00010519876299967155    0.0001060779323862986
40478.12403927924    0.00010669980851964828    0.0001067772934296441    0.00010538243469970599    0.00010628651221633279
40478.22403927924    0.00010690438982967254    0.00010698448757966835    0.00010555079184973051    0.00010647988975302379
40478.324039279236    0.00010708714685969416    0.00010716987297968977    0.00010569718650975502    0.00010665140211637966
40478.424039279234    0.00010724829832973032    0.0001073336650097259    0.00010582188778979132    0.00010680128370974918
40478.52403927923    0.00010739430689975566    0.00010748232441975122    0.00010593138353981675    0.00010693600495310788
40478.62403927923    0.00010751184198980331    0.00010760251628979887    0.0001060124079198644    0.00010704225539982218
40478.72403927923    0.0001076140881398289    0.00010770742231982445    0.00010607818294988992    0.00010713323113651441
40478.82403927923    0.00010768780039987127    0.00010778379313986664    0.0001061155231599348    0.00010719570556655756
40478.92403927923    0.00010774619562989803    0.0001078448448798934    0.00010613765715996135    0.00010724289922325093
40479.024039279226    0.00010778265648993633    0.00010788395420993172    0.00010613804980999931    0.00010726822016995578
40479.124039279224    0.00010779715947997468    0.00010790109596997006    0.00010611670210003729    0.00010727165251666068
40479.22403927922    0.00010778974321001296    0.00010789630335000837    0.00010607372549007504    0.00010725325735003212
40479.32403927922    0.00010776042629005333    0.00010786959361004859    0.00010600915618011744    0.00010721305869340645
40479.42403927922    0.00010770268972010502    0.00010781444397010032    0.00010591652835016849    0.00010714455401345796
40479.52403927922    0.00010762970079013276    0.00010774401702012811    0.00010580907226019547    0.00010706093002348545
40479.62403927922    0.0001075349847601723    0.00010765183574016767    0.00010568034402023417    0.00010695572150685805
40479.724039279216    0.00010741858772021172    0.00010753794181020717    0.00010553044874027266    0.00010682899275689717
40479.824039279214    0.00010728055966026112    0.00010740238307025644    0.00010535946495032346    0.00010668080256028033
40479.92403927921    0.00010712100888030183    0.00010724526373029724    0.00010516755420036304    0.00010651127560365405
40480.02403927921    0.00010694001824034239    0.00010706666332033786    0.00010495484610040239    0.00010632050922036088
40480.12403927921    0.00010673771276038272    0.00010686670522037826    0.00010472148538044146    0.00010610863445373416
40480.22403927921    0.00010650769296043514    0.00010663898469043079    0.0001044611445904925    0.00010586927408045279
40480.32403927921    0.00010626312327048046    0.00010639666369047605    0.00010418701408053853    0.00010561560034716502
40480.424039279205    0.00010599759535052164    0.00010613333304051732    0.00010389269964057818    0.00010534120934387236
40480.524039279204    0.00010571122895056256    0.00010584910758055836    0.00010357838682061747    0.00010504624111724612
40480.6240392792    0.0001054043820206028    0.00010554434337059871    0.00010324445493065602    0.00010473106010728583
40480.7240392792    0.00010508347946063042    0.00010522546185062645    0.00010289737407068185    0.00010440210512731291
40480.8240392792    0.00010473557217070878    0.00010487951249070479    0.00010252421075076022    0.00010404643180405792
40480.9240392792    0.00010437427490073606    0.0001045201086107322    0.00010213860258078558    0.00010367766203075128
40481.0240392792    0.00010398668046078963    0.0001041343389707859    0.00010172768631083715    0.00010328290191413758
40481.124039279195    0.00010358547141081737    0.0001037348860508138    0.00010130414878086286    0.00010287483541416468
40481.224039279194    0.00010316482967085695    0.00010331592835085353    0.00010086221076090035    0.00010244765626087028
40481.32403927919    0.00010273162436091407    0.00010288433544091067    0.00010040873779095683    0.00010200823253092719
40481.42403927919    0.0001022726249609685    0.00010242687332096525    9.9930541254009e-05    0.00010154334651198092
40481.52403927919    0.00010180748772098145    0.00010196319665097836    9.944729274901966e-05    0.0001010726590403265
40481.62403927919    0.00010131740961103409    0.00010147450324103116    9.894017898007002e-05    0.00010057736394404509
40481.72403927919    0.00010081547891105909    0.00010097388024105632    9.842229792909275e-05    0.00010007055236040273
40481.824039279185    0.0001002951375811358    0.00010045476686113312    9.788711811316819e-05    9.954567418514571e-05
40481.92403927918    9.97653576911564e-05    9.992613589515389e-05    9.734361759818634e-05    9.901170372816555e-05
40482.02403927918    9.921897477119263e-05    9.93808227571903e-05    9.678461708222018e-05    9.84614715368677e-05
40482.12403927918    9.865962684122093e-05    9.882246428521877e-05    9.621377401024603e-05    9.789862171222856e-05
40482.22403927918    9.80868686812502e-05    9.825061449624823e-05    9.563064313827285e-05    9.732270877192376e-05
40482.32403927918    9.750143727532046e-05    9.76660119183186e-05    9.503593870234139e-05    9.673446263199348e-05
40482.424039279176    9.690400299434755e-05    9.706932749234585e-05    9.443032468336598e-05    9.613455172335313e-05
40482.524039279175    9.629571217837203e-05    9.646170605937051e-05    9.381496310238798e-05    9.552412711337685e-05
40482.62403927917    9.567627630239716e-05    9.584286088139583e-05    9.318953499041069e-05    9.490289072473455e-05
40482.72403927917    9.504741125441843e-05    9.521450836041728e-05    9.255574765242953e-05    9.427255575575509e-05
40482.82403927917    9.44083608664879e-05    9.45758914954869e-05    9.191285348649685e-05    9.363236861615722e-05
40482.92403927917    9.375998796450962e-05    9.392787556450878e-05    9.126167732351614e-05    9.298318028417818e-05
40483.02403927917    9.310320930052918e-05    9.327137795252852e-05    9.06031266255333e-05    9.2325904626197e-05
40483.124039279166    9.243867581754724e-05    9.260704946954676e-05    8.993785038054897e-05    9.166119188921433e-05
40483.224039279165    9.176695711056396e-05    9.193546308156366e-05    8.926636772956342e-05    9.0989595973897e-05
40483.32403927916    9.108823840962965e-05    9.12568045246295e-05    8.858885880262674e-05    9.031130057896197e-05
40483.42403927916    9.040357082264394e-05    9.057212423064396e-05    8.79063742516387e-05    8.962735643497553e-05
40483.52403927916    8.971284928565847e-05    8.988132163765866e-05    8.721874788765104e-05    8.893763960365604e-05
40483.62403927916    8.901647786567203e-05    8.91848019696724e-05    8.652636932166245e-05    8.824254971900229e-05
40483.72403927916    8.831589147568216e-05    8.848399887168267e-05    8.58306836366704e-05    8.754352466134508e-05
40483.824039279156    8.761072083674447e-05    8.777854749774516e-05    8.513125724173026e-05    8.684017519207331e-05
40483.924039279154    8.690237916575232e-05    8.706986252575317e-05    8.442948612173606e-05    8.613390927108052e-05
40484.02403927915    8.619051744076101e-05    8.635759545076202e-05    8.372500987074275e-05    8.54243742540886e-05
40484.12403927915    8.547665435876598e-05    8.564326752876713e-05    8.301930852174579e-05    8.471307680309297e-05
40484.22403927915    8.476004442977276e-05    8.492613428577406e-05    8.231161995575071e-05    8.399926622376583e-05
40484.32403927915    8.404183206582899e-05    8.420734430283046e-05    8.160303227380448e-05    8.328406954748798e-05
40484.42403927915    8.33219225448333e-05    8.348680159683492e-05    8.089346184080698e-05    8.256739532749174e-05
40484.524039279146    8.26011098708356e-05    8.276530483283736e-05    8.018363940080762e-05    8.185001803482687e-05
40484.624039279144    8.188060837883483e-05    8.204406759783669e-05    7.947478452180515e-05    8.113315349949221e-05
40484.72403927914    8.116021327183455e-05    8.132289075183654e-05    7.876661869680341e-05    8.041657424015817e-05
40484.82403927914    8.043945247188793e-05    8.060129999389009e-05    7.805869425285429e-05    7.969981557287743e-05
40484.92403927914    7.97196545178854e-05    7.988062850888769e-05    7.735227422985035e-05    7.89841857522078e-05
40485.02403927914    7.900106451388223e-05    7.916112269088463e-05    7.664758419384583e-05    7.826992379953756e-05
40485.12403927914    7.828396100887833e-05    7.844306246288085e-05    7.594488110484062e-05    7.755730152553328e-05
40485.224039279135    7.756909336887249e-05    7.77271985208751e-05    7.52448960018335e-05    7.684706263052702e-05
40485.324039279134    7.685631075691889e-05    7.701338276992166e-05    7.454743520987763e-05    7.61390429122394e-05
40485.42403927913    7.614565127891317e-05    7.630165593391604e-05    7.385250308487084e-05    7.543327009923335e-05
40485.52403927913    7.543833757290415e-05    7.559324090990713e-05    7.316131371986074e-05    7.473096406755735e-05
40485.62403927913    7.473347082589757e-05    7.488724077290062e-05    7.247294299285318e-05    7.403121819721711e-05
40485.72403927913    7.403251017788705e-05    7.418511700489019e-05    7.178881181584175e-05    7.333547966620633e-05
40485.82403927913    7.333508958592826e-05    7.348650424893157e-05    7.110854504288085e-05    7.264337962591357e-05
40485.924039279125    7.264206569291611e-05    7.279226199591948e-05    7.04329604878679e-05    7.195576272556783e-05
40486.024039279124    7.195247919690661e-05    7.210143172791005e-05    6.976108246785764e-05    7.127166446422477e-05
40486.12403927912    7.126721378789468e-05    7.141489874889817e-05    6.909377144684503e-05    7.059196132787928e-05
40486.22403927912    7.058701335888066e-05    7.073340854388422e-05    6.84317476108304e-05    6.99173898378651e-05
40486.32403927912    6.991186327291583e-05    7.005694802291953e-05    6.777497342086368e-05    6.924792823889968e-05
40486.42403927912    6.924099116490369e-05    6.938474419890747e-05    6.712267393585097e-05    6.858280309988739e-05
40486.52403927912    6.857566157388794e-05    6.871806649289179e-05    6.647605740683485e-05    6.792326182453821e-05
40486.624039279115    6.79153549728737e-05    6.805639423287759e-05    6.583462091082016e-05    6.726879003885715e-05
40486.724039279114    6.72609679088569e-05    6.740062582086083e-05    6.519922046180303e-05    6.66202713971736e-05
40486.82403927911    6.66120111538887e-05    6.675027291089277e-05    6.456936003683314e-05    6.59772147005382e-05
40486.92403927911    6.596858705887261e-05    6.610543883987671e-05    6.394511969581679e-05    6.53397151981887e-05
40487.02403927911    6.533096399185573e-05    6.546639277585986e-05    6.332675327979968e-05    6.47080366825051e-05
40487.12403927911    6.469992035683658e-05    6.483391525084075e-05    6.271501618478039e-05    6.40829505974859e-05
40487.22403927911    6.407433488582069e-05    6.42068846098249e-05    6.210878205976438e-05    6.346333385180332e-05
40487.324039279105    6.345531803684661e-05    6.358641313485095e-05    6.150913736678883e-05    6.28502895128288e-05
40487.4240392791    6.284261557382777e-05    6.297224714683214e-05    6.091581788776995e-05    6.224356020280994e-05
40487.5240392791    6.223594426480979e-05    6.236410390781418e-05    6.032853111675196e-05    6.164285976312531e-05
40487.6240392791    6.163592202078995e-05    6.176260158079437e-05    5.974788352673215e-05    6.104880237610549e-05
40487.7240392791    6.104240548077054e-05    6.116759777877497e-05    5.9173716149712825e-05    6.046123980308611e-05
40487.8240392791    6.045491025279533e-05    6.057860958579989e-05    5.860552912073632e-05    5.987968298644385e-05
40487.924039279096    5.987446324677379e-05    5.999666324077837e-05    5.804434886671491e-05    5.9305158451422355e-05
40488.024039279095    5.9300507851753955e-05    5.9421203581758547e-05    5.748960050669526e-05    5.873710398006925e-05
40488.12403927909    5.873319056973367e-05    5.885237702073828e-05    5.694142513267517e-05    5.817566424104904e-05
40488.22403927909    5.8172508450713395e-05    5.829018078871802e-05    5.6399812586655115e-05    5.7620833942028843e-05
40488.32403927909    5.7618219743734185e-05    5.773437373873893e-05    5.5864513833674766e-05    5.7072369105382636e-05
40488.42403927909    5.70703486307141e-05    5.718497993871887e-05    5.533554745465496e-05    5.653029200802931e-05
40488.52403927909    5.652960414669181e-05    5.664270968369658e-05    5.481360166063299e-05    5.599530516367379e-05
40488.624039279086    5.599524150167184e-05    5.610681865167662e-05    5.429793408461335e-05    5.546666474598727e-05
40488.724039279085    5.546735857665156e-05    5.5577402914656364e-05    5.378864473759339e-05    5.494446874296711e-05
40488.82403927908    5.494635009066797e-05    5.505485978867288e-05    5.328610457060884e-05    5.4429104816649904e-05
40488.92403927908    5.443162782364785e-05    5.453859953165276e-05    5.278974271458906e-05    5.391999002329655e-05
40489.02403927908    5.392327824962744e-05    5.402870855163238e-05    5.229963042956906e-05    5.341720574360963e-05
40489.12403927908    5.3421755477605586e-05    5.3525642785610525e-05    5.1816208449547635e-05    5.292120223758791e-05
40489.22403927908    5.292645816758565e-05    5.3028799647590604e-05    5.1338889598528104e-05    5.2431382471234784e-05
40489.324039279076    5.2438241733598506e-05    5.2539033776603584e-05    5.0868520097540076e-05    5.1948598535914046e-05
40489.424039279074    5.195592847257918e-05    5.2055169382584255e-05    5.0403914243521205e-05    5.1471670699561545e-05
40489.52403927907    5.1479760473559063e-05    5.157744679156415e-05    4.9945325598501506e-05    5.10008442878749e-05
40489.62403927907    5.101051939153638e-05    5.110664820954148e-05    4.9493524915479276e-05    5.053689750551905e-05
40489.72403927907    5.054724448451685e-05    5.0641813224521955e-05    4.904754579546022e-05    5.007886783483301e-05
40489.82403927907    5.008967595453146e-05    5.018268240553668e-05    4.8607122780474065e-05    4.962649371351407e-05
40489.92403927907    4.9638791060509085e-05    4.9730231830514326e-05    4.817324681545216e-05    4.9180756568825194e-05
40490.024039279066    4.9193230321491264e-05    4.928310177549652e-05    4.7744564943434775e-05    4.874029901347418e-05
40490.124039279064    4.875392918547031e-05    4.884222801547558e-05    4.732199836741431e-05    4.830605185612007e-05
40490.22403927906    4.8320513184450614e-05    4.8407236285455895e-05    4.690516754739511e-05    4.78776390057672e-05
40490.32403927906    4.7893459790460395e-05    4.7978603182465794e-05    4.6494570592404115e-05    4.745554452177677e-05
40490.42403927906    4.747165781544244e-05    4.755521733644785e-05    4.608908884838663e-05    4.7038654666758974e-05
40490.52403927906    4.705558088342286e-05    4.713755301542829e-05    4.5689191330367534e-05    4.662744174307289e-05
40490.62403927906    4.664540430240268e-05    4.672578420540813e-05    4.529505412334783e-05    4.622208087705288e-05
40490.724039279055    4.6239957553386506e-05    4.6318741400391966e-05    4.4905518220332096e-05    4.5821405724703516e-05
40490.824039279054    4.584032991339569e-05    4.591751273640128e-05    4.452167195334057e-05    4.542650486771251e-05
40490.92403927905    4.544625608137628e-05    4.552183396938189e-05    4.4143238284321664e-05    4.503710944502661e-05
40491.02403927905    4.505736749335818e-05    4.51313353743638e-05    4.376987603030395e-05    4.465285963267531e-05
40491.12403927905    4.467374398133979e-05    4.474609663934543e-05    4.3401651882286005e-05    4.4273830834323745e-05
40491.22403927905    4.429493414532298e-05    4.4365666948328636e-05    4.3038120669269624e-05    4.389957392097375e-05
40491.32403927905    4.392131259733204e-05    4.3990419363337836e-05    4.267966684027797e-05    4.3530466266982616e-05
40491.424039279045    4.355286758531359e-05    4.362034292931941e-05    4.2326276634259913e-05    4.3166495716297634e-05
40491.524039279044    4.318905473829707e-05    4.325489370830291e-05    4.19774056032438e-05    4.280711801661459e-05
40491.62403927904    4.283024680727923e-05    4.289444430828508e-05    4.163342027122638e-05    4.2452703795596894e-05
40491.72403927904    4.247514174826603e-05    4.25376924852719e-05    4.129303558421355e-05    4.2101956605917156e-05
40491.82403927904    4.2125368165272466e-05    4.218626663627848e-05    4.095787970421929e-05    4.175650483525674e-05
40491.92403927904    4.1779487008258314e-05    4.183872724526434e-05    4.062652585920546e-05    4.1414913370909376e-05
40492.02403927904    4.143861899424007e-05    4.1496195086246125e-05    4.030009516318755e-05    4.107830308122458e-05
40492.124039279035    4.110196109022476e-05    4.115786772923083e-05    3.997777665417259e-05    4.074586849120939e-05
40492.22403927903    4.0769387312209894e-05    4.082361953621599e-05    3.965946053615803e-05    4.0417489128194636e-05
40492.32403927903    4.044085879821908e-05    4.0493411063225315e-05    3.934510695616649e-05    4.009312560587029e-05
40492.42403927903    4.0116295824204366e-05    4.016716320021062e-05    3.903462807915211e-05    3.977269570118903e-05
40492.52403927903    3.979571596418959e-05    3.9844894113195856e-05    3.872805952313759e-05    3.945622320017435e-05
40492.62403927903    3.947848247817717e-05    3.952596624518346e-05    3.842475974012546e-05    3.91430694878287e-05
40492.724039279026    3.916596491915967e-05    3.921174971816598e-05    3.812611646910819e-05    3.883461036881128e-05
40492.824039279025    3.8856681270170176e-05    3.890076384217662e-05    3.7830617523118024e-05    3.852935421182161e-05
40492.92403927902    3.855125817515557e-05    3.8593634133162025e-05    3.753893203610359e-05    3.82279414481404e-05
40493.02403927902    3.82490511141434e-05    3.828971699514987e-05    3.725039284609169e-05    3.792972031846165e-05
40493.12403927902    3.79502272681306e-05    3.7989179864137085e-05    3.6965182849079095e-05    3.763486332711559e-05
40493.22403927902    3.765465505211829e-05    3.769189358712478e-05    3.668313703206712e-05    3.734322855710339e-05
40493.32403927902    3.7362328876127285e-05    3.739784971113391e-05    3.640431024607523e-05    3.7054829611112136e-05
40493.424039279016    3.707362176111333e-05    3.710742411811995e-05    3.612903668306153e-05    3.677002752076493e-05
40493.524039279015    3.678781403210215e-05    3.681989684310878e-05    3.585660271405058e-05    3.648810452975384e-05
40493.62403927901    3.6504766282091506e-05    3.653513016609814e-05    3.558686587004018e-05    3.620892077274328e-05
40493.72403927901    3.622479723007963e-05    3.625344196608626e-05    3.532017292702843e-05    3.5932804041064774e-05
40493.82403927901    3.594841534108591e-05    3.597534243209266e-05    3.505700062703401e-05    3.5660252800070856e-05
40493.92403927901    3.567405048807798e-05    3.569926096408473e-05    3.479581440602621e-05    3.5389708619396305e-05
40494.02403927901    3.5402304853067694e-05    3.5425802129074426e-05    3.453718126201618e-05    3.5121762748052766e-05
40494.124039279006    3.5133662084055506e-05    3.515544938706222e-05    3.4281596499004195e-05    3.485690265670731e-05
40494.224039279005    3.486711471704727e-05    3.488719596105397e-05    3.402806396699613e-05    3.4594124881699126e-05
40494.324039279    3.460297947705701e-05    3.4621361092063815e-05    3.3776871333005215e-05    3.433373730070868e-05
40494.424039279    3.4341886665044834e-05    3.4358573217051616e-05    3.352869257199316e-05    3.407638415136321e-05
40494.524039279    3.408346791603413e-05    3.4098467846040884e-05    3.32831004179828e-05    3.382167872668594e-05
40494.624039279    3.382713404002579e-05    3.384045433003251e-05    3.303956140497459e-05    3.356904992501097e-05
40494.724039279    3.357274209501802e-05    3.358439129002471e-05    3.279790349896706e-05    3.3318345628003264e-05
40494.824039278996    3.332021097702895e-05    3.333019959103571e-05    3.255803313197736e-05    3.306948123334734e-05
40494.924039278994    3.307044358501769e-05    3.307878217602441e-05    3.232087104296632e-05    3.282336560133614e-05
40495.02403927899    3.282340642000656e-05    3.283010640501324e-05    3.208637563595546e-05    3.257996282032508e-05
40495.12403927899    3.257749910900196e-05    3.258257382500858e-05    3.185293172895118e-05    3.233766822098724e-05
40495.22403927899    3.2333367425994724e-05    3.233683132500129e-05    3.162118237794427e-05    3.209712704298009e-05
40495.32403927899    3.209195288500122e-05    3.209382008100784e-05    3.1392096741950083e-05    3.1859289902653046e-05
40495.42403927899    3.1852072929994854e-05    3.1852360499001405e-05    3.116444370594415e-05    3.162295904498013e-05
40495.524039278986    3.1614648784984665e-05    3.161337262299115e-05    3.093918624793421e-05    3.1389069218636676e-05
40495.624039278984    3.1378178180980716e-05    3.137535697998712e-05    3.071477724193069e-05    3.115610413429951e-05
40495.72403927898    3.114379606897206e-05    3.113944961197838e-05    3.0492365708922406e-05    3.092520379662429e-05
40495.82403927898    3.0911501251980294e-05    3.090564913198665e-05    3.0271950448930163e-05    3.0696366944299035e-05
40495.92403927898    3.0681103784972295e-05    3.0673767148978554e-05    3.0053340752922544e-05    3.0469403895624464e-05
40496.02403927898    3.0451780365967758e-05    3.0442979930973935e-05    2.9835716169918387e-05    3.0243492155620028e-05
40496.12403927898    3.0224339220959815e-05    3.021409886296589e-05    2.961985914591093e-05    3.0019432409945546e-05
40496.224039278975    2.9998307877953864e-05    2.9986652913959833e-05    2.9405282367905527e-05    2.979674771993974e-05
40496.324039278974    2.9774022196962814e-05    2.9760976732968786e-05    2.9192347760914088e-05    2.95757822302819e-05
40496.42403927897    2.955115437895673e-05    2.9536743230962594e-05    2.898073412190842e-05    2.9356210577275914e-05
40496.52403927897    2.9330069514949077e-05    2.931432081695482e-05    2.8770755099901403e-05    2.9138381810601766e-05
40496.62403927897    2.9110026495944603e-05    2.909296703995023e-05    2.8561716717897362e-05    2.8921570084597398e-05
40496.72403927897    2.8891263987939105e-05    2.8872919073944626e-05    2.8353880114892205e-05    2.8706021058925317e-05
40496.82403927897    2.867400522594846e-05    2.8654403654953945e-05    2.8147434760901254e-05    2.8491947880601218e-05
40496.924039278965    2.84579060149434e-05    2.8437074394948768e-05    2.7942093331896432e-05    2.82790245805962e-05
40497.024039278964    2.8241935795942834e-05    2.8219895096948112e-05    2.7736943622895595e-05    2.8066258171928845e-05
40497.12403927896    2.802673370093948e-05    2.800350000094469e-05    2.7532784188891273e-05    2.7854339296925145e-05
40497.22403927896    2.780992609694649e-05    2.7785463739951854e-05    2.732842617589214e-05    2.7641272004263495e-05
40497.32403927896    2.7601495478925086e-05    2.757583752993039e-05    2.713429727786161e-05    2.7437210095572363e-05
40497.42403927896    2.7396731035291817e-05    2.7369995341835474e-05    2.694176923111926e-05    2.7236165202748848e-05
40497.52403927896    2.719382780335294e-05    2.716607597886552e-05    2.6750314377577898e-05    2.7036739386598785e-05
40497.624039278955    2.6992455576580636e-05    2.6963737120068247e-05    2.65598790540636e-05    2.6838690583570827e-05
40497.72403927895    2.6792480962875623e-05    2.6762839754341096e-05    2.6370458969551472e-05    2.6641926562256063e-05
40497.82403927895    2.6593839383217634e-05    2.6563316150662632e-05    2.6182062132049012e-05    2.644640588864309e-05
40497.92403927895    2.6396497276562033e-05    2.6365130801987462e-05    2.5994699482527247e-05    2.6252109187025583e-05
40498.02403927895    2.6200437011915326e-05    2.6168264790321838e-05    2.5808381926999983e-05    2.6059027909745714e-05
40498.12403927895    2.600564977827306e-05    2.5972708408661106e-05    2.562311938846771e-05    2.5867159191800622e-05
40498.224039278946    2.5812131892632655e-05    2.5778457305002574e-05    2.5438920618931023e-05    2.5676503272188754e-05
40498.324039278945    2.561988274200655e-05    2.5585510341358657e-05    2.5255793298403785e-05    2.548706212725633e-05
40498.42403927894    2.542890359836572e-05    2.5393868333700193e-05    2.5073744231859715e-05    2.529883872130854e-05
40498.52403927894    2.523919690172366e-05    2.5203533309040706e-05    2.4892779568312537e-05    2.5111836593025633e-05
40498.62403927894    2.5050765828079994e-05    2.501450803837982e-05    2.4712905005762483e-05    2.4926059624074095e-05
40498.72403927894    2.4863614018434495e-05    2.48267957537173e-05    2.4534125955209705e-05    2.4741511909120496e-05
40498.82403927894    2.467774540980053e-05    2.4640399967066575e-05    2.4356447677667193e-05    2.4558197684844766e-05
40498.924039278936    2.4493164117150873e-05    2.445532434640034e-05    2.4179875379109047e-05    2.4376121280886753e-05
40499.024039278935    2.4309874361499084e-05    2.4271572635732217e-05    2.400441428354827e-05    2.4195287093593193e-05
40499.12403927893    2.412788041384514e-05    2.4089148599062193e-05    2.3830069672984827e-05    2.4015699561964055e-05
40499.22403927893    2.3947186544189045e-05    2.3908055975390276e-05    2.365684690841867e-05    2.3837363142665995e-05
40499.32403927893    2.376779699254386e-05    2.372829843972959e-05    2.3484751435862292e-05    2.366028228937858e-05
40499.42403927893    2.358971593388342e-05    2.354987957605392e-05    2.3313788777290525e-05    2.3484461429075956e-05
40499.52403927893    2.3412947443220922e-05    2.3372802841376505e-05    2.314396451471594e-05    2.3309904933104454e-05
40499.624039278926    2.323749547155643e-05    2.3197071545697415e-05    2.2975284266138517e-05    2.3136617094464117e-05
40499.724039278924    2.3063363816890022e-05    2.3022688822016747e-05    2.280775365555826e-05    2.2964602098155014e-05
40499.82403927892    2.2890556096234365e-05    2.2849657604347188e-05    2.2641378282987277e-05    2.2793863994522943e-05
40499.92403927892    2.271907572156431e-05    2.267798060166357e-05    2.2476163692401308e-05    2.2624406671876396e-05
40500.02403927892    2.2548925873892655e-05    2.250766027797871e-05    2.2312115338812583e-05    2.2456233830227987e-05
40500.12403927892    2.2380109481219516e-05    2.2338698831292742e-05    2.214923855322117e-05    2.228934895524448e-05
40500.22403927892    2.2212629198545042e-05    2.217109817460581e-05    2.198753851362714e-05    2.2123755295592662e-05
40500.324039278916    2.2046487384881462e-05    2.2004859915930158e-05    2.182702021504227e-05    2.1959455838617962e-05
40500.424039278914    2.1881686090204665e-05    2.1839985347241658e-05    2.166768843744322e-05    2.179645329162985e-05
40500.52403927891    2.1718227034526996e-05    2.1676475426552673e-05    2.1509547723841878e-05    2.1634750061640514e-05
40500.62403927891    2.1556111595848632e-05    2.1514330767863384e-05    2.1352602353238375e-05    2.1474348238983468e-05
40500.72403927891    2.1395340799169752e-05    2.1353551628173963e-05    2.1196856316632855e-05    2.1315249581325525e-05
40500.82403927891    2.1235915302502136e-05    2.1194137902496192e-05    2.104231330103672e-05    2.1157455502011683e-05
40500.92403927891    2.1077835392822682e-05    2.1036089112806967e-05    2.0888976666427556e-05    2.1000967057352402e-05
40501.024039278906    2.092110097514327e-05    2.0879404405118172e-05    2.0736849434816867e-05    2.084578493835944e-05
40501.124039278904    2.076571156646411e-05    2.072408254343e-05    2.058593427120483e-05    2.0691909460366316e-05
40501.2240392789    2.0611666298785385e-05    2.0570121911742645e-05    2.0436233476591636e-05    2.053934056237322e-05
40501.3240392789    2.0458963909118406e-05    2.0417520509067405e-05    2.0287748973988272e-05    2.038807779739136e-05
40501.4240392789    2.0307602742441055e-05    2.0266275951382166e-05    2.0140482302373238e-05    2.0238120332065487e-05
40501.5240392789    2.0157580753764737e-05    2.0116385472698322e-05    1.999443460975762e-05    2.008946694540689e-05
40501.6240392789    2.000889550708965e-05    1.9967845931016066e-05    1.9849606651141627e-05    1.9942116029749116e-05
40501.724039278895    1.986154418341599e-05    1.9820653809335583e-05    1.970599877952545e-05    1.979606559075901e-05
40501.824039278894    1.9715523577754567e-05    1.967480522266768e-05    1.956361095291966e-05    1.965131325111397e-05
40501.92403927889    1.9570830113084233e-05    1.953029592399121e-05    1.9422442725303644e-05    1.950785625412636e-05
40502.02403927889    1.9427459839415893e-05    1.9387121308317066e-05    1.9282493256688054e-05    1.936569146814034e-05
40502.12403927889    1.9285408444749728e-05    1.924527642564542e-05    1.9143761307073087e-05    1.9224815392489413e-05
40502.22403927889    1.9144671264085927e-05    1.9104755985976448e-05    1.9006245249458946e-05    1.9085224166507108e-05
