30498.0025796365    8.3120333908e-06    8.3120333878e-06    8.328349781e-06    8.317472186533333e-06
30498.1025796365    8.2900092076e-06    8.2900092036e-06    8.3064657664e-06    8.295494725866667e-06
30498.202579636498    8.268697044300776e-06    8.268697040300777e-06    8.285292129700771e-06    8.274228738100776e-06
30498.302579636496    8.247327900800778e-06    8.247327897900778e-06    8.264060210400773e-06    8.252905336367443e-06
30498.402579636495    8.225783312700785e-06    8.225783309200784e-06    8.24265146990078e-06    8.231406030600783e-06
30498.502579636493    8.205632771801465e-06    8.205632768001465e-06    8.222634296901456e-06    8.21129994556813e-06
30498.602579636492    8.184239376801557e-06    8.184239373301557e-06    8.201372479801546e-06    8.18995040996822e-06
30498.70257963649    8.164675230102134e-06    8.164675227102135e-06    8.18193758660212e-06    8.170429347935466e-06
30498.80257963649    8.144664748302184e-06    8.144664745002184e-06    8.16205438350217e-06    8.150461292268845e-06
30498.902579636488    8.124802219102168e-06    8.124802215802168e-06    8.142316639202155e-06    8.130640358035496e-06
30499.002579636486    8.105130694602863e-06    8.105130690902862e-06    8.122767225202844e-06    8.111009536902856e-06
30499.102579636485    8.086197770002755e-06    8.086197766702754e-06    8.103954082702738e-06    8.09211653980275e-06
30499.202579636483    8.06784597120334e-06    8.067845967303339e-06    8.085719269603318e-06    8.073803736036664e-06
30499.302579636482    8.04920918520339e-06    8.04920918110339e-06    8.067196555503369e-06    8.055204973936716e-06
30499.40257963648    8.031685149803188e-06    8.031685146303188e-06    8.049784004503168e-06    8.037718100203181e-06
30499.50257963648    8.013827386903898e-06    8.013827383103898e-06    8.032034776303875e-06    8.019896515437223e-06
30499.602579636477    7.996162710803857e-06    7.996162706803855e-06    8.014475569803832e-06    8.002266995803849e-06
30499.702579636476    7.979409609804265e-06    7.979409605604266e-06    7.99782518190424e-06    7.98554813243759e-06
30499.802579636475    7.962695565604257e-06    7.962695560904258e-06    7.981210795204233e-06    7.968867307237582e-06
30499.902579636473    7.945876580104282e-06    7.945876576404283e-06    7.964488722704259e-06    7.952080626404275e-06
30500.00257963647    7.930267000504543e-06    7.930266995804543e-06    7.948973028604517e-06    7.936502341637866e-06
30500.10257963647    7.914430708504609e-06    7.91443070480461e-06    7.933227551304583e-06    7.920696321537933e-06
30500.20257963647    7.899482946304894e-06    7.899482942504894e-06    7.918367600704865e-06    7.905777829838218e-06
30500.302579636467    7.88472785060483e-06    7.88472784820483e-06    7.903697629604803e-06    7.891051109471487e-06
30500.402579636466    7.869917844104848e-06    7.869917840304848e-06    7.888970236104821e-06    7.876268640171506e-06
30500.502579636464    7.85630956610495e-06    7.85630956230495e-06    7.875441406804922e-06    7.862686845071609e-06
30500.602579636463    7.842539384505009e-06    7.84253938150501e-06    7.861748563504983e-06    7.848942443171668e-06
30500.70257963646    7.829640466705162e-06    7.829640463305162e-06    7.84892406590513e-06    7.83606833197182e-06
30500.80257963646    7.816954617405077e-06    7.816954613705076e-06    7.836310259205049e-06    7.823406496771735e-06
30500.90257963646    7.804227888905092e-06    7.804227884205093e-06    7.823653251005065e-06    7.810703008038417e-06
30501.002579636457    7.792680190905042e-06    7.792680186405041e-06    7.812173264005012e-06    7.799177880438365e-06
30501.102579636456    7.7809971953051e-06    7.7809971901051e-06    7.800555825805071e-06    7.787516737071757e-06
30501.202579636454    7.770135541105136e-06    7.770135536505137e-06    7.789757652905107e-06    7.776676243505125e-06
30501.302579636453    7.759355943005098e-06    7.759355939705097e-06    7.779039912305069e-06    7.76591726500509e-06
30501.40257963645    7.748952758404919e-06    7.74895275480492e-06    7.768697139304891e-06    7.755534217504912e-06
30501.50257963645    7.739695348504714e-06    7.739695343504714e-06    7.759498243904686e-06    7.74629631197137e-06
30501.60257963645    7.730056575104909e-06    7.730056570804909e-06    7.749916736304881e-06    7.7366766274049e-06
30501.702579636447    7.721586995904621e-06    7.721586992204622e-06    7.741503407704591e-06    7.728225798604613e-06
30501.802579636445    7.713205483604574e-06    7.713205479404574e-06    7.733176980504543e-06    7.719862647837898e-06
30501.902579636444    7.705699050204095e-06    7.705699045104097e-06    7.725724612504068e-06    7.71237423593742e-06
30502.002579636443    7.698452987804219e-06    7.698452982704218e-06    7.718531965204186e-06    7.705145978570875e-06
30502.10257963644    7.691879301203828e-06    7.691879297603828e-06    7.712010964403796e-06    7.698589854403815e-06
30502.20257963644    7.685624536303868e-06    7.685624531903867e-06    7.705808543303836e-06    7.692352537170524e-06
30502.302579636438    7.68038696930324e-06    7.680386964003239e-06    7.700622912303206e-06    7.687132281869895e-06
30502.402579636437    7.675282222903157e-06    7.675282218703158e-06    7.695569761003126e-06    7.682044734203147e-06
30502.502579636435    7.670117172703383e-06    7.670117168103383e-06    7.69045631300335e-06    7.676896884603371e-06
30502.602579636434    7.665897789402763e-06    7.665897785602763e-06    7.68628875550273e-06    7.672694776836085e-06
30502.702579636432    7.662517442402337e-06    7.662517438202336e-06    7.6829603545023e-06    7.669331745035658e-06
30502.80257963643    7.65949319460209e-06    7.65949318990209e-06    7.679988225702054e-06    7.666324870068744e-06
30502.90257963643    7.65683029760184e-06    7.656830293101841e-06    7.677377993801804e-06    7.663679528168494e-06
30503.002579636428    7.655006889901327e-06    7.655006884701326e-06    7.675607707101287e-06    7.661873827234646e-06
30503.102579636427    7.653808371300873e-06    7.653808366400872e-06    7.674463086600833e-06    7.660693274767525e-06
30503.202579636425    7.65274945400081e-06    7.65274944930081e-06    7.673458763600768e-06    7.659652555634127e-06
30503.302579636424    7.653017097399794e-06    7.653017092999795e-06    7.673781760999752e-06    7.659938650466448e-06
30503.402579636422    7.653335480799756e-06    7.653335475599756e-06    7.674156536999713e-06    7.660275831133077e-06
30503.50257963642    7.65366065119974e-06    7.65366064549974e-06    7.674539303599694e-06    7.660620200099725e-06
30503.60257963642    7.655950281898166e-06    7.655950276298167e-06    7.67688768059812e-06    7.662929412931486e-06
30503.702579636418    7.658271752498056e-06    7.658271746898057e-06    7.679269091798008e-06    7.665270863731376e-06
30503.802579636416    7.660554762298089e-06    7.660554757098089e-06    7.681613486298039e-06    7.667574335231407e-06
30503.902579636415    7.663969041697143e-06    7.663969034997143e-06    7.68509078039709e-06    7.671009619030458e-06
30504.002579636413    7.667749828196698e-06    7.667749822096699e-06    7.688936139596642e-06    7.674811929963346e-06
30504.102579636412    7.672904256495498e-06    7.672904248695499e-06    7.694156786795442e-06    7.679988430662147e-06
30504.20257963641    7.677659018795675e-06    7.677659012695674e-06    7.698979621495613e-06    7.684765884328988e-06
30504.30257963641    7.683934021594293e-06    7.683934015894293e-06    7.705324753794228e-06    7.69106426376094e-06
30504.402579636408    7.690518349994012e-06    7.690518344294012e-06    7.711981322493945e-06    7.697672672260656e-06
30504.502579636406    7.697315448893572e-06    7.697315441693571e-06    7.718852731893499e-06    7.70449454082688e-06
30504.602579636405    7.70512772829261e-06    7.70512772069261e-06    7.726741716992538e-06    7.712332388659253e-06
30504.702579636403    7.713959179691325e-06    7.713959173491325e-06    7.735652456891247e-06    7.721190270024633e-06
30504.8025796364    7.72345896149067e-06    7.72345895669067e-06    7.745234148890587e-06    7.730717355690641e-06
30504.9025796364    7.733080675390549e-06    7.733080669890549e-06    7.754940717890466e-06    7.740367354390522e-06
30505.0025796364    7.743861920989017e-06    7.743861915389018e-06    7.765809838988927e-06    7.751177891788989e-06
30505.102579636397    7.755046596588607e-06    7.755046591688608e-06    7.777085508688514e-06    7.762392898988575e-06
30505.202579636396    7.767604179486752e-06    7.767604173286752e-06    7.789737650586653e-06    7.774982001120052e-06
30505.302579636395    7.779755328787182e-06    7.779755322987181e-06    7.801987164987077e-06    7.787165938920479e-06
30505.402579636393    7.793379030785627e-06    7.793379025685627e-06    7.81571315098552e-06    7.800823735818923e-06
30505.50257963639    7.80714985408497e-06    7.807149849184971e-06    7.829590557684856e-06    7.814630086984932e-06
30505.60257963639    7.822074264583712e-06    7.822074258683711e-06    7.84462600918359e-06    7.829591510817004e-06
30505.70257963639    7.838041313081992e-06    7.838041307081992e-06    7.86070898548186e-06    7.845597201881948e-06
30505.802579636387    7.85457903298135e-06    7.85457902808135e-06    7.877367986181212e-06    7.862175349081304e-06
30505.902579636386    7.871663985080732e-06    7.871663978480731e-06    7.894579909780589e-06    7.87930262444735e-06
30506.002579636384    7.889671402679035e-06    7.889671396879036e-06    7.912720393478882e-06    7.897354397678985e-06
30506.102579636383    7.908287260478328e-06    7.908287254378327e-06    7.931475851978165e-06    7.91601678894494e-06
30506.20257963638    7.92784506647652e-06    7.92784505927652e-06    7.951180246076344e-06    7.935623457276461e-06
30506.30257963638    7.947942093375872e-06    7.947942088175873e-06    7.971431653375687e-06    7.95577194497581e-06
30506.40257963638    7.969115522174581e-06    7.969115518174581e-06    7.992767635874387e-06    7.976999558741185e-06
30506.502579636377    7.990976372272959e-06    7.99097636787296e-06    8.014799704272748e-06    7.99891748147289e-06
30506.602579636376    8.013586690472033e-06    8.013586684772033e-06    8.037590814271808e-06    8.021588063171958e-06
30506.702579636374    8.037276721269835e-06    8.037276714469836e-06    8.061472039469591e-06    8.045341825069753e-06
30506.802579636373    8.061826997668742e-06    8.06182699246874e-06    8.086224353068484e-06    8.069959447735321e-06
30506.90257963637    8.086528208668548e-06    8.086528202768549e-06    8.111139545868275e-06    8.094731985768455e-06
30507.00257963637    8.112975966965362e-06    8.112975961665362e-06    8.137814271765065e-06    8.12125540013193e-06
30507.10257963637    8.139658076565054e-06    8.139658070665055e-06    8.16473707516474e-06    8.148017740798284e-06
30507.202579636367    8.167782764662143e-06    8.167782767362142e-06    8.193117054161798e-06    8.176227528728694e-06
30507.302579636365    8.196374836761515e-06    8.196374832061513e-06    8.221980321961149e-06    8.204909996928058e-06
30507.402579636364    8.225848986860326e-06    8.225848981560327e-06    8.251742984559938e-06    8.234480317660195e-06
30507.502579636362    8.256119280358154e-06    8.256119275358154e-06    8.28232016325773e-06    8.264852906324679e-06
30507.60257963636    8.287492980056629e-06    8.287492973756628e-06    8.314020298056176e-06    8.296335417289812e-06
30507.70257963636    8.320377706753342e-06    8.320377697553343e-06    8.34725246125285e-06    8.32933595518651e-06
30507.802579636358    8.353410495153133e-06    8.353410489353132e-06    8.380655064852608e-06    8.362492016452957e-06
30507.902579636357    8.387528064351594e-06    8.387528060951594e-06    8.415166559951034e-06    8.396740895084742e-06
30508.002579636355    8.422497339349113e-06    8.422497333949114e-06    8.450555575848502e-06    8.431850083048907e-06
30508.102579636354    8.45883633484712e-06    8.45883633064712e-06    8.487341771346469e-06    8.46833814561357e-06
30508.202579636352    8.495463360145367e-06    8.495463353045368e-06    8.524445026944657e-06    8.505123913378464e-06
30508.30257963635    8.533816885842792e-06    8.533816879642792e-06    8.563305971342036e-06    8.54364657894254e-06
30508.40257963635    8.57290979444169e-06    8.57290979184169e-06    8.602939618440885e-06    8.582919734908088e-06
30508.502579636348    8.613044858338675e-06    8.613044850738675e-06    8.643650417837795e-06    8.623246708971715e-06
30508.602579636346    8.654377075136847e-06    8.654377073236847e-06    8.68559543473591e-06    8.664783194369867e-06
30508.702579636345    8.696264760134473e-06    8.696264757134474e-06    8.728135468633454e-06    8.706888328634133e-06
30508.802579636344    8.739099202532992e-06    8.739099197132993e-06    8.771663608231908e-06    8.74995400263263e-06
30508.902579636342    8.783569613530433e-06    8.783569606830433e-06    8.816871753929279e-06    8.794670324763381e-06
30509.00257963634    8.828802986527594e-06    8.828802980627593e-06    8.862889292126338e-06    8.840165086427176e-06
30509.10257963634    8.874961444626114e-06    8.874961438626114e-06    8.90988063012478e-06    8.88660117112567e-06
30509.202579636338    8.92282676792164e-06    8.92282676532164e-06    8.958629606620194e-06    8.934761046621157e-06
30509.302579636336    8.971414538020456e-06    8.971414535820457e-06    9.008154689818923e-06    8.983661254553277e-06
30509.402579636335    9.020987149118846e-06    9.020987143518845e-06    9.05872083011722e-06    9.033565040918304e-06
30509.502579636333    9.072219484914265e-06    9.072219461814265e-06    9.111004818312505e-06    9.085147921680344e-06
30509.602579636332    9.124242362512942e-06    9.124242354712942e-06    9.164141066811079e-06    9.13754192801232e-06
30509.70257963633    9.177296872809285e-06    9.177296863109284e-06    9.218373079307272e-06    9.190988938408613e-06
30509.80257963633    9.231641035907079e-06    9.231641025107078e-06    9.273960135604954e-06    9.245747398873038e-06
30509.902579636328    9.28742463550462e-06    9.28742462710462e-06    9.331055095102376e-06    9.301968119237203e-06
30510.002579636326    9.344473549300378e-06    9.34447353590038e-06    9.389487081797965e-06    9.359478055666242e-06
30510.102579636325    9.402406497098835e-06    9.402406503298835e-06    9.448875996896293e-06    9.417896332431322e-06
30510.202579636323    9.461563635794546e-06    9.461563633694547e-06    9.509565212291816e-06    9.477564160593637e-06
30510.30257963632    9.522489907391393e-06    9.522489899091391e-06    9.572101497088523e-06    9.539027101190437e-06
30510.40257963632    9.584514461689436e-06    9.584514454389435e-06    9.635815591686423e-06    9.601614835921764e-06
30510.50257963632    9.647982720684551e-06    9.64798270268455e-06    9.701056266081327e-06    9.665673896483477e-06
30510.602579636317    9.713124689581507e-06    9.713124668181508e-06    9.768054570478131e-06    9.73143464274705e-06
30510.702579636316    9.778956503577857e-06    9.778956515477859e-06    9.835828106274254e-06    9.797913708443323e-06
30510.802579636314    9.846826955774075e-06    9.846826937874075e-06    9.90572870297031e-06    9.866460865539486e-06
30510.902579636313    9.915847554771941e-06    9.91584754277194e-06    9.976868209268011e-06    9.936187768937298e-06
30511.00257963631    9.986044009567206e-06    9.986044011267206e-06    1.0049274787863025e-05    1.000712093623248e-05
30511.10257963631    1.0058255388863394e-05    1.0058255365863395e-05    1.012378757385904e-05    1.0080099442861945e-05
30511.20257963631    1.0132082241857652e-05    1.0132082224857652e-05    1.0200009297853034e-05    1.0154724588189445e-05
30511.302579636307    1.0206851528855835e-05    1.0206851514855834e-05    1.0277268208851035e-05    1.0230323750854237e-05
30511.402579636306    1.0283896674851448e-05    1.0283896656851447e-05    1.0356896225846466e-05    1.0308229852516456e-05
30511.502579636304    1.03619313478467e-05    1.0361931339846701e-05    1.0437611024841435e-05    1.038715790417828e-05
30511.602579636303    1.0442284008842148e-05    1.0442284001842147e-05    1.0520739970836691e-05    1.0468435993840329e-05
30511.7025796363    1.0524378681835739e-05    1.0524378662835738e-05    1.0605706615829992e-05    1.0551487986833821e-05
30511.8025796363    1.060782156783304e-05    1.060782155983304e-05    1.0692119261827099e-05    1.0635920796497726e-05
30511.9025796363    1.0693134711829298e-05    1.0693134718829297e-05    1.0780499605823162e-05    1.072225634549392e-05
30512.002579636297    1.0780261727822498e-05    1.0780261727822498e-05    1.0870790497816053e-05    1.0810437984487018e-05
30512.102579636296    1.0869444111818312e-05    1.0869444098818311e-05    1.0963234854811666e-05    1.0900707688482763e-05
30512.202579636294    1.0960400838811387e-05    1.0960400828811387e-05    1.1057551040804421e-05    1.0992784236142396e-05
30512.302579636293    1.1053214365807537e-05    1.1053214345807538e-05    1.1153820119800372e-05    1.1086749610471815e-05
30512.40257963629    1.1148354427802712e-05    1.1148354408802712e-05    1.1252513295795345e-05    1.118307404413359e-05
30512.50257963629    1.1245858952794262e-05    1.1245858962794262e-05    1.1353666835786564e-05    1.128179491712503e-05
30512.60257963629    1.1345121403790553e-05    1.1345121394790554e-05    1.145667518178265e-05    1.1382305993454584e-05
30512.702579636287    1.1446187464783072e-05    1.1446187454783072e-05    1.1561582046774827e-05    1.1484652322113659e-05
30512.802579636285    1.1549693159777835e-05    1.1549693140777834e-05    1.1669024258769386e-05    1.1589470186441685e-05
30512.902579636284    1.1655645077772584e-05    1.1655645097772583e-05    1.1779006652763933e-05    1.1696765609436366e-05
30513.002579636282    1.1763454271764676e-05    1.1763454297764676e-05    1.1890940565755672e-05    1.1805949711761674e-05
30513.10257963628    1.1874348137757942e-05    1.1874348148757941e-05    1.2006053224748732e-05    1.1918249837088206e-05
30513.20257963628    1.1987149277749674e-05    1.1987149295749675e-05    1.2123167351740105e-05    1.2032488641746485e-05
30513.302579636278    1.2102451787744125e-05    1.2102451762744125e-05    1.224287411973435e-05    1.2149259223407532e-05
30513.402579636277    1.2220909740737122e-05    1.2220909752737121e-05    1.2365828229727144e-05    1.2269215907733797e-05
30513.502579636275    1.2341321635728406e-05    1.2341321649728405e-05    1.2490827920718057e-05    1.2391157068724958e-05
30513.602579636274    1.2464916973721224e-05    1.2464916990721225e-05    1.2619101701710673e-05    1.2516311888717708e-05
30513.702579636272    1.259052346871212e-05    1.259052346371212e-05    1.2749479872701183e-05    1.2643508935041809e-05
30513.80257963627    1.2719350343704737e-05    1.2719350331704738e-05    1.2883166869693599e-05    1.277395584836769e-05
30513.90257963627    1.285082039569868e-05    1.285082040669868e-05    1.301958516368734e-05    1.2907075322028236e-05
30514.002579636268    1.2985569761686262e-05    1.2985569745686263e-05    1.3159373753674528e-05    1.3043504420349017e-05
30514.102579636266    1.3123003202680013e-05    1.3123003178680012e-05    1.3301934421668075e-05    1.31826469343427e-05
30514.202579636265    1.3263749772667179e-05    1.3263749786667178e-05    1.344789827165484e-05    1.3325132610329732e-05
30514.302579636264    1.3407857740659231e-05    1.340785773165923e-05    1.3597310542646687e-05    1.3471008671655049e-05
30514.402579636262    1.3554725152652704e-05    1.3554725150652705e-05    1.374956778863996e-05    1.3619672697315123e-05
30514.50257963626    1.3704968326639255e-05    1.3704968296639257e-05    1.3905287721626106e-05    1.3771741448301538e-05
30514.60257963626    1.3858626134631058e-05    1.3858626127631058e-05    1.4064509163617699e-05    1.3927253808626603e-05
30514.702579636258    1.4015709674617117e-05    1.4015709686617118e-05    1.4227242765603347e-05    1.4086220708945859e-05
30514.802579636256    1.417567610361009e-05    1.4175676118610091e-05    1.4392944324596111e-05    1.4248098848938762e-05
30514.902579636255    1.4339752090600074e-05    1.4339752081600074e-05    1.4562839830585889e-05    1.4414114667595344e-05
30515.002579636253    1.4507939842583933e-05    1.4507939838583933e-05    1.4736929471569333e-05    1.4584269717579064e-05
30515.102579636252    1.4679068563576659e-05    1.4679068602576658e-05    1.4914045012561847e-05    1.475739405957172e-05
30515.20257963625    1.4854356431559993e-05    1.4854356435559992e-05    1.509540049154476e-05    1.493470445288825e-05
30515.30257963625    1.5033840591549458e-05    1.5033840571549458e-05    1.528103451653402e-05    1.5116238559877646e-05
30515.402579636248    1.5216966838540316e-05    1.5216966849540316e-05    1.5470387666524684e-05    1.5301440451535102e-05
30515.502579636246    1.540375761652432e-05    1.540375764052432e-05    1.5663487349508255e-05    1.5490334202185632e-05
30515.602579636245    1.5595424207511907e-05    1.5595424203511906e-05    1.5861540313495642e-05    1.5684129574839818e-05
30515.702579636243    1.5790798173495356e-05    1.5790798143495356e-05    1.606337130747868e-05    1.5881655874823134e-05
30515.80257963624    1.5991116208482585e-05    1.5991116167482585e-05    1.6270225286465703e-05    1.6084152554143624e-05
30515.90257963624    1.619524150447275e-05    1.619524149347275e-05    1.648095666145569e-05    1.6290479886467066e-05
30516.00257963624    1.6404353528452265e-05    1.6404353507452265e-05    1.6696745012434774e-05    1.6501817349446432e-05
30516.102579636237    1.6617888880440678e-05    1.661788886044068e-05    1.6917023530423016e-05    1.6717600423768124e-05
30516.202579636236    1.6835900319421023e-05    1.6835900318421023e-05    1.7141842224402942e-05    1.693788095408166e-05
30516.302579636234    1.7059005882407494e-05    1.7059005899407492e-05    1.7371818411389247e-05    1.716327673106808e-05
30516.402579636233    1.7287240488393873e-05    1.7287240518393873e-05    1.7606983426375467e-05    1.739382147772107e-05
30516.50257963623    1.7520049455373253e-05    1.7520049462373252e-05    1.7846778437354447e-05    1.7628959118366987e-05
30516.60257963623    1.775807153935922e-05    1.7758071524359218e-05    1.8091836670340276e-05    1.786932657801957e-05
30516.70257963623    1.8001315121336312e-05    1.8001315132336312e-05    1.834216624131698e-05    1.8114932164996535e-05
30516.802579636227    1.824981876632196e-05    1.824981879332196e-05    1.8597799543302508e-05    1.8365812367648812e-05
30516.902579636226    1.8503629306307483e-05    1.8503629320307484e-05    1.8858777430287926e-05    1.8622012018967634e-05
30517.002579636224    1.876278809328346e-05    1.876278809628346e-05    1.912513482826356e-05    1.8883570339276826e-05
30517.102579636223    1.9027912551266966e-05    1.9027912566266967e-05    1.9397490005246974e-05    1.915110504092697e-05
30517.20257963622    1.929840399324229e-05    1.929840398324229e-05    1.9675232647221976e-05    1.9424013541235515e-05
30517.30257963622    1.957492072222541e-05    1.957492076522541e-05    1.995901292520506e-05    1.9702951470885294e-05
30517.40257963622    1.985695204220996e-05    1.9856952040209964e-05    2.0248316195189592e-05    1.998740675920317e-05
30517.502579636217    2.0145043648182505e-05    2.0145043670182506e-05    2.0543681760161864e-05    2.0277923026175623e-05
30517.602579636216    2.043922992716521e-05    2.043922990916521e-05    2.0845134744144588e-05    2.0574531526825005e-05
30517.702579636214    2.0739021311138397e-05    2.0739021294138398e-05    2.115217452211757e-05    2.087673904246479e-05
30517.802579636213    2.104558016211895e-05    2.104558019111895e-05    2.146595588209819e-05    2.1185705411778697e-05
30517.90257963621    2.135833235210115e-05    2.135833238410115e-05    2.1785892764080503e-05    2.1500852500094267e-05
30518.00257963621    2.167733514707158e-05    2.167733512507158e-05    2.2112028506050823e-05    2.182223292606466e-05
30518.10257963621    2.2002594063053372e-05    2.2002594080053374e-05    2.2444363522032775e-05    2.2149850555046507e-05
30518.202579636207    2.2334732765021268e-05    2.233473279802127e-05    2.2783505936000626e-05    2.248432383301439e-05
30518.302579636205    2.2673197210002626e-05    2.2673197203002627e-05    2.3128884564982253e-05    2.2825092992662503e-05
30518.402579636204    2.3018543371982346e-05    2.301854336898235e-05    2.3481038732962287e-05    2.3172708491308994e-05
30518.502579636202    2.3369681772952505e-05    2.3369681780952504e-05    2.3838869792932538e-05    2.3526077782279188e-05
30518.6025796362    2.3728238755930374e-05    2.3728238780930372e-05    2.4203983638910814e-05    2.3886820391923857e-05
30518.7025796362    2.4093290941897715e-05    2.4093291054897717e-05    2.457543546587839e-05    2.4254005820891277e-05
30518.802579636198    2.4465222872876943e-05    2.4465222883876943e-05    2.4953593067858146e-05    2.4628012941537346e-05
30518.902579636197    2.484361369785744e-05    2.4843613626857442e-05    2.533801482483923e-05    2.500841404985137e-05
30519.002579636195    2.522894278682247e-05    2.5228942751822473e-05    2.572915263880472e-05    2.539567939248322e-05
30519.102579636194    2.562034533580391e-05    2.5620345318803912e-05    2.6126127588786884e-05    2.5788939414464903e-05
30519.202579636192    2.601873301076807e-05    2.6018733067768073e-05    2.652981365175169e-05    2.6189093243429277e-05
30519.30257963619    2.642427279274596e-05    2.6424272836745956e-05    2.694035959873048e-05    2.6596301742740797e-05
30519.40257963619    2.6836000289726822e-05    2.683600040172682e-05    2.7356775215712326e-05    2.7009591969055323e-05
30519.502579636188    2.725400055069222e-05    2.725400060269222e-05    2.7779105577678672e-05    2.742903557702104e-05
30519.602579636186    2.767858220767163e-05    2.767858230867163e-05    2.820763385265928e-05    2.7854932789667516e-05
30519.702579636185    2.8109224246636998e-05    2.8109224244636997e-05    2.8641807867625822e-05    2.8286752119633274e-05
30519.802579636184    2.854625213561679e-05    2.854625211661679e-05    2.9081913181607048e-05    2.872480581128021e-05
30519.902579636182    2.8988973643598767e-05    2.8988973771598767e-05    2.9527229416590553e-05    2.9168392277262695e-05
30520.00257963618    2.943756536456387e-05    2.9437565410563868e-05    2.9977891081557243e-05    2.9617673952228326e-05
30520.10257963618    2.9891898159545488e-05    2.9891898134545487e-05    3.0433734195540655e-05    3.0072510163210545e-05
30520.202579636178    3.035115080951303e-05    3.035115064751303e-05    3.08938933225101e-05    3.053206492651206e-05
30520.302579636176    3.081590815749521e-05    3.081590819949521e-05    3.135892026849434e-05    3.0996912208494925e-05
30520.402579636175    3.128489377148152e-05    3.128489365348152e-05    3.182749081948286e-05    3.1465759414815305e-05
30520.502579636173    3.175903221944759e-05    3.1759032359447585e-05    3.23004952404513e-05    3.1939519939782154e-05
30520.602579636172    3.223680218043569e-05    3.2236802190435695e-05    3.2776368419441906e-05    3.24166575967711e-05
30520.70257963617    3.2718023635406885e-05    3.2718023491406886e-05    3.3254890175415826e-05    3.28969791007432e-05
30520.80257963617    3.32028074293951e-05    3.320280737039509e-05    3.373612975340683e-05    3.338058151773234e-05
30520.902579636168    3.369067665738488e-05    3.369067667738488e-05    3.4219568542399546e-05    3.386697395905644e-05
30521.002579636166    3.418045298436075e-05    3.418045301836075e-05    3.470399321737866e-05    3.435496640670005e-05
30521.102579636165    3.467214307835434e-05    3.467214305635434e-05    3.518936955737547e-05    3.484455189736138e-05
30521.202579636163    3.5164879888332914e-05    3.5164879909332914e-05    3.5674797925357634e-05    3.5334852574341154e-05
30521.30257963616    3.565874871832908e-05    3.565874895232908e-05    3.6160330939357284e-05    3.582594287000515e-05
30521.40257963616    3.6152385996329865e-05    3.6152386146329866e-05    3.664457656636164e-05    3.6316449569673795e-05
30521.50257963616    3.6645909670312295e-05    3.6645909779312296e-05    3.712762403534812e-05    3.680648116165757e-05
30521.602579636157    3.7137429517319146e-05    3.713742959131915e-05    3.760755926335877e-05    3.729413945733236e-05
30521.702579636156    3.7626821544308625e-05    3.7626821628308624e-05    3.808424218135255e-05    3.7779295117989933e-05
30521.802579636154    3.8113567341317764e-05    3.8113567238317765e-05    3.8557143506365615e-05    3.826142602866705e-05
30521.902579636153    3.859684927732974e-05    3.8596849484329736e-05    3.902543362138155e-05    3.873971079434701e-05
30522.00257963615    3.9075174610329465e-05    3.9075174486329466e-05    3.948761799138584e-05    3.921265569601492e-05
30522.10257963615    3.954819879434798e-05    3.954819889334798e-05    3.9943363703408326e-05    3.967992046370143e-05
30522.20257963615    4.0015207405351996e-05    4.0015207288352e-05    4.039196341741696e-05    4.014079270370699e-05
30522.302579636147    4.047503166537735e-05    4.047503158237735e-05    4.083226585144624e-05    4.059410969973364e-05
30522.402579636146    4.092704701440491e-05    4.092704698140491e-05    4.1263673823477634e-05    4.10392559397625e-05
30522.502579636144    4.136949696842257e-05    4.136949718242257e-05    4.1684465631499784e-05    4.147448659411498e-05
30522.602579636143    4.1802273671457055e-05    4.180227366445706e-05    4.209457485253787e-05    4.189970739615066e-05
30522.70257963614    4.222403855448097e-05    4.2224038645480975e-05    4.249271729856605e-05    4.2313598166176e-05
30522.80257963614    4.2633176068526454e-05    4.2633176048526455e-05    4.287732934261478e-05    4.2714560486555894e-05
30522.90257963614    4.3030202137570076e-05    4.3030202007570075e-05    4.324899455466141e-05    4.310313289993385e-05
30523.002579636137    4.341331179360626e-05    4.3413311320606256e-05    4.360598305870128e-05    4.347753539097126e-05
30523.102579636135    4.378166426065994e-05    4.378166395765994e-05    4.3947533921757444e-05    4.383695404669245e-05
30523.202579636134    4.413351052670719e-05    4.413351033470719e-05    4.4271990580807834e-05    4.417967048074074e-05
30523.302579636133    4.446897899176737e-05    4.446897911876737e-05    4.457957049686984e-05    4.4505842869134854e-05
30523.40257963613    4.478734916483019e-05    4.4787348864830196e-05    4.486965623293412e-05    4.481478475419817e-05
30523.50257963613    4.508650031688993e-05    4.5086500278889924e-05    4.514023220399596e-05    4.51044109332586e-05
30523.60257963613    4.53674145849576e-05    4.53674142319576e-05    4.539239084706431e-05    4.537573988799318e-05
30523.702579636127    4.562732687802607e-05    4.562732684802608e-05    4.5623481116134074e-05    4.562604494739541e-05
30523.802579636125    4.586701656810185e-05    4.5867016605101855e-05    4.5834396354209675e-05    4.585614317580446e-05
30523.902579636124    4.608517874218252e-05    4.6085178258182524e-05    4.6023944647289736e-05    4.606476721588493e-05
30524.002579636122    4.628172979925635e-05    4.6281729002256354e-05    4.619216785636353e-05    4.625187555262541e-05
30524.10257963612    4.6454985842344485e-05    4.6454985566344484e-05    4.6337496405450146e-05    4.641582260471304e-05
30524.20257963612    4.660578970442395e-05    4.6605789968423946e-05    4.6460881079528685e-05    4.655748691745886e-05
30524.302579636118    4.6733010798514035e-05    4.673301080951403e-05    4.656130668761639e-05    4.667577609854815e-05
30524.402579636117    4.6836262626605586e-05    4.6836262462605594e-05    4.663849013670517e-05    4.6770338408638786e-05
30524.502579636115    4.691547516569453e-05    4.691547508469453e-05    4.669246808879185e-05    4.6841139446393635e-05
30524.602579636114    4.6970613241787374e-05    4.6970613308787375e-05    4.6723299916881104e-05    4.6888175489151946e-05
30524.702579636112    4.700165414887917e-05    4.700165388587917e-05    4.673104983096983e-05    4.691145262190939e-05
30524.80257963611    4.7008064886975046e-05    4.700806419097505e-05    4.671526441406145e-05    4.691046449733718e-05
30524.90257963611    4.699000329007031e-05    4.6990003457070305e-05    4.6676172515152166e-05    4.688539308743093e-05
30525.002579636108    4.69482373781641e-05    4.6948237347164104e-05    4.661460692224189e-05    4.68370272158567e-05
30525.102579636106    4.688242594325857e-05    4.6882425741258575e-05    4.6530284336331305e-05    4.676504534028282e-05
30525.202579636105    4.6792870529355126e-05    4.679287042635513e-05    4.6423547103423254e-05    4.666976268637783e-05
30525.302579636103    4.667938654645001e-05    4.667938656245001e-05    4.6294235246512775e-05    4.6551002785137594e-05
30525.402579636102    4.654406289653661e-05    4.654406259553661e-05    4.6144472860593865e-05    4.641086611755569e-05
30525.5025796361    4.638566979563385e-05    4.638566998863385e-05    4.597304402668602e-05    4.624812793698457e-05
30525.6025796361    4.620531427672174e-05    4.620531476272174e-05    4.5781052516768306e-05    4.6063893852070596e-05
30525.702579636098    4.6003526685814854e-05    4.600352652881485e-05    4.556903551085616e-05    4.5858696241828616e-05
30525.802579636096    4.5781485737896636e-05    4.578148490489664e-05    4.5338141971932385e-05    4.563370420490855e-05
30525.902579636095    4.553926005797815e-05    4.553925900897815e-05    4.508842656900839e-05    4.53889818786549e-05
30526.002579636093    4.527803864806435e-05    4.527803788506436e-05    4.482104874508944e-05    4.512570842607272e-05
30526.102579636092    4.499797356014114e-05    4.499797340514113e-05    4.4536126687160926e-05    4.4844024550814404e-05
30526.20257963609    4.470030969322367e-05    4.470030943222367e-05    4.4234850294238526e-05    4.454515647322862e-05
30526.30257963609    4.438582165629284e-05    4.4385821497292835e-05    4.3917953984302734e-05    4.422986571262947e-05
30526.402579636087    4.405524104135899e-05    4.405524056835899e-05    4.358611457336416e-05    4.389886539436071e-05
30526.502579636086    4.3709857260432405e-05    4.370985727443241e-05    4.324055686843313e-05    4.355342380109932e-05
30526.602579636085    4.3349883677492916e-05    4.334988369049292e-05    4.288143752048937e-05    4.319373496282506e-05
30526.702579636083    4.297719967055919e-05    4.297719964155919e-05    4.25105694285516e-05    4.2821656246889996e-05
30526.80257963608    4.2591456022191294e-05    4.2591455821191304e-05    4.212753164690936e-05    4.2436814496763985e-05
30526.90257963608    4.219395473541634e-05    4.2193954890416305e-05    4.173356631904792e-05    4.204049198162685e-05
30527.00257963608    4.178600789651952e-05    4.1786007865519545e-05    4.132991009007232e-05    4.163397528403713e-05
30527.102579636077    4.136839726652676e-05    4.1368398002526675e-05    4.091727451400822e-05    4.1218023261020555e-05
30527.202579636076    4.094185475145771e-05    4.09418546454578e-05    4.049632257587502e-05    4.079334399093017e-05
30527.302579636074    4.050764845927229e-05    4.0507648583272264e-05    4.006824636363314e-05    4.036118113539256e-05
30527.402579636073    4.006597867605046e-05    4.006597834905051e-05    3.963317985736198e-05    3.9921712294154316e-05
30527.50257963607    3.961757334176906e-05    3.961757329676902e-05    3.919176368204008e-05    3.9475636773526056e-05
30527.60257963607    3.91642971222771e-05    3.916429719127708e-05    3.874578136051634e-05    3.902479189135684e-05
30527.70257963607    3.8706904200706474e-05    3.8706903194706585e-05    3.8295878494925254e-05    3.856989529677944e-05
30527.802579636067    3.8245585232132744e-05    3.824558578713258e-05    3.784211190234475e-05    3.811109430720336e-05
30527.902579636066    3.778150956342037e-05    3.778150956542043e-05    3.7385415519650435e-05    3.764947821616374e-05
30528.002579636064    3.731411727578342e-05    3.7314116966783456e-05    3.6924323061125886e-05    3.718418576789759e-05
30528.102579636063    3.682386875016901e-05    3.6823868491169006e-05    3.644104083344191e-05    3.6696259358259975e-05
30528.20257963606    3.6338354586674865e-05    3.6338354349674864e-05    3.5963378734855314e-05    3.621336255706835e-05
30528.30257963606    3.585469099749931e-05    3.5854690776499314e-05    3.548774305966112e-05    3.5732374944553246e-05
30528.40257963606    3.537249056934654e-05    3.537249035934654e-05    3.5013607935504446e-05    3.525286295473251e-05
30528.502579636057    3.4891801400206235e-05    3.489180119920624e-05    3.454095827436655e-05    3.4774853624593004e-05
30528.602579636055    3.441284735902502e-05    3.4412847166025016e-05    3.406998077419189e-05    3.4298558433080643e-05
30528.702579636054    3.393593363381191e-05    3.3935933446811904e-05    3.360095520598802e-05    3.382427409553728e-05
30528.802579636053    3.346140093258048e-05    3.3461400750580483e-05    3.313420313276754e-05    3.335233493864283e-05
30528.90257963605    3.298960025429503e-05    3.2989600077295036e-05    3.267006027849492e-05    3.2883086870028325e-05
30529.00257963605    3.2520878296990414e-05    3.252087812399041e-05    3.220886078920417e-05    3.2416872403395e-05
30529.102579636048    3.2055568958633723e-05    3.205556878763372e-05    3.175092815386272e-05    3.195402196671006e-05
30529.202579636047    3.159398850724399e-05    3.159398834024399e-05    3.129657005348911e-05    3.149484896699237e-05
30529.302579636045    3.113643301383995e-05    3.113643284883995e-05    3.084607559310168e-05    3.10396471519272e-05
30529.402579636044    3.06831771513904e-05    3.06831769893904e-05    3.039971395466957e-05    3.058868936515012e-05
30529.502579636042    3.023447384493073e-05    3.023447368493073e-05    2.995773392622753e-05    3.0142227152029666e-05
30529.60257963604    2.979055442243037e-05    2.979055426443037e-05    2.9520363929745357e-05    2.9700490872202034e-05
30529.70257963604    2.9351629068908032e-05    2.9351628912908033e-05    2.9087812366241385e-05    2.926369011601915e-05
30529.802579636038    2.8917887457381634e-05    2.8917887303381632e-05    2.8660268132733214e-05    2.8832014297832162e-05
30529.902579636037    2.8489499478821494e-05    2.8489499325821495e-05    2.8237901246191517e-05    2.8405633350278168e-05
30530.002579636035    2.8066616030260947e-05    2.806661587926095e-05    2.782086352564911e-05    2.798469847839034e-05
30530.102579636034    2.7649369839670925e-05    2.7649369689670924e-05    2.740928931407727e-05    2.7569342947806377e-05
30530.202579636032    2.7237876297068827e-05    2.7237876148068827e-05    2.7003296217493126e-05    2.7159682887543593e-05
30530.30257963603    2.6832234296471137e-05    2.6832234149471137e-05    2.6602985859912908e-05    2.6755818101951726e-05
30530.40257963603    2.6432527077849757e-05    2.6432526932849757e-05    2.6208444640308873e-05    2.635783288366946e-05
30530.502579636028    2.6038823062235537e-05    2.603882291823554e-05    2.5819744493711446e-05    2.5965796824727504e-05
30530.602579636026    2.565117667560108e-05    2.5651176533601077e-05    2.543694365009357e-05    2.5579765619765242e-05
30530.702579636025    2.5269629169962296e-05    2.5269629028962295e-05    2.506008738947095e-05    2.5199781862798514e-05
30530.802579636023    2.489420941833415e-05    2.489420927833415e-05    2.4689208786858357e-05    2.4825875827842217e-05
30530.902579636022    2.452493470269031e-05    2.452493456469031e-05    2.4324329452229792e-05    2.4458066239870138e-05
30531.00257963602    2.4161811482059006e-05    2.4161811346059007e-05    2.396546024761314e-05    2.4096361025243718e-05
30531.10257963602    2.3804836134414647e-05    2.3804836000414644e-05    2.3612602003983132e-05    2.3740758046270808e-05
30531.202579636018    2.345399568377165e-05    2.345399555077165e-05    2.3265746206354013e-05    2.3391245813632436e-05
30531.302579636016    2.3109268497143456e-05    2.3109268365143454e-05    2.2924875667739098e-05    2.304780417667534e-05
30531.402579636015    2.2770624961505605e-05    2.2770624831505604e-05    2.2589965181114207e-05    2.271040499137514e-05
30531.502579636013    2.2438028130883732e-05    2.243802800288373e-05    2.2260982147504703e-05    2.2379012760424055e-05
30531.60257963601    2.211143435125411e-05    2.211143422425411e-05    2.1937887180887145e-05    2.205358525213179e-05
30531.70257963601    2.1790793849629715e-05    2.1790793724629716e-05    2.1620634689274373e-05    2.1734074087844603e-05
30531.80257963601    2.1476051307022567e-05    2.1476051183022568e-05    2.13091734336783e-05    2.142042530790781e-05
30531.902579636007    2.116714639041009e-05    2.116714626841009e-05    2.10034470510766e-05    2.1112579903298928e-05
30532.002579636006    2.086401426881544e-05    2.0864014147815442e-05    2.0703394564492215e-05    2.0810474327041036e-05
30532.102579636005    2.056658609121678e-05    2.056658597121678e-05    2.0408950856903545e-05    2.051404097311237e-05
30532.202579636003    2.0274789445625715e-05    2.0274789327625718e-05    2.0120047126322088e-05    2.0223208633191174e-05
30532.302579636    1.9988548785053e-05    1.9988548669053e-05    1.9836611311758512e-05    1.9937902921954834e-05
30532.402579636    1.9707785830477885e-05    1.9707785715477882e-05    1.955856849219229e-05    1.9658046679382687e-05
30532.502579636    1.943241994392125e-05    1.943241983092125e-05    1.9285841263644117e-05    1.9383560346162205e-05
30532.602579635997    1.9162368485363086e-05    1.9162368372363084e-05    1.9018350093094183e-05    1.911436231694012e-05
30532.702579635996    1.889754713281378e-05    1.8897547021813777e-05    1.875601364655279e-05    1.8850369267060113e-05
30532.802579635994    1.8637870192282914e-05    1.8637870082282913e-05    1.8498749095029453e-05    1.859149645653176e-05
30532.902579635993    1.8383250875751532e-05    1.8383250767751535e-05    1.824647239650541e-05    1.833765801333616e-05
30533.00257963599    1.8133601564238446e-05    1.8133601457238446e-05    1.799909856499929e-05    1.808876719549206e-05
