7.087967851310299920e+03 1.462179511199999955e-05 1.469758367399999954e-05 1.472814671500000065e-05 1.468250850033333155e-05
7.088067851310299375e+03 1.380759122600740464e-05 1.388375217000740125e-05 1.391449192600739976e-05 1.386861177400740245e-05
7.088167851310298829e+03 1.301309468400722578e-05 1.308962184300722153e-05 1.312052490100722139e-05 1.307441380934055736e-05
7.088267851310298283e+03 1.224601648301395308e-05 1.232291141301394640e-05 1.235397620301394468e-05 1.230763469968061416e-05
7.088367851310297738e+03 1.150838760201341650e-05 1.158565818301340972e-05 1.161688675701340666e-05 1.157031084734674486e-05
7.088467851310297192e+03 1.079933334501934563e-05 1.087698718701933565e-05 1.090838341401933078e-05 1.086156798201933735e-05
7.088567851310296646e+03 1.012867756902439831e-05 1.020672836302438408e-05 1.023830436402437680e-05 1.019123676535772086e-05
7.088667851310296101e+03 9.495447838023036611e-06 9.573910701323021626e-06 9.605678568123014136e-06 9.558345702489689662e-06
7.088767851310295555e+03 8.895457393327284770e-06 8.974351591027263710e-06 9.006325371427256426e-06 8.958711451927267737e-06
7.088867851310295009e+03 8.326669613225864757e-06 8.406014466725843950e-06 8.438210983425835311e-06 8.390298354459181339e-06
7.088967851310294463e+03 7.788184658529385710e-06 7.867999419229359159e-06 7.900436214529345683e-06 7.852206764096030184e-06
7.089067851310293918e+03 7.276122130132600584e-06 7.356428708932569665e-06 7.389124220132552493e-06 7.340558353065908145e-06
7.089167851310293372e+03 6.788799032331024709e-06 6.869617671030992607e-06 6.902590134730974809e-06 6.853668946030997940e-06
7.089267851310292826e+03 6.315616308934428547e-06 6.396968609134389258e-06 6.430238756834368376e-06 6.380941224967729009e-06
7.089367851310292281e+03 5.853121123133651199e-06 5.935025372933610787e-06 5.968612518933587647e-06 5.918919671666949596e-06
7.089467851310291735e+03 5.394999522237499332e-06 5.477477428137452626e-06 5.511400103037425650e-06 5.461292351137460332e-06
7.089567851310291189e+03 4.936220796141725455e-06 5.019292370041671072e-06 5.053569031041639491e-06 5.003027399075011724e-06
7.089667851310290644e+03 4.472268120742196441e-06 4.555951277542140317e-06 4.590600403442106747e-06 4.539606600575480039e-06
7.089767851310290098e+03 3.997017025147546623e-06 4.081330300347482993e-06 4.116369415947444258e-06 4.064905580480825189e-06
7.089867851310289552e+03 3.510936771948629683e-06 3.595900144348564485e-06 3.631348572148523710e-06 3.579395162815239575e-06
7.089967851310289007e+03 3.021911912753372107e-06 3.107543594153299258e-06 3.143420757253251905e-06 3.090958754719974423e-06
7.090067851310288461e+03 2.548850142755932061e-06 2.635164941755851091e-06 2.671488077255798882e-06 2.618501053922527204e-06
7.090167851310287915e+03 2.127546733649812731e-06 2.214566288549729510e-06 2.251356495349673837e-06 2.197823172516405218e-06
7.090267851310287369e+03 1.795412524442290435e-06 1.883152336042198680e-06 1.920423474542137180e-06 1.866329445008875643e-06
7.090367851310286824e+03 1.582094374627161603e-06 1.670574546027067291e-06 1.708350574627003102e-06 1.653673165093743999e-06
7.090467851310286278e+03 1.490606541212481263e-06 1.579853004712376619e-06 1.618161324112303986e-06 1.562873623345720552e-06
7.090567851310285732e+03 1.494583535599421227e-06 1.584598948899309528e-06 1.623443203199231370e-06 1.567541895899320779e-06
7.090667851310285187e+03 1.550228652391902622e-06 1.641031688491787971e-06 1.680432524891707017e-06 1.623897621925132537e-06
7.090767851310284641e+03 1.621608907588963481e-06 1.713220133088838553e-06 1.753199316288749359e-06 1.696009452322183939e-06
7.090867851310284095e+03 1.675749732091628942e-06 1.768188646691501146e-06 1.808768543691408085e-06 1.750902307491512724e-06
7.090967851310283550e+03 1.694334194096957505e-06 1.787619595896818873e-06 1.828821812696717100e-06 1.770258534230164634e-06
7.091067851310283004e+03 1.666577922304796353e-06 1.760717623904648776e-06 1.802553025104539184e-06 1.743282857104661367e-06
7.091167851310282458e+03 1.590218582613195208e-06 1.685228266613044986e-06 1.727713755212932456e-06 1.667720201479724146e-06
7.091267851310281912e+03 1.463458960823057510e-06 1.559357610022895745e-06 1.602518469622772806e-06 1.541778346822908616e-06
7.091367851310281367e+03 1.288003349331915119e-06 1.384820969931748104e-06 1.428688200631619498e-06 1.367170839965094522e-06
7.091467851310280821e+03 1.061386496743282262e-06 1.159137256243104267e-06 1.203730459442965479e-06 1.141418070809783932e-06
7.091567851310280275e+03 7.883913863546232929e-07 8.870818547944353529e-07 9.324109584742880556e-07 8.692947332077821985e-07
7.091667851310279730e+03 4.833595054610335343e-07 5.830227101108388925e-07 6.291255111406840640e-07 5.651692422375187597e-07
7.091767851310279184e+03 1.688812931957836647e-07 2.695338491755767396e-07 3.164325758454103023e-07 2.516159060722569375e-07
7.091867851310278638e+03 -1.170813482101812531e-07 -1.543578141738896422e-08 3.226655139344293229e-08 -3.341685941137577051e-08
7.091967851310278093e+03 -3.240826395548159690e-07 -2.214198521650380957e-07 -1.728803489352208184e-07 -2.394609468850249081e-07
7.092067851310277547e+03 -4.054849796314912368e-07 -3.017705285717303429e-07 -2.523543358919297254e-07 -3.198699480317171370e-07
7.092167851310277001e+03 -3.469014925933203499e-07 -2.421203603935628830e-07 -1.918065030437669752e-07 -2.602761186768834027e-07
7.092267851310276455e+03 -1.659526694327887258e-07 -6.008208032204634101e-08 -8.840621867265673708e-09 -7.829179054070025565e-08
7.092367851310275910e+03 9.619100617701129043e-08 2.031696025277492224e-07 2.553621407575243409e-07 1.849075831540949336e-07
7.092467851310275364e+03 3.899195150278709585e-07 4.980191267875957599e-07 5.511871715773561418e-07 4.797086044642742338e-07
7.092567851310274818e+03 6.749451287274156964e-07 7.841922124171236645e-07 8.383710611868661021e-07 7.658361341104684877e-07
7.092667851310274273e+03 9.324374813044273185e-07 1.042852899134129922e-06 1.098072375733864658e-06 1.024454252057474108e-06
7.092767851310273727e+03 1.155502954441165794e-06 1.267113474740850456e-06 1.323408238840566834e-06 1.248674889340860958e-06
7.092867851310273181e+03 1.341417874850964260e-06 1.454245483750643471e-06 1.511650223150350494e-06 1.435771193917319620e-06
7.092967851310272636e+03 1.496194375257769484e-06 1.610264974457430255e-06 1.668814486457117893e-06 1.591757945390772897e-06
7.093067851310272090e+03 1.623758136564034360e-06 1.739093584963677452e-06 1.798822602463345100e-06 1.720558107997019041e-06
7.093167851310271544e+03 1.727151133970848873e-06 1.843776660670485305e-06 1.904723085770141989e-06 1.825216960137158793e-06
7.093267851310270999e+03 1.809205807376119020e-06 1.927148086275735787e-06 1.989352522275369458e-06 1.908568805309074755e-06
7.093367851310270453e+03 1.878416969079856914e-06 1.997703871779465249e-06 2.061209540979086804e-06 1.979110127279469868e-06
7.093467851310269907e+03 1.935011805183014224e-06 2.055672079582602080e-06 2.120521954082198280e-06 2.037068612949271952e-06
7.093567851310269361e+03 1.980435146285953597e-06 2.102494501385521167e-06 2.168730076885092602e-06 2.083886574852189122e-06
7.093667851310268816e+03 2.017603642988506763e-06 2.141087457788066170e-06 2.208751052887624281e-06 2.122480717888066020e-06
7.093767851310268270e+03 2.049039255589993157e-06 2.173980530589529590e-06 2.243120538089059510e-06 2.155380108089527560e-06
7.093867851310267724e+03 2.077319157490997823e-06 2.203751074890523591e-06 2.274422396790035799e-06 2.185164209723852687e-06
7.093967851310267179e+03 2.101344583592133784e-06 2.229297136991635630e-06 2.301549936091118079e-06 2.210730552224962357e-06
7.094067851310266633e+03 2.119279383393964812e-06 2.248783419593442782e-06 2.322670363392892393e-06 2.230244388793433047e-06
7.094167851310266087e+03 2.133681908095153158e-06 2.264767479094621399e-06 2.340341772494053328e-06 2.246263719894609295e-06
7.094267851310265542e+03 2.148887401394745110e-06 2.281592716094185130e-06 2.358916261393580204e-06 2.263132126294170148e-06
7.094367851310264996e+03 2.163529855294939521e-06 2.297892903594366236e-06 2.377029740893740204e-06 2.279484166594348936e-06
7.094467851310264450e+03 2.174528353696098808e-06 2.310587440895497337e-06 2.391600989394831480e-06 2.292238927995476016e-06
7.094567851310263904e+03 2.184019804996546990e-06 2.321802959895919651e-06 2.404751967495215455e-06 2.303524910795893750e-06
7.094667851310263359e+03 2.193291592696627238e-06 2.332841447595984271e-06 2.417799129195253457e-06 2.314644056495955130e-06
7.094767851310262813e+03 2.203360110796245573e-06 2.344729670495567240e-06 2.431780391994786698e-06 2.326623391095533170e-06
7.094867851310262267e+03 2.211463257996978042e-06 2.354681844896288632e-06 2.443887499595485426e-06 2.336677534162917931e-06
7.094967851310261722e+03 2.219707438496850667e-06 2.364820287996127480e-06 2.456264528495272195e-06 2.346930751662750114e-06
7.095067851310261176e+03 2.227391574296994932e-06 2.374438198796238870e-06 2.468199696395332400e-06 2.356676489829521785e-06
7.095167851310260630e+03 2.236151226096574219e-06 2.385183742695797487e-06 2.481354810694855272e-06 2.367563259829075659e-06
7.095267851310260085e+03 2.246852621395717286e-06 2.397930990594898685e-06 2.496617183993892496e-06 2.380466931994836297e-06
7.095367851310259539e+03 2.256833551996005697e-06 2.409998096695171040e-06 2.511282850394131458e-06 2.392704833028435783e-06
7.095467851310258993e+03 2.267975332695439902e-06 2.423269991094568092e-06 2.527247660493465947e-06 2.406164328094491314e-06
7.095567851310258447e+03 2.277577787595982556e-06 2.435057829095068021e-06 2.541833963593897594e-06 2.418156526761649955e-06
7.095667851310257902e+03 2.285461986096701447e-06 2.445189753695761225e-06 2.554883205194540437e-06 2.428511648329001177e-06
7.095767851310257356e+03 2.295922694095528653e-06 2.457952049594544739e-06 2.570671954993250657e-06 2.441515566227774965e-06
7.095867851310256810e+03 2.309215989694317707e-06 2.473614753793304763e-06 2.589493087091954277e-06 2.457441276859858916e-06
7.095967851310256265e+03 2.321279051594733639e-06 2.488117157693668982e-06 2.607288627592230976e-06 2.472228278960211481e-06
7.096067851310255719e+03 2.334165640294257032e-06 2.503489945093149158e-06 2.626074003191628471e-06 2.487909862859678220e-06
7.096167851310255173e+03 2.346943375094305509e-06 2.518820554493167725e-06 2.644954623791586083e-06 2.503572851126353106e-06
7.096267851310254628e+03 2.359380194994344428e-06 2.533894484293144869e-06 2.663742496291456417e-06 2.519005725192981905e-06
7.096367851310254082e+03 2.375896804992489085e-06 2.553126466391254508e-06 2.686851232689491354e-06 2.538624834691078316e-06
7.096467851310253536e+03 2.391168009592916678e-06 2.571183968891624063e-06 2.708945697589751854e-06 2.557099225358097673e-06
7.096567851310252991e+03 2.406120832592928042e-06 2.589002213391573157e-06 2.730971348289583222e-06 2.575364798091361756e-06
7.096667851310252445e+03 2.423261828191893377e-06 2.609104259290492942e-06 2.755480189088408798e-06 2.595948758856931847e-06
7.096767851310251899e+03 2.441767791891079310e-06 2.630643323989617379e-06 2.781603876687407740e-06 2.618004997522701476e-06
7.096867851310251353e+03 2.462102143990197975e-06 2.654116121988685294e-06 2.809881886386369127e-06 2.642033384121750658e-06
7.096967851310250808e+03 2.483058201989707905e-06 2.678326270988109723e-06 2.839133952185633598e-06 2.666839475054483883e-06
7.097067851310250262e+03 2.504602998889222590e-06 2.703206394087554744e-06 2.869262298084929059e-06 2.692357230353902554e-06
7.097167851310249716e+03 2.525695275989449391e-06 2.727756325787719702e-06 2.899329238384959849e-06 2.717593613387376173e-06
7.097267851310249171e+03 2.549451204587900504e-06 2.755085494686080801e-06 2.932431456483140653e-06 2.745656051919040229e-06
7.097367851310248625e+03 2.574286474987350651e-06 2.783599438885477011e-06 2.966981517382403089e-06 2.774955810418410250e-06
7.097467851310248079e+03 2.598821609787280636e-06 2.811946740585304276e-06 3.001665511982019432e-06 2.804144620784867974e-06
7.097567851310247534e+03 2.626004352385660924e-06 2.843079111683577263e-06 3.039449148480068683e-06 2.836177537516435765e-06
7.097667851310246988e+03 2.652794940685867670e-06 2.873963379183708068e-06 3.077323926380020410e-06 2.868027415416532614e-06
7.097767851310246442e+03 2.683196916283685973e-06 2.908613731181406431e-06 3.119321001777464213e-06 2.903710549747519155e-06
7.097867851310245896e+03 2.714959172182956543e-06 2.944780991180592855e-06 3.163214256076446941e-06 2.940984806479998779e-06
7.097967851310245351e+03 2.746380700782853635e-06 2.980782110580354383e-06 3.207345375175917456e-06 2.978169395513042107e-06
7.098067851310244805e+03 2.779322020581724497e-06 3.018483950879083399e-06 3.253608688174333602e-06 3.017138219878380076e-06
7.098167851310244259e+03 2.815614688379865170e-06 3.059727257677118765e-06 3.303872304472113874e-06 3.059738083509699411e-06
7.098267851310243714e+03 2.852738906479065863e-06 3.102010665076156889e-06 3.355671786170790904e-06 3.103473785908671219e-06
7.098367851310243168e+03 2.888782380779675420e-06 3.143436912776640179e-06 3.407144777770974966e-06 3.146454690442429906e-06
7.098467851310242622e+03 2.928457791177266936e-06 3.188729310674048363e-06 3.463051407267966442e-06 3.193412836373094055e-06
7.098567851310242077e+03 2.972403594674420155e-06 3.238543078471004299e-06 3.524082609064475066e-06 3.245009760736633314e-06
7.098667851310241531e+03 3.018591920373114740e-06 3.290873970369539228e-06 3.588287377262627932e-06 3.299251089335093684e-06
7.098767851310240985e+03 3.064956489072590631e-06 3.343672324868787125e-06 3.653664256761351112e-06 3.354097690234243238e-06
7.098867851310240439e+03 3.113043031471572906e-06 3.398507596867582573e-06 3.721832093859701110e-06 3.411127574066285530e-06
7.098967851310239894e+03 3.163284448469841740e-06 3.455827548865592705e-06 3.793294532557103552e-06 3.470802176630845717e-06
7.099067851310239348e+03 3.216071895467833466e-06 3.516064451763293999e-06 3.868556156254138146e-06 3.533564167828421588e-06
7.099167851310238802e+03 3.271664346766124358e-06 3.579502447561343425e-06 3.947968773451608590e-06 3.599711855926359214e-06
7.099267851310238257e+03 3.330960206163328092e-06 3.647077360058207916e-06 4.032547407147691687e-06 3.670194991123075757e-06
7.099367851310237711e+03 3.394211743860881486e-06 3.719074466555472789e-06 4.122655980244271935e-06 3.745314063553541788e-06
7.099467851310237165e+03 3.459131581659259451e-06 3.793259215353445387e-06 4.216176002741311749e-06 3.822855599918005670e-06
7.099567851310236620e+03 3.524886031258137694e-06 3.868829877451888668e-06 4.312417183338728228e-06 3.902044364016251671e-06
7.099667851310236074e+03 3.596271563854552965e-06 3.950645440347912435e-06 4.416309133833857730e-06 3.987742046012107710e-06
7.099767851310235528e+03 3.672860647650543425e-06 4.038328231643379511e-06 4.527625154028118154e-06 4.079604677774013414e-06
7.099867851310234983e+03 3.750090270450129784e-06 4.127408221442477025e-06 4.642059143126105113e-06 4.173185878339571205e-06
7.099967851310234437e+03 3.831593844246628877e-06 4.221570958338338262e-06 4.763442283120513479e-06 4.272202361901826590e-06
7.100067851310233891e+03 3.921081883840585396e-06 4.324615819531585129e-06 4.895769518512144452e-06 4.380489073961437761e-06
7.100167851310233345e+03 4.014401717838041940e-06 4.432496050328374541e-06 5.035179577607441645e-06 4.494025781924618528e-06
7.100267851310232800e+03 4.110902175535052766e-06 4.544681095724496513e-06 5.181347099501625315e-06 4.612310123587058480e-06
7.100367851310232254e+03 4.214409485130336600e-06 4.665107774118949744e-06 5.338529869994211316e-06 4.739349043081165887e-06
7.100467851310231708e+03 4.323754881625412837e-06 4.792774154012915700e-06 5.505941111085805955e-06 4.874156715574711497e-06
7.100567851310231163e+03 4.437941321321072677e-06 4.926853232607322590e-06 5.683135492277520451e-06 5.015976682068638290e-06
7.100667851310230617e+03 4.560834215015054046e-06 5.071417443000074659e-06 5.874527299567707175e-06 5.168926319194278909e-06
7.100767851310230071e+03 4.689661328909780804e-06 5.223900881493214783e-06 6.077946353657543821e-06 5.330502854686846752e-06
7.100867851310229526e+03 4.827214446103670287e-06 5.387397687185501116e-06 6.297039814546566457e-06 5.503883982611913185e-06
7.100967851310228980e+03 4.977521097193371660e-06 5.566261224273112560e-06 6.536698824729984426e-06 5.693493715398822035e-06
7.101067851310228434e+03 5.134382385587294818e-06 5.754664512064632164e-06 6.791741393116751883e-06 5.893596096922892390e-06
7.101167851310227888e+03 5.301154648980173799e-06 5.956372535955072267e-06 7.066606020302508978e-06 6.108044401745918631e-06
7.101267851310227343e+03 5.480223579269710265e-06 6.174324234841419595e-06 7.365187619682752915e-06 6.339911811264628156e-06
7.101367851310226797e+03 5.672754495059914794e-06 6.410315281028293559e-06 7.690214664763511597e-06 6.591094813617240548e-06
7.101467851310226251e+03 5.882021963345834995e-06 6.668387596209881079e-06 8.046938506337205204e-06 6.865782688630972912e-06
7.101567851310225706e+03 6.106327069732715821e-06 6.947788986191626235e-06 8.436048219409808831e-06 7.163388091778050578e-06
7.101667851310225160e+03 6.349890625418353969e-06 7.253783946971793179e-06 8.864313326780606339e-06 7.489329299723584778e-06
7.101767851310224614e+03 6.610987277602903026e-06 7.586011134049208197e-06 9.333362886345923721e-06 7.843453765999344981e-06
7.101867851310224069e+03 6.893183476786975040e-06 7.949731621325434002e-06 9.850852460009356239e-06 8.231255852707253682e-06
7.101967851310223523e+03 7.201930206764124637e-06 8.352362041392400415e-06 1.042689988455991426e-05 8.660397377572145590e-06
7.102067851310222977e+03 7.541077697037815346e-06 8.800328533453690647e-06 1.107132307550181635e-05 9.137576435331107449e-06
7.102167851310222431e+03 7.914188912711558478e-06 9.300259222913519333e-06 1.179482108644068474e-05 9.669756407355254183e-06
7.102267851310221886e+03 8.321510264381407751e-06 9.856165664365189500e-06 1.260613332836542026e-05 1.026126975237067250e-05
7.102367851310221340e+03 8.768741454250190056e-06 1.047861282451314428e-05 1.352179239128380337e-05 1.092304889001571370e-05
7.102467851310220794e+03 9.268833645304297496e-06 1.118657973143981257e-05 1.456803648617214813e-05 1.167448328763875160e-05
7.102567851310220249e+03 9.828321965052210627e-06 1.199377385135395851e-05 1.576647134204082801e-05 1.252952238614899961e-05
7.102667851310219703e+03 1.045068175550189047e-05 1.291270458326452950e-05 1.713938283790118468e-05 1.350092305888920098e-05
7.102767851310219157e+03 1.115130887643287775e-05 1.396932834014471486e-05 1.872303623571811070e-05 1.461455781743189997e-05
7.102867851310218612e+03 1.194555240035709866e-05 1.519112432901101542e-05 2.055473612551733000e-05 1.589713761829514746e-05
7.102967851310218066e+03 1.284925475226027896e-05 1.660705056284100188e-05 2.267128309326751044e-05 1.737586280278959766e-05
7.103067851310217520e+03 1.388085318514620748e-05 1.824803277764185639e-05 2.510556055798529476e-05 1.907814884025778565e-05
7.103167851310216975e+03 1.507009990401573068e-05 2.015438375942222703e-05 2.789248810769342726e-05 2.103899059037712832e-05
7.103267851310216429e+03 1.644780368484722577e-05 2.236241683815246240e-05 3.105420967835447702e-05 2.328814340045138614e-05
7.103367851310215883e+03 1.805172342065794569e-05 2.491085009186763376e-05 3.461984270801651592e-05 2.586080540684736512e-05
7.103467851310215337e+03 1.992911356841204807e-05 2.783923308452308641e-05 3.864189406459802960e-05 2.880341357251105469e-05
7.103567851310214792e+03 2.214201515210813376e-05 3.118190736414226894e-05 4.321284441909218444e-05 3.217892231178085899e-05
7.103667851310214246e+03 2.475519408476592773e-05 3.492492516879999530e-05 4.842913357654046719e-05 3.603641761003545889e-05
7.103767851310213700e+03 2.783394426533989947e-05 3.895812695651522866e-05 5.433359627489843090e-05 4.037522249891785527e-05
7.103867851310213155e+03 3.144380309988100732e-05 4.303145153748056442e-05 6.083964562337864344e-05 4.510496675358007624e-05
7.103967851310212609e+03 3.561994725235374381e-05 4.673738947476429190e-05 6.765064888505321070e-05 5.000266187072375558e-05
7.104067851310212063e+03 4.031760626885567554e-05 4.958435281348837697e-05 7.421623643620776597e-05 5.470606517285060390e-05
7.104167851310211518e+03 4.535724598055397940e-05 5.117498756159672340e-05 7.978002871709156940e-05 5.877075408641409525e-05
7.104267851310210972e+03 5.037659142652623596e-05 5.137567879482112139e-05 8.351982606866670180e-05 6.175736543000468187e-05
7.104367851310210426e+03 5.481459586904438076e-05 5.034054322792262177e-05 8.476806209088744344e-05 6.330773372928481758e-05
7.104467851310209880e+03 5.804154011709445731e-05 4.842241471772707682e-05 8.330645710931603430e-05 6.325680398137918496e-05
7.104567851310209335e+03 5.963477042555096369e-05 4.606752967614175128e-05 7.954218295442358878e-05 6.174816101870542781e-05
7.104667851310208789e+03 5.959036083904039363e-05 4.369888562415426725e-05 7.435069836472163387e-05 5.921331494263875814e-05
7.104767851310208243e+03 5.832069235416630526e-05 4.164983113388224487e-05 6.871947930417278481e-05 5.623000093074044498e-05
7.104867851310207698e+03 5.640819713275680016e-05 4.014317912738399883e-05 6.344542807684468296e-05 5.333226811232849173e-05
7.104967851310207152e+03 5.434695281691218657e-05 3.930621658477643940e-05 5.902659403209928107e-05 5.089325447792929783e-05
7.105067851310206606e+03 5.241699707880794021e-05 3.918976194010909023e-05 5.569964925211661085e-05 4.910213609034454484e-05
7.105167851310206061e+03 5.076463038554790381e-05 3.981130629541774899e-05 5.354590502601758471e-05 4.804061390232774358e-05
7.105267851310205515e+03 4.951183030918499429e-05 4.118424664770137190e-05 5.258034079291330662e-05 4.775880591659989319e-05
7.105367851310204969e+03 4.879073470268206666e-05 4.328285023201498415e-05 5.277275234481800485e-05 4.828211242650501855e-05
7.105467851310204423e+03 4.885851088793527437e-05 4.618722676322640461e-05 5.419772096363919503e-05 4.974781953826696478e-05
7.105567851310203878e+03 4.930049138957390043e-05 4.919042907010471764e-05 5.628180356499081193e-05 5.159090800822314107e-05
7.105667851310203332e+03 5.060757271173988792e-05 5.275967734955901102e-05 5.931341301807733233e-05 5.422688769312541268e-05
7.105767851310202786e+03 5.284244582382510903e-05 5.686068555300906292e-05 6.327890990514093838e-05 5.766068042732503903e-05
7.105867851310202241e+03 5.581285503310931762e-05 6.134981247863136879e-05 6.786285210553909134e-05 6.167517320575992366e-05
7.105967851310201695e+03 5.931704195055799873e-05 6.624029239219630027e-05 7.274852345020101953e-05 6.610195259765178414e-05
7.106067851310201149e+03 6.316249531518780720e-05 7.163548080365147802e-05 7.757213798921811030e-05 7.079003803601913636e-05
7.106167851310200604e+03 6.723725837896047308e-05 7.762073543506652963e-05 8.186628155474299931e-05 7.557475845625668089e-05
7.106267851310200058e+03 7.154702679268831864e-05 8.413908222847874810e-05 8.504030496982456641e-05 8.024213799699722008e-05
7.106367851310199512e+03 7.612562951341937266e-05 9.086787024226823054e-05 8.645695729858271701e-05 8.448348568475678695e-05
7.106467851310198967e+03 8.083112335424962481e-05 9.719575823661174251e-05 8.566396840880054762e-05 8.789694999988730949e-05
7.106567851310198421e+03 8.517007506458020212e-05 1.023008442147997849e-04 8.263032937109016215e-05 9.003374955015672090e-05
7.106667851310197875e+03 8.831228085679924738e-05 1.053338959369104250e-04 7.782000614189996026e-05 9.048872764520321087e-05
7.106767851310197329e+03 8.934872933093481015e-05 1.056249316497008984e-04 7.198517960599662945e-05 8.898628019554411265e-05
7.106867851310196784e+03 8.776681883962577009e-05 1.029456973227535201e-04 6.591373448023980200e-05 8.554208354753969738e-05
7.106967851310196238e+03 8.372152326019426842e-05 9.763124929651013971e-05 6.019787075692634094e-05 8.051688110454358754e-05
7.107067851310195692e+03 7.795259956403382564e-05 9.052644372643105328e-05 5.517974247824855561e-05 7.455292858957114936e-05
7.107167851310195147e+03 7.142158594583091055e-05 8.266239223622516433e-05 5.099345642037851324e-05 6.835914486747818927e-05
7.107267851310194601e+03 6.495281879382463651e-05 7.492067587216762073e-05 4.764019865653773062e-05 6.250456444084333154e-05
7.107367851310194055e+03 5.908055863819531721e-05 6.787141993643705192e-05 4.505704956372525441e-05 5.733634271278587903e-05
7.107467851310193510e+03 5.406106347934128652e-05 6.178431805547733081e-05 4.315299097102612036e-05 5.299945750194825041e-05
7.107567851310192964e+03 4.995946772940184781e-05 5.672088125343410336e-05 4.183289757541672405e-05 4.950441551941755163e-05
7.107667851310192418e+03 4.673724567645810298e-05 5.263159314538863842e-05 4.101168504788132714e-05 4.679350795657602285e-05
7.107767851310191872e+03 4.431195239762489291e-05 4.941961340547632443e-05 4.061802199642606636e-05 4.478319593317575898e-05
7.107867851310191327e+03 4.258668235886726072e-05 4.697210624864893419e-05 4.059108757602914965e-05 4.338329206118177249e-05
7.107967851310190781e+03 4.146974148521902155e-05 4.518380545395174263e-05 4.088114658468343469e-05 4.251156450795140414e-05
7.108067851310190235e+03 4.087492493465458515e-05 4.395473021735258099e-05 4.144274161638197357e-05 4.209079892279638668e-05
7.108167851310189690e+03 4.071467811217635249e-05 4.318508012884699230e-05 4.222308193414124670e-05 4.204094672505485480e-05
7.108267851310189144e+03 4.080898585489535854e-05 4.267160034856975147e-05 4.306629297606438594e-05 4.218229305984316080e-05
7.108367851310188598e+03 4.153767882219145660e-05 4.278689260087207430e-05 4.443348532348298676e-05 4.291935224884884374e-05
7.108467851310188053e+03 4.286976544450982440e-05 4.357234876812132588e-05 4.622891271799149605e-05 4.422367564354087759e-05
7.108567851310187507e+03 4.435452429632552780e-05 4.448605184096954675e-05 4.804062126095680341e-05 4.562706579941729491e-05
7.108667851310186961e+03 4.608905038704384696e-05 4.563067371670913173e-05 4.998198057981058866e-05 4.723390156118785352e-05
7.108767851310186416e+03 4.807344992474399880e-05 4.700194941144103853e-05 5.205962444963799164e-05 4.904500792860768310e-05
7.108867851310185870e+03 5.030328177046497506e-05 4.859047989519405236e-05 5.427398854348255931e-05 5.105591673638052439e-05
7.108967851310185324e+03 5.276793768517559107e-05 5.038175227494726875e-05 5.661664713031540016e-05 5.325544569681275333e-05
7.109067851310184778e+03 5.545525535089598974e-05 5.236076937171412431e-05 5.907694736115821167e-05 5.563099069458944191e-05
7.109167851310184233e+03 5.835482847665082566e-05 5.451608463751049212e-05 6.164527733703343518e-05 5.817206348373158206e-05
7.109267851310183687e+03 6.145494402239099114e-05 5.683799572729693897e-05 6.431175910189580465e-05 6.086823295052791385e-05
7.109367851310183141e+03 6.474128002717420094e-05 5.931725655611375732e-05 6.706542273479430903e-05 6.370798643936075576e-05
7.109467851310182596e+03 6.819621420594650086e-05 6.194591581491593155e-05 6.989491518068030823e-05 6.667901506718091806e-05
7.109567851310182050e+03 7.179883026874047064e-05 6.471760682072289937e-05 7.278860777657866657e-05 6.976834828868067886e-05
7.109667851310181504e+03 7.552156481859845130e-05 6.762547661556189487e-05 7.573256450951923425e-05 7.295986864789318896e-05
7.109767851310180959e+03 7.933043925146195953e-05 7.066344294938044647e-05 7.871211282445004695e-05 7.623533167509747980e-05
7.109867851310180413e+03 8.319202849539915454e-05 7.383110675022591933e-05 8.171607977042095615e-05 7.957973833868202808e-05
7.109967851310179867e+03 8.705566678836158486e-05 7.711843591205344518e-05 8.472041868939320271e-05 8.296484046326941544e-05
7.110067851310179321e+03 9.087357814738174396e-05 8.052317828788151631e-05 8.770554082138912492e-05 8.636743241888411484e-05
7.110167851310178776e+03 9.460016648149221596e-05 8.404711448173735305e-05 9.065353216743403560e-05 8.976693771022119250e-05
7.110267851310178230e+03 9.817573855164237015e-05 8.767789739257507973e-05 9.352929626449524151e-05 9.312764406957090165e-05
7.110367851310177684e+03 1.015587830558770094e-04 9.141588014744443322e-05 9.631041473261057692e-05 9.642835931197732630e-05
7.110467851310177139e+03 1.047189961361198350e-04 9.526232058027727355e-05 9.897796890872473440e-05 9.965309520837395667e-05
7.110567851310176593e+03 1.076316030063973649e-04 9.920996379611711166e-05 1.015108162668670958e-04 1.027841276897938755e-04
7.110667851310176047e+03 1.102885934567135386e-04 1.032516790150007522e-04 1.038966823170488994e-04 1.058123182629210589e-04
7.110767851310175502e+03 1.127077312869857365e-04 1.073861074348484709e-04 1.061418924872024406e-04 1.087452437363455493e-04
7.110867851310174956e+03 1.149197489772438069e-04 1.116090197647382214e-04 1.082620310273582826e-04 1.115969332564467658e-04
7.110967851310174410e+03 1.169643970774337594e-04 1.159099178346019318e-04 1.102784390674692078e-04 1.143842513265016240e-04
7.111067851310173864e+03 1.188988178875545162e-04 1.202870548644664403e-04 1.122292060875338510e-04 1.171383596131849223e-04
7.111167851310173319e+03 1.207832081176177697e-04 1.247378355843733490e-04 1.141556048375646566e-04 1.198922161798519296e-04
7.111267851310172773e+03 1.226742950275920899e-04 1.292573698342452861e-04 1.160970305375279879e-04 1.226762317997884863e-04
7.111367851310172227e+03 1.246319333375073713e-04 1.338499810541522619e-04 1.180989066874510234e-04 1.255269403597035613e-04
7.111467851310171682e+03 1.267016705873458032e-04 1.385139577540189630e-04 1.201954609573114077e-04 1.284703630995587427e-04
7.111567851310171136e+03 1.289213320871333401e-04 1.432506729138826142e-04 1.224177954571298971e-04 1.315299334860486262e-04
7.111667851310170590e+03 1.313122715469121457e-04 1.480559858937940303e-04 1.247866643069406409e-04 1.347183072492156328e-04
7.111767851310170045e+03 1.338792055466615023e-04 1.529204630936733731e-04 1.273132186667140140e-04 1.380376291023496208e-04
7.111867851310169499e+03 1.366107385564474259e-04 1.578305196836140927e-04 1.300013960365038344e-04 1.414808847588551357e-04
7.111967851310168953e+03 1.394769743362461560e-04 1.627621080835412468e-04 1.328451950262755444e-04 1.450280924820209914e-04
7.112067851310168408e+03 1.424310908061042187e-04 1.676849582835079140e-04 1.358310385360623563e-04 1.486490292085581449e-04
7.112167851310167862e+03 1.454123951260683487e-04 1.725606023235701583e-04 1.389398296059002314e-04 1.523042756851795976e-04
7.112267851310167316e+03 1.483398025561128114e-04 1.773360712436588377e-04 1.421373749057540901e-04 1.559377495685085888e-04
7.112367851310166770e+03 1.511346769562888024e-04 1.819617690538577210e-04 1.453943826556751558e-04 1.594969428886072174e-04
7.112467851310166225e+03 1.537097798265571989e-04 1.863797042740934155e-04 1.486714897256186595e-04 1.629203246087564518e-04
7.112567851310165679e+03 1.559778799369470248e-04 1.905251717444199919e-04 1.519222180756243446e-04 1.661417565856637961e-04
7.112667851310165133e+03 1.578525911374765534e-04 1.943310136248771393e-04 1.550903939357354936e-04 1.690913328993630621e-04
7.112767851310164588e+03 1.592794339480664090e-04 1.977496953353671859e-04 1.581379761158700791e-04 1.717223684664345490e-04
7.112867851310164042e+03 1.601994031787532977e-04 2.007210263659734014e-04 1.610055012461140945e-04 1.739753102636136159e-04
7.112967851310163496e+03 1.605829465594767571e-04 2.032058795766100636e-04 1.636464046963971737e-04 1.758117436108279981e-04
7.113067851310162951e+03 1.604264013202149871e-04 2.051838846572835219e-04 1.660260549767319333e-04 1.772121136514101384e-04
7.113167851310162405e+03 1.597346486809500185e-04 2.066409988479989005e-04 1.681079024671409429e-04 1.781611833320299540e-04
7.113267851310161859e+03 1.585359411716571153e-04 2.075772546587056845e-04 1.698705537475632638e-04 1.786612498593086878e-04
7.113367851310161313e+03 1.568724879022996284e-04 2.080131578193973910e-04 1.713037192280187585e-04 1.787297883165719079e-04
7.113467851310160768e+03 1.547923897728945204e-04 2.079687766700617584e-04 1.724028681084705189e-04 1.783880115171422478e-04
7.113567851310160222e+03 1.523620383634040224e-04 2.074812977306827739e-04 1.731807593689104635e-04 1.776746984876657713e-04
7.113667851310159676e+03 1.496411486738109461e-04 2.065799530912624355e-04 1.736449775193498141e-04 1.766220264281410924e-04
7.113767851310159131e+03 1.466952297041529060e-04 2.052954531518107857e-04 1.738087985897690611e-04 1.752664938152442419e-04
7.113867851310158585e+03 1.435930836043731453e-04 2.036579933023083440e-04 1.736888852101690494e-04 1.736466540389501796e-04
7.113967851310158039e+03 1.403841300745528977e-04 2.016761418828118670e-04 1.732831233805757088e-04 1.717811317793135092e-04
7.114067851310157494e+03 1.371306225746457097e-04 1.993708052332918124e-04 1.726041703409694956e-04 1.697018660496356726e-04
7.114167851310156948e+03 1.338706525546549421e-04 1.967420572837536084e-04 1.716444412113704023e-04 1.674190503499263267e-04
7.114267851310156402e+03 1.306411470446407848e-04 1.937964559442328211e-04 1.704037064017829492e-04 1.649471031302188607e-04
7.114367851310155856e+03 1.274514532245835921e-04 1.905241600447022841e-04 1.688659264322097862e-04 1.622805132338318694e-04
7.114467851310155311e+03 1.243187136845302541e-04 1.869364765051881316e-04 1.670408045626393034e-04 1.594319982507859054e-04
7.114567851310154765e+03 1.212348398144876173e-04 1.830326488556808194e-04 1.649354212130637286e-04 1.564009699610773929e-04
7.114667851310154219e+03 1.181889458044323594e-04 1.788212142061284626e-04 1.625828181434234884e-04 1.531976593846614187e-04
7.114767851310153674e+03 1.151727700044165526e-04 1.743195418765917297e-04 1.600455437237152927e-04 1.498459518682411962e-04
7.114867851310153128e+03 1.121745518343902497e-04 1.695515276569817373e-04 1.574140122938533074e-04 1.463800305950751026e-04
7.114967851310152582e+03 1.091908138643961812e-04 1.645426927873799242e-04 1.547981038238542355e-04 1.428438701585434470e-04
7.115067851310152037e+03 1.062260198443952335e-04 1.593350427377202146e-04 1.523245755736669211e-04 1.392952127185941231e-04
7.115167851310151491e+03 1.032930678443480342e-04 1.539776263979422439e-04 1.501178103132714647e-04 1.357961681851872521e-04
7.115267851310150945e+03 1.003945511743233466e-04 1.485121332681521599e-04 1.482710989527544958e-04 1.323925944650766674e-04
7.115367851310150400e+03 9.755477749223572155e-05 1.430029510082173364e-04 1.468699524120899147e-04 1.291425603041809864e-04
7.115467851310149854e+03 9.477832729816652152e-05 1.374929685282686440e-04 1.459456110713871211e-04 1.260723022992740955e-04
7.115567851310149308e+03 9.209547334505047091e-05 1.320432466082277717e-04 1.455158638606488181e-04 1.232181946046423762e-04
7.115667851310148762e+03 8.951152476390114674e-05 1.266774206281010961e-04 1.455360569199695079e-04 1.205750007706572638e-04
7.115767851310148217e+03 8.706454707871660295e-05 1.214283159979726381e-04 1.459408166293852370e-04 1.181445599020248350e-04
7.115867851310147671e+03 8.478440774046319889e-05 1.163061269677798711e-04 1.466090073589851035e-04 1.158998473557427381e-04
7.115967851310147125e+03 8.271428941616304020e-05 1.113190995276199332e-04 1.473735269888318451e-04 1.138023053108716017e-04
7.116067851310146580e+03 8.091172824077062277e-05 1.064853101274297533e-04 1.480336459589853815e-04 1.118102281090619147e-04
7.116167851310146034e+03 7.942771795128099701e-05 1.018151194271782977e-04 1.483320319395413595e-04 1.098582897726668847e-04
7.116267851310145488e+03 7.829704578474818441e-05 9.731107037996390501e-05 1.479822855505407396e-04 1.078634672384176142e-04
7.116367851310144943e+03 7.756033490313905755e-05 9.298670007268608115e-05 1.467139679019610024e-04 1.057536676259287182e-04
7.116467851310144397e+03 7.720816800054770130e-05 8.881942109148110618e-05 1.442852746037772088e-04 1.034376212319353388e-04
7.116567851310143851e+03 7.722541960897302241e-05 8.479782241029110786e-05 1.405795936757969148e-04 1.008676118983536907e-04
7.116667851310143305e+03 7.754283030850346798e-05 8.088161315012623966e-05 1.356128588377696076e-04 9.801243409879976270e-05
7.116767851310142760e+03 7.806873717617252061e-05 7.704301702703974532e-05 1.295678494395113801e-04 9.489320121424121986e-05
7.116867851310142214e+03 7.869816684100963342e-05 7.328138244691866261e-05 1.227746178406886315e-04 9.158472237620564251e-05
7.116967851310141668e+03 7.929207655806012921e-05 6.959043787484100324e-05 1.155934697113643160e-04 8.815866138142181615e-05
7.117067851310141123e+03 7.973304845129813964e-05 6.600358054570888895e-05 1.083783234514837347e-04 8.470498414949691657e-05
7.117167851310140577e+03 7.988092528576463491e-05 6.252519477253624968e-05 1.013599153711706026e-04 8.125534514315717143e-05
7.117267851310140031e+03 7.962228889441399723e-05 5.917499847836269345e-05 9.467187157070562403e-05 7.782305298116078964e-05
7.117367851310139486e+03 7.883497616326026183e-05 5.594905032216381045e-05 8.834161801013289649e-05 7.437521483185233196e-05
7.117467851310138940e+03 7.737478998835062294e-05 5.280582562905997910e-05 8.230682819371484197e-05 7.082914793704180338e-05
7.117567851310138394e+03 7.511946056365116490e-05 4.970317554202287498e-05 7.648675670442211692e-05 6.710313093669872345e-05
7.117667851310137848e+03 7.198400785407598531e-05 4.659517075003154928e-05 7.080105765920457486e-05 6.312674542110403874e-05
7.117767851310137303e+03 6.796587912254149159e-05 4.344490376512862506e-05 6.519693478112349640e-05 5.886923922293120661e-05
7.117867851310136757e+03 6.317386073480138562e-05 4.024490746920957518e-05 5.966736008000212083e-05 5.436204276133768936e-05
7.117967851310136211e+03 5.786236742569539462e-05 3.702392776327304079e-05 5.425525056986011638e-05 4.971384858627618167e-05
7.118067851310135666e+03 5.232514356711529305e-05 3.392106090110789664e-05 4.913442850142982178e-05 4.512687765655101286e-05
7.118167851310135120e+03 4.689984704293104808e-05 3.098040661084086139e-05 4.438433111081953569e-05 4.075486158819715290e-05
7.118267851310134574e+03 4.184798233936225335e-05 2.827743048947418391e-05 4.008216371012129214e-05 3.673585884631923749e-05
7.118367851310134029e+03 3.731533492950280380e-05 2.585050391001724398e-05 3.626289062832196655e-05 3.314290982261400590e-05
7.118467851310133483e+03 3.334835755560254387e-05 2.370493409257103175e-05 3.291703366656876319e-05 2.999010843824744853e-05
7.118567851310132937e+03 2.992665579272611715e-05 2.182368491614821538e-05 3.000624772087111266e-05 2.725219614324848286e-05
7.118667851310132392e+03 2.699539922890537157e-05 2.017861728275297081e-05 2.747911976022907301e-05 2.488437875729580174e-05
7.118767851310131846e+03 2.448805525121876806e-05 1.873849673542309798e-05 2.528212776069658005e-05 2.283622658244615096e-05
7.118867851310131300e+03 2.233912850761570940e-05 1.747345987112850621e-05 2.336554127322477910e-05 2.105937655065633383e-05
7.118967851310130754e+03 2.048992196512822815e-05 1.635697092388871960e-05 2.168581528384152599e-05 1.951090272428615904e-05
7.119067851310130209e+03 1.889031679572053646e-05 1.536634446568481215e-05 2.020602256651676641e-05 1.815422794264070388e-05
7.119167851310129663e+03 1.749860405036696403e-05 1.448257328050307881e-05 1.889536642922910679e-05 1.695884792003304818e-05
7.119267851310129117e+03 1.628052245308273590e-05 1.368988222735538284e-05 1.772835843299540892e-05 1.589958770447784142e-05
7.119367851310128572e+03 1.520808391183370986e-05 1.297521937422196759e-05 1.668394898478578258e-05 1.495575075694715447e-05
7.119467851310128026e+03 1.425844744563237255e-05 1.232777793311291737e-05 1.574473390061445797e-05 1.411031975978658320e-05
7.119567851310127480e+03 1.341293878146107297e-05 1.173858260401815164e-05 1.489627718346616620e-05 1.334926618964846417e-05
7.119667851310126935e+03 1.265623631930761206e-05 1.120014607393044058e-05 1.412655245633011489e-05 1.266097828318938861e-05
7.119767851310126389e+03 1.197571185518216278e-05 1.070618977885806816e-05 1.342549040021783776e-05 1.203579734475269013e-05
7.119867851310125843e+03 1.136090353806800474e-05 1.025141935278999683e-05 1.278461528111328665e-05 1.146564605732376443e-05
7.119967851310125297e+03 1.080309708297405841e-05 9.831344824733546808e-06 1.219675398502654188e-05 1.094373196424471570e-05
7.120067851310124752e+03 1.029499361389188686e-05 9.442136764483185436e-06 1.165580308894954473e-05 1.046431115577487234e-05
7.120167851310124206e+03 9.830445993515431633e-06 9.080510963534769791e-06 1.115654200987636576e-05 1.002249965564219019e-05
7.120267851310123660e+03 9.404249002151990089e-06 8.743635701694390237e-06 1.069448259181526742e-05 9.614122431887215915e-06
7.120367851310123115e+03 9.011971763592141702e-06 8.429056856455048642e-06 1.026574751575646852e-05 9.235592045267888546e-06
7.120467851310122569e+03 8.649823338442276055e-06 8.134637133522156774e-06 9.866971561407235019e-06 8.883810677790555385e-06
7.120567851310122023e+03 8.314544418797671841e-06 7.858506505692233022e-06 9.495221006662685884e-06 8.556090643717530249e-06
7.120667851310121478e+03 8.003319625354792910e-06 7.599021578862560471e-06 9.147927517519087079e-06 8.250089573912146255e-06
7.120767851310120932e+03 7.713706134318901932e-06 7.354732104037694300e-06 8.822833641582473216e-06 7.963757293313022584e-06
7.120867851310120386e+03 7.443575300283994851e-06 7.124353232512771403e-06 8.517947644946265227e-06 7.695292059247676596e-06
7.120967851310119840e+03 7.191064674354721338e-06 6.906742411891874113e-06 8.231505907215825078e-06 7.443104331154139329e-06
7.121067851310119295e+03 6.954538370628087774e-06 6.700880050672589823e-06 7.961941462087882004e-06 7.205786627796185969e-06
7.121167851310118749e+03 6.732554178396525067e-06 6.505853260564643287e-06 7.707857559594661414e-06 6.982088332851943256e-06
7.121267851310118203e+03 6.523836127165991760e-06 6.320842110240209415e-06 7.468005332676162448e-06 6.770894523360787310e-06
7.121367851310117658e+03 6.327251537292375688e-06 6.145107979314164601e-06 7.241264892209715765e-06 6.571208136272085351e-06
7.121467851310117112e+03 6.141791689323875786e-06 5.977983611656076286e-06 7.026629204047689907e-06 6.382134835009213710e-06
7.121567851310116566e+03 5.966555509615669333e-06 5.818864612639255184e-06 6.823190324248443451e-06 6.202870148834455425e-06
7.121667851310116021e+03 5.800735731333356930e-06 5.667202139944356988e-06 6.630127586880723011e-06 6.032688486052812310e-06
7.121767851310115475e+03 5.643607111740884173e-06 5.522496599248769457e-06 6.446697433609946673e-06 5.870933714866533435e-06
7.121867851310114929e+03 5.494516363112285901e-06 5.384292185737599870e-06 6.272224626712094700e-06 5.717011058520659875e-06
7.121967851310114384e+03 5.352873516120626905e-06 5.252172142693790540e-06 6.106094630761038006e-06 5.570380096525151817e-06
7.122067851310113838e+03 5.218144487142238196e-06 5.125754628002171226e-06 5.947746987433619156e-06 5.430548700859342859e-06
7.122167851310113292e+03 5.089844658859764657e-06 5.004689099552522209e-06 5.796669536313393240e-06 5.297067764908560600e-06
7.122267851310112746e+03 4.967533319153175462e-06 4.888653144431290284e-06 5.652393357380170218e-06 5.169526606988210859e-06
7.122367851310112201e+03 4.850808828309053147e-06 4.777349690130456230e-06 5.514488334621052736e-06 5.047548951020186242e-06
7.122467851310111655e+03 4.739304406612235185e-06 4.670504543139730441e-06 5.382559251920650725e-06 4.930789400557538219e-06
7.122567851310111109e+03 4.632684451449228319e-06 4.567864211849867765e-06 5.256242349665185939e-06 4.818930337654760674e-06
7.122667851310110564e+03 4.530641309710792893e-06 4.469193976355233425e-06 5.135202279445593422e-06 4.711679188503873246e-06
7.122767851310110018e+03 4.432892440384939253e-06 4.374276171147143862e-06 5.019129404549294388e-06 4.608766005360459168e-06
7.122867851310109472e+03 4.339177914164402350e-06 4.282908654821125123e-06 4.907737401369081134e-06 4.509941323451536202e-06
7.122967851310108927e+03 4.249258205240061870e-06 4.194903443570596285e-06 4.800761123195349045e-06 4.414974257335336298e-06
