5.033052667136000196e+02 8.178165974499999660e-06 8.194597742000000773e-06 8.095947373999999968e-06 8.156237030166666236e-06
5.034052666936000264e+02 7.030211014590567018e-06 7.043975005624121498e-06 6.942608468667354431e-06 7.005598162960681265e-06
5.035052666736000333e+02 6.360796287265738719e-06 6.373076797859129872e-06 6.269848320103905146e-06 6.334573801742924579e-06
5.036052666536000402e+02 6.008197420059053322e-06 6.019729610508045054e-06 5.915159413313075842e-06 5.981028814626725304e-06
5.037052666336000470e+02 1.399083722714138631e-05 1.398996647664841456e-05 1.397475546253105241e-05 1.398518638877361945e-05
5.038052666136000539e+02 1.276137900626692442e-05 1.276183458836767926e-05 1.274705698951379244e-05 1.275675686138279927e-05
5.039052665936000608e+02 1.205102967748458446e-05 1.205216780480024633e-05 1.203750360342757714e-05 1.204690036190413541e-05
5.040052665736000677e+02 1.167930804275100512e-05 1.168082448442914111e-05 1.166617676988728322e-05 1.167543643235580982e-05
5.041052665536000745e+02 1.147949568726765995e-05 1.148125844618923469e-05 1.146658044810695639e-05 1.147577819385461588e-05
5.042052665336000814e+02 1.137056659093757332e-05 1.137252937291768586e-05 1.135782597052674935e-05 1.136697397812733618e-05
5.043052665136000883e+02 1.131686043948990456e-05 1.131903358466604512e-05 1.130433199311905708e-05 1.131340867242500056e-05
5.044052664936000951e+02 1.129686901886928900e-05 1.129917178197015361e-05 1.128441652807814783e-05 1.129348577630586405e-05
5.045052664736001020e+02 1.130078942878835437e-05 1.130316860621855429e-05 1.128831088373011336e-05 1.129742297291234124e-05
5.046052664536001089e+02 1.131491182928211565e-05 1.131744778060924322e-05 1.130257164808528739e-05 1.131164375265888378e-05
5.047052664336001158e+02 1.135039173176845747e-05 1.135305600053503962e-05 1.133813398505718897e-05 1.134719390578689592e-05
5.048052664136001226e+02 1.140280864814077893e-05 1.140559832171610268e-05 1.139062902907162257e-05 1.139967866630950139e-05
5.049052663936001295e+02 1.144800250849363948e-05 1.145094010224165587e-05 1.143595420385648781e-05 1.144496560486392603e-05
5.050052663736001364e+02 1.149808619228776755e-05 1.150107513980625976e-05 1.148598864403672619e-05 1.149504999204358676e-05
5.051052663536001432e+02 1.155518756310907054e-05 1.155829286913266761e-05 1.154315214862589332e-05 1.155221086028921106e-05
5.052052663336001501e+02 1.162656231806045919e-05 1.162979545552258221e-05 1.161460694327137244e-05 1.162365490561813964e-05
5.053052663136001570e+02 1.170036657619147150e-05 1.170376188180119467e-05 1.168856304586723794e-05 1.169756383461996747e-05
5.054052662936001639e+02 1.176365050555439667e-05 1.176715860496542522e-05 1.175190181140283446e-05 1.176090364064088714e-05
5.055052662736001707e+02 1.183810745183755574e-05 1.184167844768364189e-05 1.182632422507500208e-05 1.183537004153206826e-05
5.056052662536001776e+02 1.192508489681977355e-05 1.192880232472674198e-05 1.191343079175627563e-05 1.192243933776759592e-05
5.057052662336001845e+02 1.200681412131461668e-05 1.201064269183801692e-05 1.199523171487878355e-05 1.200422950934380515e-05
5.058052662136001913e+02 1.208458038305230342e-05 1.208851102418814522e-05 1.207303041557827212e-05 1.208204060760624025e-05
5.059052661936001982e+02 1.217522477573962123e-05 1.217926694690382456e-05 1.216374505691514040e-05 1.217274559318619483e-05
5.060052661736002051e+02 1.228253208057675240e-05 1.228674136296427283e-05 1.227122207494306505e-05 1.228016517282803066e-05
5.061052661536002120e+02 1.237056039407433041e-05 1.237489310089246933e-05 1.235932562864039310e-05 1.236825970786906372e-05
5.062052661336002188e+02 1.245741394468884543e-05 1.246183967502105373e-05 1.244620480833678625e-05 1.245515280934889627e-05
5.063052661136002257e+02 1.254694728876451130e-05 1.255149960843081057e-05 1.253582593645572783e-05 1.254475761121701600e-05
5.064052660936002326e+02 1.264341552691367129e-05 1.264808746634890656e-05 1.263236851833122789e-05 1.264129050386460248e-05
5.065052660736002395e+02 1.275787808758628666e-05 1.276265988681265206e-05 1.274689330032049411e-05 1.275581042490647648e-05
5.066052660536002463e+02 1.286764624418048735e-05 1.287253034140232948e-05 1.285671461883859349e-05 1.286563040147380288e-05
5.067052660336002532e+02 1.296983025188103671e-05 1.297479438877607978e-05 1.295891064097781841e-05 1.296784509387831107e-05
5.068052660136002601e+02 1.306622296727257131e-05 1.307130384887844526e-05 1.305538019341232718e-05 1.306430233652111459e-05
5.069052659936002669e+02 1.317321507659843003e-05 1.317839625817532193e-05 1.316242711813047767e-05 1.317134615096807598e-05
5.070052659736002738e+02 1.329000108197589866e-05 1.329529110721356795e-05 1.327928741691461532e-05 1.328819320203469511e-05
5.071052659536002807e+02 1.339491408454342004e-05 1.340031416838103183e-05 1.338427044737424876e-05 1.339316623343289965e-05
5.072052659336002876e+02 1.350375014221941285e-05 1.350924455358461655e-05 1.349316340990760552e-05 1.350205270190387830e-05
5.073052659136002944e+02 1.363112834487850460e-05 1.363672425290493920e-05 1.362059998304446004e-05 1.362948419360930241e-05
5.074052658936003013e+02 1.375367798835555173e-05 1.375931709590319673e-05 1.374311509226809681e-05 1.375203672550894899e-05
5.075052658736003082e+02 1.386976047783275732e-05 1.387551781591510592e-05 1.385929550316180014e-05 1.386819126563655502e-05
5.076052658536003150e+02 1.398789067314978665e-05 1.399368324401821645e-05 1.397738382044337809e-05 1.398631924587046152e-05
5.077052658336003219e+02 1.411049717219115771e-05 1.411632103689021927e-05 1.409994631996179605e-05 1.410892150968105655e-05
5.078052658136003288e+02 1.424405437548115273e-05 1.424997722567953622e-05 1.423358801288820860e-05 1.424253987134963308e-05
5.079052657936003357e+02 1.437385389822716744e-05 1.437981992958426102e-05 1.436337532363553469e-05 1.437234971714898659e-05
5.080052657736003425e+02 1.450475919234021821e-05 1.451077659565989537e-05 1.449428682409842177e-05 1.450327420403284512e-05
5.081052657536003494e+02 1.463795393056101346e-05 1.464395709861417757e-05 1.462738498438250195e-05 1.463643200451923099e-05
5.082052657336003563e+02 1.476802060840659286e-05 1.477402952493046852e-05 1.475739478347453133e-05 1.476648163893719757e-05
5.083052657136003631e+02 1.490913902753429263e-05 1.491515956889971143e-05 1.489846449996958742e-05 1.490758769880119942e-05
5.084052656936003700e+02 1.505233810012932711e-05 1.505828990111319324e-05 1.504149147414148848e-05 1.505070649179466905e-05
5.085052656736003769e+02 1.519190521705871796e-05 1.519782500857584653e-05 1.518095645480724507e-05 1.519022889348060262e-05
5.086052656536003838e+02 1.533627961103739806e-05 1.534219168225504961e-05 1.532529393415876093e-05 1.533458840915040286e-05
5.087052656336003906e+02 1.548964560492130306e-05 1.549548055624064069e-05 1.547848164147815509e-05 1.548786926754669961e-05
5.088052656136003975e+02 1.563886452687497970e-05 1.564460823727067723e-05 1.562753794247138874e-05 1.563700356887234969e-05
5.089052655936004044e+02 1.578453452999698618e-05 1.579015250163071131e-05 1.577299523221313644e-05 1.578256075461361357e-05
5.090052655736004112e+02 1.594098775390355151e-05 1.594644521322232658e-05 1.592917889487272746e-05 1.593887062066619959e-05
5.091052655536004181e+02 1.610183513508766856e-05 1.610714431807281895e-05 1.608978751163974260e-05 1.609958898826674450e-05
5.092052655336004250e+02 1.626654732407790857e-05 1.627161010161994457e-05 1.625411540540880502e-05 1.626409094370222052e-05
5.093052655136004319e+02 1.642555360029178098e-05 1.643037520141833898e-05 1.641275139652447019e-05 1.642289339941153118e-05
5.094052654936004387e+02 1.658154913865853903e-05 1.658609575488887464e-05 1.656835925139221960e-05 1.657866804831321109e-05
5.095052654736004456e+02 1.675678839032918309e-05 1.676103172778372117e-05 1.674318145197359301e-05 1.675366719002883129e-05
5.096052654536004525e+02 1.692987378216838875e-05 1.693373772447400664e-05 1.691572696398516726e-05 1.692644615687585534e-05
5.097052654336004593e+02 1.710036479760115611e-05 1.710376666320358641e-05 1.708556347242126930e-05 1.709656497774200281e-05
5.098052654136004662e+02 1.728743745718934458e-05 1.729038931406970961e-05 1.727203396872674702e-05 1.728328691332859927e-05
5.099052653936004731e+02 1.746473929171434456e-05 1.746717096015782842e-05 1.744865702958503485e-05 1.746018909381906589e-05
5.100052653736004800e+02 1.763960353908293965e-05 1.764143878330608548e-05 1.762273606331617190e-05 1.763459279523506680e-05
5.101052653536004868e+02 1.783233968948059952e-05 1.783349802424477902e-05 1.781459969951417816e-05 1.782681247107985336e-05
5.102052653336004937e+02 1.802530366470965752e-05 1.802569072730454052e-05 1.800653431131576281e-05 1.801917623444332028e-05
5.103052653136005006e+02 1.822286741891761432e-05 1.822233376585931364e-05 1.820286398872913194e-05 1.821602172450201884e-05
5.104052652936005074e+02 1.842262361439450975e-05 1.842109775982191051e-05 1.840133574344193781e-05 1.841501903921945269e-05
5.105052652736005143e+02 1.861262093796054503e-05 1.861004022893841884e-05 1.858996421484451121e-05 1.860420846058115723e-05
5.106052652536005212e+02 1.881776583149594276e-05 1.881394146723076158e-05 1.879348115583192788e-05 1.880839615151954069e-05
5.107052652336005281e+02 1.904257633821427979e-05 1.903738583224226191e-05 1.901652620988495340e-05 1.903216279344716616e-05
5.108052652136005349e+02 1.925041134362128143e-05 1.924375458547936918e-05 1.922248788615253250e-05 1.923888460508439550e-05
5.109052651936005418e+02 1.946317273882118516e-05 1.945483478941638567e-05 1.943308403569423087e-05 1.945036385464393277e-05
5.110052651736005487e+02 1.968943479005094829e-05 1.967919153426900112e-05 1.965687647268710126e-05 1.967516759900234796e-05
5.111052651536005555e+02 1.991533934759021112e-05 1.990298270288451077e-05 1.988006715980818423e-05 1.989946307009430091e-05
5.112052651336005624e+02 2.014809895841356731e-05 2.013334243292665127e-05 2.010969653542134781e-05 2.013037930892052439e-05
5.113052651136005693e+02 2.039343918945647625e-05 2.037609171652599523e-05 2.035173474589679999e-05 2.037375521729309049e-05
5.114052650936005762e+02 2.062821905523457000e-05 2.060792129738120648e-05 2.058271349600344333e-05 2.060628461620640886e-05
5.115052650736005830e+02 2.085773194508525085e-05 2.083411478207118102e-05 2.080792126303105394e-05 2.083325599672916081e-05
5.116052650536005899e+02 2.112515408775408695e-05 2.109786553862890267e-05 2.107059024821384416e-05 2.109786995819894572e-05
5.117052650336005968e+02 2.139273097705934672e-05 2.136121438655729518e-05 2.133261453546119970e-05 2.136218663302594494e-05
5.118052650136006037e+02 2.164692071967282166e-05 2.161074448972376039e-05 2.158072204911568834e-05 2.161279575283742572e-05
5.119052649936006105e+02 2.192263756542648338e-05 2.188113058686886629e-05 2.184937384361707415e-05 2.188438066530414128e-05
5.120052649736005606e+02 2.220627935945131660e-05 2.215883282026579425e-05 2.212511519326951370e-05 2.216340912432887485e-05
5.121052649536006811e+02 2.247678195030606652e-05 2.242266340861591396e-05 2.238671241582241916e-05 2.242871925824813095e-05
5.122052649336005743e+02 2.276666942630485045e-05 2.270497866778623387e-05 2.266633253318807467e-05 2.271266020909305187e-05
5.123052649136006949e+02 2.308512698977098021e-05 2.301487880924878816e-05 2.297303383245012179e-05 2.302434654382329559e-05
5.124052648936005880e+02 2.340643406079457656e-05 2.332660456552252185e-05 2.328099798925447640e-05 2.333801220519052494e-05
5.125052648736007086e+02 2.371865290797219304e-05 2.362793058370048021e-05 2.357768335283643590e-05 2.364142228150303525e-05
5.126052648536006018e+02 2.405904319377828759e-05 2.395613474813939654e-05 2.390014940511668774e-05 2.397177578234478836e-05
5.127052648336007223e+02 2.441560314358677417e-05 2.429914454984981770e-05 2.423603491961801880e-05 2.431692753768487135e-05
5.128052648136006155e+02 2.476993865218060588e-05 2.463856159636104940e-05 2.456629969761101211e-05 2.465826664871755805e-05
5.129052647936007361e+02 2.516212495878147529e-05 2.501478674004014804e-05 2.493051968215869208e-05 2.503581046032677293e-05
5.130052647736006293e+02 2.558831116677311358e-05 2.542465409260132964e-05 2.532396414912142937e-05 2.544564313616528973e-05
5.131052647536007498e+02 2.602283868842669354e-05 2.584437774426097254e-05 2.572017035533354968e-05 2.586246226267374085e-05
5.132052647336006430e+02 2.649132165668456837e-05 2.630401960139053250e-05 2.614445193762160929e-05 2.631326439856557231e-05
5.133052647136007636e+02 2.703577360267845914e-05 2.685586652266500231e-05 2.663889330270881038e-05 2.684351114268408722e-05
5.134052646936006568e+02 2.763789733192878673e-05 2.750819680486328768e-05 2.718745732124419010e-05 2.744451715267875371e-05
5.135052646736007773e+02 2.832763477310006538e-05 2.836843005866231002e-05 2.782837483443759269e-05 2.817481322206665377e-05
5.136052646536006705e+02 2.918473585755207767e-05 2.980773811847643959e-05 2.866704615603367492e-05 2.921984004402072960e-05
5.137052646336007911e+02 3.030560900097328960e-05 3.332258735089999637e-05 2.988602188891598441e-05 3.117140608026308787e-05
5.138052646136006842e+02 3.190139848765805074e-05 3.811190443877504819e-05 3.195190034554884061e-05 3.398840109066064426e-05
5.139052645936008048e+02 3.452284554217593411e-05 4.005078457873901090e-05 3.655240722192208165e-05 3.704201244761234674e-05
5.140052645736006980e+02 3.993875408770201365e-05 5.739018123513511241e-05 5.246927955746091588e-05 4.993273829343267839e-05
5.141052645536008185e+02 5.479657525333263464e-05 7.740543279623864818e-05 8.054937246054931824e-05 7.091712683670686702e-05
5.142052645336007117e+02 9.177758672369770157e-05 5.143649968179333826e-05 5.964201421195714132e-05 6.761870020581606038e-05
5.143052645136008323e+02 1.074723221164138954e-04 4.011471141216459981e-05 4.415594522187542699e-05 6.391432625015130964e-05
5.144052644936007255e+02 9.186464138709088574e-05 4.013761578670953191e-05 4.423505467587076365e-05 5.874577061655706495e-05
5.145052644736008460e+02 1.084852883482195849e-04 4.866073992758182304e-05 6.098275858899245081e-05 7.270959562159795293e-05
5.146052644536007392e+02 1.371679304800144865e-04 6.766882552703657144e-05 7.323278104506871487e-05 9.268984568403991974e-05
5.147052644336008598e+02 1.162835960542434494e-04 8.118427264832545325e-05 4.932037269747988143e-05 8.226274713334959243e-05
5.148052644136007530e+02 8.741787818386779509e-05 7.838638913269384582e-05 3.974736275809561369e-05 6.851721002488574250e-05
5.149052643936008735e+02 5.789169261824683233e-05 6.037582648721680374e-05 3.840254088397908761e-05 5.222335332981424349e-05
5.150052643736007667e+02 4.803990035287644721e-05 4.756578449243864407e-05 3.919981310078353681e-05 4.493516598203287603e-05
5.151052643536008873e+02 4.605640488352264481e-05 4.311614212770058479e-05 4.088376361256489849e-05 4.335210354126270936e-05
5.152052643336007804e+02 4.395913247347505099e-05 3.977880505530644002e-05 4.523434756417741111e-05 4.299076169765296286e-05
5.153052643136009010e+02 3.931664760154540196e-05 3.735829222543151956e-05 4.264014195375453553e-05 3.977169392691049020e-05
5.154052642936007942e+02 3.787543386392428537e-05 3.677102713617927382e-05 3.796894396232632790e-05 3.753846832080996688e-05
5.155052642736009147e+02 3.758524070397026491e-05 3.682296868016370474e-05 3.707476777703028463e-05 3.716099238705475820e-05
5.156052642536008079e+02 3.762139932141015102e-05 3.705647221933068775e-05 3.707389212942323504e-05 3.725058789005468901e-05
5.157052642336009285e+02 3.777689083710837072e-05 3.734585683341674759e-05 3.729627518633311543e-05 3.747300761895274232e-05
5.158052642136008217e+02 3.813032452800790351e-05 3.779787756043546997e-05 3.773205050342483074e-05 3.788675086395606355e-05
5.159052641936009422e+02 3.862737919304562364e-05 3.837096167408570829e-05 3.830613701922437186e-05 3.843482596211857019e-05
5.160052641736008354e+02 3.897311122854671243e-05 3.877786139182272352e-05 3.872072439593372232e-05 3.882389900543437705e-05
5.161052641536009560e+02 3.951215069921964757e-05 3.936694369535070697e-05 3.931899472934227734e-05 3.939936304130420611e-05
5.162052641336008492e+02 4.011079010284425515e-05 4.000785847659926817e-05 3.996979783997574304e-05 4.002948213980642438e-05
5.163052641136009697e+02 4.066153949111128534e-05 4.059440493101163893e-05 4.056567488866248119e-05 4.060720643692847752e-05
5.164052640936008629e+02 4.125586322774394874e-05 4.121949404081922677e-05 4.119957332050546014e-05 4.122497686302288307e-05
5.165052640736009835e+02 4.196069784287297674e-05 4.195183101569211734e-05 4.193959571396332626e-05 4.195070819084281808e-05
5.166052640536008767e+02 4.261941060821635943e-05 4.263584127308570049e-05 4.263000501326637617e-05 4.262841896485614762e-05
5.167052640336009972e+02 4.324248614813621636e-05 4.328041341223456609e-05 4.328186653335090056e-05 4.326825536457389433e-05
5.168052640136008904e+02 4.402816789921417762e-05 4.408570484785357448e-05 4.409451218755565497e-05 4.406946164487447580e-05
5.169052639936010110e+02 4.472424891739661026e-05 4.480094693647346596e-05 4.481541795020532553e-05 4.478020460135846725e-05
5.170052639736009041e+02 4.552921881272022563e-05 4.562228705524875704e-05 4.564211535510312239e-05 4.559787374102403502e-05
5.171052639536010247e+02 4.637692946261951155e-05 4.648568880796495015e-05 4.651088450918857591e-05 4.645783425992434587e-05
5.172052639336009179e+02 4.725362354223862468e-05 4.737642277705949733e-05 4.740695927106123247e-05 4.734566853011978708e-05
5.173052639136010384e+02 4.807858257429873457e-05 4.821378304323571521e-05 4.825008882287251276e-05 4.818081814680231633e-05
5.174052638936009316e+02 4.894534066024840949e-05 4.909730066982634480e-05 4.913902518428670864e-05 4.906055550478715657e-05
5.175052638736010522e+02 4.989689383561356835e-05 5.006150352179651716e-05 5.010900556109733610e-05 5.002246763950246936e-05
5.176052638536009454e+02 5.067359616935194350e-05 5.085031801018116584e-05 5.090120889715737045e-05 5.080837435889681982e-05
5.177052638336010659e+02 5.165645620140744217e-05 5.184093158645213634e-05 5.189943355529509834e-05 5.179894044771823013e-05
5.178052638136009591e+02 5.276762757701740380e-05 5.296618770248867787e-05 5.302803911278130650e-05 5.292061813076246498e-05
5.179052637936010797e+02 5.376058231119577706e-05 5.397430984241401614e-05 5.404014592733210530e-05 5.392501269364729724e-05
5.180052637736009729e+02 5.480132029157755446e-05 5.502753508719873882e-05 5.510188376817616725e-05 5.497691304898415351e-05
5.181052637536010934e+02 5.596953276456638287e-05 5.620499386228157548e-05 5.628199017656159889e-05 5.615217226780318575e-05
5.182052637336009866e+02 5.710984674885913082e-05 5.736212425175851043e-05 5.744457993247184410e-05 5.730551697769649963e-05
5.183052637136011072e+02 5.822894251000128432e-05 5.849084566260917062e-05 5.858272735005632618e-05 5.843417184088892704e-05
5.184052636936010003e+02 5.953320371783773861e-05 5.980722284907929662e-05 5.990186572374459886e-05 5.974743076355387803e-05
5.185052636736011209e+02 6.073932520015368696e-05 6.102791602694643828e-05 6.112842631322362935e-05 6.096522251344124927e-05
5.186052636536010141e+02 6.193200057428931669e-05 6.223056320075613830e-05 6.233794695872304787e-05 6.216683691125617214e-05
5.187052636336011346e+02 6.326866441372570220e-05 6.358225168696590777e-05 6.369683266428753090e-05 6.351591625499305148e-05
5.188052636136010278e+02 6.476348630691822704e-05 6.508808591443181635e-05 6.521022997208120783e-05 6.502060073114375493e-05
5.189052635936011484e+02 6.622239537506090126e-05 6.655786945488798923e-05 6.668550309203327253e-05 6.648858930732740122e-05
5.190052635736010416e+02 6.761301626907475582e-05 6.796503800710705493e-05 6.810140616922544092e-05 6.789315348180241722e-05
5.191052635536011621e+02 6.916018709364239942e-05 6.952884999709944163e-05 6.967233249700465359e-05 6.945378986258217392e-05
5.192052635336010553e+02 7.086077686752614228e-05 7.123801049298251163e-05 7.138736760052712517e-05 7.116205165367860206e-05
5.193052635136011759e+02 7.255607465015635120e-05 7.295372833579676151e-05 7.311493878362950642e-05 7.287491392319419734e-05
5.194052634936010691e+02 7.418679681201262245e-05 7.459546602940498043e-05 7.476258185603981731e-05 7.451494823248580221e-05
5.195052634736011896e+02 7.597121616400024150e-05 7.639126126245880492e-05 7.656512838956311027e-05 7.630920193867405223e-05
5.196052634536010828e+02 7.785545496316666095e-05 7.829078672890389028e-05 7.847678611845327733e-05 7.820767593684128070e-05
5.197052634336012034e+02 7.983602522466096878e-05 8.028657895451988787e-05 8.047933756898212570e-05 8.020064724938765627e-05
5.198052634136010965e+02 8.174380843578389947e-05 8.220651144222136989e-05 8.240792302902843959e-05 8.211941430234457869e-05
5.199052633936012171e+02 8.369978128727639691e-05 8.418256033974953647e-05 8.439399957102347615e-05 8.409211373268315006e-05
5.200052633736011103e+02 8.594504496479756926e-05 8.644906326513862333e-05 8.667866892281125217e-05 8.635759238424915729e-05
5.201052633536012308e+02 8.834007614001463337e-05 8.886613208097899285e-05 8.911169824578437412e-05 8.877263548892600463e-05
5.202052633336011240e+02 9.076221691427222536e-05 9.131049931281203544e-05 9.157569154586542954e-05 9.121613592431656345e-05
5.203052633136012446e+02 9.314858687360451947e-05 9.371940378754203284e-05 9.400291129741702968e-05 9.362363398618785615e-05
5.204052632936011378e+02 9.558463889693530064e-05 9.616092840314486309e-05 9.645077828351540682e-05 9.606544852786519470e-05
5.205052632736012583e+02 9.828895903759540982e-05 9.889651654009868134e-05 9.920821746426916989e-05 9.879789768065441583e-05
5.206052632536011515e+02 1.011528965725563194e-04 1.017693327672175162e-04 1.020805518770482364e-04 1.016675937389406907e-04
5.207052632336012721e+02 1.041540022638675391e-04 1.047978626195325601e-04 1.051461945141466645e-04 1.046993531325155879e-04
5.208052632136011653e+02 1.071876218409077209e-04 1.078535092780125826e-04 1.082145398356407391e-04 1.077518903181870052e-04
5.209052631936012858e+02 1.103651908051226694e-04 1.110459054612695254e-04 1.114180565654699826e-04 1.109430509439540637e-04
5.210052631736011790e+02 1.137052647836261872e-04 1.144682874437531555e-04 1.149070511452579806e-04 1.143602011242124275e-04
5.211052631536012996e+02 1.174199288121591917e-04 1.182723095308221248e-04 1.187732815328948119e-04 1.181551732919587140e-04
5.212052631336011927e+02 1.211863738430659753e-04 1.220605617284268283e-04 1.225833598661367561e-04 1.219434318125431956e-04
5.213052631136013133e+02 1.250144824126349103e-04 1.258233847168235614e-04 1.263373805486032292e-04 1.257250825593539184e-04
5.214052630936012065e+02 1.291828056385787822e-04 1.299630996089600529e-04 1.304864779814673644e-04 1.298774610763353998e-04
5.215052630736013271e+02 1.337063560500433273e-04 1.344492317448835639e-04 1.350387529587774985e-04 1.343981135845681118e-04
5.216052630536012202e+02 1.383217038339754556e-04 1.391123149530819987e-04 1.397485733934274426e-04 1.390608640601616233e-04
5.217052630336013408e+02 1.430319301970880909e-04 1.439255718945666308e-04 1.445763348340694263e-04 1.438446123085747070e-04
5.218052630136012340e+02 1.481422971202670620e-04 1.490710699305506856e-04 1.497738269253871780e-04 1.489957313254016238e-04
5.219052629936013545e+02 1.535241230174986832e-04 1.543889997316663068e-04 1.549377486187385709e-04 1.542836237893012051e-04
5.220052629736012477e+02 1.595182208220872729e-04 1.604506756094134360e-04 1.611158282732570875e-04 1.603615749015858960e-04
5.221052629536013683e+02 1.657749963830510874e-04 1.668691881671256977e-04 1.677087726566970879e-04 1.667843190689579486e-04
5.222052629336012615e+02 1.721436120469610270e-04 1.733043945910914567e-04 1.741080318902632647e-04 1.731853461761052675e-04
5.223052629136013820e+02 1.797030339611536563e-04 1.817524486312051333e-04 1.825889862662473493e-04 1.813481562862020373e-04
5.224052628936012752e+02 1.880244619390962013e-04 1.905375480819214635e-04 1.919585358395803560e-04 1.901735152868660160e-04
5.225052628736013958e+02 2.020170116458586758e-04 2.078621194268168615e-04 2.142921071834159928e-04 2.080570794186971677e-04
5.226052628536012890e+02 2.104221356587155289e-04 2.159286127126253162e-04 2.224566971010614449e-04 2.162691484908007633e-04
5.227052628336014095e+02 2.156616542222861751e-04 2.168400328163692958e-04 2.196636381169891406e-04 2.173884417185481858e-04
5.228052628136013027e+02 2.260528724452173853e-04 2.259513493568974206e-04 2.275361813855392092e-04 2.265134677292180050e-04
5.229052627936014233e+02 2.450032129775216172e-04 2.421386767527265900e-04 2.402049469488004530e-04 2.424489455596828867e-04
5.230052627736013164e+02 2.551466518323473615e-04 2.524300694036807672e-04 2.507089712152700306e-04 2.527618974837660712e-04
5.231052627536014370e+02 2.583998477362915150e-04 2.582316633587434661e-04 2.592681228240823919e-04 2.586332113063724396e-04
5.232052627336013302e+02 2.700161745328173279e-04 2.702436091574328099e-04 2.719922836539930694e-04 2.707506891147477357e-04
5.233052627136014507e+02 2.840219222847235512e-04 2.842721188278115956e-04 2.864476445508364814e-04 2.849138952211238761e-04
5.234052626936013439e+02 3.000635362063807732e-04 3.002857431200113428e-04 3.029167465447411443e-04 3.010886752903777896e-04
5.235052626736014645e+02 3.179127606678050586e-04 3.180315535527872446e-04 3.211685389265844966e-04 3.190376177157255638e-04
5.236052626536013577e+02 3.380526481375551633e-04 3.380040999748840959e-04 3.417544258833752182e-04 3.392703913319381772e-04
5.237052626336014782e+02 3.610147251816121848e-04 3.608871368051757515e-04 3.655662124705512470e-04 3.624893581524464125e-04
5.238052626136013714e+02 3.886096316492539983e-04 3.885895206039500886e-04 3.948274289533627857e-04 3.906755270688556784e-04
5.239052625936014920e+02 4.263075840880283874e-04 4.269709651522359505e-04 4.360101253495206612e-04 4.297628915299284234e-04
5.240052625736013852e+02 4.696042485399710325e-04 4.738162224939177717e-04 4.884844911061017158e-04 4.773016540466634705e-04
5.241052625536015057e+02 5.412270916659092657e-04 5.590480779200037061e-04 5.856474315123214383e-04 5.619742003660781367e-04
5.242052625336013989e+02 7.892684016266919523e-04 8.612631383159204818e-04 9.894123307663186921e-04 8.799812902363103031e-04
5.243052625136015195e+02 7.944151594103114784e-04 8.545571250489585307e-04 9.729325114835559504e-04 8.739682653142754644e-04
5.244052624936014126e+02 6.168520573412892508e-04 6.015484715718602635e-04 6.005710820935637653e-04 6.063238703355711655e-04
5.245052624736015332e+02 4.073980956839169578e-04 3.110917432315068228e-04 1.572603915085987020e-04 2.919167434746741067e-04
5.246052624536014264e+02 7.627251836847552448e-04 6.234408719941870970e-04 4.408734739962718576e-04 6.090131765584046609e-04
5.247052624336015469e+02 1.043184684409777501e-03 9.595157217349591008e-04 9.300928762684742158e-04 9.775977608044036059e-04
5.248052624136014401e+02 8.634901998194669231e-04 8.346528944498754574e-04 9.398277354710203070e-04 8.793236099134541569e-04
5.249052623936015607e+02 6.515109808845541374e-04 6.441017922252581648e-04 9.082382331389573724e-04 7.346170020829231526e-04
5.250052623736014539e+02 9.276060119953704990e-04 9.018168000820292202e-04 1.226356202278884675e-03 1.018593004785428059e-03
5.251052623536015744e+02 1.550412047973294101e-03 1.458214556672597553e-03 1.819960301901599447e-03 1.609528968849163700e-03
5.252052623336014676e+02 2.041272690034794286e-03 1.869355678089611216e-03 2.409720734289441495e-03 2.106783034137948638e-03
5.253052623136015882e+02 2.691324705453424990e-03 2.400648047972723902e-03 3.242196544592556955e-03 2.778056432672902382e-03
5.254052622936014814e+02 3.686991590843328830e-03 3.169828607482178245e-03 4.531280901620381163e-03 3.796033699981962457e-03
5.255052622736016019e+02 5.365928560585770356e-03 4.368842523378638557e-03 6.646604500308208457e-03 5.460458528090872746e-03
5.256052622536014951e+02 8.584699147742647432e-03 6.497984296135407047e-03 1.038710242669039704e-02 8.489928623522817464e-03
5.257052622336016157e+02 1.570511128576594639e-02 1.085439803508965115e-02 1.710796127231056785e-02 1.455582353105539135e-02
5.258052622136015088e+02 3.250532881280329689e-02 1.966122975075891566e-02 2.618949830890055300e-02 2.611868562415425865e-02
5.259052621936016294e+02 5.564622662088206800e-02 3.053929667178989504e-02 2.891054642472438291e-02 3.836535657246544634e-02
5.260052621736015226e+02 5.117679183979025048e-02 3.806981148588504255e-02 2.445947932778585326e-02 3.790202755115371774e-02
5.261052621536016431e+02 3.221870107074754908e-02 4.693356928823651936e-02 2.371136234918268249e-02 3.428787756938891929e-02
5.262052621336015363e+02 2.332384499656743257e-02 5.914572414750660090e-02 3.130047944493777323e-02 3.792334952967060802e-02
5.263052621136016569e+02 2.245674143847135873e-02 6.067415987796048737e-02 5.029444509342354680e-02 4.447511546995179532e-02
5.264052620936015501e+02 2.490658821598421002e-02 4.584892908125924593e-02 6.443002633903699428e-02 4.506184787876015008e-02
5.265052620736016706e+02 2.753675369065824996e-02 3.045398383424313335e-02 4.624966001931449244e-02 3.474679918140528845e-02
5.266052620536015638e+02 3.188310294411948742e-02 2.129500594350440534e-02 2.720538611501401027e-02 2.679449833421263319e-02
5.267052620336016844e+02 3.784551118841962547e-02 1.683326299128337297e-02 1.975595808057138691e-02 2.481157742009146294e-02
5.268052620136015776e+02 3.732000678905550428e-02 1.537745424407043621e-02 1.817319992392098238e-02 2.362355365234897545e-02
5.269052619936016981e+02 3.101560022055931815e-02 1.558668235664014551e-02 1.789860031735244356e-02 2.150029429818396676e-02
5.270052619736015913e+02 2.503319232609972980e-02 1.710923863458797822e-02 1.841312835335838505e-02 2.018518643801536436e-02
5.271052619536017119e+02 2.155810751579573942e-02 1.950626213372484707e-02 1.986052389387923250e-02 2.030829784779993735e-02
5.272052619336016051e+02 2.003314550603095892e-02 2.237505292043156027e-02 2.218169288260427377e-02 2.152996376968892983e-02
5.273052619136017256e+02 1.966040160121619584e-02 2.555840531160411683e-02 2.550361426731923356e-02 2.357414039337984990e-02
5.274052618936016188e+02 1.997439766085268645e-02 2.899468879445125588e-02 3.014079535649395042e-02 2.636996060393263092e-02
5.275052618736017394e+02 2.109951073220687340e-02 3.255194276113847207e-02 3.556507474825378046e-02 2.973884274719970633e-02
5.276052618536016325e+02 2.323380870225627559e-02 3.610904117138734326e-02 4.090932970675096453e-02 3.341739319346485881e-02
5.277052618336017531e+02 2.584505261036222634e-02 3.907253833019386918e-02 4.533560991505632826e-02 3.675106695187080330e-02
5.278052618136016463e+02 2.848766144108242845e-02 4.105154403628620552e-02 4.892185118767719554e-02 3.948701888834860868e-02
5.279052617936017668e+02 3.132534716439414058e-02 4.303228514839396723e-02 5.179794008530322347e-02 4.205185746603044838e-02
5.280052617736016600e+02 3.528319537144806312e-02 4.469793261859190264e-02 5.168112162566736861e-02 4.388741653856910452e-02
5.281052617536017806e+02 4.174258345604920512e-02 4.256864698584064688e-02 4.964173086474839292e-02 4.465098710221274136e-02
5.282052617336016738e+02 4.842240310536000125e-02 3.734102314643716891e-02 5.085736222942534301e-02 4.554026282707417106e-02
5.283052617136017943e+02 4.918402725189285896e-02 3.504577110452625210e-02 5.506925584039092103e-02 4.643301806560334172e-02
5.284052616936016875e+02 4.562825552343333091e-02 3.726815792622586304e-02 5.987288248135438223e-02 4.758976531033785873e-02
5.285052616736018081e+02 4.303487906355845521e-02 4.404584111272411007e-02 6.339803331005906817e-02 5.015958449544721809e-02
5.286052616536017013e+02 4.490806958558754558e-02 5.495127314575866395e-02 6.601895435389608380e-02 5.529276569508076444e-02
5.287052616336018218e+02 5.192119441817098086e-02 6.720532402544647510e-02 6.905998697914755846e-02 6.272883514092167379e-02
5.288052616136017150e+02 6.195456894814042187e-02 7.887693937448769788e-02 7.141433695464069475e-02 7.074861509242294511e-02
5.289052615936018356e+02 7.381345442793971201e-02 9.306668253729083462e-02 7.359840861226787934e-02 8.015951519249947532e-02
5.290052615736017287e+02 9.057040307397568046e-02 1.155061963919205570e-01 7.530678710888356886e-02 9.379446219159326414e-02
5.291052615536018493e+02 1.178312986393877382e-01 1.387469484798992125e-01 7.661485468572787338e-02 1.110643672683382654e-01
5.292052615336017425e+02 1.371840636992529561e-01 1.315240029490284124e-01 7.672073010120568359e-02 1.151429322498290220e-01
5.293052615136018630e+02 1.212689719331476595e-01 9.846998132016471228e-02 7.755113826296580748e-02 9.909669717209272644e-02
5.294052614936017562e+02 9.381975605502369808e-02 7.115509502953568099e-02 7.126697416358644677e-02 7.874727508271525678e-02
5.295052614736018768e+02 7.799946664197898727e-02 5.569155527140171036e-02 5.911057321720711299e-02 6.426719837686259429e-02
5.296052614536017700e+02 6.421943865865614720e-02 4.295219162335438268e-02 5.607459561358075356e-02 5.441540863186376809e-02
5.297052614336018905e+02 4.639872832948971348e-02 3.039026943361479091e-02 4.969077384272847786e-02 4.215992386861099062e-02
5.298052614136017837e+02 3.205207866823173157e-02 2.147079849293314496e-02 3.573041203732569421e-02 2.975109639949685691e-02
5.299052613936019043e+02 2.294432126555126517e-02 1.597055279346785983e-02 2.417973669860653402e-02 2.103153691920855300e-02
5.300052613736017975e+02 1.722371783770531087e-02 1.246719975852233347e-02 1.706368991197429116e-02 1.558486916940064401e-02
5.301052613536019180e+02 1.345673760073248793e-02 1.009234769016510713e-02 1.274177058758618405e-02 1.209695195949459304e-02
5.302052613336018112e+02 1.085160121484322546e-02 8.396084661395245702e-03 9.978011271919219952e-03 9.741899049385896459e-03
5.303052613136019318e+02 8.975867545804250974e-03 7.136637976176374472e-03 8.111407081037037489e-03 8.074637534339221268e-03
5.304052612936018249e+02 7.580933834611332939e-03 6.173822836277671061e-03 6.791666937686777206e-03 6.848807869525259245e-03
5.305052612736019455e+02 6.517315902516135698e-03 5.422195424042024897e-03 5.824852514601856074e-03 5.921454613720005845e-03
5.306052612536018387e+02 5.690130732006590600e-03 4.826057604024504809e-03 5.097041402312119454e-03 5.204409912781071332e-03
5.307052612336019592e+02 5.035430930720904454e-03 4.346493568449894679e-03 4.536728664862812663e-03 4.639551054677870309e-03
5.308052612136018524e+02 4.511744357658786092e-03 3.958483276438057828e-03 4.099663894315182591e-03 4.189963842804008548e-03
5.309052611936019730e+02 4.089074797271395438e-03 3.642964512838975551e-03 3.755197125305065851e-03 3.829078811805145758e-03
5.310052611736018662e+02 3.745783222853157728e-03 3.385714352853405086e-03 3.481861800812931750e-03 3.537786458839831377e-03
5.311052611536019867e+02 3.466293187003016002e-03 3.176112885050287431e-03 3.264219574303315469e-03 3.302208548785539634e-03
5.312052611336018799e+02 3.238707495788850470e-03 3.005359894552763877e-03 3.090390798054394421e-03 3.111486062798669155e-03
5.313052611136020005e+02 3.054660103767457141e-03 2.867083307446336056e-03 2.951947865387290378e-03 2.957897092200361192e-03
5.314052610936018937e+02 2.906150440359758780e-03 2.754519655837424277e-03 2.840613264793246436e-03 2.833761120330143164e-03
5.315052610736020142e+02 2.786538887722498671e-03 2.662362406548744471e-03 2.749893992527999240e-03 2.732931762266414127e-03
5.316052610536019074e+02 2.689299677976450618e-03 2.586038880946480399e-03 2.674026395775933214e-03 2.649788318232954888e-03
5.317052610336020280e+02 2.609235505921490145e-03 2.522681105411211586e-03 2.608592667743437656e-03 2.580169759692046462e-03
5.318052610136019211e+02 2.541479891888219662e-03 2.469259505787558227e-03 2.548830417989175583e-03 2.519856605221651447e-03
5.319052609936020417e+02 2.483273525433121742e-03 2.423064599413477134e-03 2.490256458801261459e-03 2.465531527882619967e-03
5.320052609736019349e+02 2.435255700501705138e-03 2.382981494485261059e-03 2.430462933897361774e-03 2.416233376294775990e-03
5.321052609536020555e+02 2.398500700692310621e-03 2.347855655415529395e-03 2.367780959989219079e-03 2.371379105365686510e-03
5.322052609336019486e+02 2.374953884434389834e-03 2.318198918565669321e-03 2.303113222780076366e-03 2.332088675260045318e-03
5.323052609136020692e+02 2.366404374530430010e-03 2.295733557849633996e-03 2.239094756532307787e-03 2.300410896304123931e-03
5.324052608936019624e+02 2.376355706782540180e-03 2.285083799365667228e-03 2.181450482109425441e-03 2.280963329419211094e-03
5.325052608736020829e+02 2.407946008423231081e-03 2.291006063809250363e-03 2.136095617694798270e-03 2.278349229975759616e-03
5.326052608536019761e+02 2.464364874175516834e-03 2.318498978160734268e-03 2.110562247031475425e-03 2.297808699789242320e-03
5.327052608336020967e+02 2.547114213646573585e-03 2.367316007525056484e-03 2.111165326797123133e-03 2.341865182656251067e-03
5.328052608136019899e+02 2.663575646752940757e-03 2.432827649200840908e-03 2.142226468154029544e-03 2.412876588035937214e-03
5.329052607936021104e+02 2.826215633567495319e-03 2.516698572010752071e-03 2.202367843618808704e-03 2.515094016399019132e-03
5.330052607736020036e+02 3.039235079054522851e-03 2.634027311350833726e-03 2.287699470001332801e-03 2.653653953468896459e-03
5.331052607536021242e+02 3.276788698815281346e-03 2.792341214702812220e-03 2.392885632797038704e-03 2.820671848771710323e-03
5.332052607336020174e+02 3.385118977382021999e-03 2.927860189362989710e-03 2.465994480902300619e-03 2.926324549215770197e-03
5.333052607136021379e+02 2.651262339360475635e-03 2.690703592503741401e-03 2.232351350251095962e-03 2.524772427371770565e-03
5.334052606936020311e+02 1.684031376587569618e-03 2.372565108051958097e-03 1.951314424023702651e-03 2.002636969554409761e-03
5.335052606736021517e+02 1.420406948711470420e-03 2.399059274603299128e-03 1.969547863776523276e-03 1.929671362363764202e-03
5.336052606536020448e+02 1.285522865469365325e-03 2.359721554090653088e-03 1.939541320916706542e-03 1.861595246825575129e-03
5.337052606336021654e+02 9.187125528536388679e-04 1.628756182839147118e-03 1.355196730572904391e-03 1.300888488755230343e-03
5.338052606136020586e+02 5.236433228821466522e-04 7.624574656027906109e-04 6.554473264842161553e-04 6.471827049897178061e-04
5.339052605936021791e+02 3.850376270846736504e-04 4.848466371278575653e-04 4.301915956316153342e-04 4.333586199480489042e-04
5.340052605736020723e+02 3.213322953085462992e-04 3.727412691275816580e-04 3.381224467295443608e-04 3.440653370552241241e-04
5.341052605536021929e+02 2.830203164496265236e-04 3.125734354319337997e-04 2.879716527441734215e-04 2.945218015419112483e-04
5.342052605336020861e+02 2.563743039457134555e-04 2.743935399966390925e-04 2.556474128312028306e-04 2.621384189245184234e-04
5.343052605136022066e+02 2.361848160088170364e-04 2.474826239018988261e-04 2.325139921884001530e-04 2.387271440330386899e-04
5.344052604936020998e+02 2.200210177412586165e-04 2.271278399280086101e-04 2.147660736958395750e-04 2.206383104550355915e-04
5.345052604736022204e+02 2.065816073896965691e-04 2.109459329194700902e-04 2.004737329749797868e-04 2.060004244280487973e-04
5.346052604536021136e+02 1.950992120443122136e-04 1.976041213773910895e-04 1.885538436946331681e-04 1.937523923721121209e-04
5.347052604336022341e+02 1.850876967424015785e-04 1.862982942674904451e-04 1.783501809324641049e-04 1.832453906474520609e-04
5.348052604136021273e+02 1.762215757371188198e-04 1.765135861159032029e-04 1.694405754648362961e-04 1.740585791059527730e-04
5.349052603936022479e+02 1.682730949262702471e-04 1.679041391828081523e-04 1.615399541979482346e-04 1.659057294356755356e-04
5.350052603736021410e+02 1.610770294934848329e-04 1.602282436775219520e-04 1.544479638665762281e-04 1.585844123458610133e-04
5.351052603536022616e+02 1.545098505755815332e-04 1.533112569597861006e-04 1.480189783228076444e-04 1.519466952860584622e-04
5.352052603336021548e+02 1.484768132116848194e-04 1.470233572944082575e-04 1.421440714883903482e-04 1.458814139981611598e-04
5.353052603136022753e+02 1.429036380640698388e-04 1.412656431167443310e-04 1.367397297571243105e-04 1.403030036459794753e-04
5.354052602936021685e+02 1.377309730354306827e-04 1.359611391390162620e-04 1.317405322861497365e-04 1.351442148201989209e-04
5.355052602736022891e+02 1.329105992768967424e-04 1.310487986143471886e-04 1.270942576507425785e-04 1.303512185139955122e-04
5.356052602536021823e+02 1.284027666362539451e-04 1.264793961875717698e-04 1.227585240578397052e-04 1.258802289605551400e-04
5.357052602336023028e+02 1.241742807675230080e-04 1.222126487171341707e-04 1.186984273162047131e-04 1.216951189336206351e-04
5.358052602136021960e+02 1.201971026420499308e-04 1.182151541397195621e-04 1.148848448233256422e-04 1.177657005350316982e-04
5.359052601936023166e+02 1.164473049667503037e-04 1.144588879189530517e-04 1.112931943890510186e-04 1.140664624249181292e-04
5.360052601736022098e+02 1.129042821223120454e-04 1.109200874321814105e-04 1.079025101622211002e-04 1.105756265722381763e-04
5.361052601536023303e+02 1.095501432472336615e-04 1.075784112031895735e-04 1.046947438129940643e-04 1.072744327544724241e-04
5.362052601336022235e+02 1.063692398625513681e-04 1.044162962780613001e-04 1.016542284478804309e-04 1.041465881961643573e-04
5.363052601136023441e+02 1.033477936445621227e-04 1.014184605511916898e-04 9.876726187605733634e-05 1.011778386906037118e-04
5.364052600936022372e+02 1.004735998841076644e-04 9.857151276785640283e-05 9.602177875857040095e-05 9.835563047017815605e-05
5.365052600736023578e+02 9.773578876943798770e-05 9.586364340378349851e-05 9.340708976331166063e-05 9.566884064551105346e-05
5.366052600536022510e+02 9.512463131027847399e-05 9.328437717802305032e-05 9.091367186580377063e-05 9.310756011803511187e-05
5.367052600336023715e+02 9.263138025471417860e-05 9.082437299231133640e-05 8.853299814595949309e-05 9.066291713099501625e-05
5.368052600136022647e+02 9.024813850775643259e-05 8.847526073118853400e-05 8.625739837301427517e-05 8.832693253731975177e-05
5.369052599936023853e+02 8.796774952752584010e-05 8.622950705151709696e-05 8.407994390517383636e-05 8.609240016140560017e-05
5.370052599736022785e+02 8.578370532814060814e-05 8.408030413103746020e-05 8.199435186850815454e-05 8.395278710922874548e-05
5.371052599536023990e+02 8.369006876220870235e-05 8.202147678110243865e-05 7.999490483322071273e-05 8.190215012551061791e-05
5.372052599336022922e+02 8.168140745376734676e-05 8.004740435744951612e-05 7.807638301327158691e-05 7.993506494149616348e-05
5.373052599136024128e+02 7.975273729437049942e-05 7.815295469033333212e-05 7.623400667385754094e-05 7.804656621952045297e-05
5.374052598936023060e+02 7.789947386618520375e-05 7.633342785410643524e-05 7.446338691339000741e-05 7.623209621122721547e-05
5.375052598736024265e+02 7.611739045166199952e-05 7.458450802372675395e-05 7.276048337598114307e-05 7.448746061712329433e-05
5.376052598536023197e+02 7.440258157333768893e-05 7.290222205389503430e-05 7.112156771608530933e-05 7.280879044777266397e-05
5.377052598336024403e+02 7.275143117999384489e-05 7.128290364812465735e-05 6.954319188477766094e-05 7.119250890429872558e-05
5.378052598136023335e+02 7.116058477802987634e-05 6.972316223062045393e-05 6.802216047510476924e-05 6.963530249458503769e-05
5.379052597936024540e+02 6.962692491783389166e-05 6.821985577118176085e-05 6.655550649340245134e-05 6.813409572747271031e-05
5.380052597736023472e+02 6.814754954572492193e-05 6.677006696730969446e-05 6.514047005730284488e-05 6.668602885677915376e-05
5.381052597536024678e+02 6.671975282617619051e-05 6.537108229209748808e-05 6.377447958419148145e-05 6.528843823415504883e-05
5.382052597336023609e+02 6.534100808603404979e-05 6.402037347961238994e-05 6.245513512203511330e-05 6.393883889589384198e-05
5.383052597136024815e+02 6.400895261079096417e-05 6.271558112118301941e-05 6.118019353566962098e-05 6.263490908921453485e-05
5.384052596936023747e+02 6.339154856200375412e-05 6.204485537384803683e-05 6.047685252231170538e-05 6.197108548605450781e-05
5.385052596736024952e+02 6.279428497712633787e-05 6.139709315356185857e-05 5.979746072464865519e-05 6.132961295177895506e-05
5.386052596536023884e+02 6.221620582779872238e-05 6.077113736096557007e-05 5.914083849658192049e-05 6.070939389511540205e-05
