8.309794905679000294e+03 9.090201823499999485e-06 9.131689839299999851e-06 9.158376987399999356e-06 9.126756216733332333e-06
8.309894905678998839e+03 8.706434017706981372e-06 8.747800142606983182e-06 8.773761023006995991e-06 8.742665061106987413e-06
8.309994905678997384e+03 8.328407019006876116e-06 8.369665077306877435e-06 8.394974754006890392e-06 8.364348950106882444e-06
8.310094905678995929e+03 7.958631239413452714e-06 7.999798684513456057e-06 8.024524783113475950e-06 7.994318235680127676e-06
8.310194905678994473e+03 7.603428089019383133e-06 7.644520775919387253e-06 7.668725769219415136e-06 7.638891544719394891e-06
8.310294905678993018e+03 7.259377630025033070e-06 7.300416310725037011e-06 7.324160314625070439e-06 7.294651418458379891e-06
8.310394905678991563e+03 6.931238788429844137e-06 6.972244317329846977e-06 6.995582120129883959e-06 6.966355075296524742e-06
8.310494905678990108e+03 6.617733088728512641e-06 6.658727535928514891e-06 6.681710867328546765e-06 6.652723830661858099e-06
8.310594905678988653e+03 6.321057809632378788e-06 6.362065288132377603e-06 6.384741792532411054e-06 6.355954963432388301e-06
8.310694905678987197e+03 6.039182676435891595e-06 6.080228521035886509e-06 6.102642688335919371e-06 6.074017961935898594e-06
8.310794905678985742e+03 5.773181311138708973e-06 5.814287266838699561e-06 5.836479831738731465e-06 5.807982803238714744e-06
8.310894905678984287e+03 5.524133973340771169e-06 5.565324688540757355e-06 5.587333708840787504e-06 5.558930790240771162e-06
8.310994905678982832e+03 5.291530096838078942e-06 5.332828617138061230e-06 5.354688116438085694e-06 5.326348943471408057e-06
8.311094905678981377e+03 5.072920704939765153e-06 5.114348681639741307e-06 5.136090506339762614e-06 5.107786630973090539e-06
8.311194905678979922e+03 4.866768158841249027e-06 4.908350423441218332e-06 4.930004400741235244e-06 4.901707661007900867e-06
8.311294905678978466e+03 4.674471424441973731e-06 4.716229469241935386e-06 4.737822831941949026e-06 4.709507908541952714e-06
8.311394905678977011e+03 4.498926434041510749e-06 4.540879474241464409e-06 4.562436033941473190e-06 4.534080647408150579e-06
8.311494905678975556e+03 4.332454379039365244e-06 4.374623495839314577e-06 4.396166808439317264e-06 4.367748227772665412e-06
8.311594905678974101e+03 4.174700132740173047e-06 4.217105147540113913e-06 4.238656309740111532e-06 4.210153863340131983e-06
8.311694905678972646e+03 4.027721515440102868e-06 4.070380245740033461e-06 4.091957810040026554e-06 4.063353190406721243e-06
8.311794905678971190e+03 3.891962910339510809e-06 3.934893067139431530e-06 3.956515061939419299e-06 3.927790346472786930e-06
8.311894905678969735e+03 3.764823003039315510e-06 3.808042447339225823e-06 3.829725774839206838e-06 3.800863741739249673e-06
8.311994905678968280e+03 3.644718323837139702e-06 3.688245659537044549e-06 3.710006154537020726e-06 3.680990045970401377e-06
8.312094905678966825e+03 3.532920045136605091e-06 3.576772032836498800e-06 3.598624175136468731e-06 3.569438751036524207e-06
8.312194905678965370e+03 3.426728879736700543e-06 3.470919553236583264e-06 3.492876650136547479e-06 3.463508361036610147e-06
8.312294905678963914e+03 3.327123368136235871e-06 3.371669858236107023e-06 3.393746047736063656e-06 3.364179758036135658e-06
8.312394905678962459e+03 3.236400022534655160e-06 3.281317846634513200e-06 3.303525284534463424e-06 3.273747717901210736e-06
8.312494905678961004e+03 3.151230169732533640e-06 3.196533041232386576e-06 3.218882462832332604e-06 3.188881891265750799e-06
8.312594905678959549e+03 3.070434162632332868e-06 3.116139183032172062e-06 3.138642535432110189e-06 3.108405293698871424e-06
8.312694905678958094e+03 2.993031929132382426e-06 3.039153057532208507e-06 3.061820820032140017e-06 3.031335268898910458e-06
8.312794905678956638e+03 2.919445925232124715e-06 2.965995604731937473e-06 2.988837463331861715e-06 2.958092997765308250e-06
8.312894905678955183e+03 2.849907606831622326e-06 2.896903602731419617e-06 2.919930381031335323e-06 2.888913863531459371e-06
8.312994905678953728e+03 2.786510093928830074e-06 2.833967595828619903e-06 2.857189464228531439e-06 2.825889051328659907e-06
8.313094905678952273e+03 2.726546662628359250e-06 2.774477817628135250e-06 2.797903677828038688e-06 2.766309386028177870e-06
8.313194905678950818e+03 2.667178566829157612e-06 2.715599193828916847e-06 2.739238579528811817e-06 2.707338780062295425e-06
8.313294905678949362e+03 2.613816820027177788e-06 2.662741681626921102e-06 2.686603792326807784e-06 2.654387431326969315e-06
8.313394905678947907e+03 2.563458859226564422e-06 2.612899992026291878e-06 2.636992873926169750e-06 2.604450575059675774e-06
8.313494905678946452e+03 2.512564127626847033e-06 2.562538474426565837e-06 2.586871288626439087e-06 2.553991296893284551e-06
8.313594905678944997e+03 2.467650724224508707e-06 2.518174496224209310e-06 2.542756365824073731e-06 2.509527195424263916e-06
8.313694905678943542e+03 2.425144464523968880e-06 2.476232288523650936e-06 2.501072251023505060e-06 2.467483001357041484e-06
8.313794905678942087e+03 2.381315334625511709e-06 2.432980467925175779e-06 2.458086490625021095e-06 2.424127431058569245e-06
8.313894905678940631e+03 2.341618260523828800e-06 2.393876278823472928e-06 2.419257058323307970e-06 2.384917199223536707e-06
8.313994905678939176e+03 2.305652839021588677e-06 2.358520652221222885e-06 2.384185627321052204e-06 2.349453039521287922e-06
8.314094905678937721e+03 2.270568484621697979e-06 2.324062310721311005e-06 2.350019953021129883e-06 2.314883582788046007e-06
8.314194905678936266e+03 2.237774647820878292e-06 2.291909749920469992e-06 2.318168700120277892e-06 2.282617699287208443e-06
8.314294905678934811e+03 2.207948632619531209e-06 2.262742044119100033e-06 2.289311228918896822e-06 2.253333968552509072e-06
8.314394905678933355e+03 2.178331017119933230e-06 2.233798712819479486e-06 2.260687217019264830e-06 2.224272315652892656e-06
8.314494905678931900e+03 2.149662287819295190e-06 2.205819869018830485e-06 2.233036138918609835e-06 2.196172765252245170e-06
8.314594905678930445e+03 2.122670286318657203e-06 2.179537390418166563e-06 2.207090693617933853e-06 2.169766123451586296e-06
8.314694905678928990e+03 2.097669306917736150e-06 2.155265214617219097e-06 2.183165711916972391e-06 2.145366744483975879e-06
8.314794905678927535e+03 2.075147542816386581e-06 2.133489893015843815e-06 2.161746093915584813e-06 2.123461176582604787e-06
8.314894905678926079e+03 2.052124484817170055e-06 2.111233033716598850e-06 2.139855626516325676e-06 2.101071048350031386e-06
8.314994905678924624e+03 2.028175361617860772e-06 2.088066273617277288e-06 2.117064371216997619e-06 2.077768668817378418e-06
8.315094905678923169e+03 2.007588823015727560e-06 2.068283366715113677e-06 2.097666345614819757e-06 2.057846178448553523e-06
8.315194905678921714e+03 1.989763322613942746e-06 2.051281958613298167e-06 2.081060644012988226e-06 2.040701975080076662e-06
8.315294905678920259e+03 1.971554500614573663e-06 2.033917340713897503e-06 2.064101924013572914e-06 2.023191255114014975e-06
8.315394905678918803e+03 1.953118289215090619e-06 2.016348024514381303e-06 2.046949336814039819e-06 2.005471883514504196e-06
8.315494905678917348e+03 1.938537611411935319e-06 2.002654509811208907e-06 2.033683675410858705e-06 1.991625265544667361e-06
8.315594905678915893e+03 1.923602662912496538e-06 1.988631760511733597e-06 2.020100207411365733e-06 1.977444876945198623e-06
8.315694905678914438e+03 1.907903908113421278e-06 1.973868082512621702e-06 2.005787304912236727e-06 1.962519765179426428e-06
8.315794905678912983e+03 1.896446923810003234e-06 1.963369290709166797e-06 1.995750808508763014e-06 1.951855674342644137e-06
8.315894905678911528e+03 1.884000539511093571e-06 1.951909473610214242e-06 1.984765981709790935e-06 1.940225331610365755e-06
8.315994905678910072e+03 1.870985892211600081e-06 1.939903849410700587e-06 1.973247126910266995e-06 1.928045622844189574e-06
8.316094905678908617e+03 1.861024289409060128e-06 1.930975899408120111e-06 1.964818518407665799e-06 1.918939569074948679e-06
8.316194905678907162e+03 1.853451487407025177e-06 1.924465646106039269e-06 1.958820895805563780e-06 1.912246009772876499e-06
8.316294905678905707e+03 1.844458974208505760e-06 1.916564122107473739e-06 1.951445551206976129e-06 1.904156215840985350e-06
8.316394905678904252e+03 1.834497340009603721e-06 1.907722683508523619e-06 1.943144236108003088e-06 1.895121419875376739e-06
8.316494905678902796e+03 1.827031328707197729e-06 1.901406385206089356e-06 1.937382565705554346e-06 1.888606759872947144e-06
8.316594905678901341e+03 1.820279091606632533e-06 1.895836057505471310e-06 1.932381812904911984e-06 1.882832320672338679e-06
8.316694905678899886e+03 1.814508981205772701e-06 1.891280673404557426e-06 1.928410946003972728e-06 1.878066866871434215e-06
8.316794905678898431e+03 1.808817059205797976e-06 1.886836031204527357e-06 1.924567204703915511e-06 1.873406765038080493e-06
8.316894905678896976e+03 1.802505505906544064e-06 1.881808277005212837e-06 1.920157438004572106e-06 1.868157073638776336e-06
8.316994905678895520e+03 1.798293415104367315e-06 1.878912264703002765e-06 1.917895144802345238e-06 1.865033608203238227e-06
8.317094905678894065e+03 1.795390519103062749e-06 1.877361044401636500e-06 1.916994627100949934e-06 1.863248730201883273e-06
8.317194905678892610e+03 1.793477595802052957e-06 1.876843609000555315e-06 1.917147382499836224e-06 1.862489529100814903e-06
8.317294905678891155e+03 1.791580955702070011e-06 1.876379451400506444e-06 1.917371287199755548e-06 1.861777231434110738e-06
8.317394905678889700e+03 1.788414337803513792e-06 1.874688197101876555e-06 1.916387837501091363e-06 1.859830124135493903e-06
8.317494905678888244e+03 1.788223658100211557e-06 1.876015749798526942e-06 1.918443561697718898e-06 1.860894323198819062e-06
8.317594905678886789e+03 1.787888320600378274e-06 1.877238873398620569e-06 1.920413630197778343e-06 1.861846941398925870e-06
8.317694905678885334e+03 1.787040702600971410e-06 1.878000332099127414e-06 1.921945053698244863e-06 1.862328696132781158e-06
8.317794905678883879e+03 1.788825516897922208e-06 1.881445573095989305e-06 1.926183202295066179e-06 1.865484764096325827e-06
8.317894905678882424e+03 1.791262769697118333e-06 1.885591628595097941e-06 1.931144905094133496e-06 1.869333101128783468e-06
8.317994905678880968e+03 1.794371119896324841e-06 1.890462595894240732e-06 1.936857213093246200e-06 1.873896976294603783e-06
8.318094905678879513e+03 1.796675514197233526e-06 1.894579497195057596e-06 1.941838814694019584e-06 1.877697942028770094e-06
8.318194905678878058e+03 1.800287460695598048e-06 1.900059765493321177e-06 1.948208380392237399e-06 1.882851868860385471e-06
8.318294905678876603e+03 1.805167323693963970e-06 1.906872329491573459e-06 1.955939277390437562e-06 1.889326310191991875e-06
8.318394905678875148e+03 1.808692086295576198e-06 1.912387947993077208e-06 1.962400021391890824e-06 1.894493351893514885e-06
8.318494905678873693e+03 1.814238915293038202e-06 1.919990813890457640e-06 1.970978516389233081e-06 1.901736081857576449e-06
8.318594905678872237e+03 1.818585499094465414e-06 1.926458949591764487e-06 1.978452783790483037e-06 1.907832410825571050e-06
8.318694905678870782e+03 1.823576103993554639e-06 1.933643566490721193e-06 1.986675574989380313e-06 1.914631748491218785e-06
8.318794905678869327e+03 1.832182924488727957e-06 1.944515743385761053e-06 1.998617385084359905e-06 1.925105350986283183e-06
8.318894905678867872e+03 1.841133233088115353e-06 1.955810805785001439e-06 2.011017442483534531e-06 1.935987160452217108e-06
8.318994905678866417e+03 1.851282314686523560e-06 1.968383152683305661e-06 2.024731352281789736e-06 1.948132273217206037e-06
8.319094905678864961e+03 1.859884728488420638e-06 1.979494622285043564e-06 2.037022001583456006e-06 1.958800450785639928e-06
8.319194905678863506e+03 1.868900532187700209e-06 1.991104848484160743e-06 2.049849772682499731e-06 1.969951717784786894e-06
8.319294905678862051e+03 1.880705626783680308e-06 2.005594696479968827e-06 2.065597728678229430e-06 1.983966017313959380e-06
8.319394905678860596e+03 1.893495291482086604e-06 2.021170740578183813e-06 2.082476204976359676e-06 1.999047412345543576e-06
8.319494905678859141e+03 1.904848705284098160e-06 2.035413231280051387e-06 2.098067205278162885e-06 2.012776380614104286e-06
8.319594905678857685e+03 1.917137889182563915e-06 2.050697866678313938e-06 2.114747891676332972e-06 2.027527882512403890e-06
8.319694905678856230e+03 1.931517361579336479e-06 2.068184869974870986e-06 2.133679639472795096e-06 2.044460623675667662e-06
8.319794905678854775e+03 1.945651374079432490e-06 2.085537591574748564e-06 2.152526141372574638e-06 2.061238369008918423e-06
8.319894905678853320e+03 1.962163669375671246e-06 2.105394787370742545e-06 2.173933292368459030e-06 2.080497249704957466e-06
8.319994905678851865e+03 1.977619681877227611e-06 2.124330156172100844e-06 2.194477802969729972e-06 2.098809213673019334e-06
8.320094905678850409e+03 1.994201751275266652e-06 2.144529816069870604e-06 2.216346482467381042e-06 2.118359349937505958e-06
8.320194905678848954e+03 2.012937367971713605e-06 2.167022613966041011e-06 2.240567300863432516e-06 2.140175760933728903e-06
8.320294905678847499e+03 2.031352415071862713e-06 2.189347955165887955e-06 2.264687340663145401e-06 2.161795903633631741e-06
8.320394905678846044e+03 2.051022597569587361e-06 2.213087283563295721e-06 2.290291324060412707e-06 2.184800401731098596e-06
8.320494905678844589e+03 2.073008427066006806e-06 2.239317727059444273e-06 2.318462009756444102e-06 2.210262721293964919e-06
8.320594905678843134e+03 2.094751381265986947e-06 2.265490871259056744e-06 2.346654146955898086e-06 2.235632133160313926e-06
8.320694905678841678e+03 2.117273076764358926e-06 2.292625140757059422e-06 2.375885167853741521e-06 2.261927795125053431e-06
8.320794905678840223e+03 2.142599527659459738e-06 2.322759713051763341e-06 2.408200271648272757e-06 2.291186504119832228e-06
8.320894905678838768e+03 2.167643356459456450e-06 2.352831428651316903e-06 2.440546980647633692e-06 2.320340588586136105e-06
8.320994905678837313e+03 2.193760451757719113e-06 2.384203884049211008e-06 2.474290818245372010e-06 2.350751718017434044e-06
8.321094905678835858e+03 2.220837551555672179e-06 2.416772279246682480e-06 2.509330224242637037e-06 2.382313351681663616e-06
8.321194905678834402e+03 2.249821295452023683e-06 2.451501891242512659e-06 2.546639025138243720e-06 2.415987403944260444e-06
8.321294905678832947e+03 2.281517123046957869e-06 2.489230688936862238e-06 2.587065098532348346e-06 2.452604303505389061e-06
8.321394905678831492e+03 2.313058167246643192e-06 2.527094719935946761e-06 2.627748053231178148e-06 2.489300313471255892e-06
8.321494905678830037e+03 2.344803441946297659e-06 2.565463501635093332e-06 2.669062138230110555e-06 2.526443027270500798e-06
8.321594905678828582e+03 2.381650362236997421e-06 2.609263056025108996e-06 2.715942577919841660e-06 2.568951998727316308e-06
8.321694905678827126e+03 2.418779633135838835e-06 2.653698250023214530e-06 2.763605325817636924e-06 2.612027736325563853e-06
8.321794905678825671e+03 2.457989091831531332e-06 2.700580211018133629e-06 2.813864664712235704e-06 2.657477989187300222e-06
8.321894905678824216e+03 2.500583799624844802e-06 2.751270493210560777e-06 2.868108555704291297e-06 2.706654282846565625e-06
8.321994905678822761e+03 2.541699484827454611e-06 2.800923422612391469e-06 2.921494463205804687e-06 2.754705790215216781e-06
8.322094905678821306e+03 2.586621123319922234e-06 2.854823159303917553e-06 2.979307219496942410e-06 2.806917167373594348e-06
8.322194905678819850e+03 2.636066762810958211e-06 2.913751294193882544e-06 3.042350051086472801e-06 2.864056036030437711e-06
8.322294905678818395e+03 2.683985788612835704e-06 2.971686467994616578e-06 3.104616719386737535e-06 2.920096325331396888e-06
8.322394905678816940e+03 2.736648154603249835e-06 3.034953600483766759e-06 3.172452703575373143e-06 2.981351486220796861e-06
8.322494905678815485e+03 2.792195835397949162e-06 3.101745946177290245e-06 3.244069916868426165e-06 3.046003899481221434e-06
8.322594905678814030e+03 2.851664219689664031e-06 3.173119510067575862e-06 3.320532113258134281e-06 3.115105281005125007e-06
8.322694905678812574e+03 2.914120813282984161e-06 3.248201707259328911e-06 3.400988762349259873e-06 3.187770427630524315e-06
8.322794905678811119e+03 2.980390632774633850e-06 3.327904428049222683e-06 3.486386891838448452e-06 3.264893984220768187e-06
8.322894905678809664e+03 3.050540681966017710e-06 3.412351158738711619e-06 3.576866879827188905e-06 3.346586240177305937e-06
8.322994905678808209e+03 3.124215841659284979e-06 3.501242303930223302e-06 3.672150853618013119e-06 3.432536333069174365e-06
8.323094905678806754e+03 3.202525345349009099e-06 3.595789864217700196e-06 3.773492878104599841e-06 3.523936029223769994e-06
8.323194905678805299e+03 3.284144679441142810e-06 3.694783842407326089e-06 3.879720093693247586e-06 3.619549538513905636e-06
8.323294905678803843e+03 3.372002582327402283e-06 3.801200842990943006e-06 3.993830929075828564e-06 3.722344784798058092e-06
8.323394905678802388e+03 3.466253613713128403e-06 3.915329049873718130e-06 4.116158849857460545e-06 3.832580504481435693e-06
8.323494905678800933e+03 3.564953897604306879e-06 4.035382874661969659e-06 4.244978058244590757e-06 3.948438276836955483e-06
8.323594905678799478e+03 3.672774117084263510e-06 4.166152444438344518e-06 4.385117850219595737e-06 4.074681470580734306e-06
8.323694905678798023e+03 3.787988384367373212e-06 4.306110332117413957e-06 4.535137493997098759e-06 4.209745403493962682e-06
8.323794905678796567e+03 3.910625679850155072e-06 4.455404666195847071e-06 4.695210182573888796e-06 4.353746842873296697e-06
8.323894905678795112e+03 4.044367274025099553e-06 4.618004344465782744e-06 4.869420165941918114e-06 4.510597261477600984e-06
8.323994905678793657e+03 4.188600609203534392e-06 4.793481358639314491e-06 5.057410066013594822e-06 4.679830677952148749e-06
8.324094905678792202e+03 4.343665459178450124e-06 4.982427088108193152e-06 5.259825780480261694e-06 4.861972775922301374e-06
8.324194905678790747e+03 4.509347521753420642e-06 5.184958612176336711e-06 5.476947110545817896e-06 5.057084414825191185e-06
8.324294905678789291e+03 4.689670865119512802e-06 5.405491728934668478e-06 5.713315797201255475e-06 5.269492797085146432e-06
8.324394905678787836e+03 4.887372438679248603e-06 5.647108366385787684e-06 5.972136935449172049e-06 5.502205913504735265e-06
8.324494905678786381e+03 5.101441175744414853e-06 5.909262290442079741e-06 6.253030043802197720e-06 5.754577836662896873e-06
8.324594905678784926e+03 5.335867059896826692e-06 6.196438321083603073e-06 6.560643201739736565e-06 6.030982860906722110e-06
8.324694905678783471e+03 5.595994931036927894e-06 6.514730430111025818e-06 6.901345672062516085e-06 6.337357011070156882e-06
8.324794905678782015e+03 5.882242369575182852e-06 6.865196576135007104e-06 7.276431882581266771e-06 6.674623609430485858e-06
8.324894905678780560e+03 6.196479379208371521e-06 7.250454946352054969e-06 7.688765319292463596e-06 7.045233214950964209e-06
8.324994905678779105e+03 6.544500215134013547e-06 7.677386282760333586e-06 8.145602394694513221e-06 7.455829630862953734e-06
8.325094905678777650e+03 6.932350639039294801e-06 8.153164565544168086e-06 8.654542787370577117e-06 7.913352663984680283e-06
8.325194905678776195e+03 7.365996261729780041e-06 8.685140928809779055e-06 9.223374953827319689e-06 8.424837381455626826e-06
8.325294905678774739e+03 7.853523607400360331e-06 9.283029114551434799e-06 9.862400037858648136e-06 8.999650919936814987e-06
8.325394905678773284e+03 8.403897031048595176e-06 9.957799986065748741e-06 1.058319146536111006e-05 9.648296160825150762e-06
8.325494905678771829e+03 9.028833023579060414e-06 1.072350640725898536e-05 1.140058608314146146e-05 1.038430850465983631e-05
8.325594905678770374e+03 9.736723987677566399e-06 1.159152402701056750e-05 1.232681728987714646e-05 1.121835510152176012e-05
8.325694905678768919e+03 1.054447502113400096e-05 1.258249433871074262e-05 1.338348801555896731e-05 1.217015245846790193e-05
8.325794905678767464e+03 1.146823929984919383e-05 1.371723299335798097e-05 1.459257980518486342e-05 1.325935069946401274e-05
8.325894905678766008e+03 1.252764182251411555e-05 1.502145230693965482e-05 1.598099590674208656e-05 1.451003001206528508e-05
8.325994905678764553e+03 1.374771193813710965e-05 1.652808172746469888e-05 1.758288052924118398e-05 1.595289139828100032e-05
8.326094905678763098e+03 1.515107194168149502e-05 1.827005850688077009e-05 1.943234475262659600e-05 1.761782506706295370e-05
8.326194905678761643e+03 1.676243467116032205e-05 2.028561464219717802e-05 2.156863254290949076e-05 1.953889395208900146e-05
8.326294905678760188e+03 1.860128894958478957e-05 2.261064021541745920e-05 2.402842995309386386e-05 2.174678637269870308e-05
8.326394905678758732e+03 2.068552682195769375e-05 2.528202190553724218e-05 2.684916043117592925e-05 2.427223638622362512e-05
8.326494905678757277e+03 2.301902367735467428e-05 2.832230144264478585e-05 3.005434440924584032e-05 2.713188984308176569e-05
8.326594905678755822e+03 2.557280438577529550e-05 3.171527324272981752e-05 3.362949633628575747e-05 3.030585798826362576e-05
8.326694905678754367e+03 2.828600645333736253e-05 3.539916464295370075e-05 3.751612863645584851e-05 3.373376657758231297e-05
8.326794905678752912e+03 3.104003805618700719e-05 3.922737225852968170e-05 4.157442558096047908e-05 3.728061196522572266e-05
8.326894905678751456e+03 3.364623120750532637e-05 4.294315829274020159e-05 4.555777873907342708e-05 4.071572274643964716e-05
8.326994905678750001e+03 3.586371732047399406e-05 4.618464252692217433e-05 4.911910716812511112e-05 4.372248900517376210e-05
8.327094905678748546e+03 3.744617434502770675e-05 4.854005946608741528e-05 5.186045064211866124e-05 4.594889481774459442e-05
8.327194905678747091e+03 3.820131790309070187e-05 4.964573872520440376e-05 5.342194303805193384e-05 4.708966655544901542e-05
8.327294905678745636e+03 3.805453326437379904e-05 4.932388903681961462e-05 5.359974527454720785e-05 4.699272252524687384e-05
8.327394905678744180e+03 3.705893140155349546e-05 4.764948817829446441e-05 5.240558026406276233e-05 4.570466661463690514e-05
8.327494905678742725e+03 3.537273144032472349e-05 4.492548012498646801e-05 5.005566501302700770e-05 4.345129219277939973e-05
8.327594905678741270e+03 3.320124886860886305e-05 4.156005691869276981e-05 4.688252809119610083e-05 4.054794462616591349e-05
8.327694905678739815e+03 3.075900313735265669e-05 3.794509682240307163e-05 4.324893913145152276e-05 3.731767969706908369e-05
8.327794905678738360e+03 2.824339072058925528e-05 3.438723324631927353e-05 3.948106058586937358e-05 3.403722818425930193e-05
8.327894905678736905e+03 2.580420866243342726e-05 3.107600900573346766e-05 3.582223875165026921e-05 3.090081880660572138e-05
8.327994905678735449e+03 2.354369088096219253e-05 2.810617565083303903e-05 3.243133555894362293e-05 2.802706736357962042e-05
8.328094905678733994e+03 2.152092534137190716e-05 2.551284234088718207e-05 2.939456683806482168e-05 2.547611150677464036e-05
8.328194905678732539e+03 1.975400970772458147e-05 2.328456906795821146e-05 2.673690039010637179e-05 2.325849305526305716e-05
8.328294905678731084e+03 1.824202991907040772e-05 2.139615560008380554e-05 2.445261781214952854e-05 2.136360111043457947e-05
8.328394905678729629e+03 1.697310056943917135e-05 1.982084188326956275e-05 2.251744104624489988e-05 1.977046116631787687e-05
8.328494905678728173e+03 1.593862127480374368e-05 1.854285603646371595e-05 2.090941260835823233e-05 1.846362997320856399e-05
8.328594905678726718e+03 1.505971629339807893e-05 1.743313443802785954e-05 1.956250994867500266e-05 1.735178689336697812e-05
8.328694905678725263e+03 1.434976565695000437e-05 1.653590742646439003e-05 1.846017012202776544e-05 1.644861440181405159e-05
8.328794905678723808e+03 1.381657091547421102e-05 1.584641772390634520e-05 1.758085999243117473e-05 1.574794954393724308e-05
8.328894905678722353e+03 1.328644155947537951e-05 1.517558909886695185e-05 1.674263921033281380e-05 1.506822328955838115e-05
8.328994905678720897e+03 1.280919867532819188e-05 1.457160235968092655e-05 1.599362571408454359e-05 1.445814224969788564e-05
8.329094905678719442e+03 1.248761593890083107e-05 1.414579896919277804e-05 1.544859693552676067e-05 1.402733728120679162e-05
8.329194905678717987e+03 1.226659718162314631e-05 1.383713283587026350e-05 1.504010032715172925e-05 1.371461011488171471e-05
8.329294905678716532e+03 1.213300755537907785e-05 1.363096799758501884e-05 1.475028658582238257e-05 1.350475404626215863e-05
8.329394905678715077e+03 1.207633161516185690e-05 1.351456477433242705e-05 1.456467920253005905e-05 1.338519186400811490e-05
8.329494905678713621e+03 1.209052314795947140e-05 1.348133269409490433e-05 1.447471246625692944e-05 1.334885610277043449e-05
8.329594905678712166e+03 1.217451423375860984e-05 1.352929080186216793e-05 1.447671390899424799e-05 1.339350631487167525e-05
8.329694905678710711e+03 1.232402464256758609e-05 1.365344870064091051e-05 1.456473805174541751e-05 1.351407046498463973e-05
8.329794905678709256e+03 1.253886045037474498e-05 1.385315441641878030e-05 1.473647334750018423e-05 1.370949607143123594e-05
8.329894905678707801e+03 1.281735740018440155e-05 1.412617809020043033e-05 1.498871911426127985e-05 1.397741820154870334e-05
8.329994905678706345e+03 1.315709353600505853e-05 1.447002827599300947e-05 1.531745511303727242e-05 1.431485897501178127e-05
8.330094905678704890e+03 1.355924683381495039e-05 1.488557986377546772e-05 1.572207005680769547e-05 1.472229891813270565e-05
8.330194905678703435e+03 1.402382058962255940e-05 1.537249350355632323e-05 1.620052798658139730e-05 1.519894735992009274e-05
8.330294905678701980e+03 1.455106305542716023e-05 1.593108834533363293e-05 1.675152312435630194e-05 1.574455817503903001e-05
8.330394905678700525e+03 1.514062774723052033e-05 1.656061946411056891e-05 1.737251045113620969e-05 1.635791922082576857e-05
8.330494905678699070e+03 1.579093505904821237e-05 1.725945863390254903e-05 1.806000270193660863e-05 1.703679879829579001e-05
8.330594905678697614e+03 1.649271516188095907e-05 1.801808405070931372e-05 1.880195854275964996e-05 1.777091925178330984e-05
8.330694905678696159e+03 1.718197154290623493e-05 1.877011146971555657e-05 1.952546121580220722e-05 1.849251474280800070e-05
8.330794905678694704e+03 1.813756074407981390e-05 1.979369899687201625e-05 2.052662348594054589e-05 1.948596107563079201e-05
8.330894905678693249e+03 1.924119191260733447e-05 2.098457248333914356e-05 2.168679314943353016e-05 2.063751918179333720e-05
8.330994905678691794e+03 2.039992787643793808e-05 2.224151656513603968e-05 2.290345713225986219e-05 2.184830052461128112e-05
8.331094905678690338e+03 2.164183858615966152e-05 2.357580906687398991e-05 2.420010765699039031e-05 2.313925177000801279e-05
8.331194905678688883e+03 2.299638605378671814e-05 2.502697854548617811e-05 2.558603584468910992e-05 2.453646681465400319e-05
8.331294905678687428e+03 2.445808212042684788e-05 2.659539867609294429e-05 2.706526710537198583e-05 2.603958263396392487e-05
8.331394905678685973e+03 2.602701118306281387e-05 2.826914355073297308e-05 2.863993445204475642e-05 2.764536306194685005e-05
8.331494905678684518e+03 2.772148707966773457e-05 3.006630179834460898e-05 3.032438581369927973e-05 2.937072489723721228e-05
8.331594905678683062e+03 2.954778183521970054e-05 3.199068568390924585e-05 3.212256728530868204e-05 3.122034493481254733e-05
8.331694905678681607e+03 3.151475515673867177e-05 3.404867081744896232e-05 3.404246803488851177e-05 3.320196466969204410e-05
8.331794905678680152e+03 3.362686238623825978e-05 3.624214196297777355e-05 3.608836416845022805e-05 3.531912283922208261e-05
8.331894905678678697e+03 3.588741311472190543e-05 3.857239715949748506e-05 3.826504092099195073e-05 3.757495039840377815e-05
8.331994905678677242e+03 3.829692789624229845e-05 4.103785876806216891e-05 4.057606232755941317e-05 3.997028299728796243e-05
8.332094905678675786e+03 4.085378424972140781e-05 4.363636068558656854e-05 4.302482014007141581e-05 4.250498835845979739e-05
8.332194905678674331e+03 4.355133862221679110e-05 4.636095011712876155e-05 4.561163200257736171e-05 4.517464024730764264e-05
8.332294905678672876e+03 4.638156016673334719e-05 4.920492886968830411e-05 4.833799090207340193e-05 4.797482664616501097e-05
8.332394905678671421e+03 4.932982426629322210e-05 5.215585488028445956e-05 5.120040234457588020e-05 5.089536049705118954e-05
8.332494905678669966e+03 5.237963056095890378e-05 5.520091231197454167e-05 5.419548557413907618e-05 5.392534281569084280e-05
8.332594905678668511e+03 5.551032293063565102e-05 5.832411687366044093e-05 5.731685372366652006e-05 5.705043117598753734e-05
8.332694905678667055e+03 5.869832196338794301e-05 6.150770943440261418e-05 6.055592744521793333e-05 6.025398628100283243e-05
8.332794905678665600e+03 6.191678286422800130e-05 6.473142500821041573e-05 6.390057947180565791e-05 6.351626244808135379e-05
8.332894905678664145e+03 6.513850191115849394e-05 6.797519134808430825e-05 6.733728463543503626e-05 6.681699263155928400e-05
8.332994905678662690e+03 6.833598775924004437e-05 7.121864141708536067e-05 7.085033032417814060e-05 7.013498650016785306e-05
8.333094905678661235e+03 7.148055836236091821e-05 7.443935319510330134e-05 7.441893433792627405e-05 7.344628196513017357e-05
8.333194905678659779e+03 7.454795520756621861e-05 7.761820459418710652e-05 7.802288373974112850e-05 7.672968118049814669e-05
8.333294905678658324e+03 7.751506232385338641e-05 8.073454080634307048e-05 8.163753019963899884e-05 7.996237777661182309e-05
8.333394905678656869e+03 8.036595574019894444e-05 8.377190487355787307e-05 8.523926800961762005e-05 8.312570954112480349e-05
8.333494905678655414e+03 8.308746747464373808e-05 8.671302535388875576e-05 8.880088617275555497e-05 8.620045966709602079e-05
8.333594905678653959e+03 8.567232005406654437e-05 8.954320157121868021e-05 9.229551606992227974e-05 8.917034589840250596e-05
8.333694905678652503e+03 8.811927279549862098e-05 9.225070838159339388e-05 9.569759834118024761e-05 9.202252650609075416e-05
8.333794905678651048e+03 9.042874690893426028e-05 9.482337586501506620e-05 9.897974384553725102e-05 9.474395553982885917e-05
8.333894905678649593e+03 9.260542001935845769e-05 9.725210628747356996e-05 1.021175213989843566e-04 9.732501590193880377e-05
8.333994905678648138e+03 9.465460399880604029e-05 9.952841715700867038e-05 1.050867296695761607e-04 9.975658360846362380e-05
8.334094905678646683e+03 9.658272506119596997e-05 1.016457089625284207e-04 1.078660574001921978e-04 1.020314971413055385e-04
8.334194905678645227e+03 9.839440887057390674e-05 1.035968059130793970e-04 1.104350103508878534e-04 1.041420750448470524e-04
8.334294905678643772e+03 1.000956276839347863e-04 1.053765570736547993e-04 1.127764702716521920e-04 1.060828850097472547e-04
8.334394905678642317e+03 1.016923859942781678e-04 1.069808315442512172e-04 1.148770283724728466e-04 1.078500819703340772e-04
8.334494905678640862e+03 1.031892530346361085e-04 1.084038049649009003e-04 1.167242454233806631e-04 1.094391011409725709e-04
8.334594905678639407e+03 1.045932775349432621e-04 1.096417916355412749e-04 1.183107594742860159e-04 1.108486095482568600e-04
8.334694905678637951e+03 1.059143615652179539e-04 1.106923809661970959e-04 1.196338186252108026e-04 1.120801870522086265e-04
8.334794905678636496e+03 1.071633952654560439e-04 1.115528706768695560e-04 1.206935182461448284e-04 1.131365947294901518e-04
8.334894905678635041e+03 1.083564957956378253e-04 1.122243799775448459e-04 1.214970220670622540e-04 1.140259659467483220e-04
8.334994905678633586e+03 1.095104637157808892e-04 1.127081124982313987e-04 1.220535154579653787e-04 1.147573638906592086e-04
8.335094905678632131e+03 1.106465449058256317e-04 1.130102844488897122e-04 1.223787303588050367e-04 1.153451865711734692e-04
8.335194905678630676e+03 1.117885295457831670e-04 1.131412961295162329e-04 1.224932469995771442e-04 1.158076908916255102e-04
8.335294905678629220e+03 1.129625697456434390e-04 1.131162285800930241e-04 1.224220899802640585e-04 1.161669627686668179e-04
8.335394905678627765e+03 1.141957020554017422e-04 1.129545665006028327e-04 1.221937380008514978e-04 1.164480021856186773e-04
8.335494905678626310e+03 1.155137462250851050e-04 1.126786441710288906e-04 1.218378261513271781e-04 1.166767388491470443e-04
8.335594905678624855e+03 1.169418808046486090e-04 1.123139956213663773e-04 1.213863712416916505e-04 1.168807492225688925e-04
8.335694905678623400e+03 1.185049832841144387e-04 1.118907209315937615e-04 1.208738245619298907e-04 1.170898429258793682e-04
8.335794905678621944e+03 1.202104529335473602e-04 1.114271903717537637e-04 1.203212270220907444e-04 1.173196234424639606e-04
8.335894905678620489e+03 1.220608536429653633e-04 1.109454580718313910e-04 1.197503886521701497e-04 1.175855667889889726e-04
8.335994905678619034e+03 1.240518247824309330e-04 1.104725961717976744e-04 1.191838684321537312e-04 1.179027631287941355e-04
8.336094905678617579e+03 1.261302528020606575e-04 1.100071156617780802e-04 1.186083897821982579e-04 1.182485860820123183e-04
8.336194905678616124e+03 1.282517830218574118e-04 1.095775648316486546e-04 1.180318929722126351e-04 1.186204136085729005e-04
8.336294905678614668e+03 1.303030953620896060e-04 1.091781989715400538e-04 1.174132713123855716e-04 1.189648552153384150e-04
8.336394905678613213e+03 1.321825773127180328e-04 1.088450813812906416e-04 1.167427829725977692e-04 1.192568138888688145e-04
8.336494905678611758e+03 1.337606661138857772e-04 1.086116728609043305e-04 1.159983426028842910e-04 1.194568938592247996e-04
8.336594905678610303e+03 1.348960048355805485e-04 1.085157752203732873e-04 1.151635707932494664e-04 1.195251169497344476e-04
8.336694905678608848e+03 1.354890504976806931e-04 1.086254767395709815e-04 1.142698219034952951e-04 1.194614497135823187e-04
8.336794905678607392e+03 1.354505893401511017e-04 1.089917770985608073e-04 1.133625074835648586e-04 1.192682913074255937e-04
8.336894905678605937e+03 1.347195278428856609e-04 1.096359564874572882e-04 1.125022124033957628e-04 1.189525655779129085e-04
8.336994905678604482e+03 1.332879648656506739e-04 1.105661457263283550e-04 1.117798921428511596e-04 1.185446675782767250e-04
8.337094905678603027e+03 1.311790225883628061e-04 1.117377904953539668e-04 1.112673163920325722e-04 1.180613764919164393e-04
8.337194905678601572e+03 1.284647501608125188e-04 1.130812785546480946e-04 1.110219700109773503e-04 1.175226662421459834e-04
8.337294905678600117e+03 1.252437084028898764e-04 1.144870879743742624e-04 1.110439920899118638e-04 1.169249294890586585e-04
8.337394905678598661e+03 1.216568827344189155e-04 1.158511990845163277e-04 1.112965704389846494e-04 1.162682174193066444e-04
8.337494905678597206e+03 1.178395504853455478e-04 1.170504578051790191e-04 1.116667107285120519e-04 1.155189063396788864e-04
8.337594905678595751e+03 1.139357215357642683e-04 1.179887796762109050e-04 1.120140452185974095e-04 1.146461821435242078e-04
8.337694905678594296e+03 1.100516021857553289e-04 1.185700962976419777e-04 1.121651249093871626e-04 1.135956077975948186e-04
8.337794905678592841e+03 1.062733718653945331e-04 1.187282631293555497e-04 1.119746871607759487e-04 1.123254407185086772e-04
8.337894905678591385e+03 1.026535759348148349e-04 1.184226989412505920e-04 1.113466361425704382e-04 1.108076370062119505e-04
8.337994905678589930e+03 9.922455994503402211e-05 1.176468599431753080e-04 1.102560885044633028e-04 1.090425027975575533e-04
8.338094905678588475e+03 9.598404001432150835e-05 1.164099359750848885e-04 1.087242175762974036e-04 1.070393978552345866e-04
8.338194905678587020e+03 9.292745469162097018e-05 1.147580484368208262e-04 1.068238646878467594e-04 1.048364559387628565e-04
8.338294905678585565e+03 9.003471113399706541e-05 1.127468417183410715e-04 1.046370204990694909e-04 1.024728577838025426e-04
8.338394905678584109e+03 8.728338599546059482e-05 1.104393294396119064e-04 1.022439736099682036e-04 9.998889634834689708e-05
8.338494905678582654e+03 8.465013631396876371e-05 1.078974803905880273e-04 9.971255265054460037e-05 9.742005645170046381e-05
8.338594905678581199e+03 8.209308073269788578e-05 1.051536228914794045e-04 9.707314929204240281e-05 9.477328430540656436e-05
8.338694905678579744e+03 7.958887583952233783e-05 1.022425045522321356e-04 9.435512619442077179e-05 9.206216886205839699e-05
8.338794905678578289e+03 7.710043028050137762e-05 9.917206914895741222e-05 9.155921931179888701e-05 8.927723958041923014e-05
8.338894905678576833e+03 7.459489686161906673e-05 9.593825062670571096e-05 8.867522292022307997e-05 8.640279013618262826e-05
8.338994905678575378e+03 7.203823199283578016e-05 9.252761373245510588e-05 8.568309437568136862e-05 8.341631336699075155e-05
8.339094905678573923e+03 6.938642350228725109e-05 8.891239026738796453e-05 8.254634417035136302e-05 8.028171931334219288e-05
8.339194905678572468e+03 6.660299263389813003e-05 8.506752664143535326e-05 7.922907377718009460e-05 7.696653101750452596e-05
8.339294905678571013e+03 6.365139415367067094e-05 8.097096588458577897e-05 7.569377825317636244e-05 7.343871276381094197e-05
8.339394905678569557e+03 6.050659932355722609e-05 7.661434119678143541e-05 7.191254691030091336e-05 6.967782914354652270e-05
8.339494905678568102e+03 5.715245783745972102e-05 7.200393210187549630e-05 6.786883700343245972e-05 6.567507564758922342e-05
8.339594905678566647e+03 5.361446392031666425e-05 6.719174962083288320e-05 6.359194026851552211e-05 6.146605126988835652e-05
8.339694905678565192e+03 4.992998332201785541e-05 6.224535794450386885e-05 5.913031730939638720e-05 5.710188619197270382e-05
8.339794905678563737e+03 4.619783976929294785e-05 5.729882865459443855e-05 5.460631682174986391e-05 5.270099508187908570e-05
8.339894905678562282e+03 4.249236983924391194e-05 5.240917194543510282e-05 5.010699572472396415e-05 4.833617916980099749e-05
8.339994905678560826e+03 3.892165900065315548e-05 4.776333847136623339e-05 4.576846522201909726e-05 4.415115423134615753e-05
8.340094905678559371e+03 3.556794490976289522e-05 4.343864244103711570e-05 4.169428992793433272e-05 4.023362575957811906e-05
8.340194905678557916e+03 3.248565790762415018e-05 3.949176493144576568e-05 3.795291621453741041e-05 3.664344635120243983e-05
8.340294905678556461e+03 2.969931394336672360e-05 3.594381573674698818e-05 3.457548220699017857e-05 3.340620396236796232e-05
8.340394905678555006e+03 2.720893426809843611e-05 3.278732141206699486e-05 3.156246201842759902e-05 3.051957256619767779e-05
8.340494905678553550e+03 2.499823507785203455e-05 2.999633677043809013e-05 2.889387759589260985e-05 2.796281648139424146e-05
8.340594905678552095e+03 2.304217469875281295e-05 2.753550469701151842e-05 2.653874141653856134e-05 2.570547360410095972e-05
8.340694905678550640e+03 2.131247634677136923e-05 2.536655622274487586e-05 2.446197805033069813e-05 2.371367020661565000e-05
8.340794905678549185e+03 1.978106473890833865e-05 2.345227259163551453e-05 2.262873604126992616e-05 2.195402445727125752e-05
8.340894905678547730e+03 1.842189972115604286e-05 2.175853316567142359e-05 2.100669079434670439e-05 2.039570789372472474e-05
8.340994905678546274e+03 1.721176035948106473e-05 2.025512757980934891e-05 1.956703075752062933e-05 1.901130623227034766e-05
8.341094905678544819e+03 1.613041713791737774e-05 1.891585841209029195e-05 1.828467546283147694e-05 1.777698367094638447e-05
8.341194905678543364e+03 1.516048526342838390e-05 1.771828259846772738e-05 1.713809308423491122e-05 1.667228698204367473e-05
8.341294905678541909e+03 1.428713609200330515e-05 1.664329981392756336e-05 1.610893971371749070e-05 1.567979187321611861e-05
8.341394905678540454e+03 1.349776524563271984e-05 1.567470240445752725e-05 1.518164414426745371e-05 1.478470393145256637e-05
8.341494905678538998e+03 1.278166789329550973e-05 1.479874446703119529e-05 1.434300156885946942e-05 1.397447130972872425e-05
8.341594905678537543e+03 1.212974405901204051e-05 1.400375518667303579e-05 1.358180489751690567e-05 1.323843471440066235e-05
8.341694905678536088e+03 1.153424186976219135e-05 1.327980415035799119e-05 1.288852363621573179e-05 1.256752321877863811e-05
8.341794905678534633e+03 1.098853904254112687e-05 1.261841766207982108e-05 1.225503071794993127e-05 1.195399580752362471e-05
8.341894905678533178e+03 1.048695948534478563e-05 1.201234123083328731e-05 1.167437334371445954e-05 1.139122468663084416e-05
8.341994905678531723e+03 1.002462056216134407e-05 1.145534208360386135e-05 1.114058225949536755e-05 1.087351496842019042e-05
8.342094905678530267e+03 9.597306418505382829e-06 1.094204553440889649e-05 1.064851367930927370e-05 1.039595521074118604e-05
8.342194905678528812e+03 9.201363065165361863e-06 1.046779955723425877e-05 1.019371846714262392e-05 9.954293696514082647e-06
8.342294905678527357e+03 8.833611482539235093e-06 1.002856265507731437e-05 9.772333871292883834e-06 9.544836002969811663e-06
8.342394905678525902e+03 8.491275540725261921e-06 9.620810877835827369e-06 9.380993806057911038e-06 9.164360074873000110e-06
8.342494905678524447e+03 8.171922086916150332e-06 9.241460553300987973e-06 9.016754341029249823e-06 8.810045660415461580e-06
8.342594905678522991e+03 7.873411009022628795e-06 8.887803894885439745e-06 8.677031667819034156e-06 8.479415523909035926e-06
8.342694905678521536e+03 7.593853488337386870e-06 8.557455180580369463e-06 8.359550292018813524e-06 8.170286320312190799e-06
8.342794905678520081e+03 7.331576982459486542e-06 8.248305619784577426e-06 8.062299627627437433e-06 7.880727409957166287e-06
8.342894905678518626e+03 7.085095754288118884e-06 7.958485378397026595e-06 7.783497508643916096e-06 7.609026213776354423e-06
8.342994905678517171e+03 6.853085980318362462e-06 7.686331516611868622e-06 7.521559408962626095e-06 7.353658968630952111e-06
8.343094905678515715e+03 6.634364654832176266e-06 7.430360826037643868e-06 7.275072388543313424e-06 7.113265956471044237e-06
8.343194905678514260e+03 6.427871643953835811e-06 7.189246734984366676e-06 7.042772960060018951e-06 6.886630446332739915e-06
8.343294905678512805e+03 6.232654375871406999e-06 6.961799615451182233e-06 6.823528230691041766e-06 6.672660740671210050e-06
8.343394905678511350e+03 6.047854723182328416e-06 6.746949922834065061e-06 6.616319768932630075e-06 6.470374804983008415e-06
8.343494905678509895e+03 5.872697736474163913e-06 6.543733722117606985e-06 6.420229765270060612e-06 6.278887074620610504e-06
8.343594905678508439e+03 5.706481930539247229e-06 6.351280220892087798e-06 6.234429119694075144e-06 6.097397090375136159e-06
8.343694905678506984e+03 5.548570885970790245e-06 6.168800997748912902e-06 6.058167155396489605e-06 5.925179679705397302e-06
8.343794905678505529e+03 5.398385963660029951e-06 5.995580667177308661e-06 5.890762711167003070e-06 5.761576447334781125e-06
8.343894905678504074e+03 5.255399967307193540e-06 5.830968767376955544e-06 5.731596402705408797e-06 5.605988379129852345e-06
8.343994905678502619e+03 5.119131614404617844e-06 5.674372688838497679e-06 5.580103882602757591e-06 5.457869395281956858e-06
8.344094905678501163e+03 4.989140698448014622e-06 5.525251494956542317e-06 5.435769951653917545e-06 5.316720715019492059e-06
8.344194905678499708e+03 4.865023845633542530e-06 5.383110506726262105e-06 5.298123401954299307e-06 5.182085918104701596e-06
8.344294905678498253e+03 4.746410782255588308e-06 5.247496546440856206e-06 5.166732487997392961e-06 5.053546605564613056e-06
8.344394905678496798e+03 4.632961044115449827e-06 5.117993747701478208e-06 5.041200940084383678e-06 4.930718577300437520e-06
8.344494905678495343e+03 4.524361067308062232e-06 4.994219857202030811e-06 4.921164445209430676e-06 4.813248456573174008e-06
8.344594905678493888e+03 4.420321611530887633e-06 4.875822962439349259e-06 4.806287535569522334e-06 4.700810703179919460e-06
8.344694905678492432e+03 4.320575471081625431e-06 4.762478590010568623e-06 4.696260829161937807e-06 4.593104963418044236e-06
8.344794905678490977e+03 4.224875438856447757e-06 4.653887125911118843e-06 4.590798577882291938e-06 4.489853714216618948e-06
