8309.794905679    9.0902018235e-06    9.1316898393e-06    9.1583769874e-06    9.126756216733332e-06
8309.894905678999    8.706434017706981e-06    8.747800142606983e-06    8.773761023006996e-06    8.742665061106987e-06
8309.994905678997    8.328407019006876e-06    8.369665077306877e-06    8.39497475400689e-06    8.364348950106882e-06
8310.094905678996    7.958631239413453e-06    7.999798684513456e-06    8.024524783113476e-06    7.994318235680128e-06
8310.194905678994    7.603428089019383e-06    7.644520775919387e-06    7.668725769219415e-06    7.638891544719395e-06
8310.294905678993    7.259377630025033e-06    7.300416310725037e-06    7.3241603146250704e-06    7.29465141845838e-06
8310.394905678992    6.931238788429844e-06    6.972244317329847e-06    6.995582120129884e-06    6.966355075296525e-06
8310.49490567899    6.617733088728513e-06    6.658727535928515e-06    6.681710867328547e-06    6.652723830661858e-06
8310.594905678989    6.321057809632379e-06    6.362065288132378e-06    6.384741792532411e-06    6.355954963432388e-06
8310.694905678987    6.039182676435892e-06    6.0802285210358865e-06    6.102642688335919e-06    6.074017961935899e-06
8310.794905678986    5.773181311138709e-06    5.8142872668386996e-06    5.8364798317387315e-06    5.807982803238715e-06
8310.894905678984    5.524133973340771e-06    5.565324688540757e-06    5.5873337088407875e-06    5.558930790240771e-06
8310.994905678983    5.291530096838079e-06    5.332828617138061e-06    5.354688116438086e-06    5.326348943471408e-06
8311.094905678981    5.072920704939765e-06    5.114348681639741e-06    5.136090506339763e-06    5.1077866309730905e-06
8311.19490567898    4.866768158841249e-06    4.908350423441218e-06    4.930004400741235e-06    4.901707661007901e-06
8311.294905678978    4.674471424441974e-06    4.716229469241935e-06    4.737822831941949e-06    4.709507908541953e-06
8311.394905678977    4.498926434041511e-06    4.540879474241464e-06    4.562436033941473e-06    4.534080647408151e-06
8311.494905678976    4.332454379039365e-06    4.374623495839315e-06    4.396166808439317e-06    4.367748227772665e-06
8311.594905678974    4.174700132740173e-06    4.217105147540114e-06    4.2386563097401115e-06    4.210153863340132e-06
8311.694905678973    4.027721515440103e-06    4.0703802457400335e-06    4.0919578100400266e-06    4.063353190406721e-06
8311.794905678971    3.891962910339511e-06    3.9348930671394315e-06    3.956515061939419e-06    3.927790346472787e-06
8311.89490567897    3.7648230030393155e-06    3.808042447339226e-06    3.829725774839207e-06    3.8008637417392497e-06
8311.994905678968    3.6447183238371397e-06    3.6882456595370445e-06    3.7100061545370207e-06    3.6809900459704014e-06
8312.094905678967    3.532920045136605e-06    3.576772032836499e-06    3.5986241751364687e-06    3.569438751036524e-06
8312.194905678965    3.4267288797367005e-06    3.4709195532365833e-06    3.4928766501365475e-06    3.46350836103661e-06
8312.294905678964    3.327123368136236e-06    3.371669858236107e-06    3.3937460477360637e-06    3.3641797580361357e-06
8312.394905678962    3.236400022534655e-06    3.281317846634513e-06    3.3035252845344634e-06    3.2737477179012107e-06
8312.494905678961    3.1512301697325336e-06    3.1965330412323866e-06    3.2188824628323326e-06    3.188881891265751e-06
8312.59490567896    3.070434162632333e-06    3.116139183032172e-06    3.13864253543211e-06    3.1084052936988714e-06
8312.694905678958    2.9930319291323824e-06    3.0391530575322085e-06    3.06182082003214e-06    3.0313352688989105e-06
8312.794905678957    2.9194459252321247e-06    2.9659956047319375e-06    2.9888374633318617e-06    2.9580929977653083e-06
8312.894905678955    2.8499076068316223e-06    2.8969036027314196e-06    2.9199303810313353e-06    2.8889138635314594e-06
8312.994905678954    2.78651009392883e-06    2.83396759582862e-06    2.8571894642285314e-06    2.82588905132866e-06
8313.094905678952    2.7265466626283593e-06    2.7744778176281353e-06    2.7979036778280387e-06    2.766309386028178e-06
8313.19490567895    2.6671785668291576e-06    2.715599193828917e-06    2.739238579528812e-06    2.7073387800622954e-06
8313.29490567895    2.6138168200271778e-06    2.662741681626921e-06    2.6866037923268078e-06    2.6543874313269693e-06
8313.394905678948    2.5634588592265644e-06    2.612899992026292e-06    2.6369928739261697e-06    2.6044505750596758e-06
8313.494905678946    2.512564127626847e-06    2.562538474426566e-06    2.586871288626439e-06    2.5539912968932846e-06
8313.594905678945    2.4676507242245087e-06    2.5181744962242093e-06    2.5427563658240737e-06    2.509527195424264e-06
8313.694905678944    2.425144464523969e-06    2.476232288523651e-06    2.501072251023505e-06    2.4674830013570415e-06
8313.794905678942    2.3813153346255117e-06    2.4329804679251758e-06    2.458086490625021e-06    2.4241274310585692e-06
8313.89490567894    2.341618260523829e-06    2.393876278823473e-06    2.419257058323308e-06    2.3849171992235367e-06
8313.99490567894    2.3056528390215887e-06    2.358520652221223e-06    2.384185627321052e-06    2.349453039521288e-06
8314.094905678938    2.270568484621698e-06    2.324062310721311e-06    2.35001995302113e-06    2.314883582788046e-06
8314.194905678936    2.2377746478208783e-06    2.29190974992047e-06    2.318168700120278e-06    2.2826176992872084e-06
8314.294905678935    2.207948632619531e-06    2.2627420441191e-06    2.289311228918897e-06    2.253333968552509e-06
8314.394905678933    2.1783310171199332e-06    2.2337987128194795e-06    2.260687217019265e-06    2.2242723156528927e-06
8314.494905678932    2.149662287819295e-06    2.2058198690188305e-06    2.23303613891861e-06    2.196172765252245e-06
8314.59490567893    2.122670286318657e-06    2.1795373904181666e-06    2.207090693617934e-06    2.1697661234515863e-06
8314.694905678929    2.097669306917736e-06    2.155265214617219e-06    2.1831657119169724e-06    2.145366744483976e-06
8314.794905678928    2.0751475428163866e-06    2.133489893015844e-06    2.161746093915585e-06    2.1234611765826048e-06
8314.894905678926    2.05212448481717e-06    2.111233033716599e-06    2.1398556265163257e-06    2.1010710483500314e-06
8314.994905678925    2.0281753616178608e-06    2.0880662736172773e-06    2.1170643712169976e-06    2.0777686688173784e-06
8315.094905678923    2.0075888230157276e-06    2.0682833667151137e-06    2.0976663456148198e-06    2.0578461784485535e-06
8315.194905678922    1.9897633226139427e-06    2.051281958613298e-06    2.0810606440129882e-06    2.0407019750800767e-06
8315.29490567892    1.9715545006145737e-06    2.0339173407138975e-06    2.064101924013573e-06    2.023191255114015e-06
8315.394905678919    1.9531182892150906e-06    2.0163480245143813e-06    2.04694933681404e-06    2.005471883514504e-06
8315.494905678917    1.9385376114119353e-06    2.002654509811209e-06    2.0336836754108587e-06    1.9916252655446674e-06
8315.594905678916    1.9236026629124965e-06    1.9886317605117336e-06    2.0201002074113657e-06    1.9774448769451986e-06
8315.694905678914    1.9079039081134213e-06    1.9738680825126217e-06    2.0057873049122367e-06    1.9625197651794264e-06
8315.794905678913    1.8964469238100032e-06    1.963369290709167e-06    1.995750808508763e-06    1.951855674342644e-06
8315.894905678912    1.8840005395110936e-06    1.9519094736102142e-06    1.984765981709791e-06    1.9402253316103658e-06
8315.99490567891    1.8709858922116e-06    1.9399038494107006e-06    1.973247126910267e-06    1.9280456228441896e-06
8316.094905678909    1.8610242894090601e-06    1.93097589940812e-06    1.964818518407666e-06    1.9189395690749487e-06
8316.194905678907    1.8534514874070252e-06    1.9244656461060393e-06    1.9588208958055638e-06    1.9122460097728765e-06
8316.294905678906    1.8444589742085058e-06    1.9165641221074737e-06    1.951445551206976e-06    1.9041562158409854e-06
8316.394905678904    1.8344973400096037e-06    1.9077226835085236e-06    1.943144236108003e-06    1.8951214198753767e-06
8316.494905678903    1.8270313287071977e-06    1.9014063852060894e-06    1.9373825657055543e-06    1.8886067598729471e-06
8316.594905678901    1.8202790916066325e-06    1.8958360575054713e-06    1.932381812904912e-06    1.8828323206723387e-06
8316.6949056789    1.8145089812057727e-06    1.8912806734045574e-06    1.9284109460039727e-06    1.8780668668714342e-06
8316.794905678898    1.808817059205798e-06    1.8868360312045274e-06    1.9245672047039155e-06    1.8734067650380805e-06
8316.894905678897    1.802505505906544e-06    1.8818082770052128e-06    1.920157438004572e-06    1.8681570736387763e-06
8316.994905678896    1.7982934151043673e-06    1.8789122647030028e-06    1.9178951448023452e-06    1.8650336082032382e-06
8317.094905678894    1.7953905191030627e-06    1.8773610444016365e-06    1.91699462710095e-06    1.8632487302018833e-06
8317.194905678893    1.793477595802053e-06    1.8768436090005553e-06    1.9171473824998362e-06    1.862489529100815e-06
8317.294905678891    1.79158095570207e-06    1.8763794514005064e-06    1.9173712871997555e-06    1.8617772314341107e-06
8317.39490567889    1.7884143378035138e-06    1.8746881971018766e-06    1.9163878375010914e-06    1.859830124135494e-06
8317.494905678888    1.7882236581002116e-06    1.876015749798527e-06    1.918443561697719e-06    1.860894323198819e-06
8317.594905678887    1.7878883206003783e-06    1.8772388733986206e-06    1.9204136301977783e-06    1.8618469413989259e-06
8317.694905678885    1.7870407026009714e-06    1.8780003320991274e-06    1.921945053698245e-06    1.8623286961327812e-06
8317.794905678884    1.7888255168979222e-06    1.8814455730959893e-06    1.926183202295066e-06    1.8654847640963258e-06
8317.894905678882    1.7912627696971183e-06    1.885591628595098e-06    1.9311449050941335e-06    1.8693331011287835e-06
8317.994905678881    1.7943711198963248e-06    1.8904625958942407e-06    1.936857213093246e-06    1.8738969762946038e-06
8318.09490567888    1.7966755141972335e-06    1.8945794971950576e-06    1.9418388146940196e-06    1.87769794202877e-06
8318.194905678878    1.800287460695598e-06    1.9000597654933212e-06    1.9482083803922374e-06    1.8828518688603855e-06
8318.294905678877    1.805167323693964e-06    1.9068723294915735e-06    1.9559392773904376e-06    1.8893263101919919e-06
8318.394905678875    1.8086920862955762e-06    1.912387947993077e-06    1.962400021391891e-06    1.8944933518935149e-06
8318.494905678874    1.8142389152930382e-06    1.9199908138904576e-06    1.970978516389233e-06    1.9017360818575764e-06
8318.594905678872    1.8185854990944654e-06    1.9264589495917645e-06    1.978452783790483e-06    1.907832410825571e-06
8318.69490567887    1.8235761039935546e-06    1.933643566490721e-06    1.9866755749893803e-06    1.9146317484912188e-06
8318.79490567887    1.832182924488728e-06    1.944515743385761e-06    1.99861738508436e-06    1.925105350986283e-06
8318.894905678868    1.8411332330881154e-06    1.9558108057850014e-06    2.0110174424835345e-06    1.935987160452217e-06
8318.994905678866    1.8512823146865236e-06    1.9683831526833057e-06    2.0247313522817897e-06    1.948132273217206e-06
8319.094905678865    1.8598847284884206e-06    1.9794946222850436e-06    2.037022001583456e-06    1.95880045078564e-06
8319.194905678864    1.8689005321877002e-06    1.9911048484841607e-06    2.0498497726824997e-06    1.969951717784787e-06
8319.294905678862    1.8807056267836803e-06    2.005594696479969e-06    2.0655977286782294e-06    1.9839660173139594e-06
8319.39490567886    1.8934952914820866e-06    2.021170740578184e-06    2.0824762049763597e-06    1.9990474123455436e-06
8319.49490567886    1.9048487052840982e-06    2.0354132312800514e-06    2.098067205278163e-06    2.0127763806141043e-06
8319.594905678858    1.917137889182564e-06    2.050697866678314e-06    2.114747891676333e-06    2.027527882512404e-06
8319.694905678856    1.9315173615793365e-06    2.068184869974871e-06    2.133679639472795e-06    2.0444606236756677e-06
8319.794905678855    1.9456513740794325e-06    2.0855375915747486e-06    2.1525261413725746e-06    2.0612383690089184e-06
8319.894905678853    1.9621636693756712e-06    2.1053947873707425e-06    2.173933292368459e-06    2.0804972497049575e-06
8319.994905678852    1.9776196818772276e-06    2.124330156172101e-06    2.19447780296973e-06    2.0988092136730193e-06
8320.09490567885    1.9942017512752667e-06    2.1445298160698706e-06    2.216346482467381e-06    2.118359349937506e-06
8320.194905678849    2.0129373679717136e-06    2.167022613966041e-06    2.2405673008634325e-06    2.140175760933729e-06
8320.294905678847    2.0313524150718627e-06    2.189347955165888e-06    2.2646873406631454e-06    2.1617959036336317e-06
8320.394905678846    2.0510225975695874e-06    2.2130872835632957e-06    2.2902913240604127e-06    2.1848004017310986e-06
8320.494905678845    2.073008427066007e-06    2.2393177270594443e-06    2.318462009756444e-06    2.210262721293965e-06
8320.594905678843    2.094751381265987e-06    2.2654908712590567e-06    2.346654146955898e-06    2.235632133160314e-06
8320.694905678842    2.117273076764359e-06    2.2926251407570594e-06    2.3758851678537415e-06    2.2619277951250534e-06
8320.79490567884    2.1425995276594597e-06    2.3227597130517633e-06    2.4082002716482728e-06    2.2911865041198322e-06
8320.894905678839    2.1676433564594564e-06    2.352831428651317e-06    2.4405469806476337e-06    2.320340588586136e-06
8320.994905678837    2.193760451757719e-06    2.384203884049211e-06    2.474290818245372e-06    2.350751718017434e-06
8321.094905678836    2.220837551555672e-06    2.4167722792466825e-06    2.509330224242637e-06    2.3823133516816636e-06
8321.194905678834    2.2498212954520237e-06    2.4515018912425127e-06    2.5466390251382437e-06    2.4159874039442604e-06
8321.294905678833    2.281517123046958e-06    2.4892306889368622e-06    2.5870650985323483e-06    2.452604303505389e-06
8321.394905678831    2.313058167246643e-06    2.5270947199359468e-06    2.627748053231178e-06    2.489300313471256e-06
8321.49490567883    2.3448034419462977e-06    2.5654635016350933e-06    2.6690621382301106e-06    2.526443027270501e-06
8321.594905678829    2.3816503622369974e-06    2.609263056025109e-06    2.7159425779198417e-06    2.5689519987273163e-06
8321.694905678827    2.418779633135839e-06    2.6536982500232145e-06    2.763605325817637e-06    2.612027736325564e-06
8321.794905678826    2.4579890918315313e-06    2.7005802110181336e-06    2.8138646647122357e-06    2.6574779891873002e-06
8321.894905678824    2.500583799624845e-06    2.7512704932105608e-06    2.8681085557042913e-06    2.7066542828465656e-06
8321.994905678823    2.5416994848274546e-06    2.8009234226123915e-06    2.9214944632058047e-06    2.7547057902152168e-06
8322.094905678821    2.5866211233199222e-06    2.8548231593039176e-06    2.9793072194969424e-06    2.8069171673735943e-06
8322.19490567882    2.636066762810958e-06    2.9137512941938825e-06    3.042350051086473e-06    2.8640560360304377e-06
8322.294905678818    2.6839857886128357e-06    2.9716864679946166e-06    3.1046167193867375e-06    2.920096325331397e-06
8322.394905678817    2.73664815460325e-06    3.0349536004837668e-06    3.172452703575373e-06    2.981351486220797e-06
8322.494905678815    2.792195835397949e-06    3.1017459461772902e-06    3.244069916868426e-06    3.0460038994812214e-06
8322.594905678814    2.851664219689664e-06    3.173119510067576e-06    3.3205321132581343e-06    3.115105281005125e-06
8322.694905678813    2.914120813282984e-06    3.248201707259329e-06    3.40098876234926e-06    3.1877704276305243e-06
8322.794905678811    2.980390632774634e-06    3.3279044280492227e-06    3.4863868918384485e-06    3.264893984220768e-06
8322.89490567881    3.0505406819660177e-06    3.4123511587387116e-06    3.576866879827189e-06    3.346586240177306e-06
8322.994905678808    3.124215841659285e-06    3.5012423039302233e-06    3.672150853618013e-06    3.4325363330691744e-06
8323.094905678807    3.202525345349009e-06    3.5957898642177e-06    3.7734928781046e-06    3.52393602922377e-06
8323.194905678805    3.284144679441143e-06    3.694783842407326e-06    3.879720093693248e-06    3.6195495385139056e-06
8323.294905678804    3.3720025823274023e-06    3.801200842990943e-06    3.9938309290758286e-06    3.722344784798058e-06
8323.394905678802    3.4662536137131284e-06    3.915329049873718e-06    4.1161588498574605e-06    3.832580504481436e-06
8323.494905678801    3.564953897604307e-06    4.03538287466197e-06    4.244978058244591e-06    3.9484382768369555e-06
8323.5949056788    3.6727741170842635e-06    4.1661524444383445e-06    4.385117850219596e-06    4.074681470580734e-06
8323.694905678798    3.7879883843673732e-06    4.306110332117414e-06    4.535137493997099e-06    4.209745403493963e-06
8323.794905678797    3.910625679850155e-06    4.455404666195847e-06    4.695210182573889e-06    4.353746842873297e-06
8323.894905678795    4.0443672740250996e-06    4.618004344465783e-06    4.869420165941918e-06    4.510597261477601e-06
8323.994905678794    4.188600609203534e-06    4.7934813586393145e-06    5.057410066013595e-06    4.679830677952149e-06
8324.094905678792    4.34366545917845e-06    4.982427088108193e-06    5.259825780480262e-06    4.861972775922301e-06
8324.19490567879    4.509347521753421e-06    5.184958612176337e-06    5.476947110545818e-06    5.057084414825191e-06
8324.29490567879    4.689670865119513e-06    5.4054917289346685e-06    5.7133157972012555e-06    5.2694927970851464e-06
8324.394905678788    4.887372438679249e-06    5.647108366385788e-06    5.972136935449172e-06    5.502205913504735e-06
8324.494905678786    5.101441175744415e-06    5.90926229044208e-06    6.253030043802198e-06    5.754577836662897e-06
8324.594905678785    5.335867059896827e-06    6.196438321083603e-06    6.5606432017397366e-06    6.030982860906722e-06
8324.694905678783    5.595994931036928e-06    6.514730430111026e-06    6.901345672062516e-06    6.337357011070157e-06
8324.794905678782    5.882242369575183e-06    6.865196576135007e-06    7.276431882581267e-06    6.674623609430486e-06
8324.89490567878    6.1964793792083715e-06    7.250454946352055e-06    7.688765319292464e-06    7.045233214950964e-06
8324.99490567878    6.5445002151340135e-06    7.677386282760334e-06    8.145602394694513e-06    7.455829630862954e-06
8325.094905678778    6.932350639039295e-06    8.153164565544168e-06    8.654542787370577e-06    7.91335266398468e-06
8325.194905678776    7.36599626172978e-06    8.685140928809779e-06    9.22337495382732e-06    8.424837381455627e-06
8325.294905678775    7.85352360740036e-06    9.283029114551435e-06    9.862400037858648e-06    8.999650919936815e-06
8325.394905678773    8.403897031048595e-06    9.957799986065749e-06    1.058319146536111e-05    9.64829616082515e-06
8325.494905678772    9.02883302357906e-06    1.0723506407258985e-05    1.1400586083141461e-05    1.0384308504659836e-05
8325.59490567877    9.736723987677566e-06    1.1591524027010567e-05    1.2326817289877146e-05    1.121835510152176e-05
8325.694905678769    1.0544475021134001e-05    1.2582494338710743e-05    1.3383488015558967e-05    1.2170152458467902e-05
8325.794905678767    1.1468239299849194e-05    1.3717232993357981e-05    1.4592579805184863e-05    1.3259350699464013e-05
8325.894905678766    1.2527641822514116e-05    1.5021452306939655e-05    1.5980995906742087e-05    1.4510030012065285e-05
8325.994905678765    1.374771193813711e-05    1.65280817274647e-05    1.7582880529241184e-05    1.5952891398281e-05
8326.094905678763    1.5151071941681495e-05    1.827005850688077e-05    1.9432344752626596e-05    1.7617825067062954e-05
8326.194905678762    1.6762434671160322e-05    2.0285614642197178e-05    2.156863254290949e-05    1.9538893952089e-05
8326.29490567876    1.860128894958479e-05    2.261064021541746e-05    2.4028429953093864e-05    2.1746786372698703e-05
8326.394905678759    2.0685526821957694e-05    2.5282021905537242e-05    2.684916043117593e-05    2.4272236386223625e-05
8326.494905678757    2.3019023677354674e-05    2.8322301442644786e-05    3.005434440924584e-05    2.7131889843081766e-05
8326.594905678756    2.5572804385775296e-05    3.171527324272982e-05    3.362949633628576e-05    3.0305857988263626e-05
8326.694905678754    2.8286006453337363e-05    3.53991646429537e-05    3.751612863645585e-05    3.373376657758231e-05
8326.794905678753    3.104003805618701e-05    3.922737225852968e-05    4.157442558096048e-05    3.728061196522572e-05
8326.894905678751    3.3646231207505326e-05    4.29431582927402e-05    4.555777873907343e-05    4.071572274643965e-05
8326.99490567875    3.5863717320473994e-05    4.6184642526922174e-05    4.911910716812511e-05    4.372248900517376e-05
8327.094905678749    3.744617434502771e-05    4.8540059466087415e-05    5.186045064211866e-05    4.5948894817744594e-05
8327.194905678747    3.82013179030907e-05    4.9645738725204404e-05    5.3421943038051934e-05    4.7089666555449015e-05
8327.294905678746    3.80545332643738e-05    4.9323889036819615e-05    5.359974527454721e-05    4.6992722525246874e-05
8327.394905678744    3.7058931401553495e-05    4.7649488178294464e-05    5.240558026406276e-05    4.5704666614636905e-05
8327.494905678743    3.5372731440324723e-05    4.492548012498647e-05    5.005566501302701e-05    4.34512921927794e-05
8327.594905678741    3.320124886860886e-05    4.156005691869277e-05    4.68825280911961e-05    4.0547944626165913e-05
8327.69490567874    3.075900313735266e-05    3.794509682240307e-05    4.324893913145152e-05    3.7317679697069084e-05
8327.794905678738    2.8243390720589255e-05    3.4387233246319274e-05    3.9481060585869374e-05    3.40372281842593e-05
8327.894905678737    2.5804208662433427e-05    3.107600900573347e-05    3.582223875165027e-05    3.090081880660572e-05
8327.994905678735    2.3543690880962193e-05    2.810617565083304e-05    3.243133555894362e-05    2.802706736357962e-05
8328.094905678734    2.1520925341371907e-05    2.5512842340887182e-05    2.939456683806482e-05    2.547611150677464e-05
8328.194905678733    1.975400970772458e-05    2.328456906795821e-05    2.6736900390106372e-05    2.3258493055263057e-05
8328.294905678731    1.8242029919070408e-05    2.1396155600083806e-05    2.445261781214953e-05    2.136360111043458e-05
8328.39490567873    1.697310056943917e-05    1.9820841883269563e-05    2.25174410462449e-05    1.9770461166317877e-05
8328.494905678728    1.5938621274803744e-05    1.8542856036463716e-05    2.0909412608358232e-05    1.8463629973208564e-05
8328.594905678727    1.5059716293398079e-05    1.743313443802786e-05    1.9562509948675003e-05    1.7351786893366978e-05
8328.694905678725    1.4349765656950004e-05    1.653590742646439e-05    1.8460170122027765e-05    1.644861440181405e-05
8328.794905678724    1.3816570915474211e-05    1.5846417723906345e-05    1.7580859992431175e-05    1.5747949543937243e-05
8328.894905678722    1.328644155947538e-05    1.5175589098866952e-05    1.6742639210332814e-05    1.5068223289558381e-05
8328.99490567872    1.2809198675328192e-05    1.4571602359680927e-05    1.5993625714084544e-05    1.4458142249697886e-05
8329.09490567872    1.2487615938900831e-05    1.4145798969192778e-05    1.544859693552676e-05    1.4027337281206792e-05
8329.194905678718    1.2266597181623146e-05    1.3837132835870264e-05    1.504010032715173e-05    1.3714610114881715e-05
8329.294905678717    1.2133007555379078e-05    1.3630967997585019e-05    1.4750286585822383e-05    1.3504754046262159e-05
8329.394905678715    1.2076331615161857e-05    1.3514564774332427e-05    1.4564679202530059e-05    1.3385191864008115e-05
8329.494905678714    1.2090523147959471e-05    1.3481332694094904e-05    1.447471246625693e-05    1.3348856102770434e-05
8329.594905678712    1.217451423375861e-05    1.3529290801862168e-05    1.4476713908994248e-05    1.3393506314871675e-05
8329.69490567871    1.2324024642567586e-05    1.365344870064091e-05    1.4564738051745418e-05    1.351407046498464e-05
8329.79490567871    1.2538860450374745e-05    1.385315441641878e-05    1.4736473347500184e-05    1.3709496071431236e-05
8329.894905678708    1.2817357400184402e-05    1.412617809020043e-05    1.498871911426128e-05    1.3977418201548703e-05
8329.994905678706    1.3157093536005059e-05    1.447002827599301e-05    1.5317455113037272e-05    1.4314858975011781e-05
8330.094905678705    1.355924683381495e-05    1.4885579863775468e-05    1.5722070056807695e-05    1.4722298918132706e-05
8330.194905678703    1.402382058962256e-05    1.5372493503556323e-05    1.6200527986581397e-05    1.5198947359920093e-05
8330.294905678702    1.455106305542716e-05    1.5931088345333633e-05    1.6751523124356302e-05    1.574455817503903e-05
8330.3949056787    1.514062774723052e-05    1.656061946411057e-05    1.737251045113621e-05    1.635791922082577e-05
8330.494905678699    1.5790935059048212e-05    1.725945863390255e-05    1.806000270193661e-05    1.703679879829579e-05
8330.594905678698    1.649271516188096e-05    1.8018084050709314e-05    1.880195854275965e-05    1.777091925178331e-05
8330.694905678696    1.7181971542906235e-05    1.8770111469715557e-05    1.9525461215802207e-05    1.8492514742808e-05
8330.794905678695    1.8137560744079814e-05    1.9793698996872016e-05    2.0526623485940546e-05    1.9485961075630792e-05
8330.894905678693    1.9241191912607334e-05    2.0984572483339144e-05    2.168679314943353e-05    2.0637519181793337e-05
8330.994905678692    2.0399927876437938e-05    2.224151656513604e-05    2.2903457132259862e-05    2.184830052461128e-05
8331.09490567869    2.164183858615966e-05    2.357580906687399e-05    2.420010765699039e-05    2.3139251770008013e-05
8331.194905678689    2.2996386053786718e-05    2.5026978545486178e-05    2.558603584468911e-05    2.4536466814654003e-05
8331.294905678687    2.4458082120426848e-05    2.6595398676092944e-05    2.7065267105371986e-05    2.6039582633963925e-05
8331.394905678686    2.6027011183062814e-05    2.8269143550732973e-05    2.8639934452044756e-05    2.764536306194685e-05
8331.494905678685    2.7721487079667735e-05    3.006630179834461e-05    3.032438581369928e-05    2.9370724897237212e-05
8331.594905678683    2.95477818352197e-05    3.1990685683909246e-05    3.212256728530868e-05    3.122034493481255e-05
8331.694905678682    3.151475515673867e-05    3.404867081744896e-05    3.404246803488851e-05    3.3201964669692044e-05
8331.79490567868    3.362686238623826e-05    3.6242141962977774e-05    3.608836416845023e-05    3.531912283922208e-05
8331.894905678679    3.5887413114721905e-05    3.8572397159497485e-05    3.826504092099195e-05    3.757495039840378e-05
8331.994905678677    3.82969278962423e-05    4.103785876806217e-05    4.057606232755941e-05    3.997028299728796e-05
8332.094905678676    4.085378424972141e-05    4.363636068558657e-05    4.3024820140071416e-05    4.25049883584598e-05
8332.194905678674    4.355133862221679e-05    4.636095011712876e-05    4.561163200257736e-05    4.517464024730764e-05
8332.294905678673    4.638156016673335e-05    4.9204928869688304e-05    4.83379909020734e-05    4.797482664616501e-05
8332.394905678671    4.932982426629322e-05    5.215585488028446e-05    5.120040234457588e-05    5.089536049705119e-05
8332.49490567867    5.2379630560958904e-05    5.520091231197454e-05    5.4195485574139076e-05    5.392534281569084e-05
8332.594905678669    5.551032293063565e-05    5.832411687366044e-05    5.731685372366652e-05    5.705043117598754e-05
8332.694905678667    5.869832196338794e-05    6.150770943440261e-05    6.055592744521793e-05    6.025398628100283e-05
8332.794905678666    6.1916782864228e-05    6.473142500821042e-05    6.390057947180566e-05    6.351626244808135e-05
8332.894905678664    6.51385019111585e-05    6.797519134808431e-05    6.733728463543504e-05    6.681699263155928e-05
8332.994905678663    6.833598775924004e-05    7.121864141708536e-05    7.085033032417814e-05    7.013498650016785e-05
8333.094905678661    7.148055836236092e-05    7.44393531951033e-05    7.441893433792627e-05    7.344628196513017e-05
8333.19490567866    7.454795520756622e-05    7.76182045941871e-05    7.802288373974113e-05    7.672968118049815e-05
8333.294905678658    7.751506232385339e-05    8.073454080634307e-05    8.1637530199639e-05    7.996237777661182e-05
8333.394905678657    8.036595574019894e-05    8.377190487355787e-05    8.523926800961762e-05    8.31257095411248e-05
8333.494905678655    8.308746747464374e-05    8.671302535388876e-05    8.880088617275555e-05    8.620045966709602e-05
8333.594905678654    8.567232005406654e-05    8.954320157121868e-05    9.229551606992228e-05    8.91703458984025e-05
8333.694905678653    8.811927279549862e-05    9.22507083815934e-05    9.569759834118025e-05    9.202252650609075e-05
8333.794905678651    9.042874690893426e-05    9.482337586501507e-05    9.897974384553725e-05    9.474395553982886e-05
8333.89490567865    9.260542001935846e-05    9.725210628747357e-05    0.00010211752139898436    9.73250159019388e-05
8333.994905678648    9.465460399880604e-05    9.952841715700867e-05    0.00010508672966957616    9.975658360846362e-05
8334.094905678647    9.658272506119597e-05    0.00010164570896252842    0.0001078660574001922    0.00010203149714130554
8334.194905678645    9.83944088705739e-05    0.0001035968059130794    0.00011043501035088785    0.00010414207504484705
8334.294905678644    0.00010009562768393479    0.0001053765570736548    0.00011277647027165219    0.00010608288500974725
8334.394905678642    0.00010169238599427817    0.00010698083154425122    0.00011487702837247285    0.00010785008197033408
8334.49490567864    0.00010318925303463611    0.0001084038049649009    0.00011672424542338066    0.00010943910114097257
8334.59490567864    0.00010459327753494326    0.00010964179163554127    0.00011831075947428602    0.00011084860954825686
8334.694905678638    0.00010591436156521795    0.0001106923809661971    0.0001196338186252108    0.00011208018705220863
8334.794905678636    0.00010716339526545604    0.00011155287067686956    0.00012069351824614483    0.00011313659472949015
8334.894905678635    0.00010835649579563783    0.00011222437997754485    0.00012149702206706225    0.00011402596594674832
8334.994905678634    0.00010951046371578089    0.0001127081124982314    0.00012205351545796538    0.00011475736389065921
8335.094905678632    0.00011064654490582563    0.00011301028444888971    0.00012237873035880504    0.00011534518657117347
8335.19490567863    0.00011178852954578317    0.00011314129612951623    0.00012249324699957714    0.00011580769089162551
8335.29490567863    0.00011296256974564344    0.00011311622858009302    0.00012242208998026406    0.00011616696276866682
8335.394905678628    0.00011419570205540174    0.00011295456650060283    0.0001221937380008515    0.00011644800218561868
8335.494905678626    0.0001155137462250851    0.00011267864417102889    0.00012183782615132718    0.00011667673884914704
8335.594905678625    0.00011694188080464861    0.00011231399562136638    0.00012138637124169165    0.00011688074922256889
8335.694905678623    0.00011850498328411444    0.00011189072093159376    0.00012087382456192989    0.00011708984292587937
8335.794905678622    0.00012021045293354736    0.00011142719037175376    0.00012032122702209074    0.00011731962344246396
8335.89490567862    0.00012206085364296536    0.00011094545807183139    0.00011975038865217015    0.00011758556678898897
8335.994905678619    0.00012405182478243093    0.00011047259617179767    0.00011918386843215373    0.00011790276312879414
8336.094905678618    0.00012613025280206066    0.00011000711566177808    0.00011860838978219826    0.00011824858608201232
8336.194905678616    0.0001282517830218574    0.00010957756483164865    0.00011803189297221264    0.0001186204136085729
8336.294905678615    0.0001303030953620896    0.00010917819897154005    0.00011741327131238557    0.00011896485521533841
8336.394905678613    0.00013218257731271803    0.00010884508138129064    0.00011674278297259777    0.00011925681388886881
8336.494905678612    0.00013376066611388578    0.00010861167286090433    0.00011599834260288429    0.0001194568938592248
8336.59490567861    0.00013489600483558055    0.00010851577522037329    0.00011516357079324947    0.00011952511694973445
8336.694905678609    0.0001354890504976807    0.00010862547673957098    0.0001142698219034953    0.00011946144971358232
8336.794905678607    0.0001354505893401511    0.00010899177709856081    0.00011336250748356486    0.0001192682913074256
8336.894905678606    0.00013471952784288566    0.00010963595648745729    0.00011250221240339576    0.00011895256557791291
8336.994905678604    0.00013328796486565067    0.00011056614572632835    0.00011177989214285116    0.00011854466757827672
8337.094905678603    0.0001311790225883628    0.00011173779049535397    0.00011126731639203257    0.00011806137649191644
8337.194905678602    0.00012846475016081252    0.0001130812785546481    0.00011102197001097735    0.00011752266624214598
8337.2949056786    0.00012524370840288988    0.00011448708797437426    0.00011104399208991186    0.00011692492948905866
8337.394905678599    0.00012165688273441892    0.00011585119908451633    0.00011129657043898465    0.00011626821741930664
8337.494905678597    0.00011783955048534555    0.00011705045780517902    0.00011166671072851205    0.00011551890633967889
8337.594905678596    0.00011393572153576427    0.0001179887796762109    0.00011201404521859741    0.00011464618214352421
8337.694905678594    0.00011005160218575533    0.00011857009629764198    0.00011216512490938716    0.00011359560779759482
8337.794905678593    0.00010627337186539453    0.00011872826312935555    0.00011197468716077595    0.00011232544071850868
8337.894905678591    0.00010265357593481483    0.00011842269894125059    0.00011134663614257044    0.00011080763700621195
8337.99490567859    9.922455994503402e-05    0.00011764685994317531    0.0001102560885044633    0.00010904250279755755
8338.094905678588    9.598404001432151e-05    0.00011640993597508489    0.0001087242175762974    0.00010703939785523459
8338.194905678587    9.292745469162097e-05    0.00011475804843682083    0.00010682386468784676    0.00010483645593876286
8338.294905678586    9.003471113399707e-05    0.00011274684171834107    0.00010463702049906949    0.00010247285778380254
8338.394905678584    8.72833859954606e-05    0.0001104393294396119    0.0001022439736099682    9.99888963483469e-05
8338.494905678583    8.465013631396876e-05    0.00010789748039058803    9.97125526505446e-05    9.742005645170046e-05
8338.594905678581    8.209308073269789e-05    0.0001051536228914794    9.70731492920424e-05    9.477328430540656e-05
8338.69490567858    7.958887583952234e-05    0.00010224250455223214    9.435512619442077e-05    9.20621688620584e-05
8338.794905678578    7.710043028050138e-05    9.917206914895741e-05    9.155921931179889e-05    8.927723958041923e-05
8338.894905678577    7.459489686161907e-05    9.593825062670571e-05    8.867522292022308e-05    8.640279013618263e-05
8338.994905678575    7.203823199283578e-05    9.25276137324551e-05    8.568309437568137e-05    8.341631336699075e-05
8339.094905678574    6.938642350228725e-05    8.891239026738796e-05    8.254634417035136e-05    8.028171931334219e-05
8339.194905678572    6.660299263389813e-05    8.506752664143535e-05    7.92290737771801e-05    7.696653101750453e-05
8339.294905678571    6.365139415367067e-05    8.097096588458578e-05    7.569377825317636e-05    7.343871276381094e-05
8339.39490567857    6.0506599323557226e-05    7.661434119678144e-05    7.191254691030091e-05    6.967782914354652e-05
8339.494905678568    5.715245783745972e-05    7.20039321018755e-05    6.786883700343246e-05    6.567507564758922e-05
8339.594905678567    5.3614463920316664e-05    6.719174962083288e-05    6.359194026851552e-05    6.146605126988836e-05
8339.694905678565    4.9929983322017855e-05    6.224535794450387e-05    5.913031730939639e-05    5.7101886191972704e-05
8339.794905678564    4.619783976929295e-05    5.729882865459444e-05    5.4606316821749864e-05    5.2700995081879086e-05
8339.894905678562    4.249236983924391e-05    5.24091719454351e-05    5.0106995724723964e-05    4.8336179169801e-05
8339.99490567856    3.8921659000653155e-05    4.7763338471366233e-05    4.57684652220191e-05    4.415115423134616e-05
8340.09490567856    3.5567944909762895e-05    4.3438642441037116e-05    4.169428992793433e-05    4.023362575957812e-05
8340.194905678558    3.248565790762415e-05    3.9491764931445766e-05    3.795291621453741e-05    3.664344635120244e-05
8340.294905678556    2.9699313943366724e-05    3.594381573674699e-05    3.457548220699018e-05    3.340620396236796e-05
8340.394905678555    2.7208934268098436e-05    3.2787321412066995e-05    3.15624620184276e-05    3.051957256619768e-05
8340.494905678554    2.4998235077852035e-05    2.999633677043809e-05    2.889387759589261e-05    2.796281648139424e-05
8340.594905678552    2.3042174698752813e-05    2.753550469701152e-05    2.653874141653856e-05    2.570547360410096e-05
8340.69490567855    2.131247634677137e-05    2.5366556222744876e-05    2.4461978050330698e-05    2.371367020661565e-05
8340.79490567855    1.978106473890834e-05    2.3452272591635515e-05    2.2628736041269926e-05    2.1954024457271258e-05
8340.894905678548    1.8421899721156043e-05    2.1758533165671424e-05    2.1006690794346704e-05    2.0395707893724725e-05
8340.994905678546    1.7211760359481065e-05    2.025512757980935e-05    1.956703075752063e-05    1.9011306232270348e-05
8341.094905678545    1.6130417137917378e-05    1.8915858412090292e-05    1.8284675462831477e-05    1.7776983670946384e-05
8341.194905678543    1.5160485263428384e-05    1.7718282598467727e-05    1.713809308423491e-05    1.6672286982043675e-05
8341.294905678542    1.4287136092003305e-05    1.6643299813927563e-05    1.610893971371749e-05    1.567979187321612e-05
8341.39490567854    1.349776524563272e-05    1.5674702404457527e-05    1.5181644144267454e-05    1.4784703931452566e-05
8341.494905678539    1.278166789329551e-05    1.4798744467031195e-05    1.434300156885947e-05    1.3974471309728724e-05
8341.594905678538    1.212974405901204e-05    1.4003755186673036e-05    1.3581804897516906e-05    1.3238434714400662e-05
8341.694905678536    1.1534241869762191e-05    1.3279804150357991e-05    1.2888523636215732e-05    1.2567523218778638e-05
8341.794905678535    1.0988539042541127e-05    1.2618417662079821e-05    1.2255030717949931e-05    1.1953995807523625e-05
8341.894905678533    1.0486959485344786e-05    1.2012341230833287e-05    1.167437334371446e-05    1.1391224686630844e-05
8341.994905678532    1.0024620562161344e-05    1.1455342083603861e-05    1.1140582259495368e-05    1.087351496842019e-05
8342.09490567853    9.597306418505383e-06    1.0942045534408896e-05    1.0648513679309274e-05    1.0395955210741186e-05
8342.194905678529    9.201363065165362e-06    1.0467799557234259e-05    1.0193718467142624e-05    9.954293696514083e-06
8342.294905678527    8.833611482539235e-06    1.0028562655077314e-05    9.772333871292884e-06    9.544836002969812e-06
8342.394905678526    8.491275540725262e-06    9.620810877835827e-06    9.380993806057911e-06    9.164360074873e-06
8342.494905678524    8.17192208691615e-06    9.241460553300988e-06    9.01675434102925e-06    8.810045660415462e-06
8342.594905678523    7.873411009022629e-06    8.88780389488544e-06    8.677031667819034e-06    8.479415523909036e-06
8342.694905678522    7.593853488337387e-06    8.55745518058037e-06    8.359550292018814e-06    8.17028632031219e-06
8342.79490567852    7.3315769824594865e-06    8.248305619784577e-06    8.062299627627437e-06    7.880727409957166e-06
8342.894905678519    7.085095754288119e-06    7.958485378397027e-06    7.783497508643916e-06    7.609026213776354e-06
8342.994905678517    6.8530859803183625e-06    7.686331516611869e-06    7.521559408962626e-06    7.353658968630952e-06
8343.094905678516    6.634364654832176e-06    7.430360826037644e-06    7.2750723885433134e-06    7.113265956471044e-06
8343.194905678514    6.427871643953836e-06    7.189246734984367e-06    7.042772960060019e-06    6.88663044633274e-06
8343.294905678513    6.232654375871407e-06    6.961799615451182e-06    6.823528230691042e-06    6.67266074067121e-06
8343.394905678511    6.047854723182328e-06    6.746949922834065e-06    6.61631976893263e-06    6.470374804983008e-06
8343.49490567851    5.872697736474164e-06    6.543733722117607e-06    6.420229765270061e-06    6.2788870746206105e-06
8343.594905678508    5.706481930539247e-06    6.351280220892088e-06    6.234429119694075e-06    6.097397090375136e-06
8343.694905678507    5.54857088597079e-06    6.168800997748913e-06    6.05816715539649e-06    5.925179679705397e-06
8343.794905678506    5.39838596366003e-06    5.995580667177309e-06    5.890762711167003e-06    5.761576447334781e-06
8343.894905678504    5.2553999673071935e-06    5.8309687673769555e-06    5.731596402705409e-06    5.605988379129852e-06
8343.994905678503    5.119131614404618e-06    5.674372688838498e-06    5.580103882602758e-06    5.457869395281957e-06
8344.094905678501    4.989140698448015e-06    5.525251494956542e-06    5.4357699516539175e-06    5.316720715019492e-06
8344.1949056785    4.8650238456335425e-06    5.383110506726262e-06    5.298123401954299e-06    5.182085918104702e-06
8344.294905678498    4.746410782255588e-06    5.247496546440856e-06    5.166732487997393e-06    5.053546605564613e-06
8344.394905678497    4.63296104411545e-06    5.117993747701478e-06    5.041200940084384e-06    4.9307185773004375e-06
8344.494905678495    4.524361067308062e-06    4.994219857202031e-06    4.921164445209431e-06    4.813248456573174e-06
8344.594905678494    4.420321611530888e-06    4.875822962439349e-06    4.806287535569522e-06    4.7008107031799195e-06
8344.694905678492    4.3205754710816254e-06    4.762478590010569e-06    4.696260829161938e-06    4.593104963418044e-06
8344.794905678491    4.224875438856448e-06    4.653887125911119e-06    4.590798577882292e-06    4.489853714216619e-06
