4.464506277243000113e+03 2.345795713899999791e-03 2.309384379700000003e-03 2.324374268699999895e-03 2.326518120766666708e-03
4.464606277242999568e+03 2.524610895099999811e-03 2.481219116299999798e-03 2.499310679700000089e-03 2.501713563700000333e-03
4.464706277242999022e+03 2.730870515598123917e-03 2.678585800898204781e-03 2.700711490198168252e-03 2.703389268898165939e-03
4.464806277242998476e+03 2.973973752195577941e-03 2.910138787095787900e-03 2.937614049495690816e-03 2.940575529595685841e-03
4.464906277242997930e+03 3.264985525394706670e-03 3.185901690794984246e-03 3.220585709594852696e-03 3.223824308594847726e-03
4.465006277242997385e+03 3.617587615590379252e-03 3.518108702190935431e-03 3.562618572590667623e-03 3.566104963457327436e-03
4.465106277242996839e+03 4.050327995888192492e-03 3.923354156688942627e-03 3.981307543188575618e-03 3.984996565255237780e-03
4.465206277242996293e+03 4.586334380480499608e-03 4.422410703481844708e-03 4.498529677081183030e-03 4.502424920347841870e-03
4.465306277242995748e+03 5.255347199969576111e-03 5.043027015171778170e-03 5.142572461870712451e-03 5.146982225670688332e-03
4.465406277242995202e+03 6.094610306661835120e-03 5.823364210564514754e-03 5.949514413763304366e-03 5.955829643663217501e-03
4.465506277242994656e+03 7.144645725442700518e-03 6.813390058545974390e-03 6.960164589844848766e-03 6.972733457944508759e-03
4.465606277242994111e+03 8.448032555128874577e-03 8.079644807030900849e-03 8.219962019231252803e-03 8.249213127130342743e-03
4.465706277242993565e+03 1.006131594389728968e-02 9.710566090496168187e-03 9.789058147200104323e-03 9.853646727197854643e-03
4.465806277242993019e+03 1.208427068685281013e-02 1.181986252084652952e-02 1.176648474885612361e-02 1.189020598551848718e-02
4.465906277242992473e+03 1.464930762281337062e-02 1.452206158780338860e-02 1.428101438781704396e-02 1.448412786614459991e-02
4.466006277242991928e+03 1.780473096374171268e-02 1.783497761672882265e-02 1.739026478374549461e-02 1.767665778807201230e-02
4.466106277242991382e+03 2.132466045171187846e-02 2.150696268369943140e-02 2.091422098271154828e-02 2.124861470604095387e-02
4.466206277242990836e+03 2.462028423470026539e-02 2.492561897468907606e-02 2.435564445568700470e-02 2.463384922169211538e-02
4.466306277242990291e+03 2.713115247574880012e-02 2.751024060774142146e-02 2.723831837671160730e-02 2.729323715340060616e-02
4.466406277242989745e+03 2.893954679781907818e-02 2.934095631481684757e-02 2.961196250176252945e-02 2.929748853813281956e-02
4.466506277242989199e+03 3.059965778081881471e-02 3.098926939882010526e-02 3.184749504975601525e-02 3.114547407646497956e-02
4.466606277242988654e+03 3.227898385281671723e-02 3.263865278381998525e-02 3.385400192678100773e-02 3.292387952113923905e-02
4.466706277242988108e+03 3.334513017387395056e-02 3.365550834487977122e-02 3.475583511689336880e-02 3.391882454521570611e-02
4.466806277242987562e+03 3.270143646608196508e-02 3.293900369209123297e-02 3.345852042016518590e-02 3.303298685944612567e-02
4.466906277242987017e+03 2.975081106637569861e-02 2.991103938138554852e-02 2.978221067146809981e-02 2.981468703974311449e-02
4.467006277242986471e+03 2.518293396662316802e-02 2.528636442263091852e-02 2.480595645067888017e-02 2.509175161331098775e-02
4.467106277242985925e+03 2.033807352366095306e-02 2.040892136266540119e-02 1.987076893567327890e-02 2.020592127399988003e-02
4.467206277242985379e+03 1.611589467961440855e-02 1.616920502261696285e-02 1.570836121760570830e-02 1.599782030661236337e-02
4.467306277242984834e+03 1.276959316351738635e-02 1.281255164051898522e-02 1.245582841250288814e-02 1.267932440551308541e-02
4.467406277242984288e+03 1.021773697939455314e-02 1.025363953639564334e-02 9.987202420481684773e-03 1.015285964542396099e-02
4.467506277242983742e+03 8.287961848215921051e-03 8.318499444516800137e-03 8.120826810605542151e-03 8.242429367779420535e-03
4.467606277242983197e+03 6.820285481540271783e-03 6.846508239040978265e-03 6.698866959032787581e-03 6.788553559871345587e-03
4.467706277242982651e+03 5.690789663695181196e-03 5.713449778495796258e-03 5.601787557789578847e-03 5.668675666660186879e-03
4.467806277242982105e+03 4.809737085960262039e-03 4.829421723860803303e-03 4.743715922556082654e-03 4.794291577459049332e-03
4.467906277242981560e+03 4.112142911526891348e-03 4.129326619027346747e-03 4.062538513823905385e-03 4.101336014792714493e-03
4.468006277242981014e+03 3.552040639206976210e-03 3.567112945507379309e-03 3.514293820104711502e-03 3.544482468273022196e-03
4.468106277242980468e+03 3.096730225386961494e-03 3.110012230687303567e-03 3.067655263985304831e-03 3.091465906686523008e-03
4.468206277242979922e+03 2.722179327774943390e-03 2.733936840075248259e-03 2.699527421173658192e-03 2.718547863007950670e-03
4.468306277242979377e+03 2.410770711465141589e-03 2.421224124065414224e-03 2.392936197464134041e-03 2.408310344331563574e-03
4.468406277242978831e+03 2.149178139454721061e-03 2.158511334454955161e-03 2.134999667053956180e-03 2.147563046987877467e-03
4.468506277242978285e+03 1.927458833748396660e-03 1.935825287348607541e-03 1.916086268347784102e-03 1.926456796481596173e-03
4.468606277242977740e+03 1.738044738041345056e-03 1.745573196641527977e-03 1.728848366640870068e-03 1.737488767107914656e-03
4.468706277242977194e+03 1.575014532637068797e-03 1.581813367437234774e-03 1.567522713036681144e-03 1.574783537703661716e-03
4.468806277242976648e+03 1.433683895633420342e-03 1.439844853533571098e-03 1.427539379833101842e-03 1.433689376333364355e-03
4.468906277242976103e+03 1.310438197129143879e-03 1.316039352329275965e-03 1.305367537428889788e-03 1.310615028962436399e-03
4.469006277242975557e+03 1.202322797826549210e-03 1.207430569626670273e-03 1.198114910426337524e-03 1.202622759293185597e-03
4.469106277242975011e+03 1.106922271123426862e-03 1.111593617423534087e-03 1.103412619023255411e-03 1.107309502523405598e-03
4.469206277242974465e+03 1.022400900321524062e-03 1.026684852521622671e-03 1.019460164121379058e-03 1.022848638988175336e-03
4.469306277242973920e+03 9.471745985298412034e-04 9.511133971399322266e-04 9.447003344697181212e-04 9.476627767131638866e-04
4.469406277242973374e+03 8.799066574977421930e-04 8.835368826578235456e-04 8.778171801476406487e-04 8.804202401010687235e-04
4.469506277242972828e+03 8.195130158264783780e-04 8.228666599365538686e-04 8.177426772563911508e-04 8.200407843398077991e-04
4.469606277242972283e+03 7.651256599248394555e-04 7.682305753749073957e-04 7.636213732347669038e-04 7.656592028448379545e-04
4.469706277242971737e+03 7.159550049238633989e-04 7.188355817839266150e-04 7.146736064738005208e-04 7.164880643938635477e-04
4.469806277242971191e+03 6.713324767429868466e-04 6.740102803830458345e-04 6.702386401729322181e-04 6.718604657663215969e-04
4.469906277242970646e+03 6.307654973518064768e-04 6.332593535118601416e-04 6.298301639917604439e-04 6.312850049518090208e-04
4.470006277242970100e+03 5.937581543111070809e-04 5.960847384611573296e-04 5.929573291010667869e-04 5.942667406244436963e-04
4.470106277242969554e+03 5.598968846501628516e-04 5.620711290702086558e-04 5.592106419601284824e-04 5.603928852268332938e-04
4.470206277242969009e+03 5.288660885095956095e-04 5.309012568996385704e-04 5.282777988995652737e-04 5.293483814362664845e-04
4.470306277242968463e+03 5.003259122990849411e-04 5.022337056591254668e-04 4.998216574290582524e-04 5.007937584624229952e-04
4.470406277242967917e+03 4.740231243083727975e-04 4.758141513484099553e-04 4.735912134783497839e-04 4.744761630450441427e-04
4.470506277242967371e+03 4.497351075579523343e-04 4.514187933379874601e-04 4.493656578879318673e-04 4.501731862612905720e-04
4.470606277242966826e+03 4.272648632273571699e-04 4.288496353273895203e-04 4.269495375773394493e-04 4.276880120440287132e-04
4.470706277242966280e+03 4.064414520570073402e-04 4.079349971270380439e-04 4.061731601569915258e-04 4.068498697803456005e-04
4.470806277242965734e+03 3.870948950366863038e-04 3.885041197467154926e-04 3.868676104366721249e-04 3.874888750733579195e-04
4.470906277242965189e+03 3.690999258462192008e-04 3.704311454862461560e-04 3.689085030762068174e-04 3.694798581362241123e-04
4.471006277242964643e+03 3.523233036559506796e-04 3.535821178659763822e-04 3.521633385059395969e-04 3.526895866759555348e-04
4.471106277242964097e+03 3.366663012655536332e-04 3.378578768155773935e-04 3.365340302155437583e-04 3.370194027655582978e-04
4.471206277242963552e+03 3.220458818553188817e-04 3.231748690653416293e-04 3.219380713453099969e-04 3.223862740886567998e-04
4.471306277242963006e+03 3.083682705951003083e-04 3.094389934951219867e-04 3.082821504350921724e-04 3.086964715084381558e-04
4.471406277242962460e+03 2.955254647247889657e-04 2.965418858148092455e-04 2.954586606447817893e-04 2.958420037281266849e-04
4.471506277242961914e+03 2.834757422146028669e-04 2.844413633746222447e-04 2.834262075745962715e-04 2.837811043879404972e-04
4.471606277242961369e+03 2.721353223243318936e-04 2.730533853643500662e-04 2.721012978143259506e-04 2.724300018343360063e-04
4.471706277242960823e+03 2.614638536741734250e-04 2.623374402241908333e-04 2.614438452241679288e-04 2.617483797075106748e-04
4.471806277242960277e+03 2.514261837240168635e-04 2.522580983840335008e-04 2.514189106140117644e-04 2.517010642406873220e-04
4.471906277242959732e+03 2.419306964537998870e-04 2.427234558338155451e-04 2.419350679337952336e-04 2.421964067404702129e-04
4.472006277242959186e+03 2.329695039436675830e-04 2.337255188136826102e-04 2.329846058036631653e-04 2.332265428536710924e-04
4.472106277242958640e+03 2.245104449034620838e-04 2.252318891134762018e-04 2.245355038934579829e-04 2.247592793034654409e-04
4.472206277242958095e+03 2.165075032333481733e-04 2.171963343533618227e-04 2.165418763833442848e-04 2.167485713233514269e-04
4.472306277242957549e+03 2.089298457532391489e-04 2.095880280532522665e-04 2.089730233832353908e-04 2.091636323965755931e-04
4.472406277242957003e+03 2.017382749130741291e-04 2.023675711330864715e-04 2.017898524130705374e-04 2.019652328197437036e-04
4.472506277242956457e+03 1.949123996329798862e-04 1.955144144229918125e-04 1.949720700029763595e-04 1.951329613529826951e-04
4.472606277242955912e+03 1.884225034228331980e-04 1.889988313828444403e-04 1.884900601928297579e-04 1.886371316661691411e-04
4.472706277242955366e+03 1.822757016927393397e-04 1.828277117727501581e-04 1.823510099927358626e-04 1.824848078194084354e-04
4.472806277242954820e+03 1.764194700926630989e-04 1.769485335426735436e-04 1.765024933626596030e-04 1.766234989993320818e-04
4.472906277242954275e+03 1.708114888125502120e-04 1.713189875925600063e-04 1.709022742825466918e-04 1.710109168958856367e-04
4.473006277242953729e+03 1.654824676624718166e-04 1.659695492424812988e-04 1.655811254324681900e-04 1.656777141124737775e-04
4.473106277242953183e+03 1.604139636623509908e-04 1.608817690223599320e-04 1.605206867923472376e-04 1.606054731590193959e-04
4.473206277242952638e+03 1.555737608122891144e-04 1.560234544922976720e-04 1.556888329122851672e-04 1.557620160722906512e-04
4.473306277242952092e+03 1.509547359822265163e-04 1.513873811922347387e-04 1.510785078822223274e-04 1.511402083522278789e-04
4.473406277242951546e+03 1.465250739921352243e-04 1.469417153021429447e-04 1.466579939421308457e-04 1.467082610788030049e-04
4.473506277242951001e+03 1.423044501120728563e-04 1.427060245320802641e-04 1.424470403920681083e-04 1.424858383454070943e-04
4.473606277242950455e+03 1.382627608519849840e-04 1.386502324819918915e-04 1.384156429019799117e-04 1.384428787453189291e-04
4.473706277242949909e+03 1.343864923719389939e-04 1.347608963619455148e-04 1.345504040519334766e-04 1.345659309286059951e-04
4.473806277242949363e+03 1.306708292418924590e-04 1.310331500518986040e-04 1.308466172218863944e-04 1.308501988385591525e-04
4.473906277242948818e+03 1.271059161518156490e-04 1.274570520918213718e-04 1.272945430618091360e-04 1.272858371018153675e-04
4.474006277242948272e+03 1.237151345317578216e-04 1.240560939417631068e-04 1.239177119517505916e-04 1.238963134750904976e-04
4.474106277242947726e+03 1.204454072916950701e-04 1.207771980516998223e-04 1.206632055916871817e-04 1.206286036450273671e-04
4.474206277242947181e+03 1.172896121516646937e-04 1.176132281016690231e-04 1.175240703616559090e-04 1.174756368716632041e-04
4.474306277242946635e+03 1.142675848116216233e-04 1.145841340416254276e-04 1.145203513416118043e-04 1.144573567316196320e-04
4.474406277242946089e+03 1.113593991615605372e-04 1.116700279515637183e-04 1.116323625415497099e-04 1.115539298848913173e-04
4.474506277242945544e+03 1.085720400715210559e-04 1.088779602115236094e-04 1.088673477415088599e-04 1.087724493415178327e-04
4.474606277242944998e+03 1.058987641214587967e-04 1.062013424314606235e-04 1.062188822914452579e-04 1.061063296147882261e-04
4.474706277242944452e+03 1.033054044014387830e-04 1.036060581914398501e-04 1.036531770014234382e-04 1.035215465314340147e-04
4.474806277242943906e+03 1.008127665014055561e-04 1.011130538114057766e-04 1.011914602713881288e-04 1.010390935280664826e-04
4.474906277242943361e+03 9.843379624134146737e-05 9.873555183434064276e-05 9.884719988832190211e-05 9.867218265466799504e-05
4.475006277242942815e+03 9.611872018532649899e-05 9.642390769032452280e-05 9.657124262930407972e-05 9.637129016831837169e-05
4.475106277242942269e+03 9.389287496527537794e-05 9.420377436327209187e-05 9.438964611125001290e-05 9.416209847993247165e-05
4.475206277242941724e+03 9.174715324724897099e-05 9.206640912124410762e-05 9.229421512321970135e-05 9.203592583057093569e-05
4.475306277242941178e+03 8.966796236622915403e-05 8.999853017922246573e-05 9.027243899819520985e-05 8.997964384788227654e-05
4.475406277242940632e+03 8.766379740618480151e-05 8.800925299317600026e-05 8.833413723314586586e-05 8.800239587750222255e-05
4.475506277242940087e+03 8.572123092916606336e-05 8.608576779915460447e-05 8.646755818712043744e-05 8.609151897181369724e-05
4.475606277242939541e+03 8.386593444911367968e-05 8.425450281409924570e-05 8.470042501006075386e-05 8.427362075775788404e-05
4.475706277242938995e+03 8.206416963909792710e-05 8.248282008907959937e-05 8.300160131803520087e-05 8.251619701540424245e-05
4.475806277242938449e+03 8.031216140108353777e-05 8.076815096506044956e-05 8.137065396200867924e-05 8.081698877605089789e-05
4.475906277242937904e+03 7.863949856903446327e-05 7.914176639700584205e-05 7.984140395894577188e-05 7.920755630832869692e-05
4.476006277242937358e+03 7.701494394801948592e-05 7.757460399898347765e-05 7.838820641191194519e-05 7.765925145297162722e-05
4.476106277242936812e+03 7.544864222898293928e-05 7.607954489893822771e-05 7.702851796785328234e-05 7.618556836525814074e-05
4.476206277242936267e+03 7.393808788696168790e-05 7.465789350490508759e-05 7.576960279980148808e-05 7.478852806388942571e-05
4.476306277242935721e+03 7.246544194795095093e-05 7.329678103087892559e-05 7.460688389775080580e-05 7.345636895886023196e-05
4.476406277242935175e+03 7.104732755391572586e-05 7.201964571782469885e-05 7.357503462366630598e-05 7.221400263180223001e-05
4.476506277242934630e+03 6.968565205289166929e-05 7.083781915777390646e-05 7.270114309757225125e-05 7.107487143607926663e-05
4.476606277242934084e+03 6.838149581185401092e-05 6.976544422370222290e-05 7.202144043144509237e-05 7.005612682233377088e-05
4.476706277242933538e+03 6.713119716983010970e-05 6.881730590862949787e-05 7.158189852329182624e-05 6.917680053391714009e-05
4.476806277242932993e+03 6.592169670181401901e-05 6.800627634254583702e-05 7.143872650509636016e-05 6.845556651648540992e-05
4.476906277242932447e+03 6.477341150777281514e-05 6.738890837341550790e-05 7.170649038081979378e-05 6.795627008733603894e-05
4.477006277242931901e+03 6.369527092673542496e-05 6.702208643125021471e-05 7.251051493945156155e-05 6.774262409914572471e-05
4.477106277242931355e+03 6.269418264668285949e-05 6.696883729903632481e-05 7.396723562100634009e-05 6.787675185557516576e-05
4.477206277242930810e+03 6.176829695663999171e-05 6.726887080479260705e-05 7.607474853054325720e-05 6.837063876399194747e-05
4.477306277242930264e+03 6.088305338061994487e-05 6.784752556859476459e-05 7.846649160332504138e-05 6.906569018417991243e-05
4.477406277242929718e+03 5.999905564161907171e-05 6.841985468959920185e-05 8.021863776777295651e-05 6.954584936633040099e-05
4.477506277242929173e+03 5.904625861467592210e-05 6.840655690400943457e-05 8.010726771207901057e-05 6.918669441025478682e-05
4.477606277242928627e+03 5.794367884278217546e-05 6.723921095882812215e-05 7.759758841878038483e-05 6.759349274013023426e-05
4.477706277242928081e+03 5.674329865986247484e-05 6.499435434461293189e-05 7.347260282996380767e-05 6.507008527814641384e-05
4.477806277242927536e+03 5.552875899788369549e-05 6.226273711098751710e-05 6.896856327227712249e-05 6.225335312704944051e-05
4.477906277242926990e+03 5.435539396385373798e-05 5.959212114194313077e-05 6.487684924797711085e-05 5.960812145125800223e-05
4.478006277242926444e+03 5.323371783382633285e-05 5.721871405174846809e-05 6.143096192953854571e-05 5.729446460503778222e-05
4.478106277242925898e+03 5.214153423680460307e-05 5.515087543852335541e-05 5.856659991211014967e-05 5.528633652914603379e-05
4.478206277242925353e+03 5.108430901978846443e-05 5.334986891034316592e-05 5.617282725578523993e-05 5.353566839530563020e-05
4.478306277242924807e+03 5.006158840477202999e-05 5.175932243320067360e-05 5.413726643353660356e-05 5.198605909050310012e-05
4.478406277242924261e+03 4.902454976278284091e-05 5.028283270111457462e-05 5.232322909736937826e-05 5.054353718708893352e-05
4.478506277242923716e+03 4.795539415081681350e-05 4.886750703108127609e-05 5.064903605127903672e-05 4.915731241105904210e-05
4.478606277242923170e+03 4.686928909882976318e-05 4.750291176404251468e-05 4.908442998819531779e-05 4.781887695035586747e-05
4.478706277242922624e+03 4.571590757289164831e-05 4.612052950706867698e-05 4.754633862818904917e-05 4.646092523604978245e-05
4.478806277242922079e+03 4.447676681996921573e-05 4.468902865911967231e-05 4.599337227321468100e-05 4.505305591743451849e-05
4.478906277242921533e+03 4.313974404204577701e-05 4.318652838017520096e-05 4.439615672924928887e-05 4.357414305049009347e-05
4.479006277242920987e+03 4.181539881504789966e-05 4.171724245616258966e-05 4.285335222322075497e-05 4.212866449814374584e-05
4.479106277242920441e+03 4.068431187989498247e-05 4.045641310999763995e-05 4.153621925704219280e-05 4.089231474897827174e-05
4.479206277242919896e+03 3.980261411970567327e-05 3.945643611880033736e-05 4.049403853083411776e-05 3.991769625644671398e-05
4.479306277242919350e+03 3.911614569355565893e-05 3.866012027164457827e-05 3.966735817566915549e-05 3.914787471362313767e-05
4.479406277242918804e+03 3.842043717156313890e-05 3.786061680564715981e-05 3.884755558666359203e-05 3.837620318795796810e-05
4.479506277242918259e+03 3.761926277065580024e-05 3.695976638773738697e-05 3.793519031674681349e-05 3.750473982504666238e-05
4.479606277242917713e+03 3.687482646260935402e-05 3.611813689568890582e-05 3.708981829069197791e-05 3.669426054966341258e-05
4.479706277242917167e+03 3.644435304235627319e-05 3.559175370043565241e-05 3.656666560843298275e-05 3.620092411707496945e-05
4.479806277242916622e+03 3.641398181802541157e-05 3.546590845810529841e-05 3.645032750909734141e-05 3.611007259507601939e-05
4.479906277242916076e+03 3.666604160078909530e-05 3.562144293786986409e-05 3.662148009285679347e-05 3.630298821050524644e-05
4.480006277242915530e+03 3.699455025272214238e-05 3.585149087680541659e-05 3.687290935878733582e-05 3.657298349610496493e-05
4.480106277242914985e+03 3.722480327180524063e-05 3.598084504589058752e-05 3.702910963186788180e-05 3.674491931652123665e-05
4.480206277242914439e+03 3.733587521090504530e-05 3.598757765599424550e-05 3.706814021796663033e-05 3.679719769495530253e-05
4.480306277242913893e+03 3.733914185599717333e-05 3.588198926509122885e-05 3.700044462805849053e-05 3.674052524971562638e-05
4.480406277242913347e+03 3.726003787406834860e-05 3.568864063816705543e-05 3.685067383212940479e-05 3.659978411478826961e-05
4.480506277242912802e+03 3.712929771611415481e-05 3.543745092821931782e-05 3.664889547317617935e-05 3.640521470583654614e-05
4.480606277242912256e+03 3.696699309314170916e-05 3.514751657525314835e-05 3.641447483120467698e-05 3.617632816653318042e-05
4.480706277242911710e+03 3.678288610216241730e-05 3.482757772328224901e-05 3.615648537922759836e-05 3.592231640155742607e-05
4.480806277242911165e+03 3.659075331617124978e-05 3.449022789430068346e-05 3.588796493623933422e-05 3.565631538223708915e-05
4.480906277242910619e+03 3.639908705617083366e-05 3.414265554430979358e-05 3.561664424924183083e-05 3.538612894990748376e-05
4.481006277242910073e+03 3.621347306316713064e-05 3.378905386531838573e-05 3.534731275024251171e-05 3.511661322624267377e-05
4.481106277242909528e+03 3.604189438115449403e-05 3.343561049231823880e-05 3.508699987623438297e-05 3.485483491656903634e-05
4.481206277242908982e+03 3.588586837914190208e-05 3.308212785932149132e-05 3.483630189122800927e-05 3.460143270989713196e-05
4.481306277242908436e+03 3.575022668312460432e-05 3.273122025232233701e-05 3.459890825821806878e-05 3.436011839788833896e-05
4.481406277242907890e+03 3.563923928210194724e-05 3.238485216631816936e-05 3.437789741620301507e-05 3.413399628820771507e-05
4.481506277242907345e+03 3.555408289807899792e-05 3.204118658631881748e-05 3.417292547819014757e-05 3.392273165419598766e-05
4.481606277242906799e+03 3.549917872405093297e-05 3.170138487531523234e-05 3.398672985917273564e-05 3.372909781951296247e-05
4.481706277242906253e+03 3.548362491601457107e-05 3.137050332530995800e-05 3.382639890515019501e-05 3.356017571549157921e-05
4.481806277242905708e+03 3.550786154797707506e-05 3.104424988130860037e-05 3.368991822912909364e-05 3.341400988613825636e-05
4.481906277242905162e+03 3.557899719993271276e-05 3.072439758230254242e-05 3.358165048010240862e-05 3.329501508744589245e-05
4.482006277242904616e+03 3.570690607587785349e-05 3.041421926129620954e-05 3.350805140307028197e-05 3.320972558008145059e-05
4.482106277242904071e+03 3.589613563581929079e-05 3.010984118229067185e-05 3.346929902103700394e-05 3.315842527971565553e-05
4.482206277242903525e+03 3.615899079474658924e-05 2.981378132728542007e-05 3.347252150199689434e-05 3.314843120800963568e-05
4.482306277242902979e+03 3.650526680266301480e-05 2.952354236128244667e-05 3.352090337095291683e-05 3.318323751163279503e-05
4.482406277242902433e+03 3.695108209956615144e-05 2.924100690027495463e-05 3.362279523290084225e-05 3.327162807758064718e-05
4.482506277242901888e+03 3.751369597944737103e-05 2.896492021227118556e-05 3.378524491884043308e-05 3.342128703685299656e-05
4.482606277242901342e+03 3.821799535830819648e-05 2.869649918626365916e-05 3.401999601876941521e-05 3.364483018778042362e-05
4.482706277242900796e+03 3.909553479713004690e-05 2.843686790725738467e-05 3.434129567968147894e-05 3.395789946135630802e-05
4.482806277242900251e+03 4.018202725691302421e-05 2.818405521025292405e-05 3.476307678657803091e-05 3.437638641791466537e-05
4.482906277242899705e+03 4.152988979665153614e-05 2.794050658824365766e-05 3.530845915445437458e-05 3.492628517978318720e-05
4.483006277242899159e+03 4.320037423731357606e-05 2.770143426724135306e-05 3.599921954030265011e-05 3.563367601495253545e-05
4.483106277242898614e+03 4.528271113589779943e-05 2.746857436723508359e-05 3.687143980811946159e-05 3.654090843708411487e-05
4.483206277242898068e+03 4.789775572433622444e-05 2.724576846922695735e-05 3.797334876687755785e-05 3.770562432014690983e-05
4.483306277242897522e+03 5.120792984859803452e-05 2.703152951722018082e-05 3.936443839257033770e-05 3.920129925279618773e-05
4.483406277242896977e+03 5.543410823265663376e-05 2.682416722721311475e-05 4.112297234419270129e-05 4.112708260135414993e-05
4.483506277242896431e+03 6.089037550934280589e-05 2.662310712620846658e-05 4.335874397868190439e-05 4.362407553807772675e-05
4.483606277242895885e+03 6.802277218760494873e-05 2.643079072319939725e-05 4.622734675502576489e-05 4.689363655527670362e-05
4.483706277242895339e+03 7.745092026413892582e-05 2.624702154819220728e-05 4.994162457711516707e-05 5.121318879648209554e-05
4.483806277242894794e+03 9.001918212374031693e-05 2.607139644518528557e-05 5.480154208087272233e-05 5.696404021659943822e-05
4.483906277242894248e+03 1.067860018223107659e-04 2.590227274617842938e-05 6.122784445522016182e-05 6.463870634123646366e-05
4.484006277242893702e+03 1.287815534965943277e-04 2.573858414217418281e-05 6.979859344087978204e-05 7.477291035988276871e-05
4.484106277242893157e+03 1.561406744608869130e-04 2.558616607216218869e-05 8.126401784579954501e-05 8.766361945961621556e-05
4.484206277242892611e+03 1.860705365678791434e-04 2.544402562815254644e-05 9.640394688075176310e-05 1.026395030255944899e-04
4.484306277242892065e+03 2.106112131934396612e-04 2.530672179114860373e-05 1.155144449593167259e-04 1.171441266479683190e-04
4.484406277242891520e+03 2.188403241110936344e-04 2.517932275213788257e-05 1.371342640666009072e-04 1.270513036432775007e-04
4.484506277242890974e+03 2.061136101438898493e-04 2.506072942812943348e-05 1.562530974891338138e-04 1.291424790203843712e-04
4.484606277242890428e+03 1.792671601293000547e-04 2.494709820812401646e-05 1.649548010105030232e-04 1.230563531159756913e-04
4.484706277242889882e+03 1.492057787130822086e-04 2.484538874411193032e-05 1.584537713871542891e-04 1.108349796147828229e-04
4.484806277242889337e+03 1.227023120194078206e-04 2.475335560710211960e-05 1.402985162301447766e-04 9.591806128555155646e-05
4.484906277242888791e+03 1.016942899633101503e-04 2.467027552109218383e-05 1.184226931642730493e-04 8.159575288289179333e-05
4.485006277242888245e+03 8.573460765285375088e-05 2.459792678308093470e-05 9.850324354828345779e-05 6.961192599473939129e-05
4.485106277242887700e+03 7.374121653241675028e-05 2.453426400807121914e-05 8.249062178991296542e-05 6.025536744346698844e-05
4.485206277242887154e+03 6.469390972120331491e-05 2.448434378005629670e-05 7.026539136078728900e-05 5.314788162068229908e-05
4.485306277242886608e+03 5.779686472484102839e-05 2.444524860604444603e-05 6.107131796645245557e-05 4.777114376577930435e-05
4.485406277242886063e+03 5.247386624505155070e-05 2.441716714603192617e-05 5.414394606287550735e-05 4.367832648465299700e-05
4.485506277242885517e+03 4.831845147276195366e-05 2.440484728101411960e-05 4.887972651403259977e-05 4.053434175593622208e-05
4.485606277242884971e+03 4.503671877976074816e-05 2.440660112799799178e-05 4.482950747764139865e-05 3.809094246180004507e-05
4.485706277242884426e+03 4.242098872302131976e-05 2.442290127298117072e-05 4.167547681764309140e-05 3.617312227121520073e-05
4.485806277242883880e+03 4.032219860244331308e-05 2.445449610696321906e-05 3.919415575688863998e-05 3.465695015543172517e-05
4.485906277242883334e+03 3.863301575096646359e-05 2.450360268294283036e-05 3.722557825729172411e-05 3.345406556373367043e-05
4.486006277242882788e+03 3.727179990959704546e-05 2.457087606292106984e-05 3.565355719584436747e-05 3.249874438945416318e-05
4.486106277242882243e+03 3.618363485327668797e-05 2.465951636189600281e-05 3.439881354647212415e-05 3.174732158721493944e-05
4.486206277242881697e+03 3.532475435401548754e-05 2.477264770386623829e-05 3.340001782718091941e-05 3.116580662835421621e-05
4.486306277242881151e+03 3.466257982278893817e-05 2.491175888083425714e-05 3.261250879693826859e-05 3.072894916685382582e-05
4.486406277242880606e+03 3.417552565158029124e-05 2.508052512979892554e-05 3.200528780772347068e-05 3.042044619636756361e-05
4.486506277242880060e+03 3.384675476139469426e-05 2.528154890975866409e-05 3.155323854054270012e-05 3.022718073723202513e-05
4.486606277242879514e+03 3.367686981320395357e-05 2.552675370570562101e-05 3.125041025236355519e-05 3.015134459042437772e-05
4.486706277242878969e+03 3.367209843600577139e-05 2.582763770663604470e-05 3.108598502819889147e-05 3.019524039028023360e-05
4.486806277242878423e+03 3.384012281879522860e-05 2.619706920954976322e-05 3.106647240102377954e-05 3.036788814312292153e-05
4.486906277242877877e+03 3.434126976738924243e-05 2.673755693234129718e-05 3.126759154075488728e-05 3.078213941349513665e-05
4.487006277242877331e+03 3.495525537124614241e-05 2.728079569933300119e-05 3.165257946552730716e-05 3.129621017870214009e-05
4.487106277242876786e+03 3.511882781279916248e-05 2.757560407063802972e-05 3.181531531080018777e-05 3.150324906474578993e-05
4.487206277242876240e+03 3.524219824584739694e-05 2.784831042666268571e-05 3.175378634307610175e-05 3.161476500519539367e-05
4.487306277242875694e+03 3.576404131234977977e-05 2.829631439644178417e-05 3.189992147181791766e-05 3.198675906020315602e-05
4.487406277242875149e+03 3.657178717099354178e-05 2.891376977023064651e-05 3.229752599850457839e-05 3.259436097990958551e-05
4.487506277242874603e+03 3.764837036664877694e-05 2.968170936103615762e-05 3.287404875127640313e-05 3.340137615965378036e-05
4.487606277242874057e+03 3.902253154127528263e-05 3.061929101382324103e-05 3.363534953704448965e-05 3.442572403071433325e-05
4.487706277242873512e+03 4.071418180986141995e-05 3.174725131757403720e-05 3.458952660379373067e-05 3.568365324374306487e-05
4.487806277242872966e+03 4.274712474641146573e-05 3.308647130329477986e-05 3.574764052952538373e-05 3.719374552641053859e-05
4.487906277242872420e+03 4.511842796298063660e-05 3.464567069301468041e-05 3.711400890126021265e-05 3.895936918575183870e-05
4.488006277242871874e+03 4.781936772553634513e-05 3.642195399772211708e-05 3.868412208898650793e-05 4.097514793741499005e-05
4.488106277242871329e+03 5.080473261217160813e-05 3.837398996349673043e-05 4.037829599682741610e-05 4.318567285749858715e-05
4.488206277242870783e+03 5.432418924245468436e-05 4.061461759210626809e-05 4.251977182323432304e-05 4.581952621926508505e-05
4.488306277242870237e+03 5.788011872837524341e-05 4.289295563803683850e-05 4.476103140108506794e-05 4.851136858916571662e-05
4.488406277242869692e+03 6.274681838067048048e-05 4.598253364998176304e-05 4.813211170661565005e-05 5.228715457908929108e-05
4.488506277242869146e+03 6.883127089303136019e-05 4.964012418320975530e-05 5.222094520864496703e-05 5.689744676162868965e-05
4.488606277242868600e+03 7.531000131351497972e-05 5.331636288818533085e-05 5.647148772643318304e-05 6.169928397604449561e-05
4.488706277242868055e+03 8.266513112730029757e-05 5.722164501084984583e-05 6.122289005273400691e-05 6.703655539696138570e-05
4.488806277242867509e+03 9.111632602977797672e-05 6.137672499348263689e-05 6.658721243787691898e-05 7.302675448704585323e-05
4.488906277242866963e+03 1.008726480770449430e-04 6.578043192015247287e-05 7.266713068992670900e-05 7.977340356237470377e-05
4.489006277242866418e+03 1.121162137349678299e-04 7.040797943881316699e-05 7.955348980179322905e-05 8.735922765852473747e-05
4.489106277242865872e+03 1.249962004727800261e-04 7.522633565355806311e-05 8.734702285358038581e-05 9.585651965997282048e-05
4.489206277242865326e+03 1.395811937403678283e-04 8.019273145331497102e-05 9.615200722814803579e-05 1.053086441406102784e-04
4.489306277242864780e+03 1.557914132180327751e-04 8.524565156715254170e-05 1.060614965065711813e-04 1.156995204305854994e-04
4.489406277242864235e+03 1.733625162361885740e-04 9.033112441710843780e-05 1.171765542349374625e-04 1.269567316294114689e-04
4.489506277242863689e+03 1.917659194848932993e-04 9.536703696612979322e-05 1.295549270031129028e-04 1.388959611513786922e-04
4.489606277242863143e+03 2.102847236847358702e-04 1.003065276232613503e-04 1.432573957013065068e-04 1.512828823364345803e-04
4.489706277242862598e+03 2.280471047356062762e-04 1.050836811034393513e-04 1.582728931593786693e-04 1.638012263328081125e-04
4.489806277242862052e+03 2.442010149476683085e-04 1.096593011036745203e-04 1.745238399975341723e-04 1.761280520162923472e-04
4.489906277242861506e+03 2.581217062807555506e-04 1.140229730039675314e-04 1.918532314760432970e-04 1.879993035869221489e-04
4.490006277242860961e+03 2.694862110641859732e-04 1.181706815542283532e-04 2.099699623147900640e-04 1.992089516444014725e-04
4.490106277242860415e+03 2.783434170376749704e-04 1.221477980844657503e-04 2.284826236842391403e-04 2.096579462687932780e-04
4.490206277242859869e+03 2.849956737606826806e-04 1.260199892445765279e-04 2.468682384042486760e-04 2.192946338031693219e-04
4.490306277242859323e+03 2.898795836531150357e-04 1.298702344445722373e-04 2.645099291551301804e-04 2.280865824176058268e-04
4.490406277242858778e+03 2.934626707049488585e-04 1.338274170144214935e-04 2.807756113470700077e-04 2.360218996888134623e-04
4.490506277242858232e+03 2.961572246261769429e-04 1.380362598140284368e-04 2.950946087196840649e-04 2.430960310532964816e-04
4.490606277242857686e+03 2.982486734970326474e-04 1.426544451534476660e-04 3.070178882230830612e-04 2.493070022911878457e-04
4.490706277242857141e+03 2.999224750176099829e-04 1.478521446425781814e-04 3.163126941167279248e-04 2.546957712589720388e-04
4.490806277242856595e+03 3.012552128280848555e-04 1.538243441914179306e-04 3.229602217104474843e-04 2.593465929099834054e-04
4.490906277242856049e+03 3.022620725985531191e-04 1.607703306500186165e-04 3.271542790039731557e-04 2.633955607508482971e-04
4.491006277242855504e+03 3.028886023790939978e-04 1.688898960182583437e-04 3.292065272170322573e-04 2.669950085381281725e-04
4.491106277242854958e+03 3.030558488297581551e-04 1.783903183162614836e-04 3.294843071595983256e-04 2.703101581018726367e-04
4.491206277242854412e+03 3.026669137705659328e-04 1.894613393138895477e-04 3.283325214116760695e-04 2.734869248320438771e-04
4.491306277242853866e+03 3.016513847914870333e-04 2.022980122312034430e-04 3.260528217033381452e-04 2.766674062420095134e-04
4.491406277242853321e+03 2.999483244424937809e-04 2.170603750183836553e-04 3.228622008646719953e-04 2.799569667751831709e-04
4.491506277242852775e+03 2.975068728235971509e-04 2.338578439552509202e-04 3.188882632858551134e-04 2.834176600215677281e-04
4.491606277242852229e+03 2.943447048646590848e-04 2.527706537921342350e-04 3.142457427468401581e-04 2.871203671345444746e-04
4.491706277242851684e+03 2.904733690457391945e-04 2.737764102888595166e-04 3.089823174578029013e-04 2.910773655974672764e-04
4.491806277242851138e+03 2.859667082767220142e-04 2.967767649856933409e-04 3.031732521486646382e-04 2.953055751370266464e-04
4.491906277242850592e+03 2.808907536875711233e-04 3.215415771530615117e-04 2.968677704794050781e-04 2.997667004400126072e-04
4.492006277242850047e+03 2.753529155183104433e-04 3.477512925806679569e-04 2.901518303400783729e-04 3.044186794796856091e-04
4.492106277242849501e+03 2.694564541088486178e-04 3.749566748891738086e-04 2.831092794405685336e-04 3.091741361461969686e-04
4.492206277242848955e+03 2.633184881192668640e-04 4.026350878282121881e-04 2.758430072609703164e-04 3.139321944028164381e-04
4.492306277242848410e+03 2.570331723295465106e-04 4.301951564481402198e-04 2.684377729712474525e-04 3.185553672496447457e-04
4.492406277242847864e+03 2.507120805396008075e-04 4.570518687192085330e-04 2.609989826612984934e-04 3.229209773067026655e-04
4.492506277242847318e+03 2.444346525795916265e-04 4.826417791108998895e-04 2.536027525813010588e-04 3.268930614239308583e-04
4.492606277242846772e+03 2.382831123793992386e-04 5.064842049435698979e-04 2.463288059211142175e-04 3.303653744146944514e-04
4.492706277242846227e+03 2.323263779491557617e-04 5.282049945966141606e-04 2.392437830108899992e-04 3.332583851855533343e-04
4.492806277242845681e+03 2.265997767388541338e-04 5.475030692201624449e-04 2.323800979106122294e-04 3.354943146232096298e-04
4.492906277242845135e+03 2.211571227484151211e-04 5.641980270041872109e-04 2.257890322001907045e-04 3.370480606509309489e-04
4.493006277242844590e+03 2.160099247080050986e-04 5.781503546683008444e-04 2.194798026998123167e-04 3.378800273587061046e-04
4.493106277242844044e+03 2.111702060575269162e-04 5.892569005027266642e-04 2.134627831593578773e-04 3.379632965732038102e-04
4.493206277242843498e+03 2.066333702970971152e-04 5.973930194372724205e-04 2.077339060689618411e-04 3.372534319344437561e-04
4.493306277242842953e+03 2.023738425345468722e-04 6.023948508115964341e-04 2.022708048175088065e-04 3.356798327212174161e-04
4.493406277242842407e+03 1.983537453823782596e-04 6.040557338391122416e-04 1.970424692267580091e-04 3.331506494827494763e-04
4.493506277242841861e+03 1.945090164294908149e-04 6.020913308224237282e-04 1.919961604818624956e-04 3.295321692445923553e-04
4.493606277242841315e+03 1.907379426673122514e-04 5.961650518472976770e-04 1.870459759529184381e-04 3.246496568225094555e-04
4.493706277242840770e+03 1.869078390251150009e-04 5.859019007352481070e-04 1.820805023475294509e-04 3.182967473692975015e-04
4.493806277242840224e+03 1.828288939001998243e-04 5.709020396139216028e-04 1.769366177513829401e-04 3.102225170885014377e-04
4.493906277242839678e+03 1.782266106880791776e-04 5.507598807250092560e-04 1.713734657878835787e-04 3.001199857336573013e-04
4.494006277242839133e+03 1.727348299963575487e-04 5.250692021584795963e-04 1.650694716713265093e-04 2.876245012753878938e-04
4.494106277242838587e+03 1.658596294436687354e-04 4.934161175770686259e-04 1.575934506948856346e-04 2.722897325718743049e-04
4.494206277242838041e+03 1.570046450608027363e-04 4.554477769818492941e-04 1.484348035023921940e-04 2.536290751816813629e-04
4.494306277242837496e+03 1.456009367196417557e-04 4.111600689982726855e-04 1.371215013623729541e-04 2.312941690267624742e-04
4.494406277242836950e+03 1.314828897084820852e-04 3.615743299367412626e-04 1.235502986535352463e-04 2.055358394329195404e-04
4.494506277242836404e+03 1.153838839360063571e-04 3.097741174547012579e-04 1.084052730182535565e-04 1.778544248029870797e-04
4.494606277242835858e+03 9.909619869906646544e-05 2.596945979961369673e-04 9.324569616778043840e-05 1.506788309543279525e-04
4.494706277242835313e+03 8.432012625209886914e-05 2.160022926294780457e-04 7.958717013399880353e-05 1.266365296718585773e-04
4.494806277242834767e+03 7.199541989977343052e-05 1.802393623979625572e-04 6.821274597911881248e-05 1.068158427589516136e-04
4.494906277242834221e+03 6.215708207084459462e-05 1.519637060096678237e-04 5.912287571206098572e-05 9.108122126419113693e-05
4.495006277242833676e+03 5.441238756527367026e-05 1.298281749174303573e-04 5.194897421908758144e-05 7.872984556726386968e-05
4.495106277242833130e+03 4.829566036423476845e-05 1.124218681009653254e-04 4.626447341884491423e-05 6.899400062801499818e-05
4.495206277242832584e+03 4.340913778811861283e-05 9.858045619754251892e-05 4.170709796182470657e-05 6.123223064916194611e-05
4.495306277242832039e+03 3.944866719879228030e-05 8.742342708184552185e-05 3.800013976131282230e-05 5.495741134731686804e-05
4.495406277242831493e+03 3.619066012990315766e-05 7.830497232593263345e-05 3.494004028119672759e-05 4.981189091234417742e-05
4.495506277242830947e+03 3.347227358910587268e-05 7.075408025801706356e-05 3.237830821084503014e-05 4.553488735265599557e-05
4.495606277242830402e+03 3.117438642626696503e-05 6.442521481140330529e-05 3.020609697535084028e-05 4.193523273767370128e-05
4.495706277242829856e+03 2.920893457397204308e-05 5.906209793303930731e-05 2.834275212616660895e-05 3.887126154439265763e-05
4.495806277242829310e+03 2.750995292459408514e-05 5.447217109081151087e-05 2.672771096326867883e-05 3.623661165955808936e-05
4.495906277242828764e+03 2.602733822632822123e-05 5.050879330081353344e-05 2.531485825927992487e-05 3.395032992880722765e-05
4.496006277242828219e+03 2.472250789368787607e-05 4.705881126691395359e-05 2.406859292901789306e-05 3.194997069653990080e-05
4.496106277242827673e+03 2.356535699814118833e-05 4.403381104271775047e-05 2.296106688416813519e-05 3.018674497500902466e-05
4.496206277242827127e+03 2.253210252375855671e-05 4.136389311758060041e-05 2.197022578896138504e-05 2.862207381010018411e-05
4.496306277242826582e+03 2.160373748711925173e-05 3.899318880332197987e-05 2.107840167809361240e-05 2.722510932284494687e-05
4.496406277242826036e+03 2.076490825111088973e-05 3.687659022566890094e-05 2.027128903254063087e-05 2.597092916977347836e-05
4.496506277242825490e+03 2.000308884287370934e-05 3.497733584408680785e-05 1.953719035950917117e-05 2.483920501548989273e-05
4.496606277242824945e+03 1.930796619575475117e-05 3.326520634163874970e-05 1.886645347739629477e-05 2.381320867159659741e-05
4.496706277242824399e+03 1.867097706321283731e-05 3.171516121272943548e-05 1.825104683270027336e-05 2.287906170288084759e-05
4.496806277242823853e+03 1.808495525383866496e-05 3.030629729214052168e-05 1.768423541204171653e-05 2.202516265267363439e-05
4.496906277242823307e+03 1.754386008528647058e-05 2.902104511585097834e-05 1.716033080209887032e-05 2.124174533441210754e-05
4.497006277242822762e+03 1.704256526727590277e-05 2.784454290603346327e-05 1.667449652461037095e-05 2.052053489930657674e-05
4.497106277242822216e+03 1.657669323159059599e-05 2.676414453304200159e-05 1.622259500437458549e-05 1.985447758966906216e-05
4.497206277242821670e+03 1.614248399003541590e-05 2.576902955030522995e-05 1.580106621520871755e-05 1.923752658518312114e-05
4.497306277242821125e+03 1.573669046446382906e-05 2.484989168438526340e-05 1.540683064697577096e-05 1.866447093194161888e-05
4.497406277242820579e+03 1.535649429074230208e-05 2.399868815489119756e-05 1.503721113555028856e-05 1.813079786039459494e-05
4.497506277242820033e+03 1.499943761375885584e-05 2.320843654249605574e-05 1.468986941482690487e-05 1.763258119036060831e-05
4.497606277242819488e+03 1.466336744142823447e-05 2.247304910894486660e-05 1.436275428072554482e-05 1.716639027703288422e-05
4.497706277242818942e+03 1.434638996366593190e-05 2.178719683799482053e-05 1.405405895816632109e-05 1.672921525327569569e-05
4.497806277242818396e+03 1.404683281441108430e-05 2.114619720246382496e-05 1.376218583409192446e-05 1.631840528365560955e-05
4.497906277242817850e+03 1.376321372760330528e-05 2.054592102617830204e-05 1.348571711644514477e-05 1.593161729007558234e-05
4.498006277242817305e+03 1.349421434719071282e-05 1.998271477598967418e-05 1.322339028017677302e-05 1.556677313445239006e-05
4.498106277242816759e+03 1.323865824313552127e-05 1.945333541778468772e-05 1.297407743125109443e-05 1.522202369739043391e-05
4.498206277242816213e+03 1.299549236939572795e-05 1.895489555444610023e-05 1.273676787162809504e-05 1.489571859848997328e-05
4.498306277242815668e+03 1.276377134194339289e-05 1.848481700188996373e-05 1.251055329228131033e-05 1.458638054537155509e-05
4.498406277242815122e+03 1.254264405674775616e-05 1.804079136403011259e-05 1.229461516418139755e-05 1.429268352831975656e-05
4.498506277242814576e+03 1.233134225278191258e-05 1.762074639779149488e-05 1.208821394030266171e-05 1.401343419695868916e-05
4.498606277242814031e+03 1.212917070002776560e-05 1.722281722111941151e-05 1.189067977162791815e-05 1.374755589759169729e-05
4.498706277242813485e+03 1.193549873746206863e-05 1.684532157495132135e-05 1.170140451413487260e-05 1.349407494218275419e-05
4.498806277242812939e+03 1.174975297207114549e-05 1.648673848724561288e-05 1.151983479581052109e-05 1.325210875170909259e-05
4.498906277242812394e+03 1.157141093083780232e-05 1.614568982495558932e-05 1.134546600263835893e-05 1.302085558614391912e-05
4.499006277242811848e+03 1.139999554874678539e-05 1.582092427804005088e-05 1.117783704060374354e-05 1.279958562246352773e-05
4.499106277242811302e+03 1.123507034778903440e-05 1.551130342147099739e-05 1.101652575469803343e-05 1.258763317465269123e-05
4.499206277242810756e+03 1.107623522095050925e-05 1.521578955321226029e-05 1.086114491190770088e-05 1.238438989535682517e-05
4.499306277242810211e+03 1.092312272922430390e-05 1.493343503724217093e-05 1.071133867422615329e-05 1.218929881356421220e-05
4.499406277242809665e+03 1.077539483960004895e-05 1.466337296453356537e-05 1.056677948864339640e-05 1.200184909759233578e-05
4.499506277242809119e+03 1.063274004606844669e-05 1.440480892306223320e-05 1.042716533615045626e-05 1.182157143509371092e-05
