16092.1126621864    4.0950530616e-05    4.095053072e-05    4.0941278887e-05    4.094744674100001e-05
16092.2126621764    4.1258607774189805e-05    4.125860788418981e-05    4.124932178919323e-05    4.1255512482524276e-05
16092.3126621664    4.1574403361841546e-05    4.157440347384154e-05    4.156509019984698e-05    4.1571299011843354e-05
16092.4126621564    4.189310123938874e-05    4.1893101350388734e-05    4.188376802239475e-05    4.1889990204057406e-05
16092.512662146399    4.221695894345238e-05    4.221695905845238e-05    4.220761262845762e-05    4.2213843543454126e-05
16092.612662136398    4.254698562097938e-05    4.254698573697938e-05    4.253763322898242e-05    4.2543868195647064e-05
16092.712662126398    4.2890188488067945e-05    4.289018860006795e-05    4.288083723306726e-05    4.288707144040106e-05
16092.812662116397    4.324053852974798e-05    4.324053864574797e-05    4.323119546074225e-05    4.3237424212079404e-05
16092.912662106397    4.359794899306162e-05    4.359794911106162e-05    4.358862139904924e-05    4.359483983439083e-05
16093.012662096397    4.3964956899679646e-05    4.396495702267964e-05    4.39556521326591e-05    4.396185535167279e-05
16093.112662086396    4.433927823566215e-05    4.4339278359662154e-05    4.433000362863199e-05    4.433618674131876e-05
16093.212662076396    4.472795531843493e-05    4.472795543743493e-05    4.471871825339363e-05    4.472487633642116e-05
16093.312662066395    4.512537442508037e-05    4.512537455308036e-05    4.511618330302524e-05    4.512231076039532e-05
16093.412662056395    4.5533470088455195e-05    4.55334702134552e-05    4.552433232438583e-05    4.553042420876541e-05
16093.512662046394    4.595367709568576e-05    4.595367722468575e-05    4.5944601496598724e-05    4.5950651938990076e-05
16093.612662036394    4.6389557136151076e-05    4.6389557264151076e-05    4.638055175004575e-05    4.63865553834493e-05
16093.712662026393    4.6834762678638085e-05    4.683476280863807e-05    4.682583632851162e-05    4.683178727192926e-05
16093.812662016393    4.729466383213855e-05    4.729466396813853e-05    4.7285825772988446e-05    4.729171785775517e-05
16093.912662006393    4.777173510123727e-05    4.777173523523727e-05    4.776299503606087e-05    4.776882179084514e-05
16094.012661996392    4.826241828466258e-05    4.826241842066257e-05    4.825378578545819e-05    4.8259540830261116e-05
16094.112661986392    4.876832276114637e-05    4.876832289214638e-05    4.8759808032910824e-05    4.876548456206786e-05
16094.212661976391    4.9287702805251866e-05    4.928770293625187e-05    4.9279316681981786e-05    4.9284907474495164e-05
16094.31266196639    4.9825236972378465e-05    4.9825237111378456e-05    4.981699055207111e-05    4.982248821194268e-05
16094.41266195639    5.0381849844737895e-05    5.0381849981737905e-05    5.037375473738986e-05    5.037915152128855e-05
16094.51266194639    5.095534878254385e-05    5.0955348919543854e-05    5.0947417581150456e-05    5.0952705094412716e-05
16094.61266193639    5.154965669116459e-05    5.154965683616457e-05    5.154190165872415e-05    5.1547071728684434e-05
16094.712661926389    5.21593586067028e-05    5.215935875470279e-05    5.215179350520896e-05    5.215683695553818e-05
16094.812661916389    5.2789251054222135e-05    5.278925120422213e-05    5.27818898446716e-05    5.278679736770528e-05
16094.912661906388    5.343986972219198e-05    5.3439869870191985e-05    5.343272741257904e-05    5.343748900165433e-05
16095.012661896388    5.41108366781123e-05    5.411083681911233e-05    5.410392855443314e-05    5.410853401721926e-05
16095.112661886387    5.4804981702472906e-05    5.480498184047291e-05    5.479832386572201e-05    5.4802762469555946e-05
16095.212661876387    5.552393908513099e-05    5.552393923213097e-05    5.5517549036300816e-05    5.552180911785426e-05
16095.312661866386    5.626477109924089e-05    5.626477125124087e-05    5.6258666693326795e-05    5.626273634793618e-05
16095.412661856386    5.7030910092635145e-05    5.703091025463511e-05    5.702511052062916e-05    5.7028976955966466e-05
16095.512661846386    5.782112744314514e-05    5.782112760314515e-05    5.7815652392041724e-05    5.7819302479444e-05
16095.612661836385    5.863559377124186e-05    5.8635593926241884e-05    5.86304645260315e-05    5.863388407450508e-05
16095.712661826385    5.947830058511828e-05    5.947830075111824e-05    5.947353937579329e-05    5.94767135706766e-05
16095.812661816384    6.034891059961004e-05    6.034891076261005e-05    6.034454088116146e-05    6.034745408112719e-05
16095.912661806384    6.12508810933671e-05    6.125088125436713e-05    6.124692772778491e-05    6.124956335850638e-05
16096.012661796383    6.218087711085857e-05    6.218087726785858e-05    6.217736613613317e-05    6.217970683828344e-05
16096.112661786383    6.31391209478552e-05    6.313912112385512e-05    6.313608011197456e-05    6.313810739456162e-05
16096.212661776382    6.413315707126798e-05    6.413315724926797e-05    6.413061505022276e-05    6.41323097902529e-05
16096.312661766382    6.51605008279766e-05    6.516050101197658e-05    6.515848899874971e-05    6.515983027956762e-05
16096.412661756382    6.621910174282248e-05    6.621910192682249e-05    6.621765288840159e-05    6.621861885268219e-05
16096.512661746381    6.731473003402623e-05    6.731473020802627e-05    6.731387872639691e-05    6.731444632281647e-05
16096.61266173638    6.845063548419929e-05    6.845063565719929e-05    6.845041813734633e-05    6.845056309291498e-05
16096.71266172638    6.962487004927776e-05    6.96248702342777e-05    6.962532519218416e-05    6.962502182524655e-05
16096.81266171638    7.083640882552909e-05    7.083640902252902e-05    7.083757755817507e-05    7.08367984687444e-05
16096.91266170638    7.209257680513596e-05    7.209257698913602e-05    7.2094502788501e-05    7.209321886092431e-05
16097.012661696379    7.339071677283741e-05    7.339071696483737e-05    7.339344601490127e-05    7.339162658419202e-05
16097.112661686378    7.473501107823095e-05    7.47350112842309e-05    7.473859242497025e-05    7.473620492914405e-05
16097.212661676378    7.612863499419831e-05    7.61286351611985e-05    7.613312047658701e-05    7.613013021066125e-05
16097.312661666378    7.756834925617021e-05    7.756834945217007e-05    7.7573793778183e-05    7.757016416217443e-05
16097.412661656377    7.905967839461647e-05    7.905967858661648e-05    7.906614065722222e-05    7.906183254615172e-05
16097.512661646377    8.060524716256471e-05    8.060524736356465e-05    8.061278962273138e-05    8.060776138295357e-05
16097.612661636376    8.220648324881154e-05    8.220648343581162e-05    8.221517142450984e-05    8.220937936971099e-05
16097.712661626376    8.386406509812457e-05    8.386406529512451e-05    8.387396930731448e-05    8.386736656685454e-05
16097.812661616375    8.55834625640191e-05    8.558346277301903e-05    8.55946587146547e-05    8.55871946838976e-05
16097.912661606375    8.736714345320552e-05    8.736714365220559e-05    8.737971013525609e-05    8.737133241355572e-05
16098.012661596375    8.921298527605763e-05    8.921298549305752e-05    8.922700760946891e-05    8.921765945952801e-05
16098.112661586374    9.112616788839578e-05    9.112616808439591e-05    9.114173699311474e-05    9.113135765530214e-05
16098.212661576374    9.311244727415158e-05    9.311244749615143e-05    9.312965885413204e-05    9.311818454147834e-05
16098.312661566373    9.517291337656655e-05    9.517291362556637e-05    9.519186963774906e-05    9.517923221329401e-05
16098.412661556373    9.731236712085956e-05    9.731236738185949e-05    9.733317865617083e-05    9.731930438629663e-05
16098.512661546372    9.953292313981964e-05    9.953292334781998e-05    9.955570666619834e-05    9.9540517717946e-05
16098.612661536372    0.00010183653957582947    0.0001018365398258292    0.0001018614201721979    0.00010184483319128553
16098.712661526371    0.00010423148788263156    0.00010423148812263163    0.00010425859971790472    0.00010424052524105598
16098.812661516371    0.00010671932348078955    0.00010671932374078942    0.00010674880872488703    0.00010672915198215532
16098.91266150637    0.00010930345548714195    0.00010930345567714242    0.00010933546717996135    0.00010931412611474859
16099.01266149637    0.00011199369856650906    0.00011199369877650892    0.00011202840119794076    0.00011200526618031958
16099.11266148637    0.00011478993344548764    0.00011478993368548743    0.00011482750077543386    0.00011480245596880296
16099.21266147637    0.00011770360769198424    0.00011770360788198458    0.00011774422733031186    0.00011771714763476022
16099.312661466369    0.00012073733657621587    0.00012073733677621578    0.0001207812109727806    0.0001207519614417374
16099.412661456368    0.0001238924358367764    0.0001238924360467763    0.00012393977976144773    0.00012390821721500016
16099.512661446368    0.00012718360675426595    0.00012718360690426638    0.00012723465063688502    0.00012720062143180578
16099.612661436367    0.0001306104278077013    0.00013061042805770056    0.0001306654213680774    0.0001306287590778264
16099.712661426367    0.0001341935083873649    0.00013419350862736498    0.00013425271760532446    0.00013421324487335147
16099.812661416367    0.00013792335478894844    0.00013792335502894846    0.0001379870656242845    0.00013794459181406046
16099.912661406366    0.00014182115479583764    0.00014182115509583717    0.00014188967508832224    0.00014184399499333233
16100.012661396366    0.00014589302392081958    0.0001458930242208196    0.0001459666850102055    0.00014591757771728153
16100.112661386365    0.0001501479306592336    0.000150147930909234    0.00015022708751526547    0.00015017431636124437
16100.212661376365    0.00015459845949909796    0.0001545984597190982    0.00015468349276149694    0.00015462680399323103
16100.312661366364    0.0001592551009038939    0.00015925510099389496    0.00015934642504230646    0.00015928554231336512
16100.412661356364    0.0001641275622568083    0.00016412756268680548    0.0001642256189309258    0.00016416024795817987
16100.512661346364    0.000169233023482237    0.00016923302393223683    0.00016933829046166776    0.00016926811262538054
16100.612661336363    0.00017458012264763575    0.00017458012297763678    0.00017469311504196677    0.00017461778688907973
16100.712661326363    0.00018018692038937389    0.00018018692056937516    0.00018030819082817947    0.00018022734392897618
16100.812661316362    0.0001860710610757622    0.00018607106147576033    0.00018620120433856532    0.00018611444229669593
16100.912661306362    0.000192247806162269    0.0001922478067022678    0.00019238746616851799    0.0001922943596776849
16101.012661296361    0.00019873289445016868    0.00019873289489016956    0.0001988827599693356    0.00019878284976989128
16101.11266128636    0.00020555434363422333    0.00020555434389422494    0.00020571515870567293    0.00020560794874470708
16101.21266127636    0.0002127168383283703    0.00021271683827837312    0.00021288940561142033    0.0002127743607393879
16101.31266126636    0.00022025813570705543    0.00022025813569705508    0.00022044331786099357    0.00022031986308836802
16101.41266125636    0.00022820337651602556    0.00022820337701602082    0.00022840209496013253    0.00022826961616405963
16101.51266124636    0.0002365641669250988    0.00023656416714510145    0.0002367774165984992    0.0002366352502228998
16101.612661236359    0.00024537764807819665    0.00024537764854819433    0.00024560649452002074    0.00024545393038213724
16101.712661226358    0.0002546755649559841    0.00025467556556598277    0.000254921145965325    0.00025475742549576394
16101.812661216358    0.0002644805502375088    0.00026448055053751183    0.000264744079313405    0.00026456839336280855
16101.912661206357    0.0002748341528902431    0.0002748341525302496    0.00027511693550155014    0.000274928413640681
16102.012661196357    0.0002857723538570186    0.00028577235471700653    0.00028607576382279874    0.0002858734907989413
16102.112661186356    0.0002973311540768396    0.0002973311548468405    0.00029765665546591547    0.00029743965479653187
16102.212661176356    0.0003095451647029425    0.0003095451653929433    0.00030989429415428834    0.0003096615414167247
16102.312661166356    0.0003224606950258505    0.0003224606949458583    0.00032283507325830165    0.00032258548774333684
16102.412661156355    0.0003361313184363902    0.00033613131840638967    0.00033653261275914226    0.00033626508320064075
16102.512661146355    0.00035059025958034964    0.00035059025879035754    0.0003510202095023182    0.00035073357595767515
16102.612661136354    0.0003658983254781279    0.00036589832506812387    0.0003663586936787216    0.00036605178140832444
16102.712661126354    0.00038210033923092294    0.00038210033901092097    0.0003825929046196174    0.00038226452762048707
16102.812661116353    0.000399252934059222    0.0003992529340892193    0.0003997794685857363    0.0003994284455780592
16102.912661106353    0.0004173920813785887    0.0004173920816085866    0.00041795444123165815    0.00041757953473961116
16103.012661096353    0.0004365899491539594    0.000436589949603957    0.0004371891532523394    0.00043678968400341856
16103.112661086352    0.00045689541609988184    0.00045689541573989083    0.00045753399244676776    0.0004571082747621801
16103.212661076352    0.0004783509773925498    0.00047835097819253695    0.00047902885276631123    0.0004785769361171327
16103.312661066351    0.0005009952705028335    0.0005009952692528564    0.0005017135537602455    0.0005012346978386451
16103.41266105635    0.0005248807039427176    0.0005248807041027016    0.0005256384541667216    0.0005251332874040469
16103.51266104635    0.0005500324628772333    0.0005500324630872327    0.000550830031033289    0.0005502983189992517
16103.61266103635    0.0005764666973827306    0.0005764666973627333    0.0005773026699210609    0.0005767453548888417
16103.71266102635    0.0006041946879608531    0.0006041946885408461    0.0006050654364974341    0.0006044849376663778
16103.812661016349    0.0006331962062374179    0.0006331962032574595    0.0006340973910112991    0.0006334966001687255
16103.912661006349    0.0006634427695848629    0.0006634427662248674    0.0006643685773942993    0.0006637513710680098
16104.012660996348    0.0006948758982792226    0.0006948758976991896    0.0006958161103878054    0.0006951893021220725
16104.112660986348    0.0007273968279814803    0.0007273968271714832    0.0007283390372975146    0.0007277108974834927
16104.212660976347    0.0007608975262634127    0.0007608975267233973    0.000761829877532702    0.0007612083101731707
16104.312660966347    0.0007952122080826765    0.00079521221072265    0.0007961164485856453    0.0007955136224636573
16104.412660956346    0.0008301539944472368    0.0008301539980272252    0.0008310048683536783    0.0008304376202760467
16104.512660946346    0.000865490081843264    0.0008654900824833005    0.0008662601953447411    0.0008657467865571019
16104.612660936345    0.0009009591226174199    0.0009009591259273866    0.0009016192471423473    0.0009011791652290513
16104.712660926345    0.0009362816549563623    0.0009362816615863204    0.0009367985730308489    0.0009364539631911773
16104.812660916345    0.000971138954943225    0.0009711389559132968    0.0009714677125729732    0.000971248541143165
16104.912660906344    0.0010052072246072962    0.0010052072235073226    0.0010053085998179242    0.0010052410159775143
16105.012660896344    0.0010381385614673302    0.001038138560067334    0.0010379673154843052    0.0010380814790063233
16105.112660886343    0.001069679737146869    0.0010696797339468924    0.0010691917330649134    0.0010695170680528915
16105.212660876343    0.0010993927303428292    0.0010993927290428042    0.0010985441839661502    0.0010991098811172612
16105.312660866342    0.0011270569569167637    0.0011270569652166368    0.0011258136236281823    0.0011266425152538608
16105.412660856342    0.0011523602889514433    0.0011523602935514926    0.0011506936777812894    0.0011518047534280751
16105.512660846342    0.0011750542923874925    0.0011750543023874203    0.0011729500498520124    0.0011743528815423084
16105.612660836341    0.0011948942461493305    0.0011948942561493304    0.0011923534296433386    0.001194047310647333
16105.71266082634    0.0012115885145484553    0.0012115885234484703    0.001208636062246946    0.0012106043667479572
16105.81266081634    0.0012249110700737148    0.0012249110793737094    0.001221590766013494    0.0012238043051536395
16105.91266080634    0.0012347014207879418    0.001234701420288077    0.0012310831400001866    0.0012334953270254018
16106.01266079634    0.0012407503179173622    0.0012407503186173455    0.001236937210525551    0.0012394792823534197
16106.112660786339    0.0012428662684761513    0.0012428662738760855    0.001238981922973505    0.001241571488441914
16106.212660776338    0.0012410508326995558    0.001241050833899615    0.0012372389797773366    0.0012397802154588359
16106.312660766338    0.0012351009021935016    0.0012351009027935101    0.001231523359566119    0.001233908388184377
16106.412660756338    0.0012251222575016566    0.001225122266601535    0.0012219444109857196    0.0012240629783629704
16106.512660746337    0.0012111345573325388    0.0012111345548327058    0.0012085171033624992    0.001210262071842581
16106.612660736337    0.0011934002577594649    0.001193400239659691    0.0011914833954004094    0.0011927612976065218
16106.712660726336    0.0011720486727477303    0.00117204864644785    0.0011709402273442967    0.0011716791821799592
16106.812660716336    0.0011474411765465748    0.0011474411928459485    0.0011472113542302404    0.001147364574540921
16106.912660706335    0.0011199570123839914    0.0011199569991844282    0.0011206331062758412    0.0011201823726147535
16107.012660696335    0.0010899859845884445    0.001089985955188686    0.0010915362672624675    0.0010905027356798661
16107.112660686334    0.001058078297336846    0.0010580781882380413    0.0010604319656855451    0.0010588628170868108
16107.212660676334    0.0010245757627110627    0.0010245757603094515    0.0010276165090357518    0.0010255893440187553
16107.312660666334    0.0009900157674549567    0.0009900159563820483    0.0009936005382254593    0.0009912107540208214
16107.412660656333    0.0009548155615367909    0.0009548157763463949    0.0009587816651221822    0.0009561376676684559
16107.512660646333    0.0009193773565023491    0.0009193772654570595    0.0009235529470261491    0.0009207691896618526
16107.612660636332    0.0008840684428722626    0.0008840683756818928    0.0008882852444435035    0.0008854740209992196
16107.712660626332    0.0008492067026771461    0.0008492066033976468    0.0008533073277596177    0.0008505735446114702
16107.812660616331    0.0008150486351547619    0.0008150485799540699    0.0008188905487967427    0.0008163292546351915
16107.912660606331    0.0007818171239005583    0.0007818171175597862    0.0007852814936860409    0.0007829719117154618
16108.01266059633    0.0007496795349198047    0.0007496795599693055    0.0007526670696718393    0.0007506753881869832
16108.11266058633    0.0007187667596359022    0.0007187667846859022    0.0007212014744114311    0.0007195783395777451
16108.21266057633    0.0006891548272929054    0.000689154755354467    0.0006909818709368582    0.0006897638178614101
16108.31266056633    0.0006608922623630802    0.0006608922515620897    0.0006620778976843549    0.0006612874705365083
16108.412660556329    0.0006340029499545604    0.0006340028159765683    0.0006345307976069717    0.0006341788545127001
16108.512660546328    0.0006084613855896726    0.0006084613564279536    0.0006083325229501936    0.0006084184216559399
16108.612660536328    0.0005842421979238594    0.0005842425077082665    0.0005834708148159108    0.000583985173482679
16108.712660526327    0.0005612884181492825    0.0005612884819733658    0.0005599042348022091    0.0005608270449749525
16108.812660516327    0.000539528643823686    0.0005395286788141676    0.0005375718823761446    0.0005388764016713327
16108.912660506327    0.0005188874189674043    0.0005188873903384731    0.0005164080058383219    0.0005180609383813997
16109.012660496326    0.0004992717918983524    0.0004992718001977282    0.000496329250115553    0.0004982909474038779
16109.112660486326    0.00048059614141978736    0.0004805960788209927    0.00047725441531620166    0.0004794822118523273
16109.212660476325    0.0004627766995557079    0.00046277674567384865    0.0004591050552675386    0.0004615528334990317
16109.312660466325    0.00044572242871598156    0.00044572233879832155    0.0004417909784848173    0.0004444119153330402
16109.412660456324    0.00042935533425289595    0.00042935543440960743    0.00042523416371517973    0.00042798164412589435
16109.512660446324    0.0004136184274040062    0.00041361838393650545    0.0004093751473187852    0.00041220398621976567
16109.612660436323    0.00039844847269574065    0.0003984485079943621    0.0003941440774852839    0.00039701368605846225
16109.712660426323    0.00038379516433949306    0.00038379515221032787    0.0003794879821785276    0.0003823594329094495
16109.812660416323    0.00036962834819339636    0.0003696282962841005    0.00036536624010553566    0.00036820762819434415
16109.912660406322    0.0003559352486376706    0.00035593536985458873    0.0003517594815407208    0.00035454336667766005
16110.012660396322    0.0003426833839086494    0.00034268346089944116    0.00033862809749193965    0.00034133164743334343
16110.112660386321    0.00032988582847600875    0.00032988590831595747    0.0003259759350888108    0.00032858255729359236
16110.21266037632    0.0003175214919642627    0.00031752154659471906    0.00031377508569500895    0.0003162727080846636
16110.31266036632    0.00030559877190279767    0.0003055988477324118    0.0003020293958307035    0.0003044090051553043
16110.41266035632    0.00029412109545050893    0.00029412110282176185    0.00029073632836201443    0.0002929928422114284
16110.51266034632    0.0002830867670704053    0.000283086765980561    0.0002798887960732056    0.00028202077637472396
16110.61266033632    0.00027249563457443996    0.00027249557086559843    0.0002694847223936992    0.0002714919759445791
16110.712660326319    0.0002623462134074427    0.0002623461281478435    0.0002595198092754419    0.0002614040502769094
16110.812660316318    0.00025263686318259613    0.00025263682001180904    0.00024998919623006745    0.0002517542931414909
16110.912660306318    0.0002433537270904366    0.000243353772138778    0.00024087976568463136    0.0002425290883046153
16111.012660296317    0.00023449969946831613    0.00023449965230005917    0.00023219315847393371    0.0002337308367474363
16111.112660286317    0.00022605676296271938    0.00022605677852152747    0.0002239112340933564    0.00022534159185920113
16111.212660276316    0.0002180198128323981    0.0002180198812113892    0.00021602932338101626    0.00021735633914160115
16111.312660266316    0.0002103785221490218    0.00021037851692043516    0.0002085333269092551    0.00020976345532623737
16111.412660256316    0.00020308218769528335    0.00020308219807498208    0.0002013744469722981    0.00020251294424752117
16111.512660246315    0.00019615084494381676    0.00019615087497343553    0.0001945756586121505    0.00019562579284313427
16111.612660236315    0.0001895606122450751    0.00018956059950590916    0.0001881128682498419    0.00018907802666694206
16111.712660226314    0.00018330114112094013    0.0001833011929696741    0.00018197528047192289    0.00018285920485417904
16111.812660216314    0.00017735425221869158    0.00017735423619002886    0.00017614514588853332    0.00017695121143241794
16111.912660206313    0.0001717051426171449    0.0001717051688063089    0.00017061135904365503    0.00017134055682236962
16112.012660196313    0.00016633799151088592    0.0001663380303906334    0.00016535447130655053    0.00016601016440268994
16112.112660186312    0.00016123944258536794    0.00016123943468630356    0.00016035668621000628    0.00016094518782722593
16112.212660176312    0.00015639661966494766    0.00015639660738503574    0.0001556137164278111    0.0001561356478259315
16112.312660166312    0.0001517990915140139    0.0001517990732741343    0.00015111305391724396    0.00015157040623513073
16112.412660156311    0.00014742653225674278    0.0001474265040369454    0.00014683616918446547    0.0001472297351593846
16112.51266014631    0.0001432758583073752    0.0001432759154156344    0.0001427798134631994    0.00014311052906206968
16112.61266013631    0.00013933307661050185    0.00013933308095158365    0.00013892862039285338    0.00013919825931831296
16112.71266012631    0.00013558881441513208    0.00013558875557643363    0.00013527541079936566    0.00013548432693031047
16112.81266011631    0.00013203443633875067    0.00013203444186741817    0.00013181096247712415    0.000131959946894431
16112.912660106309    0.00012866620946210358    0.0001286662309517716    0.00012853150702557767    0.00012862131581315095
16113.012660096309    0.00012546429409289805    0.00012546429770327177    0.00012541859937255498    0.00012544906372290827
16113.112660086308    0.00012242395377989095    0.0001224239627297788    0.0001224666189742512    0.00012243817849464034
16113.212660076308    0.0001195443243827987    0.00011954438399172974    0.00011967525019041738    0.00011958798618831529
16113.312660066307    0.00011680611877242545    0.00011680619137215005    0.00011702615950310638    0.00011687948988256063
16113.412660056307    0.00011422037790862128    0.00011422041159945011    0.00011452808367127505    0.00011432295772644881
16113.512660046306    0.00011176830928651248    0.000111768341316548    0.00011216473472782748    0.00011190046177696264
16113.612660036306    0.00010945289586352079    0.00010945287521465346    0.00010993712678562013    0.00010961429928793146
16113.712660026305    0.00010725892580179452    0.0001072589302812517    0.00010783074081989442    0.00010744953230098021
16113.812660016305    0.00010519488196164287    0.00010519489002156518    0.00010585421143249649    0.00010541466113856819
16113.912660006305    0.00010324321553813671    0.00010324317586917728    0.00010398937198522613    0.0001034919211308467
16114.012659996304    0.00010140295593340253    0.00010140293160306657    0.00010223570418695878    0.00010168053057447596
16114.112659986304    9.968199140583159e-05    9.968199265226888e-05    0.00010059881130317509    9.99875984537585e-05
16114.212659976303    9.806486939692765e-05    9.80648709349212e-05    9.906268426286112e-05    9.839747486490331e-05
16114.312659966303    9.655024409909745e-05    9.655029326104013e-05    9.76248034302981e-05    9.690844693014522e-05
16114.412659956302    9.514514362205782e-05    9.51451542639169e-05    9.6294325869895e-05    9.552820791862326e-05
16114.512659946302    9.383039072471358e-05    9.38303620285948e-05    9.50533693636022e-05    9.423804070563685e-05
16114.612659936301    9.261805340074096e-05    9.261802694269058e-05    9.390684869880486e-05    9.304764301407878e-05
16114.712659926301    9.149682358286897e-05    9.14968097905827e-05    9.284394077473965e-05    9.19458580493971e-05
16114.8126599163    9.046629346700735e-05    9.046627410413381e-05    9.186267651362833e-05    9.09317480282565e-05
16114.9126599063    8.952768294920902e-05    8.952769581747411e-05    9.096265824427278e-05    9.000601233698532e-05
16115.0126598963    8.867368986225674e-05    8.867370065230435e-05    9.013345990443928e-05    8.916028347300011e-05
16115.1126598863    8.790421316569989e-05    8.790422253373259e-05    8.938228933864372e-05    8.839690834602542e-05
16115.212659876299    8.722700809808028e-05    8.722701910004254e-05    8.870223424593002e-05    8.771875381468427e-05
16115.312659866298    8.662791852044266e-05    8.662792356158097e-05    8.808039939716662e-05    8.71120804930634e-05
16115.412659856298    8.610588059197463e-05    8.610588664095113e-05    8.751449714406954e-05    8.657542145899843e-05
16115.512659846298    8.566198441258439e-05    8.566197007706142e-05    8.700318467420774e-05    8.610904638795119e-05
16115.612659836297    8.529005582666758e-05    8.52900642711322e-05    8.653838177832411e-05    8.570616729204131e-05
16115.712659826297    8.49875596941861e-05    8.498754290278172e-05    8.61155708817554e-05    8.536355782624107e-05
16115.812659816296    8.475199724403623e-05    8.475198782486149e-05    8.573100587656692e-05    8.507833031515487e-05
16115.912659806296    8.4579719758348e-05    8.457971360327032e-05    8.538009424204362e-05    8.484650920122065e-05
16116.012659796295    8.446825084518949e-05    8.446826479670892e-05    8.505956821789132e-05    8.466536128659656e-05
16116.112659786295    8.441603537219261e-05    8.441604494729767e-05    8.476773321933235e-05    8.453327117960754e-05
16116.212659776294    8.441519743616542e-05    8.441521586195212e-05    8.449799579794669e-05    8.444280303202142e-05
16116.312659766294    8.4459850011334e-05    8.445986518641266e-05    8.42464162654798e-05    8.438871048774216e-05
16116.412659756294    8.454765440223448e-05    8.454766876625418e-05    8.401256328186594e-05    8.436929548345153e-05
16116.512659746293    8.467273897878011e-05    8.467274663994366e-05    8.379438320581851e-05    8.437995627484742e-05
16116.612659736293    8.483317788905224e-05    8.483317598328664e-05    8.359361688898123e-05    8.441999025377338e-05
16116.712659726292    8.502115084664407e-05    8.502115441350942e-05    8.340758415559882e-05    8.448329647191745e-05
16116.812659716292    8.522836559856052e-05    8.522836853057619e-05    8.323324150044446e-05    8.45633252098604e-05
16116.912659706291    8.545228899644626e-05    8.545229700532034e-05    8.3073922422277e-05    8.465950280801453e-05
16117.012659696291    8.568936579252021e-05    8.568937218456047e-05    8.2932144242421e-05    8.477029407316724e-05
16117.11265968629    8.59314493696406e-05    8.593146150349703e-05    8.280591865776908e-05    8.488960984363557e-05
16117.21265967629    8.616911823525033e-05    8.616910542787641e-05    8.269198975873416e-05    8.501007114062029e-05
16117.31265966629    8.640038160091279e-05    8.640036644497195e-05    8.259399351260315e-05    8.513158051949597e-05
16117.41265965629    8.662048194622445e-05    8.662047159510287e-05    8.251285353492062e-05    8.525126902541597e-05
16117.512659646289    8.682153289009383e-05    8.682152815595114e-05    8.244535028464915e-05    8.536280377689804e-05
16117.612659636288    8.699398360633135e-05    8.699399252598317e-05    8.238582749389292e-05    8.545793454206917e-05
16117.712659626288    8.713254433071067e-05    8.713255110976548e-05    8.233268794442848e-05    8.553259446163487e-05
16117.812659616287    8.723189487260537e-05    8.723189322482195e-05    8.228278583253814e-05    8.558219130998849e-05
16117.912659606287    8.728689327400849e-05    8.72868774013755e-05    8.223283794271204e-05    8.560220287269867e-05
16118.012659596287    8.728930796149198e-05    8.728928828759044e-05    8.21750566496065e-05    8.558455096622963e-05
16118.112659586286    8.72295497958227e-05    8.722953380372696e-05    8.209947458223239e-05    8.551951939392734e-05
16118.212659576286    8.710131671107802e-05    8.710131447871887e-05    8.1998571466705e-05    8.540040088550063e-05
16118.312659566285    8.690133662575615e-05    8.690133369777438e-05    8.186747511889499e-05    8.522338181414185e-05
16118.412659556285    8.662194135147242e-05    8.662194706724507e-05    8.169567425358879e-05    8.49798542241021e-05
16118.512659546284    8.625608764502245e-05    8.625607528649965e-05    8.147308960852818e-05    8.466175084668342e-05
16118.612659536284    8.580085017438746e-05    8.580085078204381e-05    8.119300877750951e-05    8.426490324464693e-05
16118.712659526283    8.525345741235648e-05    8.525347069301936e-05    8.084880539326019e-05    8.378524449954532e-05
16118.812659516283    8.461307134712094e-05    8.461307109548228e-05    8.043554286864049e-05    8.322056177041458e-05
16118.912659506283    8.387569533161263e-05    8.387568927376825e-05    7.994537033525462e-05    8.256558498021183e-05
16119.012659496282    8.304158549561066e-05    8.304157686567986e-05    7.937389463843064e-05    8.181901899990705e-05
16119.112659486282    8.211715081690252e-05    8.211714448684042e-05    7.872424535736081e-05    8.098618022036793e-05
16119.212659476281    8.110434480432156e-05    8.110434560412832e-05    7.799468824593064e-05    8.006779288479351e-05
16119.31265946628    8.000541952513709e-05    8.000541499628205e-05    7.718402699200932e-05    7.90649538378095e-05
16119.41265945628    7.883442675555723e-05    7.883441569473555e-05    7.630355870988942e-05    7.799080038672739e-05
16119.51265944628    7.759407257925038e-05    7.759407354492082e-05    7.535319264022736e-05    7.68471129214662e-05
16119.61265943628    7.629103787808156e-05    7.629102864636202e-05    7.433684044996737e-05    7.563963565813699e-05
16119.712659426279    7.493725981496553e-05    7.493725398587162e-05    7.326433117760769e-05    7.437961499281495e-05
16119.812659416279    7.354170991245355e-05    7.354170286948717e-05    7.214282266618081e-05    7.307541181604051e-05
16119.912659406278    7.211189957249613e-05    7.211190098826096e-05    7.097757094445146e-05    7.173379050173617e-05
16120.012659396278    7.065696418650136e-05    7.065695827870572e-05    6.977632210234407e-05    7.036341485585039e-05
16120.112659386277    6.918243866855031e-05    6.918244591118207e-05    6.854319236817994e-05    6.896935898263745e-05
16120.212659376277    6.769927474475616e-05    6.76992670801751e-05    6.728729129439878e-05    6.756194437311001e-05
16120.312659366276    6.621177563431175e-05    6.621175366971504e-05    6.601276691517316e-05    6.614543207306665e-05
16120.412659356276    6.472326665965143e-05    6.472326530706805e-05    6.472194543386231e-05    6.472282580019394e-05
16120.512659346276    6.324450611863796e-05    6.324450873752518e-05    6.342478500298102e-05    6.330459995304805e-05
16120.612659336275    6.177576105107208e-05    6.177576114814394e-05    6.212097598120098e-05    6.189083272680566e-05
16120.712659326275    6.032218595907365e-05    6.032219395184782e-05    6.081598487339711e-05    6.048678826143952e-05
16120.812659316274    5.8887077399400976e-05    5.888707409172533e-05    5.951292891133933e-05    5.909569346748854e-05
16120.912659306274    5.746930856751815e-05    5.7469302329602544e-05    5.8210802746876885e-05    5.771647121466586e-05
16121.012659296273    5.6074376510289965e-05    5.607437460116486e-05    5.6916106523359823e-05    5.635495254493821e-05
16121.112659286273    5.470455744348352e-05    5.4704563749245274e-05    5.563082543578718e-05    5.5013315542838654e-05
16121.212659276272    5.335521540957221e-05    5.3355206270021707e-05    5.435121527929735e-05    5.368721231963042e-05
16121.312659266272    5.203218204024106e-05    5.20321773131122e-05    5.308381637365568e-05    5.2382725242336307e-05
16121.412659256272    5.073461753728511e-05    5.0734606500469996e-05    5.182884310431841e-05    5.10993557140245e-05
16121.512659246271    4.9460988669314566e-05    4.946099232788248e-05    5.058580379195242e-05    4.983592826304983e-05
16121.61265923627    4.82154683394455e-05    4.821547407638419e-05    4.9358934899214194e-05    4.85966257716813e-05
16121.71265922627    4.699509203171401e-05    4.699509214288055e-05    4.814707868551692e-05    4.737908762003717e-05
16121.81265921627    4.580388355441314e-05    4.5803882420450114e-05    4.6955193223528554e-05    4.618765306613061e-05
16121.91265920627    4.46400049500791e-05    4.4640000208186624e-05    4.578215228913602e-05    4.502071914913391e-05
16122.012659196269    4.350066646169692e-05    4.3500657313828666e-05    4.462686113170875e-05    4.387606163574478e-05
16122.112659186269    4.237863263548352e-05    4.2378626549391654e-05    4.3484684459799296e-05    4.2747314548224824e-05
16122.212659176268    4.130114376880866e-05    4.130114059372104e-05    4.23798362673673e-05    4.166070687663234e-05
16122.312659166268    4.0262216663935655e-05    4.026221481789552e-05    4.130760428079248e-05    4.061067858754122e-05
16122.412659156267    3.925480113600029e-05    3.925480008597618e-05    4.0263460840907966e-05    3.959102068762814e-05
16122.512659146267    3.827879497986296e-05    3.827879443784752e-05    3.9248292732440916e-05    3.8601960716717136e-05
16122.612659136266    3.733441754375254e-05    3.733441733174248e-05    3.8263120200059354e-05    3.7643985025184796e-05
16122.712659126266    3.642178854665239e-05    3.642178855264572e-05    3.730876406956e-05    3.671744705628604e-05
16122.812659116265    3.5540874646209824e-05    3.554087479420547e-05    3.6385800673186116e-05    3.5822516704533804e-05
16122.912659106265    3.469148051045696e-05    3.4691480748454186e-05    3.549455339759002e-05    3.495917155216705e-05
16123.012659096265    3.387324882644125e-05    3.387324911843958e-05    3.463509518939627e-05    3.41271977114257e-05
16123.112659086264    3.308566735707275e-05    3.308566767907182e-05    3.380726073796929e-05    3.332619859137128e-05
16123.212659076264    3.232808256189986e-05    3.232808289689946e-05    3.301066712912641e-05    3.255561086264191e-05
16123.312659066263    3.159971809593707e-05    3.159971843193704e-05    3.224474054492503e-05    3.181472569093304e-05
16123.412659056263    3.089969613362078e-05    3.0899696462621004e-05    3.150874630860079e-05    3.1102712968280864e-05
16123.512659046262    3.0227059613688667e-05    3.0227059929689077e-05    3.080181989543701e-05    3.041864647960492e-05
16123.612659036262    2.958079394224021e-05    2.9580794242240713e-05    3.0122997022835552e-05    2.9761528402438824e-05
16123.712659026261    2.895984711276208e-05    2.895984739376268e-05    2.94712415503565e-05    2.913031201896042e-05
16123.812659016261    2.8363147617177267e-05    2.836314788017784e-05    2.884547037678804e-05    2.852392195804771e-05
16123.91265900626    2.778961983995998e-05    2.7789620082960616e-05    2.824457495828743e-05    2.7941271627069347e-05
16124.01265899626    2.723819686614407e-05    2.7238197091144643e-05    2.7667439370410854e-05    2.7381277775899854e-05
16124.11265898626    2.670783081144061e-05    2.6707831017441218e-05    2.7112955051257477e-05    2.684287229337977e-05
16124.21265897626    2.6197500866294847e-05    2.6197501054295426e-05    2.65800324905483e-05    2.6325011470379527e-05
16124.312658966259    2.5706219334937796e-05    2.5706219506938312e-05    2.6067610217697955e-05    2.582668301985802e-05
16124.412658956258    2.5233035931475593e-05    2.523303608747611e-05    2.5574661455923244e-05    2.5346911158291647e-05
16124.512658946258    2.4777040619276782e-05    2.4777040760277268e-05    2.5100198802796708e-05    2.488476006078359e-05
16124.612658936258    2.433736526909081e-05    2.4337365396091264e-05    2.4643277295889587e-05    2.4439335987023886e-05
16124.712658926257    2.3913184343471646e-05    2.3913184458472036e-05    2.420299615675045e-05    2.4009788319564706e-05
16124.812658916257    2.3503714840280307e-05    2.35037149432807e-05    2.3778499500186027e-05    2.359530976124901e-05
16124.912658906256    2.310821565238169e-05    2.310821574538202e-05    2.3368976231988372e-05    2.3195135876584026e-05
16125.012658896256    2.272598649865204e-05    2.272598658165237e-05    2.2973659328948048e-05    2.280854413641749e-05
16125.112658886255    2.235636654501773e-05    2.2356366620017996e-05    2.259182466989827e-05    2.2434852611644666e-05
16125.212658876255    2.199873280842069e-05    2.1998732874420986e-05    2.2222789536682488e-05    2.2073418406508052e-05
16125.312658866254    2.1652498426852175e-05    2.1652498485852404e-05    2.1865910898191824e-05    2.172363593696547e-05
16125.412658856254    2.1317110856348846e-05    2.1317110909349046e-05    2.15205835533632e-05    2.1384935106353696e-05
16125.512658846254    2.0992050035988836e-05    2.0992050082989034e-05    2.118623820617642e-05    2.1056779441718098e-05
16125.612658836253    2.0676826561916188e-05    2.0676826603916358e-05    2.0862339512680588e-05    2.0738664226171045e-05
16125.712658826253    2.0370979894304654e-05    2.0370979931304826e-05    2.0548384135957754e-05    2.0430114653855745e-05
16125.812658816252    2.007407661938093e-05    2.00740766513811e-05    2.02438988521471e-05    2.0130684040969713e-05
16125.912658806252    1.9785708771417416e-05    1.978570879941755e-05    1.9948438704437953e-05    1.983995209175764e-05
16126.012658796251    1.950549224172501e-05    1.950549226672511e-05    1.9661585237062828e-05    1.9557523248504315e-05
16126.11265878625    1.9233065252672234e-05    1.923306527367237e-05    1.9382944806316687e-05    1.9283025110887096e-05
16126.21265877625    1.896808692365186e-05    1.8968086942651926e-05    1.911214698552285e-05    1.9016106950608877e-05
16126.31265876625    1.8710235923099503e-05    1.8710235939099603e-05    1.8848843046052513e-05    1.875643830275054e-05
16126.41265875625    1.8459209188486748e-05    1.8459209202486813e-05    1.8592704540316666e-05    1.8503707643763407e-05
16126.51265874625    1.8214720742314025e-05    1.8214720754314093e-05    1.8343421967759403e-05    1.8257621154795844e-05
16126.612658736249    1.797650057712676e-05    1.797650058712683e-05    1.8100703517874215e-05    1.8017901560709267e-05
16126.712658726248    1.7744293609486494e-05    1.7744293618486527e-05    1.7864273912173603e-05    1.7784287046715544e-05
16126.812658716248    1.7517858718986606e-05    1.7517858725986676e-05    1.7633873307206087e-05    1.7556530250726458e-05
16126.912658706247    1.7296967835246596e-05    1.7296967842246595e-05    1.740925628354909e-05    1.7334397320347427e-05
16127.012658696247    1.708140510290586e-05    1.7081405108905895e-05    1.7190190896803312e-05    1.7117667036205017e-05
16127.112658686247    1.6870966093638278e-05    1.687096609863831e-05    1.6976457802606647e-05    1.690612999829441e-05
