9.634965401610399567e+03 6.826560018399999891e-06 6.826559859999999655e-06 6.551649985599999638e-06 6.734923287999999446e-06
9.635065401570398535e+03 6.673725457535981765e-06 6.673724941436125297e-06 6.385257600859303086e-06 6.577569333277135587e-06
9.635165401530397503e+03 6.531224700604627004e-06 6.531224672504236134e-06 6.228104074927256165e-06 6.430184482678706435e-06
9.635265401490396471e+03 6.393759515464040523e-06 6.393759625963873581e-06 6.074736147248006574e-06 6.287418429558641073e-06
9.635365401450395439e+03 6.257465454175714505e-06 6.257464753777012287e-06 5.921151378941510758e-06 6.145360528964744721e-06
9.635465401410394406e+03 6.130894862647784782e-06 6.130893928448252407e-06 5.775737666235019958e-06 6.012508819110352665e-06
9.635565401370393374e+03 6.016635909429029650e-06 6.016635434527928235e-06 5.640907969100193055e-06 5.891393104352383082e-06
9.635665401330392342e+03 5.910871699848259832e-06 5.910872535344590393e-06 5.512642284354217349e-06 5.778128839849020830e-06
9.635765401290391310e+03 5.814733072852631096e-06 5.814733475054016967e-06 5.391795754120282321e-06 5.673754100675644026e-06
9.635865401250390278e+03 5.732048605171427982e-06 5.732048393173639239e-06 5.281979660547769335e-06 5.582025552964278852e-06
9.635965401210389246e+03 5.658700874298477597e-06 5.658699164304469023e-06 5.178759359191929973e-06 5.498719799264959429e-06
9.636065401170388213e+03 5.599553377355771095e-06 5.599552379452638186e-06 5.086648538198371967e-06 5.428584765002260416e-06
9.636165401130387181e+03 5.555163699276050062e-06 5.555163750271013895e-06 5.005811435928608652e-06 5.372046295158556407e-06
9.636265401090386149e+03 5.523275204024556719e-06 5.523275053225605688e-06 4.933484233811883779e-06 5.326678163687349293e-06
9.636365401050385117e+03 5.507295078490526859e-06 5.507295313688365068e-06 4.872597411174586806e-06 5.295729267784492629e-06
9.636465401010384085e+03 5.508940285227908842e-06 5.508940919725512294e-06 4.824254772063014555e-06 5.280711992338811897e-06
9.636565400970383052e+03 5.526061607320011250e-06 5.526062152820580370e-06 4.785601315788371022e-06 5.279241691976321445e-06
9.636665400930382020e+03 5.562093042078738100e-06 5.562093826877111001e-06 4.759255212957849484e-06 5.294480693971233426e-06
9.636765400890380988e+03 5.618814891790348033e-06 5.618814775796833767e-06 4.745977911998577290e-06 5.327869193195252748e-06
9.636865400850379956e+03 5.695130688183953796e-06 5.695130553184098466e-06 4.743640883761272514e-06 5.377967375043107976e-06
9.636965400810378924e+03 5.794369421367936595e-06 5.794369766364096870e-06 4.754279700986443562e-06 5.447672962906158727e-06
9.637065400770377892e+03 5.920883357752793767e-06 5.920881863868240421e-06 4.780717481615665068e-06 5.540827567745566136e-06
9.637165400730376859e+03 6.073026803199594052e-06 6.073027063384157969e-06 4.819556187109235888e-06 5.655203351230995687e-06
9.637265400690375827e+03 6.256583319231254077e-06 6.256584210025452973e-06 4.874435928091254423e-06 5.795867819115987723e-06
9.637365400650374795e+03 6.476060034165950060e-06 6.476059441880188642e-06 4.947573553459051156e-06 5.966564343168396619e-06
9.637465400610373763e+03 6.731717986550008228e-06 6.731717316850782750e-06 5.036423982270920665e-06 6.166619761890571677e-06
9.637565400570372731e+03 7.031161357601691570e-06 7.031160740901140572e-06 5.145368738442359354e-06 6.402563612315064115e-06
9.637665400530371699e+03 7.381485342793552083e-06 7.381484915191508208e-06 5.277833801236227116e-06 6.680268019740429136e-06
9.637765400490370666e+03 7.784468556158970760e-06 7.784468734352185338e-06 5.431450504443604313e-06 7.000129264984920137e-06
9.637865400450369634e+03 8.250580186756894407e-06 8.250581262746479381e-06 5.612128487977611248e-06 7.371096645826995577e-06
9.637965400410368602e+03 8.786567941168676804e-06 8.786566365100502722e-06 5.821946614312449288e-06 7.798360306860541808e-06
9.638065400370367570e+03 9.402476563818815716e-06 9.402475442513176434e-06 6.065895718445875337e-06 8.290282574925955829e-06
9.638165400330366538e+03 1.010838701609001502e-05 1.010838508810034098e-05 6.349896551285656626e-06 8.855556218492004772e-06
9.638265400290365505e+03 1.090904084106781716e-05 1.090904378100355878e-05 6.675908533718408705e-06 9.497997718596595728e-06
9.638365400250364473e+03 1.180809048659002375e-05 1.180809053662932859e-05 7.048092284261417956e-06 1.022142443582692258e-05
9.638465400210363441e+03 1.280837461963589515e-05 1.280837494263207377e-05 7.474365584707111205e-06 1.103037171565836004e-05
9.638565400170362409e+03 1.390685174749106161e-05 1.390685011151927415e-05 7.965845341391112458e-06 1.192651573346714997e-05
9.638665400130361377e+03 1.508105188435790770e-05 1.508105262232277100e-05 8.526998107402501445e-06 1.289636753802772559e-05
9.638765400090360345e+03 1.629734271987209779e-05 1.629733966992967840e-05 9.167685631169562852e-06 1.392078934032377968e-05
9.638865400050359312e+03 1.750201050069730279e-05 1.750200986765959959e-05 9.898395174713726509e-06 1.496747184769021020e-05
9.638965400010358280e+03 1.861414006348380951e-05 1.861414008947326722e-05 1.072400905780802398e-05 1.598409640358836747e-05
9.639065399970357248e+03 1.954125443097112208e-05 1.954125499296233086e-05 1.165109097842808645e-05 1.691120013412051313e-05
9.639165399930356216e+03 2.018711088839998582e-05 2.018710759046483561e-05 1.268138770952540991e-05 1.768520206279673926e-05
9.639265399890355184e+03 2.047345090492342382e-05 2.047344927889466475e-05 1.380946468152707195e-05 1.825212162178172130e-05
9.639365399850354152e+03 2.035589078323420749e-05 2.035588909023538815e-05 1.501378987430247340e-05 1.857518991592402188e-05
9.639465399810353119e+03 1.984422954326851602e-05 1.984422178937761982e-05 1.625952760512013384e-05 1.864932631258875656e-05
9.639565399770352087e+03 1.899537270348991035e-05 1.899536601447031253e-05 1.748959079724489478e-05 1.849344317173504148e-05
9.639665399730351055e+03 1.790023426223537450e-05 1.790023788804144739e-05 1.862708253161876623e-05 1.814251822729852712e-05
9.639765399690350023e+03 1.665758008165228867e-05 1.665757779676578206e-05 1.957682993842935537e-05 1.763066260561581096e-05
9.639865399650348991e+03 1.535537931282156087e-05 1.535537853879194388e-05 2.023809269302135445e-05 1.698295018154495419e-05
9.639965399610347959e+03 1.406575459316533914e-05 1.406574977124630117e-05 2.053201136961643600e-05 1.622117191134269437e-05
9.640065399570346926e+03 1.283742122063688959e-05 1.283742747041101514e-05 2.041777896156913818e-05 1.536420921753901543e-05
9.640165399530345894e+03 1.169905417162519441e-05 1.169905490773988873e-05 1.990528966422944472e-05 1.443446624786484318e-05
9.640265399490344862e+03 1.066381802654720386e-05 1.066381773756893397e-05 1.905316786561458229e-05 1.346026787657690445e-05
9.640365399450343830e+03 9.734453396850171696e-06 9.734455926589285197e-06 1.795199037016723123e-05 1.247363323120222937e-05
9.640465399410342798e+03 8.907119279779044974e-06 8.907117361876898062e-06 1.670155558535706635e-05 1.150526407567100256e-05
9.640565399370341765e+03 8.176194161306838591e-06 8.176195393836260675e-06 1.539501750625228428e-05 1.058246902046512841e-05
9.640665399330340733e+03 7.529018097862842964e-06 7.529019813751823922e-06 1.409997034285261816e-05 9.719336084822428632e-06
9.640765399290339701e+03 6.957594445242298180e-06 6.957597879202436349e-06 1.286677582184333782e-05 8.927322715429358862e-06
9.640865399250338669e+03 6.452884624625525997e-06 6.452883610930497167e-06 1.172380139084985574e-05 8.209856542135293250e-06
9.640965399210337637e+03 6.006802609915687789e-06 6.006801628414913376e-06 1.068420547089733046e-05 7.565936569742644441e-06
9.641065399170336605e+03 5.612253176729696026e-06 5.612253776691106534e-06 9.751602358152979471e-06 6.992036437191260112e-06
9.641165399130335572e+03 5.262458627807595057e-06 5.262455853991270653e-06 8.921423539918258872e-06 6.482112673905707630e-06
9.641265399090334540e+03 4.953060853806345125e-06 4.953060476445949555e-06 8.187806411783730203e-06 6.031309247345341628e-06
9.641365399050333508e+03 4.675507202638108073e-06 4.675508180303419045e-06 7.538067505195397004e-06 5.629694296045640809e-06
9.641465399010332476e+03 4.425578225905287348e-06 4.425579913986817004e-06 6.962613748740285989e-06 5.271257296210797627e-06
9.641565398970331444e+03 4.203701245487327964e-06 4.203701490925416728e-06 6.456806761908399659e-06 4.954736499440381450e-06
9.641665398930330412e+03 4.006465557438954481e-06 4.006463890790199339e-06 6.012075102780812017e-06 4.675001517003321664e-06
9.641765398890329379e+03 3.827502817402718152e-06 3.827501867983208195e-06 5.617006180624379897e-06 4.424003622003434850e-06
9.641865398850328347e+03 3.665971945955203195e-06 3.665972335718240155e-06 5.266762373147470030e-06 4.199568884940304601e-06
9.641965398810327315e+03 3.519697379583392956e-06 3.519697724984636150e-06 4.955253345551398407e-06 3.998216150039809312e-06
9.642065398770326283e+03 3.387173437568125369e-06 3.387172360808516718e-06 4.677813246279208641e-06 3.817386348218616768e-06
9.642165398730325251e+03 3.266939524718251140e-06 3.266938566614832777e-06 4.430156819069446234e-06 3.654678303467510192e-06
9.642265398690324218e+03 3.157582495700969931e-06 3.157582846262754579e-06 4.208455566026818323e-06 3.507873635996847752e-06
9.642365398650323186e+03 3.057975444337190747e-06 3.057974533974517373e-06 4.009492871129716721e-06 3.375147616480475229e-06
9.642465398610322154e+03 2.967263157732010981e-06 2.967261737547305214e-06 3.830730945380363889e-06 3.255085280219892655e-06
9.642565398570321122e+03 2.884513021063113894e-06 2.884512201044867100e-06 3.669696407162662071e-06 3.146240543090214355e-06
9.642665398530320090e+03 2.808856871764367877e-06 2.808855315187055916e-06 3.524237071251419682e-06 3.047316419400948107e-06
9.642765398490319058e+03 2.739848027526725588e-06 2.739847130206154351e-06 3.392853362767028320e-06 2.957516173499969420e-06
9.642865398450318025e+03 2.676732331502217904e-06 2.676731497600214262e-06 3.273817222827983921e-06 2.875760350643471888e-06
9.642965398410316993e+03 2.618972331263026114e-06 2.618971913949694091e-06 3.165778825208196876e-06 2.801241023473639450e-06
9.643065398370315961e+03 2.566263908992586077e-06 2.566263078005990217e-06 3.067774709206518633e-06 2.733433898735031783e-06
9.643165398330314929e+03 2.518021782378821401e-06 2.518021696654375518e-06 2.978601355053924760e-06 2.671548278029040701e-06
9.643265398290313897e+03 2.473862496822734166e-06 2.473863122899101751e-06 2.897341269197814672e-06 2.615022296306550478e-06
9.643365398250312865e+03 2.433548261689359585e-06 2.433549892955584251e-06 2.823340908568904054e-06 2.563479687737949297e-06
9.643465398210311832e+03 2.396673783961166552e-06 2.396673000343278058e-06 2.755782214648425329e-06 2.516376332984289839e-06
9.643565398170310800e+03 2.363002659513408779e-06 2.363003826146313697e-06 2.694120099025688737e-06 2.473375528228470263e-06
9.643665398130309768e+03 2.332183241840649674e-06 2.332185486303141615e-06 2.637675172929065866e-06 2.434014633690952668e-06
9.643765398090308736e+03 2.303803505690210917e-06 2.303804041550358404e-06 2.585788906539418186e-06 2.397798817926662926e-06
9.643865398050307704e+03 2.276549845454218460e-06 2.276548862308295999e-06 2.536927867794592064e-06 2.363342191852368559e-06
9.643965398010306671e+03 2.253737908345562752e-06 2.253735834384832358e-06 2.494181684195097342e-06 2.333885142308497767e-06
9.644065397970305639e+03 2.234834205607757642e-06 2.234833407361317500e-06 2.456847618388649707e-06 2.308838410452574809e-06
9.644165397930304607e+03 2.215099788646831047e-06 2.215100561089027821e-06 2.420050665162911116e-06 2.283417004966256943e-06
9.644265397890303575e+03 2.198907637259142840e-06 2.198908056972267434e-06 2.388028082365108742e-06 2.261947925532173005e-06
9.644365397850302543e+03 2.184876791570548072e-06 2.184875695027562520e-06 2.359252223096015020e-06 2.243001569898042153e-06
9.644465397810301511e+03 2.172831462331668209e-06 2.172830418429665711e-06 2.333452166623584910e-06 2.226371349128306559e-06
9.644565397770300478e+03 2.162326066115576730e-06 2.162325379301863782e-06 2.310073936144125643e-06 2.211575127187188577e-06
9.644665397730299446e+03 2.152248511718792388e-06 2.152248563590130390e-06 2.287912123099227980e-06 2.197469732802716637e-06
9.644765397690298414e+03 2.147018993195180655e-06 2.147020195550079750e-06 2.271329209558939823e-06 2.188456132768066601e-06
9.644865397650297382e+03 2.141646906740400462e-06 2.141646795992404537e-06 2.255272905345432848e-06 2.179522202692745808e-06
9.644965397610296350e+03 2.135796125838127004e-06 2.135795786347275158e-06 2.239313868378052200e-06 2.170301926854484505e-06
9.645065397570295318e+03 2.132831186182047691e-06 2.132831395859859355e-06 2.226772740969345577e-06 2.164145107670417682e-06
9.645165397530294285e+03 2.131304283396906727e-06 2.131303925120081721e-06 2.216151371260152563e-06 2.159586526592380619e-06
9.645265397490293253e+03 2.129775205899664266e-06 2.129774723204789510e-06 2.205955365085858551e-06 2.155168431396771058e-06
9.645365397450292221e+03 2.131651387142984887e-06 2.131650320867263538e-06 2.199570939592503583e-06 2.154290882534250387e-06
9.645465397410291189e+03 2.136418130286491009e-06 2.136417331875239007e-06 2.196414513667722714e-06 2.156416658609817859e-06
9.645565397370290157e+03 2.139051135861428981e-06 2.139049827083070415e-06 2.191431574685420618e-06 2.156510845876640005e-06
9.645665397330289125e+03 2.142613376230404249e-06 2.142612637406007909e-06 2.187669287727913336e-06 2.157631767121442114e-06
9.645765397290288092e+03 2.149771803241121522e-06 2.149769958188914836e-06 2.187734226187507359e-06 2.162425329205847765e-06
9.645865397250287060e+03 2.158558952967196996e-06 2.158556157908617811e-06 2.189656880766571851e-06 2.168923997214128886e-06
9.645965397210286028e+03 2.169200360962221332e-06 2.169198605116491002e-06 2.193641272778202047e-06 2.177346746285638410e-06
9.646065397170284996e+03 2.180828884578050967e-06 2.180828458119024268e-06 2.198774852660816419e-06 2.186810731785964026e-06
9.646165397130283964e+03 2.193622237140375951e-06 2.193621294463507024e-06 2.205216394908696567e-06 2.197486642170860271e-06
9.646265397090282931e+03 2.205659810488826120e-06 2.205658425208832343e-06 2.211016126846483578e-06 2.207444787514713731e-06
9.646365397050281899e+03 2.220696243714550433e-06 2.220695760073431878e-06 2.219907758624625068e-06 2.220433254137535793e-06
9.646465397010280867e+03 2.236660672915066813e-06 2.236659277357019824e-06 2.229812427671159787e-06 2.234377459314415475e-06
9.646565396970279835e+03 2.252587879458272365e-06 2.252586066177654043e-06 2.239737939744090921e-06 2.248303961793339109e-06
9.646665396930278803e+03 2.270909488120912093e-06 2.270908685473610629e-06 2.252133736556052126e-06 2.264650636716858142e-06
9.646765396890277771e+03 2.289709746803274655e-06 2.289708825508877496e-06 2.265013651250886064e-06 2.281477407854346213e-06
9.646865396850276738e+03 2.311366655797778689e-06 2.311365790795099033e-06 2.280745872320302537e-06 2.301159439637726471e-06
9.646965396810275706e+03 2.334829178165289413e-06 2.334828250468298955e-06 2.298286105942592638e-06 2.322647844858727002e-06
9.647065396770274674e+03 2.358114197275870652e-06 2.358113904145155147e-06 2.315638436325574894e-06 2.343955512582200372e-06
9.647165396730273642e+03 2.384763968548940634e-06 2.384764314817737419e-06 2.336301176423890022e-06 2.368609819930189782e-06
9.647265396690272610e+03 2.413187447923600836e-06 2.413186258499164089e-06 2.358668371500828669e-06 2.395014025974531198e-06
9.647365396650271578e+03 2.441188948590304626e-06 2.441188574649849474e-06 2.380565828758885453e-06 2.420981117333013325e-06
9.647465396610270545e+03 2.471336815161847442e-06 2.471337544506681329e-06 2.404534741317829358e-06 2.449069700328786608e-06
9.647565396570269513e+03 2.505121596093132908e-06 2.505121107954501490e-06 2.432011589921601252e-06 2.480751431323078409e-06
9.647665396530268481e+03 2.541490880685046464e-06 2.541489782216050291e-06 2.461698483060435142e-06 2.514893048653844248e-06
9.647765396490267449e+03 2.579822566360742617e-06 2.579822603902572257e-06 2.493111299616814808e-06 2.550918823293376843e-06
9.647865396450266417e+03 2.618014613139253203e-06 2.618015599890273248e-06 2.524994090703744109e-06 2.587008101244423238e-06
9.647965396410265384e+03 2.658573175493140933e-06 2.658572289490534151e-06 2.558492239446285200e-06 2.625212568143320236e-06
9.648065396370264352e+03 2.703659364509285363e-06 2.703658070630654773e-06 2.596264628663154418e-06 2.667860687934365133e-06
9.648165396330263320e+03 2.750896030732373480e-06 2.750895937668964785e-06 2.635932194392113717e-06 2.712574720931150802e-06
9.648265396290262288e+03 2.799199345592787410e-06 2.799198094554400315e-06 2.676651914450726968e-06 2.758349784865971423e-06
9.648365396250261256e+03 2.850513298491652464e-06 2.850512510866808121e-06 2.719737205561291199e-06 2.806921004973250736e-06
9.648465396210260224e+03 2.906262958326641437e-06 2.906262600503431796e-06 2.767159640308864716e-06 2.859895066379646548e-06
9.648565396170259191e+03 2.964673807858489627e-06 2.964672755596271515e-06 2.816769124166753353e-06 2.915371895873837600e-06
9.648665396130258159e+03 3.026659457086302030e-06 3.026656803874039185e-06 2.869542490633918595e-06 2.974286250531420360e-06
9.648765396090257127e+03 3.094679452878844744e-06 3.094677054464774365e-06 2.928338873535753279e-06 3.039231793626457604e-06
9.648865396050256095e+03 3.165589975163033488e-06 3.165587457269677872e-06 2.989425982260945160e-06 3.106867804897885366e-06
9.648965396010255063e+03 3.243384921847388681e-06 3.243382372349158573e-06 3.056214958501566649e-06 3.180994084232704352e-06
9.649065395970254031e+03 3.324471905063613172e-06 3.324470315609462328e-06 3.126341050073998994e-06 3.258427756915691639e-06
9.649165395930252998e+03 3.411235918856056926e-06 3.411235152609297992e-06 3.201415329552785116e-06 3.341295467006046819e-06
9.649265395890251966e+03 3.505466422848641569e-06 3.505464593109481479e-06 3.282944057312708034e-06 3.431291691090277310e-06
9.649365395850250934e+03 3.604098856408809036e-06 3.604096981311418327e-06 3.368384003417567661e-06 3.525526613712598482e-06
9.649465395810249902e+03 3.708453353661438107e-06 3.708451781143886803e-06 3.459151560525934506e-06 3.625352231777085907e-06
9.649565395770248870e+03 3.818363293772080148e-06 3.818360800125879939e-06 3.554938912454707786e-06 3.730554335450889150e-06
9.649665395730247837e+03 3.933676427090689554e-06 3.933672966947521235e-06 3.655236655621942248e-06 3.840862016553384628e-06
9.649765395690246805e+03 4.050346830425134138e-06 4.050344139979560698e-06 3.756754440884273683e-06 3.952481803762989506e-06
9.649865395650245773e+03 4.166670351038146953e-06 4.166667511747021912e-06 3.857884883669401090e-06 4.063740915484856934e-06
9.649965395610244741e+03 4.280392616094598363e-06 4.280389293723584399e-06 3.956046294371640273e-06 4.172276068063274062e-06
9.650065395570243709e+03 4.389232997885970624e-06 4.389231956448188563e-06 4.049813813309029581e-06 4.276092922547729589e-06
9.650165395530242677e+03 4.492687590514968368e-06 4.492687091481994847e-06 4.138271998720248320e-06 4.374548893572404128e-06
9.650265395490241644e+03 4.586480796540303101e-06 4.586478367358440657e-06 4.216265004441063903e-06 4.463074722779936170e-06
9.650365395450240612e+03 4.672076139519922873e-06 4.672071813836750654e-06 4.285919493302739952e-06 4.543355815553137826e-06
9.650465395410239580e+03 4.755473108460828173e-06 4.755470136876859223e-06 4.352321962951419245e-06 4.621088402763035829e-06
9.650565395370238548e+03 4.840589520989716463e-06 4.840586482293910016e-06 4.419075155390038710e-06 4.700083719557888114e-06
9.650665395330237516e+03 4.926362955083987917e-06 4.926358749357284569e-06 4.485227283039395323e-06 4.779316329160223450e-06
9.650765395290236484e+03 5.015593070094261586e-06 5.015587332191098353e-06 4.553417411562112291e-06 4.861532604615824359e-06
9.650865395250235451e+03 5.114908258948290688e-06 5.114904436326462102e-06 4.629640943524316441e-06 4.953151212933021947e-06
9.650965395210234419e+03 5.225282951789531546e-06 5.225280217719865662e-06 4.715193023085456279e-06 5.055252064198283931e-06
9.651065395170233387e+03 5.344221879196625854e-06 5.344218247854420160e-06 4.807513758460610866e-06 5.165317961837218960e-06
9.651165395130232355e+03 5.472824133014315403e-06 5.472819576374276970e-06 4.906932307178880617e-06 5.284192005522491279e-06
9.651265395090231323e+03 5.614597731261970268e-06 5.614593617733073588e-06 5.017244261624867585e-06 5.415478536873303814e-06
9.651365395050230291e+03 5.769251271607373365e-06 5.769244494082149073e-06 5.138617204679424146e-06 5.559037656789648862e-06
9.651465395010229258e+03 5.935620533390261348e-06 5.935611271954203250e-06 5.268732575322651956e-06 5.713321460222371902e-06
9.651565394970228226e+03 6.117066565301033817e-06 6.117058112147346401e-06 5.411025517847141868e-06 5.881716731765173747e-06
9.651665394930227194e+03 6.313136998985520630e-06 6.313129814500768954e-06 5.564843953706988913e-06 6.063703589064426448e-06
9.651765394890226162e+03 6.523228663504949342e-06 6.523219672626356159e-06 5.729570608027989630e-06 6.258672981386431710e-06
9.651865394850225130e+03 6.747866695705828539e-06 6.747856190808177763e-06 5.905191788148270663e-06 6.466971558220758424e-06
9.651965394810224097e+03 6.988866809387613604e-06 6.988850078111040595e-06 6.093258843847881311e-06 6.690325243782178503e-06
9.652065394770223065e+03 7.250583658501108391e-06 7.250583793547313363e-06 6.297933980475801594e-06 6.933033810841407783e-06
9.652165394730222033e+03 7.528807574013304740e-06 7.528785172964014784e-06 6.514496365259977596e-06 7.190696370745765707e-06
9.652265394690221001e+03 7.825052721909534414e-06 7.825018644517506549e-06 6.742923516167956072e-06 7.464331627531665114e-06
9.652365394650219969e+03 8.144633472485662641e-06 8.144622439781542579e-06 6.989683255184712581e-06 7.759646389150639550e-06
9.652465394610218937e+03 8.487910696849161883e-06 8.487922356360668187e-06 7.253523491916243872e-06 8.076452181708691032e-06
9.652565394570217904e+03 8.856071432581053091e-06 8.856093751830647619e-06 7.535137796744800689e-06 8.415767660385501596e-06
9.652665394530216872e+03 9.251632263619833621e-06 9.251610100769522944e-06 7.836171183278748173e-06 8.779804515889366552e-06
9.652765394490215840e+03 9.677170783507663975e-06 9.677136382078911398e-06 8.158808596201804728e-06 9.171038587262793932e-06
9.652865394450214808e+03 1.013585456721317348e-05 1.013578561468721151e-05 8.504425757846867346e-06 9.592021979915751908e-06
9.652965394410213776e+03 1.063031541770140767e-05 1.063027703250016725e-05 8.875431709340615995e-06 1.004534138651406194e-05
9.653065394370212744e+03 1.116484746465484672e-05 1.116475073587949542e-05 9.273855030951247625e-06 1.053448441049519546e-05
9.653165394330211711e+03 1.174278857655151130e-05 1.174272742296107490e-05 9.702388584177990997e-06 1.106263486123019127e-05
9.653265394290210679e+03 1.236904036790332344e-05 1.236904344720119936e-05 1.016307256887228698e-05 1.163371879465893772e-05
9.653365394250209647e+03 1.304881107627895024e-05 1.304885298242135530e-05 1.066105997996692799e-05 1.225290801288907784e-05
9.653465394210208615e+03 1.378788827553106560e-05 1.378792046525036490e-05 1.119841188370272418e-05 1.292474020816138377e-05
9.653565394170207583e+03 1.459287368715015567e-05 1.459278913183680241e-05 1.177948974543134645e-05 1.365505085480610151e-05
9.653665394130206550e+03 1.547219578056374808e-05 1.547210286618841705e-05 1.240976704274435799e-05 1.445135522983217551e-05
9.653765394090205518e+03 1.643452499146955660e-05 1.643461118499923298e-05 1.309390258934832205e-05 1.532101292193903947e-05
9.653865394050204486e+03 1.748963294922451476e-05 1.748963326371864930e-05 1.383868788141434791e-05 1.627265136478583507e-05
9.653965394010203454e+03 1.864908087804879606e-05 1.864899955225359377e-05 1.464965457753575298e-05 1.731591166927938150e-05
9.654065393970202422e+03 1.992667673342817804e-05 1.992674604991745676e-05 1.553678314415598186e-05 1.846340197583387448e-05
9.654165393930201390e+03 2.133769665703700932e-05 2.133766095410421162e-05 1.650795976418083932e-05 1.972777245844068675e-05
9.654265393890200357e+03 2.289971065644698099e-05 2.289971620726123801e-05 1.757246939713783486e-05 2.112396542028202134e-05
9.654365393850199325e+03 2.463515098326898866e-05 2.463521566668007166e-05 1.874516282996111077e-05 2.267184315997005590e-05
9.654465393810198293e+03 2.656816269393966711e-05 2.656822899781361501e-05 2.003986997345793015e-05 2.439208722173706850e-05
9.654565393770197261e+03 2.872423450916821304e-05 2.872423741113944837e-05 2.147036182566434254e-05 2.630627791532400245e-05
9.654665393730196229e+03 3.113839508054983772e-05 3.113833163277835304e-05 2.305660880148900619e-05 2.844444517160573570e-05
9.654765393690195197e+03 3.384689703215759357e-05 3.384688842981295400e-05 2.482015854307455927e-05 3.083798133501503561e-05
9.654865393650194164e+03 3.689496162957041613e-05 3.689482585569468543e-05 2.678864302124463724e-05 3.352614350216991519e-05
9.654965393610193132e+03 4.033399488864000589e-05 4.033394296493046546e-05 2.899007588527238900e-05 3.655267124628095571e-05
9.655065393570192100e+03 4.422395246730049856e-05 4.422387567530066299e-05 3.146238633427976425e-05 3.997007149229363742e-05
9.655165393530191068e+03 4.864193185644852897e-05 4.864171148405089845e-05 3.427115047670395057e-05 4.385159793906779718e-05
9.655265393490190036e+03 5.363458141840712120e-05 5.363446778873773351e-05 3.737942317464407828e-05 4.821615746059631325e-05
9.655365393450189003e+03 5.914190388432029159e-05 5.914190160123413656e-05 4.077613875884626823e-05 5.301998141480023213e-05
9.655465393410187971e+03 6.537383574934724955e-05 6.537399148138936609e-05 4.465454963175124803e-05 5.846745895416262574e-05
9.655565393370186939e+03 7.243879129475347650e-05 7.243873464425675066e-05 4.907097968797563759e-05 6.464950187566195718e-05
9.655665393330185907e+03 8.034474792884120393e-05 8.034447561369872253e-05 5.406653304835500870e-05 7.158525219696497161e-05
9.655765393290184875e+03 8.908463409257582613e-05 8.908444098598346402e-05 5.969768018984046104e-05 7.928891842279991932e-05
9.655865393250183843e+03 9.859707545472416582e-05 9.859723114456214071e-05 6.601887368459914511e-05 8.773772676129516410e-05
9.655965393210182810e+03 1.087041727374047782e-04 1.087042385549573311e-04 7.305694931112084191e-05 9.682178686782766397e-05
9.656065393170181778e+03 1.191020938103652774e-04 1.191020182522980553e-04 8.080914423551193977e-05 1.063377520993917530e-04
9.656165393130180746e+03 1.292840462792770051e-04 1.292838350807795666e-04 8.920489398609738458e-05 1.159242584487179764e-04
9.656265393090179714e+03 1.385805604225360057e-04 1.385806820841721748e-04 9.806593332620645821e-05 1.250757252776382039e-04
9.656365393050178682e+03 1.462298998014329332e-04 1.462296166060949578e-04 1.071240739814371734e-04 1.331945301296550170e-04
9.656465393010177650e+03 1.514262377412862895e-04 1.514262852428401951e-04 1.159348816025098852e-04 1.395958015288787583e-04
9.656565392970176617e+03 1.535585333475928793e-04 1.535585437907975299e-04 1.239474851288167954e-04 1.436881874224023835e-04
9.656665392930175585e+03 1.520457872671494869e-04 1.520458218250558011e-04 1.304615995112465645e-04 1.448510695344839509e-04
9.656765392890174553e+03 1.487436920938235577e-04 1.487437244440162592e-04 1.345711485060940014e-04 1.440195216813112728e-04
9.656865392850173521e+03 1.432339748207252423e-04 1.432340195696389911e-04 1.372512485580121083e-04 1.412397476494587625e-04
9.656965392810172489e+03 1.353508555009756535e-04 1.353509343279765426e-04 1.375455328906934982e-04 1.360824409065485648e-04
9.657065392770171457e+03 1.262334016236780901e-04 1.262334669448724259e-04 1.357843691469514096e-04 1.294170792385006599e-04
9.657165392730170424e+03 1.166119411721028846e-04 1.166119603861975689e-04 1.324361568315276540e-04 1.218866861299426754e-04
9.657265392690169392e+03 1.070535355417288084e-04 1.070535151152647807e-04 1.280876611239520878e-04 1.140649039269818878e-04
9.657365392650168360e+03 9.789311873763893571e-05 9.789315101391592373e-05 1.232393701622302984e-04 1.063418799712617283e-04
9.657465392610167328e+03 8.934720396452847763e-05 8.934722928315516231e-05 1.182843799016694705e-04 9.899293771645102777e-05
9.657565392570166296e+03 8.147854987948727548e-05 8.147853742590221017e-05 1.134014792352183297e-04 9.211952218020260513e-05
9.657665392530165263e+03 7.428313656617521830e-05 7.428314474530124168e-05 1.086021641685761278e-04 8.572281516001753379e-05
9.657765392490164231e+03 6.773122283893241182e-05 6.773127882757184993e-05 1.037931347251110591e-04 7.975187879720510695e-05
9.657865392450163199e+03 6.178238877541939518e-05 6.178241032957436753e-05 9.884136344131004472e-05 7.413538751543459796e-05
9.657965392410162167e+03 5.638420553023187952e-05 5.638416399803621460e-05 9.363121676723225491e-05 6.879986209850012086e-05
9.658065392370161135e+03 5.149821706182837125e-05 5.149814766540279420e-05 8.813565254188717910e-05 6.371067242303944818e-05
9.658165392330160103e+03 4.708429877633458371e-05 4.708432514544625086e-05 8.241157245455291169e-05 5.886006545877791994e-05
9.658265392290159070e+03 4.309583673476671941e-05 4.309589259001910883e-05 7.657916416969687962e-05 5.425696449816090714e-05
9.658365392250158038e+03 3.947762972580732210e-05 3.947761182071236712e-05 7.078346172562265050e-05 4.991290109071412227e-05
9.658465392210157006e+03 3.607363911861710448e-05 3.607349706728759726e-05 6.515292052428880900e-05 4.576668557006451261e-05
9.658565392170155974e+03 3.248047771301719569e-05 3.248042014603981303e-05 5.816917136723122848e-05 4.104335640876274573e-05
9.658665392130154942e+03 3.026035952244629352e-05 3.026032556820829576e-05 5.331528824614873818e-05 3.794532444560110577e-05
9.658765392090153910e+03 2.815569302248326273e-05 2.815571965971447134e-05 4.896618924156771361e-05 3.509253397458847917e-05
9.658865392050152877e+03 2.624815969416359024e-05 2.624816300939399448e-05 4.505767366385643463e-05 3.251799878913801210e-05
9.658965392010151845e+03 2.452785423993286020e-05 2.452782186635918976e-05 4.155684303980494379e-05 3.020417304869899792e-05
9.659065391970150813e+03 2.297605800252341303e-05 2.297605637855845991e-05 3.842629080172839498e-05 2.812613506093675033e-05
9.659165391930149781e+03 2.157541748915416121e-05 2.157542580419223173e-05 3.563091403445429464e-05 2.626058577593356027e-05
9.659265391890148749e+03 2.030576492824416178e-05 2.030569897746378212e-05 3.312940044775439762e-05 2.458028811782078164e-05
9.659365391850147716e+03 1.915276200192360848e-05 1.915272835976919452e-05 3.088837679816028623e-05 2.306462238661769528e-05
9.659465391810146684e+03 1.810441134005604297e-05 1.810434391536744860e-05 2.887970439583128129e-05 2.169615321708492090e-05
9.659565391770145652e+03 1.714754429230604728e-05 1.714769763457955079e-05 2.707444253646681728e-05 2.045656148778413958e-05
9.659665391730144620e+03 1.627042282510289439e-05 1.627042414212701070e-05 2.544696832094935359e-05 1.932927176272642182e-05
9.659765391690143588e+03 1.546029956168579813e-05 1.546023890783258808e-05 2.397459114913876596e-05 1.829837653955238293e-05
9.659865391650142556e+03 1.468295405931420959e-05 1.468302509919525757e-05 2.262668975026249383e-05 1.733088963625731976e-05
9.659965391610141523e+03 1.403814340543486091e-05 1.403818742513852983e-05 2.141541321846639271e-05 1.649724801634659392e-05
9.660065391570140491e+03 1.348766408662678067e-05 1.348759205527950554e-05 2.036569310304300277e-05 1.578031641498309689e-05
9.660165391530139459e+03 1.295455403672935482e-05 1.295457960788860094e-05 1.941999826449180262e-05 1.510971063636991663e-05
9.660265391490138427e+03 1.245476287585640522e-05 1.245472258652333076e-05 1.853815642209126390e-05 1.448254729482366550e-05
9.660365391450137395e+03 1.199064699004112558e-05 1.199055732505765257e-05 1.772811655046632365e-05 1.390310695518836557e-05
9.660465391410136363e+03 1.155944302861551983e-05 1.155943598418663684e-05 1.698384308420131171e-05 1.336757403233448776e-05
9.660565391370135330e+03 1.116083864181973289e-05 1.116086728716549390e-05 1.630063007421020296e-05 1.287411200106514438e-05
9.660665391330134298e+03 1.079107585230990561e-05 1.079119242726995350e-05 1.567293049062826527e-05 1.241839959006937366e-05
9.660765391290133266e+03 1.044826660255941122e-05 1.044823960737869443e-05 1.509447194896971673e-05 1.199699271963594136e-05
9.660865391250132234e+03 1.013031362752446481e-05 1.013030552856502768e-05 1.456121560331984004e-05 1.160727825313644474e-05
9.660965391210131202e+03 9.834950484628401270e-06 9.835006208190199908e-06 1.406874610873007087e-05 1.124623426718289125e-05
9.661065391170130169e+03 9.561099415768190194e-06 9.561104704434972537e-06 1.361281754179458670e-05 1.091167388733258484e-05
9.661165391130129137e+03 9.306834988897743811e-06 9.306847196072037698e-06 1.319182752753040532e-05 1.060183657083339505e-05
9.661265391090128105e+03 9.068039664558464209e-06 9.068078985005849555e-06 1.279955914640267868e-05 1.031189259865566358e-05
9.661365391050127073e+03 8.846256217755892420e-06 8.846307739667551455e-06 1.243580027462539190e-05 1.004278807734961080e-05
9.661465391010126041e+03 8.646008718350075715e-06 8.646008014586862916e-06 1.210429758684462125e-05 9.798771439927187192e-06
9.661565390970125009e+03 8.456642980520451887e-06 8.456751687377031144e-06 1.179219906293541292e-05 9.568531243610964754e-06
9.661665390930123976e+03 8.282037499387568652e-06 8.282208028985267863e-06 1.150377370136888039e-05 9.356006409913906764e-06
9.661765390890122944e+03 8.114017893100218556e-06 8.114014003901110731e-06 1.122903694639818125e-05 9.152356281133171309e-06
9.661865390850121912e+03 7.967664889845322760e-06 7.967566411322480669e-06 1.098356927267527043e-05 8.972933524614357389e-06
9.661965390810120880e+03 7.828790548435003434e-06 7.828901207943972853e-06 1.075208012732039906e-05 8.803257294566456189e-06
9.662065390770119848e+03 7.698646638367790448e-06 7.698694227108028888e-06 1.053483392793914890e-05 8.644058264471657772e-06
9.662165390730118816e+03 7.582410618047206633e-06 7.582335755071002980e-06 1.033666090456641953e-05 8.500469092561542482e-06
9.662265390690117783e+03 7.466320817800375417e-06 7.466555044565418831e-06 1.014327942940053791e-05 8.358718430588777952e-06
9.662365390650116751e+03 7.369258508656862775e-06 7.369262720981506396e-06 9.973198366863705809e-06 8.237239865500692789e-06
9.662465390610115719e+03 7.273505742363930861e-06 7.273333941854797357e-06 9.808249311831165697e-06 8.118362998683297972e-06
9.662565390570114687e+03 7.185851220154053872e-06 7.185960015782158490e-06 9.655617671174691839e-06 8.009142969036966655e-06
9.662665390530113655e+03 7.110007656407061520e-06 7.109984557073660841e-06 9.517553655392849076e-06 7.912515289624524095e-06
9.662765390490112623e+03 7.036278892335805322e-06 7.036128071787636599e-06 9.384676404222761694e-06 7.819027789448735103e-06
9.662865390450111590e+03 6.967697849349136329e-06 6.967789931633063551e-06 9.258978460490526093e-06 7.731488747157575606e-06
9.662965390410110558e+03 6.903340211849076737e-06 6.903382381223138318e-06 9.139117546457834225e-06 7.648613379843350324e-06
9.663065390370109526e+03 6.843659174893924413e-06 6.843659233610344879e-06 9.027462849353221828e-06 7.571593752619163142e-06
9.663165390330108494e+03 6.785675976362191486e-06 6.785679244500873222e-06 8.918626490494202004e-06 7.496660570452422802e-06
9.663265390290107462e+03 6.734545429990242507e-06 6.734553002104727419e-06 8.818060128978703058e-06 7.429052853691225175e-06
9.663365390250106429e+03 6.682667622331832840e-06 6.682666473219268264e-06 8.717471716808028210e-06 7.360935270786376438e-06
9.663465390210105397e+03 6.631350384484517413e-06 6.631349042206352642e-06 8.619094707894052332e-06 7.293931378194974129e-06
9.663565390170104365e+03 6.578556214813146320e-06 6.578577224464666570e-06 8.519406172509638611e-06 7.225513203929151347e-06
9.663665390130103333e+03 6.527408257359304765e-06 6.527418534687546030e-06 8.421296214654839669e-06 7.158707668900563770e-06
9.663765390090102301e+03 6.471647431771520605e-06 6.471630842456104239e-06 8.318793706754707749e-06 7.087357326994111429e-06
9.663865390050101269e+03 6.405113937202633932e-06 6.405116663776773128e-06 8.205383632928369450e-06 7.005204744635924939e-06
9.663965390010100236e+03 6.336303146167204288e-06 6.336305038263941043e-06 8.087468434515834298e-06 6.920025539648993492e-06
9.664065389970099204e+03 6.256853084592782281e-06 6.256855596920814219e-06 7.957911749227791537e-06 6.823873476913796012e-06
9.664165389930098172e+03 6.169330575597917179e-06 6.169322545425247277e-06 7.819642101029463828e-06 6.719431740684208581e-06
9.664265389890097140e+03 6.065068980401791229e-06 6.065060489555461226e-06 7.662115288576820394e-06 6.597414919511358181e-06
9.664365389850096108e+03 5.951064955056498482e-06 5.951079459261086682e-06 7.490846402129470578e-06 6.464330272149019145e-06
9.664465389810095076e+03 5.814510884292356884e-06 5.814524970041891423e-06 7.295292458483994430e-06 6.308109437606081759e-06
9.664565389770094043e+03 5.664507668532642278e-06 5.664502922055158731e-06 7.083230867556379157e-06 6.137413819381392824e-06
9.664665389730093011e+03 5.493946192698896085e-06 5.493947852540016090e-06 6.847407750725851570e-06 5.945100598654921530e-06
9.664765389690091979e+03 5.316782177730646070e-06 5.316792241332225574e-06 6.602393982529450723e-06 5.745322800530774122e-06
9.664865389650090947e+03 5.119226516342874797e-06 5.119243482520087565e-06 6.334980305665727597e-06 5.524483434842896935e-06
9.664965389610089915e+03 4.913915128998922373e-06 4.913925169127496890e-06 6.058797375173076595e-06 5.295545891099833082e-06
9.665065389570088882e+03 4.685453259379214355e-06 4.685462658556040849e-06 5.762169268304440137e-06 5.044361728746565114e-06
9.665165389530087850e+03 4.464630692928086746e-06 4.464637569531839928e-06 5.474344129933790858e-06 4.801204130797906127e-06
9.665265389490086818e+03 4.250392833617357996e-06 4.250397991025031532e-06 5.195791211341483734e-06 4.565527345327958601e-06
9.665365389450085786e+03 4.045985843234709749e-06 4.045989879870541624e-06 4.930646759956162726e-06 4.340874161020471931e-06
9.665465389410084754e+03 3.853792834405062489e-06 3.853796138194173434e-06 4.681829479537118526e-06 4.129806150712117867e-06
9.665565389370083722e+03 3.675108638545968183e-06 3.675111453905554998e-06 4.450866897412698709e-06 3.933695663288073540e-06
9.665665389330082689e+03 3.510295962596604741e-06 3.510298442437670970e-06 4.238115681263920800e-06 3.752903362099399119e-06
9.665765389290081657e+03 3.359035063622534248e-06 3.359037303551994694e-06 4.043083407225923951e-06 3.587051924800150541e-06
9.665865389250080625e+03 3.220570322311056593e-06 3.220572382633183919e-06 3.864740572162480222e-06 3.435294425702240245e-06
9.665965389210079593e+03 3.093910702561306924e-06 3.093912621978722933e-06 3.701772242181663758e-06 3.296531855573897589e-06
9.666065389170078561e+03 2.977973511226211856e-06 2.977975315240521399e-06 3.552757583190757403e-06 3.169568803219163553e-06
9.666165389130077529e+03 2.871677606110694760e-06 2.871679312022898148e-06 3.416285684558556357e-06 3.053214200897383229e-06
9.666265389090076496e+03 2.773997982103455462e-06 2.773999602014188725e-06 3.291022939327134088e-06 2.946340174481592335e-06
9.666365389050075464e+03 2.683993620122457873e-06 2.683995163232073451e-06 3.175746995771538433e-06 2.847911926375356868e-06
9.666465389010074432e+03 2.600818175403430903e-06 2.600819648512223122e-06 3.069359319704038666e-06 2.756999047873230474e-06
9.666565388970073400e+03 2.523720403778998495e-06 2.523721812687087720e-06 2.970885015663999892e-06 2.672775744043362318e-06
9.666665388930072368e+03 2.452038945389065225e-06 2.452040294896574038e-06 2.879465682196183784e-06 2.594514974160607400e-06
9.666765388890071335e+03 2.385194388034938436e-06 2.385195682341937728e-06 2.794348950783962431e-06 2.521579673720279532e-06
9.666865388850070303e+03 2.322680370322257453e-06 2.322681613128808213e-06 2.714876899019701771e-06 2.453412960823589286e-06
9.666965388810069271e+03 2.264054722966367956e-06 2.264055917572518169e-06 2.640474576703899264e-06 2.389528405747594847e-06
9.667065388770068239e+03 2.208931173443033847e-06 2.208932322948806788e-06 2.570639292177333357e-06 2.329500929523058280e-06
9.667165388730067207e+03 2.156971851100940826e-06 2.156972958406359617e-06 2.504930947806106928e-06 2.272958585771135931e-06
9.667265388690066175e+03 2.107880665663295648e-06 2.107881733268408951e-06 2.442963507754008423e-06 2.219575302228570866e-06
9.667365388650065142e+03 2.061397539234413340e-06 2.061398569639219839e-06 2.384397569061593231e-06 2.169064559311741995e-06
9.667465388610064110e+03 2.017293429703181691e-06 2.017294425107718177e-06 2.328933949722284544e-06 2.121173934844395086e-06
9.667565388570063078e+03 1.975366059565034064e-06 1.975367021969324050e-06 2.276308185581755000e-06 2.075680422372037845e-06
9.667665388530062046e+03 1.935436264148771992e-06 1.935437195552814426e-06 2.226285822843987226e-06 2.032386427515191497e-06
9.667765388490061014e+03 1.897344874253277429e-06 1.897345776457096734e-06 2.178658396890055716e-06 1.991116349200143505e-06
9.667865388450059982e+03 1.860950056896444550e-06 1.860950931600052367e-06 2.133239999512470291e-06 1.951713662669655878e-06
9.667965388410058949e+03 1.826125045065052640e-06 1.826125893868460961e-06 2.089864346350897100e-06 1.914038428428137323e-06
9.668065388370057917e+03 1.792756199378363526e-06 1.792757023581610800e-06 2.048382270445364846e-06 1.877965164468446179e-06
9.668165388330056885e+03 1.760741348454370915e-06 1.760742149657416194e-06 2.008659575192785475e-06 1.843381024434857598e-06
9.668265388290055853e+03 1.729988367980861401e-06 1.729989147183782933e-06 1.970575192510021444e-06 1.810184235891555048e-06
9.668365388250054821e+03 1.700413958794005166e-06 1.700414717396749150e-06 1.934019600005871614e-06 1.778282758732208431e-06
9.668465388210053788e+03 1.671942596454468297e-06 1.671943335457086933e-06 1.898893456150864742e-06 1.747593129354139991e-06
9.668565388170052756e+03 1.644505623932640083e-06 1.644506344335132635e-06 1.865106422457794568e-06 1.718039463575189378e-06
9.668665388130051724e+03 1.618040467393320545e-06 1.618041170195686062e-06 1.832576142662247519e-06 1.689552593417084709e-06
9.668765388090050692e+03 1.592489955582859978e-06 1.592490641685110990e-06 1.801227357005863411e-06 1.662069318091277985e-06
9.668865388050049660e+03 1.567801728820278318e-06 1.567802399122414648e-06 1.770991131824819063e-06 1.635531753255837343e-06
9.668965388010048628e+03 1.543927723385388378e-06 1.543928378587435958e-06 1.741804186334706059e-06 1.609886762769176728e-06
9.669065387970047595e+03 1.520823720912893759e-06 1.520824361814838574e-06 1.713608304522646055e-06 1.585085462416792584e-06
9.669165387930046563e+03 1.498448954185115495e-06 1.498449581486970560e-06 1.686349819038054690e-06 1.561082784903380319e-06
9.669265387890045531e+03 1.476765760125929109e-06 1.476766374427707788e-06 1.659979157684630557e-06 1.537837097412755465e-06
9.669365387850044499e+03 1.455739274897271793e-06 1.455739876798973262e-06 1.634450443015910131e-06 1.515309864904051729e-06
9.669465387810043467e+03 1.435337164392478827e-06 1.435337754494102474e-06 1.609721139626580705e-06 1.493465352837720739e-06
9.669565387770042435e+03 1.415529386334075214e-06 1.415529965135634753e-06 1.585751740949701368e-06 1.472270364139803990e-06
9.669665387730041402e+03 1.396287978470233188e-06 1.396288546471728144e-06 1.562505491151973998e-06 1.451694005364645110e-06
9.669765387690040370e+03 1.377586870971496356e-06 1.377587428672926043e-06 1.539948138529518826e-06 1.431707479391313460e-06
9.669865387650039338e+03 1.359401719129698795e-06 1.359402267031062949e-06 1.518047715006385451e-06 1.412283900389049065e-06
9.669965387610038306e+03 1.341709753953731483e-06 1.341710292355057645e-06 1.496774338729273227e-06 1.393398128346020644e-06
