1.897383759333929993e+04 1.039647936699999997e-03 1.039072729199999904e-03 1.041483981400000060e-03 1.040068215766666799e-03
1.897393759333929847e+04 1.016466162699999898e-03 1.015860017599999957e-03 1.018429424899999899e-03 1.016918535066666657e-03
1.897403759333929702e+04 9.916550128409027439e-04 9.910219985909036761e-04 9.937301227808986899e-04 9.921357114042351089e-04
1.897413759333929556e+04 9.654661150509528163e-04 9.648107127709535605e-04 9.676359753209493302e-04 9.659709343809517578e-04
1.897423759333929411e+04 9.379823431119997147e-04 9.373092033520010304e-04 9.402291400819940727e-04 9.385068955153315698e-04
1.897433759333929265e+04 9.096466159120617607e-04 9.089604098320627074e-04 9.119523509220574167e-04 9.101864588887273672e-04
1.897443759333929120e+04 8.805283530721186303e-04 8.798336574021192909e-04 8.828753233621156006e-04 8.810791112787844711e-04
1.897453759333928974e+04 8.510039700532222350e-04 8.503051791232226408e-04 8.533751649932196830e-04 8.515614380565548168e-04
1.897463759333928829e+04 8.212007445432526918e-04 8.205019467732527433e-04 8.235802567832518602e-04 8.217609826999189900e-04
1.897473759333928683e+04 7.913494977343439769e-04 7.906544436043433724e-04 7.937226890543447929e-04 7.919088767976773446e-04
1.897483759333928538e+04 7.616378237043236205e-04 7.609498733943225986e-04 7.639915337343263727e-04 7.621930769443241611e-04
1.897493759333928392e+04 7.322382216642781515e-04 7.315603265442767759e-04 7.345608532742827065e-04 7.327864671609459141e-04
1.897503759333928247e+04 7.032957517952645454e-04 7.026304210552622572e-04 7.055773728152720187e-04 7.038345152219329043e-04
1.897513759333928101e+04 6.749240730451607721e-04 6.742734098251580493e-04 6.771563115451698089e-04 6.754512648051629129e-04
1.897523759333927956e+04 6.472431561060421924e-04 6.466088718760386106e-04 6.494191491360544553e-04 6.477570590393784194e-04
1.897533759333927810e+04 6.203251229058756025e-04 6.197085498458718058e-04 6.224394433258890417e-04 6.208243720258789251e-04
1.897543759333927665e+04 5.942420665656933127e-04 5.936442070956892813e-04 5.962905630857078063e-04 5.947256122490301696e-04
1.897553759333927519e+04 5.690371606964187302e-04 5.684586990064137164e-04 5.710168854664361042e-04 5.695042483897561113e-04
1.897563759333927374e+04 5.447499916061849384e-04 5.441913576061798785e-04 5.466590055762029230e-04 5.452001182628559133e-04
1.897573759333927228e+04 5.213926884767977870e-04 5.208540716267921278e-04 5.232299631368187267e-04 5.218255744134696556e-04
1.897583759333927082e+04 4.989761949565240566e-04 4.984576017565182059e-04 5.007414269265449743e-04 4.993917412131958179e-04
1.897593759333926937e+04 4.775031300862494967e-04 4.770043837262437077e-04 4.791966972562703374e-04 4.779014036895878111e-04
1.897603759333926791e+04 4.569673570967237907e-04 4.564881529667173744e-04 4.585901523067469521e-04 4.573485541233960391e-04
1.897613759333926646e+04 4.373413936864259063e-04 4.368813218764196356e-04 4.388947314764486424e-04 4.377058156797647101e-04
1.897623759333926500e+04 4.186185884068113349e-04 4.181771476568045803e-04 4.201041401168360227e-04 4.189666253934840154e-04
1.897633759333926355e+04 4.007676092964941789e-04 4.003442365264875923e-04 4.021872942065181193e-04 4.010997133431666302e-04
1.897643759333926209e+04 3.837647269261855671e-04 3.833588118961792318e-04 3.851206432162087830e-04 3.840813940128578606e-04
1.897653759333926064e+04 3.675760214164783919e-04 3.671869205064716424e-04 3.688704107465029828e-04 3.678777842231510057e-04
1.897663759333925918e+04 3.521700529261651436e-04 3.517970961361586513e-04 3.534052674761887624e-04 3.524574721795041316e-04
1.897673759333925773e+04 3.375195912763957837e-04 3.371621091263889776e-04 3.386980003264206010e-04 3.377932335764017874e-04
1.897683759333925627e+04 3.235917668260803078e-04 3.232490800560738117e-04 3.247157726261040429e-04 3.238522065027527388e-04
1.897693759333925482e+04 3.103424887557840726e-04 3.100139248057779524e-04 3.114144890158067813e-04 3.105903008591229535e-04
1.897703759333925336e+04 2.977548601859531289e-04 2.974397649659467975e-04 2.987771861459766871e-04 2.979906037659588711e-04
1.897713759333925191e+04 2.857881634956594839e-04 2.854858871156534328e-04 2.867631374656818958e-04 2.860123960256649375e-04
1.897723759333925045e+04 2.744205488957897061e-04 2.741304677757835278e-04 2.753503964858126582e-04 2.746338043857953154e-04
1.897733759333924900e+04 2.636095687955062358e-04 2.633310757455003159e-04 2.644964772155280770e-04 2.638123739188448220e-04
1.897743759333924754e+04 2.533389974552310202e-04 2.530715083552253770e-04 2.541850522852517912e-04 2.535318526985694504e-04
1.897753759333924609e+04 2.435697939053310277e-04 2.433127515553253290e-04 2.443769942753522425e-04 2.437531799120028664e-04
1.897763759333924463e+04 2.342782244150703845e-04 2.340310868250649831e-04 2.350485144050905079e-04 2.344526085484086161e-04
1.897773759333924318e+04 2.254432551151426371e-04 2.252055170851371556e-04 2.261784517551630649e-04 2.256090746518142588e-04
1.897783759333924172e+04 2.170406975948909465e-04 2.168118644148857483e-04 2.177425710949103114e-04 2.171983777015623173e-04
1.897793759333924027e+04 2.090409207946564965e-04 2.088205327846515710e-04 2.097111252146749037e-04 2.091908595979942876e-04
1.897803759333923881e+04 2.014218031347120774e-04 2.012094167347071446e-04 2.020619313047306964e-04 2.015643837247166304e-04
1.897813759333923736e+04 1.941737039744826428e-04 1.939689045844779445e-04 1.947852406545003145e-04 1.943092830711536610e-04
1.897823759333923590e+04 1.872673515945225337e-04 1.870697385645178059e-04 1.878517325045403149e-04 1.873962742211935425e-04
1.897833759333923445e+04 1.806826829443118772e-04 1.804918814643074326e-04 1.812412504443287767e-04 1.808052716176493531e-04
1.897843759333923299e+04 1.744122528541061255e-04 1.742279087841018970e-04 1.749462711341221951e-04 1.745288109241100816e-04
1.897853759333923153e+04 1.684322018841335046e-04 1.682539795941292732e-04 1.689428706741496360e-04 1.685430173841375074e-04
1.897863759333923008e+04 1.627234591139459783e-04 1.625510420039419737e-04 1.632119153739613289e-04 1.628288054972830846e-04
1.897873759333922862e+04 1.572815319639595368e-04 1.571146155039555294e-04 1.577488577939749109e-04 1.573816684206299924e-04
1.897883759333922717e+04 1.520801515037845282e-04 1.519184558737806919e-04 1.525273419937991503e-04 1.521753164571214387e-04
1.897893759333922571e+04 1.471173405836108958e-04 1.469605947236073183e-04 1.475453588636248627e-04 1.472077647236143770e-04
1.897903759333922426e+04 1.423732195536244133e-04 1.422211714736208038e-04 1.427829639536383629e-04 1.424591183269611843e-04
1.897913759333922280e+04 1.378394297634637005e-04 1.376918415534602799e-04 1.382317450134770156e-04 1.379210054434669896e-04
1.897923759333922135e+04 1.335059919434682725e-04 1.333626359134648860e-04 1.338816776834815981e-04 1.335834351801382612e-04
1.897933759333921989e+04 1.293626235733161647e-04 1.292232869433129479e-04 1.297224327233288785e-04 1.294361144133193394e-04
1.897943759333921844e+04 1.253921215031778209e-04 1.252566036431747743e-04 1.257367591831899634e-04 1.254618281098475105e-04
1.897953759333921698e+04 1.215911209931804220e-04 1.214592313131773835e-04 1.219212604531925558e-04 1.216572042531834628e-04
1.897963759333921553e+04 1.179534205730437853e-04 1.178249778030409034e-04 1.182696956630553887e-04 1.180160313463800303e-04
1.897973759333921407e+04 1.144689957930422922e-04 1.143438326130394403e-04 1.147719913030539012e-04 1.145282732363785491e-04
1.897983759333921262e+04 1.111288215229163555e-04 1.110067753429136255e-04 1.114190993029274515e-04 1.111848987229191487e-04
1.897993759333921116e+04 1.079302199327927402e-04 1.078111377627901502e-04 1.082083160828033820e-04 1.079832245927954241e-04
1.898003759333920971e+04 1.048582566027939360e-04 1.047419939227913795e-04 1.051246635528045592e-04 1.049083046927966068e-04
1.898013759333920825e+04 1.019091363326822070e-04 1.017955566526797717e-04 1.021643247026924066e-04 1.019563392293514618e-04
1.898023759333920680e+04 9.907682991967901170e-05 9.896580629067658460e-05 9.932124030268919877e-05 9.912129217101493621e-05
1.898033759333920534e+04 9.635941435357032515e-05 9.625082478256803003e-05 9.659346135058013625e-05 9.640123349557285306e-05
1.898043759333920389e+04 9.374947259246867149e-05 9.364320216746648115e-05 9.397354801347810552e-05 9.378874092447108605e-05
1.898053759333920243e+04 9.123859632546631128e-05 9.113453529946415022e-05 9.145306425847575808e-05 9.127539862780208223e-05
1.898063759333920098e+04 8.883004027436580739e-05 8.872808452336375319e-05 8.903525504337490523e-05 8.886445994703482646e-05
1.898073759333919952e+04 8.650600292036734573e-05 8.640605515836530107e-05 8.670228897737643594e-05 8.653811568536970780e-05
1.898083759333919807e+04 8.427848466626902744e-05 8.418044963026708415e-05 8.446615589627779418e-05 8.430836339760464429e-05
1.898093759333919661e+04 8.213005519418846803e-05 8.203384477818660486e-05 8.230940185919694799e-05 8.215776727719068266e-05
1.898103759333919515e+04 8.006467870217899606e-05 7.997020885717715346e-05 8.023597447718749432e-05 8.009028734551455698e-05
1.898113759333919370e+04 7.806862531410585970e-05 7.797581788310410916e-05 7.823212570911409038e-05 7.809218963544135308e-05
1.898123759333919224e+04 7.615881697408435598e-05 7.606759703308261502e-05 7.631476085509260852e-05 7.618039162075319318e-05
1.898133759333919079e+04 7.430661602502148350e-05 7.421691028701982965e-05 7.445523317702947453e-05 7.432625316302360493e-05
1.898143759333918933e+04 7.252901315094007709e-05 7.244075466693848274e-05 7.267051350894784107e-05 7.254676044227545341e-05
1.898153759333918788e+04 7.081010276093853341e-05 7.072322569893697744e-05 7.094469324894633010e-05 7.082600723627393343e-05
1.898163759333918642e+04 6.915752897986372544e-05 6.907197205186223709e-05 6.928539604187130662e-05 6.917163235786575638e-05
1.898173759333918497e+04 6.755924440086065528e-05 6.747494905685918120e-05 6.768056462886826684e-05 6.757158602886270563e-05
1.898183759333918351e+04 6.601755244279475883e-05 6.593446229179337006e-05 6.613249294780218924e-05 6.602816922746343486e-05
1.898193759333918206e+04 6.453005468773167250e-05 6.444811708273032831e-05 6.463876912773892838e-05 6.453898029940031424e-05
1.898203759333918060e+04 6.309389819372415015e-05 6.301306494572281899e-05 6.319652895173145121e-05 6.310116403039281582e-05
1.898213759333917915e+04 6.170295420766986911e-05 6.162317641366860175e-05 6.179963460167701647e-05 6.170858840767181556e-05
1.898223759333917769e+04 6.035989682966124369e-05 6.028112914765999488e-05 6.045075380366844373e-05 6.036392659366322517e-05
1.898233759333917624e+04 5.906123925060632852e-05 5.898343764460513375e-05 5.914638779761339051e-05 5.906368823094161759e-05
1.898243759333917478e+04 5.780853025554949726e-05 5.773165399554834961e-05 5.788807950655642078e-05 5.780942125255142481e-05
1.898253759333917333e+04 5.660085238653772988e-05 5.652486330153659751e-05 5.667489827654474064e-05 5.660020465487302494e-05
1.898263759333917187e+04 5.542867848149251773e-05 5.535353787149144278e-05 5.549731568549940276e-05 5.542651067949445442e-05
1.898273759333917042e+04 5.429725114448179658e-05 5.422292428448073620e-05 5.436055872148878095e-05 5.429357805015044017e-05
1.898283759333916896e+04 5.320162283543491391e-05 5.312807708643389233e-05 5.325967873744179249e-05 5.319645955310353517e-05
1.898293759333916751e+04 5.213937070039120395e-05 5.206657358939022418e-05 5.219224193739799007e-05 5.213272874239313940e-05
1.898303759333916605e+04 5.111258657938210729e-05 5.104050891238113479e-05 5.116033263738900593e-05 5.110447604305074707e-05
1.898313759333916460e+04 5.011905007333734841e-05 5.004766175233642413e-05 5.016173198234416612e-05 5.010948126933931966e-05
1.898323759333916314e+04 4.915815614732837010e-05 4.908742853732745614e-05 4.919582202533530536e-05 4.914713556999705064e-05
1.898333759333916169e+04 4.822539409428948273e-05 4.815530256528860134e-05 4.825808312129636299e-05 4.821292659362481795e-05
1.898343759333916023e+04 4.732313592624731605e-05 4.725365613124646519e-05 4.735088870825413551e-05 4.730922692191598129e-05
1.898353759333915878e+04 4.645030053123838822e-05 4.638140984023755506e-05 4.647313901024535882e-05 4.643494979390710070e-05
1.898363759333915732e+04 4.560172530520396444e-05 4.553340283520316206e-05 4.561966989021091405e-05 4.558493267687268018e-05
1.898373759333915586e+04 4.478107289319421065e-05 4.471329690519340751e-05 4.479414479120129804e-05 4.476283819652962970e-05
1.898383759333915441e+04 4.398561228715754611e-05 4.391836353615678008e-05 4.399382355216462548e-05 4.396593312515965056e-05
1.898393759333915295e+04 4.321215301712553320e-05 4.314541406112479120e-05 4.321550490013260665e-05 4.319102399279430357e-05
1.898403759333915150e+04 4.246597361711297808e-05 4.239972748711224313e-05 4.246446759812022294e-05 4.244338956744847687e-05
1.898413759333915004e+04 4.174112835208115970e-05 4.167535825908044554e-05 4.173475831908840810e-05 4.171708164341667789e-05
1.898423759333914859e+04 4.103837562807377326e-05 4.097306748307306658e-05 4.102713287508121659e-05 4.101285866207601203e-05
1.898433759333914713e+04 4.035743706904043794e-05 4.029257622803975719e-05 4.034130323904791825e-05 4.033043884537603553e-05
1.898443759333914568e+04 3.969503115301212113e-05 3.963060644401146179e-05 3.967397970801963723e-05 3.966653910168107790e-05
1.898453759333914422e+04 3.905466321800174658e-05 3.899066127900108496e-05 3.902866554600948479e-05 3.902466334767076985e-05
1.898463759333914277e+04 3.843231754697355295e-05 3.836872885397290574e-05 3.840134245798133893e-05 3.840079628630926813e-05
1.898473759333914131e+04 3.782867924896624788e-05 3.776549236896560124e-05 3.779268569697428489e-05 3.779561910496871360e-05
1.898483759333913986e+04 3.724333837993696082e-05 3.718054683593632778e-05 3.720227630494507022e-05 3.720872050693945746e-05
1.898493759333913840e+04 3.667615723190789228e-05 3.661375281890727284e-05 3.662997633791609069e-05 3.663996212957709204e-05
1.898503759333913695e+04 3.612568201790117685e-05 3.606365962990055015e-05 3.607431896790966194e-05 3.608788687190379857e-05
1.898513759333913549e+04 3.559101126587530260e-05 3.552936328187469362e-05 3.553440781788388280e-05 3.555159412187795516e-05
1.898523759333913404e+04 3.507418073286490233e-05 3.501290269286428091e-05 3.501226630187378460e-05 3.503311657586766047e-05
1.898533759333913258e+04 3.457365552283761317e-05 3.451274404483699733e-05 3.450635367684662359e-05 3.453091774817374469e-05
1.898543759333913113e+04 3.408599747281607854e-05 3.402544975181547515e-05 3.401322494182523162e-05 3.404155738881892618e-05
1.898553759333912967e+04 3.361364562580764946e-05 3.355346213180702655e-05 3.353530412081716941e-05 3.356747062614395073e-05
1.898563759333912822e+04 3.315517261078391900e-05 3.309535085478330365e-05 3.307117245579359869e-05 3.310723197378694045e-05
1.898573759333912676e+04 3.271092742177575250e-05 3.265146788677512370e-05 3.262116623778581675e-05 3.266118718211222873e-05
1.898583759333912531e+04 3.227934401275364104e-05 3.222024901475300422e-05 3.218370642276390648e-05 3.222776648342351951e-05
1.898593759333912385e+04 3.186371694372577818e-05 3.180498860872513873e-05 3.176208996973624261e-05 3.181026517406238425e-05
1.898603759333912240e+04 3.146239770471539706e-05 3.140404195371473273e-05 3.135464680772631434e-05 3.140702882205215256e-05
1.898613759333912094e+04 3.107068984169826303e-05 3.101271047769758941e-05 3.095668983170940075e-05 3.101336338370175332e-05
1.898623759333911948e+04 3.069180549668918691e-05 3.063420697168849771e-05 3.057141529370080495e-05 3.063247592069283663e-05
1.898633759333911803e+04 3.032617086366508533e-05 3.026896250866437639e-05 3.019923445167699213e-05 3.026478927466881908e-05
1.898643759333911657e+04 2.997073651264653128e-05 2.991392476764580816e-05 2.983710524465871055e-05 2.990725550831701553e-05
1.898653759333911512e+04 2.962745490163691401e-05 2.957105244163615588e-05 2.948695062264966807e-05 2.956181932197424599e-05
1.898663759333911366e+04 2.929537693561612901e-05 2.923939552261534700e-05 2.914781849662921505e-05 2.922753031828689363e-05
1.898673759333911221e+04 2.897439053260722342e-05 2.891884181360640863e-05 2.881959478562091517e-05 2.890427571061151687e-05
1.898683759333911075e+04 2.866337364058836514e-05 2.860827028358752159e-05 2.850114943560241876e-05 2.859093111992610522e-05
1.898693759333910930e+04 2.836539254456370507e-05 2.831075240756283042e-05 2.819552107957817155e-05 2.829055534390157014e-05
1.898703759333910784e+04 2.808035838054958369e-05 2.802619753254865649e-05 2.790262679656473603e-05 2.800306090322099320e-05
1.898713759333910639e+04 2.780280563053515912e-05 2.774914361953419821e-05 2.761697841255076800e-05 2.772297588754003839e-05
1.898723759333910493e+04 2.753535520152540887e-05 2.748221078352439207e-05 2.734119696954177622e-05 2.745292098486385680e-05
1.898733759333910348e+04 2.728004984950154727e-05 2.722744696850048604e-05 2.707729681151843616e-05 2.719493120984015536e-05
1.898743759333910202e+04 2.703559648448023160e-05 2.698355939447911843e-05 2.682397878449764569e-05 2.694771155448566637e-05
1.898753759333910057e+04 2.679893965847352514e-05 2.674749376347233909e-05 2.657817711049182216e-05 2.670820351081255761e-05
1.898763759333909911e+04 2.657237339845333390e-05 2.652154695945209439e-05 2.634216718647222949e-05 2.647869584812588480e-05
1.898773759333909766e+04 2.635628426144022923e-05 2.630610933943890590e-05 2.611631747046011613e-05 2.625957035711308149e-05
1.898783759333909620e+04 2.615002908042019606e-05 2.610053655041880786e-05 2.589997157344075645e-05 2.605017906809325233e-05
1.898793759333909475e+04 2.595588496439552462e-05 2.590711185939405627e-05 2.569538595441679289e-05 2.585279425940212347e-05
1.898803759333909329e+04 2.576927101038697335e-05 2.572125639238540074e-05 2.549795925240939438e-05 2.566282888506059062e-05
1.898813759333909184e+04 2.559084863336998439e-05 2.554363203036833147e-05 2.530834143339319805e-05 2.548094069904383797e-05
1.898823759333909038e+04 2.542358746235292351e-05 2.537720528235116736e-05 2.512948401337739473e-05 2.531009225269382966e-05
1.898833759333908893e+04 2.526673404033096508e-05 2.522124267132908450e-05 2.496059964335635016e-05 2.514952545167213212e-05
1.898843759333908747e+04 2.511795644431392299e-05 2.507340603731193949e-05 2.479933584834026871e-05 2.499689944332204373e-05
1.898853759333908602e+04 2.498161901529263789e-05 2.493806351729050164e-05 2.465003020132046821e-05 2.485657091130120258e-05
1.898863759333908456e+04 2.485519209327136190e-05 2.481268945826910080e-05 2.451012904430028427e-05 2.472600353194691453e-05
1.898873759333908311e+04 2.473867333425433607e-05 2.469727829425191870e-05 2.437961783728487806e-05 2.460518982193037987e-05
1.898883759333908165e+04 2.463045252323622537e-05 2.459023412123365410e-05 2.425685864226795666e-05 2.449251509557927984e-05
1.898893759333908019e+04 2.453236111321411449e-05 2.449339530621138015e-05 2.414359327824723445e-05 2.438978323255757297e-05
1.898903759333907874e+04 2.444634435819088419e-05 2.440870095818794820e-05 2.404179672422590233e-05 2.429894734686824603e-05
1.898913759333907728e+04 2.436905525317151777e-05 2.433281894116839204e-05 2.394808285820796751e-05 2.421665235084929357e-05
1.898923759333907583e+04 2.430222642915073382e-05 2.426748243914737070e-05 2.386410269318941886e-05 2.414460385382917107e-05
1.898933759333907437e+04 2.424644005512582737e-05 2.421328757912224195e-05 2.379042026916619617e-05 2.408338263447142296e-05
1.898943759333907292e+04 2.420318785709755881e-05 2.417172282509374819e-05 2.372849630713967336e-05 2.403446899644365786e-05
1.898953759333907146e+04 2.417001849807602355e-05 2.414035493507189260e-05 2.367579779212078013e-05 2.399539040842289876e-05
1.898963759333907001e+04 2.414720728905228088e-05 2.411946455004787811e-05 2.363258237909904381e-05 2.396641807273306986e-05
1.898973759333906855e+04 2.413575813502665917e-05 2.411006709802187935e-05 2.359976835607640127e-05 2.394853119637498106e-05
1.898983759333906710e+04 2.413599921299943612e-05 2.411248767099436534e-05 2.357761568105157650e-05 2.394203418834845706e-05
1.898993759333906564e+04 2.414788822097231898e-05 2.412671327396687703e-05 2.356604100902694854e-05 2.394688083465538152e-05
1.899003759333906419e+04 2.417084007894572563e-05 2.415217004293980353e-05 2.356438460500391501e-05 2.396246490896314580e-05
1.899013759333906273e+04 2.420945172290869698e-05 2.419345619490237027e-05 2.357714012996983764e-05 2.399334934926030050e-05
1.899023759333906128e+04 2.425840811888245303e-05 2.424527973387556847e-05 2.359893267294767258e-05 2.403420684190190029e-05
1.899033759333905982e+04 2.431914196685417491e-05 2.430910237984675783e-05 2.363108697692279324e-05 2.408644377454124312e-05
1.899043759333905837e+04 2.439382144282069084e-05 2.438710283081271471e-05 2.367568291489292247e-05 2.415220239617544380e-05
1.899053759333905691e+04 2.448258124778365569e-05 2.447942684177496236e-05 2.373271426386098736e-05 2.423157411780653401e-05
1.899063759333905546e+04 2.458347148175408503e-05 2.458416588574470273e-05 2.380015019783562687e-05 2.432259585511147267e-05
1.899073759333905400e+04 2.469990966671195041e-05 2.470475779670167361e-05 2.388125388879936529e-05 2.442864045073766423e-05
1.899083759333905255e+04 2.483062755067662696e-05 2.483997083266550727e-05 2.397463040576900347e-05 2.454840959637037698e-05
1.899093759333905109e+04 2.497396051064541898e-05 2.498816054663340332e-05 2.407848558874307974e-05 2.468020221534063401e-05
1.899103759333904964e+04 2.513393818859842207e-05 2.515341954358516665e-05 2.419668954070328351e-05 2.482801575762895628e-05
1.899113759333904818e+04 2.530702385756552044e-05 2.533221788055118039e-05 2.432556905867648442e-05 2.498827026559772503e-05
1.899123759333904673e+04 2.549789938651391983e-05 2.552929932849811698e-05 2.446958257063326002e-05 2.516559376188176448e-05
1.899133759333904527e+04 2.570354505147630494e-05 2.574170107745910028e-05 2.462565497660254845e-05 2.535696703517931563e-05
1.899143759333904381e+04 2.592221114944314844e-05 2.596772026442442473e-05 2.479177563657696294e-05 2.556056901681484650e-05
1.899153759333904236e+04 2.615782180639142853e-05 2.621134035937074003e-05 2.497182139553494803e-05 2.578032785376570214e-05
1.899163759333904090e+04 2.640791762235401044e-05 2.647014840633150719e-05 2.516305892850603928e-05 2.601370831906385343e-05
1.899173759333903945e+04 2.667355097530421318e-05 2.674526396727937923e-05 2.536654982146698486e-05 2.626178825468352575e-05
1.899183759333903799e+04 2.695416104426498656e-05 2.703620062523793966e-05 2.558161804043666349e-05 2.652399323664653103e-05
1.899193759333903654e+04 2.724714078723258531e-05 2.734039153520322131e-05 2.580559587341332630e-05 2.679770939861637877e-05
1.899203759333903508e+04 2.755491589818263480e-05 2.766034380715029359e-05 2.604086537537518759e-05 2.708537502690270646e-05
1.899213759333903363e+04 2.787477845915053577e-05 2.799340400411548538e-05 2.628485781235202220e-05 2.738434675853935004e-05
1.899223759333903217e+04 2.820788938610322959e-05 2.834076260606487496e-05 2.653879817531636741e-05 2.769581672249482173e-05
1.899233759333903072e+04 2.855207165207342490e-05 2.870028250103213584e-05 2.680070107229493134e-05 2.801768507513349623e-05
1.899243759333902926e+04 2.890557614204832738e-05 2.907028221400392368e-05 2.706911052427741452e-05 2.834832296010988853e-05
1.899253759333902781e+04 2.927104517200282120e-05 2.945332766695486608e-05 2.734698191624182972e-05 2.869045158506650905e-05
1.899263759333902635e+04 2.964211225298754671e-05 2.984311924493645730e-05 2.762844908323202085e-05 2.903789352705201055e-05
1.899273759333902490e+04 3.001674974596417721e-05 3.023752234690952972e-05 2.791197386821609190e-05 2.938874865369659622e-05
1.899283759333902344e+04 3.039744360894743125e-05 3.063898064889002088e-05 2.820056625920208294e-05 2.974566350567984615e-05
1.899293759333902199e+04 3.078218360193625086e-05 3.104541349787627108e-05 2.849293611819163477e-05 3.010684440600138557e-05
1.899303759333902053e+04 3.117001510491359140e-05 3.145571463985064265e-05 2.878875837217133163e-05 3.047149603897852190e-05
1.899313759333901908e+04 3.155587798391910697e-05 3.186469899985433469e-05 2.908369812117380117e-05 3.083475836831574648e-05
1.899323759333901762e+04 3.193855288691411273e-05 3.227095079084720518e-05 2.937734787216673160e-05 3.119561718330934419e-05
1.899333759333901617e+04 3.232182407491242574e-05 3.267803815684483857e-05 2.967415705015776777e-05 3.155800642730500956e-05
1.899343759333901471e+04 3.270193726792138043e-05 3.308199836085371539e-05 2.997097288815774694e-05 3.191830283897762442e-05
1.899353759333901326e+04 3.307537384492674015e-05 3.347911028785870245e-05 3.026502666415488852e-05 3.227317026564677704e-05
1.899363759333901180e+04 3.344356719294180901e-05 3.387055869687497726e-05 3.055820191015741119e-05 3.262410926665806356e-05
1.899373759333901035e+04 3.380674070194302589e-05 3.425633922587723181e-05 3.085123887314715355e-05 3.297143960032247268e-05
1.899383759333900889e+04 3.416340021896198663e-05 3.463468004089888513e-05 3.114315266415042168e-05 3.331374430800375770e-05
1.899393759333900744e+04 3.451223127498476330e-05 3.500407453792491705e-05 3.143281739415696471e-05 3.364970773568888395e-05
1.899403759333900598e+04 3.485454659099128139e-05 3.536566112993448738e-05 3.172171551814868779e-05 3.398064107969148552e-05
1.899413759333900452e+04 3.519320013200206895e-05 3.572207538594973538e-05 3.201290851514191976e-05 3.430939467769790577e-05
1.899423759333900307e+04 3.552673782000500792e-05 3.607171422195697483e-05 3.230478459512929151e-05 3.463441221236375809e-05
1.899433759333900161e+04 3.585657040601605752e-05 3.641583556497343590e-05 3.259888570012265454e-05 3.495709722370404706e-05
1.899443759333900016e+04 3.618181119502975946e-05 3.675342725599291976e-05 3.289405690011946363e-05 3.527643178371404762e-05
1.899453759333899870e+04 3.650370448402803146e-05 3.708565233899684111e-05 3.319133526510236360e-05 3.559356402937574539e-05
1.899463759333899725e+04 3.682560565102801445e-05 3.741574170400328945e-05 3.349381119108666658e-05 3.591171951537265231e-05
1.899473759333899579e+04 3.714742555701654821e-05 3.774351961799834256e-05 3.380109403506097144e-05 3.623067973669195858e-05
1.899483759333899434e+04 3.747132938301018666e-05 3.807113851599883023e-05 3.411496276304084565e-05 3.655247688734996096e-05
1.899493759333899288e+04 3.779739489000357437e-05 3.839856252999942284e-05 3.443521917702132472e-05 3.687705886567477849e-05
1.899503759333899143e+04 3.812776284997841333e-05 3.872782534498182898e-05 3.476357526798462804e-05 3.720638782098161667e-05
1.899513759333898997e+04 3.846302427296327889e-05 3.905945811397450309e-05 3.510032269795868595e-05 3.754093502829882264e-05
1.899523759333898852e+04 3.880500723693004799e-05 3.939518877294960833e-05 3.544680856791596307e-05 3.788233485926520872e-05
1.899533759333898706e+04 3.915419945790749788e-05 3.973537321193567858e-05 3.580331323388461997e-05 3.823096196790926548e-05
1.899543759333898561e+04 3.951210955988022173e-05 4.008141828291734060e-05 3.617093509684984068e-05 3.858815431321580100e-05
1.899553759333898415e+04 3.987976666883635563e-05 4.043417066488352418e-05 3.655045930479879177e-05 3.895479887950622838e-05
1.899563759333898270e+04 4.025733325180498747e-05 4.079364217786225858e-05 3.694171030076167359e-05 3.933089524347630655e-05
1.899573759333898124e+04 4.064598441075576612e-05 4.116079835582457717e-05 3.734567468870673404e-05 3.971748581842903029e-05
1.899583759333897979e+04 4.104697866271624860e-05 4.153664280879676830e-05 3.776348168566242354e-05 4.011570105239181574e-05
1.899593759333897833e+04 4.145962752967894061e-05 4.192028454577180382e-05 3.819425271962091970e-05 4.052472159835721912e-05
1.899603759333897688e+04 4.188466382262381698e-05 4.231218800173109653e-05 3.863859826556129617e-05 4.094515002997206989e-05
1.899613759333897542e+04 4.232222893958325282e-05 4.271222479870475714e-05 3.909663489151697028e-05 4.137702954326832449e-05
1.899623759333897397e+04 4.277246128652585963e-05 4.312021625666416085e-05 3.956863330045459005e-05 4.182043694788153910e-05
1.899633759333897251e+04 4.323548973548395927e-05 4.353600237863863864e-05 4.005476021640833116e-05 4.227541744351031195e-05
1.899643759333897106e+04 4.371048535444477891e-05 4.395846179561678968e-05 4.055437860836415422e-05 4.274110858614191212e-05
1.899653759333896960e+04 4.419767741638712177e-05 4.438751781157958498e-05 4.106787345030004819e-05 4.321768955942225391e-05
1.899663759333896814e+04 4.469616623834971920e-05 4.482195609556176763e-05 4.159475083725574097e-05 4.370429105705574260e-05
1.899673759333896669e+04 4.520508377229668116e-05 4.526068890753159012e-05 4.213463587019303420e-05 4.420013618334043968e-05
1.899683759333896523e+04 4.572368335926427864e-05 4.570266454452073432e-05 4.268715053715076488e-05 4.470449948031193272e-05
1.899693759333896378e+04 4.625112503723468417e-05 4.614685852551331008e-05 4.325206369510926446e-05 4.521668241928575516e-05
1.899703759333896232e+04 4.678601811619028582e-05 4.659166526549507161e-05 4.382872941104895705e-05 4.573547093091144268e-05
1.899713759333896087e+04 4.732729928916867335e-05 4.703588199949707130e-05 4.441681863801030897e-05 4.625999997555868228e-05
1.899723759333895941e+04 4.787304655113370979e-05 4.747750726448977135e-05 4.501520206795371393e-05 4.678858529452573621e-05
1.899733759333895796e+04 4.842151192412441147e-05 4.791477970350466442e-05 4.562311851392110938e-05 4.731980338051672616e-05
1.899743759333895650e+04 4.897101265012087582e-05 4.834605113952517843e-05 4.623987669689087391e-05 4.785231349551230035e-05
1.899753759333895505e+04 4.952012527110222787e-05 4.877001752353474283e-05 4.686509817283918789e-05 4.838508032249204383e-05
1.899763759333895359e+04 5.006609571811308047e-05 4.918414470656874444e-05 4.749709739181575882e-05 4.891577927216586124e-05
1.899773759333895214e+04 5.060658261711236744e-05 4.958634197359533839e-05 4.813469531577321673e-05 4.944253996882698096e-05
1.899783759333895068e+04 5.113956335813858749e-05 4.997495939964277168e-05 4.877707420275651255e-05 4.996386565351262617e-05
1.899793759333894923e+04 5.166339663117053066e-05 5.034883925669424420e-05 4.942364208674188667e-05 5.047862599153555836e-05
1.899803759333894777e+04 5.217407560619789628e-05 5.070447246574502902e-05 5.007154340771365866e-05 5.098336382655219466e-05
1.899813759333894632e+04 5.266978432725072314e-05 5.104071299281346378e-05 5.072006380471147586e-05 5.147685370825855200e-05
1.899823759333894486e+04 5.314846906829338288e-05 5.135618564487526679e-05 5.136803329468984735e-05 5.195756266928616793e-05
1.899833759333894341e+04 5.360589556736917766e-05 5.164746860296151029e-05 5.201218517570345488e-05 5.242184978201137868e-05
1.899843759333894195e+04 5.404103021644864638e-05 5.191437322604842633e-05 5.265209819271856733e-05 5.286916721173854668e-05
1.899853759333894050e+04 5.445103542452332476e-05 5.215499600113337103e-05 5.328556916271849056e-05 5.329720019612506663e-05
1.899863759333893904e+04 5.483287494562476711e-05 5.236727360923546280e-05 5.390987968075148878e-05 5.370334274520391300e-05
1.899873759333893759e+04 5.518403245172250109e-05 5.254967235533643298e-05 5.452270182577056528e-05 5.408546887760983538e-05
1.899883759333893613e+04 5.550190482684358721e-05 5.270068721845061656e-05 5.512134740282214295e-05 5.444131314937211106e-05
1.899893759333893468e+04 5.578548209996835364e-05 5.282037377456458212e-05 5.570443036587875832e-05 5.477009541347056018e-05
1.899903759333893322e+04 5.603148967809607861e-05 5.290653694968340396e-05 5.626807313792897862e-05 5.506869992190282039e-05
1.899913759333893177e+04 5.623816479724060458e-05 5.295853350780894536e-05 5.680960476301021635e-05 5.533543435601991984e-05
1.899923759333893031e+04 5.640401370538458253e-05 5.297591152093551390e-05 5.732630298908266878e-05 5.556874273846758614e-05
1.899933759333892885e+04 5.652734257354235793e-05 5.295801946406639599e-05 5.781506652018632639e-05 5.576680951926502451e-05
1.899943759333892740e+04 5.660708523970409107e-05 5.290478382619754499e-05 5.827310307630034607e-05 5.592832404740066522e-05
1.899953759333892594e+04 5.664172112687021531e-05 5.281568455833386900e-05 5.869687783641206293e-05 5.605142784053871575e-05
1.899963759333892449e+04 5.663053334304192271e-05 5.269089507346759948e-05 5.908339178755169115e-05 5.613494006802041122e-05
1.899973759333892303e+04 5.657290173921804461e-05 5.253057265560657580e-05 5.942958186569018863e-05 5.617768542017160301e-05
1.899983759333892158e+04 5.646930963539193593e-05 5.233592900273643223e-05 5.973336575685063410e-05 5.617953479832633635e-05
1.899993759333892012e+04 5.631830633457132149e-05 5.210617723686926346e-05 5.999047492502722931e-05 5.613831949882259798e-05
1.900003759333891867e+04 5.612085491975423671e-05 5.184277572100615681e-05 6.019903093120334257e-05 5.605422052398791429e-05
1.900013759333891721e+04 5.587664541893284909e-05 5.154585654713420028e-05 6.035569169440157178e-05 5.592606455348954038e-05
1.900023759333891576e+04 5.558796775211321558e-05 5.121790152526467917e-05 6.045991802059808235e-05 5.575526243265866355e-05
1.900033759333891430e+04 5.525458157328561981e-05 5.085888954438444156e-05 6.050846439281278965e-05 5.554064517016094808e-05
1.900043759333891285e+04 5.487762434245364201e-05 5.046988630650009618e-05 6.049979629103342804e-05 5.528243564666239778e-05
1.900053759333891139e+04 5.445940017962799595e-05 5.005313176062227301e-05 6.043341390725839792e-05 5.498198194916955337e-05
1.900063759333890994e+04 5.400073150678542748e-05 4.960911660272838714e-05 6.030774484948918591e-05 5.463919765300100469e-05
1.900073759333890848e+04 5.350315710695498103e-05 4.913898951484713188e-05 6.012206077472955298e-05 5.425473579884389089e-05
1.900083759333890703e+04 5.296937069809725291e-05 4.864487340194139102e-05 5.987714705496227212e-05 5.383046371833364094e-05
1.900093759333890557e+04 5.240150833123114122e-05 4.812829442702964939e-05 5.957336272419357017e-05 5.336772182748478693e-05
1.900103759333890412e+04 5.180136665937979979e-05 4.759019858713376739e-05 5.921137302143543565e-05 5.286764608931633202e-05
1.900113759333890266e+04 5.117098214749972137e-05 4.703184338021409972e-05 5.879208648766263528e-05 5.233163733845882783e-05
1.900123759333890121e+04 5.051386118862965418e-05 4.645570094830559871e-05 5.831845817889535664e-05 5.176267343861020543e-05
1.900133759333889975e+04 4.983067622073395170e-05 4.586150024337785604e-05 5.779094343211099868e-05 5.116103996540760440e-05
1.900143759333889830e+04 4.912501862782388745e-05 4.525178336043994884e-05 5.721302910531268570e-05 5.052994369785884066e-05
1.900153759333889684e+04 4.839902092593169119e-05 4.462754969252075447e-05 5.658732312252669959e-05 4.987129791365972186e-05
1.900163759333889539e+04 4.765407425000821578e-05 4.398915613657793214e-05 5.591588683871136299e-05 4.918637240843250138e-05
1.900173759333889393e+04 4.689281808110176681e-05 4.333816662365248145e-05 5.520205577990852858e-05 4.847768016155425895e-05
1.900183759333889248e+04 4.611759333615868056e-05 4.267584333669865928e-05 5.444942122306663988e-05 4.774761929864132205e-05
1.900193759333889102e+04 4.533007413620877677e-05 4.200291319274187911e-05 5.366068966921371734e-05 4.699789233272145096e-05
1.900203759333888956e+04 4.453183664028148619e-05 4.131995748480757423e-05 5.283884004337855870e-05 4.623021138948921541e-05
1.900213759333888811e+04 4.372440700231928140e-05 4.062765623584598727e-05 5.198682070250258019e-05 4.544629464688928973e-05
1.900223759333888665e+04 4.290991025137796028e-05 3.992735745490434571e-05 5.110810120464430749e-05 4.464845630364219320e-05
1.900233759333888520e+04 4.208934225940314070e-05 3.921934154993634891e-05 5.020514604674481828e-05 4.383794328536144274e-05
1.900243759333888374e+04 4.126471200141998397e-05 3.850497623696268385e-05 4.928141270383099405e-05 4.301703364740455622e-05
1.900253759333888229e+04 4.043632476846570497e-05 3.778409845801591974e-05 4.833875472494377943e-05 4.218639265047513471e-05
1.900263759333888083e+04 3.960570503347504663e-05 3.705782783303848238e-05 4.737993217601140444e-05 4.134782168084164222e-05
1.900273759333887938e+04 3.877466912850701590e-05 3.632762814608148831e-05 4.640830396610032363e-05 4.050353374689627143e-05
1.900283759333887792e+04 3.794365541950692883e-05 3.559375085409699995e-05 4.542563342914692306e-05 3.965434656758362180e-05
1.900293759333887647e+04 3.711446581049922640e-05 3.485785195610553207e-05 4.443502375118042909e-05 3.880244717259506026e-05
1.900303759333887501e+04 3.628710269752161578e-05 3.411988220914112437e-05 4.343783773124445201e-05 3.794827421263573524e-05
1.900313759333887356e+04 3.546354504850542300e-05 3.338182247414150477e-05 4.243732004025863822e-05 3.709422918763518641e-05
1.900323759333887210e+04 3.464482596751460784e-05 3.264472131616423631e-05 4.143576660229948835e-05 3.624177129532611761e-05
1.900333759333887065e+04 3.383106349649333666e-05 3.190885512215894151e-05 4.043460209529781298e-05 3.539150690465003038e-05
1.900343759333886919e+04 3.302449416146245609e-05 3.117651281014381019e-05 3.943716675928180719e-05 3.454605791029602223e-05
1.900353759333886774e+04 3.222564309545837991e-05 3.044835696315232912e-05 3.844534972329376990e-05 3.370644992730149637e-05
1.900363759333886628e+04 3.143581859741930102e-05 2.972573218112838352e-05 3.746164176725866541e-05 3.287439751526878670e-05
1.900373759333886483e+04 3.065601728640428151e-05 2.900950445712674260e-05 3.648864226824770075e-05 3.205138800392624501e-05
1.900383759333886337e+04 2.988295945637483951e-05 2.829614399811422891e-05 3.552600802920245044e-05 3.123503716123050855e-05
1.900393759333886192e+04 2.911408697235657231e-05 2.758899838708709512e-05 3.456248692520632427e-05 3.042185742821666277e-05
1.900403759333886046e+04 2.836810566228377628e-05 2.689962794303457690e-05 3.362660784311969573e-05 2.963144714947935077e-05
1.900413759333885901e+04 2.763827229721269328e-05 2.622340674697669257e-05 3.271086698803104691e-05 2.885751534407348098e-05
1.900423759333885755e+04 2.692417684316939265e-05 2.556053499594204749e-05 3.181492994597647037e-05 2.809988059502930576e-05
1.900433759333885610e+04 2.622621455009779015e-05 2.491170409687973043e-05 3.093945773688563646e-05 2.735912546128772127e-05
1.900443759333885464e+04 2.554495179802367125e-05 2.427765151981413724e-05 3.008531512179097025e-05 2.663597281320959404e-05
1.900453759333885318e+04 2.488094344597124443e-05 2.365904723876807806e-05 2.925332663172290924e-05 2.593110577215407950e-05
1.900463759333885173e+04 2.423467014889189007e-05 2.305645933169640782e-05 2.844419189562064418e-05 2.524510712540297956e-05
1.900473759333885027e+04 2.360651515183366726e-05 2.247034298764402711e-05 2.765845714454452439e-05 2.457843842800740060e-05
1.900483759333884882e+04 2.299675605875068236e-05 2.190103802456818706e-05 2.689650857943722210e-05 2.393143422091869717e-05
1.900493759333884736e+04 2.240556352666692270e-05 2.134877072449133136e-05 2.615857541032888775e-05 2.330430322049571168e-05
1.900503759333884591e+04 2.183300399360369858e-05 2.081365856343340645e-05 2.544473794824615593e-05 2.269713350176108473e-05
1.900513759333884445e+04 2.127904517051911352e-05 2.029571710335532548e-05 2.475493871913684357e-05 2.210990033100376198e-05
1.900523759333884300e+04 2.074356348845457084e-05 1.979486848429581569e-05 2.408899547305258558e-05 2.154247581526765737e-05
1.900533759333884154e+04 2.022635290537081891e-05 1.931095098221820809e-05 2.344661526194457757e-05 2.099463971651120491e-05
1.900543759333884009e+04 1.972713450528834579e-05 1.884372913414167697e-05 2.282740897583835024e-05 2.046609087175612095e-05
1.900553759333883863e+04 1.924556645622495701e-05 1.839290402808291892e-05 2.223090579675598315e-05 1.995645876035461857e-05
1.900563759333883718e+04 1.878125392414523164e-05 1.795812340700878707e-05 2.165656717065357953e-05 1.946531483393586269e-05
1.900573759333883572e+04 1.833375865508381154e-05 1.753899132295173616e-05 2.110379998857401965e-05 1.899218332220319250e-05
1.900583759333883427e+04 1.790260799700770251e-05 1.713507715488087063e-05 2.057196876347652974e-05 1.853655130512170209e-05
1.900593759333883281e+04 1.748730321793391605e-05 1.674592384881213450e-05 2.006040666538214925e-05 1.809787791070939994e-05
1.900603759333883136e+04 1.708732701586670796e-05 1.637105534019493705e-05 1.956842536630138578e-05 1.767560257412101139e-05
1.900613759333882990e+04 1.670215017639751557e-05 1.600998308723200760e-05 1.909532364877291859e-05 1.726915230413414838e-05
1.900623759333882845e+04 1.633123741721197519e-05 1.566221179353170762e-05 1.864039488761763531e-05 1.687794803278710830e-05
1.900633759333882699e+04 1.597405237728313730e-05 1.532724428006921623e-05 1.820293336380134042e-05 1.650141000705123584e-05
1.900643759333882554e+04 1.563006184762343219e-05 1.500458560885653473e-05 1.778223957333811020e-05 1.613896234327269068e-05
1.900653759333882408e+04 1.529873929424153587e-05 1.469374650990211176e-05 1.737762459523731982e-05 1.579003679979365356e-05
1.900663759333882263e+04 1.497956772510808843e-05 1.439424617117865117e-05 1.698841361246185031e-05 1.545407583624952997e-05
1.900673759333882117e+04 1.467204198824081543e-05 1.410561447370299201e-05 1.661394869403211367e-05 1.513053505199197088e-05
1.900683759333881972e+04 1.437567055561005714e-05 1.382739373344748071e-05 1.625359092391074074e-05 1.481888507098942676e-05
1.900693759333881826e+04 1.408997687821986346e-05 1.355914001941606504e-05 1.590672198610149532e-05 1.451861296124580738e-05
1.900703759333881681e+04 1.381450035307220569e-05 1.330042410461074034e-05 1.557274525460558540e-05 1.422922323742950878e-05
1.900713759333881535e+04 1.354879697113830937e-05 1.305083211500459534e-05 1.525108650138694713e-05 1.395023852917661841e-05
1.900723759333881389e+04 1.329243970542932153e-05 1.280996590960821292e-05 1.494119425945798798e-05 1.368119995816517528e-05
1.900733759333881244e+04 1.304501866291761258e-05 1.257744325839573047e-05 1.464253991378421469e-05 1.342166727836585371e-05
1.900743759333881098e+04 1.280614106360420858e-05 1.235289783636819941e-05 1.435461757236585425e-05 1.317121882411275521e-05
1.900753759333880953e+04 1.257543106848895269e-05 1.213597907852554928e-05 1.407694374920169892e-05 1.292945129873873532e-05
1.900763759333880807e+04 1.235252948654636708e-05 1.192635191984391040e-05 1.380905691626009888e-05 1.269597944088345879e-05
1.900773759333880662e+04 1.213709339778476490e-05 1.172369645133117212e-05 1.355051693955013502e-05 1.247043559622202345e-05
1.900783759333880516e+04 1.192879569918022553e-05 1.152770750596490117e-05 1.330090443604219621e-05 1.225246921372910820e-05
1.900793759333880371e+04 1.172732460073312292e-05 1.133809419174551744e-05 1.305982007073590058e-05 1.204174628773817919e-05
1.900803759333880225e+04 1.153238308844309095e-05 1.115457939567273792e-05 1.282688381062997598e-05 1.183794876491526828e-05
1.900813759333880080e+04 1.134368835628854434e-05 1.097689926072630466e-05 1.260173416169783203e-05 1.164077392623755978e-05
1.900823759333879934e+04 1.116097123327657118e-05 1.080480264791295609e-05 1.238402738194719422e-05 1.144993375437890716e-05
1.900833759333879789e+04 1.098397559838707965e-05 1.063805059521382361e-05 1.217343670435339098e-05 1.126515429931809864e-05
1.900843759333879643e+04 1.081245779962063983e-05 1.047641577762949639e-05 1.196965155591643508e-05 1.108617504438885540e-05
1.900853759333879498e+04 1.064618608297729046e-05 1.031968197316006656e-05 1.177237679663570695e-05 1.091274828425768686e-05
1.900863759333879352e+04 1.048494002343902925e-05 1.016764353478862369e-05 1.158133197048921246e-05 1.074463850957228790e-05
1.900873759333879207e+04 1.032850998501233830e-05 1.002010488352132594e-05 1.139625057948404972e-05 1.058162181600590465e-05
1.900883759333879061e+04 1.017669657968049175e-05 9.876880008142450342e-06 1.121687938459984659e-05 1.042348532414093013e-05
