7086.6698666029    1.3290796886e-05    1.3367440516e-05    1.3312230137e-05    1.3323489179666666e-05
7086.769866602899    1.2301533259008997e-05    1.2378840178008992e-05    1.2323157882008996e-05    1.233451043967566e-05
7086.869866602899    1.1285304600018486e-05    1.1363282878018474e-05    1.1307120973018482e-05    1.1318569483685148e-05
7086.969866602898    1.0243356771018952e-05    1.032202993501894e-05    1.026537235701895e-05    1.0276919687685614e-05
7087.0698666028975    9.174899978129153e-06    9.254273583429133e-06    9.197112131529148e-06    9.208761897695811e-06
7087.169866602897    8.08125368182984e-06    8.16137663232982e-06    8.103676503229834e-06    8.115435605796498e-06
7087.269866602896    6.972783160440326e-06    7.053705287140297e-06    6.995429232540318e-06    7.007305893373647e-06
7087.369866602896    5.876809342449839e-06    5.958567790649802e-06    5.899686110049829e-06    5.91168774771649e-06
7087.469866602895    4.836641220047301e-06    4.91930877014726e-06    4.85977051824729e-06    4.871906836147284e-06
7087.569866602895    3.92422241174979e-06    4.007860281849738e-06    3.947617633849776e-06    3.9599001091497676e-06
7087.669866602894    3.2204016710384074e-06    3.305078291538351e-06    3.244077733138392e-06    3.25651923190505e-06
7087.769866602894    2.7863965813276305e-06    2.8721979926275592e-06    2.8103779663276113e-06    2.822990846760934e-06
7087.869866602893    2.6297902998113947e-06    2.7167885650113074e-06    2.6540991748113706e-06    2.666892679878024e-06
7087.969866602893    2.700185727094878e-06    2.788448351994786e-06    2.724837334594853e-06    2.7378238045615056e-06
7088.069866602892    2.907812688383005e-06    2.9974243396828942e-06    2.9328265884829752e-06    2.9460212055162916e-06
7088.1698666028915    3.1713377602784293e-06    3.2624013195783106e-06    3.1967436254783974e-06    3.210160901778379e-06
7088.269866602891    3.429008039176565e-06    3.521598114676426e-06    3.4548241905765277e-06    3.4684767814765063e-06
7088.36986660289    3.6484060489780503e-06    3.742622290277888e-06    3.674658763378007e-06    3.6885623675446482e-06
7088.46986660289    3.8218583598826465e-06    3.917779637782477e-06    3.848570373382601e-06    3.862736123682576e-06
7088.569866602889    3.947237288786317e-06    4.0449549404861205e-06    3.974429359486264e-06    3.988873862919566e-06
7088.669866602889    4.031492156590805e-06    4.131095457790599e-06    4.059187674290749e-06    4.073925096224051e-06
7088.769866602888    4.080840824294166e-06    4.182442130293929e-06    4.109070490594102e-06    4.124117815060732e-06
7088.869866602888    4.106746803296702e-06    4.210448309996434e-06    4.135537819596629e-06    4.150910977629921e-06
7088.969866602887    4.11295084839921e-06    4.2188504207989305e-06    4.142329825199135e-06    4.158043698132426e-06
7089.069866602887    4.103731665101258e-06    4.2119426037009426e-06    4.133727088201174e-06    4.149800452334458e-06
7089.169866602886    4.085120545502539e-06    4.195753467602208e-06    4.115760212102452e-06    4.1322114084024e-06
7089.2698666028855    4.056477381704168e-06    4.169659717303797e-06    4.087795330504069e-06    4.104644143170678e-06
7089.369866602885    4.022387177805271e-06    4.138242170004858e-06    4.054413860505161e-06    4.0716810694384295e-06
7089.469866602884    3.9875835569053815e-06    4.106239197904948e-06    4.020353630805266e-06    4.038058795205198e-06
7089.569866602884    3.951807591905857e-06    4.073417114305374e-06    3.985360953505729e-06    4.003528553238986e-06
7089.669866602883    3.913605562206254e-06    4.0383063388057476e-06    3.94797712610612e-06    3.966629675706041e-06
7089.769866602883    3.8773467720062655e-06    4.005289432405705e-06    3.912574079706118e-06    3.931736761372697e-06
7089.869866602882    3.84183504930646e-06    3.973190150705839e-06    3.877962769706296e-06    3.8976626565728645e-06
7089.969866602882    3.8062693424064694e-06    3.941208886905818e-06    3.8433458424062965e-06    3.8636080239061945e-06
7090.069866602881    3.773958230806171e-06    3.912671543805451e-06    3.8120284636059815e-06    3.832886079405868e-06
7090.169866602881    3.742822118105947e-06    3.885511234905187e-06    3.781937608405747e-06    3.803423653805627e-06
7090.26986660288    3.7137022541058266e-06    3.8605639789049915e-06    3.7539136821056073e-06    3.7760599717054754e-06
7090.3698666028795    3.6911468216047184e-06    3.842403275103799e-06    3.732511430604477e-06    3.755353842437665e-06
7090.469866602879    3.6697159673044827e-06    3.825602383303514e-06    3.7122986860042285e-06    3.735872345537408e-06
7090.569866602878    3.6473691601048774e-06    3.8081490496038095e-06    3.6912310060045985e-06    3.7155830719044285e-06
7090.669866602878    3.6311943798035303e-06    3.797132090302405e-06    3.6764037204032364e-06    3.7015767301697237e-06
7090.769866602877    3.6182913771029337e-06    3.789680937401694e-06    3.66492436290261e-06    3.690965559135746e-06
7090.869866602877    3.6070157487026667e-06    3.7841729950013024e-06    3.6551543370023103e-06    3.6821143602354267e-06
7090.969866602876    3.600572393601524e-06    3.7838290096000815e-06    3.650302081601147e-06    3.6782344949342504e-06
7091.069866602876    3.59580657000117e-06    3.7855335036995815e-06    3.647218939600757e-06    3.6761863377671695e-06
7091.169866602875    3.5953532996001114e-06    3.791939721698427e-06    3.6485454169996745e-06    3.6786128127660707e-06
7091.269866602875    3.5974682370994613e-06    3.8013322968976078e-06    3.65255126709898e-06    3.6837839336986834e-06
7091.369866602874    3.602873995898574e-06    3.814474103396534e-06    3.6599622871980454e-06    3.692436795497718e-06
7091.4698666028735    3.6135782115971767e-06    3.833406172695007e-06    3.6727948576966152e-06    3.706593080662933e-06
7091.569866602873    3.626948705796352e-06    3.855539768993961e-06    3.6884268422957347e-06    3.7236384390286827e-06
7091.669866602872    3.645501875394938e-06    3.883449254392386e-06    3.7093949830942787e-06    3.746115370960534e-06
7091.769866602872    3.6663558519941204e-06    3.914304206491301e-06    3.732822367893395e-06    3.771160808792939e-06
7091.869866602871    3.690508389392971e-06    3.949142260189861e-06    3.75972596709217e-06    3.799792205558334e-06
7091.969866602871    3.7194826480915675e-06    3.989562841088236e-06    3.7916448429907106e-06    3.833563444056838e-06
7092.06986660287    3.7533413459898377e-06    4.035709969786149e-06    3.8286507999888926e-06    3.872567371921627e-06
7092.16986660287    3.793533961787937e-06    4.089099785083976e-06    3.872221506986923e-06    3.918285084619613e-06
7092.269866602869    3.836822654486614e-06    4.146588403182224e-06    3.919141169485491e-06    3.967517409051443e-06
7092.369866602869    3.883894001985016e-06    4.208977387480141e-06    3.970122177683771e-06    4.02099785571631e-06
7092.469866602868    3.93968906798224e-06    4.281318867176971e-06    4.0301323695808975e-06    4.08371343491337e-06
7092.5698666028675    3.999952431780269e-06    4.359521230274395e-06    4.094957699178775e-06    4.151477120411146e-06
7092.669866602867    4.0650390240786895e-06    4.444033815972329e-06    4.164974566777075e-06    4.224682468942698e-06
7092.769866602866    4.140080057074748e-06    4.540174998367647e-06    4.245365617272947e-06    4.308540224238448e-06
7092.869866602866    4.221406250571893e-06    4.644492356263947e-06    4.332507391669883e-06    4.399468666168575e-06
7092.969866602865    4.308356833069949e-06    4.756533060461278e-06    4.425795555767758e-06    4.4968951497663295e-06
7093.069866602865    4.405942608665386e-06    4.88154049775566e-06    4.530297327962933e-06    4.605926811461326e-06
7093.169866602864    4.513391483661888e-06    5.019089458151211e-06    4.6453219058592e-06    4.725934282557434e-06
7093.269866602864    4.630711621657319e-06    5.169520957445273e-06    4.770961393554292e-06    4.857064657552296e-06
7093.369866602863    4.759229516952077e-06    5.334523726238471e-06    4.908626644148666e-06    5.000793295779738e-06
7093.469866602863    4.898387780448109e-06    5.514027884133064e-06    5.0578850072443426e-06    5.1567668906085045e-06
7093.569866602862    5.0533616749408015e-06    5.71379917502369e-06    5.224053105636526e-06    5.330404651867006e-06
7093.6698666028615    5.2216913933357e-06    5.931952750316668e-06    5.404807818730954e-06    5.5194839874611085e-06
7093.769866602861    5.408589315426908e-06    6.1744452283051655e-06    5.6055449243214954e-06    5.729526489351189e-06
7093.86986660286    5.614596285517561e-06    6.442771478092622e-06    5.827038180711363e-06    5.961468648107182e-06
7093.96986660286    5.840793386409481e-06    6.739028007481445e-06    6.070618761102525e-06    6.2168133849978164e-06
7094.069866602859    6.091529831497381e-06    7.068854640065011e-06    6.340940207889365e-06    6.500441559817253e-06
7094.169866602859    6.368759518386537e-06    7.4357873912498245e-06    6.64034715557746e-06    6.814964688404608e-06
7094.269866602858    6.676533391271238e-06    7.845661902328522e-06    6.9733242007606935e-06    7.1651731647868175e-06
7094.369866602858    7.022104910752281e-06    8.308024446202357e-06    7.347679473139977e-06    7.5592696100315396e-06
7094.469866602857    7.408354247034893e-06    8.82849241837752e-06    7.766955686820774e-06    8.001267450744396e-06
7094.569866602857    7.839587742211742e-06    9.414734508444072e-06    8.236299966695104e-06    8.496874072450305e-06
7094.669866602856    8.325062864188062e-06    1.0080298958709442e-05    8.765974548468768e-06    9.057112123788759e-06
7094.7698666028555    8.874877276354974e-06    1.0840293312661307e-05    9.367307675232014e-06    9.694159421416099e-06
7094.869866602855    9.500004629615725e-06    1.171215930660352e-05    1.0052869031688243e-05    1.0421677655969161e-05
7094.969866602854    1.0215033775674843e-05    1.2718388249542419e-05    1.083912740364245e-05    1.1257516476286571e-05
7095.069866602854    1.1033927597620162e-05    1.3883146911459735e-05    1.1742510426580973e-05    1.2219861645220291e-05
7095.169866602853    1.197903523256162e-05    1.5241395894369987e-05    1.2788410274514867e-05    1.3336280467148825e-05
7095.269866602853    1.3075379035481498e-05    1.6833539117247016e-05    1.4005450056424415e-05    1.463812273638431e-05
7095.369866602852    1.4353774777383771e-05    1.870948973209573e-05    1.5428869914313864e-05    1.616404480793112e-05
7095.469866602852    1.585496169027638e-05    2.0933436802927986e-05    1.7104608066192237e-05    1.7964335519798867e-05
7095.569866602851    1.762189297013221e-05    2.3575259148702528e-05    1.9081162926029258e-05    2.0092771681621334e-05
7095.669866602851    1.9718493992970302e-05    2.6727877619451663e-05    2.1427473053847664e-05    2.262461488875654e-05
7095.76986660285    2.2211011549753187e-05    3.0483344568121434e-05    2.421215563160704e-05    2.5635503916493888e-05
7095.8698666028495    2.5175584517490093e-05    3.492982256073533e-05    2.7507089630321834e-05    2.9204165569515753e-05
7095.969866602849    2.8694149343207936e-05    4.0126609665353183e-05    3.137657343002921e-05    3.3399110812863446e-05
7096.069866602848    3.282759659385717e-05    4.6039066954934914e-05    3.58404018836859e-05    3.8235688477492657e-05
7096.169866602848    3.7595134951528456e-05    5.2467073852667645e-05    4.084557417540526e-05    4.363592765986712e-05
7096.269866602847    4.292618044218784e-05    5.895689981857657e-05    4.622608003816175e-05    4.936972009964205e-05
7096.369866602847    4.855951171697714e-05    6.472060764090717e-05    5.16431268570932e-05    5.497441540499251e-05
7096.469866602846    5.4018307951070796e-05    6.879719955581249e-05    5.663967099731884e-05    5.981839283473405e-05
7096.569866602846    5.8588586483506015e-05    7.034956035215289e-05    6.067203418979955e-05    6.32033936751528e-05
7096.669866602845    6.148063048542182e-05    6.908584005868961e-05    6.320579025461735e-05    6.459075359957626e-05
7096.769866602845    6.211646733364724e-05    6.540262330304342e-05    6.381472736966216e-05    6.377793933545096e-05
7096.869866602844    6.043341022294906e-05    6.0175245956947645e-05    6.235282263282434e-05    6.098715960424036e-05
7096.9698666028435    5.693085407797504e-05    5.4354497436282244e-05    5.9080528195845206e-05    5.6788626570034164e-05
7097.069866602843    5.2418133939585706e-05    4.867343039825515e-05    5.4607354580563046e-05    5.1899639639467964e-05
7097.169866602842    4.768513106171192e-05    4.357262232592267e-05    4.966537463683167e-05    4.697437600815542e-05
7097.269866602842    4.330106416255187e-05    3.925415832651368e-05    4.487415651178886e-05    4.247645966695146e-05
7097.369866602841    3.95642449182091e-05    3.575001324507155e-05    4.0615379377517665e-05    3.864321251359944e-05
7097.469866602841    3.6578457139765117e-05    3.300889417562047e-05    3.706428723609931e-05    3.555054618382829e-05
7097.56986660284    3.4334243106347126e-05    3.0948365021236865e-05    3.4262336875681916e-05    3.318164833442197e-05
7097.66986660284    3.275874359294572e-05    2.9473231035885475e-05    3.217254701825443e-05    3.1468173882361876e-05
7097.769866602839    3.176970431960268e-05    2.8505912452589447e-05    3.073771327687433e-05    3.033777668302215e-05
7097.869866602839    3.1301545536289534e-05    2.7994499081316286e-05    2.9904445658515337e-05    2.9733496758707053e-05
7097.969866602838    3.132533684398529e-05    2.791853853204698e-05    2.9638468474164494e-05    2.9627447950065587e-05
7098.0698666028375    3.1862344850663e-05    2.8293824794764488e-05    2.9937357300812433e-05    3.0031175648746637e-05
7098.169866602837    3.297228278830346e-05    2.9162363323454946e-05    3.082611828944226e-05    3.0986921467066887e-05
7098.269866602836    3.473364907787863e-05    3.058132031509663e-05    3.2348790641030594e-05    3.255458667800195e-05
7098.369866602836    3.7228489601388975e-05    3.262109935868283e-05    3.456400749356954e-05    3.480453215121378e-05
7098.469866602835    4.052163188187348e-05    3.535911938923195e-05    3.753265731908302e-05    3.780446953006282e-05
7098.569866602835    4.461735549531797e-05    3.885765082770903e-05    4.128410271754342e-05    4.158636968019014e-05
7098.669866602834    4.941420992585884e-05    4.3148317705190316e-05    4.5783783849053447e-05    4.611543716003421e-05
7098.769866602834    5.462451203154072e-05    4.817962588465956e-05    5.086283387962786e-05    5.122232393194271e-05
7098.869866602833    5.969391368758816e-05    5.3730427495264166e-05    5.61268223624572e-05    5.6517054515103174e-05
7098.969866602833    6.382796667821768e-05    5.9335044859227946e-05    6.0923870782771464e-05    6.136229410673903e-05
7099.069866602832    6.618459503639249e-05    6.425580457364344e-05    6.443214441160694e-05    6.495751467388097e-05
7099.1698666028315    6.618308637200104e-05    6.757152132473828e-05    6.589220270700407e-05    6.654893680124778e-05
7099.269866602831    6.378030435366083e-05    6.848848563636618e-05    6.49327533656632e-05    6.573384778523008e-05
7099.36986660283    5.945338790303019e-05    6.670046966025217e-05    6.172127737024903e-05    6.26250449778438e-05
7099.46986660283    5.395461080585086e-05    6.255854800190063e-05    5.686206680540296e-05    5.779174187105148e-05
7099.569866602829    4.803155789920185e-05    5.688868079502223e-05    5.1133889329063604e-05    5.201804267442923e-05
7099.669866602829    4.2253873917098725e-05    5.0610515906453766e-05    4.5237832227182697e-05    4.603407401691173e-05
7099.769866602828    3.6968452226797583e-05    4.444299339543137e-05    3.966455280600441e-05    4.035866614274445e-05
7099.869866602828    3.2325343788378306e-05    3.8805127612102084e-05    3.4672404964632265e-05    3.5267625455037554e-05
7099.969866602827    2.8344072097896756e-05    3.386839458059195e-05    3.034534465014835e-05    3.0852603776212345e-05
7100.069866602827    2.498139941347725e-05    2.9657263372102302e-05    2.6670999914706858e-05    2.710322090009547e-05
7100.169866602826    2.2158339755079722e-05    2.6111177993612367e-05    2.3580642863276638e-05    2.395005353732291e-05
7100.2698666028255    1.9786832218768636e-05    2.3137063202218052e-05    2.0985905363935118e-05    2.1303266928307273e-05
7100.369866602825    1.779414688950424e-05    2.0647645997879214e-05    1.8809430286642978e-05    1.9083741058008808e-05
7100.469866602824    1.6114987131267564e-05    1.8560534730575518e-05    1.697983357538113e-05    1.721845181240807e-05
7100.569866602824    1.4691874647087223e-05    1.6802579455343035e-05    1.54338414481811e-05    1.564276518353712e-05
7100.669866602823    1.3482345980924051e-05    1.5317621334134472e-05    1.4123779777000856e-05    1.4307915697353125e-05
7100.769866602823    1.2448440861799283e-05    1.405610753197524e-05    1.3007383496863052e-05    1.317064396354586e-05
7100.869866602822    1.15578376586966e-05    1.2976600728844353e-05    1.2048821825749753e-05    1.2194420071096902e-05
7100.969866602822    1.0789020593601343e-05    1.2050270261724543e-05    1.1223771285645326e-05    1.1354354046990405e-05
7101.069866602821    1.0123945697526248e-05    1.1253258756630643e-05    1.0511962589563225e-05    1.0629722347906705e-05
7101.169866602821    9.543399099459362e-06    1.0561510358547352e-05    9.892411768690225e-06    9.999107075565647e-06
7101.26986660282    9.036440540105748e-06    9.960282471981196e-06    9.352716472631948e-06    9.449813161572964e-06
7101.3698666028195    8.593792125858302e-06    9.437425042523226e-06    8.882480088980634e-06    8.97123241912072e-06
7101.469866602819    8.204093797315441e-06    8.979208462670904e-06    8.469505976634282e-06    8.550936078873543e-06
7101.569866602818    7.86026380418144e-06    8.576715226529458e-06    8.105949183597588e-06    8.180976071436163e-06
7101.669866602818    7.558590811546933e-06    8.22428553588848e-06    7.787500870660665e-06    7.856792406032025e-06
7101.769866602817    7.2935508104193575e-06    7.91567447435542e-06    7.508210913931152e-06    7.572478732901976e-06
7101.869866602817    7.058310532896834e-06    7.642561622428523e-06    7.260841800806983e-06    7.32057131871078e-06
7101.969866602816    6.849054841675092e-06    7.4005986509024584e-06    7.041279196583715e-06    7.096977563053754e-06
7102.069866602816    6.667857377253262e-06    7.190653581677578e-06    6.8512721976607134e-06    6.903261052197184e-06
7102.169866602815    6.507382507135734e-06    7.005522219056589e-06    6.6833649076420214e-06    6.732089877944781e-06
7102.269866602815    6.364938576521779e-06    6.841466329140255e-06    6.534662502427129e-06    6.580355802696388e-06
7102.369866602814    6.242911977805433e-06    6.70068229322164e-06    6.407388601109967e-06    6.450327624045681e-06
7102.469866602813    6.137652799890946e-06    6.5791728809049864e-06    6.29779609769469e-06    6.3382072594968745e-06
7102.569866602813    6.047947482278323e-06    6.475579229990449e-06    6.204572183981395e-06    6.2426996320833894e-06
7102.669866602812    5.972420488865944e-06    6.387882663176569e-06    6.126221150768409e-06    6.16217476760364e-06
7102.769866602812    5.909207918855767e-06    6.314273298564939e-06    6.060845720557674e-06    6.094775645992793e-06
7102.869866602811    5.8566754139468226e-06    6.2530092456546045e-06    6.006773835748194e-06    6.0388194984498735e-06
7102.969866602811    5.815312823336866e-06    6.204300386143415e-06    5.964404987037763e-06    5.994672732172681e-06
7103.06986660281    5.786417486726018e-06    6.169713959731142e-06    5.935030132426449e-06    5.963720526294536e-06
7103.16986660281    5.769053970715634e-06    6.1475503404199565e-06    5.917639976415659e-06    5.9447480958504165e-06
7103.269866602809    5.7605966372076916e-06    6.135435197311019e-06    5.909609453107304e-06    5.935213762542004e-06
7103.3698666028085    5.759395271701103e-06    6.1318317588033105e-06    5.90930560630028e-06    5.933510878934898e-06
7103.469866602808    5.766442090993527e-06    6.136876269695366e-06    5.917637081592347e-06    5.940318480760413e-06
7103.569866602807    5.784317454883418e-06    6.154627947683532e-06    5.937243951581811e-06    5.9587297847162534e-06
7103.669866602807    5.811779151274524e-06    6.182341616774291e-06    5.966815303972567e-06    5.986978690673793e-06
7103.769866602806    5.845481390068428e-06    6.217097749867441e-06    6.003054539066052e-06    6.02187789300064e-06
7103.869866602806    5.8879449325598345e-06    6.261317034558175e-06    6.048435157957076e-06    6.065899041691695e-06
7103.969866602805    5.941143693749681e-06    6.31743479234692e-06    6.104987742846508e-06    6.121188742981035e-06
7104.069866602805    6.00216137054173e-06    6.382132161138216e-06    6.169769354938135e-06    6.1846876288726945e-06
7104.169866602804    6.074025350231372e-06    6.458734978126847e-06    6.245858927327336e-06    6.259539751895185e-06
7104.269866602804    6.151249358825551e-06    6.541932140619793e-06    6.327766869121036e-06    6.340316122855459e-06
7104.369866602803    6.237737861015833e-06    6.6337997701105985e-06    6.41931447521091e-06    6.4302840354457815e-06
7104.4698666028025    6.335454665004906e-06    6.739735278396907e-06    6.522713039399377e-06    6.532634327600396e-06
7104.569866602802    6.4451954535922065e-06    6.8571312396846875e-06    6.638586682186182e-06    6.6469711251543584e-06
7104.669866602801    6.5631714162841175e-06    6.98414441667524e-06    6.763244901177553e-06    6.7701869113789715e-06
7104.769866602801    6.691816761072467e-06    7.122659768562683e-06    6.89912991866529e-06    6.9045354827668125e-06
7104.8698666028    6.8312142877605405e-06    7.273301638549291e-06    7.04645382135261e-06    7.050323249220815e-06
7104.9698666028    6.987244017343901e-06    7.441573330131654e-06    7.2110541217353264e-06    7.213290489736961e-06
7105.069866602799    7.1597981695258e-06    7.6280388736117555e-06    7.3929548135163645e-06    7.393597285551307e-06
7105.169866602799    7.3525377522054225e-06    7.836009748090047e-06    7.595781764795238e-06    7.594776421696902e-06
7105.269866602798    7.59944697254849e-06    8.102403814628642e-06    7.85376451703721e-06    7.851871768071447e-06
7105.369866602798    7.783666346210673e-06    8.304596286192201e-06    8.050014149198309e-06    8.046092260533727e-06
7105.469866602797    7.923464740356325e-06    8.458678590941645e-06    8.202498900043287e-06    8.194880743780419e-06
7105.5698666027965    8.117452438198868e-06    8.67122254147963e-06    8.410405767384437e-06    8.399693582354312e-06
7105.669866602796    8.340966706868255e-06    8.915515209546712e-06    8.64906759245255e-06    8.635183169622507e-06
7105.769866602795    8.585261890844487e-06    9.183000900720232e-06    8.90996672972712e-06    8.892743173763947e-06
7105.869866602795    8.850296910120384e-06    9.473221469293812e-06    9.192992810501404e-06    9.172170396638532e-06
7105.969866602794    9.140707336293613e-06    9.791431554864284e-06    9.503138260772792e-06    9.478425717310228e-06
7106.069866602794    9.452383594968342e-06    1.0133608744635886e-05    9.836461061045308e-06    9.807484466883178e-06
7106.169866602793    9.789361820641418e-06    1.0503905002605964e-05    1.0197042308616303e-05    1.0163436377287896e-05
7106.269866602793    1.0155968981606557e-05    1.0907567934566787e-05    1.0589724752578572e-05    1.0551087222917305e-05
7106.369866602792    1.0553852392569372e-05    1.134652313152492e-05    1.1016373572538239e-05    1.097224969887751e-05
7106.469866602792    1.0988543636529535e-05    1.1826869207480121e-05    1.1482877399495104e-05    1.1432763414501587e-05
7106.569866602791    1.1485224063457927e-05    1.2379857117396472e-05    1.2015794954418376e-05    1.1960292045090926e-05
7106.6698666027905    1.1944335959498927e-05    1.2882570228451342e-05    1.2510847860459703e-05    1.2445918016136657e-05
7106.76986660279    1.2426117072469806e-05    1.3412394502416934e-05    1.3033591733424726e-05    1.2957367769437155e-05
7106.869866602789    1.2984707133380197e-05    1.403096781031364e-05    1.3639401076327805e-05    1.355169200667388e-05
7106.969866602789    1.3596896426320725e-05    1.4709936198246628e-05    1.4304225624262323e-05    1.4203686082943224e-05
7107.069866602788    1.4271521201245312e-05    1.546107202115972e-05    1.5039350638177632e-05    1.4923981286860889e-05
7107.169866602788    1.5009997840173882e-05    1.628700221707605e-05    1.584594669109768e-05    1.5714315582782538e-05
7107.269866602787    1.5839585273064414e-05    1.7218666499949293e-05    1.6756621861972964e-05    1.660495787832889e-05
7107.369866602787    1.685601006584446e-05    1.8378273335681677e-05    1.788491280271728e-05    1.7706398734747805e-05
7107.469866602786    1.7637510562111537e-05    1.9220934984042004e-05    1.870386194706896e-05    1.8520769164407502e-05
7107.569866602786    1.8489048853024167e-05    2.014656505393926e-05    1.9619489315950727e-05    1.941836774097138e-05
7107.669866602785    1.9526966995810583e-05    2.129659432168211e-05    2.075113063070318e-05    2.052489731606529e-05
7107.7698666027845    2.0700393174644624e-05    2.2602567798491524e-05    2.2034947011517117e-05    2.177930266155109e-05
7107.869866602784    2.199882249748843e-05    2.4053172650311275e-05    2.3461095705339745e-05    2.3171030284379814e-05
7107.969866602783    2.343534084432767e-05    2.5665986392122437e-05    2.5044268439156943e-05    2.4715198558535685e-05
7108.069866602783    2.502943736512973e-05    2.745518829690082e-05    2.680475559793451e-05    2.642979375332169e-05
7108.169866602782    2.678709628493783e-05    2.9426705314686924e-05    2.874882021171913e-05    2.832087393711463e-05
7108.269866602782    2.8595124320862293e-05    3.143256993162838e-05    3.073430038065248e-05    3.0253998211047715e-05
7108.369866602781    3.128879325679066e-05    3.4575853081254976e-05    3.3872350024261213e-05    3.324566545410228e-05
7108.469866602781    3.4230940762494614e-05    3.797763722294699e-05    3.723875291598914e-05    3.648244363381025e-05
7108.56986660278    3.738611722221211e-05    4.160938783763996e-05    4.084662699166863e-05    3.99473773505069e-05
7108.66986660278    4.0942582818730345e-05    4.570577990208215e-05    4.4929160463098785e-05    4.385917439463709e-05
7108.769866602779    4.498915503910515e-05    5.037381266135341e-05    4.959273919035881e-05    4.831856896360579e-05
7108.8698666027785    4.962594905134903e-05    5.573101953747105e-05    5.495709949546233e-05    5.34380226947608e-05
7108.969866602778    5.49613711364976e-05    6.190638377647394e-05    6.115462626844694e-05    5.934079372713949e-05
7109.069866602777    6.112270093343501e-05    6.904721155423238e-05    6.833536210518336e-05    6.616842486428359e-05
7109.169866602777    6.81782199823371e-05    7.722715500795651e-05    7.659281999086135e-05    7.399939832705166e-05
7109.269866602776    7.729070467172864e-05    8.79059169527913e-05    8.723554215283588e-05    8.414405459245195e-05
7109.369866602776    8.750202047427662e-05    9.978906481019351e-05    9.907842019924369e-05    9.545650182790459e-05
7109.469866602775    9.930952049228776e-05    0.00011349662491292028    0.00011271389096301009    0.00010850667878940604
7109.569866602775    0.00011306493020273554    0.00012940500806003335    0.00012845145725024772    0.00012364046517100553
7109.669866602774    0.00012902016124997454    0.00014774384133698287    0.00014644864647741167    0.00014107088302145639
7109.769866602774    0.00014733267773684935    0.0001685969895536375    0.0001667054479643914    0.0001608783717516261
7109.869866602773    0.00016797417268371733    0.00019178847369047045    0.000188968217321653    0.00018291028789861358
7109.9698666027725    0.00019063065467115166    0.00021677350130818674    0.0002126452530098522    0.00020668313632973023
7110.069866602772    0.000214561807089311    0.00024249034416702105    0.00023669602340915759    0.00023124939155516318
7110.169866602771    0.0002385677354492151    0.0002673700471680946    0.0002596440294905718    0.0002551939373692938
7110.269866602771    0.00026109131015091116    0.00028952285485139004    0.0002797074872540884    0.0002767738840854632
7110.36986660277    0.00028044369547483073    0.0003070780244171682    0.0002950838875000018    0.0002942018691306669
7110.46986660277    0.0002951180181309149    0.0003185932219450236    0.0003043617117779335    0.00030602431728462404
7110.569866602769    0.0003040560612282941    0.00032342278585367485    0.0003069053511966687    0.00031146139942621256
7110.669866602769    0.0003065899480166814    0.0003216956993022619    0.0003028614040752962    0.0003103823504647465
7110.769866602768    0.00030263585392521455    0.0003134398875608875    0.0002930820465528967    0.0003030525960129996
7110.869866602768    0.0002927264234531584    0.00029978236064813534    0.00027884689789890233    0.00029045189400006533
7110.969866602767    0.00027802198534952543    0.0002820522341235432    0.0002617042445527631    0.00027392615467527727
7111.0698666027665    0.00026014261860390393    0.0002619538354968707    0.0002432434495246813    0.0002551133012084853
7111.169866602766    0.0002408853775157461    0.00024128164353763782    0.0002248964257645292    0.00023568781560597102
7111.269866602765    0.00022186095611560785    0.00022153750075657664    0.00020770824838313619    0.00021703556841844024
7111.369866602765    0.00020424346933387428    0.0002036766364542041    0.00019222874912097702    0.00020004961830301845
7111.469866602764    0.0001887219865110339    0.00018808672382112664    0.00017858896393848392    0.00018513255809021482
7111.569866602764    0.00017556248285795274    0.00017470716176825295    0.00016666245219627065    0.00017231069894082545
7111.669866602763    0.00016471956893479236    0.00016321410249567933    0.00015624857784420703    0.00016139408309155957
7111.769866602763    0.00015590458193210597    0.00015316422191380185    0.000147142283712506    0.00015207036251947128
7111.869866602762    0.00014864384749003746    0.00014411649146250788    0.00013912538604108282    0.0001439619083312094
7111.969866602762    0.0001423330188587243    0.00013571149686161934    0.00013192261884995734    0.00013665571152343366
7112.069866602761    0.00013633059864835253    0.00012770037037114772    0.00012520405712934904    0.0001297450087162831
7112.1698666027605    0.00013009230936868074    0.00011994316366079436    0.00011864977486912046    0.00012289508263286519
7112.26986660276    0.00012329976486951378    0.00011238693439058343    0.00011204126203925602    0.00011590932043311772
7112.369866602759    0.00011591109662041593    0.00010503539352036359    0.00010531206908948626    0.00010875285307675526
7112.469866602759    0.00010810427703100542    9.791933976503162e-05    9.85295023715615e-05    0.00010151770638919952
7112.569866602758    0.00010015989660127158    9.107866955370564e-05    9.182812287350799e-05    9.435556300949509e-05
7112.669866602758    9.237431359404627e-05    8.45724488622311e-05    8.53679231451658e-05    8.743822853381442e-05
7112.769866602757    8.496313109958248e-05    7.844052473375581e-05    7.926149278171941e-05    8.088838287168591e-05
7112.869866602757    7.807688957789553e-05    7.272609921221164e-05    7.359223295314673e-05    7.47984072477513e-05
7112.969866602756    7.17780828690514e-05    6.74448245865892e-05    6.838827711847809e-05    6.92037281913729e-05
7113.069866602756    6.609308144022105e-05    6.261337283498675e-05    6.366368332483223e-05    6.412337920001334e-05
7113.169866602755    6.1003184698360486e-05    5.8223706184347884e-05    5.94013806011637e-05    5.954275716129069e-05
7113.2698666027545    5.646473633660431e-05    5.4252081313779476e-05    5.556792500057841e-05    5.542824755032073e-05
7113.369866602754    5.2443120611888796e-05    5.068558324822237e-05    5.214141961001738e-05    5.175670782337619e-05
7113.469866602753    4.888532632620963e-05    4.749108042767767e-05    4.9082706683478834e-05    4.848637114578871e-05
7113.569866602753    4.574514114062669e-05    4.4639541114201404e-05    4.635879599401336e-05    4.5581159416280486e-05
7113.669866602752    4.2990485762058656e-05    4.211479138071992e-05    4.3948700130550994e-05    4.3017992424443194e-05
7113.769866602752    4.058366025756806e-05    3.989037589029764e-05    4.1823672657150306e-05    4.076590293500534e-05
7113.869866602751    3.850338439310288e-05    3.795440907688763e-05    3.99691885067661e-05    3.880899399225221e-05
7113.969866602751    3.671895272466161e-05    3.628343462349238e-05    3.835896203140177e-05    3.712044979318525e-05
7114.06986660275    3.522489030924209e-05    3.4877861081109294e-05    3.699096330205291e-05    3.56979048974681e-05
7114.16986660275    3.4010486813822416e-05    3.3730843522721294e-05    3.5855388062704124e-05    3.453223946641594e-05
7114.269866602749    3.306803501242288e-05    3.283767894934846e-05    3.49440514973759e-05    3.361658848638241e-05
7114.3698666027485    3.2397455025018514e-05    3.219904825696999e-05    3.4255912435045186e-05    3.295080523901123e-05
7114.469866602748    3.1999553164604356e-05    3.181762657457932e-05    3.3790959515706195e-05    3.253604641829663e-05
7114.569866602747    3.18691146441993e-05    3.168854075219724e-05    3.354421847037701e-05    3.236729128892452e-05
7114.669866602747    3.201016778678448e-05    3.181605689980516e-05    3.352165666903447e-05    3.244929378520804e-05
7114.769866602746    3.241117519738363e-05    3.218872811342719e-05    3.371825931069781e-05    3.277272087383621e-05
7114.869866602746    3.3034994873035485e-05    3.2770393005100664e-05    3.410921490339553e-05    3.330486759384389e-05
7114.969866602745    3.3843491335749946e-05    3.3526101938831566e-05    3.467452848212594e-05    3.401470725223582e-05
7115.069866602745    3.4744489135598735e-05    3.4368694578689574e-05    3.534860440395165e-05    3.482059603941332e-05
7115.169866602744    3.564305677460252e-05    3.521555042668294e-05    3.6066657852883255e-05    3.564175501805624e-05
7115.269866602744    3.63994225018168e-05    3.594517643685863e-05    3.672049502797718e-05    3.635503132221753e-05
7115.369866602743    3.6876758702248946e-05    3.644254816321742e-05    3.719460685825402e-05    3.683797124124013e-05
7115.4698666027425    3.6974684471845924e-05    3.662367489971501e-05    3.739395425968634e-05    3.6997437877082424e-05
7115.569866602742    3.663394085853924e-05    3.643071882330536e-05    3.724032113024313e-05    3.676832693736257e-05
7115.669866602741    3.5871250194206975e-05    3.586318460289813e-05    3.6711904973836233e-05    3.614877992364711e-05
7115.769866602741    3.4762984641763933e-05    3.496903218842314e-05    3.5838541123390066e-05    3.519018598452571e-05
7115.86986660274    3.3404621123174345e-05    3.381352957584963e-05    3.467927584785564e-05    3.396580884895987e-05
7115.96986660274    3.190849597539486e-05    3.248711501512321e-05    3.3330449004159084e-05    3.257535333155905e-05
7116.069866602739    3.0355663347499756e-05    3.1057408009301554e-05    3.187740093233913e-05    3.109682409638015e-05
7116.169866602739    2.877760320054037e-05    2.955003379642658e-05    3.0365154055434423e-05    2.956426368413379e-05
7116.269866602738    2.7192042719566867e-05    2.798433583253471e-05    2.882351598649576e-05    2.7999964846199116e-05
7116.369866602738    2.5574036994634108e-05    2.6342689464672593e-05    2.7229522401595015e-05    2.6382082953633904e-05
7116.469866602737    2.390369377271931e-05    2.4617269600808975e-05    2.5555173703725833e-05    2.469204569241804e-05
7116.5698666027365    2.2181519377819357e-05    2.2821977674939054e-05    2.3789979300889783e-05    2.2931158784549397e-05
7116.669866602736    2.0425069224875467e-05    2.098439574700829e-05    2.1944021192022e-05    2.1117828721301917e-05
7116.769866602735    1.869364944785024e-05    1.9182060675966977e-05    2.010605009302564e-05    1.932725340561429e-05
7116.869866602735    1.7049417942721663e-05    1.747361331082796e-05    1.8320724073955217e-05    1.761458510916828e-05
7116.969866602734    1.5537891191502e-05    1.590694850659327e-05    1.665969396674947e-05    1.6034844554948246e-05
7117.069866602734    1.4184429270252669e-05    1.4507099736329874e-05    1.5162516508491866e-05    1.461801517169147e-05
7117.169866602733    1.2993325324982444e-05    1.3277381689046712e-05    1.3841466453198724e-05    1.3370724489075961e-05
7117.269866602733    1.1954839974737875e-05    1.2206889550791437e-05    1.2689830902927229e-05    1.228385347615218e-05
7117.369866602732    1.105233736151852e-05    1.1277859484563153e-05    1.1690932031680714e-05    1.1340376292587464e-05
7117.469866602732    1.0267270885320926e-05    1.0470748990358016e-05    1.0824668353457546e-05    1.052089607637883e-05
7117.569866602731    9.581929997959365e-06    9.767009473290487e-06    1.0071241778274543e-05    9.806727083174798e-06
7117.6698666027305    8.980629946217195e-06    9.150269334443314e-06    9.412862891413754e-06    9.181254057358087e-06
7117.76986660273    8.450021703302433e-06    8.606624587324606e-06    8.834286945684016e-06    8.63031107877035e-06
7117.869866602729    7.978979391705411e-06    8.124504053524355e-06    8.322772355374612e-06    8.142085266868127e-06
7117.969866602729    7.5583231359192585e-06    7.694371402835462e-06    7.867801479777932e-06    7.706832006177552e-06
7118.069866602728    7.180505933349447e-06    7.3083941637634734e-06    7.460736102799723e-06    7.316545399970882e-06
7118.169866602728    6.839321005086478e-06    6.960136416498636e-06    7.0944854403295646e-06    6.964647620638226e-06
7118.269866602727    6.529649609735125e-06    6.644294862645787e-06    6.763216053272447e-06    6.6457201752177855e-06
7118.369866602727    6.247252403190562e-06    6.356480898599971e-06    6.462110226023061e-06    6.3552811759378645e-06
7118.469866602726    5.9886004791493136e-06    6.093044358657625e-06    6.187169689677609e-06    6.089604842494849e-06
7118.569866602726    5.7507400210153585e-06    5.8509324488227825e-06    5.935058231140245e-06    5.845576900326128e-06
7118.669866602725    5.531184385783395e-06    5.627577346990029e-06    5.702976231605269e-06    5.620579321459564e-06
7118.7698666027245    5.327828134456956e-06    5.4208067125629496e-06    5.488560825376369e-06    5.412398557465425e-06
7118.869866602724    5.1388784443333864e-06    5.228772325438829e-06    5.289806370050686e-06    5.2191523799409665e-06
7118.969866602723    4.962800221810676e-06    5.049893007615618e-06    5.105000925426075e-06    5.03923138495079e-06
7119.069866602723    4.798272006191793e-06    4.882808786996326e-06    4.932675330005622e-06    4.8712520410645814e-06
7119.169866602722    4.6441503806733365e-06    4.726343921477493e-06    4.771562195285737e-06    4.7140188324788555e-06
7119.269866602722    4.499441107457961e-06    4.5794769248618066e-06    4.620562727869174e-06    4.566493586729647e-06
7119.369866602721    4.3632755993439685e-06    4.4413161458475435e-06    4.478719749954141e-06    4.427770498381884e-06
7119.469866602721    4.234891641630026e-06    4.3110797681333446e-06    4.345195647939236e-06    4.297055685900869e-06
7119.56986660272    4.113617515118391e-06    4.1880793503214994e-06    4.219254256726795e-06    4.173650374055562e-06
7119.66986660272    3.998858855806658e-06    4.0717062075095645e-06    4.100245901914311e-06    4.056936988410178e-06
7119.769866602719    3.890087724196864e-06    3.9614200914996055e-06    3.9875949883038855e-06    3.946367601333452e-06
7119.8698666027185    3.7868334690878188e-06    3.856739734490412e-06    3.880789650694278e-06    3.8414542847575034e-06
7119.969866602718    3.688675055978549e-06    3.7572349135809982e-06    3.779373084084476e-06    3.741761017881341e-06
7120.069866602717    3.595234596670817e-06    3.662519760573147e-06    3.6829362479762946e-06    3.646896868406753e-06
7120.169866602717    3.506171865762814e-06    3.572247098165026e-06    3.591111698467863e-06    3.5565102207985674e-06
7120.269866602716    3.421179637156146e-06    3.486103624158261e-06    3.503568353860833e-06    3.47028387172508e-06
7120.369866602716    3.339979699249917e-06    3.403805799451944e-06    3.420007031654277e-06    3.3879308434520458e-06
7120.469866602715    3.262319437643382e-06    3.325096325045319e-06    3.3401566302474258e-06    3.309190797645376e-06
7120.569866602715    3.1879688935379476e-06    3.2497411106398117e-06    3.263770849141724e-06    3.2338269511064944e-06
7120.669866602714    3.1167182229321966e-06    3.1775266570339843e-06    3.190625360435712e-06    3.1616234134672975e-06
7120.769866602714    3.0483754926274227e-06    3.108257788929149e-06    3.1205153623307177e-06    3.0923828812957634e-06
7120.869866602713    2.9827647640229255e-06    3.0417556836245954e-06    3.053253455026019e-06    3.025924634224513e-06
7120.9698666027125    2.91972442051811e-06    2.97785615171972e-06    2.988667790621005e-06    2.9620827876196117e-06
7121.069866602712    2.8591057029141243e-06    2.9164081330156853e-06    2.926600456716851e-06    2.9007047642155537e-06
7121.169866602711    2.8007714243098235e-06    2.8572723769113324e-06    2.8669060599123837e-06    2.8416499537111797e-06
7121.269866602711    2.744594837606272e-06    2.800320280807739e-06    2.8094504803086917e-06    2.7847885329075678e-06
7121.36986660271    2.6904586361029045e-06    2.7454328652043324e-06    2.754109774805194e-06    2.73000042537081e-06
7121.46986660271    2.638254067999233e-06    2.6924998668006174e-06    2.700769206601392e-06    2.677174380467081e-06
7121.569866602709    2.587880151496211e-06    2.641418933997561e-06    2.6493223860982604e-06    2.6262071571973442e-06
7121.669866602709    2.539242974992894e-06    2.5920949113942057e-06    2.5996705073948323e-06    2.577002797927311e-06
