5.022108236912999928e+02 5.079274178333332818e-06 5.079273391999999844e-06 5.160947000999999716e-06 5.106498190444443844e-06
5.023108236612999917e+02 4.364713974368294990e-06 4.364713374368239450e-06 4.451822977070772259e-06 4.393750108602436131e-06
5.024108236312999907e+02 3.943299034848947767e-06 3.943298693848792476e-06 4.033841588455484250e-06 3.973479772384408164e-06
5.025108236012999896e+02 3.721686870450932280e-06 3.721686492450965426e-06 3.814193765683024905e-06 3.752522376194974204e-06
5.026108235712999885e+02 3.604043868504910437e-06 3.604043303171802199e-06 3.697749661066233552e-06 3.635278944247648306e-06
5.027108235412999875e+02 3.537454106884583374e-06 3.537453293884955343e-06 3.632061301199148074e-06 3.568989567322895738e-06
5.028108235112999864e+02 3.499388278518445094e-06 3.499387515185022948e-06 3.594692762929989948e-06 3.531156185544485856e-06
5.029108234812999854e+02 3.478128363312437706e-06 3.478127775978734136e-06 3.573970368516977750e-06 3.510075502602715966e-06
5.030108234512999843e+02 3.463476535831032567e-06 3.463475909831125375e-06 3.559799822009291723e-06 3.495584089223816837e-06
5.031108234212999832e+02 1.314984523295529439e-05 1.270835743814541283e-05 1.306346610794334941e-05 1.297388959301468611e-05
5.032108233912999822e+02 1.215307260637240364e-05 1.169891056393829504e-05 1.206582261631744131e-05 1.197260192887604610e-05
5.033108233612999811e+02 1.161596484798598818e-05 1.115366267741487299e-05 1.152781819096566087e-05 1.143248190545550735e-05
5.034108233312999801e+02 1.133475634310988899e-05 1.086694498710496931e-05 1.124566072535553817e-05 1.114912068519013103e-05
5.035108233012999790e+02 1.118871739298479831e-05 1.071669045389511500e-05 1.109858329556273396e-05 1.100133038081421519e-05
5.036108232712999779e+02 1.111093243465511087e-05 1.063528853041365802e-05 1.101972240341832224e-05 1.092198112282902981e-05
5.037108232412999769e+02 1.106954091741136043e-05 1.059064964691446669e-05 1.097725325514932796e-05 1.087914793982505339e-05
5.038108232112999758e+02 1.106764532593891031e-05 1.058585674199959739e-05 1.097421147238317907e-05 1.087590451344056226e-05
5.039108231812999747e+02 1.108976282197834066e-05 1.060527855426250890e-05 1.099515067230438128e-05 1.089673068284841141e-05
5.040108231512999737e+02 1.112594166720043607e-05 1.063879794035450472e-05 1.103016382791026061e-05 1.093163447848840216e-05
5.041108231212999726e+02 1.116570347321486842e-05 1.067602880691150108e-05 1.106873203938629559e-05 1.097015477317088949e-05
5.042108230912999716e+02 1.120418700693468720e-05 1.071198471448742037e-05 1.110594230935959333e-05 1.100737134359389861e-05
5.043108230612999705e+02 1.124729992995127129e-05 1.075259269645374110e-05 1.114774900170596405e-05 1.104921387603699328e-05
5.044108230312999694e+02 1.130934792860512254e-05 1.081225772848907744e-05 1.120850696603649822e-05 1.111003754104356550e-05
5.045108230012999684e+02 1.137274498996366770e-05 1.087326978687224745e-05 1.127057802995201840e-05 1.117219760226264452e-05
5.046108229712999673e+02 1.143509456449705268e-05 1.093333020371176726e-05 1.133152070277535170e-05 1.123331515699472501e-05
5.047108229412999663e+02 1.150831533105415444e-05 1.100431418238106638e-05 1.140329686746412780e-05 1.130530879363311564e-05
5.048108229112999652e+02 1.157603696575970125e-05 1.106972103772801894e-05 1.146954218955743967e-05 1.137176673101505329e-05
5.049108228812999641e+02 1.165157552973748875e-05 1.114292173781508799e-05 1.154361773157283816e-05 1.144603833304180723e-05
5.050108228512999631e+02 1.173543617438813723e-05 1.122456166156919239e-05 1.162597912160204319e-05 1.152865898585312483e-05
5.051108228212999620e+02 1.181192413735013646e-05 1.129886555736772224e-05 1.170088148029565665e-05 1.160389039167117065e-05
5.052108227912999610e+02 1.188773617412059193e-05 1.137233060694030801e-05 1.177506664985037086e-05 1.167837781030375580e-05
5.053108227612999599e+02 1.197308169074826049e-05 1.145547034058390834e-05 1.185879114934439496e-05 1.176244772689218906e-05
5.054108227312999588e+02 1.207056815923380514e-05 1.155083583592313133e-05 1.195457337387940119e-05 1.185865912301211311e-05
5.055108227012999578e+02 1.216724400015865573e-05 1.164532340222349483e-05 1.204950917252915612e-05 1.195402552497043556e-05
5.056108226712999567e+02 1.224972661357413130e-05 1.172568691978788877e-05 1.213030764688092753e-05 1.203524039341431417e-05
5.057108226412999556e+02 1.234126314578593258e-05 1.181504762508892896e-05 1.222001233028849131e-05 1.212544103372111649e-05
5.058108226112999546e+02 1.243927700707675535e-05 1.191087609524322801e-05 1.231614314072284851e-05 1.222209874768094509e-05
5.059108225812999535e+02 1.253712510003728702e-05 1.200666535439630899e-05 1.241210089234190102e-05 1.231863044892516455e-05
5.060108225512999525e+02 1.263633334727199031e-05 1.210386858443271337e-05 1.250932422645674158e-05 1.241650871938714616e-05
5.061108225212999514e+02 1.273131206888880747e-05 1.219674928695191500e-05 1.260226208558769436e-05 1.251010781380946889e-05
5.062108224912999503e+02 1.283593099045812812e-05 1.229924707778989412e-05 1.270483387655184319e-05 1.261333731493328678e-05
5.063108224612999493e+02 1.294637461087603562e-05 1.240769741273440991e-05 1.281312536297221475e-05 1.272239912886088676e-05
5.064108224312999482e+02 1.304850761977824571e-05 1.250779469045029195e-05 1.291306154129340651e-05 1.282312128384064919e-05
5.065108224012999472e+02 1.315197042695896127e-05 1.260921752369261847e-05 1.301437290443855071e-05 1.292518695169671015e-05
5.066108223712999461e+02 1.326203763354100235e-05 1.271739470730418135e-05 1.312211092852066602e-05 1.303384775645528154e-05
5.067108223412999450e+02 1.338085593779644370e-05 1.283439283667265528e-05 1.323853088169972467e-05 1.315125988538960958e-05
5.068108223112999440e+02 1.350141502796577554e-05 1.295304186079249093e-05 1.335666868208099166e-05 1.327037519027975384e-05
5.069108222812999429e+02 1.360993587792731255e-05 1.305965335402133302e-05 1.346264089984410125e-05 1.337741004393091561e-05
5.070108222512999419e+02 1.371748830111618346e-05 1.316545203983764504e-05 1.356756776432792020e-05 1.348350270176058234e-05
5.071108222212999408e+02 1.383624986102722799e-05 1.328254454829198466e-05 1.368368504476669051e-05 1.360082648469529992e-05
5.072108221912999397e+02 1.396197705736983957e-05 1.340651069931017949e-05 1.380662592633006365e-05 1.372503789433669424e-05
5.073108221612999387e+02 1.408790829499088546e-05 1.353066871822187364e-05 1.392968985488249277e-05 1.384942228936508621e-05
5.074108221312999376e+02 1.420937387335726690e-05 1.365052201204660356e-05 1.404825855553079101e-05 1.396938481364488885e-05
5.075108221012999365e+02 1.434108781266971512e-05 1.378059218842236014e-05 1.417698340568756524e-05 1.409955446892654740e-05
5.076108220712999355e+02 1.447770343966078457e-05 1.391558478576753931e-05 1.431043978017653111e-05 1.423457600186828387e-05
5.077108220412999344e+02 1.460168413769685130e-05 1.403814682343922007e-05 1.443115917068338270e-05 1.435699671060648582e-05
5.078108220112999334e+02 1.473048120136541057e-05 1.416563414738435797e-05 1.455664527791413439e-05 1.448425354222130154e-05
5.079108219812999323e+02 1.487336783545174054e-05 1.430712396113270358e-05 1.469611458677352062e-05 1.462553546111932214e-05
5.080108219512999312e+02 1.501476233205848419e-05 1.444713808099913994e-05 1.483388071656476970e-05 1.476526037654079851e-05
5.081108219212999302e+02 1.515111794104471513e-05 1.458230753926011413e-05 1.496647741581516217e-05 1.489996763203999601e-05
5.082108218912999291e+02 1.529423120578573110e-05 1.472423419522946635e-05 1.510575337075697843e-05 1.504140625725739027e-05
5.083108218612999281e+02 1.543529209010428431e-05 1.486414890652535172e-05 1.524276547376465687e-05 1.518073549013143153e-05
5.084108218312999270e+02 1.557757720530419997e-05 1.500552628922519188e-05 1.538082768477338198e-05 1.532131039310092235e-05
5.085108218012999259e+02 1.572786508281549535e-05 1.515506650752347707e-05 1.552674264371820234e-05 1.546989141135239046e-05
5.086108217712999249e+02 1.587604560551261700e-05 1.530245360633560893e-05 1.567045496250892792e-05 1.561631805811905128e-05
5.087108217412999238e+02 1.603852669423375685e-05 1.546418671501942192e-05 1.582827092667400733e-05 1.577699477864239424e-05
5.088108217112999228e+02 1.620417262810075460e-05 1.562936598804556327e-05 1.598897858347223406e-05 1.594083906653951505e-05
5.089108216812999217e+02 1.635493030823165773e-05 1.577983411341130868e-05 1.613456203908373229e-05 1.608977548690890182e-05
5.090108216512999206e+02 1.651611924367568979e-05 1.594071010448062166e-05 1.629033730811892420e-05 1.624905555209174522e-05
5.091108216212999196e+02 1.668464872167077419e-05 1.610900549914786738e-05 1.645330842340455251e-05 1.641565421474106356e-05
5.092108215912999185e+02 1.685502451992210727e-05 1.627944966423594197e-05 1.661784415376054826e-05 1.658410611263953137e-05
5.093108215612999174e+02 1.702469980222282446e-05 1.644925628086783270e-05 1.678128956580069337e-05 1.675174854963045243e-05
5.094108215312999164e+02 1.720224732708449118e-05 1.662708289926820486e-05 1.695228034962348662e-05 1.692720352532539309e-05
5.095108215012999153e+02 1.737734610131487083e-05 1.680283454216584442e-05 1.712047546696280749e-05 1.710021870348117312e-05
5.096108214712999143e+02 1.755879866059823749e-05 1.698520022531407886e-05 1.729466100673968760e-05 1.727955329755066798e-05
5.097108214412999132e+02 1.774444825365893437e-05 1.717181959815359906e-05 1.747274192957581169e-05 1.746300326046278058e-05
5.098108214112999121e+02 1.792963934933141577e-05 1.735820031343391281e-05 1.764989865551290225e-05 1.764591277275941254e-05
5.099108213812999111e+02 1.811795442629905056e-05 1.754811067200089651e-05 1.782959015031144681e-05 1.783188508287046462e-05
5.100108213512999100e+02 1.830525399502157052e-05 1.773723753387037704e-05 1.800770056736859107e-05 1.801673069875350949e-05
5.101108213212999090e+02 1.850826264987392268e-05 1.794253123451723067e-05 1.820091078556892761e-05 1.821723488998668801e-05
5.102108212912999079e+02 1.871587542751549889e-05 1.815280405233735031e-05 1.839806459834184872e-05 1.842224802606489705e-05
5.103108212612999068e+02 1.892780172708319672e-05 1.836744703802692237e-05 1.859889666255210358e-05 1.863138180922073976e-05
5.104108212312999058e+02 1.913614255705456475e-05 1.857916604710523718e-05 1.879519887723100379e-05 1.883683582713026631e-05
5.105108212012999047e+02 1.934164235092039290e-05 1.878863933385086857e-05 1.898771925733245809e-05 1.903933364736790426e-05
5.106108211712999037e+02 1.955928343018834318e-05 1.901067013778951468e-05 1.919139815201079103e-05 1.925378390666288296e-05
5.107108211412999026e+02 1.979229250096158538e-05 1.924874055335128666e-05 1.940912808425774200e-05 1.948338704619020581e-05
5.108108211112999015e+02 2.002634560901854385e-05 1.948842010350091688e-05 1.962650262226432979e-05 1.971375611159459910e-05
5.109108210812999005e+02 2.025069485394965840e-05 1.971928277164202440e-05 1.983254072400040846e-05 1.993417278319736262e-05
5.110108210512998994e+02 2.048723750265669024e-05 1.996320486340536551e-05 2.004894481597179926e-05 2.016646239401128388e-05
5.111108210212998983e+02 2.074021291730011841e-05 2.022408549601835431e-05 2.027972856340846930e-05 2.041467565890898745e-05
5.112108209912998973e+02 2.099319445222076454e-05 2.048631433341666658e-05 2.050781160352606954e-05 2.066244012972116463e-05
5.113108209612998962e+02 2.126001476051891432e-05 2.076381374767855231e-05 2.074653420566966404e-05 2.092345423795571023e-05
5.114108209312998952e+02 2.153234514104441653e-05 2.104824773615508228e-05 2.098735565434464614e-05 2.118931617718138052e-05
5.115108209012998941e+02 2.180108671941903667e-05 2.133048264623124349e-05 2.121999120961520500e-05 2.145052019175516285e-05
5.116108208712998930e+02 2.208139101785217524e-05 2.162608967271031012e-05 2.145873838850891600e-05 2.172207302635713040e-05
5.117108208412998920e+02 2.238212041885122801e-05 2.194480966346542210e-05 2.171112354099733027e-05 2.201268454110465674e-05
5.118108208112998909e+02 2.270239802104227289e-05 2.228538971421662769e-05 2.197400440242264032e-05 2.232059737922717691e-05
5.119108207812998899e+02 2.303512233467400595e-05 2.264129252022831809e-05 2.223816230537797227e-05 2.263819238676009990e-05
5.120108207512998888e+02 2.337912934462360858e-05 2.301240920114938434e-05 2.249863099135032300e-05 2.296338984570777536e-05
5.121108207212998877e+02 2.375496358627885281e-05 2.341999439150084370e-05 2.277010467001596837e-05 2.331502088259855383e-05
5.122108206912998867e+02 2.416204313559706035e-05 2.386405335287798704e-05 2.304409991781502756e-05 2.369006546876335718e-05
5.123108206612998856e+02 2.461327782776063773e-05 2.435898286943113348e-05 2.331981982461138396e-05 2.409736017393438167e-05
5.124108206312998846e+02 2.515071269956458138e-05 2.494921036431296579e-05 2.361637420044258675e-05 2.457209908810670905e-05
5.125108206012998835e+02 2.579605120285917435e-05 2.565805531160417444e-05 2.391275772582146002e-05 2.512228808009493627e-05
5.126108205712998824e+02 2.664101005478989107e-05 2.658011053585331756e-05 2.421395241671770365e-05 2.581169100245363855e-05
5.127108205412998814e+02 2.788923582295657746e-05 2.792357494386186453e-05 2.451789760627897996e-05 2.677690279103247173e-05
5.128108205112998803e+02 3.015717559845625988e-05 3.031170271712890681e-05 2.483837163415976088e-05 2.843574998324831032e-05
5.129108204812998792e+02 3.593721767691301911e-05 3.624565939252958127e-05 2.517084601335108795e-05 3.245124102759789611e-05
5.130108204512998782e+02 5.482252361350623671e-05 5.533225357757309495e-05 2.551556106842280998e-05 4.522344608650071614e-05
5.131108204212998771e+02 6.155184099026236822e-05 6.233160079200866853e-05 2.589737930785162388e-05 4.992694036337422134e-05
5.132108203912998761e+02 5.090292513602398951e-05 5.205649395753865407e-05 2.636585487927638999e-05 4.310842465761301006e-05
5.133108203612998750e+02 7.209730472188791129e-05 7.378920055942961331e-05 2.723993012217376761e-05 5.770881180116376407e-05
5.134108203312998739e+02 7.164641560344396447e-05 7.415221729826053918e-05 2.808310930758090926e-05 5.796058073642847662e-05
5.135108203012998729e+02 4.600784300789987767e-05 4.982583182058181393e-05 2.771667945683069719e-05 4.118345142843746632e-05
5.136108202712998718e+02 4.052349032228122879e-05 4.665284699023235167e-05 2.777810526745124050e-05 3.831814752665493580e-05
5.137108202412998708e+02 4.697773884362834893e-05 5.774463649182758139e-05 2.808649822196188442e-05 4.426962451913926932e-05
5.138108202112998697e+02 7.195297375736550401e-05 9.421150180193227841e-05 2.848211111491353423e-05 6.488219555807044905e-05
5.139108201812998686e+02 8.034230859562946218e-05 1.429861414107107807e-04 2.893713976718531751e-05 8.408852992450852916e-05
5.140108201512998676e+02 5.405579703575307454e-05 2.106323041316475583e-04 2.945762838337414628e-05 9.804857651692495913e-05
5.141108201212998665e+02 4.409105092162487625e-05 1.778300453737811449e-04 3.021660674570814315e-05 8.404590101370471239e-05
5.142108200912998655e+02 4.127904828240541989e-05 1.106433335295346971e-04 3.177192618699406067e-05 6.123143599964472363e-05
5.143108200612998644e+02 4.293603741251852816e-05 8.536035522719201776e-05 3.322573586788569067e-05 5.384070950253208338e-05
5.144108200312998633e+02 5.282970486583826893e-05 6.922018177203929261e-05 3.356007266371575340e-05 5.186998643386443606e-05
5.145108200012998623e+02 7.847070265359942071e-05 5.494779319776548648e-05 3.624222831186567269e-05 5.655357472107686674e-05
5.146108199712998612e+02 1.117285857363932921e-04 4.922747137050096256e-05 4.170834446332196245e-05 6.755480052340540119e-05
5.147108199412998601e+02 1.024731382486966631e-04 4.855421284280103807e-05 4.039636146614957140e-05 6.380790418588243773e-05
5.148108199112998591e+02 6.698203214086954557e-05 4.332741465147379496e-05 3.981589581509030387e-05 5.004178086914455717e-05
5.149108198812998580e+02 4.879648360286030414e-05 3.907169152925010162e-05 3.911779961324458020e-05 4.232865824845166876e-05
5.150108198512998570e+02 4.741746407441199972e-05 3.793797819845047656e-05 3.646090776064823892e-05 4.060545001117023614e-05
5.151108198212998559e+02 5.099807559756296094e-05 3.805387879762891525e-05 3.516705054466720375e-05 4.140633497995302665e-05
5.152108197912998548e+02 4.569856257053028943e-05 3.751928191151671825e-05 3.507544640687860403e-05 3.943109696297520165e-05
5.153108197612998538e+02 4.060218679844283178e-05 3.719862423092118383e-05 3.538267652419286859e-05 3.772782918451895914e-05
5.154108197312998527e+02 3.892087601646084156e-05 3.728995784174675638e-05 3.577695222047306932e-05 3.732926202622688909e-05
5.155108197012998517e+02 3.860432049089824991e-05 3.760674486835472553e-05 3.625423465312242201e-05 3.748843333745847034e-05
5.156108196712998506e+02 3.871710510941739461e-05 3.802647125292371268e-05 3.678033573950069152e-05 3.784130403394726175e-05
5.157108196412998495e+02 3.904474738093281815e-05 3.853197011512083162e-05 3.735946585311184312e-05 3.831206111638850215e-05
5.158108196112998485e+02 3.947464519612730720e-05 3.907664604301168632e-05 3.795592849304222900e-05 3.883573991072707869e-05
5.159108195812998474e+02 3.986902264136584037e-05 3.955178859904262220e-05 3.846583152711832536e-05 3.929554758917559146e-05
5.160108195512998464e+02 4.039492942941599147e-05 4.014003671808734331e-05 3.907357800766944752e-05 3.986951471839092969e-05
5.161108195212998453e+02 4.099599647717797686e-05 4.079229715216680340e-05 3.973423173768905205e-05 4.050750845567794862e-05
5.162108194912998442e+02 4.155063889964000082e-05 4.139186833664190653e-05 4.033140590355987240e-05 4.109130437994725540e-05
5.163108194612998432e+02 4.222211669129894741e-05 4.210373748234019721e-05 4.103275505610942903e-05 4.178620307658286240e-05
5.164108194312998421e+02 4.296166856927970178e-05 4.288165179241537416e-05 4.179236429194950703e-05 4.254522821788152991e-05
5.165108194012998410e+02 4.367961772439329742e-05 4.363714749164343310e-05 4.252203724143232682e-05 4.327960081915635244e-05
5.166108193712998400e+02 4.437529844220291798e-05 4.437070033143750592e-05 4.322298364215527040e-05 4.398966080526523143e-05
5.167108193412998389e+02 4.497472376268099278e-05 4.500902347602881494e-05 4.382221559918530269e-05 4.460198761263170573e-05
5.168108193112998379e+02 4.571579788393926246e-05 4.579051256211524922e-05 4.455848994108595456e-05 4.535493346238015993e-05
5.169108192812998368e+02 4.657295207913985172e-05 4.668861202486183156e-05 4.540549539627473246e-05 4.622235316675880976e-05
5.170108192512998357e+02 4.748015888124427423e-05 4.763769657552140342e-05 4.629822660432405992e-05 4.713869402036324812e-05
5.171108192212998347e+02 4.837815187669167346e-05 4.858398818243474379e-05 4.718050423967538323e-05 4.804754809960060016e-05
5.172108191912998336e+02 4.918370576320232863e-05 4.943433834419096325e-05 4.796481111665972213e-05 4.886095174135100241e-05
5.173108191612998326e+02 5.011306717948683996e-05 5.041554844598722433e-05 4.887126994838898698e-05 4.979996185795435042e-05
5.174108191312998315e+02 5.105532617435572506e-05 5.141086170272784648e-05 4.978610630038100100e-05 5.075076472582152644e-05
5.175108191012998304e+02 5.191962332573511860e-05 5.233307472357861785e-05 5.062110436225377200e-05 5.162460080385584293e-05
5.176108190712998294e+02 5.297202337528096605e-05 5.344193371091428269e-05 5.163963729166714270e-05 5.268453145928746607e-05
5.177108190412998283e+02 5.402124417140862037e-05 5.455609504412361045e-05 5.265271117742891470e-05 5.374335013098704625e-05
5.178108190112998273e+02 5.498369682172390347e-05 5.558369306869732847e-05 5.357490243811672610e-05 5.471409744284598601e-05
5.179108189812998262e+02 5.606377613976491997e-05 5.673571141899362569e-05 5.461410455823331701e-05 5.580453070566395422e-05
5.180108189512998251e+02 5.721822965770352604e-05 5.796559175863672593e-05 5.572414714875202228e-05 5.696932285503075808e-05
5.181108189212998241e+02 5.845524913852689512e-05 5.928499926691045241e-05 5.691344205049779818e-05 5.821789681864505083e-05
5.182108188912998230e+02 5.971004784973931015e-05 6.062355104334374593e-05 5.811430577887280967e-05 5.948263489065195751e-05
5.183108188612998219e+02 6.088831763836596492e-05 6.189057153714494128e-05 5.923586417771496758e-05 6.067158445107528674e-05
5.184108188312998209e+02 6.218137328640926313e-05 6.327504810612179448e-05 6.046715389163667307e-05 6.197452509472258593e-05
5.185108188012998198e+02 6.346309854220038573e-05 6.465653590620413713e-05 6.168728536839611669e-05 6.326897327226687533e-05
5.186108187712998188e+02 6.481127448746925299e-05 6.611071643577693085e-05 6.296637601361162475e-05 6.462945564561926501e-05
5.187108187412998177e+02 6.640454196090358747e-05 6.781669117085880314e-05 6.448440529380330749e-05 6.623521280852190840e-05
5.188108187112998166e+02 6.791060288234259182e-05 6.944120270285404216e-05 6.591594267588913908e-05 6.775591608702860006e-05
5.189108186812998156e+02 6.936334384758739951e-05 7.101885277200606274e-05 6.728460513580375891e-05 6.922226725179908276e-05
5.190108186512998145e+02 7.088813798924652415e-05 7.268072798852830770e-05 6.872153288528827226e-05 7.076346628768771492e-05
5.191108186212998135e+02 7.256478077179815832e-05 7.450327545492665114e-05 7.030155372412424095e-05 7.245653665028300777e-05
5.192108185912998124e+02 7.434643858790851369e-05 7.643111077499257296e-05 7.198222313528129183e-05 7.425325749939413068e-05
5.193108185612998113e+02 7.608622507428093899e-05 7.832592539941743426e-05 7.361349788388119215e-05 7.600854945252652180e-05
5.194108185312998103e+02 7.785325909895705334e-05 8.026538100697739697e-05 7.526765132830989954e-05 7.779543047808145447e-05
5.195108185012998092e+02 7.975846618169171048e-05 8.235335434726587397e-05 7.704790011135697334e-05 7.971990688010485260e-05
5.196108184712998082e+02 8.181002938630685536e-05 8.459918489614019494e-05 7.896687298060128932e-05 8.179202908768278891e-05
5.197108184412998071e+02 8.395092174582751299e-05 8.694556354566778810e-05 8.096766346270443883e-05 8.395471625139990879e-05
5.198108184112998060e+02 8.612449876650641234e-05 8.933512817819913143e-05 8.298887052786375548e-05 8.614949915752309975e-05
5.199108183812998050e+02 8.837180068686561682e-05 9.182103287637625034e-05 8.507040622677820548e-05 8.842107993000667733e-05
5.200108183512998039e+02 9.077477633526171005e-05 9.447308597387689085e-05 8.730285847993192981e-05 9.085024026302351927e-05
5.201108183212998028e+02 9.319430474150843826e-05 9.715538720996309547e-05 8.953103037123763661e-05 9.329357410756971441e-05
5.202108182912998018e+02 9.567798822319187541e-05 9.992064197780940542e-05 9.180845381067088507e-05 9.580236133722405982e-05
5.203108182612998007e+02 9.836054065467997505e-05 1.029019052102271114e-04 9.427161973048828723e-05 9.851135519846512909e-05
5.204108182312997997e+02 1.011850083795838931e-04 1.060505600450382339e-04 9.685453639106298654e-05 1.013633682718950469e-04
5.205108182012997986e+02 1.041573000747922026e-04 1.093667445445297445e-04 9.957624899610624156e-05 1.043667645384760629e-04
5.206108181712997975e+02 1.071623118818806203e-04 1.127446210935605781e-04 1.023083838116684117e-04 1.074051055957031943e-04
5.207108181412997965e+02 1.103077036551422231e-04 1.162899007816757963e-04 1.051444855897367098e-04 1.105806966755182476e-04
5.208108181112997954e+02 1.137252855471137045e-04 1.201265336688528646e-04 1.082360756739003855e-04 1.140292982966223091e-04
5.209108180812997944e+02 1.173433068690580010e-04 1.242034794746156405e-04 1.114969931934448771e-04 1.176812598457061638e-04
5.210108180512997933e+02 1.211211269822167825e-04 1.284781240421510205e-04 1.148889618654354197e-04 1.214960709632677228e-04
5.211108180212997922e+02 1.249892566884587292e-04 1.328611268828403761e-04 1.183298867717421624e-04 1.253934234476804406e-04
5.212108179912997912e+02 1.290665793166125312e-04 1.375145726988743111e-04 1.219377958336413865e-04 1.295063159497093915e-04
5.213108179612997901e+02 1.334922828531898739e-04 1.425535142878244736e-04 1.258492018137390405e-04 1.339649996515844717e-04
5.214108179312997891e+02 1.380958901065441338e-04 1.478116071479070081e-04 1.298754488174067685e-04 1.385943153572859611e-04
5.215108179012997880e+02 1.430732679992256936e-04 1.535135443445216933e-04 1.341576262488012802e-04 1.435814795308495376e-04
5.216108178712997869e+02 1.483797818489350647e-04 1.595927877318519016e-04 1.387205377167182656e-04 1.488977024325017801e-04
5.217108178412997859e+02 1.539403005004902206e-04 1.659792952103584553e-04 1.435583213046217265e-04 1.544926390051567827e-04
5.218108178112997848e+02 1.597037778806503273e-04 1.726366150449571216e-04 1.485540727958054768e-04 1.602981552404709662e-04
5.219108177812997837e+02 1.658181459739744483e-04 1.797189081171869066e-04 1.537712446239916111e-04 1.664360995717176553e-04
5.220108177512997827e+02 1.728072367890616935e-04 1.877893563241679262e-04 1.595779205807481812e-04 1.733915045646592669e-04
5.221108177212997816e+02 1.807009569726870761e-04 1.968570997724520351e-04 1.659225185046255620e-04 1.811601917499215848e-04
5.222108176912997806e+02 1.916046538202874111e-04 2.090738455131304252e-04 1.738736062923271956e-04 1.915173685419150468e-04
5.223108176612997795e+02 1.997244949707048045e-04 2.186675384884373787e-04 1.805640063803687822e-04 1.996520132798370066e-04
5.224108176312997784e+02 2.052020635461593333e-04 2.257400829144862479e-04 1.860329343819481270e-04 2.056583602808645514e-04
5.225108176012997774e+02 2.139126887742122743e-04 2.361526545645992983e-04 1.932410401387890230e-04 2.144354611592001985e-04
5.226108175712997763e+02 2.239826721285417452e-04 2.479830617405791348e-04 2.013577723155927620e-04 2.244411687282378987e-04
5.227108175412997753e+02 2.350184009135103760e-04 2.609550861423163681e-04 2.100576242873636507e-04 2.353437037810634830e-04
5.228108175112997742e+02 2.471719402100533360e-04 2.756426967484298810e-04 2.194367445281655642e-04 2.474171271622162965e-04
5.229108174812997731e+02 2.609381358965311712e-04 2.928798474607660174e-04 2.299992537618546738e-04 2.612724123730506389e-04
5.230108174512997721e+02 2.774577270062082148e-04 3.163067605610769850e-04 2.428639620730402749e-04 2.788761498801084916e-04
5.231108174212997710e+02 2.942877664932828084e-04 3.372871512059469855e-04 2.552372983583034048e-04 2.956040720191777148e-04
5.232108173912997700e+02 3.105432684306379991e-04 3.528015188485211394e-04 2.661646519952817064e-04 3.098364797581469121e-04
5.233108173612997689e+02 3.300845209801623508e-04 3.737944487670110663e-04 2.793216760124907954e-04 3.277335485865547375e-04
5.234108173312997678e+02 3.550083965084597734e-04 4.022482408730809907e-04 2.965604156039613679e-04 3.512723509951673592e-04
5.235108173012997668e+02 3.817889911566893675e-04 4.333857863356722472e-04 3.132184131200310587e-04 3.761310635374641703e-04
5.236108172712997657e+02 4.119772414928697581e-04 4.686437436915806272e-04 3.296913072618055289e-04 4.034374308154186381e-04
5.237108172412997646e+02 4.574557075366345905e-04 5.199537047735204413e-04 3.522509049651841940e-04 4.432201057584464086e-04
5.238108172112997636e+02 5.091392155635784131e-04 5.783609643665914507e-04 3.780538007278375990e-04 4.885179935526691181e-04
5.239108171812997625e+02 5.941463365137923495e-04 6.710403244952220601e-04 4.143445293989594328e-04 5.598437301359913531e-04
5.240108171512997615e+02 8.906877117715310700e-04 9.763690584402857486e-04 5.124631165866756462e-04 7.931732955994974521e-04
5.241108171212997604e+02 8.485665132846057163e-04 9.443239900425031167e-04 5.161029181906450977e-04 7.696644738392513464e-04
5.242108170912997593e+02 3.500199161521428889e-04 4.570328619457330070e-04 3.907460519892407957e-04 3.992662766957055819e-04
5.243108170612997583e+02 5.235141706786970760e-04 6.451529596007385707e-04 4.330568992776470541e-04 5.339080098523609364e-04
5.244108170312997572e+02 9.963691078571567869e-04 1.137877866620819623e-03 5.573841446180192354e-04 8.972103730319984762e-04
5.245108170012997562e+02 1.376542026083893856e-03 1.545706746832217803e-03 6.358994882525682499e-04 1.186049420389559753e-03
5.246108169712997551e+02 1.915183792737790765e-03 2.121058104353740377e-03 7.262551311973729305e-04 1.587499009429634402e-03
5.247108169412997540e+02 2.784914211469440362e-03 3.057531230105673715e-03 8.391002217755197824e-04 2.227181887783544548e-03
5.248108169112997530e+02 4.611027560379387172e-03 5.119640153487529932e-03 1.057936282481867531e-03 3.596201332116260967e-03
5.249108168812997519e+02 8.274300246992711064e-03 8.814460265785995299e-03 1.255342816515261006e-03 6.114701109764655862e-03
5.250108168512997509e+02 1.475099767291932970e-02 1.486420231817451969e-02 1.358236421051960520e-03 1.032447880404860525e-02
5.251108168212997498e+02 1.908947828554735660e-02 1.912095834409770559e-02 1.746286814901366110e-03 1.331890781484880784e-02
5.252108167912997487e+02 1.602415201382274487e-02 1.638655759440712720e-02 2.559735736038500596e-03 1.165681511475612567e-02
5.253108167612997477e+02 1.128206171506049467e-02 1.192290428947852948e-02 3.786427932432014174e-03 8.997131312323679297e-03
5.254108167312997466e+02 9.723790717292755958e-03 1.061956083043616439e-02 5.548904718442916606e-03 8.630752088723945073e-03
5.255108167012997455e+02 1.000719163022230525e-02 1.122566940424688312e-02 7.573743600560000136e-03 9.602201545009729500e-03
5.256108166712997445e+02 1.062430313974190195e-02 1.235016488699612960e-02 9.091064900606035323e-03 1.068851097578135678e-02
5.257108166412997434e+02 1.243288616901113211e-02 1.497885169039790861e-02 9.647746624864533826e-03 1.235316149475785760e-02
5.258108166112997424e+02 1.615706058454867075e-02 2.011128779847893081e-02 9.644684062597176297e-03 1.530434414854159146e-02
5.259108165812997413e+02 2.055432922859692577e-02 2.718103371953312433e-02 1.036089476817062330e-02 1.936541923876688998e-02
5.260108165512997402e+02 2.365404431681045888e-02 3.576871867303973995e-02 1.367197819676414794e-02 2.436491372887145124e-02
5.261108165212997392e+02 2.927030913219766731e-02 5.178685388634463038e-02 2.048113579565122994e-02 3.384609960473117241e-02
5.262108164912997381e+02 3.654793620139556998e-02 6.964689232670101537e-02 3.077924964180082934e-02 4.565802605663247388e-02
5.263108164612997371e+02 3.921381125463088702e-02 7.185084231335946148e-02 4.194566454148856982e-02 5.100343936982630610e-02
5.264108164312997360e+02 3.532484123111273577e-02 6.228479688680899767e-02 4.246703599454858258e-02 4.669222470415677201e-02
5.265108164012997349e+02 3.024999858361389696e-02 5.430264538628121890e-02 3.280896161227331992e-02 3.912053519405614410e-02
5.266108163712997339e+02 2.752561218546088415e-02 5.025344894904557741e-02 3.019910856791637940e-02 3.599272323414094005e-02
5.267108163412997328e+02 2.829474250496103599e-02 5.051045304720856027e-02 3.549921451552191798e-02 3.810147002256383808e-02
5.268108163112997318e+02 2.953534074103158005e-02 5.213249523020199727e-02 4.348697438281362571e-02 4.171827011801573781e-02
5.269108162812997307e+02 2.600903552804202656e-02 4.656099238710872251e-02 4.746149922697544266e-02 4.001050904737540187e-02
5.270108162512997296e+02 2.302280921042488757e-02 3.691115368777363182e-02 4.892591949741137425e-02 3.628662746520329441e-02
5.271108162212997286e+02 2.361833442336431360e-02 2.961621573915524525e-02 4.869106160113111786e-02 3.397520392121689686e-02
5.272108161912997275e+02 2.700550215216420552e-02 2.680266182364885938e-02 4.593236901259574456e-02 3.324684432946960200e-02
5.273108161612997264e+02 3.157185408915266778e-02 2.690341285953608969e-02 4.325018485135041779e-02 3.390848393334638944e-02
5.274108161312997254e+02 3.548964400934313118e-02 2.827860013026137903e-02 4.388208335920205233e-02 3.588344249960218751e-02
5.275108161012997243e+02 3.825007463475939284e-02 3.020773680820497409e-02 4.798934454458823884e-02 3.881571866251753988e-02
5.276108160712997233e+02 4.166242536146790715e-02 3.306481710896846948e-02 4.968928368874495766e-02 4.147217538639377116e-02
5.277108160412997222e+02 4.599018840941880570e-02 3.775607011281326142e-02 4.604905558182498249e-02 4.326510470135234293e-02
5.278108160112997211e+02 4.537085873559952576e-02 4.283653753622915228e-02 4.135362204154388599e-02 4.318700610445752597e-02
5.279108159812997201e+02 4.004042997945686522e-02 4.471480325940528633e-02 3.895076171038356488e-02 4.123533164974857446e-02
5.280108159512997190e+02 3.556400821207712781e-02 4.503549942381385174e-02 4.062444789445612131e-02 4.040798517678236695e-02
5.281108159212997180e+02 3.453008229573559934e-02 4.678515384851322095e-02 4.889739560645675609e-02 4.340421058356852546e-02
5.282108158912997169e+02 3.606917170841619780e-02 4.744626347967544067e-02 6.275496179687434228e-02 4.875679899498866487e-02
5.283108158612997158e+02 3.814797987677467223e-02 4.502536971544284644e-02 6.212506259682332860e-02 4.843280406301361113e-02
5.284108158312997148e+02 4.029466568890608530e-02 4.209248306568011411e-02 4.773112401063574206e-02 4.337275758840731382e-02
5.285108158012997137e+02 4.227630180406379001e-02 4.001424295826091354e-02 3.640572046268460149e-02 3.956542174166977066e-02
5.286108157712997127e+02 4.378557651004509610e-02 3.821418645417824778e-02 3.013529704545328536e-02 3.737835333655887410e-02
5.287108157412997116e+02 4.469839556131505187e-02 3.631303665129075736e-02 3.075302507489073578e-02 3.725481909583218398e-02
5.288108157112997105e+02 4.492597221862158763e-02 3.451131126194662696e-02 3.997164989497333648e-02 3.980297779184718138e-02
5.289108156812997095e+02 4.477993216826808148e-02 3.326140845398638246e-02 5.638555068874490789e-02 4.480896377033312394e-02
5.290108156512997084e+02 4.497187192546208551e-02 3.264010602926800675e-02 6.406405803732118098e-02 4.722534533068375312e-02
5.291108156212997073e+02 4.633618519255846419e-02 3.230284422679473300e-02 5.237354537384880659e-02 4.367085826440066793e-02
5.292108155912997063e+02 4.976231528739077925e-02 3.195835452116621567e-02 3.713792429608013534e-02 3.961953136821238369e-02
5.293108155612997052e+02 5.399010013221759025e-02 3.159804325377181533e-02 2.893572837207562115e-02 3.817462391935501353e-02
5.294108155312997042e+02 5.718694354295013327e-02 3.123668742968646259e-02 2.633196330844294469e-02 3.825186476035984801e-02
5.295108155012997031e+02 6.114025487118435187e-02 3.033790666597202187e-02 2.720367419775076429e-02 3.956061191163571383e-02
5.296108154712997020e+02 6.568044377255205513e-02 2.796059587074416902e-02 3.163555386977852379e-02 4.175886450435825625e-02
5.297108154412997010e+02 6.886411188755775514e-02 2.452163682294721328e-02 4.026476655182828490e-02 4.455017175411108560e-02
5.298108154112996999e+02 6.670114092275764017e-02 2.164038668506088059e-02 5.108738803082850388e-02 4.647630521288234617e-02
5.299108153812996989e+02 5.691291281154906706e-02 1.963220854859358197e-02 5.454005878257652679e-02 4.369506004757305051e-02
5.300108153512996978e+02 4.528426005894656270e-02 1.767840106738202688e-02 4.693865723558879322e-02 3.663377278730579889e-02
5.301108153212996967e+02 3.729258188620521164e-02 1.570212239550618227e-02 4.094613811659632285e-02 3.131361413276923661e-02
5.302108152912996957e+02 3.367448886630922122e-02 1.391065774596821070e-02 4.387463098266793787e-02 3.048659253164846122e-02
5.303108152612996946e+02 3.471633486693628812e-02 1.247357406830965423e-02 5.425671938456028132e-02 3.381554277326874469e-02
5.304108152312996936e+02 3.967632022514214901e-02 1.129607223430752552e-02 6.228254287634159975e-02 3.775164511193042360e-02
5.305108152012996925e+02 4.357314426636035853e-02 1.026980255047228729e-02 5.697538935815572164e-02 3.693944539166277991e-02
5.306108151712996914e+02 4.047514395937305137e-02 9.409518534844065266e-03 4.252139663184577312e-02 3.080201970868762934e-02
5.307108151412996904e+02 3.171911108973914095e-02 8.654154345852729108e-03 2.906895151223742868e-02 2.314740564927643407e-02
5.308108151112996893e+02 2.274130931786429166e-02 7.950533332006966269e-03 2.004355421364711898e-02 1.691179895450612564e-02
5.309108150812996882e+02 1.622110703570380646e-02 7.327426598807935260e-03 1.449342400474785270e-02 1.268065254641986481e-02
5.310108150512996872e+02 1.204466116122587804e-02 6.820676769053244173e-03 1.105035537712241445e-02 9.971897769133843820e-03
5.311108150212996861e+02 9.434288903197841913e-03 6.442565677515213127e-03 8.837458851625300954e-03 8.238104477446120399e-03
5.312108149912996851e+02 7.786963664769485163e-03 6.190142716946647923e-03 7.362059955823832200e-03 7.113055445846656541e-03
5.313108149612996840e+02 6.740669862799089466e-03 6.059758830941598673e-03 6.348026367542283603e-03 6.382818353760991159e-03
5.314108149312996829e+02 6.093852713537959917e-03 6.051867441250483037e-03 5.635252904782945063e-03 5.926991019857129339e-03
5.315108149012996819e+02 5.736807158332980425e-03 6.171513320608636860e-03 5.125035220391470706e-03 5.677785233111029908e-03
5.316108148712996808e+02 5.614020381686138372e-03 6.431256434675955598e-03 4.755477720670794016e-03 5.600251512344295995e-03
5.317108148412996798e+02 5.697463648631439191e-03 6.845695370983865755e-03 4.485011916542882941e-03 5.676056978719395095e-03
5.318108148112996787e+02 5.962670226909290612e-03 7.419575811715492866e-03 4.283479778413598962e-03 5.888575272346127480e-03
5.319108147812996776e+02 6.349950125366052647e-03 8.115165560797076016e-03 4.126053762206648677e-03 6.197056482789925491e-03
5.320108147512996766e+02 6.691533693305518407e-03 8.783668306157996208e-03 3.981081883514419641e-03 6.485427960992644174e-03
5.321108147212996755e+02 6.541458182221232889e-03 8.997598050339405268e-03 3.770977159866984677e-03 6.436677797475873555e-03
5.322108146912996745e+02 4.653020615080665119e-03 7.529358541444581762e-03 3.233836814338307639e-03 5.138738656954518896e-03
5.323108146612996734e+02 2.523972622992318518e-03 5.898290087851679533e-03 2.704038379633981557e-03 3.708767030159326825e-03
5.324108146312996723e+02 1.811632217840663996e-03 5.784720433565270631e-03 2.526665660717027084e-03 3.374339437374320860e-03
5.325108146012996713e+02 1.496468783010921439e-03 6.190740018002372294e-03 2.452768099769447180e-03 3.379992300260913855e-03
5.326108145712996702e+02 1.308314038341266451e-03 6.856089006769783625e-03 2.411227623805618000e-03 3.525210222972223126e-03
5.327108145412996691e+02 1.174503979883694720e-03 7.677620903964799300e-03 2.375160257581086527e-03 3.742428380476526487e-03
5.328108145112996681e+02 1.064734877277968925e-03 8.477468745150517834e-03 2.316162847126102854e-03 3.952788823184862771e-03
5.329108144812996670e+02 9.525455674932986182e-04 8.705518155613737805e-03 2.159053414371328670e-03 3.939039045826121625e-03
5.330108144512996660e+02 7.747089103221970006e-04 6.551834651189398714e-03 1.633035393508107955e-03 2.986526318339901079e-03
5.331108144212996649e+02 5.852595597932879791e-04 3.248069482695162616e-03 9.737191086565734907e-04 1.602349383715007776e-03
5.332108143912996638e+02 4.781265857036113664e-04 1.557237056375714371e-03 6.334811484582917500e-04 8.896149301792060640e-04
5.333108143612996628e+02 4.231357925390140644e-04 9.750354048092777512e-04 5.007552863516002810e-04 6.329754945666307350e-04
5.334108143312996617e+02 3.860031888670386506e-04 7.146559544753681211e-04 4.307726566222509854e-04 5.104772666548859552e-04
5.335108143012996607e+02 3.571055804615696832e-04 5.691161050970855928e-04 3.848846359134268933e-04 4.370354404906940564e-04
5.336108142712996596e+02 3.331284107151655715e-04 4.763242406527857598e-04 3.510241767477462866e-04 3.868256093718992240e-04
5.337108142412996585e+02 3.125379387265915694e-04 4.118890140107630627e-04 3.242334297919211798e-04 3.495534608430918831e-04
5.338108142112996575e+02 2.944783847046352626e-04 3.643885307411606506e-04 3.020737856130904027e-04 3.203135670196287539e-04
5.339108141812996564e+02 2.784104276668614912e-04 3.277937282838090704e-04 2.831873742073499596e-04 2.964638433860068223e-04
5.340108141512996554e+02 2.639648725490911893e-04 2.986330237617678069e-04 2.667461870082404331e-04 2.764480277730331612e-04
5.341108141212996543e+02 2.508737949745108438e-04 2.747705729929616450e-04 2.522090048406050054e-04 2.592844576026924800e-04
5.342108140912996532e+02 2.389343010493955358e-04 2.548218153952342075e-04 2.392022005389165184e-04 2.443194389945154386e-04
5.343108140612996522e+02 2.279877379348372842e-04 2.378503485440328362e-04 2.274562823331998003e-04 2.310981229373566402e-04
5.344108140312996511e+02 2.179069324458315091e-04 2.232002339739801687e-04 2.167698040352538063e-04 2.192923234850218100e-04
5.345108140012996500e+02 2.085879213939548812e-04 2.103981933605491574e-04 2.069876897924052990e-04 2.086579348489698063e-04
5.346108139712996490e+02 1.999443516398147550e-04 1.990939937699954252e-04 1.979876053847856501e-04 1.990086502648652858e-04
5.347108139412996479e+02 1.919035482347712966e-04 1.890227240171627994e-04 1.896710465954403770e-04 1.901991062824581757e-04
5.348108139112996469e+02 1.844036693060786890e-04 1.799801419860511120e-04 1.819573114578326755e-04 1.821137075833208164e-04
5.349108138812996458e+02 1.773915944536278658e-04 1.718061059948489534e-04 1.747793009009920449e-04 1.746590004498229818e-04
5.350108138512996447e+02 1.708213234030628845e-04 1.643731616392495856e-04 1.680805162128601131e-04 1.677583337517242034e-04
5.351108138212996437e+02 1.646527389284661803e-04 1.575785064997020852e-04 1.618128624123566449e-04 1.613480359468416278e-04
5.352108137912996426e+02 1.588506357603801443e-04 1.513382217796713084e-04 1.559350080660171505e-04 1.553746218686895253e-04
5.353108137612996416e+02 1.533839475572185531e-04 1.455830581268266401e-04 1.504111381261023328e-04 1.497927146033825087e-04
5.354108137312996405e+02 1.482251238717182328e-04 1.402553079157804023e-04 1.452099900298832545e-04 1.445634739391273146e-04
5.355108137012996394e+02 1.433496226264198219e-04 1.353064502169583274e-04 1.403040977301245611e-04 1.396533901911675701e-04
5.356108136712996384e+02 1.387354925185418930e-04 1.306953542127372203e-04 1.356691909649413341e-04 1.350333458987401582e-04
5.357108136412996373e+02 1.343630265120493114e-04 1.263868921194544062e-04 1.312837121920313384e-04 1.306778769411783610e-04
5.358108136112996362e+02 1.302144720037518087e-04 1.223508562550367829e-04 1.271284238614230717e-04 1.265645840400705545e-04
5.359108135812996352e+02 1.262737866840479167e-04 1.185611050078414440e-04 1.231860861253882976e-04 1.226736592724258861e-04
5.360108135512996341e+02 1.225264315441685627e-04 1.149948829025550386e-04 1.194411898632559736e-04 1.189875014366598583e-04
5.361108135212996331e+02 1.189591943586629501e-04 1.116322744672921738e-04 1.158797338142887183e-04 1.154904008800812807e-04
5.362108134912996320e+02 1.155600382834557087e-04 1.084557620205522536e-04 1.124890371558527488e-04 1.121682791532869128e-04
5.363108134612996309e+02 1.123179714173365602e-04 1.054498648559056814e-04 1.092575807150604310e-04 1.090084723294342287e-04
5.364108134312996299e+02 1.092229338515761654e-04 1.026008427457640159e-04 1.061748717376020295e-04 1.059995494449807369e-04
5.365108134012996288e+02 1.062656994640095531e-04 9.989645060668288765e-05 1.032313279717542349e-04 1.031311593474822162e-04
5.366108133712996278e+02 1.034377901745193280e-04 9.732573433413109444e-05 1.004181777785781541e-04 1.003939007624095119e-04
5.367108133412996267e+02 1.007314008219013129e-04 9.487885977970555605e-05 9.772737369255913697e-05 9.777921143138865959e-05
5.368108133112996256e+02 9.813933311335926060e-05 9.254696876049995215e-05 9.515151721092215953e-05 9.527927302826046194e-05
5.369108132812996246e+02 9.565493735034929243e-05 9.032205717144282562e-05 9.268379312874506018e-05 9.288692921684572608e-05
5.370108132512996235e+02 9.327206085026213658e-05 8.819687129478382000e-05 9.031791194766944819e-05 9.059561469757181063e-05
5.371108132212996225e+02 9.098500219164455444e-05 8.616481917776285145e-05 8.804805920004443796e-05 8.839929352315061461e-05
5.372108131912996214e+02 8.878847049001938507e-05 8.421989454790757847e-05 8.586885070421365509e-05 8.629240524738021525e-05
5.373108131612996203e+02 8.723569253693398240e-05 8.291475447216552826e-05 8.439151906165059372e-05 8.484732202358337264e-05
5.374108131312996193e+02 8.574299795229128602e-05 8.166528092357612056e-05 8.297249793063662786e-05 8.346025893550134030e-05
5.375108131012996182e+02 8.430719227856735363e-05 8.046793297519611000e-05 8.160855659536300202e-05 8.212789394970880833e-05
5.376108130712996171e+02 8.292534903483126643e-05 7.931952225428047520e-05 8.029675344433604691e-05 8.084720824448260522e-05
5.377108130412996161e+02 8.159473209916411984e-05 7.821712124954696959e-05 7.903434938931391059e-05 7.961540091267499549e-05
5.378108130112996150e+02 8.031278066924139555e-05 7.715803649277049796e-05 7.781879060274029050e-05 7.842986925491739919e-05
5.379108129812996140e+02 7.907709563110665969e-05 7.613978504167832190e-05 7.664769302361253644e-05 7.728819123213251504e-05
5.380108129512996129e+02 7.788542717608144480e-05 7.516007380097759587e-05 7.551882841899635614e-05 7.618810979868512775e-05
