38949.9982338484    4.4381424977e-05    4.4443703399e-05    4.440096192e-05    4.440869676533333e-05
38950.098233848395    4.475846451097257e-05    4.4821411077972514e-05    4.4778114813972556e-05    4.4785996800972546e-05
38950.198233848394    4.514135495597214e-05    4.52049749539721e-05    4.516111990497214e-05    4.516914993830546e-05
38950.29823384839    4.552851700997183e-05    4.5592814969971783e-05    4.554839798697183e-05    4.555657665563848e-05
38950.39823384839    4.5920631088971474e-05    4.5985611878971415e-05    4.594062951497146e-05    4.5948957494304785e-05
38950.49823384839    4.6317360820971135e-05    4.6383027751971083e-05    4.6337478218971123e-05    4.634595559730444e-05
38950.59823384839    4.671979887594144e-05    4.6786155053941335e-05    4.674003681494142e-05    4.674866358160806e-05
38950.69823384839    4.71266348599408e-05    4.719368317694069e-05    4.714699493194078e-05    4.715577098960742e-05
38950.798233848385    4.753946995993992e-05    4.760721408793982e-05    4.7559953823939905e-05    4.7568879290606556e-05
38950.898233848384    4.795779619993913e-05    4.8026237925939025e-05    4.7978405662939106e-05    4.7987479929605754e-05
38950.99823384838    4.838116112893839e-05    4.845030290093829e-05    4.840189791593838e-05    4.841112064860502e-05
38951.09823384838    4.880927861290655e-05    4.88791206729064e-05    4.883014465090652e-05    4.883951464557316e-05
38951.19823384838    4.924350510090522e-05    4.931404808990507e-05    4.9264502332905186e-05    4.9274018507905166e-05
38951.29823384838    4.968277982590412e-05    4.975402488490396e-05    4.970391024790409e-05    4.971357165290406e-05
38951.39823384838    5.0128488866902714e-05    5.020043592590256e-05    5.014975460490268e-05    5.0159559799235984e-05
38951.498233848375    5.057908861790164e-05    5.0651735346901494e-05    5.0600491949901616e-05    5.061043863823492e-05
38951.598233848374    5.1035305829867224e-05    5.1108649927867024e-05    5.105684906586718e-05    5.106693494120048e-05
38951.69823384837    5.149804797986532e-05    5.157208782586512e-05    5.151973346086528e-05    5.1529956422198574e-05
38951.79823384837    5.196677534086358e-05    5.204150807586338e-05    5.198860555686354e-05    5.199896299119683e-05
38951.89823384837    5.244019827086222e-05    5.2515619814862014e-05    5.246217586586217e-05    5.24726646505288e-05
38951.99823384837    5.2920232441860296e-05    5.299633619386009e-05    5.2942360207860246e-05    5.2952976281193546e-05
38952.09823384837    5.340663741882304e-05    5.34834169528228e-05    5.342891818282299e-05    5.343965751815628e-05
38952.198233848365    5.3898374705821104e-05    5.3975824942820866e-05    5.3920811395821055e-05    5.3931670348154335e-05
38952.29823384836    5.4396172920818905e-05    5.447428453681866e-05    5.4418768674818844e-05    5.442974204415214e-05
38952.39823384836    5.4900684232816456e-05    5.497944938681622e-05    5.49234421298164e-05    5.493452524981636e-05
38952.49823384836    5.541123722081426e-05    5.549064337581402e-05    5.54341607928142e-05    5.544534712981416e-05
38952.59823384836    5.592803559277439e-05    5.600807056177411e-05    5.5951128367774316e-05    5.596241150744094e-05
38952.69823384836    5.6450671416771834e-05    5.6531324074771574e-05    5.647393696777176e-05    5.648531081977172e-05
38952.798233848356    5.6980210306768826e-05    5.7061465407768566e-05    5.700365255576875e-05    5.7015109423435376e-05
38952.898233848355    5.7515826154766174e-05    5.7597666683765916e-05    5.7539449141766096e-05    5.75509806600994e-05
38952.99823384835    5.805812602976326e-05    5.814053608476301e-05    5.808193388676318e-05    5.809353200042981e-05
38953.09823384835    5.860641035072075e-05    5.868936980872047e-05    5.863040754372065e-05    5.8642062567720616e-05
38953.19823384835    5.916148322671729e-05    5.924496985171702e-05    5.918567435771719e-05    5.91973758120505e-05
38953.29823384835    5.9722860846714084e-05    5.980685343871383e-05    5.974725064471398e-05    5.97589883100473e-05
38953.39823384835    6.029103397671062e-05    6.037550706171037e-05    6.031562751371052e-05    6.0327389517377175e-05
38953.498233848346    6.086584077070724e-05    6.0950767045707005e-05    6.089064329370714e-05    6.090241703670713e-05
38953.598233848345    6.144655897066197e-05    6.153190914666173e-05    6.147157597966186e-05    6.148334803232852e-05
38953.69823384834    6.203468011665766e-05    6.212042266465745e-05    6.205991731465754e-05    6.207167336532423e-05
38953.79823384834    6.262897688265407e-05    6.271507828465386e-05    6.265444023865394e-05    6.266616513532063e-05
38953.89823384834    6.322912032465068e-05    6.331554493165048e-05    6.325481608865053e-05    6.326649378165056e-05
38953.99823384834    6.38369499606462e-05    6.392365738064603e-05    6.386288470364606e-05    6.387449734831275e-05
38954.09823384834    6.445045530759825e-05    6.45374057605981e-05    6.44766357605981e-05    6.448816560959816e-05
38954.198233848336    6.507096548259367e-05    6.515811447559353e-05    6.509739877859351e-05    6.510882624559356e-05
38954.298233848334    6.569765385858962e-05    6.578495461958952e-05    6.572434741958946e-05    6.573565196592287e-05
38954.39823384833    6.633122476858512e-05    6.641862557758505e-05    6.635818643058494e-05    6.63693455922517e-05
38954.49823384833    6.697120488758092e-05    6.705865164658089e-05    6.699844276658074e-05    6.700943310024753e-05
38954.59823384833    6.761724447752995e-05    6.770468035552996e-05    6.764476698252974e-05    6.765556393852988e-05
38954.69823384833    6.827060701152462e-05    6.835797218452467e-05    6.829842295752441e-05    6.83090007178579e-05
38954.79823384833    6.892943383652065e-05    6.901666315552074e-05    6.895755249552041e-05    6.89678831625206e-05
38954.898233848326    6.959421828151631e-05    6.968124383451646e-05    6.962264919951608e-05    6.963270377184962e-05
38954.998233848324    7.026595906351124e-05    7.035270963151145e-05    7.029471220551101e-05    7.03044603001779e-05
38955.09823384832    7.094316332145799e-05    7.102956230245827e-05    7.097224912345774e-05    7.098165824912467e-05
38955.19823384832    7.162689177845278e-05    7.171285923745311e-05    7.165632114245251e-05    7.166535738611946e-05
38955.29823384832    7.231642846644813e-05    7.240187798944853e-05    7.234621285044784e-05    7.23548397687815e-05
38955.39823384832    7.301123043544392e-05    7.30960729394444e-05    7.304138150944362e-05    7.304956162811065e-05
38955.49823384832    7.371212789343903e-05    7.379627120743959e-05    7.374265787743874e-05    7.375035232610578e-05
38955.598233848315    7.441835260438339e-05    7.450169615738408e-05    7.444927438538304e-05    7.445644104905018e-05
38955.698233848314    7.512974683237888e-05    7.521218673837967e-05    7.516107365237852e-05    7.516766907437901e-05
38955.79823384831    7.584703536537372e-05    7.592846245137461e-05    7.587878101537335e-05    7.588475961070723e-05
38955.89823384831    7.656913962336953e-05    7.66494390973705e-05    7.660131840536915e-05    7.660663237536973e-05
38955.99823384831    7.729618178336522e-05    7.73752348923663e-05    7.732880858336482e-05    7.733340841969878e-05
38956.09823384831    7.802795433130783e-05    7.810563376530914e-05    7.80610446033074e-05    7.806487756664146e-05
38956.19823384831    7.876403017630376e-05    7.884020566430519e-05    7.87975999973033e-05    7.880061194597075e-05
38956.298233848305    7.950424592829985e-05    7.95787793043014e-05    7.953831197829938e-05    7.954044573696688e-05
38956.398233848304    8.024922040629534e-05    8.032196812129703e-05    8.028379991429487e-05    8.028499614729575e-05
38956.4982338483    8.099715709629254e-05    8.106797063829438e-05    8.103226783329204e-05    8.103246518929299e-05
38956.5982338483    8.174956232523358e-05    8.18182855482357e-05    8.178522288823301e-05    8.178435692056744e-05
38956.6982338483    8.250444091123105e-05    8.257091113423335e-05    8.254067034323047e-05    8.253867412956496e-05
38956.7982338483    8.326262527122769e-05    8.332667494723015e-05    8.329944331822709e-05    8.329624784556163e-05
38956.8982338483    8.402416629122426e-05    8.408561856022692e-05    8.406159355822364e-05    8.405712613655828e-05
38956.998233848295    8.478693223322301e-05    8.484560559922586e-05    8.482498960422238e-05    8.481917581222375e-05
38957.09823384829    8.555289834716403e-05    8.560860466116727e-05    8.559160770816332e-05    8.558437023883154e-05
38957.19823384829    8.631958045416325e-05    8.63721235851667e-05    8.635896422316251e-05    8.635022275416415e-05
38957.29823384829    8.708774563816162e-05    8.71369245121653e-05    8.712782684016087e-05    8.711749899682926e-05
38957.39823384829    8.785745464015995e-05    8.790306060716385e-05    8.789825702315916e-05    8.788625742349431e-05
38957.49823384829    8.862746057715963e-05    8.866927668016375e-05    8.866900873815881e-05    8.865524866516074e-05
38957.598233848286    8.939786883810312e-05    8.94356717651078e-05    8.944018791110223e-05    8.942457617143771e-05
38957.698233848285    9.016807866910336e-05    9.02016408861083e-05    9.021119428010243e-05    9.019363794510471e-05
38957.79823384828    9.093686509110502e-05    9.096595209411022e-05    9.098080362610406e-05    9.096120693710643e-05
38957.89823384828    9.170465115910618e-05    9.172901847811168e-05    9.17494399321052e-05    9.172770318977434e-05
38957.99823384828    9.247131148910749e-05    9.249071089011327e-05    9.251697800310647e-05    9.24930001274424e-05
38958.09823384828    9.323534594605495e-05    9.324952240106142e-05    9.328191854805383e-05    9.325559563172339e-05
38958.19823384828    9.39972389550576e-05    9.400593270506439e-05    9.404474648605645e-05    9.401597271539281e-05
38958.298233848276    9.475568473106187e-05    9.475862897306898e-05    9.480415681406067e-05    9.477282350606386e-05
38958.398233848275    9.551039741706649e-05    9.550731940707393e-05    9.555986406006525e-05    9.552586029473523e-05
38958.49823384827    9.626080371007182e-05    9.625142848907961e-05    9.631129517207054e-05    9.627450912374065e-05
38958.59823384827    9.700666340102317e-05    9.699070817603178e-05    9.705821091302178e-05    9.701852749669224e-05
38958.69823384827    9.774660796003092e-05    9.772378461703992e-05    9.779924314102949e-05    9.775654523936678e-05
38958.79823384827    9.848110349003805e-05    9.845112198704743e-05    9.853485819003659e-05    9.848902788904068e-05
38958.89823384827    9.920880826504695e-05    9.917137570805671e-05    9.926371452804544e-05    9.921463283371638e-05
38958.998233848266    9.992992201005558e-05    9.988473830506573e-05    9.998601273005402e-05    9.99335576817251e-05
38959.098233848264    0.00010064292480901432    0.00010058968890902546    0.00010070023284901265    0.00010064428218901747
38959.19823384826    0.00010134699123902667    0.00010128540470903822    0.00010140554937902495    0.00010134598177569661
38959.29823384826    0.00010204254188903845    0.00010197229794905042    0.00010210238370903668    0.00010203907451570852
38959.39823384826    0.00010272752766905306    0.00010264832320906544    0.00010278868625905123    0.00010272151237905658
38959.49823384826    0.00010340260529906674    0.00010331413590907956    0.00010346511398906489    0.00010339395173240373
38959.59823384826    0.0001040670496990331    0.00010396901032904703    0.00010413094191903109    0.00010405566731570373
38959.698233848256    0.00010471934577905078    0.00010461143204906515    0.00010478465484904872    0.00010470514422572154
38959.798233848254    0.00010535976195906807    0.00010524167495908288    0.00010542652083906596    0.00010534265258573896
38959.89823384825    0.00010598665992908773    0.00010585810091910299    0.00010605490128908558    0.00010596655404575877
38959.99823384825    0.00010660022669910715    0.00010646090192912281    0.00010666998290910494    0.00010657703717911164
38960.09823384825    0.00010719884899908533    0.00010704847104910223    0.00010727015190908296    0.00010717249065242351
38960.19823384825    0.00010778521819910406    0.0001076234985691214    0.00010785809977910164    0.0001077556055157757
38960.29823384825    0.00010834836341913954    0.0001081750283991573    0.00010842285402913708    0.00010831541528247796
38960.398233848246    0.00010890389485915117    0.00010871867731916932    0.00010898002452914867    0.00010886753223582305
38960.498233848244    0.00010943829990918346    0.00010924093588920201    0.00010951609815918091    0.00010939844465252212
38960.59823384824    0.00010995163345917829    0.00010974186966919815    0.00011003112875917558    0.000109908210629184
38960.69823384824    0.00011045014932920201    0.00011022774875922225    0.00011053136869919927    0.00011040308892920784
38960.79823384824    0.0001109333731992265    0.00011069810758924708    0.00011101634295922369    0.0001108826079158991
38960.89823384824    0.00011138824383927188    0.00011113989403929283    0.00011147298932926904    0.00011133370906927793
38960.99823384824    0.00011183408456928633    0.0001115724470593076    0.00011192062942928346    0.0001117757203526258
38961.098233848235    0.00011225106191930221    0.00011197595438932474    0.00011233942813929916    0.00011218881481597536
38961.198233848234    0.00011264544532934    0.00011235669126936284    0.00011273565420933693    0.00011257926360267993
38961.29823384823    0.00011302378734936685    0.00011272123230938995    0.00011311585781936374    0.00011295362582604017
38961.39823384823    0.00011337920216940523    0.00011306271226942855    0.00011347315157940208    0.00011330502200607861
38961.49823384823    0.00011370510369945462    0.00011337455622947813    0.00011380094814945145    0.00011362686935946139
38961.59823384823    0.00011401427650946011    0.00011366956977948484    0.00011411203009945678    0.00011393195879613392
38961.69823384823    0.00011429989305950125    0.00011394095167952612    0.0001143995673494979    0.00011421347069617507
38961.798233848225    0.00011455584880955304    0.000114182613279578    0.00011465745401954968    0.00011446530536956024
38961.898233848224    0.0001147884624595938    0.00011440089732961882    0.00011489200608959042    0.00011469378862626768
38961.99823384822    0.00011499726452963539    0.00011459535751966043    0.000115102752309632    0.00011489845811964261
38962.09823384822    0.00011518214167966371    0.00011476590207968979    0.00011528957712966017    0.00011507920696300456
38962.19823384822    0.00011534318414970706    0.00011491265071973308    0.00011545256799970352    0.00011523613428971457
38962.29823384822    0.00011547381212976239    0.00011502904178978828    0.00011558514311975884    0.00011536266567976984
38962.39823384822    0.00011558048892980596    0.00011512155960983171    0.00011569376425980242    0.00011546527093314672
38962.498233848215    0.00011565666398986144    0.00011518369013988698    0.00011577187669985792    0.00011553741027653546
38962.59823384821    0.00011570881823990134    0.00011522193529992765    0.0001158259601098977    0.00011558557121657556
38962.69823384821    0.0001157369368199468    0.00011523630321997282    0.00011585599680994318    0.00011560974561662095
38962.79823384821    0.00011573452580000457    0.00011522032386003024    0.00011585549104000096    0.00011560344690001192
38962.89823384821    0.00011570164466006221    0.00011517408761008747    0.00011582449901005862    0.00011556674376006943
38962.99823384821    0.00011565124611009534    0.00011511057228012016    0.00011577597074009181    0.0001155125963767691
38963.098233848206    0.00011556397947017144    0.00011501045331019668    0.00011569055390016781    0.00011542166222684529
38963.198233848205    0.00011545288074021826    0.00011488678961024294    0.00011558128186021467    0.00011530698407022527
38963.2982338482    0.00011531795024026508    0.00011473960547028914    0.00011544815263026153    0.00011516856944693858
38963.3982338482    0.00011515293739032416    0.00011456268036034757    0.00011528491299032068    0.00011500017691366414
38963.4982338482    0.00011496439515037038    0.00011436258456039309    0.00011509811400036696    0.0001148083645703768
38963.5982338482    0.00011474591853044509    0.00011413294191046785    0.00011488134799044161    0.00011458673614378485
38963.6982338482    0.00011450414667049255    0.00011388040502051448    0.00011464125299048914    0.00011434193489383205
38963.798233848196    0.00011423282560055275    0.0001135987561105738    0.00011437157137054942    0.00011406771769389198
38963.898233848195    0.00011393853834059953    0.00011329458593061967    0.00011407888558059628    0.00011377066995060517
38963.99823384819    0.00011362140493064609    0.00011296804586066525    0.0001137633127506429    0.0001134509211806514
38964.09823384819    0.00011327519924073051    0.00011261292339074932    0.00011341862549072729    0.00011310224937406906
38964.19823384819    0.00011290671599077751    0.00011223602833079526    0.0001130516170607744    0.00011273145379411573
38964.29823384819    0.00011250958548083795    0.0001118310082808546    0.00011265591616083494    0.00011233216997417584
38964.39823384819    0.00011209067721088391    0.0001114047557108994    0.000112238390240881    0.00011191127438755476
38964.498233848186    0.00011165008625092966    0.000110957371620944    0.00011179913366092684    0.00011146886384426683
38964.598233848184    0.00011118796422100872    0.00011048902870102229    0.0001113382963010059    0.00011100509640767897
38964.69823384818    0.00011069817215106912    0.00010999359236108144    0.00011084973906106642    0.00011051383452440565
38964.79823384818    0.0001101941422211002    0.00010948451252111121    0.00011034689205109761    0.00011000851559776967
38964.89823384818    0.00010966305046115926    0.00010894896670116898    0.00010981693151115679    0.00010947631622449501
38964.99823384818    0.0001091177412311903    0.00010839981454119868    0.00010927270051118795    0.00010893008542785899
38965.09823384818    0.00010854622560128907    0.00010782507447129635    0.00010870220925128677    0.00010835783644129072
38965.198233848176    0.0001079613546813192    0.00010723759449132508    0.000108118309591317    0.00010777241958798711
38965.298233848174    0.00010735708228136297    0.00010663134068136744    0.0001075149544513609    0.00010716779247136377
38965.39823384817    0.00010673364551140619    0.00010600654567140926    0.00010689238092140425    0.00010654419070140656
38965.49823384817    0.0001060912712714489    0.00010536344507145053    0.00010625081561144708    0.00010590184398478218
38965.59823384817    0.00010543698564152337    0.00010470905872152362    0.00010559728526152162    0.00010524777654152286
38965.69823384817    0.00010476471719156525    0.00010403732037156401    0.0001049257177115636    0.00010457591842489762
38965.79823384817    0.00010407462215160674    0.00010334837831160406    0.00010423627107160525    0.0001038864238449387
38965.898233848166    0.00010337326063163299    0.00010264879603162883    0.0001035355044616316    0.0001031858537082978
38965.998233848164    0.00010266099404165836    0.00010193892430165279    0.0001028237807816571    0.00010247456637498942
38966.09823384816    0.00010193199730175036    0.00010121293259174315    0.00010209527560174919    0.00010174673516508092
38966.19823384816    0.00010119285654177473    0.00010047740689176604    0.00010135657528177367    0.00010100894623843813
38966.29823384816    0.00010044366284179886    9.973241723478877e-05    0.00010060777296179791    0.0001002612843461285
38966.39823384816    9.968477065582215e-05    9.897832052181063e-05    9.984922319582132e-05    9.950410479115138e-05
38966.49823384816    9.891667306684426e-05    9.821560515983132e-05    9.908141977684356e-05    9.873789933450639e-05
38966.598233848155    9.813783561992671e-05    9.744271397891201e-05    9.83028304629261e-05    9.796112668725493e-05
38966.698233848154    9.735180089294452e-05    9.666318398192841e-05    9.751699899094401e-05    9.717732795527232e-05
38966.79823384815    9.655778968196425e-05    9.587623184494678e-05    9.672314627296385e-05    9.63857225999583e-05
38966.89823384815    9.575731465898024e-05    9.508334610396146e-05    9.592278784397995e-05    9.558781620230722e-05
38966.99823384815    9.495071534399539e-05    9.428485802697532e-05    9.51162637349952e-05    9.478394570198862e-05
38967.09823384815    9.413925389406646e-05    9.348202440504448e-05    9.430483718806637e-05    9.397537182905911e-05
38967.19823384815    9.332336311607773e-05    9.26752531720545e-05    9.348894371907773e-05    9.316252000240335e-05
38967.298233848145    9.25031657960887e-05    9.186465376806426e-05    9.26687073960888e-05    9.234550898674725e-05
38967.398233848144    9.167933467709795e-05    9.10508980870723e-05    9.184480110909815e-05    9.152501129108947e-05
38967.49823384814    9.085348268210311e-05    9.023557511607628e-05    9.101884053810338e-05    9.070263277876094e-05
38967.59823384814    9.002527354716937e-05    8.941833070414064e-05    9.019049154916974e-05    8.987803193349325e-05
38967.69823384814    8.919545867217357e-05    8.859990471414374e-05    8.936050643217401e-05    8.905195660616379e-05
38967.79823384814    8.836482310417573e-05    8.778107370714479e-05    8.852967122917624e-05    8.822518934683226e-05
38967.89823384814    8.753377761317679e-05    8.696222928614484e-05    8.76983993461774e-05    8.739813541516635e-05
38967.998233848135    8.670288681117638e-05    8.614392229014343e-05    8.686725564617705e-05    8.657135491583229e-05
38968.09823384813    8.587307034823396e-05    8.53270507011991e-05    8.603716328223469e-05    8.574576144388926e-05
38968.19823384813    8.504396122823205e-05    8.451124060719624e-05    8.520775578823285e-05    8.49209858745537e-05
38968.29823384813    8.42162808472282e-05    8.369719396719149e-05    8.437975629622907e-05    8.409774370354958e-05
38968.39823384813    8.339144115422055e-05    8.288631595318297e-05    8.355457779322146e-05    8.327744496687499e-05
38968.49823384813    8.256874655821478e-05    8.207788966317637e-05    8.273152675021574e-05    8.24593876572023e-05
38968.598233848126    8.174976139126439e-05    8.127346938522412e-05    8.191216887926541e-05    8.164513321858465e-05
38968.698233848125    8.093353632925676e-05    8.04720919592157e-05    8.109555600925782e-05    8.083372809924343e-05
38968.79823384812    8.012158241224494e-05    7.967525403420315e-05    8.028320105424605e-05    8.002667916689805e-05
38968.89823384812    7.931364120223385e-05    7.888268270719135e-05    7.947484685223499e-05    7.922372358722006e-05
38968.99823384812    7.851014142522157e-05    7.80947999181784e-05    7.867092296622274e-05    7.842528810320757e-05
38969.09823384812    7.771120873726707e-05    7.73117136692221e-05    7.78715572052683e-05    7.763149320391915e-05
38969.19823384812    7.691816562025035e-05    7.653473568020477e-05    7.70780728632516e-05    7.684365805456892e-05
38969.298233848116    7.612965565423749e-05    7.576249934619132e-05    7.628911475823877e-05    7.606042325288919e-05
38969.398233848115    7.534707862722067e-05    7.499639130917392e-05    7.550608381422195e-05    7.528318458353885e-05
38969.49823384811    7.457141801820104e-05    7.423738379815378e-05    7.472996475120234e-05    7.451292218918571e-05
38969.59823384811    7.380118106424168e-05    7.348397508019271e-05    7.395926605424302e-05    7.374814073289247e-05
38969.69823384811    7.303711714622371e-05    7.273690224617427e-05    7.319473832622507e-05    7.298958590620768e-05
38969.79823384811    7.228017554720299e-05    7.199710974515308e-05    7.243733096620435e-05    7.223820541952013e-05
38969.89823384811    7.153007533918308e-05    7.126430144313274e-05    7.168676510118444e-05    7.149371396116675e-05
38969.998233848106    7.078692197416286e-05    7.053858158111212e-05    7.094314609716422e-05    7.075621655081307e-05
38970.098233848104    7.005103096019526e-05    6.982024842214289e-05    7.020679098219665e-05    7.002602345484494e-05
38970.1982338481    6.932210785417447e-05    6.910900156612176e-05    6.947740604717586e-05    6.930283848915736e-05
38970.2982338481    6.860084461115162e-05    6.840552851009855e-05    6.875568371315299e-05    6.85873522781344e-05
38970.3982338481    6.788754503612787e-05    6.77101222490745e-05    6.804192950912922e-05    6.787986559811053e-05
38970.4982338481    6.718188708910507e-05    6.70224561560514e-05    6.733582074610643e-05    6.71800546637543e-05
38970.5982338481    6.648332540713474e-05    6.634197877807947e-05    6.663681346813609e-05    6.648737255111676e-05
38970.698233848096    6.57933540391085e-05    6.567017416105297e-05    6.594640247910984e-05    6.580331022642377e-05
38970.798233848094    6.511102019808516e-05    6.50060844830294e-05    6.526363524608646e-05    6.5126913309067e-05
38970.89823384809    6.443634154906174e-05    6.434972766100575e-05    6.458852954706306e-05    6.445819958571018e-05
38970.99823384809    6.37700539200361e-05    6.370183076997991e-05    6.392182130203739e-05    6.379790199735114e-05
38971.09823384809    6.311144380106057e-05    6.306167049900285e-05    6.326279953006186e-05    6.314530461004176e-05
38971.19823384809    6.246132756803399e-05    6.243006328697608e-05    6.261228010903525e-05    6.250122365468177e-05
38971.29823384809    6.181917408000909e-05    6.1806475436951e-05    6.196973155101031e-05    6.18651270226568e-05
38971.398233848086    6.118505357498396e-05    6.119096537292572e-05    6.133522505198517e-05    6.123708133329827e-05
38971.498233848084    6.055930182895776e-05    6.058387028989939e-05    6.070909698695894e-05    6.0617423035272034e-05
38971.59823384808    5.994177491397696e-05    5.99850423379171e-05    6.009120310697814e-05    6.000600678629073e-05
38971.69823384808    5.933164823395327e-05    5.9393652010893286e-05    5.9480719379954416e-05    5.940200654160033e-05
38971.79823384808    5.872992677392636e-05    5.881070340286626e-05    5.8878650639927475e-05    5.88064269389067e-05
38971.89823384808    5.8136284611900495e-05    5.823586725184029e-05    5.8284671309901575e-05    5.821894105788079e-05
38971.99823384808    5.755083711887427e-05    5.7669252971813974e-05    5.7698897530875314e-05    5.7639662540521186e-05
38972.098233848075    5.697272883589283e-05    5.711000771783107e-05    5.712047372589386e-05    5.706773675987258e-05
38972.198233848074    5.640332549886433e-05    5.6559491420802494e-05    5.655076534386533e-05    5.650452742117738e-05
38972.29823384807    5.584111660884077e-05    5.601619191877886e-05    5.598826197284174e-05    5.594852350015379e-05
38972.39823384807    5.5286801782814924e-05    5.548080697375295e-05    5.543366439181586e-05    5.5400424382794583e-05
38972.49823384807    5.474052170978862e-05    5.495347387372658e-05    5.488711261978951e-05    5.486036940110157e-05
38972.59823384807    5.4201831171802966e-05    5.443375484473947e-05    5.434816035680384e-05    5.432791545778209e-05
38972.69823384807    5.367034484577885e-05    5.3921250451715323e-05    5.381642387977969e-05    5.3802673059091294e-05
38972.798233848065    5.314658804175298e-05    5.341648686668941e-05    5.329242842275378e-05    5.3285167777065396e-05
38972.898233848064    5.2630214530728274e-05    5.2919118970664665e-05    5.277582744872903e-05    5.277505365004065e-05
38972.99823384806    5.212094711370449e-05    5.242887146164083e-05    5.226634244070521e-05    5.227205367201684e-05
38973.09823384806    5.161939951971514e-05    5.194634786465009e-05    5.176458958471585e-05    5.17767789896937e-05
38973.19823384806    5.11244129656927e-05    5.1470392024627624e-05    5.126940760769337e-05    5.1288070866004573e-05
38973.29823384806    5.063665944566797e-05    5.1001679565602855e-05    5.07814692866686e-05    5.08066027659798e-05
38973.39823384806    5.0155516528645366e-05    5.053958129358024e-05    5.030015212964596e-05    5.03317499839572e-05
38973.498233848055    4.968178803162001e-05    5.0084894646554895e-05    4.982626064962057e-05    4.986431444259849e-05
38973.59823384805    4.9214868522630693e-05    4.963701800656419e-05    4.935918846363123e-05    4.9403691664275375e-05
38973.69823384805    4.8754061113609346e-05    4.9195258615542825e-05    4.889823773460985e-05    4.894918582125401e-05
38973.79823384805    4.8299801599586486e-05    4.876004167951998e-05    4.8443845372586946e-05    4.850122955056447e-05
38973.89823384805    4.785198385556398e-05    4.833125972749751e-05    4.799590459156442e-05    4.805971605820863e-05
38973.99823384805    4.7410434794542094e-05    4.790874386547562e-05    4.75542411615425e-05    4.76244732738534e-05
38974.098233848046    4.697499676955244e-05    4.74923328624846e-05    4.711869812255281e-05    4.7195342584863274e-05
38974.198233848045    4.6545694207530554e-05    4.708203875646278e-05    4.66892999565309e-05    4.677234430684142e-05
38974.29823384804    4.6122589336508464e-05    4.667793087844074e-05    4.6266108427508766e-05    4.635554288081932e-05
38974.39823384804    4.570551316048697e-05    4.6279841837419275e-05    4.584895251348725e-05    4.5944769170464496e-05
38974.49823384804    4.529386164346763e-05    4.588714719240004e-05    4.543723148646787e-05    4.553941344077852e-05
38974.59823384804    4.488729188347909e-05    4.5499512227410206e-05    4.503059844147932e-05    4.513913418412287e-05
38974.69823384804    4.4487248365455355e-05    4.511837818138656e-05    4.463049908945555e-05    4.4745375212099156e-05
38974.798233848036    4.409170161043899e-05    4.4741719601370276e-05    4.423490156643918e-05    4.4356107592749475e-05
38974.898233848035    4.370183471841833e-05    4.4370696412349775e-05    4.3844992399418484e-05    4.3972507843395536e-05
38974.99823384803    4.3317089890399695e-05    4.400476071333126e-05    4.3460210329399826e-05    4.3594020311043594e-05
38975.09823384803    4.293715658040984e-05    4.3643593369340196e-05    4.3080243039409955e-05    4.322033099638666e-05
38975.19823384803    4.256229615639101e-05    4.328744810032156e-05    4.2705355230391115e-05    4.285169982903455e-05
38975.29823384803    4.219242534837249e-05    4.293623559830326e-05    4.2335462581372574e-05    4.2488041176016105e-05
38975.39823384803    4.182716630035538e-05    4.258956931328638e-05    4.197018548335545e-05    4.212897369899907e-05
38975.498233848026    4.146618075733952e-05    4.2247115896270754e-05    4.160918382833959e-05    4.177416016064996e-05
38975.598233848024    4.111037453734619e-05    4.1909767861276355e-05    4.1253363838346244e-05    4.142450207898959e-05
38975.69823384802    4.075843924933155e-05    4.157621176326201e-05    4.090141665933159e-05    4.107868922397504e-05
38975.79823384802    4.041073873231552e-05    4.124678417324639e-05    4.055370734931556e-05    4.073707675162582e-05
38975.89823384802    4.006737282029912e-05    4.092159934923034e-05    4.0210332779299156e-05    4.0399768316276205e-05
38975.99823384802    3.97278984392844e-05    4.060021414321596e-05    3.987084776328444e-05    4.00663201152616e-05
38976.09823384802    3.939296607529158e-05    4.028325203722229e-05    3.953590520329162e-05    3.9737374438601824e-05
38976.198233848016    3.906122372827928e-05    3.996934003221053e-05    3.9204152887279327e-05    3.941157221592305e-05
38976.298233848014    3.873376756826276e-05    3.965958686519448e-05    3.88766832262628e-05    3.909001255324001e-05
38976.39823384801    3.840938033625092e-05    3.935276409318319e-05    3.8552279324250984e-05    3.87714745845617e-05
38976.49823384801    3.808917925023478e-05    3.904996540016767e-05    3.823205927423485e-05    3.8457067974879104e-05
38976.59823384801    3.777201603624614e-05    3.875003848417842e-05    3.791487283124623e-05    3.814564245055693e-05
38976.69823384801    3.745856214623157e-05    3.845364861816452e-05    3.7601388575231685e-05    3.783786644654259e-05
38976.79823384801    3.714848650821829e-05    3.816043804015203e-05    3.729127919221843e-05    3.753340124686292e-05
38976.898233848005    3.684149836320616e-05    3.787011894514067e-05    3.6984249162206326e-05    3.7231955490184386e-05
38976.998233848004    3.653795382419263e-05    3.7583040440127933e-05    3.668065366619283e-05    3.693388264350446e-05
38977.098233848    3.6237238383203394e-05    3.729854712013848e-05    3.637988298620362e-05    3.663855616318183e-05
38977.198233848    3.593927283619239e-05    3.701656936512841e-05    3.608185098019265e-05    3.634589772717116e-05
38977.298233848    3.564456883117934e-05    3.6737599307116375e-05    3.578707269017964e-05    3.6056413609491785e-05
38977.398233848    3.5352969472166916e-05    3.6461480398104965e-05    3.549538681816726e-05    3.576994556281305e-05
38977.498233848    3.5063482685158464e-05    3.618718122209769e-05    3.520580377315885e-05    3.5485489226805006e-05
38977.598233847995    3.4776988856167327e-05    3.591558055110664e-05    3.491920348916776e-05    3.520392429881392e-05
38977.698233847994    3.449352793115497e-05    3.564672253509547e-05    3.463562114915547e-05    3.492529053846863e-05
38977.79823384799    3.421209888214669e-05    3.537956973408853e-05    3.4354059072147236e-05    3.464857589612748e-05
38977.89823384799    3.393307429513689e-05    3.5114490289080076e-05    3.40748874531375e-05    3.4374150679118156e-05
38977.99823384799    3.365706400212462e-05    3.4852071559069235e-05    3.379871896912526e-05    3.410261817677303e-05
38978.09823384799    3.3383883387132964e-05    3.459214404407799e-05    3.35253612541337e-05    3.383379622844821e-05
38978.19823384799    3.311180597612838e-05    3.433292963807504e-05    3.325309568712916e-05    3.356594376711086e-05
38978.298233847985    3.2842986329114874e-05    3.4076611480063026e-05    3.298406825411574e-05    3.3301222021097875e-05
38978.398233847984    3.2576505587105176e-05    3.3822222612055026e-05    3.2717368578106084e-05    3.303869892575543e-05
38978.49823384798    3.2311885128097454e-05    3.3569299089048954e-05    3.245251181209844e-05    3.277789867641495e-05
38978.59823384798    3.204910606010894e-05    3.331780046506134e-05    3.218948053711001e-05    3.2518795687426764e-05
38978.69823384798    3.1788514816099704e-05    3.306806153905391e-05    3.192862071010084e-05    3.2261732355084815e-05
38978.79823384798    3.1530558830088586e-05    3.282052339804462e-05    3.167038001908979e-05    3.200715408240767e-05
38978.89823384798    3.127407474308238e-05    3.257403150604021e-05    3.141359335608365e-05    3.1753899868402076e-05
38978.998233847975    3.10196004600739e-05    3.232908951203367e-05    3.115880260207523e-05    3.15024975247276e-05
38979.09823384797    3.076775242208114e-05    3.208632481004214e-05    3.0906622262082565e-05    3.1253566498068616e-05
38979.19823384797    3.051733265707501e-05    3.1844523292038006e-05    3.065585829707648e-05    3.100590474872983e-05
38979.29823384797    3.0268962778066204e-05    3.160433594903108e-05    3.0407126207067758e-05    3.0760141644721685e-05
38979.39823384797    3.002211089305969e-05    3.1365202308026555e-05    3.0159904241061277e-05    3.051573914738251e-05
38979.49823384797    2.977700076105221e-05    3.112740433102082e-05    2.9914409205053863e-05    3.02729380990423e-05
38979.598233847966    2.9533684600062214e-05    3.089099425003207e-05    2.967069984306393e-05    3.0031792897719406e-05
38979.698233847965    2.9291463923057432e-05    3.0655333280028796e-05    2.9428079708059177e-05    2.9791625637048468e-05
38979.79823384796    2.9050734279050924e-05    3.0420937219023272e-05    2.9186941547052708e-05    2.9552871015042303e-05
38979.89823384796    2.881040408704918e-05    3.0186923473021602e-05    2.8946196329050992e-05    2.9314507963040592e-05
38979.99823384796    2.8568227224057242e-05    2.995224150802452e-05    2.870354999705929e-05    2.9074672909713685e-05
38980.09823384796    2.8336375784029034e-05    2.972784595099594e-05    2.8470752572033232e-05    2.8844991435686075e-05
38980.19823384796    2.810867950301059e-05    2.9505494580986872e-05    2.8242228707014263e-05    2.8618800930337243e-05
38980.298233847956    2.7883220152000664e-05    2.928439109498133e-05    2.8015976570004183e-05    2.8394529272328726e-05
38980.398233847955    2.7659651335426987e-05    2.9064412736974753e-05    2.7791628046742354e-05    2.8171897373048034e-05
38980.49823384795    2.7437836660717488e-05    2.884552126753514e-05    2.7569035342032177e-05    2.7950797756761602e-05
38980.59823384795    2.7217712419033757e-05    2.862770581509992e-05    2.734812773135061e-05    2.7731181988494762e-05
38980.69823384795    2.6999247031362804e-05    2.8410966790664538e-05    2.7128869044683664e-05    2.7513027622237e-05
38980.79823384795    2.6782424919713922e-05    2.8195309885242545e-05    2.69112406410401e-05    2.7296325148665524e-05
38980.89823384795    2.656723899305201e-05    2.7980743517801373e-05    2.669523340138427e-05    2.7081071970745885e-05
38980.998233847946    2.63536867943911e-05    2.7767277654356172e-05    2.648084358872995e-05    2.6867269345825742e-05
38981.098233847944    2.6141768419730145e-05    2.7554923258906536e-05    2.626807055607589e-05    2.665492074490419e-05
38981.19823384794    2.5931485349068596e-05    2.7343692025452166e-05    2.6056915447421372e-05    2.644403094064738e-05
38981.29823384794    2.5722839780421335e-05    2.713359625200811e-05    2.5847380423781223e-05    2.623460548540356e-05
38981.39823384794    2.551583424675775e-05    2.6924648762543495e-05    2.563946821212461e-05    2.602665040714195e-05
38981.49823384794    2.5310471391093098e-05    2.67168628630735e-05    2.5433181819466775e-05    2.582017202454446e-05
38981.59823384794    2.510675384342738e-05    2.6510252293597945e-05    2.522852436780768e-05    2.5615176834944333e-05
38981.698233847936    2.4904684134760636e-05    2.630483118011667e-05    2.5025498979147323e-05    2.5411671431341544e-05
38981.798233847934    2.470426465410751e-05    2.6100613979644406e-05    2.4824108703500382e-05    2.5209662445750766e-05
38981.89823384793    2.450549761143879e-05    2.5897615421151234e-05    2.4624356464837486e-05    2.5009156499142503e-05
38981.99823384793    2.4308385007769255e-05    2.5695850437652023e-05    2.4426245019173475e-05    2.4810160154864917e-05
38982.09823384793    2.4112928616099007e-05    2.5495334094146712e-05    2.422977691850843e-05    2.4612679876251384e-05
38982.19823384793    2.391912995642814e-05    2.5296081520635277e-05    2.403495447984245e-05    2.4416721985635287e-05
38982.29823384793    2.372699026977075e-05    2.5098107840132128e-05    2.3841779756189696e-05    2.4222292622030857e-05
38982.398233847925    2.353651050209888e-05    2.4901428093608394e-05    2.365025450652205e-05    2.4029397700743106e-05
38982.498233847924    2.3347691277426755e-05    2.470605717307863e-05    2.3460380174853823e-05    2.3838042875119736e-05
38982.59823384792    2.3160532879754518e-05    2.451200975354293e-05    2.3272157857185152e-05    2.3648233496827533e-05
38982.69823384792    2.2975035233082307e-05    2.4319300233001396e-05    2.3085588285516184e-05    2.345997458386663e-05
38982.79823384792    2.2791197881423662e-05    2.4127942667468103e-05    2.2900671804860532e-05    2.3273270784584096e-05
38982.89823384792    2.2609019969751862e-05    2.3937950716915253e-05    2.271740835319133e-05    2.3088126346619476e-05
38982.99823384792    2.2428500236080575e-05    2.3749337596357054e-05    2.2535797444522322e-05    2.290454509231998e-05
38983.098233847915    2.2249636990409973e-05    2.356211602279371e-05    2.235583815485369e-05    2.2722530389352457e-05
38983.198233847914    2.2072428108740232e-05    2.3376298174225437e-05    2.2177529112185612e-05    2.2542085131717094e-05
38983.29823384791    2.18968710250843e-05    2.319189565366588e-05    2.2000868481531133e-05    2.236321172009377e-05
38983.39823384791    2.1722962719416698e-05    2.3008919448088352e-05    2.1825853960864613e-05    2.2185912042789885e-05
38983.49823384791    2.15506997197505e-05    2.282737990450664e-05    2.1652482774199214e-05    2.201018746615212e-05
38983.59823384791    2.1380078092085897e-05    2.264728669692101e-05    2.1480751670535132e-05    2.1836038819847346e-05
38983.69823384791    2.121109345042307e-05    2.2468648811331737e-05    2.1310656919872562e-05    2.1663466393875793e-05
38983.798233847905    2.1043740945774382e-05    2.2291474518752007e-05    2.1142194314223954e-05    2.1492469926250114e-05
38983.8982338479    2.0878015279115547e-05    2.2115771367156226e-05    2.0975359171564864e-05    2.1323048605945548e-05
38983.9982338479    2.071391070245904e-05    2.1941546167557685e-05    2.0810146339907862e-05    2.1155201069974865e-05
38984.0982338479    2.055142102180504e-05    2.1768804982956692e-05    2.064655020325313e-05    2.0988925402671623e-05
38984.1982338479    2.039053961215372e-05    2.159755313035354e-05    2.0484564686600864e-05    2.0824219143036043e-05
38984.2982338479    2.023125941951685e-05    2.1427795169760898e-05    2.0324183267962903e-05    2.0661079285746887e-05
38984.398233847896    2.00735729728713e-05    2.1259534914154245e-05    2.0165398987315982e-05    2.0499502291447176e-05
38984.498233847895    1.9917472397228935e-05    2.1092775424546358e-05    2.0008204456672047e-05    2.033948409281578e-05
38984.59823384789    1.976294942358993e-05    2.0927519023937528e-05    1.9852591871031277e-05    2.0181020106186243e-05
38984.69823384789    1.960999540295442e-05    2.0763767296328055e-05    1.969855302539383e-05    2.0024105241558767e-05
38984.79823384789    1.945860131733358e-05    2.0601521106730038e-05    1.954607932377096e-05    1.9868733915944856e-05
38984.89823384789    1.9308757795705403e-05    2.044078060412005e-05    1.939516179514051e-05    1.9714900064988654e-05
38984.99823384789    1.9160455128081164e-05    2.0281545240510278e-05    1.9245791108513845e-05    1.9562597159035094e-05
