3.894999823384839692e+04 4.438142497700000281e-05 4.444370339899999698e-05 4.440096192000000139e-05 4.440869676533332921e-05
3.895009823384839547e+04 4.475846451097256784e-05 4.482141107797251437e-05 4.477811481397255580e-05 4.478599680097254600e-05
3.895019823384839401e+04 4.514135495597214022e-05 4.520497495397209748e-05 4.516111990497213770e-05 4.516914993830545847e-05
3.895029823384839256e+04 4.552851700997183028e-05 4.559281496997178346e-05 4.554839798697182725e-05 4.555657665563847807e-05
3.895039823384839110e+04 4.592063108897147364e-05 4.598561187897141455e-05 4.594062951497145906e-05 4.594895749430478467e-05
3.895049823384838965e+04 4.631736082097113463e-05 4.638302775197108345e-05 4.633747821897112344e-05 4.634595559730444265e-05
3.895059823384838819e+04 4.671979887594143705e-05 4.678615505394133453e-05 4.674003681494141833e-05 4.674866358160805879e-05
3.895069823384838674e+04 4.712663485994079770e-05 4.719368317694069202e-05 4.714699493194078145e-05 4.715577098960742146e-05
3.895079823384838528e+04 4.753946995993992139e-05 4.760721408793981994e-05 4.755995382393990526e-05 4.756887929060655564e-05
3.895089823384838382e+04 4.795779619993913130e-05 4.802623792593902543e-05 4.797840566293910629e-05 4.798747992960575434e-05
3.895099823384838237e+04 4.838116112893838780e-05 4.845030290093829147e-05 4.840189791593837955e-05 4.841112064860501960e-05
3.895109823384838091e+04 4.880927861290654919e-05 4.887912067290639783e-05 4.883014465090651946e-05 4.883951464557315775e-05
3.895119823384837946e+04 4.924350510090522311e-05 4.931404808990506682e-05 4.926450233290518627e-05 4.927401850790516551e-05
3.895129823384837800e+04 4.968277982590411760e-05 4.975402488490395701e-05 4.970391024790409148e-05 4.971357165290405988e-05
3.895139823384837655e+04 5.012848886690271397e-05 5.020043592590256047e-05 5.014975460490267683e-05 5.015955979923598376e-05
3.895149823384837509e+04 5.057908861790164334e-05 5.065173534690149378e-05 5.060049194990161553e-05 5.061043863823491755e-05
3.895159823384837364e+04 5.103530582986722430e-05 5.110864992786702386e-05 5.105684906586718222e-05 5.106693494120047679e-05
3.895169823384837218e+04 5.149804797986532064e-05 5.157208782586511774e-05 5.151973346086527775e-05 5.152995642219857430e-05
3.895179823384837073e+04 5.196677534086357818e-05 5.204150807586338268e-05 5.198860555686354162e-05 5.199896299119682739e-05
3.895189823384836927e+04 5.244019827086221822e-05 5.251561981486201362e-05 5.246217586586217005e-05 5.247266465052880289e-05
3.895199823384836782e+04 5.292023244186029634e-05 5.299633619386008972e-05 5.294236020786024583e-05 5.295297628119354622e-05
3.895209823384836636e+04 5.340663741882304284e-05 5.348341695282280263e-05 5.342891818282299019e-05 5.343965751815628307e-05
3.895219823384836491e+04 5.389837470582110413e-05 5.397582494282086559e-05 5.392081139582105488e-05 5.393167034815433476e-05
3.895229823384836345e+04 5.439617292081890492e-05 5.447428453681866091e-05 5.441876867481884399e-05 5.442974204415214112e-05
3.895239823384836200e+04 5.490068423281645567e-05 5.497944938681622148e-05 5.492344212981640323e-05 5.493452524981635787e-05
3.895249823384836054e+04 5.541123722081426267e-05 5.549064337581402213e-05 5.543416079281420145e-05 5.544534712981415983e-05
3.895259823384835909e+04 5.592803559277439144e-05 5.600807056177411212e-05 5.595112836777431646e-05 5.596241150744094001e-05
3.895269823384835763e+04 5.645067141677183363e-05 5.653132407477157352e-05 5.647393696777176114e-05 5.648531081977172050e-05
3.895279823384835618e+04 5.698021030676882583e-05 5.706146540776856584e-05 5.700365255576874866e-05 5.701510942343537559e-05
3.895289823384835472e+04 5.751582615476617409e-05 5.759766668376591634e-05 5.753944914176609588e-05 5.755098066009939995e-05
3.895299823384835327e+04 5.805812602976325728e-05 5.814053608476300910e-05 5.808193388676317735e-05 5.809353200042980780e-05
3.895309823384835181e+04 5.860641035072075030e-05 5.868936980872047077e-05 5.863040754372065330e-05 5.864206256772061575e-05
3.895319823384835036e+04 5.916148322671729214e-05 5.924496985171702045e-05 5.918567435771719286e-05 5.919737581205050181e-05
3.895329823384834890e+04 5.972286084671408438e-05 5.980685343871382665e-05 5.974725064471397742e-05 5.975898831004729841e-05
3.895339823384834745e+04 6.029103397671062135e-05 6.037550706171037262e-05 6.031562751371051664e-05 6.032738951737717472e-05
3.895349823384834599e+04 6.086584077070724070e-05 6.095076704570700474e-05 6.089064329370713662e-05 6.090241703670712961e-05
3.895359823384834453e+04 6.144655897066197373e-05 6.153190914666172614e-05 6.147157597966185509e-05 6.148334803232852284e-05
3.895369823384834308e+04 6.203468011665766294e-05 6.212042266465744574e-05 6.205991731465753910e-05 6.207167336532422948e-05
3.895379823384834162e+04 6.262897688265407141e-05 6.271507828465386358e-05 6.265444023865393553e-05 6.266616513532063254e-05
3.895389823384834017e+04 6.322912032465067503e-05 6.331554493165047570e-05 6.325481608865052925e-05 6.326649378165056451e-05
3.895399823384833871e+04 6.383694996064620086e-05 6.392365738064603037e-05 6.386288470364605556e-05 6.387449734831275323e-05
3.895409823384833726e+04 6.445045530759824540e-05 6.453740576059810387e-05 6.447663576059809462e-05 6.448816560959816152e-05
3.895419823384833580e+04 6.507096548259366591e-05 6.515811447559353010e-05 6.509739877859351085e-05 6.510882624559356444e-05
3.895429823384833435e+04 6.569765385858961841e-05 6.578495461958951899e-05 6.572434741958945825e-05 6.573565196592286522e-05
3.895439823384833289e+04 6.633122476858511801e-05 6.641862557758505456e-05 6.635818643058493586e-05 6.636934559225170281e-05
3.895449823384833144e+04 6.697120488758092033e-05 6.705865164658088740e-05 6.699844276658073504e-05 6.700943310024752781e-05
3.895459823384832998e+04 6.761724447752994935e-05 6.770468035552995795e-05 6.764476698252973839e-05 6.765556393852988190e-05
3.895469823384832853e+04 6.827060701152461750e-05 6.835797218452466576e-05 6.829842295752440744e-05 6.830900071785790141e-05
3.895479823384832707e+04 6.892943383652065312e-05 6.901666315552073606e-05 6.895755249552041406e-05 6.896788316252060560e-05
3.895489823384832562e+04 6.959421828151631396e-05 6.968124383451646052e-05 6.962264919951607694e-05 6.963270377184962166e-05
3.895499823384832416e+04 7.026595906351124424e-05 7.035270963151145091e-05 7.029471220551101226e-05 7.030446030017789344e-05
3.895509823384832271e+04 7.094316332145798962e-05 7.102956230245827183e-05 7.097224912345774083e-05 7.098165824912467195e-05
3.895519823384832125e+04 7.162689177845278133e-05 7.171285923745311370e-05 7.165632114245250805e-05 7.166535738611946318e-05
3.895529823384831980e+04 7.231642846644812945e-05 7.240187798944853288e-05 7.234621285044783999e-05 7.235483976878149626e-05
3.895539823384831834e+04 7.301123043544391583e-05 7.309607293944439402e-05 7.304138150944361886e-05 7.304956162811064742e-05
3.895549823384831689e+04 7.371212789343903208e-05 7.379627120743958600e-05 7.374265787743873677e-05 7.375035232610578043e-05
3.895559823384831543e+04 7.441835260438338590e-05 7.450169615738408261e-05 7.444927438538304467e-05 7.445644104905018009e-05
3.895569823384831398e+04 7.512974683237887662e-05 7.521218673837966686e-05 7.516107365237851526e-05 7.516766907437901055e-05
3.895579823384831252e+04 7.584703536537372296e-05 7.592846245137460724e-05 7.587878101537335392e-05 7.588475961070722804e-05
3.895589823384831107e+04 7.656913962336952531e-05 7.664943909737050140e-05 7.660131840536914900e-05 7.660663237536972524e-05
3.895599823384830961e+04 7.729618178336521606e-05 7.737523489236629672e-05 7.732880858336481724e-05 7.733340841969877668e-05
3.895609823384830815e+04 7.802795433130782987e-05 7.810563376530913838e-05 7.806104460330739959e-05 7.806487756664145595e-05
3.895619823384830670e+04 7.876403017630376408e-05 7.884020566430519072e-05 7.879759999730330381e-05 7.880061194597074836e-05
3.895629823384830524e+04 7.950424592829984961e-05 7.957877930430140459e-05 7.953831197829937835e-05 7.954044573696688204e-05
3.895639823384830379e+04 8.024922040629534385e-05 8.032196812129702916e-05 8.028379991429486723e-05 8.028499614729574674e-05
3.895649823384830233e+04 8.099715709629254183e-05 8.106797063829437780e-05 8.103226783329203634e-05 8.103246518929298984e-05
3.895659823384830088e+04 8.174956232523358411e-05 8.181828554823569993e-05 8.178522288823300698e-05 8.178435692056744389e-05
3.895669823384829942e+04 8.250444091123104999e-05 8.257091113423334567e-05 8.254067034323047465e-05 8.253867412956495677e-05
3.895679823384829797e+04 8.326262527122768793e-05 8.332667494723015357e-05 8.329944331822708838e-05 8.329624784556162974e-05
3.895689823384829651e+04 8.402416629122426038e-05 8.408561856022691639e-05 8.406159355822364265e-05 8.405712613655828217e-05
3.895699823384829506e+04 8.478693223322301444e-05 8.484560559922585551e-05 8.482498960422237932e-05 8.481917581222374975e-05
3.895709823384829360e+04 8.555289834716402924e-05 8.560860466116727082e-05 8.559160770816331997e-05 8.558437023883153549e-05
3.895719823384829215e+04 8.631958045416324849e-05 8.637212358516669654e-05 8.635896422316251145e-05 8.635022275416415216e-05
3.895729823384829069e+04 8.708774563816162179e-05 8.713692451216529676e-05 8.712782684016086797e-05 8.711749899682926217e-05
3.895739823384828924e+04 8.785745464015994705e-05 8.790306060716384783e-05 8.789825702315916223e-05 8.788625742349431000e-05
3.895749823384828778e+04 8.862746057715962611e-05 8.866927668016375268e-05 8.866900873815881132e-05 8.865524866516073907e-05
3.895759823384828633e+04 8.939786883810311850e-05 8.943567176510780091e-05 8.944018791110223043e-05 8.942457617143771209e-05
3.895769823384828487e+04 9.016807866910335782e-05 9.020164088610830157e-05 9.021119428010242994e-05 9.019363794510470999e-05
3.895779823384828342e+04 9.093686509110501825e-05 9.096595209411022394e-05 9.098080362610405712e-05 9.096120693710643310e-05
3.895789823384828196e+04 9.170465115910618329e-05 9.172901847811167531e-05 9.174943993210519545e-05 9.172770318977433780e-05
3.895799823384828051e+04 9.247131148910748655e-05 9.249071089011327265e-05 9.251697800310647150e-05 9.249300012744240572e-05
3.895809823384827905e+04 9.323534594605494908e-05 9.324952240106141579e-05 9.328191854805382511e-05 9.325559563172338762e-05
3.895819823384827760e+04 9.399723895505760602e-05 9.400593270506439245e-05 9.404474648605645011e-05 9.401597271539281167e-05
3.895829823384827614e+04 9.475568473106187278e-05 9.475862897306898424e-05 9.480415681406067433e-05 9.477282350606385734e-05
3.895839823384827469e+04 9.551039741706648511e-05 9.550731940707392917e-05 9.555986406006524879e-05 9.552586029473523457e-05
3.895849823384827323e+04 9.626080371007181920e-05 9.625142848907961013e-05 9.631129517207053545e-05 9.627450912374065041e-05
3.895859823384827178e+04 9.700666340102317444e-05 9.699070817603177772e-05 9.705821091302178005e-05 9.701852749669223955e-05
3.895869823384827032e+04 9.774660796003091956e-05 9.772378461703991792e-05 9.779924314102948952e-05 9.775654523936677567e-05
3.895879823384826886e+04 9.848110349003805328e-05 9.845112198704742649e-05 9.853485819003658772e-05 9.848902788904068464e-05
3.895889823384826741e+04 9.920880826504694956e-05 9.917137570805670981e-05 9.926371452804544316e-05 9.921463283371638106e-05
3.895899823384826595e+04 9.992992201005558247e-05 9.988473830506573281e-05 9.998601273005401841e-05 9.993355768172510671e-05
3.895909823384826450e+04 1.006429248090143246e-04 1.005896889090254564e-04 1.007002328490126490e-04 1.006442821890174676e-04
3.895919823384826304e+04 1.013469912390266661e-04 1.012854047090382175e-04 1.014055493790249474e-04 1.013459817756966148e-04
3.895929823384826159e+04 1.020425418890384526e-04 1.019722979490504200e-04 1.021023837090366776e-04 1.020390745157085213e-04
3.895939823384826013e+04 1.027275276690530587e-04 1.026483232090654384e-04 1.027886862590512328e-04 1.027215123790565767e-04
3.895949823384825868e+04 1.034026052990667392e-04 1.033141359090795572e-04 1.034651139890648908e-04 1.033939517324037336e-04
3.895959823384825722e+04 1.040670496990331019e-04 1.039690103290470322e-04 1.041309419190310882e-04 1.040556673157037317e-04
3.895969823384825577e+04 1.047193457790507760e-04 1.046114320490651494e-04 1.047846548490487169e-04 1.047051442257215429e-04
3.895979823384825431e+04 1.053597619590680712e-04 1.052416749590828781e-04 1.054265208390659577e-04 1.053426525857389554e-04
3.895989823384825286e+04 1.059866599290877333e-04 1.058581009191029916e-04 1.060549012890855849e-04 1.059665540457587699e-04
3.895999823384825140e+04 1.066002266991071480e-04 1.064609019291228118e-04 1.066699829091049423e-04 1.065770371791116431e-04
3.896009823384824995e+04 1.071988489990853349e-04 1.070484710491022263e-04 1.072701519090829634e-04 1.071724906524235127e-04
3.896019823384824849e+04 1.077852181991040612e-04 1.076234985691213949e-04 1.078580997791016440e-04 1.077556055157757046e-04
3.896029823384824704e+04 1.083483634191395356e-04 1.081750283991572936e-04 1.084228540291370821e-04 1.083154152824779569e-04
3.896039823384824558e+04 1.089038948591511727e-04 1.087186773191693229e-04 1.089800245291486675e-04 1.088675322358230544e-04
3.896049823384824413e+04 1.094382999091834572e-04 1.092409358892020103e-04 1.095160981591809107e-04 1.093984446525221170e-04
3.896059823384824267e+04 1.099516334591782918e-04 1.097418696691981519e-04 1.100311287591755805e-04 1.099082106291839945e-04
3.896069823384824122e+04 1.104501493292020135e-04 1.102277487592222543e-04 1.105313686991992665e-04 1.104030889292078357e-04
3.896079823384823976e+04 1.109333731992265032e-04 1.106981075892470847e-04 1.110163429592236922e-04 1.108826079158990979e-04
3.896089823384823831e+04 1.113882438392718786e-04 1.111398940392928282e-04 1.114729893292690401e-04 1.113337090692779292e-04
3.896099823384823685e+04 1.118340845692863343e-04 1.115724470593076049e-04 1.119206294292834599e-04 1.117757203526257952e-04
3.896109823384823540e+04 1.122510619193022117e-04 1.119759543893247426e-04 1.123394281392991562e-04 1.121888148159753566e-04
3.896119823384823394e+04 1.126454453293400035e-04 1.123566912693628434e-04 1.127356542093369284e-04 1.125792636026799341e-04
3.896129823384823248e+04 1.130237873493668483e-04 1.127212323093899530e-04 1.131158578193637365e-04 1.129536258260401747e-04
3.896139823384823103e+04 1.133792021694052265e-04 1.130627122694285465e-04 1.134731515794020818e-04 1.133050220060786138e-04
3.896149823384822957e+04 1.137051036994546187e-04 1.133745562294781288e-04 1.138009481494514500e-04 1.136268693594613856e-04
3.896159823384822812e+04 1.140142765094601140e-04 1.136695697794848364e-04 1.141120300994567755e-04 1.139319587961339222e-04
3.896169823384822666e+04 1.142998930595012531e-04 1.139409516795261153e-04 1.143995673494978943e-04 1.142134706961750695e-04
3.896179823384822521e+04 1.145558488095530436e-04 1.141826132795779989e-04 1.146574540195496818e-04 1.144653053695602414e-04
3.896189823384822375e+04 1.147884624595937989e-04 1.144008973296188153e-04 1.148920060895904175e-04 1.146937886262676772e-04
3.896199823384822230e+04 1.149972645296353896e-04 1.145953575196604252e-04 1.151027523096320000e-04 1.148984581196426139e-04
3.896209823384822084e+04 1.151821416796637110e-04 1.147659020796897852e-04 1.152895771296601700e-04 1.150792069630045554e-04
3.896219823384821939e+04 1.153431841497070629e-04 1.149126507197330754e-04 1.154525679997035238e-04 1.152361342897145676e-04
3.896229823384821793e+04 1.154738121297623897e-04 1.150290417897882768e-04 1.155851431197588408e-04 1.153626656797698358e-04
3.896239823384821648e+04 1.155804889298059585e-04 1.151215596098317112e-04 1.156937642598024216e-04 1.154652709331467197e-04
3.896249823384821502e+04 1.156566639898614442e-04 1.151836901398869820e-04 1.157718766998579196e-04 1.155374102765354576e-04
3.896259823384821357e+04 1.157088182399013419e-04 1.152219352999276492e-04 1.158259601098976960e-04 1.155855712165755579e-04
3.896269823384821211e+04 1.157369368199468037e-04 1.152363032199728180e-04 1.158559968099431760e-04 1.156097456166209461e-04
3.896279823384821066e+04 1.157345258000045697e-04 1.152203238600302358e-04 1.158554910400009591e-04 1.156034469000119215e-04
3.896289823384820920e+04 1.157016446600622121e-04 1.151740876100874710e-04 1.158244990100586240e-04 1.155667437600694267e-04
3.896299823384820775e+04 1.156512461100953374e-04 1.151105722801201573e-04 1.157759707400918075e-04 1.155125963767690962e-04
3.896309823384820629e+04 1.155639794701714373e-04 1.150104533101966832e-04 1.156905539001678099e-04 1.154216622268452921e-04
3.896319823384820484e+04 1.154528807402182563e-04 1.148867896102429378e-04 1.155812818602146693e-04 1.153069840702252742e-04
3.896329823384820338e+04 1.153179502402650758e-04 1.147396054702891404e-04 1.154481526302615348e-04 1.151685694469385836e-04
3.896339823384820193e+04 1.151529373903241606e-04 1.145626803603475740e-04 1.152849129903206769e-04 1.150001769136641417e-04
3.896349823384820047e+04 1.149643951503703842e-04 1.143625845603930927e-04 1.150981140003669550e-04 1.148083645703768061e-04
3.896359823384819902e+04 1.147459185304450908e-04 1.141329419104678461e-04 1.148813479904416113e-04 1.145867361437848494e-04
3.896369823384819756e+04 1.145041466704925509e-04 1.138804050205144826e-04 1.146412529904891424e-04 1.143419348938320496e-04
3.896379823384819611e+04 1.142328256005527531e-04 1.135987561105738022e-04 1.143715713705494182e-04 1.140677176938919776e-04
3.896389823384819465e+04 1.139385383405995349e-04 1.132945859306196731e-04 1.140788855805962827e-04 1.137706699506051681e-04
3.896399823384819319e+04 1.136214049306460906e-04 1.129680458606652476e-04 1.137633127506429035e-04 1.134509211806514049e-04
3.896409823384819174e+04 1.132751992407305107e-04 1.126129233907493193e-04 1.134186254907272915e-04 1.131022493740690586e-04
3.896419823384819028e+04 1.129067159907775101e-04 1.122360283307952572e-04 1.130516170607743972e-04 1.127314537941157305e-04
3.896429823384818883e+04 1.125095854808379545e-04 1.118310082808546063e-04 1.126559161608349383e-04 1.123321699741758420e-04
3.896439823384818737e+04 1.120906772108839068e-04 1.114047557108993955e-04 1.122383902408809967e-04 1.119112743875547573e-04
3.896449823384818592e+04 1.116500862509296602e-04 1.109573716209439937e-04 1.117991336609268409e-04 1.114688638442668271e-04
3.896459823384818446e+04 1.111879642210087191e-04 1.104890287010222908e-04 1.113382963010059039e-04 1.110050964076789712e-04
3.896469823384818301e+04 1.106981721510691191e-04 1.099935923610814394e-04 1.108497390610664238e-04 1.105138345244056517e-04
3.896479823384818155e+04 1.101941422211001945e-04 1.094845125211112147e-04 1.103468920510976118e-04 1.100085155977696737e-04
3.896489823384818010e+04 1.096630504611592551e-04 1.089489667011689849e-04 1.098169315111567911e-04 1.094763162244950149e-04
3.896499823384817864e+04 1.091177412311902968e-04 1.083998145411986812e-04 1.092727005111879496e-04 1.089300854278589894e-04
3.896509823384817719e+04 1.085462256012890747e-04 1.078250744712963495e-04 1.087022092512867662e-04 1.083578364412907211e-04
3.896519823384817573e+04 1.079613546813192049e-04 1.072375944913250812e-04 1.081183095913170031e-04 1.077724195879871145e-04
3.896529823384817428e+04 1.073570822813629659e-04 1.066313406813674375e-04 1.075149544513608968e-04 1.071677924713637713e-04
3.896539823384817282e+04 1.067336455114061916e-04 1.060065456714092633e-04 1.068923809214042479e-04 1.065441907014065586e-04
3.896549823384817137e+04 1.060912712714489052e-04 1.053634450714505339e-04 1.062508156114470810e-04 1.059018439847821824e-04
3.896559823384816991e+04 1.054369856415233667e-04 1.047090587215236186e-04 1.055972852615216242e-04 1.052477765415228608e-04
3.896569823384816846e+04 1.047647171915652524e-04 1.040373203715640150e-04 1.049257177115636041e-04 1.045759184248976238e-04
3.896579823384816700e+04 1.040746221516067424e-04 1.033483783116040627e-04 1.042362710716052490e-04 1.038864238449386938e-04
3.896589823384816555e+04 1.033732606316329895e-04 1.026487960316288349e-04 1.035355044616315969e-04 1.031858537082978026e-04
3.896599823384816409e+04 1.026609940416583632e-04 1.019389243016527929e-04 1.028237807816571029e-04 1.024745663749894242e-04
3.896609823384816264e+04 1.019319973017503622e-04 1.012129325917431483e-04 1.020952756017491902e-04 1.017467351650809228e-04
3.896619823384816118e+04 1.011928565417747255e-04 1.004774068917660423e-04 1.013565752817736714e-04 1.010089462384381284e-04
3.896629823384815973e+04 1.004436628417988643e-04 9.973241723478876511e-05 1.006077729617979149e-04 1.002612843461285057e-04
3.896639823384815827e+04 9.968477065582214683e-05 9.897832052181063090e-05 9.984922319582132104e-05 9.950410479115138433e-05
3.896649823384815681e+04 9.891667306684425614e-05 9.821560515983132481e-05 9.908141977684355704e-05 9.873789933450638837e-05
3.896659823384815536e+04 9.813783561992671389e-05 9.744271397891200986e-05 9.830283046292609655e-05 9.796112668725493106e-05
3.896669823384815390e+04 9.735180089294451678e-05 9.666318398192841246e-05 9.751699899094401047e-05 9.717732795527232227e-05
3.896679823384815245e+04 9.655778968196424624e-05 9.587623184494677977e-05 9.672314627296384974e-05 9.638572259995829643e-05
3.896689823384815099e+04 9.575731465898023914e-05 9.508334610396146022e-05 9.592278784397994943e-05 9.558781620230721626e-05
3.896699823384814954e+04 9.495071534399538728e-05 9.428485802697532370e-05 9.511626373499520288e-05 9.478394570198861988e-05
3.896709823384814808e+04 9.413925389406645726e-05 9.348202440504448357e-05 9.430483718806637289e-05 9.397537182905911360e-05
3.896719823384814663e+04 9.332336311607773434e-05 9.267525317205450419e-05 9.348894371907773412e-05 9.316252000240334680e-05
3.896729823384814517e+04 9.250316579608869598e-05 9.186465376806426171e-05 9.266870739608879643e-05 9.234550898674725138e-05
3.896739823384814372e+04 9.167933467709795281e-05 9.105089808707229730e-05 9.184480110909814990e-05 9.152501129108947119e-05
3.896749823384814226e+04 9.085348268210311417e-05 9.023557511607628253e-05 9.101884053810338157e-05 9.070263277876093513e-05
3.896759823384814081e+04 9.002527354716936510e-05 8.941833070414064333e-05 9.019049154916973737e-05 8.987803193349325312e-05
3.896769823384813935e+04 8.919545867217356814e-05 8.859990471414373996e-05 8.936050643217401340e-05 8.905195660616378739e-05
3.896779823384813790e+04 8.836482310417572935e-05 8.778107370714479025e-05 8.852967122917623723e-05 8.822518934683225679e-05
3.896789823384813644e+04 8.753377761317678886e-05 8.696222928614483791e-05 8.769839934617739623e-05 8.739813541516635003e-05
3.896799823384813499e+04 8.670288681117638372e-05 8.614392229014343201e-05 8.686725564617704546e-05 8.657135491583228706e-05
3.896809823384813353e+04 8.587307034823396144e-05 8.532705070119910333e-05 8.603716328223468717e-05 8.574576144388926420e-05
3.896819823384813208e+04 8.504396122823205278e-05 8.451124060719624007e-05 8.520775578823284622e-05 8.492098587455369947e-05
3.896829823384813062e+04 8.421628084722819919e-05 8.369719396719149250e-05 8.437975629622906611e-05 8.409774370354958142e-05
3.896839823384812917e+04 8.339144115422055046e-05 8.288631595318297451e-05 8.355457779322146420e-05 8.327744496687498736e-05
3.896849823384812771e+04 8.256874655821478380e-05 8.207788966317637440e-05 8.273152675021574315e-05 8.245938765720229593e-05
3.896859823384812626e+04 8.174976139126438753e-05 8.127346938522412212e-05 8.191216887926541454e-05 8.164513321858465043e-05
3.896869823384812480e+04 8.093353632925675536e-05 8.047209195921569867e-05 8.109555600925782233e-05 8.083372809924342997e-05
3.896879823384812335e+04 8.012158241224493795e-05 7.967525403420314990e-05 8.028320105424605003e-05 8.002667916689805048e-05
3.896889823384812189e+04 7.931364120223385059e-05 7.888268270719135189e-05 7.947484685223498921e-05 7.922372358722005938e-05
3.896899823384812044e+04 7.851014142522156909e-05 7.809479991817839585e-05 7.867092296622274061e-05 7.842528810320757303e-05
3.896909823384811898e+04 7.771120873726706992e-05 7.731171366922209962e-05 7.787155720526829476e-05 7.763149320391915477e-05
3.896919823384811752e+04 7.691816562025035426e-05 7.653473568020476676e-05 7.707807286325160201e-05 7.684365805456892123e-05
3.896929823384811607e+04 7.612965565423748858e-05 7.576249934619131939e-05 7.628911475823877417e-05 7.606042325288918501e-05
3.896939823384811461e+04 7.534707862722066934e-05 7.499639130917391838e-05 7.550608381422195254e-05 7.528318458353884675e-05
3.896949823384811316e+04 7.457141801820104212e-05 7.423738379815378134e-05 7.472996475120234259e-05 7.451292218918571298e-05
3.896959823384811170e+04 7.380118106424167783e-05 7.348397508019271021e-05 7.395926605424302312e-05 7.374814073289247490e-05
3.896969823384811025e+04 7.303711714622370993e-05 7.273690224617427333e-05 7.319473832622507296e-05 7.298958590620768089e-05
3.896979823384810879e+04 7.228017554720298713e-05 7.199710974515307813e-05 7.243733096620435098e-05 7.223820541952013423e-05
3.896989823384810734e+04 7.153007533918308129e-05 7.126430144313274442e-05 7.168676510118443871e-05 7.149371396116674577e-05
3.896999823384810588e+04 7.078692197416286424e-05 7.053858158111212093e-05 7.094314609716422101e-05 7.075621655081307324e-05
3.897009823384810443e+04 7.005103096019526089e-05 6.982024842214288847e-05 7.020679098219665033e-05 7.002602345484494227e-05
3.897019823384810297e+04 6.932210785417446911e-05 6.910900156612176284e-05 6.947740604717586219e-05 6.930283848915736020e-05
3.897029823384810152e+04 6.860084461115162130e-05 6.840552851009855265e-05 6.875568371315298963e-05 6.858735227813439689e-05
3.897039823384810006e+04 6.788754503612786598e-05 6.771012224907449787e-05 6.804192950912922003e-05 6.787986559811052796e-05
3.897049823384809861e+04 6.718188708910507328e-05 6.702245615605140444e-05 6.733582074610643185e-05 6.718005466375429416e-05
3.897059823384809715e+04 6.648332540713474390e-05 6.634197877807946708e-05 6.663681346813608993e-05 6.648737255111676246e-05
3.897069823384809570e+04 6.579335403910849386e-05 6.567017416105297000e-05 6.594640247910983600e-05 6.580331022642376662e-05
3.897079823384809424e+04 6.511102019808515508e-05 6.500608448302939860e-05 6.526363524608646161e-05 6.512691330906700510e-05
3.897089823384809279e+04 6.443634154906174264e-05 6.434972766100575405e-05 6.458852954706305880e-05 6.445819958571018065e-05
3.897099823384809133e+04 6.377005392003610063e-05 6.370183076997991444e-05 6.392182130203739280e-05 6.379790199735114499e-05
3.897109823384808988e+04 6.311144380106057067e-05 6.306167049900284806e-05 6.326279953006185876e-05 6.314530461004175916e-05
3.897119823384808842e+04 6.246132756803398755e-05 6.243006328697607978e-05 6.261228010903525346e-05 6.250122365468177359e-05
3.897129823384808697e+04 6.181917408000908709e-05 6.180647543695099572e-05 6.196973155101030966e-05 6.186512702265680201e-05
3.897139823384808551e+04 6.118505357498395844e-05 6.119096537292572496e-05 6.133522505198516677e-05 6.123708133329827435e-05
3.897149823384808406e+04 6.055930182895776301e-05 6.058387028989939015e-05 6.070909698695894148e-05 6.061742303527203380e-05
3.897159823384808260e+04 5.994177491397696108e-05 5.998504233791709668e-05 6.009120310697814004e-05 6.000600678629072808e-05
3.897169823384808114e+04 5.933164823395326905e-05 5.939365201089328645e-05 5.948071937995441606e-05 5.940200654160032837e-05
3.897179823384807969e+04 5.872992677392635964e-05 5.881070340286626176e-05 5.887865063992747509e-05 5.880642693890669883e-05
3.897189823384807823e+04 5.813628461190049467e-05 5.823586725184028883e-05 5.828467130990157459e-05 5.821894105788078829e-05
3.897199823384807678e+04 5.755083711887426994e-05 5.766925297181397413e-05 5.769889753087531378e-05 5.763966254052118595e-05
3.897209823384807532e+04 5.697272883589283172e-05 5.711000771783106755e-05 5.712047372589386200e-05 5.706773675987258031e-05
3.897219823384807387e+04 5.640332549886432765e-05 5.655949142080249353e-05 5.655076534386532891e-05 5.650452742117738336e-05
3.897229823384807241e+04 5.584111660884077065e-05 5.601619191877886338e-05 5.598826197284174184e-05 5.594852350015378970e-05
3.897239823384807096e+04 5.528680178281492416e-05 5.548080697375294766e-05 5.543366439181585803e-05 5.540042438279458339e-05
3.897249823384806950e+04 5.474052170978861850e-05 5.495347387372658183e-05 5.488711261978950943e-05 5.486036940110157218e-05
3.897259823384806805e+04 5.420183117180296575e-05 5.443375484473946799e-05 5.434816035680383996e-05 5.432791545778208671e-05
3.897269823384806659e+04 5.367034484577885107e-05 5.392125045171532340e-05 5.381642387977969317e-05 5.380267305909129373e-05
3.897279823384806514e+04 5.314658804175298229e-05 5.341648686668941165e-05 5.329242842275377955e-05 5.328516777706539568e-05
3.897289823384806368e+04 5.263021453072827435e-05 5.291911897066466547e-05 5.277582744872903032e-05 5.277505365004064994e-05
3.897299823384806223e+04 5.212094711370448945e-05 5.242887146164083308e-05 5.226634244070521112e-05 5.227205367201684003e-05
3.897309823384806077e+04 5.161939951971513681e-05 5.194634786465009033e-05 5.176458958471584807e-05 5.177677898969370077e-05
3.897319823384805932e+04 5.112441296569270266e-05 5.147039202462762439e-05 5.126940760769337280e-05 5.128807086600457339e-05
3.897329823384805786e+04 5.063665944566796785e-05 5.100167956560285477e-05 5.078146928666860089e-05 5.080660276597980332e-05
3.897339823384805641e+04 5.015551652864536639e-05 5.053958129358023828e-05 5.030015212964596030e-05 5.033174998395719736e-05
3.897349823384805495e+04 4.968178803162000734e-05 5.008489464655489461e-05 4.982626064962056685e-05 4.986431444259848734e-05
3.897359823384805350e+04 4.921486852263069344e-05 4.963701800656418874e-05 4.935918846363122946e-05 4.940369166427537506e-05
3.897369823384805204e+04 4.875406111360934568e-05 4.919525861554282538e-05 4.889823773460984886e-05 4.894918582125400890e-05
3.897379823384805059e+04 4.829980159958648561e-05 4.876004167951997740e-05 4.844384537258694564e-05 4.850122955056447181e-05
3.897389823384804913e+04 4.785198385556398062e-05 4.833125972749750668e-05 4.799590459156441880e-05 4.805971605820863311e-05
3.897399823384804768e+04 4.741043479454209422e-05 4.790874386547562113e-05 4.755424116154249669e-05 4.762447327385339950e-05
3.897409823384804622e+04 4.697499676955243706e-05 4.749233286248459698e-05 4.711869812255280735e-05 4.719534258486327369e-05
3.897419823384804477e+04 4.654569420753055392e-05 4.708203875646278195e-05 4.668929995653089970e-05 4.677234430684141863e-05
3.897429823384804331e+04 4.612258933650846435e-05 4.667793087844073700e-05 4.626610842750876620e-05 4.635554288081931800e-05
3.897439823384804185e+04 4.570551316048696689e-05 4.627984183741927488e-05 4.584895251348725245e-05 4.594476917046449581e-05
3.897449823384804040e+04 4.529386164346762997e-05 4.588714719240004255e-05 4.543723148646787154e-05 4.553941344077851920e-05
3.897459823384803894e+04 4.488729188347908943e-05 4.549951222741020610e-05 4.503059844147932176e-05 4.513913418412286791e-05
3.897469823384803749e+04 4.448724836545535463e-05 4.511837818138656066e-05 4.463049908945555236e-05 4.474537521209915588e-05
3.897479823384803603e+04 4.409170161043899234e-05 4.474171960137027622e-05 4.423490156643917700e-05 4.435610759274947508e-05
3.897489823384803458e+04 4.370183471841832809e-05 4.437069641234977498e-05 4.384499239941848381e-05 4.397250784339553573e-05
3.897499823384803312e+04 4.331708989039969476e-05 4.400476071333126290e-05 4.346021032939982571e-05 4.359402031104359445e-05
3.897509823384803167e+04 4.293715658040983768e-05 4.364359336934019640e-05 4.308024303940995506e-05 4.322033099638666079e-05
3.897519823384803021e+04 4.256229615639101321e-05 4.328744810032155864e-05 4.270535523039111479e-05 4.285169982903455318e-05
3.897529823384802876e+04 4.219242534837248899e-05 4.293623559830326024e-05 4.233546258137257370e-05 4.248804117601610538e-05
3.897539823384802730e+04 4.182716630035538123e-05 4.258956931328638227e-05 4.197018548335544727e-05 4.212897369899906800e-05
3.897549823384802585e+04 4.146618075733952204e-05 4.224711589627075408e-05 4.160918382833958892e-05 4.177416016064995727e-05
3.897559823384802439e+04 4.111037453734618972e-05 4.190976786127635466e-05 4.125336383834624413e-05 4.142450207898959165e-05
3.897569823384802294e+04 4.075843924933154699e-05 4.157621176326201242e-05 4.090141665933158950e-05 4.107868922397504060e-05
3.897579823384802148e+04 4.041073873231552097e-05 4.124678417324638879e-05 4.055370734931555753e-05 4.073707675162582017e-05
3.897589823384802003e+04 4.006737282029912244e-05 4.092159934923033764e-05 4.021033277929915575e-05 4.039976831627620528e-05
3.897599823384801857e+04 3.972789843928440268e-05 4.060021414321596104e-05 3.987084776328444135e-05 4.006632011526160169e-05
3.897609823384801712e+04 3.939296607529158039e-05 4.028325203722229000e-05 3.953590520329162316e-05 3.973737443860182441e-05
3.897619823384801566e+04 3.906122372827928134e-05 3.996934003221052820e-05 3.920415288727932660e-05 3.941157221592304764e-05
3.897629823384801421e+04 3.873376756826275738e-05 3.965958686519448283e-05 3.887668322626280205e-05 3.909001255324000957e-05
3.897639823384801275e+04 3.840938033625092171e-05 3.935276409318318744e-05 3.855227932425098447e-05 3.877147458456169787e-05
3.897649823384801130e+04 3.808917925023477997e-05 3.904996540016766968e-05 3.823205927423484890e-05 3.845706797487910404e-05
3.897659823384800984e+04 3.777201603624613966e-05 3.875003848417842267e-05 3.791487283124622692e-05 3.814564245055692749e-05
3.897669823384800839e+04 3.745856214623156829e-05 3.845364861816452147e-05 3.760138857523168495e-05 3.783786644654258931e-05
3.897679823384800693e+04 3.714848650821829133e-05 3.816043804015203022e-05 3.729127919221842926e-05 3.753340124686291919e-05
3.897689823384800548e+04 3.684149836320615984e-05 3.787011894514067160e-05 3.698424916220632635e-05 3.723195549018438593e-05
3.897699823384800402e+04 3.653795382419262888e-05 3.758304044012793346e-05 3.668065366619283003e-05 3.693388264350446187e-05
3.897709823384800256e+04 3.623723838320339389e-05 3.729854712013848167e-05 3.637988298620362283e-05 3.663855616318183054e-05
3.897719823384800111e+04 3.593927283619238923e-05 3.701656936512840801e-05 3.608185098019265312e-05 3.634589772717115690e-05
3.897729823384799965e+04 3.564456883117934330e-05 3.673759930711637526e-05 3.578707269017964191e-05 3.605641360949178456e-05
3.897739823384799820e+04 3.535296947216691585e-05 3.646148039810496522e-05 3.549538681816725777e-05 3.576994556281304854e-05
3.897749823384799674e+04 3.506348268515846418e-05 3.618718122209768959e-05 3.520580377315884931e-05 3.548548922680500555e-05
3.897759823384799529e+04 3.477698885616732659e-05 3.591558055110664308e-05 3.491920348916775871e-05 3.520392429881392076e-05
3.897769823384799383e+04 3.449352793115497226e-05 3.564672253509547215e-05 3.463562114915546994e-05 3.492529053846863134e-05
3.897779823384799238e+04 3.421209888214668977e-05 3.537956973408852823e-05 3.435405907214723556e-05 3.464857589612748226e-05
3.897789823384799092e+04 3.393307429513689157e-05 3.511449028908007644e-05 3.407488745313749947e-05 3.437415067911815583e-05
3.897799823384798947e+04 3.365706400212461769e-05 3.485207155906923506e-05 3.379871896912526024e-05 3.410261817677302863e-05
3.897809823384798801e+04 3.338388338713296365e-05 3.459214404407799274e-05 3.352536125413369856e-05 3.383379622844821154e-05
3.897819823384798656e+04 3.311180597612838224e-05 3.433292963807503919e-05 3.325309568712916095e-05 3.356594376711086305e-05
3.897829823384798510e+04 3.284298632911487409e-05 3.407661148006302615e-05 3.298406825411573953e-05 3.330122202109787541e-05
3.897839823384798365e+04 3.257650558710517585e-05 3.382222261205502644e-05 3.271736857810608376e-05 3.303869892575543094e-05
3.897849823384798219e+04 3.231188512809745369e-05 3.356929908904895444e-05 3.245251181209844027e-05 3.277789867641494947e-05
3.897859823384798074e+04 3.204910606010894186e-05 3.331780046506134047e-05 3.218948053711000830e-05 3.251879568742676354e-05
3.897869823384797928e+04 3.178851481609970444e-05 3.306806153905391169e-05 3.192862071010084131e-05 3.226173235508481463e-05
3.897879823384797783e+04 3.153055883008858617e-05 3.282052339804461896e-05 3.167038001908979109e-05 3.200715408240766767e-05
3.897889823384797637e+04 3.127407474308238210e-05 3.257403150604021194e-05 3.141359335608365325e-05 3.175389986840207565e-05
3.897899823384797492e+04 3.101960046007389753e-05 3.232908951203367152e-05 3.115880260207522972e-05 3.150249752472759733e-05
3.897909823384797346e+04 3.076775242208114151e-05 3.208632481004214133e-05 3.090662226208256487e-05 3.125356649806861590e-05
3.897919823384797201e+04 3.051733265707500838e-05 3.184452329203800637e-05 3.065585829707648166e-05 3.100590474872983213e-05
3.897929823384797055e+04 3.026896277806620376e-05 3.160433594903108338e-05 3.040712620706775807e-05 3.076014164472168512e-05
3.897939823384796910e+04 3.002211089305969010e-05 3.136520230802655480e-05 3.015990424106127722e-05 3.051573914738250963e-05
3.897949823384796764e+04 2.977700076105221132e-05 3.112740433102082182e-05 2.991440920505386333e-05 3.027293809904229883e-05
3.897959823384796618e+04 2.953368460006221358e-05 3.089099425003206744e-05 2.967069984306393141e-05 3.003179289771940640e-05
3.897969823384796473e+04 2.929146392305743174e-05 3.065533328002879556e-05 2.942807970805917713e-05 2.979162563704846814e-05
3.897979823384796327e+04 2.905073427905092436e-05 3.042093721902327223e-05 2.918694154705270754e-05 2.955287101504230251e-05
3.897989823384796182e+04 2.881040408704917832e-05 3.018692347302160241e-05 2.894619632905099188e-05 2.931450796304059200e-05
3.897999823384796036e+04 2.856822722405724248e-05 2.995224150802452026e-05 2.870354999705928862e-05 2.907467290971368492e-05
3.898009823384795891e+04 2.833637578402903429e-05 2.972784595099594158e-05 2.847075257203323219e-05 2.884499143568607500e-05
3.898019823384795745e+04 2.810867950301059023e-05 2.950549458098687222e-05 2.824222870701426281e-05 2.861880093033724288e-05
3.898029823384795600e+04 2.788322015200066445e-05 2.928439109498133047e-05 2.801597657000418293e-05 2.839452927232872595e-05
3.898039823384795454e+04 2.765965133542698658e-05 2.906441273697475320e-05 2.779162804674235440e-05 2.817189737304803365e-05
3.898049823384795309e+04 2.743783666071748827e-05 2.884552126753514055e-05 2.756903534203217741e-05 2.795079775676160208e-05
3.898059823384795163e+04 2.721771241903375653e-05 2.862770581509992105e-05 2.734812773135060881e-05 2.773118198849476213e-05
3.898069823384795018e+04 2.699924703136280350e-05 2.841096679066453757e-05 2.712886904468366352e-05 2.751302762223699927e-05
3.898079823384794872e+04 2.678242491971392244e-05 2.819530988524254474e-05 2.691124064104010138e-05 2.729632514866552398e-05
3.898089823384794727e+04 2.656723899305201103e-05 2.798074351780137345e-05 2.669523340138427021e-05 2.708107197074588490e-05
3.898099823384794581e+04 2.635368679439109961e-05 2.776727765435617199e-05 2.648084358872994837e-05 2.686726934582574225e-05
3.898109823384794436e+04 2.614176841973014500e-05 2.755492325890653585e-05 2.626807055607589122e-05 2.665492074490418843e-05
3.898119823384794290e+04 2.593148534906859605e-05 2.734369202545216632e-05 2.605691544742137194e-05 2.644403094064737923e-05
3.898129823384794145e+04 2.572283978042133484e-05 2.713359625200811043e-05 2.584738042378122345e-05 2.623460548540355850e-05
3.898139823384793999e+04 2.551583424675775023e-05 2.692464876254349547e-05 2.563946821212460892e-05 2.602665040714195041e-05
3.898149823384793854e+04 2.531047139109309765e-05 2.671686286307349919e-05 2.543318181946677538e-05 2.582017202454446080e-05
3.898159823384793708e+04 2.510675384342737839e-05 2.651025229359794486e-05 2.522852436780767887e-05 2.561517683494433291e-05
3.898169823384793563e+04 2.490468413476063645e-05 2.630483118011667131e-05 2.502549897914732290e-05 2.541167143134154355e-05
3.898179823384793417e+04 2.470426465410751035e-05 2.610061397964440617e-05 2.482410870350038214e-05 2.520966244575076622e-05
3.898189823384793272e+04 2.450549761143878949e-05 2.589761542115123430e-05 2.462435646483748575e-05 2.500915649914250318e-05
3.898199823384793126e+04 2.430838500776925541e-05 2.569585043765202267e-05 2.442624501917347484e-05 2.481016015486491651e-05
3.898209823384792981e+04 2.411292861609900674e-05 2.549533409414671191e-05 2.422977691850843068e-05 2.461267987625138424e-05
3.898219823384792835e+04 2.391912995642813880e-05 2.529608152063527707e-05 2.403495447984245050e-05 2.441672198563528653e-05
3.898229823384792689e+04 2.372699026977074849e-05 2.509810784013212777e-05 2.384177975618969556e-05 2.422229262203085727e-05
3.898239823384792544e+04 2.353651050209887931e-05 2.490142809360839442e-05 2.365025450652205043e-05 2.402939770074310580e-05
3.898249823384792398e+04 2.334769127742675521e-05 2.470605717307862927e-05 2.346038017485382293e-05 2.383804287511973581e-05
3.898259823384792253e+04 2.316053287975451826e-05 2.451200975354292887e-05 2.327215785718515171e-05 2.364823349682753295e-05
3.898269823384792107e+04 2.297503523308230667e-05 2.431930023300139562e-05 2.308558828551618384e-05 2.345997458386662871e-05
3.898279823384791962e+04 2.279119788142366200e-05 2.412794266746810315e-05 2.290067180486053187e-05 2.327327078458409562e-05
3.898289823384791816e+04 2.260901996975186179e-05 2.393795071691525269e-05 2.271740835319132831e-05 2.308812634661947641e-05
3.898299823384791671e+04 2.242850023608057493e-05 2.374933759635705424e-05 2.253579744452232194e-05 2.290454509231998144e-05
3.898309823384791525e+04 2.224963699040997337e-05 2.356211602279371052e-05 2.235583815485369023e-05 2.272253038935245691e-05
3.898319823384791380e+04 2.207242810874023194e-05 2.337629817422543746e-05 2.217752911218561244e-05 2.254208513171709395e-05
3.898329823384791234e+04 2.189687102508429902e-05 2.319189565366587975e-05 2.200086848153113290e-05 2.236321172009377055e-05
3.898339823384791089e+04 2.172296271941669805e-05 2.300891944808835176e-05 2.182585396086461266e-05 2.218591204278988523e-05
3.898349823384790943e+04 2.155069971975049969e-05 2.282737990450664018e-05 2.165248277419921387e-05 2.201018746615212017e-05
3.898359823384790798e+04 2.138007809208589699e-05 2.264728669692101027e-05 2.148075167053513216e-05 2.183603881984734648e-05
3.898369823384790652e+04 2.121109345042306992e-05 2.246864881133173668e-05 2.131065691987256173e-05 2.166346639387579283e-05
3.898379823384790507e+04 2.104374094577438249e-05 2.229147451875200691e-05 2.114219431422395394e-05 2.149246992625011444e-05
3.898389823384790361e+04 2.087801527911554704e-05 2.211577136715622599e-05 2.097535917156486359e-05 2.132304860594554780e-05
3.898399823384790216e+04 2.071391070245903857e-05 2.194154616755768499e-05 2.081014633990786229e-05 2.115520106997486534e-05
3.898409823384790070e+04 2.055142102180503895e-05 2.176880498295669187e-05 2.064655020325313126e-05 2.098892540267162295e-05
3.898419823384789925e+04 2.039053961215372035e-05 2.159755313035353856e-05 2.048456468660086351e-05 2.082421914303604307e-05
3.898429823384789779e+04 2.023125941951685021e-05 2.142779516976089796e-05 2.032418326796290252e-05 2.066107928574688695e-05
3.898439823384789634e+04 2.007357297287129977e-05 2.125953491415424526e-05 2.016539898731598216e-05 2.049950229144717573e-05
3.898449823384789488e+04 1.991747239722893524e-05 2.109277542454635794e-05 2.000820445667204716e-05 2.033948409281578011e-05
3.898459823384789343e+04 1.976294942358992917e-05 2.092751902393752829e-05 1.985259187103127684e-05 2.018102010618624251e-05
3.898469823384789197e+04 1.960999540295442012e-05 2.076376729632805512e-05 1.969855302539383042e-05 2.002410524155876742e-05
3.898479823384789051e+04 1.945860131733357845e-05 2.060152110673003751e-05 1.954607932377095964e-05 1.986873391594485628e-05
3.898489823384788906e+04 1.930875779570540311e-05 2.044078060412005037e-05 1.939516179514051074e-05 1.971490006498865361e-05
3.898499823384788760e+04 1.916045512808116401e-05 2.028154524051027755e-05 1.924579110851384488e-05 1.956259715903509435e-05
