5.032766930273999719e+02 1.683162516999999869e-05 1.780389642099999953e-05 1.732689804600000082e-05 1.732080654566666634e-05
5.033766930273998810e+02 1.443716486200272262e-05 1.535732661600278028e-05 1.490889476800274965e-05 1.490112874866941864e-05
5.034766930273997900e+02 1.303842255300318012e-05 1.393393087300323586e-05 1.349896828800320433e-05 1.349044057133653841e-05
5.035766930273996991e+02 1.231373028100205955e-05 1.320426143000207438e-05 1.277179294000206725e-05 1.276326155033540039e-05
5.036766930273996081e+02 1.193662133000150122e-05 1.283231227200148018e-05 1.239665284400149234e-05 1.238852881533482289e-05
5.037766930273995172e+02 1.172571423100095871e-05 1.263224730000091056e-05 1.219025000900093874e-05 1.218273718000093431e-05
5.038766930273994262e+02 1.159366879600074999e-05 1.251466359400066966e-05 1.206419930800071667e-05 1.205751056600071041e-05
5.039766930273993353e+02 1.151747523300051976e-05 1.245556803000040328e-05 1.199510954100047130e-05 1.198938426800046421e-05
5.040766930273992443e+02 1.148175950700026479e-05 1.243917439600012211e-05 1.196749382600020374e-05 1.196280924300019632e-05
5.041766930273991534e+02 1.148862847299994055e-05 1.246726175599976179e-05 1.198318717899986624e-05 1.197969246933319009e-05
5.042766930273990624e+02 1.150021059999989575e-05 1.250191240999968535e-05 1.200435078199980706e-05 1.200215793066646046e-05
5.043766930273989715e+02 1.152807910099971550e-05 1.255463027699946094e-05 1.204259409299960885e-05 1.204176782366626289e-05
5.044766930273988805e+02 1.158176364099938965e-05 1.263498859499908729e-05 1.210738474099926385e-05 1.210804565899924580e-05
5.045766930273987896e+02 1.163027830799942056e-05 1.271210680699907974e-05 1.216764724799928050e-05 1.217001078766592693e-05
5.046766930273986986e+02 1.168435411299929292e-05 1.279674969599889344e-05 1.223432564399912689e-05 1.223847648433243888e-05
5.047766930273986077e+02 1.174503693199917152e-05 1.289010209499872535e-05 1.230854311699898737e-05 1.231456071466562752e-05
5.048766930273985167e+02 1.181151121699901812e-05 1.299146428099850199e-05 1.238944590799880442e-05 1.239747380199877428e-05
5.049766930273984258e+02 1.188313398299886066e-05 1.310052426599826434e-05 1.247644868799861605e-05 1.248670231233191255e-05
5.050766930273983348e+02 1.195960307699874032e-05 1.321706786299807898e-05 1.256936130499846858e-05 1.258201074833176206e-05
5.051766930273982439e+02 1.203833153599861304e-05 1.333873476899785457e-05 1.266575137899830154e-05 1.268093922799825808e-05
5.052766930273981529e+02 1.210736313899874440e-05 1.345397233499790399e-05 1.275370316099840112e-05 1.277167954499834984e-05
5.053766930273980620e+02 1.219807659199824743e-05 1.359442733699728630e-05 1.286476468899785380e-05 1.288575620599779697e-05
5.054766930273979710e+02 1.230786741499775409e-05 1.375783488599665627e-05 1.299648765399730421e-05 1.302072998499723819e-05
5.055766930273978801e+02 1.239204177799823038e-05 1.389986836299701274e-05 1.310433061999773223e-05 1.313208025366432737e-05
5.056766930273977891e+02 1.249200858199778332e-05 1.406231926399639802e-05 1.322993346699721466e-05 1.326142043766379697e-05
5.057766930273976982e+02 1.259511728499765608e-05 1.423322075499611334e-05 1.336086553099702338e-05 1.339640119033026370e-05
5.058766930273976072e+02 1.268689815899780981e-05 1.439885621599604594e-05 1.348289751299708609e-05 1.352288396266364671e-05
5.059766930273975163e+02 1.279481522099730213e-05 1.458735372099528502e-05 1.362383636199647410e-05 1.366866843466302155e-05
5.060766930273974253e+02 1.289383149299746812e-05 1.477444551199521456e-05 1.375899873399654216e-05 1.380909191299640884e-05
5.061766930273973344e+02 1.300933596699691408e-05 1.498651762599433397e-05 1.391422350799585277e-05 1.397002570032903304e-05
5.062766930273972434e+02 1.311388649999714685e-05 1.519704916999425521e-05 1.406251403399595491e-05 1.412448323466245176e-05
5.063766930273971525e+02 1.322547152899682892e-05 1.542588014199349579e-05 1.422255481499545153e-05 1.429130216199525818e-05
5.064766930273970615e+02 1.337053795499571218e-05 1.570071111199187436e-05 1.442141682899412123e-05 1.449755529866056982e-05
5.065766930273969706e+02 1.348717662299648632e-05 1.596150963699214176e-05 1.459811008399467787e-05 1.468226544799443419e-05
5.066766930273968796e+02 1.359138149799674276e-05 1.622692815899170140e-05 1.476966000099463603e-05 1.486265655266102616e-05
5.067766930273967887e+02 1.372907073399561778e-05 1.654543909298986128e-05 1.498327941499319975e-05 1.508592974732622571e-05
5.068766930273966977e+02 1.385976608599569015e-05 1.687964274098898102e-05 1.519997598499285588e-05 1.531312827065917399e-05
5.069766930273966068e+02 1.399549932099537060e-05 1.724645981098748675e-05 1.543385433799202339e-05 1.555860448999162748e-05
5.070766930273965158e+02 1.415003766499464145e-05 1.766429634898551129e-05 1.570107442599073482e-05 1.583846947999029755e-05
5.071766930273964249e+02 1.428094575799531263e-05 1.809694901098450641e-05 1.596223972099064772e-05 1.611337816332348723e-05
5.072766930273963339e+02 1.443346072999445153e-05 1.859891318098173647e-05 1.626685639298891631e-05 1.643307676798836585e-05
5.073766930273962430e+02 1.460790559199345614e-05 1.917928050197822629e-05 1.661998384298675246e-05 1.680238997898614553e-05
5.074766930273961520e+02 1.475981099299412845e-05 1.980671133697574899e-05 1.698390088298593338e-05 1.718347440431860191e-05
5.075766930273960611e+02 1.492320779299359083e-05 2.053496051597143745e-05 1.740246133398358488e-05 1.762020988098286710e-05
5.076766930273959701e+02 1.513136108499159982e-05 2.142023366996427286e-05 1.792126924897906261e-05 1.815762133464497504e-05
5.077766930273958792e+02 1.533830214999153108e-05 2.244672334295798826e-05 1.851136533997584809e-05 1.876546361097512474e-05
5.078766930273957882e+02 1.553516043099171948e-05 2.365180348594931144e-05 1.918964415397146761e-05 1.945886935697083058e-05
5.079766930273956973e+02 1.579044945198897234e-05 2.516608567593458073e-05 2.006134268796234044e-05 2.033929260529529896e-05
5.080766930273956064e+02 1.608784096098698130e-05 2.706539952991687036e-05 2.116670392995161811e-05 2.143998147361849218e-05
5.081766930273955154e+02 1.642970846498464680e-05 2.949381873889095118e-05 2.259883276593569073e-05 2.284078665660376064e-05
5.082766930273954245e+02 1.687504722197974807e-05 3.273175338985275716e-05 2.456756088091047277e-05 2.472478716424765256e-05
5.083766930273953335e+02 1.745411094397300865e-05 3.717181484979304178e-05 2.736940738386940081e-05 2.733177772587848601e-05
5.084766930273952426e+02 1.830180779695952459e-05 4.360557708469279674e-05 3.165917915479516873e-05 3.118885467881582550e-05
5.085766930273951516e+02 1.969587169493264319e-05 5.357389399451836434e-05 3.882682936965368070e-05 3.736553168636823054e-05
5.086766930273950607e+02 2.238261552886713072e-05 7.058629958715867457e-05 5.239465151332901784e-05 4.845452220978493653e-05
5.087766930273949697e+02 2.899202058966938349e-05 1.046122318382979564e-04 8.370908017943358914e-05 7.243777753580030968e-05
5.088766930273948788e+02 5.262821145479079567e-05 1.959966816353248291e-04 1.853817746147985528e-04 1.446688892349713880e-04
5.089766930273947878e+02 1.029899017173662882e-04 4.477144794968362148e-04 4.760183207448008178e-04 3.422409006530010753e-04
5.090766930273946969e+02 7.362153767955253883e-05 6.661334841184534013e-04 4.543591070211450296e-04 3.980380429397169673e-04
5.091766930273946059e+02 3.576517032704429203e-05 8.449974575503410405e-04 3.161513505374633978e-04 3.989713261382829101e-04
5.092766930273945150e+02 2.531130387757046462e-05 1.217655273979664256e-03 2.728269062423641848e-04 5.052644946998663096e-04
5.093766930273944240e+02 2.189154000319050355e-05 1.284940441896251619e-03 2.106198292134653588e-04 5.058172703709691966e-04
5.094766930273943331e+02 2.042637471408328300e-05 4.829372616855885777e-04 9.584981884752392239e-05 1.997378184157319559e-04
5.095766930273942421e+02 1.975651074203846024e-05 2.019191757461337401e-04 5.457919321736942522e-05 9.208495990184722545e-05
5.096766930273941512e+02 1.944365823801831475e-05 1.162004198850187140e-04 4.017051293584361030e-05 5.860486368629354862e-05
5.097766930273940602e+02 1.929010767100907824e-05 7.954997527116667536e-05 3.331933823240502599e-05 4.405314039152692879e-05
5.098766930273939693e+02 1.926328717900161619e-05 6.056577909914387625e-05 2.951701456822910543e-05 3.644869361545819477e-05
5.099766930273938783e+02 1.932270588499635156e-05 4.950769990667886367e-05 2.721616449714125190e-05 3.201552342960548340e-05
5.100766930273937874e+02 1.940043317299518520e-05 4.249628316543442694e-05 2.570999111709332120e-05 2.920223581850764445e-05
5.101766930273936964e+02 1.952597896999207734e-05 3.782108509929499080e-05 2.471770227006260895e-05 2.735492211311656242e-05
5.102766930273936055e+02 1.967650257699041997e-05 3.456816149420709780e-05 2.404843457604260922e-05 2.609769954908004120e-05
5.103766930273935145e+02 1.983160939898994646e-05 3.222100476415210111e-05 2.358364291903012152e-05 2.521208569405738518e-05
5.104766930273934236e+02 2.000382285098864193e-05 3.050211123111334013e-05 2.327662530102024433e-05 2.459418646104074213e-05
5.105766930273933326e+02 2.020620912398653920e-05 2.924172209508382419e-05 2.310128735901166173e-05 2.418307285936067730e-05
5.106766930273932417e+02 2.040724923798639933e-05 2.828481005006473073e-05 2.299831882800696664e-05 2.389679270535270003e-05
5.107766930273931507e+02 2.061954417498551950e-05 2.756777368504891094e-05 2.296358416800236914e-05 2.371696734267893206e-05
5.108766930273930598e+02 2.085502547198366950e-05 2.704658711003614331e-05 2.299601441399775083e-05 2.363254233200585229e-05
5.109766930273929688e+02 2.106884378798493023e-05 2.663653218202890406e-05 2.304131678699681003e-05 2.358223091900354924e-05
5.110766930273928779e+02 2.129082330198422949e-05 2.633887987902114861e-05 2.312227389799424745e-05 2.358399235966654185e-05
5.111766930273927869e+02 2.154006136898200624e-05 2.615040042301360664e-05 2.325265116599058802e-05 2.364770431932873251e-05
5.112766930273926960e+02 2.179883277498117339e-05 2.603995458400803678e-05 2.341151284698844131e-05 2.375010006865921829e-05
5.113766930273926050e+02 2.205025661398142116e-05 2.597737462400462389e-05 2.357863890098765052e-05 2.386875671299123073e-05
5.114766930273925141e+02 2.230953385798054389e-05 2.596860308200065880e-05 2.376690060198587625e-05 2.401501251398902744e-05
5.115766930273924231e+02 2.257897992597963094e-05 2.600789013899702730e-05 2.397668902298414102e-05 2.418785302932026642e-05
5.116766930273923322e+02 2.285839550297855637e-05 2.609139451899359293e-05 2.420711377498231857e-05 2.438563459898481924e-05
5.117766930273922412e+02 2.314806524597760938e-05 2.621467374899047033e-05 2.445742752998064906e-05 2.460672217498290846e-05
5.118766930273921503e+02 2.344581479697664079e-05 2.637141941298770325e-05 2.472458450597904431e-05 2.484727290531446391e-05
5.119766930273920593e+02 2.373664165297685661e-05 2.654663856598605488e-05 2.499431391897853779e-05 2.509253137931381756e-05
5.120766930273919115e+02 2.403663896997578511e-05 2.675361669298329339e-05 2.528225408397675832e-05 2.535750324897861340e-05
5.121766930273918206e+02 2.434806438197450817e-05 2.699597195498016204e-05 2.559221921097463038e-05 2.564541851597643127e-05
5.122766930273917296e+02 2.467216443397310101e-05 2.727772393297661771e-05 2.592770158897215771e-05 2.595919665197395768e-05
5.123766930273916387e+02 2.500754415897178497e-05 2.760034002597285934e-05 2.629023960796950002e-05 2.629937459763805150e-05
5.124766930273915477e+02 2.534307616797177223e-05 2.795888464696983714e-05 2.667369301396774198e-05 2.665855127630312163e-05
5.125766930273914568e+02 2.570873444396882244e-05 2.839470529996283851e-05 2.711717559496218660e-05 2.707353844629794805e-05
5.126766930273913658e+02 2.608902579996714359e-05 2.891399927495512978e-05 2.762213836295637073e-05 2.754172114595954690e-05
5.127766930273912749e+02 2.645652257296783087e-05 2.953118640794597294e-05 2.819449142594989549e-05 2.806073346895456418e-05
5.128766930273911839e+02 2.685846959496435721e-05 3.037701004492499585e-05 2.895327267493271459e-05 2.872958410494069373e-05
5.129766930273910930e+02 2.728832245296188450e-05 3.163965622288803387e-05 3.007329843190068025e-05 2.966709236925019728e-05
5.130766930273910020e+02 2.773748823195965800e-05 3.388689122979816610e-05 3.213175040181512305e-05 3.125204328785765131e-05
5.131766930273909111e+02 2.823714395795455650e-05 3.959936959348045232e-05 3.788636109747662304e-05 3.524095821630388519e-05
5.132766930273908201e+02 2.881817306494649598e-05 5.449921202762792545e-05 5.348737795556335599e-05 4.560158768271259247e-05
5.133766930273907292e+02 2.954859044993190720e-05 5.957447826252686759e-05 5.128569268120524891e-05 4.680292046455467796e-05
5.134766930273906382e+02 3.062957878889922153e-05 8.285497338082973141e-05 4.765957423933803861e-05 5.371470880302232600e-05
5.135766930273905473e+02 3.302089645877435894e-05 1.041414851279914128e-04 5.172325301861654891e-05 6.296187820179410463e-05
5.136766930273904563e+02 3.703025451361712092e-05 6.251865102397484160e-05 4.468026645867258299e-05 4.807639066542151291e-05
5.137766930273903654e+02 3.817015070588984735e-05 5.101681300711146305e-05 4.404981806406092787e-05 4.441226059235408620e-05
5.138766930273902744e+02 4.795455763504337453e-05 5.426517022468240245e-05 4.825354405558899873e-05 5.015775730510493201e-05
5.139766930273901835e+02 6.326492275150309241e-05 6.146624100729594533e-05 4.979168773384961720e-05 5.817428383088287821e-05
5.140766930273900925e+02 5.041482730727097066e-05 7.162687570399504423e-05 6.428279273156672913e-05 6.210816524761091919e-05
5.141766930273900016e+02 4.906605474613493336e-05 6.066766632409640382e-05 9.541547915888534659e-05 6.838306674303889685e-05
5.142766930273899106e+02 4.918481898698798396e-05 5.351824959172338594e-05 8.802136540074815500e-05 6.357481132648650152e-05
5.143766930273898197e+02 4.055897251888258419e-05 4.246873415913056377e-05 5.344926942253734950e-05 4.549232536685016582e-05
5.144766930273897287e+02 3.661945306640308902e-05 3.866062205638964025e-05 4.227768603814305082e-05 3.918592038697859788e-05
5.145766930273896378e+02 3.575400297208953772e-05 3.760334896810937927e-05 3.909870429632887585e-05 3.748535207884259987e-05
5.146766930273895468e+02 3.558458219801771802e-05 3.725047142003690891e-05 3.791152411712416870e-05 3.691552591172626521e-05
5.147766930273894559e+02 3.572719975698492511e-05 3.724766074900029796e-05 3.751700373504171531e-05 3.683062141367564161e-05
5.148766930273893649e+02 3.619262874195026307e-05 3.759725679496264000e-05 3.766258592398444023e-05 3.715082382029911669e-05
5.149766930273892740e+02 3.674918495494052662e-05 3.805958650295059221e-05 3.801168065196269531e-05 3.760681736995126912e-05
5.150766930273891830e+02 3.719611495695173466e-05 3.842745079896027081e-05 3.831495291896724431e-05 3.797950622495974767e-05
5.151766930273890921e+02 3.766933668494834824e-05 3.883166969395588394e-05 3.868298329995982737e-05 3.839466322628801533e-05
5.152766930273890011e+02 3.820246337194121110e-05 3.930389970194792513e-05 3.913598025495004394e-05 3.888078110961306006e-05
5.153766930273889102e+02 3.892339270991968425e-05 3.997048752292573485e-05 3.979372057592672312e-05 3.956253360292405193e-05
5.154766930273888192e+02 3.952935970893248804e-05 4.052543921793817224e-05 4.034765388993828114e-05 4.013415093893631607e-05
5.155766930273887283e+02 4.014676562793051211e-05 4.109534492493585465e-05 4.092146266293541211e-05 4.072119107193393532e-05
5.156766930273886373e+02 4.079432705592638431e-05 4.169813194093147367e-05 4.153154531893064254e-05 4.134133477192950017e-05
5.157766930273885464e+02 4.147724428992158704e-05 4.233641136892670468e-05 4.218040809292549311e-05 4.199802125059125935e-05
5.158766930273884554e+02 4.220153887191600682e-05 4.301927865992081091e-05 4.287507443991944392e-05 4.269863065725209173e-05
5.159766930273883645e+02 4.297814134890994025e-05 4.375385033691481327e-05 4.362356551091320215e-05 4.345185239891265189e-05
5.160766930273882735e+02 4.391261400789057468e-05 4.464692763089542297e-05 4.453178360989364559e-05 4.436377508289320764e-05
5.161766930273881826e+02 4.455786269992370575e-05 4.525163379392850376e-05 4.515239372992662303e-05 4.498729674125961084e-05
5.162766930273880917e+02 4.521962191592099908e-05 4.587122432192604007e-05 4.578965071792393291e-05 4.562683231859033080e-05
5.163766930273880007e+02 4.609137487889494478e-05 4.669892672390025444e-05 4.663636550789796071e-05 4.647555570356437987e-05
5.164766930273879098e+02 4.703389125188641503e-05 4.759781129189167729e-05 4.755466507388933842e-05 4.739545587255581251e-05
5.165766930273878188e+02 4.802004717388004106e-05 4.853893445688551623e-05 4.851629146488301865e-05 4.835842436521619876e-05
5.166766930273877279e+02 4.901988993387723425e-05 4.949288340888287010e-05 4.949146074188026732e-05 4.933474469488012841e-05
5.167766930273876369e+02 4.988219751589314827e-05 5.030858717389891934e-05 5.032917562889619741e-05 5.017332010622941490e-05
5.168766930273875460e+02 5.076269025088989216e-05 5.114003479689602488e-05 5.118401475489309780e-05 5.102891326755967387e-05
5.169766930273874550e+02 5.168995358588403586e-05 5.201415813389068696e-05 5.208314860988756169e-05 5.192908677655409257e-05
5.170766930273873641e+02 5.269411548887328704e-05 5.296435202388009427e-05 5.305869050187689431e-05 5.290571933821009413e-05
5.171766930273872731e+02 5.390658948284561547e-05 5.411907397785296545e-05 5.424074964884949556e-05 5.408880436984934753e-05
5.172766930273871822e+02 5.502507667185631220e-05 5.517797990086396642e-05 5.532781694486034615e-05 5.517695783919354836e-05
5.173766930273870912e+02 5.617324124085119441e-05 5.626507414485910701e-05 5.644380269385536884e-05 5.629403935985523245e-05
5.174766930273870003e+02 5.735414998384694998e-05 5.738063733885542079e-05 5.759022581885142047e-05 5.744167104718459030e-05
5.175766930273869093e+02 5.844247942785771142e-05 5.839585854786727269e-05 5.863923182286285267e-05 5.849252326619593882e-05
5.176766930273868184e+02 5.974601560482809210e-05 5.962388415283805551e-05 5.990184203183349500e-05 5.975724726316654302e-05
5.177766930273867274e+02 6.112013602381722102e-05 6.091816191882784163e-05 6.123269547282298017e-05 6.109033113848934987e-05
5.178766930273866365e+02 6.241540261382624811e-05 6.213270407083706709e-05 6.248333841083222558e-05 6.234381503183185596e-05
5.179766930273865455e+02 6.391445683279890994e-05 6.354356271881074155e-05 6.393407985480538684e-05 6.379736646880500826e-05
5.180766930273864546e+02 6.533459087680788552e-05 6.486714673982092445e-05 6.530279814481482637e-05 6.516817858714788782e-05
5.181766930273863636e+02 6.681116901979855841e-05 6.623832370381293902e-05 6.672078912980655555e-05 6.659009395113934648e-05
5.182766930273862727e+02 6.837620212078471954e-05 6.769920457179903870e-05 6.822759995179272286e-05 6.810100221479215585e-05
5.183766930273861817e+02 7.002230454177169852e-05 6.923017264278766574e-05 6.980789910378081128e-05 6.968679209611340088e-05
5.184766930273860908e+02 7.174114798876160201e-05 7.082438251477889656e-05 7.145486051377157783e-05 7.134013033910402998e-05
5.185766930273859998e+02 7.340255059076768011e-05 7.235278481378627975e-05 7.303930497777844045e-05 7.293154679411080010e-05
5.186766930273859089e+02 7.528799352873420398e-05 7.410284692275328534e-05 7.484933907274483119e-05 7.474672650807744469e-05
5.187766930273858179e+02 7.710674715674153609e-05 7.577409687376250765e-05 7.658267900675368883e-05 7.648784101241923967e-05
5.188766930273857270e+02 7.886816092974768182e-05 7.736397190277226267e-05 7.824371289576205187e-05 7.815861524276067449e-05
5.189766930273856360e+02 8.093151097770443197e-05 7.926057685972833031e-05 8.021058768471825147e-05 8.013422517405034695e-05
5.190766930273855451e+02 8.326722193066275854e-05 8.139963486869115829e-05 8.242827864267980250e-05 8.236504514734457763e-05
5.191766930273854541e+02 8.541589849968732535e-05 8.334401152071704529e-05 8.445607825070492608e-05 8.440532942370312149e-05
5.192766930273853632e+02 8.765805817167118146e-05 8.536513825370359049e-05 8.656621735869054633e-05 8.652980459468842588e-05
5.193766930273852722e+02 9.005075010564637245e-05 8.751898697968168322e-05 8.881489524966765920e-05 8.879487744499858066e-05
5.194766930273851813e+02 9.260102063362309576e-05 8.982486008565921385e-05 9.121579937764517291e-05 9.121389336564249869e-05
5.195766930273850903e+02 9.526748547260288115e-05 9.223517674664103209e-05 9.372667835462605563e-05 9.374311352462330940e-05
5.196766930273849994e+02 9.779832192462020897e-05 9.447763125366347376e-05 9.608280975864642696e-05 9.611958764564336086e-05
5.197766930273849084e+02 1.006371676395707555e-04 9.697904108362178255e-05 9.871095533060261166e-05 9.877572135126505895e-05
5.198766930273848175e+02 1.036888751995351050e-04 9.967012472059004274e-05 1.015405146695689463e-04 1.016331715298980268e-04
5.199766930273847265e+02 1.069742349094995090e-04 1.026085922695523487e-04 1.046068147295328834e-04 1.047298806361949002e-04
5.200766930273846356e+02 1.102721467394938374e-04 1.054939294295571762e-04 1.076406215595343709e-04 1.078022325761951417e-04
5.201766930273845446e+02 1.136484555794779717e-04 1.084326623295456276e-04 1.107434561595202520e-04 1.109415246895146081e-04
5.202766930273844537e+02 1.173990385894158479e-04 1.116967064994916229e-04 1.141804979194646733e-04 1.144254143361240616e-04
5.203766930273843627e+02 1.212439645393967758e-04 1.150369054094759640e-04 1.177020067594475132e-04 1.179942922361067691e-04
5.204766930273842718e+02 1.250990477093951803e-04 1.183834749894749659e-04 1.212320432394461701e-04 1.215715219794387630e-04
5.205766930273841808e+02 1.296253160892847308e-04 1.224851635993518429e-04 1.254647540993311194e-04 1.258584112626558887e-04
5.206766930273840899e+02 1.342951021692567390e-04 1.264040392293762491e-04 1.296371826493358879e-04 1.301121080159896163e-04
5.207766930273839989e+02 1.387195938792907808e-04 1.299560356594306226e-04 1.335071511393796516e-04 1.340609268927003426e-04
5.208766930273839080e+02 1.435765287692159354e-04 1.339083045793619683e-04 1.377610938393132708e-04 1.384153090626303825e-04
5.209766930273838170e+02 1.488632579891465400e-04 1.382185846393041559e-04 1.423956008092518177e-04 1.431591478125674864e-04
5.210766930273837261e+02 1.546445098690601451e-04 1.431566494491971894e-04 1.476196373791507173e-04 1.484735988991360263e-04
5.211766930273836351e+02 1.605794611290284031e-04 1.479583946392138945e-04 1.527873971391539864e-04 1.537750843024654100e-04
5.212766930273835442e+02 1.670313771289364175e-04 1.531831020091387258e-04 1.583957059590754897e-04 1.595367283657168596e-04
5.213766930273834532e+02 1.739267801088554991e-04 1.587833801490704671e-04 1.643988338690035851e-04 1.657029980423098414e-04
5.214766930273833623e+02 1.811679648587980916e-04 1.646474562190266655e-04 1.706772627189578819e-04 1.721642279322608887e-04
5.215766930273832713e+02 1.890525865586823134e-04 1.711151611289191306e-04 1.775868267888452631e-04 1.792515248254822086e-04
5.216766930273831804e+02 1.980016675584942722e-04 1.787600222687137043e-04 1.856034183786511459e-04 1.874550360686196894e-04
5.217766930273830894e+02 2.080275382083016892e-04 1.876847222584882068e-04 1.948260456384377391e-04 1.968461020350758693e-04
5.218766930273829985e+02 2.190380218581223669e-04 1.977205400282885776e-04 2.051489651182396344e-04 2.073025090015501930e-04
5.219766930273829075e+02 2.413603066761933714e-04 2.296133131045613061e-04 2.341901267450475956e-04 2.350545821752674154e-04
5.220766930273828166e+02 2.520146406581709941e-04 2.368414007787591970e-04 2.423417590286006086e-04 2.437326001551769422e-04
5.221766930273827256e+02 2.534002788997605790e-04 2.235311568223000579e-04 2.332279916615748725e-04 2.367198091278785031e-04
5.222766930273826347e+02 2.648866388080020314e-04 2.293777080989830501e-04 2.404492936287439334e-04 2.449045468452429688e-04
5.223766930273825437e+02 2.792925755674778424e-04 2.390679546283034696e-04 2.511630025781242856e-04 2.565078442579685506e-04
5.224766930273824528e+02 2.970143059368973563e-04 2.529930379675620050e-04 2.653589237275146072e-04 2.717887558773246742e-04
5.225766930273823618e+02 3.239785612652484642e-04 2.817712069749288371e-04 2.902827172956080524e-04 2.986774951785951360e-04
5.226766930273822709e+02 3.424756262567195137e-04 2.930649045979970388e-04 3.034911973476574470e-04 3.130105760674580179e-04
5.227766930273821799e+02 3.564231600375105053e-04 2.920369704701835105e-04 3.089753746190211496e-04 3.191451683755717398e-04
5.228766930273820890e+02 3.808292048156160822e-04 3.064574938774097227e-04 3.258832127369629302e-04 3.377233038099962089e-04
5.229766930273819980e+02 4.111533881445529962e-04 3.265365459263932764e-04 3.476207423560954144e-04 3.617702254756805262e-04
5.230766930273819071e+02 4.548039958721095924e-04 3.590891075341157710e-04 3.800219460341430853e-04 3.979716831467894648e-04
5.231766930273818161e+02 5.034310114811547162e-04 3.988301908927711285e-04 4.193998321528372391e-04 4.405536781755877308e-04
5.232766930273817252e+02 5.924063986637143108e-04 4.923283596728865192e-04 5.044520515544323415e-04 5.297289366303443905e-04
5.233766930273816342e+02 9.512492401139108905e-04 9.473392775261994542e-04 8.914830636487194220e-04 9.300238604296098138e-04
5.234766930273815433e+02 8.768373453537046123e-04 8.296397014316770268e-04 7.995924565769237406e-04 8.353565011207685683e-04
5.235766930273814523e+02 2.015910844251296357e-04 -1.203927494239498538e-04 1.567846331726669481e-05 3.229226610614878944e-05
5.236766930273813614e+02 2.866885162241339185e-04 -1.260872884189382693e-04 2.658984711396560914e-05 6.239702497305374147e-05
5.237766930273812704e+02 7.473677349835842771e-04 3.799984305150668363e-04 4.675916983472754094e-04 5.316526212819753811e-04
5.238766930273811795e+02 9.240516369766562689e-04 4.960315558781023051e-04 5.866729854975270050e-04 6.689187261174285625e-04
5.239766930273810885e+02 1.120121310762997764e-03 5.786159714244147470e-04 6.819322251420226492e-04 7.935565024431450896e-04
5.240766930273809976e+02 1.370978577652372894e-03 6.645677436136815039e-04 7.865539096401369260e-04 9.407000769687303690e-04
5.241766930273809066e+02 1.683955933240223165e-03 7.475948889541423649e-04 8.978279447887473671e-04 1.109792922327704299e-03
5.242766930273808157e+02 2.118180042316572011e-03 8.419871970818643787e-04 1.029174494574764277e-03 1.329780577991066925e-03
5.243766930273807247e+02 2.755000092576923194e-03 9.528682880985703350e-04 1.186666348669561822e-03 1.631511576448351711e-03
5.244766930273806338e+02 3.694516947018421701e-03 1.051620938380914277e-03 1.344129191069567617e-03 2.030089025489634387e-03
5.245766930273805428e+02 5.553748631938557750e-03 1.267272020258076526e-03 1.631866407144062434e-03 2.817629019780232020e-03
5.246766930273804519e+02 9.224220645182270445e-03 1.614869304432030479e-03 2.053997611317455972e-03 4.297695853643919255e-03
5.247766930273803609e+02 1.737257985539739785e-02 2.064300681911606858e-03 2.579896359196566947e-03 7.338925632168523741e-03
5.248766930273802700e+02 3.688261690914061697e-02 2.765217392661348250e-03 3.331435652851334403e-03 1.432642331821776943e-02
5.249766930273801790e+02 6.315135765780363619e-02 3.947395381266147370e-03 4.478935954973006783e-03 2.385922966468093792e-02
5.250766930273800881e+02 6.045767229153591049e-02 5.962650821699061118e-03 6.265855288644489249e-03 2.422872613395982491e-02
5.251766930273799971e+02 4.291776065750953911e-02 1.014632209416289552e-02 9.545762382043725819e-03 2.086994837790538335e-02
5.252766930273799062e+02 3.261939328507229563e-02 1.528156657296665666e-02 1.417700907006807370e-02 2.069265630936901329e-02
5.253766930273798152e+02 2.573888653739235879e-02 1.782381901348554371e-02 1.895499783003311289e-02 2.083923446030366833e-02
5.254766930273797243e+02 1.991441938417865334e-02 1.682781710320155333e-02 2.354839101207046800e-02 2.009687583315022605e-02
5.255766930273796333e+02 1.515524186996848946e-02 1.590765459518725389e-02 2.926101674783748718e-02 2.010797107099774120e-02
5.256766930273795424e+02 1.185900805867452952e-02 1.653100058287244184e-02 3.587507807464652282e-02 2.142169557206449748e-02
5.257766930273794515e+02 1.035760075330894973e-02 1.868774283955620258e-02 4.279741481557557126e-02 2.394758613614690612e-02
5.258766930273793605e+02 1.069172926793086550e-02 2.258849573919289450e-02 5.059725861838613309e-02 2.795916120850330117e-02
5.259766930273792696e+02 1.252595609262048028e-02 2.770227488394190821e-02 5.820770468042531925e-02 3.281197855232924343e-02
5.260766930273791786e+02 1.522343656243879857e-02 3.246104289500995055e-02 6.192407479522681751e-02 3.653618475089185497e-02
5.261766930273790877e+02 1.773873376147384190e-02 3.619436889221904624e-02 6.039895276031902877e-02 3.811068513800396768e-02
5.262766930273789967e+02 1.934168074766286563e-02 3.846905557652158247e-02 5.524236001408453639e-02 3.768436544608966959e-02
5.263766930273789058e+02 2.084031664968310008e-02 3.937271227680891328e-02 4.872487145037816825e-02 3.631263345895673067e-02
5.264766930273788148e+02 2.338833241146120318e-02 4.042080561177837511e-02 4.352652243409923377e-02 3.577855348577960864e-02
5.265766930273787239e+02 2.788926685704312680e-02 4.293436887346562675e-02 4.127515197947863312e-02 3.736626256999579787e-02
5.266766930273786329e+02 3.479498453252403284e-02 4.699634997413182358e-02 4.186797807787329823e-02 4.121977086150971359e-02
5.267766930273785420e+02 4.345925257613832138e-02 5.282230825474818620e-02 4.320442967071284196e-02 4.649533016719977624e-02
5.268766930273784510e+02 5.062119779645298662e-02 5.944306822956987868e-02 4.343686977194979176e-02 5.116704526599088337e-02
5.269766930273783601e+02 5.069407574598425864e-02 6.199133499544955822e-02 4.168103237637926783e-02 5.145548103927103517e-02
5.270766930273782691e+02 4.189016797491169897e-02 5.871416475071161017e-02 3.838845983971495707e-02 4.633093085511275772e-02
5.271766930273781782e+02 3.254569558603970236e-02 5.740462508928585034e-02 3.683605376433885664e-02 4.226212481322146053e-02
5.272766930273780872e+02 2.852536049088212275e-02 6.125421600215534557e-02 3.776206358779682359e-02 4.251388002694475587e-02
5.273766930273779963e+02 2.963252169375581169e-02 6.577302372900337146e-02 3.982193468854568902e-02 4.507582670376829304e-02
5.274766930273779053e+02 3.524741141676162454e-02 6.798417791951232025e-02 4.229539821545447165e-02 4.850899585057614344e-02
5.275766930273778144e+02 4.590014554663840451e-02 7.264174012596746888e-02 4.550157903928921804e-02 5.468115490396503742e-02
5.276766930273777234e+02 6.355599554606580770e-02 8.485313331427898897e-02 4.993143200101291673e-02 6.611352028711924012e-02
5.277766930273776325e+02 8.975718699413190449e-02 1.039443791457242694e-01 5.622663600859010430e-02 8.330940071614875708e-02
5.278766930273775415e+02 1.108864500752438087e-01 1.237699458355372706e-01 6.633594023172439957e-02 1.003307787141684837e-01
5.279766930273774506e+02 1.143062146092302112e-01 1.337054447977635008e-01 8.376720189107622616e-02 1.105929537660233219e-01
5.280766930273773596e+02 1.177709968592161455e-01 1.269914704315189546e-01 1.041531699353879376e-01 1.163052124087076838e-01
5.281766930273772687e+02 1.237420971586423168e-01 1.101307670338336903e-01 1.093315717288225603e-01 1.144014786404328604e-01
5.282766930273771777e+02 1.121348713026523725e-01 8.867842088990207650e-02 9.908039971234250398e-02 9.996456396829897506e-02
5.283766930273770868e+02 8.432612094938621294e-02 6.618659582116519224e-02 8.567291621207899499e-02 7.872854432754346210e-02
5.284766930273769958e+02 5.725658530021644765e-02 4.757755491127351605e-02 7.134947877528934057e-02 5.872787299559310142e-02
5.285766930273769049e+02 3.872060296927781753e-02 3.443302221703355148e-02 5.716757664527295779e-02 4.344040061052811125e-02
5.286766930273768139e+02 2.734715719563773906e-02 2.569004284102768126e-02 4.485075336185652406e-02 3.262931779950731942e-02
5.287766930273767230e+02 2.026401095665078533e-02 1.986802548835686633e-02 3.505302588228343535e-02 2.506168744243036581e-02
5.288766930273766320e+02 1.564551524408162864e-02 1.588064941093382185e-02 2.757774080475067224e-02 1.970130181992204091e-02
5.289766930273765411e+02 1.248890155673926250e-02 1.304907447166313988e-02 2.195003885731798207e-02 1.582933829524012931e-02
5.290766930273764501e+02 1.024194118552878251e-02 1.096789235948976773e-02 1.770915879799801404e-02 1.297299744767218925e-02
5.291766930273763592e+02 8.586521887091453850e-03 9.390143536073088798e-03 1.448623084176212106e-02 1.082096542164222124e-02
5.292766930273762682e+02 7.331987099698084737e-03 8.162870298091607843e-03 1.200941207558850476e-02 9.168089824459399115e-03
5.293766930273761773e+02 6.358878659132321740e-03 7.187487519932865207e-03 1.008259486046001255e-02 7.876320346508400988e-03
5.294766930273760863e+02 5.589489548883685467e-03 6.398485759488368660e-03 8.565492005262196132e-03 6.851155771211417042e-03
5.295766930273759954e+02 4.970431728448499419e-03 5.749477144355683890e-03 7.356087989090110899e-03 6.025332287298098069e-03
5.296766930273759044e+02 4.465960481821585823e-03 5.209176998330221700e-03 6.381976102234776342e-03 5.352371194128860421e-03
5.297766930273758135e+02 4.051116580500455436e-03 4.755132554309948224e-03 5.590308351991705310e-03 4.798852495600702990e-03
5.298766930273757225e+02 3.705488175484087602e-03 4.368479694594068659e-03 4.939885990958241442e-03 4.337951287012132423e-03
5.299766930273756316e+02 3.415210266570621600e-03 4.036169772080848081e-03 4.400858270331139965e-03 3.950746102994203215e-03
5.300766930273755406e+02 3.170793227559742192e-03 3.749007166970190225e-03 3.951571702309817150e-03 3.623790698946582900e-03
5.301766930273754497e+02 2.964696742950609625e-03 3.499679001661225742e-03 3.575214533092419770e-03 3.346530092568085046e-03
5.302766930273753587e+02 2.789587267743199196e-03 3.280647946454034753e-03 3.257187212978457716e-03 3.109140809058563888e-03
5.303766930273752678e+02 2.641120629036795581e-03 3.087223819247937769e-03 2.987341561166877851e-03 2.905228669817203156e-03
5.304766930273751768e+02 2.516710875330833552e-03 2.916328432042354299e-03 2.758526889556708970e-03 2.730522065643298940e-03
5.305766930273750859e+02 2.412980484325826305e-03 2.763950138237938284e-03 2.563605094548530514e-03 2.580178572370765179e-03
5.306766930273749949e+02 2.327739031221319910e-03 2.627133092534219682e-03 2.397225939641613440e-03 2.450699354465717822e-03
5.307766930273749040e+02 2.261069201016750654e-03 2.505006802630683864e-03 2.256811748435278656e-03 2.340962584027571347e-03
5.308766930273748130e+02 2.210563195512746642e-03 2.393858944528052136e-03 2.137443560130126465e-03 2.247288566723642037e-03
5.309766930273747221e+02 2.177873941608250447e-03 2.293668839025286756e-03 2.038386049525000524e-03 2.169976276719512431e-03
5.310766930273746311e+02 2.163679589903598575e-03 2.202881108623016681e-03 1.957684204420459626e-03 2.108081634315691049e-03
5.311766930273745402e+02 2.172980209397631750e-03 2.123129780320309311e-03 1.897053559915440075e-03 2.064387849877793567e-03
5.312766930273744492e+02 2.212087896689996294e-03 2.055466593517307934e-03 1.857803051710040215e-03 2.041785847305781481e-03
5.313766930273743583e+02 2.299171326877625689e-03 2.008546043812055489e-03 1.849121370502230686e-03 2.052279580397303738e-03
5.314766930273742673e+02 2.478938731453811991e-03 2.008338389300053269e-03 1.896160405187914287e-03 2.127812508647259921e-03
5.315766930273741764e+02 2.881840332196023823e-03 2.144069833964971916e-03 2.077771766553131692e-03 2.367893977571375232e-03
5.316766930273740854e+02 3.959789518320588723e-03 2.803561470129055898e-03 2.691674204640873060e-03 3.151675064363505460e-03
5.317766930273739945e+02 6.229883771808997217e-03 5.055316281013771951e-03 4.396625837856127719e-03 5.227275296892966786e-03
5.318766930273739035e+02 6.406997598953688075e-03 7.299525703713184363e-03 5.920482008101542355e-03 6.542335103589471887e-03
5.319766930273738126e+02 4.327739306743683123e-03 5.709852769015666754e-03 4.655156911030857228e-03 4.897582995596736280e-03
5.320766930273737216e+02 3.202291669095561413e-03 3.988239605952124608e-03 3.381211668134559249e-03 3.523914314394081468e-03
5.321766930273736307e+02 2.791075302308459582e-03 3.218739659402958427e-03 2.881411029931824335e-03 2.963741997214413681e-03
5.322766930273735397e+02 2.629804395042719366e-03 2.839965071200333674e-03 2.691948497150186900e-03 2.720572654464413313e-03
5.323766930273734488e+02 2.564098879217479535e-03 2.627312980156571061e-03 2.636996862514618713e-03 2.609469573962889914e-03
5.324766930273733578e+02 2.541930005605897661e-03 2.498510646334264982e-03 2.654780659695269145e-03 2.565073770545143496e-03
5.325766930273732669e+02 2.545074549799159792e-03 2.417555705021627935e-03 2.719605731482680790e-03 2.560745328767822550e-03
5.326766930273731759e+02 2.570080350093290923e-03 2.368108814413266705e-03 2.821158781172753045e-03 2.586449315226436747e-03
5.327766930273730850e+02 2.616279043187552493e-03 2.341330765007215101e-03 2.954130649064172325e-03 2.637246819086313306e-03
5.328766930273729940e+02 2.679572146795000057e-03 2.329840294850239833e-03 3.111865242737084890e-03 2.707092561460774927e-03
5.329766930273729031e+02 2.751582377577428771e-03 2.323579201080022954e-03 3.280900877643531423e-03 2.785354152100327860e-03
5.330766930273728121e+02 2.807235696188870814e-03 2.297670357779700318e-03 3.419920717156244450e-03 2.841608923708271572e-03
5.331766930273727212e+02 2.708846786643555413e-03 2.144581043868612306e-03 3.337502743447919550e-03 2.730310191320028945e-03
5.332766930273726302e+02 1.841450693656757585e-03 1.445608331083537675e-03 2.248595328270919062e-03 1.845218117670404702e-03
5.333766930273725393e+02 8.194608496072206677e-04 6.864651097711465264e-04 9.731628713695070036e-04 8.263629435826247687e-04
5.334766930273724483e+02 4.973116403134067443e-04 4.424016060962100401e-04 5.738332226387751929e-04 5.045154896827973258e-04
5.335766930273723574e+02 3.691355670282448148e-04 3.420197689122934752e-04 4.171336979431625527e-04 3.760963446279002448e-04
5.336766930273722664e+02 3.016919410418069606e-04 2.874407476088552743e-04 3.359047664412245478e-04 3.083458183639622248e-04
5.337766930273721755e+02 2.598117698557239662e-04 2.525069380798796153e-04 2.861975295260251579e-04 2.661720791538762284e-04
5.338766930273720845e+02 2.309283438630784825e-04 2.277483477444781532e-04 2.523812990542946555e-04 2.370193302206170880e-04
5.339766930273719936e+02 2.095350058939888615e-04 2.089612102913993594e-04 2.276425013285630948e-04 2.153795725046504296e-04
5.340766930273719026e+02 1.928591711474366679e-04 1.940018897120000525e-04 2.085698903071430332e-04 1.984769837221932512e-04
5.341766930273718117e+02 1.793579742441685720e-04 1.816625704152774815e-04 1.932765278823238828e-04 1.847656908472566635e-04
5.342766930273717207e+02 1.681055374389188526e-04 1.712095449988689985e-04 1.806370576754218237e-04 1.733173800377365312e-04
5.343766930273716298e+02 1.585124351106484419e-04 1.621701165043894428e-04 1.699395824722731597e-04 1.635407113624370509e-04
5.344766930273715388e+02 1.501851609405508705e-04 1.542250031557939260e-04 1.607118533209434875e-04 1.550406724724294190e-04
5.345766930273714479e+02 1.428505181324874656e-04 1.471499994745215751e-04 1.526280830274396628e-04 1.475428668781495769e-04
5.346766930273713569e+02 1.363125062332781485e-04 1.407824566420885304e-04 1.454560048136798345e-04 1.408503225630155045e-04
5.347766930273712660e+02 1.304265225174894283e-04 1.350010737460790851e-04 1.390253122310588835e-04 1.348176361648757628e-04
5.348766930273711750e+02 1.250832825945100569e-04 1.297132092378814933e-04 1.332080651568486420e-04 1.293348523297467036e-04
5.349766930273710841e+02 1.201984428268636148e-04 1.248466323313794949e-04 1.279060938021236527e-04 1.243170563201222677e-04
5.350766930273709931e+02 1.157056973691271168e-04 1.203439969320969840e-04 1.230426535604431154e-04 1.196974492872224054e-04
5.351766930273709022e+02 1.115520631673000906e-04 1.161590408067057897e-04 1.185567480570782578e-04 1.154226173436947127e-04
5.352766930273708113e+02 1.076945834683718596e-04 1.122539097626812024e-04 1.143991759984873229e-04 1.114492230765134616e-04
5.353766930273707203e+02 1.040979744300343725e-04 1.085972346180717735e-04 1.105297205319680866e-04 1.077416431933580956e-04
5.354766930273706294e+02 1.007329135805060561e-04 1.051627232613615889e-04 1.069151132454432306e-04 1.042702500291036252e-04
5.355766930273705384e+02 9.757477381137257466e-05 1.019281124513364274e-04 1.035275343172719324e-04 1.010101401933269691e-04
5.356766930273704475e+02 9.460267257850958264e-05 9.887437557102442362e-05 1.003434904261550609e-04 9.794017952522968455e-05
5.357766930273703565e+02 9.179874782501006459e-05 9.598511550663600439e-05 9.734296358704907766e-05 9.504227563956506243e-05
5.358766930273702656e+02 8.914759947913178688e-05 9.324609342351998617e-05 9.450875718310355390e-05 9.230081669525178468e-05
5.359766930273701746e+02 8.663585358927249319e-05 9.064485881814578498e-05 9.182598745163063131e-05 8.970223328634963197e-05
5.360766930273700837e+02 8.425181846692391828e-05 8.817045590806129414e-05 8.928168382905242613e-05 8.723465273467921285e-05
5.361766930273699927e+02 8.198521069266314048e-05 8.581318829888832239e-05 8.686447162588970959e-05 8.488762353914706201e-05
5.362766930273699018e+02 7.982693473813351199e-05 8.356442861030592641e-05 8.456431770073968390e-05 8.265189368305970292e-05
5.363766930273698108e+02 7.776890417902968097e-05 8.141646316303725503e-05 8.237232482825874969e-05 8.051923072344190427e-05
5.364766930273697199e+02 7.580389547309730400e-05 7.936236422985133406e-05 8.028056408716126909e-05 7.848227459670329787e-05
5.365766930273696289e+02 7.392542745411104200e-05 7.739588419854138372e-05 7.828193716819521167e-05 7.653441627361588816e-05
5.366766930273695380e+02 7.212766132487799335e-05 7.551136724592971412e-05 7.637006245714537424e-05 7.466969700931769391e-05
5.367766930273694470e+02 7.040531710123039302e-05 7.370367516286086321e-05 7.453918014982504248e-05 7.288272413797210409e-05
5.368766930273693561e+02 6.875360335601963006e-05 7.196812466219630958e-05 7.278407270206938072e-05 7.116860024009510227e-05
5.369766930273692651e+02 6.716815781912069167e-05 7.030043409781945932e-05 7.109999775173982172e-05 6.952286322289332875e-05
5.370766930273691742e+02 6.564499684041791966e-05 6.869667791662133834e-05 6.948263121870864624e-05 6.794143532524929690e-05
5.371766930273690832e+02 6.418047220781061260e-05 6.715324754050674115e-05 6.792801879686481215e-05 6.642057951506071293e-05
5.372766930273689923e+02 6.277123402820915092e-05 6.566681758739067011e-05 6.643253437810982677e-05 6.495686199790322497e-05
5.373766930273689013e+02 6.141419869953209363e-05 6.423431658319524173e-05 6.499284424235421127e-05 6.354711984169385340e-05
5.374766930273688104e+02 6.010652113271092194e-05 6.285290144785517794e-05 6.360587609752281447e-05 6.218843289269629349e-05
5.375766930273687194e+02 5.884557056967968866e-05 6.151993518230692432e-05 6.226879216054352194e-05 6.087809930417672068e-05
5.376766930273686285e+02 5.762890944138038263e-05 6.023296727449449153e-05 6.097896569435295902e-05 5.961361413674261332e-05
5.377766930273685375e+02 5.645427481276057264e-05 5.898971643836706095e-05 5.973396044289393616e-05 5.839265056467385432e-05
5.378766930273684466e+02 5.531956204677143218e-05 5.778805533987703207e-05 5.853151256711331161e-05 5.721304331792058970e-05
5.379766930273683556e+02 5.422281036537238418e-05 5.662599705098502872e-05 5.736951470396687864e-05 5.607277404010809944e-05
5.380766930273682647e+02 5.316219004252276494e-05 5.550168298765109756e-05 5.624600185741047569e-05 5.496995829586144832e-05
5.381766930273681737e+02 5.213599102318661107e-05 5.441337214683994434e-05 5.515913887740512531e-05 5.390283401581056927e-05
5.382766930273680828e+02 5.114261276633105656e-05 5.335943146151914303e-05 5.410720930091517035e-05 5.286975117625512783e-05
