2.116454779952799981e+03 6.502103379399999925e-06 6.502105437099999967e-06 6.418445644999999698e-06 6.474218153833332915e-06
2.116554779942799996e+03 5.875013461408335200e-06 5.875014885908398971e-06 5.792855701958339193e-06 5.847628016425024737e-06
2.116654779932800011e+03 5.300953334210821486e-06 5.300954946510784146e-06 5.220132034543532736e-06 5.274013438421712789e-06
2.116754779922800026e+03 4.813757549559414052e-06 4.813759362059354294e-06 4.733973125248349781e-06 4.787163345622372709e-06
2.116854779912800041e+03 4.416339567767324212e-06 4.416341659367212495e-06 4.337266008982977822e-06 4.389982412039171509e-06
2.116954779902800055e+03 4.099086206226446213e-06 4.099088347426420565e-06 4.020437665713937199e-06 4.072870739788934377e-06
2.117054779892800070e+03 3.846281033982644659e-06 3.846283032682729932e-06 3.767808957176766819e-06 3.820124341280714509e-06
2.117154779882800085e+03 3.642846317503713837e-06 3.642847889304012888e-06 3.564352617818850131e-06 3.616682274875526183e-06
2.117254779872800100e+03 3.479236455187984427e-06 3.479238157987879601e-06 3.400559859934301345e-06 3.453011491036721932e-06
2.117354779862800115e+03 3.348510613953189957e-06 3.348512781952771341e-06 3.269514203941022852e-06 3.322179199948994717e-06
2.117454779852800129e+03 3.242020823289621618e-06 3.242022779289833696e-06 3.162603722610311973e-06 3.215549108396588672e-06
2.117554779842800144e+03 3.153196771906221470e-06 3.153198484506489437e-06 3.073287663847428623e-06 3.126560973420046228e-06
2.117654779832800159e+03 3.081054736470169935e-06 3.081056655569921908e-06 3.000584726443250207e-06 3.054232039494448056e-06
2.117754779822800174e+03 3.019850092866021198e-06 3.019852125665873311e-06 2.938753800080188868e-06 2.992818672870694318e-06
2.117854779812800189e+03 2.969382684354300938e-06 2.969384567554510041e-06 2.887620547186482130e-06 2.942129266365097703e-06
2.117954779802800203e+03 2.930566205624613174e-06 2.930568057724659989e-06 2.848095991886726879e-06 2.903076751745333347e-06
2.118054779792800218e+03 2.895491461119473046e-06 2.895493396819339026e-06 2.812266072227750974e-06 2.867750310055521157e-06
2.118154779782800233e+03 2.865861071771523648e-06 2.865862984271563355e-06 2.781856531096078490e-06 2.837860195713054882e-06
2.118254779772800248e+03 2.841276224552693183e-06 2.841277764653363553e-06 2.756459649714354393e-06 2.813004546306803568e-06
2.118354779762800263e+03 2.821708247679105674e-06 2.821710249178228685e-06 2.736040319296675804e-06 2.793152938718003529e-06
2.118454779752800277e+03 2.807835262545910028e-06 2.807837258245921916e-06 2.721292869094838430e-06 2.778988463295557074e-06
2.118554779742800292e+03 2.796215133602216875e-06 2.796217099102280809e-06 2.708785684365030925e-06 2.767072639023176203e-06
2.118654779732800307e+03 2.788823464961615620e-06 2.788825458961552762e-06 2.700482568766794466e-06 2.759377164229987616e-06
2.118754779722800322e+03 2.782097069970695807e-06 2.782099148870500727e-06 2.692816418432131988e-06 2.752337545757776033e-06
2.118854779712800337e+03 2.776197206159654719e-06 2.776199193959873117e-06 2.685967945436314155e-06 2.746121448518613432e-06
2.118954779702800352e+03 2.775700965440568054e-06 2.775703014640414170e-06 2.684504092559594756e-06 2.745302690880192186e-06
2.119054779692800366e+03 2.775937428685191846e-06 2.775939878084151024e-06 2.683745034073543972e-06 2.745207446947629230e-06
2.119154779682800381e+03 2.777867947587597763e-06 2.777869813789172327e-06 2.684670045402462592e-06 2.746802602259743945e-06
2.119254779672800396e+03 2.781484693373106393e-06 2.781486500873270762e-06 2.687252682968607341e-06 2.750074625738328024e-06
2.119354779662800411e+03 2.786743782248645396e-06 2.786745921747682298e-06 2.691466519979872461e-06 2.754985407992066577e-06
2.119454779652800426e+03 2.793502457223990173e-06 2.793504914823035927e-06 2.697177034268467625e-06 2.761394802105164575e-06
2.119554779642800440e+03 2.801644699559078206e-06 2.801646904759860859e-06 2.704260008442804128e-06 2.769183870920581064e-06
2.119654779632800455e+03 2.811110229510349858e-06 2.811112387910500074e-06 2.712649553053496643e-06 2.778290723491449000e-06
2.119754779622800470e+03 2.821599789684469315e-06 2.821601979984363980e-06 2.722035615226010059e-06 2.788412461631614733e-06
2.119854779612800485e+03 2.833262278047570434e-06 2.833264352247965413e-06 2.732580131348672140e-06 2.799702253881403086e-06
2.119954779602800500e+03 2.843644408162610335e-06 2.843646550562371281e-06 2.741836288103511318e-06 2.809709082276164170e-06
2.120054779592800514e+03 2.857438887539912441e-06 2.857441172039400808e-06 2.754509851975201210e-06 2.823129970518171345e-06
2.120154779582800529e+03 2.871582182169903073e-06 2.871584410870109670e-06 2.767521998255144684e-06 2.836896197098385385e-06
2.120254779572800544e+03 2.885576856720286602e-06 2.885579259519625273e-06 2.780364926996917252e-06 2.850507014412276658e-06
2.120354779562800559e+03 2.902459110859241933e-06 2.902461487359344310e-06 2.796096111448408421e-06 2.867005569888998786e-06
2.120454779552800574e+03 2.920113358383095392e-06 2.920115354084618810e-06 2.812580578562210531e-06 2.884269763676641436e-06
2.120554779542800588e+03 2.936899363277504629e-06 2.936901697876114880e-06 2.828192662390572970e-06 2.900664574514730968e-06
2.120654779532800603e+03 2.956192831267538006e-06 2.956195272367090914e-06 2.846317271576736091e-06 2.919568458403788337e-06
2.120754779522800618e+03 2.974847614884518827e-06 2.974850669281881320e-06 2.863791556560658602e-06 2.937829946909019300e-06
2.120854779512800633e+03 2.996134449637987249e-06 2.996137340038708902e-06 2.883905340899402801e-06 2.958725710192032561e-06
2.120954779502800648e+03 3.018113233695594461e-06 3.018115434298698793e-06 2.904697580135039518e-06 2.980308749376444681e-06
2.121054779492800662e+03 3.036711266049255891e-06 3.036713290950064562e-06 2.922113096588820895e-06 2.998512551196047116e-06
2.121154779482800677e+03 3.058629350485113329e-06 3.058632217581155348e-06 2.942863445473460162e-06 3.020041671179909754e-06
2.121254779472800692e+03 3.083423686487241451e-06 3.083427358883376082e-06 2.966484911517011440e-06 3.044445318962543556e-06
2.121354779462800707e+03 3.108822296646944474e-06 3.108825223650597439e-06 2.990728130408354782e-06 3.069458550235299180e-06
2.121454779452800722e+03 3.133069025966548760e-06 3.133071469568965866e-06 3.013814117970249683e-06 3.093318204501921719e-06
2.121554779442800736e+03 3.155961224250005471e-06 3.155963521550751475e-06 3.035556026716472284e-06 3.115826924172409461e-06
2.121654779432800751e+03 3.181889913670967959e-06 3.181892413269915821e-06 3.060350751067575576e-06 3.141377692669486452e-06
2.121754779422800766e+03 3.210963700909000901e-06 3.210966340908256618e-06 3.088314150094051591e-06 3.170081397303769844e-06
2.121854779412800781e+03 3.239116349975905570e-06 3.239118611477949670e-06 3.115392633076394452e-06 3.197875864843416564e-06
2.121954779402800796e+03 3.267415917752587798e-06 3.267418507750781366e-06 3.142633356176224856e-06 3.225822593893197724e-06
2.122054779392800810e+03 3.296784842334243224e-06 3.296788329029221627e-06 3.170975734882890042e-06 3.254849635415451772e-06
2.122154779382800825e+03 3.324353455359230192e-06 3.324356017164502164e-06 3.197566805931208821e-06 3.282092092818313443e-06
2.122254779372800840e+03 3.355034704848839838e-06 3.355037054350071106e-06 3.227294778477839565e-06 3.312455512558916413e-06
2.122354779362800855e+03 3.387586185346436628e-06 3.387588805444840020e-06 3.258932063140184157e-06 3.344702351310487217e-06
2.122454779352800870e+03 3.420772350883259064e-06 3.420775524779936581e-06 3.291284502585606016e-06 3.377610792749600695e-06
2.122554779342800884e+03 3.454163237715894298e-06 3.454165932618815993e-06 3.323892633790694578e-06 3.410740601375134815e-06
2.122654779332800899e+03 3.488459269564924481e-06 3.488462503161583994e-06 3.357481916846756901e-06 3.444801229857755267e-06
2.122754779322800914e+03 3.523408555119716059e-06 3.523412076817900714e-06 3.391802069183247596e-06 3.479540900373621598e-06
2.122854779312800929e+03 3.559958919677892285e-06 3.559962222979289707e-06 3.427819098691228075e-06 3.515913413782803214e-06
2.122954779302800944e+03 3.596792638781144580e-06 3.596795260985571729e-06 3.464224515065103694e-06 3.552604138277273334e-06
2.123054779292800959e+03 3.635456883016297066e-06 3.635459492616380139e-06 3.502582422338112377e-06 3.591166265990263617e-06
2.123154779282800973e+03 3.674761403660118417e-06 3.674765255751794061e-06 3.541713906819452869e-06 3.630413522077121641e-06
2.123254779272800988e+03 3.715128373504862258e-06 3.715132122305564664e-06 3.582049878115645466e-06 3.670770124642023988e-06
2.123354779262801003e+03 3.757017136967821641e-06 3.757020140472964126e-06 3.624108394796516235e-06 3.712715224079100385e-06
2.123454779252801018e+03 3.800247280689346791e-06 3.800250899185041690e-06 3.667692577711066920e-06 3.756063585861818185e-06
2.123554779242801033e+03 3.844227875538210638e-06 3.844232000634613610e-06 3.712231906671194116e-06 3.800230594281339314e-06
2.123654779232801047e+03 3.889972177641472662e-06 3.889976102642913198e-06 3.758800614405748494e-06 3.846249631563378401e-06
2.123754779222801062e+03 3.937392310333335460e-06 3.937395698437254552e-06 3.807326595360636530e-06 3.894038201377075655e-06
2.123854779212801077e+03 3.985557628277055623e-06 3.985561438573930563e-06 3.856919946309607072e-06 3.942679671053531651e-06
2.123954779202801092e+03 4.036085869038586244e-06 4.036089919136787936e-06 3.909223607922929180e-06 3.993799798699435018e-06
2.124054779192801107e+03 4.088092834247573256e-06 4.088096523850312731e-06 3.963423006985076291e-06 4.046537455027654093e-06
2.124154779182801121e+03 4.141890962354978944e-06 4.141894345057341826e-06 4.019916741998809284e-06 4.101234016470377249e-06
2.124254779172801136e+03 4.198024893855696256e-06 4.198029216948361354e-06 4.079258359335744687e-06 4.158437490046600483e-06
2.124354779162801151e+03 4.256340674105784428e-06 4.256345306203343851e-06 4.141396529408905442e-06 4.218027503239344856e-06
2.124454779152801166e+03 4.317225794319548377e-06 4.317230310720474346e-06 4.206824094879990629e-06 4.280426733306671682e-06
2.124554779142801181e+03 4.380870884775357552e-06 4.380876217568744798e-06 4.275817976050165300e-06 4.345855026131423397e-06
2.124654779132801195e+03 4.446636026826558410e-06 4.446640264835535604e-06 4.347877959708877322e-06 4.413718083790323496e-06
2.124754779122801210e+03 4.516153046509151705e-06 4.516157117810534548e-06 4.424765794431384329e-06 4.485691986250357143e-06
2.124854779112801225e+03 4.588684994332203135e-06 4.588689247630673904e-06 4.505923671874399232e-06 4.561099304612425423e-06
2.124954779102801240e+03 4.665674359990976792e-06 4.665678877988727579e-06 4.593015306221705946e-06 4.641456181400470106e-06
2.125054779092801255e+03 4.746718146124179458e-06 4.746724122411636685e-06 4.685890819971346196e-06 4.726444362835720780e-06
2.125154779082801269e+03 4.833105683629218334e-06 4.833112339723304640e-06 4.786160018458806867e-06 4.817459347270443280e-06
2.125254779072801284e+03 4.925402409889310105e-06 4.925409947181555659e-06 4.894722992346316500e-06 4.915178449805727421e-06
2.125354779062801299e+03 5.023779572043900116e-06 5.023787148943547739e-06 5.012218907986987490e-06 5.019928542991478731e-06
2.125454779052801314e+03 5.130176348829688880e-06 5.130182017946859077e-06 5.141176170085324765e-06 5.133844845620624241e-06
2.125554779042801329e+03 5.245345723759521254e-06 5.245352323551052270e-06 5.283064735214909998e-06 5.257920927508494507e-06
2.125654779032801343e+03 5.370748235097859248e-06 5.370755323993359721e-06 5.440231092370516505e-06 5.393911550487245441e-06
2.125754779022801358e+03 5.509224069675145906e-06 5.509231393172963675e-06 5.616667921237786649e-06 5.545041128028632642e-06
2.125854779012801373e+03 5.662198304142774564e-06 5.662205798441168469e-06 5.815268589554176728e-06 5.713224230712706023e-06
2.125954779002801388e+03 5.833854020171280043e-06 5.833861865467946109e-06 6.042185526589545677e-06 5.903300470742923378e-06
2.126054778992801403e+03 6.027866214783640123e-06 6.027873393590038774e-06 6.303688795269169711e-06 6.119809467880948971e-06
2.126154778982801417e+03 6.250156876281330719e-06 6.250164464877355613e-06 6.609183486302046647e-06 6.369834942486910428e-06
2.126254778972801432e+03 6.506993170004044708e-06 6.507000992701751463e-06 6.969744315902857794e-06 6.661246159536217706e-06
2.126354778962801447e+03 6.809622103872972714e-06 6.809631371458667885e-06 7.403399529211828976e-06 7.007551001514489576e-06
2.126454778952801462e+03 7.175128529634562957e-06 7.175138701025525145e-06 7.936913214060628980e-06 7.429060148240239310e-06
2.126554778942801477e+03 7.620289552772232230e-06 7.620300263566784809e-06 8.601372187761007797e-06 7.947320668033341047e-06
2.126654778932801491e+03 8.178754643853278385e-06 8.178766957836925978e-06 9.452152458835566683e-06 8.603224686841923682e-06
2.126754778922801506e+03 8.896804291580765275e-06 8.896815495792196118e-06 1.056966002265792673e-05 9.454426603343629940e-06
2.126854778912801521e+03 9.844222550738274314e-06 9.844237251201914276e-06 1.207925022224022508e-05 1.058923667472680343e-05
2.126954778902801536e+03 1.114243595673974757e-05 1.114245272171807087e-05 1.419674886522855710e-05 1.216054584789545851e-05
2.127054778892801551e+03 1.299755930565935072e-05 1.299757582366196720e-05 1.729563601773511760e-05 1.443025704901881184e-05
2.127154778882801565e+03 1.576221385613901411e-05 1.576223945504185033e-05 2.203514389515826201e-05 1.785319906877970994e-05
2.127254778872801580e+03 2.009393201731947076e-05 2.009396648422369906e-05 2.963286916633622785e-05 2.327358922262646589e-05
2.127354778862801595e+03 2.715042675898631311e-05 2.715045369706838138e-05 4.210208683613020987e-05 3.213432243072830371e-05
2.127454778852801610e+03 3.843802453408856715e-05 3.843806974288758570e-05 6.106515736773349438e-05 4.598041721490321349e-05
2.127554778842801625e+03 5.303563069940437410e-05 5.303573843271034718e-05 8.087598416604060156e-05 6.231578443271844998e-05
2.127654778832801640e+03 6.223347385998685168e-05 6.223368811279382171e-05 8.612421318973606467e-05 7.019712505417225054e-05
2.127754778822801654e+03 5.913905074549426373e-05 5.913934068663899250e-05 7.521371927447594420e-05 6.449737023553639111e-05
2.127854778812801669e+03 4.872486565149857207e-05 4.872517033733049540e-05 5.814794067541588859e-05 5.186599222141498761e-05
2.127954778802801684e+03 3.638790855006287703e-05 3.638816275764338623e-05 4.165185701962547131e-05 3.814264277577724034e-05
2.128054778792801699e+03 2.647466110117931794e-05 2.647483200814561115e-05 2.987318235279750445e-05 2.760755848737414338e-05
2.128154778782801714e+03 2.009156285765562668e-05 2.009167229037487425e-05 2.252218709891144950e-05 2.090180741564731681e-05
2.128254778772801728e+03 1.618048941626872974e-05 1.618055842074577871e-05 1.796629834203551478e-05 1.677578205968333769e-05
2.128354778762801743e+03 1.373128608827632213e-05 1.373134308041926578e-05 1.504486206981679736e-05 1.416916374617079509e-05
2.128454778752801758e+03 1.213950518322205418e-05 1.213954973437134494e-05 1.309597071352511259e-05 1.245834187703950390e-05
2.128554778742801773e+03 1.106636623888701817e-05 1.106639987001914993e-05 1.174682683253011541e-05 1.129319764714542896e-05
2.128654778732801788e+03 1.032650171828414718e-05 1.032652647939236192e-05 1.078938199475133103e-05 1.048080339747594784e-05
2.128754778722801802e+03 9.807608051051081596e-06 9.807633175146614288e-06 1.009575260859134589e-05 9.903664611596346129e-06
2.128854778712801817e+03 9.439228278280254893e-06 9.439249700326161530e-06 9.584311165537816399e-06 9.487596381381412070e-06
2.128954778702801832e+03 9.178597353665358483e-06 9.178618018574824107e-06 9.204380157310662288e-06 9.187198509850279932e-06
2.129054778692801847e+03 8.997609647929236644e-06 8.997628099457124638e-06 8.922096313455886850e-06 8.972444686947416044e-06
2.129154778682801862e+03 8.875887845255054184e-06 8.875902132907936007e-06 8.713118941996842213e-06 8.821636306719944699e-06
2.129254778672801876e+03 8.799168148303589780e-06 8.799180254531512450e-06 8.559936565122924345e-06 8.719428322652674396e-06
2.129354778662801891e+03 8.758780996687573904e-06 8.758796250946963833e-06 8.451547656607693166e-06 8.656374968080743069e-06
2.129454778652801906e+03 8.747419391695792701e-06 8.747429230666193780e-06 8.378998121036649436e-06 8.624615581132877510e-06
2.129554778642801921e+03 8.760592936422636646e-06 8.760607208764555997e-06 8.336352347353733204e-06 8.619184164180308051e-06
2.129654778632801936e+03 8.792157719342318109e-06 8.792167681199219019e-06 8.316321343004946169e-06 8.633548914515493867e-06
2.129754778622801950e+03 8.840825336918488352e-06 8.840839749459293665e-06 8.316716080846406377e-06 8.666127055741395567e-06
2.129854778612801965e+03 8.904906967404531540e-06 8.904922800485495337e-06 8.335112910779593525e-06 8.714980892889873467e-06
2.129954778602801980e+03 8.982179755316417301e-06 8.982196458404672338e-06 8.368777279428888868e-06 8.777717831049991706e-06
2.130054778592801995e+03 9.068946935866308248e-06 9.068968504200141184e-06 8.413607429708788656e-06 8.850507623258413261e-06
2.130154778582802010e+03 9.164665143560871315e-06 9.164696422927829349e-06 8.468696779575138103e-06 8.932686115354613487e-06
2.130254778572802024e+03 9.271852386615724321e-06 9.271903602440599698e-06 8.535950053203683545e-06 9.026568680753335855e-06
2.130354778562802039e+03 9.386604788742257567e-06 9.386647976753848753e-06 8.611459135223556709e-06 9.128237300239889370e-06
2.130454778552802054e+03 9.508556567476054115e-06 9.508664470870025850e-06 8.694603763175329824e-06 9.237274933840467671e-06
2.130554778542802069e+03 9.640962821372454173e-06 9.640923237652061848e-06 8.788073134181735932e-06 9.356653064402082855e-06
2.130654778532802084e+03 9.779759749585313684e-06 9.779786192147698660e-06 8.887798844195802988e-06 9.482448261976271213e-06
2.130754778522802098e+03 9.924713286365770159e-06 9.924841907404613147e-06 8.993778287294593702e-06 9.614444493688324540e-06
2.130854778512802113e+03 1.007737571966226963e-05 1.007741834490064581e-05 9.106897843279069309e-06 9.753897302613994349e-06
2.130954778502802128e+03 1.023883336686551206e-05 1.023881385976642389e-05 9.228035848299677728e-06 9.901894358310538459e-06
2.131054778492802143e+03 1.040784035349995766e-05 1.040778138107614553e-05 9.355883352327714752e-06 1.005716836230127208e-05
2.131154778482802158e+03 1.058084910477432260e-05 1.058082562825251808e-05 9.487128619196750432e-06 1.021626778407453037e-05
2.131254778472802172e+03 1.076197071440178490e-05 1.076204841290438164e-05 9.625191547969741464e-06 1.038307022509196877e-05
2.131354778462802187e+03 1.095103947987735886e-05 1.095108622633857164e-05 9.770358838008667325e-06 1.055749484807486763e-05
2.131454778452802202e+03 1.114698299784975130e-05 1.114709360989174821e-05 9.920706625285145535e-06 1.073826107767554891e-05
2.131554778442802217e+03 1.135199855926742892e-05 1.135199902193071943e-05 1.007834139671672916e-05 1.092744632597162640e-05
2.131654778432802232e+03 1.156407431645170611e-05 1.156407404846278730e-05 1.024192411354506978e-05 1.112335749281985383e-05
2.131754778422802246e+03 1.178462510357524369e-05 1.178483125541697717e-05 1.041213071884068407e-05 1.132719569261096718e-05
2.131854778412802261e+03 1.201299927804051712e-05 1.201304459551744914e-05 1.058777714604731397e-05 1.153794033986842561e-05
2.131954778402802276e+03 1.224952204190027744e-05 1.224951316074032848e-05 1.076947887762560276e-05 1.175617136008873566e-05
2.132054778392802291e+03 1.249554739800766929e-05 1.249463206014858019e-05 1.095793314511602318e-05 1.198270420109075699e-05
2.132154778382802306e+03 1.274854239098284772e-05 1.274834665068478295e-05 1.115148926317224372e-05 1.221612610161329034e-05
2.132254778372802321e+03 1.301216762172398773e-05 1.301192744842621716e-05 1.135255073623088378e-05 1.245888193546036289e-05
2.132354778362802335e+03 1.328919437627706331e-05 1.328887448854453095e-05 1.156312514286897388e-05 1.271373133589685604e-05
2.132454778352802350e+03 1.357555039530764812e-05 1.357500553990716077e-05 1.178041232340820363e-05 1.297698941954100361e-05
2.132554778342802365e+03 1.387276298888132293e-05 1.387299106343691089e-05 1.200491044758353744e-05 1.325022149996725822e-05
2.132654778332802380e+03 1.418195093815957468e-05 1.418259650639628033e-05 1.223632764604517541e-05 1.353362503020034517e-05
2.132754778322802395e+03 1.450417662272456393e-05 1.450440712949027571e-05 1.247555581158378817e-05 1.382804652126620984e-05
2.132854778312802409e+03 1.483936448592286144e-05 1.483887507572956624e-05 1.272280646809246268e-05 1.413368200991496176e-05
2.132954778302802424e+03 1.518867014046083637e-05 1.518880846910279366e-05 1.297844714393240172e-05 1.445197525116534335e-05
2.133054778292802439e+03 1.555469233903564714e-05 1.555479649060316486e-05 1.324316357971098656e-05 1.478421746978326619e-05
2.133154778282802454e+03 1.593801883845219665e-05 1.593833867985011081e-05 1.351771780494853966e-05 1.513135844108361570e-05
2.133254778272802469e+03 1.634142020785998500e-05 1.634153026238451657e-05 1.380256879850650738e-05 1.549517308958366796e-05
2.133354778262802483e+03 1.676632464411845070e-05 1.676612636832925125e-05 1.409767234375379059e-05 1.587670778540049808e-05
2.133454778252802498e+03 1.721499463961377962e-05 1.721555105178379386e-05 1.440387371058076135e-05 1.627813980065944777e-05
2.133554778242802513e+03 1.768877221640775569e-05 1.768850114655813442e-05 1.471903784869836013e-05 1.669877040388808228e-05
2.133654778232802528e+03 1.819394121309693941e-05 1.819340899258855551e-05 1.504516815856378203e-05 1.714417278808309401e-05
2.133754778222802543e+03 1.873536470437475881e-05 1.873540295950529459e-05 1.538330270727619492e-05 1.761802345705208616e-05
2.133854778212802557e+03 1.932070658905151529e-05 1.932093599372562896e-05 1.573502267307663667e-05 1.812555508528459816e-05
2.133954778202802572e+03 1.996405533239487253e-05 1.996424655506312662e-05 1.610100481431702620e-05 1.867643556725833952e-05
2.134054778192802587e+03 2.067753764470768712e-05 2.067813506855841664e-05 1.648103220252322069e-05 1.927890163859644374e-05
2.134154778182802602e+03 2.148751957931096154e-05 2.148721744023360705e-05 1.687515179108923995e-05 1.994996293687793844e-05
2.134254778172802617e+03 2.243000512873691987e-05 2.243036612593261487e-05 1.728376930561297101e-05 2.071471352009416971e-05
2.134354778162802631e+03 2.356614545705346009e-05 2.356704866034802526e-05 1.770717363506787002e-05 2.161345591748978061e-05
2.134454778152802646e+03 2.500614447995546275e-05 2.500626856298003562e-05 1.814701804580624088e-05 2.271981036291391195e-05
2.134554778142802661e+03 2.694977468017962301e-05 2.694943140963860923e-05 1.860817366108835999e-05 2.416912658363553300e-05
2.134654778132802676e+03 2.975007551931797004e-05 2.974910259477771114e-05 1.908606457139279503e-05 2.619508089516282427e-05
2.134754778122802691e+03 3.399935912872696441e-05 3.399854417683580382e-05 1.958202528192460465e-05 2.919330952916245311e-05
2.134854778112802705e+03 4.020003928297994646e-05 4.020063089109885855e-05 2.010173226439625758e-05 3.350080081282502312e-05
2.134954778102802720e+03 4.654863954000704141e-05 4.654930361066693953e-05 2.064337755656845980e-05 3.791377356908081584e-05
2.135054778092802735e+03 4.766613056249674815e-05 4.766645958172883448e-05 2.121101781789728447e-05 3.884786932070761220e-05
2.135154778082802750e+03 4.317341479861197068e-05 4.317328270723477351e-05 2.180326661995520693e-05 3.604998804193398145e-05
2.135254778072802765e+03 3.848233813419778097e-05 3.848244811764652771e-05 2.242141663578551427e-05 3.312873429587659749e-05
2.135354778062802779e+03 3.570054668910984839e-05 3.570013870089976495e-05 2.307135865110098149e-05 3.149068134703686720e-05
2.135454778052802794e+03 3.436606667056562990e-05 3.436579041706243646e-05 2.375737857562647113e-05 3.082974522108484583e-05
2.135554778042802809e+03 3.391064097129943279e-05 3.391012603285844455e-05 2.447186977422726074e-05 3.076421225946170818e-05
2.135654778032802824e+03 3.404814992161460911e-05 3.404819129093323118e-05 2.523045443317986519e-05 3.110893188190922500e-05
2.135754778022802839e+03 3.455635182557851003e-05 3.455682453325373212e-05 2.602594132610903634e-05 3.171303922831375950e-05
2.135854778012802853e+03 3.537771733541310559e-05 3.537761308760640236e-05 2.688430679070865032e-05 3.254654573790938157e-05
2.135954778002802868e+03 3.647418890372986096e-05 3.647460141665262765e-05 2.782177020745868717e-05 3.359018684261372300e-05
2.136054777992802883e+03 3.790948547409786511e-05 3.790897928610492234e-05 2.889278979399501244e-05 3.490375151806592540e-05
2.136154777982802898e+03 4.017554090145305015e-05 4.017583760463545894e-05 3.032371099175495331e-05 3.689169649928115865e-05
2.136254777972802913e+03 4.141323225214396751e-05 4.141304327476093609e-05 3.127058712506553564e-05 3.803228755065680630e-05
2.136354777962802928e+03 4.186524134134070394e-05 4.186411950590472890e-05 3.189960546467699175e-05 3.854298877064080142e-05
2.136454777952802942e+03 4.314099323966939542e-05 4.314054849212701245e-05 3.294057296151484170e-05 3.974070489777041878e-05
2.136554777942802957e+03 4.476995950568274997e-05 4.476889634511334895e-05 3.416617997225998631e-05 4.123501194101869056e-05
2.136654777932802972e+03 4.692649244388450249e-05 4.692624083749055274e-05 3.579827376158889029e-05 4.321700234765464625e-05
2.136754777922802987e+03 4.863787048425317634e-05 4.863717329629898450e-05 3.694430188385847109e-05 4.473978188813687731e-05
2.136854777912803002e+03 5.019559488052839207e-05 5.019643046725901831e-05 3.787954082023847437e-05 4.609052205600863277e-05
2.136954777902803016e+03 5.224589146877196952e-05 5.224607411115821733e-05 3.920045311817398114e-05 4.789747289936805374e-05
2.137054777892803031e+03 5.453336611398927830e-05 5.453229315685484917e-05 4.066813215279298552e-05 4.991126380787903541e-05
2.137154777882803046e+03 5.704794017929643349e-05 5.704900945895074858e-05 4.228606613075176171e-05 5.212767192299965922e-05
2.137254777872803061e+03 5.984405643873578356e-05 5.984411468576659191e-05 4.408012890546670259e-05 5.458943334332302602e-05
2.137354777862803076e+03 6.289951493988995873e-05 6.290064098357213917e-05 4.601409066319248585e-05 5.727141552888486125e-05
2.137454777852803090e+03 6.612617100524102438e-05 6.612703793968290197e-05 4.809646825906571319e-05 6.011655906799653974e-05
2.137554777842803105e+03 6.979385739973182072e-05 6.979407470743910404e-05 5.046661999574203684e-05 6.335151736763766064e-05
2.137654777832803120e+03 7.372805975391317156e-05 7.372699297113613417e-05 5.307248861156090263e-05 6.684251377887005590e-05
2.137754777822803135e+03 7.814711417604376436e-05 7.814442078169070286e-05 5.599811649606237105e-05 7.076321715126562405e-05
2.137854777812803150e+03 8.303071188393714396e-05 8.303025899098869910e-05 5.918702725128113448e-05 7.508266604206898800e-05
2.137954777802803164e+03 8.842423616515341137e-05 8.842417102781752441e-05 6.264305362541262596e-05 7.983048693946119176e-05
2.138054777792803179e+03 9.435935260441576729e-05 9.435893425304552474e-05 6.632164960433652656e-05 8.501331215393260620e-05
2.138154777782803194e+03 1.008916851383116515e-04 1.008914073652608884e-04 7.019055988268068085e-05 9.065788412875106905e-05
2.138254777772803209e+03 1.080413578570448506e-04 1.080414934180340424e-04 7.421204860358742296e-05 9.676496662622209631e-05
2.138354777762803224e+03 1.151026715774787783e-04 1.151027900278537073e-04 7.774112535555770752e-05 1.026488623202967220e-04
2.138454777752803238e+03 1.254151570340667171e-04 1.254166118946650570e-04 8.328805294278931895e-05 1.113732739571736977e-04
2.138554777742803253e+03 1.380431333909934747e-04 1.380439438852349115e-04 9.001179004104921258e-05 1.220329557724258708e-04
2.138654777732803268e+03 1.513678935404154488e-04 1.513697234877828062e-04 9.642406401887869622e-05 1.330538936823589657e-04
2.138754777722803283e+03 1.663449706507962489e-04 1.663444769326155712e-04 1.030875842335678258e-04 1.452590106056598639e-04
2.138854777712803298e+03 1.831159325400609299e-04 1.831148964022102270e-04 1.100193762279333610e-04 1.587500683900681681e-04
2.138954777702803312e+03 2.011104936623169751e-04 2.011106635151813332e-04 1.164952501732671546e-04 1.729054691169217939e-04
2.139054777692803327e+03 2.292180484150225064e-04 2.292180479788717435e-04 1.258957906965987720e-04 1.947772956968309892e-04
2.139154777682803342e+03 2.645752414791706104e-04 2.645750854527024435e-04 1.372102688507391660e-04 2.221201985942040642e-04
2.139254777672803357e+03 3.046906410676164024e-04 3.046915513133047963e-04 1.484825676319439093e-04 2.526215866709550541e-04
2.139354777662803372e+03 3.534449958422619643e-04 3.534442146909963305e-04 1.605812806094127673e-04 2.891568303808903992e-04
2.139454777652803386e+03 4.139723418967616885e-04 4.139726296321758511e-04 1.738119148652359836e-04 3.339189621313911564e-04
2.139554777642803401e+03 4.899756993367134546e-04 4.899767156898826147e-04 1.884353525583289200e-04 3.894625891949750145e-04
2.139654777632803416e+03 5.858928876738046538e-04 5.858938781744049218e-04 2.046690067289097352e-04 4.588185908590398064e-04
2.139754777622803431e+03 7.067291322456980239e-04 7.067297628240844058e-04 2.227834036840839883e-04 5.454140995846221574e-04
2.139854777612803446e+03 8.572630046159205285e-04 8.572654188241824336e-04 2.431432265695593917e-04 6.525572166698874422e-04
2.139954777602803460e+03 1.040910585669593694e-03 1.040913904148343732e-03 2.662112336310931801e-04 7.826785744830101841e-04
2.140054777592803475e+03 1.257627246175729635e-03 1.257628680520196619e-03 2.924863560362125068e-04 9.359140942440461993e-04
2.140154777582803490e+03 1.502967180936009683e-03 1.502973807212957180e-03 3.226807734111588949e-04 1.109540587186708550e-03
2.140254777572803505e+03 1.768202618093605346e-03 1.768212021027522297e-03 3.576184763610786520e-04 1.298011038494068783e-03
2.140354777562803520e+03 2.042861805748866482e-03 2.042869136598392428e-03 3.986289711270364720e-04 1.494786637824765127e-03
2.140454777552803534e+03 2.317307610809893770e-03 2.317316635769232653e-03 4.471412894416646128e-04 1.693921845340263643e-03
2.140554777542803549e+03 2.584871852214907454e-03 2.584883380854567994e-03 5.052529136262910291e-04 1.891669382231922231e-03
2.140654777532803564e+03 2.841078925404477793e-03 2.841088376554755553e-03 5.756023567388174507e-04 2.085923219566016788e-03
2.140754777522803579e+03 3.082657017868620144e-03 3.082661901679607710e-03 6.619577377275692644e-04 2.275758885758598967e-03
2.140854777512803594e+03 3.306870352512278864e-03 3.306871390406118747e-03 7.693849912460409965e-04 2.461042244721479717e-03
2.140954777502803609e+03 3.512536230104042721e-03 3.512536045433993503e-03 9.050366974809124490e-04 2.643369657672982494e-03
2.141054777492803623e+03 3.701939288201176476e-03 3.701931330392399522e-03 1.078927405371602529e-03 2.827599341321726609e-03
2.141154777482803638e+03 3.882428026840054319e-03 3.882415725647333626e-03 1.305854099686574923e-03 3.023565950724654144e-03
2.141254777472803653e+03 4.066019320139977605e-03 4.066004093912516451e-03 1.607289691361456392e-03 3.246437701804650005e-03
2.141354777462803668e+03 4.268157781947612417e-03 4.268138387051412068e-03 2.015263475600635040e-03 3.517186548199886364e-03
2.141454777452803683e+03 4.504763344147654988e-03 4.504746569382146910e-03 2.577432854988929208e-03 3.862314256172910513e-03
2.141554777442803697e+03 4.788518172034323707e-03 4.788498561605502961e-03 3.362614654624808234e-03 4.313210462754878301e-03
2.141654777432803712e+03 5.123844629152935273e-03 5.123829378943053903e-03 4.460424551333045350e-03 4.902699519809677886e-03
2.141754777422803727e+03 5.500389137510126175e-03 5.500367991959284608e-03 5.952593775216608735e-03 5.651116968228672884e-03
2.141854777412803742e+03 5.883498266636986822e-03 5.883483233681719923e-03 7.799281839258425698e-03 6.522087779859043859e-03
2.141954777402803757e+03 6.207937394251667948e-03 6.207923918411964274e-03 9.612085014804790453e-03 7.342648775822809004e-03
2.142054777392803771e+03 6.383232883439193296e-03 6.383235286832676658e-03 1.059555181682692027e-02 7.787339995699596451e-03
2.142154777382803786e+03 6.324041166979180346e-03 6.324045667325297812e-03 1.018598266482844371e-02 7.611356499710973667e-03
2.142254777372803801e+03 5.996664199692514768e-03 5.996680659483954318e-03 8.728750633931803282e-03 6.907365164369423834e-03
2.142354777362803816e+03 5.446224836109390434e-03 5.446247342852778700e-03 7.007693512095765700e-03 5.966721897019312479e-03
2.142454777352803831e+03 4.773694704241503856e-03 4.773719389984852624e-03 5.508749832432291785e-03 5.018721308886216377e-03
2.142554777342803845e+03 4.084687945862121305e-03 4.084711951379877207e-03 4.351318134392812703e-03 4.173572677211604895e-03
2.142654777332803860e+03 3.451715832307011671e-03 3.451734941935286852e-03 3.493419689701836653e-03 3.465623487981378537e-03
2.142754777322803875e+03 2.908254349656572667e-03 2.908271112018303954e-03 2.861437641250410939e-03 2.892654367641762665e-03
2.142854777312803890e+03 2.459795137941291933e-03 2.459814005285717448e-03 2.391871357020450804e-03 2.437160166749153395e-03
2.142954777302803905e+03 2.097545494841978296e-03 2.097560346048410462e-03 2.038113434690982245e-03 2.077739758527123379e-03
2.143054777292803919e+03 1.807987820671996771e-03 1.808001750196511302e-03 1.767843643207433341e-03 1.794611071358647066e-03
2.143154777282803934e+03 1.577287194256001392e-03 1.577297829743953741e-03 1.558632543484906284e-03 1.571072522494953950e-03
2.143254777272803949e+03 1.393538817816428015e-03 1.393547978255957982e-03 1.395105630782818556e-03 1.394064142285068040e-03
2.143354777262803964e+03 1.247045241145048385e-03 1.247054162951466601e-03 1.266529584965778252e-03 1.253542996354097818e-03
2.143454777252803979e+03 1.130205324351861353e-03 1.130213445273485539e-03 1.165442054339594496e-03 1.141953607988313796e-03
2.143554777242803993e+03 1.037094164891491210e-03 1.037100982026824226e-03 1.086751878484362244e-03 1.053649008467559371e-03
2.143654777232804008e+03 9.626049711794100461e-04 9.626107785768746577e-04 1.026895505577104161e-03 9.840370851111296217e-04
2.143754777222804023e+03 9.022358642339694743e-04 9.022405225253400619e-04 9.838090201570539629e-04 9.294284689721211664e-04
2.143854777212804038e+03 8.518228786964954658e-04 8.518272333948133379e-04 9.566480432378524730e-04 8.867660517763870922e-04
2.143954777202804053e+03 8.077334328133233075e-04 8.077360539209981795e-04 9.457442043029070473e-04 8.537378970124095837e-04
2.144054777192804067e+03 7.675364792613956298e-04 7.675382330453330406e-04 9.527650224320886874e-04 8.292799115796058943e-04
2.144154777182804082e+03 7.310565097408527196e-04 7.310573073773380098e-04 9.813683367928377997e-04 8.144940513036760680e-04
2.144254777172804097e+03 7.002465147023694469e-04 7.002474780677613551e-04 1.037761365754456561e-03 8.127517861748625267e-04
2.144354777162804112e+03 6.778686233757863023e-04 6.778690149417401171e-04 1.131639467175426421e-03 8.291257018309842802e-04
2.144454777152804127e+03 6.663591288469114873e-04 6.663602678959809622e-04 1.277488022505488593e-03 8.700691397494603836e-04
2.144554777142804141e+03 6.668906555946455808e-04 6.668916763679698465e-04 1.493433906574077917e-03 9.424054128455644844e-04
2.144654777132804156e+03 6.795168246129640842e-04 6.795175550611514802e-04 1.793497572850181370e-03 1.050843984174765645e-03
2.144754777122804171e+03 7.036673883507486372e-04 7.036679894744083839e-04 2.163405626760112749e-03 1.190247001528423401e-03
2.144854777112804186e+03 7.377947166971634803e-04 7.377962070819075926e-04 2.522597931460916331e-03 1.332729618413329171e-03
2.144954777102804201e+03 7.789991355099568256e-04 7.790003718171989531e-04 2.732257740324730427e-03 1.430085749217295402e-03
2.145054777092804215e+03 8.228086082987245021e-04 8.228093801420082332e-04 2.707491601901640746e-03 1.451036530114124638e-03
2.145154777082804230e+03 8.630902378217977962e-04 8.630908165373402975e-04 2.501800200883190928e-03 1.409327085080776341e-03
2.145254777072804245e+03 8.931671172354488288e-04 8.931673701148330367e-04 2.231285887755532233e-03 1.339206791701938069e-03
2.145354777062804260e+03 9.077106231261755989e-04 9.077102310348154597e-04 1.975144619560699911e-03 1.263521824573897098e-03
2.145454777052804275e+03 9.042838717007150575e-04 9.042829361264758834e-04 1.760882448759276339e-03 1.189816418862155905e-03
2.145554777042804290e+03 8.841824862035638048e-04 8.841818773640551564e-04 1.588560248933542762e-03 1.118974870833720466e-03
2.145654777032804304e+03 8.513802148057349369e-04 8.513800279134140902e-04 1.449342431726268398e-03 1.050700891481805808e-03
2.145754777022804319e+03 8.113303048270159232e-04 8.113298852438343561e-04 1.333539016615557359e-03 9.853997355621358072e-04
2.145854777012804334e+03 7.700081215216454797e-04 7.700070499008157543e-04 1.233176952427403762e-03 9.243973746166215567e-04
2.145954777002804349e+03 7.339929690109294825e-04 7.339916431884281091e-04 1.142255779862700032e-03 8.700801306873526134e-04
2.146054776992804364e+03 7.101413965149281672e-04 7.101409512588624257e-04 1.055502161799832042e-03 8.252615031912075450e-04
2.146154776982804378e+03 7.016747511454796962e-04 7.016745674277125684e-04 9.657055936769036149e-04 7.896849707500319237e-04
2.146254776972804393e+03 6.978903003823401507e-04 6.978895941279124890e-04 8.573655759346813631e-04 7.510484901483114066e-04
2.146354776962804408e+03 6.636363130799874995e-04 6.636353276683340735e-04 7.158141709008889820e-04 6.810286038830701489e-04
2.146454776952804423e+03 5.612824599424416335e-04 5.612812614688335181e-04 5.581246118147174980e-04 5.602294444086642526e-04
2.146554776942804438e+03 4.213557968305455502e-04 4.213551879727974229e-04 4.230320760591839598e-04 4.219143536208422567e-04
2.146654776932804452e+03 3.079567975207294869e-04 3.079564429130514131e-04 3.271614510930488944e-04 3.143582305089432467e-04
2.146754776922804467e+03 2.334382013349048943e-04 2.334379864406716811e-04 2.627349552914722106e-04 2.432037143556828925e-04
2.146854776912804482e+03 1.853936004795081634e-04 1.853934677370108037e-04 2.184499092550289980e-04 1.964123258238492946e-04
2.146954776902804497e+03 1.531460506142664406e-04 1.531459688427118794e-04 1.866194260668494278e-04 1.643038151746092131e-04
2.147054776892804512e+03 1.304057330838622733e-04 1.304056842928530630e-04 1.627434835353873453e-04 1.411849669707008939e-04
2.147154776882804526e+03 1.136365678870210528e-04 1.136365411463441193e-04 1.441857897953816177e-04 1.238196329429155831e-04
2.147254776872804541e+03 1.007973341241614345e-04 1.007973225136954415e-04 1.293410587736005363e-04 1.103119051371524663e-04
2.147354776862804556e+03 9.065785701285008667e-05 9.065785597852328765e-05 1.171872348200918258e-04 9.950098260382174691e-05
2.147454776852804571e+03 8.244350925158501681e-05 8.244351571935244630e-05 1.070459310980536276e-04 9.064431868966371045e-05
2.147554776842804586e+03 7.564652362990133445e-05 7.564653545873514535e-05 9.845006599996504958e-05 8.324770836286718098e-05
2.147654776832804600e+03 6.992201471494233060e-05 6.992203038482287130e-05 9.106769901911952530e-05 7.697058137296157573e-05
2.147754776822804615e+03 6.502832393812640595e-05 6.502834234704096253e-05 8.465640688308460871e-05 7.157102438941732121e-05
2.147854776812804630e+03 6.079145212327102669e-05 6.079147246421055106e-05 7.903492246445835119e-05 6.687261568397997406e-05
2.147954776802804645e+03 5.708309147384758918e-05 5.708311314580580319e-05 7.406490624065825495e-05 6.274370362010389147e-05
2.148054776792804660e+03 5.380661863632472979e-05 5.380664118729704300e-05 6.963887705318889054e-05 5.908404562560354767e-05
2.148154776782804674e+03 5.088790511486119617e-05 5.088792820284422576e-05 6.567200687746385321e-05 5.581594673172309397e-05
2.148254776772804689e+03 4.826913188769149079e-05 4.826915525268270701e-05 6.209640967087653714e-05 5.287823227041690035e-05
2.148354776762804704e+03 4.590452928900691656e-05 4.590455273300441264e-05 5.885708173315313239e-05 5.022205458505482731e-05
2.148454776752804719e+03 4.375738151670074695e-05 4.375740488770307138e-05 5.590896114062435859e-05 4.780791584834273242e-05
2.148554776742804734e+03 4.179788055775257496e-05 4.179790373875865339e-05 5.321476134501523965e-05 4.560351521384215374e-05
2.148654776732804748e+03 4.000156236056527236e-05 4.000158526357419560e-05 5.074335051794694152e-05 4.358216604736213649e-05
2.148754776722804763e+03 3.834814953766869195e-05 3.834817209567979474e-05 4.846852218716380718e-05 4.172161460683743129e-05
2.148854776712804778e+03 3.682068273898127958e-05 3.682070490199403762e-05 4.636805085595281813e-05 4.000314616564271629e-05
2.148954776702804793e+03 3.540486020847111306e-05 3.540488193848514824e-05 4.442295809475762646e-05 3.841090008057129366e-05
2.149054776692804808e+03 3.408852960858067377e-05 3.408855088059555791e-05 4.261693614848579078e-05 3.693133887922066738e-05
2.149154776682804822e+03 3.286129270277238896e-05 3.286131349778793979e-05 4.093589080486861089e-05 3.555283233514298214e-05
2.149254776672804837e+03 3.171419467596617894e-05 3.171421498198216898e-05 3.936757559671348529e-05 3.426532841822060881e-05
2.149354776662804852e+03 3.063947768059310838e-05 3.063949749160934597e-05 3.790129662677705046e-05 3.306009059965983268e-05
2.149454776652804867e+03 2.963038359307975427e-05 2.963040290809606969e-05 3.652767255007099815e-05 3.192948635041560737e-05
2.149554776642804882e+03 2.868099487171973157e-05 2.868101368973613466e-05 3.523843799558994859e-05 3.086681551901527274e-05
2.149654776632804897e+03 2.778610515974823375e-05 2.778612348476454960e-05 3.402628148623977616e-05 2.986617004358418877e-05
2.149754776622804911e+03 2.694111333863336482e-05 2.694113117664953099e-05 3.288471096100947138e-05 2.892231849209745686e-05
2.149854776612804926e+03 2.614193617851349774e-05 2.614195353652948260e-05 3.180794154730229848e-05 2.803061042078176300e-05
2.149954776602804941e+03 2.538493587672895397e-05 2.538495276174475298e-05 3.079080138536911099e-05 2.718689667461427265e-05
2.150054776592804956e+03 2.466685958447902935e-05 2.466687600749450715e-05 2.982865218489219139e-05 2.638746259228857483e-05
2.150154776582804971e+03 2.398478866850999120e-05 2.398480463752524522e-05 2.891732188859765277e-05 2.562897173154429640e-05
2.150254776572804985e+03 2.333609588787755501e-05 2.333611141389248375e-05 2.805304733295746310e-05 2.490841821157583282e-05
2.150354776562805000e+03 2.271840910275032489e-05 2.271842419676492510e-05 2.723242520794130856e-05 2.422308616915218167e-05
2.150454776552805015e+03 2.212958035123458941e-05 2.212959502324889481e-05 2.645236994079127785e-05 2.357051510509158962e-05
2.150554776542805030e+03 2.156765938325552520e-05 2.156767364526946171e-05 2.571007738386857250e-05 2.294847013746451980e-05
2.150654776532805045e+03 2.103087092943137736e-05 2.103088479044505291e-05 2.500299339848915234e-05 2.235491637278852979e-05
2.150754776522805059e+03 2.051759507398166809e-05 2.051760854599497471e-05 2.432878656780221218e-05 2.178799672925961720e-05
2.150854776512805074e+03 2.002635026464875124e-05 2.002636335866171281e-05 2.368532442068628654e-05 2.124601268133224794e-05
2.150954776502805089e+03 1.955577853962103122e-05 1.955579126663365466e-05 2.307065265064628954e-05 2.072740748563365847e-05
2.151054776492805104e+03 1.910463263748908246e-05 1.910464500750139809e-05 2.248297689975337809e-05 2.023075151491461729e-05
2.151154776482805119e+03 1.867176471918708769e-05 1.867177674219909194e-05 2.192064672856629988e-05 1.975472939665082650e-05
2.151254776472805133e+03 1.825611646195318555e-05 1.825612814696491519e-05 2.138214149707615407e-05 1.929812870199808155e-05
2.151354776462805148e+03 1.785671033529513462e-05 1.785672169330651527e-05 2.086605786665940779e-05 1.885982996508702036e-05
2.151454776452805163e+03 1.747264189795168053e-05 1.747265293796277944e-05 2.037109873002481883e-05 1.843879785531309632e-05
