651.86588132    2.957046744e-05    2.9570458245e-05    2.9278177548e-05    2.9473034411e-05
651.9658813    2.6698867482320563e-05    2.6698858612320498e-05    2.640117474140113e-05    2.6599633612014066e-05
652.06588128    2.468272908845609e-05    2.4682720129456126e-05    2.4380514931264658e-05    2.4581988049725628e-05
652.16588126    2.3488161134741285e-05    2.348815170574157e-05    2.3182298278930505e-05    2.338620370647112e-05
652.26588124    2.2787462474558453e-05    2.2787453454558123e-05    2.247848383005108e-05    2.268446658638922e-05
652.36588122    2.2360399618062578e-05    2.2360389991063182e-05    2.2048585514898034e-05    2.2256458374674597e-05
652.4658812    2.212253282343994e-05    2.2122523643439403e-05    2.1808036992658013e-05    2.2017697819845784e-05
652.56588118    2.1994848850757408e-05    2.1994839400757784e-05    2.1677783730354417e-05    2.188915732728987e-05
652.66588116    2.1923571821043153e-05    2.192356201804372e-05    2.1603998531056227e-05    2.1817044123381033e-05
652.76588114    2.1902674811614463e-05    2.190266481661481e-05    2.1580630104063012e-05    2.1795323244097427e-05
652.86588112    2.1921343425662636e-05    2.1921333770661953e-05    2.159684806556394e-05    2.1813175087296172e-05
652.9658811    2.19741146759031e-05    2.1974104348904585e-05    2.1647176780276684e-05    2.1865131935028127e-05
653.06588108    2.206736393720155e-05    2.2067353434201973e-05    2.1737985678058422e-05    2.195756768315398e-05
653.1658810600001    2.2166201680021805e-05    2.2166191239021642e-05    2.183436999640071e-05    2.2055587638481385e-05
653.2658810400001    2.2280460865074243e-05    2.2280449826075917e-05    2.1946182795924122e-05    2.216903116235809e-05
653.3658810200001    2.2421574307659505e-05    2.242156383365781e-05    2.2084847505005706e-05    2.2309328548774344e-05
653.4658810000001    2.254306017224545e-05    2.2543049436246286e-05    2.220388187609023e-05    2.242999716152732e-05
653.5658809800001    2.26893696235476e-05    2.2689359259546336e-05    2.234773016291556e-05    2.257548634866983e-05
653.6658809600001    2.2847444021931998e-05    2.2847432971934466e-05    2.2503333817826674e-05    2.2732736937231045e-05
653.7658809400001    2.3015103176895212e-05    2.3015092658893188e-05    2.2668503066356852e-05    2.289956630071508e-05
653.8658809200001    2.3189058897177125e-05    2.31890483101774e-05    2.2839981241087304e-05    2.3072696149480606e-05
653.9658809000001    2.3355979100935326e-05    2.335596769793875e-05    2.3004417408368278e-05    2.3238788069080784e-05
654.0658808800001    2.3547223039526254e-05    2.3547210957529243e-05    2.3193171307482427e-05    2.3429201768179305e-05
654.1658808600001    2.374783885616705e-05    2.3747826984166085e-05    2.3391334681448286e-05    2.3629000173927137e-05
654.2658808400001    2.3953345461568375e-05    2.3953334220565346e-05    2.3594363076463783e-05    2.38336809195325e-05
654.3658808200001    2.4147257712439162e-05    2.4147245309444972e-05    2.3785817859726497e-05    2.402677362720354e-05
654.4658808000001    2.434790978760914e-05    2.4347897818606884e-05    2.398407282207412e-05    2.4226626809430052e-05
654.5658807800002    2.4570325410955093e-05    2.4570312770958716e-05    2.4204092570892816e-05    2.4448243584268875e-05
654.6658807600002    2.4784503964600373e-05    2.4784494502582578e-05    2.4415929947710965e-05    2.466164280496464e-05
654.7658807400002    2.5003470143996238e-05    2.500346057799684e-05    2.463265496399498e-05    2.487986189532935e-05
654.8658807200002    2.5230437278197112e-05    2.5230425889208053e-05    2.4857437417305193e-05    2.510610019490345e-05
654.9658807000002    2.546781991522742e-05    2.5467807882231414e-05    2.509275569702643e-05    2.5342794498161754e-05
655.0658806800002    2.5729152792468755e-05    2.572914004647332e-05    2.5352217023446672e-05    2.5603503287462912e-05
655.1658806600002    2.5979514131615692e-05    2.597950185861257e-05    2.56008779508384e-05    2.585329798035555e-05
655.2658806400002    2.622027605681963e-05    2.6220263719820067e-05    2.584021280752368e-05    2.609358419472112e-05
655.3658806200002    2.6484285765931195e-05    2.648427368392941e-05    2.6103186871180694e-05    2.6357248773680433e-05
655.4658806000002    2.6759046145724946e-05    2.675903329073051e-05    2.637739629969177e-05    2.6631825245382405e-05
655.5658805800002    2.7030008064882164e-05    2.702999729186676e-05    2.6648523562658583e-05    2.6902842973135832e-05
655.6658805600002    2.733006642355496e-05    2.7330055141558828e-05    2.6949703502030894e-05    2.7203275022381564e-05
655.7658805400002    2.7646095982968914e-05    2.7646084329971807e-05    2.7268263374232397e-05    2.7520147895724375e-05
655.8658805200002    2.7964345958000425e-05    2.796433479199653e-05    2.75911899235877e-05    2.7839956891194888e-05
655.9658805000003    2.8307833874397757e-05    2.830782006541943e-05    2.794257523563891e-05    2.81860763918187e-05
656.0658804800003    2.869579853609407e-05    2.869578593908389e-05    2.834379579874414e-05    2.8578460091307365e-05
656.1658804600003    2.9158892429387345e-05    2.9158879045394114e-05    2.8829612790968025e-05    2.904912808858316e-05
656.2658804400003    2.976931272829113e-05    2.976929979528716e-05    2.9481450815813788e-05    2.9673354446464026e-05
656.3658804200003    3.0731036422460176e-05    3.07310224304697e-05    3.052783520651059e-05    3.0663298019813486e-05
656.4658804000003    3.262227246355352e-05    3.262225559657997e-05    3.262044993786013e-05    3.262165933266454e-05
656.5658803800003    3.614985487658697e-05    3.614983875457996e-05    3.648204171588776e-05    3.626057844901823e-05
656.6658803600003    4.0067519939382924e-05    4.0067508759335476e-05    4.1145121750362586e-05    4.042671681636033e-05
656.7658803400003    4.131911669260469e-05    4.1319111062550306e-05    4.301301377492419e-05    4.188374717669307e-05
656.8658803200003    3.950338110965382e-05    3.9503371232696294e-05    4.1047882756683e-05    4.001821169967771e-05
656.9658803000003    3.562250358715657e-05    3.562249013019309e-05    3.660756981243901e-05    3.595085450992955e-05
657.0658802800003    3.353219920197349e-05    3.3532189723932105e-05    3.3675395925445395e-05    3.357992828378366e-05
657.1658802600003    3.2930408659815146e-05    3.293039534785579e-05    3.2765942683980615e-05    3.2875582230550515e-05
657.2658802400003    3.2858339526285867e-05    3.2858328834257576e-05    3.2565278324093594e-05    3.276064889487901e-05
657.3658802200003    3.299349748823801e-05    3.299348425026602e-05    3.263390647005852e-05    3.2873629402854185e-05
657.4658802000004    3.321759477209977e-05    3.321758067610938e-05    3.281794757572565e-05    3.30843743413116e-05
657.5658801800004    3.3528101271215245e-05    3.352808306626209e-05    3.310148812862532e-05    3.338589082203422e-05
657.6658801600004    3.384506959216693e-05    3.3845052874149685e-05    3.339868580750541e-05    3.369626942460734e-05
657.7658801400004    3.418454883814247e-05    3.418453296213253e-05    3.372259279989446e-05    3.403055820005648e-05
657.8658801200004    3.4545866513185426e-05    3.454584815021527e-05    3.407094015082892e-05    3.4387551604743206e-05
657.9658801000004    3.492874800384324e-05    3.492873214181273e-05    3.444256248220472e-05    3.4766680875953565e-05
658.0658800800004    3.534200150265257e-05    3.534198500866041e-05    3.4845671289446565e-05    3.5176552600253185e-05
658.1658800600004    3.573954669493348e-05    3.573953051292955e-05    3.5233815968379825e-05    3.557096439208095e-05
658.2658800400004    3.616467866430722e-05    3.616466548226882e-05    3.565003572638343e-05    3.599312662431982e-05
658.3658800200004    3.660063942950906e-05    3.660062095557786e-05    3.607737908053534e-05    3.642621315520742e-05
658.4658800000004    3.7019593538809375e-05    3.7019576128795325e-05    3.6487880140389584e-05    3.684234993599809e-05
658.5658799800004    3.748169321485739e-05    3.748167506986724e-05    3.694163235171338e-05    3.730166687881267e-05
658.6658799600004    3.794309869688615e-05    3.794308439083395e-05    3.739469439135696e-05    3.776029249302568e-05
658.7658799400004    3.840455694087724e-05    3.840454358586411e-05    3.7847748884848996e-05    3.8218949803863454e-05
658.8658799200005    3.89089541494318e-05    3.890893919545419e-05    3.8343609269947335e-05    3.872050087161111e-05
658.9658799000005    3.9398137927594264e-05    3.9398119346645764e-05    3.882404514381453e-05    3.920676747268485e-05
659.0658798800005    3.990093640769991e-05    3.9900919016682776e-05    3.931794554783223e-05    3.9706600324071645e-05
659.1658798600005    4.043402099795937e-05    4.043399693905672e-05    3.984188309850619e-05    4.0236633678507425e-05
659.2658798400005    4.09661631772972e-05    4.0966150173133586e-05    4.036460139677068e-05    4.076563824906715e-05
659.3658798200005    4.1496476236305664e-05    4.149645108248791e-05    4.088512025521873e-05    4.129268252467077e-05
659.4658798000005    4.205909041125827e-05    4.205907221415253e-05    4.143757906061995e-05    4.185191389534358e-05
659.5658797800005    4.2637451968229354e-05    4.263743121026879e-05    4.2005380626853287e-05    4.2426754601783806e-05
659.6658797600005    4.320126814347204e-05    4.320124373752895e-05    4.2558152906756906e-05    4.2986888262585974e-05
659.7658797400005    4.380049071227618e-05    4.380047296517097e-05    4.3145850544370185e-05    4.358227140727245e-05
659.8658797200005    4.4434691931773104e-05    4.443467447576845e-05    4.376793250668134e-05    4.421243297140763e-05
659.9658797000005    4.5056340321300644e-05    4.5056314378438135e-05    4.4376797982384e-05    4.482981756070759e-05
660.0658796800005    4.569377908500129e-05    4.5693760940873386e-05    4.5000761092002175e-05    4.5462767039292284e-05
660.1658796600005    4.635415500875455e-05    4.635413353080989e-05    4.564688629231674e-05    4.611839161062706e-05
660.2658796400005    4.703786347569305e-05    4.703783549280234e-05    4.631546974679347e-05    4.6797056238429616e-05
660.3658796200006    4.774352895468231e-05    4.774351207749351e-05    4.7005046169196506e-05    4.749736240045744e-05
660.4658796000006    4.845635223243913e-05    4.845633278448335e-05    4.770069722380164e-05    4.820446074690804e-05
660.5658795800006    4.91912898750799e-05    4.919126019225799e-05    4.841725162994854e-05    4.893326723242882e-05
660.6658795600006    4.993963129818823e-05    4.993961025003625e-05    4.914585155563896e-05    4.9675031034621156e-05
660.7658795400006    5.073506531126203e-05    5.073504393226792e-05    4.992001508887699e-05    5.0463374777468975e-05
660.8658795200006    5.156317504101653e-05    5.156315076506868e-05    5.072512757096749e-05    5.1283817792350904e-05
660.9658795000006    5.240686887576911e-05    5.240684115683178e-05    5.1543821207773316e-05    5.2119177080124734e-05
661.0658794800006    5.3274471439106725e-05    5.327444976999541e-05    5.238420731889013e-05    5.2977709509330754e-05
661.1658794600006    5.4235193018548666e-05    5.423518015538487e-05    5.3315160710237775e-05    5.392851129472377e-05
661.2658794400006    5.516530678987452e-05    5.516528458305019e-05    5.421255356602867e-05    5.484771497965113e-05
661.3658794200006    5.600425675898544e-05    5.6004234472986946e-05    5.501540544785021e-05    5.5674632226607536e-05
661.4658794000006    5.691151548860976e-05    5.6911483959787235e-05    5.5882653539815335e-05    5.6568550996070775e-05
661.5658793800006    5.802897192426946e-05    5.8028944403191704e-05    5.6955524374231725e-05    5.7671146900564294e-05
661.6658793600006    5.9057243545912327e-05    5.905724636931756e-05    5.79338271163043e-05    5.868277234384473e-05
661.7658793400007    6.015469350546732e-05    6.015465036337747e-05    5.897500441466829e-05    5.976144942783769e-05
661.8658793200007    6.148170236973562e-05    6.148165362384768e-05    6.023824357113256e-05    6.106719985490529e-05
661.9658793000007    6.275294117800201e-05    6.275290689670981e-05    6.143675768604424e-05    6.231420192025202e-05
662.0658792800007    6.422869109262111e-05    6.422867799018907e-05    6.282890850304698e-05    6.376209252861905e-05
662.1658792600007    6.560349246613726e-05    6.56034665374015e-05    6.410694850042692e-05    6.510463583465522e-05
662.2658792400007    6.690720956371901e-05    6.690718150076341e-05    6.529778564262863e-05    6.637072556903701e-05
662.3658792200007    6.85173819632506e-05    6.851734880235765e-05    6.677500233432884e-05    6.793657769997904e-05
662.4658792000007    7.046069558860829e-05    7.046064677794007e-05    6.856022734509767e-05    6.982718990388203e-05
662.5658791800007    7.241107229494039e-05    7.241104778742028e-05    7.032067541642712e-05    7.17142651662626e-05
662.6658791600007    7.441717575014446e-05    7.441714614025469e-05    7.209571539013412e-05    7.364334576017774e-05
662.7658791400007    7.698377073397404e-05    7.698379186286791e-05    7.437744336809915e-05    7.61150019883137e-05
662.8658791200007    7.970803421213648e-05    7.97080067242061e-05    7.674518078374309e-05    7.872040724002854e-05
662.9658791000007    8.264025096369523e-05    8.264019757327025e-05    7.922352459672066e-05    8.150132437789538e-05
663.0658790800007    8.611658790879145e-05    8.611651943712927e-05    8.211045210862853e-05    8.478118648484977e-05
663.1658790600007    9.051912125928868e-05    9.051906314605457e-05    8.573001584649791e-05    8.892273341728037e-05
663.2658790400008    9.597576598397621e-05    9.597575592188062e-05    9.011822869736628e-05    9.402325020107438e-05
663.3658790200008    0.00010287618336966579    0.0001028761773295733    9.55130769509801e-05    0.00010042181255007308
663.4658790000008    0.00011178794954597911    0.00011178788563732169    0.00010221964704689465    0.0001085984940767318
663.5658789800008    0.0001241499168681275    0.00012414994962586543    0.00011119302006186691    0.00011983096218528662
663.6658789600008    0.00014246184406528187    0.00014246189016496705    0.00012397038986200655    0.00013629804136408515
663.7658789400008    0.000171140924672163    0.0001711410524302195    0.0001428658942536279    0.00016171595711867012
663.8658789200008    0.0002210042352286179    0.00022100414095394688    0.00017348391710086123    0.000205164097761142
663.9658789000008    0.00032029841528245534    0.00032029817844590524    0.00022881535548501707    0.0002898039830711259
664.0658788800008    0.00056022620703957    0.0005602263399905468    0.00034524797830827854    0.0004885668417794651
664.1658788600008    0.0012364341733240795    0.001236434869010236    0.0006480295553522118    0.0010402995325621757
664.2658788400008    0.00208152303439642    0.0020815238076944955    0.0014537994549026758    0.0018722820989978636
664.3658788200008    0.00145959472451509    0.0014595934925652225    0.00184090293917387    0.0015866970520847276
664.4658788000008    0.0006704743389863501    0.0006704741545099519    0.000952001071697943    0.0007643165217314149
664.5658787800008    0.0003674412751177097    0.0003674415115170198    0.0004552677247043821    0.0003967168371130372
664.6658787600009    0.00025080170287150475    0.0002508019226419307    0.0002823154302576858    0.0002613063519237071
664.7658787400009    0.00019623753666427615    0.00019623757366899158    0.00020914970954940334    0.00020054160662755701
664.8658787200009    0.000167198696772607    0.0001671986108758024    0.0001727699180897672    0.00016905574191272552
664.9658787000009    0.00015044624412583087    0.00015044621296439668    0.00015273793854665745    0.0001512101318789617
665.0658786800009    0.0001403349639831686    0.00014033490249396928    0.00014103364299760353    0.00014056783649158045
665.1658786600009    0.00013412211074913895    0.0001341220308296292    0.00013400435488575881    0.00013408283215484232
665.2658786400009    0.0001302337386866984    0.00013023367208634138    0.0001296859305318226    0.00013005111376828744
665.3658786200009    0.00012815795006497317    0.00012815785109584717    0.00012738353558319589    0.00012789977891467208
665.4658786000009    0.00012725107660609632    0.00012725108854307954    0.00012636179373043415    0.00012695465295987002
665.5658785800009    0.0001270149510393398    0.00012701493615007497    0.00012607445803244978    0.0001267014484072882
665.6658785600009    0.00012740375548852588    0.00012740375303818254    0.00012644912193877678    0.00012708554348849505
665.7658785400009    0.00012828862708019287    0.0001282886080106549    0.00012734229481939987    0.0001279731766367492
665.8658785200009    0.00012945349696343    0.00012945353744176258    0.00012852868800076745    0.0001291452408019867
665.9658785000009    0.00013115432974609883    0.00013115437449597842    0.0001302589795453556    0.00013085589459581093
666.065878480001    0.0001331876425636571    0.00013318762099554055    0.00013232680187358304    0.00013290068847759354
666.165878460001    0.00013534585207511393    0.00013534590262305127    0.0001345225638011125    0.00013507143949975924
666.265878440001    0.0001377483998364337    0.00013774844463659928    0.0001369647017562346    0.0001374871820764225
666.365878420001    0.00014040793242335142    0.00014040787592628913    0.00013966514590691513    0.00014016031808551855
666.465878400001    0.00014328386873248793    0.0001432839097996389    0.00014258328658011955    0.00014305035503741546
666.565878380001    0.00014622519650491842    0.00014622523022513455    0.00014556810036642868    0.00014600617569882722
666.665878360001    0.00014936845198947315    0.00014936841921144153    0.00014875595200942605    0.0001491642744034469
666.765878340001    0.00015272498758506624    0.00015272498801407658    0.00015215820086281038    0.00015253605882065106
666.865878320001    0.00015615812526581589    0.00015615818452405098    0.0001556386427366889    0.00015598498417551858
666.965878300001    0.00015981988088478822    0.00015981993972480091    0.00015934906218513953    0.0001596629609315762
667.065878280001    0.00016375576955874802    0.00016375560254561415    0.00016333535877634592    0.00016361557696023608
667.165878260001    0.00016794773973548993    0.0001679476862620153    0.0001675807596205089    0.00016782539520600472
667.265878240001    0.00017225096404060655    0.00017225094207963608    0.00017193940283370256    0.00017214710298464841
667.365878220001    0.0001768258006898249    0.00017682581045884126    0.00017657233988871    0.00017674131701245872
667.465878200001    0.00018168990190978285    0.0001816898872105463    0.0001814984927237689    0.00018162609394803267
667.565878180001    0.0001866888859617889    0.00018668880605383648    0.00018656268895412366    0.000186646793656583
667.6658781600011    0.00019196702303061198    0.00019196687674270959    0.00019191050893862768    0.0001919481362373164
667.7658781400011    0.00019738270964105354    0.0001973824803136942    0.0001974002972046168    0.00019738849571978814
667.8658781200011    0.00020297318966448706    0.0002029729942134029    0.00020306978648618619    0.00020300532345469207
667.9658781000011    0.00020895494251718126    0.00020895427833227503    0.00020913655246975263    0.00020901525777306963
668.0658780800011    0.00021536137398120442    0.00021536095846314682    0.00021563383572760058    0.0002154520560573173
668.1658780600011    0.00022218137640751134    0.0002221794196477577    0.00022254887776921586    0.00022230322460816163
668.2658780400011    0.00022908987109131386    0.00022908994694464035    0.00022956535012963277    0.00022924838938852903
668.3658780200011    0.00023630235144785335    0.00023630237666952646    0.00023689257852116142    0.0002364991022128471
668.4658780000011    0.00024415759902511185    0.0002441570133653937    0.00024487328468987546    0.00024439596569346037
668.5658779800011    0.0002522468691281542    0.0002522459650887877    0.0002530955604457576    0.00025252946488756647
668.6658779600011    0.00026076427701464985    0.0002607663555844305    0.00026175381498219413    0.0002610948158604248
668.7658779400011    0.0002700137917856163    0.0002700130636804885    0.0002711629341009688    0.0002703965965223579
668.8658779200011    0.0002794437629208201    0.00027944433142673057    0.0002807635887375691    0.0002798838943617066
668.9658779000011    0.000289407242138437    0.0002894083601096462    0.000290914055993428    0.0002899098860805037
669.0658778800012    0.00030028577432746496    0.00030028547310628745    0.00030199282281937877    0.00030085469008437704
669.1658778600012    0.00031150713792045976    0.00031150778176775756    0.00031343617330968816    0.00031215036433263516
669.2658778400012    0.0003234261537374718    0.0003234256993356933    0.00032559351347376605    0.0003241484555156437
669.3658778200012    0.0003361357269140398    0.0003361366956942253    0.0003385750478953566    0.0003369491568345406
669.4658778000012    0.0003497248806407708    0.00034972049214935505    0.00035245256736027796    0.00035063264671680123
669.5658777800012    0.0003640881594390324    0.00036407585426928595    0.00036713186613189237    0.00036509862661340364
669.6658777600012    0.0003791834734759646    0.00037918625554882987    0.0003825802868753207    0.00038031667196670505
669.7658777400012    0.0003956095361153496    0.00039560906300190865    0.0003993906205684083    0.0003968697398952222
669.8658777200012    0.00041320071749605965    0.00041319878214869773    0.00041741043337527333    0.00041460331100667694
669.9658777000012    0.00043188127410252405    0.00043187694184929326    0.0004365647850410864    0.00043344100033096785
670.0658776800012    0.0004519427774695535    0.0004519458195011167    0.00045715042157104253    0.00045367967284723763
670.1658776600012    0.00047342046247494035    0.0004734055992203074    0.00047918897235720633    0.0004753383446841513
670.2658776400012    0.0004965469513131175    0.0004965512793568278    0.0005029797264180217    0.0004986926523626557
670.3658776200012    0.0005216301327797548    0.0005216292905610876    0.000528757877305848    0.0005240057668822302
670.4658776000012    0.0005485398886647047    0.000548546593543935    0.0005564681588250099    0.0005511848803445499
670.5658775800013    0.0005778225211463877    0.0005778192371799949    0.0005866269499779526    0.0005807562361014451
670.6658775600013    0.0006096330354112588    0.0006096495595664317    0.0006194452544081683    0.0006129092831286195
670.7658775400013    0.0006441279505185887    0.0006441376246975557    0.0006550521424558697    0.000647772572557338
670.8658775200013    0.0006819778971774142    0.0006819933161590938    0.0006941406611615014    0.0006860372914993364
670.9658775000013    0.000723518075570047    0.0007235273668241434    0.0007370922535637884    0.0007280458986526595
671.0658774800013    0.0007692519451834865    0.000769261369518367    0.0007844029360436378    0.0007743054169151637
671.1658774600013    0.0008195380025516825    0.0008195367198449903    0.000836467487741511    0.000825180736712728
671.2658774400013    0.000875156261173902    0.0008751593559040348    0.0008941237204601303    0.0008814797791793556
671.3658774200013    0.0009370968029596503    0.0009370972749819464    0.0009583714474290337    0.0009441885084568767
671.4658774000013    0.0010064769001891898    0.0010064777673736947    0.001030410056974984    0.0010144549081792897
671.5658773800013    0.0010843154407488428    0.0010843136620530954    0.0011112236484313643    0.0010932842504111008
671.6658773600013    0.0011726840407874511    0.0011726838679238533    0.0012030857177452764    0.0011828178754855268
671.7658773400013    0.0012740685288774622    0.0012740745302317212    0.0013088343491832106    0.0012856591360974649
671.8658773200013    0.0013891240070597693    0.001389109474281177    0.0014281981472270885    0.001402143876189345
671.9658773000014    0.0015216853508065666    0.0015216845189557344    0.0015653923243661681    0.00153625406470949
672.0658772800014    0.0016770430113143228    0.0016770578919795339    0.0017262525585089647    0.0016934511539342736
672.1658772600014    0.001861067483760345    0.001861067401967871    0.0019164855307941256    0.0018795401388407807
672.2658772400014    0.002081812373749005    0.0020818287532773307    0.002144010853806431    0.002102550660277589
672.3658772200014    0.0023494011951815355    0.002349451786778811    0.0024184909544389434    0.002372447978799763
672.4658772000014    0.0026830704024189355    0.0026830801295026803    0.0027586699164177217    0.002708273482779779
672.5658771800014    0.0031062565121446916    0.003106285203059487    0.0031860611428568136    0.0031328676193536635
672.6658771600014    0.0036611175828556155    0.0036611309937913212    0.003739282575774605    0.0036871770508071803
672.7658771400014    0.0044176574098892425    0.0044176662176816355    0.004480262177830757    0.004438528601800546
672.8658771200014    0.005503530673651284    0.005503565407462337    0.005517031539673758    0.00550804254026246
672.9658771000014    0.00717656269801763    0.007176595642393193    0.007056995116754151    0.007136717819054991
673.0658770800014    0.010100452788838435    0.010100460075926347    0.009617117454201926    0.00993934343965557
673.1658770600014    0.015452817648899551    0.015452833944515725    0.013973761913724691    0.014959804502379988
673.2658770400014    0.02838721649898708    0.028387115644001353    0.023456139352960127    0.02674349049864952
673.3658770200014    0.06202324392092823    0.06202332060529349    0.046987555018415124    0.057011373181545616
673.4658770000015    0.0846108286380013    0.08461077443565619    0.07776372341825172    0.08232844216396973
673.5658769800015    0.06525027786344198    0.06525022014059453    0.10094006330123292    0.07714685376842315
673.6658769600015    0.04877791270556019    0.04877791443896778    0.08266276946435233    0.06007286553629343
673.7658769400015    0.048360472310225736    0.048360449005322576    0.06098969255310918    0.05257020462288584
673.8658769200015    0.06146746507433711    0.061467582218157055    0.06470703743691376    0.0625473615764693
673.9658769000015    0.08483185720206261    0.08483241816844507    0.09731255990192456    0.08899227842414409
674.0658768800015    0.09705059219511362    0.0970508588861809    0.13983877007705248    0.11131340705278234
674.1658768600015    0.09957589068489701    0.09957608594108257    0.11195240058136077    0.10370145906911346
674.2658768400015    0.07306751309915262    0.07306744675887251    0.09166817455399433    0.07926771147067314
674.3658768200015    0.08290557958379145    0.08290550384421391    0.11558319526511357    0.09379809289770631
674.4658768000015    0.045303231932379784    0.0453029328724743    0.05953887539355581    0.0500483467328033
674.5658767800015    0.040995602417023    0.04099510316611162    0.04987256063944818    0.04395442207419427
674.6658767600015    0.06657705229215849    0.06657671251288586    0.04594317649002115    0.0596989804316885
674.7658767400015    0.09909672469673696    0.09909725760876621    0.050813175708691295    0.08300238600473149
674.8658767200016    0.13164130620941356    0.13164082038627936    0.06953762637020419    0.11093991765529904
674.9658767000016    0.18791421315163    0.18791381755745912    0.11582932145539639    0.1638857840548285
675.0658766800016    0.2808312288824924    0.2808316821431039    0.1787153860814198    0.24679276570233868
675.1658766600016    0.2667527627977992    0.26675242312475345    0.2030522603551632    0.2455191487592386
675.2658766400016    0.1814727451795105    0.18147238545044742    0.20626978355599354    0.18973830472865047
675.3658766200016    0.1328515631845798    0.13285142455418764    0.1968843745618799    0.15419578743354911
675.4658766000016    0.07861777716380033    0.07861748213218332    0.11030264051853876    0.08917929993817414
675.5658765800016    0.0461901775482264    0.04618990410120288    0.05759244885095847    0.04999084350012926
675.6658765600016    0.029939066148305212    0.02993899181582696    0.03452547811078355    0.03146784535830524
675.7658765400016    0.020539095920922956    0.02053911350252971    0.022018344416877354    0.02103218461344334
675.8658765200016    0.016128940423985032    0.016128850469147235    0.01693736580989989    0.016398385567677386
675.9658765000016    0.012878226695697884    0.012878127076163497    0.013278129656869404    0.013011494476243595
676.0658764800016    0.010538431999923043    0.010538382560494185    0.010719700251398595    0.010598838270605275
676.1658764600016    0.008808959721106272    0.008808963269831039    0.008872977010563818    0.008830300000500375
676.2658764400016    0.007494046989648602    0.007494026948799955    0.007495049835624362    0.007494374591357639
676.3658764200017    0.006468450677620275    0.006468462968935865    0.006436029603421375    0.006457647749992505
676.4658764000017    0.005653143560697623    0.005653137977977146    0.005604069598179184    0.005636783712284652
676.5658763800017    0.004993144399476717    0.004993137875523173    0.004936952010303773    0.004974411428434553
676.6658763600017    0.0044513813293550865    0.0044514049969575096    0.004393974080197669    0.004432253468836755
676.7658763400017    0.004000601951984934    0.0040005814239860585    0.003945021908882572    0.003982068428284522
676.8658763200017    0.003621468956068677    0.0036214918958950675    0.003569632260196571    0.0036041977040534388
676.9658763000017    0.003299413812322704    0.0032994194994889403    0.00325232446580328    0.0032837192592049752
677.0658762800017    0.0030210918283154597    0.003021104866444909    0.00297903432750975    0.003007077007423373
677.1658762600017    0.0027841593524761646    0.002784157262041727    0.0027474279394754065    0.0027719148513310993
677.2658762400017    0.0025822590524436743    0.002582235168550799    0.002551624711910457    0.002572039644301643
677.3658762200017    0.0024040099681407203    0.0024040158270237054    0.002379257536963944    0.002395761110709456
677.4658762000017    0.0022476904220023863    0.0022476752424796854    0.002228628827332097    0.002241331497271389
677.5658761800017    0.0021098194435187887    0.0021098070024779684    0.002096308023140239    0.0021053114897123322
677.6658761600017    0.0019878982411909176    0.0019878968550204644    0.0019798343275998762    0.001985209807937086
677.7658761400018    0.001879987014263281    0.001879982334933905    0.0018771795652789652    0.0018790496381587169
677.8658761200018    0.0017844160911540485    0.0017844286070598412    0.0017867256225714814    0.0017851901069284568
677.9658761000018    0.001699478017937943    0.0016994777583049076    0.0017067197815759585    0.0017018918526062695
678.0658760800018    0.0016238415479250517    0.001623854939409661    0.0016358559447395436    0.0016278508106914189
678.1658760600018    0.001556741083760427    0.0015567377329411558    0.0015733701565289386    0.0015622829910768405
678.2658760400018    0.0014969971576584006    0.0014969912410938326    0.0015180468081524704    0.001504011735634901
678.3658760200018    0.0014442687236869672    0.0014442602091246611    0.0014695426603003844    0.0014526905310373376
678.4658760000018    0.0013977520265704274    0.001397760525565251    0.0014270692699670468    0.0014075272740342417
678.5658759800018    0.0013567859498724315    0.0013567922486899758    0.0013898612018956086    0.001367813133486005
678.6658759600018    0.0013211131846448151    0.0013211183666046757    0.0013576791432437323    0.0013333035648310741
678.7658759400018    0.001290321557575216    0.0012903273475425002    0.0013300371013285433    0.001303562002148753
678.8658759200018    0.0012643602688953543    0.0012643650137517952    0.0013068272235203452    0.0012785175020558317
678.9658759000018    0.0012428237656653622    0.0012428244183871646    0.0012875628629166515    0.0012577370156563927
679.0658758800018    0.0012252591422036762    0.0012252633799086305    0.0012716729726999613    0.0012407318316040895
679.1658758600018    0.0012121876256913622    0.0012121958366744202    0.0012595703097940591    0.0012279845907199472
679.2658758400019    0.0012036645196525327    0.0012036574591894654    0.0012511440969453955    0.0012194886919291313
679.3658758200019    0.0011991038396254228    0.0011991036468476336    0.0012456292402083023    0.0012146122422271196
679.4658758000019    0.0011987018665762833    0.0011987035849708018    0.0012429586886057926    0.0012134547133842927
679.5658757800019    0.0012030134512238284    0.0012030100109096426    0.0012433568348333176    0.0012164600989889296
679.6658757600019    0.001212306872170518    0.001212303192483812    0.0012467307671002244    0.001223780277251518
679.7658757400019    0.0012269198160813463    0.0012269148549528541    0.0012529149240153763    0.0012355831983498588
679.8658757200019    0.0012471555290826644    0.0012471578709736687    0.0012615736362044546    0.0012519623454202626
679.9658757000019    0.0012740997266151967    0.0012740931131185406    0.0012730125940219102    0.001273735144585216
680.0658756800019    0.001308527271548609    0.0013085356066084247    0.0012870291982588105    0.0013013640254719479
680.1658756600019    0.001351784808447261    0.001351790363404115    0.001303706919068239    0.001335760696973205
680.2658756400019    0.001405545461813891    0.001405548030682904    0.0013231431445009795    0.0013780788789992584
680.3658756200019    0.0014720029440747455    0.0014720085561018747    0.0013455377321780967    0.0014298497441182388
680.4658756000019    0.001554189332025635    0.0015541905706749413    0.001371327046498304    0.00149323564973296
680.565875580002    0.001656169894348112    0.0016561656004645763    0.0014012696572693615    0.0015712017173606832
680.665875560002    0.0017833746217668176    0.0017833760827364522    0.0014362787792600354    0.0016676764945877682
680.765875540002    0.001943097106078603    0.0019431067422077057    0.0014773839377230293    0.001787862595336446
680.865875520002    0.0021444187849701795    0.0021444204765294294    0.0015248374337671977    0.001937892231755602
680.965875500002    0.0023975024255774237    0.0023974922786640677    0.0015768605458446139    0.0021239517500287017
681.065875480002    0.0027103388953183013    0.002710329875352669    0.0016278997822201803    0.0023495228509637167
681.165875460002    0.003083956874806372    0.00308395351727567    0.001668431735669955    0.002612114042583999
681.265875440002    0.0035252303997433156    0.0035252395460105695    0.001692764005984588    0.0029144113172461573
681.365875420002    0.004126961831844104    0.004126957190154927    0.0017130446441126121    0.003322321222037215
681.465875400002    0.005224762156169134    0.005224763353924539    0.0017514185878748693    0.004066981365989515
681.565875380002    0.0073408678982007335    0.007340870601611614    0.001788422763657888    0.005490053754490078
681.665875360002    0.009615731265276274    0.009615731111246022    0.001754983613033004    0.006995481996518433
681.765875340002    0.008983713274558968    0.00898370269158056    0.0015762291404796233    0.006514548368873051
681.865875320002    0.005561648746172559    0.005561654728381865    0.0011231458324555835    0.004082149769003337
681.965875300002    0.0026180025346300693    0.002618003013960321    0.0006329236654190024    0.0019563097380031307
682.065875280002    0.0014676155130114838    0.0014676154870418845    0.0004274156914298474    0.0011208822304944054
682.165875260002    0.0009732374690447401    0.0009732373445606889    0.0003345632936144779    0.000760346035739969
682.2658752400021    0.0007175057543564486    0.0007175056120875261    0.00028327554056530263    0.0005727623023364257
682.3658752200021    0.0005666356450049666    0.00056663550448486    0.0002506595198749753    0.00046131022312160055
682.4658752000021    0.0004690991486976284    0.00046909901452724096    0.00022783136756079198    0.0003886765102618871
682.5658751800021    0.0004016900817518536    0.00040168995454142767    0.00021073118504964057    0.00033803707378097397
682.6658751600021    0.0003526736020323342    0.0003526734813419339    0.00019726576566297997    0.00030087094967908267
682.7658751400021    0.00031557524516340456    0.00031557513032304425    0.00018625412570765084    0.0002724681670646999
682.8658751200021    0.0002865731388090882    0.00028657302916876683    0.00017698205538723926    0.0002500427411216981
682.9658751000021    0.0002632863966459084    0.0002632862916556201    0.00016899317327570323    0.00023185528719241058
683.0658750800021    0.00024416517566371515    0.0002441650748734539    0.00016198248351107013    0.0002167709113494131
683.1658750600021    0.00022816301947230452    0.00022816292247206804    0.00015573842312633943    0.0002040214550235707
683.2658750400021    0.00021455115044355128    0.0002145510569333328    0.00015010953863571936    0.00019307058200420112
683.3658750200021    0.00020280837029913672    0.00020280827998893575    0.00014498442976480926    0.0001835336933509606
683.4658750000021    0.00019255323581749393    0.00019255314849730558    0.00014027920167766571    0.0001751285286641551
683.5658749800021    0.0001835008738144096    0.00018350078926423458    0.00013592934909922952    0.0001676436707259579
683.6658749600022    0.0001754346810326012    0.0001754345990924357    0.00013188435299149674    0.00016091787770551122
683.7658749400022    0.00016818730299988005    0.00016818722350972422    0.0001281039907099421    0.00015482617240651547
683.8658749200022    0.0001616275591388066    0.00016162748196865858    0.00012455575890621387    0.00014927026667122635
683.9658749000022    0.00015565127320986218    0.0001556511982397214    0.00012121303734331019    0.00014417183626429792
684.0658748800022    0.00015017472570224744    0.00015017465282211328    0.00011805375653504577    0.00013946771168646884
684.1658748600022    0.0001451299015748445    0.00014512983068471635    0.00011505941533486504    0.00013510638253147532
684.2658748400022    0.0001404609896601057    0.00014046092067998233    0.00011221434556086196    0.00013104541863365
684.3658748200022    0.00013612176891008315    0.00013612170174996522    0.00010950515410501171    0.00012724954158835333
684.4658748000022    0.00013207363244760624    0.0001320735670174938    0.00010692029433533723    0.00012368916460014576
684.5658747800022    0.00012828407661790963    0.00012828401286780008    0.00010444973301009144    0.00012033927416526706
684.6658747600022    0.00012472553344770648    0.0001247254713076012    0.00010208468867342855    0.0001171785644762454
684.7658747400022    0.00012137445935954081    0.00012137439876943915    9.981742416311258e-05    0.00011418876076403084
684.8658747200022    0.00011821061763994636    0.00011821055852984897    9.764108039500643e-05    0.0001113540855216006
684.9658747000022    0.00011521650844044169    0.00011521645077034664    9.55495421871336e-05    0.00010866083379930731
685.0658746800023    0.0001123769124805511    0.00011237685619045974    9.353732898014905e-05    0.00010609703255038663
685.1658746600023    0.00010967852297241814    0.00010967846801232983    9.15995051731562e-05    0.00010365216538596807
685.2658746400023    0.00010710964663656841    0.00010710959296648251    8.973160602575741e-05    0.00010131694854293611
685.3658746200023    0.00010465995924856322    0.0001046599068284797    8.792957599029563e-05    9.908314735577952e-05
685.4658746000023    0.0001023203044563561    0.00010232025323627571    8.618971707325245e-05    9.694342492196142e-05
685.5658745800023    0.00010008252727814661    0.00010008247721806866    8.450864530974199e-05    9.489121660198575e-05
685.6658745600023    9.79393355366752e-05    9.79392866055991e-05    8.288325388711471e-05    9.292062534312965e-05
685.7658745400023    9.58841838788324e-05    9.588413603975858e-05    8.131068169762517e-05    9.102633387207204e-05
685.8658745200023    9.391117622852254e-05    9.391112944745081e-05    7.978828641315514e-05    8.920353069637616e-05
685.9658745000023    9.201498336074235e-05    9.201493760567258e-05    7.831362128699414e-05    8.744784741780302e-05
686.0658744800023    9.019077290980148e-05    9.019072814973363e-05    7.688441509263796e-05    8.575530538405766e-05
686.1658744600023    8.84341496856968e-05    8.843410589063078e-05    7.549855468363679e-05    8.412227008665477e-05
686.2658744400023    8.674110456158167e-05    8.674106170351739e-05    7.415406977045858e-05    8.254541201185254e-05
686.3658744200023    8.51079705213227e-05    8.510792857226016e-05    7.284911957737351e-05    8.102167289031879e-05
686.4658744000023    8.353138473013552e-05    8.35313436640746e-05    7.158198110736238e-05    7.954823650052415e-05
686.5658743800024    8.20082556632614e-05    8.200821545520202e-05    7.03510387650253e-05    7.812250329449626e-05
686.6658743600024    8.053573453770906e-05    8.053569516365119e-05    6.915477516851568e-05    7.674206828995864e-05
686.7658743400024    7.911119037802851e-05    7.911115181397214e-05    6.79917629754772e-05    7.540470172249263e-05
686.8658743200024    7.773218819811678e-05    7.773215042206178e-05    6.686065757599029e-05    7.41083320653896e-05
