6.518658813199999713e+02 2.957046743999999967e-05 2.957045824500000009e-05 2.927817754800000061e-05 2.947303441100000012e-05
6.519658812999999782e+02 2.669886748232056287e-05 2.669885861232049830e-05 2.640117474140113142e-05 2.659963361201406646e-05
6.520658812799999851e+02 2.468272908845609047e-05 2.468272012945612606e-05 2.438051493126465780e-05 2.458198804972562817e-05
6.521658812599999919e+02 2.348816113474128480e-05 2.348815170574156919e-05 2.318229827893050535e-05 2.338620370647112091e-05
6.522658812399999988e+02 2.278746247455845303e-05 2.278745345455812342e-05 2.247848383005108034e-05 2.268446658638922006e-05
6.523658812200000057e+02 2.236039961806257829e-05 2.236038999106318193e-05 2.204858551489803352e-05 2.225645837467459678e-05
6.524658812000000125e+02 2.212253282343994013e-05 2.212252364343940327e-05 2.180803699265801307e-05 2.201769781984578436e-05
6.525658811800000194e+02 2.199484885075740824e-05 2.199483940075778413e-05 2.167778373035441749e-05 2.188915732728987108e-05
6.526658811600000263e+02 2.192357182104315272e-05 2.192356201804372015e-05 2.160399853105622692e-05 2.181704412338103326e-05
6.527658811400000332e+02 2.190267481161446285e-05 2.190266481661480935e-05 2.158063010406301209e-05 2.179532324409742697e-05
6.528658811200000400e+02 2.192134342566263552e-05 2.192133377066195283e-05 2.159684806556393910e-05 2.181317508729617243e-05
6.529658811000000469e+02 2.197411467590310166e-05 2.197410434890458494e-05 2.164717678027668424e-05 2.186513193502812700e-05
6.530658810800000538e+02 2.206736393720154957e-05 2.206735343420197342e-05 2.173798567805842240e-05 2.195756768315398067e-05
6.531658810600000606e+02 2.216620168002180497e-05 2.216619123902164226e-05 2.183436999640070981e-05 2.205558763848138455e-05
6.532658810400000675e+02 2.228046086507424263e-05 2.228044982607591730e-05 2.194618279592412184e-05 2.216903116235809166e-05
6.533658810200000744e+02 2.242157430765950478e-05 2.242156383365781020e-05 2.208484750500570618e-05 2.230932854877434377e-05
6.534658810000000813e+02 2.254306017224544912e-05 2.254304943624628601e-05 2.220388187609023022e-05 2.242999716152731840e-05
6.535658809800000881e+02 2.268936962354759876e-05 2.268935925954633593e-05 2.234773016291556074e-05 2.257548634866982955e-05
6.536658809600000950e+02 2.284744402193199830e-05 2.284743297193446565e-05 2.250333381782667401e-05 2.273273693723104486e-05
6.537658809400001019e+02 2.301510317689521194e-05 2.301509265889318813e-05 2.266850306635685223e-05 2.289956630071508071e-05
6.538658809200001087e+02 2.318905889717712466e-05 2.318904831017739955e-05 2.283998124108730442e-05 2.307269614948060616e-05
6.539658809000001156e+02 2.335597910093532647e-05 2.335596769793875106e-05 2.300441740836827804e-05 2.323878806908078406e-05
6.540658808800001225e+02 2.354722303952625382e-05 2.354721095752924343e-05 2.319317130748242711e-05 2.342920176817930473e-05
6.541658808600001294e+02 2.374783885616704951e-05 2.374782698416608487e-05 2.339133468144828615e-05 2.362900017392713679e-05
6.542658808400001362e+02 2.395334546156837469e-05 2.395333422056534611e-05 2.359436307646378282e-05 2.383368091953250007e-05
6.543658808200001431e+02 2.414725771243916196e-05 2.414724530944497240e-05 2.378581785972649662e-05 2.402677362720354140e-05
6.544658808000001500e+02 2.434790978760913982e-05 2.434789781860688363e-05 2.398407282207412166e-05 2.422662680943005176e-05
6.545658807800001568e+02 2.457032541095509286e-05 2.457031277095871635e-05 2.420409257089281593e-05 2.444824358426887504e-05
6.546658807600001637e+02 2.478450396460037274e-05 2.478449450258257762e-05 2.441592994771096535e-05 2.466164280496463857e-05
6.547658807400001706e+02 2.500347014399623800e-05 2.500346057799684090e-05 2.463265496399497982e-05 2.487986189532934839e-05
6.548658807200001775e+02 2.523043727819711198e-05 2.523042588920805255e-05 2.485743741730519265e-05 2.510610019490345013e-05
6.549658807000001843e+02 2.546781991522741972e-05 2.546780788223141441e-05 2.509275569702642937e-05 2.534279449816175450e-05
6.550658806800001912e+02 2.572915279246875474e-05 2.572914004647331996e-05 2.535221702344667239e-05 2.560350328746291231e-05
6.551658806600001981e+02 2.597951413161569189e-05 2.597950185861256893e-05 2.560087795083840150e-05 2.585329798035555072e-05
6.552658806400002049e+02 2.622027605681962877e-05 2.622026371982006651e-05 2.584021280752368143e-05 2.609358419472112105e-05
6.553658806200002118e+02 2.648428576593119476e-05 2.648427368392941049e-05 2.610318687118069387e-05 2.635724877368043304e-05
6.554658806000002187e+02 2.675904614572494579e-05 2.675903329073050938e-05 2.637739629969177127e-05 2.663182524538240542e-05
6.555658805800002256e+02 2.703000806488216364e-05 2.702999729186675949e-05 2.664852356265858297e-05 2.690284297313583198e-05
6.556658805600002324e+02 2.733006642355496088e-05 2.733005514155882753e-05 2.694970350203089370e-05 2.720327502238156409e-05
6.557658805400002393e+02 2.764609598296891371e-05 2.764608432997180736e-05 2.726826337423239683e-05 2.752014789572437489e-05
6.558658805200002462e+02 2.796434595800042534e-05 2.796433479199652978e-05 2.759118992358770129e-05 2.783995689119488773e-05
6.559658805000002531e+02 2.830783387439775661e-05 2.830782006541942921e-05 2.794257523563890846e-05 2.818607639181870035e-05
6.560658804800002599e+02 2.869579853609406932e-05 2.869578593908388983e-05 2.834379579874413856e-05 2.857846009130736477e-05
6.561658804600002668e+02 2.915889242938734478e-05 2.915887904539411399e-05 2.882961279096802492e-05 2.904912808858315897e-05
6.562658804400002737e+02 2.976931272829113132e-05 2.976929979528715936e-05 2.948145081581378830e-05 2.967335444646402632e-05
6.563658804200002805e+02 3.073103642246017561e-05 3.073102243046970056e-05 3.052783520651058827e-05 3.066329801981348589e-05
6.564658804000002874e+02 3.262227246355352327e-05 3.262225559657997326e-05 3.262044993786013193e-05 3.262165933266454056e-05
6.565658803800002943e+02 3.614985487658696874e-05 3.614983875457995972e-05 3.648204171588775711e-05 3.626057844901823304e-05
6.566658803600003012e+02 4.006751993938292421e-05 4.006750875933547649e-05 4.114512175036258565e-05 4.042671681636033330e-05
6.567658803400003080e+02 4.131911669260469140e-05 4.131911106255030565e-05 4.301301377492419074e-05 4.188374717669306711e-05
6.568658803200003149e+02 3.950338110965382244e-05 3.950337123269629421e-05 4.104788275668300011e-05 4.001821169967770785e-05
6.569658803000003218e+02 3.562250358715657263e-05 3.562249013019308991e-05 3.660756981243901056e-05 3.595085450992955092e-05
6.570658802800003286e+02 3.353219920197348958e-05 3.353218972393210454e-05 3.367539592544539518e-05 3.357992828378366084e-05
6.571658802600003355e+02 3.293040865981514641e-05 3.293039534785578958e-05 3.276594268398061503e-05 3.287558223055051475e-05
6.572658802400003424e+02 3.285833952628586658e-05 3.285832883425757628e-05 3.256527832409359405e-05 3.276064889487901005e-05
6.573658802200003493e+02 3.299349748823801067e-05 3.299348425026601956e-05 3.263390647005851746e-05 3.287362940285418482e-05
6.574658802000003561e+02 3.321759477209977320e-05 3.321758067610937993e-05 3.281794757572564970e-05 3.308437434131160094e-05
6.575658801800003630e+02 3.352810127121524475e-05 3.352808306626208835e-05 3.310148812862532283e-05 3.338589082203422090e-05
6.576658801600003699e+02 3.384506959216692772e-05 3.384505287414968480e-05 3.339868580750541096e-05 3.369626942460733664e-05
6.577658801400003767e+02 3.418454883814247154e-05 3.418453296213253288e-05 3.372259279989445863e-05 3.403055820005648091e-05
6.578658801200003836e+02 3.454586651318542552e-05 3.454584815021527093e-05 3.407094015082892289e-05 3.438755160474320645e-05
6.579658801000003905e+02 3.492874800384324036e-05 3.492873214181272670e-05 3.444256248220472068e-05 3.476668087595356484e-05
6.580658800800003974e+02 3.534200150265257061e-05 3.534198500866041084e-05 3.484567128944656539e-05 3.517655260025318454e-05
6.581658800600004042e+02 3.573954669493348193e-05 3.573953051292955038e-05 3.523381596837982482e-05 3.557096439208095012e-05
6.582658800400004111e+02 3.616467866430722144e-05 3.616466548226882061e-05 3.565003572638343257e-05 3.599312662431982036e-05
6.583658800200004180e+02 3.660063942950905882e-05 3.660062095557785919e-05 3.607737908053534079e-05 3.642621315520741960e-05
6.584658800000004248e+02 3.701959353880937521e-05 3.701957612879532521e-05 3.648788014038958395e-05 3.684234993599809027e-05
6.585658799800004317e+02 3.748169321485739295e-05 3.748167506986723710e-05 3.694163235171338196e-05 3.730166687881267067e-05
6.586658799600004386e+02 3.794309869688615282e-05 3.794308439083394677e-05 3.739469439135695674e-05 3.776029249302568093e-05
6.587658799400004455e+02 3.840455694087723979e-05 3.840454358586411305e-05 3.784774888484899557e-05 3.821894980386345399e-05
6.588658799200004523e+02 3.890895414943180140e-05 3.890893919545419035e-05 3.834360926994733479e-05 3.872050087161110884e-05
6.589658799000004592e+02 3.939813792759426373e-05 3.939811934664576380e-05 3.882404514381452849e-05 3.920676747268484749e-05
6.590658798800004661e+02 3.990093640769990999e-05 3.990091901668277612e-05 3.931794554783222791e-05 3.970660032407164478e-05
6.591658798600004729e+02 4.043402099795937252e-05 4.043399693905672272e-05 3.984188309850618685e-05 4.023663367850742511e-05
6.592658798400004798e+02 4.096616317729720246e-05 4.096615017313358603e-05 4.036460139677068240e-05 4.076563824906715019e-05
6.593658798200004867e+02 4.149647623630566419e-05 4.149645108248790800e-05 4.088512025521873227e-05 4.129268252467077041e-05
6.594658798000004936e+02 4.205909041125827162e-05 4.205907221415252988e-05 4.143757906061995290e-05 4.185191389534358028e-05
6.595658797800005004e+02 4.263745196822935437e-05 4.263743121026879125e-05 4.200538062685328660e-05 4.242675460178380623e-05
6.596658797600005073e+02 4.320126814347204151e-05 4.320124373752894792e-05 4.255815290675690554e-05 4.298688826258597402e-05
6.597658797400005142e+02 4.380049071227617969e-05 4.380047296517096877e-05 4.314585054437018545e-05 4.358227140727244690e-05
6.598658797200005210e+02 4.443469193177310351e-05 4.443467447576845096e-05 4.376793250668133871e-05 4.421243297140763106e-05
6.599658797000005279e+02 4.505634032130064430e-05 4.505631437843813492e-05 4.437679798238399788e-05 4.482981756070759011e-05
6.600658796800005348e+02 4.569377908500128977e-05 4.569376094087338635e-05 4.500076109200217543e-05 4.546276703929228385e-05
6.601658796600005417e+02 4.635415500875454735e-05 4.635413353080988720e-05 4.564688629231674184e-05 4.611839161062705880e-05
6.602658796400005485e+02 4.703786347569305045e-05 4.703783549280234018e-05 4.631546974679347163e-05 4.679705623842961624e-05
6.603658796200005554e+02 4.774352895468230806e-05 4.774351207749350683e-05 4.700504616919650553e-05 4.749736240045743788e-05
6.604658796000005623e+02 4.845635223243913013e-05 4.845633278448335178e-05 4.770069722380164331e-05 4.820446074690804174e-05
6.605658795800005691e+02 4.919128987507990326e-05 4.919126019225798834e-05 4.841725162994854088e-05 4.893326723242881986e-05
6.606658795600005760e+02 4.993963129818822873e-05 4.993961025003625142e-05 4.914585155563896225e-05 4.967503103462115650e-05
6.607658795400005829e+02 5.073506531126202866e-05 5.073504393226792005e-05 4.992001508887698941e-05 5.046337477746897486e-05
6.608658795200005898e+02 5.156317504101653321e-05 5.156315076506867701e-05 5.072512757096748841e-05 5.128381779235090406e-05
6.609658795000005966e+02 5.240686887576910964e-05 5.240684115683178217e-05 5.154382120777331627e-05 5.211917708012473376e-05
6.610658794800006035e+02 5.327447143910672516e-05 5.327444976999540921e-05 5.238420731889012862e-05 5.297770950933075433e-05
6.611658794600006104e+02 5.423519301854866587e-05 5.423518015538487112e-05 5.331516071023777474e-05 5.392851129472377283e-05
6.612658794400006173e+02 5.516530678987452185e-05 5.516528458305019079e-05 5.421255356602867068e-05 5.484771497965113229e-05
6.613658794200006241e+02 5.600425675898543915e-05 5.600423447298694628e-05 5.501540544785020774e-05 5.567463222660753557e-05
6.614658794000006310e+02 5.691151548860976287e-05 5.691148395978723457e-05 5.588265353981533486e-05 5.656855099607077517e-05
6.615658793800006379e+02 5.802897192426946044e-05 5.802894440319170431e-05 5.695552437423172546e-05 5.767114690056429448e-05
6.616658793600006447e+02 5.905724354591232651e-05 5.905724636931755953e-05 5.793382711630430307e-05 5.868277234384472745e-05
6.617658793400006516e+02 6.015469350546732063e-05 6.015465036337747161e-05 5.897500441466828742e-05 5.976144942783769096e-05
6.618658793200006585e+02 6.148170236973561761e-05 6.148165362384767625e-05 6.023824357113255739e-05 6.106719985490529279e-05
6.619658793000006654e+02 6.275294117800201451e-05 6.275290689670981340e-05 6.143675768604423568e-05 6.231420192025201668e-05
6.620658792800006722e+02 6.422869109262111399e-05 6.422867799018906504e-05 6.282890850304697814e-05 6.376209252861904787e-05
6.621658792600006791e+02 6.560349246613726172e-05 6.560346653740150007e-05 6.410694850042692198e-05 6.510463583465522341e-05
6.622658792400006860e+02 6.690720956371901367e-05 6.690718150076340853e-05 6.529778564262862588e-05 6.637072556903701151e-05
6.623658792200006928e+02 6.851738196325060117e-05 6.851734880235765140e-05 6.677500233432883976e-05 6.793657769997903529e-05
6.624658792000006997e+02 7.046069558860829161e-05 7.046064677794007004e-05 6.856022734509767055e-05 6.982718990388202881e-05
6.625658791800007066e+02 7.241107229494038781e-05 7.241104778742028325e-05 7.032067541642712371e-05 7.171426516626260277e-05
6.626658791600007135e+02 7.441717575014446143e-05 7.441714614025468535e-05 7.209571539013411500e-05 7.364334576017774489e-05
6.627658791400007203e+02 7.698377073397404320e-05 7.698379186286791155e-05 7.437744336809914796e-05 7.611500198831370090e-05
6.628658791200007272e+02 7.970803421213647720e-05 7.970800672420610185e-05 7.674518078374308961e-05 7.872040724002854267e-05
6.629658791000007341e+02 8.264025096369522752e-05 8.264019757327025254e-05 7.922352459672066108e-05 8.150132437789538490e-05
6.630658790800007409e+02 8.611658790879144680e-05 8.611651943712926875e-05 8.211045210862852773e-05 8.478118648484976583e-05
6.631658790600007478e+02 9.051912125928868039e-05 9.051906314605456620e-05 8.573001584649790890e-05 8.892273341728037161e-05
6.632658790400007547e+02 9.597576598397621409e-05 9.597575592188062105e-05 9.011822869736628157e-05 9.402325020107438127e-05
6.633658790200007616e+02 1.028761833696657877e-04 1.028761773295733029e-04 9.551307695098009841e-05 1.004218125500730766e-04
6.634658790000007684e+02 1.117879495459791095e-04 1.117878856373216907e-04 1.022196470468946525e-04 1.085984940767318040e-04
6.635658789800007753e+02 1.241499168681275023e-04 1.241499496258654308e-04 1.111930200618669126e-04 1.198309621852866152e-04
6.636658789600007822e+02 1.424618440652818650e-04 1.424618901649670507e-04 1.239703898620065498e-04 1.362980413640851461e-04
6.637658789400007890e+02 1.711409246721629941e-04 1.711410524302194882e-04 1.428658942536279028e-04 1.617159571186701193e-04
6.638658789200007959e+02 2.210042352286179022e-04 2.210041409539468789e-04 1.734839171008612283e-04 2.051640977611420122e-04
6.639658789000008028e+02 3.202984152824553442e-04 3.202981784459052439e-04 2.288153554850170710e-04 2.898039830711259045e-04
6.640658788800008097e+02 5.602262070395699900e-04 5.602263399905468236e-04 3.452479783082785408e-04 4.885668417794651001e-04
6.641658788600008165e+02 1.236434173324079495e-03 1.236434869010235964e-03 6.480295553522117530e-04 1.040299532562175737e-03
6.642658788400008234e+02 2.081523034396419794e-03 2.081523807694495541e-03 1.453799454902675835e-03 1.872282098997863579e-03
6.643658788200008303e+02 1.459594724515090106e-03 1.459593492565222465e-03 1.840902939173869914e-03 1.586697052084727567e-03
6.644658788000008371e+02 6.704743389863500628e-04 6.704741545099519298e-04 9.520010716979430011e-04 7.643165217314149256e-04
6.645658787800008440e+02 3.674412751177096818e-04 3.674415115170198026e-04 4.552677247043820929e-04 3.967168371130371744e-04
6.646658787600008509e+02 2.508017028715047456e-04 2.508019226419307243e-04 2.823154302576858128e-04 2.613063519237070762e-04
6.647658787400008578e+02 1.962375366642761542e-04 1.962375736689915811e-04 2.091497095494033358e-04 2.005416066275570147e-04
6.648658787200008646e+02 1.671986967726069994e-04 1.671986108758024105e-04 1.727699180897672134e-04 1.690557419127255230e-04
6.649658787000008715e+02 1.504462441258308677e-04 1.504462129643966762e-04 1.527379385466574500e-04 1.512101318789617007e-04
6.650658786800008784e+02 1.403349639831685868e-04 1.403349024939692751e-04 1.410336429976035289e-04 1.405678364915804546e-04
6.651658786600008852e+02 1.341221107491389459e-04 1.341220308296291880e-04 1.340043548857588140e-04 1.340828321548423159e-04
6.652658786400008921e+02 1.302337386866983960e-04 1.302336720863413850e-04 1.296859305318225921e-04 1.300511137682874396e-04
6.653658786200008990e+02 1.281579500649731717e-04 1.281578510958471728e-04 1.273835355831958859e-04 1.278997789146720768e-04
6.654658786000009059e+02 1.272510766060963225e-04 1.272510885430795441e-04 1.263617937304341537e-04 1.269546529598700158e-04
6.655658785800009127e+02 1.270149510393398103e-04 1.270149361500749676e-04 1.260744580324497769e-04 1.267014484072881940e-04
6.656658785600009196e+02 1.274037554885258780e-04 1.274037530381825372e-04 1.264491219387767792e-04 1.270855434884950467e-04
6.657658785400009265e+02 1.282886270801928688e-04 1.282886080106549007e-04 1.273422948193998652e-04 1.279731766367492025e-04
6.658658785200009333e+02 1.294534969634300115e-04 1.294535374417625842e-04 1.285286880007674546e-04 1.291452408019866925e-04
6.659658785000009402e+02 1.311543297460988325e-04 1.311543744959784157e-04 1.302589795453555936e-04 1.308558945958109292e-04
6.660658784800009471e+02 1.331876425636570923e-04 1.331876209955405504e-04 1.323268018735830436e-04 1.329006884775935440e-04
6.661658784600009540e+02 1.353458520751139296e-04 1.353459026230512661e-04 1.345225638011124966e-04 1.350714394997592398e-04
6.662658784400009608e+02 1.377483998364336932e-04 1.377484446365992779e-04 1.369647017562346096e-04 1.374871820764225088e-04
6.663658784200009677e+02 1.404079324233514195e-04 1.404078759262891284e-04 1.396651459069151292e-04 1.401603180855185500e-04
6.664658784000009746e+02 1.432838687324879275e-04 1.432839097996389094e-04 1.425832865801195527e-04 1.430503550374154632e-04
6.665658783800009815e+02 1.462251965049184198e-04 1.462252302251345465e-04 1.455681003664286821e-04 1.460061756988272161e-04
6.666658783600009883e+02 1.493684519894731492e-04 1.493684192114415311e-04 1.487559520094260525e-04 1.491642744034469019e-04
6.667658783400009952e+02 1.527249875850662396e-04 1.527249880140765825e-04 1.521582008628103821e-04 1.525360588206510590e-04
6.668658783200010021e+02 1.561581252658158863e-04 1.561581845240509782e-04 1.556386427366888937e-04 1.559849841755185770e-04
6.669658783000010089e+02 1.598198808847882174e-04 1.598199397248009136e-04 1.593490621851395333e-04 1.596629609315762034e-04
6.670658782800010158e+02 1.637557695587480181e-04 1.637556025456141453e-04 1.633353587763459200e-04 1.636155769602360820e-04
6.671658782600010227e+02 1.679477397354899276e-04 1.679476862620153102e-04 1.675807596205089011e-04 1.678253952060047220e-04
6.672658782400010296e+02 1.722509640406065523e-04 1.722509420796360753e-04 1.719394028337025608e-04 1.721471029846484142e-04
6.673658782200010364e+02 1.768258006898249099e-04 1.768258104588412620e-04 1.765723398887100075e-04 1.767413170124587174e-04
6.674658782000010433e+02 1.816899019097828482e-04 1.816898872105463100e-04 1.814984927237688929e-04 1.816260939480326747e-04
6.675658781800010502e+02 1.866888859617888894e-04 1.866888060538364827e-04 1.865626889541236572e-04 1.866467936565830007e-04
6.676658781600010570e+02 1.919670230306119772e-04 1.919668767427095855e-04 1.919105089386276752e-04 1.919481362373164036e-04
6.677658781400010639e+02 1.973827096410535364e-04 1.973824803136941879e-04 1.974002972046167933e-04 1.973884957197881364e-04
6.678658781200010708e+02 2.029731896644870607e-04 2.029729942134028968e-04 2.030697864861861850e-04 2.030053234546920656e-04
6.679658781000010777e+02 2.089549425171812640e-04 2.089542783322750257e-04 2.091365524697526290e-04 2.090152577730696305e-04
6.680658780800010845e+02 2.153613739812044168e-04 2.153609584631468196e-04 2.156338357276005812e-04 2.154520560573172996e-04
6.681658780600010914e+02 2.221813764075113401e-04 2.221794196477577072e-04 2.225488777692158577e-04 2.223032246081616350e-04
6.682658780400010983e+02 2.290898710913138558e-04 2.290899469446403512e-04 2.295653501296327675e-04 2.292483893885290276e-04
6.683658780200011051e+02 2.363023514478533517e-04 2.363023766695264633e-04 2.368925785211614178e-04 2.364991022128470866e-04
6.684658780000011120e+02 2.441575990251118491e-04 2.441570133653936988e-04 2.448732846898754589e-04 2.443959656934603718e-04
6.685658779800011189e+02 2.522468691281541816e-04 2.522459650887877024e-04 2.530955604457576212e-04 2.525294648875664656e-04
6.686658779600011258e+02 2.607642770146498517e-04 2.607663555844305018e-04 2.617538149821941294e-04 2.610948158604248096e-04
6.687658779400011326e+02 2.700137917856162842e-04 2.700130636804884995e-04 2.711629341009688058e-04 2.703965965223578813e-04
6.688658779200011395e+02 2.794437629208200934e-04 2.794443314267305726e-04 2.807635887375691214e-04 2.798838943617065777e-04
6.689658779000011464e+02 2.894072421384370026e-04 2.894083601096462087e-04 2.909140559934280204e-04 2.899098860805037078e-04
6.690658778800011532e+02 3.002857743274649563e-04 3.002854731062874522e-04 3.019928228193787716e-04 3.008546900843770419e-04
6.691658778600011601e+02 3.115071379204597591e-04 3.115077817677575555e-04 3.134361733096881599e-04 3.121503643326351582e-04
6.692658778400011670e+02 3.234261537374717851e-04 3.234256993356933192e-04 3.255935134737660539e-04 3.241484555156437194e-04
6.693658778200011739e+02 3.361357269140398049e-04 3.361366956942253266e-04 3.385750478953566023e-04 3.369491568345405960e-04
6.694658778000011807e+02 3.497248806407707972e-04 3.497204921493550478e-04 3.524525673602779598e-04 3.506326467168012322e-04
6.695658777800011876e+02 3.640881594390323853e-04 3.640758542692859524e-04 3.671318661318923688e-04 3.650986266134036411e-04
6.696658777600011945e+02 3.791834734759646033e-04 3.791862555488298707e-04 3.825802868753206852e-04 3.803166719667050531e-04
6.697658777400012013e+02 3.956095361153495965e-04 3.956090630019086485e-04 3.993906205684083022e-04 3.968697398952221824e-04
6.698658777200012082e+02 4.132007174960596507e-04 4.131987821486977344e-04 4.174104333752733337e-04 4.146033110066769424e-04
6.699658777000012151e+02 4.318812741025240516e-04 4.318769418492932554e-04 4.365647850410864076e-04 4.334410003309678507e-04
6.700658776800012220e+02 4.519427774695535167e-04 4.519458195011166897e-04 4.571504215710425322e-04 4.536796728472376338e-04
6.701658776600012288e+02 4.734204624749403464e-04 4.734055992203074184e-04 4.791889723572063291e-04 4.753383446841512924e-04
6.702658776400012357e+02 4.965469513131175270e-04 4.965512793568278415e-04 5.029797264180217329e-04 4.986926523626556643e-04
6.703658776200012426e+02 5.216301327797547797e-04 5.216292905610875764e-04 5.287578773058480104e-04 5.240057668822301583e-04
6.704658776000012494e+02 5.485398886647046635e-04 5.485465935439350462e-04 5.564681588250098513e-04 5.511848803445498898e-04
6.705658775800012563e+02 5.778225211463877339e-04 5.778192371799948605e-04 5.866269499779525618e-04 5.807562361014451243e-04
6.706658775600012632e+02 6.096330354112588275e-04 6.096495595664316869e-04 6.194452544081682950e-04 6.129092831286195309e-04
6.707658775400012701e+02 6.441279505185887322e-04 6.441376246975556502e-04 6.550521424558697348e-04 6.477725725573380390e-04
6.708658775200012769e+02 6.819778971774142357e-04 6.819933161590937924e-04 6.941406611615014068e-04 6.860372914993364060e-04
6.709658775000012838e+02 7.235180755700469993e-04 7.235273668241433941e-04 7.370922535637884111e-04 7.280458986526595292e-04
6.710658774800012907e+02 7.692519451834864755e-04 7.692613695183670016e-04 7.844029360436377985e-04 7.743054169151637224e-04
6.711658774600012975e+02 8.195380025516824703e-04 8.195367198449903055e-04 8.364674877415110513e-04 8.251807367127280508e-04
6.712658774400013044e+02 8.751562611739020390e-04 8.751593559040347870e-04 8.941237204601302797e-04 8.814797791793555935e-04
6.713658774200013113e+02 9.370968029596502685e-04 9.370972749819464096e-04 9.583714474290336727e-04 9.441885084568767475e-04
6.714658774000013182e+02 1.006476900189189755e-03 1.006477767373694732e-03 1.030410056974984025e-03 1.014454908179289721e-03
6.715658773800013250e+02 1.084315440748842780e-03 1.084313662053095449e-03 1.111223648431364317e-03 1.093284250411100849e-03
6.716658773600013319e+02 1.172684040787451117e-03 1.172683867923853332e-03 1.203085717745276412e-03 1.182817875485526809e-03
6.717658773400013388e+02 1.274068528877462169e-03 1.274074530231721200e-03 1.308834349183210597e-03 1.285659136097464872e-03
6.718658773200013457e+02 1.389124007059769263e-03 1.389109474281176966e-03 1.428198147227088474e-03 1.402143876189345046e-03
6.719658773000013525e+02 1.521685350806566573e-03 1.521684518955734432e-03 1.565392324366168125e-03 1.536254064709490072e-03
6.720658772800013594e+02 1.677043011314322766e-03 1.677057891979533881e-03 1.726252558508964722e-03 1.693451153934273645e-03
6.721658772600013663e+02 1.861067483760345037e-03 1.861067401967870984e-03 1.916485530794125557e-03 1.879540138840780743e-03
6.722658772400013731e+02 2.081812373749004994e-03 2.081828753277330680e-03 2.144010853806430951e-03 2.102550660277589020e-03
6.723658772200013800e+02 2.349401195181535524e-03 2.349451786778811169e-03 2.418490954438943380e-03 2.372447978799763213e-03
6.724658772000013869e+02 2.683070402418935487e-03 2.683080129502680294e-03 2.758669916417721708e-03 2.708273482779779018e-03
6.725658771800013938e+02 3.106256512144691621e-03 3.106285203059487056e-03 3.186061142856813633e-03 3.132867619353663525e-03
6.726658771600014006e+02 3.661117582855615525e-03 3.661130993791321224e-03 3.739282575774605100e-03 3.687177050807180327e-03
6.727658771400014075e+02 4.417657409889242520e-03 4.417666217681635518e-03 4.480262177830756677e-03 4.438528601800545773e-03
6.728658771200014144e+02 5.503530673651283595e-03 5.503565407462336634e-03 5.517031539673758304e-03 5.508042540262460089e-03
6.729658771000014212e+02 7.176562698017629853e-03 7.176595642393193350e-03 7.056995116754151420e-03 7.136717819054991252e-03
6.730658770800014281e+02 1.010045278883843489e-02 1.010046007592634715e-02 9.617117454201925750e-03 9.939343439655570420e-03
6.731658770600014350e+02 1.545281764889955105e-02 1.545283394451572520e-02 1.397376191372469087e-02 1.495980450237998846e-02
6.732658770400014419e+02 2.838721649898708066e-02 2.838711564400135320e-02 2.345613935296012725e-02 2.674349049864951922e-02
6.733658770200014487e+02 6.202324392092822825e-02 6.202332060529348878e-02 4.698755501841512389e-02 5.701137318154561595e-02
6.734658770000014556e+02 8.461082863800130360e-02 8.461077443565619138e-02 7.776372341825171786e-02 8.232844216396972836e-02
6.735658769800014625e+02 6.525027786344198000e-02 6.525022014059453368e-02 1.009400633012329240e-01 7.714685376842314590e-02
6.736658769600014693e+02 4.877791270556019326e-02 4.877791443896777740e-02 8.266276946435233142e-02 6.007286553629342940e-02
6.737658769400014762e+02 4.836047231022573556e-02 4.836044900532257551e-02 6.098969255310918158e-02 5.257020462288584245e-02
6.738658769200014831e+02 6.146746507433711176e-02 6.146758221815705470e-02 6.470703743691376408e-02 6.254736157646929862e-02
6.739658769000014900e+02 8.483185720206261327e-02 8.483241816844507011e-02 9.731255990192455574e-02 8.899227842414408896e-02
6.740658768800014968e+02 9.705059219511362467e-02 9.705085888618089629e-02 1.398387700770524766e-01 1.113134070527823372e-01
6.741658768600015037e+02 9.957589068489701434e-02 9.957608594108256772e-02 1.119524005813607725e-01 1.037014590691134608e-01
6.742658768400015106e+02 7.306751309915261727e-02 7.306744675887251461e-02 9.166817455399432768e-02 7.926771147067314394e-02
6.743658768200015174e+02 8.290557958379145276e-02 8.290550384421391250e-02 1.155831952651135697e-01 9.379809289770631164e-02
6.744658768000015243e+02 4.530323193237978385e-02 4.530293287247429829e-02 5.953887539355581099e-02 5.004834673280329771e-02
6.745658767800015312e+02 4.099560241702299851e-02 4.099510316611162247e-02 4.987256063944817824e-02 4.395442207419426872e-02
6.746658767600015381e+02 6.657705229215848952e-02 6.657671251288585501e-02 4.594317649002115089e-02 5.969898043168850310e-02
6.747658767400015449e+02 9.909672469673695694e-02 9.909725760876621214e-02 5.081317570869129524e-02 8.300238600473149042e-02
6.748658767200015518e+02 1.316413062094135555e-01 1.316408203862793613e-01 6.953762637020419191e-02 1.109399176552990363e-01
6.749658767000015587e+02 1.879142131516300107e-01 1.879138175574591174e-01 1.158293214553963862e-01 1.638857840548285094e-01
6.750658766800015655e+02 2.808312288824924008e-01 2.808316821431038890e-01 1.787153860814197914e-01 2.467927657023386845e-01
6.751658766600015724e+02 2.667527627977991922e-01 2.667524231247534461e-01 2.030522603551631888e-01 2.455191487592386090e-01
6.752658766400015793e+02 1.814727451795105084e-01 1.814723854504474154e-01 2.062697835559935411e-01 1.897383047286504698e-01
6.753658766200015862e+02 1.328515631845798017e-01 1.328514245541876360e-01 1.968843745618799046e-01 1.541957874335491141e-01
6.754658766000015930e+02 7.861777716380033421e-02 7.861748213218332226e-02 1.103026405185387609e-01 8.917929993817413914e-02
6.755658765800015999e+02 4.619017754822640071e-02 4.618990410120288326e-02 5.759244885095846783e-02 4.999084350012925754e-02
6.756658765600016068e+02 2.993906614830521215e-02 2.993899181582695967e-02 3.452547811078354734e-02 3.146784535830524088e-02
6.757658765400016136e+02 2.053909592092295622e-02 2.053911350252971002e-02 2.201834441687735427e-02 2.103218461344334017e-02
6.758658765200016205e+02 1.612894042398503244e-02 1.612885046914723508e-02 1.693736580989988957e-02 1.639838556767738570e-02
6.759658765000016274e+02 1.287822669569788428e-02 1.287812707616349701e-02 1.327812965686940398e-02 1.301149447624359509e-02
6.760658764800016343e+02 1.053843199992304282e-02 1.053838256049418470e-02 1.071970025139859506e-02 1.059883827060527535e-02
6.761658764600016411e+02 8.808959721106271804e-03 8.808963269831038972e-03 8.872977010563817823e-03 8.830300000500375043e-03
6.762658764400016480e+02 7.494046989648601650e-03 7.494026948799955255e-03 7.495049835624362396e-03 7.494374591357638900e-03
6.763658764200016549e+02 6.468450677620274716e-03 6.468462968935865046e-03 6.436029603421374728e-03 6.457647749992505119e-03
6.764658764000016618e+02 5.653143560697623110e-03 5.653137977977146233e-03 5.604069598179183855e-03 5.636783712284651644e-03
6.765658763800016686e+02 4.993144399476717038e-03 4.993137875523172980e-03 4.936952010303773120e-03 4.974411428434553223e-03
6.766658763600016755e+02 4.451381329355086520e-03 4.451404996957509554e-03 4.393974080197668962e-03 4.432253468836754723e-03
6.767658763400016824e+02 4.000601951984933922e-03 4.000581423986058517e-03 3.945021908882571579e-03 3.982068428284521629e-03
6.768658763200016892e+02 3.621468956068677001e-03 3.621491895895067453e-03 3.569632260196570987e-03 3.604197704053438769e-03
6.769658763000016961e+02 3.299413812322704066e-03 3.299419499488940276e-03 3.252324465803280076e-03 3.283719259204975240e-03
6.770658762800017030e+02 3.021091828315459679e-03 3.021104866444909026e-03 2.979034327509749985e-03 3.007077007423373041e-03
6.771658762600017099e+02 2.784159352476164601e-03 2.784157262041727070e-03 2.747427939475406526e-03 2.771914851331099255e-03
6.772658762400017167e+02 2.582259052443674346e-03 2.582235168550799185e-03 2.551624711910456967e-03 2.572039644301643210e-03
6.773658762200017236e+02 2.404009968140720290e-03 2.404015827023705393e-03 2.379257536963943868e-03 2.395761110709456083e-03
6.774658762000017305e+02 2.247690422002386265e-03 2.247675242479685396e-03 2.228628827332096787e-03 2.241331497271389049e-03
6.775658761800017373e+02 2.109819443518788726e-03 2.109807002477968353e-03 2.096308023140239143e-03 2.105311489712332219e-03
6.776658761600017442e+02 1.987898241190917594e-03 1.987896855020464433e-03 1.979834327599876240e-03 1.985209807937086089e-03
6.777658761400017511e+02 1.879987014263280942e-03 1.879982334933904924e-03 1.877179565278965217e-03 1.879049638158716883e-03
6.778658761200017580e+02 1.784416091154048542e-03 1.784428607059841210e-03 1.786725622571481422e-03 1.785190106928456841e-03
6.779658761000017648e+02 1.699478017937942941e-03 1.699477758304907601e-03 1.706719781575958455e-03 1.701891852606269521e-03
6.780658760800017717e+02 1.623841547925051684e-03 1.623854939409661051e-03 1.635855944739543618e-03 1.627850810691418857e-03
6.781658760600017786e+02 1.556741083760426921e-03 1.556737732941155779e-03 1.573370156528938616e-03 1.562282991076840511e-03
6.782658760400017854e+02 1.496997157658400569e-03 1.496991241093832649e-03 1.518046808152470400e-03 1.504011735634901061e-03
6.783658760200017923e+02 1.444268723686967194e-03 1.444260209124661109e-03 1.469542660300384362e-03 1.452690531037337555e-03
6.784658760000017992e+02 1.397752026570427434e-03 1.397760525565251103e-03 1.427069269967046758e-03 1.407527274034241693e-03
6.785658759800018061e+02 1.356785949872431471e-03 1.356792248689975841e-03 1.389861201895608569e-03 1.367813133486005077e-03
6.786658759600018129e+02 1.321113184644815124e-03 1.321118366604675685e-03 1.357679143243732288e-03 1.333303564831074149e-03
6.787658759400018198e+02 1.290321557575215905e-03 1.290327347542500171e-03 1.330037101328543272e-03 1.303562002148753044e-03
6.788658759200018267e+02 1.264360268895354297e-03 1.264365013751795209e-03 1.306827223520345234e-03 1.278517502055831652e-03
6.789658759000018335e+02 1.242823765665362163e-03 1.242824418387164552e-03 1.287562862916651453e-03 1.257737015656392723e-03
6.790658758800018404e+02 1.225259142203676162e-03 1.225263379908630469e-03 1.271672972699961325e-03 1.240731831604089536e-03
6.791658758600018473e+02 1.212187625691362207e-03 1.212195836674420180e-03 1.259570309794059116e-03 1.227984590719947240e-03
6.792658758400018542e+02 1.203664519652532716e-03 1.203657459189465435e-03 1.251144096945395546e-03 1.219488691929131305e-03
6.793658758200018610e+02 1.199103839625422765e-03 1.199103646847633590e-03 1.245629240208302301e-03 1.214612242227119552e-03
6.794658758000018679e+02 1.198701866576283321e-03 1.198703584970801797e-03 1.242958688605792566e-03 1.213454713384292706e-03
6.795658757800018748e+02 1.203013451223828439e-03 1.203010010909642564e-03 1.243356834833317642e-03 1.216460098988929621e-03
6.796658757600018816e+02 1.212306872170517899e-03 1.212303192483811954e-03 1.246730767100224417e-03 1.223780277251518018e-03
6.797658757400018885e+02 1.226919816081346306e-03 1.226914854952854128e-03 1.252914924015376304e-03 1.235583198349858840e-03
6.798658757200018954e+02 1.247155529082664407e-03 1.247157870973668661e-03 1.261573636204454561e-03 1.251962345420262615e-03
6.799658757000019023e+02 1.274099726615196722e-03 1.274093113118540590e-03 1.273012594021910235e-03 1.273735144585215993e-03
6.800658756800019091e+02 1.308527271548608987e-03 1.308535606608424726e-03 1.287029198258810491e-03 1.301364025471947851e-03
6.801658756600019160e+02 1.351784808447260931e-03 1.351790363404115026e-03 1.303706919068239010e-03 1.335760696973204917e-03
6.802658756400019229e+02 1.405545461813890963e-03 1.405548030682904088e-03 1.323143144500979473e-03 1.378078878999258391e-03
6.803658756200019297e+02 1.472002944074745495e-03 1.472008556101874746e-03 1.345537732178096746e-03 1.429849744118238779e-03
6.804658756000019366e+02 1.554189332025634942e-03 1.554190570674941329e-03 1.371327046498303998e-03 1.493235649732960017e-03
6.805658755800019435e+02 1.656169894348111932e-03 1.656165600464576306e-03 1.401269657269361459e-03 1.571201717360683160e-03
6.806658755600019504e+02 1.783374621766817616e-03 1.783376082736452166e-03 1.436278779260035440e-03 1.667676494587768191e-03
6.807658755400019572e+02 1.943097106078602899e-03 1.943106742207705668e-03 1.477383937723029299e-03 1.787862595336446028e-03
6.808658755200019641e+02 2.144418784970179501e-03 2.144420476529429378e-03 1.524837433767197749e-03 1.937892231755601992e-03
6.809658755000019710e+02 2.397502425577423702e-03 2.397492278664067715e-03 1.576860545844613890e-03 2.123951750028701697e-03
6.810658754800019778e+02 2.710338895318301338e-03 2.710329875352668859e-03 1.627899782220180265e-03 2.349522850963716748e-03
6.811658754600019847e+02 3.083956874806371984e-03 3.083953517275670169e-03 1.668431735669955026e-03 2.612114042583998843e-03
6.812658754400019916e+02 3.525230399743315562e-03 3.525239546010569547e-03 1.692764005984588073e-03 2.914411317246157294e-03
6.813658754200019985e+02 4.126961831844104187e-03 4.126957190154927069e-03 1.713044644112612144e-03 3.322321222037215045e-03
6.814658754000020053e+02 5.224762156169134031e-03 5.224763353924539305e-03 1.751418587874869256e-03 4.066981365989514631e-03
6.815658753800020122e+02 7.340867898200733460e-03 7.340870601611614032e-03 1.788422763657888026e-03 5.490053754490078000e-03
6.816658753600020191e+02 9.615731265276273795e-03 9.615731111246021701e-03 1.754983613033004024e-03 6.995481996518433318e-03
6.817658753400020260e+02 8.983713274558968384e-03 8.983702691580559840e-03 1.576229140479623331e-03 6.514548368873051241e-03
6.818658753200020328e+02 5.561648746172559270e-03 5.561654728381865316e-03 1.123145832455583505e-03 4.082149769003336898e-03
6.819658753000020397e+02 2.618002534630069298e-03 2.618003013960321004e-03 6.329236654190024220e-04 1.956309738003130655e-03
6.820658752800020466e+02 1.467615513011483793e-03 1.467615487041884492e-03 4.274156914298474046e-04 1.120882230494405375e-03
6.821658752600020534e+02 9.732374690447400658e-04 9.732373445606888520e-04 3.345632936144779068e-04 7.603460357399689958e-04
6.822658752400020603e+02 7.175057543564486266e-04 7.175056120875260724e-04 2.832755405653026312e-04 5.727623023364257406e-04
6.823658752200020672e+02 5.666356450049665500e-04 5.666355044848600401e-04 2.506595198749752900e-04 4.613102231216005544e-04
6.824658752000020741e+02 4.690991486976283775e-04 4.690990145272409578e-04 2.278313675607919779e-04 3.886765102618871225e-04
6.825658751800020809e+02 4.016900817518536163e-04 4.016899545414276667e-04 2.107311850496405674e-04 3.380370737809739682e-04
6.826658751600020878e+02 3.526736020323342118e-04 3.526734813419338840e-04 1.972657656629799743e-04 3.008709496790826720e-04
6.827658751400020947e+02 3.155752451634045649e-04 3.155751303230442534e-04 1.862541257076508411e-04 2.724681670646999045e-04
6.828658751200021015e+02 2.865731388090881748e-04 2.865730291687668303e-04 1.769820553872392631e-04 2.500427411216980984e-04
6.829658751000021084e+02 2.632863966459083921e-04 2.632862916556201189e-04 1.689931732757032337e-04 2.318552871924105816e-04
6.830658750800021153e+02 2.441651756637151457e-04 2.441650748734539174e-04 1.619824835110701255e-04 2.167709113494130900e-04
6.831658750600021222e+02 2.281630194723045237e-04 2.281629224720680403e-04 1.557384231263394321e-04 2.040214550235706925e-04
6.832658750400021290e+02 2.145511504435512794e-04 2.145510569333328036e-04 1.501095386357193559e-04 1.930705820042011192e-04
6.833658750200021359e+02 2.028083702991367182e-04 2.028082799889357503e-04 1.449844297648092634e-04 1.835336933509605954e-04
6.834658750000021428e+02 1.925532358174939342e-04 1.925531484973055821e-04 1.402792016776657140e-04 1.751285286641551038e-04
6.835658749800021496e+02 1.835008738144095982e-04 1.835007892642345772e-04 1.359293490992295240e-04 1.676436707259579089e-04
6.836658749600021565e+02 1.754346810326011909e-04 1.754345990924357091e-04 1.318843529914967365e-04 1.609178777055112212e-04
6.837658749400021634e+02 1.681873029998800497e-04 1.681872235097242184e-04 1.281039907099421060e-04 1.548261724065154671e-04
6.838658749200021703e+02 1.616275591388065876e-04 1.616274819686585760e-04 1.245557589062138749e-04 1.492702666712263462e-04
6.839658749000021771e+02 1.556512732098621818e-04 1.556511982397214093e-04 1.212130373433101862e-04 1.441718362642979213e-04
6.840658748800021840e+02 1.501747257022474429e-04 1.501746528221132779e-04 1.180537565350457668e-04 1.394677116864688428e-04
6.841658748600021909e+02 1.451299015748445107e-04 1.451298306847163518e-04 1.150594153348650356e-04 1.351063825314753174e-04
6.842658748400021977e+02 1.404609896601057039e-04 1.404609206799823328e-04 1.122143455608619550e-04 1.310454186336500063e-04
6.843658748200022046e+02 1.361217689100831533e-04 1.361217017499652187e-04 1.095051541050117132e-04 1.272495415883533347e-04
6.844658748000022115e+02 1.320736324476062427e-04 1.320735670174937970e-04 1.069202943353372306e-04 1.236891646001457568e-04
6.845658747800022184e+02 1.282840766179096286e-04 1.282840128678000807e-04 1.044497330100914429e-04 1.203392741652670552e-04
6.846658747600022252e+02 1.247255334477064817e-04 1.247254713076011916e-04 1.020846886734285531e-04 1.171785644762454043e-04
6.847658747400022321e+02 1.213744593595408096e-04 1.213743987694391481e-04 9.981742416311257539e-05 1.141887607640308444e-04
6.848658747200022390e+02 1.182106176399463573e-04 1.182105585298489660e-04 9.764108039500643012e-05 1.113540855216006026e-04
6.849658747000022458e+02 1.152165084404416885e-04 1.152164507703466436e-04 9.554954218713359866e-05 1.086608337993073147e-04
6.850658746800022527e+02 1.123769124805511026e-04 1.123768561904597401e-04 9.353732898014905349e-05 1.060970325503866321e-04
6.851658746600022596e+02 1.096785229724181406e-04 1.096784680123298345e-04 9.159950517315619740e-05 1.036521653859680665e-04
6.852658746400022665e+02 1.071096466365684086e-04 1.071095929664825093e-04 8.973160602575740760e-05 1.013169485429361085e-04
6.853658746200022733e+02 1.046599592485632197e-04 1.046599068284797006e-04 8.792957599029562507e-05 9.908314735577951511e-05
6.854658746000022802e+02 1.023203044563561048e-04 1.023202532362757087e-04 8.618971707325244502e-05 9.694342492196142403e-05
6.855658745800022871e+02 1.000825272781466089e-04 1.000824772180686591e-04 8.450864530974198734e-05 9.489121660198574729e-05
6.856658745600022939e+02 9.793933553667519818e-05 9.793928660559910186e-05 8.288325388711471355e-05 9.292062534312965313e-05
6.857658745400023008e+02 9.588418387883239987e-05 9.588413603975857883e-05 8.131068169762516683e-05 9.102633387207204399e-05
6.858658745200023077e+02 9.391117622852254081e-05 9.391112944745080794e-05 7.978828641315514458e-05 8.920353069637615992e-05
6.859658745000023146e+02 9.201498336074235293e-05 9.201493760567257599e-05 7.831362128699413509e-05 8.744784741780302134e-05
6.860658744800023214e+02 9.019077290980148415e-05 9.019072814973362606e-05 7.688441509263796024e-05 8.575530538405766305e-05
6.861658744600023283e+02 8.843414968569679447e-05 8.843410589063077783e-05 7.549855468363679176e-05 8.412227008665477447e-05
6.862658744400023352e+02 8.674110456158167133e-05 8.674106170351739229e-05 7.415406977045858427e-05 8.254541201185253575e-05
6.863658744200023420e+02 8.510797052132270085e-05 8.510792857226016396e-05 7.284911957737350886e-05 8.102167289031879122e-05
6.864658744000023489e+02 8.353138473013552341e-05 8.353134366407459835e-05 7.158198110736237619e-05 7.954823650052415243e-05
6.865658743800023558e+02 8.200825566326139975e-05 8.200821545520202427e-05 7.035103876502530620e-05 7.812250329449625696e-05
6.866658743600023627e+02 8.053573453770905956e-05 8.053569516365118529e-05 6.915477516851567573e-05 7.674206828995864019e-05
6.867658743400023695e+02 7.911119037802850896e-05 7.911115181397214175e-05 6.799176297547719736e-05 7.540470172249262506e-05
6.868658743200023764e+02 7.773218819811677940e-05 7.773215042206177666e-05 6.686065757599028909e-05 7.410833206538960602e-05
