7.087891658704399561e+03 1.532337779799999898e-05 1.532337752399999905e-05 1.532337989100000054e-05 1.532337840433333173e-05
7.087991658664399438e+03 1.449982356642583206e-05 1.449982472942525701e-05 1.449982651942548818e-05 1.449982493842552405e-05
7.088091658624399315e+03 1.369580152622570468e-05 1.369580215622613239e-05 1.369580450022568773e-05 1.369580272755917606e-05
7.088191658584399192e+03 1.292125050546582808e-05 1.292125129246564046e-05 1.292125396646524253e-05 1.292125192146556979e-05
7.088291658544399070e+03 1.217879383793877653e-05 1.217879430293929183e-05 1.217879662593985348e-05 1.217879492227263892e-05
7.088391658504398947e+03 1.147432263694716657e-05 1.147432319994696967e-05 1.147432540794719960e-05 1.147432374828044472e-05
7.088491658464398824e+03 1.081087510628181149e-05 1.081087574728162270e-05 1.081087797228158196e-05 1.081087627528167205e-05
7.088591658424398702e+03 1.019227648508634310e-05 1.019227758508505833e-05 1.019227943608610700e-05 1.019227783541916948e-05
7.088691658384398579e+03 9.616324319553986192e-06 9.616324940255518492e-06 9.616327416853516217e-06 9.616325558887673069e-06
7.088791658344398456e+03 9.080032328160332167e-06 9.080032780060939149e-06 9.080035378060503245e-06 9.080033495427258187e-06
7.088891658304398334e+03 8.583264890176071847e-06 8.583265688074687651e-06 8.583268270974749357e-06 8.583266283075168489e-06
7.088991658264398211e+03 8.125494531197541769e-06 8.125495570896477845e-06 8.125497671298600379e-06 8.125495924464206664e-06
7.089091658224398088e+03 7.703824252226661919e-06 7.703825142127380816e-06 7.703826889029078074e-06 7.703825427794373603e-06
7.089191658184397966e+03 7.315136984780682283e-06 7.315137738781388691e-06 7.315139632780623279e-06 7.315138118780898366e-06
7.089291658144397843e+03 6.956806336359659658e-06 6.956806888960787391e-06 6.956808968059750933e-06 6.956807397793400174e-06
7.089391658104397720e+03 6.627491774793244329e-06 6.627492189194073892e-06 6.627494579792204924e-06 6.627492847926507997e-06
7.089491658064397598e+03 6.323237638433368555e-06 6.323238342231516381e-06 6.323240733331512741e-06 6.323238904665465892e-06
7.089591658024397475e+03 6.040505180688498623e-06 6.040505784189181245e-06 6.040508383587764249e-06 6.040506449488481372e-06
7.089691657984397352e+03 5.781275304660899379e-06 5.781275360264843916e-06 5.781278431161448957e-06 5.781276365362397700e-06
7.089791657944397230e+03 5.540540513191060605e-06 5.540541187986353930e-06 5.540543690990670702e-06 5.540541797389361181e-06
7.089891657904397107e+03 5.315047769647275365e-06 5.315048429147398301e-06 5.315051176945440463e-06 5.315049125246705274e-06
7.089991657864396984e+03 5.108841135341187346e-06 5.108841881640458440e-06 5.108844549641129227e-06 5.108842522207592518e-06
7.090091657824396862e+03 4.917494125859815208e-06 4.917494894459618965e-06 4.917497111063591141e-06 4.917495377127675387e-06
7.090191657784396739e+03 4.736357388163267390e-06 4.736358062564133895e-06 4.736360123365567096e-06 4.736358524697656127e-06
7.090291657744396616e+03 4.569193919174544568e-06 4.569194536975087280e-06 4.569196725873857737e-06 4.569195060674497093e-06
7.090391657704396494e+03 4.414983627307021577e-06 4.414984359805874546e-06 4.414986598805373284e-06 4.414984861972756469e-06
7.090491657664396371e+03 4.269173987625167393e-06 4.269174934122941383e-06 4.269176655128328296e-06 4.269175192292145408e-06
7.090591657624396248e+03 4.131745359334389631e-06 4.131746125836334182e-06 4.131748423730103199e-06 4.131746636300275670e-06
7.090691657584396125e+03 4.004909449066068834e-06 4.004910035668084169e-06 4.004912373367638840e-06 4.004910619367264230e-06
7.090791657544396003e+03 3.887555880805519752e-06 3.887556344606944725e-06 3.887559231800569671e-06 3.887557152404344998e-06
7.090891657504395880e+03 3.774135693946413403e-06 3.774135941349010435e-06 3.774139128645409094e-06 3.774136921313611401e-06
7.090991657464395757e+03 3.667536773930563866e-06 3.667537224228047917e-06 3.667540090332030549e-06 3.667538029496880777e-06
7.091091657424395635e+03 3.569181884046362342e-06 3.569182306146723513e-06 3.569185333944653611e-06 3.569183174712579822e-06
7.091191657384395512e+03 3.477197639295331106e-06 3.477198258892724196e-06 3.477200694900535900e-06 3.477198864362864299e-06
7.091291657344395389e+03 3.390278994897227059e-06 3.390279769995112257e-06 3.390281536504217440e-06 3.390280100465519342e-06
7.091391657304395267e+03 3.306404065052509732e-06 3.306404568456313445e-06 3.306406966047477763e-06 3.306405199852100454e-06
7.091491657264395144e+03 3.226885441471560597e-06 3.226886085969528944e-06 3.226888482769540349e-06 3.226886670070209822e-06
7.091591657224395021e+03 3.151973569599110853e-06 3.151974571793816658e-06 3.151976864495357564e-06 3.151975001962761692e-06
7.091691657184394899e+03 3.081321956007420076e-06 3.081323219703445288e-06 3.081326016895776700e-06 3.081323730868881253e-06
7.091791657144394776e+03 3.017240519572666072e-06 3.017241451877835942e-06 3.017244007081610950e-06 3.017241992844037373e-06
7.091891657104394653e+03 2.956024775354587823e-06 2.956025392559629527e-06 2.956027894760477527e-06 2.956026020891564959e-06
7.091991657064394531e+03 2.894755971412105522e-06 2.894756449914380217e-06 2.894759408606893110e-06 2.894757276644459334e-06
7.092091657024394408e+03 2.838079375069266777e-06 2.838080170263946313e-06 2.838083458458410324e-06 2.838081001263874895e-06
7.092191656984394285e+03 2.784235216122024214e-06 2.784235833625080484e-06 2.784239262222665770e-06 2.784236770656590438e-06
7.092291656944394163e+03 2.733655232710082540e-06 2.733656020107091961e-06 2.733659134412623594e-06 2.733656795743265749e-06
7.092391656904394040e+03 2.685962424072617250e-06 2.685963879260596609e-06 2.685965641084942131e-06 2.685963981472718804e-06
7.092491656864393917e+03 2.641032527512211557e-06 2.641033218226277870e-06 2.641035414818278009e-06 2.641033720185589287e-06
7.092591656824393795e+03 2.597705098558249549e-06 2.597705724359469069e-06 2.597708237053526814e-06 2.597706353323748054e-06
7.092691656784393672e+03 2.555281505835554859e-06 2.555282280232701981e-06 2.555285388421268719e-06 2.555283058163175045e-06
7.092791656744393549e+03 2.516242249271020887e-06 2.516243018371125077e-06 2.516246555762712663e-06 2.516243941134952876e-06
7.092891656704393426e+03 2.479435568935283394e-06 2.479436787326297914e-06 2.479439340445983507e-06 2.479437232235854938e-06
7.092991656664393304e+03 2.443046335242902998e-06 2.443047851236831883e-06 2.443050377037388716e-06 2.443048187839041340e-06
7.093091656624393181e+03 2.408459384910548080e-06 2.408460415720639940e-06 2.408463997498675456e-06 2.408461266043287825e-06
7.093191656584393058e+03 2.377436978775775012e-06 2.377437558885329816e-06 2.377440973588872308e-06 2.377438503749992520e-06
7.093291656544392936e+03 2.349171522534863322e-06 2.349171879939673839e-06 2.349174977846516747e-06 2.349172793440351020e-06
7.093391656504392813e+03 2.320187528350424206e-06 2.320188308141131547e-06 2.320191467239785181e-06 2.320189101243780311e-06
7.093491656464392690e+03 2.294284071338024722e-06 2.294285420125279397e-06 2.294288042137310212e-06 2.294285844533538110e-06
7.093591656424392568e+03 2.268429048396729988e-06 2.268430132702760995e-06 2.268433500785749407e-06 2.268430893961746938e-06
7.093691656384392445e+03 2.243643354129580301e-06 2.243644706723355301e-06 2.243648051823888964e-06 2.243645370892275137e-06
7.093791656344392322e+03 2.221063101094734795e-06 2.221064716388535408e-06 2.221067459102751889e-06 2.221065092195340839e-06
7.093891656304392200e+03 2.197048082963246318e-06 2.197048937781498278e-06 2.197052386864544476e-06 2.197049802536429691e-06
7.093991656264392077e+03 2.175889471870304990e-06 2.175890790758980529e-06 2.175894178860469060e-06 2.175891480496585142e-06
7.094091656224391954e+03 2.158272944189385822e-06 2.158274530282759381e-06 2.158278136377352796e-06 2.158275203616499474e-06
7.094191656184391832e+03 2.140162339889152225e-06 2.140163684195246009e-06 2.140167209197289875e-06 2.140164411093896177e-06
7.094291656144391709e+03 2.122632979152911578e-06 2.122633807366123362e-06 2.122637383364817928e-06 2.122634723294617623e-06
7.094391656104391586e+03 2.106173894736966319e-06 2.106174895532478727e-06 2.106178459432792913e-06 2.106175749900745704e-06
7.094491656064391464e+03 2.089211148118470727e-06 2.089211904324928433e-06 2.089215396126831528e-06 2.089212816190076896e-06
7.094591656024391341e+03 2.075235201754649342e-06 2.075235747860280354e-06 2.075239340257584447e-06 2.075236763290838189e-06
7.094691655984391218e+03 2.064597197052316985e-06 2.064597535857955599e-06 2.064601968735093775e-06 2.064598900548455876e-06
7.094791655944391096e+03 2.052336100808715196e-06 2.052337004793115281e-06 2.052341514191004083e-06 2.052338206597611096e-06
7.094891655904390973e+03 2.039192881812089244e-06 2.039194133102364880e-06 2.039197633630614427e-06 2.039194882848356184e-06
7.094991655864390850e+03 2.027450165393231263e-06 2.027450441020941802e-06 2.027455008490638668e-06 2.027451871634937245e-06
7.095091655824390728e+03 2.018285228949042822e-06 2.018284982064090918e-06 2.018290512036370860e-06 2.018286907683168341e-06
7.095191655784390605e+03 2.012165836884317783e-06 2.012165931974331578e-06 2.012171272879853310e-06 2.012167680579500608e-06
7.095291655744390482e+03 2.003393610861131454e-06 2.003395329513072899e-06 2.003399682442317711e-06 2.003396207605507072e-06
7.095391655704390359e+03 1.995039386227236810e-06 1.995041048928916674e-06 1.995045633721959429e-06 1.995042022959370830e-06
7.095491655664390237e+03 1.989557780238799899e-06 1.989559030951324525e-06 1.989563612851412646e-06 1.989560141347179023e-06
7.095591655624390114e+03 1.983233519188750769e-06 1.983234633192960964e-06 1.983239579181746613e-06 1.983235910521152641e-06
7.095691655584389991e+03 1.979922606497944346e-06 1.979924050487648393e-06 1.979929069085383230e-06 1.979925242023658656e-06
7.095791655544389869e+03 1.977315025099178961e-06 1.977316379901997677e-06 1.977320332835673561e-06 1.977317245945616451e-06
7.095891655504389746e+03 1.973555021221706469e-06 1.973556390521242932e-06 1.973560155327261798e-06 1.973557189023403592e-06
7.095991655464389623e+03 1.970385576689757984e-06 1.970386994388189964e-06 1.970391468665201849e-06 1.970388013247716316e-06
7.096091655424389501e+03 1.969437141406431492e-06 1.969438373412522740e-06 1.969443419293774108e-06 1.969439644704243062e-06
7.096191655384389378e+03 1.968091088289554103e-06 1.968092816773070071e-06 1.968096606814766098e-06 1.968093503959130232e-06
7.096291655344389255e+03 1.966716121299090810e-06 1.966717661605414427e-06 1.966722114283147567e-06 1.966718632395884550e-06
7.096391655304389133e+03 1.966757165102888142e-06 1.966758597406560154e-06 1.966764413660197739e-06 1.966760058723215486e-06
7.096491655264389010e+03 1.968104472650926580e-06 1.968105654859530306e-06 1.968111637153819934e-06 1.968107254888092556e-06
7.096591655224388887e+03 1.972026204120161475e-06 1.972027649011019216e-06 1.972032912136047347e-06 1.972028921755742821e-06
7.096691655184388765e+03 1.975279073799403612e-06 1.975280003417542722e-06 1.975285362014180614e-06 1.975281479743709124e-06
7.096791655144388642e+03 1.979132279024644976e-06 1.979133693007400491e-06 1.979139411394591735e-06 1.979135127808879067e-06
7.096891655104388519e+03 1.984002386074235189e-06 1.984004263357556202e-06 1.984009960358326386e-06 1.984005536596706067e-06
7.096991655064388397e+03 1.991104745170281193e-06 1.991106228084637671e-06 1.991111425302830506e-06 1.991107466185916598e-06
7.097091655024388274e+03 1.996883131856364498e-06 1.996885775113661719e-06 1.996890401934652267e-06 1.996886436301559636e-06
7.097191654984388151e+03 2.001390072742950386e-06 2.001392496451119059e-06 2.001397301844475614e-06 2.001393290346181968e-06
7.097291654944388029e+03 2.008728019488245913e-06 2.008728720253030689e-06 2.008735247688279905e-06 2.008730662476518694e-06
7.097391654904387906e+03 2.016727841004782967e-06 2.016729175480698562e-06 2.016736043667751738e-06 2.016731020051077332e-06
7.097491654864387783e+03 2.025688213719060515e-06 2.025690465783824776e-06 2.025696716607532991e-06 2.025691798703472761e-06
7.097591654824387660e+03 2.035846023573753260e-06 2.035848241675072587e-06 2.035854835661756373e-06 2.035849700303527407e-06
7.097691654784387538e+03 2.044951239575879647e-06 2.044952766302982712e-06 2.044958738727349247e-06 2.044954248202070253e-06
7.097791654744387415e+03 2.057481845780887609e-06 2.057484213147595922e-06 2.057490515334535872e-06 2.057485524754339801e-06
7.097891654704387292e+03 2.072022700660603955e-06 2.072024883567983845e-06 2.072032499015451646e-06 2.072026694414679674e-06
7.097991654664387170e+03 2.084620868435351443e-06 2.084622542555906609e-06 2.084630433844764258e-06 2.084624614945340911e-06
7.098091654624387047e+03 2.097468094130870318e-06 2.097469645535875960e-06 2.097476840164301612e-06 2.097471526610349579e-06
7.098191654584386924e+03 2.113301063774340893e-06 2.113302583275655759e-06 2.113310211457791278e-06 2.113304619502595977e-06
7.098291654544386802e+03 2.131156138322760581e-06 2.131157368034816404e-06 2.131164762144554533e-06 2.131159422834043698e-06
7.098391654504386679e+03 2.149405256833677062e-06 2.149407425094255554e-06 2.149414176521248706e-06 2.149408952816393633e-06
7.098491654464386556e+03 2.167639639359460574e-06 2.167642363835877360e-06 2.167649010340325047e-06 2.167643671178554044e-06
7.098591654424386434e+03 2.187873929365608247e-06 2.187875873199022553e-06 2.187884594910199228e-06 2.187878132491610009e-06
7.098691654384386311e+03 2.209398536731313167e-06 2.209399776061747437e-06 2.209409770206779849e-06 2.209402694333280151e-06
7.098791654344386188e+03 2.228481070103156408e-06 2.228482282404333533e-06 2.228490512481253015e-06 2.228484621662914178e-06
7.098891654304386066e+03 2.252552603239298193e-06 2.252554973088363613e-06 2.252563458377130877e-06 2.252557011568264510e-06
7.098991654264385943e+03 2.277724073080623767e-06 2.277724903748969443e-06 2.277735388060208649e-06 2.277728121629934235e-06
7.099091654224385820e+03 2.302499063577186111e-06 2.302500468551453158e-06 2.302510819757420192e-06 2.302503450628686064e-06
7.099191654184385698e+03 2.329094790265250291e-06 2.329097087324927330e-06 2.329106056887380319e-06 2.329099311492519172e-06
7.099291654144385575e+03 2.357190788714783257e-06 2.357191964765905538e-06 2.357201904621655039e-06 2.357194886034114611e-06
7.099391654104385452e+03 2.389461646226650081e-06 2.389464176964329452e-06 2.389473816278157196e-06 2.389466546489712243e-06
7.099491654064385330e+03 2.422905756985255005e-06 2.422909099047610659e-06 2.422918444761233711e-06 2.422911100264699651e-06
7.099591654024385207e+03 2.455879378729934043e-06 2.455882573836813768e-06 2.455893732851946362e-06 2.455885228472898340e-06
7.099691653984385084e+03 2.489038380789206543e-06 2.489040451442283019e-06 2.489052276310857401e-06 2.489043702847449411e-06
7.099791653944384962e+03 2.528025100612395688e-06 2.528027548194450560e-06 2.528036872513483767e-06 2.528029840440110287e-06
7.099891653904384839e+03 2.568460623084882490e-06 2.568463790750317238e-06 2.568474148100723528e-06 2.568466187311974843e-06
7.099991653864384716e+03 2.607632040299628164e-06 2.607636039359388245e-06 2.607647642699081759e-06 2.607638574119366197e-06
7.100091653824384593e+03 2.650932637413466446e-06 2.650937574367696613e-06 2.650949392057238591e-06 2.650939867946134307e-06
7.100191653784384471e+03 2.696608340541829101e-06 2.696611456331437843e-06 2.696623441223211344e-06 2.696614412698826237e-06
7.100291653744384348e+03 2.745469127988501150e-06 2.745473427029804201e-06 2.745484925653924751e-06 2.745475826890743226e-06
7.100391653704384225e+03 2.799184262021948004e-06 2.799190100344982443e-06 2.799200951577352461e-06 2.799191771314760546e-06
7.100491653664384103e+03 2.853343532162005434e-06 2.853348408010521114e-06 2.853359489198929050e-06 2.853350476457152148e-06
7.100591653624383980e+03 2.908732272538682418e-06 2.908735949699576854e-06 2.908749023698337001e-06 2.908739081978865566e-06
7.100691653584383857e+03 2.969533286463105891e-06 2.969537440238698945e-06 2.969550515638632429e-06 2.969540414113479089e-06
7.100791653544383735e+03 3.033871006652433419e-06 3.033874309696335365e-06 3.033888171655746491e-06 3.033877829334838707e-06
7.100891653504383612e+03 3.102796061972388075e-06 3.102799057088398937e-06 3.102815727342361980e-06 3.102803615467716613e-06
7.100991653464383489e+03 3.175432094948300261e-06 3.175434234693123255e-06 3.175449535864874773e-06 3.175438621835432763e-06
7.101091653424383367e+03 3.252884163002740213e-06 3.252889160951816300e-06 3.252905615190926684e-06 3.252892979715161207e-06
7.101191653384383244e+03 3.334127988602694295e-06 3.334133420679605533e-06 3.334149552396767753e-06 3.334136987226355578e-06
7.101291653344383121e+03 3.419233053141250536e-06 3.419238533338672290e-06 3.419255850475129328e-06 3.419242478985017102e-06
7.101391653304382999e+03 3.510244887726796367e-06 3.510251198181959916e-06 3.510268533280993199e-06 3.510254873063249827e-06
7.101491653264382876e+03 3.609302752809459979e-06 3.609307825576796630e-06 3.609326324613474299e-06 3.609312300999910162e-06
7.101591653224382753e+03 3.717376174428299189e-06 3.717380487369936371e-06 3.717402252690936943e-06 3.717386304829723885e-06
7.101691653184382631e+03 3.829308798385858934e-06 3.829313596459076291e-06 3.829338790869788714e-06 3.829320395238241030e-06
7.101791653144382508e+03 3.949426551903971459e-06 3.949432482940977079e-06 3.949458302606222100e-06 3.949439112483723829e-06
7.101891653104382385e+03 4.079571592021264073e-06 4.079577598017069542e-06 4.079604312466961059e-06 4.079584500835098225e-06
7.101991653064382263e+03 4.218213725029246602e-06 4.218220532784024767e-06 4.218250070024813253e-06 4.218228109279360694e-06
7.102091653024382140e+03 4.369697904726519515e-06 4.369700912442376283e-06 4.369730769124240229e-06 4.369709862097712291e-06
7.102191652984382017e+03 4.531893754330140167e-06 4.531899341582569582e-06 4.531923404413998740e-06 4.531905500108902830e-06
7.102291652944381894e+03 4.707651161692595992e-06 4.707643165575053447e-06 4.707682508794830642e-06 4.707658945354160874e-06
7.102391652904381772e+03 4.900131229561490084e-06 4.900130447243018741e-06 4.900160004310702141e-06 4.900140560371736989e-06
7.102491652864381649e+03 5.108697283144996255e-06 5.108720912719277875e-06 5.108736407740519753e-06 5.108718201201597396e-06
7.102591652824381526e+03 5.335991854466902898e-06 5.336001390995709665e-06 5.336038175943735648e-06 5.336010473802116070e-06
7.102691652784381404e+03 5.587013351292814927e-06 5.587018532950591121e-06 5.587067106952709782e-06 5.587032997065371661e-06
7.102791652744381281e+03 5.861458612121600810e-06 5.861491933244367288e-06 5.861530784123943350e-06 5.861493776496637431e-06
7.102891652704381158e+03 6.162987272920776168e-06 6.162997804088360133e-06 6.163033244992936920e-06 6.163006107334024407e-06
7.102991652664381036e+03 6.497115472267432256e-06 6.497129860434371538e-06 6.497181087980785301e-06 6.497142140227529981e-06
7.103091652624380913e+03 6.868658159586188658e-06 6.868670417715717144e-06 6.868724831622031305e-06 6.868684469641311804e-06
7.103191652584380790e+03 7.283267978730088078e-06 7.283279562571349537e-06 7.283337026984657650e-06 7.283294856095364241e-06
7.103291652544380668e+03 7.744560773086839767e-06 7.744565464211456283e-06 7.744629547703705725e-06 7.744585261667333360e-06
7.103391652504380545e+03 8.265095886984783770e-06 8.265097627667697267e-06 8.265172060026050447e-06 8.265121858226176597e-06
7.103491652464380422e+03 8.853384477700397282e-06 8.853391962541928370e-06 8.853464182080058066e-06 8.853413540774129035e-06
7.103591652424380300e+03 9.521467318834558321e-06 9.521481162635211479e-06 9.521562624554742602e-06 9.521503702008169106e-06
7.103691652384380177e+03 1.028375001519129324e-05 1.028377936621119879e-05 1.028387191951021306e-05 1.028380043363756836e-05
7.103791652344380054e+03 1.115676025190660093e-05 1.115679838034838222e-05 1.115687709122886224e-05 1.115681190782794734e-05
7.103891652304379932e+03 1.216742291980468679e-05 1.216746114379860653e-05 1.216754538844436606e-05 1.216747648401588590e-05
7.103991652264379809e+03 1.334105899489872669e-05 1.334111653165490045e-05 1.334120966408251262e-05 1.334112839687871382e-05
7.104091652224379686e+03 1.471031882482905901e-05 1.471038888801737279e-05 1.471049425322467149e-05 1.471040065535703217e-05
7.104191652184379564e+03 1.632243935534796148e-05 1.632250226781427465e-05 1.632262106293863338e-05 1.632252089536695764e-05
7.104291652144379441e+03 1.822708041385181650e-05 1.822714432178647908e-05 1.822728230252787128e-05 1.822716901272205449e-05
7.104391652104379318e+03 2.048742517618838053e-05 2.048747434816102652e-05 2.048764898074192416e-05 2.048751616836377707e-05
7.104491652064379196e+03 2.318236765428463011e-05 2.318242208093562815e-05 2.318261644262568704e-05 2.318246872594864844e-05
7.104591652024379073e+03 2.640085506594985331e-05 2.640090520823609114e-05 2.640115047483549326e-05 2.640097024967381144e-05
7.104691651984378950e+03 3.023586315978804085e-05 3.023594389873177998e-05 3.023620739150712170e-05 3.023600481667564638e-05
7.104791651944378827e+03 3.476460355491169796e-05 3.476472184037350662e-05 3.476499507171521307e-05 3.476477348900013922e-05
7.104891651904378705e+03 4.002313625218210312e-05 4.002329826120886190e-05 4.002367160740061291e-05 4.002336870693052598e-05
7.104991651864378582e+03 4.593249747724220770e-05 4.593263008625351074e-05 4.593304300154725793e-05 4.593272352168098987e-05
7.105091651824378459e+03 5.221381709091625216e-05 5.221396544883251585e-05 5.221443440297694689e-05 5.221407231424191400e-05
7.105191651784378337e+03 5.829087915480878003e-05 5.829101674155427742e-05 5.829156268722635015e-05 5.829115286119647372e-05
7.105291651744378214e+03 6.330289903930917000e-05 6.330306895905858352e-05 6.330365102654468546e-05 6.330320634163747514e-05
7.105391651704378091e+03 6.627017801871368967e-05 6.627033783342124566e-05 6.627092551202861575e-05 6.627048045472117466e-05
7.105491651664377969e+03 6.649914704201876703e-05 6.649930362224644616e-05 6.649993873490686667e-05 6.649946313305735092e-05
7.105591651624377846e+03 6.395344986783326835e-05 6.395358416341112757e-05 6.395416284740680158e-05 6.395373229288373702e-05
7.105691651584377723e+03 5.926625838699404992e-05 5.926637685412100023e-05 5.926689321555842052e-05 5.926650948555782581e-05
7.105791651544377601e+03 5.340676172542351051e-05 5.340685614114564503e-05 5.340732958221865243e-05 5.340698248292927158e-05
7.105891651504377478e+03 4.727046165756331939e-05 4.727052145305604794e-05 4.727092912879127934e-05 4.727063741313687997e-05
7.105991651464377355e+03 4.146335813805732264e-05 4.146342431459511691e-05 4.146380311868523593e-05 4.146352852377923194e-05
7.106091651424377233e+03 3.629260828557778903e-05 3.629264422477927363e-05 3.629294350256907981e-05 3.629273200430871416e-05
7.106191651384377110e+03 3.185212966127865463e-05 3.185221192188750851e-05 3.185245863873483884e-05 3.185226674063366958e-05
7.106291651344376987e+03 2.811813100746791595e-05 2.811814758730264330e-05 2.811836926614530099e-05 2.811821595363862234e-05
7.106391651304376865e+03 2.501345146865488947e-05 2.501349018001667283e-05 2.501367922943130138e-05 2.501354029270095230e-05
7.106491651264376742e+03 2.244489565927244694e-05 2.244492822772963507e-05 2.244509426644158263e-05 2.244497271781455713e-05
7.106591651224376619e+03 2.032665682032384292e-05 2.032670171240193152e-05 2.032679112713372155e-05 2.032671655328649867e-05
7.106691651184376497e+03 1.857959790720108148e-05 1.857964254322040879e-05 1.857978469425389996e-05 1.857967504822512895e-05
7.106791651144376374e+03 1.713644941068472220e-05 1.713646600480485334e-05 1.713662458856274096e-05 1.713651333468410324e-05
7.106891651104376251e+03 1.594539108829794014e-05 1.594542186421987488e-05 1.594549852344672675e-05 1.594543715865485065e-05
7.106991651064376128e+03 1.496349888961314392e-05 1.496350534447150330e-05 1.496360904940457034e-05 1.496353776116307252e-05
7.107091651024376006e+03 1.415527147106785685e-05 1.415529442280065293e-05 1.415535652399623269e-05 1.415530747262158308e-05
7.107191650984375883e+03 1.349580248630135520e-05 1.349579194188756338e-05 1.349592251360096783e-05 1.349583898059663050e-05
7.107291650944375760e+03 1.296259061863093096e-05 1.296257404109893890e-05 1.296272551847693802e-05 1.296263005940226873e-05
7.107391650904375638e+03 1.253619206755577861e-05 1.253621593940043466e-05 1.253629949369899055e-05 1.253623583355173460e-05
7.107491650864375515e+03 1.220450292594090211e-05 1.220451465489322992e-05 1.220464769901249493e-05 1.220455509328221068e-05
7.107591650824375392e+03 1.195464296852919217e-05 1.195465639739515377e-05 1.195469321097904622e-05 1.195466419230113016e-05
7.107691650784375270e+03 1.177900256430536278e-05 1.177899240217393353e-05 1.177902891619705848e-05 1.177900796089211826e-05
7.107791650744375147e+03 1.167381467654131358e-05 1.167385954116067266e-05 1.167389569718916967e-05 1.167385663829705084e-05
7.107891650704375024e+03 1.163395575030913962e-05 1.163393595448275403e-05 1.163403316759777873e-05 1.163397495746322413e-05
7.107991650664374902e+03 1.165800275520297107e-05 1.165799540520182612e-05 1.165809797877120349e-05 1.165803204639200135e-05
7.108091650624374779e+03 1.175335844576954375e-05 1.175336714647261985e-05 1.175335515972990572e-05 1.175336025065735644e-05
7.108191650584374656e+03 1.194528394396155741e-05 1.194529206600865458e-05 1.194531127447463727e-05 1.194529576148161699e-05
7.108291650544374534e+03 1.210986279149984611e-05 1.210985938544061493e-05 1.210996529336554669e-05 1.210989582343533647e-05
7.108391650504374411e+03 1.228760805075008841e-05 1.228755769060057297e-05 1.228769338715827906e-05 1.228761970950298184e-05
7.108491650464374288e+03 1.257269556598091564e-05 1.257265668903430127e-05 1.257268994547629105e-05 1.257268073349716876e-05
7.108591650424374166e+03 1.295509523953053998e-05 1.295507479200452982e-05 1.295513710059810539e-05 1.295510237737772280e-05
7.108691650384374043e+03 1.357287867861690177e-05 1.357281809295680998e-05 1.357283867042933789e-05 1.357284514733434875e-05
7.108791650344373920e+03 1.393486234383821075e-05 1.393474966219353402e-05 1.393476494063628041e-05 1.393479231555600783e-05
7.108891650304373798e+03 1.419739076423455842e-05 1.419730050535051751e-05 1.419735537702435900e-05 1.419734888220314611e-05
7.108991650264373675e+03 1.468172708429836817e-05 1.468169337652519609e-05 1.468167605661897858e-05 1.468169883914751428e-05
7.109091650224373552e+03 1.528800410165358030e-05 1.528810542920197956e-05 1.528812471109735856e-05 1.528807808065097394e-05
7.109191650184373430e+03 1.600977828679044502e-05 1.600989264168139196e-05 1.600992703039444019e-05 1.600986598628876019e-05
7.109291650144373307e+03 1.684627487580247265e-05 1.684639196056886799e-05 1.684630557490818202e-05 1.684632413709317422e-05
7.109391650104373184e+03 1.781436160628379830e-05 1.781429275527571932e-05 1.781433853990717312e-05 1.781433096715556358e-05
7.109491650064373061e+03 1.892665073581048019e-05 1.892667851645937559e-05 1.892688350970349919e-05 1.892673758732445053e-05
7.109591650024372939e+03 2.019772883583829693e-05 2.019752429400642347e-05 2.019748146252074066e-05 2.019757819745515143e-05
7.109691649984372816e+03 2.164336186503895695e-05 2.164349357071376558e-05 2.164327788578607038e-05 2.164337777384626205e-05
7.109791649944372693e+03 2.327439509056894194e-05 2.327435133594322927e-05 2.327435729452417509e-05 2.327436790701211769e-05
7.109891649904372571e+03 2.509476490044177004e-05 2.509475835216595617e-05 2.509476331425536727e-05 2.509476218895436675e-05
7.109991649864372448e+03 2.697283377568023070e-05 2.697286014277053843e-05 2.697276419969136328e-05 2.697281937271404188e-05
7.110091649824372325e+03 2.951965621011507515e-05 2.951975310385199198e-05 2.951970231184141379e-05 2.951970387526949138e-05
7.110191649784372203e+03 3.256195396316948799e-05 3.256202744825829057e-05 3.256198597042774808e-05 3.256198912728518007e-05
7.110291649744372080e+03 3.571670874407588072e-05 3.571680241826657911e-05 3.571673553354332822e-05 3.571674889862859828e-05
7.110391649704371957e+03 3.913693000787818910e-05 3.913696207142382819e-05 3.913691877230072503e-05 3.913693695053424744e-05
7.110491649664371835e+03 4.283223616691349175e-05 4.283224899865170008e-05 4.283228812020037238e-05 4.283225776192185248e-05
7.110591649624371712e+03 4.674895026028146012e-05 4.674896980267191854e-05 4.674900745780575812e-05 4.674897584025303882e-05
7.110691649584371589e+03 5.110811701894122131e-05 5.110818930213086156e-05 5.110822591422598530e-05 5.110817741176602272e-05
7.110791649544371467e+03 5.571903747009417931e-05 5.571904690985162670e-05 5.571908667756252700e-05 5.571905701916944208e-05
7.110891649504371344e+03 6.044520568404571109e-05 6.044520310015145801e-05 6.044510794856524250e-05 6.044517224425413946e-05
7.110991649464371221e+03 6.527637097186960011e-05 6.527652134373503154e-05 6.527645519505375889e-05 6.527644917021946803e-05
7.111091649424371099e+03 7.015751664864668829e-05 7.015758065966306504e-05 7.015757713585116684e-05 7.015755814805365361e-05
7.111191649384370976e+03 7.502827313200292306e-05 7.502829518691285049e-05 7.502816857938591143e-05 7.502824563276723284e-05
7.111291649344370853e+03 7.983036106658385786e-05 7.983053131571118087e-05 7.983032790289976512e-05 7.983040676173161032e-05
7.111391649304370731e+03 8.450887697206744566e-05 8.450889022782755557e-05 8.450887462417111355e-05 8.450888060802202019e-05
7.111491649264370608e+03 8.902512648699119173e-05 8.902510340042084369e-05 8.902504570739612900e-05 8.902509186493605029e-05
7.111591649224370485e+03 9.335050025182219059e-05 9.335061707855678336e-05 9.335064064985179144e-05 9.335058599341025513e-05
7.111691649184370362e+03 9.746904870968656437e-05 9.746916144307755958e-05 9.746923706112295427e-05 9.746914907129569725e-05
7.111791649144370240e+03 1.013749022310232316e-04 1.013748769342201950e-04 1.013750725627465398e-04 1.013749505759966555e-04
7.111891649104370117e+03 1.050735485306258845e-04 1.050736128120242582e-04 1.050736702852895680e-04 1.050736105426465657e-04
7.111991649064369994e+03 1.085720741328019513e-04 1.085722136955449325e-04 1.085722552570776988e-04 1.085721810284748473e-04
7.112091649024369872e+03 1.118833834058739838e-04 1.118835205661072824e-04 1.118835770146659191e-04 1.118834936622157194e-04
7.112191648984369749e+03 1.150197977611075987e-04 1.150200245423955341e-04 1.150202551754632316e-04 1.150200258263221260e-04
7.112291648944369626e+03 1.179898719613148636e-04 1.179900454665159826e-04 1.179901897749437660e-04 1.179900357342582041e-04
7.112391648904369504e+03 1.207994106157927712e-04 1.207994613978203343e-04 1.207996390045559544e-04 1.207995036727230019e-04
7.112491648864369381e+03 1.234465863485608610e-04 1.234466567266312301e-04 1.234469806022372518e-04 1.234467412258097991e-04
7.112591648824369258e+03 1.259228292879931664e-04 1.259228829096490558e-04 1.259232552848582284e-04 1.259229891608334745e-04
7.112691648784369136e+03 1.282128078851569914e-04 1.282130160298265958e-04 1.282132513834209836e-04 1.282130250994681993e-04
7.112791648744369013e+03 1.302946079540397953e-04 1.302946880068006023e-04 1.302950056186054871e-04 1.302947671931486192e-04
7.112891648704368890e+03 1.321405966328408348e-04 1.321406656939388480e-04 1.321410533269368410e-04 1.321407718845722017e-04
7.112991648664368768e+03 1.337188449560014166e-04 1.337189431530757492e-04 1.337193504311038651e-04 1.337190461800603436e-04
7.113091648624368645e+03 1.349970189526420632e-04 1.349971787764297311e-04 1.349975196831208453e-04 1.349972391373975556e-04
7.113191648584368522e+03 1.359456917673378573e-04 1.359458295195723626e-04 1.359462028062944792e-04 1.359459080310682240e-04
7.113291648544368400e+03 1.365418226565132565e-04 1.365418716255343689e-04 1.365423741324045764e-04 1.365420228048174096e-04
7.113391648504368277e+03 1.367676641979203374e-04 1.367677398751948972e-04 1.367681524743677966e-04 1.367678521824943437e-04
7.113491648464368154e+03 1.366254062111136290e-04 1.366256868501235981e-04 1.366260529348862270e-04 1.366257153320411333e-04
7.113591648424368032e+03 1.361245667602524175e-04 1.361247963455034557e-04 1.361251385779552246e-04 1.361248338945703388e-04
7.113691648384367909e+03 1.352938891497273500e-04 1.352940989217717572e-04 1.352944659492123964e-04 1.352941513402371588e-04
7.113791648344367786e+03 1.341734866472053800e-04 1.341736251245920827e-04 1.341740912043294415e-04 1.341737343253756438e-04
7.113891648304367664e+03 1.328326240025737791e-04 1.328327865400705059e-04 1.328332407613049698e-04 1.328328837679830759e-04
7.113991648264367541e+03 1.313314777819544826e-04 1.313317017455411725e-04 1.313320692845916363e-04 1.313317496040290972e-04
7.114091648224367418e+03 1.297623600748608330e-04 1.297625636569977128e-04 1.297628856117745162e-04 1.297626031145443449e-04
7.114191648184367295e+03 1.282111420785043802e-04 1.282113149717329769e-04 1.282116917759616650e-04 1.282113829420663317e-04
7.114291648144367173e+03 1.267683510580632378e-04 1.267684996006345746e-04 1.267688339451194255e-04 1.267685615346057369e-04
7.114391648104367050e+03 1.255296267329493215e-04 1.255297125895944927e-04 1.255300852355336098e-04 1.255298081860257899e-04
7.114491648064366927e+03 1.245987556115618340e-04 1.245988466310117863e-04 1.245992832642031948e-04 1.245989618355922807e-04
7.114591648024366805e+03 1.240754388058010421e-04 1.240754525840513385e-04 1.240759223605119904e-04 1.240756045834547994e-04
7.114691647984366682e+03 1.240604638195039644e-04 1.240605681697927096e-04 1.240609136731166313e-04 1.240606485541377775e-04
7.114791647944366559e+03 1.246627979414998148e-04 1.246629353979382447e-04 1.246632545407735048e-04 1.246629959600705124e-04
7.114891647904366437e+03 1.259915738332641297e-04 1.259915903663256706e-04 1.259920237939812532e-04 1.259917293311903241e-04
7.114991647864366314e+03 1.281649492453924692e-04 1.281650627748755114e-04 1.281654196131800218e-04 1.281651438778160098e-04
7.115091647824366191e+03 1.312865718350782478e-04 1.312866431296750745e-04 1.312870163078961737e-04 1.312867437575498139e-04
7.115191647784366069e+03 1.354598471042581503e-04 1.354598618204367027e-04 1.354603313499141753e-04 1.354600134248696761e-04
7.115291647744365946e+03 1.407720243996899237e-04 1.407720826549168193e-04 1.407725898707870625e-04 1.407722323084645928e-04
7.115391647704365823e+03 1.472433822941883843e-04 1.472435264447393636e-04 1.472440018082439724e-04 1.472436368490572401e-04
7.115491647664365701e+03 1.548022051898254438e-04 1.548023300819528726e-04 1.548028932022630201e-04 1.548024761580137608e-04
7.115591647624365578e+03 1.632308042172894366e-04 1.632308822524815414e-04 1.632315087954545896e-04 1.632310650884085225e-04
7.115691647584365455e+03 1.721170934455570434e-04 1.721171823143516366e-04 1.721178826861416867e-04 1.721173861486834827e-04
7.115791647544365333e+03 1.807728227900710439e-04 1.807729385670678660e-04 1.807736643042376888e-04 1.807731418871255148e-04
7.115891647504365210e+03 1.883143205732482040e-04 1.883144361932661312e-04 1.883152560027291493e-04 1.883146709230811434e-04
7.115991647464365087e+03 1.937163573258790907e-04 1.937164421893365249e-04 1.937173979940500857e-04 1.937167325030885671e-04
7.116091647424364965e+03 1.960783240577575182e-04 1.960785142158785114e-04 1.960794408491711510e-04 1.960787597076023845e-04
7.116191647384364842e+03 1.948587810084872769e-04 1.948589523706165973e-04 1.948598610326508036e-04 1.948591981372515321e-04
7.116291647344364719e+03 1.900532148603482137e-04 1.900533208377765441e-04 1.900541948117173425e-04 1.900535768366140154e-04
7.116391647304364596e+03 1.821724622487369582e-04 1.821725977553694030e-04 1.821733720867295295e-04 1.821728106969452607e-04
7.116491647264364474e+03 1.720606212877492773e-04 1.720607842646067101e-04 1.720615001112968216e-04 1.720609685545509363e-04
7.116591647224364351e+03 1.606772912376006252e-04 1.606773487497097411e-04 1.606780659395547965e-04 1.606775686422883605e-04
7.116691647184364228e+03 1.488610244044044379e-04 1.488611081213839129e-04 1.488617791067073143e-04 1.488613038774985460e-04
7.116791647144364106e+03 1.372501962537142368e-04 1.372502301394757296e-04 1.372509434645800635e-04 1.372504566192566766e-04
7.116891647104363983e+03 1.262673841621974713e-04 1.262674364100665613e-04 1.262680788182944387e-04 1.262676331301861661e-04
7.116991647064363860e+03 1.161464347409962091e-04 1.161465444643055184e-04 1.161471070735942514e-04 1.161466954262986687e-04
7.117091647024363738e+03 1.069724487424716670e-04 1.069724897105040460e-04 1.069730594896654120e-04 1.069726659808803795e-04
7.117191646984363615e+03 9.874951047870177579e-05 9.874950728487723068e-05 9.875006791195008573e-05 9.874969522517636406e-05
7.117291646944363492e+03 9.139280943514329660e-05 9.139294081131534985e-05 9.139340112611337439e-05 9.139305045752400694e-05
7.117391646904363370e+03 8.476795123882196082e-05 8.476800900851044849e-05 8.476856490622890357e-05 8.476817505118711333e-05
7.117491646864363247e+03 7.868447117499548487e-05 7.868450793848189148e-05 7.868501385540167196e-05 7.868466432295967373e-05
7.117591646824363124e+03 7.295460516351025227e-05 7.295466220310085946e-05 7.295516148688826921e-05 7.295480961783313602e-05
7.117691646784363002e+03 6.740875591692661731e-05 6.740882048102988080e-05 6.740931721133420367e-05 6.740896453643023393e-05
7.117791646744362879e+03 6.193347973532563409e-05 6.193348525438839352e-05 6.193394842040313088e-05 6.193363780337240423e-05
7.117891646704362756e+03 5.650650773020523442e-05 5.650654804102886968e-05 5.650700282903386816e-05 5.650668620008932183e-05
7.117991646664362634e+03 5.132247853678731158e-05 5.132251858481946284e-05 5.132291663365158520e-05 5.132263791841945095e-05
7.118091646624362511e+03 4.640264575005431381e-05 4.640268248845417273e-05 4.640303608982325776e-05 4.640278810944391703e-05
7.118191646584362388e+03 4.188260511597878500e-05 4.188263819542225274e-05 4.188295100736589806e-05 4.188273143958898086e-05
7.118291646544362266e+03 3.783133446533233315e-05 3.783136408775270807e-05 3.783164015122128152e-05 3.783144623476877199e-05
7.118391646504362143e+03 3.426135109734084632e-05 3.426137763271746450e-05 3.426162142865404848e-05 3.426145005290411977e-05
7.118491646464362020e+03 3.114559846167321738e-05 3.114562231100197925e-05 3.114583826840936544e-05 3.114568634702818284e-05
7.118591646424361898e+03 2.843670409228625141e-05 2.843672562957016720e-05 2.843691779649158761e-05 2.843678250611600546e-05
7.118691646384361775e+03 2.608114070107476017e-05 2.608116025431919026e-05 2.608133215881547719e-05 2.608121103806981147e-05
7.118791646344361652e+03 2.402729071615518502e-05 2.402730856436592464e-05 2.402746320050025284e-05 2.402735416034045755e-05
7.118891646304361529e+03 2.222906862339478143e-05 2.222908500157705944e-05 2.222922487240792613e-05 2.222912616579325679e-05
7.118991646264361407e+03 2.064696487906020374e-05 2.064697998121894104e-05 2.064710717179633710e-05 2.064701734402516289e-05
7.119091646224361284e+03 1.924782169684426792e-05 1.924783568598316928e-05 1.924795192634973110e-05 1.924786976972572163e-05
7.119191646184361161e+03 1.800409624054089580e-05 1.800410925266321687e-05 1.800421598385374609e-05 1.800414049235261733e-05
7.119291646144361039e+03 1.689299448578480576e-05 1.689300663489319879e-05 1.689310505893655884e-05 1.689303539320485560e-05
7.119391646104360916e+03 1.589564774732451398e-05 1.589565913042103286e-05 1.589575025834033032e-05 1.589568571202862459e-05
7.119491646064360793e+03 1.499639555831176941e-05 1.499640625639835445e-05 1.499649094221262716e-05 1.499643091897425034e-05
7.119591646024360671e+03 1.418218767056099912e-05 1.418219775363898062e-05 1.418227672036415299e-05 1.418222071485471035e-05
7.119691645984360548e+03 1.344209649872937606e-05 1.344210602679997101e-05 1.344217989244882003e-05 1.344212747265938904e-05
7.119791645944360425e+03 1.276692410524611748e-05 1.276693313031029973e-05 1.276700242589343312e-05 1.276695322048328231e-05
7.119891645904360303e+03 1.214888691189240629e-05 1.214889547795097602e-05 1.214896066147566954e-05 1.214891435043968508e-05
7.119991645864360180e+03 1.158136304648677351e-05 1.158137119454027583e-05 1.158143266301579652e-05 1.158138896801428139e-05
7.120091645824360057e+03 1.105868944178830373e-05 1.105869720583761015e-05 1.105875530527019152e-05 1.105871398429870236e-05
7.120191645784359935e+03 1.057599854314557738e-05 1.057600595419104515e-05 1.057606098858581793e-05 1.057602182864081518e-05
7.120291645744359812e+03 1.012908626067251182e-05 1.012909334471476084e-05 1.012914558007639294e-05 1.012910839515455577e-05
7.120391645704359689e+03 9.714304713239179179e-06 9.714311496478163319e-06 9.714361169010303065e-06 9.714325792909215187e-06
7.120491645664359567e+03 9.328474708990188157e-06 9.328481212226586984e-06 9.328528530932582926e-06 9.328494817383118791e-06
7.120591645624359444e+03 8.968813937184935722e-06 8.968820179918906272e-06 8.968865331001560584e-06 8.968833149368468091e-06
7.120691645584359321e+03 8.632877774200253856e-06 8.632883774032024384e-06 8.632926924093756182e-06 8.632896157442012603e-06
7.120791645544359199e+03 8.318510232294930851e-06 8.318516005124712464e-06 8.318557303067710207e-06 8.318527846829117841e-06
7.120891645504359076e+03 8.023803114753286957e-06 8.023808674981263174e-06 8.023848255307301406e-06 8.023820015013949383e-06
7.120991645464358953e+03 7.747061843764850935e-06 7.747067204591171348e-06 7.747105188101949402e-06 7.747078078819325024e-06
7.121091645424358830e+03 7.486776735581150189e-06 7.486781909105948958e-06 7.486818405402854587e-06 7.486792350029984578e-06
7.121191645384358708e+03 7.241598749385612446e-06 7.241603746409051775e-06 7.241638854993339213e-06 7.241613783596001144e-06
7.121291645344358585e+03 7.010318922834281141e-06 7.010323753556432578e-06 7.010357564629260406e-06 7.010333413673324708e-06
7.121391645304358462e+03 6.791850863907066712e-06 6.791855537528054846e-06 6.791888133490393301e-06 6.791864844975171337e-06
7.121491645264358340e+03 6.585215784686655459e-06 6.585220309806554034e-06 6.585251766059275389e-06 6.585229286850829141e-06
7.121591645224358217e+03 6.389529660009866238e-06 6.389534044528762666e-06 6.389564429972678659e-06 6.389542711503768623e-06
7.121691645184358094e+03 6.203992168858006032e-06 6.203996419975987837e-06 6.204025798011785621e-06 6.204004795615259266e-06
7.121791645144357972e+03 6.027877138763218398e-06 6.027881263380321000e-06 6.027909692008679895e-06 6.027889364717405866e-06
7.121891645104357849e+03 5.860524260569237017e-06 5.860528264785563003e-06 5.860555797807006310e-06 5.860536107720602110e-06
7.121991645064357726e+03 5.701331882189476377e-06 5.701335772105021610e-06 5.701362458920104928e-06 5.701343371071534305e-06
7.122091645024357604e+03 5.549750722001292963e-06 5.549754502916161126e-06 5.549780389425322888e-06 5.549761871447592608e-06
7.122191644984357481e+03 5.405278367455028354e-06 5.405282044469241246e-06 5.405307173072922147e-06 5.405289194999064480e-06
7.122291644944357358e+03 5.267454448682681348e-06 5.267458026596278120e-06 5.267482436594870595e-06 5.267464970624609456e-06
7.122391644904357236e+03 5.135856391538625839e-06 5.135859874651670044e-06 5.135883602645513484e-06 5.135866622945270636e-06
7.122491644864357113e+03 5.010095671629817882e-06 5.010099064342292469e-06 5.010122144231730818e-06 5.010105626734613441e-06
7.122591644824356990e+03 4.889814502467309402e-06 4.889817808579295551e-06 4.889840272164591781e-06 4.889824194403731962e-06
7.122691644784356868e+03 4.774682898623932735e-06 4.774686121835438918e-06 4.774707998616887109e-06 4.774692339692086536e-06
7.122791644744356745e+03 4.664396067786672531e-06 4.664399211497738974e-06 4.664420529275552530e-06 4.664405269519987729e-06
7.122891644704356622e+03 4.558672088030653746e-06 4.558675155541292013e-06 4.558695940115726896e-06 4.558681061229223936e-06
