5438.829359651    5.5393137035e-05    5.5393145615e-05    5.5508351164e-05    5.543154460466667e-05
5438.929359621    5.120134854852363e-05    5.120135280552492e-05    5.144710557536116e-05    5.1283268976469905e-05
5439.029359591    4.7249043566394525e-05    4.724904350039712e-05    4.7617421155821834e-05    4.7371836074204495e-05
5439.129359561    4.3568852145205046e-05    4.356885587320163e-05    4.4053058032958545e-05    4.373025535045507e-05
5439.229359530999    4.017746483268433e-05    4.017747435967738e-05    4.0770252673385366e-05    4.0375063955249034e-05
5439.329359500999    3.7093933061333714e-05    3.7093933957346653e-05    3.778795087648756e-05    3.732527263172264e-05
5439.429359470999    3.431019458175292e-05    3.431019511275358e-05    3.509863477079184e-05    3.457300815509945e-05
5439.529359440999    3.179621099140173e-05    3.1796212995398634e-05    3.267292309102943e-05    3.208844902594327e-05
5439.629359410998    2.9555628046444326e-05    2.955562833144845e-05    3.05153211142883e-05    2.9875525830727025e-05
5439.729359380998    2.7557396756258345e-05    2.7557396821258938e-05    2.8595752646867356e-05    2.7903515408128212e-05
5439.829359350998    2.5771182112684624e-05    2.5771184093678877e-05    2.6884739164079383e-05    2.6142368456814296e-05
5439.929359320998    2.4203857068202862e-05    2.4203865188182604e-05    2.5389905259980628e-05    2.4599209172122033e-05
5440.0293592909975    2.2808621698882502e-05    2.2808637663854258e-05    2.4065403340240216e-05    2.3227554234325663e-05
5440.129359260997    2.154092419505991e-05    2.154092338312534e-05    2.286785837846271e-05    2.1983235318882652e-05
5440.229359230997    2.0430822392457854e-05    2.043081508348514e-05    2.1826656023078153e-05    2.0896097833007047e-05
5440.329359200997    1.945712965064944e-05    1.945712356164395e-05    2.0922051612749482e-05    1.9945434941680954e-05
5440.429359170997    1.8561730798941928e-05    1.8561728407924175e-05    2.0097458257073206e-05    1.9073639154646434e-05
5440.529359140996    1.775963222073138e-05    1.775963667069649e-05    1.9365968930621482e-05    1.8295079274016452e-05
5440.629359110996    1.705942316015732e-05    1.7059417689210893e-05    1.8738003917036203e-05    1.761894825546814e-05
5440.729359080996    1.6424376078792698e-05    1.6424367881808235e-05    1.8178508340145884e-05    1.7009084100248937e-05
5440.829359050996    1.5856400124880398e-05    1.5856395603858346e-05    1.7687855904935554e-05    1.6466883877891435e-05
5440.929359020995    1.534838873949202e-05    1.5348386225479373e-05    1.7259508858603056e-05    1.5985427941191483e-05
5441.029358990995    1.4899283284116197e-05    1.4899282113107334e-05    1.6894282586509183e-05    1.556428266124424e-05
5441.129358960995    1.4497925837386855e-05    1.4497932526332622e-05    1.658113173275619e-05    1.5192330032158555e-05
5441.229358930995    1.4126116363046582e-05    1.4126125186031217e-05    1.6302360888163243e-05    1.4851534145747014e-05
5441.3293589009945    1.3799511511553332e-05    1.379951745757491e-05    1.6074255805798922e-05    1.4557761591642388e-05
5441.429358870994    1.3532850296968974e-05    1.3532851335007256e-05    1.59125043726664e-05    1.4326068668214211e-05
5441.529358840994    1.3301017888854747e-05    1.3301016432874948e-05    1.5792752335996304e-05    1.4131595552575331e-05
5441.629358810994    1.3071605229081847e-05    1.3071600266111306e-05    1.5683713631931833e-05    1.3942306375708328e-05
5441.729358780994    1.2892449627661744e-05    1.2892449798617077e-05    1.563481119245002e-05    1.3806570206242945e-05
5441.829358750993    1.2757691481829434e-05    1.2757679150941955e-05    1.5640040430932242e-05    1.3718470354567879e-05
5441.929358720993    1.2618972396097283e-05    1.2618970043004486e-05    1.5652773744578688e-05    1.3630238727893483e-05
5442.029358690993    1.2514614674838796e-05    1.2514625197715185e-05    1.5715177996910113e-05    1.3581472623154698e-05
5442.129358660993    1.246145177231213e-05    1.2461450930424646e-05    1.5844539232307033e-05    1.358914731168127e-05
5442.2293586309925    1.2440955961055556e-05    1.2440968874915243e-05    1.6023621622340793e-05    1.3635182152770532e-05
5442.329358600992    1.245269793070489e-05    1.2452731780485062e-05    1.6257484111418562e-05    1.3720971274202837e-05
5442.429358570992    1.2476108737160095e-05    1.2476122697374906e-05    1.6526993716270657e-05    1.3826408383601888e-05
5442.529358540992    1.2533128910067146e-05    1.2533147791012523e-05    1.6859480797357245e-05    1.3975252499478973e-05
5442.629358510992    1.2641748575719283e-05    1.2641751666899291e-05    1.7278177943803084e-05    1.4187226062140553e-05
5442.729358480991    1.2769309079528231e-05    1.2769301658651223e-05    1.7755707215857188e-05    1.4431439318012213e-05
5442.829358450991    1.2933876148174351e-05    1.2933864219228447e-05    1.8318488148563387e-05    1.4728742838655395e-05
5442.929358420991    1.3142272259702209e-05    1.3142247024865873e-05    1.8983709172705156e-05    1.5089409485757747e-05
5443.029358390991    1.3393161418765448e-05    1.3393154593533479e-05    1.976293875061336e-05    1.5516418254304097e-05
5443.12935836099    1.3735337841873746e-05    1.3735355347559872e-05    2.0719133537959112e-05    1.606327557579758e-05
5443.22935833099    1.413280638336576e-05    1.4132805109613656e-05    2.1837705577708633e-05    1.670110569022935e-05
5443.32935830099    1.4598528550688819e-05    1.4598518385808847e-05    2.3158491006219557e-05    1.7451845980905743e-05
5443.42935827099    1.5179374232247875e-05    1.5179377870057393e-05    2.476116948981811e-05    1.8373307197374457e-05
5443.5293582409895    1.5885858626468043e-05    1.588584984064322e-05    2.670267264452646e-05    1.9491460370545908e-05
5443.629358210989    1.6733261212276033e-05    1.6733242412420236e-05    2.9058251072313817e-05    2.0841584899003362e-05
5443.729358180989    1.7785176565682458e-05    1.778516715354445e-05    3.197213315748675e-05    2.2514158958904553e-05
5443.829358150989    1.912447673127515e-05    1.9124456035444408e-05    3.56319807256875e-05    2.4626971164135684e-05
5443.929358120989    2.0759609489211832e-05    2.0759596914087578e-05    4.0182499315334965e-05    2.7233901906211456e-05
5444.029358090988    2.280786963779391e-05    2.2807888042310617e-05    4.590633540618064e-05    3.050736436209506e-05
5444.129358060988    2.5375833870911957e-05    2.5375858896806684e-05    5.3084068366768994e-05    3.461192037816255e-05
5444.229358030988    2.849874836725317e-05    2.8498761585444462e-05    6.187613743696994e-05    3.962454912988919e-05
5444.329358000988    3.221697848955829e-05    3.22169666709714e-05    7.224724982486915e-05    4.5560398328466285e-05
5444.429357970987    3.622737567473495e-05    3.622738418439342e-05    8.335500127015521e-05    5.193658704309452e-05
5444.529357940987    3.984441400327465e-05    3.9844420420310436e-05    9.329981247673466e-05    5.7662882300106576e-05
5444.629357910987    4.214183919487375e-05    4.2141852836748035e-05    9.94925073483616e-05    6.125873312666113e-05
5444.729357880987    4.233954300226232e-05    4.2339538156589565e-05    9.996456725123719e-05    6.154788280336303e-05
5444.8293578509865    4.049592715999818e-05    4.049591240817649e-05    9.4873563566564e-05    5.862180104491289e-05
5444.929357820986    3.739332365749124e-05    3.739332396821559e-05    8.615747515582686e-05    5.36480409271779e-05
5445.029357790986    3.399985945802649e-05    3.39998794396606e-05    7.618990129374901e-05    4.806321339714536e-05
5445.129357760986    3.0971754891506325e-05    3.097176274973547e-05    6.672218884002308e-05    4.288856882708829e-05
5445.229357730986    2.8534960639596484e-05    2.8534954282869412e-05    5.861045102807705e-05    3.856012198351432e-05
5445.329357700985    2.670313717261381e-05    2.670312685069113e-05    5.208539968791409e-05    3.516388790373967e-05
5445.429357670985    2.5397234966858132e-05    2.5397233968673514e-05    4.7031965089201186e-05    3.260881134157761e-05
5445.529357640985    2.4520431777711217e-05    2.4520433893648623e-05    4.321187823585565e-05    3.07509146357385e-05
5445.629357610985    2.399195414388719e-05    2.3991969543616193e-05    4.038536246597579e-05    2.945642871782639e-05
5445.7293575809845    2.3747668916623326e-05    2.3747685401600867e-05    3.834748057914848e-05    2.861427829912423e-05
5445.829357550984    2.3742076959328274e-05    2.374207647268469e-05    3.6941362402440784e-05    2.8141838611484577e-05
5445.929357520984    2.3933092112258138e-05    2.3933079731511482e-05    3.603621725451521e-05    2.7967463032761613e-05
5446.029357490984    2.429750554152851e-05    2.429749647045702e-05    3.5545055407988486e-05    2.804668580665801e-05
5446.129357460984    2.482377763247247e-05    2.4823788130043903e-05    3.5407546744296526e-05    2.8351704168937627e-05
5446.229357430983    2.5497762464348948e-05    2.5497766955482305e-05    3.557140443818448e-05    2.8855644619338574e-05
5446.329357400983    2.6316048719341468e-05    2.6316028792890876e-05    3.6005511140386905e-05    2.9545862884206412e-05
5446.429357370983    2.7280974815440923e-05    2.728094047376959e-05    3.6691793948502515e-05    3.0417903079237676e-05
5446.529357340983    2.8395755008296837e-05    2.8395736112940007e-05    3.7617702579216826e-05    3.146973123348456e-05
5446.629357310982    2.9668670423455745e-05    2.9668620413183865e-05    3.877936045286108e-05    3.270555042983356e-05
5446.729357280982    3.111275478584006e-05    3.1112703285875354e-05    4.018157393614912e-05    3.4135677335954845e-05
5446.829357250982    3.274404546260741e-05    3.2744112272767875e-05    4.1833293168282765e-05    3.5773816967886026e-05
5446.929357220982    3.4579769164451785e-05    3.457970315867938e-05    4.374680355018747e-05    3.7635425291106214e-05
5447.0293571909815    3.6640753062263936e-05    3.664077418712037e-05    4.593885668990346e-05    3.974012797976259e-05
5447.129357160981    3.8959502947508786e-05    3.895959255680352e-05    4.8440751336135916e-05    4.211994894681608e-05
5447.229357130981    4.156939249008981e-05    4.156953042787193e-05    5.128359565555256e-05    4.480750619117143e-05
5447.329357100981    4.45201287704103e-05    4.452022475648014e-05    5.451803305994177e-05    4.7852795528944066e-05
5447.429357070981    4.786124792820489e-05    4.786138458315557e-05    5.819296550872267e-05    5.1305199340027704e-05
5447.52935704098    5.164889185441732e-05    5.1648921492210585e-05    6.236431899548563e-05    5.522071078070451e-05
5447.62935701098    5.597471168607389e-05    5.597471697371669e-05    6.7126793273268e-05    5.96920739776862e-05
5447.72935698098    6.093289916391888e-05    6.093306291168783e-05    7.257472832551951e-05    6.481356346704207e-05
5447.82935695098    6.664184357273978e-05    6.664199407109763e-05    7.882692398780126e-05    7.070358721054624e-05
5447.929356920979    7.325498130928051e-05    7.325516732931072e-05    8.603699169192712e-05    7.75157134435061e-05
5448.029356890979    8.095479450766898e-05    8.095488967317668e-05    9.438420404427405e-05    8.54312960750399e-05
5448.129356860979    8.998544553680095e-05    8.998554241675303e-05    0.00010410985953098518    9.469361582817972e-05
5448.229356830979    0.00010066789264134668    0.00010066789665396563    0.00011552962508877112    0.00010562180479469448
5448.3293568009785    0.00011338911310070887    0.00011338916247941581    0.00012901344925631084    0.00011859724161214518
5448.429356770978    0.00012868131660902644    0.00012868125246229611    0.00014507259366095443    0.00013414505424409233
5448.529356740978    0.0001472325932708789    0.00014723265294727542    0.00016436035964889672    0.00015294186862235037
5448.629356710978    0.00016993393893156337    0.00016993402308084396    0.0001877138182293628    0.00017586059341392337
5448.729356680978    0.0001979826847210896    0.0001979827425818704    0.00021626136692666167    0.00020407559807654056
5448.829356650977    0.00023288678371263455    0.0002328865583711309    0.00025142441012446063    0.00023906591740274202
5448.929356620977    0.0002765370952573802    0.0002765370586116622    0.0002950229398966625    0.0002826990312552349
5449.029356590977    0.00033118018175822635    0.00033118014489823304    0.00034935109057558216    0.00033723713907734713
5449.129356560977    0.00039916798311756915    0.0003991678865394145    0.0004171267271034175    0.00040515419892013375
5449.2293565309765    0.00048261251369544257    0.00048261257026066426    0.0005014546271730432    0.0004888932370430499
5449.329356500976    0.0005825881671357449    0.0005825880821102054    0.0006053520277967447    0.000590176092347565
5449.429356470976    0.0006971550514302541    0.0006971552109024786    0.0007305308200022679    0.0007082803607783335
5449.529356440976    0.0008166161084949401    0.0008166161278194393    0.0008746325462089247    0.0008359549275077679
5449.629356410976    0.0009187988328813125    0.0009187991583413933    0.0010274971459383782    0.0009550317123870279
5449.729356380975    0.0009726173551018335    0.0009726178304269331    0.0011664538688944384    0.001037229684807735
5449.829356350975    0.0009561741754750436    0.000956173707776165    0.001255859015760276    0.0010560689663371614
5449.929356320975    0.0008748922969187866    0.0008748926368218913    0.0012619989314307262    0.0010039279550571347
5450.029356290975    0.0007569942020780933    0.0007569940815835642    0.0011790225763271584    0.0008976702866629385
5450.129356260974    0.0006325922736363848    0.0006325926858683241    0.0010357350939530542    0.0007669733511525877
5450.229356230974    0.0005201307538101651    0.000520131088402821    0.0008729622534072029    0.0006377413652067297
5450.329356200974    0.00042623630180232426    0.0004262362054071939    0.000720150739187211    0.0005242077487989097
5450.429356170974    0.00035080679526502164    0.00035080679894153847    0.0005901625099980658    0.0004305920347348753
5450.5293561409735    0.0002911264789163369    0.00029112655361384406    0.00048485206845541774    0.0003557017003285329
5450.629356110973    0.0002440150841610419    0.00024401501777603652    0.00040128584634080953    0.00029643864942596266
5450.729356080973    0.00020665536817995645    0.00020665544602480705    0.0003353242670045311    0.0002495450270697649
5450.829356050973    0.00017679841232927493    0.00017679847673975876    0.0002831128123995702    0.0002122365671562013
5450.929356020973    0.00015270304352114946    0.00015270311941073276    0.0002414757638027803    0.00018229397557822087
5451.029355990972    0.00013306563056904392    0.00013306546285796013    0.00020797356010949098    0.00015803488451216502
5451.129355960972    0.00011689737117883752    0.00011689737165263087    0.00018074305415520156    0.00013817926566222333
5451.229355930972    0.00010345490840978216    0.00010345503724500713    0.00015838472654960034    0.00012176489073479656
5451.329355900972    9.21707892028084e-05    9.21708679626865e-05    0.00013984332365278698    0.00010806166027276063
5451.429355870971    8.26116189939964e-05    8.261172512696157e-05    0.0001243202086440282    9.651451758832873e-05
5451.529355840971    7.443665906143014e-05    7.443690976792167e-05    0.00011119788151113924    8.669048344683034e-05
5451.629355810971    6.738349998282377e-05    6.738360301749484e-05    0.00010000375401509724    7.825695233847193e-05
5451.729355780971    6.125421434983608e-05    6.125414926434242e-05    9.038177457318017e-05    7.096337939578622e-05
5451.8293557509705    5.589477758552614e-05    5.589469667114324e-05    8.205357731131112e-05    6.461435052266017e-05
5451.92935572097    5.119738243205025e-05    5.11974726503244e-05    7.481443451685477e-05    5.906976319974314e-05
5452.02935569097    4.709524863685009e-05    4.7095257922055454e-05    6.852168883521691e-05    5.423739846470749e-05
5452.12935566097    4.353772850932246e-05    4.353770630657876e-05    6.306565805003915e-05    5.004703095531346e-05
5452.22935563097    4.047616011121704e-05    4.0476149666744286e-05    5.834851281553692e-05    4.6433607531166075e-05
5452.329355600969    3.784831220397642e-05    3.784834239133077e-05    5.426875616341438e-05    4.332180358624052e-05
5452.429355570969    3.5578971322235985e-05    3.5579121644334314e-05    5.072092762665161e-05    4.062634019774063e-05
5452.529355540969    3.3585855317249316e-05    3.3585896506735084e-05    4.759620114955946e-05    3.8255984324514616e-05
5452.629355510969    3.180431283308582e-05    3.1804201063418453e-05    4.4809287614563775e-05    3.6139267170356016e-05
5452.7293554809685    3.0196078702588965e-05    3.0196106601764224e-05    4.2304357755905894e-05    3.4232181020086365e-05
5452.829355450968    2.8730225338079204e-05    2.8730165410768342e-05    4.0035354888461465e-05    3.2498581879103e-05
5452.929355420968    2.738915495249727e-05    2.738914053057214e-05    3.79725055148416e-05    3.0916933665970336e-05
5453.029355390968    2.61592384416555e-05    2.6159293643689454e-05    3.609149935416554e-05    2.947001047983683e-05
5453.129355360968    2.5029574614780566e-05    2.5029686976328424e-05    3.43727500246364e-05    2.814400387191513e-05
5453.229355330967    2.3999740338004103e-05    2.3999987915162597e-05    3.280945441361111e-05    2.6936394222259265e-05
5453.329355300967    2.3056286193417774e-05    2.3056600050534706e-05    3.138015573373284e-05    2.5831013992561772e-05
5453.429355270967    2.218951480273655e-05    2.218977875792249e-05    3.0070490174570406e-05    2.4816594578409817e-05
5453.529355240967    2.1396480755934384e-05    2.139634423759608e-05    2.8872740427963517e-05    2.388852180716466e-05
5453.629355210966    2.067181998106049e-05    2.0671950666195256e-05    2.77773773993049e-05    2.3040382682186883e-05
5453.729355180966    2.000491659670016e-05    2.0005252166541865e-05    2.6769554895845043e-05    2.2259907886362357e-05
5453.829355150966    1.9393671777122616e-05    1.939341065697549e-05    2.5844863077293944e-05    2.1543981837130682e-05
5453.929355120966    1.8833872926980687e-05    1.883381786864438e-05    2.4997225185138712e-05    2.0888305326921258e-05
5454.0293550909655    1.832602378499592e-05    1.8325983898304482e-05    2.4222710944976416e-05    2.0291572876092273e-05
5454.129355060965    1.7855725286794176e-05    1.7855252934645435e-05    2.3505106898168624e-05    1.973869503986941e-05
5454.229355030965    1.7431683755774147e-05    1.743204479326856e-05    2.2853104777594884e-05    1.923894444221253e-05
5454.329355000965    1.7047050586499265e-05    1.7047816707663644e-05    2.225664585644002e-05    1.8783837716867645e-05
5454.429354970965    1.66910885610903e-05    1.669115290393619e-05    2.170275638913657e-05    1.8361665951387686e-05
5454.529354940964    1.6376693643025637e-05    1.637674749351831e-05    2.1206163049604203e-05    1.7986534728716052e-05
5454.629354910964    1.6091336980948522e-05    1.6091101699654102e-05    2.0748680458759945e-05    1.7643706379787525e-05
5454.729354880964    1.5835862007184203e-05    1.5835702068589506e-05    2.0332904043596156e-05    1.7334822706456624e-05
5454.829354850964    1.560799628657794e-05    1.5607846748078878e-05    1.9956289240563954e-05    1.705737742507359e-05
5454.929354820963    1.540666554028939e-05    1.540629578892629e-05    1.961436750886805e-05    1.6809109612694577e-05
5455.029354790963    1.5233854358622638e-05    1.5234123960547807e-05    1.9311341941067297e-05    1.659310675341258e-05
5455.129354760963    1.5091625176989606e-05    1.5091325416834506e-05    1.9047017274487e-05    1.6409989289437037e-05
5455.229354730963    1.4974427141128351e-05    1.4974090890922395e-05    1.8814570859376595e-05    1.6254362963809115e-05
5455.3293547009625    1.4881786819672398e-05    1.4881671933714151e-05    1.8614089183843634e-05    1.612584931241006e-05
5455.429354670962    1.4811425617960273e-05    1.4811650977015646e-05    1.8442438904179572e-05    1.60218384997185e-05
5455.529354640962    1.4755812308211974e-05    1.4755446284842791e-05    1.8289017865409117e-05    1.5933425486154625e-05
5455.629354610962    1.4745281134661527e-05    1.47444291381545e-05    1.8189734612779012e-05    1.5893148295198345e-05
5455.729354580962    1.4745554528111238e-05    1.4745400850703157e-05    1.8104280782507838e-05    1.5865078720440744e-05
5455.829354550961    1.4791999642161045e-05    1.4792157484274423e-05    1.8073855579555335e-05    1.5886004235330267e-05
5455.929354520961    1.4852968069257274e-05    1.4851744631121934e-05    1.8058480945685504e-05    1.592106454868824e-05
5456.029354490961    1.496404115245111e-05    1.49637630256665e-05    1.8102157235129387e-05    1.6009987137749e-05
5456.129354460961    1.514639980931956e-05    1.5145685537959343e-05    1.822748409626553e-05    1.617318981451481e-05
5456.2293544309605    1.5570420313301316e-05    1.5570010631399615e-05    1.8632178698019168e-05    1.65908698809067e-05
5456.32935440096    1.5667967505626668e-05    1.566783120827395e-05    1.8663354599275965e-05    1.6666384437725526e-05
5456.42935437096    1.5478507116382283e-05    1.5478421134726213e-05    1.835350689203206e-05    1.6436811714380183e-05
5456.52935434096    1.551310770906577e-05    1.551346185869352e-05    1.8302648614869573e-05    1.6443072727542953e-05
5456.62935431096    1.561914650428078e-05    1.5619128794140552e-05    1.8329371058790194e-05    1.6522548785737175e-05
5456.729354280959    1.5767075992004054e-05    1.5766939768367554e-05    1.8401445186458927e-05    1.6645153648943514e-05
5456.829354250959    1.5960335019798456e-05    1.5960310495765963e-05    1.8522221818869005e-05    1.6814289111477805e-05
5456.929354220959    1.618691930327955e-05    1.6186145048992745e-05    1.8674060684994066e-05    1.7015708345755453e-05
5457.029354190959    1.6449654207453992e-05    1.644891436057301e-05    1.8865498254308932e-05    1.7254688940778644e-05
5457.129354160958    1.6748333309279245e-05    1.6748216478073646e-05    1.909164695223376e-05    1.7529398913195548e-05
5457.229354130958    1.7084573748268264e-05    1.7084600015370628e-05    1.935084968379675e-05    1.784000781581188e-05
5457.329354100958    1.7459899773121014e-05    1.7460017779029627e-05    1.9646116406456707e-05    1.818867798620245e-05
5457.429354070958    1.7876560760007185e-05    1.7875846634443343e-05    1.9978458218067135e-05    1.8576955204172554e-05
5457.5293540409575    1.8342313854891747e-05    1.834246458136785e-05    2.035181440442446e-05    1.9012197613561355e-05
5457.629354010957    1.8839518245350023e-05    1.88391933561792e-05    2.0769152018832334e-05    1.9482621206787186e-05
5457.729353980957    1.9391483380156046e-05    1.939187338761728e-05    2.1227896957825348e-05    2.0003751241866222e-05
5457.829353950957    2.000838849892004e-05    2.000947261435564e-05    2.1742313159864488e-05    2.058672475771339e-05
5457.929353920957    2.0697826284669076e-05    2.0696413232768306e-05    2.2323540152214707e-05    2.123925988988403e-05
5458.029353890956    2.1463075149067725e-05    2.1462280154457062e-05    2.297465032452778e-05    2.196666854268419e-05
5458.129353860956    2.2352014858569316e-05    2.235182699841599e-05    2.3758549727421047e-05    2.282079719480212e-05
5458.229353830956    2.349424131304481e-05    2.349402726857088e-05    2.4865382165758017e-05    2.395121691579124e-05
5458.329353800956    2.432129987176457e-05    2.43213808485046e-05    2.544257320986015e-05    2.4695084643376438e-05
5458.4293537709555    2.5074831106269723e-05    2.507369498384092e-05    2.5801053731932704e-05    2.531652660734778e-05
5458.529353740955    2.6114853741182033e-05    2.6114019787318445e-05    2.650306027289243e-05    2.6243977933797637e-05
5458.629353710955    2.728946007835679e-05    2.728883793977518e-05    2.730644587116046e-05    2.729491462976414e-05
5458.729353680955    2.86395475255241e-05    2.863970656988509e-05    2.824295427453714e-05    2.850740278998211e-05
5458.8293536509545    3.0158425210013045e-05    3.0157929168323665e-05    2.9284460166775784e-05    2.9866938181704164e-05
5458.929353620954    3.18804753088315e-05    3.188107276788657e-05    3.0452809980496085e-05    3.1404786019071383e-05
5459.029353590954    3.383242685996324e-05    3.3831590413867815e-05    3.17516488612664e-05    3.3138555378365814e-05
5459.129353560954    3.6020453376255305e-05    3.601768894367243e-05    3.3150208226689986e-05    3.5062783515539244e-05
5459.229353530954    3.851376909374161e-05    3.851213915229879e-05    3.4704231880425876e-05    3.724338004215542e-05
5459.329353500953    4.1371376832362e-05    4.137103023643507e-05    3.642806106302708e-05    3.972348937727472e-05
5459.429353470953    4.464045141204596e-05    4.464058240353389e-05    3.8314994570976655e-05    4.2532009462185496e-05
5459.529353440953    4.838838793646876e-05    4.838966308741335e-05    4.036639150761454e-05    4.571481417716555e-05
5459.629353410953    5.2713345516267176e-05    5.2712888502366264e-05    4.2589566099137844e-05    4.933860003925709e-05
5459.7293533809525    5.769761182146782e-05    5.7698094402544296e-05    4.49419969329222e-05    5.3445901052311446e-05
5459.829353350952    6.321793088802884e-05    6.321810551643495e-05    4.7046557558610436e-05    5.782753132102474e-05
5459.929353320952    7.131920478605455e-05    7.132016264947103e-05    5.076454490112409e-05    6.446797077888323e-05
5460.029353290952    8.07502967064703e-05    8.075083113940556e-05    5.521868101674563e-05    7.22399362875405e-05
5460.129353260952    9.157040419999424e-05    9.157200438688598e-05    5.960829329980958e-05    8.09169006288966e-05
5460.229353230951    0.00010435299057345525    0.00010435193483398234    6.438889239952199e-05    9.103127260231984e-05
5460.329353200951    0.00011925373374568753    0.00011925339234959805    6.969030544499557e-05    0.00010273247718009372
5460.429353170951    0.0001359994708600268    0.00013599870550750414    7.562553632537821e-05    0.00011587457089763637
5460.529353140951    0.00015351263222096678    0.00015351329574793816    8.230139681793003e-05    0.00012977577492894498
5460.62935311095    0.00016976952948582385    0.00016977015238848694    8.994475446832021e-05    0.00014316147878087697
5460.72935308095    0.0001829881785209884    0.0001829870796141194    9.852567860182515e-05    0.00015483364557897767
5460.82935305095    0.00019195901416858128    0.0001919582569260223    0.00010825041937706908    0.0001640558968238909
5460.92935302095    0.00019731384584770203    0.00019731392701211305    0.00011923633945227551    0.00017128803743736353
5461.0293529909495    0.00020074828890276775    0.00020074844930749366    0.00013153125438642693    0.00017767599753222948
5461.129352960949    0.00020397124061375998    0.00020396963895165143    0.00014505113118760097    0.00018433067025100413
5461.229352930949    0.00020816229903430764    0.00020816045324070656    0.0001595504469239205    0.0001919577330663116
5461.329352900949    0.00021407244740402953    0.00021407226579168775    0.00017471332909434317    0.00020095268076335347
5461.429352870949    0.00022230983344020052    0.0002223100756314721    0.00019034383173147906    0.00021165458026771726
5461.529352840948    0.00023361510618068822    0.00023361465059821215    0.0002065915732472252    0.0002246071100087085
5461.629352810948    0.00024899190226982933    0.00024899215288151877    0.0002241134788762022    0.0002406991780091834
5461.729352780948    0.00026969817250300734    0.0002696983185701934    0.00024405216898986334    0.00026114955335435465
5461.829352750948    0.0002972041435007465    0.0002972040347383306    0.000267946098667054    0.000287451425635377
5461.9293527209475    0.00033285575490501915    0.00033285474452750464    0.0002974349328710226    0.0003210484774345154
5462.029352690947    0.0003804389267075665    0.00038043910763464094    0.0003355590000723397    0.00036547901147151573
5462.129352660947    0.0004378218537438739    0.0004378228263785351    0.00038444250238370937    0.00042002906083537275
5462.229352630947    0.0005042578900391582    0.0005042587049302365    0.0004453955248949498    0.00048463737328811483
5462.329352600947    0.0005766248826172922    0.0005766229266626513    0.0005203755996134725    0.0005578744696311386
5462.429352570946    0.0006484126468493515    0.0006484127989700742    0.0006101659215814555    0.0006356637891336272
5462.529352540946    0.0007107559730420853    0.0007107558387624606    0.0007136298679165504    0.0007117138932403655
5462.629352510946    0.0007555593483626491    0.0007555586710314245    0.0008266686361892558    0.0007792622185277764
5462.729352480946    0.0007795931672779628    0.0007795938338515944    0.0009417017871580088    0.0008336295960958553
5462.829352450945    0.0007858438512289976    0.0007858438546567549    0.0010485546343763454    0.0008734141134206994
5462.929352420945    0.0007807097723360769    0.0007807100911632682    0.001136989469407188    0.0008994697776355111
5463.029352390945    0.00076971782622233    0.0007697179357975246    0.0011995784959364939    0.0009130047526521162
5463.129352360945    0.0007548097244099767    0.000754809854718464    0.0012328791393188374    0.0009141662394824261
5463.2293523309445    0.0007343314858785749    0.0007343327310669591    0.0012364219528228108    0.0009016953899227816
5463.329352300944    0.0007053152902931925    0.0007053156496983089    0.0012109016597127568    0.0008738441999014193
5463.429352270944    0.0006666341675016709    0.0006666346288341433    0.0011578868177751515    0.0008303852047036552
5463.529352240944    0.00062007285043391    0.0006200729089937585    0.001080755769387662    0.0007736338429384434
5463.629352210944    0.0005688644433913493    0.0005688643033461246    0.0009857554940951073    0.0007078280802775271
5463.729352180943    0.0005156134496018762    0.0005156141983954733    0.0008811487270503498    0.0006374587916825665
5463.829352150943    0.0004621946684612335    0.00046219466045800293    0.0007755157097347472    0.0005666350128846612
5463.929352120943    0.0004102208687996439    0.0004102207763260008    0.0006754812298437856    0.0004986409583231435
5464.029352090943    0.00036137884808807165    0.00036137904759599556    0.0005851059804977713    0.00043595462539394616
5464.129352060942    0.00031704003941645294    0.00031703998142600044    0.0005060599356474225    0.000380046652163292
5464.229352030942    0.0002779462793376167    0.0002779458428464594    0.00043838071312158456    0.0003314242784352202
5464.329352000942    0.00024413434033301575    0.00024413370896792267    0.0003810724948629383    0.0002897801813879589
5464.429351970942    0.00021528338231180808    0.0002152837120079912    0.0003328483028936216    0.0002544717990711403
5464.5293519409415    0.00019082560712333345    0.00019082620021302978    0.0002923228810290943    0.0002246582294551525
5464.629351910941    0.00017013924004501547    0.00017013950612033014    0.0002582033066277946    0.0001994940175977134
5464.729351880941    0.00015265821453709156    0.00015265904165349297    0.00022940530317046954    0.00017824085312035136
5464.829351850941    0.0001378493150371083    0.000137849140825222    0.00020497996877466042    0.00016022614154566356
5464.929351820941    0.00012526733919283634    0.00012526743920135693    0.00018415611572848885    0.00014489696470756073
5465.02935179094    0.00011454436755078108    0.00011454396705012618    0.00016631159446210388    0.00013179997635433705
5465.12935176094    0.00010536988616272423    0.0001053698435944778    0.00015093070537650316    0.00012055681171123507
5465.22935173094    9.750593711347606e-05    9.75061314137167e-05    0.00013761627692811747    0.00011087611515177005
5465.32935170094    9.074745048397906e-05    9.074722273153666e-05    0.00012603727463704074    0.00010251064928418548
5465.4293516709395    8.491738702082466e-05    8.491753191708202e-05    0.00011590890104135157    9.52479399930861e-05
5465.529351640939    7.989449060501862e-05    7.989499351834133e-05    0.0001070326151181101    8.894069974715669e-05
5465.629351610939    7.55655100623293e-05    7.5565670164896e-05    9.922750658780818e-05    8.345289560501116e-05
5465.729351580939    7.184151540880818e-05    7.184158036448498e-05    9.235066671132236e-05    7.867792082820518e-05
5465.829351550939    6.864794472780523e-05    6.864802117787348e-05    8.628213656554849e-05    7.452603415707574e-05
5465.929351520938    6.591569543557266e-05    6.591550849398838e-05    8.09188053306072e-05    7.091666975338942e-05
5466.029351490938    6.360816066550568e-05    6.360869705147514e-05    7.619243092196989e-05    6.780309621298359e-05
5466.129351460938    6.169655299226499e-05    6.169701529133809e-05    7.205620232986631e-05    6.514992353782313e-05
5466.229351430938    6.013919953307693e-05    6.0139325802700534e-05    6.845085093564304e-05    6.29097920904735e-05
5466.329351400937    5.893238942824439e-05    5.8932369262324125e-05    6.53548107588822e-05    6.107318981648358e-05
5466.429351370937    5.806628841239954e-05    5.806644493476743e-05    6.275188239579152e-05    5.962820524765283e-05
5466.529351340937    5.7541528480545814e-05    5.754153650788809e-05    6.063595736640676e-05    5.8573007451613555e-05
5466.629351310937    5.7365957487316935e-05    5.7365486651256745e-05    5.900572245830422e-05    5.791238886562597e-05
5466.7293512809365    5.75697604159123e-05    5.7569443386034204e-05    5.788393669565803e-05    5.7674380165868184e-05
5466.829351250936    5.817805871769426e-05    5.817786721115041e-05    5.728304718745579e-05    5.78796577054335e-05
5466.929351220936    5.919460277977197e-05    5.919466315753706e-05    5.717661889847377e-05    5.85219616119276e-05
5467.029351190936    6.0588345029784864e-05    6.058842206337745e-05    5.747359707957057e-05    5.955012139091095e-05
5467.129351160936    6.220375343614584e-05    6.220351427199364e-05    5.793126708235436e-05    6.0779511596831286e-05
5467.229351130935    6.377471302051149e-05    6.37745681714728e-05    5.820815264147259e-05    6.191914461115229e-05
5467.329351100935    6.491918455001685e-05    6.49192983369021e-05    5.792847739347758e-05    6.258898676013219e-05
5467.429351070935    6.538120974993322e-05    6.538132335895038e-05    5.6961483881736944e-05    6.257467233020686e-05
5467.529351040935    6.514094306331321e-05    6.514084182781304e-05    5.5457709114994786e-05    6.191316466870702e-05
5467.629351010934    6.443808185713128e-05    6.44380940933248e-05    5.3767441369679224e-05    6.0881205773378434e-05
5467.729350980934    6.353353623923312e-05    6.353363707755144e-05    5.217694655723825e-05    5.9748039958007604e-05
5467.829350950934    6.262267283779063e-05    6.262253888621996e-05    5.086672216231033e-05    5.8703977962106984e-05
5467.929350920934    6.176674485368244e-05    6.176680369284844e-05    4.9878906400544334e-05    5.780415164902507e-05
5468.0293508909335    6.093810547917353e-05    6.093838362896156e-05    4.917077037706647e-05    5.701575316173386e-05
5468.129350860933    6.003892452117664e-05    6.0039009002203434e-05    4.863858090947066e-05    5.623883814428358e-05
5468.229350830933    5.8952325737220414e-05    5.895236159650776e-05    4.8156772278465317e-05    5.5353819870731164e-05
5468.329350800933    5.754086776555501e-05    5.7540852614069524e-05    4.7576910338953294e-05    5.421954357285928e-05
5468.429350770933    5.565123380067481e-05    5.5651236600085606e-05    4.672073601119201e-05    5.267440213731747e-05
5468.529350740932    5.314126799961153e-05    5.314122766344248e-05    4.5401713448772975e-05    5.0561403037275665e-05
5468.629350710932    4.99210077130766e-05    4.99211123871546e-05    4.346552676947821e-05    4.7769215623236466e-05
5468.729350680932    4.602257933866416e-05    4.602267713728004e-05    4.08603383180247e-05    4.430186493132297e-05
5468.829350650932    4.165557424819851e-05    4.1655551994968153e-05    3.767068794557816e-05    4.032727139624828e-05
5468.9293506209315    3.708275121399173e-05    3.708276426881273e-05    3.420939796375661e-05    3.6124971148853685e-05
5469.029350590931    3.2815554223469205e-05    3.281556327383113e-05    3.086484018802062e-05    3.216531922844032e-05
5469.129350560931    2.9058148141507544e-05    2.905815531767733e-05    2.7854098528616518e-05    2.8656800662600464e-05
5469.229350530931    2.5882259528776257e-05    2.5882265644872612e-05    2.5269277942547753e-05    2.567793437206554e-05
5469.329350500931    2.3250199293275306e-05    2.3250204619347354e-05    2.3099784155948254e-05    2.3200062689523638e-05
5469.42935047093    2.1079181083891056e-05    2.1079185753951082e-05    2.1289167874706173e-05    2.1149178237516103e-05
5469.52935044093    1.9281054800173653e-05    1.9281058902225796e-05    1.9771639167781542e-05    1.944458429006033e-05
5469.62935041093    1.777875789913576e-05    1.777876150718126e-05    1.848794530116149e-05    1.8015154902492837e-05
5469.72935038093    1.6510170845384927e-05    1.6510174022424752e-05    1.738974517391832e-05    1.680336334724267e-05
5469.829350350929    1.5426933638292302e-05    1.5426936437327344e-05    1.6439221819943916e-05    1.5764363965187856e-05
5469.929350320929    1.4491872839065143e-05    1.449187530609602e-05    1.5607258239203267e-05    1.4863668794788144e-05
5470.029350290929    1.36764515903695e-05    1.3676453765396744e-05    1.487149687324669e-05    1.4074800743004314e-05
5470.129350260929    1.2958660844891616e-05    1.2958662761915766e-05    1.4214698146156647e-05    1.3377340584321344e-05
5470.2293502309285    1.2321394062117934e-05    1.232139575213925e-05    1.3623464404712533e-05    1.2755418072989906e-05
5470.329350200928    1.1751231622131292e-05    1.1751233109150414e-05    1.3087282869211485e-05    1.2196582533497732e-05
5470.429350170928    1.1237541973553275e-05    1.1237543280570285e-05    1.2597818020378428e-05    1.1690967758167328e-05
5470.529350140928    1.0771818245530833e-05    1.0771819392546002e-05    1.2148390154741826e-05    1.1230675930939554e-05
5470.629350110928    1.0347187001379684e-05    1.0347188004393379e-05    1.1733590157479005e-05    1.0809321721084024e-05
5470.729350080927    9.958042225184224e-06    9.95804309859659e-06    1.1348993258561224e-05    1.0421692860780679e-05
5470.829350050927    9.599770510791261e-06    9.599771268002381e-06    1.0990944707273867e-05    1.0063495495355836e-05
5470.929350020927    9.268542975146624e-06    9.268543627356704e-06    1.0656397946527301e-05    9.731161516343544e-06
5471.029349990927    8.961156311650688e-06    8.961156869059817e-06    1.0342791317364962e-05    9.421701499358488e-06
5471.129349960926    8.674910310585365e-06    8.674910781793692e-06    1.0047953268405812e-05    9.132591453594957e-06
5471.229349930926    8.40751265936153e-06    8.407513052369107e-06    9.77002883763267e-06    8.86168484978777e-06
5471.329349900926    8.157004326742657e-06    8.157004648549578e-06    9.507422126229141e-06    8.607143700507125e-06
5471.429349870926    7.921700602350608e-06    7.921700859156946e-06    9.258750898804497e-06    8.367384120104017e-06
5471.5293498409255    7.700144146162626e-06    7.700144343568435e-06    9.022810470735955e-06    8.14103298682234e-06
5471.629349810925    7.4910673218786795e-06    7.491067464884016e-06    8.798544750028905e-06    7.926893178930533e-06
5471.729349780925    7.29336176377148e-06    7.2933618568763895e-06    8.585022844118507e-06    7.723915488255458e-06
5471.829349750925    7.106053620558391e-06    7.106053667862911e-06    8.381420025860131e-06    7.531175771427145e-06
5471.929349720925    6.928283288508965e-06    6.928283293613142e-06    8.18700213953333e-06    7.347856240551813e-06
5472.029349690924    6.7592887159082155e-06    6.759288682312059e-06    8.001112742180084e-06    7.17323004680012e-06
5472.129349660924    6.5983915707021165e-06    6.5983915012056916e-06    7.823162432612265e-06    7.0066485015066905e-06
5472.229349630924    6.444985714092106e-06    6.444985611595403e-06    7.652619944655989e-06    6.847530423447833e-06
5472.329349600924    6.298527546854423e-06    6.29852741395747e-06    7.489004668810455e-06    6.695353209874116e-06
5472.4293495709235    6.158527881612675e-06    6.15852772041552e-06    7.331880340754582e-06    6.549645314260926e-06
5472.529349540923    6.0245450663142055e-06    6.024544879016836e-06    7.180849684749432e-06    6.40997987669349e-06
5472.629349510923    5.896179141040283e-06    5.896178929542729e-06    7.035549847471144e-06    6.275969306018052e-06
5472.729349480923    5.773066849531526e-06    5.773066615633797e-06    6.895648484855356e-06    6.147260650006892e-06
5472.829349450923    5.654877362414775e-06    5.65487710771689e-06    6.760840395138217e-06    6.023531621756627e-06
5472.929349420922    5.541308596657856e-06    5.541308322559835e-06    6.63084460732538e-06    5.904487175514357e-06
5473.029349390922    5.432084035216136e-06    5.432083743217968e-06    6.505401856147957e-06    5.7898565448606864e-06
5473.129349360922    5.326949968797461e-06    5.326949660199164e-06    6.384272379537168e-06    5.679390669511264e-06
5473.229349330922    5.2256730954322105e-06    5.225672771333806e-06    6.267233994002208e-06    5.572859953589408e-06
5473.329349300921    5.128038423738831e-06    5.128038085340306e-06    6.154080404201223e-06    5.470052304426786e-06
5473.429349270921    5.0338474367075305e-06    5.033847084908918e-06    6.044619714231631e-06    5.3707714119493605e-06
5473.529349240921    4.94291647687364e-06    4.942916112674927e-06    5.9386731117070124e-06    5.27483523375186e-06
5473.629349210921    4.85507532370287e-06    4.855074947904077e-06    5.8360737015467734e-06    5.182074657717907e-06
5473.7293491809205    4.770165935078623e-06    4.7701655485797395e-06    5.73666546846717e-06    5.092332317375177e-06
5473.82934915092    4.688041332283226e-06    4.688040935884263e-06    5.640302351764534e-06    5.005461539977341e-06
