2113.7379942776    9.1234575543e-06    9.8898347024e-06    9.9150998824e-06    9.6427973797e-06
2113.8379942676    8.439663316678709e-06    9.18979447430329e-06    9.215230673486188e-06    8.948229488156063e-06
2113.9379942576    7.813228671185616e-06    8.548837742790001e-06    8.574430676358657e-06    8.312165696778092e-06
2114.0379942476    7.284065478147289e-06    8.008659891751651e-06    8.034405340805898e-06    7.775710236901612e-06
2114.1379942376    6.8619284725530205e-06    7.579539919146177e-06    7.605297484241331e-06    7.348921958646844e-06
2114.2379942276    6.5334558220360805e-06    7.247882200128611e-06    7.2735707075631395e-06    7.018302909909278e-06
2114.3379942176    6.28081058658668e-06    6.9953103586426425e-06    7.020868150721071e-06    6.765663031983464e-06
2114.4379942076002    6.089410482079515e-06    6.806441896907371e-06    6.831922334361518e-06    6.575924904449467e-06
2114.5379941976003    5.947815258775609e-06    6.669673053014522e-06    6.694878561334464e-06    6.437455624374864e-06
2114.6379941876003    5.844213270741256e-06    6.572784094099562e-06    6.597665577791182e-06    6.338220980877334e-06
2114.7379941776003    5.7688459408672e-06    6.5056655037184704e-06    6.530088520676937e-06    6.268199988420869e-06
2114.8379941676003    5.717187296524357e-06    6.463419298570695e-06    6.487457100394432e-06    6.222687898496496e-06
2114.9379941576003    5.686208205974773e-06    6.44315141532136e-06    6.466712925792908e-06    6.1986908490296815e-06
2115.0379941476003    5.6737362721134286e-06    6.442329551968388e-06    6.465446312946561e-06    6.193837379009459e-06
2115.1379941376003    5.674647710623967e-06    6.455858816759079e-06    6.478353689929718e-06    6.202953405770921e-06
2115.2379941276004    5.684906919911188e-06    6.479752014560231e-06    6.501609400016462e-06    6.222089444829294e-06
2115.3379941176004    5.7075677127427725e-06    6.516894817371599e-06    6.538062265275497e-06    6.2541749317966235e-06
2115.4379941076004    5.741833828147715e-06    6.566414755016279e-06    6.58685428265374e-06    6.298367621939244e-06
2115.5379940976004    5.7847643413252736e-06    6.625460883017248e-06    6.645187526400437e-06    6.351804250247653e-06
2115.6379940876004    5.833591905027914e-06    6.691294933115694e-06    6.710203859469351e-06    6.41169689920432e-06
2115.7379940776004    5.888094592594754e-06    6.7636220761458895e-06    6.781628211551469e-06    6.477781626764037e-06
2115.8379940676004    5.952518307010404e-06    6.846684492669197e-06    6.863666529719799e-06    6.5542897764664655e-06
2115.9379940576005    6.022426996201198e-06    6.936149333277755e-06    6.952068397216291e-06    6.636881575565082e-06
2116.0379940476005    6.098237502136255e-06    7.032425214566007e-06    7.047203295190262e-06    6.725955337297508e-06
2116.1379940376005    6.18042220895724e-06    7.135779105951339e-06    7.149370078600391e-06    6.821857131169657e-06
2116.2379940276005    6.2675763751148554e-06    7.245260516196816e-06    7.257549573151601e-06    6.9234621548210905e-06
2116.3379940176005    6.364361859058115e-06    7.365355083454596e-06    7.3762431422971855e-06    7.035320028269966e-06
2116.4379940076005    6.465985278017299e-06    7.49119330123747e-06    7.50057777159715e-06    7.152585450283973e-06
2116.5379939976006    6.5734694462449934e-06    7.624019311387995e-06    7.631785421319393e-06    7.276424726317461e-06
2116.6379939876006    6.687226899704203e-06    7.76407041185282e-06    7.770219578641943e-06    7.407172296732989e-06
2116.7379939776006    6.805572675563123e-06    7.909660829029303e-06    7.914297158867807e-06    7.543176887820078e-06
2116.8379939676006    6.9320821727211395e-06    8.064833799264509e-06    8.067598283067225e-06    7.688171418350958e-06
2116.9379939576006    7.066134905832016e-06    8.229011381432672e-06    8.22960860026791e-06    7.841584962510866e-06
2117.0379939476006    7.206894276595031e-06    8.401089431043606e-06    8.399474963742156e-06    8.0024862237936e-06
2117.1379939376006    7.353621835027457e-06    8.580549902635808e-06    8.576483521972297e-06    8.170218419878522e-06
2117.2379939276007    7.5094844557814725e-06    8.770192499851704e-06    8.763890331076951e-06    8.34785576223671e-06
2117.3379939176007    7.67373215060916e-06    8.970372330953651e-06    8.961206155364067e-06    8.535103545642293e-06
2117.4379939076007    7.845132996517962e-06    9.178915649691054e-06    9.166988750705709e-06    8.730345798971574e-06
2117.5379938976007    8.026443380121848e-06    9.39937430755869e-06    9.38443439270813e-06    8.93675069346289e-06
2117.6379938876007    8.217534597045834e-06    9.631497384421921e-06    9.612921490302218e-06    9.153984490589991e-06
2117.7379938776007    8.416672944447584e-06    9.873414872031233e-06    9.851361772040033e-06    9.38048319617295e-06
2117.8379938676007    8.625693117518502e-06    1.012734840887397e-05    1.0101526030327992e-05    9.618189185573488e-06
2117.9379938576008    8.847871667851555e-06    1.0396565121291595e-05    1.036655846686553e-05    9.870331752002895e-06
2118.037993847601    9.081665393388797e-06    1.067971064947643e-05    1.0645456157742095e-05    1.0135610733535774e-05
2118.137993837601    9.327416594796875e-06    1.0977296008627037e-05    1.0938166046079074e-05    1.041429288316766e-05
2118.237993827601    9.587453096037077e-06    1.1291789385781421e-05    1.1247862110369298e-05    1.07090348640626e-05
2118.337993817601    9.860866951797971e-06    1.1622436620024788e-05    1.1572622546104042e-05    1.1018642039308932e-05
2118.437993807601    1.0150190808179933e-05    1.1972673603888663e-05    1.1916642158110265e-05    1.1346502190059622e-05
2118.537993797601    1.045635532941278e-05    1.2341980397330415e-05    1.2280114420336103e-05    1.16928167156931e-05
2118.637993787601    1.0780186314231128e-05    1.2732679047580175e-05    1.2663720633333072e-05    1.205886199838146e-05
2118.737993777601    1.1122922222322362e-05    1.3146171934537861e-05    1.306972555997762e-05    1.244627323894595e-05
2118.837993767601    1.1486519728655076e-05    1.3584170445210454e-05    1.3499159420890125e-05    1.2856616531585218e-05
2118.937993757601    1.1872859642035323e-05    1.4049230075693388e-05    1.3956010235379149e-05    1.3292699984369287e-05
2119.037993747601    1.2284017458867017e-05    1.454407126634584e-05    1.4441370996592055e-05    1.3756486573934971e-05
2119.137993737601    1.2722586311732274e-05    1.5071364707620338e-05    1.4957901828738344e-05    1.4250617616030319e-05
2119.237993727601    1.318786587496514e-05    1.5630139622741274e-05    1.5505585610742432e-05    1.4774530369482949e-05
2119.337993717601    1.3685522833124337e-05    1.622622361393365e-05    1.6089909073792526e-05    1.533388517361684e-05
2119.437993707601    1.4218552849732941e-05    1.6864180824648742e-05    1.671456411347104e-05    1.5932432595950905e-05
2119.537993697601    1.4788746637880921e-05    1.754594567976971e-05    1.7382259039375173e-05    1.65723171190086e-05
2119.637993687601    1.5400751076179595e-05    1.8277362704646473e-05    1.809861460150896e-05    1.7258909460778344e-05
2119.737993677601    1.605917992643071e-05    1.9062640430338245e-05    1.886643944905545e-05    1.799608660194147e-05
2119.837993667601    1.6769068682683325e-05    1.990727919870922e-05    1.9692285110347048e-05    1.8789544330579867e-05
2119.937993657601    1.7534417027846106e-05    2.081720296047965e-05    2.0582286926995547e-05    1.9644635638440436e-05
2120.037993647601    1.836213428138832e-05    2.1799242893156827e-05    2.154183262187037e-05    2.0567736598805173e-05
2120.137993637601    1.9260447167805888e-05    2.2862508576109617e-05    2.2580637783656726e-05    2.1567864509190745e-05
2120.237993627601    2.0235087800841455e-05    2.401447256024075e-05    2.3706124063345676e-05    2.2651894808142625e-05
2120.337993617601    2.1298135655891016e-05    2.526640140627787e-05    2.492913502113575e-05    2.3831224027768212e-05
2120.437993607601    2.245915928215022e-05    2.6631123708370692e-05    2.626263778454136e-05    2.511764025835409e-05
2120.537993597601    2.3733101915200388e-05    2.8124389021808104e-05    2.772100486211585e-05    2.652616526637478e-05
2120.637993587601    2.513427392892558e-05    2.9759440592159034e-05    2.932041411809057e-05    2.8071376213058393e-05
2120.737993577601    2.6678575078899958e-05    3.155634750666114e-05    3.107824073222304e-05    2.977105443926138e-05
2120.837993567601    2.839047070355107e-05    3.353941512523189e-05    3.302167812060614e-05    3.165052131646304e-05
2120.937993557601    3.0295702672342343e-05    3.5734674886144684e-05    3.5179547468355104e-05    3.373664167561405e-05
2121.037993547601    3.242396352071134e-05    3.8173592925916734e-05    3.758490415891395e-05    3.606082020184734e-05
2121.1379935376012    3.481402813654081e-05    4.08926543769678e-05    4.028325776620486e-05    3.8663313426571154e-05
2121.2379935276012    3.751912254480246e-05    4.393965493050919e-05    4.334102113678643e-05    4.159993287069937e-05
2121.3379935176013    4.0600055340924454e-05    4.736951760706094e-05    4.6838135243947614e-05    4.4935902730644335e-05
2121.4379935076013    4.4136283443060986e-05    5.1248967889254815e-05    5.08779839491835e-05    4.8754411760499775e-05
2121.5379934976013    4.818843978520423e-05    5.566048295721006e-05    5.5483996508130195e-05    5.311097308351483e-05
2121.6379934876013    5.275994414615003e-05    6.071254436574888e-05    6.047465825882105e-05    5.798238225690665e-05
2121.7379934776013    5.792809415381931e-05    6.653135421253703e-05    6.582930423386833e-05    6.342958420007489e-05
2121.8379934676013    6.395842314735219e-05    7.327692663888485e-05    7.198993069594791e-05    6.97417601607283e-05
2121.9379934576014    7.114635418098308e-05    8.117083833095157e-05    7.935980999900622e-05    7.722566750364695e-05
2122.0379934476014    7.977896291937162e-05    9.048382731422697e-05    8.819853446161239e-05    8.615377489840365e-05
2122.1379934376014    9.022879651143032e-05    0.00010157861754380686    9.882074279148749e-05    9.687605228224155e-05
2122.2379934276014    0.00010302852689227417    0.00011494570814972445    0.00011168330315822785    0.00010988584606674216
2122.3379934176014    0.00011892301179740675    0.0001312473313960339    0.00012742831112292204    0.00012586621810545425
2122.4379934076014    0.00013898314725678724    0.00015140605910905907    0.00014697180020163106    0.00014578700218915912
2122.5379933976014    0.00016480651011434978    0.0001767565663655158    0.00017165013276064747    0.00017107106974683772
2122.6379933876015    0.00019879906161619312    0.0002092220442272068    0.0002034296131425745    0.00020381690632865812
2122.7379933776015    0.0002447489570605541    0.0002517143493889783    0.00024532580060402303    0.0002472630356845185
2122.8379933676015    0.0003088583478939198    0.0003087694170384603    0.00030213445908075184    0.00030658740800437734
2122.9379933576015    0.0004016872171233465    0.0003877150775892365    0.00038179543280828513    0.000390399242506956
2123.0379933476015    0.0005419940830642686    0.0005009057503355755    0.0004980010207967139    0.0005136336180655194
2123.1379933376015    0.0007640545945177349    0.0006700534874491896    0.0006752331413856761    0.0007031137411175334
2123.2379933276015    0.0011282176432431232    0.0009345805338080113    0.0009570082570307609    0.0010066021446939652
2123.3379933176016    0.0017108897954356628    0.0013648834975825228    0.0014076947747004081    0.0014944893559061976
2123.4379933076016    0.002449844801133131    0.0020607071703962316    0.0020457519937372316    0.0021854346550888647
2123.5379932976016    0.0028535370255546337    0.003007845794032996    0.0026479761374165888    0.002836452985668073
2123.6379932876016    0.0025332446127595853    0.0037083798673487227    0.0028522265659629035    0.0030312836820237375
2123.7379932776016    0.0019193136794299279    0.0036554057065154746    0.0027480376763179934    0.0027742523540877986
2123.8379932676016    0.001484993915205027    0.0031854913583700475    0.0026413820983200026    0.0024372891239650258
2123.9379932576016    0.0012686193087950923    0.002508538038734426    0.002559751646226735    0.0021123029979187515
2124.0379932476017    0.0010934172079743439    0.0017799137706230417    0.0024388320754736574    0.001770721018023681
2124.1379932376017    0.0008911976311428544    0.001251054477305735    0.0020499271869325493    0.0013973930984603796
2124.2379932276017    0.0007499478927435479    0.0009466759275558471    0.0014964291909389084    0.0010643510037461014
2124.3379932176017    0.0006842408613651034    0.0008017410901392781    0.0010716025146418444    0.0008525281553820753
2124.4379932076017    0.0006205681955162376    0.000738828787091296    0.0008213799784371826    0.0007269256536815721
2124.5379931976017    0.0005176348780125506    0.0006517922867454566    0.0006715637881006104    0.0006136636509528725
2124.6379931876018    0.000397519134191386    0.0005113105872741909    0.0005550655958741964    0.0004879651057799244
2124.7379931776018    0.00029647157987927673    0.0003823222766880796    0.0004502163801783838    0.00037633674558191333
2124.837993167602    0.00022544807010613964    0.0002918618612544387    0.0003543893732171201    0.0002905664348592328
2124.937993157602    0.00017750769389851542    0.00023114720554939677    0.00027654627772908855    0.00022840039239233357
2125.037993147602    0.00014453336128746007    0.00018909260981379947    0.00022063508521267503    0.00018475368543797814
2125.137993137602    0.00012096804803290247    0.00015867478633109933    0.00018122730956575287    0.00015362338130991824
2125.237993127602    0.00010346560262704948    0.000135822471060271    0.00015259649478250266    0.00013062818948994106
2125.337993117602    9.003585678828118e-05    0.00011812071875934004    0.00013102949697586726    0.00011306202417449617
2125.437993107602    7.946259427959367e-05    0.00010407642327750836    0.00011428498983977807    9.927466913229337e-05
2125.537993097602    7.09604490068666e-05    9.271123587962527e-05    0.0001009661249218798    8.821260326945722e-05
2125.637993087602    6.400599232267768e-05    8.336621781124384e-05    9.016050363132363e-05    7.917757125508171e-05
2125.737993077602    5.823507979468573e-05    7.55791981548844e-05    8.125353722717817e-05    7.168927172558277e-05
2125.837993067602    5.3390017805030307e-05    6.901644071707165e-05    7.381659590364557e-05    6.540768480858251e-05
2125.937993057602    4.928865548043404e-05    6.344046186869223e-05    6.75423953939575e-05    6.00905042476946e-05
2126.037993047602    4.578475570080858e-05    5.866057360041204e-05    6.220142293771592e-05    5.554891741297884e-05
2126.137993037602    4.276712446549052e-05    5.4532845300645777e-05    5.761477744119391e-05    5.1638249069110066e-05
2126.237993027602    4.015328106493482e-05    5.094667102303265e-05    5.364802013330182e-05    4.824932407375643e-05
2126.337993017602    3.788394560153104e-05    4.7819403716438546e-05    5.0204560520445673e-05    4.530263661280508e-05
2126.437993007602    3.5904424753830084e-05    4.508264847867607e-05    4.720003466934993e-05    4.272903596728537e-05
2126.537992997602    3.4167776319025055e-05    4.266990386102922e-05    4.456409043697249e-05    4.0467256872342255e-05
2126.637992987602    3.264353431565408e-05    4.054336630324163e-05    4.224292052699008e-05    3.84766070486286e-05
2126.737992977602    3.13047469521806e-05    3.8664154268681245e-05    4.019844092015179e-05    3.672244738033788e-05
2126.837992967602    3.012270243673401e-05    3.6996164333600496e-05    3.838616904568759e-05    3.516834527200736e-05
2126.937992957602    2.908286456581447e-05    3.551669514293107e-05    3.678396891097334e-05    3.3794509539906296e-05
2127.037992947602    2.8168796056069823e-05    3.420538930631045e-05    3.5361816107570685e-05    3.2578667156650324e-05
2127.137992937602    2.7367941663410958e-05    3.30417898821802e-05    3.410149796320639e-05    3.1503743169599177e-05
2127.237992927602    2.666060997394771e-05    3.200591054532863e-05    3.2981771617259374e-05    3.054943071217857e-05
2127.337992917602    2.604668017141608e-05    3.10882031807804e-05    3.1989264737050676e-05    2.9708049363082382e-05
2127.437992907602    2.5512956992981536e-05    3.027913621318044e-05    3.1113134236948006e-05    2.8968409147703332e-05
2127.537992897602    2.5051969000610506e-05    2.956111787262025e-05    3.033844774863749e-05    2.8317178207289417e-05
2127.637992887602    2.4658368400026437e-05    2.8935837280368173e-05    2.966111684886537e-05    2.775177417641999e-05
2127.737992877602    2.4328767937387652e-05    2.839131552827829e-05    2.9067772857788063e-05    2.7262618774484668e-05
2127.837992867602    2.4060706762644957e-05    2.7924687713427308e-05    2.8556675113451548e-05    2.684735652984127e-05
2127.9379928576022    2.3850327677366957e-05    2.7527564705124295e-05    2.8120245146281233e-05    2.6499379176257495e-05
2128.0379928476023    2.3681228395107554e-05    2.7183329579543822e-05    2.774364771832261e-05    2.620273523099133e-05
2128.1379928376023    2.356703777833089e-05    2.6909788984963574e-05    2.743822972399728e-05    2.597168549576391e-05
2128.2379928276023    2.349925660781593e-05    2.6695846684146636e-05    2.7195724446308535e-05    2.5796942579423698e-05
2128.3379928176023    2.3476548202532695e-05    2.6536785833273455e-05    2.7002806150592556e-05    2.5672046728799572e-05
2128.4379928076023    2.349293733807168e-05    2.6417999705144812e-05    2.6865046741048438e-05    2.5591994594754974e-05
2128.5379927976023    2.3560529441627293e-05    2.6365334498429456e-05    2.678894586027786e-05    2.55716032667782e-05
2128.6379927876023    2.3660939314888085e-05    2.6345738512972418e-05    2.6752595810606094e-05    2.5586424546155533e-05
2128.7379927776024    2.3805938402006732e-05    2.638464618237269e-05    2.6765222814584256e-05    2.565193579965456e-05
2128.8379927676024    2.3998132235866598e-05    2.6473965966261788e-05    2.6838966882452337e-05    2.5770355028193573e-05
2128.9379927576024    2.4221747955038956e-05    2.6595365466722998e-05    2.6950081549051025e-05    2.5922398323604322e-05
2129.0379927476024    2.4498032180845684e-05    2.6786987114177033e-05    2.7115269297618812e-05    2.6133429530880507e-05
2129.1379927376024    2.4811766106496533e-05    2.7008051428608127e-05    2.732888200735818e-05    2.638289984748761e-05
2129.2379927276024    2.5169358026322425e-05    2.7298897304878483e-05    2.760517659442485e-05    2.6691143975208585e-05
2129.3379927176024    2.5565364874292774e-05    2.760570259884044e-05    2.790125362920012e-05    2.702410703411111e-05
2129.4379927076025    2.6047201496155335e-05    2.8028677050282595e-05    2.8302474975808533e-05    2.7459451174082153e-05
2129.5379926976025    2.655854144883398e-05    2.8468664007212657e-05    2.872533131687482e-05    2.791751225764048e-05
2129.6379926876025    2.7154101017596938e-05    2.9039632756578587e-05    2.9273263940853876e-05    2.8488999238343133e-05
2129.7379926776025    2.7819746511668968e-05    2.966460347746853e-05    2.98664088156836e-05    2.9116919601607032e-05
2129.8379926676025    2.8609307303057604e-05    3.0480133163941824e-05    3.064698068176273e-05    2.9912140382920723e-05
2129.9379926576025    2.9807456493905513e-05    3.1936489156900986e-05    3.1863051727564875e-05    3.1202332459457124e-05
2130.0379926476026    3.080186630019905e-05    3.272024758293504e-05    3.298661082803944e-05    3.216957490372451e-05
2130.1379926376026    3.1302541125078014e-05    3.27499327693653e-05    3.328993924964112e-05    3.244747104802814e-05
2130.2379926276026    3.2024119995905285e-05    3.3176619954563735e-05    3.350771915765963e-05    3.290281970270955e-05
2130.3379926176026    3.335359090264812e-05    3.4003421838998824e-05    3.429393422769287e-05    3.3883648989779934e-05
2130.4379926076026    3.422263635209025e-05    3.479373175785413e-05    3.5058190423946626e-05    3.4691519511297e-05
2130.5379925976026    3.468463746050756e-05    3.554791810569904e-05    3.578753361206314e-05    3.5340029726089913e-05
2130.6379925876026    3.562630971462811e-05    3.6525286453437915e-05    3.675166049421503e-05    3.630108555409368e-05
2130.7379925776027    3.674995154906291e-05    3.7620523510961864e-05    3.78433390864529e-05    3.740460471549256e-05
2130.8379925676027    3.802300392379217e-05    3.8839880990980904e-05    3.9056867515658187e-05    3.863991747681043e-05
2130.9379925576027    3.943856047942152e-05    4.018752390253864e-05    4.039888461330244e-05    4.0008322998420864e-05
2131.0379925476027    4.099527818778307e-05    4.166375108927069e-05    4.1862986942032345e-05    4.1507338739695366e-05
2131.1379925376027    4.269047074465471e-05    4.324953418138508e-05    4.3458121956655423e-05    4.3132708960898404e-05
2131.2379925276027    4.45511520110724e-05    4.500630909742934e-05    4.520605472617223e-05    4.492117194489132e-05
2131.3379925176027    4.660440205679164e-05    4.694148441790819e-05    4.712215575861833e-05    4.688934741110606e-05
2131.4379925076028    4.8840441872097024e-05    4.905517528767148e-05    4.920424051110283e-05    4.903328589029044e-05
2131.5379924976028    5.130615134936626e-05    5.137537941436482e-05    5.1490912296240197e-05    5.139081435332377e-05
2131.637992487603    5.410992588840752e-05    5.4064565267531895e-05    5.406493487497725e-05    5.4079808676972223e-05
2131.737992477603    5.726562727634004e-05    5.712195867987591e-05    5.694221249297666e-05    5.710993281639753e-05
2131.837992467603    6.128488479626163e-05    6.133732308963609e-05    6.0476189830887746e-05    6.1032799238928486e-05
2131.937992457603    6.459475567967281e-05    6.4229192425492e-05    6.359176970366809e-05    6.41385726029443e-05
2132.037992447603    6.775629175702768e-05    6.653813048069236e-05    6.667804482726138e-05    6.699082235499381e-05
2132.137992437603    7.187033925032484e-05    7.000055279814148e-05    7.04919318623443e-05    7.078760797027021e-05
2132.237992427603    7.669717653739083e-05    7.4124961662316e-05    7.489729548768411e-05    7.523981122913031e-05
2132.337992417603    8.22396509618768e-05    7.883241366231732e-05    7.988307728339143e-05    8.031838063586186e-05
2132.437992407603    8.869311292512276e-05    8.427612118056376e-05    8.56326247073564e-05    8.620061960434764e-05
2132.537992397603    9.629218178032073e-05    9.05450704826428e-05    9.224258333266494e-05    9.302661186520949e-05
2132.637992387603    0.00010557475540903619    9.798897495000938e-05    0.00010009563709707561    0.0001012197891520404
2132.737992377603    0.00011716032185371443    0.00010691455659365081    0.00010965546995281357    0.00011124344946672627
2132.837992367603    0.00013256765498897044    0.0001183790284379791    0.00012193172638285124    0.00012429280326993358
2132.937992357603    0.00015836848625095902    0.00013828396503268585    0.00014318033213408106    0.00014661092780590863
2133.037992347603    0.00017096362101916255    0.00014668383064710383    0.00015248627481000528    0.0001567112421587572
2133.137992337603    0.00017744547051460585    0.0001490181390767585    0.00015545285712076693    0.0001606388222373771
2133.237992327603    0.00018852551716764897    0.00016002515332023758    0.0001676047316852982    0.0001720518007243949
2133.337992317603    0.00020086864525455195    0.0001735905381578588    0.00018318642239798698    0.00018588186860346595
2133.437992307603    0.0002185484838656317    0.00019055701977949109    0.0002029137614403925    0.0002040064216951718
2133.537992297603    0.00024402714112031025    0.00021290450311840277    0.00022854851332037914    0.0002284933858530307
2133.637992287603    0.00027584256222161306    0.0002392467672981883    0.0002591456536859033    0.00025807832773523486
2133.737992277603    0.00030907639002379704    0.0002664107733003029    0.00028992641340558237    0.0002884711922432274
2133.837992267603    0.0003667079768769477    0.00030298436646804266    0.0003431479843589276    0.0003376134425679727
2133.937992257603    0.00046307800434257915    0.000372418640836378    0.00043283390749221146    0.0004227768508903895
2134.037992247603    0.0005852744244358395    0.00046204932927149946    0.0005439383661941222    0.0005304207066338204
2134.137992237603    0.0007424935374405905    0.0005659910569861334    0.0006833324910325707    0.0006639390284864316
2134.237992227603    0.000960033995181546    0.0006992070848529561    0.0008712983706644741    0.000843513150232992
2134.337992217603    0.0012709065234956258    0.0008753381460071861    0.0011320242743233094    0.001092756314608707
2134.437992207603    0.0017238543728327017    0.0011136018834213828    0.0014991498790657694    0.001445535378439951
2134.537992197603    0.0023810675399988383    0.0014418364983915907    0.0020132333622164397    0.001945379133535623
2134.6379921876032    0.0032836620069982923    0.0018999581214164982    0.0027030585830988972    0.002628892903837896
2134.7379921776032    0.0043450037337848324    0.0025399761714596687    0.0035374207015562635    0.0034741335356002546
2134.8379921676033    0.005237065451899553    0.0034118598612775937    0.004372049255162472    0.004340324856113206
2134.9379921576033    0.005551434193750862    0.004519299897900279    0.004953613048478862    0.005008115713376667
2135.0379921476033    0.0050828187501474565    0.005715785073264003    0.004972904847339206    0.0052571695569168875
2135.1379921376033    0.004220347414037499    0.006270446517856051    0.004442508103023288    0.00497776734497228
2135.2379921276033    0.003414953819912104    0.006020037292161334    0.0037545654659187624    0.004396518859330734
2135.3379921176033    0.0027980616529643095    0.005180500877534347    0.003149839690519519    0.0037094674070060588
2135.4379921076033    0.00236525499460445    0.004208786551131957    0.0027029510690949033    0.003092330871610437
2135.5379920976034    0.0020760923910673147    0.0033893453722187673    0.002408411003491693    0.002624616255592592
2135.6379920876034    0.0018822485316284498    0.0027951150425165735    0.0022154206789330904    0.0022975947510260383
2135.7379920776034    0.0017542174745476592    0.0024033435807627166    0.0020995922332851104    0.002085717762865162
2135.8379920676034    0.001672966514820913    0.0021704189469498587    0.0020409681902616964    0.001961451217344156
2135.9379920576034    0.0016309261597752798    0.0020576076397484278    0.002024091189748382    0.0019042083297573635
2136.0379920476034    0.0016262885823993035    0.0020342377336038456    0.002029182062162841    0.001896569459388663
2136.1379920376035    0.0016554447186866742    0.00207205321100405    0.0020325237053481823    0.0019200072116796355
2136.2379920276035    0.0017091417674057032    0.0021339664699414522    0.002017637246854041    0.0019535818280670657
2136.3379920176035    0.00177577651125035    0.0021725668976434287    0.001984439246083063    0.0019775942183256137
2136.4379920076035    0.0018462684420335297    0.0021547579880905957    0.0019442997383690554    0.001981775389497727
2136.5379919976035    0.0019114519522209447    0.0020833419036120284    0.0019074373323599001    0.001967410396064291
2136.6379919876035    0.0019542582083499275    0.001983508581194401    0.0018754994127746615    0.0019377554007729966
2136.7379919776035    0.0019435842810281577    0.0018801373303373508    0.0018432395607757414    0.0018889870573804168
2136.8379919676036    0.0018712376021386764    0.0017852706365129973    0.001809833454480569    0.0018221138977107473
2136.9379919576036    0.0017500209386486804    0.001701047658464536    0.001781027697390124    0.0017440320981677803
2137.0379919476036    0.0016095400355105544    0.0016201686989751264    0.001769028488772057    0.0016662457410859125
2137.1379919376036    0.0014792728466419686    0.0015357843097935854    0.0017700392467412066    0.0015950321343922535
2137.2379919276036    0.0013777416253646043    0.0014488861371056215    0.0017708919721610675    0.001532506578210431
2137.3379919176036    0.001308509162965881    0.0013604508413708704    0.0017515984960365639    0.0014735195001244383
2137.4379919076036    0.0012650232675998178    0.0012753064781166278    0.0017059032003916956    0.001415410982036047
2137.5379918976037    0.001235319817433283    0.0011977451780519044    0.001646789151419831    0.0013599513823016728
2137.6379918876037    0.0012071821392885865    0.0011279455281046618    0.001593649900522751    0.0013095925226386666
2137.7379918776037    0.0011712744140886721    0.0010570721486593746    0.001555157859599305    0.0012611681407824506
2137.8379918676037    0.001121904980309453    0.000969068226071435    0.0015228752547060832    0.001204616153695657
2137.9379918576037    0.0010574607191576417    0.0008591789722088366    0.0014783486394496618    0.0011316627769387133
2138.0379918476037    0.0009812000864175582    0.0007424654284688922    0.001407929806490313    0.0010438651071255876
2138.1379918376037    0.0008991798942030438    0.0006365346603503951    0.0013098238135989813    0.0009485127893841401
2138.2379918276038    0.0008179483629092978    0.0005494051267193876    0.0011898042710878321    0.0008523859202388392
2138.337991817604    0.0007424166198248109    0.0004806342817793228    0.0010548058968643263    0.0007592855994894866
2138.437991807604    0.0006750608930890633    0.0004260465972752288    0.0009122975914545883    0.0006711350272729602
2138.537991797604    0.0006165987146544165    0.00038117899707887235    0.000772829961010217    0.0005902025575811685
2138.637991787604    0.0005661058723149337    0.00034255843041678427    0.0006479011766330041    0.0005188551597882406
2138.737991777604    0.0005221450111759452    0.00030907033122812907    0.0005456574696650241    0.0004589576040230328
2138.837991767604    0.0004828899029288683    0.0002811615208266477    0.00046754316520112324    0.0004105315296522131
2138.937991757604    0.0004468040621998608    0.0002595852523271709    0.00040965610021912444    0.00037201513824871874
2139.037991747604    0.00041310892126427274    0.00024358734520289136    0.0003660776969828385    0.0003409246544833342
2139.137991737604    0.0003818366522028669    0.00023063492679896913    0.0003316484020168803    0.0003147066603395721
2139.237991727604    0.0003537008963187531    0.0002186429463444574    0.00030334093850535804    0.0002918949270561895
2139.337991717604    0.0003295158528636567    0.0002071169699842728    0.0002800378190857456    0.000272223547311225
2139.437991707604    0.00030929947294759875    0.00019635899027917192    0.000261222244836604    0.0002556269026877916
2139.537991697604    0.0002925365675700261    0.00018691876635654146    0.00024649374286207624    0.0002419830255962146
2139.637991687604    0.00027831867722109935    0.00017884956867098606    0.00023508240504098348    0.0002307502169776896
2139.737991677604    0.0002660119367035248    0.00017209644571006835    0.000226313893989193    0.00022147409213426204
2139.837991667604    0.00025515102491841527    0.00016642905295800468    0.00021952469590647602    0.00021370159126096535
2139.937991657604    0.0002455300397585978    0.00016168462169328777    0.0002142675268065831    0.0002071607294194896
2140.037991647604    0.00023713761845950602    0.00015781485650407073    0.00021029901450083077    0.00020175049648813587
2140.137991637604    0.0002296910100895058    0.00015448462048772273    0.0002071725512479199    0.00019711606060838282
2140.237991627604    0.00022340362537465392    0.00015188920240797007    0.0002050012758680499    0.00019343136788355797
2140.337991617604    0.00021797502600993346    0.0001497089435745103    0.00020341689220413215    0.0001903669539295253
2140.437991607604    0.00021349647206654233    0.00014805610588032792    0.00020249287812067128    0.0001880151520225138
2140.537991597604    0.00020986306465456956    0.0001468532344565844    0.00020212536446895306    0.00018628055452670235
2140.637991587604    0.00020701624656872336    0.00014606747944647704    0.00020226376928655132    0.00018511583176725055
2140.737991577604    0.00020487743932720158    0.0001456564448176475    0.0002028473611827172    0.00018446041510918878
2140.837991567604    0.00020349757437373205    0.00014571142553968357    0.00020395407675766758    0.0001843876922236944
2140.937991557604    0.00020292945701217154    0.00014631867479243714    0.00020565941890431948    0.00018496918356964272
2141.037991547604    0.0002031223053246838    0.00014746592559969834    0.0002079402835320605    0.00018617617148548087
2141.137991537604    0.00020404039721377782    0.00014915279264950912    0.00021078248769330394    0.00018799189251886362
2141.237991527604    0.00020587823391886737    0.00015161389121929938    0.00021442168113171804    0.00019063793542329493
2141.337991517604    0.00020855586181693707    0.0001548109923595746    0.00021881916781896343    0.00019406200733182506
2141.4379915076042    0.00021224284305999559    0.0001589643506914095    0.0002241841425096763    0.0001984637787536938
2141.5379914976043    0.00021711844935743    0.00016432006604040757    0.0002307616901835113    0.00020406673519378295
2141.6379914876043    0.0002232793351605489    0.0001710505581484876    0.00023872522125674376    0.00021101837152192674
2141.7379914776043    0.00023095573440993383    0.00017949079365239647    0.00024841098049777023    0.0002196191695200335
2141.8379914676043    0.00024045904234598687    0.00019006129716759475    0.00026024367765999025    0.00023025467239119063
2141.9379914576043    0.0002520870768082183    0.00020316553712895928    0.0002746336911401798    0.0002432954350257858
2142.0379914476043    0.0002663556767271113    0.00021935260179428625    0.0002921465731536787    0.0002592849505583588
2142.1379914376043    0.00028402678396857674    0.00023924253834367806    0.00031348387497846857    0.00027891773243024113
2142.2379914276044    0.0003058039442684648    0.00026309523349591913    0.0003390891904760612    0.0003026627894134817
2142.3379914176044    0.0003326665447465661    0.00029117159783367125    0.00036946245226205336    0.0003311001982807636
2142.4379914076044    0.0003648541504626789    0.0003231070457108017    0.0004041968326711419    0.0003640526762815408
2142.5379913976044    0.000401743168423964    0.00035853461632458504    0.0004418528039772114    0.00040071019624192015
2142.6379913876044    0.000441216297926125    0.0003965391634880966    0.0004791020244194894    0.0004389524952779037
2142.7379913776044    0.00048064684494575073    0.00043489715735941717    0.0005112850043391168    0.0004756096688814282
2142.8379913676044    0.0005173875972378875    0.00046855768758391757    0.0005334342067875862    0.0005064598305364638
2142.9379913576045    0.0005478726611927324    0.0004896057014795982    0.0005419540731118434    0.0005264774785947246
2143.0379913476045    0.0005655158437165009    0.0004890014744723502    0.0005349958699682942    0.000529837729385715
2143.1379913376045    0.0005618234389956155    0.00046358086765398686    0.0005119513949159339    0.0005124519005218455
2143.2379913276045    0.0005315321981340547    0.00042051480923541287    0.00047313944069332013    0.00047506214935426257
2143.3379913176045    0.0004790279713918159    0.0003713888397893535    0.0004224184487075266    0.00042427841996289865
2143.4379913076045    0.0004152215109684321    0.00032350530282960875    0.0003661219618285284    0.0003682829252088564
2143.5379912976045    0.0003492791215480197    0.00027837755389978824    0.00030934942866222247    0.00031233536803667683
2143.6379912876046    0.0002834604906422042    0.00023219405810708324    0.0002526518707246731    0.0002561021398246535
2143.7379912776046    0.00021861205433446854    0.00018246838846844505    0.00019642605861883633    0.00019916883380725
2143.8379912676046    0.00016263657149420783    0.00013701514827149094    0.00014768948100859193    0.00014911373359143026
2143.9379912576046    0.00012257724422967724    0.0001036027795900055    0.00011262247010319551    0.00011293416464095942
2144.0379912476046    9.597506305548132e-05    8.13556184511491e-05    8.919979156728786e-05    8.884349102463942e-05
2144.1379912376046    7.805853735498268e-05    6.641805188091292e-05    7.33193481108277e-05    7.25986457822411e-05
2144.2379912276047    6.548029746600191e-05    5.59640262977712e-05    6.209120679869861e-05    6.117851018749056e-05
2144.3379912176047    5.627244725391882e-05    4.8326176803476886e-05    5.3812464299563036e-05    5.280369611898624e-05
2144.4379912076047    4.928563324313439e-05    4.253517391571485e-05    4.7486151599073476e-05    4.643565291930757e-05
2144.5379911976047    4.3824347319803376e-05    3.800792375719259e-05    4.250729184650854e-05    4.1446520974501504e-05
2144.6379911876047    3.9449445469751806e-05    3.437823823330122e-05    3.849269816639194e-05    3.744012728981499e-05
2144.7379911776047    3.587234591245145e-05    3.140653136297852e-05    3.5189698276866455e-05    3.4156191850765475e-05
2144.8379911676047    3.289660279133338e-05    2.893026286874278e-05    3.242567147319635e-05    3.1417512377757506e-05
2144.9379911576048    3.0384342375741943e-05    2.683564516115093e-05    3.0079017482433847e-05    2.9099668339775572e-05
2145.0379911476048    2.823621052426402e-05    2.5040832810773862e-05    2.806178193733882e-05    2.71129417574589e-05
2145.137991137605    2.6378951648833433e-05    2.3485558578778097e-05    2.6308872938713007e-05    2.5391127722108177e-05
2145.237991127605    2.475746144948436e-05    2.2124528219098443e-05    2.4771146598323355e-05    2.388437875563539e-05
2145.337991117605    2.3329553452848333e-05    2.0923084696260882e-05    2.341084316032366e-05    2.2554493769810956e-05
2145.437991107605    2.20624233780939e-05    1.9854286562841385e-05    2.2198496237961482e-05    2.137173539296559e-05
2145.537991097605    2.0930205515119508e-05    1.8896892875224667e-05    2.1110791326071276e-05    2.0312629905471816e-05
2145.637991087605    1.9912249161849388e-05    1.8033944203632315e-05    2.0129051496173997e-05    1.9358414953885235e-05
2145.737991077605    1.8991880546615954e-05    1.72517446330471e-05    1.9238146850723572e-05    1.8493924010128872e-05
2145.837991067605    1.8155498756094616e-05    1.6539119123913792e-05    1.8425696128307143e-05    1.7706771336105186e-05
2145.937991057605    1.739190564522956e-05    1.5886863490314333e-05    1.768147344144451e-05    1.6986747525662806e-05
2146.037991047605    1.6691802411226118e-05    1.528733139485124e-05    1.6996961430193374e-05    1.632536507875691e-05
2146.137991037605    1.6047406679893694e-05    1.4734120332642957e-05    1.6365010535929314e-05    1.571551251615532e-05
2146.237991027605    1.5452157914979762e-05    1.4221830115135447e-05    1.577957622499468e-05    1.5151188085036631e-05
2146.337991017605    1.4900488423187843e-05    1.374587515747651e-05    1.5235514223947061e-05    1.4627292601537139e-05
2146.437991007605    1.4387643611676175e-05    1.3302337146284456e-05    1.472841941722825e-05    1.4139466725062958e-05
2146.537990997605    1.3909539651939997e-05    1.288784837373243e-05    1.4254497969173733e-05    1.3683961998282054e-05
2146.637990987605    1.3462649812931787e-05    1.2499498561827153e-05    1.3810464976228795e-05    1.3257537783662576e-05
2146.737990977605    1.3043912999390244e-05    1.2134759886859034e-05    1.3393461922350849e-05    1.2857378269533376e-05
2146.837990967605    1.265065961931596e-05    1.1791426193972986e-05    1.300098962654125e-05    1.2481025146610066e-05
2146.937990957605    1.2280551081550072e-05    1.1467563390822422e-05    1.263085341246704e-05    1.2126322628279843e-05
2147.037990947605    1.1931530123456004e-05    1.116146869830968e-05    1.2281117980177268e-05    1.1791372267314317e-05
2147.137990937605    1.1601779764649585e-05    1.087163698436398e-05    1.195007005185923e-05    1.1474495600290931e-05
2147.237990927605    1.1289689208789398e-05    1.0596732786769923e-05    1.1636187272650119e-05    1.1174203089403147e-05
2147.337990917605    1.0993825368406814e-05    1.0335566938028482e-05    1.1338112188483849e-05    1.088916816497305e-05
2147.437990907605    1.071290896276112e-05    1.0087076949237604e-05    1.1054630360959571e-05    1.0618205424319434e-05
2147.537990897605    1.0445794350733885e-05    9.850310447006405e-06    1.0784651865246966e-05    1.0360252220995753e-05
2147.637990887605    1.0191452455728941e-05    9.62441115157265e-06    1.052719560199472e-05    1.0114353069765437e-05
2147.737990877605    9.948956231196207e-06    9.408606933840529e-06    1.028137590726192e-05    9.879646357432888e-06
2147.837990867605    9.717468242468064e-06    9.202199613228383e-06    1.0046391104459779e-05    9.655352986718742e-06
2147.937990857605    9.496230021100849e-06    9.00455620402061e-06    9.821513662698256e-06    9.440766629273238e-06
2148.037990847605    9.284552896436135e-06    8.815101378136207e-06    9.606081710551185e-06    9.235245328374508e-06
2148.1379908376052    9.081810076058106e-06    8.633310951793528e-06    9.39949169401685e-06    9.038204240622828e-06
2148.2379908276052    8.887429781562325e-06    8.458706236884789e-06    9.201191999489572e-06    8.849109339312228e-06
2148.3379908176053    8.700889278829157e-06    8.29084912845424e-06    9.010677399935373e-06    8.66747193573959e-06
2148.4379908076053    8.521709669196985e-06    8.129337816875945e-06    8.827484201167021e-06    8.492843895746651e-06
2148.5379907976053    8.349451333847363e-06    7.97380303504202e-06    8.65118598893092e-06    8.324813452606767e-06
2148.6379907876053    8.183709934384418e-06    7.823904765045378e-06    8.48138989058775e-06    8.16300153000585e-06
2148.7379907776053    8.024112895620922e-06    7.679329337968449e-06    8.317733280999738e-06    8.007058504863036e-06
