6511.9787897147    2.2315544221e-05    2.2315545144e-05    2.2303877733e-05    2.231165569933333e-05
6512.078789714699    2.0912961135012757e-05    2.0912962192012758e-05    2.0901192120012755e-05    2.0909038482346086e-05
6512.178789714699    1.9600651198011935e-05    1.9600652240011938e-05    1.9588783559011938e-05    1.9596695665678604e-05
6512.278789714698    1.830818900702351e-05    1.830818979502351e-05    1.829622475802351e-05    1.8304201186690178e-05
6512.378789714698    1.7077183789033586e-05    1.7077184563033587e-05    1.706512287603359e-05    1.7073163742700253e-05
6512.478789714697    1.594298833003095e-05    1.5942989410030946e-05    1.593082953503095e-05    1.593893575836428e-05
6512.5787897146965    1.4888923562038346e-05    1.4888924884038348e-05    1.4876664353038351e-05    1.4884837599705017e-05
6512.678789714696    1.3909983846035614e-05    1.3909985401035612e-05    1.3897621828035617e-05    1.390586369170228e-05
6512.778789714695    1.3008185685041009e-05    1.3008187113041009e-05    1.2995717236041013e-05    1.3004030011374345e-05
6512.878789714695    1.2180560810045164e-05    1.2180562198045164e-05    1.2167981072045169e-05    1.2176368026711831e-05
6512.978789714694    1.1421991156041394e-05    1.1421991952041394e-05    1.1409295591041402e-05    1.1417759566374732e-05
6513.078789714694    1.0728607606044144e-05    1.0728608901044143e-05    1.0715791996044153e-05    1.0724336167710813e-05
6513.178789714693    1.0094873146040345e-05    1.0094874613040346e-05    1.0081932621040354e-05    1.0090560126707015e-05
6513.278789714693    9.517389779842018e-06    9.517390753542018e-06    9.504319478942027e-06    9.513033337442023e-06
6513.378789714692    8.98901247734325e-06    8.98901324634325e-06    8.975806703243261e-06    8.984610808976588e-06
6513.478789714692    8.503825708639713e-06    8.503826913439715e-06    8.490479958339726e-06    8.499377526806386e-06
6513.578789714691    8.058997489240457e-06    8.058998817840458e-06    8.04550714084047e-06    8.054501149307128e-06
6513.6787897146905    7.650705951337135e-06    7.650707140437135e-06    7.637065090637148e-06    7.646159394137138e-06
6513.77878971469    7.2742118701376655e-06    7.274212380737666e-06    7.260414790337682e-06    7.269613013737671e-06
6513.878789714689    6.9296891512376e-06    6.929690161437601e-06    6.915731335337618e-06    6.925036882670939e-06
6513.978789714689    6.6112891718347505e-06    6.61129004913475e-06    6.597165268034768e-06    6.606581496334756e-06
6514.078789714688    6.314453141135096e-06    6.314454322035096e-06    6.3001571530351164e-06    6.30968820540177e-06
6514.178789714688    6.04109554143232e-06    6.041096333832321e-06    6.0266221907323416e-06    6.036271355332327e-06
6514.278789714687    5.788583043732153e-06    5.7885839583321525e-06    5.773927452932176e-06    5.783698151665493e-06
6514.378789714687    5.554375208831952e-06    5.554376145531952e-06    5.539532066931977e-06    5.549427807098628e-06
6514.478789714686    5.335447216529867e-06    5.335448277329867e-06    5.3204112085298936e-06    5.330435567463209e-06
6514.578789714686    5.128850889530064e-06    5.128852064830063e-06    5.113615774030093e-06    5.1237729094634065e-06
6514.678789714685    4.937961714927779e-06    4.937963005127778e-06    4.922522078227808e-06    4.932815599427788e-06
6514.7787897146845    4.761502166027283e-06    4.761503291727283e-06    4.745851827927316e-06    4.75628576189396e-06
6514.878789714684    4.5933669822275256e-06    4.593368033527525e-06    4.577500295827561e-06    4.588078437194204e-06
6514.978789714683    4.4376493210254925e-06    4.437650408625492e-06    4.421560056325528e-06    4.432286595325504e-06
6515.078789714683    4.291291367825292e-06    4.2912928741252915e-06    4.274973414025331e-06    4.285852551991971e-06
6515.178789714682    4.152546013923976e-06    4.152547774423976e-06    4.135992622724017e-06    4.147028803690656e-06
6515.278789714682    4.021660876923808e-06    4.021662240523808e-06    4.0048649492238515e-06    4.01606268889049e-06
6515.378789714681    3.89851804132352e-06    3.898518828323519e-06    3.881472477023567e-06    3.892836448890203e-06
6515.478789714681    3.7831400853220363e-06    3.7831414777220366e-06    3.7658387966220853e-06    3.777373453222053e-06
6515.57878971468    3.6739438113218487e-06    3.673945014521849e-06    3.6563790880219015e-06    3.6680893046218664e-06
6515.67878971468    3.5711614572205657e-06    3.5711633072205655e-06    3.5533258420206196e-06    3.565216868820584e-06
6515.778789714679    3.4723643292206666e-06    3.4723658269206667e-06    3.454250465820725e-06    3.4663268739873534e-06
6515.8787897146785    3.378534331520481e-06    3.3785356323204813e-06    3.3601342430205436e-06    3.3724014022871686e-06
6515.978789714678    3.2915103863189955e-06    3.2915121373189956e-06    3.2728151464190597e-06    3.28527922335235e-06
6516.078789714677    3.207656415219066e-06    3.207658054619066e-06    3.1886560048191356e-06    3.2013234915524225e-06
6516.178789714677    3.1270789226183214e-06    3.127080997118321e-06    3.1077661930183923e-06    3.120642037585012e-06
6516.278789714676    3.0536021691173746e-06    3.053604190217375e-06    3.033968768517451e-06    3.047058375950734e-06
6516.378789714676    2.9827690122173943e-06    2.9827705979173943e-06    2.9628033138174756e-06    2.976114307984088e-06
6516.478789714675    2.9135566246169963e-06    2.913557910716996e-06    2.8932499688170794e-06    2.9067881680503575e-06
6516.578789714675    2.8493633169163475e-06    2.8493648879163473e-06    2.828705113316437e-06    2.8424777727163774e-06
6516.678789714674    2.7867753567159386e-06    2.786776935215939e-06    2.765753619516031e-06    2.779768637149303e-06
6516.778789714674    2.727318872415682e-06    2.727320502415682e-06    2.70592424291578e-06    2.720187872582381e-06
6516.878789714673    2.6728763291148546e-06    2.6728777367148543e-06    2.65109645941496e-06    2.665616841748223e-06
6516.9787897146725    2.6194750315145706e-06    2.6194762804145705e-06    2.597296396714679e-06    2.61208256954794e-06
6517.078789714672    2.566718985214874e-06    2.566720457714874e-06    2.54412965251499e-06    2.55918969848158e-06
6517.178789714671    2.5202447098131032e-06    2.5202465133131033e-06    2.497232344013222e-06    2.5125745223798096e-06
6517.278789714671    2.4745993032132843e-06    2.4746010768132843e-06    2.451149616613412e-06    2.466783332213327e-06
6517.37878971467    2.429489376713539e-06    2.429490831413539e-06    2.4055868059136747e-06    2.4215223380135847e-06
6517.47878971467    2.38787529161249e-06    2.3878769452124894e-06    2.36350688691263e-06    2.37975304124587e-06
6517.578789714669    2.347181185612584e-06    2.3471832682125837e-06    2.3223308097127325e-06    2.3388984211793e-06
6517.678789714669    2.3095189867116463e-06    2.3095207834116463e-06    2.284168600011801e-06    2.301069456711698e-06
6517.778789714668    2.272415348111811e-06    2.272417277511811e-06    2.2465478871119754e-06    2.263793504245199e-06
6517.878789714668    2.237396260811466e-06    2.2373980620114658e-06    2.210994578611641e-06    2.228596300478191e-06
6517.978789714667    2.2056610294103907e-06    2.2056629288103904e-06    2.178706576010572e-06    2.1966768447437846e-06
6518.0787897146665    2.1723320606112154e-06    2.1723344248112156e-06    2.1448039059114086e-06    2.16315679711128e-06
6518.178789714666    2.1426478247099892e-06    2.142650330009989e-06    2.1145239428101896e-06    2.133274032510056e-06
6518.278789714665    2.1159313284092335e-06    2.1159339469092336e-06    2.087191496209446e-06    2.106352257175971e-06
6518.378789714665    2.0879572028099225e-06    2.0879594999099225e-06    2.0585790653101486e-06    2.078165256009998e-06
6518.478789714664    2.063066346908829e-06    2.063068582708829e-06    2.033022720109065e-06    2.0530525499089074e-06
6518.578789714664    2.0392358590086694e-06    2.0392378749086693e-06    2.0085020343089204e-06    2.0289919227420865e-06
6518.678789714663    2.0148136716088844e-06    2.014815449108885e-06    1.9833638026091456e-06    2.0043309744423053e-06
6518.778789714663    1.9922057257084305e-06    1.99220762890843e-06    1.9600122475087076e-06    1.981475200708523e-06
6518.878789714662    1.972694608007453e-06    1.9726962094074532e-06    1.9397269247077486e-06    1.961705914040885e-06
6518.978789714662    1.9541446692070858e-06    1.9541464370070857e-06    1.9203687509073944e-06    1.942886619040522e-06
6519.078789714661    1.9334613936080886e-06    1.9334632754080887e-06    1.8988431814084183e-06    1.9219226168081987e-06
6519.1787897146605    1.9161650539067646e-06    1.916167259206764e-06    1.8806717960071066e-06    1.9043347030402117e-06
6519.27878971466    1.902066887605642e-06    1.9020688001056418e-06    1.8656603219060071e-06    1.8899320032057636e-06
6519.378789714659    1.8877286155058683e-06    1.887730966205868e-06    1.8503665324062593e-06    1.875275371372665e-06
6519.478789714659    1.8741971563055382e-06    1.8742001381055378e-06    1.835838476205946e-06    1.8614119235390071e-06
6519.578789714658    1.8614293435053417e-06    1.8614320064053418e-06    1.8220286465057776e-06    1.8482966654721538e-06
6519.678789714658    1.8488057529052812e-06    1.8488082310052816e-06    1.808315971605737e-06    1.8353099851720999e-06
6519.778789714657    1.8385765546043725e-06    1.8385788584043725e-06    1.7969481034048595e-06    1.824701172137868e-06
6519.878789714657    1.829938754603771e-06    1.8299413844037707e-06    1.7871131765042935e-06    1.8156644385039448e-06
6519.978789714656    1.8228183215031084e-06    1.8228209257031084e-06    1.7787382585036563e-06    1.8081258352366243e-06
6520.078789714656    1.8145485213036855e-06    1.8145513937036855e-06    1.7691535219042714e-06    1.7994178123038808e-06
6520.178789714655    1.8076563236030715e-06    1.807660216003071e-06    1.7608813603036866e-06    1.7920659666366096e-06
6520.2787897146545    1.8040069290016596e-06    1.80401008860166e-06    1.755777753602321e-06    1.7879315904018804e-06
6520.378789714654    1.8016563034010903e-06    1.80166002830109e-06    1.7518972500018e-06    1.7850711939013268e-06
6520.478789714653    1.7984962414014657e-06    1.7985002817014655e-06    1.7471272705022124e-06    1.7813745978683812e-06
6520.578789714653    1.7951825054015672e-06    1.7951861957015675e-06    1.74211582960237e-06    1.7774948435685018e-06
6520.678789714652    1.7962853116994784e-06    1.7962883700994787e-06    1.7414236978003274e-06    1.777999126533095e-06
6520.778789714652    1.7994583218984705e-06    1.7994612908984706e-06    1.7427002050993846e-06    1.780539939298775e-06
6520.878789714651    1.8002599859996064e-06    1.800263599699606e-06    1.7414943754005924e-06    1.7806726536999348e-06
6520.978789714651    1.8034537539984314e-06    1.8034575182984313e-06    1.7425628064994752e-06    1.783158026265446e-06
6521.07878971465    1.8092036561971237e-06    1.8092080146971234e-06    1.7460577264982517e-06    1.7881564657974996e-06
6521.17878971465    1.816418339296391e-06    1.8164225863963912e-06    1.7508782031975887e-06    1.7945730429634572e-06
6521.278789714649    1.8255369965953556e-06    1.8255407809953559e-06    1.7574517661966519e-06    1.8028431812624546e-06
6521.3787897146485    1.8360207032945651e-06    1.8360240405945655e-06    1.7652221455959718e-06    1.8124222964950342e-06
6521.478789714648    1.8480667377937553e-06    1.8480696266937554e-06    1.774374932995255e-06    1.8235037658275887e-06
6521.578789714647    1.8604523443934664e-06    1.8604549685934666e-06    1.7836688899950974e-06    1.8348587343273435e-06
6521.678789714647    1.8757428526919341e-06    1.8757461163919339e-06    1.7956518714936788e-06    1.8490469468591822e-06
6521.778789714646    1.8918762330913429e-06    1.8918806805913423e-06    1.808242173093244e-06    1.8639996955919762e-06
6521.878789714646    1.910324118889933e-06    1.9103282033899334e-06    1.8228857000920091e-06    1.881179340790625e-06
6521.978789714645    1.933628520287283e-06    1.9336335698872824e-06    1.8420958945895172e-06    1.9031193282546942e-06
6522.078789714645    1.959526321085632e-06    1.9595326469856313e-06    1.8635827254880792e-06    1.9275472311864473e-06
6522.178789714644    1.9868009178848682e-06    1.9868063947848687e-06    1.8860968341875094e-06    1.9532347156190816e-06
6522.278789714644    2.01693139098301e-06    2.0169371198830096e-06    1.9110773083859138e-06    1.9816486064173113e-06
6522.378789714643    2.0523108271797283e-06    2.0523158484797287e-06    1.940867295982931e-06    2.0151646572141293e-06
6522.4787897146425    2.0895448104786657e-06    2.089549315178666e-06    1.9720265328821463e-06    2.050373552846492e-06
6522.578789714642    2.1307465954760176e-06    2.1307528309760164e-06    2.0066170720798655e-06    2.0893721661773e-06
6522.678789714641    2.17618684207355e-06    2.1761942632735498e-06    2.044835287077754e-06    2.1324054641416176e-06
6522.778789714641    2.2270510719699305e-06    2.2270583751699306e-06    2.0877841726746096e-06    2.1806312066048237e-06
6522.87878971464    2.2833798557661878e-06    2.2833858422661887e-06    2.135424063471403e-06    2.2340632538345933e-06
6522.97878971464    2.3459444623624445e-06    2.345950626262444e-06    2.188420577768188e-06    2.293438555464359e-06
6523.078789714639    2.4169807879567133e-06    2.4169884683567122e-06    2.2488815850631575e-06    2.360950280458861e-06
6523.178789714639    2.492119466954213e-06    2.492128020054213e-06    2.3122926157613597e-06    2.4321800342565955e-06
6523.278789714638    2.575790796348253e-06    2.5758004536482523e-06    2.382922113056319e-06    2.5115044543509413e-06
6523.378789714638    2.6731350801389114e-06    2.673145037038911e-06    2.465700967348052e-06    2.6039936948419577e-06
6523.478789714637    2.7800535792329033e-06    2.7800643918329027e-06    2.5562904097431505e-06    2.705469460269652e-06
6523.5787897146365    2.8977198363250885e-06    2.897729902925089e-06    2.6555822282367863e-06    2.8170106558289874e-06
6523.678789714636    3.031808128814633e-06    3.0318175589146337e-06    2.7688934534278606e-06    2.944173047052376e-06
6523.778789714635    3.181132473303575e-06    3.1811445444035732e-06    2.894617232418815e-06    3.085631416708655e-06
6523.878789714635    3.3531091902873837e-06    3.3531233539873817e-06    3.039638338905035e-06    3.2486236277266e-06
6523.978789714634    3.5477922505725144e-06    3.5478082029725133e-06    3.2033956803927655e-06    3.4329987113125976e-06
6524.078789714634    3.7686738284533498e-06    3.768686103953352e-06    3.3885782138770515e-06    3.6419793820945848e-06
6524.178789714633    4.022077257531757e-06    4.022093055131756e-06    3.600555099259262e-06    3.881575137307592e-06
6524.278789714633    4.316185556302058e-06    4.316201535202058e-06    3.846271022034627e-06    4.159552704512914e-06
6524.378789714632    4.656811817767652e-06    4.656832047867649e-06    4.130003137406461e-06    4.481215667680587e-06
6524.478789714632    5.051274829130928e-06    5.051295339630928e-06    4.457119267376867e-06    4.853229812046242e-06
6524.578789714631    5.51716435367797e-06    5.51718483397797e-06    4.842705553433477e-06    5.292351580363138e-06
6524.6787897146305    6.066860687720041e-06    6.0668863729200374e-06    5.2960189661866625e-06    5.8099220089422465e-06
6524.77878971463    6.7214271530416e-06    6.721451881241601e-06    5.83409429202318e-06    6.42565777543546e-06
6524.878789714629    7.506314472343196e-06    7.506346685643191e-06    6.477290323843713e-06    7.163317160610033e-06
6524.978789714629    8.450545796830156e-06    8.450578886630157e-06    7.248332003353019e-06    8.049818895604444e-06
6525.078789714628    9.593808508378565e-06    9.593844428878563e-06    8.179219297831157e-06    9.122290745029428e-06
6525.178789714628    1.0984980499000443e-05    1.0985021489000438e-05    9.310153478187423e-06    1.0426718488729436e-05
6525.278789714627    1.2676864337768993e-05    1.2676919161768982e-05    1.0685576881999247e-05    1.2013120127179075e-05
6525.378789714627    1.4729444569487884e-05    1.4729500615487882e-05    1.2360357258766206e-05    1.3939767481247325e-05
6525.478789714626    1.7182953941192524e-05    1.7183019383192518e-05    1.4379805375512292e-05    1.6248592899965778e-05
6525.578789714626    2.0028138404878103e-05    2.0028217342878092e-05    1.6762058959223347e-05    1.893947156899318e-05
6525.678789714625    2.3155005914668028e-05    2.3155097747668017e-05    1.9463525932985286e-05    2.1924543198440447e-05
6525.7787897146245    2.6279326511641513e-05    2.627944522864149e-05    2.2315933746846776e-05    2.4958235162376592e-05
6525.878789714624    2.8915048954986373e-05    2.8915188731986355e-05    2.497535061396827e-05    2.760186276698033e-05
6525.978789714623    3.046641786081479e-05    3.046661035581475e-05    2.693304273450437e-05    2.9288690317044638e-05
6526.078789714623    3.0498465333975225e-05    3.0498664561975218e-05    2.768838363041607e-05    2.9561837842122172e-05
6526.178789714622    2.9005580069154105e-05    2.9005795081154094e-05    2.7021757667515348e-05    2.8344377605941183e-05
6526.278789714622    2.640917469903082e-05    2.6409399747030813e-05    2.513181446547825e-05    2.5983462970513294e-05
6526.378789714621    2.3304066926456946e-05    2.330424896745698e-05    2.2510001626074536e-05    2.3039439173329492e-05
6526.478789714621    2.018404666646875e-05    2.0184219056468757e-05    1.966771259824899e-05    2.001199277372883e-05
6526.57878971462    1.7343165462273714e-05    1.734331641027373e-05    1.696609963116225e-05    1.721752716790323e-05
6526.67878971462    1.489292866096106e-05    1.489305527596108e-05    1.457868578691078e-05    1.4788223241277638e-05
6526.778789714619    1.2843718596658732e-05    1.2843818929658755e-05    1.2556059509637215e-05    1.2747865678651569e-05
6526.8787897146185    1.115677397538084e-05    1.1156865015380849e-05    1.0880984388371124e-05    1.1064874459710937e-05
6526.978789714618    9.773980526331877e-06    9.77405795623189e-06    9.505387142125987e-06    9.684475208229918e-06
6527.078789714617    8.641909061736947e-06    8.641976377136955e-06    8.379924769231477e-06    8.554603402701795e-06
6527.178789714617    7.710594270170793e-06    7.710652245670801e-06    7.455942139564725e-06    7.625729551802107e-06
6527.278789714616    6.940823452944094e-06    6.940872505844102e-06    6.694369542037234e-06    6.858688500275144e-06
6527.378789714616    6.302321280040064e-06    6.302365145140069e-06    6.064700428132593e-06    6.223128951104242e-06
6527.478789714615    5.770821626949559e-06    5.770861639849562e-06    5.54232621664184e-06    5.6946698278136546e-06
6527.578789714615    5.323302367682595e-06    5.323330332582606e-06    5.1039421673747855e-06    5.250191622546663e-06
6527.678789714614    4.9434815050247184e-06    4.943513609124715e-06    4.733042063317092e-06    4.873345725822175e-06
6527.778789714614    4.62432224487576e-06    4.624341769575771e-06    4.422415073368388e-06    4.557026362606639e-06
6527.878789714613    4.351973020137792e-06    4.351993457837792e-06    4.158127884930753e-06    4.287364787635446e-06
6527.9787897146125    4.118987022103423e-06    4.119003008603428e-06    3.932676237596845e-06    4.056888756101232e-06
6528.078789714612    3.91907936477636e-06    3.919092928976362e-06    3.7397477088702033e-06    3.859306667540976e-06
6528.178789714611    3.747127328751698e-06    3.747148813451691e-06    3.5742217589460286e-06    3.6894993003831393e-06
6528.278789714611    3.5988091688321967e-06    3.5988263470322005e-06    3.431775707726963e-06    3.5431370745304527e-06
6528.37878971461    3.469511762316419e-06    3.4695309525164174e-06    3.3078128433116162e-06    3.4156185193814845e-06
6528.47878971461    3.360190258098433e-06    3.3602082558984343e-06    3.20331490819409e-06    3.307904474063652e-06
6528.578789714609    3.26683092138491e-06    3.2668448160849135e-06    3.1142814434809755e-06    3.2159857269836e-06
6528.678789714609    3.1870145018725923e-06    3.187028158872593e-06    3.0383381106690702e-06    3.137460257138085e-06
6528.778789714608    3.1186751967627757e-06    3.1186895163627753e-06    2.973437762959617e-06    3.070267492028389e-06
6528.878789714608    3.059462159054931e-06    3.0594736043549335e-06    2.9172502186521244e-06    3.012061994020663e-06
6528.978789714607    3.0097994810460715e-06    3.009813400746069e-06    2.8702177091436316e-06    2.9632768636452575e-06
6529.0787897146065    2.9705953498367258e-06    2.9706071157367277e-06    2.8332812355346013e-06    2.924827900369352e-06
6529.178789714606    2.939316069629302e-06    2.9393257601293036e-06    2.8039213471275034e-06    2.894187725628703e-06
6529.278789714605    2.913567725324355e-06    2.913579885424352e-06    2.779755517322858e-06    2.868967709357188e-06
6529.378789714605    2.896020003916758e-06    2.896030732816759e-06    2.7634697490155525e-06    2.8518401619163565e-06
6529.478789714604    2.8827874083126367e-06    2.882796554212638e-06    2.751198072611719e-06    2.8389273450456644e-06
6529.578789714604    2.8756111805069182e-06    2.875623409806915e-06    2.7446898700062744e-06    2.8319748201067027e-06
6529.678789714603    2.8752081952003883e-06    2.875217970400391e-06    2.744663773600025e-06    2.8316966464002682e-06
6529.778789714603    2.878072044697213e-06    2.8780833611972114e-06    2.7476287279971148e-06    2.83459471129718e-06
6529.878789714602    2.8853355192928654e-06    2.885344327292868e-06    2.7547209021930336e-06    2.8418002495929222e-06
6529.978789714602    2.897566334187986e-06    2.8975760827879853e-06    2.7665179959884123e-06    2.8538868043214616e-06
6530.078789714601    2.914305571083406e-06    2.9143135962834075e-06    2.782550592184106e-06    2.870389919850306e-06
6530.1787897146005    2.9360360651784573e-06    2.9360426025784592e-06    2.803306254779424e-06    2.89179497417878e-06
6530.2787897146    2.96226436487376e-06    2.962271843473759e-06    2.8282959306749992e-06    2.9176107130075064e-06
6530.378789714599    2.9935604485684054e-06    2.9935659041684075e-06    2.858084810869927e-06    2.9484037212022468e-06
6530.478789714599    3.030383988062825e-06    3.0303901449628245e-06    2.8931299433646208e-06    2.9846346921300897e-06
6530.578789714598    3.069479711160176e-06    3.0694854274601762e-06    2.9301663254622738e-06    3.023043821360875e-06
6530.678789714598    3.109143636859597e-06    3.1091545129595917e-06    2.9674911751619796e-06    3.0619297749937226e-06
6530.778789714597    3.1569707847508468e-06    3.1569798973508485e-06    3.01267819415356e-06    3.108876292085085e-06
6530.878789714597    3.2115041363434586e-06    3.211514842143457e-06    3.0642705399465076e-06    3.1624298394778082e-06
6530.978789714596    3.2671262411423297e-06    3.2671317399423352e-06    3.1166265461457162e-06    3.2169615090767936e-06
6531.078789714596    3.3275417735368102e-06    3.3275460696368113e-06    3.173448688740569e-06    3.2761788439713965e-06
6531.178789714595    3.394997451129447e-06    3.395005265429443e-06    3.2369606891335713e-06    3.342321135230821e-06
6531.2787897145945    3.4673210475236976e-06    3.4673253980237015e-06    3.30496948462825e-06    3.4132053100585497e-06
6531.378789714594    3.5434013072190423e-06    3.543409627719038e-06    3.3763439446240498e-06    3.4877182931873767e-06
6531.478789714593    3.6251876255129703e-06    3.6251964834129697e-06    3.4530148941184138e-06    3.5677996676814513e-06
6531.578789714593    3.714607581104034e-06    3.7146165995040343e-06    3.5368697109100065e-06    3.655364630506025e-06
6531.678789714592    3.8088467597988624e-06    3.808851306298867e-06    3.625061789305352e-06    3.7475866184676938e-06
6531.778789714592    3.909400426191171e-06    3.909407216791168e-06    3.7190734875982515e-06    3.845960376860197e-06
6531.878789714591    4.017083518482475e-06    4.01709521088247e-06    3.819657465890223e-06    3.951278731751722e-06
6531.978789714591    4.132565513073964e-06    4.132573598873967e-06    3.92744607318236e-06    4.064195061710097e-06
6532.07878971459    4.257321839462707e-06    4.257328483762708e-06    4.043861895771886e-06    4.1861707396657676e-06
6532.17878971459    4.3870822910572e-06    4.387093381857195e-06    4.164588624867142e-06    4.312921432593845e-06
6532.278789714589    4.526507028345296e-06    4.5265184845452964e-06    4.29421360585617e-06    4.44907970624892e-06
6532.3787897145885    4.679012032729395e-06    4.679022661929396e-06    4.4360883983412884e-06    4.598041031000026e-06
6532.478789714588    4.840344046219521e-06    4.840350803219526e-06    4.58587196193244e-06    4.7555222704571625e-06
6532.578789714587    5.01109643660743e-06    5.011106669507426e-06    4.744084217421572e-06    4.922095774512142e-06
6532.678789714587    5.194264715193427e-06    5.194269032293434e-06    4.913593048208833e-06    5.100708931898564e-06
6532.778789714586    5.3908574009765e-06    5.390870065176491e-06    5.09532887949339e-06    5.292352115215461e-06
6532.878789714586    5.604169360855552e-06    5.604181818555552e-06    5.292430396874129e-06    5.500260525428412e-06
6532.978789714585    5.832395692338461e-06    5.832404716938465e-06    5.5029362239587685e-06    5.722578877745231e-06
6533.078789714585    6.077795398016549e-06    6.077802921416551e-06    5.72895034123894e-06    5.961516220224014e-06
6533.178789714584    6.344345643992119e-06    6.3443571950921144e-06    5.97424507171667e-06    6.220982636933634e-06
6533.278789714584    6.628601978869082e-06    6.628610715769085e-06    6.235165452996249e-06    6.497459382544805e-06
6533.378789714583    6.937363503237746e-06    6.937371447437747e-06    6.518238343267885e-06    6.797657764647792e-06
6533.4787897145825    7.272028530307354e-06    7.272039768407351e-06    6.8245797441405855e-06    7.122882680951763e-06
6533.578789714582    7.633664022472422e-06    7.633676259972422e-06    7.154871953509481e-06    7.4740707453181085e-06
6533.678789714581    8.02848989373318e-06    8.028495724833189e-06    7.514971071874239e-06    7.857318896813537e-06
6533.778789714581    8.456762643289739e-06    8.456786279189718e-06    7.904641625535732e-06    8.27273018267173e-06
6533.87878971458    8.92503884123782e-06    8.925050415437833e-06    8.329866482889504e-06    8.726651913188385e-06
6533.97878971458    9.437943905584241e-06    9.437957794584238e-06    8.79464361404202e-06    9.223515104736834e-06
6534.078789714579    1.0001808159317934e-05    1.000181737931794e-05    9.30448708588328e-06    9.769370874839717e-06
6534.178789714579    1.0622288281249449e-05    1.0622290450249458e-05    9.864143862123024e-06    1.0369574197873978e-05
6534.278789714578    1.130675073116583e-05    1.130675216116583e-05    1.0479869723249602e-05    1.1031124205193753e-05
6534.378789714578    1.2064782901069274e-05    1.206478045706928e-05    1.1159890648165058e-05    1.1763151335434536e-05
6534.478789714577    1.290343340397029e-05    1.2903452051970264e-05    1.1909639087079444e-05    1.2572174847673333e-05
6534.5787897145765    1.3841430734839779e-05    1.3841417148839819e-05    1.2745807717965733e-05    1.3476218533881779e-05
6534.678789714576    1.4893136631699132e-05    1.4893149647699099e-05    1.3680414298843973e-05    1.44889001927474e-05
6534.778789714575    1.6072501954530503e-05    1.6072488364530532e-05    1.4724319285699286e-05    1.562310320158677e-05
6534.878789714575    1.7405154549327383e-05    1.7405138764327388e-05    1.5899413746525137e-05    1.6903235686726636e-05
6534.978789714574    1.8919578094099246e-05    1.8919591514099207e-05    1.7229657638330407e-05    1.8356275748842954e-05
6535.078789714574    2.0645489202818106e-05    2.0645506843818102e-05    1.8738840631092096e-05    2.000994555924277e-05
6535.178789714573    2.262312632449988e-05    2.2623153121499865e-05    2.045967021082453e-05    2.1901983218941423e-05
6535.278789714573    2.4904584286095036e-05    2.490456794809509e-05    2.243498237848485e-05    2.408137820422499e-05
6535.378789714572    2.75544068396019e-05    2.7554402935601884e-05    2.4717369151073093e-05    2.6608726308758962e-05
6535.478789714572    3.0648942221031607e-05    3.0648938629031605e-05    2.7367853232601052e-05    2.9555244694221426e-05
6535.578789714571    3.4287274003301153e-05    3.428721019330124e-05    3.04660757079987e-05    3.3013519968200363e-05
6535.6787897145705    3.859989095443033e-05    3.8599815531430345e-05    3.4117836942283814e-05    3.71058478093815e-05
6535.77878971457    4.373854451331678e-05    4.373848779731676e-05    3.844481664937243e-05    4.1973949653335325e-05
6535.878789714569    4.990043771092994e-05    4.990032961393001e-05    4.36084010022374e-05    4.780305610903245e-05
6535.978789714569    5.732827627827196e-05    5.732812087627202e-05    4.981258226987455e-05    5.4822993141472846e-05
6536.078789714568    6.62967316381727e-05    6.629662072317263e-05    5.729935706812669e-05    6.3297569809824e-05
6536.178789714568    7.710012251775284e-05    7.710002209275283e-05    6.635603231805635e-05    7.3518725642854e-05
6536.278789714567    8.998724189388768e-05    8.99871313538877e-05    7.729410750847574e-05    8.57561602520837e-05
6536.378789714567    0.0001050227960798981    0.00010502254816989829    9.038802101149399e-05    0.0001001444550870968
6536.478789714566    0.00012184552046750874    0.00012184539109750858    0.00010573732276947865    0.00011647607811149865
6536.578789714566    0.0001393510114564367    0.0001393508203364368    0.00012301037873674957    0.00013390407017654102
6536.678789714565    0.00015556148215817986    0.00015556105793818018    0.00014112390703561824    0.00015074881571065942
6536.7787897145645    0.00016800062755314312    0.0001680005090831427    0.00015795944512718538    0.00016465352725449043
6536.878789714564    0.00017483214298068017    0.00017483253209067947    0.0001706270665527183    0.0001734305805413593
6536.978789714563    0.00017611201700825393    0.00017611221748825418    0.00017665800753177235    0.00017629408067609348
6537.078789714563    0.00017379556065318127    0.00017379564163318143    0.00017544638751166395    0.0001743458632660089
6537.178789714562    0.00017049278296453582    0.00017049350130453493    0.0001687645557591764    0.0001699169466760824
6537.278789714562    0.0001681232695032757    0.000168123774913276    0.0001599238320222217    0.0001653902921462578
6537.378789714561    0.00016457009750494434    0.00016457062147494432    0.00014991616791392592    0.00015968562896460486
6537.478789714561    0.0001649184870695152    0.0001649189478295153    0.0001428020413098995    0.00015754649206964333
6537.57878971456    0.00016519738165960936    0.00016519740476960998    0.00013905719070524513    0.00015648399237815482
6537.67878971456    0.0001633786895425473    0.00016337986441254567    0.00013840728895091027    0.00015505528096866774
6537.778789714559    0.00015797574287761663    0.00015797685622761671    0.00013981029152802216    0.0001519209635444185
6537.8787897145585    0.00014865520337322408    0.00014865663468322364    0.00014148086815762978    0.0001462642354046925
6537.978789714558    0.00013630813086751815    0.00013630915741751876    0.00014132493820022122    0.0001379807421617527
6538.078789714557    0.00012255703955963527    0.00012255794736963543    0.00013777320048507155    0.00012762939580478078
6538.178789714557    0.00010896488277940833    0.0001089661653094078    0.0001305386287403303    0.00011615655894304882
6538.278789714556    9.655985749982605e-05    9.656069050682668e-05    0.00012060473091427503    0.00010457509297364259
6538.378789714556    8.576678490260783e-05    8.576752223160797e-05    0.00010946164681611398    9.366531798344327e-05
6538.478789714555    7.659932227925704e-05    7.6600084811257e-05    9.837687912402964e-05    8.385876207151456e-05
6538.578789714555    6.886073746426111e-05    6.886179631926068e-05    8.809366034796405e-05    7.527206471049528e-05
6538.678789714554    6.22584474166076e-05    6.225888625560849e-05    7.886350782543164e-05    6.779361383254925e-05
6538.778789714554    5.529855805919127e-05    5.529903610919121e-05    6.849611397118083e-05    5.969790271318777e-05
6538.878789714553    5.105767286224844e-05    5.1058289502248235e-05    6.233834442707274e-05    5.481810226385647e-05
6538.9787897145525    4.7486035929262385e-05    4.7486178980263084e-05    5.706314540577238e-05    5.067845343843261e-05
6539.078789714552    4.427016337276745e-05    4.427009079576777e-05    5.25351153527127e-05    4.702512317374931e-05
6539.178789714551    4.143554632220225e-05    4.14358432992017e-05    4.8671478110727755e-05    4.3847622577377234e-05
6539.278789714551    3.893201890973419e-05    3.893260176773376e-05    4.537062603292346e-05    4.107841557013047e-05
6539.37878971455    3.6714361902327965e-05    3.671497392632792e-05    4.254503187024027e-05    3.865812256629872e-05
6539.47878971455    3.473972089542529e-05    3.4740136489445224e-05    4.011289882586055e-05    3.653091873691036e-05
6539.578789714549    3.298221593140205e-05    3.298246599241885e-05    3.801662128379041e-05    3.4660434402537105e-05
6539.678789714549    3.14160244999963e-05    3.1416355015988136e-05    3.6202727092142547e-05    3.301170220270899e-05
6539.778789714548    3.002359841935603e-05    3.0023876608361343e-05    3.4627793319883803e-05    3.1558422782533726e-05
6539.878789714548    2.8789428702301416e-05    2.878967088130507e-05    3.3254479287428305e-05    3.0277859623678265e-05
6539.978789714547    2.7703686452232038e-05    2.7703892053235752e-05    3.205332864594909e-05    2.9153635717138958e-05
6540.0787897145465    2.6756764597146646e-05    2.6756858369158e-05    3.0996985802256814e-05    2.817020292285382e-05
6540.178789714546    2.5938874303052734e-05    2.5938967108052835e-05    3.0058859475262115e-05    2.731223362878923e-05
6540.278789714545    2.5244264223534237e-05    2.5244382061531695e-05    2.92172805424582e-05    2.656864227584138e-05
6540.378789714545    2.4670781409239573e-05    2.4670968178232572e-05    2.8454530034460497e-05    2.5932093207310883e-05
6540.478789714544    2.4214252418362425e-05    2.4214293961377174e-05    2.7750578957489176e-05    2.5393041779076257e-05
6540.578789714544    2.388277911466551e-05    2.388290910065653e-05    2.7096416156438916e-05    2.495403479058698e-05
6540.678789714543    2.3668023713813212e-05    2.366816908781165e-05    2.646566833906655e-05    2.460062038023047e-05
6540.778789714543    2.3569546879002523e-05    2.3569731785998508e-05    2.583753513780098e-05    2.4325604600934007e-05
6540.878789714542    2.3600566930848937e-05    2.3600780284846045e-05    2.5202586061499054e-05    2.4134644425731344e-05
6540.978789714542    2.37622096095801e-05    2.376235000958751e-05    2.4537821322527773e-05    2.4020793647231793e-05
6541.078789714541    2.4065568714181577e-05    2.4065678152184725e-05    2.3831794186725694e-05    2.3987680351030666e-05
6541.1787897145405    2.4491404226735258e-05    2.449156227173032e-05    2.3049855863444662e-05    2.4010940787303413e-05
6541.27878971454    2.50257387017118e-05    2.5025794370722205e-05    2.2182520109121013e-05    2.4078017727185007e-05
6541.378789714539    2.5608580854778138e-05    2.5608768126764766e-05    2.1214071657402838e-05    2.414380687964858e-05
6541.478789714539    2.6131281595889033e-05    2.6131413812894627e-05    2.0139921146143088e-05    2.4134205518308914e-05
6541.578789714538    2.6427776049870876e-05    2.6427940582867594e-05    1.8966834171206567e-05    2.3940850267981678e-05
6541.678789714538    2.6293004339696443e-05    2.629319632269365e-05    1.770463957027297e-05    2.3430280077554354e-05
6541.778789714537    2.557270146820218e-05    2.5572862837205295e-05    1.638540115707016e-05    2.251032182082588e-05
6541.878789714537    2.423231411923166e-05    2.4232232608256347e-05    1.5045741113157733e-05    2.117009594688191e-05
6541.978789714536    2.2423699272820443e-05    2.242363572881862e-05    1.3725144970220153e-05    1.952415999061974e-05
6542.078789714536    2.022664554631981e-05    2.0226618944316057e-05    1.2448557794758867e-05    1.7633940761798248e-05
6542.178789714535    1.8021321082180543e-05    1.8021305389179435e-05    1.1290705301700595e-05    1.5777777257686857e-05
6542.2787897145345    1.596809872971872e-05    1.596808992271802e-05    1.02598332097925e-05    1.4065340620743081e-05
6542.378789714534    1.4151946364636073e-05    1.4151943034635516e-05    9.358811406300865e-06    1.2554233601857485e-05
6542.478789714533    1.2592534963534933e-05    1.2592536060534484e-05    8.579178614860055e-06    1.1254749879643158e-05
6542.578789714533    1.12731858871414e-05    1.1273190453141048e-05    7.906643722278244e-06    1.015100668752023e-05
6542.678789714532    1.0162458070940476e-05    1.016246526294021e-05    7.3254526687963815e-06    9.216792000892355e-06
6542.778789714532    9.226315446888392e-06    9.226324565588196e-06    6.820823801611423e-06    8.424487938029337e-06
6542.878789714531    8.433626318709034e-06    8.433636806608895e-06    6.379931474534606e-06    7.74906486661751e-06
6542.978789714531    7.757976931607193e-06    7.757988356507096e-06    5.992082989140546e-06    7.169349425751611e-06
6543.07878971453    7.177766454307229e-06    7.177778486607167e-06    5.648536420738582e-06    6.668027120550992e-06
6543.17878971453    6.675638649370812e-06    6.675651040370775e-06    5.342201525156952e-06    6.231163738299513e-06
6543.278789714529    6.237746102037522e-06    6.237758665437504e-06    5.067334860056356e-06    5.847613209177127e-06
6543.3787897145285    5.8530517151303e-06    5.853064312730297e-06    4.819271461232485e-06    5.50846249636436e-06
6543.478789714528    5.512735407816255e-06    5.512747937316262e-06    4.594203547593433e-06    5.206562297575317e-06
6543.578789714527    5.209715449625305e-06    5.209727836425321e-06    4.389003716774359e-06    4.936149000941662e-06
6543.678789714527    4.9382720303155886e-06    4.938284220415608e-06    4.201085833118028e-06    4.692547361283076e-06
6543.778789714526    4.693754843576219e-06    4.693766798576243e-06    4.028296255778934e-06    4.471939299310466e-06
6543.878789714526    4.472357028826159e-06    4.472368722526185e-06    3.868828875225035e-06    4.271184875525793e-06
6543.978789714525    4.270940482193161e-06    4.2709518970931895e-06    3.7211586054247368e-06    4.087683661570362e-06
6544.078789714525    4.086900551826848e-06    4.086911677326878e-06    3.5839891109575813e-06    3.919267113370436e-06
6544.178789714524    3.9180608218816985e-06    3.918071652381729e-06    3.4562115090030783e-06    3.764114661088835e-06
6544.278789714524    3.7625908834211434e-06    3.7626014173211734e-06    3.336871550244435e-06    3.6206879503289173e-06
6544.378789714523    3.618941710919529e-06    3.618951949419559e-06    3.2251433773708505e-06    3.4876790125699792e-06
6544.4787897145225    3.4857945714507114e-06    3.485804517850741e-06    3.1203084076693124e-06    3.3639691656569217e-06
6544.578789714522    3.362020388097928e-06    3.3620300473979573e-06    3.0217382338326252e-06    3.2485962231095032e-06
6544.678789714521    3.2466472189439093e-06    3.246656597243938e-06    2.928880690352029e-06    3.1407281688466255e-06
6544.778789714521    3.1388340742743697e-06    3.1388431782743976e-06    2.8412484298201445e-06    3.0396418941229704e-06
6544.87878971452    3.037849709880182e-06    3.037858547080209e-06    2.758409503132981e-06    2.9447059200311236e-06
6544.97878971452    2.943055352250041e-06    2.9430639303500678e-06    2.6799795456841493e-06    2.8553662760947528e-06
6545.078789714519    2.853890545677765e-06    2.8538988725777904e-06    2.6056152611709413e-06    2.771134893142166e-06
6545.178789714519    2.7698614949556643e-06    2.769869578655689e-06    2.5350089586889876e-06    2.69158001076678e-06
6545.278789714518    2.690531412177225e-06    2.690539260577249e-06    2.4678839487345295e-06    2.6163182071630012e-06
6545.378789714518    2.6155124824389544e-06    2.6155201034389778e-06    2.4039906456060652e-06    2.545007743827999e-06
6545.478789714517    2.54445914493515e-06    2.5444665461351724e-06    2.343103251399982e-06    2.4773429808234346e-06
6545.5787897145165    2.4770624459634182e-06    2.4770696351634397e-06    2.2850169220152863e-06    2.4130496677140487e-06
6545.678789714516    2.4130452737198427e-06    2.4130522581198637e-06    2.2295453366495156e-06    2.351880956163074e-06
6545.778789714515    2.3521583170010452e-06    2.3521651037010657e-06    2.176518602300519e-06    2.2936140076675433e-06
6545.878789714515    2.294176625005685e-06    2.2941832211057046e-06    2.125781441967798e-06    2.238047096026396e-06
6545.978789714514    2.238896667930502e-06    2.2389030799305204e-06    2.0771916220490827e-06    2.1849971233033683e-06
6546.078789714514    2.1861338125746042e-06    2.1861400469746223e-06    2.0306185813440885e-06    2.1342974802977717e-06
6546.178789714513    2.1357201501357656e-06    2.135726213335783e-06    1.9859422335512915e-06    2.0857961990076134e-06
6546.278789714513    2.0875026177120404e-06    2.0875085155120577e-06    1.943051916069344e-06    2.039354349764481e-06
6546.378789714512    2.041341369002982e-06    2.041347107102998e-06    1.9018454660981789e-06    1.9948446474013863e-06
6546.478789714512    1.99710835670653e-06    1.997113940706546e-06    1.8622284047362494e-06    1.9521502340497753e-06
6546.578789714511    1.954686095322434e-06    1.9546915306224486e-06    1.824113215483583e-06    1.9111636138094883e-06
6546.6787897145105    1.9139665773493105e-06    1.9139718690493246e-06    1.787418703739163e-06    1.8717857167125994e-06
6546.77878971451    1.874850321785938e-06    1.8748554746859522e-06    1.752069426902084e-06    1.8339250744579914e-06
6546.878789714509    1.8372455359322617e-06    1.8372505547322752e-06    1.7179951869724677e-06    1.7974970925456683e-06
6546.978789714509    1.8010673755868758e-06    1.801072264786889e-06    1.6851305756491957e-06    1.7624234053409868e-06
