6.511978789714699815e+03 2.231554422100000027e-05 2.231554514399999864e-05 2.230387773300000046e-05 2.231165569933333086e-05
6.512078789714699269e+03 2.091296113501275682e-05 2.091296219201275758e-05 2.090119212001275472e-05 2.090903848234608632e-05
6.512178789714698723e+03 1.960065119801193513e-05 1.960065224001193785e-05 1.958878355901193781e-05 1.959669566567860360e-05
6.512278789714698178e+03 1.830818900702351103e-05 1.830818979502351007e-05 1.829622475802351159e-05 1.830420118669017756e-05
6.512378789714697632e+03 1.707718378903358582e-05 1.707718456303358715e-05 1.706512287603359065e-05 1.707316374270025341e-05
6.512478789714697086e+03 1.594298833003094835e-05 1.594298941003094634e-05 1.593082953503094899e-05 1.593893575836428123e-05
6.512578789714696541e+03 1.488892356203834645e-05 1.488892488403834765e-05 1.487666435303835109e-05 1.488483759970501676e-05
6.512678789714695995e+03 1.390998384603561421e-05 1.390998540103561233e-05 1.389762182803561744e-05 1.390586369170228076e-05
6.512778789714695449e+03 1.300818568504100898e-05 1.300818711304100865e-05 1.299571723604101269e-05 1.300403001137434457e-05
6.512878789714694904e+03 1.218056081004516362e-05 1.218056219804516400e-05 1.216798107204516905e-05 1.217636802671183109e-05
6.512978789714694358e+03 1.142199115604139426e-05 1.142199195204139418e-05 1.140929559104140209e-05 1.141775956637473187e-05
6.513078789714693812e+03 1.072860760604414390e-05 1.072860890104414319e-05 1.071579199604415259e-05 1.072433616771081266e-05
6.513178789714693266e+03 1.009487314604034535e-05 1.009487461304034569e-05 1.008193262104035397e-05 1.009056012670701500e-05
6.513278789714692721e+03 9.517389779842017677e-06 9.517390753542018445e-06 9.504319478942027197e-06 9.513033337442022800e-06
6.513378789714692175e+03 8.989012477343250024e-06 8.989013246343249743e-06 8.975806703243261047e-06 8.984610808976588068e-06
6.513478789714691629e+03 8.503825708639713464e-06 8.503826913439714615e-06 8.490479958339726066e-06 8.499377526806385844e-06
6.513578789714691084e+03 8.058997489240457345e-06 8.058998817840457951e-06 8.045507140840469658e-06 8.054501149307127753e-06
6.513678789714690538e+03 7.650705951337134742e-06 7.650707140437134577e-06 7.637065090637147822e-06 7.646159394137138482e-06
6.513778789714689992e+03 7.274211870137665538e-06 7.274212380737665929e-06 7.260414790337682019e-06 7.269613013737671162e-06
6.513878789714689447e+03 6.929689151237600411e-06 6.929690161437601047e-06 6.915731335337618413e-06 6.925036882670939392e-06
6.513978789714688901e+03 6.611289171834750460e-06 6.611290049134749736e-06 6.597165268034768082e-06 6.606581496334756092e-06
6.514078789714688355e+03 6.314453141135096268e-06 6.314454322035096348e-06 6.300157153035116449e-06 6.309688205401769971e-06
6.514178789714687809e+03 6.041095541432319987e-06 6.041096333832320617e-06 6.026622190732341569e-06 6.036271355332327108e-06
6.514278789714687264e+03 5.788583043732152777e-06 5.788583958332152516e-06 5.773927452932175802e-06 5.783698151665493416e-06
6.514378789714686718e+03 5.554375208831951934e-06 5.554376145531951827e-06 5.539532066931976935e-06 5.549427807098628028e-06
6.514478789714686172e+03 5.335447216529867337e-06 5.335448277329867120e-06 5.320411208529893563e-06 5.330435567463209058e-06
6.514578789714685627e+03 5.128850889530064086e-06 5.128852064830063384e-06 5.113615774030092846e-06 5.123772909463406490e-06
6.514678789714685081e+03 4.937961714927778710e-06 4.937963005127777821e-06 4.922522078227808376e-06 4.932815599427788020e-06
6.514778789714684535e+03 4.761502166027282597e-06 4.761503291727283070e-06 4.745851827927316013e-06 4.756285761893960277e-06
6.514878789714683990e+03 4.593366982227525557e-06 4.593368033527524829e-06 4.577500295827561055e-06 4.588078437194204096e-06
6.514978789714683444e+03 4.437649321025492470e-06 4.437650408625491884e-06 4.421560056325528413e-06 4.432286595325504256e-06
6.515078789714682898e+03 4.291291367825291752e-06 4.291292874125291509e-06 4.274973414025330580e-06 4.285852551991970716e-06
6.515178789714682352e+03 4.152546013923976143e-06 4.152547774423975912e-06 4.135992622724017084e-06 4.147028803690656097e-06
6.515278789714681807e+03 4.021660876923807937e-06 4.021662240523807928e-06 4.004864949223851527e-06 4.016062688890489695e-06
6.515378789714681261e+03 3.898518041323519720e-06 3.898518828323519293e-06 3.881472477023567024e-06 3.892836448890203142e-06
6.515478789714680715e+03 3.783140085322036286e-06 3.783141477722036551e-06 3.765838796622085273e-06 3.777373453222052844e-06
6.515578789714680170e+03 3.673943811321848686e-06 3.673945014521849070e-06 3.656379088021901521e-06 3.668089304621866426e-06
6.515678789714679624e+03 3.571161457220565740e-06 3.571163307220565463e-06 3.553325842020619608e-06 3.565216868820583886e-06
6.515778789714679078e+03 3.472364329220666568e-06 3.472365826920666696e-06 3.454250465820724842e-06 3.466326873987353408e-06
6.515878789714678533e+03 3.378534331520481046e-06 3.378535632320481276e-06 3.360134243020543559e-06 3.372401402287168627e-06
6.515978789714677987e+03 3.291510386318995508e-06 3.291512137318995613e-06 3.272815146419059725e-06 3.285279223352349859e-06
6.516078789714677441e+03 3.207656415219066209e-06 3.207658054619066205e-06 3.188656004819135629e-06 3.201323491552422540e-06
6.516178789714676896e+03 3.127078922618321426e-06 3.127080997118320852e-06 3.107766193018392257e-06 3.120642037585011935e-06
6.516278789714676350e+03 3.053602169117374633e-06 3.053604190217374944e-06 3.033968768517451031e-06 3.047058375950733818e-06
6.516378789714675804e+03 2.982769012217394271e-06 2.982770597917394296e-06 2.962803313817475608e-06 2.976114307984088058e-06
6.516478789714675258e+03 2.913556624616996303e-06 2.913557910716995960e-06 2.893249968817079414e-06 2.906788168050357508e-06
6.516578789714674713e+03 2.849363316916347457e-06 2.849364887916347333e-06 2.828705113316437040e-06 2.842477772716377418e-06
6.516678789714674167e+03 2.786775356715938623e-06 2.786776935215938791e-06 2.765753619516030946e-06 2.779768637149303210e-06
6.516778789714673621e+03 2.727318872415681820e-06 2.727320502415682015e-06 2.705924242915780109e-06 2.720187872582381173e-06
6.516878789714673076e+03 2.672876329114854558e-06 2.672877736714854286e-06 2.651096459414960047e-06 2.665616841748223105e-06
6.516978789714672530e+03 2.619475031514570638e-06 2.619476280414570542e-06 2.597296396714679126e-06 2.612082569547939819e-06
6.517078789714671984e+03 2.566718985214874122e-06 2.566720457714874116e-06 2.544129652514990010e-06 2.559189698481579839e-06
6.517178789714671439e+03 2.520244709813103245e-06 2.520246513313103276e-06 2.497232344013222192e-06 2.512574522379809571e-06
6.517278789714670893e+03 2.474599303213284276e-06 2.474601076813284272e-06 2.451149616613412061e-06 2.466783332213326869e-06
6.517378789714670347e+03 2.429489376713539064e-06 2.429490831413538931e-06 2.405586805913674734e-06 2.421522338013584666e-06
6.517478789714669801e+03 2.387875291612489825e-06 2.387876945212489386e-06 2.363506886912629825e-06 2.379753041245869820e-06
6.517578789714669256e+03 2.347181185612583957e-06 2.347183268212583698e-06 2.322330809712732525e-06 2.338898421179300201e-06
6.517678789714668710e+03 2.309518986711646296e-06 2.309520783411646344e-06 2.284168600011800971e-06 2.301069456711697870e-06
6.517778789714668164e+03 2.272415348111811130e-06 2.272417277511811120e-06 2.246547887111975394e-06 2.263793504245199074e-06
6.517878789714667619e+03 2.237396260811465977e-06 2.237398062011465777e-06 2.210994578611640914e-06 2.228596300478191030e-06
6.517978789714667073e+03 2.205661029410390738e-06 2.205662928810390407e-06 2.178706576010571950e-06 2.196676844743784647e-06
6.518078789714666527e+03 2.172332060611215354e-06 2.172334424811215608e-06 2.144803905911408582e-06 2.163156797111279989e-06
6.518178789714665982e+03 2.142647824709989244e-06 2.142650330009988919e-06 2.114523942810189625e-06 2.133274032510055929e-06
6.518278789714665436e+03 2.115931328409233455e-06 2.115933946909233583e-06 2.087191496209446013e-06 2.106352257175970876e-06
6.518378789714664890e+03 2.087957202809922454e-06 2.087959499909922496e-06 2.058579065310148576e-06 2.078165256009997983e-06
6.518478789714664345e+03 2.063066346908828967e-06 2.063068582708828883e-06 2.033022720109064911e-06 2.053052549908907446e-06
6.518578789714663799e+03 2.039235859008669437e-06 2.039237874908669264e-06 2.008502034308920419e-06 2.028991922742086514e-06
6.518678789714663253e+03 2.014813671608884449e-06 2.014815449108885020e-06 1.983363802609145565e-06 2.004330974442305294e-06
6.518778789714662707e+03 1.992205725708430485e-06 1.992207628908430019e-06 1.960012247508707591e-06 1.981475200708522981e-06
6.518878789714662162e+03 1.972694608007453153e-06 1.972696209407453223e-06 1.939726924707748627e-06 1.961705914040884860e-06
6.518978789714661616e+03 1.954144669207085788e-06 1.954146437007085700e-06 1.920368750907394423e-06 1.942886619040521970e-06
6.519078789714661070e+03 1.933461393608088580e-06 1.933463275408088693e-06 1.898843181408418296e-06 1.921922616808198664e-06
6.519178789714660525e+03 1.916165053906764586e-06 1.916167259206764020e-06 1.880671796007106628e-06 1.904334703040211744e-06
6.519278789714659979e+03 1.902066887605641920e-06 1.902068800105641816e-06 1.865660321906007131e-06 1.889932003205763622e-06
6.519378789714659433e+03 1.887728615505868281e-06 1.887730966205868010e-06 1.850366532406259274e-06 1.875275371372665047e-06
6.519478789714658888e+03 1.874197156305538172e-06 1.874200138105537829e-06 1.835838476205945987e-06 1.861411923539007117e-06
6.519578789714658342e+03 1.861429343505341668e-06 1.861432006405341830e-06 1.822028646505777590e-06 1.848296665472153767e-06
6.519678789714657796e+03 1.848805752905281172e-06 1.848808231005281553e-06 1.808315971605736903e-06 1.835309985172099876e-06
6.519778789714657250e+03 1.838576554604372550e-06 1.838578858404372500e-06 1.796948103404859522e-06 1.824701172137868049e-06
6.519878789714656705e+03 1.829938754603771034e-06 1.829941384403770684e-06 1.787113176504293506e-06 1.815664438503944792e-06
6.519978789714656159e+03 1.822818321503108359e-06 1.822820925703108424e-06 1.778738258503656258e-06 1.808125835236624276e-06
6.520078789714655613e+03 1.814548521303685546e-06 1.814551393703685462e-06 1.769153521904271407e-06 1.799417812303880805e-06
6.520178789714655068e+03 1.807656323603071501e-06 1.807660216003071094e-06 1.760881360303686603e-06 1.792065966636609592e-06
6.520278789714654522e+03 1.804006929001659598e-06 1.804010088601659963e-06 1.755777753602320965e-06 1.787931590401880387e-06
6.520378789714653976e+03 1.801656303401090254e-06 1.801660028301090034e-06 1.751897250001800039e-06 1.785071193901326776e-06
6.520478789714653431e+03 1.798496241401465705e-06 1.798500281701465549e-06 1.747127270502212397e-06 1.781374597868381217e-06
6.520578789714652885e+03 1.795182505401567249e-06 1.795186195701567517e-06 1.742115829602369964e-06 1.777494843568501788e-06
6.520678789714652339e+03 1.796285311699478363e-06 1.796288370099478742e-06 1.741423697800327394e-06 1.777999126533094974e-06
6.520778789714651793e+03 1.799458321898470497e-06 1.799461290898470573e-06 1.742700205099384556e-06 1.780539939298775068e-06
6.520878789714651248e+03 1.800259985999606398e-06 1.800263599699605944e-06 1.741494375400592374e-06 1.780672653699934835e-06
6.520978789714650702e+03 1.803453753998431432e-06 1.803457518298431333e-06 1.742562806499475234e-06 1.783158026265446070e-06
6.521078789714650156e+03 1.809203656197123733e-06 1.809208014697123396e-06 1.746057726498251741e-06 1.788156465797499553e-06
6.521178789714649611e+03 1.816418339296391035e-06 1.816422586396391163e-06 1.750878203197588711e-06 1.794573042963457181e-06
6.521278789714649065e+03 1.825536996595355618e-06 1.825540780995355878e-06 1.757451766196651885e-06 1.802843181262454602e-06
6.521378789714648519e+03 1.836020703294565139e-06 1.836024040594565503e-06 1.765222145595971772e-06 1.812422296495034208e-06
6.521478789714647974e+03 1.848066737793755289e-06 1.848069626693755424e-06 1.774374932995255054e-06 1.823503765827588660e-06
6.521578789714647428e+03 1.860452344393466437e-06 1.860454968593466576e-06 1.783668889995097354e-06 1.834858734327343526e-06
6.521678789714646882e+03 1.875742852691934130e-06 1.875746116391933888e-06 1.795651871493678780e-06 1.849046946859182195e-06
6.521778789714646337e+03 1.891876233091342886e-06 1.891880680591342343e-06 1.808242173093244026e-06 1.863999695591976207e-06
6.521878789714645791e+03 1.910324118889932815e-06 1.910328203389933391e-06 1.822885700092009118e-06 1.881179340790624896e-06
6.521978789714645245e+03 1.933628520287283204e-06 1.933633569887282378e-06 1.842095894589517189e-06 1.903119328254694186e-06
6.522078789714644699e+03 1.959526321085632192e-06 1.959532646985631348e-06 1.863582725488079178e-06 1.927547231186447290e-06
6.522178789714644154e+03 1.986800917884868236e-06 1.986806394784868653e-06 1.886096834187509362e-06 1.953234715619081590e-06
6.522278789714643608e+03 2.016931390983009961e-06 2.016937119883009598e-06 1.911077308385913782e-06 1.981648606417311255e-06
6.522378789714643062e+03 2.052310827179728342e-06 2.052315848479728674e-06 1.940867295982930883e-06 2.015164657214129300e-06
6.522478789714642517e+03 2.089544810478665717e-06 2.089549315178665847e-06 1.972026532882146304e-06 2.050373552846492199e-06
6.522578789714641971e+03 2.130746595476017615e-06 2.130752830976016359e-06 2.006617072079865543e-06 2.089372166177299980e-06
6.522678789714641425e+03 2.176186842073549922e-06 2.176194263273549779e-06 2.044835287077753907e-06 2.132405464141617587e-06
6.522778789714640880e+03 2.227051071969930540e-06 2.227058375169930605e-06 2.087784172674609562e-06 2.180631206604823710e-06
6.522878789714640334e+03 2.283379855766187788e-06 2.283385842266188698e-06 2.135424063471403125e-06 2.234063253834593345e-06
6.522978789714639788e+03 2.345944462362444539e-06 2.345950626262444166e-06 2.188420577768187818e-06 2.293438555464358841e-06
6.523078789714639242e+03 2.416980787956713315e-06 2.416988468356712250e-06 2.248881585063157513e-06 2.360950280458861026e-06
6.523178789714638697e+03 2.492119466954213028e-06 2.492128020054212894e-06 2.312292615761359665e-06 2.432180034256595478e-06
6.523278789714638151e+03 2.575790796348252978e-06 2.575800453648252339e-06 2.382922113056318950e-06 2.511504454350941281e-06
6.523378789714637605e+03 2.673135080138911352e-06 2.673145037038911080e-06 2.465700967348051950e-06 2.603993694841957704e-06
6.523478789714637060e+03 2.780053579232903278e-06 2.780064391832902711e-06 2.556290409743150528e-06 2.705469460269652031e-06
6.523578789714636514e+03 2.897719836325088463e-06 2.897729902925088790e-06 2.655582228236786309e-06 2.817010655828987431e-06
6.523678789714635968e+03 3.031808128814632852e-06 3.031817558914633676e-06 2.768893453427860634e-06 2.944173047052376144e-06
6.523778789714635423e+03 3.181132473303575207e-06 3.181144544403573224e-06 2.894617232418815050e-06 3.085631416708655058e-06
6.523878789714634877e+03 3.353109190287383681e-06 3.353123353987381686e-06 3.039638338905034831e-06 3.248623627726600066e-06
6.523978789714634331e+03 3.547792250572514429e-06 3.547808202972513300e-06 3.203395680392765476e-06 3.432998711312597594e-06
6.524078789714633785e+03 3.768673828453349768e-06 3.768686103953352210e-06 3.388578213877051479e-06 3.641979382094584768e-06
6.524178789714633240e+03 4.022077257531757097e-06 4.022093055131755872e-06 3.600555099259262126e-06 3.881575137307591698e-06
6.524278789714632694e+03 4.316185556302057857e-06 4.316201535202057618e-06 3.846271022034626752e-06 4.159552704512914358e-06
6.524378789714632148e+03 4.656811817767651581e-06 4.656832047867648807e-06 4.130003137406460725e-06 4.481215667680587320e-06
6.524478789714631603e+03 5.051274829130927882e-06 5.051295339630928116e-06 4.457119267376866742e-06 4.853229812046241760e-06
6.524578789714631057e+03 5.517164353677970313e-06 5.517184833977969653e-06 4.842705553433477104e-06 5.292351580363137894e-06
6.524678789714630511e+03 6.066860687720041217e-06 6.066886372920037447e-06 5.296018966186662523e-06 5.809922008942246497e-06
6.524778789714629966e+03 6.721427153041599758e-06 6.721451881241601092e-06 5.834094292023179709e-06 6.425657775435459621e-06
6.524878789714629420e+03 7.506314472343196160e-06 7.506346685643191369e-06 6.477290323843712956e-06 7.163317160610033213e-06
6.524978789714628874e+03 8.450545796830156160e-06 8.450578886630156824e-06 7.248332003353018625e-06 8.049818895604443587e-06
6.525078789714628329e+03 9.593808508378564751e-06 9.593844428878563075e-06 8.179219297831156571e-06 9.122290745029428132e-06
6.525178789714627783e+03 1.098498049900044253e-05 1.098502148900043812e-05 9.310153478187423233e-06 1.042671848872943575e-05
6.525278789714627237e+03 1.267686433776899266e-05 1.267691916176898232e-05 1.068557688199924743e-05 1.201312012717907470e-05
6.525378789714626691e+03 1.472944456948788436e-05 1.472950061548788205e-05 1.236035725876620570e-05 1.393976748124732517e-05
6.525478789714626146e+03 1.718295394119252398e-05 1.718301938319251806e-05 1.437980537551229195e-05 1.624859289996577800e-05
6.525578789714625600e+03 2.002813840487810266e-05 2.002821734287809233e-05 1.676205895922334722e-05 1.893947156899318074e-05
6.525678789714625054e+03 2.315500591466802807e-05 2.315509774766801677e-05 1.946352593298528622e-05 2.192454319844044708e-05
6.525778789714624509e+03 2.627932651164151251e-05 2.627944522864149158e-05 2.231593374684677576e-05 2.495823516237659215e-05
6.525878789714623963e+03 2.891504895498637288e-05 2.891518873198635508e-05 2.497535061396826886e-05 2.760186276698033115e-05
6.525978789714623417e+03 3.046641786081479000e-05 3.046661035581475104e-05 2.693304273450436884e-05 2.928869031704463776e-05
6.526078789714622872e+03 3.049846533397522526e-05 3.049866456197521824e-05 2.768838363041606937e-05 2.956183784212217209e-05
6.526178789714622326e+03 2.900558006915410512e-05 2.900579508115409352e-05 2.702175766751534761e-05 2.834437760594118322e-05
6.526278789714621780e+03 2.640917469903081944e-05 2.640939974703081333e-05 2.513181446547824914e-05 2.598346297051329397e-05
6.526378789714621234e+03 2.330406692645694620e-05 2.330424896745698091e-05 2.251000162607453574e-05 2.303943917332949213e-05
6.526478789714620689e+03 2.018404666646874960e-05 2.018421905646875682e-05 1.966771259824899034e-05 2.001199277372883113e-05
6.526578789714620143e+03 1.734316546227371414e-05 1.734331641027373104e-05 1.696609963116225096e-05 1.721752716790323092e-05
6.526678789714619597e+03 1.489292866096106005e-05 1.489305527596107941e-05 1.457868578691077955e-05 1.478822324127763798e-05
6.526778789714619052e+03 1.284371859665873209e-05 1.284381892965875458e-05 1.255605950963721476e-05 1.274786567865156884e-05
6.526878789714618506e+03 1.115677397538084019e-05 1.115686501538084857e-05 1.088098438837112431e-05 1.106487445971093712e-05
6.526978789714617960e+03 9.773980526331877479e-06 9.774057956231890196e-06 9.505387142125987495e-06 9.684475208229917825e-06
6.527078789714617415e+03 8.641909061736947409e-06 8.641976377136954829e-06 8.379924769231476714e-06 8.554603402701795243e-06
6.527178789714616869e+03 7.710594270170793279e-06 7.710652245670800986e-06 7.455942139564725041e-06 7.625729551802107000e-06
6.527278789714616323e+03 6.940823452944094080e-06 6.940872505844101798e-06 6.694369542037234367e-06 6.858688500275143697e-06
6.527378789714615777e+03 6.302321280040063706e-06 6.302365145140068847e-06 6.064700428132592844e-06 6.223128951104242081e-06
6.527478789714615232e+03 5.770821626949558845e-06 5.770861639849561722e-06 5.542326216641839729e-06 5.694669827813654561e-06
6.527578789714614686e+03 5.323302367682595197e-06 5.323330332582606039e-06 5.103942167374785531e-06 5.250191622546662820e-06
6.527678789714614140e+03 4.943481505024718446e-06 4.943513609124715334e-06 4.733042063317091921e-06 4.873345725822175233e-06
6.527778789714613595e+03 4.624322244875759791e-06 4.624341769575770785e-06 4.422415073368388332e-06 4.557026362606639354e-06
6.527878789714613049e+03 4.351973020137791901e-06 4.351993457837792124e-06 4.158127884930752815e-06 4.287364787635445896e-06
6.527978789714612503e+03 4.118987022103423156e-06 4.119003008603427731e-06 3.932676237596845397e-06 4.056888756101231813e-06
6.528078789714611958e+03 3.919079364776360317e-06 3.919092928976362236e-06 3.739747708870203332e-06 3.859306667540975577e-06
6.528178789714611412e+03 3.747127328751697813e-06 3.747148813451690929e-06 3.574221758946028610e-06 3.689499300383139259e-06
6.528278789714610866e+03 3.598809168832196711e-06 3.598826347032200516e-06 3.431775707726963043e-06 3.543137074530452718e-06
6.528378789714610321e+03 3.469511762316418987e-06 3.469530952516417385e-06 3.307812843311616236e-06 3.415618519381484485e-06
6.528478789714609775e+03 3.360190258098432909e-06 3.360208255898434308e-06 3.203314908194090160e-06 3.307904474063652035e-06
6.528578789714609229e+03 3.266830921384910026e-06 3.266844816084913513e-06 3.114281443480975488e-06 3.215985726983599958e-06
6.528678789714608683e+03 3.187014501872592296e-06 3.187028158872593026e-06 3.038338110669070221e-06 3.137460257138085181e-06
6.528778789714608138e+03 3.118675196762775736e-06 3.118689516362775292e-06 2.973437762959616924e-06 3.070267492028389035e-06
6.528878789714607592e+03 3.059462159054931090e-06 3.059473604354933549e-06 2.917250218652124363e-06 3.012061994020662860e-06
6.528978789714607046e+03 3.009799481046071487e-06 3.009813400746069030e-06 2.870217709143631624e-06 2.963276863645257522e-06
6.529078789714606501e+03 2.970595349836725775e-06 2.970607115736727724e-06 2.833281235534601301e-06 2.924827900369352023e-06
6.529178789714605955e+03 2.939316069629301983e-06 2.939325760129303624e-06 2.803921347127503439e-06 2.894187725628703015e-06
6.529278789714605409e+03 2.913567725324354818e-06 2.913579885424352205e-06 2.779755517322857985e-06 2.868967709357187912e-06
6.529378789714604864e+03 2.896020003916757866e-06 2.896030732816759124e-06 2.763469749015552529e-06 2.851840161916356506e-06
6.529478789714604318e+03 2.882787408312636700e-06 2.882796554212638039e-06 2.751198072611718949e-06 2.838927345045664421e-06
6.529578789714603772e+03 2.875611180506918247e-06 2.875623409806915080e-06 2.744689870006274450e-06 2.831974820106702734e-06
6.529678789714603226e+03 2.875208195200388294e-06 2.875217970400390974e-06 2.744663773600024947e-06 2.831696646400268213e-06
6.529778789714602681e+03 2.878072044697212981e-06 2.878083361197211415e-06 2.747628727997114780e-06 2.834594711297180149e-06
6.529878789714602135e+03 2.885335519292865372e-06 2.885344327292868101e-06 2.754720902193033597e-06 2.841800249592922215e-06
6.529978789714601589e+03 2.897566334187985901e-06 2.897576082787985286e-06 2.766517995988412334e-06 2.853886804321461597e-06
6.530078789714601044e+03 2.914305571083405828e-06 2.914313596283407453e-06 2.782550592184106180e-06 2.870389919850305922e-06
6.530178789714600498e+03 2.936036065178457340e-06 2.936042602578459222e-06 2.803306254779423986e-06 2.891794974178780041e-06
6.530278789714599952e+03 2.962264364873760125e-06 2.962271843473759110e-06 2.828295930674999226e-06 2.917610713007506436e-06
6.530378789714599407e+03 2.993560448568405387e-06 2.993565904168407517e-06 2.858084810869926936e-06 2.948403721202246754e-06
6.530478789714598861e+03 3.030383988062825038e-06 3.030390144962824534e-06 2.893129943364620762e-06 2.984634692130089688e-06
6.530578789714598315e+03 3.069479711160175827e-06 3.069485427460176245e-06 2.930166325462273785e-06 3.023043821360875145e-06
6.530678789714597769e+03 3.109143636859596895e-06 3.109154512959591741e-06 2.967491175161979625e-06 3.061929774993722613e-06
6.530778789714597224e+03 3.156970784750846761e-06 3.156979897350848498e-06 3.012678194153560153e-06 3.108876292085084855e-06
6.530878789714596678e+03 3.211504136343458572e-06 3.211514842143456813e-06 3.064270539946507648e-06 3.162429839477808242e-06
6.530978789714596132e+03 3.267126241142329729e-06 3.267131739942335234e-06 3.116626546145716236e-06 3.216961509076793592e-06
6.531078789714595587e+03 3.327541773536810230e-06 3.327546069636811277e-06 3.173448688740568936e-06 3.276178843971396532e-06
6.531178789714595041e+03 3.394997451129446822e-06 3.395005265429443204e-06 3.236960689133571279e-06 3.342321135230821000e-06
6.531278789714594495e+03 3.467321047523697642e-06 3.467325398023701512e-06 3.304969484628249804e-06 3.413205310058549653e-06
6.531378789714593950e+03 3.543401307219042305e-06 3.543409627719037918e-06 3.376343944624049754e-06 3.487718293187376659e-06
6.531478789714593404e+03 3.625187625512970286e-06 3.625196483412969733e-06 3.453014894118413770e-06 3.567799667681451263e-06
6.531578789714592858e+03 3.714607581104034123e-06 3.714616599504034311e-06 3.536869710910006451e-06 3.655364630506025103e-06
6.531678789714592313e+03 3.808846759798862355e-06 3.808851306298866936e-06 3.625061789305352004e-06 3.747586618467693765e-06
6.531778789714591767e+03 3.909400426191170953e-06 3.909407216791167866e-06 3.719073487598251495e-06 3.845960376860197054e-06
6.531878789714591221e+03 4.017083518482474810e-06 4.017095210882469663e-06 3.819657465890223377e-06 3.951278731751722052e-06
6.531978789714590675e+03 4.132565513073964381e-06 4.132573598873967095e-06 3.927446073182359869e-06 4.064195061710097115e-06
6.532078789714590130e+03 4.257321839462707003e-06 4.257328483762708246e-06 4.043861895771885766e-06 4.186170739665767569e-06
6.532178789714589584e+03 4.387082291057200267e-06 4.387093381857195140e-06 4.164588624867141651e-06 4.312921432593845121e-06
6.532278789714589038e+03 4.526507028345295804e-06 4.526518484545296429e-06 4.294213605856170332e-06 4.449079706248920290e-06
6.532378789714588493e+03 4.679012032729395351e-06 4.679022661929396258e-06 4.436088398341288447e-06 4.598041031000026403e-06
6.532478789714587947e+03 4.840344046219521251e-06 4.840350803219526174e-06 4.585871961932439956e-06 4.755522270457162460e-06
6.532578789714587401e+03 5.011096436607429734e-06 5.011106669507425805e-06 4.744084217421572379e-06 4.922095774512142357e-06
6.532678789714586856e+03 5.194264715193427157e-06 5.194269032293434103e-06 4.913593048208832625e-06 5.100708931898564346e-06
6.532778789714586310e+03 5.390857400976500210e-06 5.390870065176490817e-06 5.095328879493390328e-06 5.292352115215461017e-06
6.532878789714585764e+03 5.604169360855551858e-06 5.604181818555552357e-06 5.292430396874128762e-06 5.500260525428411839e-06
6.532978789714585218e+03 5.832395692338461122e-06 5.832404716938465081e-06 5.502936223958768529e-06 5.722578877745231013e-06
6.533078789714584673e+03 6.077795398016548586e-06 6.077802921416550868e-06 5.728950341238940243e-06 5.961516220224014362e-06
6.533178789714584127e+03 6.344345643992118733e-06 6.344357195092114439e-06 5.974245071716670373e-06 6.220982636933633950e-06
6.533278789714583581e+03 6.628601978869081770e-06 6.628610715769085119e-06 6.235165452996249309e-06 6.497459382544805117e-06
6.533378789714583036e+03 6.937363503237746179e-06 6.937371447437746769e-06 6.518238343267884736e-06 6.797657764647791997e-06
6.533478789714582490e+03 7.272028530307354319e-06 7.272039768407351114e-06 6.824579744140585506e-06 7.122882680951763364e-06
6.533578789714581944e+03 7.633664022472422042e-06 7.633676259972421594e-06 7.154871953509481107e-06 7.474070745318108530e-06
6.533678789714581399e+03 8.028489893733179811e-06 8.028495724833188650e-06 7.514971071874238620e-06 7.857318896813537105e-06
6.533778789714580853e+03 8.456762643289738825e-06 8.456786279189718400e-06 7.904641625535731609e-06 8.272730182671730176e-06
6.533878789714580307e+03 8.925038841237819604e-06 8.925050415437832727e-06 8.329866482889503848e-06 8.726651913188385393e-06
6.533978789714579761e+03 9.437943905584241197e-06 9.437957794584237687e-06 8.794643614042020103e-06 9.223515104736833560e-06
6.534078789714579216e+03 1.000180815931793398e-05 1.000181737931793990e-05 9.304487085883279260e-06 9.769370874839717147e-06
6.534178789714578670e+03 1.062228828124944875e-05 1.062229045024945778e-05 9.864143862123024128e-06 1.036957419787397801e-05
6.534278789714578124e+03 1.130675073116582957e-05 1.130675216116582989e-05 1.047986972324960176e-05 1.103112420519375261e-05
6.534378789714577579e+03 1.206478290106927438e-05 1.206478045706928034e-05 1.115989064816505838e-05 1.176315133543453601e-05
6.534478789714577033e+03 1.290343340397028993e-05 1.290345205197026356e-05 1.190963908707944437e-05 1.257217484767333318e-05
6.534578789714576487e+03 1.384143073483977900e-05 1.384141714883981887e-05 1.274580771796573270e-05 1.347621853388177912e-05
6.534678789714575942e+03 1.489313663169913186e-05 1.489314964769909861e-05 1.368041429884397295e-05 1.448890019274740001e-05
6.534778789714575396e+03 1.607250195453050346e-05 1.607248836453053188e-05 1.472431928569928601e-05 1.562310320158677153e-05
6.534878789714574850e+03 1.740515454932738332e-05 1.740513876432738758e-05 1.589941374652513700e-05 1.690323568672663597e-05
6.534978789714574305e+03 1.891957809409924561e-05 1.891959151409920663e-05 1.722965763833040663e-05 1.835627574884295409e-05
6.535078789714573759e+03 2.064548920281810630e-05 2.064550684381810200e-05 1.873884063109209594e-05 2.000994555924276921e-05
6.535178789714573213e+03 2.262312632449987868e-05 2.262315312149986481e-05 2.045967021082452993e-05 2.190198321894142334e-05
6.535278789714572667e+03 2.490458428609503575e-05 2.490456794809508935e-05 2.243498237848484987e-05 2.408137820422498939e-05
6.535378789714572122e+03 2.755440683960190152e-05 2.755440293560188397e-05 2.471736915107309332e-05 2.660872630875896186e-05
6.535478789714571576e+03 3.064894222103160652e-05 3.064893862903160450e-05 2.736785323260105195e-05 2.955524469422142551e-05
6.535578789714571030e+03 3.428727400330115342e-05 3.428721019330123980e-05 3.046607570799870061e-05 3.301351996820036348e-05
6.535678789714570485e+03 3.859989095443033038e-05 3.859981553143034509e-05 3.411783694228381371e-05 3.710584780938150091e-05
6.535778789714569939e+03 4.373854451331678076e-05 4.373848779731676095e-05 3.844481664937242734e-05 4.197394965333532527e-05
6.535878789714569393e+03 4.990043771092994031e-05 4.990032961393000866e-05 4.360840100223739704e-05 4.780305610903244867e-05
6.535978789714568848e+03 5.732827627827195876e-05 5.732812087627202206e-05 4.981258226987455190e-05 5.482299314147284650e-05
6.536078789714568302e+03 6.629673163817269798e-05 6.629662072317262672e-05 5.729935706812668852e-05 6.329756980982399989e-05
6.536178789714567756e+03 7.710012251775283701e-05 7.710002209275282901e-05 6.635603231805635243e-05 7.351872564285400163e-05
6.536278789714567210e+03 8.998724189388768277e-05 8.998713135388770488e-05 7.729410750847573658e-05 8.575616025208369453e-05
6.536378789714566665e+03 1.050227960798980997e-04 1.050225481698982929e-04 9.038802101149399318e-05 1.001444550870967998e-04
6.536478789714566119e+03 1.218455204675087414e-04 1.218453910975085823e-04 1.057373227694786462e-04 1.164760781114986476e-04
6.536578789714565573e+03 1.393510114564366984e-04 1.393508203364367997e-04 1.230103787367495662e-04 1.339040701765410214e-04
6.536678789714565028e+03 1.555614821581798610e-04 1.555610579381801835e-04 1.411239070356182419e-04 1.507488157106594198e-04
6.536778789714564482e+03 1.680006275531431223e-04 1.680005090831427109e-04 1.579594451271853790e-04 1.646535272544904312e-04
6.536878789714563936e+03 1.748321429806801749e-04 1.748325320906794691e-04 1.706270665527182971e-04 1.734305805413592866e-04
6.536978789714563391e+03 1.761120170082539332e-04 1.761122174882541827e-04 1.766580075317723537e-04 1.762940806760934808e-04
6.537078789714562845e+03 1.737955606531812688e-04 1.737956416331814266e-04 1.754463875116639524e-04 1.743458632660089007e-04
6.537178789714562299e+03 1.704927829645358234e-04 1.704935013045349339e-04 1.687645557591764035e-04 1.699169466760824050e-04
6.537278789714561753e+03 1.681232695032757103e-04 1.681237749132759925e-04 1.599238320222217020e-04 1.653902921462578016e-04
6.537378789714561208e+03 1.645700975049443362e-04 1.645706214749443198e-04 1.499161679139259201e-04 1.596856289646048587e-04
6.537478789714560662e+03 1.649184870695152090e-04 1.649189478295152956e-04 1.428020413098994904e-04 1.575464920696433317e-04
6.537578789714560116e+03 1.651973816596093636e-04 1.651974047696099846e-04 1.390571907052451275e-04 1.564839923781548162e-04
6.537678789714559571e+03 1.633786895425472945e-04 1.633798644125456748e-04 1.384072889509102686e-04 1.550552809686677369e-04
6.537778789714559025e+03 1.579757428776166312e-04 1.579768562276167145e-04 1.398102915280221594e-04 1.519209635444185107e-04
6.537878789714558479e+03 1.486552033732240830e-04 1.486566346832236417e-04 1.414808681576297771e-04 1.462642354046924916e-04
6.537978789714557934e+03 1.363081308675181535e-04 1.363091574175187570e-04 1.413249382002212246e-04 1.379807421617527117e-04
6.538078789714557388e+03 1.225570395596352704e-04 1.225579473696354301e-04 1.377732004850715480e-04 1.276293958047807766e-04
6.538178789714556842e+03 1.089648827794083253e-04 1.089661653094078046e-04 1.305386287403303102e-04 1.161565589430488179e-04
6.538278789714556297e+03 9.655985749982605058e-05 9.656069050682668166e-05 1.206047309142750266e-04 1.045750929736425863e-04
6.538378789714555751e+03 8.576678490260782560e-05 8.576752223160796795e-05 1.094616468161139762e-04 9.366531798344326562e-05
6.538478789714555205e+03 7.659932227925703586e-05 7.660008481125699445e-05 9.837687912402964449e-05 8.385876207151455827e-05
6.538578789714554659e+03 6.886073746426111392e-05 6.886179631926068470e-05 8.809366034796405238e-05 7.527206471049528367e-05
6.538678789714554114e+03 6.225844741660760059e-05 6.225888625560849167e-05 7.886350782543164253e-05 6.779361383254924945e-05
6.538778789714553568e+03 5.529855805919127004e-05 5.529903610919121248e-05 6.849611397118083016e-05 5.969790271318777089e-05
6.538878789714553022e+03 5.105767286224843809e-05 5.105828950224823549e-05 6.233834442707274432e-05 5.481810226385647037e-05
6.538978789714552477e+03 4.748603592926238547e-05 4.748617898026308407e-05 5.706314540577238256e-05 5.067845343843261285e-05
6.539078789714551931e+03 4.427016337276745060e-05 4.427009079576776977e-05 5.253511535271269706e-05 4.702512317374930807e-05
6.539178789714551385e+03 4.143554632220225204e-05 4.143584329920170164e-05 4.867147811072775483e-05 4.384762257737723391e-05
6.539278789714550840e+03 3.893201890973419036e-05 3.893260176773375998e-05 4.537062603292345921e-05 4.107841557013046759e-05
6.539378789714550294e+03 3.671436190232796483e-05 3.671497392632791913e-05 4.254503187024027261e-05 3.865812256629871886e-05
6.539478789714549748e+03 3.473972089542529156e-05 3.474013648944522357e-05 4.011289882586054691e-05 3.653091873691035853e-05
6.539578789714549202e+03 3.298221593140204864e-05 3.298246599241885021e-05 3.801662128379040855e-05 3.466043440253710473e-05
6.539678789714548657e+03 3.141602449999630263e-05 3.141635501598813635e-05 3.620272709214254661e-05 3.301170220270899068e-05
6.539778789714548111e+03 3.002359841935603026e-05 3.002387660836134306e-05 3.462779331988380339e-05 3.155842278253372557e-05
6.539878789714547565e+03 2.878942870230141599e-05 2.878967088130507032e-05 3.325447928742830537e-05 3.027785962367826502e-05
6.539978789714547020e+03 2.770368645223203786e-05 2.770389205323575200e-05 3.205332864594909095e-05 2.915363571713895801e-05
6.540078789714546474e+03 2.675676459714664639e-05 2.675685836915799840e-05 3.099698580225681427e-05 2.817020292285381968e-05
6.540178789714545928e+03 2.593887430305273417e-05 2.593896710805283524e-05 3.005885947526211515e-05 2.731223362878922931e-05
6.540278789714545383e+03 2.524426422353423744e-05 2.524438206153169456e-05 2.921728054245819963e-05 2.656864227584137834e-05
6.540378789714544837e+03 2.467078140923957308e-05 2.467096817823257170e-05 2.845453003446049746e-05 2.593209320731088301e-05
6.540478789714544291e+03 2.421425241836242545e-05 2.421429396137717444e-05 2.775057895748917562e-05 2.539304177907625738e-05
6.540578789714543746e+03 2.388277911466551008e-05 2.388290910065652935e-05 2.709641615643891557e-05 2.495403479058698161e-05
6.540678789714543200e+03 2.366802371381321194e-05 2.366816908781165156e-05 2.646566833906654901e-05 2.460062038023046857e-05
6.540778789714542654e+03 2.356954687900252303e-05 2.356973178599850810e-05 2.583753513780097833e-05 2.432560460093400654e-05
6.540878789714542108e+03 2.360056693084893701e-05 2.360078028484604478e-05 2.520258606149905408e-05 2.413464442573134416e-05
6.540978789714541563e+03 2.376220960958010038e-05 2.376235000958750961e-05 2.453782132252777266e-05 2.402079364723179309e-05
6.541078789714541017e+03 2.406556871418157701e-05 2.406567815218472453e-05 2.383179418672569391e-05 2.398768035103066628e-05
6.541178789714540471e+03 2.449140422673525818e-05 2.449156227173032144e-05 2.304985586344466248e-05 2.401094078730341291e-05
6.541278789714539926e+03 2.502573870171180122e-05 2.502579437072220472e-05 2.218252010912101285e-05 2.407801772718500739e-05
6.541378789714539380e+03 2.560858085477813796e-05 2.560876812676476585e-05 2.121407165740283774e-05 2.414380687964858165e-05
6.541478789714538834e+03 2.613128159588903334e-05 2.613141381289462681e-05 2.013992114614308792e-05 2.413420551830891376e-05
6.541578789714538289e+03 2.642777604987087638e-05 2.642794058286759371e-05 1.896683417120656741e-05 2.394085026798167804e-05
6.541678789714537743e+03 2.629300433969644261e-05 2.629319632269365062e-05 1.770463957027297166e-05 2.343028007755435383e-05
6.541778789714537197e+03 2.557270146820218062e-05 2.557286283720529470e-05 1.638540115707016114e-05 2.251032182082588108e-05
6.541878789714536651e+03 2.423231411923166111e-05 2.423223260825634729e-05 1.504574111315773295e-05 2.117009594688191152e-05
6.541978789714536106e+03 2.242369927282044292e-05 2.242363572881861915e-05 1.372514497022015272e-05 1.952415999061973939e-05
6.542078789714535560e+03 2.022664554631980858e-05 2.022661894431605650e-05 1.244855779475886668e-05 1.763394076179824788e-05
6.542178789714535014e+03 1.802132108218054314e-05 1.802130538917943515e-05 1.129070530170059516e-05 1.577777725768685725e-05
6.542278789714534469e+03 1.596809872971871974e-05 1.596808992271802149e-05 1.025983320979250021e-05 1.406534062074308104e-05
6.542378789714533923e+03 1.415194636463607264e-05 1.415194303463551613e-05 9.358811406300865417e-06 1.255423360185748473e-05
6.542478789714533377e+03 1.259253496353493266e-05 1.259253606053448380e-05 8.579178614860054900e-06 1.125474987964315825e-05
6.542578789714532832e+03 1.127318588714140036e-05 1.127319045314104783e-05 7.906643722278244209e-06 1.015100668752023080e-05
6.542678789714532286e+03 1.016245807094047619e-05 1.016246526294021005e-05 7.325452668796381472e-06 9.216792000892355341e-06
6.542778789714531740e+03 9.226315446888392287e-06 9.226324565588195915e-06 6.820823801611423352e-06 8.424487938029337467e-06
6.542878789714531194e+03 8.433626318709034332e-06 8.433636806608894637e-06 6.379931474534605832e-06 7.749064866617509341e-06
6.542978789714530649e+03 7.757976931607193398e-06 7.757988356507095537e-06 5.992082989140546273e-06 7.169349425751610607e-06
6.543078789714530103e+03 7.177766454307228788e-06 7.177778486607166990e-06 5.648536420738582003e-06 6.668027120550992029e-06
6.543178789714529557e+03 6.675638649370812386e-06 6.675651040370774854e-06 5.342201525156951597e-06 6.231163738299512664e-06
6.543278789714529012e+03 6.237746102037522034e-06 6.237758665437503635e-06 5.067334860056356061e-06 5.847613209177126961e-06
6.543378789714528466e+03 5.853051715130300129e-06 5.853064312730296614e-06 4.819271461232484591e-06 5.508462496364359880e-06
6.543478789714527920e+03 5.512735407816255129e-06 5.512747937316262093e-06 4.594203547593433235e-06 5.206562297575316819e-06
6.543578789714527375e+03 5.209715449625305022e-06 5.209727836425320690e-06 4.389003716774359387e-06 4.936149000941661700e-06
6.543678789714526829e+03 4.938272030315588574e-06 4.938284220415608304e-06 4.201085833118028177e-06 4.692547361283075583e-06
6.543778789714526283e+03 4.693754843576219201e-06 4.693766798576243192e-06 4.028296255778933729e-06 4.471939299310466221e-06
6.543878789714525738e+03 4.472357028826158799e-06 4.472368722526184902e-06 3.868828875225035422e-06 4.271184875525793323e-06
6.543978789714525192e+03 4.270940482193160936e-06 4.270951897093189458e-06 3.721158605424736756e-06 4.087683661570362101e-06
6.544078789714524646e+03 4.086900551826847922e-06 4.086911677326878169e-06 3.583989110957581336e-06 3.919267113370435809e-06
6.544178789714524100e+03 3.918060821881698499e-06 3.918071652381728839e-06 3.456211509003078301e-06 3.764114661088834931e-06
6.544278789714523555e+03 3.762590883421143350e-06 3.762601417321173441e-06 3.336871550244435186e-06 3.620687950328917326e-06
6.544378789714523009e+03 3.618941710919528897e-06 3.618951949419559208e-06 3.225143377370850460e-06 3.487679012569979239e-06
6.544478789714522463e+03 3.485794571450711359e-06 3.485804517850741171e-06 3.120308407669312423e-06 3.363969165656921651e-06
6.544578789714521918e+03 3.362020388097928030e-06 3.362030047397957256e-06 3.021738233832625235e-06 3.248596223109503225e-06
6.544678789714521372e+03 3.246647218943909315e-06 3.246656597243938051e-06 2.928880690352029084e-06 3.140728168846625483e-06
6.544778789714520826e+03 3.138834074274369706e-06 3.138843178274397648e-06 2.841248429820144548e-06 3.039641894122970352e-06
6.544878789714520281e+03 3.037849709880182175e-06 3.037858547080209192e-06 2.758409503132981194e-06 2.944705920031123622e-06
6.544978789714519735e+03 2.943055352250040809e-06 2.943063930350067765e-06 2.679979545684149343e-06 2.855366276094752780e-06
6.545078789714519189e+03 2.853890545677765072e-06 2.853898872577790439e-06 2.605615261170941277e-06 2.771134893142165878e-06
6.545178789714518643e+03 2.769861494955664309e-06 2.769869578655688963e-06 2.535008958688987576e-06 2.691580010766779859e-06
6.545278789714518098e+03 2.690531412177225053e-06 2.690539260577249161e-06 2.467883948734529523e-06 2.616318207163001246e-06
6.545378789714517552e+03 2.615512482438954446e-06 2.615520103438977750e-06 2.403990645606065235e-06 2.545007743827998862e-06
6.545478789714517006e+03 2.544459144935150182e-06 2.544466546135172413e-06 2.343103251399982191e-06 2.477342980823434646e-06
6.545578789714516461e+03 2.477062445963418241e-06 2.477069635163439704e-06 2.285016922015286312e-06 2.413049667714048650e-06
6.545678789714515915e+03 2.413045273719842722e-06 2.413052258119863695e-06 2.229545336649515583e-06 2.351880956163074000e-06
6.545778789714515369e+03 2.352158317001045235e-06 2.352165103701065714e-06 2.176518602300519000e-06 2.293614007667543316e-06
6.545878789714514824e+03 2.294176625005685079e-06 2.294183221105704634e-06 2.125781441967798200e-06 2.238047096026395830e-06
6.545978789714514278e+03 2.238896667930501847e-06 2.238903079930520448e-06 2.077191622049082689e-06 2.184997123303368328e-06
6.546078789714513732e+03 2.186133812574604241e-06 2.186140046974622283e-06 2.030618581344088548e-06 2.134297480297771691e-06
6.546178789714513186e+03 2.135720150135765595e-06 2.135726213335783184e-06 1.985942233551291507e-06 2.085796199007613429e-06
6.546278789714512641e+03 2.087502617712040448e-06 2.087508515512057671e-06 1.943051916069344192e-06 2.039354349764480912e-06
6.546378789714512095e+03 2.041341369002981851e-06 2.041347107102998081e-06 1.901845466098178865e-06 1.994844647401386265e-06
6.546478789714511549e+03 1.997108356706529808e-06 1.997113940706545829e-06 1.862228404736249350e-06 1.952150234049775278e-06
6.546578789714511004e+03 1.954686095322433849e-06 1.954691530622448600e-06 1.824113215483582977e-06 1.911163613809488264e-06
6.546678789714510458e+03 1.913966577349310461e-06 1.913971869049324564e-06 1.787418703739163097e-06 1.871785716712599374e-06
6.546778789714509912e+03 1.874850321785938085e-06 1.874855474685952150e-06 1.752069426902083922e-06 1.833925074457991386e-06
6.546878789714509367e+03 1.837245535932261687e-06 1.837250554732275192e-06 1.717995186972467739e-06 1.797497092545668347e-06
6.546978789714508821e+03 1.801067375586875804e-06 1.801072264786888924e-06 1.685130575649195720e-06 1.762423405340986816e-06
