4.986665381788000104e+02 3.362811740600000063e-06 3.510276031999999963e-06 3.407087096800000330e-06 3.426724956466666503e-06
4.987665381388000014e+02 2.884238196429374466e-06 3.019162132845515166e-06 2.910249711534909049e-06 2.937883346936600125e-06
4.988665380987999924e+02 2.605874216691227134e-06 2.733762408319824384e-06 2.621065866547121282e-06 2.653567497186057600e-06
4.989665380587999834e+02 2.463650343268640087e-06 2.588546479259105698e-06 2.472881665821033645e-06 2.508359496116259951e-06
4.990665380187999745e+02 2.384077828915964283e-06 2.508061123176507979e-06 2.390296056536912900e-06 2.427478336209795478e-06
4.991665379787999655e+02 2.338494516566573292e-06 2.462505733710724248e-06 2.342983193625672079e-06 2.381327814634323348e-06
4.992665379387999565e+02 2.315737952415670558e-06 2.440414574418695263e-06 2.319337519349532184e-06 2.358496682061299759e-06
4.993665378987999475e+02 2.305021905204869005e-06 2.430676711465949210e-06 2.307759183019279754e-06 2.347819266563365849e-06
4.994665378587999385e+02 2.301656199570199665e-06 2.428379016752561266e-06 2.303587967947831066e-06 2.344541061423530383e-06
4.995665378187999295e+02 2.300406898497461881e-06 2.428813741634958469e-06 2.302248484222111380e-06 2.343823041451510436e-06
4.996665377787999205e+02 5.879860713618285264e-06 6.049636370548803731e-06 6.438186291601744878e-06 6.122561125256279087e-06
4.997665377387999115e+02 1.283029278514454891e-05 1.370587166314447052e-05 1.371825091752727986e-05 1.341813845527210146e-05
4.998665376987999025e+02 1.572001125659245170e-05 1.596571593078769009e-05 1.593543116520808572e-05 1.587371945086274476e-05
4.999665376587998935e+02 1.468924780229384619e-05 1.494357986700870779e-05 1.493152165874952559e-05 1.485478310935069375e-05
5.000665376187998845e+02 1.416430776447645250e-05 1.442764495233267235e-05 1.442472966372651357e-05 1.433889412684521281e-05
5.001665375787998755e+02 1.390481636084566107e-05 1.417587495669174331e-05 1.417830071415195782e-05 1.408633067722978514e-05
5.002665375387998665e+02 1.378030079181353875e-05 1.405772873204692958e-05 1.406505854046743786e-05 1.396769602144263652e-05
5.003665374987998575e+02 1.372751489800455609e-05 1.401162295126899962e-05 1.402324656138914522e-05 1.392079480355423364e-05
5.004665374587998485e+02 1.372555964694558849e-05 1.401777330040583465e-05 1.403227119492402973e-05 1.392520138075848372e-05
5.005665374187998395e+02 1.375980097439513525e-05 1.405953603569194056e-05 1.407753300064390488e-05 1.396562333691032633e-05
5.006665373787998305e+02 1.383089819155666148e-05 1.413854482250007173e-05 1.416019578020926787e-05 1.404321293142200205e-05
5.007665373387998216e+02 1.391481759185042206e-05 1.423142738415848245e-05 1.425672031514487262e-05 1.413432176371792458e-05
5.008665372987998126e+02 1.400844350150970434e-05 1.433407053815801926e-05 1.436320001055294290e-05 1.423523801674022160e-05
5.009665372587998036e+02 1.411720673458693559e-05 1.445249862306315212e-05 1.448622993965692125e-05 1.435197843243566852e-05
5.010665372187997946e+02 1.423544119216801622e-05 1.458101246013348532e-05 1.462056399607505780e-05 1.447900588279218644e-05
5.011665371787997856e+02 1.436763495312662331e-05 1.472399706309608235e-05 1.476883620406067762e-05 1.462015607342779443e-05
5.012665371387997766e+02 1.450511737625718099e-05 1.487347393860457325e-05 1.492346277059354624e-05 1.476735136181843406e-05
5.013665370987997676e+02 1.465768089384991742e-05 1.503950631177838292e-05 1.509559247825137309e-05 1.493092656129322730e-05
5.014665370587997586e+02 1.481788250569210681e-05 1.521324115670456210e-05 1.527645056676081242e-05 1.510252474305249434e-05
5.015665370187997496e+02 1.498597722214714225e-05 1.539537365176138123e-05 1.546624434255387438e-05 1.528253173882079816e-05
5.016665369787997406e+02 1.516482359544150935e-05 1.558967064487232432e-05 1.566873346306300692e-05 1.547440923445894686e-05
5.017665369387997316e+02 1.534951540121018320e-05 1.579089382191267992e-05 1.587953905409221115e-05 1.567331609240502137e-05
5.018665368987997226e+02 1.554470779076228825e-05 1.600404114004881721e-05 1.610307598100120961e-05 1.588394163727077169e-05
5.019665368587997136e+02 1.575678434054380702e-05 1.623512318145729945e-05 1.634585063247750818e-05 1.611258605149287155e-05
5.020665368187997046e+02 1.598676318541137823e-05 1.648631336767701302e-05 1.660961889337515682e-05 1.636089848215451376e-05
5.021665367787996956e+02 1.622277415670952369e-05 1.674539866241544364e-05 1.688314410808766335e-05 1.661710564240420797e-05
5.022665367387996866e+02 1.646710295328494895e-05 1.701493127059559510e-05 1.716866826109572023e-05 1.688356749499208696e-05
5.023665366987996777e+02 1.673083079552421766e-05 1.730563669883651099e-05 1.747797539706992575e-05 1.717148096381021700e-05
5.024665366587996687e+02 1.701671623734359509e-05 1.762043647252050434e-05 1.781519381669708496e-05 1.748411550885373039e-05
5.025665366187996597e+02 1.732186926170121316e-05 1.795826361647455594e-05 1.817733617902680824e-05 1.781915635240085798e-05
5.026665365787996507e+02 1.764574229764300802e-05 1.831771333407658899e-05 1.856496146450526457e-05 1.817613903207495273e-05
5.027665365387996417e+02 1.799770284099273934e-05 1.870894064229089015e-05 1.898940437752319016e-05 1.856534928693560655e-05
5.028665364987996327e+02 1.838537387009533827e-05 1.914186308371476926e-05 1.945980812845600724e-05 1.899568169408870379e-05
5.029665364587996237e+02 1.880116244156284757e-05 1.960834359262336342e-05 1.996981551168077292e-05 1.945977384862232571e-05
5.030665364187996147e+02 1.925857274729869946e-05 2.012208266666053961e-05 2.053745566171973774e-05 1.997270369189299227e-05
5.031665363787996057e+02 1.977330278327010408e-05 2.070171817890982606e-05 2.118110170715145532e-05 2.055204088977712849e-05
5.032665363387995967e+02 2.034590018144295928e-05 2.134930843020109258e-05 2.190303632411021024e-05 2.119941497858475403e-05
5.033665362987995877e+02 2.098081382855222961e-05 2.207003002121990244e-05 2.271609767201561770e-05 2.192231384059591432e-05
5.034665362587995787e+02 2.171083039702731827e-05 2.289955950702196342e-05 2.366036282504125200e-05 2.275691757636351349e-05
5.035665362187995697e+02 2.255267526077933015e-05 2.386041421612193142e-05 2.476283122625049716e-05 2.372530690105058399e-05
5.036665361787995607e+02 2.352748152873040960e-05 2.497886095374846961e-05 2.606096702614496254e-05 2.485576983620794951e-05
5.037665361387995517e+02 2.468721746832058925e-05 2.631289599813148512e-05 2.762646046751486936e-05 2.620885797798897898e-05
5.038665360987995427e+02 2.608422439321180221e-05 2.792479415581438824e-05 2.954378236984572581e-05 2.785093363962397547e-05
5.039665360587995337e+02 2.779626768488620593e-05 2.990888621593152335e-05 3.193803000593529561e-05 2.988106130225100604e-05
5.040665360187995248e+02 2.993747532047757277e-05 3.240353794825281887e-05 3.499718102400060975e-05 3.244606476424367165e-05
5.041665359787995158e+02 3.268990363059346603e-05 3.562546116789175538e-05 3.902492149150299424e-05 3.578009542999607189e-05
5.042665359387995068e+02 3.634006554146331668e-05 3.991886539232301407e-05 4.451948882482936775e-05 4.025947325287189047e-05
5.043665358987994978e+02 4.136868347214232714e-05 4.587238720792647241e-05 5.234810712545365029e-05 4.652972593517414995e-05
5.044665358587994888e+02 4.863052947266293866e-05 5.452980618402582653e-05 6.413504213200205150e-05 5.576512592956361008e-05
5.045665358187994798e+02 5.975969115994449806e-05 6.791508786795098231e-05 8.321463926000646793e-05 7.029647276263397825e-05
5.046665357787994708e+02 7.834650004204363172e-05 9.049982322488251091e-05 1.175266922908406334e-04 9.545767185258892081e-05
5.047665357387994618e+02 1.137562116265818048e-04 1.340112201741938875e-04 1.902524071141572940e-04 1.460066129716443197e-04
5.048665356987994528e+02 1.987883406742257356e-04 2.394813728396203085e-04 3.957882120013527785e-04 2.780193085050662832e-04
5.049665356587994438e+02 4.374950448205809877e-04 5.455468344998032956e-04 1.026533113950909735e-03 6.698583310904312853e-04
5.050665356187994348e+02 8.855700519107359298e-04 1.172095452979527754e-03 1.743826708418616273e-03 1.267164071102960202e-03
5.051665355787994258e+02 1.615589960533658212e-03 1.920378884043908753e-03 1.701426270068872454e-03 1.745798371548812995e-03
5.052665355387994168e+02 1.371752378627985039e-03 1.374745549489320498e-03 9.112415350663483505e-04 1.219246487727884340e-03
5.053665354987994078e+02 6.031880969884618028e-04 4.963480364815411753e-04 3.540864570532220221e-04 4.845408635077417029e-04
5.054665354587993988e+02 2.550177923561355799e-04 2.300005812842350001e-04 1.922524713732052138e-04 2.257569483378585979e-04
5.055665354187993898e+02 1.437749102542246931e-04 1.366146401189144888e-04 1.301995668918351555e-04 1.368630390883247882e-04
5.056665353787993809e+02 9.654913226391066640e-05 9.473275410531821613e-05 1.026421932252906914e-04 9.797469319817320036e-05
5.057665353387993719e+02 7.257067002300614418e-05 7.282440293466918406e-05 8.939727863417531442e-05 7.826411719728354303e-05
5.058665352987993629e+02 5.838863237983792494e-05 6.011201297160290061e-05 8.268360959482368329e-05 6.706141831542151424e-05
5.059665352587993539e+02 4.961033734923090782e-05 5.214326849139589673e-05 6.422414337135977434e-05 5.532591640399552404e-05
5.060665352187993449e+02 4.405211983778861592e-05 4.697479863614400760e-05 5.008127940762873115e-05 4.703606596052045381e-05
5.061665351787993359e+02 4.056835577202480482e-05 4.362130847847064019e-05 4.436830221469567815e-05 4.285265548839703654e-05
5.062665351387993269e+02 3.843544152209990767e-05 4.144419585713644269e-05 4.134137252569348243e-05 4.040700330164326856e-05
5.063665350987993179e+02 3.762251041877490013e-05 4.012049498410096406e-05 3.965320757698546146e-05 3.913207099328711307e-05
5.064665350587993089e+02 3.968925515063578016e-05 3.948844267572436341e-05 3.916414223842555961e-05 3.944728002159522988e-05
5.065665350187992999e+02 4.505203388997559854e-05 3.946484670511394015e-05 4.033311108630411776e-05 4.161666389379788323e-05
5.066665349787992909e+02 4.170629219138926512e-05 3.985590168934449799e-05 4.001954960132955946e-05 4.052724782735444312e-05
5.067665349387992819e+02 3.682947531324283507e-05 4.082204996689560097e-05 3.893460295218188636e-05 3.886204274410677865e-05
5.068665348987992729e+02 3.512034499548156671e-05 4.260672642060319966e-05 3.908114077767724275e-05 3.893607073125400530e-05
5.069665348587992639e+02 3.506922790361934256e-05 4.556013779094199751e-05 4.035891123500836376e-05 4.032942564318990354e-05
5.070665348187992549e+02 3.579436677525411257e-05 5.057966916127922848e-05 4.281635850143077624e-05 4.306346481265470576e-05
5.071665347787992459e+02 3.734516427327950458e-05 6.015311009339062637e-05 4.748979589914612779e-05 4.832935675527208399e-05
5.072665347387992369e+02 4.062436669036853585e-05 8.348117838530635937e-05 5.857652392887958634e-05 6.089402300151815374e-05
5.073665346987992280e+02 4.984273357729914730e-05 1.618912591216136235e-04 9.387592870337511258e-05 1.018699738007626255e-04
5.074665346587992190e+02 6.314229701980629203e-05 2.489863930455724658e-04 1.363044564636113631e-04 1.494777155096633917e-04
5.075665346187992100e+02 6.956849413979523922e-05 1.816668866167278759e-04 1.028283338611645837e-04 1.180212382058958861e-04
5.076665345787992010e+02 6.686886084994439938e-05 1.622444657848793356e-04 9.422738134710373391e-05 1.077802359939758275e-04
5.077665345387991920e+02 7.244594872719306740e-05 1.972835009710180074e-04 1.142249484167627641e-04 1.279847993716579102e-04
5.078665344987991830e+02 1.184016794700432659e-04 4.000983762111982520e-04 2.023596480736999210e-04 2.402865679183138130e-04
5.079665344587991740e+02 1.709710793726991278e-04 6.168458043103106081e-04 2.976576033200739667e-04 3.618248290010279370e-04
5.080665344187991650e+02 1.598337347273349205e-04 4.447579864766177293e-04 2.282492394131241213e-04 2.776136535390255362e-04
5.081665343787991560e+02 2.091559519583982714e-04 4.706843931818429543e-04 2.710505857074885336e-04 3.169636436159099921e-04
5.082665343387991470e+02 3.152655310607932254e-04 4.814971123192368662e-04 4.347888745580395656e-04 4.105171726460231829e-04
5.083665342987991380e+02 4.822166343960205171e-04 7.707893849944818469e-04 7.320554286615598176e-04 6.616871493506873035e-04
5.084665342587991290e+02 4.866510832855042525e-04 9.319792424337489545e-04 8.818936173680135037e-04 7.668413143624222550e-04
5.085665342187991200e+02 4.932988192801184436e-04 7.392006957608354169e-04 8.372133016025820563e-04 6.899042722145120807e-04
5.086665341787991110e+02 4.371801515019170352e-04 5.021046626708613970e-04 8.128960053265727511e-04 5.840602731664504667e-04
5.087665341387991020e+02 3.765476972547888708e-04 3.714412257554501650e-04 7.977457779879181064e-04 5.152449003327190654e-04
5.088665340987990930e+02 3.162094497097683605e-04 3.932056684482717105e-04 6.157516735817612167e-04 4.417222639132671320e-04
5.089665340587990841e+02 2.475095101097270602e-04 4.099001643353578648e-04 3.098176075962063040e-04 3.224090940137637430e-04
5.090665340187990751e+02 3.043264648766254212e-04 3.236737817877483243e-04 1.724636453369304920e-04 2.668212973337680521e-04
5.091665339787990661e+02 2.741539242929982205e-04 2.294784646776663818e-04 1.331514270470287881e-04 2.122612720058978059e-04
5.092665339387990571e+02 1.734245286619221394e-04 1.640058974005392139e-04 1.250156389608655222e-04 1.541486883411089675e-04
5.093665338987990481e+02 1.259247726865596155e-04 1.261405259486731855e-04 1.184024223413593092e-04 1.234892403255307260e-04
5.094665338587990391e+02 1.008497685857148165e-04 9.008633034617672818e-05 9.616035094068844339e-05 9.569881662419333387e-05
5.095665338187990301e+02 7.533785799431609814e-05 6.961451440855394898e-05 7.525491364967853178e-05 7.340242868418287770e-05
5.096665337787990211e+02 5.912226218533535993e-05 5.929487643178571894e-05 6.097111305388323383e-05 5.979608389033477090e-05
5.097665337387990121e+02 5.425221235394984899e-05 5.460091957055380346e-05 5.618491870280649988e-05 5.501268354243671744e-05
5.098665336987990031e+02 5.249656556046054475e-05 5.257702393218951760e-05 5.574312357539876580e-05 5.360557102268294046e-05
5.099665336587989941e+02 5.088442526983313853e-05 5.154850609333694496e-05 5.744753879363613162e-05 5.329349005226874288e-05
5.100665336187989851e+02 4.869019138031685702e-05 4.966819633674249062e-05 5.586271696053876396e-05 5.140703489253270161e-05
5.101665335787989761e+02 4.699569495551893315e-05 4.847948674261989106e-05 5.147543234898439054e-05 4.898353801570772470e-05
5.102665335387989671e+02 4.615107408428600043e-05 4.789426399282904078e-05 4.908701929136539315e-05 4.771078578949347360e-05
5.103665334987989581e+02 4.587400225005499552e-05 4.760077271411919018e-05 4.834454322185691800e-05 4.727310606201037016e-05
5.104665334587989491e+02 4.601939106954430243e-05 4.766931746500836320e-05 4.825142260400237299e-05 4.731337704618501062e-05
5.105665334187989401e+02 4.631228477268849614e-05 4.787277800043573402e-05 4.838814865183863257e-05 4.752440380832095650e-05
5.106665333787989312e+02 4.664352174077702014e-05 4.811620951814662501e-05 4.860415982683535764e-05 4.778796369525300771e-05
5.107665333387989222e+02 4.713282479538775883e-05 4.852053301395322217e-05 4.900377783798858395e-05 4.821904521577652391e-05
5.108665332987989132e+02 4.771306567404024379e-05 4.902252510055061916e-05 4.951209959428063372e-05 4.874923012295716556e-05
5.109665332587989042e+02 4.835469682322643111e-05 4.959185553878642835e-05 5.009752661508632776e-05 4.934802632569973359e-05
5.110665332187988952e+02 4.910373105100095180e-05 5.027527116242112593e-05 5.079949454610027166e-05 5.005949891984078765e-05
5.111665331787988862e+02 4.988527901231210921e-05 5.099830015021311689e-05 5.154509714783098720e-05 5.080955877011873777e-05
5.112665331387988772e+02 5.068144689407041965e-05 5.174142685937822557e-05 5.231426441840608980e-05 5.157904605728491393e-05
5.113665330987988682e+02 5.156547195214943805e-05 5.257802050727651089e-05 5.317694898689533280e-05 5.244014714877375606e-05
5.114665330587988592e+02 5.254540921676854989e-05 5.351136639981794626e-05 5.414118953228482737e-05 5.339932171629043666e-05
5.115665330187988502e+02 5.350951143648212551e-05 5.443510866716064081e-05 5.509807944800310120e-05 5.434756651721529369e-05
5.116665329787988412e+02 5.454510330899409089e-05 5.543467864757303879e-05 5.613067351104366839e-05 5.537015182253693721e-05
5.117665329387988322e+02 5.568836298156738985e-05 5.654691613035884093e-05 5.727780757066391291e-05 5.650436222753005467e-05
5.118665328987988232e+02 5.682136291969639422e-05 5.765240132723435358e-05 5.841886179964756332e-05 5.763087534885943930e-05
5.119665328587988142e+02 5.807470973826251180e-05 5.887939952604530027e-05 5.968618780898056367e-05 5.888009902442945632e-05
5.120665328187988052e+02 5.938812073687690490e-05 6.017010369977023509e-05 6.101968018863310558e-05 6.019263487509341745e-05
5.121665327787987962e+02 6.070245706311573782e-05 6.146682784483394090e-05 6.235759639773111340e-05 6.150896043522692167e-05
5.122665327387987872e+02 6.210145974806681316e-05 6.284709693584665481e-05 6.378555945677458108e-05 6.291137204689602538e-05
5.123665326987987783e+02 6.359852319201623723e-05 6.433134386180887744e-05 6.531584144244483546e-05 6.441523616542331671e-05
5.124665326587987693e+02 6.518898268290839381e-05 6.590857147090134168e-05 6.694585881931502459e-05 6.601447099104158669e-05
5.125665326187987603e+02 6.684477079417901159e-05 6.754441575207225735e-05 6.864067627802310418e-05 6.767662094142479104e-05
5.126665325787987513e+02 6.861369186672680760e-05 6.930667628372874189e-05 7.046495785749366130e-05 6.946177533598307027e-05
5.127665325387987423e+02 7.042325676625780519e-05 7.110605751592803496e-05 7.232756752201843472e-05 7.128562726806808711e-05
5.128665324987987333e+02 7.231464092885207774e-05 7.300079687880399080e-05 7.429022598370995734e-05 7.320188793045533744e-05
5.129665324587987243e+02 7.440522008523438281e-05 7.509441769072990026e-05 7.645149158966959614e-05 7.531704312187795973e-05
5.130665324187987153e+02 7.662009238157764296e-05 7.731416779833836031e-05 7.874568058722591869e-05 7.755998025571396947e-05
5.131665323787987063e+02 7.893959614180535132e-05 7.961779469284406248e-05 8.114418925700668062e-05 7.990052669721869362e-05
5.132665323387986973e+02 8.134873878027718279e-05 8.204367498975302924e-05 8.366003737149788641e-05 8.235081704717604637e-05
5.133665322987986883e+02 8.396357161262059496e-05 8.467563925473279175e-05 8.639277207910522080e-05 8.501066098215285562e-05
5.134665322587986793e+02 8.677206331396668812e-05 8.749882798708463793e-05 8.933508033145958090e-05 8.786865721083697350e-05
5.135665322187986703e+02 8.976348832312988537e-05 9.049364199927409814e-05 9.246417402359260215e-05 9.090710144866552404e-05
5.136665321787986613e+02 9.296414512105028111e-05 9.372776259164031308e-05 9.583950019546814947e-05 9.417713596938625240e-05
5.137665321387986523e+02 9.642654356212167904e-05 9.723167997650613659e-05 9.951295525032773743e-05 9.772372626298517532e-05
5.138665320987986433e+02 1.002613329920327729e-04 1.010935527026690216e-04 1.035816811481333767e-04 1.016455222809450616e-04
5.139665320587986344e+02 1.044641403038931861e-04 1.053083136102767335e-04 1.080546386021100682e-04 1.059423641720933293e-04
5.140665320187986254e+02 1.090543278682910594e-04 1.099591637103328830e-04 1.130173209027938996e-04 1.106769374938059564e-04
5.141665319787986164e+02 1.141375506650631850e-04 1.150803535767523791e-04 1.185414162699414248e-04 1.159197735039190099e-04
5.142665319387986074e+02 1.199268422297139394e-04 1.208577409911606949e-04 1.248779723888374365e-04 1.218875185365707174e-04
5.143665318987985984e+02 1.266418967850501461e-04 1.275950561970360525e-04 1.323798161783221530e-04 1.288722563868027748e-04
5.144665318587985894e+02 1.346920240015623790e-04 1.354801242991127749e-04 1.414895238122928979e-04 1.372205573709893596e-04
5.145665318187985804e+02 1.448977349475460779e-04 1.453447617488189125e-04 1.532769748963310765e-04 1.478398238642320223e-04
5.146665317787985714e+02 1.597327895011277984e-04 1.588090362252728800e-04 1.699892348434572638e-04 1.628436868566193231e-04
5.147665317387985624e+02 1.872337119008142872e-04 1.805324244291357295e-04 1.979302196947830335e-04 1.885654520082443591e-04
5.148665316987985534e+02 2.272847666309990946e-04 2.210119983495134263e-04 2.598169975058415519e-04 2.360379208287846458e-04
5.149665316587985444e+02 3.174746710173423749e-04 3.374710912966603308e-04 4.595232941179752391e-04 3.714896854773259635e-04
5.150665316187985354e+02 5.454633293495840009e-04 5.069744024675270667e-04 7.656090976103040570e-04 6.060156098091385194e-04
5.151665315787985264e+02 4.975271303275996190e-04 3.819562057371680519e-04 5.610620035323548313e-04 4.801817798657074827e-04
5.152665315387985174e+02 3.170662313067556669e-04 3.004358279740014189e-04 3.796238256041374040e-04 3.323752949616315508e-04
5.153665314987985084e+02 2.869328367294546539e-04 2.945661635571087322e-04 3.231661466589677957e-04 3.015550489818437092e-04
5.154665314587984994e+02 3.080747730523131678e-04 3.328384150280140315e-04 3.432947201760196869e-04 3.280693027521155926e-04
5.155665314187984904e+02 3.214856769668657461e-04 4.133163003805966421e-04 3.433259231013422287e-04 3.593759668162682056e-04
5.156665313787984815e+02 3.558746208856501322e-04 6.445234815150903147e-04 3.694335537489930148e-04 4.566105520499111900e-04
5.157665313387984725e+02 4.192910743940249244e-04 1.104609881056024898e-03 4.310964264006039606e-04 6.516657939502179097e-04
5.158665312987984635e+02 5.160176825585367257e-04 1.185360824226433085e-03 5.307496305310080041e-04 7.440427124386593798e-04
5.159665312587984545e+02 6.825328340020521151e-04 8.412496239330806251e-04 6.967123222172210513e-04 7.401649267174512277e-04
5.160665312187984455e+02 1.007648266581618853e-03 8.906535274823968850e-04 1.014909219593832955e-03 9.710703378859495642e-04
5.161665311787984365e+02 1.827725644085222969e-03 1.228162313012911688e-03 1.771358065010410904e-03 1.609082007369515115e-03
5.162665311387984275e+02 3.515427829968711601e-03 1.983121265125002697e-03 3.198866155449945747e-03 2.899138416847887260e-03
5.163665310987984185e+02 5.635269631954456689e-03 3.811258745501871700e-03 5.762472360525098744e-03 5.069666912660476289e-03
5.164665310587984095e+02 6.607703184492525784e-03 8.559167347570690448e-03 1.018017170061311615e-02 8.449014077558776592e-03
5.165665310187984005e+02 9.993241976742377880e-03 1.689600921526361252e-02 1.414452977483682261e-02 1.367792698894760434e-02
5.166665309787983915e+02 1.613594055035066574e-02 1.728225223265997257e-02 1.226471636725301462e-02 1.522763638342121764e-02
5.167665309387983825e+02 1.127358812602410193e-02 6.974650122793735023e-03 5.444235406539450067e-03 7.897491218452429296e-03
5.168665308987983735e+02 4.720328571882662951e-03 2.879965556741421150e-03 2.247539094845455495e-03 3.282611074489846532e-03
5.169665308587983645e+02 2.097790709748310022e-03 1.574757617003763816e-03 1.327611052114339128e-03 1.666719792955470916e-03
5.170665308187983555e+02 1.272808138693842708e-03 1.066312911465667730e-03 9.605167153776501474e-04 1.099879255179053456e-03
5.171665307787983465e+02 9.320984081368430263e-04 8.275430044795784121e-04 7.875919458056587557e-04 8.490777861406933981e-04
5.172665307387983376e+02 7.581071348615537253e-04 6.932321388115486333e-04 6.940930543001494566e-04 7.151441093244173802e-04
5.173665306987983286e+02 6.572574629263725409e-04 6.117259536704200071e-04 6.473036352878088016e-04 6.387623506282003776e-04
5.174665306587983196e+02 6.070402297708967420e-04 5.707299717459218651e-04 6.377773427080630619e-04 6.051825147416271507e-04
5.175665306187983106e+02 5.889797479969897595e-04 5.543701644742261153e-04 6.593212571728930462e-04 6.008903898813695681e-04
5.176665305787983016e+02 6.008990905657272345e-04 5.628342189319922306e-04 7.235895738402739778e-04 6.291076277793311838e-04
5.177665305387982926e+02 6.656437523764416895e-04 6.109360315971725441e-04 9.041969629411982564e-04 7.269255823049375689e-04
5.178665304987982836e+02 7.087286101505690071e-04 6.456601871219324728e-04 1.002836392674254879e-03 7.857417299822522282e-04
5.179665304587982746e+02 7.990933524543989601e-04 7.167188187222236747e-04 1.211185719854449743e-03 9.089992970103574592e-04
5.180665304187982656e+02 9.675661676192921432e-04 8.336887589614655784e-04 1.554444170107501964e-03 1.118566365562753120e-03
5.181665303787982566e+02 1.099791727631466935e-03 9.453643862692324984e-04 1.890841716864416879e-03 1.311999276921705510e-03
5.182665303387982476e+02 1.398036340499424733e-03 1.195132329835206031e-03 2.773414273677148739e-03 1.788860981337259690e-03
5.183665302987982386e+02 2.212059380782820366e-03 1.862301859799095002e-03 5.323718328916825920e-03 3.132693189832914341e-03
5.184665302587982296e+02 7.013472871352407524e-03 5.333969414454227051e-03 1.993971821671038785e-02 1.076238683417234283e-02
5.185665302187982206e+02 6.299097022384425072e-03 4.776614931932723039e-03 1.699328234867708912e-02 9.356331434331413566e-03
5.186665301787982116e+02 4.016418715000629781e-03 2.887635894230705918e-03 7.012141916037249907e-03 4.638732175089527524e-03
5.187665301387982026e+02 4.825769497731296868e-03 2.963330639525965302e-03 5.434502645220320657e-03 4.407867594159195143e-03
5.188665300987981936e+02 4.549311201642465205e-03 3.413911230405550917e-03 4.618698479260134257e-03 4.193973637102716215e-03
5.189665300587981847e+02 4.798551674074349148e-03 4.075230586630069173e-03 4.378810974191920183e-03 4.417531078298778634e-03
5.190665300187981757e+02 6.793300121816071499e-03 5.607532347419942782e-03 5.341033781189242005e-03 5.913955416808419630e-03
5.191665299787981667e+02 1.110761081964884399e-02 8.641613572516266412e-03 8.278085359834775822e-03 9.342436583999962074e-03
5.192665299387981577e+02 1.465089546727705444e-02 1.276102382006201637e-02 1.361640344594144784e-02 1.367610757776017462e-02
5.193665298987981487e+02 1.794677643756906540e-02 2.193815198163781566e-02 1.746153207020241516e-02 1.911548682980309527e-02
5.194665298587981397e+02 2.791024377302426043e-02 3.639420803291619488e-02 2.097126943829619866e-02 2.842524041474555133e-02
5.195665298187981307e+02 3.403176568762538573e-02 3.412599611642111452e-02 2.553991414379840411e-02 3.123255864928163247e-02
5.196665297787981217e+02 3.089265964020042332e-02 2.546919006310926700e-02 2.906810297979436908e-02 2.847665089436802327e-02
5.197665297387981127e+02 2.844566041612100332e-02 2.319197937715000365e-02 3.585491361826192297e-02 2.916418447051098012e-02
5.198665296987981037e+02 2.783700577834872722e-02 2.533224051316779191e-02 3.819575579822052230e-02 3.045500069657901265e-02
5.199665296587980947e+02 2.464585738521716390e-02 2.868574502629504808e-02 3.254225215516545061e-02 2.862461818889255535e-02
5.200665296187980857e+02 2.095507148416508869e-02 2.519266293097750797e-02 2.726175347124513981e-02 2.446982929546257651e-02
5.201665295787980767e+02 1.671428050222130771e-02 1.787833782761581725e-02 2.494214689899062337e-02 1.984492174294258393e-02
5.202665295387980677e+02 1.324608267080652421e-02 1.424865284860040229e-02 2.160142208727153235e-02 1.636538586889281846e-02
5.203665294987980587e+02 1.189229147974678671e-02 1.300362051613569887e-02 1.705648468430606690e-02 1.398413222672951865e-02
5.204665294587980497e+02 1.175878722409181426e-02 1.227922576349245454e-02 1.321711915357274940e-02 1.241837738038567215e-02
5.205665294187980408e+02 1.242441853617289385e-02 1.286791107344432798e-02 1.166054045970946890e-02 1.231762335644222967e-02
5.206665293787980318e+02 1.367902276791667544e-02 1.444157507999954335e-02 1.093580716050357102e-02 1.301880166947326327e-02
5.207665293387980228e+02 1.545427810569952910e-02 1.653332275672146981e-02 1.073840706957314081e-02 1.424200264399804600e-02
5.208665292987980138e+02 1.747715756920114813e-02 1.882414362243637826e-02 1.128613221084360206e-02 1.586247780082704339e-02
5.209665292587980048e+02 1.915195131733854472e-02 2.073129408524285525e-02 1.230928319843884594e-02 1.739750953367341646e-02
5.210665292187979958e+02 2.002492244510484243e-02 2.186921693568328814e-02 1.350753440539933722e-02 1.846722459539582029e-02
5.211665291787979868e+02 2.054702681540261644e-02 2.230086630205307952e-02 1.485462343312763354e-02 1.923417218352777708e-02
5.212665291387979778e+02 2.088091659239561110e-02 2.201218548998188154e-02 1.639629606535016049e-02 1.976313271590921655e-02
5.213665290987979688e+02 2.099028667434982634e-02 2.097304763237545916e-02 1.802667343199564759e-02 1.999666924624030756e-02
5.214665290587979598e+02 2.079941395224715189e-02 1.940591818726291815e-02 1.947666390638734882e-02 1.989399868196580629e-02
5.215665290187979508e+02 2.025610498133315757e-02 1.803896559873345226e-02 2.106421130140599673e-02 1.978642729382420334e-02
5.216665289787979418e+02 1.983690679793371006e-02 1.747652691618224730e-02 2.312338128086740413e-02 2.014560499832778601e-02
5.217665289387979328e+02 1.997622525611919553e-02 1.767008565046317148e-02 2.572519244860227428e-02 2.112383445172821145e-02
5.218665288987979238e+02 2.064780516639724839e-02 1.831899664075219147e-02 2.839181844386638037e-02 2.245287341700527919e-02
5.219665288587979148e+02 2.148604393017524219e-02 1.904284457803503625e-02 3.045373701667863919e-02 2.366087517496297254e-02
5.220665288187979058e+02 2.206006866657133497e-02 1.972569390755618199e-02 3.151988027597535380e-02 2.443521428336762127e-02
5.221665287787978968e+02 2.232754743257695657e-02 2.043402776623623809e-02 3.176845062122519298e-02 2.484334194001279472e-02
5.222665287387978879e+02 2.262901789790702431e-02 2.129945115453234228e-02 3.159968916690396312e-02 2.517605273978111222e-02
5.223665286987978789e+02 2.317274987195059102e-02 2.242658868188950050e-02 3.105420384137077411e-02 2.555118079840362419e-02
5.224665286587978699e+02 2.418833479087036456e-02 2.393719152565444361e-02 3.021327906344648331e-02 2.611293512665709832e-02
5.225665286187978609e+02 2.595205732906319396e-02 2.605381523485620146e-02 2.954267965752592831e-02 2.718285074048177458e-02
5.226665285787978519e+02 2.820041817408464740e-02 2.897295448165670972e-02 2.924802197987151284e-02 2.880713154520428768e-02
5.227665285387978429e+02 3.014862619292042398e-02 3.263500461718601975e-02 2.909025476649695907e-02 3.062462852553446760e-02
5.228665284987978339e+02 3.139940799617437633e-02 3.670306386283667122e-02 2.903741999298065438e-02 3.237996395066390642e-02
5.229665284587978249e+02 3.223238669214031904e-02 4.057512082234110418e-02 2.924055872232129982e-02 3.401602207893424101e-02
5.230665284187978159e+02 3.330298356853649000e-02 4.349733321838909067e-02 2.957131415602779270e-02 3.545721031431778997e-02
5.231665283787978069e+02 3.503093576150920208e-02 4.516336807203548409e-02 2.979263374849138932e-02 3.666231252734535734e-02
5.232665283387977979e+02 3.767590513389311446e-02 4.640490733824197828e-02 3.008813095967965978e-02 3.805631447727158417e-02
5.233665282987977889e+02 4.104135038914580313e-02 4.742945222589752680e-02 3.067657037520330615e-02 3.971579099674887869e-02
5.234665282587977799e+02 4.390390113655594229e-02 4.712999844393927357e-02 3.141725297565055308e-02 4.081705085204858502e-02
5.235665282187977709e+02 4.450287591561470635e-02 4.502276702233993372e-02 3.204960103733639487e-02 4.052508132509701627e-02
5.236665281787977619e+02 4.276021666271348498e-02 4.186043154098868790e-02 3.244037094949227262e-02 3.902033971773147952e-02
5.237665281387977529e+02 4.076059609779972281e-02 3.884293446319526943e-02 3.282916317563017855e-02 3.747756457887506387e-02
5.238665280987977440e+02 4.049635672694661126e-02 3.696464345702806659e-02 3.357222530296573998e-02 3.701107516231347261e-02
5.239665280587977350e+02 4.277170865654563586e-02 3.695080104355030065e-02 3.467367595864108420e-02 3.813206188624566895e-02
5.240665280187977260e+02 4.723474930901674917e-02 3.931387063363434714e-02 3.624802950903431575e-02 4.093221648389513967e-02
5.241665279787977170e+02 5.191500935906200043e-02 4.418737916959764034e-02 3.907705052679106422e-02 4.505981301848356602e-02
5.242665279387977080e+02 5.460069462318684064e-02 5.072113376844062521e-02 4.376874810214945177e-02 4.969685883125897485e-02
5.243665278987976990e+02 5.541799012639608835e-02 5.644973666280621999e-02 4.980545851349141295e-02 5.389106176756456451e-02
5.244665278587976900e+02 5.482109894907991055e-02 5.818941701108371056e-02 5.460934709521726715e-02 5.587328768512696969e-02
5.245665278187976810e+02 5.178389753225704634e-02 5.398493351683054248e-02 5.441062363812697311e-02 5.339315156240485860e-02
5.246665277787976720e+02 4.574965801321832781e-02 4.482988558486732805e-02 4.842243896637812850e-02 4.633399418815459248e-02
5.247665277387976630e+02 3.798828907944597211e-02 3.458337571964774371e-02 3.965977242405802766e-02 3.741047907438391218e-02
5.248665276987976540e+02 3.044131336188496753e-02 2.628958919331967486e-02 3.126042501020917519e-02 2.933044252180460817e-02
5.249665276587976450e+02 2.423402641739151250e-02 2.041220282641623834e-02 2.456089859190480409e-02 2.306904261190418498e-02
5.250665276187976360e+02 1.953514373892310113e-02 1.635497629514754900e-02 1.961599918457710562e-02 1.850203973954925307e-02
5.251665275787976270e+02 1.606486341226355530e-02 1.351369954493459626e-02 1.604122799498260837e-02 1.520659698406025273e-02
5.252665275387976180e+02 1.348580239267069096e-02 1.147446396780933513e-02 1.344026248114528477e-02 1.280017628054177202e-02
5.253665274987976090e+02 1.153403900327169308e-02 9.975986002301224370e-03 1.151519745884001245e-02 1.100840748813764272e-02
5.254665274587976000e+02 1.002798254198629738e-02 8.856613463919157589e-03 1.006310861262037400e-02 9.649234872841942409e-03
5.255665274187975911e+02 8.845778457083595253e-03 8.015916273904355460e-03 8.948229537239988859e-03 8.603308089409313769e-03
5.256665273787975821e+02 7.907912513567736529e-03 7.398813149255716037e-03 8.081302553252917714e-03 7.796009405358789515e-03
5.257665273387975731e+02 7.165723927806348821e-03 7.000514570597826149e-03 7.401144696411262117e-03 7.189127731605145406e-03
5.258665272987975641e+02 6.598341336397282181e-03 6.874687004992417055e-03 6.846423513587069493e-03 6.773150618325588998e-03
5.259665272587975551e+02 6.191654005659495003e-03 6.961725629534987712e-03 6.332168833473850698e-03 6.495182822889445338e-03
5.260665272187975461e+02 5.897904999591057316e-03 6.967440861888943987e-03 5.868078717986764323e-03 6.244474859822254920e-03
5.261665271787975371e+02 5.639937008413209614e-03 6.849822455067381549e-03 5.530687648733902811e-03 6.006815704071497702e-03
5.262665271387975281e+02 5.386705951867422869e-03 6.782555757748737028e-03 5.307456550174036863e-03 5.825572753263398053e-03
5.263665270987975191e+02 5.151924612349994062e-03 6.617952499956095483e-03 5.173254099118969503e-03 5.647710403808354172e-03
5.264665270587975101e+02 5.009816337442015571e-03 6.232081950388779386e-03 5.098802986672422086e-03 5.446900424834405681e-03
5.265665270187975011e+02 4.975930794881474814e-03 5.821180668464882857e-03 5.084582551285293274e-03 5.293898004877218427e-03
5.266665269787974921e+02 4.981695349580277446e-03 5.534502590131116020e-03 5.118785069057094940e-03 5.211661002922829758e-03
5.267665269387974831e+02 4.962894274859538588e-03 5.402629609108393870e-03 5.165531638607855081e-03 5.177018507525263380e-03
5.268665268987974741e+02 4.988178529719905323e-03 5.440701437953388009e-03 5.260350038510972631e-03 5.229743335394754743e-03
5.269665268587974651e+02 5.281969105647785732e-03 5.718254027296494797e-03 5.527887172744053862e-03 5.509370101896111753e-03
5.270665268187974561e+02 5.979014078054476454e-03 6.503436758311919794e-03 6.066770827245932321e-03 6.183073887870775900e-03
5.271665267787974472e+02 6.715985636968136059e-03 7.872291869830615532e-03 6.936547668538449798e-03 7.174941725112399596e-03
5.272665267387974382e+02 7.128275089465831334e-03 9.062831328446811774e-03 8.140907703275078108e-03 8.110671373729240116e-03
5.273665266987974292e+02 7.475439000216434898e-03 8.483614371534543147e-03 8.745901068414753399e-03 8.234984813388577726e-03
5.274665266587974202e+02 7.735525233933848027e-03 6.540013492398208048e-03 8.128159529156112409e-03 7.467899418496055583e-03
5.275665266187974112e+02 7.028180254346956882e-03 5.006143323909586010e-03 6.853314955211399669e-03 6.295879511155981142e-03
5.276665265787974022e+02 5.557229516108310938e-03 4.122789430872317827e-03 5.473552009514296920e-03 5.051190318831642184e-03
5.277665265387973932e+02 4.420213084148335095e-03 3.606191791613571913e-03 4.507758806257084264e-03 4.178054560672997235e-03
5.278665264987973842e+02 3.737648658183525142e-03 3.279370486771612803e-03 3.918970218679486764e-03 3.645329787878207658e-03
5.279665264587973752e+02 3.307060030005682522e-03 3.060175989315855414e-03 3.531730997355135397e-03 3.299655672225557633e-03
5.280665264187973662e+02 3.022364605830007295e-03 2.913551383967982744e-03 3.268890248357849034e-03 3.068268746051946213e-03
5.281665263787973572e+02 2.838965011860672752e-03 2.823014788422044223e-03 3.107357444443870857e-03 2.923112414908862755e-03
5.282665263387973482e+02 2.733919284651256578e-03 2.781091888530147320e-03 3.034841770881155712e-03 2.849950981354186248e-03
5.283665262987973392e+02 2.695568284767299767e-03 2.785442016243475268e-03 3.045124963470518826e-03 2.842045088160431287e-03
5.284665262587973302e+02 2.720854057317839692e-03 2.838243347272493590e-03 3.140198325963448802e-03 2.899765243517927506e-03
5.285665262187973212e+02 2.798694544392019753e-03 2.937031920342001064e-03 3.316033157498618662e-03 3.017253207410880260e-03
5.286665261787973122e+02 2.848055215155997563e-03 3.038441750209871020e-03 3.504112915756866804e-03 3.130203293707578462e-03
5.287665261387973032e+02 3.000087321071537652e-03 3.238933502258043579e-03 3.788817958632525670e-03 3.342612927320702011e-03
5.288665260987972943e+02 3.306954814658577112e-03 3.580886316383118627e-03 4.150071283836523697e-03 3.679304138292739668e-03
5.289665260587972853e+02 3.509444373981773519e-03 3.887361823561498279e-03 4.315558121965428796e-03 3.904121439836234254e-03
5.290665260187972763e+02 3.485584642494673688e-03 4.039679367252040423e-03 4.189342132192236737e-03 3.904868713979649849e-03
5.291665259787972673e+02 3.270693115010906045e-03 4.019453373947096467e-03 3.842752374968744482e-03 3.710966287975582187e-03
5.292665259387972583e+02 2.976794987345240777e-03 3.894560842930769491e-03 3.415486184034926750e-03 3.428947338103644805e-03
5.293665258987972493e+02 2.696901305305245307e-03 3.744704843075207477e-03 3.026602361244703186e-03 3.156069503208385613e-03
5.294665258587972403e+02 2.451123121515019765e-03 3.584709800639810685e-03 2.706969764492546133e-03 2.914267562215792050e-03
5.295665258187972313e+02 2.170386741077234578e-03 3.317759590316215600e-03 2.383662013648345408e-03 2.623936115013931862e-03
5.296665257787972223e+02 1.738672933361309816e-03 2.730568993196829958e-03 1.930969734087646184e-03 2.133403886881928436e-03
5.297665257387972133e+02 1.099548980500225604e-03 1.700780350324067108e-03 1.240358280804023262e-03 1.346895870542771847e-03
5.298665256987972043e+02 5.862390128602777391e-04 8.392823458566582052e-04 6.569960062394880618e-04 6.941724549854745964e-04
5.299665256587971953e+02 3.869452824644974056e-04 5.110607754577419946e-04 4.235833937228167191e-04 4.405298172150186884e-04
5.300665256187971863e+02 3.010483764075903130e-04 3.764637121885208888e-04 3.245427391555450770e-04 3.340182759172187596e-04
5.301665255787971773e+02 2.530464213165877266e-04 3.047920786292524875e-04 2.699105101215920448e-04 2.759163366891440863e-04
5.302665255387971683e+02 2.216258810459465194e-04 2.597773764742009788e-04 2.344437333457651137e-04 2.386156636219708977e-04
5.303665254987971593e+02 1.990397271454088298e-04 2.285520953124091999e-04 2.091192107772901678e-04 2.122370110783693901e-04
5.304665254587971503e+02 1.817749831725556551e-04 2.054111101570795460e-04 1.898805387745574572e-04 1.923555440347308771e-04
5.305665254187971414e+02 1.679944520695750298e-04 1.874325831252958159e-04 1.746157133670024945e-04 1.766809161872910953e-04
5.306665253787971324e+02 1.566377459406648664e-04 1.729628918285484038e-04 1.621086056648223049e-04 1.639030811446785341e-04
5.307665253387971234e+02 1.470468220922201597e-04 1.609946924630239844e-04 1.516055412199093257e-04 1.532156852583844899e-04
5.308665252987971144e+02 1.387899210483067988e-04 1.508785439470281681e-04 1.426124599775049472e-04 1.440936416576133047e-04
5.309665252587971054e+02 1.315709238819162447e-04 1.421764054179757905e-04 1.347907756673956587e-04 1.361793683224292223e-04
5.310665252187970964e+02 1.251792662283625725e-04 1.345817110314370072e-04 1.278999223856324221e-04 1.292202998818106402e-04
5.311665251787970874e+02 1.194606449892847172e-04 1.278731948382494572e-04 1.217637803058929451e-04 1.230325400444756885e-04
5.312665251387970784e+02 1.142990668225949541e-04 1.218869257748838686e-04 1.162501079280036992e-04 1.174787001751608406e-04
5.313665250987970694e+02 1.096054080420952483e-04 1.164986876979234908e-04 1.112574355417934901e-04 1.124538437606040854e-04
5.314665250587970604e+02 1.053098771560529963e-04 1.116124969555130377e-04 1.067064289419127689e-04 1.078762676844929208e-04
5.315665250187970514e+02 1.013569039734880478e-04 1.071528986437406047e-04 1.025340324297158048e-04 1.036812783489814767e-04
5.316665249787970424e+02 9.770158611302073935e-05 1.030596651035286658e-04 9.868939584630902250e-05 9.981688235428614708e-05
5.317665249387970334e+02 9.430716323578395644e-05 9.928406495205978300e-05 9.513097910556254184e-05 9.624073576446876043e-05
5.318665248987970244e+02 9.114318620788372527e-05 9.578618462707355185e-05 9.182445321243315223e-05 9.291794134913014763e-05
5.319665248587970154e+02 8.818416650391634846e-05 9.253297097653748269e-05 8.874115185931953555e-05 8.981942977992446008e-05
5.320665248187970064e+02 8.540856403489601150e-05 8.949677763030074033e-05 8.585691114337199977e-05 8.692075093618960194e-05
5.321665247787969975e+02 8.279801766021232493e-05 8.665426968253243695e-05 8.315118764062810991e-05 8.420115832779095726e-05
5.322665247387969885e+02 8.033675253015767946e-05 8.398558734541827623e-05 8.060637939424209050e-05 8.164290642327267755e-05
5.323665246987969795e+02 7.801111813743295082e-05 8.147369956232668414e-05 7.820729690010015927e-05 7.923070486661994496e-05
5.324665246587969705e+02 7.580922431404579136e-05 7.910389882098975498e-05 7.594074646895870233e-05 7.695128986799808289e-05
5.325665246187969615e+02 7.372065147225417316e-05 7.686340224787263729e-05 7.379519882644189040e-05 7.479308418218958050e-05
5.326665245787969525e+02 7.173621780381788792e-05 7.474103362155109457e-05 7.176052303970946163e-05 7.274592482169281470e-05
5.327665245387969435e+02 6.984779060539284999e-05 7.272696761818687767e-05 6.982777109371140524e-05 7.080084310576371096e-05
5.328665244987969345e+02 6.804813213262449960e-05 7.081252243245473145e-05 6.798900205898469906e-05 6.894988554135464789e-05
5.329665244587969255e+02 6.633077271525348781e-05 6.898999031497203506e-05 6.623713752107484622e-05 6.718596685043345636e-05
5.330665244187969165e+02 6.468990557666807301e-05 6.725249809716049457e-05 6.456584188174896855e-05 6.550274851852584538e-05
5.331665243787969075e+02 6.312029906963044848e-05 6.559389162300025195e-05 6.296942261222498636e-05 6.389453776828521990e-05
5.332665243387968985e+02 6.161722299018182404e-05 6.400863937939328977e-05 6.144274661932636712e-05 6.235620299630048461e-05
5.333665242987968895e+02 6.017638635479519008e-05 6.249175165769990388e-05 5.998116972731317104e-05 6.088310257993609511e-05
5.334665242587968805e+02 5.879388456658326157e-05 6.103871235920492965e-05 5.858047689086360254e-05 5.947102460555060244e-05
5.335665242187968715e+02 5.746615432245336395e-05 5.964542116185243180e-05 5.723683124777394768e-05 5.811613557735991674e-05
5.336665241787968625e+02 5.618993494400858574e-05 5.830814422938871805e-05 5.594673050208178773e-05 5.681493655849302599e-05
5.337665241387968535e+02 5.512842556984952032e-05 5.721444437191118711e-05 5.486803628552906260e-05 5.573696874242991205e-05
5.338665240987968446e+02 5.410720668703127532e-05 5.616401026022363956e-05 5.383142421888565987e-05 5.470088038871352492e-05
5.339665240587968356e+02 5.312398444160416205e-05 5.515423889900186618e-05 5.283442345218603822e-05 5.370421559759736452e-05
5.340665240187968266e+02 5.217666540120079665e-05 5.418276662166444208e-05 5.187478206145500252e-05 5.274473802810674935e-05
5.341665239787968176e+02 5.126331470820379241e-05 5.324741903743348246e-05 5.095042360588083980e-05 5.182038578383937156e-05
5.342665239387968086e+02 5.038214055029369333e-05 5.234619156363054862e-05 5.005942958024779422e-05 5.092925389805734991e-05
5.343665238987967996e+02 4.953148049562082782e-05 5.147723238773563005e-05 4.920002399971119112e-05 5.006957896102254740e-05
5.344665238587967906e+02 4.870978942919245054e-05 5.063882750930881650e-05 4.837055981949254022e-05 4.923972558599792898e-05
5.345665238187967816e+02 4.791562887042533661e-05 4.982938756174222050e-05 4.756950692727969900e-05 4.843817445314908311e-05
5.346665237787967726e+02 4.723400863820112521e-05 4.913341531651908937e-05 4.685815207279564465e-05 4.774185867583862652e-05
5.347665237387967636e+02 4.678674723794585860e-05 4.866149006349565736e-05 4.633777251165501431e-05 4.726200327103217676e-05
