13449.7609394534    7.2611666758e-06    7.2611661989e-06    7.2293259108e-06    7.2505529285e-06
13449.860939453398    7.217129549300801e-06    7.217129076500801e-06    7.185057213300806e-06    7.206438613034136e-06
13449.960939453396    7.1730435379016035e-06    7.1730430622016035e-06    7.140737146601613e-06    7.16227458223494e-06
13450.060939453395    7.1291340607023965e-06    7.129133565502396e-06    7.096591106202409e-06    7.118286244135734e-06
13450.160939453393    7.08555935930317e-06    7.08555887310317e-06    7.052777151503188e-06    7.07463179463651e-06
13450.260939453392    7.042512737803132e-06    7.042512249003132e-06    7.009488772603149e-06    7.031504586469804e-06
13450.36093945339    7.00007609990386e-06    7.00007561500386e-06    6.966807629503882e-06    6.9889864481372e-06
13450.460939453389    6.958651532204521e-06    6.9586510550045214e-06    6.925135787904548e-06    6.947479458371196e-06
13450.560939453388    6.918167444105155e-06    6.918166936405155e-06    6.884401627805187e-06    6.906912002771832e-06
13450.660939453386    6.878831512405725e-06    6.8788310139057246e-06    6.844812697505761e-06    6.867491741272403e-06
13450.760939453385    6.840872535705523e-06    6.8408720248055234e-06    6.806597723505561e-06    6.829447428005536e-06
13450.860939453383    6.804294073505989e-06    6.804293541405988e-06    6.769760275506031e-06    6.7927826301393355e-06
13450.960939453382    6.769094698406402e-06    6.769094172506403e-06    6.73429878260645e-06    6.757495884506419e-06
13451.06093945338    6.735502710506721e-06    6.735502179306721e-06    6.7004414806067745e-06    6.723815456806739e-06
13451.160939453379    6.703642072006954e-06    6.703641526606954e-06    6.668312307707013e-06    6.6918653021069734e-06
13451.260939453377    6.67349999900658e-06    6.6734994428065795e-06    6.637898502606639e-06    6.661632648139932e-06
13451.360939453376    6.645148380906705e-06    6.645147836706705e-06    6.609271813506769e-06    6.6331893437067265e-06
13451.460939453375    6.6187598325067206e-06    6.618759297406721e-06    6.582604634906791e-06    6.606707921606744e-06
13451.560939453373    6.594116647406724e-06    6.594116107806724e-06    6.557679452106801e-06    6.581970735773416e-06
13451.660939453372    6.571485804406586e-06    6.5714852767065865e-06    6.534762980506669e-06    6.559244687206614e-06
13451.76093945337    6.55080149430602e-06    6.55080096990602e-06    6.5137894827061036e-06    6.5384639823060476e-06
13451.860939453369    6.531936773405833e-06    6.531936219305833e-06    6.4946319322059246e-06    6.519501641639198e-06
13451.960939453367    6.515059987605526e-06    6.515059451005526e-06    6.4774585310056224e-06    6.502525989872225e-06
13452.060939453366    6.50013029120516e-06    6.50012974210516e-06    6.462228386405264e-06    6.487496139905195e-06
13452.160939453364    6.487170420304714e-06    6.487169890504715e-06    6.448964308604826e-06    6.474434873138085e-06
13452.260939453363    6.476056123304044e-06    6.476055581504044e-06    6.437541891604156e-06    6.463217865470748e-06
13452.360939453361    6.46684081070352e-06    6.46684026980352e-06    6.42801440290364e-06    6.453898494470227e-06
13452.46093945336    6.45944414320296e-06    6.45944357200296e-06    6.420301476803086e-06    6.446396397336335e-06
13452.560939453359    6.453946281402301e-06    6.4539457219023005e-06    6.414483364902434e-06    6.440791789402344e-06
13452.660939453357    6.450216007901629e-06    6.450215448501629e-06    6.4104287085017705e-06    6.436953388301675e-06
13452.760939453356    6.448279021500845e-06    6.448278474300845e-06    6.40816309140099e-06    6.434906862400894e-06
13452.860939453354    6.448079727500091e-06    6.448079174000091e-06    6.4076307574002425e-06    6.434596552966808e-06
13452.960939453353    6.44962297419927e-06    6.4496224415992695e-06    6.40883660609943e-06    6.436027340632656e-06
13453.060939453351    6.4530031271983394e-06    6.45300255589834e-06    6.411874968598508e-06    6.4392935505650625e-06
13453.16093945335    6.457954065097479e-06    6.457953476797478e-06    6.416479695897654e-06    6.444129079264203e-06
13453.260939453348    6.464446178196693e-06    6.4644456032966934e-06    6.422621036696872e-06    6.450504272730086e-06
13453.360939453347    6.472780879095603e-06    6.472780333295603e-06    6.430600285495791e-06    6.458720499295666e-06
13453.460939453345    6.4826470323946165e-06    6.482646440494616e-06    6.4401063031948126e-06    6.468466592028015e-06
13453.560939453344    6.4939711440936144e-06    6.4939705800936145e-06    6.45106542319382e-06    6.479669049127016e-06
13453.660939453343    6.507034090392396e-06    6.507033516992396e-06    6.463758573992611e-06    6.492608727125802e-06
13453.760939453341    6.521378229491651e-06    6.5213776470916505e-06    6.477727978291868e-06    6.506827951625057e-06
13453.86093945334    6.537284197090452e-06    6.537283623290452e-06    6.49325430249068e-06    6.522607374290529e-06
13453.960939453338    6.554654943089257e-06    6.554654378489257e-06    6.510240228989495e-06    6.539849850189336e-06
13454.060939453337    6.573586986687947e-06    6.573586452687947e-06    6.528782264388195e-06    6.558651901254696e-06
13454.160939453335    6.594049221686601e-06    6.594048650286601e-06    6.5488493635868595e-06    6.578982411853354e-06
13454.260939453334    6.6156081721858825e-06    6.615607596185883e-06    6.5700078942861445e-06    6.600407887552636e-06
13454.360939453332    6.638807722884386e-06    6.6388071160843855e-06    6.592801516484659e-06    6.6234721184844775e-06
13454.46093945333    6.663196143183142e-06    6.663195535383142e-06    6.616778651983427e-06    6.64772344351657e-06
13454.56093945333    6.689164931581578e-06    6.689164323481578e-06    6.642330544481873e-06    6.67355326651501e-06
13454.660939453328    6.716646532580004e-06    6.716645901480005e-06    6.669389651280312e-06    6.700894028446773e-06
13454.760939453327    6.745420289079065e-06    6.745419715579064e-06    6.697735159679376e-06    6.729525054779169e-06
13454.860939453325    6.775101283877864e-06    6.775100722077865e-06    6.726982120078188e-06    6.759061375344639e-06
13454.960939453324    6.8069334434756804e-06    6.806932841475681e-06    6.7583742872760175e-06    6.790746857409126e-06
13455.060939453322    6.83931784137467e-06    6.83931722877467e-06    6.790312765675019e-06    6.822982611941454e-06
13455.16093945332    6.8733070394727966e-06    6.873306412872797e-06    6.823849912373158e-06    6.856821121572916e-06
13455.26093945332    6.908738560271642e-06    6.908737907271642e-06    6.858823322372009e-06    6.892099929971764e-06
13455.360939453318    6.9456125860698164e-06    6.9456119548698164e-06    6.895232995270197e-06    6.92881917873661e-06
13455.460939453316    6.983252728568505e-06    6.9832520915685045e-06    6.932402383068899e-06    6.966302401068636e-06
13455.560939453315    7.022679919766292e-06    7.022679315666292e-06    6.9713524395667004e-06    7.005570558333095e-06
13455.660939453313    7.062884456364897e-06    7.062883837564898e-06    7.011073347265319e-06    7.045613880398372e-06
13455.760939453312    7.1050940623631465e-06    7.105093478363146e-06    7.0527926453635744e-06    7.0876600620299546e-06
13455.86093945331    7.148265818161521e-06    7.148265249361521e-06    7.095467476861964e-06    7.130666181461669e-06
13455.960939453309    7.192632384759649e-06    7.192631785559649e-06    7.139330350660107e-06    7.174864840326468e-06
13456.060939453308    7.238874102957102e-06    7.238873455857102e-06    7.1850613379575765e-06    7.220936298923927e-06
13456.160939453306    7.285713695655696e-06    7.2857130268556956e-06    7.231383363556185e-06    7.267603362022525e-06
13456.260939453305    7.3346379859537245e-06    7.334637381553724e-06    7.279783170654219e-06    7.316352846053889e-06
13456.360939453303    7.384286693052136e-06    7.384286073552136e-06    7.328900121752648e-06    7.365824296118973e-06
13456.460939453302    7.435554626849643e-06    7.435553947349642e-06    7.379628992950172e-06    7.4169125223831515e-06
13456.5609394533    7.487895619847635e-06    7.4878949262476355e-06    7.4314237123481815e-06    7.46907141948115e-06
13456.660939453299    7.542008460744879e-06    7.542007831144878e-06    7.4849829177454424e-06    7.522999736545066e-06
13456.760939453297    7.597454374743521e-06    7.597453727543521e-06    7.539867722744092e-06    7.5782586083437104e-06
13456.860939453296    7.654195674941168e-06    7.654195038441169e-06    7.596040422741759e-06    7.634810378708033e-06
13456.960939453294    7.712690422538287e-06    7.712689750038286e-06    7.653958949438895e-06    7.693113040671823e-06
13457.060939453293    7.772094271036247e-06    7.772093551536248e-06    7.712778981236874e-06    7.752322267936457e-06
13457.160939453292    7.83325455383325e-06    7.83325384733325e-06    7.773347696733896e-06    7.8132853659668e-06
13457.26093945329    7.895773011631767e-06    7.895772367331769e-06    7.835266891832421e-06    7.875604090265319e-06
13457.360939453289    7.959762402628998e-06    7.959761730428999e-06    7.898649201829672e-06    7.939391111629223e-06
13457.460939453287    8.02532431322606e-06    8.025323667326062e-06    7.963596162626755e-06    8.004748047726293e-06
13457.560939453286    8.092261646723293e-06    8.092261000023292e-06    8.029910744324005e-06    8.07147779702353e-06
13457.660939453284    8.160861872820139e-06    8.160861264520138e-06    8.097880502420874e-06    8.139867879920383e-06
13457.760939453283    8.231038019718304e-06    8.231037418218304e-06    8.167418205519048e-06    8.209831214485219e-06
13457.860939453281    8.302950993914976e-06    8.302950392614975e-06    8.238684861215739e-06    8.281528749248564e-06
13457.96093945328    8.375863334512467e-06    8.375862686312465e-06    8.310943079713252e-06    8.35422303351273e-06
13458.060939453278    8.450782229208696e-06    8.450781557008695e-06    8.385200128309502e-06    8.428921304842298e-06
13458.160939453277    8.527660826604908e-06    8.527660193104906e-06    8.461409214205735e-06    8.505576744638515e-06
13458.260939453276    8.605780781803372e-06    8.605780160603373e-06    8.538852067604211e-06    8.583471003336985e-06
13458.360939453274    8.685873355599475e-06    8.685872822999476e-06    8.618260108100334e-06    8.663335428899762e-06
13458.460939453273    8.76796805789547e-06    8.76796742899547e-06    8.69966291919635e-06    8.745199468695764e-06
13458.560939453271    8.851526311092087e-06    8.851525591692087e-06    8.78252208289299e-06    8.828524661892386e-06
13458.66093945327    8.937046199787996e-06    8.937045493887997e-06    8.867336099088922e-06    8.913809264254971e-06
13458.760939453268    9.024271867585763e-06    9.024271198885762e-06    8.953849208786696e-06    9.000797425086074e-06
13458.860939453267    9.113182318681938e-06    9.113181685781939e-06    9.042040805982895e-06    9.089468270148925e-06
13458.960939453265    9.204335660177303e-06    9.204335100177303e-06    9.132469330678277e-06    9.180380030344294e-06
13459.060939453264    9.297261210673226e-06    9.297260641673227e-06    9.224664411574224e-06    9.27306208797356e-06
13459.160939453262    9.392287393868632e-06    9.392286862968632e-06    9.31895514026965e-06    9.367843132368972e-06
13459.260939453261    9.489593284365482e-06    9.48959266196548e-06    9.415520799166503e-06    9.464902248499155e-06
13459.36093945326    9.58884960706098e-06    9.58884890276098e-06    9.514033161862022e-06    9.563910557227993e-06
13459.460939453258    9.690055823556407e-06    9.690055173456407e-06    9.614492436057466e-06    9.664867811023426e-06
13459.560939453257    9.793977912550663e-06    9.793977340250663e-06    9.71766518795174e-06    9.76854014691769e-06
13459.660939453255    9.899594789046308e-06    9.899594235646307e-06    9.822531190047401e-06    9.873906738246671e-06
13459.760939453254    1.0007481207843005e-05    1.0007480637843005e-05    9.929666384944099e-06    9.981542743543369e-06
13459.860939453252    1.011817170083691e-05    1.011817112083691e-05    1.0039606624838017e-05    1.009198314883728e-05
13459.96093945325    1.0230970624831752e-05    1.0230970046831752e-05    1.0151657584832869e-05    1.0204532752165457e-05
13460.06093945325    1.0346043268826268e-05    1.0346042738826269e-05    1.0265985999827391e-05    1.0319357335826645e-05
13460.160939453248    1.0463845413820004e-05    1.0463844855820004e-05    1.0383049367821133e-05    1.0436913212487047e-05
13460.260939453246    1.0584075384816295e-05    1.0584074849816294e-05    1.0502548183817411e-05    1.0556899472816667e-05
13460.360939453245    1.0707455654809236e-05    1.0707454958809236e-05    1.0625206586810353e-05    1.068003906680961e-05
13460.460939453244    1.0833661596802572e-05    1.0833660932802572e-05    1.0750702890803682e-05    1.080600847346961e-05
13460.560939453242    1.0962137929796683e-05    1.0962137257796684e-05    1.0878484369797784e-05    1.093425318579705e-05
13460.66093945324    1.1093085356790392e-05    1.1093084667790391e-05    1.1008754610791475e-05    1.106497487845742e-05
13460.76093945324    1.122751918278481e-05    1.122751863478481e-05    1.114253260578586e-05    1.1199190141118493e-05
13460.860939453238    1.1364614591778055e-05    1.1364614101778055e-05    1.127899690177908e-05    1.1336075198445064e-05
13460.960939453236    1.1505638011769133e-05    1.1505637570769131e-05    1.141941793777012e-05    1.1476897840102795e-05
13461.060939453235    1.1649187925762386e-05    1.1649187500762385e-05    1.1562398767763327e-05    1.1620258064762699e-05
13461.160939453233    1.1796323950753772e-05    1.1796323444753772e-05    1.1709003480754661e-05    1.1767216958754067e-05
13461.260939453232    1.194658535874854e-05    1.1946584666748544e-05    1.185877657074936e-05    1.1917315532082148e-05
13461.36093945323    1.2100249403740052e-05    1.2100248787740053e-05    1.2012000671740796e-05    1.2070832954406968e-05
13461.460939453229    1.2257424852731254e-05    1.2257424313731254e-05    1.2168790002731914e-05    1.2227879723064808e-05
13461.560939453228    1.2418701504721307e-05    1.2418701031721307e-05    1.2329739914721872e-05    1.2389047483721497e-05
13461.660939453226    1.2583530039712172e-05    1.2583529805712171e-05    1.249430625571263e-05    1.255378870037899e-05
13461.760939453225    1.2752172295705512e-05    1.2752171935705512e-05    1.2662755676705849e-05    1.2722366636038957e-05
13461.860939453223    1.2925017132695028e-05    1.292501659769503e-05    1.2835481085695239e-05    1.2895171605361766e-05
13461.960939453222    1.310161810668519e-05    1.310161749268519e-05    1.3012038317685268e-05    1.3071757972351882e-05
13462.06093945322    1.328298722167339e-05    1.328298683767339e-05    1.3193439975673332e-05    1.3253138011673368e-05
13462.160939453219    1.3468779606662046e-05    1.3468779191662046e-05    1.3379337349661854e-05    1.3438965382661983e-05
13462.260939453217    1.3658396756655088e-05    1.3658396425655088e-05    1.3569124907654778e-05    1.362863936332165e-05
13462.360939453216    1.3853110063642276e-05    1.3853109732642275e-05    1.3764060860641868e-05    1.382342688564214e-05
13462.460939453214    1.4052841254629425e-05    1.4052840883629424e-05    1.3964046800628952e-05    1.4023242979629268e-05
13462.560939453213    1.4257142506617229e-05    1.4257142127617229e-05    1.4168604932616747e-05    1.4227629855617069e-05
13462.660939453212    1.4466902657603188e-05    1.4466902358603186e-05    1.437858479560277e-05    1.443746327060305e-05
13462.76093945321    1.4681179737594642e-05    1.4681179591594641e-05    1.4592993425594393e-05    1.4651784251594558e-05
13462.860939453209    1.4901355930579477e-05    1.4901355378579476e-05    1.4813150682579512e-05    1.4871953997246155e-05
13462.960939453207    1.5126354118566175e-05    1.5126353886566173e-05    1.503790811956664e-05    1.5096872041566329e-05
13463.060939453206    1.5356868500551346e-05    1.5356868358551348e-05    1.52678812045524e-05    1.5327206021218363e-05
13463.160939453204    1.5593901611534345e-05    1.5593901400534345e-05    1.550399172553616e-05    1.5563931579201617e-05
13463.260939453203    1.583504766252627e-05    1.5835047759526263e-05    1.5743759519528974e-05    1.58046183138605e-05
13463.360939453201    1.6080172033513993e-05    1.6080171989513992e-05    1.5986986760517754e-05    1.6049110261181914e-05
13463.4609394532    1.6333936503492245e-05    1.633393585249225e-05    1.6238293585497163e-05    1.630205531382722e-05
13463.560939453198    1.6594087923474735e-05    1.6594087503474736e-05    1.6495413027480856e-05    1.6561196151476775e-05
13463.660939453197    1.6860073301458115e-05    1.6860072970458114e-05    1.675780400946544e-05    1.6825983427127227e-05
13463.760939453196    1.7131655892446714e-05    1.7131655408446715e-05    1.7025268366455103e-05    1.7096193222449512e-05
13463.860939453194    1.740558927343694e-05    1.740558924243694e-05    1.729462028744636e-05    1.736859960110675e-05
13463.960939453193    1.7688321055413714e-05    1.7688321366413716e-05    1.7572377527424026e-05    1.7649673316417154e-05
13464.060939453191    1.7979350233391214e-05    1.7979350653391213e-05    1.7858115480402283e-05    1.793893878906157e-05
13464.16093945319    1.8276656703372673e-05    1.8276656383372676e-05    1.8149886851384354e-05    1.823439997937657e-05
13464.260939453188    1.858169959235635e-05    1.858169978935635e-05    1.8449215377368408e-05    1.8537538253027038e-05
13464.360939453187    1.8894953390333327e-05    1.8894953611333327e-05    1.875662851834576e-05    1.8848845173337467e-05
13464.460939453185    1.9216706097309386e-05    1.9216706453309385e-05    1.9072455779322107e-05    1.9168622776646957e-05
13464.560939453184    1.954710487728482e-05    1.954710537028482e-05    1.9396873825297767e-05    1.9497028024289137e-05
13464.660939453182    1.9887127575257803e-05    1.9887128281257803e-05    1.9730880570270935e-05    1.9835045475595517e-05
13464.760939453181    2.023439971124198e-05    2.023440010224198e-05    2.0072112040255163e-05    2.0180303951246374e-05
13464.86093945318    2.0592087512212736e-05    2.059208798521274e-05    2.0423740097226076e-05    2.053597186488385e-05
13464.960939453178    2.096057701818226e-05    2.096057789118226e-05    2.0786150101195752e-05    2.090243500352009e-05
13465.060939453177    2.1342623926145226e-05    2.1342624849145224e-05    2.1162090694158887e-05    2.1282446489816447e-05
13465.160939453175    2.173450860911609e-05    2.1734509090116087e-05    2.154783454112994e-05    2.1672284080120706e-05
13465.260939453174    2.213731548809145e-05    2.2137315783091453e-05    2.1944455115105404e-05    2.2073028795429434e-05
13465.360939453172    2.2555845051048377e-05    2.255584595004837e-05    2.235674023206257e-05    2.2489477077719775e-05
13465.46093945317    2.2986049400014003e-05    2.2986050509014004e-05    2.278062800602848e-05    2.2917575971685494e-05
13465.56093945317    2.342765470497984e-05    2.342765542097984e-05    2.3215828149994636e-05    2.3357046091984772e-05
13465.660939453168    2.3882867691940125e-05    2.3882868123940125e-05    2.366453194995528e-05    2.3810089255278506e-05
13465.760939453166    2.435374258590366e-05    2.4353743634903657e-05    2.4128777560919094e-05    2.4278754593908806e-05
13465.860939453165    2.48414059608557e-05    2.48414069648557e-05    2.4609675563871575e-05    2.476416282986099e-05
13465.960939453164    2.5343190725813436e-05    2.534319298781343e-05    2.5104541130829797e-05    2.526364161481889e-05
13466.060939453162    2.585994577576864e-05    2.5859948092768638e-05    2.5614203805785537e-05    2.57780325581076e-05
13466.16093945316    2.6395222966714763e-05    2.6395224755714766e-05    2.614219915373225e-05    2.6310882292053928e-05
13466.26093945316    2.6947308574674406e-05    2.6947310286674407e-05    2.6686792991692393e-05    2.68604706176804e-05
13466.360939453158    2.7518841260617317e-05    2.7518843415617315e-05    2.7250608485635984e-05    2.7429431053956873e-05
13466.460939453156    2.8111695138554953e-05    2.811169728555495e-05    2.7835497202574367e-05    2.801962987556142e-05
13466.560939453155    2.8722855610499213e-05    2.8722858038499214e-05    2.843842372751943e-05    2.862804579217262e-05
13466.660939453153    2.9354287398437948e-05    2.9354290604437945e-05    2.906133358345903e-05    2.9256637195444973e-05
13466.760939453152    3.0008611495381316e-05    3.0008614822381318e-05    2.970682416840317e-05    2.9908016828721937e-05
13466.86093945315    3.068512836531411e-05    3.0685131668314105e-05    3.037417213333696e-05    3.058147738898839e-05
13466.960939453149    3.138579809324117e-05    3.138580000924118e-05    3.1065312843265096e-05    3.1278970315249144e-05
13467.060939453148    3.211225960416322e-05    3.211226287016321e-05    3.1781862758188275e-05    3.200212841083823e-05
13467.160939453146    3.2863288531087444e-05    3.286329194908744e-05    3.252256556511374e-05    3.274971534842954e-05
13467.260939453145    3.364293709201456e-05    3.364294117601455e-05    3.329144702404198e-05    3.352577509735703e-05
13467.360939453143    3.4452022595924875e-05    3.445202766792488e-05    3.408929168795371e-05    3.433111398393449e-05
13467.460939453142    3.5293868119825547e-05    3.5293872940825544e-05    3.491938942285589e-05    3.516904349450232e-05
13467.56093945314    3.616484666173445e-05    3.616485114373445e-05    3.577807725276642e-05    3.603592501941178e-05
13467.660939453139    3.70676669526352e-05    3.70676719606352e-05    3.666803565766889e-05    3.69344581903131e-05
13467.760939453137    3.801005266053157e-05    3.8010058525531566e-05    3.759692711056692e-05    3.787234609887668e-05
13467.860939453136    3.898843756241948e-05    3.898844254041948e-05    3.85611598014568e-05    3.884601330143192e-05
13467.960939453134    4.000286380630596e-05    4.000287047730596e-05    3.9560718122345444e-05    3.985548413531912e-05
13468.060939453133    4.1060005703173295e-05    4.1060012450173294e-05    4.060222149921511e-05    4.0907413217520564e-05
13468.160939453132    4.216186127503369e-05    4.2161869182033684e-05    4.1687619883077996e-05    4.2003783446715127e-05
13468.26093945313    4.330634148891894e-05    4.330634960291894e-05    4.2814770482965596e-05    4.314248719160116e-05
13468.360939453129    4.4502537714757955e-05    4.4502544823757956e-05    4.399268317880751e-05    4.4332588572441146e-05
13468.460939453127    4.575051409559491e-05    4.575052397459491e-05    4.522136817064755e-05    4.557413541361246e-05
13468.560939453126    4.7051098366427715e-05    4.705110735342772e-05    4.6501555320483744e-05    4.686792034677972e-05
13468.660939453124    4.840796556124844e-05    4.8407975630248444e-05    4.783685823430807e-05    4.821759980860165e-05
13468.760939453123    4.982610729707903e-05    4.982611672607903e-05    4.923216804514216e-05    4.9628130689433417e-05
13468.860939453121    5.130866503387396e-05    5.130867643087395e-05    5.0690523179941316e-05    5.110262154822974e-05
13468.96093945312    5.2857339031661786e-05    5.285735175766178e-05    5.221351190773374e-05    5.264273423235243e-05
13469.060939453118    5.447974707542573e-05    5.447976313042572e-05    5.3808636234502654e-05    5.4256048813451365e-05
13469.160939453117    5.6178907868178424e-05    5.6178917033178435e-05    5.547878374826075e-05    5.5945536216539196e-05
13469.260939453115    5.795869740294963e-05    5.795871229794961e-05    5.72276755440373e-05    5.771502841497885e-05
13469.360939453114    5.9825868763667705e-05    5.982586114466777e-05    5.906197855976158e-05    5.9571236156032354e-05
13469.460939453113    6.178497053336954e-05    6.178500226436943e-05    6.09860181394703e-05    6.151866364573642e-05
13469.560939453111    6.384392371804512e-05    6.384392718204519e-05    6.300739692615378e-05    6.356508260874804e-05
13469.66093945311    6.600719165970406e-05    6.600715519870417e-05    6.513051176682093e-05    6.571495287507638e-05
13469.760939453108    6.828178861038005e-05    6.828178343037996e-05    6.736225733050476e-05    6.797527645708826e-05
13469.860939453107    7.067525051099058e-05    7.067524839599057e-05    6.97097157361253e-05    7.035340488103549e-05
13469.960939453105    7.319856806456438e-05    7.319854122156446e-05    7.218367771670983e-05    7.286026233427955e-05
13470.060939453104    7.585897304211202e-05    7.585901631611183e-05    7.47911083302691e-05    7.550303256283097e-05
13470.160939453102    7.866688804562359e-05    7.866693820662356e-05    7.754187229279408e-05    7.829189951501374e-05
13470.260939453101    8.163354983215002e-05    8.163358189315007e-05    8.044708626533333e-05    8.123807266354448e-05
13470.3609394531    8.476894922458962e-05    8.476886618158997e-05    8.35161570797887e-05    8.435132416198943e-05
13470.460939453098    8.8086028077984e-05    8.808605845998366e-05    8.676188752619944e-05    8.764465802138904e-05
13470.560939453097    9.160359463131464e-05    9.160360375031471e-05    9.020213712154951e-05    9.113644516772628e-05
13470.660939453095    9.533178089760702e-05    9.533179431260701e-05    9.384669671086258e-05    9.483675730702553e-05
13470.760939453094    9.928620536791568e-05    9.928616950791583e-05    9.771049426719262e-05    9.876095638100804e-05
13470.860939453092    0.00010349005716707698    0.00010349019535707644    0.00010181627735737845    0.00010293217662717729
13470.96093945309    0.00010795833885618282    0.00010795849020618277    0.00010617794864651248    0.00010736492590295936
13471.06093945309    0.00011271915610519162    0.00011271921048519191    0.00011082286251555212    0.00011208707636864521
13471.160939453088    0.00011778663172414558    0.00011778660100414585    0.00011576443202453951    0.00011711255491761032
13471.260939453086    0.0001232003750430622    0.00012320040312306204    0.00012104095159349155    0.0001224805765865386
13471.360939453085    0.00012897727513182095    0.0001289772229218212    0.00012666842929229117    0.00012820764244864444
13471.460939453083    0.0001351518188704573    0.00013515175660045733    0.00013268017107097258    0.0001343279155139624
13471.560939453082    0.0001417599123189649    0.00014175999811896444    0.00013911086967952958    0.00014087692670581962
13471.66093945308    0.00014883714857734278    0.00014883722087734284    0.00014599442535796284    0.0001478895982708828
13471.76093945308    0.0001564231899557139    0.0001564233482857136    0.00015336942031638954    0.00015540531951927235
13471.860939453078    0.0001645689838537737    0.00016456918373377357    0.00016128524709451412    0.0001634744715606871
13471.960939453076    0.00017330999848169833    0.00017331020254169832    0.0001697754579825104    0.00017213188633530236
13472.060939453075    0.0001827030823494162    0.0001827032851394162    0.00017889610901030323    0.00018143415883304522
13472.160939453073    0.00019280505026692433    0.00019280508852692488    0.00018870239436789244    0.00019143751105391385
13472.260939453072    0.00020366869694443045    0.00020366877048443033    0.00019924582610547889    0.00020219443117811323
13472.36093945307    0.00021535445432152616    0.00021535450431152623    0.00021058624759266313    0.00021376506874190516
13472.460939453069    0.00022792372348838868    0.00022792387982838833    0.00022278500363961528    0.00022621086898546406
13472.560939453067    0.00024143663208501888    0.00024143685296501867    0.00023590290389633378    0.00023959212964879043
13472.660939453066    0.0002559515976214193    0.0002559517100914196    0.0002500000699328176    0.00025396779254855214
13472.760939453065    0.0002715200086178935    0.0002715201619378933    0.00026513182069935493    0.00026939066375171396
13472.860939453063    0.0002881871372539129    0.0002881872233439132    0.00028134941490542563    0.00028590792516775053
13472.960939453062    0.00030598287861979134    0.00030598309474979087    0.00029869169167132554    0.0003035525550136359
13473.06093945306    0.00032491536793560093    0.00032491579716560024    0.0003171790411171151    0.0003223367354061055
13473.160939453059    0.00034497264649141013    0.0003449728777514108    0.00033681602032284744    0.00034225384818855617
13473.260939453057    0.0003661108166777138    0.0003661109249977142    0.0003575821068189862    0.000363267949498138
13473.360939453056    0.00038822473658397475    0.0003882248983239746    0.00037940043536499097    0.00038528335675764685
13473.460939453054    0.00041117887364066865    0.0004111791267406683    0.00040216893131131025    0.00040817564389754904
13473.560939453053    0.0004347885638579735    0.0004347888061479736    0.0004257435088680956    0.00043177362629134755
13473.660939453051    0.00045880473269612447    0.00045880501781612434    0.0004499204012555632    0.000455843383922604
13473.76093945305    0.000482937289235718    0.00048293731228571895    0.0004744568761243074    0.0004801104925485814
13473.860939453049    0.0005068479118360581    0.000506847979606058    0.0004990640827236127    0.0005042533247219096
13473.960939453047    0.0005302199833275238    0.0005302204299275224    0.0005234669529738862    0.0005279691220763107
13474.060939453046    0.0005527339105601424    0.0005527341173901433    0.0005473808746951766    0.0005509496342151541
13474.160939453044    0.0005741085216337948    0.0005741087451737948    0.000570544956777415    0.0005729207411950016
13474.260939453043    0.0005941529285485373    0.0005941531180685374    0.0005927728067807529    0.0005936929511326091
13474.360939453041    0.0006127534470433467    0.0006127530901233486    0.0006139289977641887    0.0006131451783102946
13474.46093945304    0.00062992363167816    0.000629923805968158    0.0006339838556177705    0.0006312770977546961
13474.560939453038    0.0006457320438027769    0.0006457323738127764    0.0006529336146514059    0.0006481326774223197
13474.660939453037    0.0006603390397268601    0.0006603394501668598    0.0006708375522748659    0.0006638386807228619
13474.760939453035    0.0006739512660704789    0.0006739512137704807    0.0006877744572283839    0.0006785589790231145
13474.860939453034    0.0006867450681732237    0.0006867452848732228    0.0007037714062715125    0.0006924205864393198
13474.960939453033    0.0006988491241655254    0.0006988494302855251    0.0007187877178048247    0.0007054954240852917
13475.060939453031    0.0007103261527076205    0.0007103265266876202    0.0007327109891685877    0.0007177878895212761
13475.16093945303    0.0007211373603198825    0.0007211377420098824    0.0007453331841431623    0.0007292027621576424
13475.260939453028    0.0007310937169930546    0.0007310942802430539    0.000756307288129278    0.0007394984284551287
13475.360939453027    0.0007399351127170311    0.0007399352494470326    0.0007652442506966747    0.0007483715376202461
13475.460939453025    0.0007473202033023271    0.0007473200618523283    0.0007717143404357558    0.0007554515351968038
13475.560939453024    0.0007528212310992869    0.0007528206969692883    0.0007752549337066686    0.0007602989539250813
13475.660939453022    0.0007560199725578976    0.0007560199771678956    0.0007754757781491644    0.0007625052426249859
13475.760939453021    0.0007564857072982379    0.0007564860604682365    0.0007720509891029578    0.0007616742522898108
13475.86093945302    0.0007538633435099695    0.0007538628722099725    0.0007648031338375541    0.0007575097831858321
13475.960939453018    0.0007478572050629427    0.0007478569691329418    0.000753677894062497    0.0007497973560861271
13476.060939453017    0.0007382673361568066    0.0007382662814868098    0.0007387557009572725    0.0007384297728669629
13476.160939453015    0.0007250763734408677    0.0007250763435908638    0.0007203182070510997    0.0007234903080276104
13476.260939453014    0.0007084233277942183    0.0007084230695642193    0.0006987714850230897    0.0007052059607938425
13476.360939453012    0.0006885802663468809    0.0006885804612168792    0.0006746182082635806    0.0006839263119424469
13476.46093945301    0.0006660259606777958    0.0006660254808277984    0.0006484895068517095    0.0006601803161191013
13476.56093945301    0.0006412698699868167    0.0006412697089468156    0.0006209829039175736    0.0006345074942837353
13476.660939453008    0.0006149244413835116    0.0006149244219635111    0.0005927171147310568    0.0006075219926926932
13476.760939453006    0.0005875655457574935    0.0005875651027074952    0.0005642291438819297    0.0005797865974489729
13476.860939453005    0.0005597555676997717    0.0005597552381197713    0.000535996015551442    0.0005518356071236617
13476.960939453003    0.0005319875625501111    0.0005319877258301092    0.0005084034467694156    0.0005241262450498786
13477.060939453002    0.0005046731395688094    0.0005046731119688101    0.00048174772909618537    0.000497031326877935
13477.160939453    0.00047814413871616313    0.00047814376381616455    0.0004562456090520538    0.00047084450386146047
13477.260939452999    0.0004526349870920819    0.00045263465239208175    0.0004320266371669189    0.0004457654255503609
13477.360939452998    0.0004283237448577304    0.0004283230341377319    0.0004091754064318612    0.0004219407284757745
13477.460939452996    0.0004053151075229125    0.00040531481836291074    0.0003877191861666436    0.0003994497040174889
13477.560939452995    0.0003836750072777797    0.0003836746993477798    0.0003676597992613678    0.0003783365019623091
13477.660939452993    0.00036341569430254733    0.00036341542236254713    0.0003489592147061962    0.0003585967771237636
13477.760939452992    0.0003445254273969691    0.0003445251039669693    0.00033156757776086287    0.0003402060363749337
13477.86093945299    0.0003269619144218827    0.000326961499791883    0.0003154151468761075    0.00032311285369662437
13477.960939452989    0.0003106747513669552    0.0003106745243669544    0.00030043176504159543    0.00030726034692516834
13478.060939452987    0.00029560784258221285    0.00029560734505221394    0.00028654864918732485    0.0002925879456072505
13478.160939452986    0.0002816834893677484    0.00028168320630774754    0.00027368303849335747    0.00027901657805628447
13478.260939452985    0.0002688244939333301    0.00026882416700333025    0.0002617550556794689    0.0002664679055387097
13478.360939452983    0.00025696349966940684    0.0002569631728494068    0.0002506997400160508    0.0002548754708449548
13478.460939452982    0.00024601037496582435    0.00024601004239582433    0.00024043325030295167    0.00024415122255486675
13478.56093945298    0.00023589540595250172    0.00023589493204250232    0.0002308922929900898    0.00023422754366169793
13478.660939452979    0.00022653426703950452    0.00022653387814950416    0.00022200171696751874    0.00022502328738550917
13478.760939452977    0.00021784098571668613    0.00021784066044668585    0.00021368630760509148    0.00021645598458948782
13478.860939452976    0.00020974652479430629    0.0002097460819743068    0.00020588646397305766    0.00020845969024722359
13478.960939452974    0.0002021615175122851    0.00020216103663228528    0.0001985238284613386    0.00020094879420196965
13479.060939452973    0.00019500482974059216    0.00019500444785059174    0.0001915281422499039    0.00019384580661369595
13479.160939452971    0.00018820597682918622    0.0001882055294591865    0.00018483748504872176    0.0001870829971123648
13479.26093945297    0.00018169382735795544    0.00018169339088795538    0.00017839095575767375    0.0001805927246678615
13479.360939452969    0.00017540287315712035    0.0001754024224871204    0.00017213145329698473    0.00017431224964707513
13479.460939452967    0.00016928857121647    0.00016928812233646997    0.00016602274204644582    0.00016819981186646192
13479.560939452966    0.00016329543149605448    0.0001632949109060548    0.00016001663127611086    0.0001622023245594067
13479.660939452964    0.00015740123824573154    0.0001574008184457311    0.00015409501279585125    0.00015629902316243794
13479.760939452963    0.00015161598205525598    0.00015161554338525605    0.00014824471129553992    0.0001504920789120173
13479.860939452961    0.0001460848004542474    0.00014608440133424724    0.0001427139863742454    0.00014496106272091333
13479.96093945296    0.00014053248050444105    0.00014053209765444097    0.00013718307419434682    0.00013941588411774296
13480.060939452958    0.00013504740019424486    0.0001350470319842448    0.0001317400867440588    0.00013394483964084946
13480.160939452957    0.0001296608975639071    0.00012966054471390704    0.00012641771459362245    0.00012857971895714553
13480.260939452955    0.0001244010847333448    0.00012440074810334475    0.00012124243429296962    0.00012334808904321975
13480.360939452954    0.00011929391304276024    0.00011929359322276015    0.00011623709441230642    0.00011827486689260894
13480.460939452953    0.00011436157157207081    0.00011436126877207073    0.00011142014203155449    0.000113380994125232
13480.560939452951    0.00010962139570129715    0.00010962110980129708    0.00010680502978073526    0.00010868251176110984
13480.66093945295    0.00010508548060046195    0.00010508521122046186    0.00010240017049987073    0.00010419028744026486
13480.760939452948    0.00010076084419950883    0.00010076059077950877    9.820932071090531e-05    9.991025189664098e-05
13480.860939452947    9.664995459861938e-05    9.664971642661931e-05    9.423222266901341e-05    9.58439645647507e-05
13480.960939452945    9.275145468472834e-05    9.275123096972827e-05    9.046535937612972e-05    9.198934834352878e-05
13481.060939452944    8.90609516458496e-05    8.906074155184953e-05    8.690271615226583e-05    8.834146978332166e-05
13481.160939452942    8.557177952099385e-05    8.557158219899379e-05    8.353648102343032e-05    8.489328091447263e-05
13481.26093945294    8.227567996410883e-05    8.227549457010878e-05    8.03576483165713e-05    8.16362742835963e-05
13481.36093945294    7.916337580432296e-05    7.91632015213229e-05    7.735651315281135e-05    7.856103015948573e-05
13481.460939452938    7.622503227857583e-05    7.622486832257578e-05    7.452305954009122e-05    7.565765338041428e-05
13481.560939452937    7.345061307886892e-05    7.345045870886889e-05    7.184725312841152e-05    7.291610830538311e-05
13481.660939452935    7.08301446982025e-05    7.082999921520246e-05    6.931925325977191e-05    7.032646572439228e-05
13481.760939452934    6.835390464853089e-05    6.835376740453086e-05    6.692955957512787e-05    6.787907720939654e-05
13481.860939452932    6.601254893194537e-05    6.601241932394535e-05    6.466910732156716e-05    6.556469185915262e-05
13481.96093945293    6.379719248439664e-05    6.379706995239662e-05    6.252932362304199e-05    6.337452868661175e-05
13482.06093945293    6.169945425288283e-05    6.16993382808828e-05    6.0502154841550366e-05    6.1300315791772e-05
13482.160939452928    5.971147638440189e-05    5.9711366499401856e-05    5.858007313309024e-05    5.933430533896466e-05
13482.260939452926    5.7825924986917474e-05    5.782582075191745e-05    5.67560684816264e-05    5.746927140682044e-05
13482.360939452925    5.603597822049788e-05    5.603587923449786e-05    5.502363101022485e-05    5.569849615507352e-05
13482.460939452923    5.433530605010498e-05    5.433521194410496e-05    5.337672712384873e-05    5.401574837268622e-05
13482.560939452922    5.271804485673689e-05    5.271795529173686e-05    5.180977209249622e-05    5.241525741365665e-05
13482.66093945292    5.1178769239391806e-05    5.117868390539179e-05    5.03176009451656e-05    5.089168469664974e-05
13482.760939452919    4.97124626470414e-05    4.971238125904138e-05    4.889543896782941e-05    4.944009429130407e-05
13482.860939452918    4.831448798273869e-05    4.831441027673867e-05    4.753887271053909e-05    4.805592365667214e-05
13482.960939452916    4.698055894945423e-05    4.6980484684454214e-05    4.624382206326612e-05    4.6734955232391515e-05
13483.060939452915    4.570671262818669e-05    4.5706641582186676e-05    4.5006513784009236e-05    4.5473289331460866e-05
13483.160939452913    4.448928358193484e-05    4.448921555093482e-05    4.382345664976728e-05    4.426731859421231e-05
13483.260939452912    4.332487964467634e-05    4.3324814438676324e-05    4.269141834651856e-05    4.311370414329041e-05
13483.36093945291    4.221035943845344e-05    4.2210296882453426e-05    4.160740408530417e-05    4.200935346873701e-05
13483.460939452909    4.114281162424302e-05    4.114275155924301e-05    4.056863692010166e-05    4.095140003452923e-05
13483.560939452907    4.01195358260442e-05    4.011947810204419e-05    3.957253968991022e-05    3.9937184539332865e-05
13483.660939452906    3.913802514385618e-05    3.913796962385616e-05    3.861671848472907e-05    3.89642377508138e-05
13483.760939452904    3.819595016266106e-05    3.8195896718661046e-05    3.769894755554081e-05    3.803026481228764e-05
13483.860939452903    3.729114435249313e-05    3.729109286649311e-05    3.681715552937884e-05    3.713313091612169e-05
13483.960939452902    3.642159075533388e-05    3.642154111733387e-05    3.5969412858225174e-05    3.627084824363097e-05
13484.0609394529    3.558540985018276e-05    3.558536195818275e-05    3.515392037507928e-05    3.544156406114827e-05
13484.160939452899    3.4780848495039226e-05    3.4780802255039225e-05    3.4368998867940624e-05    3.464354987267302e-05
13484.260939452897    3.40062698578887e-05    3.400622517988869e-05    3.361307958279502e-05    3.387519154019081e-05
13484.360939452896    3.326014423675943e-05    3.326010103975942e-05    3.2884695567670036e-05    3.313498028139629e-05
13484.460939452894    3.2541040699636355e-05    3.2540998905636345e-05    3.2182473784550984e-05    3.2421504463274566e-05
13484.560939452893    3.1847619455519095e-05    3.184757899251909e-05    3.1505127908437515e-05    3.173344211882523e-05
13484.660939452891    3.1178624899407304e-05    3.1178585700407294e-05    3.0851451759329286e-05    3.106955411971463e-05
13484.76093945289    3.05328792572889e-05    3.053284126028889e-05    3.0220313301214496e-05    3.0428677939597425e-05
