7087.1705573169    1.6086233964e-05    1.6069825055e-05    1.6075084375e-05    1.6077047798e-05
7087.2705573169    1.5196287614e-05    1.5179831015e-05    1.5185092337e-05    1.5187070322e-05
7087.370557316899    1.4335489558007828e-05    1.431898586100783e-05    1.432424807000783e-05    1.4326241163007829e-05
7087.4705573168985    1.3502110258015158e-05    1.3485560928015161e-05    1.349082239601516e-05    1.349283119401516e-05
7087.570557316898    1.2706444779014473e-05    1.2689849757014474e-05    1.2695109068014473e-05    1.269713453468114e-05
7087.670557316897    1.1952575111020569e-05    1.193593479002057e-05    1.1941190230020572e-05    1.194323337702057e-05
7087.770557316897    1.1240872322019419e-05    1.122418631901942e-05    1.122943604601942e-05    1.1231498229019417e-05
7087.870557316896    1.0576408244024173e-05    1.0559676237024175e-05    1.0564918209024174e-05    1.056700089669084e-05
7087.970557316896    9.958686214928092e-06    9.941908865228093e-06    9.947140456828094e-06    9.94924517899476e-06
7088.070557316895    9.384307985226119e-06    9.367485433326122e-06    9.372703843326122e-06    9.37483242062612e-06
7088.170557316895    8.852906209828998e-06    8.836039211029e-06    8.841241234529003e-06    8.843395551795667e-06
7088.270557316894    8.361261120926829e-06    8.344350380926831e-06    8.349532507426831e-06    8.351714669760163e-06
7088.370557316894    7.906202252428972e-06    7.889248828028974e-06    7.894407110128975e-06    7.896619396862309e-06
7088.470557316893    7.487664409130453e-06    7.470670403630456e-06    7.475800209430458e-06    7.478045007397122e-06
7088.5705573168925    7.103622428927943e-06    7.0865912094279454e-06    7.091687176427948e-06    7.0939669382612795e-06
7088.670557316892    6.750498294028905e-06    6.733433108428908e-06    6.738489439628911e-06    6.74080694736224e-06
7088.770557316891    6.424213965326708e-06    6.4071184948267105e-06    6.4121287843267135e-06    6.414487081493377e-06
7088.870557316891    6.120748930227599e-06    6.103628238027602e-06    6.1085851659276075e-06    6.110987444727603e-06
7088.97055731689    5.840204404328068e-06    5.823064947928069e-06    5.827960218628075e-06    5.830409856961404e-06
7089.07055731689    5.580216114726011e-06    5.5630642518260115e-06    5.567888841526019e-06    5.570389736026013e-06
7089.170557316889    5.339741676926246e-06    5.322585735526246e-06    5.327329429426255e-06    5.329885613959582e-06
7089.270557316889    5.116553495124359e-06    5.0994031272243585e-06    5.1040544503243684e-06    5.106670357557695e-06
7089.370557316888    4.909036388924536e-06    4.891901734124534e-06    4.8964479954245464e-06    4.899128706157872e-06
7089.470557316888    4.715095627924694e-06    4.697988559024691e-06    4.702415540324706e-06    4.705166575758031e-06
7089.570557316887    4.533870959223075e-06    4.5168064335230696e-06    4.521097890023087e-06    4.523925094256411e-06
7089.6705573168865    4.366072118422892e-06    4.349066937022884e-06    4.3532046111229045e-06    4.356114555522894e-06
7089.770557316886    4.2092787311213905e-06    4.19235110552138e-06    4.196314714721403e-06    4.199314850454725e-06
7089.870557316885    4.0624898227213606e-06    4.045660781421346e-06    4.049427190421375e-06    4.05252593152136e-06
7089.970557316885    3.922580596021631e-06    3.905874173921613e-06    3.909417310621647e-06    3.912624026854964e-06
7090.070557316884    3.7912124418203115e-06    3.774656444420288e-06    3.777946749620327e-06    3.781271878620309e-06
7090.170557316884    3.6675338558202474e-06    3.6511600681202176e-06    3.6541638621202644e-06    3.6576192620202434e-06
7090.270557316883    3.5515269910189913e-06    3.5353716256189557e-06    3.5380505062190087e-06    3.5416497076189855e-06
7090.370557316883    3.444371625618517e-06    3.4284775683184715e-06    3.4307874012185355e-06    3.434545531718508e-06
7090.470557316882    3.3411337376187787e-06    3.3255501013187225e-06    3.3274402311187985e-06    3.3313746900187667e-06
7090.570557316882    3.2443028330176136e-06    3.2290851182175466e-06    3.230497324217634e-06    3.234628425150931e-06
7090.670557316881    3.151687835617689e-06    3.1369018661176065e-06    3.137768560917711e-06    3.1421194208843355e-06
7090.7705573168805    3.0624752894170387e-06    3.048198588916942e-06    3.048441017917061e-06    3.053038298750347e-06
7090.87055731688    2.980230369916456e-06    2.9665530973163364e-06    2.9660793475164796e-06    2.97095427158309e-06
7090.970557316879    2.9021729560163283e-06    2.889201006116181e-06    2.8879031876163534e-06    2.8930923832496213e-06
7091.070557316879    2.8288231544153437e-06    2.81668125521517e-06    2.814432331215369e-06    2.819978913615294e-06
7091.170557316878    2.758247556215405e-06    2.7470843954151916e-06    2.743733837015432e-06    2.7496885962153427e-06
7091.270557316878    2.6898102016149384e-06    2.679804386714686e-06    2.6751725470149652e-06    2.6815957117815303e-06
7091.370557316877    2.6246680610148118e-06    2.6160319091145003e-06    2.6099037120148406e-06    2.6168678940480506e-06
7091.470557316877    2.5638085049143914e-06    2.556798148714007e-06    2.548915471514422e-06    2.556507375047607e-06
7091.570557316876    2.505103264813882e-06    2.5000303192134237e-06    2.490079621513913e-06    2.498404401847073e-06
7091.670557316876    2.449036560113768e-06    2.446278641813199e-06    2.4338799884138005e-06    2.4430650634469225e-06
7091.770557316875    2.3974462188126687e-06    2.3974649480119866e-06    2.3821546034127016e-06    2.392355256745786e-06
7091.8705573168745    2.3472303881127882e-06    2.3505899244119374e-06    2.331801998012823e-06    2.3432074368458494e-06
7091.970557316874    2.3006387329122887e-06    2.308029116811226e-06    2.2850721545123253e-06    2.29791333474528e-06
7092.070557316873    2.253669388112388e-06    2.265928264511104e-06    2.2379624051124257e-06    2.252520019245306e-06
7092.170557316873    2.2075629433125803e-06    2.2256949894109775e-06    2.191712603312619e-06    2.208323512012059e-06
7092.270557316872    2.164766617511677e-06    2.1899482030097536e-06    2.1487702608117165e-06    2.1678283604443825e-06
7092.370557316872    2.124790722411271e-06    2.158339447608912e-06    2.1086469298113126e-06    2.130592366610498e-06
7092.470557316871    2.0878643592107472e-06    2.131133672907918e-06    2.07157149841079e-06    2.096856510176485e-06
7092.570557316871    2.0505547935108584e-06    2.1046990176076937e-06    2.0341105447109027e-06    2.0631214519431515e-06
7092.67055731687    2.0116608006116732e-06    2.077223906608246e-06    1.9950621432117194e-06    2.027982283477213e-06
7092.77055731687    1.977523922110246e-06    2.0538685470070095e-06    1.960767694110293e-06    1.9973867210758494e-06
7092.870557316869    1.947081113309414e-06    2.0318578433068064e-06    1.930165630409463e-06    1.9697015290085613e-06
7092.9705573168685    1.9151933309101505e-06    2.004241994608791e-06    1.898116874810202e-06    1.9391840667763815e-06
7093.070557316868    1.8854007222094836e-06    1.9734230784098103e-06    1.8681599696095358e-06    1.908994590076277e-06
7093.170557316867    1.85650832880946e-06    1.9383624392114793e-06    1.8390999371095148e-06    1.8779902350434847e-06
7093.270557316867    1.8253204797102115e-06    1.8972331359134666e-06    1.8077427517102668e-06    1.843432122444648e-06
7093.370557316866    1.7982121965091223e-06    1.8582713789131113e-06    1.7804625045091802e-06    1.812315359977138e-06
7093.470557316866    1.7732910459086131e-06    1.8212033287128109e-06    1.7553668167086732e-06    1.7832870637766993e-06
7093.570557316865    1.7469253887091122e-06    1.78344446401305e-06    1.7288240212091734e-06    1.7530646246437785e-06
7093.670557316865    1.7216865571089524e-06    1.7480628901125498e-06    1.7034053743090161e-06    1.724384940510173e-06
7093.770557316864    1.6981686146083418e-06    1.7157804587114507e-06    1.6797046745084068e-06    1.6978845826093996e-06
7093.870557316864    1.6771779479076364e-06    1.6873286149103507e-06    1.6585277676077041e-06    1.6743447768085637e-06
7093.970557316863    1.6554843171080893e-06    1.659323166710443e-06    1.6366455565081596e-06    1.650484346775564e-06
7094.0705573168625    1.6350058630076362e-06    1.6335047895096276e-06    1.6159756389077076e-06    1.6281620971416571e-06
7094.170557316862    1.6164071102071045e-06    1.6103702146088371e-06    1.5971824762071789e-06    1.60798660034104e-06
7094.270557316861    1.5952856290080683e-06    1.5853714044095492e-06    1.5758631160081439e-06    1.5855067164752538e-06
7094.370557316861    1.5769318592071778e-06    1.563675527308485e-06    1.5573074213072568e-06    1.5659716026076399e-06
7094.47055731686    1.5607473734064767e-06    1.5445871653076387e-06    1.5409177391065589e-06    1.548750759273558e-06
7094.57055731686    1.54210613380746e-06    1.523401757308478e-06    1.522068766807543e-06    1.5291922193078268e-06
7094.670557316859    1.5260077861065887e-06    1.5050527518075098e-06    1.505759097006675e-06    1.5122732116402578e-06
7094.770557316859    1.5108538407062021e-06    1.4878876062070253e-06    1.4903896208062902e-06    1.4963770225731724e-06
7094.870557316858    1.4964490380060264e-06    1.4716704912067847e-06    1.4757657695061182e-06    1.4812950995729765e-06
7094.970557316858    1.4831137548057002e-06    1.4566897739064038e-06    1.4622087646057952e-06    1.4673374311059664e-06
7095.070557316857    1.4695913347057805e-06    1.4416580673064255e-06    1.448460176105877e-06    1.4532365260393608e-06
7095.1705573168565    1.4565160007057082e-06    1.427187962906317e-06    1.4351551185058083e-06    1.4396196940392778e-06
7095.270557316856    1.4418852001063873e-06    1.4112598760069536e-06    1.420291506506489e-06    1.4244788608732766e-06
7095.370557316855    1.4282757673060652e-06    1.3964332891066074e-06    1.4064452044061706e-06    1.4103847536062811e-06
7095.470557316855    1.4166295828052961e-06    1.3836348411058199e-06    1.3945569463054063e-06    1.398273790072174e-06
7095.570557316854    1.4062397835047247e-06    1.3721477216052236e-06    1.383920266804837e-06    1.387435923971595e-06
7095.670557316854    1.394925780305248e-06    1.3597870968057334e-06    1.3723569070053637e-06    1.3756899280387817e-06
7095.770557316853    1.3856429541043056e-06    1.3494958425047735e-06    1.3628197738044235e-06    1.3659861901378343e-06
7095.870557316853    1.37663522880426e-06    1.3395128877047214e-06    1.3535534250043823e-06    1.3565671805044545e-06
7095.970557316852    1.3660293276051124e-06    1.3279602107055688e-06    1.342684830905239e-06    1.3455581230719733e-06
7096.070557316852    1.3554899027050804e-06    1.3164932890055274e-06    1.3318765124052098e-06    1.3346199013719393e-06
7096.170557316851    1.346191037104567e-06    1.3062869114050126e-06    1.3223049238047008e-06    1.32492762410476e-06
7096.2705573168505    1.3390743179034952e-06    1.298278668403933e-06    1.3149113877036311e-06    1.3174214580036865e-06
7096.37055731685    1.3304888053042946e-06    1.2888096767047367e-06    1.3060424768044363e-06    1.3084469862711558e-06
7096.470557316849    1.3230071016038105e-06    1.2804542284042554e-06    1.2982731164039572e-06    1.300578148804008e-06
7096.570557316849    1.3175581831027753e-06    1.2741369342032175e-06    1.2925309839029246e-06    1.2947420337363058e-06
7096.670557316848    1.310968918703416e-06    1.2666819776038649e-06    1.2856427970035708e-06    1.2877645644369506e-06
7096.770557316848    1.304566568803319e-06    1.2594185429037654e-06    1.278937580103476e-06    1.2809742306035203e-06
7096.870557316847    1.2987942644030449e-06    1.2527810724035011e-06    1.2728549774032086e-06    1.2748101047365848e-06
7096.970557316847    1.2948725401021045e-06    1.2479926586025695e-06    1.268617652002274e-06    1.2704942835689824e-06
7097.070557316846    1.2893013314029896e-06    1.241554126803455e-06    1.2627265695031612e-06    1.2645273425698685e-06
7097.170557316846    1.2827156059035938e-06    1.2340924930040716e-06    1.2558130757037728e-06    1.257540391537146e-06
7097.270557316845    1.2777165765027279e-06    1.2282111878032093e-06    1.2504802047029102e-06    1.2521359896696158e-06
7097.3705573168445    1.2739012556021168e-06    1.2235078822026092e-06    1.2463257484023047e-06    1.2479116287356771e-06
7097.470557316844    1.272191304400964e-06    1.2209005710014703e-06    1.2442699060011592e-06    1.2457872604678645e-06
7097.570557316843    1.269431942301556e-06    1.217231323002069e-06    1.2411567951017555e-06    1.2426066868017934e-06
7097.670557316843    1.2645261190028108e-06    1.2114044040033388e-06    1.2358903352030176e-06    1.2372736194030559e-06
7097.770557316842    1.2614646738017541e-06    1.2074095897022888e-06    1.232461218701965e-06    1.2337784940686692e-06
7097.870557316842    1.2590185066014238e-06    1.2040192232019733e-06    1.2296414786016413e-06    1.230893069468346e-06
7097.970557316841    1.2572914845010209e-06    1.2013306820015894e-06    1.2275319607012471e-06    1.2287180424012859e-06
7098.070557316841    1.2539273640019888e-06    1.1969887598025668e-06    1.2237772209022197e-06    1.2248977815689252e-06
7098.17055731684    1.2526839110007465e-06    1.1947552838013407e-06    1.2221374628009843e-06    1.2231922192010238e-06
7098.27055731684    1.2522017706002894e-06    1.193264041300895e-06    1.2212498934005328e-06    1.2222385684339058e-06
7098.370557316839    1.2520386047000995e-06    1.1920736541007253e-06    1.2206729413003515e-06    1.2215950667003922e-06
7098.4705573168385    1.251590473900277e-06    1.1905785837009246e-06    1.2198023598005386e-06    1.2206571391339134e-06
7098.570557316838    1.2483948706019764e-06    1.186316309602636e-06    1.216175778702243e-06    1.2169623196356183e-06
7098.670557316837    1.2491220154995436e-06    1.185953038400228e-06    1.2164615305998206e-06    1.2171788614998638e-06
7098.770557316837    1.2521057896981277e-06    1.187825624998825e-06    1.2189952782984098e-06    1.219642230998454e-06
7098.870557316836    1.2519649498000896e-06    1.1865548314008092e-06    1.218397039900381e-06    1.2189722737004264e-06
7098.970557316836    1.2515516370002668e-06    1.184983011601015e-06    1.2175142765005701e-06    1.218016308367284e-06
7099.070557316835    1.2517740917998563e-06    1.18402294600062e-06    1.2172575242001658e-06    1.217684854000214e-06
7099.170557316835    1.254376351398296e-06    1.1854183794990862e-06    1.219371065498616e-06    1.2197219321319994e-06
7099.270557316834    1.256882499998359e-06    1.1866916670991663e-06    1.2213787326986855e-06    1.221650966598737e-06
7099.370557316834    1.2583771320990077e-06    1.1869214347998476e-06    1.2223616717993474e-06    1.222553412899401e-06
7099.470557316833    1.2594280997992928e-06    1.1866759460001652e-06    1.2228878530996459e-06    1.2229972996330345e-06
7099.5705573168325    1.2617018484984696e-06    1.1876259663993606e-06    1.2246268682988296e-06    1.2246515610655532e-06
7099.670557316832    1.2656027798973391e-06    1.190175193198261e-06    1.2279832797977104e-06    1.2279204176311033e-06
7099.770557316831    1.2690445751976522e-06    1.192229175698599e-06    1.2308667576980332e-06    1.2307135028647613e-06
7099.870557316831    1.272491870497617e-06    1.1942526017986014e-06    1.233741595698013e-06    1.2334953559980773e-06
7099.97055731683    1.2779146299962023e-06    1.1982189713972224e-06    1.2385803653966114e-06    1.2382379889300121e-06
7100.07055731683    1.2821106869970615e-06    1.2009226804981065e-06    1.2421794851974795e-06    1.241737617564216e-06
7100.170557316829    1.286387303096966e-06    1.2036681149980525e-06    1.2458443981974e-06    1.2452999387641395e-06
7100.270557316829    1.291064645896682e-06    1.2067709059977987e-06    1.2498934851971275e-06    1.2492430123638693e-06
7100.370557316828    1.2964098982961592e-06    1.2105016074973196e-06    1.2545965312966208e-06    1.2538360123633667e-06
7100.470557316828    1.3034902354948484e-06    1.2159251970960539e-06    1.2610194014953267e-06    1.2601449446954098e-06
7100.570557316827    1.3078502508968276e-06    1.2185877122980628e-06    1.2647078607973164e-06    1.263715274664069e-06
7100.6705573168265    1.3142169469953098e-06    1.2232061059965976e-06    1.2703840365958185e-06    1.2692690298625752e-06
7100.770557316826    1.3225785048938402e-06    1.2297710872951636e-06    1.2780374311943617e-06    1.2767956744611217e-06
7100.870557316825    1.3282813332957468e-06    1.233633969597119e-06    1.2830180587962856e-06    1.281644453896384e-06
7100.970557316825    1.3353212806946857e-06    1.238778972096116e-06    1.2893159966952458e-06    1.2878054164953492e-06
7101.070557316824    1.3437058996936705e-06    1.245211749995144e-06    1.296938326894246e-06    1.2952853255276868e-06
7101.170557316824    1.352225793193491e-06    1.2517272323950224e-06    1.3046781083940871e-06    1.302877044660867e-06
7101.270557316823    1.3617870611926953e-06    1.2592220052942743e-06    1.3134370331933083e-06    1.3114820332267592e-06
7101.370557316823    1.3717095658923293e-06    1.2670203927939712e-06    1.3225375778929645e-06    1.3204225121930886e-06
7101.470557316822    1.3811840911925892e-06    1.2743106457942977e-06    1.331170117693248e-06    1.3288882848933783e-06
7101.570557316822    1.3899741299931246e-06    1.2808477492948869e-06    1.3390939413938023e-06    1.336638606893938e-06
7101.670557316821    1.4002560877918642e-06    1.2888080361937012e-06    1.3484859379925685e-06    1.3458500206593777e-06
7101.7705573168205    1.4115822273910382e-06    1.297737906692934e-06    1.3588963821917626e-06    1.3560721720919116e-06
7101.87055731682    1.421404199492139e-06    1.305095859894111e-06    1.3677802720928897e-06    1.3647601104930464e-06
7101.970557316819    1.4338480032899272e-06    1.3149978968919847e-06    1.3792603609907074e-06    1.376035420390873e-06
7102.070557316819    1.4463060727899159e-06    1.3248322511920395e-06    1.3907267744907184e-06    1.387288366157558e-06
7102.170557316818    1.4581765863902834e-06    1.333998593892497e-06    1.401579085691117e-06    1.3979180886579658e-06
7102.270557316818    1.4713209437892408e-06    1.3443465139915296e-06    1.4136740468900997e-06    1.4097805015569567e-06
7102.370557316817    1.4840374528894755e-06    1.354172131191868e-06    1.4253094547903702e-06    1.4211730129572378e-06
7102.470557316817    1.497675894888588e-06    1.3648316732910808e-06    1.4378390449895162e-06    1.4334488710563953e-06
7102.570557316816    1.5149771881855235e-06    1.3790594273880952e-06    1.4540002067864774e-06    1.4493456074533653e-06
7102.670557316816    1.5288930184882295e-06    1.3897877288909257e-06    1.4667378262892262e-06    1.4618061912227936e-06
7102.770557316815    1.542094140588834e-06    1.3996961221916192e-06    1.4787272225898591e-06    1.4735058284567707e-06
7102.8705573168145    1.5598889729847867e-06    1.4140881957876957e-06    1.4952745530858534e-06    1.4897505739527787e-06
7102.970557316814    1.578199646184179e-06    1.4288728240872256e-06    1.512297346285292e-06    1.506456605518899e-06
7103.070557316813    1.5953631715851703e-06    1.4423860489883243e-06    1.5281338993863168e-06    1.5219610399866039e-06
7103.170557316813    1.6134023090842498e-06    1.4566403389875544e-06    1.544801710685447e-06    1.5382814529190835e-06
7103.270557316812    1.6317994341839373e-06    1.4711260850873522e-06    1.5617883810851686e-06    1.5549046334521527e-06
7103.370557316812    1.6529179173813691e-06    1.488188938184947e-06    1.5814506640826539e-06    1.5741858398829902e-06
7103.470557316811    1.6733775265817642e-06    1.5044418216855139e-06    1.6004066753831045e-06    1.592742007883461e-06
7103.570557316811    1.6924306946830178e-06    1.519136088286903e-06    1.6179089396844002e-06    1.6098252408847737e-06
7103.67055731681    1.7159127932788569e-06    1.5380855832829379e-06    1.6397831950803043e-06    1.6312605238807e-06
7103.77055731681    1.738332645679813e-06    1.5557957582840538e-06    1.66054070098131e-06    1.651556368315059e-06
7103.870557316809    1.7621845042783068e-06    1.574765639582747e-06    1.6826775784798666e-06    1.6732092407803068e-06
7103.9705573168085    1.7859121219782042e-06    1.5934198804828642e-06    1.7046312456798336e-06    1.6946544160469674e-06
7104.070557316808    1.8094778669783529e-06    1.6117124179831967e-06    1.7263618136800387e-06    1.715850699547196e-06
7104.170557316807    1.8359014589754873e-06    1.6326373733805884e-06    1.7508783086772563e-06    1.739805713677777e-06
7104.270557316807    1.8655004441725416e-06    1.6565131696778508e-06    1.7785017085743744e-06    1.7668384408082554e-06
7104.370557316806    1.8937209193735637e-06    1.6787912008791304e-06    1.804683031075474e-06    1.792398383776056e-06
7104.470557316806    1.9193060798758e-06    1.698174405181666e-06    1.8281496104778035e-06    1.81521003184509e-06
7104.570557316805    1.9495757418713685e-06    1.7219752753774874e-06    1.8562180604734507e-06    1.8425896925741022e-06
7104.670557316805    1.9820674748689715e-06    1.7477285943754065e-06    1.8864302307711483e-06    1.8720754333385086e-06
7104.770557316804    2.015680393867901e-06    1.7743019802746234e-06    1.917672153670165e-06    1.9025515092708964e-06
7104.870557316804    2.0502150488667064e-06    1.8014928851737863e-06    1.9497453053690794e-06    1.9338177464698575e-06
7104.970557316803    2.0825743696685096e-06    1.8261892144759665e-06    1.9795498313709956e-06    1.962771138505157e-06
7105.0705573168025    2.1197516973638206e-06    1.8553460845716256e-06    2.0140666379664094e-06    1.9963881399672853e-06
7105.170557316802    2.1588896595615567e-06    1.8860972067697946e-06    2.0504372423642747e-06    2.031808036231875e-06
7105.270557316801    2.197461122862113e-06    1.9158833506707426e-06    2.0861230712649474e-06    2.066489181599268e-06
7105.370557316801    2.238085724859727e-06    1.9472988895688564e-06    2.123736479262712e-06    2.103040364563765e-06
7105.4705573168    2.280323102457744e-06    1.9798996764673847e-06    2.1628415715608777e-06    2.1410214501620023e-06
7105.5705573168    2.3261173034541852e-06    2.015581729364302e-06    2.205367878957455e-06    2.1823556372586474e-06
7105.670557316799    2.372244833553432e-06    2.0510835647641595e-06    2.248078776056882e-06    2.2238023914581577e-06
7105.770557316799    2.4199255737518644e-06    2.0876026485631325e-06    2.292186864555471e-06    2.26657169562349e-06
7105.870557316798    2.4692460397497604e-06    2.1252072189616947e-06    2.337775724353562e-06    2.3107429943550055e-06
7105.970557316798    2.5198108752480334e-06    2.1634251217607223e-06    2.3844303300520516e-06    2.355888775686936e-06
7106.070557316797    2.5741056548441996e-06    2.2047369848575427e-06    2.434641595548397e-06    2.4044947450833793e-06
7106.1705573167965    2.632960352838978e-06    2.2499151365531584e-06    2.4892139774434184e-06    2.4573631556118515e-06
7106.270557316796    2.6915320007392717e-06    2.294046936954243e-06    2.5432884691439345e-06    2.5096224689458163e-06
7106.370557316795    2.7526343682360917e-06    2.3399232520520175e-06    2.5996748349410246e-06    2.5640774850763783e-06
7106.470557316795    2.819551897829401e-06    2.3907241847464045e-06    2.661632350234634e-06    2.62396947760348e-06
7106.570557316794    2.8865909317292728e-06    2.440727174947246e-06    2.723448646334783e-06    2.683588917670434e-06
7106.670557316794    2.956659803325439e-06    2.4927894227446e-06    2.788032915131275e-06    2.7458273804004376e-06
7106.770557316793    3.0317637334200813e-06    2.548754319440447e-06    2.8573448003262445e-06    2.812620951062257e-06
7106.870557316793    3.1088272688172953e-06    2.6055453570390516e-06    2.928306673923843e-06    2.88089309992673e-06
7106.970557316792    3.1893995608127967e-06    2.664547794836142e-06    3.002415791219792e-06    2.9521210489562436e-06
7107.070557316792    3.2742158096082035e-06    2.7264496329330037e-06    3.0804019425155956e-06    3.0270224616856012e-06
7107.170557316791    3.361472886504768e-06    2.7893100245313947e-06    3.1604469221126397e-06    3.1037432777162674e-06
7107.2705573167905    3.4564711312963195e-06    2.8582720803247352e-06    3.2477743298046915e-06    3.1875058471419154e-06
7107.37055731679    3.5580073998882605e-06    2.932063596018793e-06    3.341181682397206e-06    3.27708422610142e-06
7107.470557316789    3.661985995184627e-06    3.0063189158176075e-06    3.4365145352942202e-06    3.368273148765485e-06
7107.570557316789    3.7716356594783346e-06    3.0841794963136074e-06    3.536958498388549e-06    3.46425788472683e-06
7107.670557316788    3.889319765968349e-06    3.167788108206469e-06    3.644832126979324e-06    3.5673133337180473e-06
7107.770557316788    4.013883702360653e-06    3.2557558515015924e-06    3.758935316872355e-06    3.6761916235781998e-06
7107.870557316787    4.142628420554805e-06    3.3451145657992236e-06    3.8764570273674625e-06    3.788066671240497e-06
7107.970557316787    4.280845050342866e-06    3.440913643591089e-06    4.002679674056502e-06    3.908146122663485e-06
7108.070557316786    4.429039271331523e-06    3.54331783988358e-06    4.137981682946179e-06    4.03677959805376e-06
7108.170557316786    4.583325772223194e-06    3.6481000301799235e-06    4.27843115573905e-06    4.169952319380723e-06
7108.270557316785    4.7473316580120555e-06    3.758422853273574e-06    4.4274760632292e-06    4.31107685817161e-06
7108.3705573167845    4.922566469497594e-06    3.8753815436649055e-06    4.586591425016212e-06    4.4615131460595706e-06
7108.470557316784    5.110855719280802e-06    4.000228374054659e-06    4.757389091801165e-06    4.622824395045541e-06
7108.570557316783    5.314268649463196e-06    4.1344308468437685e-06    4.941822242085292e-06    4.7968405794640854e-06
7108.670557316783    5.530580149746213e-06    4.275084987034978e-06    5.137496418870425e-06    4.981053851883872e-06
7108.770557316782    5.759537760231377e-06    4.421101048528687e-06    5.343927094657805e-06    5.174855301139288e-06
7108.870557316782    6.008623749005495e-06    4.57894044841338e-06    5.568379939634619e-06    5.385314712351165e-06
7108.970557316781    6.279929573876756e-06    4.7496148769966516e-06    5.812638274908981e-06    5.614060908594129e-06
7109.070557316781    6.572330301851623e-06    4.930803526184125e-06    6.075306493687047e-06    5.859480107240933e-06
7109.17055731678    6.888251578420726e-06    5.123120641569116e-06    6.3582087265603666e-06    6.1231936488500695e-06
7109.27055731678    7.232095418887204e-06    5.3290430269527835e-06    6.665552086331024e-06    6.408896844057004e-06
7109.370557316779    7.608684948644466e-06    5.552171964030097e-06    7.001477010593656e-06    6.72077797442274e-06
7109.4705573167785    8.02142004139699e-06    5.793479903105912e-06    7.368895240452219e-06    7.061265061651706e-06
7109.570557316778    8.473785259548692e-06    6.052042430184884e-06    7.770060635011091e-06    7.431962774914889e-06
7109.670557316777    8.971167777789304e-06    6.330250081758412e-06    8.209870391559994e-06    7.83709608370257e-06
7109.770557316777    9.524092875421108e-06    6.63361721902752e-06    8.69718895540166e-06    8.284966349950097e-06
7109.870557316776    1.0140745268237256e-05    6.965170108589898e-06    9.239237855729534e-06    8.781717744185562e-06
7109.970557316776    1.0832687015137836e-05    7.3294536434461e-06    9.845562912544514e-06    9.33590119037615e-06
7110.070557316775    1.1613616171026956e-05    7.731404105799166e-06    1.0526918708151026e-05    9.957312994992383e-06
7110.170557316775    1.2501708274885354e-05    8.178931779238308e-06    1.1299945967029772e-05    1.0660195340384476e-05
7110.270557316774    1.3551866671681943e-05    8.705738961438803e-06    1.2210931889856619e-05    1.1489512507659123e-05
7110.370557316774    1.4647301232615153e-05    9.20650579586693e-06    1.3151980127810329e-05    1.2335262385430806e-05
7110.470557316773    1.5859765668456177e-05    9.734637831427534e-06    1.4191535515676342e-05    1.3261979671853349e-05
7110.5705573167725    1.7311044495152098e-05    1.0362523897200517e-05    1.543207539042043e-05    1.4368547927591015e-05
7110.670557316772    1.9005753804826727e-05    1.1079020985081172e-05    1.687482972314983e-05    1.5653201504352576e-05
7110.770557316771    2.0977862986470993e-05    1.1893781218955162e-05    1.854840867585382e-05    1.7140017627093326e-05
7110.870557316771    2.326444283104692e-05    1.282011877680365e-05    2.048474175949926e-05    1.8856434455783277e-05
7110.97055731677    2.5893394020580846e-05    1.3873767429629648e-05    2.271054473110517e-05    2.0825902060438554e-05
7111.07055731677    2.887587015612106e-05    1.5070831695443125e-05    2.524361907270554e-05    2.3063440308089908e-05
7111.170557316769    3.218646368966421e-05    1.642749206122322e-05    2.8076055073290438e-05    2.556333694139262e-05
7111.270557316769    3.575171918033069e-05    1.7953474278001464e-05    3.116455827695507e-05    2.828991724509574e-05
7111.370557316768    3.945186072912037e-05    1.965075464376168e-05    3.442913919669478e-05    3.117725152319228e-05
7111.470557316768    4.314066874610177e-05    2.1522351706514777e-05    3.776645273956851e-05    3.4143157730728355e-05
7111.570557316767    4.667410119730809e-05    2.3558995929295617e-05    4.106244585762337e-05    3.70985143280757e-05
7111.6705573167665    4.9938525488635606e-05    2.5746630165075226e-05    4.4217145790782306e-05    3.996743381483105e-05
7111.770557316766    5.2867667411083865e-05    2.806578329489939e-05    4.7157882332068366e-05    4.269711101268388e-05
7111.870557316765    5.544680634552834e-05    3.0499445789724163e-05    4.98470777583802e-05    4.5264443297877565e-05
7111.970557316765    5.76504107010138e-05    3.296816631765452e-05    5.223872561275897e-05    4.7619100877142434e-05
7112.070557316764    5.9776669121118605e-05    3.569346621930681e-05    5.459429698480785e-05    5.002147744174442e-05
7112.170557316764    6.175749487729768e-05    3.8493063802180674e-05    5.6803512319986095e-05    5.235135699982148e-05
7112.270557316763    6.35453731995609e-05    4.128323494619353e-05    5.8825406824241646e-05    5.455133832333202e-05
7112.370557316763    6.52465503096637e-05    4.409580393813739e-05    6.074983283635711e-05    5.6697395694719405e-05
7112.470557316762    6.691177396969794e-05    4.692759099408525e-05    6.261975346641497e-05    5.8819706143399376e-05
7112.570557316762    6.857872530769556e-05    4.9774057723064957e-05    6.44688105884438e-05    6.094053120640143e-05
7112.670557316761    7.027469680064e-05    5.263311806002154e-05    6.63233243924194e-05    6.307704641769366e-05
7112.7705573167605    7.202012599257119e-05    5.5504661538004175e-05    6.820353714338363e-05    6.524277489131966e-05
7112.87055731676    7.382873458146683e-05    5.839042465695813e-05    7.012419131330989e-05    6.744778351724496e-05
7112.970557316759    7.571085656234675e-05    6.129445409790613e-05    7.209693489821899e-05    6.970074851949061e-05
7113.070557316759    7.767109009923662e-05    6.422044523487518e-05    7.412782400413702e-05    7.200645311274962e-05
7113.170557316758    7.971351676410219e-05    6.717511224880788e-05    7.622230373002833e-05    7.437031091431279e-05
7113.270557316758    8.183394242999151e-05    7.016186569576236e-05    7.837746446094224e-05    7.679109086223204e-05
7113.370557316757    8.403855851185203e-05    7.318338873268555e-05    8.060042368982583e-05    7.92741236447878e-05
7113.470557316757    8.632146917071945e-05    7.624849253059544e-05    8.288673855171456e-05    8.181890008434315e-05
7113.570557316756    8.867772320761407e-05    7.935971482252917e-05    8.523225450362949e-05    8.442323084459091e-05
7113.670557316756    9.110240513249367e-05    8.252034645642943e-05    8.763295719552836e-05    8.708523626148382e-05
7113.770557316755    9.358719277540675e-05    8.573029975935809e-05    9.008135376945939e-05    8.97996154347414e-05
7113.8705573167545    9.612406842330836e-05    8.898949157925725e-05    9.25702393573782e-05    9.256126645331462e-05
7113.970557316754    9.870289158522385e-05    9.229515173115956e-05    9.509042733830973e-05    9.536282355156439e-05
7114.070557316753    0.0001013141306761764    9.564418248109606e-05    9.763321136927663e-05    9.819717484218303e-05
7114.170557316753    0.00010394371865612562    9.90281648430141e-05    0.00010018561496623934    0.00010105249948845967
7114.270557316752    0.00010657537981612255    0.00010243504435498036    0.00010273243417624756    0.0001039142861157835
7114.370557316752    0.00010920230411610565    0.0001058611404149209    0.00010526803357624103    0.0001067771593690892
7114.470557316751    0.00011180074528612423    0.00010928479037489337    0.00010776993352626824    0.00010961848972909528
7114.570557316751    0.0001143654169561746    0.00011270173844490339    0.00011023428035632426    0.00011243381191913407
7114.67055731675    0.00011686443428624981    0.00011607890547493201    0.00011263109775640318    0.00011519147917252833
7114.77055731675    0.00011929313497635533    0.00011940866453500315    0.00011495702868650957    0.00011788627606595601
7114.870557316749    0.00012162348190648173    0.0001226592479750924    0.00011718588107663496    0.0001204895369860697
7114.970557316748    0.0001238386488266355    0.00012580819159521722    0.00011930240061678531    0.00012298308034621269
7115.070557316748    0.00012592497015683117    0.00012883552574540193    0.0001212947566369739    0.0001253517508464023
7115.170557316747    0.00012785789156704658    0.000131709298115609    0.00012313991714718069    0.00012756903560994542
7115.270557316747    0.00012961264488731882    0.0001343951833458961    0.00012481515143744032    0.0001296076598902184
7115.370557316746    0.00013117529830759814    0.00013687001406619608    0.0001263075668677061    0.00013145095974716677
7115.470557316746    0.00013251825206792362    0.00013909602416655828    0.00012759142400801498    0.00013306856674749897
7115.570557316745    0.00013362017742829627    0.00014104069100699326    0.00012864657994836857    0.00013443581612788605
7115.670557316745    0.00013445699096869854    0.00014266980650746633    0.00012945009804875035    0.0001355256318416384
7115.770557316744    0.0001350006946691544    0.0001439458382380155    0.00012997525986918325    0.00013630726425878435
7115.8705573167435    0.0001352201545096567    0.0001448268389486218    0.00013019252325966013    0.0001367465055726462
7115.970557316743    0.00013507612588022663    0.00014526407124931204    0.00013006386536020242    0.00013680135416324702
7116.070557316742    0.00013452634710086502    0.0001452065621300905    0.0001295485600308108    0.00013642715642058875
7116.170557316742    0.00013352525553158423    0.00014460058698095897    0.0001286030373314963    0.0001355762932813465
7116.270557316741    0.00013200252887240975    0.00014336713340195196    0.00012715922669228485    0.0001341762963222155
7116.370557316741    0.00012989629310335233    0.00014143642557307295    0.000125157472783186    0.00013216339715320377
7116.47055731674    0.00012711141914445779    0.0001387039584643739    0.00012250518353424555    0.00012944018704769242
7116.57055731674    0.00012356243105039836    0.0001350749879045216    0.00011911877916136202    0.00012591873270542732
7116.670557316739    0.0001191395750139628    0.00013042935679115326    0.00011489019627536873    0.00012148637602682827
7116.770557316739    0.0001137626150117758    0.00012467795569471313    0.00010973940597355944    0.0001160599922266828
7116.870557316738    0.00010738818024262987    0.0001177745680121704    0.00010362140308528598    0.00010959471711336207
7116.9705573167375    0.00010005439005205325    0.00010976417009613495    9.65702602597998e-05    0.00010212960680266267
7117.070557316737    9.193892137590069e-05    0.00010084852571926083    8.875588406008097e-05    9.38477770517475e-05
7117.170557316736    8.336244196395712e-05    9.139179024347221e-05    8.048725081710027e-05    8.508049434150987e-05
7117.270557316736    7.47098689479882e-05    8.182722466708439e-05    7.213840546737088e-05    7.62251663608145e-05
7117.370557316735    6.641457759321664e-05    7.264446177191623e-05    6.412898452798582e-05    6.772934129770623e-05
7117.470557316735    5.878750733572176e-05    6.419700685519252e-05    5.6761852662310794e-05    5.9915455617741694e-05
7117.570557316734    5.199790720815887e-05    5.667756432132399e-05    5.02022196697867e-05    5.295923039975652e-05
7117.670557316734    4.608530111160378e-05    5.013257706236864e-05    4.4489344013352866e-05    4.6902407395775093e-05
7117.770557316733    4.100265251128404e-05    4.451080806792064e-05    3.957835098150066e-05    4.1697270520235116e-05
7117.870557316733    3.665968408814451e-05    3.971210873662498e-05    3.53822614988355e-05    3.725135144120166e-05
7117.970557316732    3.2953154270183604e-05    3.5621518502046714e-05    3.1801391082274755e-05    3.345868795150169e-05
7118.0705573167315    2.9783633610207845e-05    3.212817569990125e-05    2.8739653792690844e-05    3.021715436759998e-05
7118.170557316731    2.7062877934820626e-05    2.913364544841526e-05    2.6111738746811674e-05    2.743608737668252e-05
7118.27055731673    2.471586879308695e-05    2.6554242958199458e-05    2.384510748783714e-05    2.503840641304118e-05
7118.37055731673    2.268027675213317e-05    2.4320452580929125e-05    2.1879486533023063e-05    2.2960071955361785e-05
7118.470557316729    2.0904906334641088e-05    2.2375196881896608e-05    2.0165368590160808e-05    2.1148490602232835e-05
7118.570557316729    1.9347902524772588e-05    2.0671833956931438e-05    1.866228001250551e-05    1.956067216473651e-05
7118.670557316728    1.7975063501207168e-05    1.9172271376441662e-05    1.733714956281274e-05    1.8161494813487192e-05
7118.770557316728    1.675838354910258e-05    1.7845336804369143e-05    1.6162899181300526e-05    1.692220651159075e-05
7118.870557316727    1.5674847472929767e-05    1.6665429725007295e-05    1.5117277801489961e-05    1.581918499980901e-05
7118.970557316727    1.4705455379498506e-05    1.5611430875027237e-05    1.4181917921229834e-05    1.4832934725251859e-05
7119.070557316726    1.3834442920821954e-05    1.4665830400328367e-05    1.3341581246565749e-05    1.3947284855905357e-05
7119.1705573167255    1.304866107110421e-05    1.381403456602347e-05    1.2583558690728036e-05    1.314875144261857e-05
7119.270557316725    1.2337083456720071e-05    1.3043815194415345e-05    1.1897193771112084e-05    1.2426030807415832e-05
7119.370557316724    1.1690414544133729e-05    1.2344871962907617e-05    1.1273503596199847e-05    1.1769596701080398e-05
7119.470557316724    1.1100777195929696e-05    1.1708483497037371e-05    1.070487665558957e-05    1.1171379116185545e-05
7119.570557316723    1.0561462593749147e-05    1.11272282154056e-05    1.0184830931934371e-05    1.0624507247029706e-05
7119.670557316723    1.0066729210295859e-05    1.0594760018683105e-05    9.707819487747903e-06    1.0123102905575623e-05
7119.770557316722    9.611640455036425e-06    1.0105627220610216e-05    9.26907344840453e-06    9.662113708017059e-06
7119.870557316722    9.191932912359103e-06    9.655125657552106e-06    8.864474593599612e-06    9.237177721170272e-06
7119.970557316721    8.8039088842012e-06    9.239178949327943e-06    8.490451448975894e-06    8.844513094168346e-06
7120.070557316721    8.444348314814524e-06    8.854240410073536e-06    8.143894130390174e-06    8.480827618426077e-06
7120.17055731672    8.110436254273864e-06    8.497212302950233e-06    7.822084215621466e-06    8.143244257615187e-06
7120.2705573167195    7.799702833081433e-06    8.165379056149503e-06    7.522636715975266e-06    7.829239535068735e-06
7120.370557316719    7.5099733589423015e-06    7.85635177036651e-06    7.243451836659871e-06    7.536592321989561e-06
7120.470557316718    7.239326641485459e-06    7.5680219008225135e-06    6.9826746939066646e-06    7.263341078738211e-06
7120.570557316718    6.986060037742169e-06    7.2985224290416524e-06    6.73866152994925e-06    7.007747998911024e-06
7120.670557316717    6.748660009253241e-06    7.046195176058649e-06    6.509951257530456e-06    6.768268814280783e-06
7120.770557316717    6.525777222173603e-06    6.8095631747235834e-06    6.295241396806736e-06    6.5435272645679745e-06
7120.870557316716    6.316205407155899e-06    6.587307225784402e-06    6.093367646332362e-06    6.332293426424222e-06
7120.970557316716    6.11886334276634e-06    6.378245931403708e-06    5.9032864745746896e-06    6.133465249581579e-06
7121.070557316715    5.932779447169832e-06    6.181318626542939e-06    5.7240602313998345e-06    5.946052768370868e-06
7121.170557316715    5.7570785519357e-06    5.995570738668407e-06    5.554844369978179e-06    5.769164553527427e-06
7121.270557316714    5.590970513941586e-06    5.82014118775539e-06    5.394876443988123e-06    5.6019960485617e-06
7121.3705573167135    5.4337403757616925e-06    5.654251507175672e-06    5.24346660280477e-06    5.443819495247377e-06
7121.470557316713    5.284739839878849e-06    5.497196421410279e-06    5.0999893549115316e-06    5.293975205400221e-06
7121.570557316712    5.1433798569736774e-06    5.348335662038008e-06    4.963876409189704e-06    5.15186397606713e-06
7121.670557316712    5.009124166529037e-06    5.207086837540122e-06    4.8346104357227445e-06    5.0169404799306344e-06
7121.770557316711    4.881483650533213e-06    5.072919205003675e-06    4.711719611899335e-06    4.888707489145408e-06
7121.870557316711    4.760011384571089e-06    4.945348215612224e-06    4.594772843604893e-06    4.766710814596068e-06
7121.97055731671    4.644298290533513e-06    4.8239307239556576e-06    4.483375566230578e-06    4.650534860239916e-06
7122.07055731671    4.5339693064090665e-06    4.708260772021541e-06    4.377166046465373e-06    4.5397987082986605e-06
7122.170557316709    4.428680005687552e-06    4.597965868298777e-06    4.275812117199436e-06    4.434152663728589e-06
