4.940972378250399743e+03 4.400360371899999807e-04 4.398438584699999854e-04 4.407271656100000216e-04 4.402023537566666987e-04
4.941072378250399197e+03 3.867683475204844565e-04 3.866040475104841811e-04 3.873585499204854239e-04 3.869103149838180205e-04
4.941172378250398651e+03 3.398401044604267983e-04 3.396993029904265865e-04 3.403442185704276188e-04 3.399612086737603526e-04
4.941272378250398106e+03 2.986382878607494475e-04 2.985172965707490666e-04 2.990690468907508366e-04 2.987415437740830989e-04
4.941372378250397560e+03 2.627528908109791209e-04 2.626485374909786285e-04 2.631214039009808071e-04 2.628409440676461855e-04
4.941472378250397014e+03 2.317152034308468341e-04 2.316247870808464519e-04 2.320311124808483133e-04 2.317903676641805150e-04
4.941572378250396469e+03 2.050143655309713759e-04 2.049355901209709444e-04 2.052859407609729854e-04 2.050786321376384623e-04
4.941672378250395923e+03 1.820615585008350339e-04 1.819925325808346734e-04 1.822956884308363874e-04 1.821165931708353830e-04
4.941772378250395377e+03 1.623389702808968776e-04 1.622781222708964992e-04 1.625414415308983106e-04 1.623861780275638958e-04
4.941872378250394831e+03 1.453550198209268077e-04 1.453010441909264141e-04 1.455307119909282621e-04 1.453955920009271613e-04
4.941972378250394286e+03 1.306947404307999983e-04 1.306465702007996853e-04 1.308476142208012442e-04 1.307296416174670030e-04
4.942072378250393740e+03 1.180389077508057268e-04 1.179956774408054084e-04 1.181722490308069685e-04 1.180689447408060481e-04
4.942172378250393194e+03 1.070337602307006334e-04 1.069947457707003612e-04 1.071503121207017096e-04 1.070596060407009059e-04
4.942272378250392649e+03 9.741701420369971868e-05 9.738161143269944201e-05 9.751907189470076327e-05 9.743923251036664583e-05
4.942372378250392103e+03 8.898865140968991090e-05 8.895636821168964755e-05 8.907811531669093262e-05 8.900771164602349250e-05
4.942472378250391557e+03 8.159862316060490536e-05 8.156905009960468587e-05 8.167706241560581651e-05 8.161491189193848732e-05
4.942572378250391012e+03 7.506481910359424903e-05 7.503761182059403157e-05 7.513357513059512648e-05 7.507866868492779784e-05
4.942672378250390466e+03 6.926798516752722713e-05 6.924284703552703081e-05 6.932818766352799838e-05 6.927967328886075211e-05
4.942772378250389920e+03 6.410068615551696631e-05 6.407736830651677138e-05 6.415332456851772656e-05 6.411045967685049260e-05
4.942872378250389374e+03 5.948734664350349455e-05 5.946564370650332334e-05 5.953320939250423839e-05 5.949539991417035435e-05
4.942972378250388829e+03 5.536377747745004681e-05 5.534351554044989103e-05 5.540357041945071263e-05 5.537028781245020327e-05
4.943072378250388283e+03 5.161863120244280449e-05 5.159965383044265306e-05 5.165296378144345284e-05 5.162374960477631250e-05
4.943172378250387737e+03 4.825144103439811880e-05 4.823362474439797599e-05 4.828079559539870993e-05 4.825528712473159480e-05
4.943272378250387192e+03 4.521653107838642926e-05 4.519975721338629802e-05 4.524138750838700788e-05 4.521922526671991172e-05
4.943372378250386646e+03 4.244412947637822277e-05 4.242829339037809428e-05 4.246488371137877840e-05 4.244576885937836289e-05
4.943472378250386100e+03 3.992064763034426091e-05 3.990566800334414597e-05 3.993762593134477418e-05 3.992131385501106487e-05
4.943572378250385555e+03 3.764508241633113435e-05 3.763088247733102794e-05 3.765860511233164523e-05 3.764485666866460251e-05
4.943672378250385009e+03 3.552873261830796802e-05 3.551524912130786667e-05 3.553906489430843252e-05 3.552768221130808907e-05
4.943772378250384463e+03 3.358083920330117063e-05 3.356801865130107224e-05 3.358818298730163260e-05 3.357901361396795623e-05
4.943872378250383917e+03 3.181346960628933594e-05 3.180125951828923278e-05 3.181803830128978526e-05 3.181092247528945584e-05
4.943972378250383372e+03 3.017990409026743021e-05 3.016825797126733690e-05 3.018189907826785052e-05 3.017668704660087255e-05
4.944072378250382826e+03 2.866179634726233558e-05 2.865067566426224627e-05 2.866134352126275484e-05 2.865793851092910771e-05
4.944172378250382280e+03 2.726040157524216526e-05 2.724977952424208140e-05 2.725762518324257086e-05 2.725593542757560132e-05
4.944272378250381735e+03 2.594571890923914230e-05 2.593556140323905661e-05 2.594076288323953671e-05 2.594068106523924182e-05
4.944372378250381189e+03 2.472693947423277672e-05 2.471721365423269694e-05 2.471993448423317081e-05 2.472136253756621708e-05
4.944472378250380643e+03 2.362055987021131266e-05 2.361124444421123229e-05 2.361159621621168714e-05 2.361446684354473951e-05
4.944572378250380098e+03 2.259516442120517308e-05 2.258623574920509361e-05 2.258433558620554529e-05 2.258857858553860512e-05
4.944672378250379552e+03 2.161859506719540118e-05 2.161004140019532582e-05 2.160596496819575978e-05 2.161153381186216226e-05
4.944772378250379006e+03 2.070141028319186127e-05 2.069321716319178354e-05 2.068702802019222554e-05 2.069388515552529238e-05
4.944872378250378461e+03 1.983876822918829411e-05 1.983092130818822253e-05 1.982269165618866322e-05 1.983079373118839216e-05
4.944972378250377915e+03 1.904897273617239435e-05 1.904146179317232497e-05 1.903124548317275822e-05 1.904056000417249364e-05
4.945072378250377369e+03 1.830467882716923275e-05 1.829749233416915849e-05 1.828536198616959404e-05 1.829584438250265950e-05
4.945172378250376823e+03 1.760508807515906882e-05 1.759820503215899905e-05 1.758425734315941275e-05 1.759585015015916021e-05
4.945272378250376278e+03 1.695053845815477846e-05 1.694395561515470923e-05 1.692821621915513371e-05 1.694090343082154385e-05
4.945372378250375732e+03 1.631152952315691716e-05 1.630524961315684218e-05 1.628769979515728568e-05 1.630149297715701275e-05
4.945472378250375186e+03 1.570326915414936556e-05 1.569728147114929449e-05 1.567798369114972482e-05 1.569284477214946162e-05
4.945572378250374641e+03 1.515745110013899747e-05 1.515174839913892531e-05 1.513074734913935847e-05 1.514664894947242539e-05
4.945672378250374095e+03 1.463891375113204836e-05 1.463349112413197720e-05 1.461081453413240431e-05 1.462773980313214498e-05
4.945772378250373549e+03 1.415240259112831955e-05 1.414726228112824494e-05 1.412290000612868987e-05 1.414085495946175089e-05
4.945872378250373004e+03 1.370660818912163408e-05 1.370175358612155582e-05 1.367569028412201944e-05 1.369468401978840311e-05
4.945972378250372458e+03 1.324377418812628426e-05 1.323919749612620837e-05 1.321148087812665847e-05 1.323148418745971929e-05
4.946072378250371912e+03 1.283074385611645230e-05 1.282644340211637325e-05 1.279709061311683420e-05 1.281809262378322105e-05
4.946172378250371366e+03 1.244401661510903476e-05 1.243999703110895495e-05 1.240898860810942340e-05 1.243100075144247216e-05
4.946272378250370821e+03 1.205389654611353956e-05 1.205015843011345797e-05 1.201749516311393870e-05 1.204051671311364823e-05
4.946372378250370275e+03 1.170452502110485711e-05 1.170106575010477473e-05 1.166677092610526463e-05 1.169078723243829995e-05
4.946472378250369729e+03 1.135803473110399301e-05 1.135486492910390771e-05 1.131887733210441343e-05 1.134392566410410359e-05
4.946572378250369184e+03 1.102119404010416135e-05 1.101831828410406972e-05 1.098062418910459663e-05 1.100671217110427590e-05
4.946672378250368638e+03 1.072552063309143111e-05 1.072293797309134135e-05 1.068356112309186007e-05 1.071067324309154418e-05
4.946772378250368092e+03 1.043013037309402939e-05 1.042784317009393599e-05 1.038677638709447320e-05 1.041491664342748009e-05
4.946872378250367547e+03 1.014123843509458835e-05 1.013925530409448750e-05 1.009645372009505707e-05 1.012564915309471097e-05
4.946972378250367001e+03 9.884638805384016186e-06 9.882968049583913707e-06 9.838409858284487535e-06 9.868672237750807503e-06
4.947072378250366455e+03 9.630685779385458591e-06 9.629326152585354260e-06 9.583007767085946203e-06 9.614339899685586351e-06
4.947172378250365909e+03 9.378070715485007478e-06 9.377043427884896432e-06 9.328882393085516161e-06 9.361332178818472792e-06
4.947272378250365364e+03 9.159613760975501040e-06 9.158923668975384251e-06 9.108914094176023430e-06 9.142483841375635676e-06
4.947372378250364818e+03 8.955834150772280891e-06 8.955484566972161080e-06 8.903604892672823824e-06 8.938307870139087469e-06
4.947472378250364272e+03 8.733286957178938150e-06 8.733287151578815273e-06 8.679501166579489828e-06 8.715358425112413853e-06
4.947572378250363727e+03 8.538933937770705398e-06 8.539294748570574662e-06 8.483560462771282275e-06 8.520596383037521343e-06
4.947672378250363181e+03 8.357879684165866468e-06 8.358620844365728198e-06 8.300866537166462793e-06 8.339122355232685255e-06
4.947772378250362635e+03 8.170383890769916056e-06 8.171509258569771054e-06 8.111712432770533989e-06 8.151201860703408727e-06
4.947872378250362090e+03 7.989800119168979941e-06 7.991327385368826694e-06 7.929421301669633678e-06 7.970182935402479540e-06
4.947972378250361544e+03 7.805872811670257842e-06 7.807805225470103097e-06 7.743777504070913605e-06 7.785818513737093773e-06
4.948072378250360998e+03 7.651541327460355650e-06 7.653892794560192452e-06 7.587697423661040472e-06 7.631043848560528395e-06
4.948172378250360453e+03 7.510016208955347729e-06 7.512802916355177303e-06 7.444380646656048750e-06 7.489066590655524876e-06
4.948272378250359907e+03 7.362112985259187192e-06 7.365350784959006479e-06 7.294632654859926144e-06 7.340698808359373837e-06
4.948372378250359361e+03 7.221343315357613397e-06 7.225057044957418390e-06 7.151940939958399610e-06 7.199447100091144364e-06
4.948472378250358815e+03 7.089815920553830392e-06 7.094018804853630693e-06 7.018456279154631923e-06 7.067430334854029873e-06
4.948572378250358270e+03 6.964335841652496861e-06 6.969049616252282928e-06 6.890950443253344675e-06 6.941445300386041771e-06
4.948672378250357724e+03 6.830356056556052260e-06 6.835595606755832678e-06 6.754916453156911772e-06 6.806956038822932519e-06
4.948772378250357178e+03 6.706921027352764069e-06 6.712702984252531796e-06 6.629391150253656598e-06 6.683005053952983872e-06
4.948872378250356633e+03 6.611647831741591653e-06 6.618004135941341026e-06 6.531912258342554823e-06 6.587188075341829732e-06
4.948972378250356087e+03 6.521685289739273480e-06 6.528632113639016450e-06 6.439702535240254891e-06 6.496673312872848556e-06
4.949072378250355541e+03 6.402073757553305283e-06 6.409632924953031505e-06 6.317796695254327858e-06 6.376501125920221267e-06
4.949172378250354996e+03 6.290779022549598499e-06 6.298983529049310901e-06 6.204108995950665039e-06 6.264623849183190915e-06
4.949272378250354450e+03 6.221351971031571250e-06 6.230228254131266684e-06 6.132204856832697932e-06 6.194595027331845289e-06
4.949372378250353904e+03 6.142837586536417970e-06 6.152418437136091538e-06 6.051135824037603080e-06 6.115463949236703914e-06
4.949472378250353358e+03 6.048436510343787024e-06 6.058743602443450221e-06 5.954130082144995047e-06 6.020436731644078278e-06
4.949572378250352813e+03 5.956028347343703778e-06 5.967082166943350661e-06 5.859057162844964260e-06 5.927389225710672899e-06
4.949672378250352267e+03 5.870769724940322242e-06 5.882617787139946416e-06 5.771008874141640952e-06 5.841465462073969870e-06
4.949772378250351721e+03 5.796804089635654217e-06 5.809481547135254332e-06 5.694141498437052709e-06 5.766809045069319572e-06
4.949872378250351176e+03 5.745677626625109303e-06 5.759219621024684848e-06 5.640028839926576439e-06 5.714975362525455734e-06
4.949972378250350630e+03 5.681629737631455155e-06 5.696085739531006247e-06 5.572861463432988110e-06 5.650192313531817351e-06
4.950072378250350084e+03 5.604036380438813343e-06 5.619439682738340505e-06 5.492055809940420450e-06 5.571843957705857817e-06
4.950172378250349539e+03 5.546483776128788585e-06 5.562870388428296572e-06 5.431195034430443688e-06 5.513516399662509898e-06
4.950272378250348993e+03 5.493556530426956994e-06 5.510976593726431074e-06 5.374842277828702016e-06 5.459791800660695565e-06
4.950372378250348447e+03 5.429089572833420394e-06 5.447590181332860238e-06 5.306831588435257598e-06 5.394503780867178281e-06
4.950472378250347901e+03 5.372344216929417585e-06 5.391990608528823870e-06 5.246361596831348751e-06 5.336898807429864249e-06
4.950572378250347356e+03 5.341026403016520892e-06 5.361870348915888971e-06 5.211182747418556632e-06 5.304693166450323577e-06
4.950672378250346810e+03 5.315798121713307893e-06 5.337895502212646936e-06 5.181958132015415849e-06 5.278550585313790508e-06
4.950772378250346264e+03 5.275902347421408107e-06 5.299319445220699881e-06 5.137889039223647316e-06 5.237703610621918717e-06
4.950872378250345719e+03 5.235537298822027351e-06 5.260344878521268112e-06 5.093165814324405652e-06 5.196349330555900654e-06
4.950972378250345173e+03 5.198048907020457216e-06 5.224308268419665045e-06 5.051192401522904656e-06 5.157849858987675357e-06
4.951072378250344627e+03 5.163607269619108239e-06 5.191389540018262592e-06 5.012077703921700547e-06 5.122358171186357691e-06
4.951172378250344082e+03 5.131278210917936221e-06 5.160675945417039927e-06 4.974834224420662663e-06 5.088929460251879886e-06
4.951272378250343536e+03 5.088967324923858360e-06 5.120057688922903535e-06 4.927433130026729120e-06 5.045486047957830056e-06
4.951372378250342990e+03 5.071535056709987849e-06 5.104397241008973723e-06 4.904723848813011794e-06 5.026885382177324455e-06
4.951472378250342445e+03 5.074832483098110432e-06 5.109575062397032849e-06 4.902480228801285468e-06 5.028962591432143481e-06
4.951572378250341899e+03 5.048760082915176417e-06 5.085485524914021667e-06 4.870608041218551709e-06 5.001617883015916033e-06
4.951672378250341353e+03 5.023654707714612889e-06 5.062471352113396188e-06 4.839452723218135255e-06 4.975192927682048393e-06
4.951772378250340807e+03 5.021201613901449856e-06 5.062230003300141987e-06 4.830657955005199325e-06 4.971363190735597339e-06
4.951872378250340262e+03 5.023300579698740690e-06 5.066663198197339018e-06 4.826126937802719609e-06 4.972030238566266721e-06
4.951972378250339716e+03 5.011537013507060722e-06 5.057367016005580098e-06 4.807420242311228990e-06 4.958774757274622988e-06
4.952072378250339170e+03 5.003430973104939593e-06 5.051878310203344825e-06 4.792030411009378685e-06 4.949113231439221317e-06
4.952172378250338625e+03 5.015277736092780383e-06 5.066504165291087398e-06 4.796233544497438362e-06 4.959338481960435663e-06
4.952272378250338079e+03 5.016282493199378493e-06 5.070435777097568302e-06 4.789229127704331739e-06 4.958649132667091998e-06
4.952372378250337533e+03 5.020431491697396344e-06 5.077687711195449143e-06 4.784993207202658093e-06 4.961037470031835092e-06
4.952472378250336988e+03 5.038021797688961417e-06 5.098583848186886432e-06 4.793758413394499216e-06 4.976788019756782637e-06
4.952572378250336442e+03 5.056113540988481685e-06 5.120189058686245370e-06 4.802534379094413317e-06 4.992945659589713458e-06
4.952672378250335896e+03 5.069837955191261602e-06 5.137636700188892039e-06 4.806499393697476021e-06 5.004658016359209605e-06
4.952772378250335350e+03 5.088234463688120267e-06 5.159997018285560771e-06 4.814603170294767351e-06 5.020944884089483361e-06
4.952872378250334805e+03 5.109161441386295653e-06 5.185153298083527320e-06 4.824667856993409579e-06 5.039660865487744466e-06
4.952972378250334259e+03 5.136561176882057617e-06 5.217072265379098986e-06 4.840595320589570339e-06 5.064742920950242032e-06
4.953072378250333713e+03 5.166695543379993004e-06 5.252013767476801129e-06 4.858604141288042914e-06 5.092437817381612914e-06
4.953172378250333168e+03 5.201655722676788429e-06 5.292113791873375949e-06 4.880785576385273053e-06 5.124851696978478861e-06
4.953272378250332622e+03 5.239461609274555936e-06 5.335423138970851861e-06 4.905040413983675882e-06 5.159975054076360944e-06
4.953372378250332076e+03 5.281934374571027851e-06 5.383809663166994267e-06 4.933138664780832987e-06 5.199627567506285882e-06
4.953472378250331531e+03 5.328411386168297080e-06 5.436609920363983772e-06 4.964388971678683639e-06 5.243136759403655113e-06
4.953572378250330985e+03 5.377135397066321109e-06 5.492127511561625046e-06 4.996949396977493386e-06 5.288737435201812616e-06
4.953672378250330439e+03 5.433437721461082675e-06 5.555736698756031907e-06 5.036050945072972081e-06 5.341741788430028888e-06
4.953772378250329893e+03 5.492725589758480223e-06 5.622886809852974769e-06 5.077045990171290407e-06 5.397552796594248749e-06
4.953872378250329348e+03 5.552621868457509725e-06 5.691264353251493198e-06 5.117434922871348470e-06 5.453773714860116567e-06
4.953972378250328802e+03 5.619904915652269063e-06 5.767717671345764040e-06 5.163923165567020670e-06 5.517181917521684873e-06
4.954072378250328256e+03 5.688630996850620388e-06 5.846369675343488641e-06 5.210432937366582794e-06 5.581811203186897557e-06
4.954172378250327711e+03 5.757470898150538540e-06 5.925947853942822350e-06 5.255558556667577300e-06 5.646325769586978832e-06
4.954272378250327165e+03 5.826719008449615220e-06 6.006858372741129490e-06 5.299353293868135407e-06 5.710976891686293372e-06
4.954372378250326619e+03 5.893123475351080847e-06 6.085954534241730790e-06 5.338470685671182205e-06 5.772516231754663485e-06
4.954472378250326074e+03 5.955381567854134817e-06 6.162027424043957617e-06 5.371458695975698028e-06 5.829622562624596538e-06
4.954572378250325528e+03 6.008921925860069623e-06 6.230663228848812066e-06 5.393461055383591554e-06 5.877682070030824414e-06
4.954672378250324982e+03 6.045953185972382088e-06 6.284246345660038344e-06 5.396510013097726136e-06 5.908903181576715805e-06
4.954772378250324437e+03 6.062696986087360719e-06 6.319119836773675389e-06 5.376581913415043012e-06 5.919466245425359707e-06
4.954872378250323891e+03 6.062674102000017644e-06 6.339037875584783141e-06 5.336914253630304770e-06 5.912875410405035185e-06
4.954972378250323345e+03 6.058193611203423098e-06 6.356535974986631907e-06 5.289452876936259057e-06 5.901394154375437738e-06
4.955072378250322799e+03 6.087809516477104623e-06 6.410467683758307571e-06 5.272437070513154285e-06 5.923571423582855775e-06
4.955172378250322254e+03 6.205810479608777348e-06 6.555445803187921224e-06 5.339737288147972041e-06 6.033664523648223820e-06
4.955272378250321708e+03 6.457908330402817502e-06 6.837536703179358398e-06 5.536630624245996772e-06 6.277358552609391738e-06
4.955372378250321162e+03 6.861207403680885227e-06 7.274323303354387894e-06 5.879627004828600365e-06 6.671719237287958393e-06
4.955472378250320617e+03 7.386429784584412670e-06 7.837046415754740251e-06 6.338877890536612779e-06 7.187451363625254386e-06
4.955572378250320071e+03 7.983343466022256840e-06 8.476119778788514407e-06 6.863503492080113201e-06 7.774322245630296228e-06
4.955672378250319525e+03 8.608721644399474718e-06 9.149106233461372335e-06 7.409407147263083708e-06 8.389078341707978897e-06
4.955772378250318980e+03 9.245168791684827821e-06 9.839532741341133686e-06 7.958391688255623774e-06 9.014364407093861196e-06
4.955872378250318434e+03 9.900845066063299548e-06 1.055670216141296390e-05 8.517565436742290512e-06 9.658370888072852450e-06
4.955972378250317888e+03 1.059202925843423527e-05 1.131827259837662011e-05 9.101990615021621998e-06 1.033743082394415969e-05
4.956072378250317342e+03 1.133011248438913300e-05 1.213741984832204197e-05 9.721792023087026921e-06 1.106310811859939950e-05
4.956172378250316797e+03 1.213603636833298574e-05 1.303712978525536352e-05 1.039652390144156557e-05 1.185656335167663771e-05
4.956272378250316251e+03 1.303374103624886043e-05 1.404418900015735845e-05 1.114838808237088823e-05 1.274210603959236903e-05
4.956372378250315705e+03 1.403943396614935601e-05 1.517802679204096503e-05 1.199205219828640339e-05 1.373650431882557538e-05
4.956472378250315160e+03 1.518484203303117863e-05 1.647492255090304668e-05 1.295728938818357370e-05 1.487235132403926520e-05
4.956572378250314614e+03 1.650085210687490919e-05 1.797133596572067862e-05 1.407290593004623073e-05 1.618169800088060505e-05
4.956672378250314068e+03 1.802700833469525089e-05 1.971422670950995817e-05 1.537693730388515155e-05 1.770605744936345241e-05
4.956772378250313523e+03 1.981431582245572932e-05 2.176415293122882464e-05 1.691907237966756213e-05 1.949918037778403983e-05
4.956872378250312977e+03 2.192693886615543672e-05 2.419836482787465114e-05 1.876237165939058799e-05 2.162922511780689195e-05
4.956972378250312431e+03 2.445263706179477182e-05 2.712212945144721742e-05 2.099392999805159494e-05 2.418956550376452806e-05
4.957072378250311885e+03 2.750105674431065251e-05 3.066881464787107815e-05 2.372071777559440320e-05 2.729686305592537570e-05
4.957172378250311340e+03 3.122379776271575987e-05 3.502300215615869472e-05 2.708394282303292757e-05 3.111024758063579405e-05
4.957272378250310794e+03 3.582223857490138134e-05 4.043170688017919394e-05 3.124886092428778882e-05 3.583426879312279255e-05
4.957372378250310248e+03 4.157139138282346094e-05 4.723355805087561061e-05 3.638654400037403115e-05 4.173049781135769638e-05
4.957472378250309703e+03 4.884559795745030945e-05 5.589033729820544065e-05 4.262912746337917434e-05 4.912168757301164148e-05
4.957572378250309157e+03 5.815326198653473122e-05 6.702597403387219757e-05 5.004893663225172404e-05 5.840939088421955320e-05
4.957672378250308611e+03 7.015742017808228195e-05 8.143749777289279639e-05 5.876842761106967179e-05 7.012111518734824101e-05
4.957772378250308066e+03 8.567517180774555669e-05 1.000491230629035536e-04 6.921086682540768655e-05 8.497838723201893679e-05
4.957872378250307520e+03 1.055307564315802703e-04 1.236285436881257461e-04 8.208387933905790144e-05 1.037477264862546528e-04
4.957972378250306974e+03 1.300711682172342454e-04 1.519896835036897882e-04 9.780292604841768684e-05 1.266212592564472492e-04
4.958072378250306429e+03 1.580389830938003161e-04 1.823933923315184150e-04 1.155312909233924344e-04 1.519878887829037128e-04
4.958172378250305883e+03 1.850409316947051411e-04 2.080362802959782528e-04 1.324769397741256489e-04 1.751847172549363476e-04
4.958272378250305337e+03 2.032687924527587335e-04 2.196658611389998620e-04 1.444084226887143289e-04 1.891143587601576144e-04
4.958372378250304791e+03 2.052676410280911481e-04 2.122011570571285838e-04 1.476824199868734310e-04 1.883837393573643967e-04
4.958472378250304246e+03 1.900534653345290793e-04 1.895467555416342385e-04 1.411159004062708441e-04 1.735720404274780540e-04
4.958572378250303700e+03 1.641956336249286307e-04 1.606258954678815550e-04 1.265691614940240054e-04 1.504635635289447123e-04
4.958672378250303154e+03 1.360323033771512692e-04 1.324986151071165183e-04 1.080679605178363502e-04 1.255329596673680369e-04
4.958772378250302609e+03 1.107902243545645638e-04 1.083203910935292587e-04 8.964705956792646906e-05 1.029192250053401062e-04
4.958872378250302063e+03 9.020556968721936267e-05 8.873275543224004103e-05 7.365778122670553528e-05 8.419870211538831300e-05
4.958972378250301517e+03 7.413425926578611868e-05 7.334459228611509918e-05 6.077143405665767328e-05 6.941676186951963490e-05
4.959072378250300972e+03 6.177078823325651109e-05 6.141056746283079051e-05 5.073017235795439656e-05 5.797050935134722820e-05
4.959172378250300426e+03 5.228719730840155347e-05 5.219329714413753561e-05 4.300853777965483852e-05 4.916301074406464479e-05
4.959272378250299880e+03 4.497100211831944289e-05 4.504168458215478300e-05 3.706909993094207521e-05 4.236059554380543370e-05
4.959372378250299334e+03 3.930206004272301533e-05 3.947527672761950849e-05 3.249462880261810599e-05 3.709065519098688564e-05
4.959472378250298789e+03 3.494779618539580010e-05 3.517668850333959685e-05 2.900526227452265076e-05 3.304324898775267918e-05
4.959572378250298243e+03 3.156461275344622726e-05 3.181137786742801879e-05 2.630429822575129504e-05 2.989342961554184816e-05
4.959672378250297697e+03 2.864497849797403834e-05 2.894083367692403474e-05 2.402673794331999969e-05 2.720418337273935872e-05
4.959772378250297152e+03 2.637103112633700059e-05 2.668649446531684785e-05 2.227532077479998129e-05 2.511094878881793986e-05
4.959872378250296606e+03 2.443835381200384663e-05 2.476825764198887334e-05 2.078091277054943545e-05 2.332917474151405406e-05
4.959972378250296060e+03 2.272621963977518081e-05 2.305840026077282085e-05 1.945539956837432442e-05 2.174667315630744428e-05
4.960072378250295515e+03 2.142975107235600262e-05 2.176394356835389775e-05 1.847805288402222607e-05 2.055724917491070881e-05
4.960172378250294969e+03 2.041408670306229977e-05 2.075032301906016216e-05 1.773218993878010967e-05 1.963219988696752387e-05
4.960272378250294423e+03 1.963175588282536888e-05 1.997095149582225025e-05 1.717788135358480162e-05 1.892686291074413573e-05
4.960372378250293877e+03 1.904776798062142771e-05 1.939202233061604485e-05 1.678660488941636220e-05 1.840879840021794492e-05
4.960472378250293332e+03 1.864196380443182245e-05 1.899374035842381464e-05 1.654205928126022078e-05 1.805925448137195375e-05
4.960572378250292786e+03 1.840003809325963595e-05 1.876413496824641316e-05 1.643287302511717908e-05 1.786568202887440940e-05
4.960672378250292240e+03 1.831695813608916112e-05 1.869706632007197652e-05 1.645552799797568799e-05 1.782318415137894188e-05
4.960772378250291695e+03 1.839390679991671917e-05 1.879480879089421262e-05 1.661055826883220952e-05 1.793309128654771377e-05
4.960872378250291149e+03 1.862504480674773749e-05 1.905703335871381237e-05 1.689590996268857068e-05 1.819266270938337012e-05
4.960972378250290603e+03 1.902287272856581523e-05 1.949415311652292958e-05 1.732167943253531766e-05 1.861290175920802308e-05
4.961072378250290058e+03 1.957127595139648832e-05 2.009118973734296825e-05 1.787787719938791097e-05 1.918011429604245472e-05
4.961172378250289512e+03 2.027295916122780369e-05 2.085492736115951711e-05 1.857189484023624081e-05 1.989992712087452166e-05
4.961272378250288966e+03 2.111006603507116204e-05 2.176824944598659424e-05 1.939574463808586881e-05 2.075802003971454057e-05
4.961372378250288421e+03 2.206795527992842727e-05 2.282150124182175124e-05 2.034349025893977982e-05 2.174431559356331718e-05
4.961472378250287875e+03 2.313166888681004806e-05 2.399643129568563340e-05 2.140518207581230877e-05 2.284442741943599561e-05
4.961572378250287329e+03 2.430968281667146745e-05 2.530540704652377166e-05 2.259732650565553103e-05 2.407080545628359456e-05
4.961672378250286783e+03 2.559510713955033225e-05 2.674123628138070879e-05 2.391846090151005967e-05 2.541826810748036577e-05
4.961772378250286238e+03 2.698744777641709156e-05 2.830353201622387783e-05 2.537426758634493917e-05 2.688841579299530398e-05
4.961872378250285692e+03 2.849803226526892468e-05 3.000269109305282573e-05 2.698134135615835451e-05 2.849402157149336605e-05
4.961972378250285146e+03 3.011912642114228649e-05 3.183184212390385479e-05 2.874157926298283073e-05 3.023084926934298841e-05
4.962072378250284601e+03 3.176940938809383265e-05 3.371270436982749786e-05 3.058088803887548961e-05 3.202100059893227111e-05
4.962172378250284055e+03 3.380264101665149482e-05 3.596446641739908443e-05 3.286927582635677694e-05 3.421212775346911647e-05
4.962272378250283509e+03 3.625832440014120737e-05 3.866846503685213528e-05 3.564387690676993947e-05 3.685688878125441834e-05
4.962372378250282964e+03 3.879902128901913734e-05 4.147680196370512052e-05 3.860200642852938110e-05 3.962594322708454632e-05
4.962472378250282418e+03 4.164217575666427347e-05 4.465320944227328567e-05 4.197688288604043262e-05 4.275742269499266618e-05
4.962572378250281872e+03 4.484494570221322853e-05 4.820990207479476376e-05 4.582896702444551405e-05 4.629460493381783545e-05
4.962672378250281326e+03 4.831809907989354148e-05 5.207057892143535468e-05 5.010423317294516521e-05 5.016430372475802046e-05
4.962772378250280781e+03 5.214491101744059086e-05 5.633734689391640992e-05 5.489672757429003868e-05 5.445966182854901767e-05
4.962872378250280235e+03 5.636566475993284365e-05 6.106548057332371543e-05 6.024957008457373719e-05 5.922690513927676768e-05
4.962972378250279689e+03 6.102261064940918466e-05 6.631313659470001510e-05 6.619116138486692683e-05 6.450896954299204671e-05
4.963072378250279144e+03 6.615814931978791097e-05 7.213776086095436367e-05 7.272542841109596527e-05 7.034044619727942234e-05
4.963172378250278598e+03 7.180914428216439839e-05 7.858639816119954982e-05 7.981544220442372069e-05 7.673699488259589415e-05
4.963272378250278052e+03 7.801173730144074872e-05 8.569727985233381443e-05 8.738425340277572093e-05 8.369775685218343254e-05
4.963372378250277507e+03 8.480092254366411615e-05 9.349370079942742118e-05 9.531257421726546382e-05 9.120239918678567609e-05
4.963472378250276961e+03 9.220083945991425179e-05 1.019697749995929150e-04 1.034353132100267636e-04 9.920197588984464346e-05
4.963572378250276415e+03 1.002322612200658402e-04 1.110937585187144340e-04 1.115654104199437783e-04 1.076304767195746751e-04
4.963672378250275870e+03 1.089074475892695546e-04 1.208013424879925672e-04 1.195129138801696362e-04 1.164072346524772436e-04
4.963772378250275324e+03 1.182108512684078912e-04 1.309791252673184170e-04 1.270957169805517813e-04 1.254285645054260118e-04
4.963872378250274778e+03 1.281155566475685771e-04 1.414880291668102409e-04 1.341835880711039785e-04 1.345957246284942746e-04
4.963972378250274232e+03 1.385621103568885097e-04 1.521547783966121343e-04 1.407018145518189735e-04 1.438062344351065120e-04
4.964072378250273687e+03 1.494487645462371070e-04 1.627759323065727489e-04 1.466294565125062996e-04 1.529513844551053851e-04
4.964172378250273141e+03 1.606332585858606015e-04 1.731365602069021112e-04 1.520032214632064988e-04 1.619243467519897281e-04
4.964272378250272595e+03 1.719305855956151734e-04 1.830214410074136469e-04 1.568951595037711339e-04 1.706157287022666514e-04
4.964372378250272050e+03 1.831445886556193055e-04 1.922502394281651035e-04 1.614214335341955476e-04 1.789387538726599494e-04
4.964472378250271504e+03 1.940388062060294000e-04 2.006529182092245314e-04 1.656789228045402694e-04 1.867902157399314183e-04
4.964572378250270958e+03 2.043969901066226109e-04 2.081164257903610020e-04 1.697733393147121401e-04 1.940955850705652691e-04
4.964672378250270413e+03 2.140174441275753410e-04 2.145670215716691817e-04 1.737848650848191972e-04 2.007897769280212309e-04
4.964772378250269867e+03 2.227552324286358177e-04 2.199909504229457342e-04 1.777849283147976223e-04 2.068437037221264004e-04
4.964872378250269321e+03 2.304994403698576075e-04 2.243964890242302061e-04 1.818096586547289365e-04 2.122351960162722681e-04
4.964972378250268775e+03 2.372226379211948041e-04 2.278518198654746617e-04 1.859011114246415482e-04 2.169918564037703380e-04
4.965072378250268230e+03 2.429362117324651311e-04 2.304336177165952084e-04 1.900713349345004260e-04 2.211470547945202552e-04
4.965172378250267684e+03 2.477038011337126425e-04 2.322476060176077738e-04 1.943354874943765606e-04 2.247622982152323347e-04
4.965272378250267138e+03 2.516199871547998156e-04 2.334109382584552536e-04 1.986961218142096759e-04 2.279090157424882484e-04
4.965372378250266593e+03 2.547899775157618603e-04 2.340461505991507326e-04 2.031558066040376062e-04 2.306639782396500483e-04
4.965472378250266047e+03 2.573083175066330562e-04 2.342715085096987117e-04 2.077051434639177248e-04 2.330949898267498219e-04
4.965572378250265501e+03 2.592466526073909021e-04 2.341936480601048190e-04 2.123252203237811352e-04 2.352551736637589340e-04
4.965672378250264956e+03 2.606574462881010063e-04 2.339132328403774666e-04 2.169991440737086387e-04 2.371899410673956768e-04
4.965772378250264410e+03 2.615536413087855166e-04 2.334973676505635752e-04 2.216892106336442727e-04 2.389134065309977701e-04
4.965872378250263864e+03 2.619376540494761010e-04 2.329913258806903722e-04 2.263560117836333537e-04 2.404283305712665909e-04
4.965972378250263318e+03 2.618120624801713661e-04 2.324195327607800571e-04 2.309664546737102324e-04 2.417326833048872366e-04
4.966072378250262773e+03 2.611784677708701465e-04 2.317681847208945126e-04 2.354752152838079698e-04 2.428072892585242187e-04
4.966172378250262227e+03 2.600534892215450007e-04 2.309984806810570779e-04 2.398398208340059279e-04 2.436305969122026327e-04
4.966272378250261681e+03 2.584836574121702189e-04 2.300649866812905025e-04 2.440361126241989134e-04 2.441949189058864817e-04
4.966372378250261136e+03 2.565346759727120981e-04 2.289197256215936627e-04 2.480545399044082298e-04 2.445029804995713031e-04
4.966472378250260590e+03 2.542821855631344002e-04 2.275150944819545606e-04 2.519018257646463989e-04 2.445663686032451380e-04
4.966572378250260044e+03 2.518172512534524424e-04 2.258289944823615796e-04 2.556173654347959514e-04 2.444212037235367211e-04
4.966672378250259499e+03 2.492267792936282873e-04 2.238551435327646030e-04 2.592525414549084876e-04 2.441114880937670989e-04
4.966772378250258953e+03 2.466003934237024470e-04 2.216133822531602576e-04 2.628856624748783142e-04 2.436998127172470153e-04
4.966872378250258407e+03 2.440169856936653644e-04 2.191441365335033899e-04 2.666030874747256731e-04 2.432547365672981063e-04
4.966972378250257862e+03 2.415649776534789452e-04 2.165231079937187720e-04 2.705178091644457462e-04 2.428686316038811545e-04
4.967072378250257316e+03 2.392916864332460562e-04 2.138170334638640204e-04 2.747092320440150674e-04 2.426059839803750571e-04
4.967172378250256770e+03 2.372212773929563401e-04 2.111014081938776489e-04 2.792388557035321330e-04 2.425205137634554192e-04
4.967272378250256224e+03 2.353327585927138081e-04 2.084512141238083519e-04 2.841112928129982721e-04 2.426317551765067926e-04
4.967372378250255679e+03 2.335256743726132238e-04 2.059185272336625200e-04 2.892309176125965509e-04 2.428917064062907378e-04
4.967472378250255133e+03 2.315993847227856145e-04 2.035305686634532112e-04 2.943368561426162964e-04 2.431556031762850136e-04
4.967572378250254587e+03 2.292504480334181614e-04 2.012865672132654622e-04 2.989567032432772662e-04 2.431645728299869542e-04
4.967672378250254042e+03 2.260543759046509135e-04 1.991173926231565728e-04 3.023149668551130403e-04 2.424955784609734999e-04
4.967772378250253496e+03 2.215935247965319596e-04 1.969248525732105034e-04 3.034396810183531126e-04 2.406526861293652099e-04
4.967872378250252950e+03 2.155447056589122120e-04 1.945215300135409936e-04 3.012896542931678173e-04 2.371186299885403410e-04
4.967972378250252405e+03 2.079300390312193065e-04 1.916967180241620347e-04 2.951946931489801956e-04 2.316071500681205213e-04
4.968072378250251859e+03 1.991574574630051303e-04 1.881857097252049855e-04 2.851245499249287717e-04 2.241559057043796292e-04
4.968172378250251313e+03 1.899184828536965540e-04 1.837612968965591002e-04 2.717968016597580917e-04 2.151588604700045639e-04
4.968272378250250767e+03 1.809315274434046864e-04 1.784259305479580658e-04 2.564238292729298743e-04 2.052604290880974880e-04
4.968372378250250222e+03 1.726971010723571116e-04 1.725203253788623440e-04 2.402996437541970011e-04 1.951723567351388189e-04
4.968472378250249676e+03 1.654203283609199959e-04 1.665902811788990280e-04 2.244999123937101106e-04 1.855035073111763872e-04
4.968572378250249130e+03 1.590867975495621333e-04 1.610778905283223920e-04 2.097899265722085469e-04 1.766515382166976907e-04
4.968672378250248585e+03 1.535741127383228178e-04 1.561000957975152922e-04 1.966594449698239153e-04 1.687778845018873147e-04
4.968772378250248039e+03 1.487354416573492474e-04 1.514700139870324370e-04 1.853648572871548488e-04 1.618567709771788444e-04
4.968872378250247493e+03 1.444591656865339309e-04 1.469026150269787782e-04 1.759794129343404928e-04 1.557803978826177249e-04
4.968972378250246948e+03 1.406841977857679578e-04 1.422148042271627474e-04 1.684258102015415322e-04 1.504416040714907368e-04
4.969072378250246402e+03 1.374352370549938136e-04 1.374580947573112886e-04 1.625441431990404153e-04 1.458124916704485149e-04
4.969172378250245856e+03 1.347602643341115560e-04 1.328515382970804864e-04 1.581110592768138494e-04 1.419076206360019368e-04
4.969272378250245310e+03 1.326497297032631830e-04 1.286334968565217051e-04 1.548383793350600239e-04 1.387072019649483040e-04
4.969372378250244765e+03 1.310223080025310117e-04 1.249656599057043477e-04 1.524182015837639533e-04 1.361353898306664556e-04
4.969472378250244219e+03 1.297183904320279018e-04 1.218589995848315849e-04 1.505263850129422382e-04 1.340345916766005885e-04
4.969572378250243673e+03 1.285700766417963408e-04 1.192116071741413898e-04 1.488746411225838802e-04 1.322187749795071901e-04
4.969672378250243128e+03 1.274254124917906369e-04 1.168456912537010726e-04 1.472111833026021929e-04 1.304940956826979720e-04
4.969772378250242582e+03 1.261613892719888434e-04 1.145695142335813966e-04 1.453114798129890282e-04 1.286807944395197787e-04
4.969872378250242036e+03 1.246860442823347623e-04 1.122342668336955842e-04 1.429757149136964042e-04 1.266320086765755745e-04
4.969972378250241491e+03 1.229354042727704398e-04 1.097647329339080925e-04 1.400342999146548595e-04 1.242448123737777837e-04
4.970072378250240945e+03 1.208325268133469721e-04 1.071180160342125590e-04 1.363374508258839680e-04 1.214293312244811709e-04
4.970172378250240399e+03 1.182914248040444491e-04 1.042686208245351300e-04 1.317942002572311186e-04 1.181180819619369083e-04
4.970272378250239854e+03 1.152193927049174356e-04 1.011853211449354611e-04 1.264033480986291884e-04 1.142693539828273572e-04
4.970372378250239308e+03 1.115041277259808556e-04 9.779885519245156409e-05 1.202346120499304597e-04 1.098458649894542931e-04
4.970472378250238762e+03 1.069973374072550546e-04 9.397562338315466066e-05 1.133676832010544193e-04 1.047802146638213963e-04
4.970572378250238216e+03 1.015359042088415185e-04 8.952840136719960869e-05 1.058558618121608827e-04 9.897338912940066092e-05
4.970672378250237671e+03 9.495272800165750087e-05 8.422193881659063538e-05 9.768647006022543018e-05 9.228704562615786000e-05
4.970772378250237125e+03 8.716139426168425500e-05 7.785620425936339191e-05 8.883823521340488414e-05 8.461861124481750583e-05
4.970872378250236579e+03 7.827472056654828593e-05 7.039920515620777866e-05 7.939116781446569206e-05 7.602169784574058103e-05
4.970972378250236034e+03 6.880405289750432985e-05 6.218720879744377779e-05 6.971257728584473695e-05 6.690127966026428153e-05
4.971072378250235488e+03 5.941872510944998828e-05 5.397573084151761858e-05 6.040321060732493929e-05 5.793255551943085098e-05
4.971172378250234942e+03 5.094128185695544458e-05 4.641726724944262759e-05 5.207736709070587863e-05 4.981197206570131693e-05
4.971272378250234397e+03 4.374382779691380452e-05 3.994329543971624359e-05 4.502217753467831402e-05 4.290310025710278286e-05
4.971372378250233851e+03 3.785378204780325044e-05 3.462262959385558757e-05 3.923147558163789776e-05 3.723596240776557407e-05
4.971472378250233305e+03 3.310178358090910919e-05 3.032218932415754623e-05 3.453311714081983355e-05 3.265236334862882514e-05
4.971572378250232759e+03 2.926712932841718002e-05 2.684969514181111773e-05 3.071505636638941362e-05 2.894396027887256707e-05
4.971672378250232214e+03 2.614828350321929428e-05 2.402491091872719319e-05 2.758616183223611200e-05 2.591978541806086762e-05
4.971772378250231668e+03 2.358298266231628653e-05 2.170132330390958845e-05 2.499295054936324787e-05 2.342575217186303982e-05
4.971872378250231122e+03 2.144702992561330759e-05 1.976638814127325224e-05 2.281777487167965701e-05 2.134373097952207228e-05
4.971972378250230577e+03 1.964703325404498150e-05 1.813539419575908832e-05 2.097186023812266126e-05 1.958476256264224369e-05
4.972072378250230031e+03 1.811289988460918678e-05 1.674477915236509485e-05 1.938827418469329212e-05 1.808198440722252458e-05
4.972172378250229485e+03 1.679171607524700970e-05 1.554659637403781676e-05 1.801622537233351891e-05 1.678484594053944733e-05
4.972272378250228940e+03 1.564315378696386872e-05 1.450433889178210441e-05 1.681678802005085737e-05 1.565476023293228022e-05
4.972372378250228394e+03 1.463613294273101378e-05 1.358989914057187086e-05 1.575979067681692000e-05 1.466194092003993545e-05
4.972472378250227848e+03 1.374642102052936491e-05 1.278138209338979724e-05 1.482157303661274334e-05 1.378312538351063686e-05
4.972572378250227302e+03 1.295490617336776952e-05 1.206153301724392714e-05 1.398336696644845275e-05 1.299993538568671647e-05
4.972672378250226757e+03 1.224634762222441642e-05 1.141660097711446860e-05 1.323012071130163863e-05 1.229768977021350901e-05
4.972772378250226211e+03 1.160846360510809063e-05 1.083551037200943234e-05 1.254963735118209149e-05 1.166453710943320369e-05
4.972872378250225665e+03 1.103125902800793223e-05 1.030925099091896892e-05 1.193193707807864795e-05 1.109081569900185083e-05
4.972972378250225120e+03 1.050652459391630655e-05 9.830424213636141642e-06 1.136878011498340183e-05 1.056857630751195057e-05
4.973072378250224574e+03 1.002745972884091372e-05 9.392901765467994853e-06 1.085330600990482347e-05 1.009122250140457622e-05
4.973172378250224028e+03 9.588385729670716870e-06 8.991566430204473760e-06 1.037975806483123117e-05 9.653236741568808397e-06
4.973272378250223483e+03 9.184525383012579467e-06 8.622113024251871834e-06 9.943270693970147959e-06 9.249969700411533652e-06
4.973372378250222937e+03 8.811831995860976992e-06 8.280894145005155075e-06 9.539703764715731836e-06 8.877476635193954634e-06
4.973472378250222391e+03 8.466855563211820964e-06 7.964799511360598003e-06 9.165512362163632696e-06 8.532389145578685017e-06
4.973572378250221846e+03 8.146637087070823414e-06 7.671160750923443423e-06 8.817643520820114638e-06 8.211813786271461056e-06
4.973672378250221300e+03 7.848624443231240374e-06 7.397675642787517732e-06 8.493453669477903233e-06 7.913251251832219599e-06
4.973772378250220754e+03 7.570604880798129403e-06 7.142347364957472989e-06 8.190642128842548242e-06 7.634531458199383827e-06
4.973872378250220208e+03 7.310650469568125274e-06 6.903435414730232797e-06 7.907197148410427805e-06 7.373761010902929755e-06
4.973972378250219663e+03 7.067073705238632341e-06 6.679415679003414993e-06 7.641351821878733842e-06 7.129280402040260674e-06
4.974072378250219117e+03 6.838391145413891634e-06 6.468947734780925155e-06 7.391547836052119388e-06 6.899628905415645110e-06
4.974172378250218571e+03 6.623293438289303986e-06 6.270847902058539796e-06 7.156405482025582915e-06 6.683515607457808617e-06
4.974272378250218026e+03 6.420620476235742123e-06 6.084066906617654656e-06 6.934698702673725369e-06 6.479795361842374049e-06
4.974372378250217480e+03 6.229340681577452313e-06 5.907671257361844448e-06 6.725334214818962729e-06 6.287448717919420112e-06
4.974472378250216934e+03 6.048533652211041942e-06 5.740827644789189133e-06 6.527333957761776962e-06 6.105565084920668499e-06
4.974572378250216389e+03 5.877375541530078243e-06 5.582789796293961070e-06 6.339820256395668204e-06 5.933328531406568890e-06
4.974672378250215843e+03 5.715126690424269242e-06 5.432887353666846460e-06 6.162003227609813318e-06 5.770005757233643289e-06
4.974772378250215297e+03 5.561121113184730935e-06 5.290516419099799065e-06 5.993170041394852582e-06 5.614935857893126963e-06
4.974872378250214751e+03 5.414757524407762395e-06 5.155131481889539758e-06 5.832675725247038011e-06 5.467521577181445874e-06
4.974972378250214206e+03 5.275491646484829921e-06 5.026238498928305697e-06 5.679935258757274800e-06 5.327221801390136806e-06
4.975072378250213660e+03 5.142829592713408315e-06 4.903388938713874956e-06 5.534416752023010179e-06 5.193545094483431150e-06
4.975172378250213114e+03 5.016322152187629272e-06 4.786174637640913642e-06 5.395635537637989567e-06 5.066044109155511956e-06
4.975272378250212569e+03 4.895559836902359206e-06 4.674223339604758792e-06 5.263149036296731794e-06 4.944310737601282981e-06
4.975372378250212023e+03 4.780168575956245591e-06 4.567194817904236702e-06 5.136552280197880223e-06 4.827971891352787505e-06
4.975472378250211477e+03 4.669805957943919186e-06 4.464777489734440231e-06 5.015473998235648379e-06 4.716685815304669265e-06
4.975572378250210932e+03 4.564157944864548928e-06 4.366685453994665401e-06 4.899573180709214943e-06 4.610138859856142526e-06
4.975672378250210386e+03 4.462935986214495811e-06 4.272655889681592327e-06 4.788536057914659012e-06 4.508042644603582948e-06
4.975772378250209840e+03 4.365874480690545896e-06 4.182446766292290313e-06 4.682073434748518370e-06 4.410131560577118758e-06
4.975872378250209294e+03 4.272728535592399218e-06 4.095834822226526393e-06 4.579918332310512097e-06 4.316160563376478671e-06
4.975972378250208749e+03 4.183271984416417756e-06 4.012613775280964235e-06 4.481823897596693830e-06 4.225903219098024991e-06
