5.204765946981010347e+04 5.871129913800000237e-05 5.866422314100000067e-05 5.870911874600000176e-05 5.869488034166666827e-05
5.204775946976010164e+04 5.897931619099038827e-05 5.893195498413299373e-05 5.897713157999249492e-05 5.896280091837194994e-05
5.204785946971009980e+04 5.924677476553925573e-05 5.919912614782666825e-05 5.924458573354367578e-05 5.923016221563652648e-05
5.204795946966009797e+04 5.951250764166813781e-05 5.946456955010205955e-05 5.951031391467517627e-05 5.949579703548178895e-05
5.204805946961009613e+04 5.977661627077846598e-05 5.972838649036184451e-05 5.977441759278836586e-05 5.975980678464288534e-05
5.204815946956009429e+04 6.003931146623757274e-05 5.999078785597217325e-05 6.003710753225071717e-05 6.002240228482015665e-05
5.204825946951009246e+04 6.030020667028906586e-05 6.025138719817668177e-05 6.029799710430596424e-05 6.028319699092390396e-05
5.204835946946009062e+04 6.055940806603294383e-05 6.051029055507580308e-05 6.055719254205378958e-05 6.054229705438750764e-05
5.204845946941008879e+04 6.081694265983455134e-05 6.076752511703471061e-05 6.081472073386015728e-05 6.079972950357647533e-05
5.204855946936008695e+04 6.107292533305002540e-05 6.102320569040950373e-05 6.107069657908074933e-05 6.105560920084675497e-05
5.204865946931008511e+04 6.132574891283512121e-05 6.127572512635590465e-05 6.132351286187160528e-05 6.130832896702087705e-05
5.204875946926008328e+04 6.157810347500193549e-05 6.152777361868538397e-05 6.157585959604499845e-05 6.156057889657743027e-05
5.204885946921008144e+04 6.182760408994794827e-05 6.177696608979686493e-05 6.182535186999799451e-05 6.180997401658093590e-05
5.204895946916007961e+04 6.207455290203541009e-05 6.202360486605039327e-05 6.207229172609362439e-05 6.205681649805980021e-05
5.204905946911007777e+04 6.231899345486678762e-05 6.226773345405060573e-05 6.231672270793378555e-05 6.230114987228373082e-05
5.204915946906007593e+04 6.256202447119961810e-05 6.251045058955381046e-05 6.255974349127636606e-05 6.254407285067659821e-05
5.204925946901007410e+04 6.280209955433153413e-05 6.275020993485750992e-05 6.279980764141899986e-05 6.278403904353601012e-05
5.204935946896007226e+04 6.303935441750737701e-05 6.298714727020613324e-05 6.303705076860713211e-05 6.302118415210687175e-05
5.204945946891007043e+04 6.327390482397822328e-05 6.322137836885208836e-05 6.327158865709088390e-05 6.325562394997373637e-05
5.204955946886006859e+04 6.350578223409634061e-05 6.345293469114677556e-05 6.350345271222322349e-05 6.348738987915544655e-05
5.204965946881006676e+04 6.373511312860594201e-05 6.368194286083331539e-05 6.373276931774883418e-05 6.371660843572936838e-05
5.204975946876006492e+04 6.396198828372577693e-05 6.390849359613229536e-05 6.395962923388578264e-05 6.394337037124794712e-05
5.204985946871006308e+04 6.418437660864436995e-05 6.413055587623098859e-05 6.418200133082287910e-05 6.416564460523275040e-05
5.204995946866006125e+04 6.440460543150849069e-05 6.435045713227530335e-05 6.440221284270756770e-05 6.438575846883045392e-05
5.205005946861005941e+04 6.462120362273807270e-05 6.456672619768770915e-05 6.461879261795907018e-05 6.460224081279495971e-05
5.205015946856005758e+04 6.483489439576636153e-05 6.478008635889917109e-05 6.483246380401120723e-05 6.481581485289225565e-05
5.205025946851005574e+04 6.504492169154719051e-05 6.498978166986315219e-05 6.504247027381793937e-05 6.502572454507609854e-05
5.205035946846005390e+04 6.525199433663272800e-05 6.519652094013310287e-05 6.524952078893145476e-05 6.523267868856577091e-05
5.205045946841005207e+04 6.545461446822227632e-05 6.539880644590719103e-05 6.545211742655118552e-05 6.543517944689355547e-05
5.205055946836005023e+04 6.565421595968289471e-05 6.559807203755360693e-05 6.565169402704381437e-05 6.563466067476008727e-05
5.205065946831004840e+04 6.585075877474870889e-05 6.579427779580475203e-05 6.584821043414485148e-05 6.583108233489943747e-05
5.205075946826004656e+04 6.604272966134438192e-05 6.598591046758688831e-05 6.604015339077729137e-05 6.602293117323618720e-05
5.205085946821004472e+04 6.623079849579310797e-05 6.617364008322079282e-05 6.622819266326609533e-05 6.621087708075999419e-05
5.205095946816004289e+04 6.641406552117749124e-05 6.635656684479168579e-05 6.641142845469283828e-05 6.639402027355400962e-05
5.205105946811004105e+04 6.659459902482749616e-05 6.653675918462747759e-05 6.659192894438873745e-05 6.657442905128122803e-05
5.205115946806003922e+04 6.677005338343596321e-05 6.671187148942212322e-05 6.676734849904505801e-05 6.674975779063438148e-05
5.205125946801003738e+04 6.694149198699405386e-05 6.688296727516499505e-05 6.693875035665548757e-05 6.692106987293816979e-05
5.205135946796003554e+04 6.710865660851596693e-05 6.704978839687060282e-05 6.710587626823209014e-05 6.708810709120621545e-05
5.205145946791003371e+04 6.727195773217165909e-05 6.721274532671156921e-05 6.726913665094576310e-05 6.725127990327633499e-05
5.205155946786003187e+04 6.743029735127356442e-05 6.737074019299648211e-05 6.742743338810979967e-05 6.740949031079328658e-05
5.205165946781003004e+04 6.758406530052832632e-05 6.752416293243279014e-05 6.758115626542981103e-05 6.756312816613031368e-05
5.205175946776002820e+04 6.773364789144665230e-05 6.767339982053381848e-05 6.773069153241682361e-05 6.771257974813242695e-05
5.205185946771002637e+04 6.787783502196409111e-05 6.781724093623066102e-05 6.787482898300739630e-05 6.785663498040072066e-05
5.205195946766002453e+04 6.801686805782849283e-05 6.795592767627376633e-05 6.801380990694889397e-05 6.799553521368371771e-05
5.205205946761002269e+04 6.815222054314411162e-05 6.809093361376844142e-05 6.814910778434552310e-05 6.813075398041935871e-05
5.205215946756002086e+04 6.828197320645919255e-05 6.822033963525891639e-05 6.827880325974596259e-05 6.826037203382135266e-05
5.205225946751001902e+04 6.840685851453535006e-05 6.834487826450924986e-05 6.840362869391249752e-05 6.838512182431902796e-05
5.205235946746001719e+04 6.852689270521991388e-05 6.846456580036624909e-05 6.852360028369103501e-05 6.850501959642574170e-05
5.205245946741001535e+04 6.864136072467342089e-05 6.857868721599220789e-05 6.863800290124313171e-05 6.861935028063624446e-05
5.205255946736001351e+04 6.875097044447115141e-05 6.868795054095813409e-05 6.874754430114506033e-05 6.872882176219143957e-05
5.205265946731001168e+04 6.885499375432388143e-05 6.879162777997597903e-05 6.885149628910700070e-05 6.883270594113562039e-05
5.205275946726000984e+04 6.895336804536725608e-05 6.888965622018676190e-05 6.894979625326265894e-05 6.893094017293888327e-05
5.205285946721000801e+04 6.904689605218724516e-05 6.898283873717030428e-05 6.904324680020128410e-05 6.902432719651960214e-05
5.205295946716000617e+04 6.913549412216128643e-05 6.907109187330199239e-05 6.913176414530047484e-05 6.911278338025458455e-05
5.205305946711000433e+04 6.921774184623813745e-05 6.915299517953774023e-05 6.921392790050536338e-05 6.919488830876041369e-05
5.205315946706000250e+04 6.929507868816134006e-05 6.922998814561827905e-05 6.929117740956308507e-05 6.927208141444756806e-05
5.205325946701000066e+04 6.936606393434505461e-05 6.930063024995338568e-05 6.936207187488701437e-05 6.934292201972848489e-05
5.205335946695999883e+04 6.943206888186210992e-05 6.936629271762279113e-05 6.942798254454902920e-05 6.940878138134463438e-05
5.205345946690999699e+04 6.949171163830354528e-05 6.942559382521172075e-05 6.948752743814168558e-05 6.946827763388565505e-05
5.205355946685999515e+04 6.954644954117914456e-05 6.947999086123506551e-05 6.954216383517369164e-05 6.952286807919597176e-05
5.205365946680999332e+04 6.959479583256293384e-05 6.952799725176033764e-05 6.959040487572058569e-05 6.957106598668127669e-05
5.205375946675999148e+04 6.963819585125532498e-05 6.957105824759590316e-05 6.963369588958009330e-05 6.961431666281043596e-05
5.205385946670998965e+04 6.967517770252707702e-05 6.960770209900546618e-05 6.967056486402640504e-05 6.965114822185297823e-05
5.205395946665998781e+04 6.970580885412155036e-05 6.963799623273765941e-05 6.970107924179994594e-05 6.968162810955304287e-05
5.205405946660998598e+04 6.973148790624623472e-05 6.966333938999524737e-05 6.972663753411069789e-05 6.970715494345073118e-05
5.205415946655998414e+04 6.975078133394689778e-05 6.968229796383005649e-05 6.974580618900217018e-05 6.972629516225970815e-05
5.205425946650998230e+04 6.976370698844454278e-05 6.969488999045466554e-05 6.975860295069817769e-05 6.973906664319912867e-05
5.205435946645998047e+04 6.977169432642805124e-05 6.970254481356736589e-05 6.976645729588333935e-05 6.974689881195958549e-05
5.205445946640997863e+04 6.977261190280932839e-05 6.970313102707607726e-05 6.976723766647451139e-05 6.974766019878663901e-05
5.205455946635997680e+04 6.976859605955730277e-05 6.969878500494887115e-05 6.976308040643635397e-05 6.974348715698083811e-05
5.205465946630997496e+04 6.975821760726703632e-05 6.968807757778158838e-05 6.975255625936655022e-05 6.973295048147172949e-05
5.205475946625997312e+04 6.974150603529051583e-05 6.967103824092659716e-05 6.973569464061737488e-05 6.971607963894483381e-05
5.205485946620997129e+04 6.971917718587502275e-05 6.964838282663178559e-05 6.971321139843337372e-05 6.969359047031340305e-05
5.205495946615996945e+04 6.969053011763478547e-05 6.961941031851341796e-05 6.968440562142770058e-05 6.966478201919197252e-05
5.205505946610996762e+04 6.965557477740221069e-05 6.958413068940133431e-05 6.964928711843945339e-05 6.962966419508099494e-05
5.205515946605996578e+04 6.961504149906224672e-05 6.954327432017861428e-05 6.960858619934901913e-05 6.958896733952995553e-05
5.205525946600996394e+04 6.956891357093380947e-05 6.949682437217101765e-05 6.956228626047045594e-05 6.954267473452509435e-05
5.205535946595996211e+04 6.951579512709078420e-05 6.944338489645061408e-05 6.950899131488616186e-05 6.948939044614252456e-05
5.205545946590996027e+04 6.945717721418939088e-05 6.938444698066995042e-05 6.945019244324704161e-05 6.943060554603545194e-05
5.205555946585995844e+04 6.939300753180160301e-05 6.931995824640460721e-05 6.938583729312785739e-05 6.936626769044469372e-05
5.205565946580995660e+04 6.932260034240225331e-05 6.924923293112775571e-05 6.931524012700161232e-05 6.929569113351054948e-05
5.205575946575995476e+04 6.924600358629299970e-05 6.917231879214747316e-05 6.923844900816498939e-05 6.921892379553515860e-05
5.205585946570995293e+04 6.916395660505809430e-05 6.908995513004248263e-05 6.915620315921197387e-05 6.913670496477084123e-05
5.205595946565995109e+04 6.907572017486493217e-05 6.900140267298020443e-05 6.906776343130189406e-05 6.904829542638235259e-05
5.205605946560994926e+04 6.898135095865979389e-05 6.890671793391222417e-05 6.897318651338357320e-05 6.895375180198519709e-05
5.205615946555994742e+04 6.888158140037367952e-05 6.880663325176694677e-05 6.887320480439043636e-05 6.885380648551034518e-05
5.205625946550994558e+04 6.877639087336937711e-05 6.870112784090988748e-05 6.876779784767620535e-05 6.874843885398516116e-05
5.205635946545994375e+04 6.866448519997327626e-05 6.858890744466391394e-05 6.865567135857890413e-05 6.863635466773869811e-05
5.205645946540994191e+04 6.854793204753338392e-05 6.847203961737957179e-05 6.853889309743853287e-05 6.851962158745049619e-05
5.205655946535994008e+04 6.842533865361376071e-05 6.834913133362686803e-05 6.841607047781468219e-05 6.839684682168509461e-05
5.205665946530993824e+04 6.829675927629931585e-05 6.822023676948324520e-05 6.828725764380527577e-05 6.826808456319594109e-05
5.205675946525993641e+04 6.816292592165308650e-05 6.808608773501704430e-05 6.815318678545991156e-05 6.813406681404334745e-05
5.205685946520993457e+04 6.802387647151963870e-05 6.794672192107289197e-05 6.801389578663128777e-05 6.799483139307459711e-05
5.205695946515993273e+04 6.787958409270327287e-05 6.780211235445271262e-05 6.786935784312220980e-05 6.785035143009273176e-05
5.205705946510993090e+04 6.772941280031754391e-05 6.765162276627797945e-05 6.771893721603668929e-05 6.769999092754407088e-05
5.205715946505992906e+04 6.757410267451701455e-05 6.749599302169947274e-05 6.756337399553947012e-05 6.754448989725198580e-05
5.205725946500992723e+04 6.741365742666790076e-05 6.733522664408271108e-05 6.740267195999417415e-05 6.738385201024825748e-05
5.205735946495992539e+04 6.724744806429337914e-05 6.716869446995000299e-05 6.723620217392411828e-05 6.721744823605583347e-05
5.205745946490992355e+04 6.707689727530256711e-05 6.699781876422407226e-05 6.706538758122942197e-05 6.704670120691869615e-05
5.205755946485992172e+04 6.690131680955851534e-05 6.682191116075241464e-05 6.688953994578390109e-05 6.687092263869827251e-05
5.205765946480991988e+04 6.672011738932211091e-05 6.664038212080372094e-05 6.670807009584412643e-05 6.668952320199000416e-05
5.205775946475991805e+04 6.653445324539680468e-05 6.645438540919210721e-05 6.652213259920162244e-05 6.650365708459684026e-05
5.205785946470991621e+04 6.634412559607786339e-05 6.626372223819009715e-05 6.633152851217670313e-05 6.631312544881488337e-05
5.205795946465991437e+04 6.614908226791044025e-05 6.606833989736989846e-05 6.613620598628936419e-05 6.611787605052323882e-05
5.205805946460991254e+04 6.594943583000186405e-05 6.586835074882347262e-05 6.593627770665816607e-05 6.591802142849450543e-05
5.205815946455991070e+04 6.574499619549337864e-05 6.566356446269325936e-05 6.573155369342381779e-05 6.571337145053681860e-05
5.205825946450990887e+04 6.553602044313667596e-05 6.545423759674639575e-05 6.552229132732776773e-05 6.550418312240362218e-05
5.205835946445990703e+04 6.532322296087690464e-05 6.524108428291424658e-05 6.530920508732572407e-05 6.529117077703896295e-05
5.205845946440990519e+04 6.510607034468081453e-05 6.502357102715606533e-05 6.509176154839120619e-05 6.507380097340936202e-05
5.205855946435990336e+04 6.488406931050801399e-05 6.480120370847126628e-05 6.486946802344934686e-05 6.485158034747621808e-05
5.205865946430990152e+04 6.465858616104522868e-05 6.457534865150092371e-05 6.464369070222527041e-05 6.462587517159048330e-05
5.205875946425989969e+04 6.442902846593535427e-05 6.434541295591518549e-05 6.441383726134984513e-05 6.439609289440012378e-05
5.205885946420989785e+04 6.419539860776485557e-05 6.411139852930150226e-05 6.417991064138412795e-05 6.416223592615015740e-05
5.205895946415989602e+04 6.395750579720483058e-05 6.387311420732564736e-05 6.394172010502665031e-05 6.392411336985237157e-05
5.205905946410989418e+04 6.371649900789427541e-05 6.363170885061346176e-05 6.370041452292607887e-05 6.368287412714460083e-05
5.205915946405989234e+04 6.347182571524996153e-05 6.338662927261226848e-05 6.345544199145682963e-05 6.343796565977301988e-05
5.205925946400989051e+04 6.322389672142408553e-05 6.313828572646904621e-05 6.320721357879102557e-05 6.318979867556139029e-05
5.205935946395988867e+04 6.297187625149604923e-05 6.288584233123767039e-05 6.295489341902823252e-05 6.293753733392066878e-05
5.205945946390988684e+04 6.271782757342576561e-05 6.263136186090247960e-05 6.270054510410500814e-05 6.268324484614441327e-05
5.205955946385988500e+04 6.245906028922794840e-05 6.237215360046701330e-05 6.244147848603895184e-05 6.242423079191132258e-05
5.205965946380988316e+04 6.219808582205870492e-05 6.211072820411549721e-05 6.218020542197517020e-05 6.216300648271645744e-05
5.205975946375988133e+04 6.193382119961280481e-05 6.184600268649802766e-05 6.191564290363617685e-05 6.189848892991567429e-05
5.205985946370987949e+04 6.166698697549518986e-05 6.157869678126883103e-05 6.164851191859826746e-05 6.163139855845408256e-05
5.205995946365987766e+04 6.139710118431865001e-05 6.130832846899434384e-05 6.137833055549667875e-05 6.136125340293655753e-05
5.206005946360987582e+04 6.112446111830785033e-05 6.103519434094084259e-05 6.110539671452256598e-05 6.108835072459041060e-05
5.206015946355987398e+04 6.084929508652684821e-05 6.075952249814126223e-05 6.082993849678914249e-05 6.081291869381908431e-05
5.206025946350987215e+04 6.057148655059551489e-05 6.048119586323701200e-05 6.055183982287488172e-05 6.053484074556913846e-05
5.206035946345987031e+04 6.029157878751960977e-05 6.020075709323929674e-05 6.027164444178371603e-05 6.025466010751421203e-05
5.206045946340986848e+04 6.000925979408553714e-05 5.991789404290649593e-05 5.998904039432965003e-05 5.997206474377389437e-05
5.206055946335986664e+04 5.972461743510848600e-05 5.963269405407697476e-05 5.970411578531426174e-05 5.968714242483323857e-05
5.206065946330986480e+04 5.943819215234376905e-05 5.934569710750336351e-05 5.941741141448515909e-05 5.940043355811075936e-05
5.206075946325986297e+04 5.914993281469294658e-05 5.905685167508363905e-05 5.912887643374822844e-05 5.911188697450827587e-05
5.206085946320986113e+04 5.885968764989397669e-05 5.876600548256332991e-05 5.883835933684214355e-05 5.882135082309981671e-05
5.206095946315985930e+04 5.856710706303261697e-05 5.847280878000524689e-05 5.854551052187014930e-05 5.852847545496933998e-05
5.206105946310985746e+04 5.827349694959725243e-05 5.817856684093117867e-05 5.825163646328219877e-05 5.823456675127021447e-05
5.206115946305985563e+04 5.797838676468565310e-05 5.788280870342415844e-05 5.795626677120302032e-05 5.793915407977093718e-05
5.206125946300985379e+04 5.768113853063769775e-05 5.758489597482507687e-05 5.765876386495602524e-05 5.764159945680626888e-05
5.206135946295985195e+04 5.738282086721291456e-05 5.728589689789084056e-05 5.736019657331279601e-05 5.734297144613885715e-05
5.206145946290985012e+04 5.708374275914804622e-05 5.698612024734932236e-05 5.706087400001674077e-05 5.704357900217137882e-05
5.206155946285984828e+04 5.678327881801026669e-05 5.668494012078705355e-05 5.676017113161629560e-05 5.674279669013787195e-05
5.206165946280984645e+04 5.648114756798275284e-05 5.638207456338627103e-05 5.645780681329810830e-05 5.644034298155570846e-05
5.206175946275984461e+04 5.617833219427737212e-05 5.607850668133126460e-05 5.615476423729569196e-05 5.613720103763477623e-05
5.206185946270984277e+04 5.587488595747899789e-05 5.577428913824384975e-05 5.585109718515743452e-05 5.583342409362675168e-05
5.206195946265984094e+04 5.557052735313145755e-05 5.546914019964171169e-05 5.554652438944645019e-05 5.552873064740653755e-05
5.206205946260983910e+04 5.526556308522987852e-05 5.516336630152546863e-05 5.524135257717358120e-05 5.522342732130963375e-05
5.206215946255983727e+04 5.495937907117357332e-05 5.485635296330192173e-05 5.493496820470006119e-05 5.491690007972518315e-05
5.206225946250983543e+04 5.465304582615551274e-05 5.454917049015156020e-05 5.462844160627079032e-05 5.461021930752595668e-05
5.206235946245983359e+04 5.434619513804625626e-05 5.424145026995844208e-05 5.432140526969169055e-05 5.430301689256546974e-05
5.206245946240983176e+04 5.403890285546422587e-05 5.393326806032134962e-05 5.401393496463833659e-05 5.399536862680797295e-05
5.206255946235982992e+04 5.373158147927693074e-05 5.362503587913448438e-05 5.370644362993925221e-05 5.368768699611689137e-05
5.206265946230982809e+04 5.342398606351632796e-05 5.331650873739849007e-05 5.339868618866864983e-05 5.337972699652782262e-05
5.206275946225982625e+04 5.311574249025512645e-05 5.300731231319815990e-05 5.309028899885355663e-05 5.307111460076894540e-05
5.206285946220982441e+04 5.280761359965763360e-05 5.269820895172026821e-05 5.278201517167316646e-05 5.276261257435035609e-05
5.206295946215982258e+04 5.249981738595780781e-05 5.238941677015124352e-05 5.247408274137856739e-05 5.245443896582920398e-05
5.206305946210982074e+04 5.219222426553267620e-05 5.208080572691571814e-05 5.216636245232496392e-05 5.214646414825779060e-05
5.206315946205981891e+04 5.188404976441621382e-05 5.177159146900049577e-05 5.185806985456898509e-05 5.183790369599522479e-05
5.206325946200981707e+04 5.157643240603913181e-05 5.146291226786606281e-05 5.155034371052467468e-05 5.152989612814328976e-05
5.206335946195981523e+04 5.126914252282965861e-05 5.115453828493365387e-05 5.124295477660526594e-05 5.122221186145619281e-05
5.206345946190981340e+04 5.096251641234678819e-05 5.084680592774361611e-05 5.093623880944566973e-05 5.091518704984534897e-05
5.206355946185981156e+04 5.065581053800715690e-05 5.053897124975046897e-05 5.062945310135411097e-05 5.060807829637058121e-05
5.206365946180980973e+04 5.035018132724001784e-05 5.023219080834203661e-05 5.032375404182806076e-05 5.030204205913671185e-05
5.206375946175980789e+04 5.004408173393293957e-05 4.992491741042784966e-05 5.001759486872921906e-05 4.999553133769667847e-05
5.206385946170980606e+04 4.973966285082743484e-05 4.961930240771684250e-05 4.971312623585725376e-05 4.969069716480051940e-05
5.206395946165980422e+04 4.943499368013956998e-05 4.931341443147477455e-05 4.940841795332719241e-05 4.938560868831383887e-05
5.206405946160980238e+04 4.913157454426912929e-05 4.900875412304914533e-05 4.910496982664640258e-05 4.908176616465489240e-05
5.206415946155980055e+04 4.882835021393698663e-05 4.870426608819664922e-05 4.880172733343541197e-05 4.877811454518968487e-05
5.206425946150979871e+04 4.852640332151167543e-05 4.840103317125582147e-05 4.849977267115653326e-05 4.847573638797467898e-05
5.206435946145979688e+04 4.822584704305875406e-05 4.809916861930244833e-05 4.819921919182494565e-05 4.817474495139538042e-05
5.206445946140979504e+04 4.792552070133690575e-05 4.779751166011303118e-05 4.789890672517127887e-05 4.787397969554039849e-05
5.206455946135979320e+04 4.762617788938462027e-05 4.749681615069189058e-05 4.759958843431244177e-05 4.757419415812965313e-05
5.206465946130979137e+04 4.732819353760283254e-05 4.719745731043886169e-05 4.730163937260299141e-05 4.727576340688156414e-05
5.206475946125978953e+04 4.703147118569182031e-05 4.689933851709214438e-05 4.700496333773149092e-05 4.697859101350515413e-05
5.206485946120978770e+04 4.673500971862453146e-05 4.660145917056682008e-05 4.670855897271348735e-05 4.668167595396828415e-05
5.206495946115978586e+04 4.644026713085684568e-05 4.630527724836253767e-05 4.641388453996120572e-05 4.638647630639352969e-05
5.206505946110978402e+04 4.614643749210601387e-05 4.600998702518166548e-05 4.612013389023363611e-05 4.609218613584044300e-05
5.206515946105978219e+04 4.585434320118848199e-05 4.571641130181880317e-05 4.582812974130067915e-05 4.579962808143598810e-05
5.206525946100978035e+04 4.556332833124914205e-05 4.542389442543076893e-05 4.553721583936354777e-05 4.550814619868115066e-05
5.206535946095977852e+04 4.527283762707570171e-05 4.513188124281862534e-05 4.524683693018150996e-05 4.521718526669194567e-05
5.206545946090977668e+04 4.498449916404876719e-05 4.484200035432983514e-05 4.495862129111694770e-05 4.492837360316518334e-05
5.206555946085977484e+04 4.469742863774154136e-05 4.455336776755122009e-05 4.467168411880583471e-05 4.464082684136619421e-05
5.206565946080977301e+04 4.441123336752591822e-05 4.426559094787082827e-05 4.438563325152909098e-05 4.435415252230861475e-05
5.206575946075977117e+04 4.412712551969603627e-05 4.397988258054857539e-05 4.410168042366613102e-05 4.406956284130357412e-05
5.206585946070976934e+04 4.384417096080545800e-05 4.369530884615601416e-05 4.381889153372893491e-05 4.378612378023013569e-05
5.206595946065976750e+04 4.356258191604604421e-05 4.341208260785323991e-05 4.353747875991674802e-05 4.350404776127201072e-05
5.206605946060976567e+04 4.328231374760372675e-05 4.313015944086930932e-05 4.325739712144225990e-05 4.322329010330509640e-05
5.206615946055976383e+04 4.300382070654995580e-05 4.284999388626337195e-05 4.297910105432909908e-05 4.294430521571414679e-05
5.206625946050976199e+04 4.272737354752103293e-05 4.257185760661522241e-05 4.270286135522645551e-05 4.266736416978757028e-05
5.206635946045976016e+04 4.245141340094065396e-05 4.229419179742440382e-05 4.242711849662361793e-05 4.239090789832956083e-05
5.206645946040975832e+04 4.217782055665178682e-05 4.201887758746624194e-05 4.215375324725698200e-05 4.211681713045833692e-05
5.206655946035975649e+04 4.190551848847584685e-05 4.174483862361864038e-05 4.188168835406190954e-05 4.184401515538547237e-05
5.206665946030975465e+04 4.163482496382750367e-05 4.147239347123846614e-05 4.161124197334786491e-05 4.157282013613794491e-05
5.206675946025975281e+04 4.136574036951666511e-05 4.120154291817210374e-05 4.134241385602211626e-05 4.130323238123696170e-05
5.206685946020975098e+04 4.109786977151557596e-05 4.093189256337866061e-05 4.107480949695559874e-05 4.103485727728328070e-05
5.206695946015974914e+04 4.083216933774378322e-05 4.066439938374841949e-05 4.080938444316883624e-05 4.076865105488701072e-05
5.206705946010974731e+04 4.056822354666283830e-05 4.039864840477259104e-05 4.054572303807630278e-05 4.050419832983724404e-05
5.206715946005974547e+04 4.030570216977341045e-05 4.013430968497105254e-05 4.028349504316751741e-05 4.024116896597066691e-05
5.206725946000974363e+04 4.004544086353190621e-05 3.987221993172646332e-05 4.002353579492903991e-05 3.998039886339580315e-05
5.206735945995974180e+04 3.978593278421800258e-05 3.961087273937555491e-05 3.976433819563482782e-05 3.972038123974279736e-05
5.206745945990973996e+04 3.952915985742797489e-05 3.935225066350056810e-05 3.950788417185533921e-05 3.946309823092796073e-05
5.206755945985973813e+04 3.927328750622273570e-05 3.909451962216926944e-05 3.925233890267680571e-05 3.920671534368960136e-05
5.206765945980973629e+04 3.901871888979612613e-05 3.883808378652509128e-05 3.899810535628780289e-05 3.895163601086966892e-05
5.206775945975973445e+04 3.876701319433144760e-05 3.858450289379584237e-05 3.874674242188260917e-05 3.869941950333662627e-05
5.206785945970973262e+04 3.851631618932235975e-05 3.833192325647531614e-05 3.849639575593672818e-05 3.844821173391146577e-05
5.206795945965973078e+04 3.826753763867874646e-05 3.808125582540530368e-05 3.824797489437225590e-05 3.819892278615209975e-05
5.206805945960972895e+04 3.802053981368301003e-05 3.783236325495418557e-05 3.800134167749154101e-05 3.795141491537625005e-05
5.206815945955972711e+04 3.777552132830877286e-05 3.758544486105669716e-05 3.775669446425189484e-05 3.770588688453912162e-05
5.206825945950972527e+04 3.753181203697390111e-05 3.733983130712025802e-05 3.751336320703486715e-05 3.746166885037634887e-05
5.206835945945972344e+04 3.728984659208351365e-05 3.709595794155869450e-05 3.727178224328857266e-05 3.721919559231025575e-05
5.206845945940972160e+04 3.704990025631546899e-05 3.685410104702091933e-05 3.703222647469492807e-05 3.697874259267710546e-05
5.206855945935971977e+04 3.681172837385489316e-05 3.661401625576121477e-05 3.679445108341997963e-05 3.674006523767870037e-05
5.206865945930971793e+04 3.657524828131530144e-05 3.637562217929110955e-05 3.655837312108999883e-05 3.650308119389879876e-05
5.206875945925971610e+04 3.634013323854165393e-05 3.613859274251771927e-05 3.632366560054641055e-05 3.626746386053525899e-05
5.206885945920971426e+04 3.610682005709074503e-05 3.590336553598489521e-05 3.609076503435185591e-05 3.603365020914250097e-05
5.206895945915971242e+04 3.587536001114554685e-05 3.566999245188964514e-05 3.585972260066856791e-05 3.580169168790125556e-05
5.206905945910971059e+04 3.564566571117132993e-05 3.543838703066877992e-05 3.563045059998359805e-05 3.557150111394123823e-05
5.206915945905970875e+04 3.541781471187284506e-05 3.520862764203229949e-05 3.540302631399940713e-05 3.534315622263484830e-05
5.206925945900970692e+04 3.519109700840682337e-05 3.498000504114333879e-05 3.517673964185367449e-05 3.511594723046795007e-05
5.206935945895970508e+04 3.496626327811001698e-05 3.475327123027438259e-05 3.495234076792674816e-05 3.489062509210371591e-05
5.206945945890970324e+04 3.474337633154862229e-05 3.452848909613162224e-05 3.472989227575530200e-05 3.466725256781184433e-05
5.206955945885970141e+04 3.452213265805141308e-05 3.430535615493374223e-05 3.450909068364167812e-05 3.444552649887561114e-05
5.206965945880969957e+04 3.430287790789619161e-05 3.408421945391840380e-05 3.429028096294109630e-05 3.422579277491856616e-05
5.206975945875969774e+04 3.408464530958402210e-05 3.386411238072108880e-05 3.407249651506152980e-05 3.400708473512222034e-05
5.206985945870969590e+04 3.386868638429871081e-05 3.364628797237487141e-05 3.385698815828372388e-05 3.379065417165243537e-05
5.206995945865969406e+04 3.365384781614980900e-05 3.342959287715819650e-05 3.364260272662366393e-05 3.357534780664389433e-05
5.207005945860969223e+04 3.344105864323639239e-05 3.321495752201625659e-05 3.343026921520039503e-05 3.336209512681768133e-05
5.207015945855969039e+04 3.322949795844738129e-05 3.300156228084251029e-05 3.321916574000936497e-05 3.315007532643309229e-05
5.207025945850968856e+04 3.302012871157452602e-05 3.279036994459112454e-05 3.301025562069116964e-05 3.294025142561893781e-05
5.207035945845968672e+04 3.281165922093786232e-05 3.258009073034707348e-05 3.280224647068771978e-05 3.273133214065754960e-05
5.207045945840968488e+04 3.260517010260096071e-05 3.237180503441818192e-05 3.259621909396046024e-05 3.252439807699320548e-05
5.207055945835968305e+04 3.240051999227383023e-05 3.216537303530739766e-05 3.239203186927146764e-05 3.231930829895089625e-05
5.207065945830968121e+04 3.219743256090326470e-05 3.196051947901497900e-05 3.218940772862284339e-05 3.211578658951369796e-05
5.207075945825967938e+04 3.199538847794331002e-05 3.175672518609984915e-05 3.198782759735490153e-05 3.191331375379936034e-05
5.207085945820967754e+04 3.179505721526258721e-05 3.155466060233503759e-05 3.178796075438790396e-05 3.171255952399517399e-05
5.207095945815967571e+04 3.159648695406167554e-05 3.135437557683707813e-05 3.158985453599917750e-05 3.151357235563265050e-05
5.207105945810967387e+04 3.139919331218633569e-05 3.115538526970322087e-05 3.139302478890865342e-05 3.131586779026606548e-05
5.207115945805967203e+04 3.120354578041794295e-05 3.095806061848655285e-05 3.119784095293167358e-05 3.111981578394538528e-05
5.207125945800967020e+04 3.100943193826179032e-05 3.076229011775446056e-05 3.100419020461469606e-05 3.092530408687698231e-05
5.207135945795966836e+04 3.081713462885239121e-05 3.056835739665388009e-05 3.081235511807743659e-05 3.073261571452790263e-05
5.207145945790966653e+04 3.062569034769697550e-05 3.037529955371759521e-05 3.062137199881670310e-05 3.054078730007709692e-05
5.207155945785966469e+04 3.043616284234153783e-05 3.018418124244950273e-05 3.043230442237803180e-05 3.035088283572302977e-05
5.207165945780966285e+04 3.024819977038568136e-05 2.999465097345598840e-05 3.024479950940458053e-05 3.016255008441541337e-05
5.207175945775966102e+04 3.006122892180871365e-05 2.980613715374328364e-05 3.005828524678808613e-05 2.997521710744669560e-05
5.207185945770965918e+04 2.987618138455192302e-05 2.961957178521593131e-05 2.987369242852891619e-05 2.978981519943225910e-05
5.207195945765965735e+04 2.969257533974847867e-05 2.943447363104455367e-05 2.969053871978812108e-05 2.960586256352705227e-05
5.207205945760965551e+04 2.950981595045215083e-05 2.925024817631831855e-05 2.950823004946244004e-05 2.942276472541096981e-05
5.207215945755965367e+04 2.932890417848927017e-05 2.906789817167891577e-05 2.932776602163861637e-05 2.924152279060226856e-05
5.207225945750965184e+04 2.914977894119466907e-05 2.888736256167652924e-05 2.914908571046676786e-05 2.906207573777932319e-05
5.207235945745965000e+04 2.897144486087975957e-05 2.870764644456577961e-05 2.897119418422279655e-05 2.888342849655611304e-05
5.207245945740964817e+04 2.879471582318399430e-05 2.852956517586636390e-05 2.879490421573746071e-05 2.870639507159593738e-05
5.207255945735964633e+04 2.861892168715984456e-05 2.835244856481357789e-05 2.861954565892829431e-05 2.853030530363390559e-05
5.207265945730964449e+04 2.844477189950805776e-05 2.817700657103936498e-05 2.844582879839019769e-05 2.835586908964587348e-05
5.207275945725964266e+04 2.827161234231518748e-05 2.800258655650795478e-05 2.827309796250872926e-05 2.818243228711062384e-05
5.207285945720964082e+04 2.810028075454962230e-05 2.783002626837109396e-05 2.810219120801871385e-05 2.801083274364647783e-05
5.207295945715963899e+04 2.792979605992193016e-05 2.765834475332357080e-05 2.793212794860889465e-05 2.784008958728479628e-05
5.207305945710963715e+04 2.776061944419898713e-05 2.748800473895550664e-05 2.776336818025749653e-05 2.767066412113732671e-05
5.207315945705963532e+04 2.759274606963077044e-05 2.731900131971628907e-05 2.759590740002310376e-05 2.750255159645671770e-05
5.207325945700963348e+04 2.742638647579341308e-05 2.715154537513096564e-05 2.742995652747520869e-05 2.733596279279986021e-05
5.207335945695963164e+04 2.726146776964598044e-05 2.698556535202859596e-05 2.726544152576853633e-05 2.717082488248103532e-05
5.207345945690962981e+04 2.709685279910932412e-05 2.681992385553548099e-05 2.710122548164599585e-05 2.700600071209693478e-05
5.207355945685962797e+04 2.693468094798609483e-05 2.665676058437911887e-05 2.693944761896279746e-05 2.684362971710933931e-05
5.207365945680962614e+04 2.677277435463604007e-05 2.649389831287822107e-05 2.677793081196199729e-05 2.668153449315875168e-05
5.207375945675962430e+04 2.661245774106741669e-05 2.633266281998499536e-05 2.661799839892747932e-05 2.652103965332663159e-05
5.207385945670962246e+04 2.645354907178175708e-05 2.617287155140592147e-05 2.645946871013356343e-05 2.636196311110708179e-05
5.207395945665962063e+04 2.629528975269571192e-05 2.601376657090279348e-05 2.630158305255788536e-05 2.620354645871879692e-05
5.207405945660961879e+04 2.613835539807366444e-05 2.585602393477010125e-05 2.614501698845761863e-05 2.604646544043379139e-05
5.207415945655961696e+04 2.598250125742332807e-05 2.569939913853833434e-05 2.598952492744609609e-05 2.589047510780258503e-05
5.207425945650961512e+04 2.582799682082883422e-05 2.554416128137673378e-05 2.583537740835713557e-05 2.573584517018756560e-05
5.207435945645961328e+04 2.567481723805137961e-05 2.539028651386058920e-05 2.568254921713932621e-05 2.558255098968376275e-05
5.207445945640961145e+04 2.552211713356031502e-05 2.523692981854604159e-05 2.553019399734417753e-05 2.542974698315018031e-05
5.207455945635960961e+04 2.537090695349049875e-05 2.508510095170624795e-05 2.537932346480631675e-05 2.527844379000101889e-05
5.207465945630960778e+04 2.522065932016793574e-05 2.493427372241559549e-05 2.522940893919684171e-05 2.512811399392679324e-05
5.207475945625960594e+04 2.507187462504759584e-05 2.478494785037908219e-05 2.508095126773435683e-05 2.497925791438701049e-05
5.207485945620960410e+04 2.492403117143638400e-05 2.463660202276105876e-05 2.493342887577049233e-05 2.483135402332264729e-05
5.207495945615960227e+04 2.477701429837854166e-05 2.448912162965017093e-05 2.478672666542593798e-05 2.468428753115155019e-05
5.207505945610960043e+04 2.463094130771837961e-05 2.434262381392082939e-05 2.464096164752468393e-05 2.453817558972129538e-05
5.207515945605959860e+04 2.448569181853256583e-05 2.419698822162299199e-05 2.449601434997977914e-05 2.439289813004511006e-05
5.207525945600959676e+04 2.434201397624826443e-05 2.405296333414154187e-05 2.435263197447246538e-05 2.424920309495409056e-05
5.207535945595959492e+04 2.419918040002078826e-05 2.390982134273681860e-05 2.421008736499783191e-05 2.410636303591848185e-05
5.207545945590959309e+04 2.405731978333469016e-05 2.376769088084381448e-05 2.406850932505519508e-05 2.396450666307789652e-05
5.207555945585959125e+04 2.391645174479531134e-05 2.362659132809198859e-05 2.392791708432023075e-05 2.382365338573584130e-05
5.207565945580958942e+04 2.377628395520722156e-05 2.348623031725845462e-05 2.378801919242025295e-05 2.368351115496197524e-05
5.207575945575958758e+04 2.363757357350327926e-05 2.334736497327553491e-05 2.364957167556953687e-05 2.354483674078278142e-05
5.207585945570958575e+04 2.349972180080234853e-05 2.320939593433675314e-05 2.351197642663128368e-05 2.340703138725679851e-05
5.207595945565958391e+04 2.336213675285738774e-05 2.307173092017219930e-05 2.337464098553710583e-05 2.326950288618889875e-05
5.207605945560958207e+04 2.322608386119094840e-05 2.293563514527984545e-05 2.323883185557563025e-05 2.313351695401547357e-05
5.207615945555958024e+04 2.309109057323804366e-05 2.280063605906357862e-05 2.310407543548325976e-05 2.299860068926162622e-05
5.207625945550957840e+04 2.295687840403663372e-05 2.266645367777607800e-05 2.297009356910223980e-05 2.286447521697164938e-05
5.207635945545957657e+04 2.282378579533775285e-05 2.253342677390808595e-05 2.283722576207786067e-05 2.273147944377456423e-05
5.207645945540957473e+04 2.269113951875972491e-05 2.240088125724903805e-05 2.270479761034872461e-05 2.259893946211915801e-05
5.207655945535957289e+04 2.255950387003048939e-05 2.226938088248196310e-05 2.257337438033497312e-05 2.246741971094913848e-05
5.207665945530957106e+04 2.242871183753287746e-05 2.213875723211586519e-05 2.244278870960943268e-05 2.233675259308605732e-05
5.207675945525956922e+04 2.229910863694055308e-05 2.200935527865731568e-05 2.231338668966779230e-05 2.220728353508855143e-05
5.207685945520956739e+04 2.216971210158913202e-05 2.188019094368596628e-05 2.218418589301034195e-05 2.207802964609514336e-05
5.207695945515956555e+04 2.204116266217005739e-05 2.175190449763944440e-05 2.205582861901685465e-05 2.194963192627544989e-05
5.207705945510956371e+04 2.191381189122684748e-05 2.162484498340992779e-05 2.192866532966613775e-05 2.182244073476763993e-05
5.207715945505956188e+04 2.178651350620948923e-05 2.149786548217178122e-05 2.180155248884074225e-05 2.169531049240733643e-05
5.207725945500956004e+04 2.165999606925867387e-05 2.137169240629079029e-05 2.167521940197387527e-05 2.156896929250777981e-05
5.207735945495955821e+04 2.153389853711830835e-05 2.124596107191855163e-05 2.154930711570088520e-05 2.144305557491258285e-05
5.207745945490955637e+04 2.140785804757600148e-05 2.112030621030810094e-05 2.142345763021091861e-05 2.131720729603167480e-05
5.207755945485955453e+04 2.128159719756620127e-05 2.099444533396760821e-05 2.129740263189283574e-05 2.119114838780888400e-05
5.207765945480955270e+04 2.115311988712403082e-05 2.086636726143575394e-05 2.116918714697840550e-05 2.106289143184606342e-05
5.207775945475955086e+04 2.102925313560082368e-05 2.074313054408700248e-05 2.104562452197919809e-05 2.093933606722234367e-05
5.207785945470954903e+04 2.090911726591296229e-05 2.062364986530317102e-05 2.092572577622623799e-05 2.081949763581412603e-05
5.207795945465954719e+04 2.079066079355143732e-05 2.050587155214508804e-05 2.080748060264473012e-05 2.070133764944708516e-05
5.207805945460954536e+04 2.067345709198787317e-05 2.038936967765660045e-05 2.069047095258837960e-05 2.058443257407762000e-05
5.207815945455954352e+04 2.055730959605381726e-05 2.027394834367252267e-05 2.057450422457637477e-05 2.046858738810090490e-05
5.207825945450954168e+04 2.044210676606354494e-05 2.015949651453107666e-05 2.045947113417754748e-05 2.035369147159072302e-05
5.207835945445953985e+04 2.032777802892575696e-05 2.004594395316586884e-05 2.034530253742359275e-05 2.023967483983840618e-05
5.207845945440953801e+04 2.021427558713493003e-05 1.993324305009440108e-05 2.023195160487775547e-05 2.012649008070235880e-05
5.207855945435953618e+04 2.010156549397670780e-05 1.982135992061899300e-05 2.011938508186627796e-05 2.001410349882066071e-05
5.207865945430953434e+04 1.998962276777826246e-05 1.971026952708735121e-05 2.000757848774524847e-05 1.990249026087028851e-05
5.207875945425953250e+04 1.987842847173942393e-05 1.959995278571278723e-05 1.989651327473097978e-05 1.979163151072773144e-05
5.207885945420953067e+04 1.976796789312744773e-05 1.949039474677763552e-05 1.978617502410502828e-05 1.968151255467003605e-05
5.207895945415952883e+04 1.965822932683278243e-05 1.938158339718102437e-05 1.967655227076544808e-05 1.957212166492641265e-05
5.207905945410952700e+04 1.954920325319341214e-05 1.927350884527416423e-05 1.956763569105713030e-05 1.946344926317490335e-05
5.207915945405952516e+04 1.944088176409100352e-05 1.916616275594693972e-05 1.945941753986649668e-05 1.935548735330147997e-05
5.207925945400952332e+04 1.933325814733326167e-05 1.905953794301522489e-05 1.935189124900400909e-05 1.924822911311749855e-05
5.207935945395952149e+04 1.922632658979612271e-05 1.895362808036176724e-05 1.924505113034839158e-05 1.914166860016876164e-05
5.207945945390951965e+04 1.912008195627264327e-05 1.884842748378716179e-05 1.913889216269432984e-05 1.903580053425137604e-05
5.207955945385951782e+04 1.901451962501355438e-05 1.874393095854358517e-05 1.903340983229309102e-05 1.893062013861674127e-05
5.207965945380951598e+04 1.890963536964568819e-05 1.864013367826615388e-05 1.892860001177302647e-05 1.882612301989495618e-05
5.207975945375951414e+04 1.880542526122070505e-05 1.853703109900892263e-05 1.882445887218542211e-05 1.872230507747168213e-05
5.207985945370951231e+04 1.870188560760871051e-05 1.843461889664669992e-05 1.872098281440140268e-05 1.861916243955227330e-05
5.207995945365951047e+04 1.859901289310323405e-05 1.833289291347215509e-05 1.861816841771385395e-05 1.851669140809641549e-05
5.208005945360950864e+04 1.849680374337032133e-05 1.823184912715668891e-05 1.851601240278886564e-05 1.841488842443862755e-05
5.208015945355950680e+04 1.839525489750950816e-05 1.813148361780137039e-05 1.841451159972641618e-05 1.831375003834576152e-05
5.208025945350950497e+04 1.829436317849722927e-05 1.803179255038362902e-05 1.831366292450248564e-05 1.821327288446111464e-05
5.208035945345950313e+04 1.819412547933428218e-05 1.793277216090499656e-05 1.821346336711707263e-05 1.811345366911878605e-05
5.208045945340950129e+04 1.809453875291408334e-05 1.783441873926211538e-05 1.811390997146446308e-05 1.801428915454688840e-05
5.208055945335949946e+04 1.799559999453858325e-05 1.773672862475300849e-05 1.801499982984538505e-05 1.791577614971232786e-05
5.208065945330949762e+04 1.789730623790878865e-05 1.763969819908269476e-05 1.791673007096113669e-05 1.781791150265087337e-05
5.208075945325949579e+04 1.779965455011074077e-05 1.754332387733711438e-05 1.781909785689757630e-05 1.772069209478181048e-05
5.208085945320949395e+04 1.770264202305310325e-05 1.744760210942548366e-05 1.772210037656291417e-05 1.762411483634716703e-05
5.208095945315949211e+04 1.760626576903331393e-05 1.735252936964158977e-05 1.762573484025422999e-05 1.752817665964304569e-05
5.208105945310949028e+04 1.751052292175568799e-05 1.725810216269314400e-05 1.752999847667622860e-05 1.743287452037502246e-05
5.208115945305948844e+04 1.741541062932785137e-05 1.716431701168664653e-05 1.743488853193588982e-05 1.733820539098346257e-05
5.208125945300948661e+04 1.732092605173821229e-05 1.707117046460945178e-05 1.734040226402146359e-05 1.724416626012304255e-05
5.208135945295948477e+04 1.722706635999613471e-05 1.697865908747058365e-05 1.724653693994251412e-05 1.715075412913640970e-05
5.208145945290948293e+04 1.713382873600906094e-05 1.688677946417857983e-05 1.715328983860615238e-05 1.705796601293126438e-05
5.208155945285948110e+04 1.704121036506557201e-05 1.679552819501657163e-05 1.706065824430051005e-05 1.696579893479422128e-05
5.208165945280947926e+04 1.694920843989039180e-05 1.670490189571286518e-05 1.696863944375097823e-05 1.687424992645140948e-05
5.208175945275947743e+04 1.685782015656870516e-05 1.661489719435078910e-05 1.687723072904227112e-05 1.678331602665392405e-05
5.208185945270947559e+04 1.676704271201884529e-05 1.652551073284863720e-05 1.678642939409238718e-05 1.669299427965328876e-05
5.208195945265947375e+04 1.667687330452219760e-05 1.643673916348282189e-05 1.669623273118314520e-05 1.660328173306272156e-05
5.208205945260947192e+04 1.658730913180564583e-05 1.634857914898342284e-05 1.660663803304104273e-05 1.651417543794336934e-05
5.208215945255947008e+04 1.649834738897278222e-05 1.626102735845176943e-05 1.651764258776991531e-05 1.642567244506482345e-05
5.208225945250946825e+04 1.640998526801537273e-05 1.617408047287802352e-05 1.642924368136119319e-05 1.633776980741819874e-05
5.208235945245946641e+04 1.632221995794465397e-05 1.608773517627305955e-05 1.634143859382650136e-05 1.625046457601473491e-05
5.208245945240946457e+04 1.623504864067728059e-05 1.600198816055312744e-05 1.625422459808231363e-05 1.616375379977091174e-05
5.208255945235946274e+04 1.614846849248484939e-05 1.591683612098464823e-05 1.616759896240004969e-05 1.607763452528985024e-05
5.208265945230946090e+04 1.606247668411242972e-05 1.583227575831573869e-05 1.608155894252573454e-05 1.599210379498463658e-05
