52047.6594698101    5.8711299138e-05    5.8664223141e-05    5.8709118746e-05    5.869488034166667e-05
52047.7594697601    5.897931619099039e-05    5.8931954984132994e-05    5.8977131579992495e-05    5.896280091837195e-05
52047.8594697101    5.9246774765539256e-05    5.919912614782667e-05    5.9244585733543676e-05    5.9230162215636526e-05
52047.9594696601    5.951250764166814e-05    5.946456955010206e-05    5.9510313914675176e-05    5.949579703548179e-05
52048.059469610096    5.9776616270778466e-05    5.9728386490361845e-05    5.9774417592788366e-05    5.9759806784642885e-05
52048.159469560094    6.003931146623757e-05    5.999078785597217e-05    6.003710753225072e-05    6.002240228482016e-05
52048.25946951009    6.0300206670289066e-05    6.025138719817668e-05    6.0297997104305964e-05    6.0283196990923904e-05
52048.35946946009    6.0559408066032944e-05    6.05102905550758e-05    6.055719254205379e-05    6.054229705438751e-05
52048.45946941009    6.081694265983455e-05    6.076752511703471e-05    6.081472073386016e-05    6.0799729503576475e-05
52048.55946936009    6.107292533305003e-05    6.1023205690409504e-05    6.107069657908075e-05    6.105560920084675e-05
52048.659469310085    6.132574891283512e-05    6.12757251263559e-05    6.13235128618716e-05    6.130832896702088e-05
52048.75946926008    6.157810347500194e-05    6.152777361868538e-05    6.1575859596045e-05    6.156057889657743e-05
52048.85946921008    6.182760408994795e-05    6.177696608979686e-05    6.1825351869998e-05    6.180997401658094e-05
52048.95946916008    6.207455290203541e-05    6.20236048660504e-05    6.207229172609362e-05    6.20568164980598e-05
52049.05946911008    6.231899345486679e-05    6.22677334540506e-05    6.231672270793379e-05    6.230114987228373e-05
52049.159469060076    6.256202447119962e-05    6.251045058955381e-05    6.255974349127637e-05    6.25440728506766e-05
52049.259469010074    6.280209955433153e-05    6.275020993485751e-05    6.2799807641419e-05    6.278403904353601e-05
52049.35946896007    6.303935441750738e-05    6.298714727020613e-05    6.303705076860713e-05    6.302118415210687e-05
52049.45946891007    6.327390482397822e-05    6.322137836885209e-05    6.327158865709088e-05    6.325562394997374e-05
52049.55946886007    6.350578223409634e-05    6.345293469114678e-05    6.350345271222322e-05    6.348738987915545e-05
52049.65946881007    6.373511312860594e-05    6.368194286083332e-05    6.373276931774883e-05    6.371660843572937e-05
52049.759468760065    6.396198828372578e-05    6.39084935961323e-05    6.395962923388578e-05    6.394337037124795e-05
52049.85946871006    6.418437660864437e-05    6.413055587623099e-05    6.418200133082288e-05    6.416564460523275e-05
52049.95946866006    6.440460543150849e-05    6.43504571322753e-05    6.440221284270757e-05    6.438575846883045e-05
52050.05946861006    6.462120362273807e-05    6.456672619768771e-05    6.461879261795907e-05    6.460224081279496e-05
52050.15946856006    6.483489439576636e-05    6.478008635889917e-05    6.483246380401121e-05    6.481581485289226e-05
52050.259468510056    6.504492169154719e-05    6.498978166986315e-05    6.504247027381794e-05    6.50257245450761e-05
52050.359468460054    6.525199433663273e-05    6.51965209401331e-05    6.524952078893145e-05    6.523267868856577e-05
52050.45946841005    6.545461446822228e-05    6.539880644590719e-05    6.545211742655119e-05    6.543517944689356e-05
52050.55946836005    6.56542159596829e-05    6.559807203755361e-05    6.565169402704381e-05    6.563466067476009e-05
52050.65946831005    6.585075877474871e-05    6.579427779580475e-05    6.584821043414485e-05    6.583108233489944e-05
52050.75946826005    6.604272966134438e-05    6.598591046758689e-05    6.604015339077729e-05    6.602293117323619e-05
52050.859468210045    6.623079849579311e-05    6.617364008322079e-05    6.62281926632661e-05    6.621087708076e-05
52050.95946816004    6.641406552117749e-05    6.635656684479169e-05    6.641142845469284e-05    6.639402027355401e-05
52051.05946811004    6.65945990248275e-05    6.653675918462748e-05    6.659192894438874e-05    6.657442905128123e-05
52051.15946806004    6.677005338343596e-05    6.671187148942212e-05    6.676734849904506e-05    6.674975779063438e-05
52051.25946801004    6.694149198699405e-05    6.6882967275165e-05    6.693875035665549e-05    6.692106987293817e-05
52051.359467960036    6.710865660851597e-05    6.70497883968706e-05    6.710587626823209e-05    6.708810709120622e-05
52051.459467910034    6.727195773217166e-05    6.721274532671157e-05    6.726913665094576e-05    6.725127990327633e-05
52051.55946786003    6.743029735127356e-05    6.737074019299648e-05    6.74274333881098e-05    6.740949031079329e-05
52051.65946781003    6.758406530052833e-05    6.752416293243279e-05    6.758115626542981e-05    6.756312816613031e-05
52051.75946776003    6.773364789144665e-05    6.767339982053382e-05    6.773069153241682e-05    6.771257974813243e-05
52051.85946771003    6.787783502196409e-05    6.781724093623066e-05    6.78748289830074e-05    6.785663498040072e-05
52051.959467660025    6.801686805782849e-05    6.795592767627377e-05    6.80138099069489e-05    6.799553521368372e-05
52052.05946761002    6.815222054314411e-05    6.809093361376844e-05    6.814910778434552e-05    6.813075398041936e-05
52052.15946756002    6.828197320645919e-05    6.822033963525892e-05    6.827880325974596e-05    6.826037203382135e-05
52052.25946751002    6.840685851453535e-05    6.834487826450925e-05    6.84036286939125e-05    6.838512182431903e-05
52052.35946746002    6.852689270521991e-05    6.846456580036625e-05    6.852360028369104e-05    6.850501959642574e-05
52052.459467410015    6.864136072467342e-05    6.857868721599221e-05    6.863800290124313e-05    6.861935028063624e-05
52052.55946736001    6.875097044447115e-05    6.868795054095813e-05    6.874754430114506e-05    6.872882176219144e-05
52052.65946731001    6.885499375432388e-05    6.879162777997598e-05    6.8851496289107e-05    6.883270594113562e-05
52052.75946726001    6.895336804536726e-05    6.888965622018676e-05    6.894979625326266e-05    6.893094017293888e-05
52052.85946721001    6.904689605218725e-05    6.89828387371703e-05    6.904324680020128e-05    6.90243271965196e-05
52052.959467160006    6.913549412216129e-05    6.907109187330199e-05    6.913176414530047e-05    6.911278338025458e-05
52053.059467110004    6.921774184623814e-05    6.915299517953774e-05    6.921392790050536e-05    6.919488830876041e-05
52053.15946706    6.929507868816134e-05    6.922998814561828e-05    6.929117740956309e-05    6.927208141444757e-05
52053.25946701    6.936606393434505e-05    6.930063024995339e-05    6.936207187488701e-05    6.934292201972848e-05
52053.35946696    6.943206888186211e-05    6.936629271762279e-05    6.942798254454903e-05    6.940878138134463e-05
52053.45946691    6.949171163830355e-05    6.942559382521172e-05    6.948752743814169e-05    6.946827763388566e-05
52053.559466859995    6.954644954117914e-05    6.947999086123507e-05    6.954216383517369e-05    6.952286807919597e-05
52053.65946680999    6.959479583256293e-05    6.952799725176034e-05    6.959040487572059e-05    6.957106598668128e-05
52053.75946675999    6.963819585125532e-05    6.95710582475959e-05    6.96336958895801e-05    6.961431666281044e-05
52053.85946670999    6.967517770252708e-05    6.960770209900547e-05    6.96705648640264e-05    6.965114822185298e-05
52053.95946665999    6.970580885412155e-05    6.963799623273766e-05    6.970107924179995e-05    6.968162810955304e-05
52054.059466609986    6.973148790624623e-05    6.966333938999525e-05    6.97266375341107e-05    6.970715494345073e-05
52054.159466559984    6.97507813339469e-05    6.968229796383006e-05    6.974580618900217e-05    6.972629516225971e-05
52054.25946650998    6.976370698844454e-05    6.969488999045467e-05    6.975860295069818e-05    6.973906664319913e-05
52054.35946645998    6.977169432642805e-05    6.970254481356737e-05    6.976645729588334e-05    6.974689881195959e-05
52054.45946640998    6.977261190280933e-05    6.970313102707608e-05    6.976723766647451e-05    6.974766019878664e-05
52054.55946635998    6.97685960595573e-05    6.969878500494887e-05    6.976308040643635e-05    6.974348715698084e-05
52054.659466309975    6.975821760726704e-05    6.968807757778159e-05    6.975255625936655e-05    6.973295048147173e-05
52054.75946625997    6.974150603529052e-05    6.96710382409266e-05    6.973569464061737e-05    6.971607963894483e-05
52054.85946620997    6.971917718587502e-05    6.964838282663179e-05    6.971321139843337e-05    6.96935904703134e-05
52054.95946615997    6.969053011763479e-05    6.961941031851342e-05    6.96844056214277e-05    6.966478201919197e-05
52055.05946610997    6.965557477740221e-05    6.958413068940133e-05    6.964928711843945e-05    6.9629664195081e-05
52055.159466059966    6.961504149906225e-05    6.954327432017861e-05    6.960858619934902e-05    6.958896733952996e-05
52055.259466009964    6.956891357093381e-05    6.949682437217102e-05    6.956228626047046e-05    6.95426747345251e-05
52055.35946595996    6.951579512709078e-05    6.944338489645061e-05    6.950899131488616e-05    6.948939044614252e-05
52055.45946590996    6.945717721418939e-05    6.938444698066995e-05    6.945019244324704e-05    6.943060554603545e-05
52055.55946585996    6.93930075318016e-05    6.931995824640461e-05    6.938583729312786e-05    6.93662676904447e-05
52055.65946580996    6.932260034240225e-05    6.924923293112776e-05    6.931524012700161e-05    6.929569113351055e-05
52055.759465759955    6.9246003586293e-05    6.917231879214747e-05    6.923844900816499e-05    6.921892379553516e-05
52055.85946570995    6.91639566050581e-05    6.908995513004248e-05    6.915620315921197e-05    6.913670496477084e-05
52055.95946565995    6.907572017486493e-05    6.90014026729802e-05    6.90677634313019e-05    6.904829542638235e-05
52056.05946560995    6.89813509586598e-05    6.890671793391222e-05    6.897318651338357e-05    6.89537518019852e-05
52056.15946555995    6.888158140037368e-05    6.880663325176695e-05    6.887320480439044e-05    6.885380648551035e-05
52056.259465509946    6.877639087336938e-05    6.870112784090989e-05    6.87677978476762e-05    6.874843885398516e-05
52056.359465459944    6.866448519997328e-05    6.858890744466391e-05    6.86556713585789e-05    6.86363546677387e-05
52056.45946540994    6.854793204753338e-05    6.847203961737957e-05    6.853889309743853e-05    6.85196215874505e-05
52056.55946535994    6.842533865361376e-05    6.834913133362687e-05    6.841607047781468e-05    6.83968468216851e-05
52056.65946530994    6.829675927629932e-05    6.822023676948325e-05    6.828725764380528e-05    6.826808456319594e-05
52056.75946525994    6.816292592165309e-05    6.808608773501704e-05    6.815318678545991e-05    6.813406681404335e-05
52056.859465209935    6.802387647151964e-05    6.794672192107289e-05    6.801389578663129e-05    6.79948313930746e-05
52056.95946515993    6.787958409270327e-05    6.780211235445271e-05    6.786935784312221e-05    6.785035143009273e-05
52057.05946510993    6.772941280031754e-05    6.765162276627798e-05    6.771893721603669e-05    6.769999092754407e-05
52057.15946505993    6.757410267451701e-05    6.749599302169947e-05    6.756337399553947e-05    6.754448989725199e-05
52057.25946500993    6.74136574266679e-05    6.733522664408271e-05    6.740267195999417e-05    6.738385201024826e-05
52057.359464959925    6.724744806429338e-05    6.716869446995e-05    6.723620217392412e-05    6.721744823605583e-05
52057.45946490992    6.707689727530257e-05    6.699781876422407e-05    6.706538758122942e-05    6.70467012069187e-05
52057.55946485992    6.690131680955852e-05    6.682191116075241e-05    6.68895399457839e-05    6.687092263869827e-05
52057.65946480992    6.672011738932211e-05    6.664038212080372e-05    6.670807009584413e-05    6.668952320199e-05
52057.75946475992    6.65344532453968e-05    6.645438540919211e-05    6.652213259920162e-05    6.650365708459684e-05
52057.859464709916    6.634412559607786e-05    6.62637222381901e-05    6.63315285121767e-05    6.631312544881488e-05
52057.959464659914    6.614908226791044e-05    6.60683398973699e-05    6.613620598628936e-05    6.611787605052324e-05
52058.05946460991    6.594943583000186e-05    6.586835074882347e-05    6.593627770665817e-05    6.59180214284945e-05
52058.15946455991    6.574499619549338e-05    6.566356446269326e-05    6.573155369342382e-05    6.571337145053682e-05
52058.25946450991    6.553602044313668e-05    6.54542375967464e-05    6.552229132732777e-05    6.550418312240362e-05
52058.35946445991    6.53232229608769e-05    6.524108428291425e-05    6.530920508732572e-05    6.529117077703896e-05
52058.459464409905    6.510607034468081e-05    6.502357102715607e-05    6.50917615483912e-05    6.507380097340936e-05
52058.5594643599    6.488406931050801e-05    6.480120370847127e-05    6.486946802344935e-05    6.485158034747622e-05
52058.6594643099    6.465858616104523e-05    6.457534865150092e-05    6.464369070222527e-05    6.462587517159048e-05
52058.7594642599    6.442902846593535e-05    6.434541295591519e-05    6.441383726134985e-05    6.439609289440012e-05
52058.8594642099    6.419539860776486e-05    6.41113985293015e-05    6.417991064138413e-05    6.416223592615016e-05
52058.959464159896    6.395750579720483e-05    6.387311420732565e-05    6.394172010502665e-05    6.392411336985237e-05
52059.059464109894    6.371649900789428e-05    6.363170885061346e-05    6.370041452292608e-05    6.36828741271446e-05
52059.15946405989    6.347182571524996e-05    6.338662927261227e-05    6.345544199145683e-05    6.343796565977302e-05
52059.25946400989    6.322389672142409e-05    6.313828572646905e-05    6.320721357879103e-05    6.318979867556139e-05
52059.35946395989    6.297187625149605e-05    6.288584233123767e-05    6.295489341902823e-05    6.293753733392067e-05
52059.45946390989    6.271782757342577e-05    6.263136186090248e-05    6.270054510410501e-05    6.268324484614441e-05
52059.559463859885    6.245906028922795e-05    6.237215360046701e-05    6.244147848603895e-05    6.242423079191132e-05
52059.65946380988    6.21980858220587e-05    6.21107282041155e-05    6.218020542197517e-05    6.216300648271646e-05
52059.75946375988    6.19338211996128e-05    6.184600268649803e-05    6.191564290363618e-05    6.189848892991567e-05
52059.85946370988    6.166698697549519e-05    6.157869678126883e-05    6.164851191859827e-05    6.163139855845408e-05
52059.95946365988    6.139710118431865e-05    6.130832846899434e-05    6.137833055549668e-05    6.136125340293656e-05
52060.059463609876    6.112446111830785e-05    6.103519434094084e-05    6.110539671452257e-05    6.108835072459041e-05
52060.159463559874    6.084929508652685e-05    6.075952249814126e-05    6.082993849678914e-05    6.0812918693819084e-05
52060.25946350987    6.0571486550595515e-05    6.048119586323701e-05    6.055183982287488e-05    6.053484074556914e-05
52060.35946345987    6.029157878751961e-05    6.02007570932393e-05    6.0271644441783716e-05    6.025466010751421e-05
52060.45946340987    6.000925979408554e-05    5.9917894042906496e-05    5.998904039432965e-05    5.9972064743773894e-05
52060.55946335987    5.9724617435108486e-05    5.9632694054076975e-05    5.970411578531426e-05    5.968714242483324e-05
52060.659463309865    5.943819215234377e-05    5.9345697107503364e-05    5.941741141448516e-05    5.940043355811076e-05
52060.75946325986    5.9149932814692947e-05    5.905685167508364e-05    5.912887643374823e-05    5.9111886974508276e-05
52060.85946320986    5.885968764989398e-05    5.876600548256333e-05    5.8838359336842144e-05    5.882135082309982e-05
52060.95946315986    5.856710706303262e-05    5.847280878000525e-05    5.854551052187015e-05    5.852847545496934e-05
52061.05946310986    5.827349694959725e-05    5.817856684093118e-05    5.82516364632822e-05    5.8234566751270214e-05
52061.159463059856    5.797838676468565e-05    5.788280870342416e-05    5.795626677120302e-05    5.793915407977094e-05
52061.259463009854    5.76811385306377e-05    5.758489597482508e-05    5.7658763864956025e-05    5.764159945680627e-05
52061.35946295985    5.7382820867212915e-05    5.728589689789084e-05    5.7360196573312796e-05    5.734297144613886e-05
52061.45946290985    5.7083742759148046e-05    5.698612024734932e-05    5.706087400001674e-05    5.704357900217138e-05
52061.55946285985    5.678327881801027e-05    5.6684940120787054e-05    5.6760171131616296e-05    5.674279669013787e-05
52061.65946280985    5.648114756798275e-05    5.638207456338627e-05    5.645780681329811e-05    5.644034298155571e-05
52061.759462759845    5.617833219427737e-05    5.6078506681331265e-05    5.615476423729569e-05    5.6137201037634776e-05
52061.85946270984    5.5874885957479e-05    5.577428913824385e-05    5.5851097185157435e-05    5.583342409362675e-05
52061.95946265984    5.557052735313146e-05    5.546914019964171e-05    5.554652438944645e-05    5.552873064740654e-05
52062.05946260984    5.526556308522988e-05    5.516336630152547e-05    5.524135257717358e-05    5.5223427321309634e-05
52062.15946255984    5.495937907117357e-05    5.485635296330192e-05    5.493496820470006e-05    5.491690007972518e-05
52062.259462509835    5.465304582615551e-05    5.454917049015156e-05    5.462844160627079e-05    5.461021930752596e-05
52062.35946245983    5.4346195138046256e-05    5.424145026995844e-05    5.432140526969169e-05    5.430301689256547e-05
52062.45946240983    5.4038902855464226e-05    5.393326806032135e-05    5.4013934964638337e-05    5.399536862680797e-05
52062.55946235983    5.373158147927693e-05    5.3625035879134484e-05    5.370644362993925e-05    5.368768699611689e-05
52062.65946230983    5.342398606351633e-05    5.331650873739849e-05    5.339868618866865e-05    5.337972699652782e-05
52062.759462259826    5.3115742490255126e-05    5.300731231319816e-05    5.309028899885356e-05    5.3071114600768945e-05
52062.859462209824    5.2807613599657634e-05    5.269820895172027e-05    5.2782015171673166e-05    5.2762612574350356e-05
52062.95946215982    5.249981738595781e-05    5.2389416770151244e-05    5.247408274137857e-05    5.2454438965829204e-05
52063.05946210982    5.2192224265532676e-05    5.208080572691572e-05    5.2166362452324964e-05    5.214646414825779e-05
52063.15946205982    5.1884049764416214e-05    5.1771591469000496e-05    5.1858069854568985e-05    5.1837903695995225e-05
52063.25946200982    5.157643240603913e-05    5.146291226786606e-05    5.1550343710524675e-05    5.152989612814329e-05
52063.359461959815    5.126914252282966e-05    5.1154538284933654e-05    5.1242954776605266e-05    5.122221186145619e-05
52063.45946190981    5.096251641234679e-05    5.0846805927743616e-05    5.093623880944567e-05    5.091518704984535e-05
52063.55946185981    5.065581053800716e-05    5.053897124975047e-05    5.062945310135411e-05    5.060807829637058e-05
52063.65946180981    5.035018132724002e-05    5.023219080834204e-05    5.032375404182806e-05    5.030204205913671e-05
52063.75946175981    5.004408173393294e-05    4.992491741042785e-05    5.001759486872922e-05    4.999553133769668e-05
52063.859461709806    4.9739662850827435e-05    4.961930240771684e-05    4.9713126235857254e-05    4.969069716480052e-05
52063.959461659804    4.943499368013957e-05    4.9313414431474775e-05    4.940841795332719e-05    4.938560868831384e-05
52064.0594616098    4.913157454426913e-05    4.9008754123049145e-05    4.91049698266464e-05    4.908176616465489e-05
52064.1594615598    4.882835021393699e-05    4.870426608819665e-05    4.880172733343541e-05    4.8778114545189685e-05
52064.2594615098    4.8526403321511675e-05    4.840103317125582e-05    4.849977267115653e-05    4.847573638797468e-05
52064.3594614598    4.8225847043058754e-05    4.809916861930245e-05    4.8199219191824946e-05    4.817474495139538e-05
52064.459461409795    4.7925520701336906e-05    4.779751166011303e-05    4.789890672517128e-05    4.78739796955404e-05
52064.55946135979    4.762617788938462e-05    4.749681615069189e-05    4.759958843431244e-05    4.757419415812965e-05
52064.65946130979    4.732819353760283e-05    4.719745731043886e-05    4.730163937260299e-05    4.7275763406881564e-05
52064.75946125979    4.703147118569182e-05    4.6899338517092144e-05    4.700496333773149e-05    4.6978591013505154e-05
52064.85946120979    4.673500971862453e-05    4.660145917056682e-05    4.670855897271349e-05    4.6681675953968284e-05
52064.959461159786    4.6440267130856846e-05    4.630527724836254e-05    4.6413884539961206e-05    4.638647630639353e-05
52065.059461109784    4.6146437492106014e-05    4.6009987025181665e-05    4.6120133890233636e-05    4.609218613584044e-05
52065.15946105978    4.585434320118848e-05    4.57164113018188e-05    4.582812974130068e-05    4.579962808143599e-05
52065.25946100978    4.556332833124914e-05    4.542389442543077e-05    4.553721583936355e-05    4.550814619868115e-05
52065.35946095978    4.52728376270757e-05    4.5131881242818625e-05    4.524683693018151e-05    4.5217185266691946e-05
52065.45946090978    4.498449916404877e-05    4.4842000354329835e-05    4.495862129111695e-05    4.492837360316518e-05
52065.559460859775    4.469742863774154e-05    4.455336776755122e-05    4.4671684118805835e-05    4.4640826841366194e-05
52065.65946080977    4.441123336752592e-05    4.426559094787083e-05    4.438563325152909e-05    4.4354152522308615e-05
52065.75946075977    4.4127125519696036e-05    4.3979882580548575e-05    4.410168042366613e-05    4.4069562841303574e-05
52065.85946070977    4.384417096080546e-05    4.3695308846156014e-05    4.3818891533728935e-05    4.3786123780230136e-05
52065.95946065977    4.3562581916046044e-05    4.341208260785324e-05    4.353747875991675e-05    4.350404776127201e-05
52066.059460609766    4.328231374760373e-05    4.313015944086931e-05    4.325739712144226e-05    4.3223290103305096e-05
52066.159460559764    4.3003820706549956e-05    4.284999388626337e-05    4.29791010543291e-05    4.294430521571415e-05
52066.25946050976    4.272737354752103e-05    4.257185760661522e-05    4.2702861355226456e-05    4.266736416978757e-05
52066.35946045976    4.2451413400940654e-05    4.2294191797424404e-05    4.242711849662362e-05    4.239090789832956e-05
52066.45946040976    4.217782055665179e-05    4.201887758746624e-05    4.215375324725698e-05    4.211681713045834e-05
52066.55946035976    4.190551848847585e-05    4.174483862361864e-05    4.188168835406191e-05    4.184401515538547e-05
52066.659460309755    4.1634824963827504e-05    4.1472393471238466e-05    4.1611241973347865e-05    4.1572820136137945e-05
52066.75946025975    4.1365740369516665e-05    4.1201542918172104e-05    4.1342413856022116e-05    4.130323238123696e-05
52066.85946020975    4.1097869771515576e-05    4.093189256337866e-05    4.10748094969556e-05    4.103485727728328e-05
52066.95946015975    4.083216933774378e-05    4.066439938374842e-05    4.0809384443168836e-05    4.076865105488701e-05
52067.05946010975    4.056822354666284e-05    4.039864840477259e-05    4.05457230380763e-05    4.0504198329837244e-05
52067.159460059745    4.030570216977341e-05    4.013430968497105e-05    4.028349504316752e-05    4.024116896597067e-05
52067.25946000974    4.0045440863531906e-05    3.987221993172646e-05    4.002353579492904e-05    3.99803988633958e-05
52067.35945995974    3.9785932784218e-05    3.9610872739375555e-05    3.976433819563483e-05    3.97203812397428e-05
52067.45945990974    3.9529159857427975e-05    3.935225066350057e-05    3.950788417185534e-05    3.946309823092796e-05
52067.55945985974    3.9273287506222736e-05    3.909451962216927e-05    3.9252338902676806e-05    3.92067153436896e-05
52067.659459809736    3.9018718889796126e-05    3.883808378652509e-05    3.89981053562878e-05    3.895163601086967e-05
52067.759459759734    3.876701319433145e-05    3.858450289379584e-05    3.874674242188261e-05    3.8699419503336626e-05
52067.85945970973    3.851631618932236e-05    3.8331923256475316e-05    3.849639575593673e-05    3.8448211733911466e-05
52067.95945965973    3.8267537638678746e-05    3.8081255825405304e-05    3.8247974894372256e-05    3.81989227861521e-05
52068.05945960973    3.802053981368301e-05    3.7832363254954186e-05    3.800134167749154e-05    3.795141491537625e-05
52068.15945955973    3.777552132830877e-05    3.75854448610567e-05    3.7756694464251895e-05    3.770588688453912e-05
52068.259459509725    3.75318120369739e-05    3.733983130712026e-05    3.751336320703487e-05    3.746166885037635e-05
52068.35945945972    3.7289846592083514e-05    3.7095957941558694e-05    3.727178224328857e-05    3.7219195592310256e-05
52068.45945940972    3.704990025631547e-05    3.685410104702092e-05    3.703222647469493e-05    3.6978742592677105e-05
52068.55945935972    3.681172837385489e-05    3.6614016255761215e-05    3.679445108341998e-05    3.67400652376787e-05
52068.65945930972    3.65752482813153e-05    3.637562217929111e-05    3.655837312109e-05    3.65030811938988e-05
52068.759459259716    3.6340133238541654e-05    3.613859274251772e-05    3.632366560054641e-05    3.626746386053526e-05
52068.859459209714    3.6106820057090745e-05    3.5903365535984895e-05    3.6090765034351856e-05    3.60336502091425e-05
52068.95945915971    3.587536001114555e-05    3.5669992451889645e-05    3.585972260066857e-05    3.5801691687901256e-05
52069.05945910971    3.564566571117133e-05    3.543838703066878e-05    3.56304505999836e-05    3.557150111394124e-05
52069.15945905971    3.5417814711872845e-05    3.52086276420323e-05    3.540302631399941e-05    3.534315622263485e-05
52069.25945900971    3.519109700840682e-05    3.498000504114334e-05    3.5176739641853674e-05    3.511594723046795e-05
52069.359458959705    3.496626327811002e-05    3.475327123027438e-05    3.495234076792675e-05    3.4890625092103716e-05
52069.4594589097    3.474337633154862e-05    3.452848909613162e-05    3.47298922757553e-05    3.4667252567811844e-05
52069.5594588597    3.452213265805141e-05    3.430535615493374e-05    3.450909068364168e-05    3.444552649887561e-05
52069.6594588097    3.430287790789619e-05    3.4084219453918404e-05    3.4290280962941096e-05    3.4225792774918566e-05
52069.7594587597    3.408464530958402e-05    3.386411238072109e-05    3.407249651506153e-05    3.400708473512222e-05
52069.859458709696    3.386868638429871e-05    3.364628797237487e-05    3.3856988158283724e-05    3.3790654171652435e-05
52069.959458659694    3.365384781614981e-05    3.3429592877158196e-05    3.3642602726623664e-05    3.3575347806643894e-05
52070.05945860969    3.344105864323639e-05    3.3214957522016257e-05    3.3430269215200395e-05    3.336209512681768e-05
52070.15945855969    3.322949795844738e-05    3.300156228084251e-05    3.3219165740009365e-05    3.315007532643309e-05
52070.25945850969    3.3020128711574526e-05    3.2790369944591125e-05    3.301025562069117e-05    3.294025142561894e-05
52070.35945845969    3.281165922093786e-05    3.2580090730347073e-05    3.280224647068772e-05    3.273133214065755e-05
52070.459458409685    3.260517010260096e-05    3.237180503441818e-05    3.259621909396046e-05    3.2524398076993205e-05
52070.55945835968    3.240051999227383e-05    3.21653730353074e-05    3.239203186927147e-05    3.2319308298950896e-05
52070.65945830968    3.2197432560903265e-05    3.196051947901498e-05    3.2189407728622843e-05    3.21157865895137e-05
52070.75945825968    3.199538847794331e-05    3.175672518609985e-05    3.19878275973549e-05    3.191331375379936e-05
52070.85945820968    3.179505721526259e-05    3.155466060233504e-05    3.1787960754387904e-05    3.1712559523995174e-05
52070.959458159676    3.1596486954061676e-05    3.135437557683708e-05    3.158985453599918e-05    3.151357235563265e-05
52071.059458109674    3.1399193312186336e-05    3.115538526970322e-05    3.1393024788908653e-05    3.1315867790266065e-05
52071.15945805967    3.120354578041794e-05    3.095806061848655e-05    3.1197840952931674e-05    3.1119815783945385e-05
52071.25945800967    3.100943193826179e-05    3.076229011775446e-05    3.1004190204614696e-05    3.092530408687698e-05
52071.35945795967    3.081713462885239e-05    3.056835739665388e-05    3.0812355118077437e-05    3.07326157145279e-05
52071.45945790967    3.0625690347696975e-05    3.0375299553717595e-05    3.06213719988167e-05    3.05407873000771e-05
52071.559457859665    3.0436162842341538e-05    3.0184181242449503e-05    3.0432304422378032e-05    3.035088283572303e-05
52071.65945780966    3.024819977038568e-05    2.999465097345599e-05    3.024479950940458e-05    3.0162550084415413e-05
52071.75945775966    3.0061228921808714e-05    2.9806137153743284e-05    3.0058285246788086e-05    2.9975217107446696e-05
52071.85945770966    2.9876181384551923e-05    2.961957178521593e-05    2.9873692428528916e-05    2.978981519943226e-05
52071.95945765966    2.969257533974848e-05    2.9434473631044554e-05    2.969053871978812e-05    2.9605862563527052e-05
52072.059457609656    2.950981595045215e-05    2.925024817631832e-05    2.950823004946244e-05    2.942276472541097e-05
52072.159457559654    2.932890417848927e-05    2.9067898171678916e-05    2.9327766021638616e-05    2.924152279060227e-05
52072.25945750965    2.914977894119467e-05    2.888736256167653e-05    2.9149085710466768e-05    2.9062075737779323e-05
52072.35945745965    2.897144486087976e-05    2.870764644456578e-05    2.8971194184222797e-05    2.8883428496556113e-05
52072.45945740965    2.8794715823183994e-05    2.8529565175866364e-05    2.879490421573746e-05    2.8706395071595937e-05
52072.559457359646    2.8618921687159845e-05    2.8352448564813578e-05    2.8619545658928294e-05    2.8530305303633906e-05
52072.659457309644    2.8444771899508058e-05    2.8177006571039365e-05    2.8445828798390198e-05    2.8355869089645873e-05
52072.75945725964    2.8271612342315187e-05    2.8002586556507955e-05    2.827309796250873e-05    2.8182432287110624e-05
52072.85945720964    2.8100280754549622e-05    2.7830026268371094e-05    2.8102191208018714e-05    2.8010832743646478e-05
52072.95945715964    2.792979605992193e-05    2.765834475332357e-05    2.7932127948608895e-05    2.7840089587284796e-05
52073.05945710964    2.7760619444198987e-05    2.7488004738955507e-05    2.7763368180257497e-05    2.7670664121137327e-05
52073.159457059635    2.759274606963077e-05    2.731900131971629e-05    2.7595907400023104e-05    2.7502551596456718e-05
52073.25945700963    2.7426386475793413e-05    2.7151545375130966e-05    2.742995652747521e-05    2.733596279279986e-05
52073.35945695963    2.726146776964598e-05    2.6985565352028596e-05    2.7265441525768536e-05    2.7170824882481035e-05
52073.45945690963    2.7096852799109324e-05    2.681992385553548e-05    2.7101225481645996e-05    2.7006000712096935e-05
52073.55945685963    2.6934680947986095e-05    2.665676058437912e-05    2.6939447618962797e-05    2.684362971710934e-05
52073.659456809626    2.677277435463604e-05    2.649389831287822e-05    2.6777930811961997e-05    2.668153449315875e-05
52073.759456759624    2.6612457741067417e-05    2.6332662819984995e-05    2.661799839892748e-05    2.652103965332663e-05
52073.85945670962    2.6453549071781757e-05    2.617287155140592e-05    2.6459468710133563e-05    2.6361963111107082e-05
52073.95945665962    2.6295289752695712e-05    2.6013766570902793e-05    2.6301583052557885e-05    2.6203546458718797e-05
52074.05945660962    2.6138355398073664e-05    2.58560239347701e-05    2.614501698845762e-05    2.604646544043379e-05
52074.15945655962    2.5982501257423328e-05    2.5699399138538334e-05    2.5989524927446096e-05    2.5890475107802585e-05
52074.259456509615    2.5827996820828834e-05    2.5544161281376734e-05    2.5835377408357136e-05    2.5735845170187566e-05
52074.35945645961    2.567481723805138e-05    2.539028651386059e-05    2.5682549217139326e-05    2.5582550989683763e-05
52074.45945640961    2.5522117133560315e-05    2.523692981854604e-05    2.5530193997344178e-05    2.542974698315018e-05
52074.55945635961    2.53709069534905e-05    2.5085100951706248e-05    2.5379323464806317e-05    2.527844379000102e-05
52074.65945630961    2.5220659320167936e-05    2.4934273722415595e-05    2.5229408939196842e-05    2.5128113993926793e-05
52074.759456259606    2.5071874625047596e-05    2.4784947850379082e-05    2.5080951267734357e-05    2.497925791438701e-05
52074.859456209604    2.4924031171436384e-05    2.463660202276106e-05    2.4933428875770492e-05    2.4831354023322647e-05
52074.9594561596    2.477701429837854e-05    2.448912162965017e-05    2.4786726665425938e-05    2.468428753115155e-05
52075.0594561096    2.463094130771838e-05    2.434262381392083e-05    2.4640961647524684e-05    2.4538175589721295e-05
52075.1594560596    2.4485691818532566e-05    2.4196988221622992e-05    2.449601434997978e-05    2.439289813004511e-05
52075.2594560096    2.4342013976248264e-05    2.4052963334141542e-05    2.4352631974472465e-05    2.424920309495409e-05
52075.359455959595    2.4199180400020788e-05    2.390982134273682e-05    2.4210087364997832e-05    2.4106363035918482e-05
52075.45945590959    2.405731978333469e-05    2.3767690880843814e-05    2.4068509325055195e-05    2.3964506663077897e-05
52075.55945585959    2.391645174479531e-05    2.362659132809199e-05    2.392791708432023e-05    2.382365338573584e-05
52075.65945580959    2.377628395520722e-05    2.3486230317258455e-05    2.3788019192420253e-05    2.3683511154961975e-05
52075.75945575959    2.363757357350328e-05    2.3347364973275535e-05    2.3649571675569537e-05    2.354483674078278e-05
52075.859455709586    2.349972180080235e-05    2.3209395934336753e-05    2.3511976426631284e-05    2.34070313872568e-05
52075.959455659584    2.3362136752857388e-05    2.30717309201722e-05    2.3374640985537106e-05    2.32695028861889e-05
52076.05945560958    2.322608386119095e-05    2.2935635145279845e-05    2.323883185557563e-05    2.3133516954015474e-05
52076.15945555958    2.3091090573238044e-05    2.280063605906358e-05    2.310407543548326e-05    2.2998600689261626e-05
52076.25945550958    2.2956878404036634e-05    2.2666453677776078e-05    2.297009356910224e-05    2.286447521697165e-05
52076.35945545958    2.2823785795337753e-05    2.2533426773908086e-05    2.283722576207786e-05    2.2731479443774564e-05
52076.459455409575    2.2691139518759725e-05    2.2400881257249038e-05    2.2704797610348725e-05    2.2598939462119158e-05
52076.55945535957    2.255950387003049e-05    2.2269380882481963e-05    2.2573374380334973e-05    2.246741971094914e-05
52076.65945530957    2.2428711837532877e-05    2.2138757232115865e-05    2.2442788709609433e-05    2.2336752593086057e-05
52076.75945525957    2.2299108636940553e-05    2.2009355278657316e-05    2.2313386689667792e-05    2.220728353508855e-05
52076.85945520957    2.2169712101589132e-05    2.1880190943685966e-05    2.2184185893010342e-05    2.2078029646095143e-05
52076.959455159566    2.2041162662170057e-05    2.1751904497639444e-05    2.2055828619016855e-05    2.194963192627545e-05
52077.059455109564    2.1913811891226847e-05    2.1624844983409928e-05    2.1928665329666138e-05    2.182244073476764e-05
52077.15945505956    2.178651350620949e-05    2.149786548217178e-05    2.1801552488840742e-05    2.1695310492407336e-05
52077.25945500956    2.1659996069258674e-05    2.137169240629079e-05    2.1675219401973875e-05    2.156896929250778e-05
52077.35945495956    2.153389853711831e-05    2.124596107191855e-05    2.1549307115700885e-05    2.1443055574912583e-05
52077.45945490956    2.1407858047576e-05    2.11203062103081e-05    2.142345763021092e-05    2.1317207296031675e-05
52077.559454859555    2.12815971975662e-05    2.0994445333967608e-05    2.1297402631892836e-05    2.1191148387808884e-05
52077.65945480955    2.115311988712403e-05    2.0866367261435754e-05    2.1169187146978406e-05    2.1062891431846063e-05
52077.75945475955    2.1029253135600824e-05    2.0743130544087002e-05    2.1045624521979198e-05    2.0939336067222344e-05
52077.85945470955    2.0909117265912962e-05    2.062364986530317e-05    2.0925725776226238e-05    2.0819497635814126e-05
52077.95945465955    2.0790660793551437e-05    2.0505871552145088e-05    2.080748060264473e-05    2.0701337649447085e-05
52078.059454609545    2.0673457091987873e-05    2.03893696776566e-05    2.069047095258838e-05    2.058443257407762e-05
52078.15945455954    2.0557309596053817e-05    2.0273948343672523e-05    2.0574504224576375e-05    2.0468587388100905e-05
52078.25945450954    2.0442106766063545e-05    2.0159496514531077e-05    2.0459471134177547e-05    2.0353691471590723e-05
52078.35945445954    2.0327778028925757e-05    2.004594395316587e-05    2.0345302537423593e-05    2.0239674839838406e-05
52078.45945440954    2.021427558713493e-05    1.99332430500944e-05    2.0231951604877755e-05    2.012649008070236e-05
52078.559454359536    2.0101565493976708e-05    1.9821359920618993e-05    2.0119385081866278e-05    2.001410349882066e-05
52078.659454309534    1.9989622767778262e-05    1.971026952708735e-05    2.000757848774525e-05    1.990249026087029e-05
52078.75945425953    1.9878428471739424e-05    1.9599952785712787e-05    1.989651327473098e-05    1.979163151072773e-05
52078.85945420953    1.9767967893127448e-05    1.9490394746777636e-05    1.9786175024105028e-05    1.9681512554670036e-05
52078.95945415953    1.9658229326832782e-05    1.9381583397181024e-05    1.9676552270765448e-05    1.9572121664926413e-05
52079.05945410953    1.9549203253193412e-05    1.9273508845274164e-05    1.956763569105713e-05    1.9463449263174903e-05
52079.159454059525    1.9440881764091004e-05    1.916616275594694e-05    1.9459417539866497e-05    1.935548735330148e-05
52079.25945400952    1.933325814733326e-05    1.9059537943015225e-05    1.935189124900401e-05    1.92482291131175e-05
52079.35945395952    1.9226326589796123e-05    1.8953628080361767e-05    1.924505113034839e-05    1.914166860016876e-05
52079.45945390952    1.9120081956272643e-05    1.8848427483787162e-05    1.913889216269433e-05    1.9035800534251376e-05
52079.55945385952    1.9014519625013554e-05    1.8743930958543585e-05    1.903340983229309e-05    1.893062013861674e-05
52079.659453809516    1.8909635369645688e-05    1.8640133678266154e-05    1.8928600011773026e-05    1.8826123019894956e-05
52079.759453759514    1.8805425261220705e-05    1.8537031099008923e-05    1.8824458872185422e-05    1.8722305077471682e-05
52079.85945370951    1.870188560760871e-05    1.84346188966467e-05    1.8720982814401403e-05    1.8619162439552273e-05
52079.95945365951    1.8599012893103234e-05    1.8332892913472155e-05    1.8618168417713854e-05    1.8516691408096415e-05
52080.05945360951    1.849680374337032e-05    1.823184912715669e-05    1.8516012402788866e-05    1.8414888424438628e-05
52080.15945355951    1.8395254897509508e-05    1.813148361780137e-05    1.8414511599726416e-05    1.831375003834576e-05
52080.259453509505    1.829436317849723e-05    1.803179255038363e-05    1.8313662924502486e-05    1.8213272884461115e-05
52080.3594534595    1.8194125479334282e-05    1.7932772160904997e-05    1.8213463367117073e-05    1.8113453669118786e-05
52080.4594534095    1.8094538752914083e-05    1.7834418739262115e-05    1.8113909971464463e-05    1.801428915454689e-05
52080.5594533595    1.7995599994538583e-05    1.773672862475301e-05    1.8014999829845385e-05    1.7915776149712328e-05
52080.6594533095    1.789730623790879e-05    1.7639698199082695e-05    1.7916730070961137e-05    1.7817911502650873e-05
52080.759453259496    1.779965455011074e-05    1.7543323877337114e-05    1.7819097856897576e-05    1.772069209478181e-05
52080.859453209494    1.7702642023053103e-05    1.7447602109425484e-05    1.7722100376562914e-05    1.7624114836347167e-05
52080.95945315949    1.7606265769033314e-05    1.735252936964159e-05    1.762573484025423e-05    1.7528176659643046e-05
52081.05945310949    1.7510522921755688e-05    1.7258102162693144e-05    1.752999847667623e-05    1.7432874520375022e-05
52081.15945305949    1.741541062932785e-05    1.7164317011686647e-05    1.743488853193589e-05    1.7338205390983463e-05
52081.25945300949    1.7320926051738212e-05    1.7071170464609452e-05    1.7340402264021464e-05    1.7244166260123043e-05
52081.359452959485    1.7227066359996135e-05    1.6978659087470584e-05    1.7246536939942514e-05    1.715075412913641e-05
52081.45945290948    1.713382873600906e-05    1.688677946417858e-05    1.7153289838606152e-05    1.7057966012931264e-05
52081.55945285948    1.7041210365065572e-05    1.679552819501657e-05    1.706065824430051e-05    1.696579893479422e-05
52081.65945280948    1.6949208439890392e-05    1.6704901895712865e-05    1.6968639443750978e-05    1.687424992645141e-05
52081.75945275948    1.6857820156568705e-05    1.661489719435079e-05    1.687723072904227e-05    1.6783316026653924e-05
52081.859452709476    1.6767042712018845e-05    1.6525510732848637e-05    1.6786429394092387e-05    1.669299427965329e-05
52081.959452659474    1.6676873304522198e-05    1.6436739163482822e-05    1.6696232731183145e-05    1.660328173306272e-05
52082.05945260947    1.6587309131805646e-05    1.6348579148983423e-05    1.6606638033041043e-05    1.651417543794337e-05
52082.15945255947    1.6498347388972782e-05    1.626102735845177e-05    1.6517642587769915e-05    1.6425672445064823e-05
52082.25945250947    1.6409985268015373e-05    1.6174080472878024e-05    1.6429243681361193e-05    1.63377698074182e-05
52082.35945245947    1.6322219957944654e-05    1.608773517627306e-05    1.63414385938265e-05    1.6250464576014735e-05
52082.459452409465    1.623504864067728e-05    1.6001988160553127e-05    1.6254224598082314e-05    1.6163753799770912e-05
52082.55945235946    1.614846849248485e-05    1.5916836120984648e-05    1.616759896240005e-05    1.607763452528985e-05
52082.65945230946    1.606247668411243e-05    1.583227575831574e-05    1.6081558942525735e-05    1.5992103794984637e-05
