-1.596991420039999987e+01 -2.267060566100000142e+04 -4.439004628400000001e+03 -1.047569572999999946e+04 -1.252843533980000029e+04
-1.586991425039999903e+01 -5.143586266513870214e+03 -1.024758492423880853e+03 -2.380413653192964375e+03 -2.849586137376905754e+03
-1.576991430039999820e+01 -2.515022738857329841e+03 -5.195263002809783757e+02 -1.170660703250083316e+03 -1.401736580796130283e+03
-1.566991435039999736e+01 -1.554854610300393233e+03 -3.321213176871343649e+02 -7.270767766250654631e+02 -8.713509015375309446e+02
-1.556991440039999652e+01 -1.060823994910311740e+03 -2.353324340175893781e+02 -4.983290151051004386e+02 -5.981618146776670528e+02
-1.546991445039999569e+01 -7.734713475309322348e+02 -1.785206757842643412e+02 -3.648842122666918044e+02 -4.389587451939628409e+02
-1.536991450039999485e+01 -1.755816551081233229e+03 -5.792409519707240179e+03 -6.114177546803945916e+03 -4.554134539197472805e+03
-1.526991455039999401e+01 -8.970515035419319929e+02 -2.114398526376927293e+03 -2.274370045249372197e+03 -1.761940025056077047e+03
-1.516991460039999318e+01 -6.151815884236586953e+02 -1.217139029434151098e+03 -1.317528786019589916e+03 -1.049949801292466645e+03
-1.506991465039999234e+01 -4.431961242879283986e+02 -7.988380913773827388e+02 -8.599109484570176392e+02 -7.006483880407761262e+02
-1.496991470039999150e+01 -3.303320715356031769e+02 -5.583552399150102019e+02 -5.913293518661567987e+02 -4.933388877722567258e+02
-1.486991475039999067e+01 -2.500141576515138695e+02 -4.249215616175218315e+02 -4.376382733243481198e+02 -3.708579975311279213e+02
-1.476991480039998983e+01 -1.822174957284257459e+02 -3.126293873625451738e+02 -3.094170166422557031e+02 -2.680879665777422360e+02
-1.466991485039998899e+01 -1.468299826525721414e+02 -2.085358484835956858e+02 -1.958758844067149028e+02 -1.837472385142942528e+02
-1.456991490039998816e+01 -8.442721534879157730e+01 -1.272213226131053574e+02 -9.880699688670607372e+01 -1.034851782828676647e+02
-1.446991495039998732e+01 -3.267123248814500869e+01 -8.379490627343402309e+01 -4.028037419177398704e+01 -5.224883765111768241e+01
-1.436991500039998648e+01 -1.225189134508883626e+01 -4.511957546833631483e+01 5.030679746240299899e+00 -1.744692902239494714e+01
-1.426991505039998565e+01 3.353725074254354865e+01 -1.298994308271662845e+00 6.133478484533281261e+01 3.119101375986823399e+01
-1.416991510039998481e+01 7.093144737545171097e+01 3.476204726588505167e+01 1.074739208908229386e+02 7.105580517738655999e+01
-1.406991515039998397e+01 7.892950335470229106e+01 7.177011621897969462e+01 1.486289919600866938e+02 9.977620384458955982e+01
-1.396991520039998314e+01 1.109942985788638055e+02 1.095305953704581157e+02 1.951191624185078979e+02 1.385480187892765969e+02
-1.386991525039998230e+01 1.470573034141064568e+02 1.240551664609628801e+02 2.201809367037474203e+02 1.637644688596055857e+02
-1.376991530039998146e+01 1.396095777526273878e+02 1.371416282317269122e+02 2.330311668231292970e+02 1.699274576024945418e+02
-1.366991535039998062e+01 2.020267670220598006e+02 1.793698780084925204e+02 2.926798131866479480e+02 2.246921527390667563e+02
-1.356991540039997979e+01 2.357185890859074391e+02 2.063976308437224816e+02 3.302763352935650687e+02 2.574641850743983582e+02
-1.346991545039997895e+01 2.320508154610278382e+02 2.257412189456362910e+02 3.506654325799439675e+02 2.694858223288694035e+02
-1.336991550039997811e+01 2.504166821949615951e+02 2.435309392108234761e+02 3.732669808457809495e+02 2.890715340838553402e+02
-1.326991555039997728e+01 2.629370398191912273e+02 2.588308234139404931e+02 3.951666562104686022e+02 3.056448398145334409e+02
-1.316991560039997644e+01 3.003546013715533718e+02 2.946177154007708623e+02 4.423732382265501997e+02 3.457818516662914590e+02
-1.306991565039997560e+01 3.255724342212296278e+02 3.105207355666251487e+02 4.657004690420102406e+02 3.672645462766216724e+02
-1.296991570039997477e+01 3.366801542909787486e+02 3.166337311560669150e+02 4.778267448465885536e+02 3.770468767645447201e+02
-1.286991575039997393e+01 3.648643000869202524e+02 3.459821736700556016e+02 5.161364732249676308e+02 4.089943156606478283e+02
-1.276991580039997309e+01 3.734784778019953819e+02 3.554883440196570632e+02 5.310428180446349415e+02 4.200032132887624812e+02
-1.266991585039997226e+01 4.069216394496694988e+02 3.809050384082202640e+02 5.669430702979816488e+02 4.515899160519570614e+02
-1.256991590039997142e+01 4.208839812850567341e+02 4.049277719204060872e+02 5.969992409668973323e+02 4.742703313907866800e+02
-1.246991595039997058e+01 4.466226739221261255e+02 4.236662978779888817e+02 6.245130833544856159e+02 4.982673517182002456e+02
-1.236991600039996975e+01 4.663368870386763092e+02 4.440145163683045553e+02 6.535650458658139996e+02 5.213054830909316024e+02
-1.226991605039996891e+01 4.974519411177111010e+02 4.619641393302564438e+02 6.825069246402779299e+02 5.473076683627484726e+02
-1.216991610039996807e+01 5.114718535767161711e+02 4.849495476125455298e+02 7.128835849536918658e+02 5.697683287143179314e+02
-1.206991615039996724e+01 5.452280917767783421e+02 5.037603282449861126e+02 7.431847169185887196e+02 5.973910456467845052e+02
-1.196991620039996640e+01 5.686788392040866711e+02 5.308157581180943225e+02 7.798161618887783106e+02 6.264369197369865105e+02
-1.186991625039996556e+01 6.026944824169922867e+02 5.538786521142312722e+02 8.149250162987463000e+02 6.571660502766566196e+02
-1.176991630039996473e+01 6.295587796118073811e+02 5.799829111366801726e+02 8.518980015741767602e+02 6.871465641075546955e+02
-1.166991635039996389e+01 6.691521850234333897e+02 6.060041237207433369e+02 8.916993717420609755e+02 7.222852268287458628e+02
-1.156991640039996305e+01 6.959604601647024538e+02 6.368347320295087002e+02 9.330409678271050780e+02 7.552787200071053348e+02
-1.146991645039996222e+01 7.493573714241805419e+02 6.789898231970328197e+02 9.922176354801997604e+02 8.068549433671377074e+02
-1.136991650039996138e+01 7.774435132326495932e+02 7.037455185513903189e+02 1.028153351225677852e+03 8.364474610032391411e+02
-1.126991655039996054e+01 8.310461206363946758e+02 7.459312620556250977e+02 1.087697835546221313e+03 8.882250727460802864e+02
-1.116991660039995971e+01 8.725167632035922907e+02 7.763148673931079884e+02 1.133613927160464300e+03 9.274818525857214127e+02
-1.106991665039995887e+01 9.266449143271784123e+02 8.116023527395667543e+02 1.186487296844050661e+03 9.749115213035986471e+02
-1.096991670039995803e+01 9.770585635698657825e+02 8.553409068086912157e+02 1.246659150407112520e+03 1.026352873595223173e+03
-1.086991675039995719e+01 1.046129015231395215e+03 9.003667340575144635e+02 1.311547089408049032e+03 1.086014279565652714e+03
-1.076991680039995636e+01 1.114653939592085408e+03 9.564077617671358666e+02 1.386882555040074067e+03 1.152648085466431894e+03
-1.066991685039995552e+01 1.199589607426117254e+03 1.010977133589291043e+03 1.461232144943769981e+03 1.223932961986392684e+03
-1.056991690039995468e+01 1.281996630645130836e+03 1.076163261926279574e+03 1.542015521564811252e+03 1.300058471378740251e+03
-1.046991695039995385e+01 1.397072449365995681e+03 1.151508219169734048e+03 1.633164026253196880e+03 1.393914898262975385e+03
-1.036991700039995301e+01 1.577641095489497275e+03 1.266277123065949354e+03 1.757811326454235541e+03 1.533909848336560572e+03
-1.026991705039995217e+01 1.861209474197509053e+03 1.419156754133178993e+03 1.890289925063529154e+03 1.723552051131405733e+03
-1.016991710039995134e+01 2.589594225013273899e+03 1.770839251779531878e+03 2.114388177369481582e+03 2.158273884720762453e+03
-1.006991715039995050e+01 2.068662835075405019e+04 8.678844188041801317e+03 3.646301616208810174e+03 1.100392471833488707e+04
-9.969917200399949664e+00 1.947453713338050875e+04 1.135897371529070006e+04 9.478132036292308840e+03 1.343721429498783982e+04
-9.869917250399948827e+00 7.570617510226727063e+03 8.154610283071645426e+03 1.102511606126332117e+04 8.916781284853897887e+03
-9.769917300399947990e+00 2.675042805357685666e+03 2.165230095713561241e+03 2.869622472093224133e+03 2.569965124388157165e+03
-9.669917350399947154e+00 2.613076184624098914e+03 2.126866285073176186e+03 2.803237400645261914e+03 2.514393290114178853e+03
-9.569917400399946317e+00 2.804778853677569259e+03 2.307553503474011450e+03 2.923438586087647309e+03 2.678590314413075703e+03
-9.469917450399945480e+00 3.245345507259599799e+03 2.721132768344515171e+03 3.139149552854464673e+03 3.035209276152860184e+03
-9.369917500399944643e+00 4.369282142610778465e+03 3.805461732172351731e+03 3.531602995261839624e+03 3.902115623348323425e+03
-9.269917550399943806e+00 2.564795753871612760e+04 1.082173577320056211e+04 6.610765063064785863e+03 1.436015279166048822e+04
-9.169917600399942970e+00 5.370178662407753291e+04 8.260749488609617401e+04 1.366898905842664135e+04 4.999275685620011791e+04
-9.069917650399942133e+00 8.950189042591924590e+03 2.087083579453953644e+04 5.850064224865504002e+03 1.189036302066565440e+04
-8.969917700399941296e+00 5.051193961553707595e+03 5.186899076409115878e+03 5.294456210180005655e+03 5.177516416047606981e+03
-8.869917750399940459e+00 5.026056427226626511e+03 4.772101604856350605e+03 6.768934555976780757e+03 5.522364196019918381e+03
-8.769917800399939622e+00 8.429925164428797871e+03 2.228342347335807062e+04 4.239687111199415813e+04 2.437007324992700887e+04
-8.669917850399938786e+00 1.258918997264778045e+04 2.297754203039874847e+04 4.230444182087034278e+04 2.595705794130562208e+04
-8.569917900399937949e+00 1.010996718829580823e+04 9.821662472997591976e+03 1.661800505793769844e+04 1.218321157307703106e+04
-8.469917950399937112e+00 7.741243152218501564e+03 5.150885088821733916e+03 8.570844126632133339e+03 7.154324122557456576e+03
-8.369918000399936275e+00 8.144747281454493532e+03 4.829796991726785564e+03 8.272467962154691122e+03 7.082337411778657042e+03
-8.269918050399935439e+00 9.381464971882362079e+03 5.171240827510659074e+03 9.062085980080115405e+03 7.871597259824378852e+03
-8.169918100399934602e+00 1.106981692963378373e+04 5.671164443204265808e+03 1.021875230999081759e+04 8.986577894276289953e+03
-8.069918150399933765e+00 1.331420339671537658e+04 6.315776301081164092e+03 1.175703640555258062e+04 1.046233870111637407e+04
-7.969918200399932928e+00 1.637620050400564469e+04 7.148160935219484600e+03 1.380983556468274583e+04 1.244473233463595716e+04
-7.869918250399932091e+00 2.078985289420134723e+04 8.193840840627619400e+03 1.660621254786152349e+04 1.519663542756349852e+04
-7.769918300399931255e+00 2.741831972627744472e+04 9.536537711429033152e+03 2.057220348767847463e+04 1.917568697512831568e+04
-7.669918350399930418e+00 3.831801506914207857e+04 1.136160519833214494e+04 2.668978679940467555e+04 2.545646902229296393e+04
-7.569918400399929581e+00 5.856004444622351730e+04 1.396913389842543620e+04 3.723292836042650742e+04 3.658736890169182152e+04
-7.469918450399928744e+00 1.052444992543623521e+05 1.819245845946286863e+04 5.967095766405145696e+04 6.103597179262555437e+04
-7.369918500399927908e+00 2.893275803631789167e+05 2.835913076596410610e+04 1.415220971992809791e+05 1.530696027761413425e+05
-7.269918550399927071e+00 3.721790109510901850e+06 1.523481657403885038e+05 1.602694160368442303e+06 1.825610811873244587e+06
-7.169918600399926234e+00 1.729680760434846394e+06 9.600559163158932643e+04 7.581202565133518074e+05 8.612688695265959250e+05
-7.069918650399925397e+00 1.591959073996529216e+06 1.499391934698425466e+05 7.290681690726714442e+05 8.236554788463475415e+05
-6.969918700399924560e+00 7.330674882650440559e+06 7.041403636779801454e+05 3.525811700782110915e+06 3.853542315703510307e+06
-6.869918750399923724e+00 1.423297886099714320e+06 1.354997703678294783e+06 2.070031676597527228e+06 1.616109088791846065e+06
-6.769918800399922887e+00 3.265937335878852173e+05 4.670502673254343099e+05 6.498542943523974391e+05 4.811660984219056554e+05
-6.669918850399922050e+00 9.840519648054573918e+05 4.986556777652158053e+05 9.530179795701464172e+05 8.119085407136066351e+05
-6.569918900399921213e+00 3.667617577278513345e+05 6.992128511001744773e+05 9.193866489713052288e+05 6.617870859331103275e+05
-6.469918950399920377e+00 2.331808628142451926e+05 1.668144806212022668e+06 1.761238652130589588e+06 1.220854773718952434e+06
-6.369919000399919540e+00 2.236401489239160903e+06 1.342119162620165385e+06 2.150395091979807243e+06 1.909638581279711332e+06
-6.269919050399918703e+00 3.846382247459665872e+06 5.768578906910473481e+06 7.289327407903992571e+06 5.634762854091377929e+06
-6.169919100399917866e+00 2.844485248536987347e+05 2.905933108471372165e+06 3.132646697447282262e+06 2.107676110257450491e+06
-6.069919150399917029e+00 3.117815101593428990e+05 7.769236565283337608e+06 8.505470945531452075e+06 5.528829673658045009e+06
-5.969919200399916193e+00 2.149905357359937334e+05 3.203074521461636759e+06 3.544313731707290281e+06 2.320792929634973407e+06
-5.869919250399915356e+00 1.577135499788561137e+05 6.141837208267613314e+05 7.393319487434190232e+05 5.037430731830119621e+05
-5.769919300399914519e+00 4.346651338173064869e+04 4.208483953588952427e+05 5.153770334166075918e+05 3.265639807190778083e+05
-5.669919350399913682e+00 6.244536082252408960e+04 4.898619031037540408e+05 5.549938300595174078e+05 3.691003646619318752e+05
-5.569919400399912846e+00 1.163292819993518497e+05 4.108823601594570209e+05 4.711992654289503698e+05 3.328036358625864377e+05
-5.469919450399912009e+00 3.339806428460437019e+04 3.849333281972122495e+05 4.469246192938478198e+05 2.884186705918881344e+05
-5.369919500399911172e+00 2.182327340685911622e+04 2.494584573950728518e+05 3.552839434345706832e+05 2.088552247455008910e+05
-5.269919550399910335e+00 1.222335675904842174e+04 8.176122072205382574e+04 1.198563187808578223e+05 7.128029875398668810e+04
-5.169919600399909498e+00 8.405416795466853728e+03 3.069421175959024185e+04 4.032314308258421806e+04 2.647425721254710879e+04
-5.069919650399908662e+00 6.916679762945448601e+03 2.030345818350372065e+04 2.546140963487277986e+04 1.756051586044064970e+04
-4.969919700399907825e+00 5.938349045228163050e+03 1.574575930949534268e+04 1.963919934114691205e+04 1.377443589862347289e+04
-4.869919750399906988e+00 5.185372823435623104e+03 1.281025390492991755e+04 1.598020074226671750e+04 1.132527582354408514e+04
-4.769919800399906151e+00 4.588225176134083995e+03 1.071805995847047416e+04 1.339772060341809629e+04 9.568001912674217238e+03
-4.669919850399905314e+00 4.103898829043157093e+03 9.142919163294427563e+03 1.146237705432461371e+04 8.236398348887398242e+03
-4.569919900399904478e+00 3.692695080551689443e+03 7.911593356610982482e+03 9.948742871778744302e+03 7.184343769647139197e+03
-4.469919950399903641e+00 3.341161970079200728e+03 6.923946644571165052e+03 8.733060849543770018e+03 6.332723154731378600e+03
-4.369920000399902804e+00 3.038830280462583232e+03 6.114594537595962720e+03 7.735536586102218280e+03 5.629653801386921259e+03
-4.269920050399901967e+00 2.777019281718290586e+03 5.445979194049116813e+03 6.909324984075414250e+03 5.044107819947607823e+03
-4.169920100399901131e+00 2.552465192197427768e+03 4.887640599667402057e+03 6.217472425284829114e+03 4.552526072383219798e+03
-4.069920150399900294e+00 2.360679316366242801e+03 4.414062665804754033e+03 5.630762669312824983e+03 4.135168217161273787e+03
-3.969920200399899457e+00 2.185100089153512272e+03 4.004904051533685106e+03 5.121993542725387670e+03 3.770665894470861986e+03
-3.869920250399898620e+00 2.026770119541024769e+03 3.650658063112350192e+03 4.679906003503057946e+03 3.452444728718811348e+03
-3.769920300399897783e+00 1.884429920583905641e+03 3.340311716906001948e+03 4.292041650092289274e+03 3.172261095860732894e+03
-3.669920350399896947e+00 1.756897292377876738e+03 3.069394972786479684e+03 3.952326588776898461e+03 2.926206284647085340e+03
-3.569920400399896110e+00 1.644581560577552182e+03 2.834350310521524534e+03 3.656058067101754204e+03 2.711663312733609928e+03
-3.469920450399895273e+00 1.541142333856655114e+03 2.622579510531521464e+03 3.389334917495182708e+03 2.517685587294452944e+03
-3.369920500399894436e+00 1.448238260846407456e+03 2.433833189004717951e+03 3.151412631241538293e+03 2.344494693697554794e+03
-3.269920550399893600e+00 1.371187977716877185e+03 2.269184237445158033e+03 2.944182122133498069e+03 2.194851445765177687e+03
-3.169920600399892763e+00 1.292516743522513025e+03 2.117095016828503503e+03 2.751604830226528975e+03 2.053738863525848501e+03
-3.069920650399891926e+00 1.219561930604387271e+03 1.978367700330816206e+03 2.575730562247899343e+03 1.924553397727700712e+03
-2.969920700399891089e+00 1.152369404248067440e+03 1.853275536034065908e+03 2.416556435800038344e+03 1.807400458694057306e+03
-2.869920750399890252e+00 1.090631934762665878e+03 1.740333940492024340e+03 2.272466705295636530e+03 1.701144193516775658e+03
-2.769920800399889416e+00 1.036860269724319778e+03 1.642054873098085636e+03 2.145890991211433175e+03 1.608268711344612939e+03
-2.669920850399888579e+00 9.850325748653687015e+02 1.547869945710272532e+03 2.025414449610369502e+03 1.519438990062003541e+03
-2.569920900399887742e+00 9.356809167523443875e+02 1.460991195543647791e+03 1.914021648516228879e+03 1.436897920270740315e+03
-2.469920950399886905e+00 8.908171514101200046e+02 1.381560734192958989e+03 1.812212732153130446e+03 1.361530205918736328e+03
-2.369921000399886069e+00 8.601182283022799311e+02 1.313170106466753850e+03 1.725827071055806755e+03 1.299705135274946770e+03
-2.269921050399885232e+00 8.210546426919330543e+02 1.245272968169135993e+03 1.638619646095188727e+03 1.234982418985419145e+03
-2.169921100399884395e+00 7.836395190896533904e+02 1.182040712939924333e+03 1.557170898756209226e+03 1.174283710261928718e+03
-2.069921150399883558e+00 7.480420185648501956e+02 1.123167182963817140e+03 1.481247477937070698e+03 1.117485559821912602e+03
-1.969921200399882721e+00 7.158790174261240509e+02 1.069235409148515828e+03 1.411505197681504796e+03 1.065539874752048263e+03
-1.869921250399881885e+00 6.892834525894979834e+02 1.025134053928371031e+03 1.352936418875582604e+03 1.022451308464483873e+03
-1.769921300399881048e+00 6.606952262549621082e+02 9.794764142390738471e+02 1.293285084016568135e+03 9.778189081702012118e+02
-1.669921350399880211e+00 6.328848507251540241e+02 9.353862235023135554e+02 1.235963325702782868e+03 9.347447999767500733e+02
-1.569921400399879374e+00 6.058605152302886836e+02 8.934820406714567298e+02 1.181469865251433475e+03 8.936041403843929629e+02
-1.469921450399878537e+00 5.803831167887317406e+02 8.534554396492305841e+02 1.129731311777934479e+03 8.545232894052990105e+02
-1.369921500399877701e+00 5.570103653400150279e+02 8.165417609249723228e+02 1.081741311736705939e+03 8.184311460005644676e+02
-1.269921550399876864e+00 5.351719937418035897e+02 7.821680639843937115e+02 1.036852715854676262e+03 7.847309245269577787e+02
-1.169921600399876027e+00 5.155562641286238659e+02 7.504176788926449717e+02 9.954359301064231431e+02 7.538032910425639557e+02
-1.069921650399875190e+00 5.158153158644317955e+02 7.289764211424520681e+02 9.692715175462810748e+02 7.380210848510548658e+02
-9.699217003998743536e-01 4.991231785298712680e+02 7.003689054573458179e+02 9.325111049350000485e+02 7.106677296407390259e+02
-8.699217503998735168e-01 4.812258599714762681e+02 6.732227803270882305e+02 8.967905370720473002e+02 6.837463924568705806e+02
-7.699218003998726800e-01 4.647318598401953409e+02 6.477957224670801679e+02 8.631417894394155610e+02 6.585564572488970043e+02
-6.699218503998718433e-01 4.503675714137665409e+02 6.252975124171885000e+02 8.327683519475577896e+02 6.361444785928376859e+02
-5.699219003998710065e-01 4.430361202206569260e+02 6.162400157357325270e+02 8.163491044805048205e+02 6.252084134789647578e+02
-4.699219503998701697e-01 4.331056035789905536e+02 6.004068066935362822e+02 7.929788148853253915e+02 6.088304083859507045e+02
-3.699220003998693329e-01 4.289536622782455311e+02 5.870632170688351152e+02 7.714728376341965941e+02 5.958299056604257657e+02
-2.699220503998684961e-01 4.344351103739429050e+02 5.838162587976659097e+02 7.570870216169734022e+02 5.917794635961939775e+02
-1.699221003998676593e-01 4.960517185939166893e+02 6.276032020378775087e+02 7.770805688331718102e+02 6.335784964883220027e+02
-6.992215039986682257e-02 2.012117665635390722e+03 1.879314735073163320e+03 1.678624782530540415e+03 1.856685727746364819e+03
3.007779960013401421e-02 2.105717288221453600e+03 1.997291482430459610e+03 1.731735231275795513e+03 1.944914667309236393e+03
1.300777496001348510e-01 5.907704911603375422e+02 7.351189122563014280e+02 8.131015611965683547e+02 7.129969882044024416e+02
2.300776996001356878e-01 3.908090227974535082e+02 5.118482605633858498e+02 6.530066711070107885e+02 5.185546514892834011e+02
3.300776496001365246e-01 3.549095077561794369e+02 4.712809509898580700e+02 6.174635350911630667e+02 4.812179979457336003e+02
4.300775996001373613e-01 3.453823716265802659e+02 4.526567110953070596e+02 6.009733947780837298e+02 4.663374924999903897e+02
5.300775496001381981e-01 3.174429424559234008e+02 4.291349775094067809e+02 5.710417456661235747e+02 4.392065552104846233e+02
6.300774996001390349e-01 3.051311141285952431e+02 4.138075788859961222e+02 5.517434866091252843e+02 4.235607265412389211e+02
7.300774496001398717e-01 2.954038669037748264e+02 4.015764264363192524e+02 5.338682297948207633e+02 4.102828410449715761e+02
8.300773996001407085e-01 2.886811577420748449e+02 3.983963086660174326e+02 5.183161392397828422e+02 4.017978685492917066e+02
9.300773496001415452e-01 2.782377510668354148e+02 3.778546709989565784e+02 5.034288086555708901e+02 3.865070769071209043e+02
1.030077299600142382e+00 2.706830683938988500e+02 3.708446598768871354e+02 4.914252913050630696e+02 3.776510065252830373e+02
1.130077249600143219e+00 2.646527211767634071e+02 3.615847792828337788e+02 4.802652070505646407e+02 3.688342358367206089e+02
1.230077199600144056e+00 2.564539059450460172e+02 3.464447667727270641e+02 4.640590936409996630e+02 3.556525887862575814e+02
1.330077149600144892e+00 2.494711084089202018e+02 3.356993570420531228e+02 4.508362017409021405e+02 3.453355557306251740e+02
1.430077099600145729e+00 2.435300719289828635e+02 3.273469750702837473e+02 4.405944085156461369e+02 3.371571518383042303e+02
1.530077049600146566e+00 2.373328071002279671e+02 3.184167457898633984e+02 4.285729298093514785e+02 3.281074942331476336e+02
1.630076999600147403e+00 2.313495361361297569e+02 3.097917301353310222e+02 4.168590102295115685e+02 3.193334255003240969e+02
1.730076949600148239e+00 2.257530122045354233e+02 3.018119285920503785e+02 4.062553759018812229e+02 3.112734388994890082e+02
1.830076899600149076e+00 2.204018832571904625e+02 2.942111185275036860e+02 3.961963903884202409e+02 3.036031307243714537e+02
1.930076849600149913e+00 2.152536620631944970e+02 2.869082135449242514e+02 3.865231071540888479e+02 2.962283275874025321e+02
2.030076799600150750e+00 2.103022303495566234e+02 2.798849060591778084e+02 3.772082137401056343e+02 2.891317833829466508e+02
2.130076749600151587e+00 2.054924976885731667e+02 2.731129648546145177e+02 3.682253051186734183e+02 2.822769225539537388e+02
2.230076699600152423e+00 2.008599290977975329e+02 2.665902471908149778e+02 3.595644144049628608e+02 2.756715302311918094e+02
2.330076649600153260e+00 1.964190732384482772e+02 2.603099644283993257e+02 3.512143014281232354e+02 2.693144463649902605e+02
2.430076599600154097e+00 1.921085711336467625e+02 2.542488308878626242e+02 3.431511217587558349e+02 2.631695079267550454e+02
2.530076549600154934e+00 1.879415311426843118e+02 2.484032805511339461e+02 3.353664644806873412e+02 2.572370920581685141e+02
2.630076499600155771e+00 1.839096458869073842e+02 2.427450551408141166e+02 3.278366218064265354e+02 2.514971076113826882e+02
2.730076449600156607e+00 1.800104444168109694e+02 2.372838778373176183e+02 3.205605549029286863e+02 2.459516257190190913e+02
2.830076399600157444e+00 1.762412087933259954e+02 2.320237737989804714e+02 3.135358252630869060e+02 2.406002692851311053e+02
2.930076349600158281e+00 1.725933645416111801e+02 2.269324821339367588e+02 3.067366155375796097e+02 2.354208207377091924e+02
3.030076299600159118e+00 1.690445607151688705e+02 2.220034209047100831e+02 3.001509022920791949e+02 2.303996279706527162e+02
3.130076249600159954e+00 1.657572803114218800e+02 2.172740039654752877e+02 2.938090359731612580e+02 2.256134400833527991e+02
3.230076199600160791e+00 1.624346482412678370e+02 2.126638932836034712e+02 2.876395258038292013e+02 2.209126891095668270e+02
3.330076149600161628e+00 1.591261293821342804e+02 2.081890949322384756e+02 2.816361212016145146e+02 2.163171151719957663e+02
3.430076099600162465e+00 1.560969152593917215e+02 2.039149535101204833e+02 2.758510374777343372e+02 2.119543020824155235e+02
3.530076049600163302e+00 1.532386211457518925e+02 1.997989842041976090e+02 2.702386767158860152e+02 2.077587606886118294e+02
3.630075999600164138e+00 1.503464845183282250e+02 1.958364941837782567e+02 2.648296558393021769e+02 2.036708781804695434e+02
3.730075949600164975e+00 1.487135765717979723e+02 1.925380056889066509e+02 2.595589809693264556e+02 2.002701877433436835e+02
3.830075899600165812e+00 1.677698181999401470e+02 1.992010440592435998e+02 2.545408409793759290e+02 2.071705677461865491e+02
3.930075849600166649e+00 1.501368160304667470e+02 1.881038507992337827e+02 2.495055642666729341e+02 1.959154103654578307e+02
4.030075799600167485e+00 1.412884848963861089e+02 1.815917773952896823e+02 2.447477754412639968e+02 1.892093459109799198e+02
4.130075749600168322e+00 1.391940161883639746e+02 1.784572617560433514e+02 2.404469191154749410e+02 1.860327323532940795e+02
4.230075699600169159e+00 1.369839766810896151e+02 1.804062172469320728e+02 2.368995455828029719e+02 1.847632465036082294e+02
4.330075649600169996e+00 1.354371964745097330e+02 1.772242515231741038e+02 2.322333510577839490e+02 1.816315996851559191e+02
4.430075599600170833e+00 1.356308521397056097e+02 1.732129150942157310e+02 2.281155769631871522e+02 1.789864480657028309e+02
4.530075549600171669e+00 1.351456069113524450e+02 1.699003094814204076e+02 2.250726950555470864e+02 1.767062038161066084e+02
4.630075499600172506e+00 1.310522800899586855e+02 1.651962321298624943e+02 2.201684574968658126e+02 1.721389899055623403e+02
4.730075449600173343e+00 1.272478427896145945e+02 1.655567702643576808e+02 2.176460878936800896e+02 1.701502336492174265e+02
4.830075399600174180e+00 1.251487842156887638e+02 1.673008084996309890e+02 2.159168729040491712e+02 1.694554885397896271e+02
4.930075349600175016e+00 1.213519444503234865e+02 1.573923842360980530e+02 2.098531668813413376e+02 1.628658318559209590e+02
5.030075299600175853e+00 1.190337838656675018e+02 1.519935964735558969e+02 2.057089753587180212e+02 1.589121185659804780e+02
5.130075249600176690e+00 1.175230248379249787e+02 1.492889383735663955e+02 2.030450829398404835e+02 1.566190153837772527e+02
5.230075199600177527e+00 1.155169910865342189e+02 1.464051501765332546e+02 2.001347063336360748e+02 1.540189491989011685e+02
5.330075149600178364e+00 1.129435601611426563e+02 1.435956438145394145e+02 1.963252649487728263e+02 1.509548229748183132e+02
5.430075099600179200e+00 1.104325301002208306e+02 1.410726933453332776e+02 1.921245302727113824e+02 1.478765845727551493e+02
5.530075049600180037e+00 1.082926603452540064e+02 1.384995420184798149e+02 1.882167754915747935e+02 1.450029926184361955e+02
5.630074999600180874e+00 1.064761800374837435e+02 1.359093201803910915e+02 1.848264692360121160e+02 1.424039898179623265e+02
5.730074949600181711e+00 1.049020073589053794e+02 1.334508867660393605e+02 1.817545155565387631e+02 1.400358032271611819e+02
5.830074899600182547e+00 1.035221268862808301e+02 1.311537882031575464e+02 1.788469033351234714e+02 1.378409394748539398e+02
5.930074849600183384e+00 1.022589814909362502e+02 1.289252869338135667e+02 1.761063030520556367e+02 1.357635238256018226e+02
6.030074799600184221e+00 1.009432075462583782e+02 1.267495012635422569e+02 1.734631437180752869e+02 1.337186175092919882e+02
6.130074749600185058e+00 9.931234919951091911e+01 1.246443553005063478e+02 1.707285025469319351e+02 1.315617356823163959e+02
6.230074699600185895e+00 9.750748531401664820e+01 1.226235843808289019e+02 1.678049947854409538e+02 1.293120214934288299e+02
6.330074649600186731e+00 9.578620757052264878e+01 1.206925530482773183e+02 1.648983674235335002e+02 1.271257093474445128e+02
6.430074599600187568e+00 9.417600123808188073e+01 1.188435881480004355e+02 1.621627055375994928e+02 1.250607649745606125e+02
6.530074549600188405e+00 9.267467371165133727e+01 1.170942002286686119e+02 1.595802724262188121e+02 1.231163821221795871e+02
6.630074499600189242e+00 9.127475365982877520e+01 1.154621387191813824e+02 1.570987963053956662e+02 1.212785628948019507e+02
6.730074449600190079e+00 8.992021114414205840e+01 1.139456651130795279e+02 1.547101786977494271e+02 1.195253516516570045e+02
6.830074399600190915e+00 8.860726470887158257e+01 1.125050830063310627e+02 1.524304585999989285e+02 1.178476021050671818e+02
6.930074349600191752e+00 8.733904040157392501e+01 1.110286075589094281e+02 1.502117931712226948e+02 1.161931470439020160e+02
7.030074299600192589e+00 8.607845050833621769e+01 1.094322219438853097e+02 1.479752986644469672e+02 1.144953237055561601e+02
7.130074249600193426e+00 8.481471234222473754e+01 1.077848375353048596e+02 1.457374789853948585e+02 1.127790096209748185e+02
7.230074199600194262e+00 8.354516136315207575e+01 1.061787179531653464e+02 1.435489239452879247e+02 1.110909344205351204e+02
7.330074149600195099e+00 8.229842640717960478e+01 1.046058959958067049e+02 1.414424319551945075e+02 1.094489181193936105e+02
7.430074099600195936e+00 8.111904365111790582e+01 1.030377623040332935e+02 1.394334159505845321e+02 1.078634073019119057e+02
7.530074049600196773e+00 8.003446010652055520e+01 1.015097385320954544e+02 1.375240127332535849e+02 1.063560704572898601e+02
7.630073999600197610e+00 7.903513987737989055e+01 1.001004100322662822e+02 1.357248105722626121e+02 1.049534534939695902e+02
7.730073949600198446e+00 7.808808388129556022e+01 9.880871842104158986e+01 1.340124887388543016e+02 1.036364303470638220e+02
7.830073899600199283e+00 7.713021060677804996e+01 9.753615306627293080e+01 1.323684964615073625e+02 1.023449533781861049e+02
7.930073849600200120e+00 7.607489087846791165e+01 9.608597280907906679e+01 1.307332717847288848e+02 1.009647118240919497e+02
8.030073799600200957e+00 7.498398144500990270e+01 9.447835858637928652e+01 1.290219192780764104e+02 9.949475310315520460e+01
8.130073749600201793e+00 7.396746405734332086e+01 9.291490233279428423e+01 1.272290888003098956e+02 9.803715173014916218e+01
8.230073699600202630e+00 7.297747884782927486e+01 9.147763150253032904e+01 1.253844368675064516e+02 9.661318240595535656e+01
8.330073649600203467e+00 7.197028251275592936e+01 9.014866482816852056e+01 1.235012581659243835e+02 9.520673516894962063e+01
8.430073599600204304e+00 7.103453386132525793e+01 8.888990171043508326e+01 1.217443375227440043e+02 9.388959103150143903e+01
8.530073549600205141e+00 7.015500655856949663e+01 8.767451010916730070e+01 1.201095792738694428e+02 9.264636531386875617e+01
8.630073499600205977e+00 6.923146760431278324e+01 8.650376345414390755e+01 1.184984186154908912e+02 9.141121655798252732e+01
8.730073449600206814e+00 6.821769150316721664e+01 8.537042326621380539e+01 1.169144762723021245e+02 9.016753034722771076e+01
8.830073399600207651e+00 6.715622284472271986e+01 8.423631321847069842e+01 1.153294676955169678e+02 8.890733458623680008e+01
8.930073349600208488e+00 6.611433241024253959e+01 8.312736278652370459e+01 1.137545084150740990e+02 8.766540120394678581e+01
9.030073299600209324e+00 6.512846056333773959e+01 8.210500673833558949e+01 1.121962023842547467e+02 8.647655656197602525e+01
9.130073249600210161e+00 6.420036967946313666e+01 8.109824840812905222e+01 1.105853786440127067e+02 8.529466557720162712e+01
9.230073199600210998e+00 6.331062081618090076e+01 7.997622446469834756e+01 1.089091604368334316e+02 8.406533523923755524e+01
9.330073149600211835e+00 6.244518457133480638e+01 7.874045643888668167e+01 1.072476322396611295e+02 8.281109108329421531e+01
9.430073099600212672e+00 6.160393039630047696e+01 7.750664475833849565e+01 1.056656500829128191e+02 8.159207507918394242e+01
9.530073049600213508e+00 6.078973821607640105e+01 7.634753404282109557e+01 1.041731683313507801e+02 8.043681353008275892e+01
9.630072999600214345e+00 6.000175146334613885e+01 7.526548777309889715e+01 1.027556542553816143e+02 7.934096449727556433e+01
9.730072949600215182e+00 5.923720884586172275e+01 7.424102443394576767e+01 1.013962302012728571e+02 7.829148782702678488e+01
9.830072899600216019e+00 5.849370676220726040e+01 7.325896555959737100e+01 1.000829411721987583e+02 7.727853783133446086e+01
9.930072849600216855e+00 5.776928176544154780e+01 7.231024884669912467e+01 9.880821644302383788e+01 7.629591568505483679e+01
1.003007279960021769e+01 5.706226040428128243e+01 7.138925535655712906e+01 9.756701692744410082e+01 7.533951089609416840e+01
1.013007274960021853e+01 5.637123334363760563e+01 7.049224959090697951e+01 9.635575485676504570e+01 7.440641259710321265e+01
1.023007269960021937e+01 5.569502929778425937e+01 6.961663770270381235e+01 9.517176877220558140e+01 7.349447859089788437e+01
1.033007264960022020e+01 5.503268034321668267e+01 6.876057586631839058e+01 9.401305650976701145e+01 7.260210423976735683e+01
1.043007259960022104e+01 5.438343380529671833e+01 6.792273112134606095e+01 9.287809350736121417e+01 7.172808614466799781e+01
1.053007254960022188e+01 5.374668342326803128e+01 6.710207633702299290e+01 9.176566969591702616e+01 7.087147648540268108e+01
1.063007249960022271e+01 5.312204245173397510e+01 6.629784633342758582e+01 9.067485686529390421e+01 7.003158188348514557e+01
1.073007244960022355e+01 5.250932100748248388e+01 6.550941868588178352e+01 8.960491691611375131e+01 6.920788553649268238e+01
1.083007239960022439e+01 5.190861112781785636e+01 6.473628325972597963e+01 8.855529037107304191e+01 6.840006158620562360e+01
1.093007234960022522e+01 5.132044049338510661e+01 6.397803821972291871e+01 8.752562470965997932e+01 6.760803447425600154e+01
1.103007229960022606e+01 5.074575816825833385e+01 6.323437488500358938e+01 8.651569425264935376e+01 6.683194243530375900e+01
1.113007224960022690e+01 5.018466103438680648e+01 6.250557198492038680e+01 8.552496436494614329e+01 6.607173246141778122e+01
1.123007219960022773e+01 4.963124277832518771e+01 6.179644788214016415e+01 8.455147056832910835e+01 6.532638707626480823e+01
1.133007214960022857e+01 4.907630834346695536e+01 6.112160333913944044e+01 8.359485971074951749e+01 6.459759046445196873e+01
1.143007209960022941e+01 4.852613134944078865e+01 6.044639858407047939e+01 8.265741703013866015e+01 6.387664898788329992e+01
1.153007204960023024e+01 4.799099934255377775e+01 5.975792684203327809e+01 8.173721341643150140e+01 6.316204653367285005e+01
1.163007199960023108e+01 4.746941529400483262e+01 5.909881879420851192e+01 8.083441656882618531e+01 6.246755021901317662e+01
1.173007194960023192e+01 4.695766407607617055e+01 5.845676067315513791e+01 7.994675283060520599e+01 6.178705919327883578e+01
1.183007189960023275e+01 4.644249485922890841e+01 5.781412350665316069e+01 7.909032425098544650e+01 6.111564753895584090e+01
1.193007184960023359e+01 4.593904199709411529e+01 5.718983668682250254e+01 7.824998320385977024e+01 6.045962062925879366e+01
1.203007179960023443e+01 4.544847782826489890e+01 5.653918066269454812e+01 7.740244117440570903e+01 5.979669988845505202e+01
1.213007174960023526e+01 4.496705989067162790e+01 5.588455401583588156e+01 7.654720081578631152e+01 5.913293824076460226e+01
1.223007169960023610e+01 4.449000044843417356e+01 5.525289897227850133e+01 7.570264165159133540e+01 5.848184702410134150e+01
1.233007164960023694e+01 4.402022615204798939e+01 5.464043183049942343e+01 7.486749210440196123e+01 5.784271669564978424e+01
1.243007159960023778e+01 4.355931704865835030e+01 5.404047097290835211e+01 7.404732820441793706e+01 5.721570540866154886e+01
1.253007154960023861e+01 4.310611233638785222e+01 5.345312025697030123e+01 7.324767986249700868e+01 5.660230415195172782e+01
1.263007149960023945e+01 4.265961623033255279e+01 5.287743891295743026e+01 7.246590086146805731e+01 5.600098533491934916e+01
1.273007144960024029e+01 4.221939759046860274e+01 5.231224314384885332e+01 7.169882262293620556e+01 5.541015445241788484e+01
1.283007139960024112e+01 4.178533740276468933e+01 5.175681907755932798e+01 7.094473479941436267e+01 5.482896375991279569e+01
1.293007134960024196e+01 4.135744065318228735e+01 5.121073104404902665e+01 7.020279342768536424e+01 5.425698837497222371e+01
1.303007129960024280e+01 4.093571870523056333e+01 5.067366947519225562e+01 6.947254515505552774e+01 5.369397777849278697e+01
1.313007124960024363e+01 4.052009493300637644e+01 5.014538155585409385e+01 6.875366338119030729e+01 5.313971329001692823e+01
1.323007119960024447e+01 4.011039757379850101e+01 4.962563944931277149e+01 6.804582046956997488e+01 5.259395249756042290e+01
1.333007114960024531e+01 3.970660840124757129e+01 4.911423000021471807e+01 6.734872360120316159e+01 5.205652066755515506e+01
1.343007109960024614e+01 3.930912980913269905e+01 4.861095469191203478e+01 6.666226610223750981e+01 5.152745020109408358e+01
1.353007104960024698e+01 3.891840801216883250e+01 4.811562831800102202e+01 6.598647139062073563e+01 5.100683590693019909e+01
1.363007099960024782e+01 3.853453919717865972e+01 4.762807746841093604e+01 6.532129711334954436e+01 5.049463792631304671e+01
1.373007094960024865e+01 3.815739981948906490e+01 4.714813518072924126e+01 6.466660571459553353e+01 4.999071357160461559e+01
1.383007089960024949e+01 3.778673668441101086e+01 4.667563044659285509e+01 6.402217195560493224e+01 4.949484636220293510e+01
1.393007084960025033e+01 3.742156192387456315e+01 4.621032041478403585e+01 6.338739543188371783e+01 4.900642592351410087e+01
1.403007079960025116e+01 3.703848549297899950e+01 4.574961604133240201e+01 6.275086119733813206e+01 4.851298757721650645e+01
1.413007074960025200e+01 3.665674394607446374e+01 4.529587597075371264e+01 6.212282483080015538e+01 4.802514824920944392e+01
1.423007069960025284e+01 3.630322301649120220e+01 4.485150770914169982e+01 6.151548366783792687e+01 4.755673813115694770e+01
1.433007064960025367e+01 3.595595323280871014e+01 4.441389964499035869e+01 6.091774379316709087e+01 4.709586555698871990e+01
1.443007059960025451e+01 3.561384962991695602e+01 4.398251689232859718e+01 6.032866605214242384e+01 4.664167752479599471e+01
1.453007054960025535e+01 3.527352590651692310e+01 4.354950153188883633e+01 5.973987640589649573e+01 4.618763461476741838e+01
1.463007049960025618e+01 3.493753883108963265e+01 4.312014181013089598e+01 5.915716913104778030e+01 4.573828325742276490e+01
1.473007044960025702e+01 3.460956459531183782e+01 4.270436866785860275e+01 5.859077338345981190e+01 4.530156888221009126e+01
1.483007039960025786e+01 3.428703612807195356e+01 4.229652853647997546e+01 5.803456091430030739e+01 4.487270852628407170e+01
1.493007034960025869e+01 3.396907425980870698e+01 4.189466354208198595e+01 5.748640970290274765e+01 4.445004916826447783e+01
1.503007029960025953e+01 3.365553942247810681e+01 4.149854587585865318e+01 5.694604246520783164e+01 4.403337592118153054e+01
1.513007024960026037e+01 3.334633435496861864e+01 4.110803717959658599e+01 5.641327970533296110e+01 4.362255041329938621e+01
1.523007019960026120e+01 3.304137276105343091e+01 4.072302069695064830e+01 5.588796619718363701e+01 4.321745321839590304e+01
1.533007014960026204e+01 3.274057397636924804e+01 4.034338868234726050e+01 5.536995754306568784e+01 4.281797340059407020e+01
1.543007009960026288e+01 3.244386054163853572e+01 3.996903843449915428e+01 5.485911552432444438e+01 4.242400483348738049e+01
1.553007004960026372e+01 3.215115755123635921e+01 3.959987078873374600e+01 5.435530650223390126e+01 4.203544494740133075e+01
1.563006999960026455e+01 3.186239230174515313e+01 3.923578955504022048e+01 5.385840073744741829e+01 4.165219419807760204e+01
1.573006994960026539e+01 3.157749384619920008e+01 3.887670104748646338e+01 5.336827178278423389e+01 4.127415555882330267e+01
1.583006989960026623e+01 3.129639318806540871e+01 3.852251414880950620e+01 5.288479662413196536e+01 4.090123465366895772e+01
1.593006984960026706e+01 3.101902287984732354e+01 3.817313961515808529e+01 5.240785481104135357e+01 4.053333910201558865e+01
1.603006979960026968e+01 3.074531696074121356e+01 3.782849058244046603e+01 5.193732898681341936e+01 4.017037884333169728e+01
1.613006974960026696e+01 3.047521100503457703e+01 3.748848203796944034e+01 5.147310432243755685e+01 3.981226578848052355e+01
1.623006969960027135e+01 3.020864233908871199e+01 3.715303109757729061e+01 5.101506892830329321e+01 3.945891412165643430e+01
1.633006964960027574e+01 2.994554898403738008e+01 3.682205645301142738e+01 5.056311284131634665e+01 3.911023942612172277e+01
1.643006959960027302e+01 2.968587104969379098e+01 3.649547886828965915e+01 5.011712907929545224e+01 3.876615966575963768e+01
1.653006954960027031e+01 2.942954976297045633e+01 3.617322085564450163e+01 4.967701297284809669e+01 3.842659453048768370e+01
1.663006949960027470e+01 2.917652737533908791e+01 3.585520646783425747e+01 4.924266184784519851e+01 3.809146523033951581e+01
1.673006944960027909e+01 2.892674742559368184e+01 3.554136168595931622e+01 4.881397558222807476e+01 3.776069489792702427e+01
1.683006939960027637e+01 2.868015504908218816e+01 3.523161381390649893e+01 4.839085606209092560e+01 3.743420830835987090e+01
1.693006934960027365e+01 2.843669601328253194e+01 3.492589200494548862e+01 4.797320737491011045e+01 3.711193179771271389e+01
1.703006929960027804e+01 2.819631764181920985e+01 3.462412670774536849e+01 4.756093558371065910e+01 3.679379331109174700e+01
1.713006924960028243e+01 2.795896822504698420e+01 3.432625003270518249e+01 4.715394887886071729e+01 3.647972237887096014e+01
1.723006919960027972e+01 2.772459694403753261e+01 3.403219545206504648e+01 4.675215723651213295e+01 3.616964987753823380e+01
1.733006914960027700e+01 2.749315433751407411e+01 3.374189801015351975e+01 4.635547282370895772e+01 3.586350839045884697e+01
1.743006909960028139e+01 2.726459219240680554e+01 3.345529393301416832e+01 4.596380951956857075e+01 3.556123188166318272e+01
1.753006904960028578e+01 2.703886235855806319e+01 3.317232082476504473e+01 4.557708272851452591e+01 3.526275530394588031e+01
1.763006899960028306e+01 2.681591856306286914e+01 3.289291776533040235e+01 4.519521010488120538e+01 3.496801547775815777e+01
1.773006894960028035e+01 2.659571526357816396e+01 3.261702492967573619e+01 4.481811074432209807e+01 3.467695031252533511e+01
1.783006889960028474e+01 2.637820768913428537e+01 3.234458376358046650e+01 4.444570540238955658e+01 3.438949895170143378e+01
1.793006884960028913e+01 2.616335199340598550e+01 3.207553711545430275e+01 4.407791666872041958e+01 3.410560192586023476e+01
1.803006879960028641e+01 2.595110554711082784e+01 3.180982877281637755e+01 4.371466859597519772e+01 3.382520097196746889e+01
1.813006874960028370e+01 2.574142604002856771e+01 3.154740381203941268e+01 4.335588672375276076e+01 3.354823885860690780e+01
1.823006869960028808e+01 2.553427230736607356e+01 3.128820831057454654e+01 4.300149809888681318e+01 3.327465957227580873e+01
1.833006864960029247e+01 2.532960430121458728e+01 3.103218966278449287e+01 4.265143157589025691e+01 3.300440851329644687e+01
1.843006859960028976e+01 2.512738220694455649e+01 3.077929615138631902e+01 4.230561705904212744e+01 3.273743180579100454e+01
1.853006854960028704e+01 2.492756715988936378e+01 3.052947712548843029e+01 4.196398594279500571e+01 3.247367674272426541e+01
1.863006849960029143e+01 2.473012139459353520e+01 3.028268302968426795e+01 4.162647119155295883e+01 3.221309187194358969e+01
1.873006844960029582e+01 2.453500745647600567e+01 3.003886532417202204e+01 4.129300698069452835e+01 3.195562658711418180e+01
1.883006839960029311e+01 2.434218879010994740e+01 2.979797622157379422e+01 4.096352863220884188e+01 3.170123121463086235e+01
1.893006834960029039e+01 2.415162986276691726e+01 2.955996927717068701e+01 4.063797326506865204e+01 3.144985746833541640e+01
1.903006829960029478e+01 2.396329548888534688e+01 2.932479852121631581e+01 4.031627864139169048e+01 3.120145755049778558e+01
1.913006824960029917e+01 2.395750439930730380e+01 2.909982470104900187e+01 4.007279262215175919e+01 3.104337390750268710e+01
1.923006819960029645e+01 2.395181452566559344e+01 2.887751268897066126e+01 3.983219892040135335e+01 3.088717537834586935e+01
1.933006814960029374e+01 2.394619290774820541e+01 2.865781944750539623e+01 3.959443922882616107e+01 3.073281719469325424e+01
1.943006809960029813e+01 2.394063845763984588e+01 2.844070386572997577e+01 3.935946905455254097e+01 3.058027045930745658e+01
1.953006804960030252e+01 2.393515011999350861e+01 2.822612604373534495e+01 3.912724523106082586e+01 3.042950713159655862e+01
