8.306807093315199381e+03 1.006935065599999941e-05 9.658271580799999916e-06 1.039747552800000014e-05 1.004169925493333372e-05
8.306907093315099701e+03 9.716484003153023013e-06 9.299715066858715542e-06 1.004907392034855607e-05 9.688424330120099339e-06
8.307007093315000020e+03 9.370650628891973093e-06 8.948041624903659569e-06 9.707807527482835384e-06 9.342166593759489913e-06
8.307107093314900339e+03 9.034313784109457911e-06 8.605610837327748873e-06 9.376248839195117359e-06 9.005391153544105789e-06
8.307207093314800659e+03 8.709575759699529209e-06 8.274506888125003994e-06 9.056492079979595495e-06 8.680191575934710131e-06
8.307307093314700978e+03 8.397483329655477767e-06 7.955719421788845969e-06 8.749636674729376572e-06 8.367613142057899538e-06
8.307407093314601298e+03 8.099153802285345303e-06 7.650302593427759927e-06 8.456851444752165175e-06 8.068769280155090135e-06
8.307507093314501617e+03 7.820497461446391363e-06 7.364121589598951187e-06 8.184080945605280361e-06 7.789566665550206790e-06
8.307607093314401936e+03 7.557998605896149228e-06 7.093597034860237535e-06 7.927870155245937065e-06 7.526488598667440994e-06
8.307707093314302256e+03 7.313741679294846298e-06 6.840785257271717999e-06 7.690318654534592131e-06 7.281615197033717680e-06
8.307807093314202575e+03 7.085773990672396646e-06 6.603687343163406543e-06 7.469497676501157052e-06 7.052986336778987029e-06
8.307907093314102895e+03 6.874793223714143958e-06 6.382948666221173481e-06 7.266153174230385085e-06 6.841298354721901406e-06
8.308007093314003214e+03 6.681968103307914005e-06 6.179681999632888536e-06 7.081502968510069320e-06 6.647717690483623954e-06
8.308107093313903533e+03 6.505878503783775140e-06 5.992464247328100985e-06 6.914127011370765217e-06 6.470823254160879318e-06
8.308207093313803853e+03 6.344584709353248005e-06 5.819274319519435370e-06 6.762143536023184539e-06 6.308667521631956536e-06
8.308307093313704172e+03 6.201105241945318065e-06 5.663108050635012361e-06 6.628592749996863975e-06 6.164268680859064518e-06
8.308407093313604491e+03 6.071388315169314344e-06 5.519873574484953827e-06 6.509448305300656129e-06 6.033570064984973920e-06
8.308507093313504811e+03 5.955141165070735819e-06 5.389202164615270139e-06 6.404484659579446543e-06 5.916275996421817500e-06
8.308607093313405130e+03 5.853615967322724804e-06 5.272288233499005208e-06 6.314992368806692947e-06 5.813632189876142398e-06
8.308707093313305450e+03 5.765233260275193629e-06 5.167510438885944829e-06 6.239429098732217020e-06 5.724057599297784594e-06
8.308807093313205769e+03 5.687773284844252201e-06 5.072574017292664726e-06 6.175614926672206979e-06 5.645320742936374635e-06
8.308907093313106088e+03 5.623075734654544565e-06 4.989267038444161946e-06 6.125452784450223299e-06 5.579265185849642987e-06
8.309007093313006408e+03 5.571689295527265491e-06 4.918059965462069932e-06 6.089542685487760149e-06 5.526430648825698242e-06
8.309107093312906727e+03 5.532362073502066628e-06 4.857579648487264760e-06 6.066730507123253983e-06 5.485557409704195689e-06
8.309207093312807046e+03 5.503407608393109020e-06 4.806068994733057463e-06 6.055368732271977354e-06 5.454948445132713483e-06
8.309307093312707366e+03 5.483578400094146757e-06 4.762159587094228979e-06 6.054310513326370386e-06 5.433349500171581476e-06
8.309407093312607685e+03 5.474772216528261930e-06 4.727636549394857725e-06 6.065536311209020516e-06 5.422648359044045877e-06
8.309507093312508005e+03 5.476776400146046017e-06 4.702189701185055809e-06 6.088909796270761507e-06 5.422625299200620547e-06
8.309607093312408324e+03 5.492381135964291946e-06 4.688397755385091972e-06 6.127381825025803604e-06 5.436053572125061943e-06
8.309707093312308643e+03 5.518619567241133681e-06 4.683187407950692906e-06 6.178074342333873786e-06 5.459960439175232893e-06
8.309807093312208963e+03 5.554915110214610968e-06 4.685794617322032979e-06 6.240541422331972883e-06 5.493750383289537814e-06
8.309907093312109282e+03 5.604224897376100054e-06 4.698928869594090728e-06 6.317922774708558229e-06 5.540358847226249105e-06
8.310007093312009602e+03 5.663379805512658401e-06 4.719223497652498770e-06 6.407213322651178685e-06 5.596605541938778054e-06
8.310107093311909921e+03 5.735149392938384569e-06 4.749193852913809983e-06 6.511364344772856018e-06 5.665235863541684088e-06
8.310207093311810240e+03 5.819990100323394059e-06 4.789020744349631573e-06 6.631057767241679391e-06 5.746689537304901392e-06
8.310307093311710560e+03 5.920925725578535750e-06 4.841412966672128854e-06 6.769553092168145402e-06 5.843963928139602771e-06
8.310407093311610879e+03 6.036470558753250161e-06 4.904472076036893516e-06 6.925661400597481987e-06 5.955534678462542453e-06
8.310507093311511198e+03 6.164215689787596483e-06 4.975396776383651710e-06 7.097282576869049143e-06 6.078965014346765214e-06
8.310607093311411518e+03 6.310355481662829056e-06 5.059942154696613299e-06 7.290940073262404809e-06 6.220412569873949055e-06
8.310707093311311837e+03 6.477332886906249742e-06 5.160013562808223172e-06 7.509459535501779054e-06 6.382268661738751221e-06
8.310807093311212157e+03 6.664729045228093393e-06 5.274534701933784846e-06 7.752967639590785322e-06 6.564077128917554803e-06
8.310907093311112476e+03 6.871715214339917838e-06 5.401978146391043176e-06 8.021091382741060263e-06 6.764928247824007092e-06
8.311007093311012795e+03 7.102500776136284671e-06 5.545786773178281481e-06 8.318668959339493583e-06 6.988985502884686578e-06
8.311107093310913115e+03 7.359826083367542094e-06 5.707796821654049215e-06 8.649118681932436970e-06 7.238913862318009991e-06
8.311207093310813434e+03 7.646116475839289468e-06 5.889326432535565218e-06 9.015667448418031516e-06 7.517036785597629299e-06
8.311307093310713753e+03 7.967637026377784331e-06 6.095388640656816868e-06 9.425534577114884954e-06 7.829520081383160922e-06
8.311407093310614073e+03 8.323831871166072590e-06 6.324023316915562377e-06 9.879228000795104884e-06 8.175694396292247464e-06
8.311507093310514392e+03 8.720849975196855668e-06 6.579630053222992577e-06 1.038418579733910845e-05 8.561555275252985000e-06
8.311607093310414712e+03 9.164660730160277438e-06 6.866262687482446755e-06 1.094778988702725316e-05 8.992904434889992450e-06
8.311707093310315031e+03 9.662045181698761823e-06 7.188340816663888437e-06 1.157860076617980647e-05 9.476328921514152808e-06
8.311807093310215350e+03 1.022115053313401553e-05 7.551213999214287767e-06 1.228683256770150836e-05 1.001973236668327084e-05
8.311907093310115670e+03 1.084695045718386103e-05 7.956719006283818825e-06 1.307981567268413983e-05 1.062782837871727041e-05
8.312007093310015989e+03 1.155086488050823279e-05 8.412339146180106554e-06 1.397189167675371013e-05 1.131169856781401649e-05
8.312107093309916308e+03 1.235013529176523830e-05 8.930648322111691718e-06 1.498371143753378162e-05 1.208816501713690444e-05
8.312207093309816628e+03 1.325432649431646004e-05 9.515707419499196460e-06 1.612899668633545227e-05 1.296634353338370349e-05
8.312307093309716947e+03 1.428241321363582381e-05 1.017996087358274235e-05 1.743150818659066460e-05 1.396462742460307861e-05
8.312407093309617267e+03 1.545512164253380101e-05 1.093613142078694045e-05 1.891789792202261286e-05 1.510305032844778534e-05
8.312507093309517586e+03 1.679797402769210539e-05 1.180022794589751627e-05 2.062076810323401065e-05 1.640632335894121133e-05
8.312607093309417905e+03 1.834182758372562865e-05 1.279189705965606672e-05 2.257923779375017043e-05 1.790432081237728747e-05
8.312707093309318225e+03 2.011775388252915091e-05 1.392882833511874759e-05 2.483433947634112137e-05 1.962697389799634108e-05
8.312807093309218544e+03 2.217160403316256696e-05 1.524115899451164007e-05 2.744346942195218431e-05 2.161874414987546378e-05
8.312907093309118864e+03 2.455093817531550787e-05 1.675848019773349304e-05 3.046781053009339532e-05 2.392574296771413434e-05
8.313007093309019183e+03 2.731025293344879396e-05 1.851590375637495153e-05 3.397667538511965808e-05 2.660094402498113791e-05
8.313107093308919502e+03 3.050818560313879477e-05 2.055149384914518876e-05 3.804386338254112153e-05 2.970118094494170056e-05
8.313207093308819822e+03 3.420397468617114692e-05 2.290651076272602228e-05 4.274338700512269858e-05 3.328462415133996157e-05
8.313307093308720141e+03 3.844647218711838923e-05 2.561906769224691876e-05 4.813340649176768349e-05 3.739964879037766270e-05
8.313407093308620460e+03 4.325149839286365099e-05 2.871011111463145043e-05 5.422875289396980787e-05 4.206345413382163304e-05
8.313507093308520780e+03 4.859322903120823119e-05 3.218837546267527767e-05 6.098218586691598789e-05 4.725459678693316333e-05
8.313607093308421099e+03 5.434514729205597533e-05 3.600842235002475012e-05 6.821199391386429842e-05 5.285518785198167237e-05
8.313707093308321419e+03 6.025323524055793651e-05 4.006168129915937655e-05 7.556252942532593216e-05 5.862581532168108852e-05
8.313807093308221738e+03 6.591162757117756041e-05 4.415709463623666343e-05 8.247151126691589223e-05 6.418007782477670536e-05
8.313907093308122057e+03 7.077356983288691226e-05 4.800856422940501082e-05 8.819664867779265392e-05 6.899292758002818781e-05
8.314007093308022377e+03 7.426073060870094983e-05 5.128056175214477751e-05 9.196941001420130162e-05 7.250356745834902095e-05
8.314107093307922696e+03 7.591480332562029027e-05 5.364465796494636478e-05 9.322126806589258407e-05 7.426024311881973734e-05
8.314207093307823015e+03 7.554472863630346772e-05 5.485247855588916671e-05 9.179355821133388001e-05 7.406358846784217599e-05
8.314307093307723335e+03 7.329220586539966721e-05 5.479774668309178506e-05 8.801195916871412119e-05 7.203397057240186008e-05
8.314407093307623654e+03 6.955931433880726481e-05 5.352938520709221872e-05 8.254813150194455673e-05 6.854561034928134450e-05
8.314507093307523974e+03 6.487715158540915115e-05 5.124336300347816475e-05 7.618970579608136796e-05 6.410340679498955903e-05
8.314607093307424293e+03 5.978411630704357464e-05 4.825231747658908338e-05 6.964423583398751043e-05 5.922688987254006744e-05
8.314707093307324612e+03 5.471958768489362416e-05 4.490311357379080733e-05 6.341888234632279107e-05 5.434719453500240526e-05
8.314807093307224932e+03 4.998642957944330521e-05 4.150751114578060306e-05 5.780711925750721424e-05 4.976701999424370073e-05
8.314907093307125251e+03 4.576446819390201433e-05 3.830586220551695045e-05 5.293977379801350773e-05 4.567003473247749536e-05
8.315007093307025571e+03 4.211069165867936095e-05 3.542905211516594497e-05 4.881017041057600597e-05 4.211663806147376837e-05
8.315107093306925890e+03 3.900084842232654718e-05 3.292066882455824654e-05 4.533195453580784811e-05 3.908449059423088287e-05
8.315207093306826209e+03 3.636132356905036431e-05 3.076114885085174847e-05 4.237387988672772351e-05 3.649878410220994769e-05
8.315307093306726529e+03 3.408398568695548373e-05 2.888463552399420553e-05 3.978086420470239689e-05 3.424982847188402872e-05
8.315407093306626848e+03 3.205582295687230295e-05 2.720907177664435425e-05 3.740793968242837539e-05 3.222427813864833855e-05
8.315507093306527167e+03 3.017216423536861657e-05 2.565210187603508837e-05 3.513784028188438963e-05 3.032070213109602926e-05
8.315607093306427487e+03 2.835105213676590618e-05 2.414544245317901770e-05 3.289587329768744984e-05 2.846412262921078898e-05
8.315707093306327806e+03 2.653187480541615662e-05 2.263395316311490519e-05 3.064195230899109131e-05 2.660259342584071770e-05
8.315807093306228126e+03 2.468807325741215170e-05 2.108978507653126811e-05 2.837495863937780275e-05 2.471760565777373747e-05
8.315907093306128445e+03 2.283440879915146697e-05 1.952273394715191185e-05 2.613191025047364999e-05 2.282968433225900960e-05
8.316007093306028764e+03 2.100586724070184862e-05 1.796163802617348567e-05 2.396006940318700837e-05 2.097585822335411648e-05
8.316107093305929084e+03 1.924678767109110682e-05 1.644711687241714662e-05 2.190683779936308792e-05 1.920024744762378159e-05
8.316207093305829403e+03 1.760298109204823798e-05 1.502346862141624705e-05 2.001414152037277094e-05 1.754686374461241865e-05
8.316307093305729722e+03 1.609810025450707918e-05 1.371504124090360932e-05 1.829854789346086236e-05 1.603722979629051583e-05
8.316407093305630042e+03 1.474188544278573208e-05 1.253360572305987195e-05 1.676261761598396628e-05 1.467936959394318785e-05
8.316507093305530361e+03 1.353622547258427503e-05 1.148342691554963920e-05 1.540207508456102817e-05 1.347390915756498023e-05
8.316607093305430681e+03 1.246949988721686999e-05 1.055528559867747562e-05 1.420024441641635585e-05 1.240834330077023608e-05
8.316707093305331000e+03 1.152683436903954369e-05 9.736485896014190718e-06 1.313855136178736788e-05 1.146729054228036799e-05
8.316807093305231319e+03 1.069647693277054138e-05 9.017167532402100302e-06 1.220275519228073929e-05 1.063879988581779422e-05
8.316907093305131639e+03 9.965441574101416687e-06 8.386004894346123936e-06 1.137737817509983367e-05 9.909608214515792560e-06
8.317007093305031958e+03 9.319345212296052384e-06 7.830027761432592227e-06 1.064656901530977752e-05 9.265313996346139581e-06
8.317107093304932278e+03 8.745719182701039502e-06 7.337921727030407864e-06 9.996559828344210154e-06 8.693400246025219456e-06
8.317207093304832597e+03 8.237186081225929417e-06 6.903386856053616777e-06 9.418864887596794787e-06 8.186479274958781456e-06
8.317307093304732916e+03 7.782128025728491440e-06 6.515640547283331405e-06 8.901000220702123762e-06 7.732922931237981920e-06
8.317407093304633236e+03 7.375141803404237196e-06 6.170063305115451219e-06 8.436842767745240842e-06 7.327349292088309752e-06
8.317507093304533555e+03 7.013501830074522730e-06 5.864539629588847141e-06 8.023045687137887982e-06 6.967029048933752053e-06
8.317607093304433874e+03 6.684938838775056962e-06 5.587386256639989485e-06 7.646762637612884334e-06 6.639695911009309978e-06
8.317707093304334194e+03 6.387891183979106729e-06 5.337510835553069057e-06 7.305997646929713685e-06 6.343799888820628977e-06
8.317807093304234513e+03 6.120777022988715080e-06 5.113770994732778033e-06 6.998744148989941024e-06 6.077764055570477764e-06
8.317907093304134833e+03 5.877549907412867508e-06 4.910457826696424501e-06 6.718618562195650770e-06 5.835542098768313413e-06
8.318007093304035152e+03 5.656359236195843020e-06 4.726107534082630566e-06 6.463442620090283383e-06 5.615303130122919272e-06
8.318107093303935471e+03 5.456590042904001491e-06 4.560379564769257936e-06 6.232306374737500644e-06 5.416425327470253639e-06
8.318207093303835791e+03 5.275000109737779009e-06 4.410226323164984675e-06 6.021796768024512940e-06 5.235674400309091644e-06
8.318307093303736110e+03 5.107098385347029560e-06 4.271423787311310319e-06 5.827158259511939275e-06 5.068560144056760000e-06
8.318407093303636429e+03 4.953409084871578482e-06 4.144721586050975768e-06 5.648694103536373569e-06 4.915608258152975940e-06
8.318507093303536749e+03 4.812883441390010897e-06 4.029210702372450093e-06 5.485238619264401362e-06 4.775777587675620784e-06
8.318607093303437068e+03 4.685923375634825871e-06 3.925457878404863781e-06 5.337024652335008263e-06 4.649468635458232074e-06
8.318707093303337388e+03 4.569868954468057597e-06 3.830970891109415277e-06 5.201234544409389884e-06 4.534024796662286457e-06
8.318807093303237707e+03 4.461843654921634060e-06 3.742971563326192669e-06 5.074891993612684732e-06 4.426569070620170346e-06
8.318907093303138026e+03 4.361583257793126526e-06 3.661316430049012382e-06 4.957621285744863623e-06 4.326840324528999997e-06
8.319007093303038346e+03 4.270420260887027332e-06 3.587431713985684091e-06 4.850682765105609809e-06 4.236178246659440834e-06
8.319107093302938665e+03 4.186564090382281893e-06 3.519651095011128844e-06 4.752163129480288413e-06 4.152792771624566101e-06
8.319207093302838985e+03 4.112561079148142010e-06 3.460588789101194862e-06 4.664551972330361526e-06 4.079233946859900172e-06
8.319307093302739304e+03 4.044233648613651067e-06 3.406130312485568136e-06 4.583565157391019382e-06 4.011309706163412438e-06
8.319407093302639623e+03 3.980039908062812086e-06 3.354810494345831906e-06 4.507611713039844723e-06 3.947487371816162764e-06
8.319507093302539943e+03 3.920073927391792476e-06 3.306776617281168383e-06 4.436756317470411036e-06 3.887868954047790773e-06
8.319607093302440262e+03 3.868472819184410163e-06 3.266253063570890527e-06 4.375069035171427035e-06 3.836598305975576049e-06
8.319707093302340581e+03 3.821740846609851354e-06 3.229755773593644685e-06 4.318984233612648285e-06 3.790160284605381300e-06
8.319807093302240901e+03 3.776724554833427595e-06 3.194214408105620789e-06 4.265311894355120049e-06 3.745416952431389901e-06
8.319907093302141220e+03 3.739168283304294849e-06 3.165391971163784832e-06 4.219738270351243106e-06 3.708099508273107595e-06
8.320007093302041540e+03 3.704090237615768689e-06 3.138374503955112062e-06 4.177293562685115773e-06 3.673252768085332034e-06
8.320107093301941859e+03 3.672646875668953688e-06 3.114293818292764870e-06 4.139071464667720025e-06 3.642004052876479951e-06
8.320207093301842178e+03 3.645261066658376337e-06 3.093668174855309393e-06 4.105501035584558995e-06 3.614810092366081575e-06
8.320307093301742498e+03 3.621687421572277894e-06 3.076235969545831643e-06 4.076221288640141095e-06 3.591381559919416736e-06
8.320407093301642817e+03 3.603449854972453424e-06 3.063584481015153118e-06 4.052793591976076424e-06 3.573275975987894463e-06
8.320507093301543136e+03 3.586667111692014613e-06 3.051844751803291284e-06 4.031328533631476515e-06 3.556613465708927188e-06
8.320607093301443456e+03 3.573034601875426737e-06 3.042713024056253070e-06 4.013466120357334943e-06 3.543071248763005058e-06
8.320707093301343775e+03 3.562665501836852356e-06 3.036354100481159816e-06 3.999326504459335362e-06 3.532782035592449178e-06
8.320807093301244095e+03 3.554810816996143458e-06 3.031998183407880899e-06 3.988142737860726404e-06 3.524983912754916638e-06
8.320907093301144414e+03 3.551964885000005118e-06 3.032203180371186833e-06 3.982335823916180487e-06 3.522167963095791236e-06
8.321007093301044733e+03 3.549657334826642429e-06 3.032481287860633084e-06 3.977538277079110624e-06 3.519892299922128854e-06
8.321107093300945053e+03 3.547916733048130083e-06 3.032860367545960720e-06 3.973655488753507870e-06 3.518144196449199416e-06
8.321207093300845372e+03 3.550947602764904474e-06 3.037596488620107640e-06 3.974948810014338229e-06 3.521164300466449973e-06
8.321307093300745692e+03 3.558205358450986427e-06 3.046154503563051148e-06 3.980821693551151515e-06 3.528393851855063030e-06
8.321407093300646011e+03 3.566556979984527341e-06 3.055372055858501732e-06 3.988110790439164086e-06 3.536679942094064528e-06
8.321507093300546330e+03 3.576084410503871459e-06 3.065363548135868982e-06 3.996986785799331271e-06 3.546144914813023622e-06
8.321607093300446650e+03 3.590991717200602315e-06 3.080316078393930093e-06 4.011572471748053374e-06 3.560960089114195543e-06
8.321707093300346969e+03 3.606978617525327063e-06 3.095982270172964487e-06 4.027632501614465057e-06 3.576864463104252344e-06
8.321807093300247288e+03 3.623514194111042359e-06 3.111775525422777492e-06 4.044471210265414757e-06 3.593253643266410971e-06
8.321907093300147608e+03 3.644697672711433605e-06 3.131845792978995504e-06 4.066382730301847361e-06 3.614308731997425631e-06
8.322007093300047927e+03 3.670010751564516275e-06 3.155662223791290972e-06 4.092745899405404749e-06 3.639472958253737614e-06
8.322107093299948247e+03 3.696264885195660029e-06 3.180022885584456916e-06 4.120374095986084544e-06 3.665553955588733265e-06
8.322207093299848566e+03 3.723227792260581433e-06 3.204731145506720734e-06 4.149042772998707052e-06 3.692333903588670163e-06
8.322307093299748885e+03 3.754106582098181422e-06 3.232937550713751092e-06 4.181962887180744646e-06 3.723002339997559053e-06
8.322407093299649205e+03 3.787672921880252828e-06 3.263460267153552823e-06 4.217874956415479071e-06 3.756336048483095331e-06
8.322507093299549524e+03 3.824746759997727615e-06 3.297103478334640556e-06 4.257692372968341386e-06 3.793180870433569711e-06
8.322607093299449843e+03 3.864224926181940339e-06 3.332757056384337131e-06 4.300204231104114459e-06 3.832395404556796886e-06
8.322707093299350163e+03 3.906107783361285525e-06 3.370405829232415914e-06 4.345537156914425264e-06 3.874016923169375427e-06
8.322807093299250482e+03 3.950974498999366296e-06 3.410634221843768006e-06 4.394089964107787070e-06 3.918566228316973226e-06
8.322907093299150802e+03 3.996759948251919013e-06 3.451378004761053536e-06 4.444051792081653952e-06 3.964063248364875924e-06
8.323007093299051121e+03 4.046681721138139022e-06 3.495857010217090704e-06 4.498442289816485106e-06 4.013660340390571046e-06
8.323107093298951440e+03 4.100574259742983501e-06 3.543839874903248692e-06 4.557122658865007608e-06 4.067178931170413408e-06
8.323207093298851760e+03 4.156061069728418715e-06 3.593014183260454628e-06 4.617961540953404524e-06 4.122345597980759572e-06
8.323307093298752079e+03 4.217620370413568981e-06 3.647786302336667335e-06 4.685117370587492261e-06 4.183508014445909808e-06
8.323407093298652399e+03 4.281278828266214676e-06 3.704217349362158867e-06 4.754757535176400116e-06 4.246751237601591361e-06
8.323507093298552718e+03 4.345717567672631028e-06 3.760935215357955078e-06 4.825624658402472249e-06 4.310759147144352644e-06
8.323607093298453037e+03 4.413714254612298115e-06 3.820729663385963516e-06 4.900522632156510370e-06 4.378322183384924565e-06
8.323707093298353357e+03 4.486995336853984130e-06 3.885286592123784075e-06 4.981021504137968445e-06 4.451101144371912217e-06
8.323807093298253676e+03 4.564767494343152463e-06 3.953857921611502405e-06 5.066619984709096574e-06 4.528415133554584096e-06
8.323907093298153995e+03 4.644970022928876966e-06 4.024240299802795925e-06 5.155085257520430787e-06 4.608098526750701508e-06
8.324007093298054315e+03 4.730984450452143036e-06 4.099942649520230204e-06 5.249953518434083077e-06 4.693626872802152388e-06
8.324107093297954634e+03 4.821559165779630855e-06 4.179571758267292273e-06 5.349776586784674794e-06 4.783635836943865127e-06
8.324207093297854954e+03 4.914558664068416023e-06 4.261068501763669381e-06 5.452569455469669554e-06 4.876065540433918602e-06
8.324307093297755273e+03 5.014441262176444348e-06 4.348802687207779601e-06 5.562866392649336924e-06 4.975370114011187240e-06
8.324407093297655592e+03 5.118524291739513462e-06 4.440046480892050095e-06 5.677881830721515197e-06 5.078817534451026251e-06
8.324507093297555912e+03 5.225336717153804950e-06 4.533320109742616936e-06 5.796279221709730388e-06 5.184978682868717707e-06
8.324607093297456231e+03 5.340314314198096838e-06 4.634011601033058067e-06 5.923549537616847226e-06 5.299291817616001840e-06
8.324707093297356550e+03 5.461443584685346690e-06 4.740133223363353914e-06 6.057556187487469816e-06 5.419710998512057089e-06
8.324807093297256870e+03 5.587210755908387567e-06 4.850159280948486580e-06 6.197070386428072102e-06 5.544813474428315981e-06
8.324907093297157189e+03 5.720770898602335745e-06 4.967045343810767118e-06 6.345026192504991259e-06 5.677614144972698888e-06
8.325007093297057509e+03 5.859631267207117983e-06 5.088306797700019409e-06 6.499234709122565647e-06 5.815724258009900731e-06
8.325107093296957828e+03 6.005406400506759964e-06 5.215609859376554386e-06 6.660913356605538558e-06 5.960643205496284303e-06
8.325207093296858147e+03 6.160188736508756490e-06 5.350947943575355432e-06 6.832806205270228493e-06 6.114647628451445958e-06
8.325307093296758467e+03 6.321358410317596548e-06 5.491603658521081542e-06 7.011932850888201387e-06 6.274964973242293724e-06
8.325407093296658786e+03 6.491012937844423246e-06 5.639607862258600965e-06 7.200547631229011043e-06 6.443722810444012316e-06
8.325507093296559106e+03 6.670005443334001220e-06 5.795643928113311134e-06 7.399664932782537230e-06 6.621771434743282630e-06
8.325607093296459425e+03 6.859114420658995346e-06 5.960820004344272197e-06 7.610219269339910845e-06 6.810051231447725565e-06
8.325707093296359744e+03 7.059560782233715413e-06 6.136138650968051740e-06 7.832904106043744454e-06 7.009534513081836638e-06
8.325807093296260064e+03 7.270762361388566266e-06 6.320301741036522087e-06 8.068014698536443160e-06 7.219692933653843555e-06
8.325907093296160383e+03 7.492900456806323525e-06 6.514213916980357952e-06 8.315420056295598353e-06 7.440844810027426610e-06
8.326007093296060702e+03 7.729464782522991816e-06 6.721186919286595082e-06 8.579240202506389215e-06 7.676630634771992038e-06
8.326107093295961022e+03 7.976747480124166215e-06 6.936430299988355412e-06 8.854785930886514749e-06 7.922654570333013255e-06
8.326207093295861341e+03 8.236825014502315907e-06 7.162956493290977320e-06 9.144531894064592339e-06 8.181437800619294624e-06
8.326307093295761661e+03 8.513956276654743264e-06 7.404939768121874784e-06 9.454079164921379625e-06 8.457658403232664197e-06
8.326407093295661980e+03 8.807780480693316055e-06 7.661168400838650025e-06 9.781574728414685617e-06 8.750174536648884464e-06
8.326507093295562299e+03 9.120104057966489937e-06 7.933659357588744446e-06 1.013037841550259523e-05 9.061380610352608742e-06
8.326607093295462619e+03 9.453156508862592695e-06 8.224345452624801461e-06 1.050167315071438587e-05 9.393058370733925548e-06
8.326707093295362938e+03 9.803767757246096830e-06 8.530229130119106894e-06 1.089407930915486285e-05 9.742692065506689423e-06
8.326807093295263257e+03 1.017613257539235749e-05 8.854966308635112181e-06 1.131116219943256956e-05 1.011408702782001421e-05
8.326907093295163577e+03 1.057610250786135049e-05 9.204276874811545528e-06 1.175799176447247508e-05 1.051279038238178867e-05
8.327007093295063896e+03 1.100043165555617953e-05 9.574710081208781374e-06 1.223293638436413869e-05 1.093602604037636596e-05
8.327107093294964216e+03 1.145233523455162866e-05 9.969150635779993634e-06 1.273957908047447937e-05 1.138702165026870168e-05
8.327207093294864535e+03 1.193452553094032506e-05 1.038971935447187563e-05 1.327983844913122438e-05 1.186802777818114169e-05
8.327307093294764854e+03 1.245327618547677553e-05 1.084266292898997628e-05 1.386113259463373694e-05 1.238569056970016405e-05
8.327407093294665174e+03 1.300951580377857528e-05 1.132887715115799270e-05 1.448516223785818578e-05 1.294118506426491622e-05
8.327507093294565493e+03 1.360537962304578858e-05 1.184902176267015672e-05 1.515414980695698453e-05 1.353618373089097548e-05
8.327607093294465813e+03 1.424760508483673047e-05 1.241019986264162568e-05 1.587470686559493778e-05 1.417750393769109798e-05
8.327707093294366132e+03 1.493624081152477942e-05 1.301184309164940768e-05 1.664909264965900803e-05 1.486572551761106392e-05
8.327807093294266451e+03 1.567920908873167012e-05 1.366137709038367700e-05 1.748495808119263241e-05 1.560851475343599261e-05
8.327907093294166771e+03 1.648376288977840295e-05 1.436498509401030419e-05 1.838998457564600467e-05 1.641291085314490394e-05
8.328007093294067090e+03 1.735336671522645787e-05 1.512558536026219980e-05 1.936986622292142225e-05 1.728293943280335659e-05
8.328107093293967409e+03 1.829750148153126279e-05 1.595144799664406131e-05 2.043459204992608764e-05 1.822784717603380617e-05
8.328207093293867729e+03 1.932115061662382472e-05 1.684784590077046702e-05 2.158938610064653379e-05 1.925279420601360851e-05
8.328307093293768048e+03 2.043883154134789405e-05 1.782662346525570190e-05 2.285079282040175327e-05 2.037208260900178307e-05
8.328407093293668368e+03 2.165891283329968335e-05 1.889557578483983848e-05 2.423014584500628887e-05 2.159487815438193125e-05
8.328507093293568687e+03 2.299570078983374820e-05 2.006667682667418834e-05 2.574272577280744509e-05 2.293503446310512608e-05
8.328607093293469006e+03 2.446140656648063488e-05 2.135237128659973335e-05 2.740275621625103602e-05 2.440551135644379916e-05
8.328707093293369326e+03 2.606984199885423943e-05 2.276374304787621432e-05 2.922732705766860957e-05 2.602030403479968778e-05
8.328807093293269645e+03 2.785053702871678348e-05 2.432647701473312712e-05 3.124915120759655883e-05 2.780872175034882653e-05
8.328907093293169964e+03 2.982231590762142584e-05 2.605921933528065995e-05 3.348838540870160486e-05 2.978997355053456694e-05
8.329007093293070284e+03 3.200618372071385872e-05 2.797925022410051465e-05 3.597454274981771630e-05 3.198665889821069317e-05
8.329107093292970603e+03 3.443916905515052092e-05 3.011946911123212310e-05 3.874853202534579157e-05 3.443572339724280848e-05
8.329207093292870923e+03 3.716341492867822495e-05 3.251742350353883151e-05 4.185527376726722954e-05 3.717870406649476426e-05
8.329307093292771242e+03 4.022190557297758754e-05 3.521120400614015898e-05 4.534698683738044411e-05 4.026003213883273021e-05
8.329407093292671561e+03 4.368214719647038477e-05 3.826208151369269437e-05 4.930533401125625139e-05 4.374985424047310792e-05
8.329507093292571881e+03 4.765298112147061717e-05 4.176079750130253833e-05 5.383030157107998207e-05 4.774802673128437919e-05
8.329607093292472200e+03 5.206481317526675525e-05 4.566492064166023283e-05 5.893668114240810109e-05 5.222213831977836983e-05
8.329707093292372519e+03 5.685078701244270291e-05 4.991432916993152980e-05 6.450727640932683458e-05 5.709079753056702243e-05
8.329807093292272839e+03 6.236069914425525869e-05 5.478096439637997509e-05 7.083873449108126581e-05 6.266013267723883771e-05
8.329907093292173158e+03 6.880275406661457967e-05 6.048069769554591268e-05 7.826777457034556778e-05 6.918374211083535338e-05
8.330007093292073478e+03 7.623045524022288566e-05 6.705915889962347641e-05 8.685189528978199303e-05 7.671383647654278503e-05
8.330107093291973797e+03 8.480450914153224852e-05 7.466116001430778907e-05 9.677087269215120643e-05 8.541218061599708134e-05
8.330207093291874116e+03 9.474745408663697737e-05 8.347275170754460242e-05 1.082817013449011297e-04 9.550063571302756533e-05
8.330307093291774436e+03 1.062639826507377256e-04 9.368002947773883737e-05 1.216010187766318099e-04 1.071816769683694531e-04
8.330407093291674755e+03 1.196020150022291252e-04 1.054861379126140810e-04 1.369940704787860118e-04 1.206940744645430862e-04
8.330507093291575075e+03 1.349425476057937825e-04 1.190504085654362914e-04 1.546125383476307865e-04 1.362018315062869399e-04
8.330607093291475394e+03 1.525495991827130005e-04 1.345419993846077688e-04 1.746938564656913258e-04 1.539284850110040227e-04
8.330707093291375713e+03 1.723534601317056134e-04 1.519026548638023285e-04 1.969843663792584035e-04 1.737468271249220880e-04
8.330807093291276033e+03 1.921644582707260395e-04 1.699667913103814702e-04 2.182676763070268632e-04 1.934663086293781243e-04
8.330907093291176352e+03 2.151930679477463855e-04 1.897065714478349231e-04 2.430575839346228511e-04 2.159857411100680623e-04
8.331007093291076671e+03 2.386449831025918883e-04 2.093204131984671495e-04 2.674000856577518279e-04 2.384551606529369100e-04
8.331107093290976991e+03 2.607431596470522720e-04 2.271526994803994609e-04 2.891613892186547206e-04 2.590190827820354393e-04
8.331207093290877310e+03 2.792579561265488516e-04 2.412895441314211002e-04 3.059997001343293054e-04 2.755157334640997253e-04
8.331307093290777630e+03 2.919760652112916052e-04 2.500336885957790667e-04 3.160045109366410782e-04 2.860047549145704930e-04
8.331407093290677949e+03 2.973363258255682815e-04 2.524318833919199541e-04 3.183335785488712621e-04 2.893672625887864450e-04
8.331507093290578268e+03 2.950777183461111993e-04 2.486822697332242700e-04 3.135694954230053874e-04 2.857764945007802856e-04
8.331607093290478588e+03 2.863290472828368145e-04 2.400279614895084240e-04 3.034448650329998106e-04 2.766006246017817011e-04
8.331707093290378907e+03 2.731625397781814869e-04 2.282718488880941467e-04 2.901793422927588626e-04 2.638712436530114987e-04
8.331807093290279226e+03 2.577907074160632112e-04 2.151373327362821953e-04 2.756999756227664577e-04 2.495426719250373152e-04
8.331907093290179546e+03 2.420348772421401155e-04 2.019365955128507551e-04 2.613016848524810651e-04 2.350910525358239605e-04
8.332007093290079865e+03 2.270563346126463502e-04 1.894645322730126129e-04 2.476107956591846928e-04 2.213772208482812096e-04
8.332107093289980185e+03 2.133780137697118408e-04 1.780935273178001470e-04 2.348152425670752930e-04 2.087622612181957874e-04
8.332207093289880504e+03 2.011280235017381967e-04 1.679797989608295555e-04 2.228891125997357284e-04 1.973323116874345297e-04
8.332307093289780823e+03 1.902199586435856181e-04 1.591660708291401608e-04 2.117797865449446738e-04 1.870552720058901600e-04
8.332407093289681143e+03 1.804644538994683843e-04 1.516096542382918018e-04 2.014079560467461286e-04 1.778273547281687716e-04
8.332507093289581462e+03 1.715980356614563379e-04 1.451599512723265460e-04 1.915848735765407636e-04 1.694476201701078735e-04
8.332607093289481782e+03 1.632927763760039534e-04 1.395429361246227110e-04 1.820026566444207599e-04 1.616127897150157900e-04
8.332707093289382101e+03 1.551771169953606059e-04 1.343607881479650583e-04 1.722838471092737493e-04 1.539405840841997955e-04
8.332807093289282420e+03 1.468886434664126337e-04 1.291351437695561859e-04 1.620876246527518008e-04 1.460371372962401978e-04
8.332907093289182740e+03 1.381802143056725003e-04 1.234269741850948100e-04 1.512718379439438555e-04 1.376263421449037039e-04
8.333007093289083059e+03 1.289674640960985878e-04 1.169388653145026798e-04 1.399247702735193497e-04 1.286103665613735436e-04
8.333107093288983378e+03 1.193282842671128938e-04 1.095983868344602196e-04 1.282955562588420251e-04 1.190740757868050462e-04
8.333207093288883698e+03 1.094569013178655476e-04 1.015692206030468597e-04 1.166840924358050459e-04 1.092367381189058087e-04
8.333307093288784017e+03 9.949863883747399784e-05 9.321524308609130307e-05 1.051210368459914258e-04 9.927830625651889085e-05
8.333407093288684337e+03 8.513388149687440871e-05 8.102179924914171879e-05 8.856319331638022303e-05 8.490629135413210781e-05
8.333507093288584656e+03 7.710483086696775536e-05 7.306665494229738463e-05 8.039808159018088532e-05 7.685652246648200844e-05
8.333607093288484975e+03 6.981645703812526516e-05 6.596649531284290381e-05 7.291332875258889758e-05 6.956542703451902218e-05
8.333707093288385295e+03 6.334922479922330981e-05 5.965256459511467639e-05 6.630978334077641844e-05 6.310385757837145692e-05
8.333807093288285614e+03 5.761086119815068057e-05 5.405490673914070210e-05 6.047164368410399464e-05 5.737913720713179921e-05
8.333907093288185933e+03 5.254845149954976888e-05 4.912167803865306187e-05 5.533294375515866926e-05 5.233435776445383560e-05
8.334007093288086253e+03 4.807045898815640023e-05 4.477268715817908325e-05 5.078934725494417128e-05 4.787749780042656062e-05
8.334107093287986572e+03 4.410660591771899445e-05 4.093651423497224719e-05 4.676413513541718080e-05 4.393575176270280748e-05
8.334207093287886892e+03 4.058638185651202817e-05 3.754374227169983040e-05 4.318482189365161226e-05 4.043831534062115694e-05
8.334307093287787211e+03 3.745055115973645085e-05 3.453359868415713637e-05 3.999075256575918274e-05 3.732496746988425213e-05
8.334407093287687530e+03 3.464706713130052745e-05 3.185262805859437541e-05 3.713063092588277873e-05 3.454344203859256279e-05
8.334507093287587850e+03 3.211339794260328336e-05 2.943134396557121858e-05 3.454846239799504469e-05 3.203106810205651780e-05
8.334607093287488169e+03 2.981837304700424871e-05 2.728000195518640920e-05 3.217364069911778850e-05 2.975733856710281321e-05
8.334707093287388489e+03 2.787180640438586125e-05 2.545612588226273498e-05 3.015877017938277537e-05 2.782890082201045946e-05
8.334807093287288808e+03 2.614696647313830561e-05 2.382504989087444810e-05 2.838628487048406999e-05 2.611943374483226892e-05
8.334907093287189127e+03 2.454042857200118289e-05 2.231749377927577167e-05 2.672442958549592292e-05 2.452745064559096029e-05
8.335007093287089447e+03 2.307201973277943837e-05 2.094605062852173939e-05 2.520272276576185236e-05 2.307359770902100778e-05
8.335107093286989766e+03 2.172950551973273800e-05 1.969638948253823075e-05 2.380722435867995077e-05 2.174437312031697543e-05
8.335207093286890085e+03 2.050047193094863210e-05 1.855469446222242748e-05 2.252542880488593910e-05 2.052686506601899730e-05
8.335307093286790405e+03 1.937334562433266371e-05 1.751227372718393925e-05 2.134820985161359094e-05 1.941127640104339797e-05
8.335407093286690724e+03 1.833739468133946417e-05 1.655507819488706499e-05 2.026114741891085066e-05 1.838454009837912548e-05
8.335507093286591044e+03 1.738103392960586472e-05 1.567461840789130756e-05 1.925563505566768444e-05 1.743709579772161891e-05
8.335607093286491363e+03 1.649897682723073668e-05 1.486468776952386887e-05 1.832507256715620072e-05 1.656291238797026819e-05
8.335707093286391682e+03 1.568197234437207659e-05 1.411525263190592036e-05 1.745939569339418162e-05 1.575220688989072506e-05
8.335807093286292002e+03 1.492423295680067302e-05 1.342239576297992490e-05 1.665271011899870129e-05 1.499977961292643307e-05
8.335907093286192321e+03 1.421983448132784816e-05 1.277868125572499288e-05 1.589915995458548735e-05 1.429922523054610890e-05
8.336007093286092640e+03 1.356180363053611780e-05 1.217875363062374141e-05 1.519126525905022144e-05 1.364394084007002575e-05
8.336107093285992960e+03 1.294712403253261858e-05 1.161873740256680837e-05 1.452546695446312233e-05 1.303044279652084863e-05
8.336207093285893279e+03 1.237163588266151557e-05 1.109410923275569975e-05 1.389697157519664040e-05 1.245423889687128580e-05
8.336307093285793599e+03 1.183163711433110104e-05 1.060193735021938264e-05 1.330108018182268034e-05 1.191155154879105467e-05
8.336407093285693918e+03 1.132158581400513106e-05 1.014005533174419423e-05 1.273472621967402366e-05 1.139878912180778129e-05
8.336507093285594237e+03 1.084428753330831329e-05 9.706949227924833908e-06 1.219781346795769797e-05 1.091635007639695008e-05
8.336607093285494557e+03 1.039403681575109647e-05 9.297749069956652514e-06 1.168525202326106983e-05 1.045901263632293961e-05
8.336707093285394876e+03 9.959754060242145254e-06 8.903146395015116353e-06 1.118791608323575136e-05 1.001693884616433653e-05
8.336807093285295196e+03 9.553527820585054766e-06 8.534553870593347582e-06 1.071712350425768773e-05 9.601735065145362231e-06
8.336907093285195515e+03 9.176941117870178268e-06 8.191929107491375774e-06 1.027805417446276618e-05 9.215641466608106742e-06
8.337007093285095834e+03 8.819723962704888873e-06 7.867471634514726540e-06 9.860309552484841856e-06 8.849168383234817960e-06
8.337107093284996154e+03 8.482649255466613884e-06 7.561615654440743411e-06 9.465833982181133646e-06 8.503366297362829749e-06
8.337207093284896473e+03 8.165020160058070075e-06 7.273734531589349778e-06 9.094647795308256441e-06 8.177800828985224584e-06
8.337307093284796792e+03 7.865858330803254662e-06 7.002939477268821425e-06 8.746099261934394832e-06 7.871632356668823357e-06
8.337407093284697112e+03 7.584041413708318516e-06 6.748192947729861154e-06 8.419074970360237227e-06 7.583769777266138683e-06
8.337507093284597431e+03 7.318385973595877446e-06 6.508388805929146188e-06 8.112187791383657952e-06 7.312987523636227478e-06
8.337607093284497751e+03 7.067714423512156374e-06 6.282419751392660281e-06 7.823940876658555630e-06 7.058025017187790197e-06
8.337707093284398070e+03 6.830899894823794534e-06 6.069223306040008650e-06 7.552843711002462942e-06 6.817655637288755093e-06
8.337807093284298389e+03 6.606890793625086771e-06 5.867807388165480671e-06 7.297481133919849057e-06 6.590726438570138551e-06
8.337907093284198709e+03 6.394720643727242557e-06 5.677260919336444929e-06 7.056547110873673099e-06 6.376176224645786579e-06
8.338007093284099028e+03 6.193508785843807522e-06 5.496755059092096375e-06 6.828855894223138389e-06 6.173039913053014378e-06
8.338107093283999347e+03 6.002456096215185864e-06 5.325539298855159509e-06 6.613340329210913673e-06 5.980445241427086349e-06
8.338207093283899667e+03 5.820838409313233758e-06 5.162935158138918485e-06 6.409043728338083227e-06 5.797605765263411823e-06
8.338307093283799986e+03 5.647999218423238104e-06 5.008329097928099044e-06 6.215109155575799733e-06 5.623812490642379243e-06
8.338407093283700306e+03 5.483342490963936468e-06 4.861165514905647824e-06 6.030768222569728819e-06 5.458425409479771602e-06
8.338507093283600625e+03 5.326326001022274342e-06 4.720940230078880380e-06 5.855330447469799719e-06 5.300865559523651480e-06
8.338607093283500944e+03 5.176455333817590906e-06 4.587194637452561891e-06 5.688173634400142480e-06 5.150607868556765375e-06
8.338707093283401264e+03 5.033278583624101153e-06 4.459510536534401060e-06 5.528735398689698248e-06 5.007174839616066538e-06
8.338807093283301583e+03 4.896381709636959320e-06 4.337505615319079974e-06 5.376505815127659432e-06 4.870131046694565677e-06
8.338907093283201903e+03 4.765384481616228402e-06 4.220829516537352853e-06 5.231021082598254718e-06 4.739078360250611144e-06
8.339007093283102222e+03 4.639936944801010690e-06 4.109160416544811549e-06 5.091858084318103541e-06 4.613651815221309158e-06
8.339107093283002541e+03 4.519716334093529661e-06 4.002202048731584264e-06 4.958629717296939641e-06 4.493516033374017855e-06
8.339207093282902861e+03 4.404424375438483265e-06 3.899681106269779125e-06 4.830980875348782091e-06 4.378362119019013980e-06
8.339307093282803180e+03 4.293784918135471913e-06 3.801344971358593626e-06 4.708584986871107816e-06 4.267904958788390977e-06
8.339407093282703499e+03 4.187541851498555565e-06 3.706959722387794599e-06 4.591141017898764636e-06 4.161880863928372306e-06
8.339507093282603819e+03 4.085457264301767430e-06 3.616308378644913634e-06 4.478370869490594993e-06 4.060045504145759109e-06
8.339607093282504138e+03 3.987309815331838344e-06 3.529189350006525261e-06 4.370017109340907679e-06 3.962172091559757095e-06
8.339707093282404458e+03 3.892893283483462601e-06 3.445415062790001244e-06 4.265840984421776989e-06 3.868049776898413329e-06
8.339807093282304777e+03 3.802015276457899782e-06 3.364810736696248313e-06 4.165620675633758642e-06 3.777482229595969477e-06
8.339907093282205096e+03 3.714496073832931349e-06 3.287213294382694353e-06 4.069149757072086425e-06 3.690286375095903901e-06
8.340007093282105416e+03 3.630167589707296701e-06 3.212470383959251663e-06 3.976235830724305387e-06 3.606291268130284442e-06
8.340107093282005735e+03 3.548872440154589440e-06 3.140439503590904027e-06 3.886699314470843846e-06 3.525337086072112155e-06
8.340207093281906054e+03 3.470463100506501599e-06 3.070987211828306524e-06 3.800372359225763361e-06 3.447274223853523546e-06
8.340307093281806374e+03 3.394801145164835903e-06 3.003988416172947471e-06 3.717097881890687538e-06 3.371962481076156971e-06
8.340407093281706693e+03 3.321756557378669432e-06 2.939325729556695479e-06 3.636728696629323208e-06 3.299270327854896322e-06
8.340507093281607013e+03 3.251207102564999381e-06 2.876888886005890754e-06 3.559126732549950466e-06 3.229074240373613816e-06
8.340607093281507332e+03 3.183037758486558826e-06 2.816574211375911108e-06 3.484162328821260024e-06 3.161258099561243037e-06
8.340707093281407651e+03 3.117140195003272503e-06 2.758284140042692985e-06 3.411713595588945568e-06 3.095712643544970493e-06
8.340807093281307971e+03 3.053412299517027744e-06 2.701926775307848357e-06 3.341665836054915549e-06 3.032334970293263742e-06
8.340907093281208290e+03 2.991757742554012605e-06 2.647415487682888351e-06 3.273911020357692974e-06 2.971028083531531310e-06
8.341007093281108610e+03 2.932085579045136847e-06 2.594668546206617117e-06 3.208347305921154918e-06 2.911700477057636717e-06
8.341107093281008929e+03 2.874309883144203243e-06 2.543608782026506599e-06 3.144878600804259092e-06 2.854265755324989080e-06
8.341207093280909248e+03 2.818349412133173768e-06 2.494163278538159598e-06 3.083414163377199667e-06 2.798642284682844344e-06
8.341307093280809568e+03 2.764127297213839137e-06 2.446263087043127335e-06 3.023868237141863032e-06 2.744752873799610117e-06
8.341407093280709887e+03 2.711570758693947436e-06 2.399842965036545432e-06 2.966159714316485656e-06 2.692524479348992841e-06
8.341507093280610206e+03 2.660610842615261158e-06 2.354841134666903999e-06 2.910211827437015976e-06 2.641887934906393993e-06
8.341607093280510526e+03 2.611182177924220646e-06 2.311199059875160447e-06 2.855951865154358244e-06 2.592777700984579215e-06
8.341707093280410845e+03 2.563222751320299923e-06 2.268861240972506056e-06 2.803310910958087747e-06 2.545131634416964434e-06
8.341807093280311165e+03 2.516673700005124414e-06 2.227775024160356158e-06 2.752223601349946206e-06 2.498890775171808785e-06
