8306.8070933152    1.0069350656e-05    9.6582715808e-06    1.0397475528e-05    1.0041699254933334e-05
8306.9070933151    9.716484003153023e-06    9.299715066858716e-06    1.0049073920348556e-05    9.6884243301201e-06
8307.007093315    9.370650628891973e-06    8.94804162490366e-06    9.707807527482835e-06    9.34216659375949e-06
8307.1070933149    9.034313784109458e-06    8.605610837327749e-06    9.376248839195117e-06    9.005391153544106e-06
8307.2070933148    8.70957575969953e-06    8.274506888125004e-06    9.056492079979595e-06    8.68019157593471e-06
8307.307093314701    8.397483329655478e-06    7.955719421788846e-06    8.749636674729377e-06    8.3676131420579e-06
8307.407093314601    8.099153802285345e-06    7.65030259342776e-06    8.456851444752165e-06    8.06876928015509e-06
8307.507093314502    7.820497461446391e-06    7.364121589598951e-06    8.18408094560528e-06    7.789566665550207e-06
8307.607093314402    7.557998605896149e-06    7.0935970348602375e-06    7.927870155245937e-06    7.526488598667441e-06
8307.707093314302    7.313741679294846e-06    6.840785257271718e-06    7.690318654534592e-06    7.281615197033718e-06
8307.807093314203    7.085773990672397e-06    6.6036873431634065e-06    7.469497676501157e-06    7.052986336778987e-06
8307.907093314103    6.874793223714144e-06    6.3829486662211735e-06    7.266153174230385e-06    6.841298354721901e-06
8308.007093314003    6.681968103307914e-06    6.1796819996328885e-06    7.081502968510069e-06    6.647717690483624e-06
8308.107093313904    6.505878503783775e-06    5.992464247328101e-06    6.914127011370765e-06    6.470823254160879e-06
8308.207093313804    6.344584709353248e-06    5.819274319519435e-06    6.7621435360231845e-06    6.3086675216319565e-06
8308.307093313704    6.201105241945318e-06    5.663108050635012e-06    6.628592749996864e-06    6.1642686808590645e-06
8308.407093313604    6.071388315169314e-06    5.519873574484954e-06    6.509448305300656e-06    6.033570064984974e-06
8308.507093313505    5.955141165070736e-06    5.38920216461527e-06    6.4044846595794465e-06    5.9162759964218175e-06
8308.607093313405    5.853615967322725e-06    5.272288233499005e-06    6.314992368806693e-06    5.813632189876142e-06
8308.707093313305    5.765233260275194e-06    5.167510438885945e-06    6.239429098732217e-06    5.724057599297785e-06
8308.807093313206    5.687773284844252e-06    5.072574017292665e-06    6.175614926672207e-06    5.645320742936375e-06
8308.907093313106    5.6230757346545446e-06    4.989267038444162e-06    6.125452784450223e-06    5.579265185849643e-06
8309.007093313006    5.5716892955272655e-06    4.91805996546207e-06    6.08954268548776e-06    5.526430648825698e-06
8309.107093312907    5.532362073502067e-06    4.857579648487265e-06    6.066730507123254e-06    5.485557409704196e-06
8309.207093312807    5.503407608393109e-06    4.8060689947330575e-06    6.055368732271977e-06    5.4549484451327135e-06
8309.307093312707    5.483578400094147e-06    4.762159587094229e-06    6.05431051332637e-06    5.4333495001715815e-06
8309.407093312608    5.474772216528262e-06    4.727636549394858e-06    6.0655363112090205e-06    5.422648359044046e-06
8309.507093312508    5.476776400146046e-06    4.702189701185056e-06    6.0889097962707615e-06    5.4226252992006205e-06
8309.607093312408    5.492381135964292e-06    4.688397755385092e-06    6.127381825025804e-06    5.436053572125062e-06
8309.707093312309    5.518619567241134e-06    4.683187407950693e-06    6.178074342333874e-06    5.459960439175233e-06
8309.807093312209    5.554915110214611e-06    4.685794617322033e-06    6.240541422331973e-06    5.493750383289538e-06
8309.90709331211    5.6042248973761e-06    4.698928869594091e-06    6.317922774708558e-06    5.540358847226249e-06
8310.00709331201    5.663379805512658e-06    4.719223497652499e-06    6.407213322651179e-06    5.596605541938778e-06
8310.10709331191    5.7351493929383846e-06    4.74919385291381e-06    6.511364344772856e-06    5.665235863541684e-06
8310.20709331181    5.819990100323394e-06    4.7890207443496316e-06    6.631057767241679e-06    5.746689537304901e-06
8310.30709331171    5.920925725578536e-06    4.841412966672129e-06    6.769553092168145e-06    5.843963928139603e-06
8310.40709331161    6.03647055875325e-06    4.9044720760368935e-06    6.925661400597482e-06    5.9555346784625425e-06
8310.507093311511    6.1642156897875965e-06    4.975396776383652e-06    7.097282576869049e-06    6.078965014346765e-06
8310.607093311412    6.310355481662829e-06    5.059942154696613e-06    7.290940073262405e-06    6.220412569873949e-06
8310.707093311312    6.47733288690625e-06    5.160013562808223e-06    7.509459535501779e-06    6.382268661738751e-06
8310.807093311212    6.664729045228093e-06    5.274534701933785e-06    7.752967639590785e-06    6.564077128917555e-06
8310.907093311112    6.871715214339918e-06    5.401978146391043e-06    8.02109138274106e-06    6.764928247824007e-06
8311.007093311013    7.102500776136285e-06    5.5457867731782815e-06    8.318668959339494e-06    6.988985502884687e-06
8311.107093310913    7.359826083367542e-06    5.707796821654049e-06    8.649118681932437e-06    7.23891386231801e-06
8311.207093310813    7.64611647583929e-06    5.889326432535565e-06    9.015667448418032e-06    7.517036785597629e-06
8311.307093310714    7.967637026377784e-06    6.095388640656817e-06    9.425534577114885e-06    7.829520081383161e-06
8311.407093310614    8.323831871166073e-06    6.324023316915562e-06    9.879228000795105e-06    8.175694396292247e-06
8311.507093310514    8.720849975196856e-06    6.579630053222993e-06    1.0384185797339108e-05    8.561555275252985e-06
8311.607093310415    9.164660730160277e-06    6.866262687482447e-06    1.0947789887027253e-05    8.992904434889992e-06
8311.707093310315    9.662045181698762e-06    7.1883408166638884e-06    1.1578600766179806e-05    9.476328921514153e-06
8311.807093310215    1.0221150533134016e-05    7.551213999214288e-06    1.2286832567701508e-05    1.001973236668327e-05
8311.907093310116    1.0846950457183861e-05    7.956719006283819e-06    1.307981567268414e-05    1.062782837871727e-05
8312.007093310016    1.1550864880508233e-05    8.412339146180107e-06    1.397189167675371e-05    1.1311698567814016e-05
8312.107093309916    1.2350135291765238e-05    8.930648322111692e-06    1.4983711437533782e-05    1.2088165017136904e-05
8312.207093309817    1.325432649431646e-05    9.515707419499196e-06    1.6128996686335452e-05    1.2966343533383703e-05
8312.307093309717    1.4282413213635824e-05    1.0179960873582742e-05    1.7431508186590665e-05    1.3964627424603079e-05
8312.407093309617    1.54551216425338e-05    1.093613142078694e-05    1.8917897922022613e-05    1.5103050328447785e-05
8312.507093309518    1.6797974027692105e-05    1.1800227945897516e-05    2.062076810323401e-05    1.640632335894121e-05
8312.607093309418    1.834182758372563e-05    1.2791897059656067e-05    2.257923779375017e-05    1.7904320812377287e-05
8312.707093309318    2.011775388252915e-05    1.3928828335118748e-05    2.483433947634112e-05    1.962697389799634e-05
8312.807093309219    2.2171604033162567e-05    1.524115899451164e-05    2.7443469421952184e-05    2.1618744149875464e-05
8312.907093309119    2.4550938175315508e-05    1.6758480197733493e-05    3.0467810530093395e-05    2.3925742967714134e-05
8313.00709330902    2.7310252933448794e-05    1.851590375637495e-05    3.397667538511966e-05    2.6600944024981138e-05
8313.10709330892    3.0508185603138795e-05    2.055149384914519e-05    3.804386338254112e-05    2.97011809449417e-05
8313.20709330882    3.420397468617115e-05    2.2906510762726022e-05    4.27433870051227e-05    3.328462415133996e-05
8313.30709330872    3.844647218711839e-05    2.561906769224692e-05    4.8133406491767683e-05    3.739964879037766e-05
8313.40709330862    4.325149839286365e-05    2.871011111463145e-05    5.422875289396981e-05    4.206345413382163e-05
8313.50709330852    4.859322903120823e-05    3.218837546267528e-05    6.098218586691599e-05    4.725459678693316e-05
8313.607093308421    5.4345147292055975e-05    3.600842235002475e-05    6.82119939138643e-05    5.285518785198167e-05
8313.707093308321    6.0253235240557937e-05    4.0061681299159377e-05    7.556252942532593e-05    5.862581532168109e-05
8313.807093308222    6.591162757117756e-05    4.4157094636236663e-05    8.247151126691589e-05    6.41800778247767e-05
8313.907093308122    7.077356983288691e-05    4.800856422940501e-05    8.819664867779265e-05    6.899292758002819e-05
8314.007093308022    7.426073060870095e-05    5.128056175214478e-05    9.19694100142013e-05    7.250356745834902e-05
8314.107093307923    7.591480332562029e-05    5.3644657964946365e-05    9.322126806589258e-05    7.426024311881974e-05
8314.207093307823    7.554472863630347e-05    5.485247855588917e-05    9.179355821133388e-05    7.406358846784218e-05
8314.307093307723    7.329220586539967e-05    5.4797746683091785e-05    8.801195916871412e-05    7.203397057240186e-05
8314.407093307624    6.955931433880726e-05    5.352938520709222e-05    8.254813150194456e-05    6.854561034928134e-05
8314.507093307524    6.487715158540915e-05    5.1243363003478165e-05    7.618970579608137e-05    6.410340679498956e-05
8314.607093307424    5.9784116307043575e-05    4.825231747658908e-05    6.964423583398751e-05    5.922688987254007e-05
8314.707093307325    5.4719587684893624e-05    4.490311357379081e-05    6.341888234632279e-05    5.4347194535002405e-05
8314.807093307225    4.9986429579443305e-05    4.15075111457806e-05    5.7807119257507214e-05    4.97670199942437e-05
8314.907093307125    4.5764468193902014e-05    3.830586220551695e-05    5.293977379801351e-05    4.5670034732477495e-05
8315.007093307026    4.211069165867936e-05    3.5429052115165945e-05    4.8810170410576006e-05    4.211663806147377e-05
8315.107093306926    3.900084842232655e-05    3.2920668824558247e-05    4.533195453580785e-05    3.908449059423088e-05
8315.207093306826    3.6361323569050364e-05    3.076114885085175e-05    4.2373879886727724e-05    3.649878410220995e-05
8315.307093306727    3.4083985686955484e-05    2.8884635523994206e-05    3.97808642047024e-05    3.424982847188403e-05
8315.407093306627    3.20558229568723e-05    2.7209071776644354e-05    3.7407939682428375e-05    3.222427813864834e-05
8315.507093306527    3.0172164235368617e-05    2.565210187603509e-05    3.513784028188439e-05    3.032070213109603e-05
8315.607093306427    2.8351052136765906e-05    2.4145442453179018e-05    3.289587329768745e-05    2.846412262921079e-05
8315.707093306328    2.6531874805416157e-05    2.2633953163114905e-05    3.064195230899109e-05    2.6602593425840718e-05
8315.807093306228    2.4688073257412152e-05    2.1089785076531268e-05    2.8374958639377803e-05    2.4717605657773737e-05
8315.907093306128    2.2834408799151467e-05    1.9522733947151912e-05    2.613191025047365e-05    2.282968433225901e-05
8316.007093306029    2.100586724070185e-05    1.7961638026173486e-05    2.396006940318701e-05    2.0975858223354116e-05
8316.107093305929    1.9246787671091107e-05    1.6447116872417147e-05    2.1906837799363088e-05    1.920024744762378e-05
8316.20709330583    1.7602981092048238e-05    1.5023468621416247e-05    2.001414152037277e-05    1.754686374461242e-05
8316.30709330573    1.609810025450708e-05    1.371504124090361e-05    1.8298547893460862e-05    1.6037229796290516e-05
8316.40709330563    1.4741885442785732e-05    1.2533605723059872e-05    1.6762617615983966e-05    1.4679369593943188e-05
8316.50709330553    1.3536225472584275e-05    1.148342691554964e-05    1.5402075084561028e-05    1.347390915756498e-05
8316.60709330543    1.246949988721687e-05    1.0555285598677476e-05    1.4200244416416356e-05    1.2408343300770236e-05
8316.707093305331    1.1526834369039544e-05    9.73648589601419e-06    1.3138551361787368e-05    1.1467290542280368e-05
8316.807093305231    1.0696476932770541e-05    9.0171675324021e-06    1.220275519228074e-05    1.0638799885817794e-05
8316.907093305132    9.965441574101417e-06    8.386004894346124e-06    1.1377378175099834e-05    9.909608214515793e-06
8317.007093305032    9.319345212296052e-06    7.830027761432592e-06    1.0646569015309778e-05    9.26531399634614e-06
8317.107093304932    8.74571918270104e-06    7.337921727030408e-06    9.99655982834421e-06    8.69340024602522e-06
8317.207093304833    8.23718608122593e-06    6.903386856053617e-06    9.418864887596795e-06    8.186479274958781e-06
8317.307093304733    7.782128025728491e-06    6.515640547283331e-06    8.901000220702124e-06    7.732922931237982e-06
8317.407093304633    7.375141803404237e-06    6.170063305115451e-06    8.43684276774524e-06    7.32734929208831e-06
8317.507093304534    7.013501830074523e-06    5.864539629588847e-06    8.023045687137888e-06    6.967029048933752e-06
8317.607093304434    6.684938838775057e-06    5.5873862566399895e-06    7.646762637612884e-06    6.63969591100931e-06
8317.707093304334    6.387891183979107e-06    5.337510835553069e-06    7.305997646929714e-06    6.343799888820629e-06
8317.807093304235    6.120777022988715e-06    5.113770994732778e-06    6.998744148989941e-06    6.077764055570478e-06
8317.907093304135    5.8775499074128675e-06    4.9104578266964245e-06    6.718618562195651e-06    5.835542098768313e-06
8318.007093304035    5.656359236195843e-06    4.7261075340826306e-06    6.463442620090283e-06    5.615303130122919e-06
8318.107093303935    5.4565900429040015e-06    4.560379564769258e-06    6.232306374737501e-06    5.416425327470254e-06
8318.207093303836    5.275000109737779e-06    4.410226323164985e-06    6.021796768024513e-06    5.235674400309092e-06
8318.307093303736    5.1070983853470296e-06    4.27142378731131e-06    5.827158259511939e-06    5.06856014405676e-06
8318.407093303636    4.9534090848715785e-06    4.144721586050976e-06    5.6486941035363736e-06    4.915608258152976e-06
8318.507093303537    4.812883441390011e-06    4.02921070237245e-06    5.485238619264401e-06    4.775777587675621e-06
8318.607093303437    4.685923375634826e-06    3.925457878404864e-06    5.337024652335008e-06    4.649468635458232e-06
8318.707093303337    4.569868954468058e-06    3.830970891109415e-06    5.20123454440939e-06    4.5340247966622865e-06
8318.807093303238    4.461843654921634e-06    3.7429715633261927e-06    5.074891993612685e-06    4.42656907062017e-06
8318.907093303138    4.3615832577931265e-06    3.6613164300490124e-06    4.957621285744864e-06    4.326840324529e-06
8319.007093303038    4.270420260887027e-06    3.587431713985684e-06    4.85068276510561e-06    4.236178246659441e-06
8319.107093302939    4.186564090382282e-06    3.519651095011129e-06    4.752163129480288e-06    4.152792771624566e-06
8319.207093302839    4.112561079148142e-06    3.460588789101195e-06    4.6645519723303615e-06    4.0792339468599e-06
8319.30709330274    4.044233648613651e-06    3.406130312485568e-06    4.583565157391019e-06    4.0113097061634124e-06
8319.40709330264    3.980039908062812e-06    3.354810494345832e-06    4.507611713039845e-06    3.947487371816163e-06
8319.50709330254    3.9200739273917925e-06    3.3067766172811684e-06    4.436756317470411e-06    3.887868954047791e-06
8319.60709330244    3.86847281918441e-06    3.2662530635708905e-06    4.375069035171427e-06    3.836598305975576e-06
8319.70709330234    3.821740846609851e-06    3.2297557735936447e-06    4.318984233612648e-06    3.7901602846053813e-06
8319.80709330224    3.7767245548334276e-06    3.194214408105621e-06    4.26531189435512e-06    3.74541695243139e-06
8319.907093302141    3.739168283304295e-06    3.165391971163785e-06    4.219738270351243e-06    3.7080995082731076e-06
8320.007093302042    3.7040902376157687e-06    3.138374503955112e-06    4.177293562685116e-06    3.673252768085332e-06
8320.107093301942    3.6726468756689537e-06    3.114293818292765e-06    4.13907146466772e-06    3.64200405287648e-06
8320.207093301842    3.6452610666583763e-06    3.0936681748553094e-06    4.105501035584559e-06    3.6148100923660816e-06
8320.307093301742    3.621687421572278e-06    3.0762359695458316e-06    4.076221288640141e-06    3.5913815599194167e-06
8320.407093301643    3.6034498549724534e-06    3.063584481015153e-06    4.0527935919760764e-06    3.5732759759878945e-06
8320.507093301543    3.5866671116920146e-06    3.0518447518032913e-06    4.0313285336314765e-06    3.556613465708927e-06
8320.607093301443    3.5730346018754267e-06    3.042713024056253e-06    4.013466120357335e-06    3.543071248763005e-06
8320.707093301344    3.5626655018368524e-06    3.03635410048116e-06    3.999326504459335e-06    3.532782035592449e-06
8320.807093301244    3.5548108169961435e-06    3.031998183407881e-06    3.988142737860726e-06    3.5249839127549166e-06
8320.907093301144    3.551964885000005e-06    3.032203180371187e-06    3.9823358239161805e-06    3.5221679630957912e-06
8321.007093301045    3.5496573348266424e-06    3.032481287860633e-06    3.977538277079111e-06    3.519892299922129e-06
8321.107093300945    3.54791673304813e-06    3.0328603675459607e-06    3.973655488753508e-06    3.5181441964491994e-06
8321.207093300845    3.5509476027649045e-06    3.0375964886201076e-06    3.974948810014338e-06    3.52116430046645e-06
8321.307093300746    3.5582053584509864e-06    3.046154503563051e-06    3.9808216935511515e-06    3.528393851855063e-06
8321.407093300646    3.5665569799845273e-06    3.0553720558585017e-06    3.988110790439164e-06    3.5366799420940645e-06
8321.507093300546    3.5760844105038715e-06    3.065363548135869e-06    3.996986785799331e-06    3.5461449148130236e-06
8321.607093300447    3.5909917172006023e-06    3.08031607839393e-06    4.011572471748053e-06    3.5609600891141955e-06
8321.707093300347    3.606978617525327e-06    3.0959822701729645e-06    4.027632501614465e-06    3.5768644631042523e-06
8321.807093300247    3.6235141941110424e-06    3.1117755254227775e-06    4.044471210265415e-06    3.593253643266411e-06
8321.907093300148    3.6446976727114336e-06    3.1318457929789955e-06    4.066382730301847e-06    3.6143087319974256e-06
8322.007093300048    3.6700107515645163e-06    3.155662223791291e-06    4.092745899405405e-06    3.6394729582537376e-06
8322.107093299948    3.69626488519566e-06    3.180022885584457e-06    4.1203740959860845e-06    3.6655539555887333e-06
8322.207093299849    3.7232277922605814e-06    3.2047311455067207e-06    4.149042772998707e-06    3.69233390358867e-06
8322.307093299749    3.7541065820981814e-06    3.232937550713751e-06    4.181962887180745e-06    3.723002339997559e-06
8322.40709329965    3.787672921880253e-06    3.263460267153553e-06    4.217874956415479e-06    3.7563360484830953e-06
8322.50709329955    3.824746759997728e-06    3.2971034783346406e-06    4.257692372968341e-06    3.7931808704335697e-06
8322.60709329945    3.86422492618194e-06    3.332757056384337e-06    4.3002042311041145e-06    3.832395404556797e-06
8322.70709329935    3.9061077833612855e-06    3.370405829232416e-06    4.345537156914425e-06    3.8740169231693754e-06
8322.80709329925    3.950974498999366e-06    3.410634221843768e-06    4.394089964107787e-06    3.918566228316973e-06
8322.90709329915    3.996759948251919e-06    3.4513780047610535e-06    4.444051792081654e-06    3.964063248364876e-06
8323.007093299051    4.046681721138139e-06    3.4958570102170907e-06    4.498442289816485e-06    4.013660340390571e-06
8323.107093298951    4.1005742597429835e-06    3.5438398749032487e-06    4.557122658865008e-06    4.067178931170413e-06
8323.207093298852    4.156061069728419e-06    3.5930141832604546e-06    4.6179615409534045e-06    4.1223455979807596e-06
8323.307093298752    4.217620370413569e-06    3.6477863023366673e-06    4.685117370587492e-06    4.18350801444591e-06
8323.407093298652    4.281278828266215e-06    3.704217349362159e-06    4.7547575351764e-06    4.246751237601591e-06
8323.507093298553    4.345717567672631e-06    3.760935215357955e-06    4.825624658402472e-06    4.310759147144353e-06
8323.607093298453    4.413714254612298e-06    3.8207296633859635e-06    4.90052263215651e-06    4.3783221833849246e-06
8323.707093298353    4.486995336853984e-06    3.885286592123784e-06    4.9810215041379684e-06    4.451101144371912e-06
8323.807093298254    4.5647674943431525e-06    3.953857921611502e-06    5.0666199847090966e-06    4.528415133554584e-06
8323.907093298154    4.644970022928877e-06    4.024240299802796e-06    5.155085257520431e-06    4.6080985267507015e-06
8324.007093298054    4.730984450452143e-06    4.09994264952023e-06    5.249953518434083e-06    4.693626872802152e-06
8324.107093297955    4.821559165779631e-06    4.179571758267292e-06    5.349776586784675e-06    4.783635836943865e-06
8324.207093297855    4.914558664068416e-06    4.261068501763669e-06    5.4525694554696696e-06    4.876065540433919e-06
8324.307093297755    5.014441262176444e-06    4.34880268720778e-06    5.562866392649337e-06    4.975370114011187e-06
8324.407093297656    5.1185242917395135e-06    4.44004648089205e-06    5.677881830721515e-06    5.078817534451026e-06
8324.507093297556    5.225336717153805e-06    4.533320109742617e-06    5.79627922170973e-06    5.184978682868718e-06
8324.607093297456    5.340314314198097e-06    4.634011601033058e-06    5.923549537616847e-06    5.299291817616002e-06
8324.707093297357    5.461443584685347e-06    4.740133223363354e-06    6.05755618748747e-06    5.419710998512057e-06
8324.807093297257    5.5872107559083876e-06    4.850159280948487e-06    6.197070386428072e-06    5.544813474428316e-06
8324.907093297157    5.720770898602336e-06    4.967045343810767e-06    6.345026192504991e-06    5.677614144972699e-06
8325.007093297058    5.859631267207118e-06    5.088306797700019e-06    6.499234709122566e-06    5.815724258009901e-06
8325.107093296958    6.00540640050676e-06    5.215609859376554e-06    6.6609133566055386e-06    5.960643205496284e-06
8325.207093296858    6.1601887365087565e-06    5.3509479435753554e-06    6.8328062052702285e-06    6.114647628451446e-06
8325.307093296758    6.3213584103175965e-06    5.4916036585210815e-06    7.011932850888201e-06    6.274964973242294e-06
8325.407093296659    6.491012937844423e-06    5.639607862258601e-06    7.200547631229011e-06    6.443722810444012e-06
8325.50709329656    6.670005443334001e-06    5.795643928113311e-06    7.399664932782537e-06    6.621771434743283e-06
8325.60709329646    6.859114420658995e-06    5.960820004344272e-06    7.610219269339911e-06    6.8100512314477256e-06
8325.70709329636    7.059560782233715e-06    6.136138650968052e-06    7.832904106043744e-06    7.009534513081837e-06
8325.80709329626    7.270762361388566e-06    6.320301741036522e-06    8.068014698536443e-06    7.2196929336538436e-06
8325.90709329616    7.4929004568063235e-06    6.514213916980358e-06    8.315420056295598e-06    7.440844810027427e-06
8326.00709329606    7.729464782522992e-06    6.721186919286595e-06    8.57924020250639e-06    7.676630634771992e-06
8326.107093295961    7.976747480124166e-06    6.936430299988355e-06    8.854785930886515e-06    7.922654570333013e-06
8326.207093295861    8.236825014502316e-06    7.162956493290977e-06    9.144531894064592e-06    8.181437800619295e-06
8326.307093295762    8.513956276654743e-06    7.404939768121875e-06    9.45407916492138e-06    8.457658403232664e-06
8326.407093295662    8.807780480693316e-06    7.66116840083865e-06    9.781574728414686e-06    8.750174536648884e-06
8326.507093295562    9.12010405796649e-06    7.933659357588744e-06    1.0130378415502595e-05    9.061380610352609e-06
8326.607093295463    9.453156508862593e-06    8.224345452624801e-06    1.0501673150714386e-05    9.393058370733926e-06
8326.707093295363    9.803767757246097e-06    8.530229130119107e-06    1.0894079309154863e-05    9.74269206550669e-06
8326.807093295263    1.0176132575392357e-05    8.854966308635112e-06    1.131116219943257e-05    1.0114087027820014e-05
8326.907093295164    1.057610250786135e-05    9.204276874811546e-06    1.1757991764472475e-05    1.0512790382381789e-05
8327.007093295064    1.100043165555618e-05    9.574710081208781e-06    1.2232936384364139e-05    1.0936026040376366e-05
8327.107093294964    1.1452335234551629e-05    9.969150635779994e-06    1.273957908047448e-05    1.1387021650268702e-05
8327.207093294865    1.1934525530940325e-05    1.0389719354471876e-05    1.3279838449131224e-05    1.1868027778181142e-05
8327.307093294765    1.2453276185476776e-05    1.0842662928989976e-05    1.3861132594633737e-05    1.2385690569700164e-05
8327.407093294665    1.3009515803778575e-05    1.1328877151157993e-05    1.4485162237858186e-05    1.2941185064264916e-05
8327.507093294565    1.3605379623045789e-05    1.1849021762670157e-05    1.5154149806956985e-05    1.3536183730890975e-05
8327.607093294466    1.424760508483673e-05    1.2410199862641626e-05    1.5874706865594938e-05    1.4177503937691098e-05
8327.707093294366    1.493624081152478e-05    1.3011843091649408e-05    1.6649092649659008e-05    1.4865725517611064e-05
8327.807093294266    1.567920908873167e-05    1.3661377090383677e-05    1.7484958081192632e-05    1.5608514753435993e-05
8327.907093294167    1.6483762889778403e-05    1.4364985094010304e-05    1.8389984575646005e-05    1.6412910853144904e-05
8328.007093294067    1.7353366715226458e-05    1.51255853602622e-05    1.9369866222921422e-05    1.7282939432803357e-05
8328.107093293967    1.8297501481531263e-05    1.595144799664406e-05    2.0434592049926088e-05    1.8227847176033806e-05
8328.207093293868    1.9321150616623825e-05    1.6847845900770467e-05    2.1589386100646534e-05    1.925279420601361e-05
8328.307093293768    2.0438831541347894e-05    1.7826623465255702e-05    2.2850792820401753e-05    2.0372082609001783e-05
8328.407093293668    2.1658912833299683e-05    1.889557578483984e-05    2.423014584500629e-05    2.159487815438193e-05
8328.507093293569    2.2995700789833748e-05    2.006667682667419e-05    2.5742725772807445e-05    2.2935034463105126e-05
8328.607093293469    2.4461406566480635e-05    2.1352371286599733e-05    2.7402756216251036e-05    2.44055113564438e-05
8328.70709329337    2.606984199885424e-05    2.2763743047876214e-05    2.922732705766861e-05    2.6020304034799688e-05
8328.80709329327    2.7850537028716783e-05    2.4326477014733127e-05    3.124915120759656e-05    2.7808721750348827e-05
8328.90709329317    2.9822315907621426e-05    2.605921933528066e-05    3.3488385408701605e-05    2.9789973550534567e-05
8329.00709329307    3.200618372071386e-05    2.7979250224100515e-05    3.5974542749817716e-05    3.198665889821069e-05
8329.10709329297    3.443916905515052e-05    3.0119469111232123e-05    3.874853202534579e-05    3.443572339724281e-05
8329.207093292871    3.7163414928678225e-05    3.251742350353883e-05    4.185527376726723e-05    3.7178704066494764e-05
8329.307093292771    4.022190557297759e-05    3.521120400614016e-05    4.5346986837380444e-05    4.026003213883273e-05
8329.407093292672    4.3682147196470385e-05    3.8262081513692694e-05    4.930533401125625e-05    4.374985424047311e-05
8329.507093292572    4.765298112147062e-05    4.176079750130254e-05    5.383030157107998e-05    4.774802673128438e-05
8329.607093292472    5.2064813175266755e-05    4.566492064166023e-05    5.89366811424081e-05    5.222213831977837e-05
8329.707093292373    5.68507870124427e-05    4.991432916993153e-05    6.450727640932683e-05    5.709079753056702e-05
8329.807093292273    6.236069914425526e-05    5.4780964396379975e-05    7.083873449108127e-05    6.266013267723884e-05
8329.907093292173    6.880275406661458e-05    6.048069769554591e-05    7.826777457034557e-05    6.918374211083535e-05
8330.007093292073    7.623045524022289e-05    6.705915889962348e-05    8.685189528978199e-05    7.671383647654279e-05
8330.107093291974    8.480450914153225e-05    7.466116001430779e-05    9.67708726921512e-05    8.541218061599708e-05
8330.207093291874    9.474745408663698e-05    8.34727517075446e-05    0.00010828170134490113    9.550063571302757e-05
8330.307093291774    0.00010626398265073773    9.368002947773884e-05    0.00012160101877663181    0.00010718167696836945
8330.407093291675    0.00011960201500222913    0.00010548613791261408    0.000136994070478786    0.00012069407446454309
8330.507093291575    0.00013494254760579378    0.00011905040856543629    0.0001546125383476308    0.00013620183150628694
8330.607093291475    0.000152549599182713    0.00013454199938460777    0.00017469385646569133    0.00015392848501100402
8330.707093291376    0.0001723534601317056    0.00015190265486380233    0.0001969843663792584    0.0001737468271249221
8330.807093291276    0.00019216445827072604    0.00016996679131038147    0.00021826767630702686    0.00019346630862937812
8330.907093291176    0.00021519306794774639    0.00018970657144783492    0.00024305758393462285    0.00021598574111006806
8331.007093291077    0.0002386449831025919    0.00020932041319846715    0.00026740008565775183    0.0002384551606529369
8331.107093290977    0.00026074315964705227    0.00022715269948039946    0.0002891613892186547    0.00025901908278203544
8331.207093290877    0.00027925795612654885    0.0002412895441314211    0.0003059997001343293    0.0002755157334640997
8331.307093290778    0.0002919760652112916    0.00025003368859577907    0.0003160045109366411    0.0002860047549145705
8331.407093290678    0.0002973363258255683    0.00025243188339191995    0.00031833357854887126    0.00028936726258878645
8331.507093290578    0.0002950777183461112    0.00024868226973322427    0.0003135694954230054    0.0002857764945007803
8331.607093290479    0.0002863290472828368    0.00024002796148950842    0.0003034448650329998    0.0002766006246017817
8331.707093290379    0.0002731625397781815    0.00022827184888809415    0.00029017934229275886    0.0002638712436530115
8331.80709329028    0.0002577907074160632    0.0002151373327362822    0.00027569997562276646    0.0002495426719250373
8331.90709329018    0.00024203487724214012    0.00020193659551285076    0.00026130168485248107    0.00023509105253582396
8332.00709329008    0.00022705633461264635    0.0001894645322730126    0.0002476107956591847    0.0002213772208482812
8332.10709328998    0.00021337801376971184    0.00017809352731780015    0.0002348152425670753    0.0002087622612181958
8332.20709328988    0.0002011280235017382    0.00016797979896082956    0.00022288911259973573    0.00019733231168743453
8332.30709328978    0.00019021995864358562    0.00015916607082914016    0.00021177978654494467    0.00018705527200589016
8332.407093289681    0.00018046445389946838    0.0001516096542382918    0.00020140795604674613    0.00017782735472816877
8332.507093289581    0.00017159803566145634    0.00014515995127232655    0.00019158487357654076    0.00016944762017010787
8332.607093289482    0.00016329277637600395    0.0001395429361246227    0.00018200265664442076    0.0001616127897150158
8332.707093289382    0.0001551771169953606    0.00013436078814796506    0.00017228384710927375    0.0001539405840841998
8332.807093289282    0.00014688864346641263    0.00012913514376955619    0.0001620876246527518    0.0001460371372962402
8332.907093289183    0.0001381802143056725    0.0001234269741850948    0.00015127183794394386    0.0001376263421449037
8333.007093289083    0.0001289674640960986    0.00011693886531450268    0.00013992477027351935    0.00012861036656137354
8333.107093288983    0.0001193282842671129    0.00010959838683446022    0.00012829555625884203    0.00011907407578680505
8333.207093288884    0.00010945690131786555    0.00010156922060304686    0.00011668409243580505    0.00010923673811890581
8333.307093288784    9.9498638837474e-05    9.32152430860913e-05    0.00010512103684599143    9.927830625651889e-05
8333.407093288684    8.513388149687441e-05    8.102179924914172e-05    8.856319331638022e-05    8.490629135413211e-05
8333.507093288585    7.710483086696776e-05    7.306665494229738e-05    8.039808159018089e-05    7.685652246648201e-05
8333.607093288485    6.981645703812527e-05    6.59664953128429e-05    7.29133287525889e-05    6.956542703451902e-05
8333.707093288385    6.334922479922331e-05    5.9652564595114676e-05    6.630978334077642e-05    6.310385757837146e-05
8333.807093288286    5.761086119815068e-05    5.40549067391407e-05    6.0471643684103995e-05    5.73791372071318e-05
8333.907093288186    5.254845149954977e-05    4.912167803865306e-05    5.533294375515867e-05    5.2334357764453836e-05
8334.007093288086    4.80704589881564e-05    4.477268715817908e-05    5.078934725494417e-05    4.787749780042656e-05
8334.107093287987    4.4106605917718994e-05    4.093651423497225e-05    4.676413513541718e-05    4.393575176270281e-05
8334.207093287887    4.058638185651203e-05    3.754374227169983e-05    4.318482189365161e-05    4.043831534062116e-05
8334.307093287787    3.745055115973645e-05    3.4533598684157136e-05    3.999075256575918e-05    3.732496746988425e-05
8334.407093287688    3.464706713130053e-05    3.1852628058594375e-05    3.713063092588278e-05    3.454344203859256e-05
8334.507093287588    3.211339794260328e-05    2.943134396557122e-05    3.4548462397995045e-05    3.203106810205652e-05
8334.607093287488    2.981837304700425e-05    2.728000195518641e-05    3.217364069911779e-05    2.9757338567102813e-05
8334.707093287388    2.787180640438586e-05    2.5456125882262735e-05    3.0158770179382775e-05    2.782890082201046e-05
8334.807093287289    2.6146966473138306e-05    2.3825049890874448e-05    2.838628487048407e-05    2.611943374483227e-05
8334.90709328719    2.4540428572001183e-05    2.231749377927577e-05    2.6724429585495923e-05    2.452745064559096e-05
8335.00709328709    2.307201973277944e-05    2.094605062852174e-05    2.5202722765761852e-05    2.3073597709021008e-05
8335.10709328699    2.1729505519732738e-05    1.969638948253823e-05    2.380722435867995e-05    2.1744373120316975e-05
8335.20709328689    2.0500471930948632e-05    1.8554694462222427e-05    2.252542880488594e-05    2.0526865066018997e-05
8335.30709328679    1.9373345624332664e-05    1.751227372718394e-05    2.134820985161359e-05    1.9411276401043398e-05
8335.40709328669    1.8337394681339464e-05    1.6555078194887065e-05    2.026114741891085e-05    1.8384540098379125e-05
8335.507093286591    1.7381033929605865e-05    1.5674618407891308e-05    1.9255635055667684e-05    1.743709579772162e-05
8335.607093286491    1.6498976827230737e-05    1.4864687769523869e-05    1.83250725671562e-05    1.6562912387970268e-05
8335.707093286392    1.5681972344372077e-05    1.411525263190592e-05    1.745939569339418e-05    1.5752206889890725e-05
8335.807093286292    1.4924232956800673e-05    1.3422395762979925e-05    1.66527101189987e-05    1.4999779612926433e-05
8335.907093286192    1.4219834481327848e-05    1.2778681255724993e-05    1.5899159954585487e-05    1.4299225230546109e-05
8336.007093286093    1.3561803630536118e-05    1.2178753630623741e-05    1.5191265259050221e-05    1.3643940840070026e-05
8336.107093285993    1.2947124032532619e-05    1.1618737402566808e-05    1.4525466954463122e-05    1.3030442796520849e-05
8336.207093285893    1.2371635882661516e-05    1.10941092327557e-05    1.389697157519664e-05    1.2454238896871286e-05
8336.307093285794    1.1831637114331101e-05    1.0601937350219383e-05    1.330108018182268e-05    1.1911551548791055e-05
8336.407093285694    1.1321585814005131e-05    1.0140055331744194e-05    1.2734726219674024e-05    1.1398789121807781e-05
8336.507093285594    1.0844287533308313e-05    9.706949227924834e-06    1.2197813467957698e-05    1.091635007639695e-05
8336.607093285495    1.0394036815751096e-05    9.297749069956653e-06    1.168525202326107e-05    1.045901263632294e-05
8336.707093285395    9.959754060242145e-06    8.903146395015116e-06    1.1187916083235751e-05    1.0016938846164337e-05
8336.807093285295    9.553527820585055e-06    8.534553870593348e-06    1.0717123504257688e-05    9.601735065145362e-06
8336.907093285196    9.176941117870178e-06    8.191929107491376e-06    1.0278054174462766e-05    9.215641466608107e-06
8337.007093285096    8.819723962704889e-06    7.867471634514727e-06    9.860309552484842e-06    8.849168383234818e-06
8337.107093284996    8.482649255466614e-06    7.561615654440743e-06    9.465833982181134e-06    8.50336629736283e-06
8337.207093284896    8.16502016005807e-06    7.27373453158935e-06    9.094647795308256e-06    8.177800828985225e-06
8337.307093284797    7.865858330803255e-06    7.0029394772688214e-06    8.746099261934395e-06    7.871632356668823e-06
8337.407093284697    7.5840414137083185e-06    6.748192947729861e-06    8.419074970360237e-06    7.583769777266139e-06
8337.507093284597    7.3183859735958774e-06    6.508388805929146e-06    8.112187791383658e-06    7.3129875236362275e-06
8337.607093284498    7.067714423512156e-06    6.28241975139266e-06    7.823940876658556e-06    7.05802501718779e-06
8337.707093284398    6.8308998948237945e-06    6.069223306040009e-06    7.552843711002463e-06    6.817655637288755e-06
8337.807093284298    6.606890793625087e-06    5.867807388165481e-06    7.297481133919849e-06    6.5907264385701386e-06
8337.907093284199    6.3947206437272426e-06    5.677260919336445e-06    7.056547110873673e-06    6.376176224645787e-06
8338.007093284099    6.1935087858438075e-06    5.496755059092096e-06    6.828855894223138e-06    6.173039913053014e-06
8338.107093284    6.002456096215186e-06    5.3255392988551595e-06    6.613340329210914e-06    5.980445241427086e-06
8338.2070932839    5.820838409313234e-06    5.1629351581389185e-06    6.409043728338083e-06    5.797605765263412e-06
8338.3070932838    5.647999218423238e-06    5.008329097928099e-06    6.2151091555758e-06    5.623812490642379e-06
8338.4070932837    5.4833424909639365e-06    4.861165514905648e-06    6.030768222569729e-06    5.458425409479772e-06
8338.5070932836    5.326326001022274e-06    4.72094023007888e-06    5.8553304474698e-06    5.3008655595236515e-06
8338.607093283501    5.176455333817591e-06    4.587194637452562e-06    5.6881736344001425e-06    5.150607868556765e-06
8338.707093283401    5.033278583624101e-06    4.459510536534401e-06    5.528735398689698e-06    5.0071748396160665e-06
8338.807093283302    4.896381709636959e-06    4.33750561531908e-06    5.3765058151276594e-06    4.870131046694566e-06
8338.907093283202    4.765384481616228e-06    4.220829516537353e-06    5.231021082598255e-06    4.739078360250611e-06
8339.007093283102    4.639936944801011e-06    4.1091604165448115e-06    5.0918580843181035e-06    4.613651815221309e-06
8339.107093283003    4.51971633409353e-06    4.002202048731584e-06    4.95862971729694e-06    4.493516033374018e-06
8339.207093282903    4.404424375438483e-06    3.899681106269779e-06    4.830980875348782e-06    4.378362119019014e-06
8339.307093282803    4.293784918135472e-06    3.8013449713585936e-06    4.708584986871108e-06    4.267904958788391e-06
8339.407093282703    4.1875418514985556e-06    3.7069597223877946e-06    4.591141017898765e-06    4.161880863928372e-06
8339.507093282604    4.0854572643017674e-06    3.6163083786449136e-06    4.478370869490595e-06    4.060045504145759e-06
8339.607093282504    3.987309815331838e-06    3.5291893500065253e-06    4.370017109340908e-06    3.962172091559757e-06
8339.707093282404    3.892893283483463e-06    3.4454150627900012e-06    4.265840984421777e-06    3.868049776898413e-06
8339.807093282305    3.8020152764578998e-06    3.3648107366962483e-06    4.165620675633759e-06    3.7774822295959695e-06
8339.907093282205    3.7144960738329313e-06    3.2872132943826944e-06    4.0691497570720864e-06    3.690286375095904e-06
8340.007093282105    3.6301675897072967e-06    3.2124703839592517e-06    3.976235830724305e-06    3.6062912681302844e-06
8340.107093282006    3.5488724401545894e-06    3.140439503590904e-06    3.886699314470844e-06    3.525337086072112e-06
8340.207093281906    3.4704631005065016e-06    3.0709872118283065e-06    3.8003723592257634e-06    3.4472742238535235e-06
8340.307093281806    3.394801145164836e-06    3.0039884161729475e-06    3.7170978818906875e-06    3.371962481076157e-06
8340.407093281707    3.3217565573786694e-06    2.9393257295566955e-06    3.636728696629323e-06    3.2992703278548963e-06
8340.507093281607    3.2512071025649994e-06    2.8768888860058908e-06    3.5591267325499505e-06    3.229074240373614e-06
8340.607093281507    3.183037758486559e-06    2.816574211375911e-06    3.48416232882126e-06    3.161258099561243e-06
8340.707093281408    3.1171401950032725e-06    2.758284140042693e-06    3.4117135955889456e-06    3.0957126435449705e-06
8340.807093281308    3.0534122995170277e-06    2.7019267753078484e-06    3.3416658360549155e-06    3.0323349702932637e-06
8340.907093281208    2.9917577425540126e-06    2.6474154876828884e-06    3.273911020357693e-06    2.9710280835315313e-06
8341.007093281109    2.932085579045137e-06    2.594668546206617e-06    3.208347305921155e-06    2.9117004770576367e-06
8341.107093281009    2.8743098831442032e-06    2.5436087820265066e-06    3.144878600804259e-06    2.854265755324989e-06
8341.20709328091    2.8183494121331738e-06    2.4941632785381596e-06    3.0834141633771997e-06    2.7986422846828443e-06
8341.30709328081    2.764127297213839e-06    2.4462630870431273e-06    3.023868237141863e-06    2.74475287379961e-06
8341.40709328071    2.7115707586939474e-06    2.3998429650365454e-06    2.9661597143164857e-06    2.692524479348993e-06
8341.50709328061    2.660610842615261e-06    2.354841134666904e-06    2.910211827437016e-06    2.641887934906394e-06
8341.60709328051    2.6111821779242206e-06    2.3111990598751604e-06    2.8559518651543582e-06    2.5927777009845792e-06
8341.70709328041    2.5632227513203e-06    2.268861240972506e-06    2.8033109109580877e-06    2.5451316344169644e-06
8341.807093280311    2.5166737000051244e-06    2.227775024160356e-06    2.752223601349946e-06    2.4988907751718088e-06
