1274.8925629502    2.7185057074333335e-05    2.7186029911333335e-05    2.7199175657666667e-05    2.719008754777778e-05
1274.9925629202    5.9420513901263764e-05    5.9404079003254265e-05    5.941403583282964e-05    5.941287624578254e-05
1275.0925628902    5.860435520929411e-05    5.8577474795294604e-05    5.8593670175431846e-05    5.8591833393340194e-05
1275.1925628602    4.682852499155862e-05    4.6801422221603276e-05    4.681774084369933e-05    4.681589601895374e-05
1275.2925628302    3.7915604620390753e-05    3.788828498195186e-05    3.790473111167329e-05    3.7902873571338636e-05
1275.3925628002    3.129913968081231e-05    3.1271604967051666e-05    3.1288182970022186e-05    3.1286309205962055e-05
1275.4925627702    2.6343764693163363e-05    2.6316014485337683e-05    2.6332728425185738e-05    2.6330835867895593e-05
1275.5925627402    2.2548536910816345e-05    2.2520570123380524e-05    2.2537422969076096e-05    2.2535510001090987e-05
1275.6925627102    1.9579902991929406e-05    1.95517171045533e-05    1.9568713341556587e-05    1.9566777812679765e-05
1275.7925626802    1.7213595095022518e-05    1.71851867690959e-05    1.7202331753421744e-05    1.720037120584672e-05
1275.8925626502    1.5299498200735786e-05    1.527086423304448e-05    1.5288162317342906e-05    1.528617491704106e-05
1275.9925626202    1.37225103855942e-05    1.3693647855399431e-05    1.37111027591322e-05    1.3709087000041945e-05
1276.0925625902    1.2392961707431787e-05    1.2363866536195021e-05    1.2381483095523275e-05    1.2379437113050028e-05
1276.1925625602    1.1273275211666592e-05    1.1243942345910125e-05    1.1261725605709065e-05    1.1259647721095262e-05
1276.2925625302    1.0317853064398932e-05    1.0288278006946969e-05    1.0306233138283158e-05    1.0304121403209686e-05
1276.3925625002    9.486942079807956e-06    9.457120330447601e-06    9.475253118241632e-06    9.473105176165729e-06
1276.4925624702    8.764419410397211e-06    8.734346021500511e-06    8.752662369128704e-06    8.750475933675475e-06
1276.5925624402    8.12311893926459e-06    8.092788211978229e-06    8.11129484873566e-06    8.10906733332616e-06
1276.6925624102    7.549175963517475e-06    7.51858129288154e-06    7.537285251315952e-06    7.535014169238323e-06
1276.7925623802    7.042349840957453e-06    7.011484207404627e-06    7.030393909594541e-06    7.028075985985541e-06
1276.8925623502    6.5985228595175545e-06    6.567380236061194e-06    6.586503816239833e-06    6.58413563727286e-06
1276.9925623202    6.188284855521569e-06    6.156858557733458e-06    6.176204082584304e-06    6.17378249861311e-06
1277.0925622902    5.8201423322165484e-06    5.788423049092151e-06    5.808001354186532e-06    5.805522245165077e-06
1277.1925622602    5.496988379721637e-06    5.4649674900069505e-06    5.484789838826651e-06    5.482248569518412e-06
1277.2925622302    5.201400954749134e-06    5.169069052872112e-06    5.189147085855617e-06    5.186539031158955e-06
1277.3925622002    4.92853882847278e-06    4.895885196782552e-06    4.916232421114126e-06    4.91355214878982e-06
1277.4925621702    4.6707813687109355e-06    4.6377950439414845e-06    4.658426401514625e-06    4.655667604722348e-06
1277.5925621402    4.4301774731640985e-06    4.396844996831342e-06    4.417778224208691e-06    4.4149335647347105e-06
1277.6925621102    4.2116959796777735e-06    4.178003185806519e-06    4.199257964707709e-06    4.1963190433973335e-06
1277.7925620802    4.018519841163344e-06    3.984452147571829e-06    4.006048942733532e-06    4.003006977156235e-06
1277.8925620502    3.8449642067418175e-06    3.810503982447803e-06    3.832467120524531e-06    3.829311769904717e-06
1277.9925620202    3.6712076125862194e-06    3.6363341879887698e-06    3.6586928367695088e-06    3.6554115457814993e-06
1278.0925619902    3.5158892557018335e-06    3.480581058790797e-06    3.5033669593968014e-06    3.499945757963144e-06
1278.1925619602    3.3743475268035914e-06    3.338579979890168e-06    3.3618304453529814e-06    3.358252650682247e-06
1278.2925619302    3.232330462809016e-06    3.1960745316894774e-06    3.219832353470338e-06    3.2160791159896104e-06
1278.3925619002    3.1103388688102853e-06    3.073561179337846e-06    3.0978769195208294e-06    3.0939256558896532e-06
1278.4925618702    2.984385393045194e-06    2.947047233371999e-06    2.971981169467273e-06    2.9678045986281555e-06
1278.5925618402    2.8698143963453202e-06    2.8318711587612668e-06    2.8574932619642273e-06    2.853059605690272e-06
1278.6925618102    2.773428354725861e-06    2.7348267005621266e-06    2.76122294812221e-06    2.756492667803399e-06
1278.7925617802    2.676312423078878e-06    2.6369891997604368e-06    2.6642628497558078e-06    2.6591881575317076e-06
1278.8925617502    2.58598706450501e-06    2.5458667205500277e-06    2.574143858725332e-06    2.5686658812601233e-06
1278.9925617202    2.504090721795299e-06    2.463082131112792e-06    2.492518586474229e-06    2.48656381312744e-06
1279.0925616902    2.4250856618831558e-06    2.383076810055912e-06    2.4138664233624155e-06    2.4073429651004947e-06
1279.1925616602    2.342123162910476e-06    2.2989745990107186e-06    2.331364573187061e-06    2.3241541117027513e-06
1279.2925616302    2.2705913484347853e-06    2.2261282976069785e-06    2.2604370101181753e-06    2.252385552053313e-06
1279.3925616002    2.211036822964099e-06    2.165034744059116e-06    2.2016789673503295e-06    2.1925835114578484e-06
1279.4925615702    2.1497412913904342e-06    2.101910361991436e-06    2.1414451366318326e-06    2.1310322633379008e-06
1279.5925615402    2.0882062889590756e-06    2.038165355617151e-06    2.0813509033391655e-06    2.069240849305131e-06
1279.6925615102    2.045482598447526e-06    1.9927154472470183e-06    2.04061569166568e-06    2.0262712457867413e-06
1279.7925614802    2.0084319614187853e-06    1.952224421682187e-06    2.0063740146016153e-06    1.9890101325675293e-06
1279.8925614502    1.9591409202965143e-06    1.898477038189835e-06    1.961170793408165e-06    1.9395962506315048e-06
1279.9925614202    1.9312463925508018e-06    1.8646324902859645e-06    1.9394456824711675e-06    1.9117748551026447e-06
1280.0925613902    1.915011594362773e-06    1.8401663725604213e-06    1.93296290029788e-06    1.8960469557403582e-06
1280.1925613602    1.9079331398492907e-06    1.8212042021642418e-06    1.9422021036201847e-06    1.8904464818779055e-06
1280.2925613302    1.939575659977871e-06    1.8347793980287705e-06    2.0031253613563255e-06    1.925826806454322e-06
1280.3925613002    2.022568251633851e-06    1.8884904009147167e-06    2.1430492142654784e-06    2.018035955604682e-06
1280.4925612702    2.2107879885194266e-06    2.0252992586534626e-06    2.4489283507625995e-06    2.228338532645163e-06
1280.5925612402    2.595297687753938e-06    2.309683816527879e-06    3.0457179273408577e-06    2.650233143874225e-06
1280.6925612102    3.1696865825716906e-06    2.6813755496160792e-06    3.69334615461332e-06    3.1814694289336967e-06
1280.7925611802    3.4519004248256024e-06    2.721597635277344e-06    3.4858487483949735e-06    3.219782269499306e-06
1280.8925611502    3.0454696440352966e-06    2.360307510655664e-06    2.72422937882237e-06    2.710002177837777e-06
1280.9925611202    2.39939191089709e-06    1.9618086744949594e-06    2.1629584050631125e-06    2.174719663485054e-06
1281.0925610902    1.9735527687843083e-06    1.707994039250392e-06    1.8488023021839744e-06    1.843449703406225e-06
1281.1925610602    1.7426611465672482e-06    1.565182830284029e-06    1.6725539863369597e-06    1.6601326543960788e-06
1281.2925610302    1.6049697710052252e-06    1.4738498991902923e-06    1.5598628261428463e-06    1.5462274987794547e-06
1281.3925610002    1.5127328455703562e-06    1.4080321152456417e-06    1.479743791473878e-06    1.466836250763292e-06
1281.4925609702    1.4515281244097098e-06    1.3630052616945834e-06    1.4248084246018675e-06    1.4131139369020535e-06
1281.5925609402    1.3986605472002348e-06    1.3206239372174637e-06    1.3753504461109747e-06    1.3648783101762245e-06
1281.6925609102    1.36006314854654e-06    1.2891266028575986e-06    1.338664955884364e-06    1.3292849024295008e-06
1281.7925608802    1.3340004542550876e-06    1.2680423197320538e-06    1.3136939062376793e-06    1.30524556007494e-06
1281.8925608502    1.3100539501202808e-06    1.2476789575705637e-06    1.2903646694752577e-06    1.2826991923887007e-06
1281.9925608202    1.284230168229623e-06    1.224478444850565e-06    1.264865565096755e-06    1.2578580593923142e-06
1282.0925607902    1.2626479099662978e-06    1.2048470472927765e-06    1.2434325217663742e-06    1.236975826341816e-06
1282.1925607602    1.2375439535145637e-06    1.1812042025237353e-06    1.2183641497770129e-06    1.212370768605104e-06
1282.2925607302    1.2143800624612483e-06    1.1591342527072107e-06    1.1951591160250854e-06    1.1895578103978483e-06
1282.3925607002    1.1946419641363439e-06    1.1402146324261237e-06    1.17533051383804e-06    1.1700623701335025e-06
1282.4925606702    1.1739852753700286e-06    1.1201616030349687e-06    1.154547826857872e-06    1.1495649017542898e-06
1282.5925606402    1.1639232354146918e-06    1.1105318593495934e-06    1.1443333384850407e-06    1.139596144416442e-06
1282.6925606102    1.1590245277618345e-06    1.1059305943477234e-06    1.1392664698643345e-06    1.1347405306579642e-06
1282.7925605802    1.1492745007197078e-06    1.0963663917999148e-06    1.1293337494613965e-06    1.1249915473270064e-06
1282.8925605502    1.138812552278509e-06    1.0860004979649965e-06    1.118679479494358e-06    1.1144975099126213e-06
1282.9925605202    1.126929758556519e-06    1.0741397755333777e-06    1.106597208508877e-06    1.102555580866258e-06
1283.0925604902    1.114305771853521e-06    1.0614736497907376e-06    1.0937673303555257e-06    1.0898489173332613e-06
1283.1925604602    1.1086885832717416e-06    1.0557584531361682e-06    1.087940005457585e-06    1.0841290139551648e-06
1283.2925604302    1.1017243193699188e-06    1.0486495066291562e-06    1.0807605155006997e-06    1.0770447804999248e-06
1283.3925604002    1.0898826743584556e-06    1.036626644867211e-06    1.0687037053531628e-06    1.0650710081929431e-06
1283.4925603702    1.079972979056279e-06    1.0264964511433893e-06    1.0585716431909548e-06    1.0550136911302077e-06
1283.5925603402    1.0758490491669643e-06    1.0221199153835597e-06    1.0542214263283974e-06    1.0507301302929739e-06
1283.6925603102    1.0716142414677533e-06    1.0176075294745416e-06    1.0497603308638681e-06    1.0463273672687209e-06
1283.7925602802    1.059643080400248e-06    1.0053334474038317e-06    1.0375608539516542e-06    1.0341791272519114e-06
1283.8925602502    1.0524898969607531e-06    9.978514365326489e-07    1.0301730373084073e-06    1.0268381236006029e-06
1283.9925602202    1.04989160866749e-06    9.94902567598513e-07    1.027335800102805e-06    1.0240433254562691e-06
1284.0925601902    1.0487733660231841e-06    9.934183775866639e-07    1.0259809684106915e-06    1.0227242373401798e-06
1284.1925601602    1.0503874151521052e-06    9.946469751648614e-07    1.0273530579841637e-06    1.0241291494337101e-06
1284.2925601302    1.0532526489068556e-06    9.971086502684664e-07    1.0299715236933335e-06    1.0267776076228852e-06
1284.3925601002    1.0493639878541472e-06    9.92801649288312e-07    1.0258359300970773e-06    1.0226671890798454e-06
1284.4925600702    1.0455505266213754e-06    9.88555377301983e-07    1.0217730203807028e-06    1.0186263081013536e-06
1284.5925600402    1.041979250179366e-06    9.845366360592686e-07    1.017948543652476e-06    1.0148214766303702e-06
1284.6925600102    1.0392944049269357e-06    9.813903648398218e-07    1.0150073969072368e-06    1.0118973888913316e-06
1284.7925599802    1.044360295755109e-06    9.859800929069762e-07    1.0198117245074557e-06    1.0167173710565138e-06
1284.8925599502    1.0465880783320077e-06    9.87719412498602e-07    1.0217741419146946e-06    1.018693877581768e-06
1284.9925599202    1.0456947027460711e-06    9.863268885446133e-07    1.0206132795343065e-06    1.0175449569416637e-06
1285.0925598902    1.0477419474958308e-06    9.878605054800177e-07    1.0223877210147837e-06    1.0193300579968773e-06
1285.1925598602    1.0515832041711732e-06    9.911758356966296e-07    1.0259521954723444e-06    1.0229037451133825e-06
1285.2925598302    1.0486904454809296e-06    9.87746745352879e-07    1.0227784670523006e-06    1.019738552628703e-06
1285.3925598002    1.052864073957948e-06    9.913718562212915e-07    1.0266680813929108e-06    1.0236346705240502e-06
1285.4925597702    1.0556124497124086e-06    9.935595325523068e-07    1.029129376156651e-06    1.026100452807122e-06
1285.5925597402    1.059742758096607e-06    9.971190837143836e-07    1.0329680093324827e-06    1.029943283714491e-06
1285.6925597102    1.0660240009566276e-06    1.0028175385103285e-06    1.0389523063244385e-06    1.0359312819304648e-06
1285.7925596802    1.0648705747586607e-06    1.0010674138529561e-06    1.0374958939900657e-06    1.0344779608672276e-06
1285.8925596502    1.0630628851797884e-06    9.986552157235598e-07    1.0353838267593348e-06    1.0323673092208945e-06
1285.9925596202    1.0728046143722891e-06    1.0077827814826133e-06    1.0448170591702588e-06    1.0418014850083872e-06
1286.0925595902    1.0918727510433651e-06    1.0262233373288102e-06    1.063569197885078e-06    1.0605550954190843e-06
1286.1925595602    1.0950008529756623e-06    1.0287117495541964e-06    1.0663776731927102e-06    1.0633634252408566e-06
1286.2925595302    1.0969178880644653e-06    1.0299763772094817e-06    1.0679680499787625e-06    1.0649541050842364e-06
1286.3925595002    1.1007907207697045e-06    1.0331876296364921e-06    1.071510335129166e-06    1.0684962285117876e-06
1286.4925594702    1.0991110075823188e-06    1.030835551112818e-06    1.0694969752266982e-06    1.066481177973945e-06
1286.5925594402    1.1083363387660222e-06    1.0393732707396412e-06    1.0783793027218332e-06    1.075362970742499e-06
1286.6925594102    1.12217009351523e-06    1.0525057225519636e-06    1.0918620290447078e-06    1.0888459483706337e-06
1286.7925593802    1.1280992366055407e-06    1.05772638262438e-06    1.0974395102877297e-06    1.0944217098392167e-06
1286.8925593502    1.1375507494469514e-06    1.0664596239182032e-06    1.1065357552147899e-06    1.1035153761933147e-06
1286.9925593202    1.1526055330712038e-06    1.0807816542638084e-06    1.1212262107719746e-06    1.1182044660356623e-06
1287.0925592902    1.1580590894198735e-06    1.085487472859738e-06    1.1263053817651874e-06    1.1232839813482664e-06
1287.1925592602    1.1603042795079994e-06    1.0869714850461645e-06    1.128169501342763e-06    1.1251484219656422e-06
1287.2925592302    1.1716468264689233e-06    1.097542417366452e-06    1.1391298263626381e-06    1.136106356732671e-06
1287.3925592002    1.1835321335679601e-06    1.1086459390577812e-06    1.1506264582117712e-06    1.1476015102791708e-06
1287.4925591702    1.1946629285029628e-06    1.1189816691213806e-06    1.1613610702497725e-06    1.158335222624705e-06
1287.5925591402    1.2106183605483533e-06    1.1341254810149405e-06    1.1769110533764933e-06    1.173884964979929e-06
1287.6925591102    1.2217512370107153e-06    1.144432572825472e-06    1.1876307103384463e-06    1.1846048400582113e-06
1287.7925590802    1.23362350472512e-06    1.1554676223261628e-06    1.1990819483774782e-06    1.196057691809587e-06
1287.8925590502    1.2488194212720001e-06    1.1698149695910354e-06    1.213853003177059e-06    1.210829131346698e-06
1287.9925590202    1.258696053887357e-06    1.178822762546842e-06    1.2232939713101884e-06    1.220270929248129e-06
1288.0925589902    1.2752493451987925e-06    1.1944935507694198e-06    1.2394005724205969e-06    1.236381156129603e-06
1288.1925589602    1.286595738612359e-06    1.20495191143802e-06    1.250299590426922e-06    1.2472824134924338e-06
1288.2925589302    1.3022392154941606e-06    1.21968871723267e-06    1.265485208113366e-06    1.262471046946732e-06
1288.3925589002    1.3192559539198035e-06    1.235778541913077e-06    1.282030437381294e-06    1.279021644404725e-06
1288.4925588702    1.329079012183012e-06    1.244663989874268e-06    1.2913774585282923e-06    1.2883734868618577e-06
1288.5925588402    1.3411747675105764e-06    1.255807405083856e-06    1.3029872396205273e-06    1.299989804071653e-06
1288.6925588102    1.3535418383624807e-06    1.2672003649552625e-06    1.3148548442749535e-06    1.311865682530899e-06
1288.7925587802    1.3724564945510681e-06    1.2851289357927723e-06    1.3332635041104865e-06    1.3302829781514424e-06
1288.8925587502    1.3921320305692908e-06    1.3038075994144304e-06    1.352428120219069e-06    1.3494559167342631e-06
1288.9925587202    1.4066336713885176e-06    1.3172933490576357e-06    1.366406425460619e-06    1.363444481968924e-06
1289.0925586902    1.4261506219348412e-06    1.3357733506912834e-06    1.3853852661840622e-06    1.382436412936729e-06
1289.1925586602    1.4541461797622565e-06    1.3627150832065262e-06    1.4128301653917423e-06    1.4098971427868416e-06
1289.2925586302    1.4744269997218519e-06    1.3819293654404463e-06    1.432554267837949e-06    1.429636877666749e-06
1289.3925586002    1.4877344926534507e-06    1.3941533965061169e-06    1.445297867506233e-06    1.4423952522219333e-06
1289.4925585702    1.511996554312364e-06    1.4173127332697437e-06    1.4689824782068994e-06    1.4660972552630024e-06
1289.5925585402    1.536145688118467e-06    1.4403430182066224e-06    1.4925418631755175e-06    1.4896768565002022e-06
1289.6925585102    1.5492057958298417e-06    1.4522655628389483e-06    1.5049989052102246e-06    1.5021567546263381e-06
1289.7925584802    1.5759789334806604e-06    1.4778826157826688e-06    1.5311565727691005e-06    1.5283393740108098e-06
1289.8925584501999    1.608391449311912e-06    1.5091129709708852e-06    1.5629340499375376e-06    1.5601461567401118e-06
1289.9925584201999    1.6198936073683644e-06    1.5194177127844905e-06    1.5737893125920613e-06    1.5710335442483054e-06
1290.0925583901999    1.6403270050280031e-06    1.538641963444196e-06    1.5935715838871739e-06    1.5908468507864576e-06
1290.1925583601999    1.670537081428025e-06    1.5676230377956268e-06    1.6231164968753148e-06    1.6204255386996556e-06
1290.2925583301999    1.6978558651603833e-06    1.5936908261149215e-06    1.6497486505390566e-06    1.6470984472714538e-06
1290.3925583001999    1.7240370302715156e-06    1.6186001406579533e-06    1.6752274058590916e-06    1.6726215255961868e-06
1290.4925582701999    1.7505464920513523e-06    1.6438184528297296e-06    1.7010247405122917e-06    1.698463228464458e-06
1290.5925582401999    1.7841438466135005e-06    1.6761003376863817e-06    1.73388914564979e-06    1.7313777766498908e-06
1290.6925582101999    1.8154829779254582e-06    1.7061002471690796e-06    1.7644748250833568e-06    1.7620193500592984e-06
1290.7925581801999    1.841884909528336e-06    1.7311486845586655e-06    1.7901115275769554e-06    1.7877150405546524e-06
1290.8925581501999    1.8714964448325718e-06    1.7593934241259438e-06    1.8189496926470505e-06    1.8166131872018553e-06
1290.9925581201999    1.9101346632368247e-06    1.7966410481760746e-06    1.8567914655705635e-06    1.8545223923278207e-06
1291.0925580901999    1.9379584428443666e-06    1.8230469003926998e-06    1.8837930819127928e-06    1.881599475049953e-06
1291.1925580601999    1.960285426831886e-06    1.8439390399917105e-06    1.905284796090427e-06    1.9031697543046742e-06
1291.2925580301999    2.0022577693386246e-06    1.8844546190675233e-06    1.946403633049525e-06    1.9443720071518905e-06
1291.3925580001999    2.0437047784245687e-06    1.924420080600688e-06    1.9869671395826305e-06    1.985030666202629e-06
1291.4925579701999    2.078734289361439e-06    1.9579488940004553e-06    2.0210936649542757e-06    2.0192589494387236e-06
1291.5925579401999    2.113155399294266e-06    1.9908606644106127e-06    2.054608158801595e-06    2.0528747408354914e-06
1291.6925579101999    2.156291818000918e-06    2.0324705960213487e-06    2.096817297320236e-06    2.0951932371141675e-06
1291.7925578801999    2.1996091465734926e-06    2.0742285558916596e-06    2.139170053979332e-06    2.1376692521481615e-06
1291.8925578501999    2.235567580932005e-06    2.108612312988116e-06    2.174149305777308e-06    2.172776399899143e-06
1291.9925578201999    2.283066898968362e-06    2.1545076108125144e-06    2.220636282414471e-06    2.2194035973984495e-06
1292.0925577901999    2.329068563989223e-06    2.198894456201153e-06    2.265605943943951e-06    2.2645229880447755e-06
1292.1925577601999    2.372202747711339e-06    2.2404030144119827e-06    2.307684213884294e-06    2.306763325335872e-06
1292.2925577301999    2.4163971415604474e-06    2.282944680686653e-06    2.3507734650905243e-06    2.3500384291125414e-06
1292.3925577001999    2.463202346346865e-06    2.3280860670020314e-06    2.3964646808615448e-06    2.3959176980701464e-06
1292.4925576701999    2.514619749066335e-06    2.3778298500209323e-06    2.446752927269437e-06    2.4464008421189017e-06
1292.5925576401999    2.571845158158456e-06    2.4333676538455173e-06    2.502807956193364e-06    2.502673589399112e-06
1292.6925576101999    2.629210668176886e-06    2.489025125104977e-06    2.5589696104817124e-06    2.559068467921192e-06
1292.7925575801999    2.683350640195417e-06    2.5414466765693957e-06    2.6118815420196246e-06    2.6122262862614795e-06
1292.8925575501999    2.7392051820352018e-06    2.595588718310043e-06    2.6664952436123705e-06    2.667096381319205e-06
1292.9925575201999    2.809232073122886e-06    2.6638840048294905e-06    2.7352236347058686e-06    2.7361132375527487e-06
1293.0925574901999    2.873440882503861e-06    2.726350939669669e-06    2.7980847646269485e-06    2.7992921956001595e-06
1293.1925574601999    2.9267492271221826e-06    2.7779225000990004e-06    2.8500225161075e-06    2.851564747776228e-06
1293.2925574301998    2.9933613764358464e-06    2.8428166049020945e-06    2.9152466289661294e-06    2.9171415367680237e-06
1293.3925574001998    3.0624862900025906e-06    2.9102222653999222e-06    2.9829337433140815e-06    2.9852140995721985e-06
1293.4925573701998    3.132206411065024e-06    2.9782197779475616e-06    3.051166416536546e-06    3.0538642018497106e-06
1293.5925573401998    3.2032512640587702e-06    3.0475680617684917e-06    3.120699507732019e-06    3.1238396111864267e-06
1293.6925573101998    3.2855482564542903e-06    3.1281864447584464e-06    3.201432011030299e-06    3.205055570747679e-06
1293.7925572801998    3.3714094083040597e-06    3.212393341454499e-06    3.2856908540536924e-06    3.28983120127075e-06
1293.8925572501998    3.453402957091123e-06    3.2927736320812933e-06    3.3660408606791117e-06    3.3707391499505092e-06
1293.9925572201998    3.5344246923767736e-06    3.3722266930718574e-06    3.4453760790321485e-06    3.450675821493593e-06
1294.0925571901998    3.6202257608286468e-06    3.456508477636813e-06    3.5294406318212227e-06    3.5353916234288946e-06
1294.1925571601998    3.7155999906174826e-06    3.5504201012773265e-06    3.6230255072289583e-06    3.629681866374589e-06
1294.2925571301998    3.8195276636621965e-06    3.6529622499685303e-06    3.7251136049766276e-06    3.7325345062024513e-06
1294.3925571001998    3.927867037911114e-06    3.7600117629515133e-06    3.831565981348961e-06    3.8398149274038625e-06
1294.4925570701998    4.031903465844788e-06    3.862861376539376e-06    3.933674904484553e-06    3.942813248956239e-06
1294.5925570401998    4.1420504500686945e-06    3.971931825903078e-06    4.041824089281143e-06    4.051935455084305e-06
1294.6925570101998    4.264316877810068e-06    4.093268993223731e-06    4.162050601253015e-06    4.173212157428938e-06
1294.7925569801998    4.386947891170979e-06    4.215144837510937e-06    4.282590714395281e-06    4.294894481025733e-06
1294.8925569501998    4.506894367599718e-06    4.334514475681295e-06    4.4003880395832505e-06    4.4139322942880884e-06
1294.9925569201998    4.637854229882275e-06    4.4651374862793376e-06    4.529151143608269e-06    4.544047619923294e-06
1295.0925568901998    4.785839723751425e-06    4.613016993385834e-06    4.674858348415706e-06    4.6912383551843215e-06
1295.1925568601998    4.9346949254742864e-06    4.762093714250544e-06    4.821436950499364e-06    4.839408530074731e-06
1295.2925568301998    5.0886786893839755e-06    4.916606251322619e-06    4.973006315981419e-06    4.992763752229338e-06
1295.3925568001998    5.251220581983486e-06    5.080112077980047e-06    5.133156942759675e-06    5.154829867574403e-06
1295.4925567701998    5.4247366626408585e-06    5.255036324862129e-06    5.304202517602466e-06    5.327991835035151e-06
1295.5925567401998    5.61578520890335e-06    5.4479923145295405e-06    5.492682082954968e-06    5.518819868795953e-06
1295.6925567101998    5.7986058773332785e-06    5.633418797910721e-06    5.6729615767684225e-06    5.70166208400414e-06
1295.7925566801998    5.994263847620837e-06    5.832362105073272e-06    5.866012231808845e-06    5.897546061500985e-06
1295.8925566501998    6.214340266519443e-06    6.056619773536886e-06    6.083507878043869e-06    6.118155972700066e-06
1295.9925566201998    6.435571956361438e-06    6.28295840069527e-06    6.3020979642424784e-06    6.340209440433063e-06
1296.0925565901998    6.68001828736304e-06    6.5336449146905196e-06    6.543842361184723e-06    6.585835187746094e-06
1296.1925565601998    6.9460397943552314e-06    6.807289111266675e-06    6.807331548854111e-06    6.853553484825338e-06
1296.2925565301998    7.214575889520419e-06    7.0850886809490875e-06    7.0732916032936695e-06    7.124318724587727e-06
1296.3925565001998    7.502527894478943e-06    7.384175095508371e-06    7.358861723525004e-06    7.415188237837439e-06
1296.4925564701998    7.815676332459517e-06    7.710650843041996e-06    7.66955594742739e-06    7.731961040976301e-06
1296.5925564401998    8.150462169420486e-06    8.061585867549342e-06    8.002302471660447e-06    8.071450169543426e-06
1296.6925564101998    8.513468007687776e-06    8.4437705247888e-06    8.363311372275886e-06    8.440183301584154e-06
1296.7925563801998    8.907347993728753e-06    8.860990305358267e-06    8.755805147363411e-06    8.84138114881681e-06
1296.8925563501998    9.319288702548894e-06    9.301046405306926e-06    9.166122559180544e-06    9.262152555678788e-06
1296.9925563201998    9.775300251917701e-06    9.79153343909139e-06    9.622831867632279e-06    9.729888519547123e-06
1297.0925562901998    1.0290775650045257e-05    1.0347819421041592e-05    1.0140284421287174e-05    1.0259626497458007e-05
1297.1925562601998    1.0837176039359068e-05    1.09430839366055e-05    1.0687971004354282e-05    1.0822743660106282e-05
1297.2925562301998    1.1431157781998317e-05    1.1597750513881117e-05    1.1285733959668313e-05    1.1438214085182583e-05
1297.3925562001998    1.2100297787710597e-05    1.2342276917276915e-05    1.1961332700022505e-05    1.2134635801670004e-05
1297.4925561701998    1.2846938128646356e-05    1.3182870990255045e-05    1.2718082371077555e-05    1.2915963829992982e-05
1297.5925561401998    1.3694694894256059e-05    1.4148525175121014e-05    1.3578152267770883e-05    1.3807124112382654e-05
1297.6925561101998    1.469256974190618e-05    1.5299598717883143e-05    1.4591094473916715e-05    1.486108764456868e-05
1297.7925560801998    1.589018827383624e-05    1.6681259527963998e-05    1.5817179173770213e-05    1.612954232519015e-05
1297.8925560501998    1.7194870116822982e-05    1.8254372281039385e-05    1.721554819475167e-05    1.7554930197538013e-05
1297.9925560201998    1.848177724080542e-05    1.9902237029740074e-05    1.8585554363998976e-05    1.8989856211514826e-05
1298.0925559901998    1.9890167863183173e-05    2.1819793375555762e-05    2.0100133023782653e-05    2.0603364754173862e-05
1298.1925559601998    2.164818664526045e-05    2.436614897597289e-05    2.2102003283622458e-05    2.2705446301618597e-05
1298.2925559301998    2.387886824222556e-05    2.780275154578589e-05    2.4738513444104605e-05    2.5473377744038687e-05
1298.3925559001998    2.6689179965668054e-05    3.263245933632702e-05    2.8312928880867724e-05    2.9211522727620936e-05
1298.4925558701998    3.028097369340131e-05    3.98760833682634e-05    3.3403535717094605e-05    3.452019759291977e-05
1298.5925558401998    3.505724321943267e-05    5.119551307156684e-05    4.070740335086078e-05    4.232005321395343e-05
1298.6925558101998    4.1769383285858814e-05    6.637974373239674e-05    4.933387069823695e-05    5.249433257216417e-05
1298.7925557801998    5.186890788509351e-05    8.0751318373495e-05    5.827389308291981e-05    6.36313731138361e-05
1298.8925557501998    6.788243833584402e-05    9.529514967716107e-05    7.131300661197919e-05    7.816353154166142e-05
1298.9925557201998    9.26658258261362e-05    0.00012122373281836029    9.364739566100165e-05    0.00010251231810183271
1299.0925556901998    0.00012681639887707376    0.00016038576706540818    0.00012659747782922762    0.00013793321459056984
1299.1925556601998    0.00016680538132920073    0.00020425504494041538    0.000166308314692997    0.0001791229136542044
1299.2925556301998    0.00020654115819176565    0.00024319393270218808    0.00020577126746246056    0.00021850211945213813
1299.3925556001998    0.00024087855676323096    0.00027200744114593494    0.00023895200521998556    0.00025061266770971715
1299.4925555701998    0.00026801374583980306    0.0002909616887530664    0.00026377855481817555    0.0002742513298036817
1299.5925555401998    0.0002886999053541963    0.00030303985051137526    0.00028159822828960834    0.00029111266138505995
1299.6925555101998    0.00030454512097097936    0.0003112560487060779    0.0002947412268682821    0.00030351413218177974
1299.7925554801998    0.00031718391897541434    0.00031778735748714675    0.00030528381671713457    0.0003134183643932319
1299.8925554501998    0.0003275136627506192    0.00032374158535009473    0.0003144526913448857    0.0003219026464818665
1299.9925554201998    0.00033696024075463885    0.0003302982672698147    0.0003235532098587855    0.0003302705726277463
1300.0925553901998    0.0003464831461095231    0.0003379712156724563    0.00033312851720726505    0.0003391942929964148
1300.1925553601998    0.00035577712209869774    0.0003464482322131645    0.00034302227569105225    0.0003484158766676381
1300.2925553301998    0.000365147819740896    0.00035571223982347754    0.0003532916872447883    0.0003580505822697206
1300.3925553001998    0.0003749766502706581    0.00036595793678411315    0.00036420172272241347    0.0003683787699257283
1300.4925552701998    0.0003854718201968016    0.0003772497858385734    0.0003758713085763539    0.00037953097153724296
1300.5925552401998    0.00039677271697985227    0.0003896187662530233    0.0003883762976823988    0.0003915892603050914
1300.6925552101998    0.00040897626613374413    0.0004030828662312085    0.000401772833812591    0.0004046106553925146
1300.7925551801998    0.00042215427476770744    0.00041765439245084943    0.0004161064255966999    0.0004186383642717523
1300.8925551501998    0.0004363596657017869    0.0004333414606436458    0.0004314151933918733    0.00043370543991243536
1300.9925551201998    0.0004516339990342191    0.00045015078452239075    0.0004477350928633037    0.00044983995880663787
1301.0925550901998    0.00046799023207223653    0.00046806849566222695    0.00046508372950486367    0.0004670474857464424
1301.1925550601998    0.00048545287632542736    0.00048709065820554603    0.00048347136197828797    0.0004853382988364205
1301.2925550301998    0.0005040398390658585    0.0005072161213413367    0.0005029409035022419    0.0005047322879698123
1301.3925550001998    0.0005237553605139438    0.0005284187496337447    0.0005234949010466853    0.000525223003731458
1301.4925549701998    0.0005445960583669577    0.0005506668443444061    0.000545137151354979    0.0005468000180221142
1301.5925549401998    0.000566547557030217    0.0005739116204169152    0.0005678586767930788    0.0005694392847467371
1301.6925549101998    0.0005895897843695619    0.000598092869213815    0.0005916437178169035    0.00059310879046676
1301.7925548801998    0.0006136960981616156    0.0006231359641291897    0.0006164667269044425    0.0006177662630650825
1301.8925548501998    0.0006388293081752663    0.0006489468237358682    0.0006422893132182543    0.0006433551483764629
1301.9925548201998    0.0006649480285115925    0.0006754164706671167    0.0006690644417217479    0.0006698096469668189
1302.0925547901998    0.000692004491778416    0.000702417868217542    0.0006967350221955781    0.000697052460730512
1302.1925547601998    0.0007199421088433416    0.000729801504444826    0.0007252298253831265    0.0007249911462237648
1302.2925547301998    0.0007487042353353479    0.0007574023909515014    0.0007544717021231259    0.0007535261094699918
1302.3925547001998    0.0007782355032605264    0.0007850395967328442    0.0007843789513596885    0.0007825513504510197
1302.4925546701998    0.0008084867253879391    0.0008125181758167017    0.0008148701313841097    0.0008119583441962501
1302.5925546401998    0.0008394164615644345    0.0008396273929713627    0.0008458658571058984    0.000841636570547232
1302.6925546101997    0.0008710020243668525    0.0008661470405222766    0.0008773002276077289    0.0008714830974989527
1302.7925545801997    0.0009032453635023544    0.0008918474923094998    0.0009091283161591264    0.0009014070573236603
1302.8925545501997    0.0009361810683471063    0.000916490434531465    0.0009413391681805032    0.0009313368903530248
1302.9925545201997    0.0009698906625836928    0.0009398323611887867    0.0009739723196256611    0.0009612317811327135
1303.0925544901997    0.0010045061133392692    0.0009616166238484283    0.0010071322608310852    0.0009910849993395945
1303.1925544601997    0.0010402148336430528    0.0009815662254351444    0.0010410062058247426    0.0010209290883009799
1303.2925544301997    0.0010772674413309917    0.0009993828516675553    0.0010758897739565657    0.0010508466889850375
1303.3925544001997    0.0011159431597375128    0.0010147125091813384    0.0011121660438810229    0.0010809405709332914
1303.4925543701997    0.0011564913206207016    0.001027122288652778    0.0011502504888501071    0.0011112880327078622
1303.5925543401997    0.0011989591636645482    0.0010360280056001397    0.0011903411077714887    0.0011417760923453923
1303.6925543101997    0.001242810575492969    0.0010405468007811775    0.00123174613831492    0.0011717011715296885
1303.7925542801997    0.0012861519888855886    0.0010391747326833447    0.0012712872210474443    0.0011988713142054592
1303.8925542501997    0.0013245411868399728    0.0010294935133999751    0.001300839779129102    0.0012182914931230166
1303.9925542201997    0.0013495847119040217    0.0010080362417451355    0.001305333010019051    0.0012209846545560693
1304.0925541901997    0.001349589245931235    0.0009720420864096922    0.0012679850239620614    0.0011965387854343296
1304.1925541601997    0.0013162504126786774    0.0009235204639338616    0.0011865034489079865    0.0011420914418401752
1304.2925541301997    0.0012559739528696379    0.00087100845904492    0.001082041054229733    0.0010696744887147636
1304.3925541001997    0.0011899965737788376    0.0008251424990488682    0.0009829287267620747    0.0009993559331965935
1304.4925540701997    0.0011288903097488373    0.0007920334941431147    0.0009036353132814922    0.0009415197057244813
1304.5925540401997    0.0010547494436021476    0.0007684529994937356    0.0008412057905552944    0.0008881360778837258
1304.6925540101997    0.0009496502496939321    0.0007393713419142901    0.0007806380748637067    0.0008232198888239764
1304.7925539801997    0.0008089097520886558    0.0006771969702147286    0.0006970191780410494    0.0007277086334481446
1304.8925539501997    0.0006250933792358431    0.0005535718203149969    0.0005644187360040253    0.0005810279785182884
1304.9925539201997    0.0004325539207191695    0.0003921400660536829    0.0004021562594527991    0.00040895008207521717
1305.0925538901997    0.0002898653047573304    0.00025896798671317116    0.00026916002392532944    0.000272664438465277
1305.1925538601997    0.00020449675174119436    0.00017836042650874512    0.0001879972002776921    0.00019028479284254385
1305.2925538301997    0.00015395965505716618    0.00013188991122044225    0.00014059813153564224    0.00014214923260441687
1305.3925538001997    0.00012181645911468892    0.00010316918701966814    0.00011090992163811697    0.00011196518925749135
1305.4925537701997    9.988541426657516e-05    8.401946415851894e-05    9.087510556470472e-05    9.15933279965996e-05
1305.5925537401997    8.407849829166973e-05    7.045397155069704e-05    7.653532393085463e-05    7.702259792440714e-05
1305.6925537101997    7.219865576905095e-05    6.0388052283745616e-05    6.58024461156009e-05    6.61297180561325e-05
1305.7925536801997    6.297588950026927e-05    5.2646338967701466e-05    5.748836762518923e-05    5.7703532031053314e-05
1305.8925536501997    5.562946483074645e-05    4.6521625475610125e-05    5.087178528506019e-05    5.100762519713892e-05
1305.9925536201997    4.965454835028768e-05    4.156486456411799e-05    4.5490771412026874e-05    4.5570061442144184e-05
1306.0925535901997    4.471086455346987e-05    3.747797821558129e-05    4.103623871748494e-05    4.1075027162178704e-05
1306.1925535601997    4.056100824526379e-05    3.40556553078338e-05    3.729371770581877e-05    3.730346041963879e-05
1306.2925535301997    3.703447533484369e-05    3.1152021322851805e-05    3.410979569779998e-05    3.4098764118498494e-05
1306.3925535001997    3.4005755357080924e-05    2.8660661418728937e-05    3.137187063882928e-05    3.1346095804879723e-05
1306.4925534701997    3.138048060985788e-05    2.6502168812103305e-05    2.899545138899528e-05    2.895936693698549e-05
1306.5925534401997    2.908638200672992e-05    2.461611630168175e-05    2.6915919004375162e-05    2.6872805770928943e-05
1306.6925534101997    2.706721545444774e-05    2.2955724696128068e-05    2.5083023389699483e-05    2.5035321180091762e-05
1306.7925533801997    2.527858146524564e-05    2.1484229347771937e-05    2.3457111805375395e-05    2.340664087279766e-05
1306.8925533501997    2.3684984619553837e-05    2.0172346659254988e-05    2.200648523724006e-05    2.1954605505349626e-05
1306.9925533201997    2.2257724782848966e-05    1.8996471280139946e-05    2.0705507854015463e-05    2.0653234639001456e-05
1307.0925532901997    2.097335842804522e-05    1.7937369714665293e-05    1.953323063553435e-05    1.9481319592748288e-05
1307.1925532601997    1.9812558330115674e-05    1.6979218050429093e-05    1.8472373120270566e-05    1.8421383166938447e-05
1307.2925532301997    1.8759256523350265e-05    1.610888261717889e-05    1.7508559105470505e-05    1.745889941533322e-05
1307.3925532001997    1.7799991861154217e-05    1.531537498799109e-05    1.662973537828734e-05    1.658170074247755e-05
1307.4925531701997    1.692340751212563e-05    1.4589433993888552e-05    1.5825724333854003e-05    1.577952194662273e-05
1307.5925531401997    1.6119859776814965e-05    1.3923201546974809e-05    1.5087875852711041e-05    1.5043645725500275e-05
1307.6925531101997    1.538111055127425e-05    1.3309968625352284e-05    1.4408793684590062e-05    1.4366624287072198e-05
1307.7925530801997    1.4700083359204247e-05    1.2743974338146905e-05    1.378211839816551e-05    1.3742058698505552e-05
1307.8925530501997    1.4070668172205557e-05    1.2220245593281038e-05    1.3202353720853255e-05    1.3164422495446616e-05
1307.9925530201997    1.3487564048237584e-05    1.1734468109268795e-05    1.2664726500275321e-05    1.2628919552593899e-05
1308.0925529901997    1.2946151333680382e-05    1.1282881871587187e-05    1.216507293630458e-05    1.213136871385738e-05
1308.1925529601997    1.2442387170959405e-05    1.0862195795366435e-05    1.1699745522415064e-05    1.1668109496246968e-05
1308.2925529301997    1.1972719521906945e-05    1.0469517614154232e-05    1.1265536442285408e-05    1.1235924526115529e-05
1308.3925529001997    1.1534016002004084e-05    1.0102295917870947e-05    1.0859614127096872e-05    1.0831975348990634e-05
1308.4925528701997    1.112350464702805e-05    9.75827196524224e-06    1.0479470421184233e-05    1.0453749011151507e-05
1308.5925528401997    1.0738724352501103e-05    9.435439398518921e-06    1.0122876343857291e-05    1.0099013364959104e-05
1308.6925528101997    1.0377483199566202e-05    9.132010395505115e-06    9.78784487285718e-06    9.7657794893095e-06
1308.7925527801997    1.0037823249774489e-05    8.846387095101774e-06    9.472599476548238e-06    9.452269940474835e-06
1308.8925527501997    9.717990671948738e-06    8.577137361619718e-06    9.175547398960918e-06    9.156891810843125e-06
1308.9925527201997    9.416410288821319e-06    8.322974142951886e-06    8.895256875553293e-06    8.878213769108833e-06
1309.0925526901997    9.131663801051027e-06    8.082737817231198e-06    8.630437631008084e-06    8.614946416430101e-06
1309.1925526601997    8.8624710888661e-06    7.855381037097098e-06    8.379924118438836e-06    8.365925414800678e-06
1309.2925526301997    8.607674098393562e-06    7.639955670231303e-06    8.1426610650433e-06    8.130096944556054e-06
1309.3925526001997    8.366222906293842e-06    7.435601506704481e-06    7.917690962956208e-06    7.906505125318177e-06
1309.4925525701997    8.137163630971344e-06    7.241536462134282e-06    7.704143208815313e-06    7.694281100640313e-06
1309.5925525401997    7.919627911610643e-06    7.05704805093497e-06    7.501224645288268e-06    7.492633535944627e-06
1309.6925525101997    7.712823724896044e-06    6.881485942825715e-06    7.3082112987545275e-06    7.300840322158762e-06
1309.7925524801997    7.5160273466157654e-06    6.7142554459825865e-06    7.124441141609255e-06    7.118241311402536e-06
1309.8925524501997    7.3285762957257324e-06    6.5548117856172695e-06    6.949307734823211e-06    6.944231938722072e-06
1309.9925524201997    7.236134014520416e-06    6.483406567906325e-06    6.875825266791745e-06    6.865121949739495e-06
