4.940803668645299695e+03 4.050888855899999956e-04 4.050888883500000149e-04 3.803786990899999830e-04 3.968521576766666464e-04
4.940903668645299149e+03 3.568340519404388672e-04 3.568340447104389026e-04 3.355735925404075082e-04 3.497472297304284440e-04
4.941003668645298603e+03 3.141651209707761326e-04 3.141651098307761316e-04 2.958695834907222469e-04 3.080666047640915760e-04
4.941103668645298058e+03 2.766268352006828420e-04 2.766268315306828285e-04 2.608624383906367776e-04 2.713720350406675008e-04
4.941203668645297512e+03 2.438615215008940111e-04 2.438615200008940171e-04 2.302504241108352498e-04 2.393244885375410836e-04
4.941303668645296966e+03 2.154719109607745983e-04 2.154719129407746110e-04 2.036783161607250115e-04 2.115407133540913979e-04
4.941403668645296420e+03 1.909825144908909123e-04 1.909825001008909242e-04 1.807277020408349364e-04 1.875642388775389333e-04
4.941503668645295875e+03 1.698981711509588079e-04 1.698981750309588076e-04 1.609378552608999372e-04 1.669114004809391842e-04
4.941603668645295329e+03 1.517662180108245455e-04 1.517662168108245395e-04 1.439059030307745320e-04 1.491461126174745480e-04
4.941703668645294783e+03 1.361298263508532746e-04 1.361298256208532569e-04 1.292005012808024810e-04 1.338200510841696528e-04
4.941803668645294238e+03 1.226376024907362681e-04 1.226376060007362573e-04 1.164984081106931431e-04 1.205912055340552138e-04
4.941903668645293692e+03 1.109263403807455906e-04 1.109263403907455938e-04 1.054679340807022567e-04 1.091068716173978137e-04
4.942003668645293146e+03 1.007509269007403612e-04 1.007509221207403570e-04 9.587292534569813029e-05 9.912492478905961615e-05
4.942103668645292601e+03 9.188481277864509042e-05 9.188480946064508156e-05 8.750604720160876343e-05 9.042522314696630728e-05
4.942203668645292055e+03 8.409298123363779316e-05 8.409297490563779308e-05 8.013766451960314409e-05 8.277454021962625248e-05
4.942303668645291509e+03 7.725172324855999616e-05 7.725172621155998584e-05 7.367584768052892166e-05 7.605976571354963907e-05
4.942403668645290963e+03 7.120160954955026403e-05 7.120160685755025300e-05 6.796187673251968147e-05 7.012169771320672380e-05
4.942503668645290418e+03 6.580242201854016773e-05 6.580241496054016351e-05 6.284942058451146660e-05 6.481808585453058573e-05
4.942603668645289872e+03 6.101785867647867132e-05 6.101785356447866887e-05 5.831694276445344757e-05 6.011755166847026485e-05
4.942703668645289326e+03 5.674406682046643450e-05 5.674406364646643802e-05 5.426962632044172281e-05 5.591925226245820070e-05
4.942803668645288781e+03 5.290450524941905138e-05 5.290450041141904209e-05 5.062975037339725382e-05 5.214625201141177792e-05
4.942903668645288235e+03 4.945093034440833284e-05 4.945092509940832832e-05 4.735942735938666708e-05 4.875376093440110037e-05
4.943003668645287689e+03 4.633070677639730093e-05 4.633070259939729393e-05 4.440492482037619495e-05 4.568877806539026101e-05
4.943103668645287144e+03 4.351450398035858918e-05 4.351450081035858721e-05 4.172928387534068729e-05 4.291942955535261897e-05
4.943203668645286598e+03 4.094442162935062093e-05 4.094441106135062749e-05 3.928654253533325123e-05 4.039179174201149762e-05
4.943303668645286052e+03 3.860254550131949058e-05 3.860254053531948760e-05 3.706166748030352852e-05 3.808891783898083556e-05
4.943403668645285506e+03 3.645768146831211898e-05 3.645769151831211542e-05 3.502354787229658201e-05 3.597964028630693429e-05
4.943503668645284961e+03 3.449878645030287158e-05 3.449878968930286861e-05 3.316377647928754559e-05 3.405378420629775967e-05
4.943603668645284415e+03 3.271151498027633755e-05 3.271151957727633718e-05 3.146539084026259050e-05 3.229614179927175734e-05
4.943703668645283869e+03 3.107046147726865598e-05 3.107046366626866127e-05 2.990296960625578521e-05 3.068129824993103189e-05
4.943803668645283324e+03 2.956031240924722619e-05 2.956031516724722455e-05 2.846956929523466310e-05 2.919673229057637241e-05
4.943903668645282778e+03 2.814032330424537994e-05 2.814032356824538005e-05 2.711870580023343713e-05 2.779978422424139904e-05
4.944003668645282232e+03 2.685337575623409278e-05 2.685337706923409447e-05 2.589480641522262641e-05 2.653385308023027122e-05
4.944103668645281687e+03 2.565978221021711657e-05 2.565978101121711423e-05 2.475998697620642223e-05 2.535985006588022106e-05
4.944203668645281141e+03 2.454629649021266934e-05 2.454629545621266919e-05 2.369623121820316823e-05 2.426294105487616779e-05
4.944303668645280595e+03 2.350669800819855823e-05 2.350669607219855968e-05 2.270465300718938636e-05 2.323934902919549804e-05
4.944403668645280050e+03 2.254292111319284274e-05 2.254292296119284012e-05 2.179001313518301127e-05 2.229195240318956471e-05
4.944503668645279504e+03 2.163915679818905399e-05 2.163916111718905240e-05 2.092775524918036927e-05 2.140202438818615855e-05
4.944603668645278958e+03 2.080448199017460200e-05 2.080448065217459905e-05 2.013406965616602534e-05 2.058101076617174552e-05
4.944703668645278412e+03 2.003137174216875391e-05 2.003137074616875241e-05 1.939729966616082025e-05 1.982001405149944219e-05
4.944803668645277867e+03 1.929798825816008171e-05 1.929798705716008212e-05 1.869624684015302530e-05 1.909740738515772971e-05
4.944903668645277321e+03 1.860255025415812470e-05 1.860254714815812296e-05 1.803202668315102578e-05 1.841237469515575781e-05
4.945003668645276775e+03 1.798464664014611523e-05 1.798463857714611679e-05 1.744559244313867211e-05 1.780495922014363019e-05
4.945103668645276230e+03 1.738511968014177047e-05 1.738512027714176575e-05 1.687350051213528011e-05 1.721458015647293652e-05
4.945203668645275684e+03 1.681450902114012394e-05 1.681451898514011985e-05 1.632940326913361075e-05 1.665281042513795038e-05
4.945303668645275138e+03 1.630775349112443921e-05 1.630776103412444339e-05 1.584763339711830300e-05 1.615438264078906074e-05
4.945403668645274593e+03 1.580274065012860521e-05 1.580275605512860423e-05 1.536657803912250302e-05 1.565735824812656743e-05
4.945503668645274047e+03 1.532024297112726289e-05 1.532025022612726263e-05 1.490567641912156487e-05 1.518205653879203126e-05
4.945603668645273501e+03 1.487428355911762345e-05 1.487428285011762607e-05 1.448315728211144109e-05 1.474390789711556297e-05
4.945703668645272955e+03 1.446539543811156461e-05 1.446538859011156687e-05 1.409390921710620665e-05 1.434156441510978164e-05
4.945803668645272410e+03 1.407935172410533113e-05 1.407934031210533251e-05 1.372555069510050629e-05 1.396141424377038998e-05
4.945903668645271864e+03 1.372116998410098621e-05 1.372116469410098418e-05 1.338445701909616913e-05 1.360893056576604820e-05
4.946003668645271318e+03 1.339124207209602214e-05 1.339123933609602068e-05 1.307065779509132748e-05 1.328437973442778784e-05
4.946103668645270773e+03 1.305332745909834540e-05 1.305332469709834576e-05 1.274828025509382461e-05 1.295164413709684141e-05
4.946203668645270227e+03 1.273592786209526321e-05 1.273591877309526381e-05 1.244224344109185183e-05 1.263803002542745849e-05
4.946303668645269681e+03 1.244694535608673278e-05 1.244694141808673141e-05 1.216734864008250419e-05 1.235374513808532505e-05
4.946403668645269136e+03 1.218821507108000711e-05 1.218822156708000357e-05 1.192420248207518732e-05 1.210021304007839933e-05
4.946503668645268590e+03 1.194792603507648886e-05 1.194792719507649053e-05 1.169568873007274158e-05 1.186384732007524145e-05
4.946603668645268044e+03 1.169044874208196051e-05 1.169044901308196117e-05 1.144903880407851459e-05 1.160997885308081379e-05
4.946703668645267499e+03 1.147469547407064076e-05 1.147469724407064019e-05 1.124402833706712316e-05 1.139780701840280080e-05
4.946803668645266953e+03 1.126839571706754580e-05 1.126840024506754528e-05 1.104643203606469678e-05 1.119440933273326318e-05
4.946903668645266407e+03 1.104677990707457607e-05 1.104678988607457511e-05 1.083360832607161902e-05 1.097572603974025843e-05
4.947003668645265861e+03 1.084213616007072705e-05 1.084214504407072667e-05 1.063966919006702678e-05 1.077465013140282683e-05
4.947103668645265316e+03 1.067549467305759247e-05 1.067548619805759889e-05 1.048142853205469025e-05 1.061080313438996111e-05
4.947203668645264770e+03 1.052784692805237057e-05 1.052783496705237175e-05 1.033979450405023758e-05 1.046515879971832833e-05
4.947303668645264224e+03 1.036347953805830050e-05 1.036347358005829900e-05 1.018571506605465222e-05 1.030422272805708391e-05
4.947403668645263679e+03 1.022666069704977579e-05 1.022665362104977426e-05 1.005652207804699934e-05 1.016994546538218370e-05
4.947503668645263133e+03 1.010412599404569194e-05 1.010411504004569477e-05 9.938914165843856010e-06 1.004905173331174814e-05
4.947603668645262587e+03 9.976520120447583472e-06 9.976525868547577504e-06 9.814640021046341418e-06 9.922562003347169159e-06
4.947703668645262042e+03 9.857911721545308532e-06 9.857924936945304780e-06 9.701831269443092086e-06 9.805889309311235133e-06
4.947803668645261496e+03 9.736425563246405430e-06 9.736422655846412269e-06 9.583681185945132144e-06 9.685509801679317179e-06
4.947903668645260950e+03 9.644505786835948008e-06 9.644506578735945936e-06 9.494776110634768265e-06 9.594596158735555199e-06
4.948003668645260404e+03 9.563470927132428618e-06 9.563470590132428772e-06 9.421328580929392318e-06 9.516090032731416005e-06
4.948103668645259859e+03 9.461873259740657122e-06 9.461869329540658599e-06 9.322314090539624953e-06 9.415352226606980225e-06
4.948203668645259313e+03 9.390741877729113162e-06 9.390735430129112940e-06 9.251888006928823504e-06 9.344455104929017100e-06
4.948303668645258767e+03 9.352688034515576086e-06 9.352674057715576461e-06 9.217966616313882149e-06 9.307776236181676538e-06
4.948403668645258222e+03 9.308602350018443681e-06 9.308597429718439798e-06 9.176011250517553063e-06 9.264403676751478282e-06
4.948503668645257676e+03 9.253530009123540090e-06 9.253546408523532642e-06 9.123491252722449655e-06 9.210189223456507462e-06
4.948603668645257130e+03 9.207571779919645650e-06 9.207576955219650140e-06 9.078394454819277136e-06 9.164514396652857642e-06
4.948703668645256585e+03 9.185593635809594597e-06 9.185589677709597953e-06 9.056060681709749644e-06 9.142414665076313500e-06
4.948803668645256039e+03 9.155673167613060458e-06 9.155670338813061038e-06 9.026819239112764365e-06 9.112720915179629185e-06
4.948903668645255493e+03 9.119341094816191918e-06 9.119341960116190726e-06 8.989234281616748827e-06 9.075972445516374899e-06
4.949003668645254947e+03 9.112040233203319993e-06 9.112040938303320189e-06 8.981593452603474633e-06 9.068558208036704374e-06
4.949103668645254402e+03 9.120899499995971174e-06 9.120903765395970320e-06 8.990193356696089090e-06 9.077332207362677426e-06
4.949203668645253856e+03 9.139092887091561314e-06 9.139096239891561363e-06 9.002797551594153509e-06 9.093662226192425396e-06
4.949303668645253310e+03 9.162185844789288197e-06 9.162187913489288385e-06 9.020855933991625306e-06 9.115076564090067861e-06
4.949403668645252765e+03 9.162320654899935336e-06 9.162318372099938533e-06 9.015909918502338949e-06 9.113516315167404273e-06
4.949503668645252219e+03 9.188320136287466851e-06 9.188319817587468140e-06 9.037725748389484071e-06 9.138121900754806354e-06
4.949603668645251673e+03 9.246476322971966690e-06 9.246475224371967131e-06 9.091643787174010248e-06 9.194865111505981921e-06
4.949703668645251128e+03 9.303474818372007421e-06 9.303473295172007995e-06 9.143182578574687383e-06 9.250043564039567035e-06
4.949803668645250582e+03 9.370163770967246571e-06 9.370158500067247959e-06 9.203749126370253537e-06 9.314690465801581560e-06
4.949903668645250036e+03 9.445300670862416027e-06 9.445295980762412916e-06 9.271544592966086875e-06 9.387380414863640300e-06
4.950003668645249491e+03 9.526889899158445238e-06 9.526895115858440328e-06 9.342986937463613001e-06 9.465590650826832291e-06
4.950103668645248945e+03 9.602072474561708875e-06 9.602069421061712145e-06 9.407912613366931361e-06 9.537351502996782433e-06
4.950203668645248399e+03 9.691440046153671127e-06 9.691422119853679992e-06 9.486356053359334313e-06 9.623072739788894015e-06
4.950303668645247853e+03 9.813089477736935560e-06 9.813079625736931586e-06 9.594968564043694547e-06 9.740379222505853333e-06
4.950403668645247308e+03 9.948558873728539096e-06 9.948558911928534089e-06 9.716512638735883966e-06 9.871210141464317921e-06
4.950503668645246762e+03 1.007827543293039407e-05 1.007826974893039759e-05 9.832660046137675058e-06 9.996401742666156140e-06
4.950603668645246216e+03 1.021886490592455909e-05 1.021886070492455793e-05 9.956719372933430594e-06 1.013148166126084864e-05
4.950703668645245671e+03 1.037480728191490126e-05 1.037480808991489996e-05 1.009789367592296220e-05 1.028250301591758894e-05
4.950803668645245125e+03 1.054705918890600335e-05 1.054705249490600596e-05 1.025200523391590190e-05 1.044870563924263707e-05
4.950903668645244579e+03 1.073876475689364353e-05 1.073874961589364800e-05 1.041970407590696139e-05 1.063240614956475267e-05
4.951003668645244034e+03 1.094911131988138775e-05 1.094910753288138069e-05 1.060620364689483533e-05 1.083480749988586793e-05
4.951103668645243488e+03 1.117969664286997502e-05 1.117971463686996385e-05 1.081013386688500616e-05 1.105651504887498111e-05
4.951203668645242942e+03 1.143187250185550821e-05 1.143188038385551288e-05 1.103756373886968723e-05 1.130043887486023441e-05
4.951303668645242396e+03 1.170126658284564233e-05 1.170125927884565056e-05 1.127760859786245824e-05 1.156004481985124982e-05
4.951403668645241851e+03 1.197358426384148933e-05 1.197359137084148048e-05 1.151733143386046247e-05 1.182150235618114466e-05
4.951503668645241305e+03 1.227329440682281978e-05 1.227328208482283036e-05 1.178295805984296814e-05 1.210984485049620666e-05
4.951603668645240759e+03 1.262058263579469195e-05 1.262058826179468335e-05 1.209539325181529762e-05 1.244552138313488985e-05
4.951703668645240214e+03 1.300145050977137754e-05 1.300145799077137705e-05 1.244041471379289467e-05 1.281444107144521755e-05
4.951803668645239668e+03 1.340052039076045212e-05 1.340051640376045873e-05 1.279704260978592833e-05 1.319935980143561249e-05
4.951903668645239122e+03 1.384821460972719280e-05 1.384823634872717690e-05 1.320246794775294971e-05 1.363297296873577257e-05
4.952003668645238577e+03 1.431932352670863905e-05 1.431935900970863065e-05 1.362810419373676226e-05 1.408892891005134455e-05
4.952103668645238031e+03 1.483245479868265139e-05 1.483247812668265808e-05 1.409227565071292998e-05 1.458573619202607925e-05
4.952203668645237485e+03 1.540603499164004938e-05 1.540603279964006684e-05 1.461478937267209546e-05 1.514228572131740446e-05
4.952303668645236939e+03 1.601193191061977135e-05 1.601186472361980958e-05 1.516855142465248546e-05 1.573078268629735546e-05
4.952403668645236394e+03 1.667902225657529985e-05 1.667899185157527606e-05 1.578226551260928002e-05 1.638009320691994746e-05
4.952503668645235848e+03 1.742153301552052969e-05 1.742151673452052029e-05 1.647249312555429051e-05 1.710518095853177904e-05
4.952603668645235302e+03 1.824018251747136312e-05 1.824015193047137234e-05 1.724146342050344492e-05 1.790726595614872566e-05
4.952703668645234757e+03 1.914062277341035918e-05 1.914061307141034580e-05 1.809346825644207550e-05 1.879156803375426016e-05
4.952803668645234211e+03 2.013604439534816124e-05 2.013611604734811072e-05 1.904767244437515530e-05 1.977327762902381022e-05
4.952903668645233665e+03 2.124593619226310722e-05 2.124591539426316794e-05 2.012668190928361401e-05 2.087284449860329639e-05
4.953003668645233120e+03 2.248529879116587706e-05 2.248529190116586922e-05 2.134853230617766168e-05 2.210637433283646819e-05
4.953103668645232574e+03 2.387510690506462212e-05 2.387509640706462406e-05 2.274502591106012197e-05 2.349840974106312498e-05
4.953203668645232028e+03 2.544132466193164925e-05 2.544131524693165014e-05 2.435451038990213649e-05 2.507905009958847750e-05
4.953303668645231483e+03 2.721630310178925081e-05 2.721629642878924831e-05 2.622237927872588550e-05 2.688499293643479375e-05
4.953403668645230937e+03 2.924336922559885726e-05 2.924342779859881298e-05 2.841199318948650418e-05 2.896626340456139034e-05
4.953503668645230391e+03 3.157003315937061231e-05 3.157006042937063182e-05 3.100868078418150884e-05 3.138292479097425325e-05
4.953603668645229845e+03 3.426759825211086427e-05 3.426760092511087598e-05 3.412375020381848542e-05 3.421964979368007748e-05
4.953703668645229300e+03 3.742134609376271816e-05 3.742136251276270074e-05 3.790400042131826893e-05 3.758223634261456035e-05
4.953803668645228754e+03 4.114165521836078720e-05 4.114165709536080068e-05 4.254404882970832071e-05 4.160912038114330738e-05
4.953903668645228208e+03 4.558200228080960657e-05 4.558209551680954795e-05 4.831943849785037831e-05 4.649451209848983976e-05
4.954003668645227663e+03 5.094064120710107039e-05 5.094062861910115305e-05 5.556139409073078449e-05 5.248088797231100264e-05
4.954103668645227117e+03 5.747861758624299742e-05 5.747857890424301825e-05 6.465411860138417423e-05 5.987043836395672771e-05
4.954203668645226571e+03 6.552866893006960714e-05 6.552860314806961564e-05 7.593065254469267839e-05 6.899597487427730491e-05
4.954303668645226026e+03 7.545738777468560473e-05 7.545739182268554996e-05 8.938840450708579162e-05 8.010106136815232447e-05
4.954403668645225480e+03 8.756618261896943398e-05 8.756613437396947930e-05 1.043011186088783101e-04 9.314447853393907899e-05
4.954503668645224934e+03 1.017874803692646226e-04 1.017873202092647091e-04 1.189696296289270315e-04 1.075148100691521120e-04
4.954603668645224388e+03 1.171843740883771862e-04 1.171844960483769705e-04 1.310601725108730814e-04 1.218096808825423901e-04
4.954703668645223843e+03 1.316478839689502116e-04 1.316478120589503926e-04 1.383599657944231220e-04 1.338852206074412330e-04
4.954803668645223297e+03 1.427792417914959197e-04 1.427792771514958413e-04 1.398165764888871629e-04 1.417916984772929565e-04
4.954903668645222751e+03 1.499585690044498703e-04 1.499586840844498159e-04 1.365838219224991537e-04 1.455003583371329557e-04
4.955003668645222206e+03 1.553292186057992643e-04 1.553290763157994675e-04 1.317930508337471543e-04 1.474837819184486468e-04
4.955103668645221660e+03 1.623779471244867292e-04 1.623781169944864689e-04 1.288397443723099704e-04 1.511986028304277048e-04
4.955203668645221114e+03 1.741853337706572851e-04 1.741853626506574017e-04 1.300946478890070430e-04 1.594884481034405856e-04
4.955303668645220569e+03 1.930036437151098027e-04 1.930037106451097835e-04 1.366455385748165433e-04 1.742176309783453675e-04
4.955403668645220023e+03 2.208130148077426394e-04 2.208131184777425786e-04 1.484259914605714548e-04 1.966840415820188639e-04
4.955503668645219477e+03 2.598745183083816732e-04 2.598744209883818495e-04 1.637240366676170151e-04 2.278243253214601522e-04
4.955603668645218931e+03 3.129087974570713858e-04 3.129089700670711926e-04 1.783328576481748771e-04 2.680502083907724490e-04
4.955703668645218386e+03 3.825254835730156023e-04 3.825256719330155631e-04 1.861389289136103917e-04 3.170633614732138524e-04
4.955803668645217840e+03 4.691344547791066917e-04 4.691343929891068172e-04 1.829264725926295300e-04 3.737317734536143373e-04
4.955903668645217294e+03 5.663604445695318143e-04 5.663598522695322945e-04 1.701955027105366567e-04 4.343052665165335704e-04
4.956003668645216749e+03 6.551794109956820232e-04 6.551799783156810530e-04 1.535248122639489617e-04 4.879614005251040488e-04
4.956103668645216203e+03 7.053022667180604971e-04 7.053021590780610443e-04 1.379792327330075228e-04 5.161945528430430304e-04
4.956203668645215657e+03 6.935745475599196849e-04 6.935744717699195410e-04 1.260208235801147942e-04 5.043899476366514936e-04
4.956303668645215112e+03 6.253070175177427581e-04 6.253072063077425588e-04 1.181973458766173387e-04 4.562705232340341101e-04
4.956403668645214566e+03 5.288811896324368492e-04 5.288813925724368320e-04 1.142728801033551230e-04 3.906784874360761913e-04
4.956503668645214020e+03 4.317578469239164753e-04 4.317576333639168754e-04 1.138786381803406277e-04 3.257980394893913306e-04
4.956603668645213475e+03 3.480179130923529741e-04 3.480179635023527163e-04 1.167384816975290386e-04 2.709247860974115809e-04
4.956703668645212929e+03 2.809348612385712267e-04 2.809348102085712853e-04 1.228021983347056816e-04 2.282239565939494250e-04
4.956803668645212383e+03 2.287951159055239827e-04 2.287952098155238492e-04 1.322486179717521785e-04 1.966129812309333458e-04
4.956903668645211837e+03 1.885914036554680977e-04 1.885916044854680259e-04 1.455333179982800968e-04 1.742387753797387221e-04
4.957003668645211292e+03 1.574828401677272132e-04 1.574828345577274167e-04 1.634059819940700015e-04 1.594572189065082105e-04
4.957103668645210746e+03 1.332021092316415436e-04 1.332021727716414653e-04 1.870017682989689675e-04 1.511353501007506317e-04
4.957203668645210200e+03 1.140431892672506814e-04 1.140431754372507513e-04 2.179764305421104148e-04 1.486875984155373051e-04
4.957303668645209655e+03 9.873867212178017707e-05 9.873869606578014450e-05 2.585827796634380710e-04 1.520200492836661489e-04
4.957403668645209109e+03 8.638317215023725128e-05 8.638311868523734078e-05 3.118524693815515254e-04 1.615395867390087103e-04
4.957503668645208563e+03 7.629220628426945877e-05 7.629227707826933928e-05 3.814253470660910507e-04 1.780032768095432874e-04
4.957603668645208018e+03 6.796503159464925060e-05 6.796490849464943891e-05 4.707159886279785495e-04 2.022153095724257734e-04
4.957703668645207472e+03 6.103400930642979816e-05 6.103402490342967252e-05 5.802330298484028150e-04 2.341003546860874105e-04
4.957803668645206926e+03 5.521651866139679814e-05 5.521649496339683521e-05 7.019109564871212027e-04 2.707813233706382583e-04
4.957903668645206380e+03 5.029077949561433134e-05 5.029071213261437402e-05 8.118770038069859961e-04 3.041528318117382745e-04
4.958003668645205835e+03 4.609645229196730710e-05 4.609641847596727168e-05 8.726171443125474913e-04 3.216033383601606403e-04
4.958103668645205289e+03 4.249769204340397686e-05 4.249772633440391416e-05 8.563184868454165296e-04 3.137713017410747956e-04
4.958203668645204743e+03 3.938530844297222992e-05 3.938517483097239534e-05 7.706478861718128607e-04 2.831394564819191733e-04
4.958303668645204198e+03 3.670107897056335797e-05 3.670101725556329069e-05 6.511120570941529963e-04 2.415047177734265483e-04
4.958403668645203652e+03 3.435738480425947101e-05 3.435732659625947332e-05 5.313740080454352338e-04 2.000295731486513746e-04
4.958503668645203106e+03 3.231356093898897074e-05 3.231343282698903965e-05 4.284178851101927139e-04 1.643482929587235567e-04
4.958603668645202561e+03 3.053171292773402206e-05 3.053164287473396625e-05 3.460512274501558751e-04 1.357048610842079522e-04
4.958703668645202015e+03 2.897069981353331348e-05 2.897035207653358234e-05 2.820837656128322764e-04 1.133416058342997309e-04
4.958803668645201469e+03 2.759578219835052016e-05 2.759603572634992618e-05 2.327687288584399158e-04 9.598684892771347098e-05
4.958903668645200923e+03 2.640768162017782466e-05 2.640827186617748757e-05 1.946452093277937232e-04 8.248705427138301293e-05
4.959003668645200378e+03 2.536035698704778985e-05 2.536022841804850815e-05 1.648897770197686361e-04 7.187012080828831476e-05
4.959103668645199832e+03 2.449120978886953413e-05 2.449200906986860355e-05 1.415046643133955045e-04 6.349596105737787281e-05
4.959203668645199286e+03 2.368805369281081846e-05 2.368859040981108224e-05 1.227188558089649948e-04 5.669849997052897194e-05
4.959303668645198741e+03 2.294557026874956518e-05 2.294454676975114121e-05 1.075119623253519545e-04 5.113402645461756491e-05
4.959403668645198195e+03 2.235507411760149978e-05 2.235513660060039416e-05 9.516171948458037233e-05 4.662397673426075655e-05
4.959503668645197649e+03 2.197995280038552316e-05 2.198027351838525783e-05 8.510856376333191518e-05 4.302293002736757330e-05
4.959603668645197104e+03 2.149293720350051943e-05 2.149255105150124726e-05 7.661917251072478694e-05 3.986822025524218454e-05
4.959703668645196558e+03 2.089916633961563596e-05 2.089851932061590443e-05 6.933349598155395875e-05 3.704372721392850423e-05
4.959803668645196012e+03 2.050098219941284662e-05 2.050072653041244106e-05 6.327124628928548614e-05 3.475765167303692348e-05
4.959903668645195467e+03 2.019382191932126699e-05 2.019271981132214928e-05 5.813038014137693457e-05 3.283897395734011808e-05
4.960003668645194921e+03 1.995106982325610696e-05 1.995164215625434170e-05 5.373185804764049882e-05 3.121152334238364690e-05
4.960103668645194375e+03 1.979308455316667538e-05 1.979260062516778883e-05 4.997831728096003786e-05 2.985466748643150295e-05
4.960203668645193829e+03 1.971033547208805576e-05 1.971118852808663045e-05 4.676570059041856809e-05 2.872907486353108703e-05
4.960303668645193284e+03 1.968138200803080923e-05 1.968192025503114442e-05 4.398052704996372646e-05 2.778127643767523122e-05
4.960403668645192738e+03 1.975870161091702152e-05 1.975844394991787674e-05 4.161772554253576463e-05 2.704495703445688537e-05
4.960503668645192192e+03 1.994547464879785868e-05 1.994442680279871102e-05 3.961144026717139751e-05 2.650044723958931676e-05
4.960603668645191647e+03 2.048938556241132662e-05 2.048918703341040624e-05 3.809951549763635365e-05 2.635936269781936217e-05
4.960703668645191101e+03 2.061313337586494229e-05 2.061371917086408665e-05 3.664584995958651732e-05 2.595756750210517983e-05
4.960803668645190555e+03 2.024032280540688543e-05 2.023999999540787459e-05 3.482074200099190785e-05 2.510035493393555483e-05
4.960903668645190010e+03 2.024303644499701670e-05 2.024320747999647002e-05 3.342667878453414975e-05 2.463764090317587544e-05
4.961003668645189464e+03 2.035710022087343479e-05 2.035717327687354395e-05 3.224088433231573942e-05 2.431838594335423374e-05
4.961103668645188918e+03 2.055557788277977111e-05 2.055578861777961874e-05 3.121107468114266153e-05 2.410748039390068605e-05
4.961203668645188372e+03 2.078108816174772480e-05 2.078131975674770443e-05 3.012254393421771577e-05 2.389498395090438167e-05
4.961303668645187827e+03 2.116406643257157078e-05 2.116341484157255917e-05 2.942784876277713767e-05 2.391844334564042254e-05
4.961403668645187281e+03 2.167257466742651787e-05 2.167149717042699911e-05 2.935408681508318543e-05 2.423271955097890080e-05
4.961503668645186735e+03 2.221722055638080748e-05 2.221729186537950497e-05 2.917529626920325987e-05 2.453660289698786083e-05
4.961603668645186190e+03 2.281818528131678248e-05 2.281760796131751819e-05 2.906329773312732619e-05 2.489969699192054567e-05
4.961703668645185644e+03 2.352598568818888952e-05 2.352474525218964865e-05 2.907105838299110586e-05 2.537392977445655253e-05
4.961803668645185098e+03 2.429898764311416983e-05 2.429820919711363873e-05 2.917356998088252662e-05 2.592358894037011060e-05
4.961903668645184553e+03 2.517526660298784704e-05 2.517414290698824486e-05 2.940290132373511023e-05 2.658410361123706738e-05
4.962003668645184007e+03 2.616265425985052825e-05 2.616421929784739733e-05 2.976606529057722119e-05 2.736431294942504893e-05
4.962103668645183461e+03 2.726686059271453579e-05 2.726749653171561710e-05 3.026533380641877453e-05 2.826656364361630801e-05
4.962203668645182915e+03 2.849609870455779848e-05 2.849731736555711483e-05 3.092062298723118800e-05 2.930467968578203490e-05
4.962303668645182370e+03 2.986931818538887266e-05 2.986980807538972541e-05 3.175786876001770873e-05 3.049899834026543221e-05
4.962403668645181824e+03 3.145113323512975089e-05 3.145069028313085882e-05 3.293908171160339632e-05 3.194696840995467319e-05
4.962503668645181278e+03 3.302948149511949664e-05 3.303037901311790163e-05 3.398414018575487576e-05 3.334800023133075575e-05
4.962603668645180733e+03 3.470209858100718200e-05 3.470214059100819646e-05 3.486101155195526482e-05 3.475508357465688109e-05
4.962703668645180187e+03 3.660554365271485259e-05 3.660334300171754564e-05 3.611008726750044120e-05 3.643965797397761088e-05
4.962803668645179641e+03 3.868468408350392523e-05 3.868455429750143702e-05 3.757959324023580570e-05 3.831627720708038706e-05
4.962903668645179096e+03 4.090165775331829003e-05 4.090114279231875442e-05 3.923217613900098781e-05 4.034499222821267742e-05
4.963003668645178550e+03 4.287316500759728145e-05 4.287248468159748151e-05 4.083290310404915610e-05 4.219285093108129958e-05
4.963103668645178004e+03 4.642935288666598652e-05 4.642877479466586774e-05 4.362919435959209232e-05 4.549577401364131779e-05
4.963203668645177459e+03 5.076916935567149633e-05 5.076994177466984045e-05 4.694570423292793247e-05 4.949493845442308975e-05
4.963303668645176913e+03 5.507090623971825022e-05 5.507179854471810432e-05 5.039120308276955355e-05 5.351130262240197388e-05
4.963403668645176367e+03 5.979554652415603545e-05 5.979610813515644311e-05 5.427146120920045856e-05 5.795437195617097678e-05
4.963503668645175821e+03 6.507212725942534504e-05 6.507325574242463857e-05 5.870002565648197476e-05 6.294846955277731042e-05
4.963603668645175276e+03 7.104236209956104415e-05 7.104164467856334021e-05 6.380855604463473037e-05 6.863085427425303373e-05
4.963703668645174730e+03 7.783492442647463262e-05 7.783438281247441514e-05 6.972955016156853335e-05 7.513295246683918919e-05
4.963803668645174184e+03 8.562525679722232902e-05 8.562470310822235223e-05 7.664414214432148018e-05 8.263136734992204929e-05
4.963903668645173639e+03 9.462249776262570333e-05 9.462248603262502487e-05 8.477393734272233028e-05 9.133964037932435734e-05
4.964003668645173093e+03 1.050773424266879269e-04 1.050769533566884152e-04 9.438354884976416078e-05 1.015126148777134964e-04
4.964103668645172547e+03 1.172576183944909478e-04 1.172569478944912960e-04 1.057536488555225362e-04 1.134227383815015978e-04
4.964203668645172002e+03 1.318337253013077929e-04 1.318333803813073811e-04 1.195621562222921468e-04 1.277430873016357691e-04
4.964303668645171456e+03 1.493240915375705689e-04 1.493240335275702283e-04 1.362833049585570060e-04 1.449771433412326191e-04
4.964403668645170910e+03 1.702196356630137806e-04 1.702193471630140660e-04 1.562776843441776207e-04 1.655722223900684981e-04
4.964503668645170364e+03 1.955148841371015696e-04 1.955144223171017930e-04 1.802161814988661450e-04 1.904151626510231692e-04
4.964603668645169819e+03 2.264037791198265915e-04 2.264047347898247525e-04 2.086058723030770193e-04 2.204714620709094454e-04
4.964703668645169273e+03 2.644384108901870869e-04 2.644386285701880645e-04 2.418402741164738250e-04 2.569057711922829740e-04
4.964803668645168727e+03 3.116215590582055352e-04 3.116216505482056814e-04 2.796369708504986714e-04 3.009600601523032960e-04
4.964903668645168182e+03 3.700268453029770537e-04 3.700263002729778394e-04 3.203693475362834786e-04 3.534741643707460697e-04
4.965003668645167636e+03 4.417300266547880645e-04 4.417292553047883494e-04 3.608331856362696137e-04 4.147641558652819731e-04
4.965103668645167090e+03 5.275987594459781091e-04 5.275984560559774869e-04 3.958686704834777238e-04 4.836886286618111066e-04
4.965203668645166545e+03 6.251996887895117571e-04 6.251989461195123655e-04 4.197660705480501684e-04 5.567215684856913942e-04
4.965303668645165999e+03 7.259401930953142661e-04 7.259400226453134727e-04 4.291374975874708009e-04 6.270059044426995855e-04
4.965403668645165453e+03 8.135897702020191118e-04 8.135901264320183866e-04 4.250404505955148490e-04 6.840734490765173949e-04
4.965503668645164908e+03 8.676513002767386861e-04 8.676512162467392561e-04 4.122674250173093396e-04 7.158566471802624634e-04
4.965603668645164362e+03 8.729690618827936179e-04 8.729683804227945107e-04 3.965696110012728419e-04 7.141690177689536930e-04
4.965703668645163816e+03 8.295375301092510747e-04 8.295375386092501734e-04 3.823715660993695859e-04 6.804822116059569808e-04
4.965803668645163270e+03 7.532127391441255284e-04 7.532132964141246634e-04 3.721662935739224426e-04 6.261974430440575990e-04
4.965903668645162725e+03 6.659563135798325564e-04 6.659564654498330728e-04 3.669317219771888361e-04 5.662815003356180647e-04
4.966003668645162179e+03 5.850031571219122244e-04 5.850027567919129307e-04 3.667328536402748797e-04 5.122462558513667325e-04
4.966103668645161633e+03 5.189722684612831831e-04 5.189722838512826793e-04 3.711652220138725788e-04 4.697032581088127776e-04
4.966203668645161088e+03 4.695967811387072874e-04 4.695968587287072506e-04 3.796020741882598533e-04 4.395985713518914457e-04
4.966303668645160542e+03 4.347884978784366918e-04 4.347877271984378154e-04 3.912638364337723803e-04 4.202800205035489805e-04
4.966403668645159996e+03 4.109734962733558217e-04 4.109732731833550304e-04 4.052796625703691011e-04 4.090754773423600386e-04
4.966503668645159451e+03 3.943293994734634348e-04 3.943290098634636819e-04 4.206154427483809236e-04 4.030912840284359773e-04
4.966603668645158905e+03 3.816171328179207263e-04 3.816171629679201397e-04 4.360871207581892969e-04 3.997738055146766848e-04
4.966703668645158359e+03 3.706454980155666785e-04 3.706451532655671887e-04 4.504469281196261466e-04 3.972458598002533560e-04
4.966803668645157813e+03 3.603081321546667604e-04 3.603081273646662787e-04 4.623301694531398881e-04 3.943154763241576424e-04
4.966903668645157268e+03 3.505393574439489234e-04 3.505396248139485446e-04 4.704854773983549844e-04 3.905214865520841689e-04
4.967003668645156722e+03 3.419198799823862118e-04 3.419195995523870027e-04 4.738853921751143305e-04 3.859082905699624789e-04
4.967103668645156176e+03 3.352859292595330369e-04 3.352855051195332225e-04 4.718346487429469181e-04 3.808020277073377439e-04
4.967203668645155631e+03 3.314521068755440429e-04 3.314516861355440739e-04 4.641450607211199272e-04 3.756829512440693119e-04
4.967303668645155085e+03 3.309038590907928206e-04 3.309034001907928979e-04 4.511138641888443480e-04 3.709737078234767249e-04
4.967403668645154539e+03 3.335125152062038724e-04 3.335124994462033087e-04 4.334709999356737404e-04 3.668320048626936224e-04
4.967503668645153994e+03 3.381839484531596360e-04 3.381837570531599454e-04 4.121959644511527499e-04 3.628545566524907771e-04
4.967603668645153448e+03 3.426539310334546511e-04 3.426545392934534978e-04 3.884072659048334810e-04 3.579052454105804710e-04
4.967703668645152902e+03 3.436827335884841688e-04 3.436826039784852743e-04 3.632018191671372337e-04 3.501890522447022617e-04
4.967803668645152356e+03 3.380696581582702119e-04 3.380699574982696143e-04 3.375285941578264797e-04 3.378894032714554172e-04
4.967903668645151811e+03 3.242285881005190482e-04 3.242283476105198769e-04 3.121591282576096152e-04 3.202053546562161259e-04
4.968003668645151265e+03 3.030846173115377845e-04 3.030845411415374643e-04 2.876591623665434466e-04 2.979427736065395470e-04
4.968103668645150719e+03 2.774746056881991331e-04 2.774742928381995375e-04 2.644111588446760599e-04 2.731200191236915768e-04
4.968203668645150174e+03 2.506310086402832788e-04 2.506309490302828578e-04 2.426506185626552960e-04 2.479708587444070991e-04
4.968303668645149628e+03 2.249911344584768923e-04 2.249912302784766677e-04 2.224846280702624172e-04 2.241556642690720105e-04
4.968403668645149082e+03 2.018832728348873373e-04 2.018834457748872502e-04 2.039382574380005754e-04 2.025683253492584148e-04
4.968503668645148537e+03 1.817693836205500947e-04 1.817696099905500152e-04 1.869883047357445520e-04 1.835090994489482297e-04
4.968603668645147991e+03 1.645831684261033791e-04 1.645830242361039477e-04 1.715657398734246402e-04 1.669106441785439890e-04
4.968703668645147445e+03 1.500303389522360145e-04 1.500304693922356093e-04 1.575906678013532381e-04 1.525504920486082873e-04
4.968803668645146900e+03 1.377338643687884222e-04 1.377339226087885115e-04 1.449611063692973593e-04 1.401429644489580616e-04
4.968903668645146354e+03 1.273324075459875105e-04 1.273324344059875745e-04 1.335804259874926272e-04 1.294150893131559041e-04
4.969003668645145808e+03 1.185118663236378042e-04 1.185117544636380121e-04 1.233608834458008738e-04 1.201281680776922255e-04
4.969103668645145262e+03 1.110061224716049340e-04 1.110059542916050324e-04 1.142177621641365660e-04 1.120766129757821684e-04
4.969203668645144717e+03 1.045900236999785436e-04 1.045898829599785129e-04 1.060711850026698486e-04 1.050836972208756215e-04
4.969303668645144171e+03 9.908440481456254280e-05 9.908461386356199447e-05 9.885562399722189620e-05 9.900821422511546879e-05
4.969403668645143625e+03 9.433107987143577475e-05 9.433106987643611447e-05 9.250188049693935770e-05 9.372134341493707779e-05
4.969503668645143080e+03 9.019979168350028597e-05 9.019986678150013974e-05 8.695117712473360999e-05 8.911694519657799383e-05
4.969603668645142534e+03 8.658632357168553233e-05 8.658651543168534358e-05 8.215615358354460857e-05 8.510966419563849934e-05
4.969703668645141988e+03 8.339351771905267950e-05 8.339344150105310288e-05 7.806386817147613040e-05 8.161694246386064211e-05
4.969803668645141443e+03 8.053021590153123469e-05 8.053027426353101081e-05 7.461740381345410454e-05 7.855929799283878335e-05
4.969903668645140897e+03 7.791207212716708152e-05 7.791198282116731173e-05 7.175214232456039460e-05 7.585873242429827165e-05
4.970003668645140351e+03 7.545878288892700781e-05 7.545861413292712452e-05 6.938825686778388635e-05 7.343521796321266838e-05
4.970103668645139805e+03 7.307303661681888065e-05 7.307292304281880896e-05 6.740500510717460745e-05 7.118365492227076569e-05
4.970203668645139260e+03 7.064802648790379457e-05 7.064810541190348159e-05 6.564030519184082223e-05 6.897881236388269494e-05
4.970303668645138714e+03 6.806289031116155911e-05 6.806267616016204044e-05 6.388124824683173546e-05 6.666893823938511618e-05
4.970403668645138168e+03 6.515723993870395554e-05 6.515732612070346708e-05 6.185183663228541065e-05 6.405546756389760205e-05
4.970503668645137623e+03 6.176539594152190814e-05 6.176531877552216248e-05 5.926484831421160174e-05 6.093185434375189530e-05
4.970603668645137077e+03 5.774230373254957935e-05 5.774222254054958383e-05 5.588679397649946244e-05 5.712377341653286617e-05
4.970703668645136531e+03 5.303261624871017944e-05 5.303255128871016064e-05 5.164493285194430688e-05 5.257003346312155576e-05
4.970803668645135986e+03 4.773401972767428138e-05 4.773391341767434785e-05 4.676732998398507762e-05 4.741175437644456895e-05
4.970903668645135440e+03 4.254784700853740231e-05 4.254777897353733752e-05 4.165853877341002082e-05 4.225138825182825581e-05
4.971003668645134894e+03 3.770109932402273124e-05 3.770104215602270852e-05 3.688966352789382192e-05 3.743060166931308497e-05
4.971103668645134348e+03 3.349273981596601361e-05 3.349269314996599701e-05 3.274097902786723453e-05 3.324213733126641279e-05
4.971203668645133803e+03 2.997717987985121249e-05 2.997714190885119407e-05 2.927608536876688438e-05 2.974346905248976365e-05
4.971303668645133257e+03 2.708142839781961620e-05 2.708139717781960840e-05 2.642562104174424071e-05 2.686281553912782177e-05
4.971403668645132711e+03 2.469332105299642594e-05 2.469329500699641680e-05 2.407869495592751376e-05 2.448843700530678211e-05
4.971503668645132166e+03 2.270605821434370098e-05 2.270603615734369265e-05 2.212900392728048201e-05 2.251369943298929527e-05
4.971603668645131620e+03 2.103215931881644490e-05 2.103214036781643831e-05 2.048936551575880030e-05 2.085122173413056230e-05
4.971703668645131074e+03 1.960406216541585498e-05 1.960404566741585041e-05 1.909248875136304352e-05 1.943353219473158071e-05
4.971803668645130529e+03 1.837065800908650046e-05 1.837064347408649633e-05 1.788754181703836193e-05 1.820961443340378511e-05
4.971903668645129983e+03 1.729339228583216684e-05 1.729337934083216192e-05 1.683624701678799489e-05 1.714100621448410788e-05
4.972003668645129437e+03 1.634300652862501462e-05 1.634299488962501592e-05 1.590961138658440838e-05 1.619853760161147851e-05
4.972103668645128892e+03 1.549706979744642517e-05 1.549705924144642542e-05 1.508544993040919239e-05 1.535985965643401659e-05
4.972203668645128346e+03 1.473817780630449389e-05 1.473816815930449140e-05 1.434658062827007436e-05 1.460764219795968768e-05
4.972303668645127800e+03 1.405265579417837464e-05 1.405264691817837421e-05 1.367952626114663022e-05 1.392827632450112692e-05
4.972403668645127254e+03 1.342962485307662215e-05 1.342961663607662167e-05 1.307358159704709643e-05 1.331094102873344675e-05
4.972503668645126709e+03 1.286032615998894745e-05 1.286031851198894850e-05 1.252013949496140453e-05 1.274692805564643236e-05
4.972603668645126163e+03 1.233762760990799723e-05 1.233762045690799807e-05 1.201219983588235876e-05 1.222914930089945248e-05
4.972703668645125617e+03 1.185565989484162490e-05 1.185565317684162488e-05 1.154400798681757049e-05 1.175177368616693952e-05
4.972803668645125072e+03 1.140954512877901959e-05 1.140953879377901725e-05 1.111078569375650553e-05 1.130995653877151469e-05
4.972903668645124526e+03 1.099519222172732415e-05 1.099518622672732432e-05 1.070852853270609238e-05 1.089963566038691192e-05
4.973003668645123980e+03 1.060914089768115617e-05 1.060913520568115712e-05 1.033385175366108726e-05 1.051737595234113182e-05
4.973103668645123435e+03 1.024844152963642432e-05 1.024843610963642457e-05 9.983871723417512970e-06 1.016024978756345395e-05
4.973203668645122889e+03 9.910561616874501509e-06 9.910556443074453455e-06 9.656113769532179836e-06 9.825743943160379396e-06
4.973303668645122343e+03 9.593312288014725471e-06 9.593307337114680586e-06 9.348439859682591661e-06 9.511686494937333702e-06
4.973403668645121797e+03 9.294790021935970184e-06 9.294785273935928820e-06 9.058991322405067747e-06 9.216188872758990046e-06
4.973503668645121252e+03 9.013330005595700546e-06 9.013325443095662873e-06 8.786143050457938760e-06 8.937599499716434624e-06
4.973603668645120706e+03 8.747468516048080377e-06 8.747464123848046932e-06 8.528466600696425119e-06 8.674466413530851374e-06
4.973703668645120160e+03 8.495912334963706127e-06 8.495908099363674542e-06 8.284700215891734366e-06 8.425506883406370549e-06
4.973803668645119615e+03 8.257513697710698925e-06 8.257509606910670152e-06 8.053724288812738786e-06 8.189582531144702621e-06
4.973903668645119069e+03 8.031249633461847487e-06 8.031245676861820831e-06 7.834541139132864275e-06 7.965678816485510864e-06
4.974003668645118523e+03 7.816204813499672577e-06 7.816200981599646681e-06 7.626258232735004625e-06 7.752888009278107961e-06
4.974103668645117978e+03 7.611557223001337085e-06 7.611553507201312743e-06 7.428074170296886935e-06 7.550394966833178356e-06
4.974203668645117432e+03 7.416566122754266739e-06 7.416562515454245066e-06 7.239266918206206719e-06 7.357465185471572559e-06
4.974303668645116886e+03 7.230561876842177805e-06 7.230558371042158248e-06 7.059183867347073580e-06 7.173434705077137392e-06
4.974403668645116340e+03 7.052937312950865304e-06 7.052933902550846072e-06 6.887233392005635205e-06 6.997701535835781911e-06
4.974503668645115795e+03 6.883140348172524985e-06 6.883137027372507263e-06 6.722877644674246956e-06 6.829718340073092221e-06
4.974603668645115249e+03 6.720667663894161854e-06 6.720664427594145021e-06 6.565626379340249274e-06 6.668986156942852050e-06
4.974703668645114703e+03 6.565059258510063184e-06 6.565056101910047053e-06 6.415031630098039995e-06 6.515048996839383975e-06
4.974803668645114158e+03 6.415893734110903069e-06 6.415890652910887614e-06 6.270683108838531361e-06 6.367489165286774015e-06
4.974903668645113612e+03 6.272784203888425625e-06 6.272781194088411256e-06 6.132204208353676427e-06 6.225923202110171103e-06
4.975003668645113066e+03 6.135374723339049978e-06 6.135371781339036553e-06 5.999248517139957593e-06 6.089998340606014426e-06
4.975103668645112521e+03 6.003337168454611813e-06 6.003334290754599056e-06 5.871496770689429295e-06 5.959389409966213106e-06
4.975203668645111975e+03 5.876368494132504362e-06 5.876365677732492155e-06 5.748654174899529200e-06 5.833796115588175804e-06
4.975303668645111429e+03 5.754188320366910835e-06 5.754185562266899062e-06 5.630448047864591760e-06 5.712940643499466654e-06
4.975403668645110884e+03 5.636536798452622244e-06 5.636534095952611223e-06 5.516625736879544630e-06 5.596565543761593546e-06
4.975503668645110338e+03 5.523172720488062976e-06 5.523170071188052614e-06 5.406952772342831778e-06 5.484431854672983021e-06
4.975603668645109792e+03 5.413871839967708857e-06 5.413869241467698213e-06 5.301211226549083200e-06 5.376317435994830372e-06
4.975703668645109246e+03 5.308425374290466023e-06 5.308422824490456287e-06 5.199198252397217088e-06 5.272015483726047031e-06
4.975803668645108701e+03 5.206638667952458079e-06 5.206636164652448882e-06 5.100724777183460263e-06 5.171333203262788792e-06
