8957.3308910728    7.4135856359e-06    7.4135855151e-06    7.4047424186e-06    7.410637856533333e-06
8957.4308910528    7.130888179738904e-06    7.130888026538911e-06    7.122000460347805e-06    7.127925555541874e-06
8957.5308910328    6.853720265066015e-06    6.853720230665967e-06    6.8447888219835044e-06    6.850743105905163e-06
8957.630891012801    6.581512233223123e-06    6.581512189523129e-06    6.57253634604979e-06    6.578520256265347e-06
8957.730890992802    6.316932221961809e-06    6.316932200761791e-06    6.307910856998192e-06    6.313925093240597e-06
8957.830890972802    6.061878450246478e-06    6.061878352846554e-06    6.052809874193688e-06    6.058855559095574e-06
8957.930890952803    5.81217808563278e-06    5.812177869632923e-06    5.803060834291189e-06    5.8091389298522965e-06
8958.030890932803    5.5719939519499135e-06    5.5719937316499195e-06    5.562825594821459e-06    5.568937759473764e-06
8958.130890912804    5.345315101478244e-06    5.345314991678067e-06    5.336093535163377e-06    5.342241209439896e-06
8958.230890892804    5.1304134261150595e-06    5.130413278215128e-06    5.121136095015434e-06    5.127320933115207e-06
8958.330890872805    4.924790507334057e-06    4.9247903362341025e-06    4.915455384249637e-06    4.921678742605933e-06
8958.430890852806    4.730015559393306e-06    4.73001535019339e-06    4.720619422127533e-06    4.726883443904743e-06
8958.530890832806    4.545027026361091e-06    4.545026885260927e-06    4.53556712951411e-06    4.54187368037871e-06
8958.630890812807    4.371203110431099e-06    4.371202984831058e-06    4.361676155205446e-06    4.368027416822535e-06
8958.730890792807    4.20730664369931e-06    4.207306443599519e-06    4.197709734395178e-06    4.204107607231335e-06
8958.830890772808    4.052379893366899e-06    4.0523797379667645e-06    4.0427102463851065e-06    4.0491566259062564e-06
8958.930890752808    3.907054954226958e-06    3.907054777827025e-06    3.897309152870645e-06    3.9038062949748764e-06
8959.030890732809    3.7685966471457295e-06    3.7685964150459185e-06    3.7587719073141134e-06    3.7653216565019204e-06
8959.13089071281    3.642840582910116e-06    3.6428404266098434e-06    3.632933525006454e-06    3.6395381781754708e-06
8959.23089069281    3.5217170975577955e-06    3.5217168810580245e-06    3.5117247339819492e-06    3.51838623753259e-06
8959.33089067281    3.407469859175795e-06    3.407469782075237e-06    3.3973891380292155e-06    3.4041095930934156e-06
8959.430890652811    3.3032739103106944e-06    3.303273800510832e-06    3.2931014779958706e-06    3.2998830629391327e-06
8959.530890632812    3.202920525742938e-06    3.2029203340432988e-06    3.192653262060185e-06    3.199498040615474e-06
8959.630890612812    3.1089987307288105e-06    3.108998558528721e-06    3.0986333963799242e-06    3.1055435618791525e-06
8959.730890592813    3.0185014983755483e-06    3.0185012938757032e-06    3.008035275859799e-06    3.01501268937035e-06
8959.830890572814    2.9352287618516153e-06    2.935228605651374e-06    2.924658530771644e-06    2.9317052994248777e-06
8959.930890552814    2.857653822978293e-06    2.8576536503783785e-06    2.8469763992356794e-06    2.8540946241974505e-06
8960.030890532815    2.7818842102447215e-06    2.7818840690445524e-06    2.7710967024391596e-06    2.7782883272428107e-06
8960.130890512815    2.7119784177618413e-06    2.711978177062398e-06    2.701077229798433e-06    2.708344608207558e-06
8960.230890492816    2.6449987436718922e-06    2.644998566671523e-06    2.633980583550313e-06    2.641325964631243e-06
8960.330890472816    2.5813976588954906e-06    2.5813974458957063e-06    2.5702594330158644e-06    2.5776848459356867e-06
8960.430890452817    2.5225950528657787e-06    2.5225949053653726e-06    2.5113334412307488e-06    2.518841133153967e-06
8960.530890432818    2.4691285333761274e-06    2.4691283167765696e-06    2.45774066168417e-06    2.465332503945622e-06
8960.630890412818    2.416924723135822e-06    2.416924509235804e-06    2.4054065591957278e-06    2.4130852638557843e-06
8960.730890392819    2.364505003044687e-06    2.364504867944151e-06    2.3528529708549673e-06    2.3606209472812685e-06
8960.83089037282    2.3157633671815294e-06    2.3157631902818223e-06    2.30397444823971e-06    2.3118336685676876e-06
8960.93089035282    2.2711725665445466e-06    2.2711723960445003e-06    2.259243100856455e-06    2.267196021148501e-06
8961.03089033282    2.2312160054701493e-06    2.2312157991704147e-06    2.219141851140816e-06    2.2271912185937935e-06
8961.130890312821    2.1917679756968645e-06    2.1917677386970975e-06    2.179545843221468e-06    2.1876938525384766e-06
8961.230890292822    2.1513639621429476e-06    2.1513637006431393e-06    2.138990125126212e-06    2.147239262637433e-06
8961.330890272822    2.113886757108893e-06    2.1138867331069932e-06    2.1013569792563844e-06    2.109710156490757e-06
8961.430890252823    2.0797879038025127e-06    2.079787656104347e-06    2.0670981329144187e-06    2.075557897607093e-06
8961.530890232823    2.049464496809303e-06    2.04946421260961e-06    2.036610739286753e-06    2.0451798162352223e-06
8961.630890212824    2.0177623374312283e-06    2.0177622041299303e-06    2.004740301178386e-06    2.013421614246515e-06
8961.730890192825    1.986986358921252e-06    1.9869862744208227e-06    1.973792340034659e-06    1.9825883244589117e-06
8961.830890172825    1.961154361080948e-06    1.9611541649819523e-06    1.9477838508693246e-06    1.956697458977408e-06
8961.930890152826    1.934196918801576e-06    1.9341967887009687e-06    1.920645215568505e-06    1.929679641023683e-06
8962.030890132826    1.9097993135308947e-06    1.9097992113306322e-06    1.8960615581797364e-06    1.9052200276804213e-06
8962.130890112827    1.886162608806073e-06    1.8861623850072403e-06    1.8722338304398438e-06    1.8815196080843855e-06
8962.230890092827    1.862554347554692e-06    1.8625540616553008e-06    1.8484291583794666e-06    1.857845855863153e-06
8962.330890072828    1.8411546066910795e-06    1.8411541949923373e-06    1.8268281243039544e-06    1.8363789753291237e-06
8962.430890052829    1.8194855976176853e-06    1.8194853500160116e-06    1.8049533907160164e-06    1.8146414461165712e-06
8962.53089003283    1.8010288179448191e-06    1.8010284302462759e-06    1.7862851707437376e-06    1.7961141396449444e-06
8962.63089001283    1.7835319700613748e-06    1.783531818758869e-06    1.7685707834672294e-06    1.7785448574291577e-06
8962.73088999283    1.7654647630205904e-06    1.7654645587211626e-06    1.7502799843353198e-06    1.760403102025691e-06
8962.83088997283    1.7503800144271402e-06    1.750379704228305e-06    1.7349656591524113e-06    1.745241792602619e-06
8962.930889952831    1.7360598999806582e-06    1.7360596307801992e-06    1.720410381014418e-06    1.730843303925092e-06
8963.030889932832    1.7215478589326723e-06    1.721547727131106e-06    1.7056564486901567e-06    1.7162506782513117e-06
8963.130889912833    1.7093125354255309e-06    1.7093122045278403e-06    1.6931724364102419e-06    1.7039323921212044e-06
8963.230889892833    1.697686532383003e-06    1.6976862030829841e-06    1.6812907603998623e-06    1.6922211652886164e-06
8963.330889872834    1.6856611879000684e-06    1.6856607726011001e-06    1.6690024869551268e-06    1.6801081491520986e-06
8963.430889852834    1.6756886722609513e-06    1.675688141562359e-06    1.6587592561635838e-06    1.670045356662298e-06
8963.530889832835    1.6660300424636111e-06    1.6660296805615182e-06    1.648822767708963e-06    1.6602941635780306e-06
8963.630889812835    1.6555052710085824e-06    1.6555048743090209e-06    1.6380118472139617e-06    1.6496739975105217e-06
8963.730889792836    1.6454383031535803e-06    1.6454377968549832e-06    1.6276500244276215e-06    1.6395087081453949e-06
8963.830889772837    1.6381264801505253e-06    1.6381262042475301e-06    1.6200352881882862e-06    1.6320959908621138e-06
8963.930889752837    1.630207263030813e-06    1.6302070198303814e-06    1.611803520456366e-06    1.6240726011058534e-06
8964.030889732838    1.624582765265752e-06    1.6245823352682552e-06    1.6058572033780118e-06    1.6183407679706733e-06
8964.130889712838    1.6198923261880301e-06    1.6198920146864188e-06    1.6008351682976125e-06    1.6135398363906871e-06
8964.230889692839    1.613924177558425e-06    1.6139238962580083e-06    1.5945248205806444e-06    1.6074576314656924e-06
8964.33088967284    1.6084206182475396e-06    1.6084204773455742e-06    1.5886691374771338e-06    1.601836744356749e-06
8964.43088965284    1.6058866435808313e-06    1.605886515380651e-06    1.5857713336470614e-06    1.5991814975361812e-06
8964.53088963284    1.6037841211753848e-06    1.6037835648815494e-06    1.583292620292385e-06    1.5969534354497729e-06
8964.630889612841    1.600361311071915e-06    1.6003608214709412e-06    1.5794816825384234e-06    1.59340127169376e-06
8964.730889592842    1.5978765690729645e-06    1.597876111272494e-06    1.5765969698923695e-06    1.5907832167459425e-06
8964.830889572842    1.5976949983229722e-06    1.5976947078204627e-06    1.5760022309203215e-06    1.590463979021252e-06
8964.930889552843    1.5982403544106565e-06    1.5982400961101672e-06    1.57611973541382e-06    1.5908667286448812e-06
8965.030889532844    1.5956845550589302e-06    1.595684123261602e-06    1.573121445873091e-06    1.5881633747312076e-06
8965.130889512844    1.597912461944472e-06    1.5979119879451303e-06    1.574892289974456e-06    1.5902389132880192e-06
8965.230889492845    1.6004591458634278e-06    1.6004586609636e-06    1.5769657104407877e-06    1.5926278390892719e-06
8965.330889472845    1.6025362150679607e-06    1.6025357309679479e-06    1.578551387130021e-06    1.5945411110553099e-06
8965.430889452846    1.6067936259313336e-06    1.6067932597294237e-06    1.5823010842560674e-06    1.5986293233056082e-06
8965.530889432846    1.6092639492883111e-06    1.6092637811850623e-06    1.5842457956081104e-06    1.6009245086938282e-06
8965.630889412847    1.6127475696732397e-06    1.6127471561773132e-06    1.587183736731268e-06    1.6042261541939403e-06
8965.730889392848    1.6188211200664576e-06    1.6188209772619098e-06    1.592690681385176e-06    1.6101109262378476e-06
8965.830889372848    1.623946609169445e-06    1.6239463338716973e-06    1.5972271437826193e-06    1.615040028941254e-06
8965.930889352849    1.6297050156580316e-06    1.629704284865866e-06    1.6023748610615946e-06    1.6205947205284974e-06
8966.03088933285    1.6383627717584164e-06    1.6383622975539517e-06    1.610398068299263e-06    1.6290410458705437e-06
8966.13088931285    1.6466971919184032e-06    1.6466964686227873e-06    1.6180722525382386e-06    1.6371553043598097e-06
8966.23088929285    1.6533067197542094e-06    1.653305733558889e-06    1.623994100394582e-06    1.64353551790256e-06
8966.330889272851    1.66189398873294e-06    1.661893573322666e-06    1.631866424101596e-06    1.6518846620524007e-06
8966.430889252852    1.675580722706837e-06    1.6755802666075777e-06    1.6448073911794195e-06    1.6653227934979448e-06
8966.530889232852    1.6859812017376773e-06    1.685980779237059e-06    1.6544312913263365e-06    1.6754644241003577e-06
8966.630889212853    1.695794260482415e-06    1.695793518088365e-06    1.6634333684662628e-06    1.6850070490123474e-06
8966.730889192853    1.7097085943163598e-06    1.7097078890156623e-06    1.6765017140205097e-06    1.6986393991175106e-06
8966.830889172854    1.7251705000316305e-06    1.7251698769300687e-06    1.6910783784507485e-06    1.7138062518041493e-06
8966.930889152854    1.7394885640013898e-06    1.7394873207132972e-06    1.7044701985847816e-06    1.727815361099823e-06
8967.030889132855    1.7541294266751508e-06    1.754128616466749e-06    1.7181439738361332e-06    1.7421340056593442e-06
8967.130889112856    1.770116230166916e-06    1.7701157459605265e-06    1.7331183501099509e-06    1.7577834420791309e-06
8967.230889092856    1.7873812543615387e-06    1.7873807026628752e-06    1.749321328889472e-06    1.774694428637962e-06
8967.330889072857    1.807841453906433e-06    1.8078405025144267e-06    1.7686669144980958e-06    1.794782956972985e-06
8967.430889052857    1.8272783901854452e-06    1.827277795678236e-06    1.7869337501208301e-06    1.8138299786615037e-06
8967.530889032858    1.8487261590770282e-06    1.8487251488855083e-06    1.807152402650319e-06    1.8348679035376183e-06
8967.630889012858    1.872505125066054e-06    1.8725047503529632e-06    1.829638874090722e-06    1.8582162498365795e-06
8967.730888992859    1.8944296362836687e-06    1.8944288331925794e-06    1.8502006687274139e-06    1.8796863794012209e-06
8967.83088897286    1.919483710978094e-06    1.919482675482974e-06    1.8738201718032686e-06    1.904262186088112e-06
8967.93088895286    1.9487301774906482e-06    1.9487297874769645e-06    1.9015512775154211e-06    1.9330037474943446e-06
8968.03088893286    1.979900117581237e-06    1.9798996999818274e-06    1.931123233077178e-06    1.963641016880081e-06
8968.130888912861    2.0097433740043622e-06    2.009742378516845e-06    1.959275412530643e-06    1.9929203883506164e-06
8968.230888892862    2.0403084460996773e-06    2.0403078413911583e-06    1.98805051102006e-06    2.022888932836965e-06
8968.330888872862    2.0740164529435256e-06    2.0740156645475666e-06    2.0198607879924415e-06    2.0559643018278446e-06
8968.430888852863    2.112185424170726e-06    2.112184415875608e-06    2.0560188747111493e-06    2.0934629049191612e-06
8968.530888832864    2.1515974806942473e-06    2.151596312997818e-06    2.0932922811987188e-06    2.132162024963595e-06
8968.630888812864    2.1932123577290754e-06    2.193210394947044e-06    2.1326301357884075e-06    2.1730176294881757e-06
8968.730888792865    2.238367022600569e-06    2.238365069700343e-06    2.175359689691631e-06    2.2173639273308475e-06
8968.830888772865    2.28334902624356e-06    2.28334785162566e-06    2.217757114187266e-06    2.2614846640188284e-06
8968.930888752866    2.3327180760682413e-06    2.3327179652435618e-06    2.2643634464615627e-06    2.3099331625911218e-06
8969.030888732867    2.387312058434071e-06    2.3873111005538927e-06    2.3159965297172607e-06    2.363539896235075e-06
8969.130888712867    2.4422030594086183e-06    2.442202506599058e-06    2.367718932985537e-06    2.417374832997738e-06
8969.230888692868    2.503086004323051e-06    2.5030854991219184e-06    2.4251991043069302e-06    2.4771235359172997e-06
8969.330888672868    2.569920075824704e-06    2.5699193212306893e-06    2.4883708849173227e-06    2.542736760657572e-06
8969.430888652869    2.6401022498377045e-06    2.6401015419365744e-06    2.554607226024312e-06    2.6116036725995307e-06
8969.53088863287    2.7145550500005057e-06    2.7145551535807055e-06    2.6248008871207464e-06    2.684637030233986e-06
8969.63088861287    2.793785330387046e-06    2.7937840521210397e-06    2.6994270028465186e-06    2.7623321284515353e-06
8969.73088859287    2.8778917921151333e-06    2.8778906824109523e-06    2.778542502887756e-06    2.844774992471281e-06
8969.830888572871    2.971176375646339e-06    2.9711741877732933e-06    2.866401361485857e-06    2.9362506416351626e-06
8969.930888552872    3.07369500649811e-06    3.073693871571575e-06    2.963014606009918e-06    3.036801161359868e-06
8970.030888532872    3.1826740962052646e-06    3.1826726650127905e-06    3.0655507078528723e-06    3.143632489690309e-06
8970.130888512873    3.3009991324582318e-06    3.3009980986480585e-06    3.1768316854814487e-06    3.2596096388625795e-06
8970.230888492873    3.428099507596347e-06    3.42809826400176e-06    3.2962100651187005e-06    3.384135945572269e-06
8970.330888472874    3.5651797762081313e-06    3.5651783530128007e-06    3.4248018614026215e-06    3.5183866635411847e-06
8970.430888452875    3.7172047838478442e-06    3.7172022325773997e-06    3.5674637551550503e-06    3.6672902571934316e-06
8970.530888432875    3.884801146970413e-06    3.8848004781207165e-06    3.7247171598174696e-06    3.831439594969532e-06
8970.630888412876    4.065819793630143e-06    4.065818614143727e-06    3.89425770963972e-06    4.008632039137863e-06
8970.730888392876    4.265977324314852e-06    4.265976343409531e-06    4.081657768206436e-06    4.204537145310272e-06
8970.830888372877    4.487300088640747e-06    4.487297561582493e-06    4.288747997309289e-06    4.4211152158441765e-06
8970.930888352877    4.731862623971102e-06    4.731859026900206e-06    4.517384233255373e-06    4.660368628042227e-06
8971.030888332878    5.003171772919763e-06    5.003168364114603e-06    4.770813461717176e-06    4.925717866250514e-06
8971.130888312879    5.304076456542302e-06    5.304076299052566e-06    5.051570631099746e-06    5.219907795564871e-06
8971.23088829288    5.641704080587079e-06    5.641701780346649e-06    5.366430207223072e-06    5.549945356052268e-06
8971.33088827288    6.021087946822686e-06    6.02108383387344e-06    5.719983077272303e-06    5.920718285989477e-06
8971.43088825288    6.4481556440957545e-06    6.44815344864168e-06    6.117669388030097e-06    6.3379928269225105e-06
8971.53088823288    6.929643951975581e-06    6.92964190447138e-06    6.565622348655808e-06    6.808302735034256e-06
8971.630888212881    7.474736625637248e-06    7.474736260689126e-06    7.0723344507945926e-06    7.340602445706989e-06
8971.730888192882    8.091524681243391e-06    8.091522262102554e-06    7.64512659849461e-06    7.942724513946851e-06
8971.830888172883    8.796155929004163e-06    8.796154754068079e-06    8.299222482493311e-06    8.630511055188518e-06
8971.930888152883    9.600358142378922e-06    9.600356975778679e-06    9.045385053594631e-06    9.415366723917411e-06
8972.030888132884    1.0518286255580061e-05    1.0518287406511926e-05    9.896739817488431e-06    1.0311104493193471e-05
8972.130888112884    1.156816661930266e-05    1.1568164043412975e-05    1.0870581985978011e-05    1.133563754956455e-05
8972.230888092885    1.276577055527444e-05    1.2765766783310079e-05    1.1981970248438351e-05    1.2504502529007623e-05
8972.330888072886    1.4122848451683505e-05    1.4122842017763363e-05    1.3242566051072815e-05    1.3829418840173228e-05
8972.430888052886    1.5649955805515713e-05    1.5649953985376374e-05    1.4663885078240734e-05    1.5321264956377606e-05
8972.530888032887    1.734389350059958e-05    1.7343891112616846e-05    1.6245410696835987e-05    1.697773177001747e-05
8972.630888012887    1.9177387815526793e-05    1.9177381390650323e-05    1.7965280697333864e-05    1.8773349967836992e-05
8972.730887992888    2.110138944132939e-05    2.1101386995206843e-05    1.9783107282421757e-05    2.0661961239652665e-05
8972.830887972888    2.3019249946028533e-05    2.3019245063104078e-05    2.161442773267484e-05    2.255097424726915e-05
8972.930887952889    2.4798293271561582e-05    2.4798292620429547e-05    2.3340857283031856e-05    2.4312481058341e-05
8973.03088793289    2.626624774284036e-05    2.6266241392019335e-05    2.4803034279202055e-05    2.5778507804687246e-05
8973.13088791289    2.7247116134916786e-05    2.724711008590724e-05    2.583160210460417e-05    2.6775276108476062e-05
8973.23088789289    2.7613677898280843e-05    2.7613664692508426e-05    2.6295754544934412e-05    2.717436571190789e-05
8973.330887872891    2.7313293179715064e-05    2.731328182065596e-05    2.6128714450772592e-05    2.6918429817047868e-05
8973.430887852892    2.6394734077398472e-05    2.6394721691431542e-05    2.5359367303893862e-05    2.6049607690907954e-05
8973.530887832892    2.49938955623847e-05    2.4993881535437867e-05    2.4104993786056148e-05    2.469759029462624e-05
8973.630887812893    2.328298202253431e-05    2.3282975864277788e-05    2.252526127816954e-05    2.303040638832721e-05
8973.730887792894    2.1433720985204203e-05    2.143371340925071e-05    2.0786644566194348e-05    2.1218026320216422e-05
8973.830887772894    1.958230485798928e-05    1.958229401109722e-05    1.902543278935287e-05    1.939667721947979e-05
8973.930887752895    1.7820615892311037e-05    1.7820613192040566e-05    1.7336322752778467e-05    1.7659183945710024e-05
8974.030887732895    1.620198806447829e-05    1.620198146460855e-05    1.577624854685831e-05    1.6060072691981715e-05
8974.130887712896    1.4753333780218609e-05    1.4753320563440936e-05    1.4375397241095956e-05    1.4627350528251835e-05
8974.230887692896    1.3474489942512752e-05    1.3474483284291064e-05    1.3136283451684068e-05    1.3361752226162628e-05
8974.330887672897    1.2358064907180267e-05    1.2358058924157316e-05    1.2053489065777857e-05    1.2256537632371813e-05
8974.430887652898    1.1391474745268542e-05    1.139147543104047e-05    1.1115833508738677e-05    1.1299594561682561e-05
8974.530887632898    1.055622036078164e-05    1.0556218565866982e-05    1.0305872291725632e-05    1.0472770406124751e-05
8974.630887612899    9.835478951012002e-06    9.83547294835759e-06    9.607501214023859e-06    9.75948437113115e-06
8974.7308875929    9.218766634259288e-06    9.218771365385746e-06    9.010807617430267e-06    9.149448539025098e-06
8974.8308875729    8.692068954782567e-06    8.692060337749768e-06    8.502186029239809e-06    8.628771773924048e-06
8974.9308875529    8.240467714518701e-06    8.240462390602768e-06    8.067082188128727e-06    8.18267076441673e-06
8975.030887532901    7.853438345270662e-06    7.853434620314064e-06    7.695213327505542e-06    7.800695431030089e-06
8975.130887512902    7.527352495651402e-06    7.527345869554685e-06    7.38317987520159e-06    7.479292746802559e-06
8975.230887492902    7.250239649198139e-06    7.25023143915484e-06    7.119214562330843e-06    7.206561883561274e-06
8975.330887472903    7.015184663183577e-06    7.015183474630799e-06    6.896567528711004e-06    6.9756452221751254e-06
8975.430887452903    6.8214792910809876e-06    6.821473679141124e-06    6.714664768739379e-06    6.78587257965383e-06
8975.530887432904    6.662524489444871e-06    6.662517847582356e-06    6.5670548385038695e-06    6.630699058510365e-06
8975.630887412904    6.53478630064397e-06    6.53477419484395e-06    6.45032761955431e-06    6.506629371680744e-06
8975.730887392905    6.434823259298887e-06    6.434817247274627e-06    6.36116817103815e-06    6.410269559203887e-06
8975.830887372906    6.358678702935678e-06    6.358676379999189e-06    6.29571960789538e-06    6.3376915636100826e-06
8975.930887352906    6.306889418573014e-06    6.306883663200706e-06    6.254660386525986e-06    6.289477822766569e-06
8976.030887332907    6.280140061962719e-06    6.280137386447526e-06    6.23876486664057e-06    6.266347438350272e-06
8976.130887312907    6.270858060068841e-06    6.270852733568523e-06    6.240585595217629e-06    6.260765462951665e-06
8976.230887292908    6.2812044854882435e-06    6.281201643494325e-06    6.262415965606816e-06    6.274940698196461e-06
8976.330887272909    6.311610100690815e-06    6.311607013300144e-06    6.304806227986513e-06    6.309341113992491e-06
8976.430887252909    6.359564419771692e-06    6.359555119809014e-06    6.365396711583004e-06    6.361505417054571e-06
8976.53088723291    6.425323213007877e-06    6.42531393980684e-06    6.444601148408626e-06    6.431746100407781e-06
8976.63088721291    6.510406254258852e-06    6.510396060094402e-06    6.544110538916067e-06    6.521637617756439e-06
8976.73088719291    6.612562112538867e-06    6.612554416641931e-06    6.661872793226004e-06    6.628996440802267e-06
8976.830887172911    6.731114452166018e-06    6.73110894038084e-06    6.797434311724869e-06    6.7532192347572425e-06
8976.930887152912    6.871689504181193e-06    6.871681857664879e-06    6.95665622654248e-06    6.900009196129517e-06
8977.030887132913    7.031152292315288e-06    7.031137380801529e-06    7.136703307714168e-06    7.066330993610328e-06
8977.130887112913    7.209459695597182e-06    7.209453619847271e-06    7.337877497194505e-06    7.252263604212986e-06
8977.230887092914    7.412769990539042e-06    7.412754193725958e-06    7.566713748830424e-06    7.464079311031808e-06
8977.330887072914    7.635544397447283e-06    7.635536899615306e-06    7.81817469471347e-06    7.696418663925353e-06
8977.430887052915    7.883722129598408e-06    7.883709366210099e-06    8.09867706237921e-06    7.955369519395906e-06
8977.530887032915    8.162259134975094e-06    8.162257577922346e-06    8.413835446506413e-06    8.246117386467951e-06
8977.630887012916    8.46655530958265e-06    8.466538478802788e-06    8.75975818718368e-06    8.564283991856373e-06
8977.730886992917    8.801828756977906e-06    8.801810078453269e-06    9.142624044052493e-06    8.91542095982789e-06
8977.830886972917    9.175217463136595e-06    9.175201090942032e-06    9.570591141174802e-06    9.307003231751144e-06
8977.930886952918    9.586712568820068e-06    9.586695131963936e-06    1.0044829309865694e-05    9.739412336883233e-06
8978.030886932918    1.0041375554413147e-05    1.0041359373361155e-05    1.0572013945085412e-05    1.0218249624286573e-05
8978.130886912919    1.0548974972370697e-05    1.0548942096065232e-05    1.1163372437072484e-05    1.0753763168502804e-05
8978.23088689292    1.1109360494454354e-05    1.1109331260302082e-05    1.1821024379809209e-05    1.1346572044855217e-05
8978.33088687292    1.1733005101563663e-05    1.1732930680461546e-05    1.2557612113060346e-05    1.2007849298361853e-05
8978.43088685292    1.2427702346485238e-05    1.2427695395637873e-05    1.3383536305833343e-05    1.2746311349318815e-05
8978.530886832921    1.3210024156340316e-05    1.3210012281549215e-05    1.4317810580701653e-05    1.3579282339530394e-05
8978.630886812922    1.4075397500989128e-05    1.4075353914340065e-05    1.5361347653381832e-05    1.4504033022903675e-05
8978.730886792922    1.5059368878997473e-05    1.5059305962824732e-05    1.6550025634753752e-05    1.5556233492191983e-05
8978.830886772923    1.622981500191121e-05    1.622974974401187e-05    1.7951116812409424e-05    1.6803560519444168e-05
8978.930886752923    1.735682787951104e-05    1.7356776063930317e-05    1.9335710219299065e-05    1.801643805424681e-05
8979.030886732924    1.8565446217300708e-05    1.856543169368224e-05    2.0840636114845284e-05    1.9323838008609412e-05
8979.130886712925    2.0004716072174717e-05    2.000466617871694e-05    2.2595344956388124e-05    2.0868242402426593e-05
8979.230886692925    2.163087677281536e-05    2.163081423936893e-05    2.4544575841726208e-05    2.2602088951303498e-05
8979.330886672926    2.3445395300102435e-05    2.3445366120634816e-05    2.6668227853644514e-05    2.4519663091460592e-05
8979.430886652926    2.544904145899447e-05    2.5449042875642164e-05    2.893631863496199e-05    2.6611467656532877e-05
8979.530886632927    2.763391465402968e-05    2.7633849129002e-05    3.130541051710972e-05    2.88577247667138e-05
8979.630886612927    2.998618217250836e-05    2.99859974258256e-05    3.3726782785751734e-05    3.12329874613619e-05
8979.730886592928    3.248549474066522e-05    3.2485115699369524e-05    3.615542242300238e-05    3.3708677621012385e-05
8979.830886572929    3.510823779368517e-05    3.5108157674233075e-05    3.8555978796105594e-05    3.6257458088007944e-05
8979.93088655293    3.783650459663856e-05    3.783655245585444e-05    4.091005003110563e-05    3.886103569453288e-05
8980.03088653293    4.065486606383905e-05    4.0654813312407114e-05    4.320433885436878e-05    4.150467274353831e-05
8980.13088651293    4.354725531063309e-05    4.35471788357147e-05    4.542121867330396e-05    4.417188427321725e-05
8980.230886492931    4.649361709532937e-05    4.649365574305662e-05    4.753593175808997e-05    4.684106819882532e-05
8980.330886472932    4.946232706619516e-05    4.94623089388071e-05    4.951890952190603e-05    4.948118184230277e-05
8980.430886452932    5.241574136217896e-05    5.241572177524627e-05    5.1351050790805166e-05    5.206083797607681e-05
8980.530886432933    5.53160573812736e-05    5.531613963854794e-05    5.3032920650777575e-05    5.455503922353304e-05
8980.630886412933    5.812820415686357e-05    5.8128240516002686e-05    5.458243576592751e-05    5.6946293479597923e-05
8980.730886392934    6.082389316657284e-05    6.082381996270038e-05    5.6028479612285745e-05    5.922539758051965e-05
8980.830886372934    6.334249741837106e-05    6.334249778491296e-05    5.735689244963886e-05    6.134729588430762e-05
8980.930886352935    6.60389981823951e-05    6.603895215258523e-05    5.892492712134036e-05    6.366762581877357e-05
8981.030886332936    6.855732598105247e-05    6.855729878615958e-05    6.050546181475613e-05    6.58733621939894e-05
8981.130886312936    7.087731174425435e-05    7.087717391552065e-05    6.204832634881418e-05    6.793427066952972e-05
8981.230886292937    7.306109377247893e-05    7.306118139870172e-05    6.364595163954469e-05    6.992274227024178e-05
8981.330886272937    7.494128661701799e-05    7.494130724523449e-05    6.518836375346007e-05    7.169031920523752e-05
8981.430886252938    7.656576085916386e-05    7.65656939293841e-05    6.67176727694358e-05    7.328304251932793e-05
8981.530886232938    7.78853716093657e-05    7.788521068191509e-05    6.819746753108418e-05    7.465601660745499e-05
8981.630886212939    7.886881367986064e-05    7.886876430843869e-05    6.958984036380376e-05    7.57758061173677e-05
8981.73088619294    7.949264204088936e-05    7.949259725066606e-05    7.084685656566432e-05    7.661069861907324e-05
8981.83088617294    7.97485041259958e-05    7.974856815666348e-05    7.192012761866001e-05    7.713906663377309e-05
8981.93088615294    7.963331677295078e-05    7.963330703258065e-05    7.275507227346792e-05    7.734056535966645e-05
8982.030886132941    7.915732914999723e-05    7.915731204336095e-05    7.330354262603079e-05    7.720606127312966e-05
8982.130886112942    7.833698102895717e-05    7.833702395197962e-05    7.35227389109792e-05    7.673224796397198e-05
8982.230886092942    7.71987928499538e-05    7.719877061019911e-05    7.338324218062672e-05    7.592693521359319e-05
8982.330886072943    7.577769388662286e-05    7.5777626181896e-05    7.287320515804526e-05    7.48095084088547e-05
8982.430886052944    7.411751907500097e-05    7.411748436034472e-05    7.200142357609639e-05    7.341214233714735e-05
8982.530886032944    7.226970377971876e-05    7.226969214555556e-05    7.07983223574163e-05    7.177923942756354e-05
8982.630886012945    7.029521101882434e-05    7.029523036925654e-05    6.931803500512342e-05    6.99694921310681e-05
8982.730885992945    6.825650631943503e-05    6.825649480100328e-05    6.762854713309455e-05    6.804718275117763e-05
8982.830885972946    6.621935729962818e-05    6.621934701256531e-05    6.581041662934023e-05    6.608304031384459e-05
8982.930885952946    6.424563244866728e-05    6.424558608251457e-05    6.394534121126299e-05    6.414551991414828e-05
8983.030885932947    6.239394458772962e-05    6.239392685425777e-05    6.211303034401538e-05    6.230030059533425e-05
8983.130885912948    6.071687266499446e-05    6.0716852044143525e-05    6.038496776022459e-05    6.060623082312085e-05
8983.230885892948    5.92601902484259e-05    5.9260160380904885e-05    5.882126444710129e-05    5.911387169214403e-05
8983.330885872949    5.806324837749976e-05    5.806320276831831e-05    5.747026219153761e-05    5.7865571112451895e-05
8983.43088585295    5.7157892756425286e-05    5.7157859344788513e-05    5.636770377623491e-05    5.6894485292482904e-05
8983.53088583295    5.6569199011809216e-05    5.656921201437709e-05    5.553845655857146e-05    5.6225622528252585e-05
8983.63088581295    5.631129771531181e-05    5.6311279339962453e-05    5.4995178869807906e-05    5.587258530836073e-05
8983.730885792951    5.638988396882873e-05    5.638985734026443e-05    5.474406380068919e-05    5.5841268369927446e-05
8983.830885772952    5.679700387034227e-05    5.6797028799609614e-05    5.4782848903637054e-05    5.6125627191196306e-05
8983.930885752952    5.751300331724572e-05    5.7513054936831244e-05    5.5106122342198096e-05    5.671072686542502e-05
8984.030885732953    5.850285903440439e-05    5.850284731877398e-05    5.570263685756173e-05    5.7569447736913365e-05
8984.130885712953    5.972332167849252e-05    5.972326213004668e-05    5.656118237522837e-05    5.8669255394589195e-05
8984.230885692954    6.112213421826388e-05    6.112216068065344e-05    5.766485954987965e-05    5.9969718149598994e-05
8984.330885672955    6.2641718151377e-05    6.264175351689825e-05    5.8989457972008346e-05    6.142430988009454e-05
8984.430885652955    6.422027380125855e-05    6.422026564660875e-05    6.049892817240052e-05    6.297982254008926e-05
8984.530885632956    6.57901344760017e-05    6.579011608055663e-05    6.214121569316435e-05    6.45738220832409e-05
8984.630885612956    6.727942273425977e-05    6.727939077999735e-05    6.384870013429512e-05    6.613583788285075e-05
8984.730885592957    6.861145868936691e-05    6.861140740342241e-05    6.553799994190083e-05    6.758695534489671e-05
8984.830885572957    6.970992577242619e-05    6.97099150042057e-05    6.711672989540643e-05    6.88455235573461e-05
8984.930885552958    7.050666035075931e-05    7.050662603805442e-05    6.849184092766734e-05    6.983504243882703e-05
8985.030885532959    7.094744203762492e-05    7.094747921467853e-05    6.957715575320881e-05    7.049069233517076e-05
8985.13088551296    7.100039919944259e-05    7.100041746649046e-05    7.030459439413955e-05    7.076847035335754e-05
8985.23088549296    7.065849160373923e-05    7.065850918477731e-05    7.062978207431688e-05    7.064892762094447e-05
8985.33088547296    6.994083456228209e-05    6.99408500713977e-05    7.05374667613422e-05    7.013971713167399e-05
8985.43088545296    6.88838080268555e-05    6.888382569273471e-05    7.003659969203124e-05    6.92680778038738e-05
8985.530885432961    6.754187512737613e-05    6.754186353402056e-05    6.916285176140765e-05    6.808219680760144e-05
8985.630885412962    6.596542968573787e-05    6.596543388284718e-05    6.795756158448374e-05    6.662947505102293e-05
8985.730885392963    6.421559577734264e-05    6.421560823187531e-05    6.648125533842784e-05    6.49708197825486e-05
8985.830885372963    6.233860038769464e-05    6.233860175732431e-05    6.47864006196945e-05    6.315453425490449e-05
8985.930885352964    6.038268466926677e-05    6.0382668708254615e-05    6.293186407908016e-05    6.123240581886717e-05
8986.030885332964    5.8375682700407155e-05    5.837569309589946e-05    6.0958471172244546e-05    5.923661565618372e-05
8986.130885312965    5.6346240226758854e-05    5.634626500893312e-05    5.890827901793511e-05    5.720026141787569e-05
8986.230885292965    5.430457366069762e-05    5.430455772004337e-05    5.6804385641997286e-05    5.5137839007579426e-05
8986.330885272966    5.224933623636748e-05    5.224933618744877e-05    5.4656482263407634e-05    5.3051718229074634e-05
8986.430885252967    5.019084332018956e-05    5.019081993354324e-05    5.248422723627424e-05    5.095529683000235e-05
8986.530885232967    4.811846505402417e-05    4.8118449858547355e-05    5.028472655738281e-05    4.884054715665144e-05
8986.630885212968    4.601522309194213e-05    4.601524353386087e-05    4.804652258552598e-05    4.6692329737109666e-05
8986.730885192968    4.388342610885572e-05    4.3883448286754106e-05    4.577583189280958e-05    4.451423542947314e-05
8986.830885172969    4.170231940157288e-05    4.170234795019827e-05    4.345522652686128e-05    4.228663129287747e-05
8986.93088515297    3.946325399328653e-05    3.9463272024907074e-05    4.107786859830797e-05    4.0001464872167194e-05
8987.03088513297    3.717605907524777e-05    3.717605858734412e-05    3.865510114790341e-05    3.766907293683177e-05
8987.13088511297    3.4845259498710276e-05    3.4845308478771724e-05    3.619277276828475e-05    3.529444691525558e-05
8987.230885092971    3.249692477083946e-05    3.249694399361322e-05    3.371782847153818e-05    3.290389907866362e-05
8987.330885072972    3.0164557359521635e-05    3.01645704508882e-05    3.126462688517787e-05    3.053125156519591e-05
8987.430885052972    2.7874566924349206e-05    2.7874571469861952e-05    2.885940569997661e-05    2.8202848031395925e-05
8987.530885032973    2.5691422799144157e-05    2.569142696716685e-05    2.657107994086173e-05    2.5984643235724244e-05
8987.630885012974    2.3640637851406205e-05    2.3640642122399985e-05    2.442443336125019e-05    2.3901904445018795e-05
8987.730884992974    2.1744966606848867e-05    2.1744970837851294e-05    2.2442399478241434e-05    2.1977445640980535e-05
8987.830884972975    2.0015449964989596e-05    2.0015454001001456e-05    2.0635858903876236e-05    2.022225428995576e-05
8987.930884952975    1.845264784358797e-05    1.845265159360542e-05    1.900489377637971e-05    1.863673107119103e-05
8988.030884932976    1.7049451073598563e-05    1.704945450061833e-05    1.7541698878348846e-05    1.7213534817521913e-05
8988.130884912976    1.5794073613427946e-05    1.5794076715447903e-05    1.6233680206478757e-05    1.5940610178451534e-05
8988.230884892977    1.4672513177655465e-05    1.4672515966674745e-05    1.5066001155456847e-05    1.4803676766595684e-05
8988.330884872978    1.3670272126269833e-05    1.367027462728763e-05    1.4023360770855387e-05    1.3787969174804283e-05
8988.430884852978    1.2773411264381304e-05    1.2773413504397486e-05    1.3091080023332404e-05    1.2879301597370396e-05
8988.530884832979    1.1969106994942515e-05    1.1969108999957132e-05    1.2255673349440276e-05    1.2064629781446641e-05
8988.63088481298    1.1245880933707685e-05    1.1245882729720725e-05    1.1505081115293794e-05    1.1332281592907401e-05
8988.73088479298    1.0593633383260194e-05    1.0593634994271776e-05    1.0828699359005962e-05    1.0671989245512646e-05
8988.83088477298    1.0003570562640024e-05    1.0003572008650385e-05    1.0217300060521483e-05    1.0074814210603963e-05
8988.930884752981    9.46808207809495e-06    9.46808337870411e-06    9.662900463651399e-06    9.533021973483486e-06
8989.030884732982    8.980601778785491e-06    8.98060294999367e-06    9.158615752385662e-06    9.039940160388274e-06
8989.130884712982    8.535470065978005e-06    8.5354711220853e-06    8.698513734860972e-06    8.589818307641426e-06
8989.230884692983    8.127806595809457e-06    8.12780754951597e-06    8.277480735780898e-06    8.177698293702107e-06
8989.330884672983    7.753397021712191e-06    7.75339788421801e-06    7.891102405591292e-06    7.799299103840495e-06
8989.430884652984    7.408594527508384e-06    7.4085953085136e-06    7.5355601671273645e-06    7.450916667716451e-06
8989.530884632984    7.090235428062862e-06    7.090236136267536e-06    7.207542498120909e-06    7.129338020817102e-06
8989.630884612985    6.795567451779799e-06    6.795568094584011e-06    6.904169568258917e-06    6.831768371540909e-06
8989.730884592986    6.522189104051212e-06    6.5221896882549974e-06    6.622929536598065e-06    6.555769442968091e-06
8989.830884572986    6.267998532397287e-06    6.267999063900702e-06    6.361624840876204e-06    6.2992074790580644e-06
8989.930884552987    6.031150441313112e-06    6.0311509253162e-06    6.118326949035388e-06    6.0602094385549e-06
8990.030884532987    5.810019777441636e-06    5.810020218644427e-06    5.891338226573659e-06    5.837126074219907e-06
8990.130884512988    5.6031710876584926e-06    5.603171490161023e-06    5.679159763613487e-06    5.6285007804776676e-06
8990.230884492988    5.409332615686833e-06    5.409332983289123e-06    5.480464182402122e-06    5.43304326045936e-06
8990.330884472989    5.227374359659299e-06    5.227374695661378e-06    5.294072603961735e-06    5.249607219760804e-06
8990.43088445299    5.056289437535094e-06    5.056289744836988e-06    5.1189350912967755e-06    5.077171424556286e-06
8990.53088443299    4.895178220214933e-06    4.8951785016166484e-06    4.954113998500191e-06    4.914823573443924e-06
8990.63088441299    4.74323478441675e-06    4.743235042218317e-06    4.798769756922469e-06    4.761746527852512e-06
8990.730884392991    4.599735312356066e-06    4.5997355486574974e-06    4.652148705946082e-06    4.617206522319882e-06
8990.830884372992    4.464028130545635e-06    4.4640283473469375e-06    4.51357264518014e-06    4.480543041024237e-06
8990.930884352993    4.335525131822735e-06    4.335525330823927e-06    4.382429838483791e-06    4.3511601003768175e-06
8991.030884332993    4.213694366263985e-06    4.213694549165066e-06    4.258167246877099e-06    4.228518720768717e-06
8991.130884312994    4.098053625136115e-06    4.098053793237113e-06    4.1402838023891645e-06    4.112130406920797e-06
8991.230884292994    3.9881648683427555e-06    3.988165023043662e-06    4.0283245683022605e-06    4.001551486562892e-06
8991.330884272995    3.883629371779295e-06    3.88362951418013e-06    3.921875655304498e-06    3.896378180421308e-06
8991.430884252995    3.784083490403569e-06    3.7840836217043237e-06    3.820559783158842e-06    3.796242298422245e-06
8991.530884232996    3.689194949392387e-06    3.6891950704930827e-06    3.7240323964578684e-06    3.7008074721144462e-06
8991.630884212997    3.5986595885221428e-06    3.5986597004227714e-06    3.631978257703033e-06    3.609765848882649e-06
8991.730884192997    3.5121984991431314e-06    3.5121986025437145e-06    3.5441084492779963e-06    3.5228351836549473e-06
8991.830884172998    3.429555498557703e-06    3.4295555941582395e-06    3.460157731925565e-06    3.4397562748805023e-06
8991.930884152998    3.3504948977086243e-06    3.3504949863091075e-06    3.3798822102353274e-06    3.3602906980843532e-06
8992.030884132999    3.274799524754388e-06    3.2747996068548375e-06    3.303057264318201e-06    3.284218798642476e-06
8992.130884113    3.2022689684621495e-06    3.2022690447625518e-06    3.229475715698564e-06    3.2113379096410886e-06
8992.230884093    3.132718017394285e-06    3.1327180882946604e-06    3.158946194900453e-06    3.1414607668631326e-06
8992.330884073    3.0659752667970315e-06    3.065975332897367e-06    3.091291687035543e-06    3.0744140955766475e-06
