8.957330891072799204e+03 7.413585635899999753e-06 7.413585515100000416e-06 7.404742418599999964e-06 7.410637856533333377e-06
8.957430891052799780e+03 7.130888179738904310e-06 7.130888026538911335e-06 7.122000460347805422e-06 7.127925555541873689e-06
8.957530891032800355e+03 6.853720265066014624e-06 6.853720230665966980e-06 6.844788821983504448e-06 6.850743105905162582e-06
8.957630891012800930e+03 6.581512233223123107e-06 6.581512189523128888e-06 6.572536346049789963e-06 6.578520256265347037e-06
8.957730890992801505e+03 6.316932221961808793e-06 6.316932200761791310e-06 6.307910856998191678e-06 6.313925093240597260e-06
8.957830890972802081e+03 6.061878450246478016e-06 6.061878352846554128e-06 6.052809874193688397e-06 6.058855559095574078e-06
8.957930890952802656e+03 5.812178085632780236e-06 5.812177869632922601e-06 5.803060834291189161e-06 5.809138929852296486e-06
8.958030890932803231e+03 5.571993951949913516e-06 5.571993731649919482e-06 5.562825594821459125e-06 5.568937759473763759e-06
8.958130890912803807e+03 5.345315101478244040e-06 5.345314991678066972e-06 5.336093535163376970e-06 5.342241209439895712e-06
8.958230890892804382e+03 5.130413426115059513e-06 5.130413278215127872e-06 5.121136095015433939e-06 5.127320933115207108e-06
8.958330890872804957e+03 4.924790507334057329e-06 4.924790336234102480e-06 4.915455384249637267e-06 4.921678742605932641e-06
8.958430890852805533e+03 4.730015559393306021e-06 4.730015350193389923e-06 4.720619422127533200e-06 4.726883443904742766e-06
8.958530890832806108e+03 4.545027026361091092e-06 4.545026885260927346e-06 4.535567129514109946e-06 4.541873680378710026e-06
8.958630890812806683e+03 4.371203110431099349e-06 4.371202984831058321e-06 4.361676155205446253e-06 4.368027416822534923e-06
8.958730890792807259e+03 4.207306643699310399e-06 4.207306443599519028e-06 4.197709734395177723e-06 4.204107607231335152e-06
8.958830890772807834e+03 4.052379893366899266e-06 4.052379737966764469e-06 4.042710246385106454e-06 4.049156625906256447e-06
8.958930890752808409e+03 3.907054954226958356e-06 3.907054777827025182e-06 3.897309152870644941e-06 3.903806294974876442e-06
8.959030890732808984e+03 3.768596647145729501e-06 3.768596415045918532e-06 3.758771907314113450e-06 3.765321656501920353e-06
8.959130890712809560e+03 3.642840582910115853e-06 3.642840426609843378e-06 3.632933525006453904e-06 3.639538178175470762e-06
8.959230890692810135e+03 3.521717097557795512e-06 3.521716881058024537e-06 3.511724733981949221e-06 3.518386237532590180e-06
8.959330890672810710e+03 3.407469859175794935e-06 3.407469782075237128e-06 3.397389138029215496e-06 3.404109593093415571e-06
8.959430890652811286e+03 3.303273910310694445e-06 3.303273800510832050e-06 3.293101477995870644e-06 3.299883062939132662e-06
8.959530890632811861e+03 3.202920525742938198e-06 3.202920334043298773e-06 3.192653262060185098e-06 3.199498040615474164e-06
8.959630890612812436e+03 3.108998730728810499e-06 3.108998558528721212e-06 3.098633396379924225e-06 3.105543561879152543e-06
8.959730890592813012e+03 3.018501498375548274e-06 3.018501293875703228e-06 3.008035275859798998e-06 3.015012689370350026e-06
8.959830890572813587e+03 2.935228761851615301e-06 2.935228605651374029e-06 2.924658530771643891e-06 2.931705299424877740e-06
8.959930890552814162e+03 2.857653822978293160e-06 2.857653650378378486e-06 2.846976399235679354e-06 2.854094624197450474e-06
8.960030890532814738e+03 2.781884210244721475e-06 2.781884069044552361e-06 2.771096702439159616e-06 2.778288327242810727e-06
8.960130890512815313e+03 2.711978417761841329e-06 2.711978177062397920e-06 2.701077229798432894e-06 2.708344608207557804e-06
8.960230890492815888e+03 2.644998743671892236e-06 2.644998566671522817e-06 2.633980583550313153e-06 2.641325964631243018e-06
8.960330890472816463e+03 2.581397658895490585e-06 2.581397445895706336e-06 2.570259433015864393e-06 2.577684845935686681e-06
8.960430890452817039e+03 2.522595052865778681e-06 2.522594905365372576e-06 2.511333441230748786e-06 2.518841133153966822e-06
8.960530890432817614e+03 2.469128533376127370e-06 2.469128316776569561e-06 2.457740661684169898e-06 2.465332503945621853e-06
8.960630890412818189e+03 2.416924723135821838e-06 2.416924509235804196e-06 2.405406559195727770e-06 2.413085263855784319e-06
8.960730890392818765e+03 2.364505003044686937e-06 2.364504867944151154e-06 2.352852970854967345e-06 2.360620947281268479e-06
8.960830890372819340e+03 2.315763367181529447e-06 2.315763190281822271e-06 2.303974448239709840e-06 2.311833668567687609e-06
8.960930890352819915e+03 2.271172566544546647e-06 2.271172396044500342e-06 2.259243100856454887e-06 2.267196021148500908e-06
8.961030890332820491e+03 2.231216005470149295e-06 2.231215799170414716e-06 2.219141851140816205e-06 2.227191218593793546e-06
8.961130890312821066e+03 2.191767975696864492e-06 2.191767738697097519e-06 2.179545843221467789e-06 2.187693852538476600e-06
8.961230890292821641e+03 2.151363962142947598e-06 2.151363700643139296e-06 2.138990125126211980e-06 2.147239262637432817e-06
8.961330890272822217e+03 2.113886757108893206e-06 2.113886733106993224e-06 2.101356979256384397e-06 2.109710156490756801e-06
8.961430890252822792e+03 2.079787903802512717e-06 2.079787656104346926e-06 2.067098132914418734e-06 2.075557897607092792e-06
8.961530890232823367e+03 2.049464496809303122e-06 2.049464212609609839e-06 2.036610739286753056e-06 2.045179816235222288e-06
8.961630890212823942e+03 2.017762337431228329e-06 2.017762204129930286e-06 2.004740301178386009e-06 2.013421614246514875e-06
8.961730890192824518e+03 1.986986358921252148e-06 1.986986274420822661e-06 1.973792340034659118e-06 1.982588324458911733e-06
8.961830890172825093e+03 1.961154361080947867e-06 1.961154164981952298e-06 1.947783850869324609e-06 1.956697458977407976e-06
8.961930890152825668e+03 1.934196918801576169e-06 1.934196788700968723e-06 1.920645215568504893e-06 1.929679641023683120e-06
8.962030890132826244e+03 1.909799313530894693e-06 1.909799211330632229e-06 1.896061558179736407e-06 1.905220027680421251e-06
8.962130890112826819e+03 1.886162608806072903e-06 1.886162385007240298e-06 1.872233830439843828e-06 1.881519608084385535e-06
8.962230890092827394e+03 1.862554347554692077e-06 1.862554061655300766e-06 1.848429158379466583e-06 1.857845855863153071e-06
8.962330890072827970e+03 1.841154606691079489e-06 1.841154194992337333e-06 1.826828124303954363e-06 1.836378975329123728e-06
8.962430890052828545e+03 1.819485597617685289e-06 1.819485350016011585e-06 1.804953390716016420e-06 1.814641446116571169e-06
8.962530890032829120e+03 1.801028817944819114e-06 1.801028430246275885e-06 1.786285170743737642e-06 1.796114139644944425e-06
8.962630890012829695e+03 1.783531970061374825e-06 1.783531818758869060e-06 1.768570783467229404e-06 1.778544857429157693e-06
8.962730889992830271e+03 1.765464763020590366e-06 1.765464558721162632e-06 1.750279984335319825e-06 1.760403102025691082e-06
8.962830889972830846e+03 1.750380014427140218e-06 1.750379704228305097e-06 1.734965659152411250e-06 1.745241792602619067e-06
8.962930889952831421e+03 1.736059899980658218e-06 1.736059630780199166e-06 1.720410381014417921e-06 1.730843303925091980e-06
8.963030889932831997e+03 1.721547858932672338e-06 1.721547727131106056e-06 1.705656448690156749e-06 1.716250678251311714e-06
8.963130889912832572e+03 1.709312535425530859e-06 1.709312204527840333e-06 1.693172436410241888e-06 1.703932392121204360e-06
8.963230889892833147e+03 1.697686532383003017e-06 1.697686203082984130e-06 1.681290760399862278e-06 1.692221165288616404e-06
8.963330889872833723e+03 1.685661187900068366e-06 1.685660772601100123e-06 1.669002486955126787e-06 1.680108149152098566e-06
8.963430889852834298e+03 1.675688672260951256e-06 1.675688141562358910e-06 1.658759256163583780e-06 1.670045356662297911e-06
8.963530889832834873e+03 1.666030042463611139e-06 1.666029680561518153e-06 1.648822767708963078e-06 1.660294163578030649e-06
8.963630889812835449e+03 1.655505271008582380e-06 1.655504874309020879e-06 1.638011847213961705e-06 1.649673997510521655e-06
8.963730889792836024e+03 1.645438303153580289e-06 1.645437796854983246e-06 1.627650024427621487e-06 1.639508708145394866e-06
8.963830889772836599e+03 1.638126480150525333e-06 1.638126204247530145e-06 1.620035288188286160e-06 1.632095990862113809e-06
8.963930889752837174e+03 1.630207263030813003e-06 1.630207019830381362e-06 1.611803520456365924e-06 1.624072601105853359e-06
8.964030889732837750e+03 1.624582765265752065e-06 1.624582335268255182e-06 1.605857203378011772e-06 1.618340767970673289e-06
8.964130889712838325e+03 1.619892326188030146e-06 1.619892014686418754e-06 1.600835168297612518e-06 1.613539836390687139e-06
8.964230889692838900e+03 1.613924177558424946e-06 1.613923896258008340e-06 1.594524820580644449e-06 1.607457631465692367e-06
8.964330889672839476e+03 1.608420618247539626e-06 1.608420477345574178e-06 1.588669137477133756e-06 1.601836744356749045e-06
8.964430889652840051e+03 1.605886643580831338e-06 1.605886515380650942e-06 1.585771333647061395e-06 1.599181497536181154e-06
8.964530889632840626e+03 1.603784121175384841e-06 1.603783564881549424e-06 1.583292620292385040e-06 1.596953435449772890e-06
8.964630889612841202e+03 1.600361311071914906e-06 1.600360821470941245e-06 1.579481682538423394e-06 1.593401271693759919e-06
8.964730889592841777e+03 1.597876569072964484e-06 1.597876111272493927e-06 1.576596969892369525e-06 1.590783216745942504e-06
8.964830889572842352e+03 1.597694998322972214e-06 1.597694707820462725e-06 1.576002230920321487e-06 1.590463979021252001e-06
8.964930889552842928e+03 1.598240354410656459e-06 1.598240096110167197e-06 1.576119735413820010e-06 1.590866728644881222e-06
8.965030889532843503e+03 1.595684555058930211e-06 1.595684123261602029e-06 1.573121445873091064e-06 1.588163374731207556e-06
8.965130889512844078e+03 1.597912461944471991e-06 1.597911987945130322e-06 1.574892289974455959e-06 1.590238913288019212e-06
8.965230889492844653e+03 1.600459145863427794e-06 1.600458660963600069e-06 1.576965710440787708e-06 1.592627839089271857e-06
8.965330889472845229e+03 1.602536215067960719e-06 1.602535730967947877e-06 1.578551387130020999e-06 1.594541111055309865e-06
8.965430889452845804e+03 1.606793625931333555e-06 1.606793259729423713e-06 1.582301084256067366e-06 1.598629323305608211e-06
8.965530889432846379e+03 1.609263949288311146e-06 1.609263781185062302e-06 1.584245795608110372e-06 1.600924508693828152e-06
8.965630889412846955e+03 1.612747569673239688e-06 1.612747156177313211e-06 1.587183736731268003e-06 1.604226154193940301e-06
8.965730889392847530e+03 1.618821120066457595e-06 1.618820977261909823e-06 1.592690681385175936e-06 1.610110926237847573e-06
8.965830889372848105e+03 1.623946609169444932e-06 1.623946333871697348e-06 1.597227143782619296e-06 1.615040028941254070e-06
8.965930889352848681e+03 1.629705015658031649e-06 1.629704284865866001e-06 1.602374861061594620e-06 1.620594720528497423e-06
8.966030889332849256e+03 1.638362771758416368e-06 1.638362297553951695e-06 1.610398068299262935e-06 1.629041045870543736e-06
8.966130889312849831e+03 1.646697191918403225e-06 1.646696468622787268e-06 1.618072252538238562e-06 1.637155304359809685e-06
8.966230889292850406e+03 1.653306719754209395e-06 1.653305733558888914e-06 1.623994100394582062e-06 1.643535517902559982e-06
8.966330889272850982e+03 1.661893988732940072e-06 1.661893573322665983e-06 1.631866424101596055e-06 1.651884662052400704e-06
8.966430889252851557e+03 1.675580722706836975e-06 1.675580266607577671e-06 1.644807391179419506e-06 1.665322793497944788e-06
8.966530889232852132e+03 1.685981201737677317e-06 1.685980779237058985e-06 1.654431291326336486e-06 1.675464424100357737e-06
8.966630889212852708e+03 1.695794260482414977e-06 1.695793518088364935e-06 1.663433368466262787e-06 1.685007049012347425e-06
8.966730889192853283e+03 1.709708594316359775e-06 1.709707889015662321e-06 1.676501714020509666e-06 1.698639399117510587e-06
8.966830889172853858e+03 1.725170500031630483e-06 1.725169876930068655e-06 1.691078378450748495e-06 1.713806251804149282e-06
8.966930889152854434e+03 1.739488564001389822e-06 1.739487320713297231e-06 1.704470198584781640e-06 1.727815361099822968e-06
8.967030889132855009e+03 1.754129426675150779e-06 1.754128616466748936e-06 1.718143973836133186e-06 1.742134005659344230e-06
8.967130889112855584e+03 1.770116230166915896e-06 1.770115745960526516e-06 1.733118350109950853e-06 1.757783442079130877e-06
8.967230889092856160e+03 1.787381254361538653e-06 1.787380702662875187e-06 1.749321328889472047e-06 1.774694428637961962e-06
8.967330889072856735e+03 1.807841453906433036e-06 1.807840502514426656e-06 1.768666914498095763e-06 1.794782956972985010e-06
8.967430889052857310e+03 1.827278390185445182e-06 1.827277795678236099e-06 1.786933750120830122e-06 1.813829978661503730e-06
8.967530889032857885e+03 1.848726159077028225e-06 1.848725148885508294e-06 1.807152402650319032e-06 1.834867903537618305e-06
8.967630889012858461e+03 1.872505125066054092e-06 1.872504750352963226e-06 1.829638874090721896e-06 1.858216249836579526e-06
8.967730888992859036e+03 1.894429636283668747e-06 1.894428833192579405e-06 1.850200668727413868e-06 1.879686379401220885e-06
8.967830888972859611e+03 1.919483710978093923e-06 1.919482675482973894e-06 1.873820171803268626e-06 1.904262186088111936e-06
8.967930888952860187e+03 1.948730177490648242e-06 1.948729787476964493e-06 1.901551277515421141e-06 1.933003747494344625e-06
8.968030888932860762e+03 1.979900117581237173e-06 1.979899699981827396e-06 1.931123233077178173e-06 1.963641016880081055e-06
8.968130888912861337e+03 2.009743374004362225e-06 2.009742378516844886e-06 1.959275412530643045e-06 1.992920388350616436e-06
8.968230888892861913e+03 2.040308446099677260e-06 2.040307841391158267e-06 1.988050511020060088e-06 2.022888932836964923e-06
8.968330888872862488e+03 2.074016452943525597e-06 2.074015664547566600e-06 2.019860787992441484e-06 2.055964301827844560e-06
8.968430888852863063e+03 2.112185424170726201e-06 2.112184415875607795e-06 2.056018874711149330e-06 2.093462904919161250e-06
8.968530888832863639e+03 2.151597480694247302e-06 2.151596312997817979e-06 2.093292281198718788e-06 2.132162024963594831e-06
8.968630888812864214e+03 2.193212357729075414e-06 2.193210394947044069e-06 2.132630135788407540e-06 2.173017629488175674e-06
8.968730888792864789e+03 2.238367022600568854e-06 2.238365069700343204e-06 2.175359689691630938e-06 2.217363927330847524e-06
8.968830888772865364e+03 2.283349026243560071e-06 2.283347851625659889e-06 2.217757114187266108e-06 2.261484664018828407e-06
8.968930888752865940e+03 2.332718076068241264e-06 2.332717965243561753e-06 2.264363446461562694e-06 2.309933162591121762e-06
8.969030888732866515e+03 2.387312058434070830e-06 2.387311100553892659e-06 2.315996529717260665e-06 2.363539896235075142e-06
8.969130888712867090e+03 2.442203059408618299e-06 2.442202506599058205e-06 2.367718932985537094e-06 2.417374832997738007e-06
8.969230888692867666e+03 2.503086004323051020e-06 2.503085499121918356e-06 2.425199104306930240e-06 2.477123535917299731e-06
8.969330888672868241e+03 2.569920075824704133e-06 2.569919321230689262e-06 2.488370884917322723e-06 2.542736760657572181e-06
8.969430888652868816e+03 2.640102249837704509e-06 2.640101541936574403e-06 2.554607226024312201e-06 2.611603672599530653e-06
8.969530888632869392e+03 2.714555050000505698e-06 2.714555153580705536e-06 2.624800887120746439e-06 2.684637030233986032e-06
8.969630888612869967e+03 2.793785330387045967e-06 2.793784052121039739e-06 2.699427002846518642e-06 2.762332128451535347e-06
8.969730888592870542e+03 2.877891792115133257e-06 2.877890682410952311e-06 2.778542502887756142e-06 2.844774992471280852e-06
8.969830888572871118e+03 2.971176375646339065e-06 2.971174187773293320e-06 2.866401361485857204e-06 2.936250641635162631e-06
8.969930888552871693e+03 3.073695006498110209e-06 3.073693871571575083e-06 2.963014606009918001e-06 3.036801161359868047e-06
8.970030888532872268e+03 3.182674096205264551e-06 3.182672665012790498e-06 3.065550707852872334e-06 3.143632489690308845e-06
8.970130888512872843e+03 3.300999132458231755e-06 3.300998098648058464e-06 3.176831685481448733e-06 3.259609638862579509e-06
8.970230888492873419e+03 3.428099507596347045e-06 3.428098264001760030e-06 3.296210065118700521e-06 3.384135945572269199e-06
8.970330888472873994e+03 3.565179776208131335e-06 3.565178353012800693e-06 3.424801861402621537e-06 3.518386663541184663e-06
8.970430888452874569e+03 3.717204783847844245e-06 3.717202232577399712e-06 3.567463755155050294e-06 3.667290257193431558e-06
8.970530888432875145e+03 3.884801146970412805e-06 3.884800478120716481e-06 3.724717159817469573e-06 3.831439594969532247e-06
8.970630888412875720e+03 4.065819793630142760e-06 4.065818614143727167e-06 3.894257709639719873e-06 4.008632039137862984e-06
8.970730888392876295e+03 4.265977324314852114e-06 4.265976343409530851e-06 4.081657768206435838e-06 4.204537145310272087e-06
8.970830888372876871e+03 4.487300088640747081e-06 4.487297561582492859e-06 4.288747997309288634e-06 4.421115215844176473e-06
8.970930888352877446e+03 4.731862623971102105e-06 4.731859026900206058e-06 4.517384233255372835e-06 4.660368628042226717e-06
8.971030888332878021e+03 5.003171772919762904e-06 5.003168364114603374e-06 4.770813461717175746e-06 4.925717866250513726e-06
8.971130888312878596e+03 5.304076456542301728e-06 5.304076299052566296e-06 5.051570631099745676e-06 5.219907795564871233e-06
8.971230888292879172e+03 5.641704080587078639e-06 5.641701780346648888e-06 5.366430207223072031e-06 5.549945356052267649e-06
8.971330888272879747e+03 6.021087946822685772e-06 6.021083833873439995e-06 5.719983077272303089e-06 5.920718285989476850e-06
8.971430888252880322e+03 6.448155644095754512e-06 6.448153448641680033e-06 6.117669388030097004e-06 6.337992826922510516e-06
8.971530888232880898e+03 6.929643951975580769e-06 6.929641904471379840e-06 6.565622348655808105e-06 6.808302735034255673e-06
8.971630888212881473e+03 7.474736625637248259e-06 7.474736260689126115e-06 7.072334450794592565e-06 7.340602445706988697e-06
8.971730888192882048e+03 8.091524681243391116e-06 8.091522262102553690e-06 7.645126598494610492e-06 7.942724513946851201e-06
8.971830888172882624e+03 8.796155929004163446e-06 8.796154754068079149e-06 8.299222482493311262e-06 8.630511055188517952e-06
8.971930888152883199e+03 9.600358142378922317e-06 9.600356975778678989e-06 9.045385053594631240e-06 9.415366723917411413e-06
8.972030888132883774e+03 1.051828625558006125e-05 1.051828740651192639e-05 9.896739817488430917e-06 1.031110449319347116e-05
8.972130888112884350e+03 1.156816661930265989e-05 1.156816404341297489e-05 1.087058198597801127e-05 1.133563754956454925e-05
8.972230888092884925e+03 1.276577055527443936e-05 1.276576678331007856e-05 1.198197024843835086e-05 1.250450252900762293e-05
8.972330888072885500e+03 1.412284845168350499e-05 1.412284201776336300e-05 1.324256605107281503e-05 1.382941884017322824e-05
8.972430888052886075e+03 1.564995580551571322e-05 1.564995398537637436e-05 1.466388507824073416e-05 1.532126495637760612e-05
8.972530888032886651e+03 1.734389350059958138e-05 1.734389111261684584e-05 1.624541069683598698e-05 1.697773177001746914e-05
8.972630888012887226e+03 1.917738781552679258e-05 1.917738139065032312e-05 1.796528069733386432e-05 1.877334996783699221e-05
8.972730887992887801e+03 2.110138944132939102e-05 2.110138699520684253e-05 1.978310728242175666e-05 2.066196123965266453e-05
8.972830887972888377e+03 2.301924994602853262e-05 2.301924506310407776e-05 2.161442773267484080e-05 2.255097424726915152e-05
8.972930887952888952e+03 2.479829327156158207e-05 2.479829262042954749e-05 2.334085728303185580e-05 2.431248105834099964e-05
8.973030887932889527e+03 2.626624774284036081e-05 2.626624139201933479e-05 2.480303427920205536e-05 2.577850780468724580e-05
8.973130887912890103e+03 2.724711613491678596e-05 2.724711008590723966e-05 2.583160210460416843e-05 2.677527610847606242e-05
8.973230887892890678e+03 2.761367789828084274e-05 2.761366469250842626e-05 2.629575454493441217e-05 2.717436571190789146e-05
8.973330887872891253e+03 2.731329317971506416e-05 2.731328182065596136e-05 2.612871445077259223e-05 2.691842981704786807e-05
8.973430887852891829e+03 2.639473407739847198e-05 2.639472169143154202e-05 2.535936730389386234e-05 2.604960769090795426e-05
8.973530887832892404e+03 2.499389556238470065e-05 2.499388153543786705e-05 2.410499378605614784e-05 2.469759029462623964e-05
8.973630887812892979e+03 2.328298202253430998e-05 2.328297586427778806e-05 2.252526127816953922e-05 2.303040638832721016e-05
8.973730887792893554e+03 2.143372098520420320e-05 2.143371340925071086e-05 2.078664456619434774e-05 2.121802632021642173e-05
8.973830887772894130e+03 1.958230485798927926e-05 1.958229401109721999e-05 1.902543278935286993e-05 1.939667721947978973e-05
8.973930887752894705e+03 1.782061589231103701e-05 1.782061319204056578e-05 1.733632275277846720e-05 1.765918394571002446e-05
8.974030887732895280e+03 1.620198806447829151e-05 1.620198146460854886e-05 1.577624854685830903e-05 1.606007269198171533e-05
8.974130887712895856e+03 1.475333378021860902e-05 1.475332056344093571e-05 1.437539724109595622e-05 1.462735052825183478e-05
8.974230887692896431e+03 1.347448994251275188e-05 1.347448328429106365e-05 1.313628345168406817e-05 1.336175222616262846e-05
8.974330887672897006e+03 1.235806490718026657e-05 1.235805892415731601e-05 1.205348906577785695e-05 1.225653763237181318e-05
8.974430887652897582e+03 1.139147474526854193e-05 1.139147543104047000e-05 1.111583350873867747e-05 1.129959456168256144e-05
8.974530887632898157e+03 1.055622036078163946e-05 1.055621856586698242e-05 1.030587229172563221e-05 1.047277040612475136e-05
8.974630887612898732e+03 9.835478951012002123e-06 9.835472948357589166e-06 9.607501214023858675e-06 9.759484371131149988e-06
8.974730887592899307e+03 9.218766634259288248e-06 9.218771365385745512e-06 9.010807617430266668e-06 9.149448539025098449e-06
8.974830887572899883e+03 8.692068954782566966e-06 8.692060337749767920e-06 8.502186029239809138e-06 8.628771773924048008e-06
8.974930887552900458e+03 8.240467714518701493e-06 8.240462390602768412e-06 8.067082188128726555e-06 8.182670764416729895e-06
8.975030887532901033e+03 7.853438345270662315e-06 7.853434620314063582e-06 7.695213327505542498e-06 7.800695431030088900e-06
8.975130887512901609e+03 7.527352495651401655e-06 7.527345869554684785e-06 7.383179875201590286e-06 7.479292746802558908e-06
8.975230887492902184e+03 7.250239649198138577e-06 7.250231439154840023e-06 7.119214562330843075e-06 7.206561883561274174e-06
8.975330887472902759e+03 7.015184663183576745e-06 7.015183474630799158e-06 6.896567528711003810e-06 6.975645222175125442e-06
8.975430887452903335e+03 6.821479291080987556e-06 6.821473679141123902e-06 6.714664768739378818e-06 6.785872579653830092e-06
8.975530887432903910e+03 6.662524489444871396e-06 6.662517847582355689e-06 6.567054838503869466e-06 6.630699058510364952e-06
8.975630887412904485e+03 6.534786300643969879e-06 6.534774194843949618e-06 6.450327619554309605e-06 6.506629371680743881e-06
8.975730887392905061e+03 6.434823259298886992e-06 6.434817247274626912e-06 6.361168171038150390e-06 6.410269559203887251e-06
8.975830887372905636e+03 6.358678702935678151e-06 6.358676379999188619e-06 6.295719607895380106e-06 6.337691563610082574e-06
8.975930887352906211e+03 6.306889418573013623e-06 6.306883663200706414e-06 6.254660386525985963e-06 6.289477822766568949e-06
8.976030887332906786e+03 6.280140061962718770e-06 6.280137386447525735e-06 6.238764866640570060e-06 6.266347438350271804e-06
8.976130887312907362e+03 6.270858060068841201e-06 6.270852733568523353e-06 6.240585595217629407e-06 6.260765462951664936e-06
8.976230887292907937e+03 6.281204485488243516e-06 6.281201643494325279e-06 6.262415965606815843e-06 6.274940698196460699e-06
8.976330887272908512e+03 6.311610100690815145e-06 6.311607013300144199e-06 6.304806227986513021e-06 6.309341113992490788e-06
8.976430887252909088e+03 6.359564419771691756e-06 6.359555119809014291e-06 6.365396711583003993e-06 6.361505417054570578e-06
8.976530887232909663e+03 6.425323213007876931e-06 6.425313939806840363e-06 6.444601148408626084e-06 6.431746100407780844e-06
8.976630887212910238e+03 6.510406254258851984e-06 6.510396060094401887e-06 6.544110538916066615e-06 6.521637617756439315e-06
8.976730887192910814e+03 6.612562112538866908e-06 6.612554416641931371e-06 6.661872793226004057e-06 6.628996440802266598e-06
8.976830887172911389e+03 6.731114452166017753e-06 6.731108940380840042e-06 6.797434311724868749e-06 6.753219234757242463e-06
8.976930887152911964e+03 6.871689504181192880e-06 6.871681857664878870e-06 6.956656226542479769e-06 6.900009196129517173e-06
8.977030887132912540e+03 7.031152292315288389e-06 7.031137380801528616e-06 7.136703307714168239e-06 7.066330993610328414e-06
8.977130887112913115e+03 7.209459695597182134e-06 7.209453619847270711e-06 7.337877497194504684e-06 7.252263604212986125e-06
8.977230887092913690e+03 7.412769990539041789e-06 7.412754193725957797e-06 7.566713748830423705e-06 7.464079311031808046e-06
8.977330887072914265e+03 7.635544397447283373e-06 7.635536899615306028e-06 7.818174694713470101e-06 7.696418663925353167e-06
8.977430887052914841e+03 7.883722129598408153e-06 7.883709366210098787e-06 8.098677062379210800e-06 7.955369519395905914e-06
8.977530887032915416e+03 8.162259134975094127e-06 8.162257577922345537e-06 8.413835446506412900e-06 8.246117386467950855e-06
8.977630887012915991e+03 8.466555309582649350e-06 8.466538478802788380e-06 8.759758187183680383e-06 8.564283991856372704e-06
8.977730886992916567e+03 8.801828756977906178e-06 8.801810078453269014e-06 9.142624044052493078e-06 8.915420959827890553e-06
8.977830886972917142e+03 9.175217463136595261e-06 9.175201090942032120e-06 9.570591141174801609e-06 9.307003231751144126e-06
8.977930886952917717e+03 9.586712568820068400e-06 9.586695131963935632e-06 1.004482930986569421e-05 9.739412336883232748e-06
8.978030886932918293e+03 1.004137555441314726e-05 1.004135937336115539e-05 1.057201394508541209e-05 1.021824962428657271e-05
8.978130886912918868e+03 1.054897497237069675e-05 1.054894209606523185e-05 1.116337243707248441e-05 1.075376316850280434e-05
8.978230886892919443e+03 1.110936049445435434e-05 1.110933126030208158e-05 1.182102437980920913e-05 1.134657204485521671e-05
8.978330886872920019e+03 1.173300510156366307e-05 1.173293068046154597e-05 1.255761211306034607e-05 1.200784929836185283e-05
8.978430886852920594e+03 1.242770234648523751e-05 1.242769539563787252e-05 1.338353630583334293e-05 1.274631134931881539e-05
8.978530886832921169e+03 1.321002415634031635e-05 1.321001228154921502e-05 1.431781058070165266e-05 1.357928233953039355e-05
8.978630886812921744e+03 1.407539750098912843e-05 1.407535391434006452e-05 1.536134765338183203e-05 1.450403302290367499e-05
8.978730886792922320e+03 1.505936887899747293e-05 1.505930596282473162e-05 1.655002563475375214e-05 1.555623349219198274e-05
8.978830886772922895e+03 1.622981500191121064e-05 1.622974974401186930e-05 1.795111681240942392e-05 1.680356051944416796e-05
8.978930886752923470e+03 1.735682787951103997e-05 1.735677606393031712e-05 1.933571021929906544e-05 1.801643805424680864e-05
8.979030886732924046e+03 1.856544621730070812e-05 1.856543169368224166e-05 2.084063611484528416e-05 1.932383800860941245e-05
8.979130886712924621e+03 2.000471607217471743e-05 2.000466617871694055e-05 2.259534495638812354e-05 2.086824240242659271e-05
8.979230886692925196e+03 2.163087677281535888e-05 2.163081423936893044e-05 2.454457584172620830e-05 2.260208895130349808e-05
8.979330886672925772e+03 2.344539530010243542e-05 2.344536612063481641e-05 2.666822785364451418e-05 2.451966309146059206e-05
8.979430886652926347e+03 2.544904145899447092e-05 2.544904287564216404e-05 2.893631863496199129e-05 2.661146765653287654e-05
8.979530886632926922e+03 2.763391465402968155e-05 2.763384912900200010e-05 3.130541051710971880e-05 2.885772476671379902e-05
8.979630886612927497e+03 2.998618217250836150e-05 2.998599742582559963e-05 3.372678278575173420e-05 3.123298746136190070e-05
8.979730886592928073e+03 3.248549474066522247e-05 3.248511569936952357e-05 3.615542242300238187e-05 3.370867762101238500e-05
8.979830886572928648e+03 3.510823779368517063e-05 3.510815767423307548e-05 3.855597879610559407e-05 3.625745808800794447e-05
8.979930886552929223e+03 3.783650459663856323e-05 3.783655245585444151e-05 4.091005003110562794e-05 3.886103569453287982e-05
8.980030886532929799e+03 4.065486606383904669e-05 4.065481331240711449e-05 4.320433885436878075e-05 4.150467274353830720e-05
8.980130886512930374e+03 4.354725531063308988e-05 4.354717883571469842e-05 4.542121867330396290e-05 4.417188427321725266e-05
8.980230886492930949e+03 4.649361709532936847e-05 4.649365574305661922e-05 4.753593175808997292e-05 4.684106819882531795e-05
8.980330886472931525e+03 4.946232706619516024e-05 4.946230893880710120e-05 4.951890952190602757e-05 4.948118184230276752e-05
8.980430886452932100e+03 5.241574136217896132e-05 5.241572177524627248e-05 5.135105079080516574e-05 5.206083797607680662e-05
8.980530886432932675e+03 5.531605738127359838e-05 5.531613963854794104e-05 5.303292065077757478e-05 5.455503922353304033e-05
8.980630886412933251e+03 5.812820415686357090e-05 5.812824051600268618e-05 5.458243576592751320e-05 5.694629347959792343e-05
8.980730886392933826e+03 6.082389316657283704e-05 6.082381996270038241e-05 5.602847961228574485e-05 5.922539758051965025e-05
8.980830886372934401e+03 6.334249741837106413e-05 6.334249778491295754e-05 5.735689244963885906e-05 6.134729588430762239e-05
8.980930886352934976e+03 6.603899818239510478e-05 6.603895215258523117e-05 5.892492712134035919e-05 6.366762581877356505e-05
8.981030886332935552e+03 6.855732598105246877e-05 6.855729878615957897e-05 6.050546181475613199e-05 6.587336219398939776e-05
8.981130886312936127e+03 7.087731174425434546e-05 7.087717391552064911e-05 6.204832634881418294e-05 6.793427066952972132e-05
8.981230886292936702e+03 7.306109377247892839e-05 7.306118139870172094e-05 6.364595163954469106e-05 6.992274227024178465e-05
8.981330886272937278e+03 7.494128661701798789e-05 7.494130724523448937e-05 6.518836375346006521e-05 7.169031920523751867e-05
8.981430886252937853e+03 7.656576085916386371e-05 7.656569392938409788e-05 6.671767276943580153e-05 7.328304251932792556e-05
8.981530886232938428e+03 7.788537160936570601e-05 7.788521068191508719e-05 6.819746753108418466e-05 7.465601660745499262e-05
8.981630886212939004e+03 7.886881367986063596e-05 7.886876430843868687e-05 6.958984036380375961e-05 7.577580611736769414e-05
8.981730886192939579e+03 7.949264204088935686e-05 7.949259725066605521e-05 7.084685656566432370e-05 7.661069861907323622e-05
8.981830886172940154e+03 7.974850412599580006e-05 7.974856815666347672e-05 7.192012761866001345e-05 7.713906663377309222e-05
8.981930886152940730e+03 7.963331677295078074e-05 7.963330703258064919e-05 7.275507227346792176e-05 7.734056535966644605e-05
8.982030886132941305e+03 7.915732914999723047e-05 7.915731204336094609e-05 7.330354262603079119e-05 7.720606127312965592e-05
8.982130886112941880e+03 7.833698102895717008e-05 7.833702395197961979e-05 7.352273891097920214e-05 7.673224796397198379e-05
8.982230886092942455e+03 7.719879284995379638e-05 7.719877061019910793e-05 7.338324218062672051e-05 7.592693521359319020e-05
8.982330886072943031e+03 7.577769388662285936e-05 7.577762618189599756e-05 7.287320515804526116e-05 7.480950840885469699e-05
8.982430886052943606e+03 7.411751907500096776e-05 7.411748436034471508e-05 7.200142357609638874e-05 7.341214233714735268e-05
8.982530886032944181e+03 7.226970377971875627e-05 7.226969214555555964e-05 7.079832235741629546e-05 7.177923942756354164e-05
8.982630886012944757e+03 7.029521101882433914e-05 7.029523036925653865e-05 6.931803500512342291e-05 6.996949213106809571e-05
8.982730885992945332e+03 6.825650631943503278e-05 6.825649480100327588e-05 6.762854713309455123e-05 6.804718275117762900e-05
8.982830885972945907e+03 6.621935729962818182e-05 6.621934701256531361e-05 6.581041662934023471e-05 6.608304031384458575e-05
8.982930885952946483e+03 6.424563244866728182e-05 6.424558608251457041e-05 6.394534121126299153e-05 6.414551991414827673e-05
8.983030885932947058e+03 6.239394458772961889e-05 6.239392685425776918e-05 6.211303034401537929e-05 6.230030059533425127e-05
8.983130885912947633e+03 6.071687266499445866e-05 6.071685204414352529e-05 6.038496776022458771e-05 6.060623082312085270e-05
8.983230885892948208e+03 5.926019024842589826e-05 5.926016038090488487e-05 5.882126444710129317e-05 5.911387169214403221e-05
8.983330885872948784e+03 5.806324837749975669e-05 5.806320276831831317e-05 5.747026219153760916e-05 5.786557111245189527e-05
8.983430885852949359e+03 5.715789275642528587e-05 5.715785934478851343e-05 5.636770377623491192e-05 5.689448529248290374e-05
8.983530885832949934e+03 5.656919901180921579e-05 5.656921201437708992e-05 5.553845655857146224e-05 5.622562252825258480e-05
8.983630885812950510e+03 5.631129771531181164e-05 5.631127933996245348e-05 5.499517886980790618e-05 5.587258530836072828e-05
8.983730885792951085e+03 5.638988396882872999e-05 5.638985734026442687e-05 5.474406380068918822e-05 5.584126836992744610e-05
8.983830885772951660e+03 5.679700387034227079e-05 5.679702879960961398e-05 5.478284890363705357e-05 5.612562719119630600e-05
8.983930885752952236e+03 5.751300331724571899e-05 5.751305493683124423e-05 5.510612234219809636e-05 5.671072686542501760e-05
8.984030885732952811e+03 5.850285903440439095e-05 5.850284731877397880e-05 5.570263685756173222e-05 5.756944773691336506e-05
8.984130885712953386e+03 5.972332167849252221e-05 5.972326213004667666e-05 5.656118237522837273e-05 5.866925539458919505e-05
8.984230885692953962e+03 6.112213421826387860e-05 6.112216068065343632e-05 5.766485954987965267e-05 5.996971814959899371e-05
8.984330885672954537e+03 6.264171815137700142e-05 6.264175351689824968e-05 5.898945797200834618e-05 6.142430988009453920e-05
8.984430885652955112e+03 6.422027380125855346e-05 6.422026564660874648e-05 6.049892817240051991e-05 6.297982254008925747e-05
8.984530885632955687e+03 6.579013447600169640e-05 6.579011608055663064e-05 6.214121569316435217e-05 6.457382208324089759e-05
8.984630885612956263e+03 6.727942273425976515e-05 6.727939077999735469e-05 6.384870013429511961e-05 6.613583788285075100e-05
8.984730885592956838e+03 6.861145868936690910e-05 6.861140740342241019e-05 6.553799994190082599e-05 6.758695534489671058e-05
8.984830885572957413e+03 6.970992577242618687e-05 6.970991500420569732e-05 6.711672989540642964e-05 6.884552355734610009e-05
8.984930885552957989e+03 7.050666035075930905e-05 7.050662603805442352e-05 6.849184092766733608e-05 6.983504243882702740e-05
8.985030885532958564e+03 7.094744203762492498e-05 7.094747921467852911e-05 6.957715575320880729e-05 7.049069233517075831e-05
8.985130885512959139e+03 7.100039919944259054e-05 7.100041746649045837e-05 7.030459439413954954e-05 7.076847035335753734e-05
8.985230885492959715e+03 7.065849160373922986e-05 7.065850918477730922e-05 7.062978207431687850e-05 7.064892762094447253e-05
8.985330885472960290e+03 6.994083456228208592e-05 6.994085007139769770e-05 7.053746676134220234e-05 7.013971713167399080e-05
8.985430885452960865e+03 6.888380802685550614e-05 6.888382569273470942e-05 7.003659969203124085e-05 6.926807780387380525e-05
8.985530885432961441e+03 6.754187512737613310e-05 6.754186353402055797e-05 6.916285176140764778e-05 6.808219680760144177e-05
8.985630885412962016e+03 6.596542968573787362e-05 6.596543388284718140e-05 6.795756158448373635e-05 6.662947505102293497e-05
8.985730885392962591e+03 6.421559577734264261e-05 6.421560823187531417e-05 6.648125533842784006e-05 6.497081978254860347e-05
8.985830885372963166e+03 6.233860038769463690e-05 6.233860175732430699e-05 6.478640061969449511e-05 6.315453425490448870e-05
8.985930885352963742e+03 6.038268466926676939e-05 6.038266870825461470e-05 6.293186407908016268e-05 6.123240581886717096e-05
8.986030885332964317e+03 5.837568270040715467e-05 5.837569309589946262e-05 6.095847117224454612e-05 5.923661565618372113e-05
8.986130885312964892e+03 5.634624022675885363e-05 5.634626500893311828e-05 5.890827901793511186e-05 5.720026141787569007e-05
8.986230885292965468e+03 5.430457366069761958e-05 5.430455772004337322e-05 5.680438564199728578e-05 5.513783900757942619e-05
8.986330885272966043e+03 5.224933623636747785e-05 5.224933618744877049e-05 5.465648226340763440e-05 5.305171822907463436e-05
8.986430885252966618e+03 5.019084332018955858e-05 5.019081993354324034e-05 5.248422723627423861e-05 5.095529683000235262e-05
8.986530885232967194e+03 4.811846505402416906e-05 4.811844985854735456e-05 5.028472655738280844e-05 4.884054715665144176e-05
8.986630885212967769e+03 4.601522309194212883e-05 4.601524353386086898e-05 4.804652258552598028e-05 4.669232973710966614e-05
8.986730885192968344e+03 4.388342610885571937e-05 4.388344828675410568e-05 4.577583189280957693e-05 4.451423542947313851e-05
8.986830885172968920e+03 4.170231940157287978e-05 4.170234795019827110e-05 4.345522652686127765e-05 4.228663129287747166e-05
8.986930885152969495e+03 3.946325399328653164e-05 3.946327202490707378e-05 4.107786859830797100e-05 4.000146487216719440e-05
8.987030885132970070e+03 3.717605907524777027e-05 3.717605858734412104e-05 3.865510114790340923e-05 3.766907293683176684e-05
8.987130885112970645e+03 3.484525949871027626e-05 3.484530847877172449e-05 3.619277276828474838e-05 3.529444691525558079e-05
8.987230885092971221e+03 3.249692477083945661e-05 3.249694399361322000e-05 3.371782847153818077e-05 3.290389907866361687e-05
8.987330885072971796e+03 3.016455735952163508e-05 3.016457045088820146e-05 3.126462688517787317e-05 3.053125156519591001e-05
8.987430885052972371e+03 2.787456692434920605e-05 2.787457146986195222e-05 2.885940569997661015e-05 2.820284803139592506e-05
8.987530885032972947e+03 2.569142279914415696e-05 2.569142696716685139e-05 2.657107994086173075e-05 2.598464323572424411e-05
8.987630885012973522e+03 2.364063785140620529e-05 2.364064212239998461e-05 2.442443336125019033e-05 2.390190444501879454e-05
8.987730884992974097e+03 2.174496660684886715e-05 2.174497083785129368e-05 2.244239947824143368e-05 2.197744564098053489e-05
8.987830884972974673e+03 2.001544996498959560e-05 2.001545400100145642e-05 2.063585890387623585e-05 2.022225428995576149e-05
8.987930884952975248e+03 1.845264784358797148e-05 1.845265159360541892e-05 1.900489377637970900e-05 1.863673107119103088e-05
8.988030884932975823e+03 1.704945107359856331e-05 1.704945450061832950e-05 1.754169887834884593e-05 1.721353481752191291e-05
8.988130884912976398e+03 1.579407361342794646e-05 1.579407671544790301e-05 1.623368020647875709e-05 1.594061017845153439e-05
8.988230884892976974e+03 1.467251317765546498e-05 1.467251596667474499e-05 1.506600115545684669e-05 1.480367676659568442e-05
8.988330884872977549e+03 1.367027212626983262e-05 1.367027462728762928e-05 1.402336077085538729e-05 1.378796917480428250e-05
8.988430884852978124e+03 1.277341126438130433e-05 1.277341350439748570e-05 1.309108002333240449e-05 1.287930159737039592e-05
8.988530884832978700e+03 1.196910699494251480e-05 1.196910899995713159e-05 1.225567334944027589e-05 1.206462978144664132e-05
8.988630884812979275e+03 1.124588093370768454e-05 1.124588272972072478e-05 1.150508111529379377e-05 1.133228159290740103e-05
8.988730884792979850e+03 1.059363338326019430e-05 1.059363499427177580e-05 1.082869935900596235e-05 1.067198924551264584e-05
8.988830884772980426e+03 1.000357056264002399e-05 1.000357200865038528e-05 1.021730006052148282e-05 1.007481421060396346e-05
8.988930884752981001e+03 9.468082078094949459e-06 9.468083378704109354e-06 9.662900463651398765e-06 9.533021973483486424e-06
8.989030884732981576e+03 8.980601778785491271e-06 8.980602949993670065e-06 9.158615752385661975e-06 9.039940160388274437e-06
8.989130884712982152e+03 8.535470065978004566e-06 8.535471122085300366e-06 8.698513734860972437e-06 8.589818307641425789e-06
8.989230884692982727e+03 8.127806595809456683e-06 8.127807549515969791e-06 8.277480735780897510e-06 8.177698293702107430e-06
8.989330884672983302e+03 7.753397021712191500e-06 7.753397884218009880e-06 7.891102405591291541e-06 7.799299103840495382e-06
8.989430884652983877e+03 7.408594527508383927e-06 7.408595308513600142e-06 7.535560167127364464e-06 7.450916667716450640e-06
8.989530884632984453e+03 7.090235428062862211e-06 7.090236136267536315e-06 7.207542498120908686e-06 7.129338020817102122e-06
8.989630884612985028e+03 6.795567451779799264e-06 6.795568094584010884e-06 6.904169568258917263e-06 6.831768371540909420e-06
8.989730884592985603e+03 6.522189104051211895e-06 6.522189688254997435e-06 6.622929536598064696e-06 6.555769442968090777e-06
8.989830884572986179e+03 6.267998532397287390e-06 6.267999063900702278e-06 6.361624840876203603e-06 6.299207479058064424e-06
8.989930884552986754e+03 6.031150441313111727e-06 6.031150925316199647e-06 6.118326949035387943e-06 6.060209438554900337e-06
8.990030884532987329e+03 5.810019777441635693e-06 5.810020218644426616e-06 5.891338226573659200e-06 5.837126074219906605e-06
8.990130884512987905e+03 5.603171087658492550e-06 5.603171490161023198e-06 5.679159763613486933e-06 5.628500780477667560e-06
8.990230884492988480e+03 5.409332615686833045e-06 5.409332983289122765e-06 5.480464182402122291e-06 5.433043260459359650e-06
8.990330884472989055e+03 5.227374359659299079e-06 5.227374695661378069e-06 5.294072603961735280e-06 5.249607219760803860e-06
8.990430884452989631e+03 5.056289437535094315e-06 5.056289744836988241e-06 5.118935091296775513e-06 5.077171424556286306e-06
8.990530884432990206e+03 4.895178220214933266e-06 4.895178501616648448e-06 4.954113998500190624e-06 4.914823573443923830e-06
8.990630884412990781e+03 4.743234784416750096e-06 4.743235042218317259e-06 4.798769756922469375e-06 4.761746527852511961e-06
8.990730884392991356e+03 4.599735312356065931e-06 4.599735548657497437e-06 4.652148705946082298e-06 4.617206522319882171e-06
8.990830884372991932e+03 4.464028130545635044e-06 4.464028347346937466e-06 4.513572645180140247e-06 4.480543041024237303e-06
8.990930884352992507e+03 4.335525131822734998e-06 4.335525330823927178e-06 4.382429838483791116e-06 4.351160100376817482e-06
8.991030884332993082e+03 4.213694366263984690e-06 4.213694549165065987e-06 4.258167246877099369e-06 4.228518720768716682e-06
8.991130884312993658e+03 4.098053625136115236e-06 4.098053793237112666e-06 4.140283802389164511e-06 4.112130406920797189e-06
8.991230884292994233e+03 3.988164868342755511e-06 3.988165023043662069e-06 4.028324568302260540e-06 4.001551486562891860e-06
8.991330884272994808e+03 3.883629371779295190e-06 3.883629514180129695e-06 3.921875655304498159e-06 3.896378180421307963e-06
8.991430884252995384e+03 3.784083490403568789e-06 3.784083621704323665e-06 3.820559783158842197e-06 3.796242298422245166e-06
8.991530884232995959e+03 3.689194949392387134e-06 3.689195070493082744e-06 3.724032396457868356e-06 3.700807472114446220e-06
8.991630884212996534e+03 3.598659588522142766e-06 3.598659700422771385e-06 3.631978257703033030e-06 3.609765848882648919e-06
8.991730884192997109e+03 3.512198499143131388e-06 3.512198602543714500e-06 3.544108449277996347e-06 3.522835183654947271e-06
8.991830884172997685e+03 3.429555498557702891e-06 3.429555594158239537e-06 3.460157731925565194e-06 3.439756274880502258e-06
8.991930884152998260e+03 3.350494897708624332e-06 3.350494986309107484e-06 3.379882210235327435e-06 3.360290698084353225e-06
8.992030884132998835e+03 3.274799524754387808e-06 3.274799606854837531e-06 3.303057264318200804e-06 3.284218798642475805e-06
8.992130884112999411e+03 3.202268968462149550e-06 3.202269044762551754e-06 3.229475715698564011e-06 3.211337909641088579e-06
8.992230884092999986e+03 3.132718017394285065e-06 3.132718088294660378e-06 3.158946194900453209e-06 3.141460766863132602e-06
8.992330884073000561e+03 3.065975266797031549e-06 3.065975332897366864e-06 3.091291687035543164e-06 3.074414095576647475e-06
