1.675663258314999950e+02 5.776223130499999852e-06 4.816343078300000160e-06 5.251435697100000313e-06 5.281333968633332595e-06
1.676663258314999894e+02 4.233225336500000139e-06 3.344802029700000087e-06 3.751524055700000003e-06 3.776517140633332986e-06
1.677663258314999837e+02 3.834151766300113314e-06 2.959524656600109154e-06 3.361079166000110872e-06 3.384918529633444447e-06
1.678663258314999780e+02 3.688124544100041354e-06 2.814540152500041107e-06 3.216065345900041090e-06 3.239576680833375364e-06
1.679663258314999723e+02 3.629232052200016804e-06 2.753379681200017152e-06 3.156214280300017037e-06 3.179608671233350613e-06
1.680663258314999666e+02 3.602716092400007678e-06 2.722895580900008364e-06 3.127734235100008253e-06 3.151115302800007816e-06
1.681663258314999609e+02 3.582886203300005584e-06 2.697657607400007159e-06 3.105087249900006328e-06 3.128543686866673165e-06
1.682663258314999553e+02 3.582922333999999948e-06 2.691694812600003222e-06 3.101949955900001678e-06 3.125522367500001757e-06
1.683663258314999496e+02 3.577746289100002990e-06 2.680693987700006148e-06 3.093710511400004779e-06 3.117383596066671447e-06
1.684663258314999439e+02 3.577613057999999994e-06 2.673906493400003769e-06 3.090029638000002329e-06 3.113849729800002313e-06
1.685663258314999382e+02 3.591275105999992313e-06 2.680706127399996387e-06 3.100028313699994454e-06 3.124003182366660628e-06
1.686663258314999325e+02 3.596252319899997203e-06 2.679162563900000826e-06 3.101546193599999213e-06 3.125653692466666171e-06
1.687663258314999268e+02 3.603875564499993600e-06 2.679604437399999492e-06 3.105321042599996672e-06 3.129600348166663537e-06
1.688663258314999212e+02 3.623914894099983102e-06 2.692855212999988710e-06 3.121762519199986175e-06 3.146177542099985996e-06
1.689663258314999155e+02 3.645936881599981346e-06 2.707322876599987612e-06 3.139727617299984662e-06 3.164329125166650359e-06
1.690663258314999098e+02 3.657598139999990218e-06 2.711370430999996599e-06 3.147304591699993695e-06 3.172091054233326273e-06
1.691663258314999041e+02 3.668972245999990106e-06 2.715560023099996715e-06 3.154861132399993626e-06 3.179797800499993059e-06
1.692663258314998984e+02 3.682426462799984665e-06 2.721141170899993823e-06 3.164092303199989609e-06 3.189219978966656174e-06
1.693663258314998927e+02 3.707549394399971818e-06 2.738256725099980528e-06 3.184917556899976254e-06 3.210241225466642867e-06
1.694663258314998870e+02 3.722167911299983365e-06 2.745345122499991892e-06 3.195532262499987959e-06 3.221015098766654688e-06
1.695663258314998814e+02 3.738041184299981734e-06 2.752978195399991340e-06 3.206986759699987070e-06 3.232668713133319907e-06
1.696663258314998757e+02 3.764548174799969855e-06 2.771194893199979227e-06 3.229050319299975043e-06 3.254931129099974567e-06
1.697663258314998700e+02 3.769893001999992298e-06 2.768682670800003439e-06 3.230214164499998184e-06 3.256263279099998539e-06
1.698663258314998643e+02 3.788098029699974200e-06 2.778302995499986292e-06 3.243820847899980653e-06 3.270073957699980523e-06
1.699663258314998586e+02 3.828912011599942784e-06 2.810420544999954373e-06 3.279977585499948750e-06 3.306436714033281405e-06
1.700663258314998529e+02 3.848275261899972514e-06 2.820994856699985218e-06 3.294628672899979291e-06 3.321299597166645251e-06
1.701663258314998473e+02 3.855548109599989542e-06 2.819970424600001262e-06 3.297501171199995801e-06 3.324339901799995817e-06
1.702663258314998416e+02 3.875288316599966513e-06 2.830680729699981818e-06 3.312410494799974753e-06 3.339459847033307553e-06
1.703663258314998359e+02 3.907161438399945800e-06 2.853408931199961151e-06 3.339387931999953846e-06 3.366652767199953740e-06
1.704663258314998302e+02 3.929072180599962420e-06 2.866020770899978354e-06 3.356320821999971086e-06 3.383804591166637146e-06
1.705663258314998245e+02 3.950798030899962542e-06 2.878426310099978881e-06 3.373069393899971431e-06 3.400764578299970951e-06
1.706663258314998188e+02 3.972379259599963294e-06 2.891140603799978312e-06 3.389950601499971362e-06 3.417823488299970989e-06
1.707663258314998131e+02 3.995310461399953961e-06 2.904460910599973522e-06 3.407754937399964425e-06 3.435842103133296879e-06
1.708663258314998075e+02 4.018920160899953067e-06 2.918324954199972376e-06 3.426164447499963534e-06 3.454469854199962710e-06
1.709663258314998018e+02 4.043049795499951437e-06 2.933262781099970560e-06 3.445434104599961609e-06 3.473915560399961766e-06
1.710663258314997961e+02 4.078705263399928877e-06 2.958860544299949376e-06 3.475722559499939825e-06 3.504429455733273116e-06
1.711663258314997904e+02 4.094111740899969254e-06 2.963406594799991137e-06 3.485290027999981093e-06 3.514269454566647161e-06
1.712663258314997847e+02 4.118741070099944128e-06 2.978434943999965547e-06 3.504855864299955632e-06 3.534010626133288436e-06
1.713663258314997790e+02 4.145294982399939891e-06 2.994583385099963297e-06 3.525868290299952099e-06 3.555248885933285519e-06
1.714663258314997734e+02 4.172412709099938351e-06 3.011220242799962497e-06 3.547414944299951003e-06 3.577015965399950758e-06
1.715663258314997677e+02 4.199014227699939739e-06 3.027793017599962352e-06 3.568731065399951759e-06 3.598512770233284616e-06
1.716663258314997620e+02 4.217792900099957255e-06 3.035022307599983380e-06 3.581320392799971144e-06 3.611378533499970311e-06
1.717663258314997563e+02 4.257847899899897467e-06 3.064062576199925825e-06 3.615522490899912365e-06 3.645810988999912168e-06
1.718663258314997506e+02 4.286894092799925787e-06 3.082755537999951949e-06 3.639128192199939383e-06 3.669592607666605565e-06
1.719663258314997449e+02 4.305915433899951446e-06 3.090583076899980254e-06 3.652216761899966656e-06 3.682905090899966119e-06
1.720663258314997393e+02 4.335726062199924064e-06 3.108947739699952935e-06 3.675955302099939618e-06 3.706876367999938872e-06
1.721663258314997336e+02 4.356290358499947726e-06 3.117935669099976932e-06 3.690393776999963197e-06 3.721539934866629144e-06
1.722663258314997279e+02 4.389172972299906463e-06 3.139007639599940103e-06 3.717023406199924063e-06 3.748401339366590210e-06
1.723663258314997222e+02 4.434314611699871777e-06 3.171428267699907537e-06 3.755373562399891131e-06 3.787038813933223199e-06
1.724663258314997165e+02 4.457108393399935414e-06 3.182215104299969463e-06 3.771825601899953498e-06 3.803716366533285560e-06
1.725663258314997108e+02 4.479230594599937395e-06 3.192876256699969616e-06 3.787948955899954298e-06 3.820018602399953064e-06
1.726663258314997051e+02 4.514111641199900507e-06 3.215469672499935423e-06 3.816357633399919352e-06 3.848646315699918851e-06
1.727663258314996995e+02 4.550533700399886530e-06 3.239380455499924983e-06 3.846184912999907172e-06 3.878699689633239138e-06
1.728663258314996938e+02 4.587110092699885816e-06 3.263191659199925473e-06 3.876028086299906684e-06 3.908776612733239183e-06
1.729663258314996881e+02 4.612990429499918459e-06 3.276155068799959229e-06 3.895114085799940818e-06 3.928086528033273118e-06
1.730663258314996824e+02 4.639568556299916880e-06 3.289595065699957972e-06 3.914782391999938015e-06 3.947982004666605277e-06
1.731663258314996767e+02 4.678645820599878223e-06 3.314589441499921513e-06 3.946409069199901254e-06 3.979881443766566856e-06
1.732663258314996710e+02 4.707704196499901292e-06 3.330225674599946727e-06 3.968421424999924710e-06 4.002117098699923819e-06
1.733663258314996654e+02 4.747414605299864063e-06 3.357086576299908552e-06 4.001446118299887072e-06 4.035315766633218908e-06
1.734663258314996597e+02 4.789143230499857785e-06 3.384160423299907516e-06 4.035437012899883935e-06 4.069580222233216553e-06
1.735663258314996540e+02 4.809446937899930548e-06 3.390407263199978928e-06 4.048383978899955747e-06 4.082746059999954792e-06
1.736663258314996483e+02 4.852144532299854599e-06 3.418780207199903245e-06 4.083597403799879643e-06 4.118174047766545547e-06
1.737663258314996426e+02 4.897188113999834161e-06 3.448510835699890320e-06 4.120577326899863349e-06 4.155425425533195661e-06
1.738663258314996369e+02 4.930872724899875345e-06 3.467509943799929879e-06 4.146587338599904150e-06 4.181656669099903689e-06
1.739663258314996312e+02 4.964477334199875860e-06 3.486312325299930666e-06 4.172489333299904322e-06 4.207759664266570565e-06
1.740663258314996256e+02 4.998928157099872888e-06 3.505768973899927996e-06 4.199142267399901477e-06 4.234613132799901352e-06
1.741663258314996199e+02 5.034624130199867707e-06 3.526130352499924765e-06 4.226860851999897515e-06 4.262538444899896662e-06
1.742663258314996142e+02 5.072070895999851335e-06 3.548010984999912853e-06 4.256229758199883429e-06 4.292103879733215590e-06
1.743663258314996085e+02 5.122380977999799783e-06 3.581637363399866307e-06 4.297810856599835014e-06 4.333943065999833419e-06
1.744663258314996028e+02 5.163082453099838442e-06 3.605368037899905402e-06 4.329646029299872549e-06 4.366032173433205606e-06
1.745663258314995971e+02 5.202989055599841408e-06 3.629080721799905686e-06 4.361178348699875031e-06 4.397749375366540285e-06
1.746663258314995915e+02 5.243768568199837092e-06 3.653433673199902847e-06 4.393478811699870984e-06 4.430227017699870732e-06
1.747663258314995858e+02 5.285756119199821030e-06 3.678677221899892343e-06 4.426825855099857556e-06 4.463753065399856976e-06
1.748663258314995801e+02 5.329785687699812322e-06 3.704791236399888549e-06 4.461551284799852025e-06 4.498709402966517773e-06
1.749663258314995744e+02 5.374988953099807001e-06 3.731724871899885157e-06 4.497265446599847909e-06 4.534659757199846830e-06
1.750663258314995687e+02 5.419411894799810326e-06 3.758707922899884678e-06 4.532740359299848182e-06 4.570286725666515101e-06
1.751663258314995630e+02 5.454446705399850525e-06 3.775965031499926287e-06 4.558665158199889719e-06 4.596358965033222177e-06
1.752663258314995574e+02 5.503141749399778820e-06 3.805617970599865135e-06 4.597514211799823157e-06 4.635424643933155280e-06
1.753663258314995517e+02 5.563833641999723710e-06 3.846983515399811615e-06 4.648245683599769246e-06 4.686354280333102371e-06
1.754663258314995460e+02 5.602700745799822936e-06 3.867166078999908828e-06 4.677570945299867308e-06 4.715812590033200255e-06
1.755663258314995403e+02 5.643694472499813943e-06 3.888316571299903637e-06 4.708370533099860355e-06 4.746793858966525978e-06
1.756663258314995346e+02 5.706167537499716379e-06 3.931569606999803644e-06 4.761071860299759904e-06 4.799603001599759411e-06
1.757663258314995289e+02 5.749671458099789583e-06 3.954598658099889124e-06 4.794092961899840962e-06 4.832787692699840172e-06
1.758663258314995232e+02 5.794010053299785997e-06 3.978108787499886531e-06 4.827782995399837675e-06 4.866633945399836734e-06
1.759663258314995176e+02 5.850067169599728894e-06 4.013869106799827134e-06 4.873567566599778626e-06 4.912501280999777936e-06
1.760663258314995119e+02 5.909516708699712705e-06 4.050899957999820955e-06 4.921520510999767689e-06 4.960645725899766834e-06
1.761663258314995062e+02 5.956924003499771061e-06 4.077433517599871754e-06 4.958408258799821795e-06 4.997588593299821536e-06
1.762663258314995005e+02 6.006932604799744090e-06 4.105179409199857686e-06 4.997123626199801440e-06 5.036411880066468868e-06
1.763663258314994948e+02 6.069035948699682460e-06 4.144809284099797328e-06 5.047854519299740676e-06 5.087233250699739308e-06
1.764663258314994891e+02 6.122802726799724459e-06 4.175558775999842296e-06 5.089986175499784916e-06 5.129449226099784737e-06
1.765663258314994835e+02 6.187808066499666963e-06 4.217439160299785522e-06 5.143367137299727130e-06 5.182871454699726256e-06
1.766663258314994778e+02 6.241888394199723111e-06 4.248847079499839308e-06 5.186143486099781093e-06 5.225626319933115069e-06
1.767663258314994721e+02 6.289215486899744147e-06 4.270999016199880386e-06 5.220726498999814006e-06 5.260313667366479796e-06
1.768663258314994664e+02 6.358299089099627323e-06 4.315596701199759613e-06 5.277552942999693547e-06 5.317149577766359879e-06
1.769663258314994607e+02 6.418591650199675141e-06 4.350868878199809251e-06 5.325351172499742014e-06 5.364937233633075751e-06
1.770663258314994550e+02 6.470722570099718721e-06 4.376686328199860301e-06 5.364287980399789868e-06 5.403898959566456862e-06
1.771663258314994494e+02 6.545208975599597342e-06 4.425565536699735561e-06 5.426074878199666155e-06 5.465616463499667200e-06
1.772663258314994437e+02 6.609165723599636260e-06 4.464428447799779036e-06 5.477708714899705837e-06 5.517100962099706762e-06
1.773663258314994380e+02 6.666723148999673110e-06 4.494267664199830232e-06 5.521461627199750933e-06 5.560817480133085040e-06
1.774663258314994323e+02 6.736462365799603722e-06 4.535705952999764881e-06 5.577143643699683477e-06 5.616437320833017925e-06
1.775663258314994266e+02 6.807734375799594790e-06 4.579530595299750634e-06 5.634960085499671716e-06 5.674075018866337917e-06
1.776663258314994209e+02 6.879738570199590935e-06 4.623616986199749505e-06 5.693324036599667701e-06 5.732226530999670227e-06
1.777663258314994152e+02 6.943040625499622109e-06 4.658380906899792226e-06 5.742685639799705177e-06 5.781369057399705657e-06
1.778663258314994096e+02 7.009143982099605179e-06 4.694278333799785621e-06 5.793984406999694013e-06 5.832468907633028836e-06
1.779663258314994039e+02 7.089497350999520448e-06 4.743713383199704906e-06 5.859224636199610681e-06 5.897478456799611447e-06
1.780663258314993982e+02 7.171291916899511889e-06 4.794174782399698738e-06 5.925748683999602600e-06 5.963738461099604127e-06
1.781663258314993925e+02 7.244436452899563527e-06 4.835480076799753106e-06 5.983430434599656376e-06 6.021115654766324337e-06
1.782663258314993868e+02 7.317963609699540463e-06 4.877990101399734451e-06 6.042101504199633472e-06 6.079351738432969180e-06
1.783663258314993811e+02 7.405231712699454927e-06 4.932321099199660668e-06 6.113524351199553260e-06 6.150359054366222669e-06
1.784663258314993755e+02 7.474013634199569481e-06 4.967512341999780158e-06 6.166202561399670602e-06 6.202576179199674261e-06
1.785663258314993698e+02 7.555093652699492662e-06 5.014460961999705728e-06 6.230967531699595209e-06 6.266840715466264816e-06
1.786663258314993641e+02 7.649975247399407499e-06 5.074454883299624563e-06 6.309230975799510064e-06 6.344553702166180426e-06
1.787663258314993584e+02 7.725674111399504992e-06 5.114811730499736437e-06 6.368226738399614555e-06 6.402904193432951995e-06
1.788663258314993527e+02 7.813838367299424023e-06 5.167065332999659039e-06 6.439487328899534288e-06 6.473463676399538552e-06
1.789663258314993470e+02 7.905634686499399610e-06 5.222222201299638874e-06 6.514100613899512168e-06 6.547319167232849935e-06
1.790663258314993413e+02 8.001097712499377271e-06 5.278810311499630002e-06 6.591239305499495599e-06 6.623715776499499828e-06
1.791663258314993357e+02 8.088063504499430395e-06 5.326037519499691588e-06 6.659565238899553278e-06 6.691222087632891754e-06
1.792663258314993300e+02 8.176815516699395276e-06 5.376072438599658927e-06 6.730454821399516315e-06 6.761114258899523789e-06
1.793663258314993243e+02 8.289915238299229249e-06 5.449466014699499124e-06 6.825302390199352691e-06 6.854894547732694535e-06
1.794663258314993186e+02 8.386108915499344873e-06 5.503561763199630861e-06 6.902055999499476380e-06 6.930575559399483756e-06
1.795663258314993129e+02 8.473359885999405823e-06 5.548155995199695874e-06 6.969737178999538186e-06 6.997084353399546910e-06
1.796663258314993072e+02 8.584658786799241172e-06 5.616437208799534306e-06 7.061487585099374149e-06 7.087527860232716542e-06
1.797663258314993016e+02 8.686736101999275017e-06 5.675947011699576909e-06 7.144529555499409473e-06 7.169070889732753235e-06
1.798663258314992959e+02 8.783430572699312929e-06 5.727332607199635086e-06 7.220830061799457711e-06 7.243864413899469987e-06
1.799663258314992902e+02 8.896672794899195010e-06 5.792585632499536623e-06 7.312368072499349513e-06 7.333875499966027896e-06
1.800663258314992845e+02 9.022763520299103480e-06 5.871658469899438083e-06 7.417598070699251872e-06 7.437340020299264196e-06
1.801663258314992788e+02 9.129524095299241764e-06 5.930859295799579284e-06 7.503509914899389318e-06 7.521297768666070122e-06
1.802663258314992731e+02 9.241366960399172479e-06 5.992458974899545023e-06 7.593215082399336928e-06 7.609013672566018708e-06
1.803663258314992675e+02 9.365820514799080563e-06 6.066993985299449218e-06 7.696035893099238548e-06 7.709616797732589161e-06
1.804663258314992618e+02 9.485232229799118160e-06 6.135141425099495619e-06 7.793404248999280293e-06 7.804592634632631922e-06
1.805663258314992561e+02 9.619679428099007888e-06 6.215888007799403728e-06 7.904729351999176322e-06 7.913432262632528466e-06
1.806663258314992504e+02 9.748105989599050835e-06 6.288292136699464411e-06 8.009085722299229409e-06 8.015161282865914885e-06
1.807663258314992447e+02 9.869077387999071455e-06 6.352770730899505681e-06 8.106117313499255409e-06 8.109321810799276103e-06
1.808663258314992390e+02 1.000014817599899334e-05 6.428535452999419055e-06 8.214358875299169151e-06 8.214347501432527746e-06
1.809663258314992333e+02 1.010987607099915772e-05 6.478851479899613988e-06 8.299346831999348574e-06 8.296024794299373427e-06
1.810663258314992277e+02 1.027039420199876830e-05 6.580217316199222826e-06 8.435757385098952590e-06 8.428789634432315420e-06
1.811663258314992220e+02 1.051066686999815633e-05 6.759636567698623271e-06 8.651451381598345572e-06 8.640584939765041443e-06
1.812663258314992163e+02 1.063013075799904969e-05 6.815607702199554826e-06 8.745343813399252737e-06 8.730360757865950725e-06
1.813663258314992106e+02 1.064774656199985924e-05 6.767941606300379458e-06 8.736967885600065907e-06 8.717552017966767919e-06
1.814663258314992049e+02 1.089293385399804898e-05 6.944064277298597796e-06 8.954602364798268724e-06 8.930533498698303756e-06
1.815663258314991992e+02 1.113948648999803885e-05 7.123470055698571757e-06 9.175321749298242914e-06 9.146092764998284223e-06
1.816663258314991936e+02 1.117320182899973211e-05 7.087400250000287101e-06 9.182390519899944105e-06 9.147664199633321388e-06
1.817663258314991879e+02 1.131969928499879220e-05 7.161699464499387902e-06 9.301629620099017618e-06 9.261009456532399523e-06
1.818663258314991822e+02 1.158355374899782501e-05 7.353329336298419953e-06 9.538991141898042552e-06 9.491958075731428608e-06
1.819663258314991765e+02 1.174369437899868111e-05 7.436773260999312194e-06 9.670905917698911653e-06 9.617124519232303346e-06
1.820663258314991708e+02 1.180480576799949750e-05 7.418706781500148966e-06 9.703291759899732992e-06 9.642268103133127332e-06
1.821663258314991651e+02 1.208851720299766241e-05 7.620371504598338032e-06 9.957627773197905030e-06 9.888838826931300129e-06
1.822663258314991594e+02 1.227720012799839106e-05 7.726840984099091723e-06 1.011788561399863273e-05 1.004064224203203794e-05
1.823663258314991538e+02 1.247438318999832008e-05 7.839334395899041612e-06 1.028638003299856278e-05 1.020003253963197482e-05
1.824663258314991481e+02 1.277885544899740408e-05 8.056285211198149895e-06 1.056167988799765279e-05 1.046560684939773446e-05
1.825663258314991424e+02 1.287294037699919729e-05 8.062590842699945807e-06 1.062770237899943774e-05 1.052107786623286028e-05
1.826663258314991367e+02 1.307916105499824234e-05 8.175260541299039273e-06 1.080400110899849813e-05 1.068614090176525878e-05
1.827663258314991310e+02 1.330040286099804998e-05 8.299890462198902246e-06 1.099513023699831554e-05 1.086514118673175480e-05
1.828663258314991253e+02 1.353328219499794889e-05 8.432678687898829056e-06 1.119747371499821741e-05 1.105447819929833179e-05
1.829663258314991197e+02 1.377515283999786958e-05 8.571580651898776947e-06 1.140924398699813522e-05 1.125199249296492838e-05
1.830663258314991140e+02 1.402228782199782361e-05 8.714708808698739870e-06 1.162754039199807728e-05 1.145484567423154692e-05
1.831663258314991083e+02 1.427407722699778070e-05 8.858986801498728859e-06 1.184954467299804374e-05 1.166086956716485279e-05
1.832663258314991026e+02 1.443416242899854458e-05 8.903597887199594246e-06 1.197837535399882825e-05 1.177204522339898846e-05
1.833663258314990969e+02 1.470321396699755340e-05 9.060743760998569521e-06 1.222086132299779491e-05 1.199493968366463815e-05
1.834663258314990912e+02 1.500110216699729051e-05 9.236544336798400016e-06 1.248823786899756835e-05 1.224196145759775126e-05
1.835663258314990856e+02 1.530876702199720298e-05 9.419913003798332851e-06 1.276787444799745788e-05 1.249885149126432954e-05
1.836663258314990799e+02 1.561976862999717161e-05 9.608444649498285614e-06 1.305461922199739365e-05 1.276094416716428193e-05
1.837663258314990742e+02 1.594215980699697864e-05 9.799703560798205475e-06 1.335134946799721734e-05 1.303107094526413156e-05
1.838663258314990685e+02 1.616338224799792741e-05 9.886082857499190458e-06 1.354853144499814965e-05 1.319933218349842081e-05
1.839663258314990628e+02 1.641492498799764077e-05 9.990959520399015460e-06 1.377246979499789986e-05 1.339278476779818310e-05
1.840663258314990571e+02 1.689701703299547814e-05 1.032405329499687578e-05 1.423130589499569740e-05 1.381745874099601767e-05
1.841663258314990514e+02 1.727465787099645954e-05 1.055678018299781814e-05 1.459334797099660525e-05 1.414159534166362425e-05
1.842663258314990458e+02 1.755245304199731638e-05 1.068032813299880603e-05 1.485436558099747669e-05 1.436238225199786750e-05
1.843663258314990401e+02 1.784647229899715792e-05 1.080670211799877908e-05 1.513093838299732618e-05 1.459470426666442219e-05
1.844663258314990344e+02 1.816239914199694689e-05 1.095104724699860645e-05 1.543465059699706423e-05 1.484936566199753749e-05
1.845663258314990287e+02 1.861705607299560667e-05 1.122469229499735638e-05 1.587740164499572222e-05 1.523971667099622730e-05
1.846663258314990230e+02 1.908346787399549426e-05 1.150864849799725622e-05 1.633887550299554221e-05 1.564366395832943372e-05
1.847663258314990173e+02 1.945652408799628926e-05 1.169141090899818149e-05 1.671388962299626916e-05 1.595394153999690935e-05
1.848663258314990117e+02 1.985159946399606847e-05 1.188756584299804863e-05 1.711517647399600798e-05 1.628478059366337559e-05
1.849663258314990060e+02 2.036608836399488080e-05 1.220037661399688735e-05 1.764556441999472487e-05 1.673734313266216208e-05
1.850663258314990003e+02 2.081991714899548762e-05 1.242613292099775347e-05 1.811489367799533129e-05 1.712031458266285915e-05
1.851663258314989946e+02 2.127744444499545139e-05 1.265745498599769895e-05 1.860211019599515358e-05 1.751233654232943295e-05
1.852663258314989889e+02 2.175860529199507838e-05 1.290231978599749501e-05 1.912533421099464780e-05 1.792875309632907090e-05
1.853663258314989832e+02 2.225461474099492577e-05 1.316723138399728889e-05 1.968222547799429998e-05 1.836802386766217098e-05
1.854663258314989775e+02 2.291144573999327714e-05 1.355714798299601076e-05 2.040309506099262417e-05 1.895722959466064074e-05
1.855663258314989719e+02 2.336994957999530609e-05 1.374709835599805651e-05 2.094860052399442001e-05 1.935521615332925805e-05
1.856663258314989662e+02 2.396486850099391054e-05 1.406120357399678613e-05 2.165268112899279584e-05 1.989291773466116248e-05
1.857663258314989605e+02 2.471158732799214679e-05 1.450681650099531442e-05 2.252755789699080138e-05 2.058198724199275081e-05
1.858663258314989548e+02 2.527923879199403122e-05 1.475003322099744147e-05 2.325023642199240207e-05 2.109316947832796051e-05
1.859663258314989491e+02 2.584229447799407710e-05 1.499900837299738063e-05 2.401603041399194780e-05 2.161911108832780071e-05
1.860663258314989434e+02 2.662307715999179082e-05 1.540452312799573572e-05 2.502058904298943491e-05 2.234939644365898715e-05
1.861663258314989378e+02 2.741040679699171872e-05 1.582625204799556335e-05 2.609617421298868922e-05 2.311094435265865371e-05
1.862663258314989321e+02 2.824338440699100404e-05 1.627241068399518255e-05 2.727702113098724580e-05 2.393093874065781192e-05
1.863663258314989264e+02 2.902687232899153535e-05 1.663177460399611587e-05 2.847569201098705468e-05 2.471144631465823643e-05
1.864663258314989207e+02 2.981210698799152028e-05 1.700545064699596418e-05 2.978203560498589260e-05 2.553319774665779461e-05
1.865663258314989150e+02 3.085249346298876190e-05 1.753746950799425219e-05 3.142887825698221328e-05 2.660628040932174133e-05
1.866663258314989093e+02 3.176181341499017928e-05 1.797232825799530286e-05 3.310902872898185110e-05 2.761439013398910995e-05
1.867663258314989037e+02 3.274408966898910900e-05 1.844424551299476934e-05 3.503620074097864388e-05 2.874151197432083961e-05
1.868663258314988980e+02 3.381947496798807905e-05 1.894661331199442992e-05 3.727565697497517926e-05 3.001391508498589720e-05
1.869663258314988923e+02 3.501611259698673875e-05 1.949826805999388518e-05 3.991681937797072842e-05 3.147706667831712084e-05
1.870663258314988866e+02 3.632015374298554411e-05 2.008440532399350132e-05 4.305076185796526730e-05 3.315177364164810763e-05
1.871663258314988809e+02 3.765517696898519948e-05 2.061285257999414104e-05 4.671719441495936475e-05 3.499507465464623396e-05
1.872663258314988752e+02 3.893891675098540593e-05 2.114479513599395273e-05 5.105291439595070660e-05 3.704554209431002175e-05
1.873663258314988695e+02 4.045858292698272353e-05 2.183106058899219560e-05 5.661161357493680712e-05 3.963375236363724321e-05
1.874663258314988639e+02 4.245286213897732803e-05 2.265631417899061838e-05 6.403703679491558136e-05 4.304873770429451377e-05
1.875663258314988582e+02 4.419074746998024114e-05 2.325945999999314283e-05 7.330393745389464876e-05 4.691804830795601091e-05
1.876663258314988525e+02 4.625712826897650969e-05 2.402262393699132139e-05 8.612614507985422597e-05 5.213529909527401450e-05
1.877663258314988468e+02 4.860177477597267835e-05 2.487765748899003647e-05 1.045615315097851765e-04 5.934698792491595700e-05
1.878663258314988411e+02 5.077273638497470701e-05 2.569453572199047935e-05 1.318426483596820938e-04 6.943664015554909790e-05
1.879663258314988354e+02 5.383464985296432113e-05 2.668544353598845397e-05 1.778173613194642658e-04 8.611248490280569835e-05
1.880663258314988298e+02 5.656224293496822176e-05 2.741051827099154944e-05 2.612111427790282550e-04 1.150613013283293421e-04
1.881663258314988241e+02 6.085071861495002535e-05 2.853070068998694471e-05 4.472177259178325426e-04 1.788663817409231788e-04
1.882663258314988184e+02 6.497743148595074068e-05 2.958178376398745398e-05 1.004441137793348360e-03 3.663334510144288653e-04
1.883663258314988127e+02 6.978141667794265294e-05 3.052078204798879224e-05 5.777630599743022351e-03 1.959310932822984352e-03
1.884663258314988070e+02 7.620801997192328458e-05 3.171378594198575413e-05 1.951587778783600569e-02 6.541266531249971539e-03
1.885663258314988013e+02 8.463841599389937366e-05 3.294109089198534634e-05 3.661946280589252478e-03 1.259841929158378102e-03
1.886663258314987957e+02 9.677211855985515829e-05 3.457523737898049275e-05 8.504081636935617236e-04 3.272518398774657260e-04
1.887663258314987900e+02 1.145648869597825530e-04 3.621032685998001427e-05 4.123767203753532788e-04 1.877173113983719645e-04
1.888663258314987843e+02 1.435287816896460350e-04 3.825451732897501751e-05 2.599192036218632429e-04 1.472341675468280759e-04
1.889663258314987786e+02 1.898285776294341516e-04 4.029704070297503849e-05 1.931094974808164806e-04 1.410783719377419105e-04
1.890663258314987729e+02 4.226582067771544990e-04 5.730889399879209685e-05 1.724468730502525166e-04 2.174713246087330194e-04
1.891663258314987672e+02 6.035072687077898314e-04 5.878806488698192330e-05 1.536073487902302540e-04 2.719675607950006267e-04
1.892663258314987615e+02 1.494148976188861997e-03 4.705600733314672219e-05 1.330735283702567994e-04 5.580928372974217674e-04
1.893663258314987559e+02 1.100794413688102429e-02 4.841682046398298653e-05 1.320410032600128974e-04 3.729467320201673534e-03
1.894663258314987502e+02 5.669925734166754439e-03 5.072314811397116320e-05 1.393510282599085882e-04 1.953333303513544398e-03
1.895663258314987445e+02 8.082547602707972761e-04 5.368235416096299272e-05 1.575749548497720916e-04 3.398373564271776545e-04
1.896663258314987388e+02 3.776556213753848638e-04 5.685399049896033700e-05 1.949574980895325067e-04 2.098223699879592675e-04
1.897663258314987331e+02 2.524831840416009304e-04 6.156480936293974192e-05 2.832526510388707133e-04 1.991002148144704529e-04
1.898663258314987274e+02 2.042088655306174133e-04 6.653973204393636820e-05 5.544759712165310463e-04 2.750748562636949200e-04
1.899663258314987218e+02 1.955053404001113162e-04 7.343165401991185858e-05 3.422958202663312598e-03 1.230631732361111902e-03
1.900663258314987161e+02 2.225639367496539235e-04 9.378611733573967543e-05 7.269731515950800943e-03 2.528693856678731686e-03
1.901663258314987104e+02 5.936474725052539887e-04 2.065434742285578488e-04 1.037305832479711552e-03 6.124989264045077424e-04
1.902663258314987047e+02 5.620641549304128230e-04 1.929570503501776160e-04 1.060632409999695156e-03 6.052178717600952256e-04
1.903663258314986990e+02 -1.742014541503740131e-04 -1.094373535133417986e-05 2.923070014775650590e-03 9.126416084246475290e-04
1.904663258314986933e+02 -1.709831268900420791e-04 2.995399097746530192e-05 6.047852771203093836e-04 1.545853804025774372e-04
1.905663258314986876e+02 2.490178685245089088e-04 2.142013191075911452e-04 4.476454901120544439e-04 3.036215592480515264e-04
1.906663258314986820e+02 3.273106380089764152e-04 3.182704041686393662e-04 5.068722995092256973e-04 3.841511138956138624e-04
1.907663258314986763e+02 3.994376715590365070e-04 4.319107387184819777e-04 6.504656382080817876e-04 4.939380161618667393e-04
1.908663258314986706e+02 4.553056956592537049e-04 5.633842334682437596e-04 8.406305013274596684e-04 6.197734768183189901e-04
1.909663258314986649e+02 5.084759117792897508e-04 7.139686676279885296e-04 1.072065247596908555e-03 7.648366090013956117e-04
1.910663258314986592e+02 5.654340377992390747e-04 8.869699591276889849e-04 1.348624864096305666e-03 9.336762870077446475e-04
1.911663258314986535e+02 6.284764857691578542e-04 1.084275780297364261e-03 1.673627203395658403e-03 1.128793156487393470e-03
1.912663258314986479e+02 6.970343382590646602e-04 1.307316735396957079e-03 2.051533917594844207e-03 1.351961663750288721e-03
1.913663258314986422e+02 6.865715319401428365e-04 1.522763691597060765e-03 2.453013300294523170e-03 1.554116174610575482e-03
1.914663258314986365e+02 8.655479990875582751e-04 1.858268106795422925e-03 3.037535224992025940e-03 1.920450443625002163e-03
1.915663258314986308e+02 1.125148697996458669e-03 2.243399385194745979e-03 3.685475031091160585e-03 2.351341038094121455e-03
1.916663258314986251e+02 1.325278907197269826e-03 2.629911749794726708e-03 4.370845946990649898e-03 2.775345534660882650e-03
1.917663258314986194e+02 1.571238111196574493e-03 3.061439363393990247e-03 5.140379378089282580e-03 3.257685617559949107e-03
1.918663258314986138e+02 1.906764003395327233e-03 3.559218007393067772e-03 6.020998371387736164e-03 3.828993460725376840e-03
1.919663258314986081e+02 2.328990313694119692e-03 4.110164549092327514e-03 6.980629022986635512e-03 4.473261295257694239e-03
1.920663258314986024e+02 2.876101141292380838e-03 4.735268700191294644e-03 8.041848318085220368e-03 5.217739386522964561e-03
1.921663258314985967e+02 3.628247695389524852e-03 5.452207722490015444e-03 9.207473403183766628e-03 6.095976273687769842e-03
1.922663258314985910e+02 4.657381966285375000e-03 6.273154990688333855e-03 1.047089407898204629e-02 7.133810345318584469e-03
1.923663258314985853e+02 6.080079858679782179e-03 7.216608541386592031e-03 1.182446385098076536e-02 8.373717417015712899e-03
1.924663258314985796e+02 8.065999716371778649e-03 8.305742174584523560e-03 1.325654994897964775e-02 9.876097279978651722e-03
1.925663258314985740e+02 1.086655584296020161e-02 9.570310040382029593e-03 1.475165286097875235e-02 1.172950624810699394e-02
1.926663258314985683e+02 1.483294682594363603e-02 1.104564574797903438e-02 1.628852569297815911e-02 1.405570608896694086e-02
1.927663258314985626e+02 2.043634758891877540e-02 1.277618866597491666e-02 1.784214213297748153e-02 1.701822612929039177e-02
1.928663258314985569e+02 2.821646372688722468e-02 1.481467972597045289e-02 1.938254169597767099e-02 2.080456171627845241e-02
1.929663258314985512e+02 3.856875589784994340e-02 1.722082445696512115e-02 2.087509816397836379e-02 2.555489283959781061e-02
1.930663258314985455e+02 5.122378947681656414e-02 2.005231182995895547e-02 2.227990770397963657e-02 3.118533633691839002e-02
1.931663258314985399e+02 6.458547171980631718e-02 2.334857793295221778e-02 2.355437082598152432e-02 3.716280682624668874e-02
1.932663258314985342e+02 7.572416652883538768e-02 2.708969367294470840e-02 2.465383871898374837e-02 4.248923297358794815e-02
1.933663258314985285e+02 8.189966292790872016e-02 3.112802658494031455e-02 2.553411130398699005e-02 4.618726693894534274e-02
1.934663258314985228e+02 8.244531166599193550e-02 3.510033924594128940e-02 2.615627455599080567e-02 4.790064182264135162e-02
1.935663258314985171e+02 7.879525646305393649e-02 3.838015235795152330e-02 2.649106720099505402e-02 4.788882534066683794e-02
1.936663258314985114e+02 7.297534129708600770e-02 4.019780970697314076e-02 2.652491207399949869e-02 4.656602102601953980e-02
1.937663258314985057e+02 6.646009493509814903e-02 3.999375610200307102e-02 2.626374819900393481e-02 4.423919974536838495e-02
1.938663258314985001e+02 5.998368420409756069e-02 3.778998468603319422e-02 2.573149435700801749e-02 4.116838774904625631e-02
1.939663258314984944e+02 5.380024618109315038e-02 3.421041364905392373e-02 2.497197841001144378e-02 3.766087941338616685e-02
1.940663258314984887e+02 4.794672018408817349e-02 3.009330347706201669e-02 2.403500065501411320e-02 3.402500810538810344e-02
1.941663258314984830e+02 4.242613599408315284e-02 2.610643844006005701e-02 2.297520712501596382e-02 3.050259385305305673e-02
1.942663258314984773e+02 3.727218264207910609e-02 2.260426051505375067e-02 2.184220958101738830e-02 2.723955091271674719e-02
1.943663258314984716e+02 3.255047254707246762e-02 1.969065484104471839e-02 2.067656441901788780e-02 2.430589726904502229e-02
1.944663258314984660e+02 2.832235935106489425e-02 1.733219091803619646e-02 1.951073108001789153e-02 2.172176044970632741e-02
1.945663258314984603e+02 2.460918577605698820e-02 1.543901806802905688e-02 1.836680816701755439e-02 1.947167067036786534e-02
1.946663258314984546e+02 2.138721467904945023e-02 1.391388580302340729e-02 1.726273850501694462e-02 1.752127966236326564e-02
1.947663258314984489e+02 1.859373778704366542e-02 1.266748489701948442e-02 1.621042128301644972e-02 1.582388132235986941e-02
1.948663258314984432e+02 1.615183147903817215e-02 1.162447672701630470e-02 1.521811219001551266e-02 1.433147346535666201e-02
1.949663258314984375e+02 1.399191891303376220e-02 1.072527700201405566e-02 1.429264495401446830e-02 1.300328028968742930e-02
1.950663258314984319e+02 1.206473548203012593e-02 9.922978105412542243e-03 1.343914903401334168e-02 1.180895420715200386e-02
1.951663258314984262e+02 1.034260509702691899e-02 9.180848994311600203e-03 1.266063214501216873e-02 1.072802874545022989e-02
1.952663258314984205e+02 8.819343849224245066e-03 8.474292249111246844e-03 1.196154247901112626e-02 9.751726192448873301e-03
1.953663258314984148e+02 7.496271312721057914e-03 7.784827569010973995e-03 1.134397488200982948e-02 8.875024587913954086e-03
1.954663258314984091e+02 6.382515848317726892e-03 7.106802376510791899e-03 1.081551257900841174e-02 8.101610267945641777e-03
1.955663258314984034e+02 5.484446977914294273e-03 6.440798563410599607e-03 1.038610103200683470e-02 7.437115524443910393e-03
1.956663258314983977e+02 4.805134174210811543e-03 5.794700305610283458e-03 1.007112312600501325e-02 6.890319201942036662e-03
1.957663258314983921e+02 4.341443100107512075e-03 5.181618722909932251e-03 9.891446677502911330e-03 6.471502833506784930e-03
1.958663258314983864e+02 4.079541589104242715e-03 4.617427898709140430e-03 9.869688542500351658e-03 6.188886010104577978e-03
1.959663258314983807e+02 3.986364803301509566e-03 4.114099926308153847e-03 1.002026131499756181e-02 6.040242014869075075e-03
1.960663258314983750e+02 4.015225732399532385e-03 3.682245154106996050e-03 1.034744503499469837e-02 6.014971973833742845e-03
1.961663258314983693e+02 4.113152764498413487e-03 3.328076209405737666e-03 1.084072591799200777e-02 6.093984963965386886e-03
1.962663258314983636e+02 4.231730986798044707e-03 3.051519480304558645e-03 1.147381564898956353e-02 6.252355372030722440e-03
1.963663258314983580e+02 4.342040381398182269e-03 2.852946492203273232e-03 1.221321963298781232e-02 6.469402168863089275e-03
1.964663258314983523e+02 4.429157167998563384e-03 2.727885562002061847e-03 1.301480375698678589e-02 6.723948828995803852e-03
1.965663258314983466e+02 4.491340320498974498e-03 2.672151944900918574e-03 1.382896149698657762e-02 6.997484587462157041e-03
1.966663258314983409e+02 4.534016331599296720e-03 2.682701264599826000e-03 1.460469808398721231e-02 7.273805226728778488e-03
1.967663258314983352e+02 4.566224442599459490e-03 2.759176499698717637e-03 1.529384478398844276e-02 7.539748575428873584e-03
1.968663258314983295e+02 4.593800491399537694e-03 2.899714320597643336e-03 1.585401626899060959e-02 7.782510360329264118e-03
1.969663258314983239e+02 4.622387727799520674e-03 3.105474494896549517e-03 1.625574940399326235e-02 7.994537208896443023e-03
1.970663258314983182e+02 4.657282904699414777e-03 3.379774429795400544e-03 1.648409393799616859e-02 8.173717090830328116e-03
1.971663258314983125e+02 4.697440749499326960e-03 3.721332377594272194e-03 1.653100334299921134e-02 8.316592156697603933e-03
1.972663258314983068e+02 4.738475221799300086e-03 4.125457624593108913e-03 1.638770610700244351e-02 8.417212984464950837e-03
1.973663258314983011e+02 4.755026925399718531e-03 4.561498311892564494e-03 1.599797495000664788e-02 8.438166729099643923e-03
1.974663258314982954e+02 4.625600329602207184e-03 4.874072529694670197e-03 1.501311220401679511e-02 8.170928354437889674e-03
1.975663258314982897e+02 2.639611865833866883e-03 2.923275561433267417e-03 8.241641518415472947e-03 4.601509648560869227e-03
1.976663258314982841e+02 5.603987886254567508e-04 5.433795800105843503e-04 1.614952377213004983e-03 9.062435819496821726e-04
1.977663258314982784e+02 3.096626265643471088e-04 2.731371776946852031e-04 8.099407067139566567e-04 4.642468369909963951e-04
1.978663258314982727e+02 2.219521748115206518e-04 1.839755110615458246e-04 5.314539315148281455e-04 3.124605391292981441e-04
1.979663258314982670e+02 1.768556409107818435e-04 1.403262782507567433e-04 3.917969640624212845e-04 2.363262944079866238e-04
1.980663258314982613e+02 1.489879420504831419e-04 1.144615573104484284e-04 3.083360210714469795e-04 1.905951734774595030e-04
1.981663258314982556e+02 1.297995520603326645e-04 9.728743277429775425e-05 2.530446645509585994e-04 1.600438831285296818e-04
1.982663258314982500e+02 1.156157820502499409e-04 8.498782075921672622e-05 2.138322349906909771e-04 1.381452792667192328e-04
1.983663258314982443e+02 1.045964734301941764e-04 7.569327432416377596e-05 1.846399800005143923e-04 1.216432425849574392e-04
1.984663258314982386e+02 9.571722718115646060e-05 6.838402062212880236e-05 1.621021198303971384e-04 1.087344558778941293e-04
1.985663258314982329e+02 8.836137791412961300e-05 6.245769106410443473e-05 1.442020258103154321e-04 9.834036492951649328e-05
1.986663258314982272e+02 8.213459231110971555e-05 5.753587011908673079e-05 1.296592863402562610e-04 8.977658292348423804e-05
1.987663258314982215e+02 7.677225818779601552e-05 5.336883802218405070e-05 1.176226928211930275e-04 8.258792967705769564e-05
1.988663258314982158e+02 7.208967055785985630e-05 4.978502173220883837e-05 1.075048122055447154e-04 7.645983483187113443e-05
1.989663258314982102e+02 6.795359320789702041e-05 4.666250372881112639e-05 9.888747222535575990e-05 7.116785638735464460e-05
1.990663258314982045e+02 6.426520381658265232e-05 4.391214180415766555e-05 9.146509097384682933e-05 6.654747886486238014e-05
1.991663258314981988e+02 6.094943552279061749e-05 4.146714085654462330e-05 8.500930103885402688e-05 6.247529247272975137e-05
1.992663258314981931e+02 5.794807638346216534e-05 3.927637535826937715e-05 7.934609409406475646e-05 5.885684861193209513e-05
1.993663258314981874e+02 5.521516344892344198e-05 3.729997896095475714e-05 7.434061146073554294e-05 5.561858462353791628e-05
1.994663258314981817e+02 5.271382531144680315e-05 3.550635144712078350e-05 6.988675862723660651e-05 5.270231179526806213e-05
1.995663258314981761e+02 5.041406602196948949e-05 3.387007832791161347e-05 6.589995124811451235e-05 5.006136519933186951e-05
1.996663258314981704e+02 4.829117679090587134e-05 3.237045367091502025e-05 6.231194561146777061e-05 4.765785869109622299e-05
1.997663258314981647e+02 4.632457603901645306e-05 3.099041101203821254e-05 5.906708793651707222e-05 4.546069166252391487e-05
1.998663258314981590e+02 4.449694782632213048e-05 2.971573619842592391e-05 5.611954889531600206e-05 4.344407764002135102e-05
1.999663258314981533e+02 4.279359200703812668e-05 2.853447868939901035e-05 5.343125463753779141e-05 4.158644177799164168e-05
2.000663258314981476e+02 4.120192718052877228e-05 2.743650499241233746e-05 5.097031829932622892e-05 3.986958349075578068e-05
2.001663258314981420e+02 3.971110563827435260e-05 2.641315547602399863e-05 4.870983647818683036e-05 3.827803253082839500e-05
2.002663258314981363e+02 3.831171153684441119e-05 2.545697748287128499e-05 4.662695548690325880e-05 3.679854816887298725e-05
2.003663258314981306e+02 3.699552176988154677e-05 2.456151548165535104e-05 4.470213950548079600e-05 3.541972558567256686e-05
2.004663258314981249e+02 3.575531458908535125e-05 2.372114438812704675e-05 4.291859155409775083e-05 3.413168351043672192e-05
2.005663258314981192e+02 3.458471504620175984e-05 2.293093592707732024e-05 4.126179138607103823e-05 3.292581411978337503e-05
2.006663258314981135e+02 3.347806908801480297e-05 2.218655055832974814e-05 3.971912369282960326e-05 3.179458111305804468e-05
2.007663258314981078e+02 3.243034018133856937e-05 2.148414935173369807e-05 3.827957672089142473e-05 3.073135541798789513e-05
2.008663258314981022e+02 3.143702379901377564e-05 2.082032159816093388e-05 3.693349623384970692e-05 2.973028054367480661e-05
2.009663258314980965e+02 3.049407620290218649e-05 2.019202491950093385e-05 3.567238334435781017e-05 2.878616148892030791e-05
2.010663258314980908e+02 2.959785473688345887e-05 1.959653539465816639e-05 3.448872735711927648e-05 2.789437249622030510e-05
2.011663258314980851e+02 2.874506747885261770e-05 1.903140577054978112e-05 3.337586676887962318e-05 2.705078000609400620e-05
2.012663258314980794e+02 2.793273053271674364e-05 1.849443023910301066e-05 3.232787303941831678e-05 2.625167793707935477e-05
2.013663258314980737e+02 2.715813162439460090e-05 1.798361459825453920e-05 3.133945291054509284e-05 2.549373304439807878e-05
2.014663258314980681e+02 2.641879889581406909e-05 1.749715082694851097e-05 3.040586591209409406e-05 2.477393854495222697e-05
2.015663258314980624e+02 2.571247404591107337e-05 1.703339533713558771e-05 2.952285437392048113e-05 2.408957458565571632e-05
2.016663258314980567e+02 2.503708910562869256e-05 1.659085027077217817e-05 2.868658378589753207e-05 2.343817438743280319e-05
2.017663258314980510e+02 2.439074626891549419e-05 1.616814734781914540e-05 2.789359176791311628e-05 2.281749512821591862e-05
2.018663258314980453e+02 2.377170031172589680e-05 1.576403387424194652e-05 2.714074424086898338e-05 2.222549280894561003e-05
2.019663258314980396e+02 2.317834320501874017e-05 1.537736055700955739e-05 2.642519763167797898e-05 2.166030046456875885e-05
2.020663258314980339e+02 2.260919061275691174e-05 1.500707086309415082e-05 2.574436617226275476e-05 2.112020921603793798e-05
2.021663258314980283e+02 2.206286998890702924e-05 1.465219169747079355e-05 2.509589351055466439e-05 2.060365173231083188e-05
2.022663258314980226e+02 2.153811006143839339e-05 1.431182519911670458e-05 2.447762798349192840e-05 2.010918774801567489e-05
2.023663258314980169e+02 2.103373151132357458e-05 1.398514151601158866e-05 2.388760100801980369e-05 1.963549134511832344e-05
2.024663258314980112e+02 2.054863868453747481e-05 1.367137239913696229e-05 2.332400815308903930e-05 1.918133974558782490e-05
2.025663258314980055e+02 2.008181220905720551e-05 1.336980553147604452e-05 2.278519250365538707e-05 1.874560341472954739e-05
