3.741847414010999842e+02 1.020399436100000024e-05 1.020399631300000055e-05 1.020399477800000038e-05 1.020399515066666706e-05
3.742847414010999501e+02 8.168732254301157200e-06 8.168734056701157893e-06 8.168732460401156327e-06 8.168732923801157140e-06
3.743847414010999159e+02 7.238432706600528434e-06 7.238434440400528435e-06 7.238433062900528890e-06 7.238433403300529151e-06
3.744847414010998818e+02 6.833916523800460348e-06 6.833918181600459649e-06 6.833917232100459540e-06 6.833917312500460128e-06
3.745847414010998477e+02 6.608450225000384223e-06 6.608451884200384143e-06 6.608451578900384825e-06 6.608451229367051911e-06
3.746847414010998136e+02 6.491494360200199092e-06 6.491496161100199303e-06 6.491495113700198913e-06 6.491495211666865769e-06
3.747847414010997795e+02 6.427213809600146208e-06 6.427215672800146444e-06 6.427214069200146429e-06 6.427214517200145513e-06
3.748847414010997454e+02 6.393848864900076584e-06 6.393850939900076593e-06 6.393849221000076467e-06 6.393849675266742932e-06
3.749847414010997113e+02 6.379502660000041065e-06 6.379504500300040552e-06 6.379503217700040325e-06 6.379503459333373981e-06
3.750847414010996772e+02 6.364908332700049842e-06 6.364910348900050104e-06 6.364908478900049885e-06 6.364909053500049661e-06
3.751847414010996431e+02 6.374239484999967680e-06 6.374241484799967586e-06 6.374239685199968130e-06 6.374240218333301414e-06
3.752847414010996090e+02 6.393793573599922062e-06 6.393795394599921785e-06 6.393793513999921718e-06 6.393794160733255753e-06
3.753847414010995749e+02 6.418979781799899908e-06 6.418981554599899732e-06 6.418980001699900420e-06 6.418980446033233635e-06
3.754847414010995408e+02 6.447288368599871519e-06 6.447289850999871051e-06 6.447289043899871120e-06 6.447289087833204281e-06
3.755847414010995067e+02 6.464470232199911757e-06 6.464471864799911771e-06 6.464470763199912095e-06 6.464470953399911874e-06
3.756847414010994726e+02 6.486225145499889084e-06 6.486227256399888938e-06 6.486225771999888763e-06 6.486226057966555878e-06
3.757847414010994385e+02 6.539083335099699167e-06 6.539085298199699480e-06 6.539084255999699575e-06 6.539084296433033306e-06
3.758847414010994044e+02 6.567503778899837993e-06 6.567505787799838112e-06 6.567504707899838292e-06 6.567504758199837850e-06
3.759847414010993703e+02 6.598824466099804045e-06 6.598826625199804645e-06 6.598825147199804154e-06 6.598825412833138744e-06
3.760847414010993361e+02 6.660052150899582284e-06 6.660054679699582732e-06 6.660052534399582669e-06 6.660053121666249511e-06
3.761847414010993020e+02 6.695655473399757047e-06 6.695657863299756748e-06 6.695656157299756701e-06 6.695656497999757397e-06
3.762847414010992679e+02 6.731148566899737043e-06 6.731150722799737801e-06 6.731150182999737685e-06 6.731149824233070561e-06
3.763847414010992338e+02 6.782010020799623625e-06 6.782011868999624125e-06 6.782010949699624062e-06 6.782010946499624220e-06
3.764847414010991997e+02 6.821630405899684634e-06 6.821632785499684922e-06 6.821631113199685198e-06 6.821631434866352432e-06
3.765847414010991656e+02 6.862785646799649488e-06 6.862787793299649598e-06 6.862785963399649387e-06 6.862786467832982259e-06
3.766847414010991315e+02 6.919605848399515617e-06 6.919608073799515833e-06 6.919606367199515762e-06 6.919606763132849353e-06
3.767847414010990974e+02 6.964673457299589791e-06 6.964675911199589725e-06 6.964674256399589694e-06 6.964674541632923635e-06
3.768847414010990633e+02 7.011700036599572118e-06 7.011702544399572596e-06 7.011700331099571862e-06 7.011700970699573039e-06
3.769847414010990292e+02 7.074380166899394647e-06 7.074382652399394399e-06 7.074380589699394444e-06 7.074381136332727830e-06
3.770847414010989951e+02 7.124574500099486325e-06 7.124577037699486552e-06 7.124576758199486543e-06 7.124576098666153140e-06
3.771847414010989610e+02 7.177020423399462571e-06 7.177023239999462645e-06 7.177023057899462757e-06 7.177022240432795991e-06
3.772847414010989269e+02 7.244557656499270636e-06 7.244560305999270559e-06 7.244558848499270725e-06 7.244558936999271205e-06
3.773847414010988928e+02 7.298081594799422488e-06 7.298084184899422641e-06 7.298082213899422161e-06 7.298082664532755199e-06
3.774847414010988587e+02 7.337970618699546532e-06 7.337973291799547092e-06 7.337971551199547109e-06 7.337971820566214142e-06
3.775847414010988246e+02 7.395123865999317824e-06 7.395126008599318206e-06 7.395124529999318538e-06 7.395124801532651805e-06
3.776847414010987904e+02 7.469924064699107419e-06 7.469926499599107178e-06 7.469923933799107548e-06 7.469924832699107664e-06
3.777847414010987563e+02 7.533357530199206526e-06 7.533359980599206182e-06 7.533358752099206226e-06 7.533358754299206593e-06
3.778847414010987222e+02 7.595943972399217042e-06 7.595946507199217724e-06 7.595945537099217095e-06 7.595945338899217287e-06
3.779847414010986881e+02 7.658695512299180363e-06 7.658697994299179838e-06 7.658697291599179735e-06 7.658696932732514441e-06
3.780847414010986540e+02 7.708649604499318435e-06 7.708652074499319136e-06 7.708651299299319458e-06 7.708650992765985111e-06
3.781847414010986199e+02 7.775085840899093907e-06 7.775088002099093319e-06 7.775086310199094244e-06 7.775086717732427157e-06
3.782847414010985858e+02 7.845173238899003909e-06 7.845175422299003338e-06 7.845173790299004194e-06 7.845174150499004378e-06
3.783847414010985517e+02 7.917703487598970100e-06 7.917705534498969722e-06 7.917704842398970314e-06 7.917704621498969481e-06
3.784847414010985176e+02 7.989995611198931629e-06 7.989998117398931763e-06 7.989996724398931474e-06 7.989996817665598853e-06
3.785847414010984835e+02 8.050693394699067539e-06 8.050695809999067947e-06 8.050692891499068848e-06 8.050694032065734213e-06
3.786847414010984494e+02 8.127388091198822770e-06 8.127390533398822672e-06 8.127388684098822835e-06 8.127389102898822194e-06
3.787847414010984153e+02 8.205048510698762586e-06 8.205051560998763709e-06 8.205050056198762739e-06 8.205050042632095215e-06
3.788847414010983812e+02 8.269604720198971173e-06 8.269607391998970975e-06 8.269605933198971232e-06 8.269606015132303895e-06
3.789847414010983471e+02 8.335914478798906542e-06 8.335917433298907042e-06 8.335916225298906895e-06 8.335916045798906826e-06
3.790847414010983130e+02 8.418524305798590629e-06 8.418527043298590872e-06 8.418526014498590358e-06 8.418525787865257287e-06
3.791847414010982789e+02 8.489568004698788182e-06 8.489570684298789136e-06 8.489567868998788971e-06 8.489568852665455430e-06
3.792847414010982448e+02 8.563654144198693972e-06 8.563656701498694259e-06 8.563653763998694139e-06 8.563654869898694688e-06
3.793847414010982106e+02 8.653954424398409059e-06 8.653957873698409618e-06 8.653956308598409266e-06 8.653956202231743777e-06
3.794847414010981765e+02 8.734438430098535801e-06 8.734441685598536440e-06 8.734440016398535849e-06 8.734440044031869363e-06
3.795847414010981424e+02 8.829082873798225120e-06 8.829085488298224810e-06 8.829083622098225304e-06 8.829083994731557847e-06
3.796847414010981083e+02 8.909831493998485416e-06 8.909834847598486061e-06 8.909831715898484876e-06 8.909832685831819914e-06
3.797847414010980742e+02 8.978454513298674138e-06 8.978457170598674365e-06 8.978457144098674322e-06 8.978456275998674275e-06
3.798847414010980401e+02 9.064739572198333382e-06 9.064742180998333274e-06 9.064742189798333051e-06 9.064741314331665439e-06
3.799847414010980060e+02 9.169234405697920839e-06 9.169237963197921938e-06 9.169235484497922169e-06 9.169235951131254417e-06
3.800847414010979719e+02 9.260701726098128584e-06 9.260705052998127767e-06 9.260702141198128788e-06 9.260702973431462278e-06
3.801847414010979378e+02 9.339370673698390229e-06 9.339375138698389803e-06 9.339372103498390820e-06 9.339372638631723053e-06
3.802847414010979037e+02 9.434348807398002304e-06 9.434352182898002532e-06 9.434350303798002947e-06 9.434350431364669826e-06
3.803847414010978696e+02 9.532338140697938267e-06 9.532341915497938366e-06 9.532338868497938642e-06 9.532339641564604527e-06
3.804847414010978355e+02 9.619269884598122977e-06 9.619272470898122417e-06 9.619271415898122295e-06 9.619271257131455896e-06
3.805847414010978014e+02 9.723478784197689301e-06 9.723482634297688518e-06 9.723482960697689363e-06 9.723481459731020700e-06
3.806847414010977673e+02 9.829959011497640728e-06 9.829963074797640337e-06 9.829961737797639405e-06 9.829961274697640721e-06
3.807847414010977332e+02 9.924476757097850816e-06 9.924480240397850440e-06 9.924476611297851071e-06 9.924477869597850776e-06
3.808847414010976991e+02 1.002038267499782033e-05 1.002038633099781920e-05 1.002038445899781918e-05 1.002038448833115290e-05
3.809847414010976649e+02 1.012139718299764592e-05 1.012140086999764458e-05 1.012139976099764574e-05 1.012139927133097875e-05
3.810847414010976308e+02 1.024190719799712284e-05 1.024190990899712304e-05 1.024190721399712290e-05 1.024190810699712180e-05
3.811847414010975967e+02 1.036573015499704463e-05 1.036573410399704445e-05 1.036573203999704374e-05 1.036573209966371151e-05
3.812847414010975626e+02 1.047557495799731504e-05 1.047557855899731486e-05 1.047557801199731532e-05 1.047557717633064897e-05
3.813847414010975285e+02 1.057263985799762890e-05 1.057264308099762757e-05 1.057264336999762724e-05 1.057264210299762677e-05
3.814847414010974944e+02 1.068695492599714009e-05 1.068695876399713983e-05 1.068695637699714038e-05 1.068695668899714066e-05
3.815847414010974603e+02 1.080729417999692137e-05 1.080729847899692182e-05 1.080729567699692119e-05 1.080729611199692203e-05
3.816847414010974262e+02 1.093161426099681985e-05 1.093161750199682092e-05 1.093161660799682000e-05 1.093161612366348749e-05
3.817847414010973921e+02 1.105869947399667634e-05 1.105870458799667605e-05 1.105870168599667547e-05 1.105870191599667652e-05
3.818847414010973580e+02 1.117590271699693503e-05 1.117590797899693485e-05 1.117590575999693517e-05 1.117590548533026948e-05
3.819847414010973239e+02 1.131070479899639854e-05 1.131071002399639833e-05 1.131070902299639862e-05 1.131070794866306460e-05
3.820847414010972898e+02 1.144760219299626469e-05 1.144760698999626420e-05 1.144760469199626455e-05 1.144760462499626335e-05
3.821847414010972557e+02 1.156032873699692320e-05 1.156033273999692342e-05 1.156032900699692354e-05 1.156033016133025785e-05
3.822847414010972216e+02 1.169339189199629291e-05 1.169339529799629277e-05 1.169339353699629284e-05 1.169339357566295894e-05
3.823847414010971875e+02 1.185998403299535990e-05 1.185998904699535966e-05 1.185998966599536032e-05 1.185998758199535996e-05
3.824847414010971534e+02 1.200270725899594488e-05 1.200271112599594377e-05 1.200271011899594382e-05 1.200270950132927805e-05
3.825847414010971193e+02 1.213267632799623198e-05 1.213267947199623237e-05 1.213267585099623289e-05 1.213267721699623298e-05
3.826847414010970851e+02 1.228074535999570661e-05 1.228075070199570672e-05 1.228074854699570727e-05 1.228074820299570856e-05
3.827847414010970510e+02 1.243460049299545177e-05 1.243460632499545175e-05 1.243460670899545144e-05 1.243460450899545278e-05
3.828847414010970169e+02 1.258022195299569598e-05 1.258022558499569560e-05 1.258022572499569484e-05 1.258022442099569435e-05
3.829847414010969828e+02 1.274468784499504484e-05 1.274469329299504512e-05 1.274469183299504533e-05 1.274469099032837674e-05
3.830847414010969487e+02 1.291478687299477860e-05 1.291479121899477890e-05 1.291479368999477823e-05 1.291479059399477801e-05
3.831847414010969146e+02 1.306238476499547025e-05 1.306238959899546979e-05 1.306238938999547041e-05 1.306238791799547015e-05
3.832847414010968805e+02 1.324402271299432093e-05 1.324402798599432090e-05 1.324402561399432119e-05 1.324402543766098767e-05
3.833847414010968464e+02 1.343235939699411176e-05 1.343236519099411139e-05 1.343235889499411142e-05 1.343236116099411096e-05
3.834847414010968123e+02 1.359736660999474611e-05 1.359737237399474626e-05 1.359736610799474746e-05 1.359736836399474718e-05
3.835847414010967782e+02 1.377962790599409403e-05 1.377963332899409475e-05 1.377963155599409435e-05 1.377963093032742771e-05
3.836847414010967441e+02 1.395707315499425107e-05 1.395707842399424974e-05 1.395707505299425096e-05 1.395707554399424946e-05
3.837847414010967100e+02 1.415618149799343602e-05 1.415618744399343535e-05 1.415618350599343568e-05 1.415618414932676845e-05
3.838847414010966759e+02 1.436311127899317769e-05 1.436311807599317767e-05 1.436311957099317854e-05 1.436311630865984464e-05
3.839847414010966418e+02 1.456270545899330752e-05 1.456271286999330656e-05 1.456271349099330616e-05 1.456271060665997511e-05
3.840847414010966077e+02 1.476868251699297529e-05 1.476868708699297471e-05 1.476868224799297527e-05 1.476868395065964232e-05
3.841847414010965736e+02 1.498325314399268126e-05 1.498325437299268137e-05 1.498325113699268192e-05 1.498325288465934818e-05
3.842847414010965394e+02 1.520574189999228597e-05 1.520574672099228472e-05 1.520574448899228594e-05 1.520574436999228667e-05
3.843847414010965053e+02 1.542432601599242096e-05 1.542433769299242171e-05 1.542434015499241984e-05 1.542433462132575530e-05
3.844847414010964712e+02 1.566767056799142453e-05 1.566767642399142545e-05 1.566767657599142346e-05 1.566767452265809340e-05
3.845847414010964371e+02 1.592179018199090025e-05 1.592179432599090004e-05 1.592179038199090013e-05 1.592179162999089788e-05
3.846847414010964030e+02 1.616883371599115360e-05 1.616883759899115423e-05 1.616883800999115414e-05 1.616883644165782066e-05
3.847847414010963689e+02 1.641336867599110333e-05 1.641337506099110140e-05 1.641338092799110246e-05 1.641337488832443460e-05
3.848847414010963348e+02 1.668596011099008445e-05 1.668596453799008368e-05 1.668596975599008291e-05 1.668596480165674922e-05
3.849847414010963007e+02 1.698648154098889685e-05 1.698649206598889681e-05 1.698649239998889569e-05 1.698648866898889645e-05
3.850847414010962666e+02 1.727150107998930731e-05 1.727151256298930672e-05 1.727151979798930681e-05 1.727151114698930920e-05
3.851847414010962325e+02 1.755606635998932429e-05 1.755606492998932567e-05 1.755607679398932551e-05 1.755606936132265736e-05
3.852847414010961984e+02 1.788501350898746947e-05 1.788501057898747007e-05 1.788501620598747195e-05 1.788501343132080609e-05
3.853847414010961643e+02 1.821992429898724536e-05 1.821993102398724424e-05 1.821992607198724237e-05 1.821992713165390953e-05
3.854847414010961302e+02 1.856031481598684256e-05 1.856032333298684455e-05 1.856033358898683940e-05 1.856032391265350997e-05
3.855847414010960961e+02 1.893584762898527170e-05 1.893586071598527142e-05 1.893587290598527096e-05 1.893586041698527023e-05
3.856847414010960620e+02 1.932180830498486201e-05 1.932181252398486218e-05 1.932180448598486161e-05 1.932180843831819527e-05
3.857847414010960279e+02 1.973462360698357486e-05 1.973462347398357279e-05 1.973462815098357440e-05 1.973462507731690735e-05
3.858847414010959938e+02 2.017896853798232100e-05 2.017897338198232205e-05 2.017899085698231863e-05 2.017897759231565390e-05
3.859847414010959596e+02 2.064355061998124927e-05 2.064356563898124964e-05 2.064357770098124872e-05 2.064356465331458593e-05
3.860847414010959255e+02 2.115145426597921441e-05 2.115145354097921527e-05 2.115148200597921212e-05 2.115146327097921393e-05
3.861847414010958914e+02 2.170988093897714268e-05 2.170987121397714562e-05 2.170988455497714563e-05 2.170987890264381131e-05
3.862847414010958573e+02 2.232655896997440845e-05 2.232656566897440914e-05 2.232657037597441022e-05 2.232656500497440927e-05
3.863847414010958232e+02 2.299807121697213449e-05 2.299807284397213542e-05 2.299811617397213399e-05 2.299808674497213576e-05
3.864847414010957891e+02 2.372271334996951553e-05 2.372270411296951940e-05 2.372275231796951882e-05 2.372272326030285577e-05
3.865847414010957550e+02 2.462166504796167805e-05 2.462169740996167326e-05 2.462165905196167620e-05 2.462167383662834137e-05
3.866847414010957209e+02 2.579586624494993957e-05 2.579589916894993915e-05 2.579585659394993918e-05 2.579587400261660371e-05
3.867847414010956868e+02 2.694429331895038812e-05 2.694430528295038620e-05 2.694425820295038906e-05 2.694428560161705446e-05
3.868847414010956527e+02 2.837549446193816921e-05 2.837549312193816901e-05 2.837549740393816909e-05 2.837549499593816798e-05
3.869847414010956186e+02 3.038178547791218752e-05 3.038177978091218686e-05 3.038188985791218203e-05 3.038181837224551880e-05
3.870847414010955845e+02 3.302944890288261068e-05 3.302945984088260779e-05 3.302956002088260485e-05 3.302948958821593433e-05
3.871847414010955504e+02 3.655394564984373022e-05 3.655393483784373293e-05 3.655394314084373732e-05 3.655394120951039564e-05
3.872847414010955163e+02 4.185267496176205105e-05 4.185268292476205463e-05 4.185276308476205064e-05 4.185270699042871652e-05
3.873847414010954822e+02 5.066209924060439913e-05 5.066208537260440261e-05 5.066224567960439724e-05 5.066214343093773751e-05
3.874847414010954481e+02 6.662295606827417786e-05 6.662282560027419460e-05 6.662286759027419975e-05 6.662288308627417719e-05
3.875847414010954139e+02 1.018718896983770246e-04 1.018718783183770278e-04 1.018718484483770268e-04 1.018718721550437021e-04
3.876847414010953798e+02 2.086308782550844751e-04 2.086304962050844676e-04 2.086308351750844586e-04 2.086307365450844309e-04
3.877847414010953457e+02 7.830586452332250272e-04 7.830574271432249591e-04 7.830603516532251215e-04 7.830588080098917388e-04
3.878847414010953116e+02 1.363509156272944400e-03 1.363508538372944136e-03 1.363510241872944485e-03 1.363509312172944341e-03
3.879847414010952775e+02 4.144670077247759659e-04 4.144672896347757589e-04 4.144679393447757518e-04 4.144674122347757894e-04
3.880847414010952434e+02 1.486965866326901524e-04 1.486967446026900806e-04 1.486972438826901824e-04 1.486968583726901204e-04
3.881847414010952093e+02 8.737696585192792156e-05 8.737724220092792018e-05 8.737747995192793272e-05 8.737722933492790675e-05
3.882847414010951752e+02 6.456669604810212225e-05 6.456680158010213110e-05 6.456709095310211258e-05 6.456686286043545079e-05
3.883847414010951411e+02 5.413356421350410156e-05 5.413379439250409384e-05 5.413382750950410799e-05 5.413372870517076780e-05
3.884847414010951070e+02 4.898105841025187951e-05 4.898106803025189366e-05 4.898110838325189467e-05 4.898107827458521584e-05
3.885847414010950729e+02 4.652769392712132791e-05 4.652774889812132922e-05 4.652772930012132822e-05 4.652772404178799512e-05
3.886847414010950388e+02 4.561320035304522192e-05 4.561322611104522324e-05 4.561324688604522290e-05 4.561322445004521817e-05
3.887847414010950047e+02 4.606940369797717609e-05 4.606953715997717932e-05 4.606957106997717040e-05 4.606950397597717753e-05
3.888847414010949706e+02 4.765303452492078369e-05 4.765315398492078801e-05 4.765317681092078251e-05 4.765312177358744914e-05
3.889847414010949365e+02 5.037199917986244762e-05 5.037234280986243820e-05 5.037204240286244909e-05 5.037212813086244497e-05
3.890847414010949024e+02 5.486406071377018811e-05 5.486526443577013966e-05 5.486440310477017367e-05 5.486457608477016715e-05
3.891847414010948683e+02 6.234266326361740285e-05 6.234326496861743692e-05 6.234403175161733820e-05 6.234331999461738814e-05
3.892847414010948341e+02 7.496613431034701049e-05 7.496718912834699194e-05 7.496821498634698014e-05 7.496717947501365634e-05
3.893847414010948000e+02 9.902897908775528920e-05 9.902938480275532362e-05 9.902886009175540006e-05 9.902907466075533763e-05
3.894847414010947659e+02 1.541338330671182554e-04 1.541331619071183102e-04 1.541357299371181417e-04 1.541342416371182448e-04
3.895847414010947318e+02 3.328301235405533264e-04 3.328268103505535201e-04 3.328312097705533705e-04 3.328293812205534237e-04
3.896847414010946977e+02 1.301886655348771273e-03 1.301911843448769809e-03 1.301943158448768496e-03 1.301913885748770365e-03
3.897847414010946636e+02 1.781468570074374669e-03 1.781471640774375800e-03 1.781484679474376782e-03 1.781474963441042562e-03
3.898847414010946295e+02 4.871768488391577893e-04 4.871745553891579979e-04 4.871679327591591294e-04 4.871731123291581610e-04
3.899847414010945954e+02 1.904655306160228136e-04 1.904676599360225408e-04 1.904641591060224088e-04 1.904657832193558669e-04
3.900847414010945613e+02 1.158593071240712275e-04 1.158599242040713221e-04 1.158605007640710978e-04 1.158599106974045627e-04
3.901847414010945272e+02 8.687829957958148293e-05 8.687824513258152800e-05 8.688013418958143858e-05 8.687889296724814984e-05
3.902847414010944931e+02 7.288334495977165795e-05 7.287934944377187001e-05 7.288198426677182807e-05 7.288155955677178986e-05
3.903847414010944590e+02 6.521654158742272954e-05 6.520938270742290019e-05 6.521568503342270581e-05 6.521386977608944970e-05
3.904847414010944249e+02 6.089236022924088558e-05 6.089408437724038695e-05 6.089278658924081691e-05 6.089307706524069196e-05
3.905847414010943908e+02 5.860294110412883639e-05 5.859889031212915921e-05 5.859805712612913470e-05 5.859996284746237676e-05
3.906847414010943567e+02 5.727239864207487924e-05 5.727362133107458163e-05 5.727265647507458749e-05 5.727289214940801612e-05
3.907847414010943226e+02 5.664809375003548918e-05 5.664956705203547376e-05 5.665093491603533739e-05 5.664953190603543118e-05
3.908847414010942884e+02 5.675951112499366474e-05 5.675777183499384565e-05 5.675744482299394903e-05 5.675824259432715540e-05
3.909847414010942543e+02 5.734353857996646905e-05 5.734474300996630247e-05 5.734236114296641708e-05 5.734354757763306738e-05
3.910847414010942202e+02 5.782771544697192352e-05 5.782683069297204906e-05 5.783201989397160656e-05 5.782885534463853768e-05
3.911847414010941861e+02 5.912363016192486223e-05 5.912214241192489809e-05 5.912336667592512680e-05 5.912304641659162904e-05
3.912847414010941520e+02 6.075146088890469277e-05 6.075102179290463393e-05 6.075286642790459830e-05 6.075178303657130833e-05
3.913847414010941179e+02 6.748051718560602540e-05 6.748045186160600486e-05 6.748185091560602927e-05 6.748093998760600629e-05
3.914847414010940838e+02 6.865188735393074873e-05 6.865282035793069467e-05 6.865332271993074308e-05 6.865267681059738646e-05
3.915847414010940497e+02 6.527470973020156912e-05 6.527634227820152595e-05 6.527285192520176471e-05 6.527463464453494874e-05
3.916847414010940156e+02 6.640214251493270839e-05 6.640184711593282384e-05 6.639997241193272678e-05 6.640132068093275300e-05
3.917847414010939815e+02 6.809524216489798866e-05 6.809713265189785720e-05 6.809944018289759151e-05 6.809727166656448364e-05
3.918847414010939474e+02 6.991329239489045143e-05 6.991454267889049459e-05 6.991364347989068896e-05 6.991382618455721618e-05
3.919847414010939133e+02 7.205134560586996394e-05 7.205533744786979129e-05 7.205423020586980008e-05 7.205363775320317607e-05
3.920847414010938792e+02 7.476463498183342159e-05 7.476689471583353489e-05 7.476179513583377384e-05 7.476444161116689655e-05
3.921847414010938451e+02 7.765080774482281418e-05 7.765121719982292527e-05 7.764715645582286301e-05 7.764972713348952964e-05
3.922847414010938110e+02 8.054803563582049546e-05 8.054219039682087038e-05 8.054284556082059619e-05 8.054435719782064497e-05
3.923847414010937769e+02 8.391673529479128232e-05 8.391641178979093350e-05 8.391804429179087555e-05 8.391706379212436379e-05
3.924847414010937428e+02 8.872635417069926907e-05 8.873031827069899303e-05 8.873131276369904206e-05 8.872932840169910139e-05
3.925847414010937086e+02 9.718171265246650222e-05 9.718250073646670089e-05 9.718246441746675581e-05 9.718222593546665749e-05
3.926847414010936745e+02 1.098766945491989866e-04 1.098720882491993243e-04 1.098720342891993361e-04 1.098736056958658823e-04
3.927847414010936404e+02 1.843989072752555804e-04 1.844049872152549023e-04 1.843984931352552923e-04 1.844007958752552493e-04
3.928847414010936063e+02 1.809250981602211555e-04 1.809198633202218774e-04 1.809164440602216862e-04 1.809204685135549335e-04
3.929847414010935722e+02 1.034889311749739567e-04 1.034746865149745399e-04 1.034918035749732209e-04 1.034851404216405860e-04
3.930847414010935381e+02 1.237254916990448007e-05 1.237250365690354640e-05 1.237436302690455832e-05 1.237313861790419493e-05
3.931847414010935040e+02 2.172609209739387778e-05 2.173271564939344575e-05 2.171806035739451209e-05 2.172562270139394408e-05
3.932847414010934699e+02 1.122381642640832435e-04 1.122260286340844623e-04 1.122306743340832028e-04 1.122316224107503029e-04
3.933847414010934358e+02 1.329683959686448543e-04 1.329643430286443447e-04 1.329689695486443502e-04 1.329672361819778407e-04
3.934847414010934017e+02 1.501867211388646488e-04 1.501849885888644810e-04 1.501697867788658177e-04 1.501804988355316401e-04
3.935847414010933676e+02 1.705815849086435992e-04 1.705776572586437405e-04 1.705736123986430078e-04 1.705776181886434672e-04
3.936847414010933335e+02 1.917612653485914161e-04 1.917706164385905095e-04 1.917726808685901252e-04 1.917681875519240079e-04
3.937847414010932994e+02 2.172472374282905178e-04 2.172432357782914155e-04 2.172503405182910768e-04 2.172469379082910034e-04
3.938847414010932653e+02 2.484329079079081789e-04 2.484292731879082111e-04 2.484349553879082852e-04 2.484323788279082612e-04
3.939847414010932312e+02 2.871333855773821600e-04 2.871377291673816111e-04 2.871390765573819106e-04 2.871367304340485425e-04
3.940847414010931971e+02 3.356989057366871997e-04 3.357113822366866772e-04 3.357057721066871781e-04 3.357053533600203336e-04
3.941847414010931629e+02 3.967145143558380290e-04 3.967151230158387932e-04 3.967157618458383808e-04 3.967151330725050677e-04
3.942847414010931288e+02 4.737394446447021736e-04 4.737303042947028854e-04 4.737339549847026442e-04 4.737345679747026039e-04
3.943847414010930947e+02 5.713344165432873321e-04 5.713330689032868710e-04 5.713280829232873391e-04 5.713318561232870723e-04
3.944847414010930606e+02 6.940843319414874034e-04 6.940831784514873808e-04 6.940752863114875914e-04 6.940809322348208280e-04
3.945847414010930265e+02 8.354788290301140476e-04 8.354793250801139520e-04 8.354809684201132966e-04 8.354797075101139461e-04
3.946847414010929924e+02 1.047803329385154931e-03 1.047807596585154533e-03 1.047818565685153941e-03 1.047809830551821135e-03
3.947847414010929583e+02 1.334186945379814155e-03 1.334187838679814315e-03 1.334187823479815070e-03 1.334187535846481035e-03
3.948847414010929242e+02 1.681017975875553471e-03 1.681006870175554089e-03 1.681011483575553783e-03 1.681012109875553709e-03
3.949847414010928901e+02 2.121453635968705356e-03 2.121444902768704951e-03 2.121449878468704975e-03 2.121449472402038138e-03
3.950847414010928560e+02 2.677344741660185427e-03 2.677349306060184449e-03 2.677343798160185511e-03 2.677345948626851796e-03
3.951847414010928219e+02 3.365632993750702733e-03 3.365642006950702453e-03 3.365642388150702404e-03 3.365639129617369052e-03
3.952847414010927878e+02 4.189929970440492944e-03 4.189931548040494100e-03 4.189944795340493251e-03 4.189935437940493432e-03
3.953847414010927537e+02 5.128398225332251280e-03 5.128414484432249933e-03 5.128400873232252105e-03 5.128404527665584439e-03
3.954847414010927196e+02 6.121631786327732735e-03 6.121640199127732773e-03 6.121638433127732024e-03 6.121636806194399177e-03
3.955847414010926855e+02 7.072796345330253226e-03 7.072794519830253798e-03 7.072807792030252547e-03 7.072799552396920146e-03
3.956847414010926514e+02 7.868814872541629243e-03 7.868818281041630586e-03 7.868814045841630855e-03 7.868815733141630228e-03
3.957847414010926173e+02 8.420804292459210111e-03 8.420816644959210409e-03 8.420802370859209462e-03 8.420807769425877817e-03
3.958847414010925831e+02 8.703414976979115258e-03 8.703438795879115189e-03 8.703425824879115411e-03 8.703426532579116442e-03
3.959847414010925490e+02 8.749555776796563711e-03 8.749560232996564726e-03 8.749557062796564644e-03 8.749557690863231027e-03
3.960847414010925149e+02 8.629514783509007261e-03 8.629513478209007230e-03 8.629517217509007077e-03 8.629515159742339944e-03
3.961847414010924808e+02 8.425417062315313649e-03 8.425428697815312909e-03 8.425407033915316077e-03 8.425417598015313633e-03
3.962847414010924467e+02 8.207686372816460491e-03 8.207687424916461361e-03 8.207670981516460365e-03 8.207681593083127405e-03
3.963847414010924126e+02 8.032410958813251262e-03 8.032437263413249456e-03 8.032415709413249713e-03 8.032421310546582899e-03
3.964847414010923785e+02 7.945639500406609379e-03 7.945641359106610582e-03 7.945621255106611117e-03 7.945634038206611516e-03
3.965847414010923444e+02 7.991063862596514689e-03 7.991070223796513730e-03 7.991042191396515240e-03 7.991058759263182376e-03
3.966847414010923103e+02 8.226220454381953304e-03 8.226212952681956000e-03 8.226185803981956104e-03 8.226206403681957449e-03
3.967847414010922762e+02 8.733703631860767480e-03 8.733720048160765678e-03 8.733707494660765749e-03 8.733710391560765146e-03
3.968847414010922421e+02 9.656522236428660352e-03 9.656548223128658820e-03 9.656536688828659329e-03 9.656535716128660657e-03
3.969847414010922080e+02 1.124769752587608668e-02 1.124770380587608934e-02 1.124770269987608769e-02 1.124770134387608790e-02
3.970847414010921739e+02 1.398157751478554256e-02 1.398156324478554494e-02 1.398159106778554261e-02 1.398157727578554568e-02
3.971847414010921398e+02 1.875611829762546465e-02 1.875612810862546664e-02 1.875614772862546631e-02 1.875613137829213253e-02
3.972847414010921057e+02 2.715632121433628199e-02 2.715634489733628060e-02 2.715640969633627277e-02 2.715635860266961063e-02
3.973847414010920716e+02 4.093330501291144591e-02 4.093332332291144821e-02 4.093322173891145860e-02 4.093328335824478886e-02
3.974847414010920374e+02 5.746449286368443543e-02 5.746437426768444962e-02 5.746445898668442465e-02 5.746444203935109629e-02
3.975847414010920033e+02 6.462422497042615011e-02 6.462426094742614036e-02 6.462416111142615938e-02 6.462421567642616382e-02
3.976847414010919692e+02 5.667830672563686084e-02 5.667831091963686230e-02 5.667830659863685311e-02 5.667830808130353004e-02
3.977847414010919351e+02 4.393171658702887949e-02 4.393175578302887380e-02 4.393167325102887572e-02 4.393171520702887634e-02
3.978847414010919010e+02 3.385106521981368771e-02 3.385112302881368440e-02 3.385101517281369210e-02 3.385106780714702834e-02
3.979847414010918669e+02 2.711827271254728042e-02 2.711827019554728657e-02 2.711829542054727815e-02 2.711827944288061273e-02
3.980847414010918328e+02 2.271363401136054089e-02 2.271368042336053411e-02 2.271367286636053959e-02 2.271366243369387153e-02
3.981847414010917987e+02 1.977791145424030034e-02 1.977797300924030027e-02 1.977795794324030063e-02 1.977794746890696592e-02
3.982847414010917646e+02 1.777691703116492800e-02 1.777696811816492639e-02 1.777690314016493536e-02 1.777692942983159774e-02
3.983847414010917305e+02 1.639346099311402710e-02 1.639346805411403402e-02 1.639347773211402570e-02 1.639346892644736459e-02
3.984847414010916964e+02 1.543877156107923213e-02 1.543877310707923202e-02 1.543879660707923006e-02 1.543878042507923140e-02
3.985847414010916623e+02 1.479950260405341750e-02 1.479950576705341657e-02 1.479950277505341985e-02 1.479950371538675015e-02
3.986847414010916282e+02 1.440608192603287478e-02 1.440606874303287412e-02 1.440607839303287459e-02 1.440607635403287450e-02
3.987847414010915941e+02 1.421639043601595834e-02 1.421640283301595607e-02 1.421638013301596004e-02 1.421639113401595815e-02
3.988847414010915600e+02 1.420623463800085515e-02 1.420621769100085738e-02 1.420620906800085584e-02 1.420622046566752048e-02
3.989847414010915259e+02 1.436450965698659460e-02 1.436452587098659313e-02 1.436453101598659035e-02 1.436452218131992545e-02
3.990847414010914918e+02 1.468789562197242611e-02 1.468787987297242789e-02 1.468786722397242943e-02 1.468788090630576172e-02
3.991847414010914576e+02 1.518127209995793342e-02 1.518124991795793272e-02 1.518123408095793311e-02 1.518125203295793250e-02
3.992847414010914235e+02 1.585349157494229944e-02 1.585348338194229878e-02 1.585348634894229863e-02 1.585348710194230126e-02
3.993847414010913894e+02 1.672037155492558935e-02 1.672035413292559392e-02 1.672035759292559570e-02 1.672036109359225850e-02
3.994847414010913553e+02 1.779961413590675293e-02 1.779961622690674761e-02 1.779960388990675310e-02 1.779961141757342019e-02
3.995847414010913212e+02 1.911028394388600976e-02 1.911027825988600992e-02 1.911024738788601185e-02 1.911026986388601051e-02
3.996847414010912871e+02 2.067000995786434994e-02 2.066999340286435061e-02 2.066996230186435302e-02 2.066998855419768452e-02
3.997847414010912530e+02 2.248373122984122924e-02 2.248374366584122638e-02 2.248373106984122294e-02 2.248373532184122850e-02
3.998847414010912189e+02 2.453663340282029315e-02 2.453661510782029209e-02 2.453661436982029417e-02 2.453662096015362531e-02
3.999847414010911848e+02 2.677023211580320181e-02 2.677022376380320395e-02 2.677025192280320029e-02 2.677023593413653882e-02
4.000847414010911507e+02 2.905858185379707817e-02 2.905856107879708009e-02 2.905853937479708354e-02 2.905856076913041625e-02
4.001847414010911166e+02 3.118651675181130511e-02 3.118644710781130758e-02 3.118642951481130632e-02 3.118646445814464430e-02
4.002847414010910825e+02 3.284500016585198412e-02 3.284496490485198927e-02 3.284498010285198666e-02 3.284498172451864872e-02
4.003847414010910484e+02 3.367887143792558380e-02 3.367892087592557621e-02 3.367891313492557548e-02 3.367890181625891877e-02
4.004847414010910143e+02 3.339650772902535980e-02 3.339653518802536414e-02 3.339655066802536126e-02 3.339653119502536405e-02
4.005847414010909802e+02 3.190300870813498474e-02 3.190307944213498226e-02 3.190311154113497499e-02 3.190306656380165196e-02
4.006847414010909461e+02 2.936304816522956190e-02 2.936308211622956632e-02 2.936308785922956896e-02 2.936307271356290369e-02
4.007847414010909119e+02 2.614354562829281081e-02 2.614354754329281313e-02 2.614356789029281466e-02 2.614355368729281287e-02
4.008847414010908778e+02 2.266945631031596492e-02 2.266951942431596340e-02 2.266948857231596698e-02 2.266948810231596972e-02
4.009847414010908437e+02 1.929178723330911630e-02 1.929182048030912006e-02 1.929185580030911423e-02 1.929182117130911686e-02
4.010847414010908096e+02 1.623269954228170192e-02 1.623273441528169658e-02 1.623277042728169667e-02 1.623273479494836274e-02
4.011847414010907755e+02 1.359698484424271339e-02 1.359699076524271619e-02 1.359699999424271964e-02 1.359699186790938076e-02
4.012847414010907414e+02 1.140814959520280655e-02 1.140816997620280535e-02 1.140817901320280436e-02 1.140816619486947209e-02
4.013847414010907073e+02 9.646034685263269251e-03 9.646023435163270099e-03 9.646044312763269596e-03 9.646034144396603560e-03
4.014847414010906732e+02 8.269825073828295653e-03 8.269838868128293052e-03 8.269818585828297292e-03 8.269827509261628087e-03
4.015847414010906391e+02 7.231361495997399788e-03 7.231374495597399539e-03 7.231369169397397663e-03 7.231368386997398708e-03
4.016847414010906050e+02 6.478609933870601266e-03 6.478637473970600379e-03 6.478613942370601946e-03 6.478620450070601486e-03
4.017847414010905709e+02 5.957594617649162802e-03 5.957588233149166412e-03 5.957603693249162620e-03 5.957595514682496700e-03
4.018847414010905368e+02 5.611766881132632806e-03 5.611737755832634650e-03 5.611767770532632635e-03 5.611757469165967564e-03
4.019847414010905027e+02 5.390560589020998612e-03 5.390540638720998055e-03 5.390554840320999942e-03 5.390552022687665826e-03
4.020847414010904686e+02 5.253097741613127654e-03 5.253090058913125436e-03 5.253085184413127350e-03 5.253090994979793191e-03
4.021847414010904345e+02 5.168677894008062018e-03 5.168658726208062888e-03 5.168681161108060543e-03 5.168672593774728194e-03
4.022847414010904004e+02 5.119706453904704531e-03 5.119719190404700693e-03 5.119725290004702861e-03 5.119716978104702117e-03
4.023847414010903663e+02 5.096358624802243414e-03 5.096352621902245153e-03 5.096371780802243755e-03 5.096361009168911063e-03
4.024847414010903321e+02 5.096510137099985287e-03 5.096518976099983361e-03 5.096507108299987154e-03 5.096512073833318890e-03
4.025847414010902980e+02 5.118225170797888537e-03 5.118224114697890285e-03 5.118222836697888453e-03 5.118224040731223293e-03
4.026847414010902639e+02 5.160450538695895636e-03 5.160441718495896446e-03 5.160438254395896540e-03 5.160443503862563452e-03
4.027847414010902298e+02 5.220638114294115506e-03 5.220638861294113822e-03 5.220618222694115539e-03 5.220631732760781622e-03
4.028847414010901957e+02 5.293133814292911958e-03 5.293145388892910898e-03 5.293122573192911469e-03 5.293133925459578108e-03
4.029847414010901616e+02 5.373113304492135173e-03 5.373106551392136700e-03 5.373108899892133604e-03 5.373109585258802404e-03
4.030847414010901275e+02 5.456965374591705997e-03 5.456980142491704364e-03 5.456959301891706020e-03 5.456968272991705171e-03
4.031847414010900934e+02 5.568059955989012114e-03 5.568075311889012467e-03 5.568055536889011253e-03 5.568063601589011077e-03
4.032847414010900593e+02 5.799087852677018047e-03 5.799107721077017934e-03 5.799086070977018705e-03 5.799093881577017939e-03
4.033847414010900252e+02 6.383054716241909517e-03 6.383053348641910991e-03 6.383025522241911678e-03 6.383044529041911018e-03
4.034847414010899911e+02 7.682365608170010907e-03 7.682391518470008465e-03 7.682389533770006031e-03 7.682382220136676002e-03
4.035847414010899570e+02 9.955116094771331373e-03 9.955084753971337949e-03 9.955071071271338889e-03 9.955090640004670560e-03
4.036847414010899229e+02 1.310076809268350718e-02 1.310075921068350538e-02 1.310075623368350470e-02 1.310076117901683851e-02
4.037847414010898888e+02 1.679433689562628146e-02 1.679432484662628233e-02 1.679431916762628291e-02 1.679432696995961788e-02
4.038847414010898547e+02 2.074499445960026681e-02 2.074500878460026551e-02 2.074499652260026333e-02 2.074499992226693651e-02
4.039847414010898206e+02 2.457798632360999602e-02 2.457801298860999226e-02 2.457804401160998756e-02 2.457801444127665977e-02
4.040847414010897865e+02 2.671491625078135229e-02 2.671493343578135518e-02 2.671492643778135972e-02 2.671492537478135573e-02
4.041847414010897523e+02 1.723514165996995265e-02 1.723514776496995471e-02 1.723512881496995497e-02 1.723513941330328744e-02
4.042847414010897182e+02 4.964635580562469855e-03 4.964637516562470793e-03 4.964635785762469208e-03 4.964636294295804442e-03
4.043847414010896841e+02 2.304362732273706419e-03 2.304363716373706260e-03 2.304363159973706401e-03 2.304363202873706360e-03
4.044847414010896500e+02 1.400443163993515296e-03 1.400443768493515265e-03 1.400443486293515135e-03 1.400443472926848421e-03
4.045847414010896159e+02 9.737417451743870123e-04 9.737421600143870374e-04 9.737419773543870647e-04 9.737419608477203715e-04
4.046847414010895818e+02 7.334417071749967706e-04 7.334420132449968443e-04 7.334418791349968294e-04 7.334418665183301119e-04
4.047847414010895477e+02 5.824885289057884531e-04 5.824887665357884403e-04 5.824886611757885274e-04 5.824886522057884375e-04
4.048847414010895136e+02 4.803166800306863304e-04 4.803168716106863498e-04 4.803167855806863315e-04 4.803167790740196525e-04
4.049847414010894795e+02 4.072981310876786377e-04 4.072982900576786703e-04 4.072982181276786282e-04 4.072982130910119607e-04
4.050847414010894454e+02 3.529036609257510371e-04 3.529037958357510380e-04 3.529037347657510153e-04 3.529037305090843273e-04
4.051847414010894113e+02 3.110337182944268694e-04 3.110338348744268633e-04 3.110337824744268342e-04 3.110337785477601709e-04
4.052847414010893772e+02 2.779376638535180203e-04 2.779377661035180454e-04 2.779377208035180204e-04 2.779377169201846954e-04
4.053847414010893431e+02 2.511964444428425262e-04 2.511965352128424952e-04 2.511964958428425051e-04 2.511964918328424908e-04
4.054847414010893090e+02 2.291875649023519736e-04 2.291876463223519746e-04 2.291876119623519948e-04 2.291876077290186386e-04
4.055847414010892749e+02 2.107866005919768922e-04 2.107866742519768667e-04 2.107866442019768892e-04 2.107866396819768737e-04
4.056847414010892408e+02 1.951923425616753532e-04 1.951924097116753505e-04 1.951923833816753755e-04 1.951923785516753687e-04
4.057847414010892066e+02 1.818200694114442478e-04 1.818201310014442478e-04 1.818201079314442359e-04 1.818201027814442348e-04
4.058847414010891725e+02 1.702340738512512965e-04 1.702341306712513091e-04 1.702341104612512944e-04 1.702341049945846514e-04
4.059847414010891384e+02 1.601036906010998610e-04 1.601037432810998716e-04 1.601037256010998566e-04 1.601037198277665207e-04
4.060847414010891043e+02 1.511738687209746024e-04 1.511739177809745885e-04 1.511739023409745884e-04 1.511738962809745931e-04
4.061847414010890702e+02 1.432450108708653667e-04 1.432450567308653547e-04 1.432450433008653498e-04 1.432450369675320237e-04
4.062847414010890361e+02 1.361588705207773906e-04 1.361589135207774085e-04 1.361589019107773920e-04 1.361588953174440637e-04
4.063847414010890020e+02 1.297885011006988702e-04 1.297885415706988884e-04 1.297885315806988774e-04 1.297885247506988787e-04
4.064847414010889679e+02 1.240309716106349010e-04 1.240310097806349122e-04 1.240310012706349158e-04 1.240309942206349006e-04
4.065847414010889338e+02 1.188020059905796062e-04 1.188020421005796061e-04 1.188020349205796034e-04 1.188020276705796052e-04
4.066847414010888997e+02 1.140319834405287259e-04 1.140320176805287213e-04 1.140320117105287278e-04 1.140320042771954007e-04
4.067847414010888656e+02 1.096629158104867665e-04 1.096629483404867682e-04 1.096629434904867686e-04 1.096629358804867768e-04
4.068847414010888315e+02 1.056461368304475237e-04 1.056461677904475225e-04 1.056461639604475117e-04 1.056461561937808481e-04
4.069847414010887974e+02 1.019405162804149612e-04 1.019405458104149614e-04 1.019405429204149681e-04 1.019405350037482969e-04
4.070847414010887633e+02 9.851106631538599564e-05 9.851109452438599156e-05 9.851109249338598959e-05 9.851108444438599226e-05
4.071847414010887292e+02 9.532784351235827299e-05 9.532787050035826967e-05 9.532786926535827949e-05 9.532786109269160738e-05
4.072847414010886951e+02 9.236507662933513452e-05 9.236510248533514700e-05 9.236510198633513576e-05 9.236509370033513006e-05
4.073847414010886610e+02 8.960046803031273036e-05 8.960049283431273013e-05 8.960049301831272148e-05 8.960048462764606066e-05
4.074847414010886268e+02 8.701463001429397988e-05 8.701465383729397620e-05 8.701465465529398149e-05 8.701464616896064134e-05
4.075847414010885927e+02 8.459062680227695346e-05 8.459064971027695397e-05 8.459065111827695908e-05 8.459064254361029335e-05
4.076847414010885586e+02 8.231359991526016506e-05 8.231362196826016195e-05 8.231362392526016725e-05 8.231361526959350260e-05
4.077847414010885245e+02 8.017045985824608673e-05 8.017048110824608314e-05 8.017048357724609030e-05 8.017047484791275339e-05
4.078847414010884904e+02 7.814963087423203246e-05 7.814965137123203089e-05 7.814965431923202930e-05 7.814964552156535970e-05
4.079847414010884563e+02 7.624083849222025198e-05 7.624085828022025303e-05 7.624086167622025985e-05 7.624085281622025947e-05
4.080847414010884222e+02 7.443493173580023430e-05 7.443495085580029179e-05 7.443495467280025768e-05 7.443494575480025222e-05
4.081847414010883881e+02 7.272373361231838278e-05 7.272375210131844085e-05 7.272375631231839778e-05 7.272374734198506477e-05
4.082847414010883540e+02 7.109991482157123005e-05 7.109993271457128638e-05 7.109993729557125377e-05 7.109992827723791888e-05
4.083847414010883199e+02 6.955688654748274713e-05 6.955690387548281168e-05 6.955690880548278277e-05 6.955689974281610934e-05
4.084847414010882858e+02 6.808870910098977533e-05 6.808872589398983063e-05 6.808873115198979867e-05 6.808872204898980154e-05
4.085847414010882517e+02 6.669001374803421890e-05 6.669003003303427364e-05 6.669003560003423253e-05 6.669002646036758858e-05
4.086847414010882176e+02 6.535593555156490192e-05 6.535595135356495056e-05 6.535595721256492194e-05 6.535594803923159147e-05
4.087847414010881835e+02 6.408205547653872815e-05 6.408207081853876453e-05 6.408207695353874327e-05 6.408206774953874080e-05
4.088847414010881494e+02 6.286435029491458911e-05 6.286436519891463385e-05 6.286437159491460158e-05 6.286436236291460366e-05
4.089847414010881153e+02 6.169914909665863716e-05 6.169916358465867023e-05 6.169917022565866245e-05 6.169916096899199446e-05
4.090847414010880811e+02 6.058309541873868506e-05 6.058310950873872579e-05 6.058311638373869832e-05 6.058310710373869176e-05
4.091847414010880470e+02 5.951311415812593622e-05 5.951312786712596975e-05 5.951313496312595229e-05 5.951312566279261490e-05
