374.1847414011    1.0203994361e-05    1.0203996313e-05    1.0203994778e-05    1.0203995150666667e-05
374.28474140109995    8.168732254301157e-06    8.168734056701158e-06    8.168732460401156e-06    8.168732923801157e-06
374.3847414010999    7.2384327066005284e-06    7.2384344404005284e-06    7.238433062900529e-06    7.238433403300529e-06
374.4847414010999    6.83391652380046e-06    6.83391818160046e-06    6.8339172321004595e-06    6.83391731250046e-06
374.58474140109985    6.608450225000384e-06    6.608451884200384e-06    6.608451578900385e-06    6.608451229367052e-06
374.6847414010998    6.491494360200199e-06    6.491496161100199e-06    6.491495113700199e-06    6.491495211666866e-06
374.7847414010998    6.427213809600146e-06    6.4272156728001464e-06    6.4272140692001464e-06    6.4272145172001455e-06
374.88474140109975    6.393848864900077e-06    6.393850939900077e-06    6.3938492210000765e-06    6.393849675266743e-06
374.9847414010997    6.379502660000041e-06    6.3795045003000406e-06    6.37950321770004e-06    6.379503459333374e-06
375.0847414010997    6.36490833270005e-06    6.36491034890005e-06    6.36490847890005e-06    6.36490905350005e-06
375.18474140109964    6.374239484999968e-06    6.374241484799968e-06    6.374239685199968e-06    6.374240218333301e-06
375.2847414010996    6.393793573599922e-06    6.393795394599922e-06    6.393793513999922e-06    6.393794160733256e-06
375.3847414010996    6.4189797817999e-06    6.4189815545999e-06    6.4189800016999e-06    6.418980446033234e-06
375.48474140109954    6.4472883685998715e-06    6.447289850999871e-06    6.447289043899871e-06    6.447289087833204e-06
375.5847414010995    6.464470232199912e-06    6.464471864799912e-06    6.464470763199912e-06    6.464470953399912e-06
375.6847414010995    6.486225145499889e-06    6.486227256399889e-06    6.486225771999889e-06    6.486226057966556e-06
375.78474140109944    6.539083335099699e-06    6.5390852981996995e-06    6.5390842559996996e-06    6.539084296433033e-06
375.8847414010994    6.567503778899838e-06    6.567505787799838e-06    6.567504707899838e-06    6.567504758199838e-06
375.98474140109937    6.598824466099804e-06    6.598826625199805e-06    6.598825147199804e-06    6.598825412833139e-06
376.08474140109934    6.660052150899582e-06    6.660054679699583e-06    6.660052534399583e-06    6.6600531216662495e-06
376.1847414010993    6.695655473399757e-06    6.695657863299757e-06    6.695656157299757e-06    6.695656497999757e-06
376.28474140109927    6.731148566899737e-06    6.731150722799738e-06    6.731150182999738e-06    6.7311498242330706e-06
376.38474140109923    6.782010020799624e-06    6.782011868999624e-06    6.782010949699624e-06    6.782010946499624e-06
376.4847414010992    6.821630405899685e-06    6.821632785499685e-06    6.821631113199685e-06    6.8216314348663524e-06
376.58474140109917    6.8627856467996495e-06    6.86278779329965e-06    6.862785963399649e-06    6.862786467832982e-06
376.68474140109913    6.919605848399516e-06    6.919608073799516e-06    6.919606367199516e-06    6.919606763132849e-06
376.7847414010991    6.96467345729959e-06    6.96467591119959e-06    6.96467425639959e-06    6.964674541632924e-06
376.88474140109906    7.011700036599572e-06    7.011702544399573e-06    7.011700331099572e-06    7.011700970699573e-06
376.98474140109903    7.074380166899395e-06    7.074382652399394e-06    7.0743805896993944e-06    7.074381136332728e-06
377.084741401099    7.124574500099486e-06    7.1245770376994866e-06    7.1245767581994865e-06    7.124576098666153e-06
377.18474140109896    7.1770204233994626e-06    7.177023239999463e-06    7.177023057899463e-06    7.177022240432796e-06
377.2847414010989    7.244557656499271e-06    7.2445603059992706e-06    7.244558848499271e-06    7.244558936999271e-06
377.3847414010989    7.2980815947994225e-06    7.298084184899423e-06    7.298082213899422e-06    7.298082664532755e-06
377.48474140109886    7.3379706186995465e-06    7.337973291799547e-06    7.337971551199547e-06    7.337971820566214e-06
377.5847414010988    7.395123865999318e-06    7.395126008599318e-06    7.3951245299993185e-06    7.395124801532652e-06
377.6847414010988    7.469924064699107e-06    7.469926499599107e-06    7.4699239337991075e-06    7.469924832699108e-06
377.78474140109876    7.5333575301992065e-06    7.533359980599206e-06    7.533358752099206e-06    7.533358754299207e-06
377.8847414010987    7.595943972399217e-06    7.595946507199218e-06    7.595945537099217e-06    7.595945338899217e-06
377.9847414010987    7.65869551229918e-06    7.65869799429918e-06    7.65869729159918e-06    7.658696932732514e-06
378.08474140109865    7.708649604499318e-06    7.708652074499319e-06    7.70865129929932e-06    7.708650992765985e-06
378.1847414010986    7.775085840899094e-06    7.775088002099093e-06    7.775086310199094e-06    7.775086717732427e-06
378.2847414010986    7.845173238899004e-06    7.845175422299003e-06    7.845173790299004e-06    7.845174150499004e-06
378.38474140109855    7.91770348759897e-06    7.91770553449897e-06    7.91770484239897e-06    7.91770462149897e-06
378.4847414010985    7.989995611198932e-06    7.989998117398932e-06    7.989996724398931e-06    7.989996817665599e-06
378.5847414010985    8.050693394699068e-06    8.050695809999068e-06    8.050692891499069e-06    8.050694032065734e-06
378.68474140109845    8.127388091198823e-06    8.127390533398823e-06    8.127388684098823e-06    8.127389102898822e-06
378.7847414010984    8.205048510698763e-06    8.205051560998764e-06    8.205050056198763e-06    8.205050042632095e-06
378.8847414010984    8.269604720198971e-06    8.269607391998971e-06    8.269605933198971e-06    8.269606015132304e-06
378.98474140109835    8.335914478798907e-06    8.335917433298907e-06    8.335916225298907e-06    8.335916045798907e-06
379.0847414010983    8.41852430579859e-06    8.418527043298591e-06    8.41852601449859e-06    8.418525787865257e-06
379.1847414010983    8.489568004698788e-06    8.489570684298789e-06    8.489567868998789e-06    8.489568852665455e-06
379.28474140109824    8.563654144198694e-06    8.563656701498694e-06    8.563653763998694e-06    8.563654869898695e-06
379.3847414010982    8.653954424398409e-06    8.65395787369841e-06    8.65395630859841e-06    8.653956202231744e-06
379.4847414010982    8.734438430098536e-06    8.734441685598536e-06    8.734440016398536e-06    8.73444004403187e-06
379.58474140109814    8.829082873798225e-06    8.829085488298225e-06    8.829083622098225e-06    8.829083994731558e-06
379.6847414010981    8.909831493998485e-06    8.909834847598486e-06    8.909831715898485e-06    8.90983268583182e-06
379.7847414010981    8.978454513298674e-06    8.978457170598674e-06    8.978457144098674e-06    8.978456275998674e-06
379.88474140109804    9.064739572198333e-06    9.064742180998333e-06    9.064742189798333e-06    9.064741314331665e-06
379.984741401098    9.16923440569792e-06    9.169237963197922e-06    9.169235484497922e-06    9.169235951131254e-06
380.084741401098    9.260701726098129e-06    9.260705052998128e-06    9.260702141198129e-06    9.260702973431462e-06
380.18474140109794    9.33937067369839e-06    9.33937513869839e-06    9.33937210349839e-06    9.339372638631723e-06
380.2847414010979    9.434348807398002e-06    9.434352182898003e-06    9.434350303798003e-06    9.43435043136467e-06
380.38474140109787    9.532338140697938e-06    9.532341915497938e-06    9.532338868497939e-06    9.532339641564605e-06
380.48474140109784    9.619269884598123e-06    9.619272470898122e-06    9.619271415898122e-06    9.619271257131456e-06
380.5847414010978    9.72347878419769e-06    9.723482634297689e-06    9.72348296069769e-06    9.72348145973102e-06
380.68474140109777    9.82995901149764e-06    9.82996307479764e-06    9.82996173779764e-06    9.82996127469764e-06
380.78474140109773    9.92447675709785e-06    9.92448024039785e-06    9.924476611297851e-06    9.92447786959785e-06
380.8847414010977    1.002038267499782e-05    1.002038633099782e-05    1.002038445899782e-05    1.0020384488331153e-05
380.98474140109766    1.0121397182997646e-05    1.0121400869997645e-05    1.0121399760997646e-05    1.0121399271330979e-05
381.08474140109763    1.0241907197997123e-05    1.0241909908997123e-05    1.0241907213997123e-05    1.0241908106997122e-05
381.1847414010976    1.0365730154997045e-05    1.0365734103997044e-05    1.0365732039997044e-05    1.0365732099663712e-05
381.28474140109756    1.0475574957997315e-05    1.0475578558997315e-05    1.0475578011997315e-05    1.0475577176330649e-05
381.38474140109753    1.0572639857997629e-05    1.0572643080997628e-05    1.0572643369997627e-05    1.0572642102997627e-05
381.4847414010975    1.068695492599714e-05    1.068695876399714e-05    1.068695637699714e-05    1.068695668899714e-05
381.58474140109746    1.0807294179996921e-05    1.0807298478996922e-05    1.0807295676996921e-05    1.0807296111996922e-05
381.6847414010974    1.093161426099682e-05    1.0931617501996821e-05    1.093161660799682e-05    1.0931616123663487e-05
381.7847414010974    1.1058699473996676e-05    1.1058704587996676e-05    1.1058701685996675e-05    1.1058701915996677e-05
381.88474140109736    1.1175902716996935e-05    1.1175907978996935e-05    1.1175905759996935e-05    1.117590548533027e-05
381.9847414010973    1.1310704798996399e-05    1.1310710023996398e-05    1.1310709022996399e-05    1.1310707948663065e-05
382.0847414010973    1.1447602192996265e-05    1.1447606989996264e-05    1.1447604691996265e-05    1.1447604624996263e-05
382.18474140109726    1.1560328736996923e-05    1.1560332739996923e-05    1.1560329006996924e-05    1.1560330161330258e-05
382.2847414010972    1.1693391891996293e-05    1.1693395297996293e-05    1.1693393536996293e-05    1.1693393575662959e-05
382.3847414010972    1.185998403299536e-05    1.185998904699536e-05    1.185998966599536e-05    1.185998758199536e-05
382.48474140109715    1.2002707258995945e-05    1.2002711125995944e-05    1.2002710118995944e-05    1.2002709501329278e-05
382.5847414010971    1.2132676327996232e-05    1.2132679471996232e-05    1.2132675850996233e-05    1.2132677216996233e-05
382.6847414010971    1.2280745359995707e-05    1.2280750701995707e-05    1.2280748546995707e-05    1.2280748202995709e-05
382.78474140109705    1.2434600492995452e-05    1.2434606324995452e-05    1.2434606708995451e-05    1.2434604508995453e-05
382.884741401097    1.2580221952995696e-05    1.2580225584995696e-05    1.2580225724995695e-05    1.2580224420995694e-05
382.984741401097    1.2744687844995045e-05    1.2744693292995045e-05    1.2744691832995045e-05    1.2744690990328377e-05
383.08474140109695    1.2914786872994779e-05    1.2914791218994779e-05    1.2914793689994778e-05    1.2914790593994778e-05
383.1847414010969    1.306238476499547e-05    1.306238959899547e-05    1.306238938999547e-05    1.306238791799547e-05
383.2847414010969    1.3244022712994321e-05    1.3244027985994321e-05    1.3244025613994321e-05    1.3244025437660988e-05
383.38474140109685    1.3432359396994112e-05    1.3432365190994111e-05    1.3432358894994111e-05    1.3432361160994111e-05
383.4847414010968    1.3597366609994746e-05    1.3597372373994746e-05    1.3597366107994747e-05    1.3597368363994747e-05
383.5847414010968    1.3779627905994094e-05    1.3779633328994095e-05    1.3779631555994094e-05    1.3779630930327428e-05
383.68474140109674    1.3957073154994251e-05    1.395707842399425e-05    1.3957075052994251e-05    1.395707554399425e-05
383.7847414010967    1.4156181497993436e-05    1.4156187443993435e-05    1.4156183505993436e-05    1.4156184149326768e-05
383.8847414010967    1.4363111278993178e-05    1.4363118075993178e-05    1.4363119570993179e-05    1.4363116308659845e-05
383.98474140109664    1.4562705458993308e-05    1.4562712869993307e-05    1.4562713490993306e-05    1.4562710606659975e-05
384.0847414010966    1.4768682516992975e-05    1.4768687086992975e-05    1.4768682247992975e-05    1.4768683950659642e-05
384.1847414010966    1.4983253143992681e-05    1.4983254372992681e-05    1.4983251136992682e-05    1.4983252884659348e-05
384.28474140109654    1.5205741899992286e-05    1.5205746720992285e-05    1.5205744488992286e-05    1.5205744369992287e-05
384.3847414010965    1.542432601599242e-05    1.5424337692992422e-05    1.542434015499242e-05    1.5424334621325755e-05
384.48474140109647    1.5667670567991425e-05    1.5667676423991425e-05    1.5667676575991423e-05    1.5667674522658093e-05
384.58474140109644    1.59217901819909e-05    1.59217943259909e-05    1.59217903819909e-05    1.5921791629990898e-05
384.6847414010964    1.6168833715991154e-05    1.6168837598991154e-05    1.6168838009991154e-05    1.616883644165782e-05
384.78474140109637    1.6413368675991103e-05    1.64133750609911e-05    1.6413380927991102e-05    1.6413374888324435e-05
384.88474140109633    1.6685960110990084e-05    1.6685964537990084e-05    1.6685969755990083e-05    1.668596480165675e-05
384.9847414010963    1.6986481540988897e-05    1.6986492065988897e-05    1.6986492399988896e-05    1.6986488668988896e-05
385.08474140109627    1.7271501079989307e-05    1.7271512562989307e-05    1.7271519797989307e-05    1.727151114698931e-05
385.18474140109623    1.7556066359989324e-05    1.7556064929989326e-05    1.7556076793989326e-05    1.7556069361322657e-05
385.2847414010962    1.788501350898747e-05    1.788501057898747e-05    1.7885016205987472e-05    1.7885013431320806e-05
385.38474140109616    1.8219924298987245e-05    1.8219931023987244e-05    1.8219926071987242e-05    1.821992713165391e-05
385.48474140109613    1.8560314815986843e-05    1.8560323332986845e-05    1.856033358898684e-05    1.856032391265351e-05
385.5847414010961    1.8935847628985272e-05    1.893586071598527e-05    1.893587290598527e-05    1.893586041698527e-05
385.68474140109606    1.9321808304984862e-05    1.9321812523984862e-05    1.932180448598486e-05    1.9321808438318195e-05
385.784741401096    1.9734623606983575e-05    1.9734623473983573e-05    1.9734628150983574e-05    1.9734625077316907e-05
385.884741401096    2.017896853798232e-05    2.0178973381982322e-05    2.017899085698232e-05    2.0178977592315654e-05
385.98474140109596    2.064355061998125e-05    2.064356563898125e-05    2.064357770098125e-05    2.0643564653314586e-05
386.0847414010959    2.1151454265979214e-05    2.1151453540979215e-05    2.1151482005979212e-05    2.1151463270979214e-05
386.1847414010959    2.1709880938977143e-05    2.1709871213977146e-05    2.1709884554977146e-05    2.170987890264381e-05
386.28474140109586    2.232655896997441e-05    2.232656566897441e-05    2.232657037597441e-05    2.232656500497441e-05
386.3847414010958    2.2998071216972134e-05    2.2998072843972135e-05    2.2998116173972134e-05    2.2998086744972136e-05
386.4847414010958    2.3722713349969516e-05    2.372270411296952e-05    2.372275231796952e-05    2.3722723260302856e-05
386.58474140109576    2.4621665047961678e-05    2.4621697409961673e-05    2.4621659051961676e-05    2.462167383662834e-05
386.6847414010957    2.579586624494994e-05    2.579589916894994e-05    2.579585659394994e-05    2.5795874002616604e-05
386.7847414010957    2.6944293318950388e-05    2.6944305282950386e-05    2.694425820295039e-05    2.6944285601617054e-05
386.88474140109565    2.837549446193817e-05    2.837549312193817e-05    2.837549740393817e-05    2.8375494995938168e-05
386.9847414010956    3.0381785477912188e-05    3.0381779780912187e-05    3.0381889857912182e-05    3.038181837224552e-05
387.0847414010956    3.302944890288261e-05    3.302945984088261e-05    3.3029560020882605e-05    3.3029489588215934e-05
387.18474140109555    3.655394564984373e-05    3.655393483784373e-05    3.655394314084374e-05    3.6553941209510396e-05
387.2847414010955    4.185267496176205e-05    4.1852682924762055e-05    4.185276308476205e-05    4.1852706990428717e-05
387.3847414010955    5.06620992406044e-05    5.06620853726044e-05    5.06622456796044e-05    5.066214343093774e-05
387.48474140109545    6.662295606827418e-05    6.66228256002742e-05    6.66228675902742e-05    6.662288308627418e-05
387.5847414010954    0.00010187188969837702    0.00010187187831837703    0.00010187184844837703    0.0001018718721550437
387.6847414010954    0.00020863087825508448    0.00020863049620508447    0.00020863083517508446    0.00020863073654508443
387.78474140109535    0.000783058645233225    0.000783057427143225    0.0007830603516532251    0.0007830588080098917
387.8847414010953    0.0013635091562729444    0.0013635085383729441    0.0013635102418729445    0.0013635093121729443
387.9847414010953    0.00041446700772477597    0.00041446728963477576    0.00041446793934477575    0.0004144674122347758
388.08474140109524    0.00014869658663269015    0.00014869674460269008    0.00014869724388269018    0.00014869685837269012
388.1847414010952    8.737696585192792e-05    8.737724220092792e-05    8.737747995192793e-05    8.73772293349279e-05
388.2847414010952    6.456669604810212e-05    6.456680158010213e-05    6.456709095310211e-05    6.456686286043545e-05
388.38474140109514    5.41335642135041e-05    5.4133794392504094e-05    5.413382750950411e-05    5.413372870517077e-05
388.4847414010951    4.898105841025188e-05    4.8981068030251894e-05    4.8981108383251895e-05    4.8981078274585216e-05
388.5847414010951    4.652769392712133e-05    4.652774889812133e-05    4.652772930012133e-05    4.6527724041787995e-05
388.68474140109504    4.561320035304522e-05    4.561322611104522e-05    4.561324688604522e-05    4.561322445004522e-05
388.784741401095    4.6069403697977176e-05    4.606953715997718e-05    4.606957106997717e-05    4.606950397597718e-05
388.88474140109497    4.7653034524920784e-05    4.765315398492079e-05    4.765317681092078e-05    4.765312177358745e-05
388.98474140109494    5.037199917986245e-05    5.037234280986244e-05    5.037204240286245e-05    5.0372128130862445e-05
389.0847414010949    5.486406071377019e-05    5.486526443577014e-05    5.4864403104770174e-05    5.486457608477017e-05
389.18474140109487    6.23426632636174e-05    6.234326496861744e-05    6.234403175161734e-05    6.234331999461739e-05
389.28474140109483    7.496613431034701e-05    7.496718912834699e-05    7.496821498634698e-05    7.496717947501366e-05
389.3847414010948    9.902897908775529e-05    9.902938480275532e-05    9.90288600917554e-05    9.902907466075534e-05
389.48474140109477    0.00015413383306711826    0.0001541331619071183    0.00015413572993711814    0.00015413424163711824
389.58474140109473    0.0003328301235405533    0.0003328268103505535    0.00033283120977055337    0.0003328293812205534
389.6847414010947    0.0013018866553487713    0.0013019118434487698    0.0013019431584487685    0.0013019138857487704
389.78474140109466    0.0017814685700743747    0.0017814716407743758    0.0017814846794743768    0.0017814749634410426
389.88474140109463    0.0004871768488391578    0.000487174555389158    0.00048716793275915913    0.00048717311232915816
389.9847414010946    0.00019046553061602281    0.00019046765993602254    0.0001904641591060224    0.00019046578321935587
390.08474140109456    0.00011585930712407123    0.00011585992420407132    0.0001158605007640711    0.00011585991069740456
390.1847414010945    8.687829957958148e-05    8.687824513258153e-05    8.688013418958144e-05    8.687889296724815e-05
390.2847414010945    7.288334495977166e-05    7.287934944377187e-05    7.288198426677183e-05    7.288155955677179e-05
390.38474140109446    6.521654158742273e-05    6.52093827074229e-05    6.52156850334227e-05    6.521386977608945e-05
390.4847414010944    6.0892360229240886e-05    6.089408437724039e-05    6.089278658924082e-05    6.089307706524069e-05
390.5847414010944    5.8602941104128836e-05    5.859889031212916e-05    5.8598057126129135e-05    5.859996284746238e-05
390.68474140109436    5.727239864207488e-05    5.727362133107458e-05    5.727265647507459e-05    5.7272892149408016e-05
390.7847414010943    5.664809375003549e-05    5.6649567052035474e-05    5.665093491603534e-05    5.664953190603543e-05
390.8847414010943    5.6759511124993665e-05    5.6757771834993846e-05    5.675744482299395e-05    5.6758242594327155e-05
390.98474140109425    5.734353857996647e-05    5.73447430099663e-05    5.734236114296642e-05    5.734354757763307e-05
391.0847414010942    5.7827715446971924e-05    5.782683069297205e-05    5.7832019893971607e-05    5.782885534463854e-05
391.1847414010942    5.912363016192486e-05    5.91221424119249e-05    5.912336667592513e-05    5.912304641659163e-05
391.28474140109415    6.075146088890469e-05    6.0751021792904634e-05    6.07528664279046e-05    6.075178303657131e-05
391.3847414010941    6.748051718560603e-05    6.7480451861606e-05    6.748185091560603e-05    6.7480939987606e-05
391.4847414010941    6.865188735393075e-05    6.86528203579307e-05    6.865332271993074e-05    6.865267681059739e-05
391.58474140109405    6.527470973020157e-05    6.527634227820153e-05    6.527285192520176e-05    6.527463464453495e-05
391.684741401094    6.640214251493271e-05    6.640184711593282e-05    6.639997241193273e-05    6.640132068093275e-05
391.784741401094    6.809524216489799e-05    6.809713265189786e-05    6.809944018289759e-05    6.809727166656448e-05
391.88474140109395    6.991329239489045e-05    6.99145426788905e-05    6.991364347989069e-05    6.991382618455722e-05
391.9847414010939    7.205134560586996e-05    7.205533744786979e-05    7.20542302058698e-05    7.205363775320318e-05
392.0847414010939    7.476463498183342e-05    7.476689471583353e-05    7.476179513583377e-05    7.47644416111669e-05
392.18474140109385    7.765080774482281e-05    7.765121719982293e-05    7.764715645582286e-05    7.764972713348953e-05
392.2847414010938    8.05480356358205e-05    8.054219039682087e-05    8.05428455608206e-05    8.054435719782064e-05
392.3847414010938    8.391673529479128e-05    8.391641178979093e-05    8.391804429179088e-05    8.391706379212436e-05
392.48474140109374    8.872635417069927e-05    8.873031827069899e-05    8.873131276369904e-05    8.87293284016991e-05
392.5847414010937    9.71817126524665e-05    9.71825007364667e-05    9.718246441746676e-05    9.718222593546666e-05
392.6847414010937    0.00010987669454919899    0.00010987208824919932    0.00010987203428919934    0.00010987360569586588
392.78474140109364    0.00018439890727525558    0.0001844049872152549    0.0001843984931352553    0.00018440079587525525
392.8847414010936    0.00018092509816022116    0.00018091986332022188    0.00018091644406022169    0.00018092046851355493
392.9847414010936    0.00010348893117497396    0.00010347468651497454    0.00010349180357497322    0.00010348514042164059
393.08474140109354    1.237254916990448e-05    1.2372503656903546e-05    1.2374363026904558e-05    1.2373138617904195e-05
393.1847414010935    2.1726092097393878e-05    2.1732715649393446e-05    2.1718060357394512e-05    2.1725622701393944e-05
393.28474140109347    0.00011223816426408324    0.00011222602863408446    0.0001122306743340832    0.0001122316224107503
393.38474140109344    0.00013296839596864485    0.00013296434302864434    0.00013296896954864435    0.00013296723618197784
393.4847414010934    0.00015018672113886465    0.00015018498858886448    0.00015016978677886582    0.00015018049883553164
393.58474140109337    0.0001705815849086436    0.00017057765725864374    0.000170573612398643    0.00017057761818864347
393.68474140109333    0.00019176126534859142    0.0001917706164385905    0.00019177268086859013    0.000191768187551924
393.7847414010933    0.00021724723742829052    0.00021724323577829142    0.00021725034051829108    0.000217246937908291
393.88474140109327    0.0002484329079079082    0.0002484292731879082    0.0002484349553879083    0.00024843237882790826
393.98474140109323    0.00028713338557738216    0.0002871377291673816    0.0002871390765573819    0.00028713673043404854
394.0847414010932    0.0003356989057366872    0.0003357113822366867    0.0003357057721066872    0.00033570535336002033
394.18474140109316    0.00039671451435583803    0.0003967151230158388    0.0003967157618458384    0.00039671513307250507
394.28474140109313    0.0004737394446447022    0.0004737303042947029    0.00047373395498470264    0.0004737345679747026
394.3847414010931    0.0005713344165432873    0.0005713330689032869    0.0005713280829232873    0.0005713318561232871
394.48474140109306    0.0006940843319414874    0.0006940831784514874    0.0006940752863114876    0.0006940809322348208
394.584741401093    0.000835478829030114    0.000835479325080114    0.0008354809684201133    0.000835479707510114
394.684741401093    0.001047803329385155    0.0010478075965851545    0.001047818565685154    0.0010478098305518211
394.78474140109296    0.0013341869453798142    0.0013341878386798143    0.001334187823479815    0.001334187535846481
394.8847414010929    0.0016810179758755535    0.001681006870175554    0.0016810114835755538    0.0016810121098755537
394.9847414010929    0.0021214536359687054    0.002121444902768705    0.002121449878468705    0.002121449472402038
395.08474140109286    0.0026773447416601854    0.0026773493060601844    0.0026773437981601855    0.002677345948626852
395.1847414010928    0.0033656329937507027    0.0033656420069507025    0.0033656423881507024    0.003365639129617369
395.2847414010928    0.004189929970440493    0.004189931548040494    0.004189944795340493    0.004189935437940493
395.38474140109275    0.005128398225332251    0.00512841448443225    0.005128400873232252    0.0051284045276655844
395.4847414010927    0.006121631786327733    0.006121640199127733    0.006121638433127732    0.006121636806194399
395.5847414010927    0.007072796345330253    0.007072794519830254    0.0070728077920302525    0.00707279955239692
395.68474140109265    0.00786881487254163    0.00786881828104163    0.00786881404584163    0.00786881573314163
395.7847414010926    0.00842080429245921    0.00842081664495921    0.00842080237085921    0.008420807769425878
395.8847414010926    0.008703414976979115    0.008703438795879115    0.008703425824879115    0.008703426532579116
395.98474140109255    0.008749555776796564    0.008749560232996565    0.008749557062796565    0.008749557690863231
396.0847414010925    0.008629514783509007    0.008629513478209007    0.008629517217509007    0.00862951515974234
396.1847414010925    0.008425417062315314    0.008425428697815313    0.008425407033915316    0.008425417598015314
396.28474140109245    0.00820768637281646    0.008207687424916461    0.00820767098151646    0.008207681593083127
396.3847414010924    0.008032410958813251    0.00803243726341325    0.00803241570941325    0.008032421310546583
396.4847414010924    0.00794563950040661    0.00794564135910661    0.007945621255106611    0.007945634038206612
396.58474140109234    0.007991063862596515    0.007991070223796514    0.007991042191396515    0.007991058759263182
396.6847414010923    0.008226220454381953    0.008226212952681956    0.008226185803981956    0.008226206403681957
396.7847414010923    0.008733703631860767    0.008733720048160766    0.008733707494660766    0.008733710391560765
396.88474140109224    0.00965652223642866    0.009656548223128659    0.00965653668882866    0.00965653571612866
396.9847414010922    0.011247697525876087    0.01124770380587609    0.011247702699876088    0.011247701343876088
397.0847414010922    0.013981577514785543    0.013981563244785545    0.013981591067785543    0.013981577275785546
397.18474140109214    0.018756118297625465    0.018756128108625467    0.018756147728625466    0.018756131378292133
397.2847414010921    0.027156321214336282    0.02715634489733628    0.027156409696336273    0.02715635860266961
397.38474140109207    0.040933305012911446    0.04093332332291145    0.04093322173891146    0.04093328335824479
397.48474140109204    0.057464492863684435    0.05746437426768445    0.057464458986684425    0.057464442039351096
397.584741401092    0.06462422497042615    0.06462426094742614    0.06462416111142616    0.06462421567642616
397.68474140109197    0.05667830672563686    0.05667831091963686    0.05667830659863685    0.05667830808130353
397.78474140109194    0.04393171658702888    0.043931755783028874    0.043931673251028876    0.043931715207028876
397.8847414010919    0.03385106521981369    0.033851123028813684    0.03385101517281369    0.03385106780714703
397.98474140109187    0.02711827271254728    0.027118270195547287    0.027118295420547278    0.027118279442880613
398.08474140109183    0.02271363401136054    0.022713680423360534    0.02271367286636054    0.02271366243369387
398.1847414010918    0.0197779114542403    0.0197779730092403    0.0197779579432403    0.019777947468906966
398.28474140109176    0.017776917031164928    0.017776968118164926    0.017776903140164935    0.017776929429831598
398.38474140109173    0.016393460993114027    0.016393468054114034    0.016393477732114026    0.016393468926447365
398.4847414010917    0.015438771561079232    0.015438773107079232    0.01543879660707923    0.015438780425079231
398.58474140109166    0.014799502604053417    0.014799505767053417    0.01479950277505342    0.01479950371538675
398.6847414010916    0.014406081926032875    0.014406068743032874    0.014406078393032875    0.014406076354032874
398.7847414010916    0.014216390436015958    0.014216402833015956    0.01421638013301596    0.014216391134015958
398.88474140109156    0.014206234638000855    0.014206217691000857    0.014206209068000856    0.01420622046566752
398.9847414010915    0.014364509656986595    0.014364525870986593    0.01436453101598659    0.014364522181319925
399.0847414010915    0.014687895621972426    0.014687879872972428    0.01468786722397243    0.014687880906305762
399.18474140109146    0.015181272099957933    0.015181249917957933    0.015181234080957933    0.015181252032957933
399.2847414010914    0.0158534915749423    0.0158534833819423    0.0158534863489423    0.0158534871019423
399.3847414010914    0.01672037155492559    0.016720354132925594    0.016720357592925596    0.01672036109359226
399.48474140109136    0.017799614135906753    0.017799616226906748    0.017799603889906753    0.01779961141757342
399.5847414010913    0.01911028394388601    0.01911027825988601    0.019110247387886012    0.01911026986388601
399.6847414010913    0.02067000995786435    0.02066999340286435    0.020669962301864353    0.020669988554197685
399.78474140109125    0.02248373122984123    0.022483743665841226    0.022483731069841223    0.02248373532184123
399.8847414010912    0.024536633402820293    0.024536615107820292    0.024536614369820294    0.024536620960153625
399.9847414010912    0.026770232115803202    0.026770223763803204    0.0267702519228032    0.02677023593413654
400.08474140109115    0.029058581853797078    0.02905856107879708    0.029058539374797084    0.029058560769130416
400.1847414010911    0.031186516751811305    0.031186447107811308    0.031186429514811306    0.031186464458144644
400.2847414010911    0.032845000165851984    0.03284496490485199    0.03284498010285199    0.03284498172451865
400.38474140109105    0.033678871437925584    0.033678920875925576    0.033678913134925575    0.03367890181625892
400.484741401091    0.03339650772902536    0.033396535188025364    0.03339655066802536    0.033396531195025364
400.584741401091    0.031903008708134985    0.03190307944213498    0.031903111541134975    0.03190306656380165
400.68474140109095    0.029363048165229562    0.029363082116229566    0.02936308785922957    0.029363072713562904
400.7847414010909    0.02614354562829281    0.026143547543292813    0.026143567890292815    0.026143553687292813
400.8847414010909    0.022669456310315965    0.022669519424315963    0.022669488572315967    0.02266948810231597
400.98474140109084    0.019291787233309116    0.01929182048030912    0.019291855800309114    0.019291821171309117
401.0847414010908    0.016232699542281702    0.016232734415281697    0.016232770427281697    0.016232734794948363
401.1847414010908    0.013596984844242713    0.013596990765242716    0.01359699999424272    0.01359699186790938
401.28474140109074    0.011408149595202807    0.011408169976202805    0.011408179013202804    0.011408166194869472
401.3847414010907    0.00964603468526327    0.00964602343516327    0.00964604431276327    0.009646034144396604
401.4847414010907    0.008269825073828296    0.008269838868128293    0.008269818585828297    0.008269827509261628
401.58474140109064    0.0072313614959974    0.0072313744955973995    0.007231369169397398    0.007231368386997399
401.6847414010906    0.006478609933870601    0.0064786374739706    0.006478613942370602    0.0064786204500706015
401.78474140109057    0.005957594617649163    0.005957588233149166    0.005957603693249163    0.005957595514682497
401.88474140109054    0.005611766881132633    0.005611737755832635    0.005611767770532633    0.0056117574691659676
401.9847414010905    0.005390560589020999    0.005390540638720998    0.005390554840321    0.005390552022687666
402.08474140109047    0.005253097741613128    0.0052530900589131254    0.005253085184413127    0.005253090994979793
402.18474140109043    0.005168677894008062    0.005168658726208063    0.0051686811611080605    0.005168672593774728
402.2847414010904    0.0051197064539047045    0.005119719190404701    0.005119725290004703    0.005119716978104702
402.38474140109037    0.005096358624802243    0.005096352621902245    0.005096371780802244    0.005096361009168911
402.48474140109033    0.005096510137099985    0.005096518976099983    0.005096507108299987    0.005096512073833319
402.5847414010903    0.0051182251707978885    0.00511822411469789    0.0051182228366978885    0.005118224040731223
402.68474140109026    0.005160450538695896    0.0051604417184958964    0.0051604382543958965    0.0051604435038625635
402.78474140109023    0.0052206381142941155    0.005220638861294114    0.0052206182226941155    0.005220631732760782
402.8847414010902    0.005293133814292912    0.005293145388892911    0.0052931225731929115    0.005293133925459578
402.98474140109016    0.005373113304492135    0.005373106551392137    0.005373108899892134    0.005373109585258802
403.0847414010901    0.005456965374591706    0.005456980142491704    0.005456959301891706    0.005456968272991705
403.1847414010901    0.005568059955989012    0.0055680753118890125    0.005568055536889011    0.005568063601589011
403.28474140109006    0.005799087852677018    0.005799107721077018    0.005799086070977019    0.005799093881577018
403.38474140109    0.0063830547162419095    0.006383053348641911    0.006383025522241912    0.006383044529041911
403.48474140109    0.007682365608170011    0.0076823915184700085    0.007682389533770006    0.007682382220136676
403.58474140108996    0.009955116094771331    0.009955084753971338    0.009955071071271339    0.00995509064000467
403.6847414010899    0.013100768092683507    0.013100759210683505    0.013100756233683505    0.013100761179016839
403.7847414010899    0.01679433689562628    0.016794324846626282    0.016794319167626283    0.016794326969959618
403.88474140108985    0.020744994459600267    0.020745008784600266    0.020744996522600263    0.020744999922266937
403.9847414010898    0.024577986323609996    0.024578012988609992    0.024578044011609988    0.02457801444127666
404.0847414010898    0.026714916250781352    0.026714933435781355    0.02671492643778136    0.026714925374781356
404.18474140108975    0.017235141659969953    0.017235147764969955    0.017235128814969955    0.017235139413303287
404.2847414010897    0.00496463558056247    0.004964637516562471    0.004964635785762469    0.0049646362942958044
404.3847414010897    0.0023043627322737064    0.0023043637163737063    0.0023043631599737064    0.0023043632028737064
404.48474140108965    0.0014004431639935153    0.0014004437684935153    0.0014004434862935151    0.0014004434729268484
404.5847414010896    0.000973741745174387    0.000973742160014387    0.0009737419773543871    0.0009737419608477204
404.6847414010896    0.0007334417071749968    0.0007334420132449968    0.0007334418791349968    0.0007334418665183301
404.78474140108955    0.0005824885289057885    0.0005824887665357884    0.0005824886611757885    0.0005824886522057884
404.8847414010895    0.00048031668003068633    0.00048031687161068635    0.00048031678558068633    0.00048031677907401965
404.9847414010895    0.00040729813108767864    0.00040729829005767867    0.00040729821812767863    0.00040729821309101196
405.08474140108945    0.00035290366092575104    0.00035290379583575104    0.000352903734765751    0.00035290373050908433
405.1847414010894    0.00031103371829442687    0.00031103383487442686    0.00031103378247442683    0.00031103377854776017
405.2847414010894    0.000277937663853518    0.00027793776610351805    0.000277937720803518    0.0002779377169201847
405.38474140108934    0.0002511964444428425    0.0002511965352128425    0.0002511964958428425    0.0002511964918328425
405.4847414010893    0.00022918756490235197    0.00022918764632235197    0.000229187611962352    0.00022918760772901864
405.5847414010893    0.0002107866005919769    0.00021078667425197687    0.0002107866442019769    0.00021078663968197687
405.68474140108924    0.00019519234256167535    0.00019519240971167535    0.00019519238338167538    0.00019519237855167537
405.7847414010892    0.00018182006941144425    0.00018182013100144425    0.00018182010793144424    0.00018182010278144423
405.8847414010892    0.0001702340738512513    0.0001702341306712513    0.0001702341104612513    0.00017023410499458465
405.98474140108914    0.00016010369060109986    0.00016010374328109987    0.00016010372560109986    0.00016010371982776652
406.0847414010891    0.0001511738687209746    0.0001511739177809746    0.0001511739023409746    0.0001511738962809746
406.18474140108907    0.00014324501087086537    0.00014324505673086535    0.00014324504330086535    0.00014324503696753202
406.28474140108904    0.0001361588705207774    0.0001361589135207774    0.0001361589019107774    0.00013615889531744406
406.384741401089    0.00012978850110069887    0.0001297885415706989    0.00012978853158069888    0.00012978852475069888
406.48474140108897    0.0001240309716106349    0.0001240310097806349    0.00012403100127063492    0.0001240309942206349
406.58474140108893    0.0001188020059905796    0.0001188020421005796    0.0001188020349205796    0.0001188020276705796
406.6847414010889    0.00011403198344052873    0.00011403201768052872    0.00011403201171052873    0.0001140320042771954
406.78474140108887    0.00010966291581048677    0.00010966294834048677    0.00010966294349048677    0.00010966293588048678
406.88474140108883    0.00010564613683044752    0.00010564616779044752    0.00010564616396044751    0.00010564615619378085
406.9847414010888    0.00010194051628041496    0.00010194054581041496    0.00010194054292041497    0.0001019405350037483
407.08474140108876    9.8511066315386e-05    9.851109452438599e-05    9.851109249338599e-05    9.851108444438599e-05
407.18474140108873    9.532784351235827e-05    9.532787050035827e-05    9.532786926535828e-05    9.532786109269161e-05
407.2847414010887    9.236507662933513e-05    9.236510248533515e-05    9.236510198633514e-05    9.236509370033513e-05
407.38474140108866    8.960046803031273e-05    8.960049283431273e-05    8.960049301831272e-05    8.960048462764606e-05
407.4847414010886    8.701463001429398e-05    8.701465383729398e-05    8.701465465529398e-05    8.701464616896064e-05
407.5847414010886    8.459062680227695e-05    8.459064971027695e-05    8.459065111827696e-05    8.45906425436103e-05
407.68474140108856    8.231359991526017e-05    8.231362196826016e-05    8.231362392526017e-05    8.23136152695935e-05
407.7847414010885    8.017045985824609e-05    8.017048110824608e-05    8.017048357724609e-05    8.017047484791275e-05
407.8847414010885    7.814963087423203e-05    7.814965137123203e-05    7.814965431923203e-05    7.814964552156536e-05
407.98474140108846    7.624083849222025e-05    7.624085828022025e-05    7.624086167622026e-05    7.624085281622026e-05
408.0847414010884    7.443493173580023e-05    7.443495085580029e-05    7.443495467280026e-05    7.443494575480025e-05
408.1847414010884    7.272373361231838e-05    7.272375210131844e-05    7.27237563123184e-05    7.272374734198506e-05
408.28474140108835    7.109991482157123e-05    7.109993271457129e-05    7.109993729557125e-05    7.109992827723792e-05
408.3847414010883    6.955688654748275e-05    6.955690387548281e-05    6.955690880548278e-05    6.955689974281611e-05
408.4847414010883    6.808870910098978e-05    6.808872589398983e-05    6.80887311519898e-05    6.80887220489898e-05
408.58474140108825    6.669001374803422e-05    6.669003003303427e-05    6.669003560003423e-05    6.669002646036759e-05
408.6847414010882    6.53559355515649e-05    6.535595135356495e-05    6.535595721256492e-05    6.535594803923159e-05
408.7847414010882    6.408205547653873e-05    6.408207081853876e-05    6.408207695353874e-05    6.408206774953874e-05
408.88474140108815    6.286435029491459e-05    6.286436519891463e-05    6.28643715949146e-05    6.28643623629146e-05
408.9847414010881    6.169914909665864e-05    6.169916358465867e-05    6.169917022565866e-05    6.1699160968992e-05
409.0847414010881    6.0583095418738685e-05    6.0583109508738726e-05    6.05831163837387e-05    6.058310710373869e-05
409.18474140108805    5.9513114158125936e-05    5.951312786712597e-05    5.951313496312595e-05    5.9513125662792615e-05
