1.609110039710479941e+04 5.309167940200000156e-05 5.309167886399999812e-05 5.289545429999999762e-05 5.302627085533333017e-05
1.609120039710479796e+04 5.363276860499016380e-05 5.363276794899016312e-05 5.342896804899029725e-05 5.356483486765687698e-05
1.609130039710479650e+04 5.417586224898023929e-05 5.417586164198024079e-05 5.396407088098052870e-05 5.410526492398034756e-05
1.609140039710479505e+04 5.473873888696928578e-05 5.473873813096928007e-05 5.451850724296974313e-05 5.466532808696943633e-05
1.609150039710479359e+04 5.531690128895793259e-05 5.531690048095793050e-05 5.508775353595858230e-05 5.524051843529148180e-05
1.609160039710479214e+04 5.590414704395727712e-05 5.590414642395726767e-05 5.566556775895796082e-05 5.582462040895749735e-05
1.609170039710479068e+04 5.651262514394465712e-05 5.651262465694465651e-05 5.626406679794556775e-05 5.642977219961163164e-05
1.609180039710478923e+04 5.713797260093175030e-05 5.713797188793175164e-05 5.687884540893290211e-05 5.705159663259880135e-05
1.609190039710478777e+04 5.777986892391826136e-05 5.777986814591826214e-05 5.750954642391969658e-05 5.768976116458541799e-05
1.609200039710478632e+04 5.844041724090387843e-05 5.844041646490387985e-05 5.815822500690560551e-05 5.834635290423778793e-05
1.609210039710478486e+04 5.912681280390011591e-05 5.912681210290012110e-05 5.883203117790195040e-05 5.902855202823406247e-05
1.609220039710478341e+04 5.983407488788421380e-05 5.983407410988421458e-05 5.952593107888640460e-05 5.973136002555160873e-05
1.609230039710478195e+04 6.056087770086779186e-05 6.056087698886779351e-05 6.023854603887037769e-05 6.045343357620199220e-05
1.609240039710478050e+04 6.131408654984929442e-05 6.131408592084929563e-05 6.097668482485230334e-05 6.120161909851697124e-05
1.609250039710477904e+04 6.209242518883010902e-05 6.209242441883010559e-05 6.173900857083360408e-05 6.197461939283126838e-05
1.609260039710477758e+04 6.290023030282367055e-05 6.290022958982367188e-05 6.252978978182739092e-05 6.277674989149157779e-05
1.609270039710477613e+04 6.373768512880197492e-05 6.373768444080197073e-05 6.334914757080624837e-05 6.360817238013672683e-05
1.609280039710477467e+04 6.460202452577988770e-05 6.460202372477988786e-05 6.419424506778477978e-05 6.446609777278151845e-05
1.609290039710477322e+04 6.549659063875591929e-05 6.549658979175591823e-05 6.506835162476150140e-05 6.535384401842444179e-05
1.609300039710477176e+04 6.642472688572987000e-05 6.642472593872987747e-05 6.597474090773619343e-05 6.627473124406532267e-05
1.609310039710477031e+04 6.738782651871970050e-05 6.738782567071971267e-05 6.691472758272642497e-05 6.723012659072193249e-05
1.609320039710476885e+04 6.838836658669060584e-05 6.838836595569060641e-05 6.789070533269820143e-05 6.822247929169313789e-05
1.609330039710476740e+04 6.942634747466013825e-05 6.942634657266014662e-05 6.890263947466866452e-05 6.925177784066299217e-05
1.609340039710476594e+04 7.050469324362731299e-05 7.050469245962731862e-05 6.995334590063686793e-05 7.032091053463049985e-05
1.609350039710476449e+04 7.162357178059295391e-05 7.162357112859294773e-05 7.104296299360360301e-05 7.143003530092983488e-05
1.609360039710476303e+04 7.278273538057829933e-05 7.278273461157829622e-05 7.217116403858956676e-05 7.257887801024871625e-05
1.609370039710476158e+04 7.398480411854082553e-05 7.398480343854082391e-05 7.334057069655330061e-05 7.377005941787832572e-05
1.609380039710476012e+04 7.523612528949924385e-05 7.523612460149925322e-05 7.455748903551301051e-05 7.500991297550384490e-05
1.609390039710475867e+04 7.653427889545689577e-05 7.653427813145689427e-05 7.581950926147200929e-05 7.629602209612859978e-05
1.609400039710475721e+04 7.787990769241255661e-05 7.787990670241255026e-05 7.712736295242903894e-05 7.762905911575138194e-05
1.609410039710475576e+04 7.927647899139031147e-05 7.927647776039030902e-05 7.848453893940750877e-05 7.901249856372937190e-05
1.609420039710475430e+04 8.072378872434183932e-05 8.072378800234183776e-05 7.989105364236039476e-05 8.044621012301468609e-05
1.609430039710475285e+04 8.222402756429048108e-05 8.222402614429048567e-05 8.134926747831035764e-05 8.193244039563044598e-05
1.609440039710475139e+04 8.377415655023868893e-05 8.377415566823869018e-05 8.285642979125978609e-05 8.346824733657905507e-05
1.609450039710474994e+04 8.537649894518389230e-05 8.537649841718389886e-05 8.441518421520608851e-05 8.505606052585795989e-05
1.609460039710474848e+04 8.703413930715572983e-05 8.703413826315573325e-05 8.602912341617799255e-05 8.669913366216314284e-05
1.609470039710474703e+04 8.874340999809835222e-05 8.874340851709835076e-05 8.769514864212116050e-05 8.839398905243929234e-05
1.609480039710474557e+04 9.050093001304093437e-05 9.050092772704093180e-05 8.941050021606393623e-05 9.013745265204859628e-05
1.609490039710474412e+04 9.231076694397945021e-05 9.231076600697944734e-05 9.118002671800217774e-05 9.193385322298702961e-05
1.609500039710474266e+04 9.416695306591955266e-05 9.416695264691955357e-05 9.299867353894141007e-05 9.377752641726017210e-05
1.609510039710474121e+04 9.606565963789479880e-05 9.606565818489480634e-05 9.486350885591452061e-05 9.566494222623470858e-05
1.609520039710473975e+04 9.800822569183394260e-05 9.800822478383393549e-05 9.677686294285147697e-05 9.759777113950645169e-05
1.609530039710473829e+04 9.999037707377412458e-05 9.999037573977411614e-05 9.873545943978868607e-05 9.957207075111232700e-05
1.609540039710473684e+04 1.020058649387168507e-04 1.020058644687168488e-04 1.007339677787276661e-04 1.015818990620537840e-04
1.609550039710473538e+04 1.040527019886596514e-04 1.040527000286596587e-04 1.027713167786658757e-04 1.036255729319950710e-04
1.609560039710473393e+04 1.061310694386390199e-04 1.061310681586390153e-04 1.048483897986398548e-04 1.057035091319726255e-04
1.609570039710473247e+04 1.082384600885816700e-04 1.082384591285816733e-04 1.069631102485767463e-04 1.078133431552466830e-04
1.609580039710473102e+04 1.103746987885233943e-04 1.103746957985233959e-04 1.091156961285120948e-04 1.099550302385196419e-04
1.609590039710472956e+04 1.125420812384624573e-04 1.125420782784624551e-04 1.113083923684444966e-04 1.121308506284564516e-04
1.609600039710472811e+04 1.147436500583981516e-04 1.147436491783981400e-04 1.135439913983733826e-04 1.143437635450565671e-04
1.609610039710472665e+04 1.169830650183706122e-04 1.169830613983706012e-04 1.158256299783398766e-04 1.165972521316937057e-04
1.609620039710472520e+04 1.192661754282972885e-04 1.192661770182972843e-04 1.181585016282601865e-04 1.188969513582849107e-04
1.609630039710472374e+04 1.216010560882162012e-04 1.216010533482162154e-04 1.205498503881730608e-04 1.212506532748685060e-04
1.609640039710472229e+04 1.239990840481243527e-04 1.239990838781243252e-04 1.230100428580757339e-04 1.236694035947748130e-04
1.609650039710472083e+04 1.264767991580169294e-04 1.264767963880169340e-04 1.255546359579634260e-04 1.261694105013324207e-04
1.609660039710471938e+04 1.290315902879552530e-04 1.290315904479552502e-04 1.281800858978987209e-04 1.287477555446030837e-04
1.609670039710471792e+04 1.316832184678294994e-04 1.316832141478295481e-04 1.309051960777693718e-04 1.314238762311428245e-04
1.609680039710471647e+04 1.344440793176898967e-04 1.344440790776899009e-04 1.337415635076267021e-04 1.342099073010021666e-04
1.609690039710471501e+04 1.373254141575366524e-04 1.373254143575366624e-04 1.366997045074710244e-04 1.371168443408481402e-04
1.609700039710471356e+04 1.403351184573721976e-04 1.403351175773721860e-04 1.397869161473045102e-04 1.401523840606829646e-04
1.609710039710471210e+04 1.434881411372470369e-04 1.434881367672470424e-04 1.430176773971791784e-04 1.433313184338910859e-04
1.609720039710471065e+04 1.468032115270452391e-04 1.468032138170452430e-04 1.464103466269760939e-04 1.466722573236888677e-04
1.609730039710470919e+04 1.502785788268391613e-04 1.502785774668391580e-04 1.499629483267689040e-04 1.501733682068157321e-04
1.609740039710470774e+04 1.539323544266104455e-04 1.539323534566104591e-04 1.536934118465393148e-04 1.538527065765867398e-04
1.609750039710470628e+04 1.577714276263687137e-04 1.577714296463687122e-04 1.576086052762967207e-04 1.577171541830113912e-04
1.609760039710470483e+04 1.618118346961782642e-04 1.618118328361782901e-04 1.617245327861068437e-04 1.617827334394878174e-04
1.609770039710470337e+04 1.660665252758981956e-04 1.660665208958982250e-04 1.660541792158259423e-04 1.660624084625408057e-04
1.609780039710470191e+04 1.705389739456069156e-04 1.705389708256069162e-04 1.706011504055337190e-04 1.705596983922492017e-04
1.609790039710470046e+04 1.752538428952830549e-04 1.752538421552830340e-04 1.753902944552087099e-04 1.752993265019249600e-04
1.609800039710469900e+04 1.802217615049395041e-04 1.802217579949395149e-04 1.804323950548639404e-04 1.802919715182476712e-04
1.609810039710469755e+04 1.854471869046771888e-04 1.854471849746771922e-04 1.857320939246015522e-04 1.855421552679853382e-04
1.609820039710469609e+04 1.909544532142899514e-04 1.909544513242899405e-04 1.913139465042126017e-04 1.910742836809308312e-04
1.609830039710469464e+04 1.967543581938810166e-04 1.967543564838810093e-04 1.971890665538016802e-04 1.968992604105212444e-04
1.609840039710469318e+04 2.028684746234382988e-04 2.028684743934383063e-04 2.033792356633566732e-04 2.030387282267444261e-04
1.609850039710469173e+04 2.093077858229721710e-04 2.093077827429721844e-04 2.098957389128879437e-04 2.095037691596107754e-04
1.609860039710469027e+04 2.160968238725904694e-04 2.160968231725904885e-04 2.167633992025046555e-04 2.163190154158951774e-04
1.609870039710468882e+04 2.232603608220514639e-04 2.232603578020514695e-04 2.240073087419622788e-04 2.235093424553550527e-04
1.609880039710468736e+04 2.308075822114884397e-04 2.308075784414884482e-04 2.316369538513955088e-04 2.310840381681241232e-04
1.609890039710468591e+04 2.387783008908658355e-04 2.387782955808658372e-04 2.396924904507686290e-04 2.390830289741668034e-04
1.609900039710468445e+04 2.471831403802154763e-04 2.471831376602154698e-04 2.481848622701135812e-04 2.475170467701815272e-04
1.609910039710468300e+04 2.560683055096563392e-04 2.560683024196563494e-04 2.571606908195507991e-04 2.564324329162878473e-04
1.609920039710468154e+04 2.654438298989149152e-04 2.654438260889149109e-04 2.666303230188036676e-04 2.658393263355444979e-04
1.609930039710468009e+04 2.753517486281052131e-04 2.753517433881052102e-04 2.766362483579875762e-04 2.757799134580659998e-04
1.609940039710467863e+04 2.858285072972317439e-04 2.858285036772317193e-04 2.872152908871071064e-04 2.862907672871901898e-04
1.609950039710467718e+04 2.969032485663014934e-04 2.969032453563014650e-04 2.983969638961692420e-04 2.974011526062574182e-04
1.609960039710467572e+04 3.086175655055103831e-04 3.086175628255103894e-04 3.102233294453718491e-04 3.091528192587975044e-04
1.609970039710467427e+04 3.210180510344361258e-04 3.210180522344361319e-04 3.227414639242884493e-04 3.215925223977202357e-04
1.609980039710467281e+04 3.341373949232952678e-04 3.341373944432952763e-04 3.359844977431377224e-04 3.347530957032427193e-04
1.609990039710467136e+04 3.480305804620572045e-04 3.480305720320572339e-04 3.500078465318891274e-04 3.486896663420011705e-04
1.610000039710466990e+04 3.627489174707238277e-04 3.627489147407237909e-04 3.648632734805442473e-04 3.634537018973306400e-04
1.610010039710466845e+04 3.783289784695952106e-04 3.783289658295952698e-04 3.805878614994059861e-04 3.790819352661988764e-04
1.610020039710466699e+04 3.948346911080827032e-04 3.948346739880826783e-04 3.972459817078803071e-04 3.956384489346818781e-04
1.610030039710466554e+04 4.123196380964643600e-04 4.123196165764643310e-04 4.148917139062479427e-04 4.131769895263922112e-04
1.610040039710466408e+04 4.308399318347338591e-04 4.308398698647339267e-04 4.335814600545026803e-04 4.317537539179901011e-04
1.610050039710466262e+04 4.504497531628907881e-04 4.504498018528906283e-04 4.533699090226437950e-04 4.514231546794751247e-04
1.610060039710466117e+04 4.712069690613045637e-04 4.712070784313044909e-04 4.743145954610454205e-04 4.722428809845514736e-04
1.610070039710465971e+04 4.931588754292536621e-04 4.931592081892533386e-04 4.964638137789773031e-04 4.942606324658281374e-04
1.610080039710465826e+04 5.163658894170735942e-04 5.163658205570741859e-04 5.198776259167802892e-04 5.175364452969760231e-04
1.610090039710465680e+04 5.408781135747759480e-04 5.408784526447753477e-04 5.446063830344647109e-04 5.421209830846720383e-04
1.610100039710465535e+04 5.667188950523966914e-04 5.667188052323973799e-04 5.706721367520693452e-04 5.680366123456211027e-04
1.610110039710465389e+04 5.939348481303956219e-04 5.939347743503955003e-04 5.981210926000564898e-04 5.953302383602825012e-04
1.610120039710465244e+04 6.225308354578672123e-04 6.225306971978673007e-04 6.269578514975125087e-04 6.240064613844156739e-04
1.610130039710465098e+04 6.525062229552896099e-04 6.525061545952894407e-04 6.571795074949222026e-04 6.540639616818336426e-04
1.610140039710464953e+04 6.838513097426764629e-04 6.838514072126761992e-04 6.887740162122999105e-04 6.854922443892175242e-04
1.610150039710464807e+04 7.165174447600877652e-04 7.165177285800874941e-04 7.216920376497029232e-04 7.182424036632926913e-04
1.610160039710464662e+04 7.504318105181805379e-04 7.504318796081808603e-04 7.558563631077985573e-04 7.522400177447200213e-04
1.610170039710464516e+04 7.854808210558092462e-04 7.854806859758096515e-04 7.911487732854329555e-04 7.873700934390172844e-04
1.610180039710464371e+04 8.215307309536060230e-04 8.215306135036059935e-04 8.274323227932405033e-04 8.234978890834842094e-04
1.610190039710464225e+04 8.583901885516691775e-04 8.583902499216688629e-04 8.645116415513212811e-04 8.604306933415530349e-04
1.610200039710464080e+04 8.958495595900383638e-04 8.958495494800385039e-04 9.021678473397233946e-04 8.979556521366000152e-04
1.610210039710463934e+04 9.336286042995266916e-04 9.336285764495267162e-04 9.401174122792537845e-04 9.357915310094358030e-04
1.610220039710463789e+04 9.714459468987775206e-04 9.714458067987776684e-04 9.780715179885561897e-04 9.736544238953704234e-04
1.610230039710463643e+04 1.008969286938570745e-03 1.008969410538570338e-03 1.015689669338415597e-03 1.011209455605185633e-03
1.610240039710463498e+04 1.045845072238960364e-03 1.045845284738960166e-03 1.052614366438879134e-03 1.048101574472266482e-03
1.610250039710463352e+04 1.081659509040065531e-03 1.081659563440065877e-03 1.088423122440075044e-03 1.083914064973402151e-03
1.610260039710463207e+04 1.116132102742311118e-03 1.116132009242311275e-03 1.122833091642415826e-03 1.118365734542346290e-03
1.610270039710463061e+04 1.148812066044716494e-03 1.148812047344716612e-03 1.155385645744932011e-03 1.151003253044788300e-03
1.610280039710462916e+04 1.179301630147867484e-03 1.179301519047867624e-03 1.185682026548197637e-03 1.181428391914644393e-03
1.610290039710462770e+04 1.207315104451591728e-03 1.207315059951591472e-03 1.213436548852038933e-03 1.209355571085073827e-03
1.610300039710462624e+04 1.232464506656083363e-03 1.232464431656083445e-03 1.238260421456651838e-03 1.234396453256272810e-03
1.610310039710462479e+04 1.254485796361545780e-03 1.254485399361546282e-03 1.259891378062227537e-03 1.256287524595106533e-03
1.610320039710462333e+04 1.272948496467424121e-03 1.272948243567423917e-03 1.277904871668216619e-03 1.274600537234354958e-03
1.610330039710462188e+04 1.287658067173778594e-03 1.287658088873778030e-03 1.292112931574672646e-03 1.289143029207409901e-03
1.610340039710462042e+04 1.298318006980803650e-03 1.298318057880803577e-03 1.302227686481785465e-03 1.299621250447797419e-03
1.610350039710461897e+04 1.304636848288506139e-03 1.304636496788506893e-03 1.307966079389562015e-03 1.305746474822191755e-03
1.610360039710461751e+04 1.306455138396692530e-03 1.306454944496692307e-03 1.309182756597786906e-03 1.307364279830390292e-03
1.610370039710461606e+04 1.303522158105388474e-03 1.303521943705388550e-03 1.305637543006513135e-03 1.304227214939096720e-03
1.610380039710461460e+04 1.295893261414154431e-03 1.295893797814152851e-03 1.297401376615281172e-03 1.296396145281196151e-03
1.610390039710461315e+04 1.283444722623323063e-03 1.283444667823324323e-03 1.284361271424431464e-03 1.283750220623692878e-03
1.610400039710461169e+04 1.266364058932312230e-03 1.266364068032312280e-03 1.266717644933377422e-03 1.266481923966000572e-03
1.610410039710461024e+04 1.244785196740821756e-03 1.244785093840822037e-03 1.244615206041812215e-03 1.244728498874485409e-03
1.610420039710460878e+04 1.219111575949034928e-03 1.219111459449034960e-03 1.218464594449946130e-03 1.218895876616005267e-03
1.610430039710460733e+04 1.189683741356740727e-03 1.189683676756740681e-03 1.188614555857554593e-03 1.189327324657012000e-03
1.610440039710460587e+04 1.157043648163528018e-03 1.157043945763527350e-03 1.155609948064237509e-03 1.156565847330430887e-03
1.610450039710460442e+04 1.121653095269525141e-03 1.121653399169525141e-03 1.119914540370123930e-03 1.121073678269724448e-03
1.610460039710460296e+04 1.084165210973645236e-03 1.084164858573646514e-03 1.082178067774133574e-03 1.083502712440475180e-03
1.610470039710460151e+04 1.045062975077528083e-03 1.045062368977528466e-03 1.042882853577910577e-03 1.044336065877655637e-03
1.610480039710460005e+04 1.004986057580189562e-03 1.004986046580188305e-03 1.002663705980473942e-03 1.004211936713617125e-03
1.610490039710459860e+04 9.643626800420216846e-04 9.643628602620214155e-04 9.619425299022192448e-04 9.635560234020874122e-04
1.610500039710459714e+04 9.236785014328845146e-04 9.236780970428857054e-04 9.212001850530030346e-04 9.228522611762577516e-04
1.610510039710459569e+04 8.833350537821904646e-04 8.833350570921895493e-04 8.808312595022423910e-04 8.825004567922075044e-04
1.610520039710459423e+04 8.436632385015437399e-04 8.436632841315437354e-04 8.411613488915397827e-04 8.428292905082089776e-04
1.610530039710459278e+04 8.049390140003004433e-04 8.049385251503015509e-04 8.024602541402524195e-04 8.041125977636180656e-04
1.610540039710459132e+04 7.673685710985913124e-04 7.673687426585899416e-04 7.649308565085054332e-04 7.665560567552288235e-04
1.610550039710458987e+04 7.311295917264652028e-04 7.311297279364652960e-04 7.287440904463550776e-04 7.303344700364286339e-04
1.610560039710458841e+04 6.963237634334412413e-04 6.963238073134414606e-04 6.940004857433100050e-04 6.955493521633975690e-04
1.610570039710458695e+04 6.630259546508650076e-04 6.630260121908650075e-04 6.607692793307232268e-04 6.622737487241510445e-04
1.610580039710458550e+04 6.312755675581492847e-04 6.312754310381496611e-04 6.290890522879986858e-04 6.305466836280991744e-04
1.610590039710458404e+04 6.010767328653683021e-04 6.010768929253676278e-04 5.989617041552135895e-04 6.003717766486499482e-04
1.610600039710458259e+04 5.724311590525272067e-04 5.724309346025280385e-04 5.703866009923733637e-04 5.717495648824761668e-04
1.610610039710458113e+04 5.453008338092197758e-04 5.453006831092195540e-04 5.433254367490687612e-04 5.446423178891693275e-04
1.610620039710457968e+04 5.196465242164646347e-04 5.196464964464642513e-04 5.177364930863207751e-04 5.190098379164164452e-04
1.610630039710457822e+04 4.954077971437897878e-04 4.954081872037888450e-04 4.935602707536511456e-04 4.947920850337432595e-04
1.610640039710457677e+04 4.725436157511553239e-04 4.725438852611555784e-04 4.707544960010246892e-04 4.719473323377785666e-04
1.610650039710457531e+04 4.509799816286378109e-04 4.509799168086385621e-04 4.492440720985177590e-04 4.504013235119313412e-04
1.610660039710457386e+04 4.306497293958558509e-04 4.306496665458558527e-04 4.289631271157446127e-04 4.300875076858187360e-04
1.610670039710457240e+04 4.114992271535431660e-04 4.114991190435433183e-04 4.098574357634412980e-04 4.109519273201758913e-04
1.610680039710457095e+04 3.934588477613472465e-04 3.934586195913475338e-04 3.918565510412567294e-04 3.929246727979838908e-04
1.610690039710456949e+04 3.764613966392661086e-04 3.764614726192654190e-04 3.748943836491845974e-04 3.759390843025720236e-04
1.610700039710456804e+04 3.604492552472811470e-04 3.604492999072812917e-04 3.589126753172103236e-04 3.599370768239242360e-04
1.610710039710456658e+04 3.453679764051138410e-04 3.453679909251138980e-04 3.438571027450539855e-04 3.448643566917605568e-04
1.610720039710456513e+04 3.311526420133562455e-04 3.311526110533563280e-04 3.296637318033046994e-04 3.306563282900058299e-04
1.610730039710456367e+04 3.177581923516736677e-04 3.177582505816734285e-04 3.162868203216321695e-04 3.172677544183264580e-04
1.610740039710456222e+04 3.051282130700956889e-04 3.051283781200954523e-04 3.036702180500637613e-04 3.046422697467516161e-04
1.610750039710456076e+04 2.932237015385835265e-04 2.932236877885839609e-04 2.917745531785622716e-04 2.927406475019099378e-04
1.610760039710455931e+04 2.819878464869780420e-04 2.819876661669784416e-04 2.805440084469653251e-04 2.815065070336406029e-04
1.610770039710455785e+04 2.713837585556539865e-04 2.713837633756535834e-04 2.699410437156513206e-04 2.709028552156529093e-04
1.610780039710455640e+04 2.613817703143793240e-04 2.613816258243797149e-04 2.599366974243850614e-04 2.609000311877146820e-04
1.610790039710455494e+04 2.519395951331865075e-04 2.519395348331863256e-04 2.504886415132010044e-04 2.514559238265245945e-04
1.610800039710455349e+04 2.430163818920744742e-04 2.430162577420746234e-04 2.415560100120977616e-04 2.425295498820822864e-04
1.610810039710455203e+04 2.345884325308492829e-04 2.345881340408496928e-04 2.331146067708825395e-04 2.340970577808605050e-04
1.610820039710455058e+04 2.266206066398559387e-04 2.266206147998551721e-04 2.251303421998968989e-04 2.261238545465359671e-04
1.610830039710454912e+04 2.190952614588901714e-04 2.190954045888898044e-04 2.175852227589398049e-04 2.185919629355732331e-04
1.610840039710454766e+04 2.119770088679977466e-04 2.119769477979982660e-04 2.104431496280579814e-04 2.114657020980179980e-04
1.610850039710454621e+04 2.052484098571349361e-04 2.052482933371350970e-04 2.036871692372046842e-04 2.047279574771582210e-04
1.610860039710454475e+04 1.988878496661977192e-04 1.988877953161975515e-04 1.972959215162758582e-04 1.983571888328903763e-04
1.610870039710454330e+04 1.928709879854318982e-04 1.928709735454318128e-04 1.912447194155199683e-04 1.923288936487945508e-04
1.610880039710454184e+04 1.871835829646903827e-04 1.871837584846898776e-04 1.855194231647882414e-04 1.866289215380561672e-04
1.610890039710454039e+04 1.818108961439751843e-04 1.818108975939756501e-04 1.801047063940845250e-04 1.812421667106784622e-04
1.610900039710453893e+04 1.767311823733055162e-04 1.767311284233056667e-04 1.749793214534251505e-04 1.761472107500121201e-04
1.610910039710453748e+04 1.719294594325773771e-04 1.719291902325779269e-04 1.701275386027085003e-04 1.713287294226212320e-04
1.610920039710453602e+04 1.673975344219530989e-04 1.673975573319523276e-04 1.655419465120946466e-04 1.667790127553333667e-04
1.610930039710453457e+04 1.631224055413535651e-04 1.631223475613538033e-04 1.612086523315080439e-04 1.624844684780718041e-04
1.610940039710453311e+04 1.590905842007807379e-04 1.590904835707808809e-04 1.571139026709490131e-04 1.584316568141701926e-04
1.610950039710453166e+04 1.552882652202362433e-04 1.552883513302357452e-04 1.532445591204166849e-04 1.546070585569629002e-04
1.610960039710453020e+04 1.517210609696032875e-04 1.517210818396034599e-04 1.496051759597975968e-04 1.510157729230014571e-04
1.610970039710452875e+04 1.483595713391106321e-04 1.483594883591109160e-04 1.461660549393210330e-04 1.476283715458475451e-04
1.610980039710452729e+04 1.452147584785805703e-04 1.452147704785803327e-04 1.429384295588065270e-04 1.444559861719891614e-04
1.610990039710452584e+04 1.422680323780936963e-04 1.422680886480935593e-04 1.399031333883369753e-04 1.414797514715080860e-04
1.611000039710452438e+04 1.395148282976122270e-04 1.395147573576125842e-04 1.370551599278742696e-04 1.386949151943663873e-04
1.611010039710452293e+04 1.369572653770713075e-04 1.369571239970715319e-04 1.343967021173502678e-04 1.361036971638310267e-04
1.611020039710452147e+04 1.345899759765882922e-04 1.345898185865883334e-04 1.319215433868885039e-04 1.337004459833550612e-04
1.611030039710452002e+04 1.324013587861308321e-04 1.324015191761299657e-04 1.296181835264522731e-04 1.314736871629043570e-04
1.611040039710451856e+04 1.303929457856626043e-04 1.303930370156627754e-04 1.274872418960080469e-04 1.294244082324444846e-04
1.611050039710451711e+04 1.285574054752085672e-04 1.285574420852087277e-04 1.255216267255776779e-04 1.275454914286649729e-04
1.611060039710451565e+04 1.269009223547004780e-04 1.269009713947004576e-04 1.237269283550926976e-04 1.258429407014978777e-04
1.611070039710451420e+04 1.254175681242361952e-04 1.254176126442361865e-04 1.220964324746564059e-04 1.243105377477095688e-04
1.611080039710451274e+04 1.241020903737806826e-04 1.241021672937805932e-04 1.206248411042293588e-04 1.229430329239302160e-04
1.611090039710451128e+04 1.229635670532928254e-04 1.229634694132933327e-04 1.193205331037723111e-04 1.217491898567861790e-04
1.611100039710450983e+04 1.219909059128308104e-04 1.219910795628300297e-04 1.181729497833399140e-04 1.207183117530002514e-04
1.611110039710450837e+04 1.211901483123305125e-04 1.211901146823311196e-04 1.171864945528709718e-04 1.198555858491775301e-04
1.611120039710450692e+04 1.205626902018375662e-04 1.205626716218375196e-04 1.163635453024100758e-04 1.191629690420283782e-04
1.611130039710450546e+04 1.201003771313623316e-04 1.201004236813621348e-04 1.156954079819688425e-04 1.186320695982311075e-04
1.611140039710450401e+04 1.198126210208531883e-04 1.198125905808534108e-04 1.151916203114937014e-04 1.182722773044001002e-04
1.611150039710450255e+04 1.196935478603552072e-04 1.196935084403552416e-04 1.148465922910292693e-04 1.180778828639132439e-04
1.611160039710450110e+04 1.197440861398492385e-04 1.197440668598491703e-04 1.146612056005530405e-04 1.180497862000838029e-04
1.611170039710449964e+04 1.199619615493460718e-04 1.199618835093462486e-04 1.146346707400796352e-04 1.181861719329239897e-04
1.611180039710449819e+04 1.203419885188524997e-04 1.203421833288516866e-04 1.147623441196144871e-04 1.184821719891062199e-04
1.611190039710449673e+04 1.208960905483167991e-04 1.208960154783176184e-04 1.150565004891064346e-04 1.189495355052469462e-04
1.611200039710449528e+04 1.216108970378156198e-04 1.216109284978152914e-04 1.155056692986273842e-04 1.195758316114194363e-04
1.611210039710449382e+04 1.224068496575676443e-04 1.224068012975678831e-04 1.160386389383713030e-04 1.202840966311689435e-04
1.611220039710449237e+04 1.233475732671081239e-04 1.233476253371078031e-04 1.167148922579211337e-04 1.211366969540456914e-04
1.611230039710449091e+04 1.244057642167277814e-04 1.244056968367281439e-04 1.175122411175343816e-04 1.221079007236634221e-04
1.611240039710448946e+04 1.255627220564013117e-04 1.255628143264008411e-04 1.184148919471923424e-04 1.231801427766648362e-04
1.611250039710448800e+04 1.267896011561615074e-04 1.267897029361614899e-04 1.193985269469225363e-04 1.243259436797484931e-04
1.611260039710448655e+04 1.280639723060129215e-04 1.280639504960133144e-04 1.204436280067302357e-04 1.255238502695854770e-04
1.611270039710448509e+04 1.293518568859472234e-04 1.293519207659469563e-04 1.215204759666113139e-04 1.267414178728351419e-04
1.611280039710448364e+04 1.306142274360045524e-04 1.306142165160047576e-04 1.225946341166002514e-04 1.279410260228698538e-04
1.611290039710448218e+04 1.318214229261572136e-04 1.318213132061575262e-04 1.236374101066806119e-04 1.290933820796651263e-04
1.611300039710448073e+04 1.329311030264474587e-04 1.329310013964474159e-04 1.246106299868842890e-04 1.301575781365930365e-04
1.611310039710447927e+04 1.339008980668952658e-04 1.339009748868947105e-04 1.254724716772408926e-04 1.310914482103436320e-04
1.611320039710447782e+04 1.346913378174550687e-04 1.346913053274554186e-04 1.261838021577097845e-04 1.318554817675401177e-04
1.611330039710447636e+04 1.352625245481506094e-04 1.352625726381503381e-04 1.267056164683104684e-04 1.324102378848704539e-04
1.611340039710447491e+04 1.355822021389591395e-04 1.355820807089596746e-04 1.270027650590324847e-04 1.327223493023171267e-04
1.611350039710447345e+04 1.356122032199017782e-04 1.356120901999017354e-04 1.270364239098897971e-04 1.327535724432311035e-04
1.611360039710447199e+04 1.353374617008995669e-04 1.353375367008989420e-04 1.267870232408165835e-04 1.324873405475383641e-04
1.611370039710447054e+04 1.347405875419651407e-04 1.347405167819656099e-04 1.262358494718146540e-04 1.319056512652484953e-04
1.611380039710446908e+04 1.338151956830635762e-04 1.338150264630639098e-04 1.253740524228530147e-04 1.310014248563268517e-04
1.611390039710446763e+04 1.325588829641819540e-04 1.325590868441807208e-04 1.241983718839135349e-04 1.297721138974254032e-04
1.611400039710446617e+04 1.309826420452755882e-04 1.309824788052768130e-04 1.227158407849619369e-04 1.282269872118381037e-04
1.611410039710446472e+04 1.291061821562804093e-04 1.291061650962799158e-04 1.209464859759219296e-04 1.263862777428274137e-04
1.611420039710446326e+04 1.269480655272623457e-04 1.269480182172624339e-04 1.189091839668557832e-04 1.242684225704602011e-04
1.611430039710446181e+04 1.245497484281142726e-04 1.245496413881144705e-04 1.166431379176667630e-04 1.219141759112985066e-04
1.611440039710446035e+04 1.219387020188815001e-04 1.219386436388813388e-04 1.141769981583885975e-04 1.193514479387171545e-04
1.611450039710445890e+04 1.191471521895462601e-04 1.191473381595454259e-04 1.115425106190091490e-04 1.166123336560336162e-04
1.611460039710445744e+04 1.162140406500303616e-04 1.162140655300309143e-04 1.087780601294535888e-04 1.137353887698382973e-04
1.611470039710445599e+04 1.131798229404313167e-04 1.131798075704314475e-04 1.059239805798120192e-04 1.107612036968915945e-04
1.611480039710445453e+04 1.100811694907091927e-04 1.100811637207091686e-04 1.030158806300506273e-04 1.077260712804896538e-04
1.611490039710445308e+04 1.069434090909014224e-04 1.069433848509014954e-04 1.000778909402073765e-04 1.046548949606700845e-04
1.611500039710445162e+04 1.037956445209934383e-04 1.037956160209934573e-04 9.713778268426820166e-05 1.015763477420850370e-04
1.611510039710445017e+04 1.006662518009292706e-04 1.006662577609291525e-04 9.422249003118153305e-05 9.851833319767998537e-05
1.611520039710444871e+04 9.757626473784785693e-05 9.757625376084792183e-05 9.135181262807794708e-05 9.550144370892457528e-05
1.611530039710444726e+04 9.454038660271312617e-05 9.454051822071262508e-05 8.853882649792657437e-05 9.253991044045077521e-05
1.611540039710444580e+04 9.157482208951893757e-05 9.157481239351944111e-05 8.579834689172056983e-05 8.964932712491964950e-05
1.611550039710444435e+04 8.867060746535415856e-05 8.867076766935355766e-05 8.312157034154330003e-05 8.682098182541701445e-05
1.611560039710444289e+04 8.585546264003660185e-05 8.585543403803729283e-05 8.053280855422950473e-05 8.408123507743447099e-05
1.611570039710444144e+04 8.320055561551361592e-05 8.320059680951337889e-05 7.809680646772919181e-05 8.149931963091871080e-05
1.611580039710443998e+04 8.062481116427679974e-05 8.062475212327717140e-05 7.573830544749437707e-05 7.899595624501611155e-05
1.611590039710443853e+04 7.814680019796987735e-05 7.814685480996946517e-05 7.347418487619563254e-05 7.658927996137833405e-05
1.611600039710443707e+04 7.577049285264495437e-05 7.577038571264555378e-05 7.130726364988320266e-05 7.428271407172456575e-05
1.611610039710443561e+04 7.349482954827882188e-05 7.349485718027833428e-05 6.923581263953590100e-05 7.207516645603102357e-05
1.611620039710443416e+04 7.131535952596850295e-05 7.131527477396892227e-05 6.725465821424343499e-05 6.996176417139362007e-05
1.611630039710443270e+04 6.922882112066669523e-05 6.922890483066606313e-05 6.536035140596035834e-05 6.793935911909770105e-05
1.611640039710443125e+04 6.723907419734722506e-05 6.723904403534764526e-05 6.355636550566131325e-05 6.601149457945207474e-05
1.611650039710442979e+04 6.534086118704377692e-05 6.534088954104356193e-05 6.183728623237905067e-05 6.417301232015545866e-05
1.611660039710442834e+04 6.352779084372782924e-05 6.352781215272785816e-05 6.019635732208905636e-05 6.241732010618158803e-05
1.611670039710442688e+04 6.179935596444521221e-05 6.179934067744535613e-05 5.863317289382899991e-05 6.074395651190652275e-05
1.611680039710442543e+04 6.014805899518760145e-05 6.014804331518761233e-05 5.714009113859475704e-05 5.914539781632332361e-05
1.611690039710442397e+04 5.857080294993885516e-05 5.857075478893897491e-05 5.571413585936916033e-05 5.761856453274899454e-05
1.611700039710442252e+04 5.706559501169494757e-05 5.706572138869429417e-05 5.435325693314888267e-05 5.616152444451270588e-05
1.611710039710442106e+04 5.563068957042895704e-05 5.563060004342978033e-05 5.305555311690985786e-05 5.477228091025620067e-05
1.611720039710441961e+04 5.425933153021347572e-05 5.425923788421349071e-05 5.181441257271842971e-05 5.344432732904846764e-05
1.611730039710441815e+04 5.295049397699960389e-05 5.295044181899944243e-05 5.062892868852839924e-05 5.217662149484248411e-05
1.611740039710441670e+04 5.169944024280162618e-05 5.169947016380131152e-05 4.949443895835424788e-05 5.096444978831905960e-05
1.611750039710441524e+04 5.050425003460896678e-05 5.050424981160907809e-05 4.840899925218573104e-05 4.980583303280125638e-05
1.611760039710441379e+04 4.936094433140888175e-05 4.936093790740890503e-05 4.736874428301149505e-05 4.869687550727642050e-05
1.611770039710441233e+04 4.826606275624206532e-05 4.826606834524201772e-05 4.637022269086872063e-05 4.763411793078427015e-05
1.611780039710441088e+04 4.721772500908079828e-05 4.721773376108079107e-05 4.541165130373136822e-05 4.661570335796431919e-05
1.611790039710440942e+04 4.621451829992336740e-05 4.621454284592330461e-05 4.449168552159783236e-05 4.564024888914816586e-05
1.611800039710440797e+04 4.525510089576956940e-05 4.525510608476964402e-05 4.360904788346789732e-05 4.470641828800237476e-05
1.611810039710440651e+04 4.433445695061722313e-05 4.433446183261722623e-05 4.275883135234051811e-05 4.380925004519165808e-05
1.611820039710440506e+04 4.345087858348766575e-05 4.345088092648767309e-05 4.193932769823475136e-05 4.294702906940336566e-05
1.611830039710440360e+04 4.260068451537135203e-05 4.260069435737132908e-05 4.114697264314200767e-05 4.211611717196156744e-05
1.611840039710440215e+04 4.178525859924831854e-05 4.178527610524829120e-05 4.038326015304231339e-05 4.131793161917963878e-05
1.611850039710440069e+04 4.100371207712757564e-05 4.100370771312765764e-05 3.964736133594490432e-05 4.055159370873337920e-05
1.611860039710439924e+04 4.025030176401497628e-05 4.025030239601496248e-05 3.893375123685571034e-05 3.981145179896188529e-05
1.611870039710439778e+04 3.952529783691449255e-05 3.952528637291453651e-05 3.824274551577781832e-05 3.909777657520228472e-05
1.611880039710439632e+04 3.882660401582143316e-05 3.882659971782140762e-05 3.757250081470655807e-05 3.840856818278313973e-05
1.611890039710439487e+04 3.815354040973017481e-05 3.815352428973022730e-05 3.692244729663683955e-05 3.774317066536575174e-05
1.611900039710439341e+04 3.750440610264491894e-05 3.750441591964481341e-05 3.629120997957200115e-05 3.710001066728724450e-05
1.611910039710439196e+04 3.687719381855559869e-05 3.687717818255570502e-05 3.567699817350262933e-05 3.647712339153797768e-05
1.611920039710439050e+04 3.627039218948347496e-05 3.627038011448345815e-05 3.507865651044884709e-05 3.587314293813859340e-05
1.611930039710438905e+04 3.568203973808790999e-05 3.568203966508546742e-05 3.449467491619578522e-05 3.528625143978971862e-05
1.611940039710438759e+04 3.511166711942844819e-05 3.511165942942999599e-05 3.392490037430636430e-05 3.471607564105493390e-05
1.611950039710438614e+04 3.455759943911024842e-05 3.455759834210889988e-05 3.336821402964483356e-05 3.416113727028799847e-05
1.611960039710438468e+04 3.401822401211089536e-05 3.401823573610827863e-05 3.282356846518676879e-05 3.362000940446864533e-05
1.611970039710438323e+04 3.349153028253156465e-05 3.349154677453059490e-05 3.228950791403560025e-05 3.309086165703258660e-05
1.611980039710438177e+04 3.297756759794170337e-05 3.297756994194459094e-05 3.176672582574245938e-05 3.257395445520958456e-05
1.611990039710438032e+04 3.247395471883762975e-05 3.247394981583910390e-05 3.125347147280640726e-05 3.206712533582771815e-05
1.612000039710437886e+04 3.197848413318397942e-05 3.197848509918277865e-05 3.074831432016215374e-05 3.156842785084297060e-05
1.612010039710437741e+04 3.149176346639709074e-05 3.149175346039933106e-05 3.025249449725530196e-05 3.107867047468391357e-05
1.612020039710437595e+04 3.101190803200382079e-05 3.101190558900227700e-05 2.976485392759382228e-05 3.059622251619996771e-05
1.612030039710437450e+04 3.053778218884225002e-05 3.053778494584119096e-05 2.928487240503829895e-05 3.012014651324057885e-05
1.612040039710437304e+04 3.006849048986339328e-05 3.006849870886227631e-05 2.881223970954586443e-05 2.964974296942384467e-05
1.612050039710437159e+04 2.960340477001268804e-05 2.960340861701357836e-05 2.834675641009390913e-05 2.918452326570672518e-05
1.612060039710437013e+04 2.914123735241650701e-05 2.914124057841663200e-05 2.788756491780854899e-05 2.872334761621389600e-05
1.612070039710436868e+04 2.868222618778006126e-05 2.868222417978113055e-05 2.743507437144784370e-05 2.826650824633634404e-05
1.612080039710436722e+04 2.822681828605216553e-05 2.822681581705226001e-05 2.698980074698145991e-05 2.781447828336196295e-05
1.612090039710436577e+04 2.777407301051635288e-05 2.777406720951703371e-05 2.655062970374252372e-05 2.736625664125863790e-05
1.612100039710436431e+04 2.732343400109414939e-05 2.732343296509317281e-05 2.611616603278849573e-05 2.692101099965860372e-05
1.612110039710436286e+04 2.687220230321526958e-05 2.687221104221327274e-05 2.567816600551120078e-05 2.647419311697991437e-05
1.612120039710436140e+04 2.643101342017091415e-05 2.643101827117170689e-05 2.525504003447918495e-05 2.603902390860727092e-05
1.612130039710435994e+04 2.599477102116787636e-05 2.599477444016816839e-05 2.484318452118320018e-05 2.561090999417308051e-05
1.612140039710435849e+04 2.556342358517519120e-05 2.556342615517536633e-05 2.443911249959960621e-05 2.518865407998338904e-05
1.612150039710435703e+04 2.513789608199323421e-05 2.513789808799335012e-05 2.404315253794855718e-05 2.477298223597838050e-05
1.612160039710435558e+04 2.471902827863175050e-05 2.471902988863183066e-05 2.365565867321778133e-05 2.436457228016045078e-05
1.612170039710435412e+04 2.430755720312707599e-05 2.430755852212713720e-05 2.327688422044210355e-05 2.396399998189876999e-05
1.612180039710435267e+04 2.390411838249218411e-05 2.390411948049223193e-05 2.290700377363041808e-05 2.357174721220494696e-05
1.612190039710435121e+04 2.350924144674869406e-05 2.350924237474873131e-05 2.254612820379572809e-05 2.318820400843105115e-05
1.612200039710434976e+04 2.312334612091905762e-05 2.312334691491908570e-05 2.219430999094998416e-05 2.281366767559603797e-05
1.612210039710434830e+04 2.274674202201892146e-05 2.274674270801894195e-05 2.185154594709832511e-05 2.244834355904539166e-05
1.612220039710434685e+04 2.237963284108380376e-05 2.237963343808381937e-05 2.151778061926407453e-05 2.209234896614390261e-05
1.612230039710434539e+04 2.202212417412674096e-05 2.202212469812675345e-05 2.119291112945054616e-05 2.174572000056801578e-05
1.612240039710434394e+04 2.167423390416566874e-05 2.167423436616567825e-05 2.087679318366621016e-05 2.140842048466585351e-05
1.612250039710434248e+04 2.133590397821612296e-05 2.133590438821613271e-05 2.056924772391818365e-05 2.108035203011681311e-05
1.612260039710434103e+04 2.100701263728516359e-05 2.100701300228516904e-05 2.027006770020676948e-05 2.076136444659236737e-05
1.612270039710433957e+04 2.068738635139551405e-05 2.068738667839552085e-05 1.997902458454740000e-05 2.045126587144614384e-05
1.612280039710433812e+04 2.037681095754935266e-05 2.037681124954935838e-05 1.969587435293766790e-05 2.014983218667879298e-05
1.612290039710433666e+04 2.007504167075295536e-05 2.007504193175295790e-05 1.942036278337967215e-05 1.985681546196185954e-05
1.612300039710433521e+04 1.978181184101080489e-05 1.978181207601080585e-05 1.915223000487457781e-05 1.957195130729872952e-05
1.612310039710433375e+04 1.949684040232068589e-05 1.949684061432069301e-05 1.889121430641803922e-05 1.929496510768647158e-05
1.612320039710433230e+04 1.921983806569481064e-05 1.921983825569481408e-05 1.863705523001942189e-05 1.902557718380301554e-05
1.612330039710433084e+04 1.895051235712851513e-05 1.895051252812851925e-05 1.838949602667310792e-05 1.876350697064338302e-05
1.612340039710432939e+04 1.868857163562164152e-05 1.868857178862164324e-05 1.814828554937797272e-05 1.850847632454041803e-05
1.612350039710432793e+04 1.843372820517339859e-05 1.843372834217340194e-05 1.791317965513258720e-05 1.826021206749312473e-05
1.612360039710432648e+04 1.818570067777799471e-05 1.818570080077800034e-05 1.768394221393115086e-05 1.801844789749571982e-05
1.612370039710432502e+04 1.794421570744294866e-05 1.794421581744295012e-05 1.746034577478035172e-05 1.778292576655541571e-05
1.612380039710432357e+04 1.770900919916173946e-05 1.770900929716174045e-05 1.724217196767406407e-05 1.755339682133251353e-05
1.612390039710432211e+04 1.747982711093232599e-05 1.747982719793233022e-05 1.702921168961039639e-05 1.732962199949168307e-05
1.612400039710432065e+04 1.725642591775256967e-05 1.725642599375257037e-05 1.682126512858745707e-05 1.711137234669753463e-05
1.612410039710431920e+04 1.703857281961632022e-05 1.703857288661631803e-05 1.661814165659968799e-05 1.689842912094410761e-05
1.612420039710431774e+04 1.682604575752941274e-05 1.682604581452941411e-05 1.641965962765273447e-05 1.669058373323719049e-05
1.612430039710431629e+04 1.661863326548562885e-05 1.661863331548562797e-05 1.622564611274102900e-05 1.648763756457076194e-05
1.612440039710431483e+04 1.641613422848285485e-05 1.641613427048285818e-05 1.603593658286286822e-05 1.628940169394286154e-05
1.612450039710431338e+04 1.621835754951905806e-05 1.621835758551905607e-05 1.585037456401660561e-05 1.609569656635157324e-05
1.612460039710431192e+04 1.602512177058874982e-05 1.602512179958875236e-05 1.566881126919737892e-05 1.590635161312495811e-05
1.612470039710431047e+04 1.583625465569716301e-05 1.583625467869716701e-05 1.549110523141036187e-05 1.572120485526823063e-05
1.612480039710430901e+04 1.565159275683891305e-05 1.565159277483891206e-05 1.531712192765077190e-05 1.554010248644286567e-05
1.612490039710430756e+04 1.547098097601229405e-05 1.547098098901229484e-05 1.514673341491726685e-05 1.536289845998061463e-05
1.612500039710430610e+04 1.529427211721569251e-05 1.529427212621569201e-05 1.497981796820857602e-05 1.518945407054665013e-05
1.612510039710430465e+04 1.512132646444443971e-05 1.512132646844444099e-05 1.481625974052052969e-05 1.501963755780313623e-05
1.612520039710430319e+04 1.495201135170345699e-05 1.495201135170345699e-05 1.465594842585800409e-05 1.485332370975497325e-05
1.612530039710430174e+04 1.478620076398817098e-05 1.478620076098817340e-05 1.449877894921690033e-05 1.469039349139774993e-05
1.612540039710430028e+04 1.462377494929730956e-05 1.462377494329730932e-05 1.434465115959621255e-05 1.453073368406361161e-05
1.612550039710429883e+04 1.446462005062966657e-05 1.446462004062966675e-05 1.419346955299499628e-05 1.437423654808477484e-05
1.612560039710429737e+04 1.430862775298127621e-05 1.430862774098127575e-05 1.404514299940965671e-05 1.422079949779073622e-05
1.612570039710429592e+04 1.415569495935680149e-05 1.415569494435680175e-05 1.389958449184480487e-05 1.407032479851946937e-05
1.612580039710429446e+04 1.400572347675235207e-05 1.400572345975235508e-05 1.375671091129689544e-05 1.392271928260053363e-05
1.612590039710429301e+04 1.385861972616698699e-05 1.385861970716698935e-05 1.361644280076518248e-05 1.377789407803305181e-05
1.612600039710429155e+04 1.371429446759981926e-05 1.371429444659982098e-05 1.347870416124896201e-05 1.363576435848286685e-05
1.612610039710429010e+04 1.357266254604744058e-05 1.357266252304743997e-05 1.334342225274510931e-05 1.349624910727999775e-05
