16091.1003971048    5.3091679402e-05    5.3091678864e-05    5.28954543e-05    5.302627085533333e-05
16091.200397104798    5.3632768604990164e-05    5.363276794899016e-05    5.34289680489903e-05    5.356483486765688e-05
16091.300397104797    5.417586224898024e-05    5.417586164198024e-05    5.396407088098053e-05    5.410526492398035e-05
16091.400397104795    5.4738738886969286e-05    5.473873813096928e-05    5.451850724296974e-05    5.4665328086969436e-05
16091.500397104794    5.531690128895793e-05    5.531690048095793e-05    5.508775353595858e-05    5.524051843529148e-05
16091.600397104792    5.590414704395728e-05    5.590414642395727e-05    5.566556775895796e-05    5.58246204089575e-05
16091.70039710479    5.651262514394466e-05    5.6512624656944657e-05    5.626406679794557e-05    5.642977219961163e-05
16091.80039710479    5.713797260093175e-05    5.713797188793175e-05    5.68788454089329e-05    5.70515966325988e-05
16091.900397104788    5.777986892391826e-05    5.777986814591826e-05    5.7509546423919697e-05    5.768976116458542e-05
16092.000397104786    5.844041724090388e-05    5.844041646490388e-05    5.8158225006905606e-05    5.834635290423779e-05
16092.100397104785    5.9126812803900116e-05    5.912681210290012e-05    5.883203117790195e-05    5.902855202823406e-05
16092.200397104783    5.9834074887884214e-05    5.9834074109884215e-05    5.9525931078886405e-05    5.973136002555161e-05
16092.300397104782    6.056087770086779e-05    6.0560876988867794e-05    6.023854603887038e-05    6.045343357620199e-05
16092.40039710478    6.13140865498493e-05    6.13140859208493e-05    6.09766848248523e-05    6.120161909851697e-05
16092.500397104779    6.209242518883011e-05    6.20924244188301e-05    6.17390085708336e-05    6.197461939283127e-05
16092.600397104778    6.290023030282367e-05    6.290022958982367e-05    6.252978978182739e-05    6.277674989149158e-05
16092.700397104776    6.373768512880197e-05    6.373768444080197e-05    6.334914757080625e-05    6.360817238013673e-05
16092.800397104775    6.460202452577989e-05    6.460202372477989e-05    6.419424506778478e-05    6.446609777278152e-05
16092.900397104773    6.549659063875592e-05    6.549658979175592e-05    6.50683516247615e-05    6.535384401842444e-05
16093.000397104772    6.642472688572987e-05    6.642472593872988e-05    6.59747409077362e-05    6.627473124406532e-05
16093.10039710477    6.73878265187197e-05    6.738782567071971e-05    6.691472758272642e-05    6.723012659072193e-05
16093.200397104769    6.83883665866906e-05    6.83883659556906e-05    6.78907053326982e-05    6.822247929169314e-05
16093.300397104767    6.942634747466014e-05    6.942634657266015e-05    6.890263947466866e-05    6.925177784066299e-05
16093.400397104766    7.050469324362731e-05    7.050469245962732e-05    6.995334590063687e-05    7.03209105346305e-05
16093.500397104764    7.162357178059295e-05    7.162357112859295e-05    7.10429629936036e-05    7.143003530092983e-05
16093.600397104763    7.27827353805783e-05    7.27827346115783e-05    7.217116403858957e-05    7.257887801024872e-05
16093.700397104762    7.398480411854083e-05    7.398480343854082e-05    7.33405706965533e-05    7.377005941787833e-05
16093.80039710476    7.523612528949924e-05    7.523612460149925e-05    7.455748903551301e-05    7.500991297550384e-05
16093.900397104759    7.65342788954569e-05    7.65342781314569e-05    7.581950926147201e-05    7.62960220961286e-05
16094.000397104757    7.787990769241256e-05    7.787990670241255e-05    7.712736295242904e-05    7.762905911575138e-05
16094.100397104756    7.927647899139031e-05    7.927647776039031e-05    7.848453893940751e-05    7.901249856372937e-05
16094.200397104754    8.072378872434184e-05    8.072378800234184e-05    7.98910536423604e-05    8.044621012301469e-05
16094.300397104753    8.222402756429048e-05    8.222402614429049e-05    8.134926747831036e-05    8.193244039563045e-05
16094.400397104751    8.377415655023869e-05    8.377415566823869e-05    8.285642979125979e-05    8.346824733657906e-05
16094.50039710475    8.537649894518389e-05    8.53764984171839e-05    8.441518421520609e-05    8.505606052585796e-05
16094.600397104748    8.703413930715573e-05    8.703413826315573e-05    8.602912341617799e-05    8.669913366216314e-05
16094.700397104747    8.874340999809835e-05    8.874340851709835e-05    8.769514864212116e-05    8.839398905243929e-05
16094.800397104746    9.050093001304093e-05    9.050092772704093e-05    8.941050021606394e-05    9.01374526520486e-05
16094.900397104744    9.231076694397945e-05    9.231076600697945e-05    9.118002671800218e-05    9.193385322298703e-05
16095.000397104743    9.416695306591955e-05    9.416695264691955e-05    9.299867353894141e-05    9.377752641726017e-05
16095.100397104741    9.60656596378948e-05    9.60656581848948e-05    9.486350885591452e-05    9.566494222623471e-05
16095.20039710474    9.800822569183394e-05    9.800822478383394e-05    9.677686294285148e-05    9.759777113950645e-05
16095.300397104738    9.999037707377412e-05    9.999037573977412e-05    9.873545943978869e-05    9.957207075111233e-05
16095.400397104737    0.00010200586493871685    0.00010200586446871685    0.00010073396777872767    0.00010158189906205378
16095.500397104735    0.00010405270198865965    0.00010405270002865966    0.00010277131677866588    0.00010362557293199507
16095.600397104734    0.00010613106943863902    0.00010613106815863902    0.00010484838979863985    0.00010570350913197263
16095.700397104732    0.00010823846008858167    0.00010823845912858167    0.00010696311024857675    0.00010781334315524668
16095.800397104731    0.0001103746987885234    0.0001103746957985234    0.0001091156961285121    0.00010995503023851964
16095.90039710473    0.00011254208123846246    0.00011254207827846246    0.0001113083923684445    0.00011213085062845645
16096.000397104728    0.00011474365005839815    0.00011474364917839814    0.00011354399139837338    0.00011434376354505657
16096.100397104727    0.00011698306501837061    0.0001169830613983706    0.00011582562997833988    0.0001165972521316937
16096.200397104725    0.00011926617542829729    0.00011926617701829728    0.00011815850162826019    0.00011889695135828491
16096.300397104724    0.0001216010560882162    0.00012160105334821622    0.00012054985038817306    0.0001212506532748685
16096.400397104722    0.00012399908404812435    0.00012399908387812433    0.00012301004285807573    0.0001236694035947748
16096.50039710472    0.00012647679915801693    0.00012647679638801693    0.00012555463595796343    0.00012616941050133242
16096.60039710472    0.00012903159028795525    0.00012903159044795525    0.00012818008589789872    0.00012874775554460308
16096.700397104718    0.0001316832184678295    0.00013168321414782955    0.00013090519607776937    0.00013142387623114282
16096.800397104716    0.0001344440793176899    0.0001344440790776899    0.0001337415635076267    0.00013420990730100217
16096.900397104715    0.00013732541415753665    0.00013732541435753666    0.00013669970450747102    0.00013711684434084814
16097.000397104714    0.0001403351184573722    0.00014033511757737219    0.0001397869161473045    0.00014015238406068296
16097.100397104712    0.00014348814113724704    0.00014348813676724704    0.00014301767739717918    0.00014333131843389109
16097.20039710471    0.00014680321152704524    0.00014680321381704524    0.0001464103466269761    0.00014667225732368887
16097.30039710471    0.00015027857882683916    0.00015027857746683916    0.0001499629483267689    0.00015017336820681573
16097.400397104708    0.00015393235442661045    0.00015393235345661046    0.00015369341184653931    0.00015385270657658674
16097.500397104706    0.00015777142762636871    0.0001577714296463687    0.00015760860527629672    0.0001577171541830114
16097.600397104705    0.00016181183469617826    0.0001618118328361783    0.00016172453278610684    0.00016178273343948782
16097.700397104703    0.0001660665252758982    0.00016606652089589822    0.00016605417921582594    0.0001660624084625408
16097.800397104702    0.00017053897394560692    0.00017053897082560692    0.00017060115040553372    0.0001705596983922492
16097.9003971047    0.00017525384289528305    0.00017525384215528303    0.0001753902944552087    0.00017529932650192496
16098.000397104699    0.0001802217615049395    0.00018022175799493951    0.00018043239505486394    0.00018029197151824767
16098.100397104698    0.0001854471869046772    0.0001854471849746772    0.00018573209392460155    0.00018554215526798534
16098.200397104696    0.00019095445321428995    0.00019095445132428994    0.0001913139465042126    0.00019107428368093083
16098.300397104695    0.00019675435819388102    0.000196754356483881    0.00019718906655380168    0.00019689926041052124
16098.400397104693    0.0002028684746234383    0.0002028684743934383    0.00020337923566335667    0.00020303872822674443
16098.500397104692    0.00020930778582297217    0.00020930778274297218    0.00020989573891288794    0.00020950376915961078
16098.60039710469    0.00021609682387259047    0.0002160968231725905    0.00021676339920250466    0.00021631901541589518
16098.700397104689    0.00022326036082205146    0.00022326035780205147    0.00022400730874196228    0.00022350934245535505
16098.800397104687    0.00023080758221148844    0.00023080757844148845    0.0002316369538513955    0.00023108403816812412
16098.900397104686    0.00023877830089086584    0.00023877829558086584    0.00023969249045076863    0.0002390830289741668
16099.000397104684    0.0002471831403802155    0.00024718313766021547    0.0002481848622701136    0.00024751704677018153
16099.100397104683    0.00025606830550965634    0.00025606830241965635    0.0002571606908195508    0.00025643243291628785
16099.200397104682    0.0002654438298989149    0.0002654438260889149    0.00026663032301880367    0.0002658393263355445
16099.30039710468    0.0002753517486281052    0.0002753517433881052    0.0002766362483579876    0.000275779913458066
16099.400397104679    0.00028582850729723174    0.0002858285036772317    0.0002872152908871071    0.0002862907672871902
16099.500397104677    0.0002969032485663015    0.00029690324535630146    0.00029839696389616924    0.0002974011526062574
16099.600397104676    0.0003086175655055104    0.0003086175628255104    0.00031022332944537185    0.0003091528192587975
16099.700397104674    0.0003210180510344361    0.00032101805223443613    0.00032274146392428845    0.00032159252239772024
16099.800397104673    0.00033413739492329527    0.0003341373944432953    0.0003359844977431377    0.0003347530957032427
16099.900397104671    0.0003480305804620572    0.00034803057203205723    0.00035000784653188913    0.00034868966634200117
16100.00039710467    0.00036274891747072383    0.0003627489147407238    0.00036486327348054425    0.00036345370189733064
16100.100397104668    0.0003783289784695952    0.00037832896582959527    0.000380587861499406    0.0003790819352661989
16100.200397104667    0.0003948346911080827    0.0003948346739880827    0.0003972459817078803    0.0003956384489346819
16100.300397104666    0.00041231963809646436    0.00041231961657646433    0.00041489171390624794    0.0004131769895263922
16100.400397104664    0.00043083993183473386    0.0004308398698647339    0.0004335814600545027    0.0004317537539179901
16100.500397104663    0.0004504497531628908    0.00045044980185289063    0.0004533699090226438    0.0004514231546794751
16100.600397104661    0.00047120696906130456    0.0004712070784313045    0.0004743145954610454    0.0004722428809845515
16100.70039710466    0.0004931588754292537    0.0004931592081892533    0.0004964638137789773    0.0004942606324658281
16100.800397104658    0.0005163658894170736    0.0005163658205570742    0.0005198776259167803    0.000517536445296976
16100.900397104657    0.000540878113574776    0.0005408784526447753    0.0005446063830344647    0.000542120983084672
16101.000397104655    0.0005667188950523967    0.0005667188052323974    0.0005706721367520693    0.0005680366123456211
16101.100397104654    0.0005939348481303956    0.0005939347743503955    0.0005981210926000565    0.0005953302383602825
16101.200397104652    0.0006225308354578672    0.0006225306971978673    0.0006269578514975125    0.0006240064613844157
16101.300397104651    0.0006525062229552896    0.0006525061545952894    0.0006571795074949222    0.0006540639616818336
16101.40039710465    0.0006838513097426765    0.0006838514072126762    0.0006887740162122999    0.0006854922443892175
16101.500397104648    0.0007165174447600878    0.0007165177285800875    0.0007216920376497029    0.0007182424036632927
16101.600397104647    0.0007504318105181805    0.0007504318796081809    0.0007558563631077986    0.00075224001774472
16101.700397104645    0.0007854808210558092    0.0007854806859758097    0.000791148773285433    0.0007873700934390173
16101.800397104644    0.000821530730953606    0.000821530613503606    0.0008274323227932405    0.0008234978890834842
16101.900397104642    0.0008583901885516692    0.0008583902499216689    0.0008645116415513213    0.000860430693341553
16102.00039710464    0.0008958495595900384    0.0008958495494800385    0.0009021678473397234    0.0008979556521366
16102.10039710464    0.0009336286042995267    0.0009336285764495267    0.0009401174122792538    0.0009357915310094358
16102.200397104638    0.0009714459468987775    0.0009714458067987777    0.0009780715179885562    0.0009736544238953704
16102.300397104636    0.0010089692869385707    0.0010089694105385703    0.0010156896693384156    0.0010112094556051856
16102.400397104635    0.0010458450722389604    0.0010458452847389602    0.0010526143664388791    0.0010481015744722665
16102.500397104634    0.0010816595090400655    0.0010816595634400659    0.001088423122440075    0.0010839140649734022
16102.600397104632    0.0011161321027423111    0.0011161320092423113    0.0011228330916424158    0.0011183657345423463
16102.70039710463    0.0011488120660447165    0.0011488120473447166    0.001155385645744932    0.0011510032530447883
16102.80039710463    0.0011793016301478675    0.0011793015190478676    0.0011856820265481976    0.0011814283919146444
16102.900397104628    0.0012073151044515917    0.0012073150599515915    0.001213436548852039    0.0012093555710850738
16103.000397104626    0.0012324645066560834    0.0012324644316560834    0.0012382604214566518    0.0012343964532562728
16103.100397104625    0.0012544857963615458    0.0012544853993615463    0.0012598913780622275    0.0012562875245951065
16103.200397104623    0.0012729484964674241    0.001272948243567424    0.0012779048716682166    0.001274600537234355
16103.300397104622    0.0012876580671737786    0.001287658088873778    0.0012921129315746726    0.00128914302920741
16103.40039710462    0.0012983180069808037    0.0012983180578808036    0.0013022276864817855    0.0012996212504477974
16103.500397104619    0.0013046368482885061    0.001304636496788507    0.001307966079389562    0.0013057464748221918
16103.600397104618    0.0013064551383966925    0.0013064549444966923    0.001309182756597787    0.0013073642798303903
16103.700397104616    0.0013035221581053885    0.0013035219437053886    0.0013056375430065131    0.0013042272149390967
16103.800397104615    0.0012958932614141544    0.0012958937978141529    0.0012974013766152812    0.0012963961452811962
16103.900397104613    0.001283444722623323    0.0012834446678233243    0.0012843612714244315    0.0012837502206236929
16104.000397104612    0.0012663640589323122    0.0012663640680323123    0.0012667176449333774    0.0012664819239660006
16104.10039710461    0.0012447851967408218    0.001244785093840822    0.0012446152060418122    0.0012447284988744854
16104.200397104609    0.001219111575949035    0.001219111459449035    0.0012184645944499461    0.0012188958766160053
16104.300397104607    0.0011896837413567407    0.0011896836767567407    0.0011886145558575546    0.001189327324657012
16104.400397104606    0.001157043648163528    0.0011570439457635273    0.0011556099480642375    0.0011565658473304309
16104.500397104604    0.0011216530952695251    0.0011216533991695251    0.001119914540370124    0.0011210736782697244
16104.600397104603    0.0010841652109736452    0.0010841648585736465    0.0010821780677741336    0.0010835027124404752
16104.700397104602    0.001045062975077528    0.0010450623689775285    0.0010428828535779106    0.0010443360658776556
16104.8003971046    0.0010049860575801896    0.0010049860465801883    0.001002663705980474    0.0010042119367136171
16104.900397104599    0.0009643626800420217    0.0009643628602620214    0.0009619425299022192    0.0009635560234020874
16105.000397104597    0.0009236785014328845    0.0009236780970428857    0.000921200185053003    0.0009228522611762578
16105.100397104596    0.0008833350537821905    0.0008833350570921895    0.0008808312595022424    0.0008825004567922075
16105.200397104594    0.0008436632385015437    0.0008436632841315437    0.0008411613488915398    0.000842829290508209
16105.300397104593    0.0008049390140003004    0.0008049385251503016    0.0008024602541402524    0.0008041125977636181
16105.400397104591    0.0007673685710985913    0.0007673687426585899    0.0007649308565085054    0.0007665560567552288
16105.50039710459    0.0007311295917264652    0.0007311297279364653    0.0007287440904463551    0.0007303344700364286
16105.600397104588    0.0006963237634334412    0.0006963238073134415    0.00069400048574331    0.0006955493521633976
16105.700397104587    0.000663025954650865    0.000663026012190865    0.0006607692793307232    0.000662273748724151
16105.800397104585    0.0006312755675581493    0.0006312754310381497    0.0006290890522879987    0.0006305466836280992
16105.900397104584    0.0006010767328653683    0.0006010768929253676    0.0005989617041552136    0.00060037177664865
16106.000397104583    0.0005724311590525272    0.000572430934602528    0.0005703866009923734    0.0005717495648824762
16106.100397104581    0.0005453008338092198    0.0005453006831092196    0.0005433254367490688    0.0005446423178891693
16106.20039710458    0.0005196465242164646    0.0005196464964464643    0.0005177364930863208    0.0005190098379164164
16106.300397104578    0.0004954077971437898    0.0004954081872037888    0.0004935602707536511    0.0004947920850337433
16106.400397104577    0.0004725436157511553    0.0004725438852611556    0.0004707544960010247    0.00047194733233777857
16106.500397104575    0.0004509799816286378    0.00045097991680863856    0.00044924407209851776    0.00045040132351193134
16106.600397104574    0.00043064972939585585    0.00043064966654585585    0.0004289631271157446    0.00043008750768581874
16106.700397104572    0.00041149922715354317    0.0004114991190435433    0.0004098574357634413    0.0004109519273201759
16106.800397104571    0.00039345884776134725    0.00039345861959134753    0.00039185655104125673    0.0003929246727979839
16106.90039710457    0.0003764613966392661    0.0003764614726192654    0.0003748943836491846    0.000375939084302572
16107.000397104568    0.00036044925524728115    0.0003604492999072813    0.0003589126753172103    0.00035993707682392424
16107.100397104567    0.00034536797640511384    0.0003453679909251139    0.000343857102745054    0.00034486435669176056
16107.200397104565    0.00033115264201335625    0.00033115261105335633    0.0003296637318033047    0.00033065632829000583
16107.300397104564    0.00031775819235167367    0.00031775825058167343    0.00031628682032163217    0.00031726775441832646
16107.400397104562    0.0003051282130700957    0.00030512837812009545    0.00030367021805006376    0.0003046422697467516
16107.50039710456    0.0002932237015385835    0.00029322368778858396    0.00029177455317856227    0.00029274064750190994
16107.60039710456    0.00028198784648697804    0.00028198766616697844    0.0002805440084469653    0.0002815065070336406
16107.700397104558    0.000271383758555654    0.0002713837633756536    0.0002699410437156513    0.0002709028552156529
16107.800397104556    0.0002613817703143793    0.0002613816258243797    0.00025993669742438506    0.0002609000311877147
16107.900397104555    0.0002519395951331865    0.0002519395348331863    0.000250488641513201    0.0002514559238265246
16108.000397104553    0.00024301638189207447    0.00024301625774207462    0.00024155601001209776    0.00024252954988208229
16108.100397104552    0.00023458843253084928    0.0002345881340408497    0.00023311460677088254    0.0002340970577808605
16108.20039710455    0.00022662060663985594    0.00022662061479985517    0.0002251303421998969    0.00022612385454653597
16108.30039710455    0.00021909526145889017    0.0002190954045888898    0.0002175852227589398    0.00021859196293557323
16108.400397104548    0.00021197700886799775    0.00021197694779799827    0.00021044314962805798    0.000211465702098018
16108.500397104546    0.00020524840985713494    0.0002052482933371351    0.00020368716923720468    0.00020472795747715822
16108.600397104545    0.00019888784966619772    0.00019888779531619755    0.00019729592151627586    0.00019835718883289038
16108.700397104543    0.0001928709879854319    0.0001928709735454318    0.00019124471941551997    0.00019232889364879455
16108.800397104542    0.00018718358296469038    0.00018718375848468988    0.00018551942316478824    0.00018662892153805617
16108.90039710454    0.00018181089614397518    0.00018181089759397565    0.00018010470639408453    0.00018124216671067846
16109.000397104539    0.00017673118237330552    0.00017673112842330567    0.00017497932145342515    0.00017614721075001212
16109.100397104537    0.00017192945943257738    0.00017192919023257793    0.0001701275386027085    0.00017132872942262123
16109.200397104536    0.0001673975344219531    0.00016739755733195233    0.00016554194651209465    0.00016677901275533337
16109.300397104535    0.00016312240554135357    0.0001631223475613538    0.00016120865233150804    0.0001624844684780718
16109.400397104533    0.00015909058420078074    0.00015909048357078088    0.000157113902670949    0.0001584316568141702
16109.500397104532    0.00015528826522023624    0.00015528835133023575    0.00015324455912041668    0.0001546070585569629
16109.60039710453    0.0001517210609696033    0.00015172108183960346    0.0001496051759597976    0.00015101577292300146
16109.700397104529    0.00014835957133911063    0.00014835948835911092    0.00014616605493932103    0.00014762837154584755
16109.800397104527    0.00014521475847858057    0.00014521477047858033    0.00014293842955880653    0.00014445598617198916
16109.900397104526    0.0001422680323780937    0.00014226808864809356    0.00013990313338833698    0.00014147975147150809
16110.000397104524    0.00013951482829761223    0.00013951475735761258    0.00013705515992787427    0.0001386949151943664
16110.100397104523    0.0001369572653770713    0.00013695712399707153    0.00013439670211735027    0.00013610369716383103
16110.200397104521    0.0001345899759765883    0.00013458981858658833    0.0001319215433868885    0.00013370044598335506
16110.30039710452    0.00013240135878613083    0.00013240151917612997    0.00012961818352645227    0.00013147368716290436
16110.400397104519    0.0001303929457856626    0.00013039303701566278    0.00012748724189600805    0.00012942440823244448
16110.500397104517    0.00012855740547520857    0.00012855744208520873    0.00012552162672557768    0.00012754549142866497
16110.600397104516    0.00012690092235470048    0.00012690097139470046    0.0001237269283550927    0.00012584294070149788
16110.700397104514    0.0001254175681242362    0.0001254176126442362    0.0001220964324746564    0.00012431053774770957
16110.800397104513    0.00012410209037378068    0.0001241021672937806    0.00012062484110422936    0.00012294303292393022
16110.900397104511    0.00012296356705329283    0.00012296346941329333    0.00011932053310377231    0.00012174918985678618
16111.00039710451    0.00012199090591283081    0.00012199107956283003    0.00011817294978333991    0.00012071831175300025
16111.100397104508    0.00012119014831233051    0.00012119011468233112    0.00011718649455287097    0.00011985558584917753
16111.200397104507    0.00012056269020183757    0.00012056267162183752    0.00011636354530241008    0.00011916296904202838
16111.300397104505    0.00012010037713136233    0.00012010042368136213    0.00011569540798196884    0.00011863206959823111
16111.400397104504    0.00011981262102085319    0.00011981259058085341    0.0001151916203114937    0.0001182722773044001
16111.500397104503    0.00011969354786035521    0.00011969350844035524    0.00011484659229102927    0.00011807788286391324
16111.600397104501    0.00011974408613984924    0.00011974406685984917    0.00011466120560055304    0.0001180497862000838
16111.7003971045    0.00011996196154934607    0.00011996188350934625    0.00011463467074007964    0.00011818617193292399
16111.800397104498    0.0001203419885188525    0.00012034218332885169    0.00011476234411961449    0.00011848217198910622
16111.900397104497    0.0001208960905483168    0.00012089601547831762    0.00011505650048910643    0.00011894953550524695
16112.000397104495    0.00012161089703781562    0.00012161092849781529    0.00011550566929862738    0.00011957583161141944
16112.100397104494    0.00012240684965756764    0.00012240680129756788    0.0001160386389383713    0.00012028409663116894
16112.200397104492    0.00012334757326710812    0.0001233476253371078    0.00011671489225792113    0.00012113669695404569
16112.300397104491    0.00012440576421672778    0.00012440569683672814    0.00011751224111753438    0.00012210790072366342
16112.40039710449    0.0001255627220564013    0.00012556281432640084    0.00011841489194719234    0.00012318014277666484
16112.500397104488    0.0001267896011561615    0.0001267897029361615    0.00011939852694692254    0.0001243259436797485
16112.600397104487    0.00012806397230601292    0.00012806395049601331    0.00012044362800673024    0.00012552385026958548
16112.700397104485    0.00012935185688594722    0.00012935192076594696    0.00012152047596661131    0.00012674141787283514
16112.800397104484    0.00013061422743600455    0.00013061421651600476    0.00012259463411660025    0.00012794102602286985
16112.900397104482    0.00013182142292615721    0.00013182131320615753    0.0001236374101066806    0.00012909338207966513
16113.00039710448    0.00013293110302644746    0.00013293100139644742    0.0001246106299868843    0.00013015757813659304
16113.10039710448    0.00013390089806689527    0.0001339009748868947    0.0001254724716772409    0.00013109144821034363
16113.200397104478    0.00013469133781745507    0.00013469130532745542    0.00012618380215770978    0.00013185548176754012
16113.300397104476    0.0001352625245481506    0.00013526257263815034    0.00012670561646831047    0.00013241023788487045
16113.400397104475    0.00013558220213895914    0.00013558208070895967    0.00012700276505903248    0.00013272234930231713
16113.500397104473    0.00013561220321990178    0.00013561209019990174    0.0001270364239098898    0.0001327535724432311
16113.600397104472    0.00013533746170089957    0.00013533753670089894    0.00012678702324081658    0.00013248734054753836
16113.70039710447    0.00013474058754196514    0.0001347405167819656    0.00012623584947181465    0.0001319056512652485
16113.800397104469    0.00013381519568306358    0.0001338150264630639    0.00012537405242285301    0.00013100142485632685
16113.900397104468    0.00013255888296418195    0.00013255908684418072    0.00012419837188391353    0.0001297721138974254
16114.000397104466    0.0001309826420452756    0.0001309824788052768    0.00012271584078496194    0.0001282269872118381
16114.100397104465    0.0001291061821562804    0.00012910616509627992    0.00012094648597592193    0.00012638627774282741
16114.200397104463    0.00012694806552726235    0.00012694801821726243    0.00011890918396685578    0.0001242684225704602
16114.300397104462    0.00012454974842811427    0.00012454964138811447    0.00011664313791766676    0.0001219141759112985
16114.40039710446    0.0001219387020188815    0.00012193864363888134    0.0001141769981583886    0.00011935144793871715
16114.500397104459    0.00011914715218954626    0.00011914733815954543    0.00011154251061900915    0.00011661233365603362
16114.600397104457    0.00011621404065003036    0.00011621406553003091    0.00010877806012945359    0.0001137353887698383
16114.700397104456    0.00011317982294043132    0.00011317980757043145    0.00010592398057981202    0.0001107612036968916
16114.800397104455    0.00011008116949070919    0.00011008116372070917    0.00010301588063005063    0.00010772607128048965
16114.900397104453    0.00010694340909090142    0.0001069433848509015    0.00010007789094020738    0.00010465489496067008
16115.000397104452    0.00010379564452099344    0.00010379561602099346    9.71377826842682e-05    0.00010157634774208504
16115.10039710445    0.00010066625180092927    0.00010066625776092915    9.422249003118153e-05    9.851833319767999e-05
16115.200397104449    9.757626473784786e-05    9.757625376084792e-05    9.135181262807795e-05    9.550144370892458e-05
16115.300397104447    9.454038660271313e-05    9.454051822071263e-05    8.853882649792657e-05    9.253991044045078e-05
16115.400397104446    9.157482208951894e-05    9.157481239351944e-05    8.579834689172057e-05    8.964932712491965e-05
16115.500397104444    8.867060746535416e-05    8.867076766935356e-05    8.31215703415433e-05    8.682098182541701e-05
16115.600397104443    8.58554626400366e-05    8.585543403803729e-05    8.05328085542295e-05    8.408123507743447e-05
16115.700397104441    8.320055561551362e-05    8.320059680951338e-05    7.809680646772919e-05    8.149931963091871e-05
16115.80039710444    8.06248111642768e-05    8.062475212327717e-05    7.573830544749438e-05    7.899595624501611e-05
16115.900397104439    7.814680019796988e-05    7.814685480996947e-05    7.347418487619563e-05    7.658927996137833e-05
16116.000397104437    7.577049285264495e-05    7.577038571264555e-05    7.13072636498832e-05    7.428271407172457e-05
16116.100397104436    7.349482954827882e-05    7.349485718027833e-05    6.92358126395359e-05    7.207516645603102e-05
16116.200397104434    7.13153595259685e-05    7.131527477396892e-05    6.725465821424343e-05    6.996176417139362e-05
16116.300397104433    6.92288211206667e-05    6.922890483066606e-05    6.536035140596036e-05    6.79393591190977e-05
16116.400397104431    6.723907419734723e-05    6.723904403534765e-05    6.355636550566131e-05    6.601149457945207e-05
16116.50039710443    6.534086118704378e-05    6.534088954104356e-05    6.183728623237905e-05    6.417301232015546e-05
16116.600397104428    6.352779084372783e-05    6.352781215272786e-05    6.0196357322089056e-05    6.241732010618159e-05
16116.700397104427    6.179935596444521e-05    6.179934067744536e-05    5.8633172893829e-05    6.074395651190652e-05
16116.800397104425    6.01480589951876e-05    6.014804331518761e-05    5.714009113859476e-05    5.9145397816323324e-05
16116.900397104424    5.8570802949938855e-05    5.8570754788938975e-05    5.571413585936916e-05    5.7618564532748995e-05
16117.000397104423    5.706559501169495e-05    5.7065721388694294e-05    5.435325693314888e-05    5.6161524444512706e-05
16117.100397104421    5.563068957042896e-05    5.563060004342978e-05    5.305555311690986e-05    5.47722809102562e-05
16117.20039710442    5.4259331530213476e-05    5.425923788421349e-05    5.181441257271843e-05    5.344432732904847e-05
16117.300397104418    5.2950493976999604e-05    5.295044181899944e-05    5.06289286885284e-05    5.2176621494842484e-05
16117.400397104417    5.1699440242801626e-05    5.169947016380131e-05    4.949443895835425e-05    5.096444978831906e-05
16117.500397104415    5.050425003460897e-05    5.050424981160908e-05    4.840899925218573e-05    4.9805833032801256e-05
16117.600397104414    4.936094433140888e-05    4.9360937907408905e-05    4.7368744283011495e-05    4.869687550727642e-05
16117.700397104412    4.8266062756242065e-05    4.826606834524202e-05    4.637022269086872e-05    4.763411793078427e-05
16117.80039710441    4.72177250090808e-05    4.721773376108079e-05    4.541165130373137e-05    4.661570335796432e-05
16117.90039710441    4.621451829992337e-05    4.6214542845923305e-05    4.449168552159783e-05    4.5640248889148166e-05
16118.000397104408    4.525510089576957e-05    4.5255106084769644e-05    4.36090478834679e-05    4.4706418288002375e-05
16118.100397104407    4.433445695061722e-05    4.4334461832617226e-05    4.275883135234052e-05    4.380925004519166e-05
16118.200397104405    4.3450878583487666e-05    4.345088092648767e-05    4.193932769823475e-05    4.2947029069403366e-05
16118.300397104404    4.260068451537135e-05    4.260069435737133e-05    4.114697264314201e-05    4.211611717196157e-05
16118.400397104402    4.178525859924832e-05    4.178527610524829e-05    4.0383260153042313e-05    4.131793161917964e-05
16118.5003971044    4.1003712077127576e-05    4.100370771312766e-05    3.9647361335944904e-05    4.055159370873338e-05
16118.6003971044    4.0250301764014976e-05    4.025030239601496e-05    3.893375123685571e-05    3.9811451798961885e-05
16118.700397104398    3.952529783691449e-05    3.9525286372914537e-05    3.824274551577782e-05    3.9097776575202285e-05
16118.800397104396    3.882660401582143e-05    3.882659971782141e-05    3.757250081470656e-05    3.840856818278314e-05
16118.900397104395    3.8153540409730175e-05    3.815352428973023e-05    3.692244729663684e-05    3.774317066536575e-05
16119.000397104393    3.750440610264492e-05    3.7504415919644813e-05    3.6291209979572e-05    3.7100010667287245e-05
16119.100397104392    3.68771938185556e-05    3.6877178182555705e-05    3.567699817350263e-05    3.647712339153798e-05
16119.20039710439    3.6270392189483475e-05    3.627038011448346e-05    3.507865651044885e-05    3.5873142938138593e-05
16119.300397104389    3.568203973808791e-05    3.568203966508547e-05    3.4494674916195785e-05    3.528625143978972e-05
16119.400397104388    3.511166711942845e-05    3.5111659429429996e-05    3.3924900374306364e-05    3.4716075641054934e-05
16119.500397104386    3.455759943911025e-05    3.45575983421089e-05    3.3368214029644834e-05    3.4161137270288e-05
16119.600397104385    3.4018224012110895e-05    3.401823573610828e-05    3.282356846518677e-05    3.3620009404468645e-05
16119.700397104383    3.3491530282531565e-05    3.3491546774530595e-05    3.22895079140356e-05    3.3090861657032587e-05
16119.800397104382    3.29775675979417e-05    3.297756994194459e-05    3.176672582574246e-05    3.2573954455209585e-05
16119.90039710438    3.247395471883763e-05    3.2473949815839104e-05    3.125347147280641e-05    3.206712533582772e-05
16120.000397104379    3.197848413318398e-05    3.197848509918278e-05    3.0748314320162154e-05    3.156842785084297e-05
16120.100397104377    3.149176346639709e-05    3.149175346039933e-05    3.0252494497255302e-05    3.1078670474683914e-05
16120.200397104376    3.101190803200382e-05    3.101190558900228e-05    2.9764853927593822e-05    3.059622251619997e-05
16120.300397104374    3.053778218884225e-05    3.053778494584119e-05    2.92848724050383e-05    3.012014651324058e-05
16120.400397104373    3.0068490489863393e-05    3.0068498708862276e-05    2.8812239709545864e-05    2.9649742969423845e-05
16120.500397104372    2.9603404770012688e-05    2.960340861701358e-05    2.834675641009391e-05    2.9184523265706725e-05
16120.60039710437    2.9141237352416507e-05    2.9141240578416632e-05    2.788756491780855e-05    2.8723347616213896e-05
16120.700397104369    2.868222618778006e-05    2.868222417978113e-05    2.7435074371447844e-05    2.8266508246336344e-05
16120.800397104367    2.8226818286052166e-05    2.822681581705226e-05    2.698980074698146e-05    2.7814478283361963e-05
16120.900397104366    2.7774073010516353e-05    2.7774067209517034e-05    2.6550629703742524e-05    2.7366256641258638e-05
16121.000397104364    2.732343400109415e-05    2.7323432965093173e-05    2.6116166032788496e-05    2.6921010999658604e-05
16121.100397104363    2.687220230321527e-05    2.6872211042213273e-05    2.56781660055112e-05    2.6474193116979914e-05
16121.200397104361    2.6431013420170914e-05    2.6431018271171707e-05    2.5255040034479185e-05    2.603902390860727e-05
16121.30039710436    2.5994771021167876e-05    2.599477444016817e-05    2.48431845211832e-05    2.561090999417308e-05
16121.400397104358    2.556342358517519e-05    2.5563426155175366e-05    2.4439112499599606e-05    2.518865407998339e-05
16121.500397104357    2.5137896081993234e-05    2.513789808799335e-05    2.4043152537948557e-05    2.477298223597838e-05
16121.600397104356    2.471902827863175e-05    2.471902988863183e-05    2.365565867321778e-05    2.436457228016045e-05
16121.700397104354    2.4307557203127076e-05    2.4307558522127137e-05    2.3276884220442104e-05    2.396399998189877e-05
16121.800397104353    2.3904118382492184e-05    2.3904119480492232e-05    2.2907003773630418e-05    2.3571747212204947e-05
16121.900397104351    2.3509241446748694e-05    2.350924237474873e-05    2.2546128203795728e-05    2.318820400843105e-05
16122.00039710435    2.3123346120919058e-05    2.3123346914919086e-05    2.2194309990949984e-05    2.2813667675596038e-05
16122.100397104348    2.274674202201892e-05    2.2746742708018942e-05    2.1851545947098325e-05    2.244834355904539e-05
16122.200397104347    2.2379632841083804e-05    2.237963343808382e-05    2.1517780619264075e-05    2.2092348966143903e-05
16122.300397104345    2.202212417412674e-05    2.2022124698126753e-05    2.1192911129450546e-05    2.1745720000568016e-05
16122.400397104344    2.167423390416567e-05    2.1674234366165678e-05    2.087679318366621e-05    2.1408420484665854e-05
16122.500397104342    2.1335903978216123e-05    2.1335904388216133e-05    2.0569247723918184e-05    2.1080352030116813e-05
16122.600397104341    2.1007012637285164e-05    2.100701300228517e-05    2.027006770020677e-05    2.0761364446592367e-05
16122.70039710434    2.0687386351395514e-05    2.068738667839552e-05    1.99790245845474e-05    2.0451265871446144e-05
16122.800397104338    2.0376810957549353e-05    2.037681124954936e-05    1.9695874352937668e-05    2.0149832186678793e-05
16122.900397104337    2.0075041670752955e-05    2.0075041931752958e-05    1.9420362783379672e-05    1.985681546196186e-05
16123.000397104335    1.9781811841010805e-05    1.9781812076010806e-05    1.9152230004874578e-05    1.957195130729873e-05
16123.100397104334    1.9496840402320686e-05    1.9496840614320693e-05    1.889121430641804e-05    1.929496510768647e-05
16123.200397104332    1.921983806569481e-05    1.9219838255694814e-05    1.8637055230019422e-05    1.9025577183803016e-05
16123.30039710433    1.8950512357128515e-05    1.895051252812852e-05    1.8389496026673108e-05    1.8763506970643383e-05
16123.40039710433    1.868857163562164e-05    1.8688571788621643e-05    1.8148285549377973e-05    1.8508476324540418e-05
16123.500397104328    1.84337282051734e-05    1.8433728342173402e-05    1.7913179655132587e-05    1.8260212067493125e-05
16123.600397104326    1.8185700677777995e-05    1.8185700800778e-05    1.768394221393115e-05    1.801844789749572e-05
16123.700397104325    1.794421570744295e-05    1.794421581744295e-05    1.7460345774780352e-05    1.7782925766555416e-05
16123.800397104324    1.770900919916174e-05    1.770900929716174e-05    1.7242171967674064e-05    1.7553396821332514e-05
16123.900397104322    1.7479827110932326e-05    1.747982719793233e-05    1.7029211689610396e-05    1.7329621999491683e-05
16124.00039710432    1.725642591775257e-05    1.725642599375257e-05    1.6821265128587457e-05    1.7111372346697535e-05
16124.10039710432    1.703857281961632e-05    1.7038572886616318e-05    1.6618141656599688e-05    1.6898429120944108e-05
16124.200397104318    1.6826045757529413e-05    1.6826045814529414e-05    1.6419659627652734e-05    1.669058373323719e-05
16124.300397104316    1.661863326548563e-05    1.6618633315485628e-05    1.622564611274103e-05    1.6487637564570762e-05
16124.400397104315    1.6416134228482855e-05    1.6416134270482858e-05    1.6035936582862868e-05    1.628940169394286e-05
16124.500397104313    1.6218357549519058e-05    1.6218357585519056e-05    1.5850374564016606e-05    1.6095696566351573e-05
16124.600397104312    1.602512177058875e-05    1.6025121799588752e-05    1.566881126919738e-05    1.5906351613124958e-05
16124.70039710431    1.5836254655697163e-05    1.5836254678697167e-05    1.5491105231410362e-05    1.572120485526823e-05
16124.800397104309    1.5651592756838913e-05    1.5651592774838912e-05    1.5317121927650772e-05    1.5540102486442866e-05
16124.900397104308    1.5470980976012294e-05    1.5470980989012295e-05    1.5146733414917267e-05    1.5362898459980615e-05
16125.000397104306    1.5294272117215693e-05    1.5294272126215692e-05    1.4979817968208576e-05    1.518945407054665e-05
16125.100397104305    1.512132646444444e-05    1.5121326468444441e-05    1.481625974052053e-05    1.5019637557803136e-05
16125.200397104303    1.4952011351703457e-05    1.4952011351703457e-05    1.4655948425858004e-05    1.4853323709754973e-05
16125.300397104302    1.4786200763988171e-05    1.4786200760988173e-05    1.44987789492169e-05    1.469039349139775e-05
16125.4003971043    1.462377494929731e-05    1.462377494329731e-05    1.4344651159596213e-05    1.4530733684063612e-05
16125.500397104299    1.4464620050629667e-05    1.4464620040629667e-05    1.4193469552994996e-05    1.4374236548084775e-05
16125.600397104297    1.4308627752981276e-05    1.4308627740981276e-05    1.4045142999409657e-05    1.4220799497790736e-05
16125.700397104296    1.4155694959356801e-05    1.4155694944356802e-05    1.3899584491844805e-05    1.407032479851947e-05
16125.800397104294    1.4005723476752352e-05    1.4005723459752355e-05    1.3756710911296895e-05    1.3922719282600534e-05
16125.900397104293    1.3858619726166987e-05    1.385861970716699e-05    1.3616442800765182e-05    1.3777894078033052e-05
16126.000397104292    1.371429446759982e-05    1.3714294446599821e-05    1.3478704161248962e-05    1.3635764358482867e-05
16126.10039710429    1.357266254604744e-05    1.357266252304744e-05    1.334342225274511e-05    1.3496249107279998e-05
