502.223341624    1.4264485635999999e-05    1.54525712776e-05    1.4851564196800001e-05    1.4856207036800001e-05
502.3233416239999    1.232097701760221e-05    1.3393202802402342e-05    1.2853101641602272e-05    1.2855760487202276e-05
502.4233416239998    1.1202384790401908e-05    1.2211821018402016e-05    1.170488217760196e-05    1.1706362662135295e-05
502.5233416239997    1.3737942717584826e-05    1.4721193268503718e-05    1.4380244888842048e-05    1.4279793624976864e-05
502.62334162399964    1.3041683872685407e-05    1.4017943186044349e-05    1.3666599798212587e-05    1.3575408952314115e-05
502.72334162399954    1.2671848276811388e-05    1.3650842942756921e-05    1.3290919078223478e-05    1.3204536765930595e-05
502.82334162399945    1.2476557331679455e-05    1.3464027164946736e-05    1.3096484275783928e-05    1.301235625747004e-05
502.92334162399936    1.2361948915396652e-05    1.3361444797041136e-05    1.2986327720920424e-05    1.290324047778607e-05
503.0233416239993    1.230452529058114e-05    1.3318311883025592e-05    1.2935400468332534e-05    1.2852745880646423e-05
503.1233416239992    1.2285512551461677e-05    1.3316180869119469e-05    1.2924787839645846e-05    1.2842160420075664e-05
503.2233416239991    1.230439527979547e-05    1.3353805892439857e-05    1.2953380042376173e-05    1.2870527071537166e-05
503.323341623999    1.2329463243277634e-05    1.3399154897962085e-05    1.2989176103122045e-05    1.2905931414787256e-05
503.4233416239989    1.2365384285937623e-05    1.3456657964332443e-05    1.3036644320611808e-05    1.2952895523627291e-05
503.5233416239988    1.2411934822177813e-05    1.352610485127358e-05    1.3095532959396783e-05    1.3011190877616059e-05
503.6233416239987    1.2468433949697668e-05    1.3606705798056281e-05    1.3165060507654024e-05    1.3080066751802657e-05
503.72334162399864    1.2534757200676606e-05    1.3698183187037159e-05    1.324496504206037e-05    1.3159301809924712e-05
503.82334162399854    1.2608006501191155e-05    1.379721383187345e-05    1.3332213563996349e-05    1.3245811299020321e-05
503.92334162399845    1.2686026510904017e-05    1.3902897484001618e-05    1.3425315647363381e-05    1.333807988075634e-05
504.02334162399836    1.2771232006662004e-05    1.4017086713633806e-05    1.3526284771660985e-05    1.3438201163985598e-05
504.1233416239983    1.2858856729773114e-05    1.4135188097419132e-05    1.3630473734275466e-05    1.3541506187155903e-05
504.2233416239982    1.294961695321855e-05    1.4257683232689264e-05    1.3738455004561917e-05    1.3648585063489911e-05
504.3233416239981    1.3043901836322648e-05    1.438508344439528e-05    1.3850675243322038e-05    1.3759886841346654e-05
504.423341623998    1.3130598297965429e-05    1.4506384907876132e-05    1.3956043971167083e-05    1.3864342392336217e-05
504.5233416239979    1.3233070811188608e-05    1.4644462203788854e-05    1.4077754131189529e-05    1.3985095715388996e-05
504.6233416239978    1.3339271680866486e-05    1.4789310266302783e-05    1.4204858789670916e-05    1.4111146912280062e-05
504.7233416239977    1.34369966614024e-05    1.492671028627873e-05    1.4323892815885428e-05    1.4229199921188854e-05
504.82334162399763    1.35470599142322e-05    1.5077496138538657e-05    1.4455795364164727e-05    1.4360117138978528e-05
504.92334162399754    1.3651165528934935e-05    1.5225044267085361e-05    1.458320531633041e-05    1.44864717041169e-05
505.02334162399745    1.3771927904672087e-05    1.5391567706237755e-05    1.47284757717763e-05    1.4630657127562048e-05
505.12334162399736    1.389451289731559e-05    1.5562168697351465e-05    1.4876725270332596e-05    1.4777802288333217e-05
505.22334162399727    1.3995094822173917e-05    1.5713325921438384e-05    1.5004298758475896e-05    1.49042398340294e-05
505.3233416239972    1.4121805368715673e-05    1.589342379843693e-05    1.5159430047438849e-05    1.505821973819715e-05
505.4233416239971    1.4255528468098187e-05    1.6083271945575774e-05    1.5322954513791232e-05    1.5220584975821733e-05
505.523341623997    1.4380977676094294e-05    1.6267928327985093e-05    1.5479794101569053e-05    1.5376233368549484e-05
505.6233416239969    1.4506205046609166e-05    1.645583868303695e-05    1.5638119676163214e-05    1.5533387801936446e-05
505.7233416239968    1.4633334136990568e-05    1.6649455141332517e-05    1.5800327511015288e-05    1.5694372263112794e-05
505.8233416239967    1.4768314953191358e-05    1.685595454745881e-05    1.5973000377754456e-05    1.5865756626134872e-05
505.92334162399663    1.49182877488104e-05    1.7080717228978197e-05    1.6162269805978617e-05    1.6053758261255736e-05
506.02334162399654    1.505719618449866e-05    1.7298043570359803e-05    1.6342289752678404e-05    1.6232509835845623e-05
506.12334162399645    1.5187217252285215e-05    1.7512485704822347e-05    1.6516461010980193e-05    1.6405387989362582e-05
506.22334162399636    1.5331284993796675e-05    1.77471136304424e-05    1.6707817287222492e-05    1.6595405303820524e-05
506.32334162399627    1.5480415158956547e-05    1.7993335023106373e-05    1.6907503811078e-05    1.6793751331046975e-05
506.4233416239962    1.5637086582853554e-05    1.8254102722097127e-05    1.711830859084638e-05    1.7003165965265683e-05
506.5233416239961    1.5796211774215175e-05    1.8525293482651873e-05    1.733557187308937e-05    1.721902570998547e-05
506.623341623996    1.5944168060474823e-05    1.879451272464822e-05    1.7546289525391642e-05    1.742832343683823e-05
506.7233416239959    1.6094912927859267e-05    1.907764717800138e-05    1.7765504549945244e-05    1.76460215519353e-05
506.8233416239958    1.626503735299983e-05    1.938976939710624e-05    1.8008821845494133e-05    1.7887876198533403e-05
506.9233416239957    1.6441542616978114e-05    1.9720286310175022e-05    1.8264628692931387e-05    1.8142152540028172e-05
507.02334162399563    1.6610731514086977e-05    2.006003487794734e-05    1.8521498255339142e-05    1.8397421549124485e-05
507.12334162399554    1.679507315283917e-05    2.043055799926805e-05    1.8801306063105302e-05    1.8675645738404175e-05
507.22334162399545    1.6972376231320166e-05    2.081297258998511e-05    1.9083684290358457e-05    1.895634437055458e-05
507.32334162399536    1.7142993517189687e-05    2.1210288679392e-05    1.9370168655870143e-05    1.924115028415061e-05
507.42334162399527    1.7345322016918146e-05    2.1665507306109193e-05    1.9701599361429113e-05    1.957080956148548e-05
507.5233416239952    1.7554384565446157e-05    2.2158694187771052e-05    2.0055549221020314e-05    1.992287599141251e-05
507.6233416239951    1.7741995959749848e-05    2.266439849195362e-05    2.0405128842653525e-05    2.0270507764785663e-05
507.723341623995    1.7938693510913224e-05    2.3220304253291806e-05    2.0784429585973608e-05    2.064780911672621e-05
507.8233416239949    1.8167911015734626e-05    2.385996528614581e-05    2.122209974043669e-05    2.1083325347439044e-05
507.9233416239948    1.8395148243390365e-05    2.4559568275886227e-05    2.1689096291920304e-05    2.15479376037323e-05
508.0233416239947    1.8618806410021513e-05    2.532813070489321e-05    2.2189049927142106e-05    2.204532901401894e-05
508.12334162399463    1.8851468831104154e-05    2.6199017062545303e-05    2.2744943389031222e-05    2.2598476427560224e-05
508.22334162399454    1.9113631044373767e-05    2.7215204865709862e-05    2.338887916513029e-05    2.3239238358404638e-05
508.32334162399445    1.939071111328866e-05    2.8391671008142035e-05    2.4121007171324788e-05    2.396779643091849e-05
508.42334162399436    1.967022046479331e-05    2.9759533328899402e-05    2.4951075438211656e-05    2.4793609743968123e-05
508.52334162399427    1.9974619691826098e-05    3.1402341872235906e-05    2.593221528642816e-05    2.5769725616830053e-05
508.6233416239942    2.0307043040180707e-05    3.3405828196265016e-05    2.7109393962515555e-05    2.6940755066320425e-05
508.7233416239941    2.0674010175844002e-05    3.590362627244379e-05    2.8553340887699405e-05    2.8376992445329067e-05
508.823341623994    2.1093916831649428e-05    3.9108397105442034e-05    3.0380959762032524e-05    3.019442456637466e-05
508.9233416239939    2.1582649774759458e-05    4.333241339149466e-05    3.2757971470750556e-05    3.2557678212334885e-05
509.0233416239938    2.2172807780962736e-05    4.9115921373477114e-05    3.5973929183847e-05    3.5754219446095624e-05
509.1233416239937    2.2907354284783954e-05    5.7381350337674464e-05    4.0516915622130534e-05    4.026854008152965e-05
509.22334162399363    2.390342538126952e-05    6.990353239750748e-05    4.734280092599936e-05    4.704991956825878e-05
509.32334162399354    2.5397487185576092e-05    9.03752603826414e-05    5.843772077149994e-05    5.807015611323915e-05
509.42334162399345    2.789248251823418e-05    0.0001274542762159794    7.843260470254281e-05    7.792645447891881e-05
509.52334162399336    3.2829374473712835e-05    0.00020570973604837288    0.00012047462549368415    0.00011967124533858995
509.62334162399327    4.571572960444769e-05    0.0004180608819163601    0.00023431516859216174    0.00023269726003765655
509.7233416239932    9.438484794233746e-05    0.0012341598150805832    0.0006714091594122634    0.0006666512741450615
509.8233416239931    0.00016040345582375853    0.0023425028636637163    0.0012650030645716588    0.0012559697946863783
509.923341623993    8.693526857895918e-05    0.0010938217289082777    0.0005967957366390766    0.0005925175780421045
510.0233416239929    4.552454973057904e-05    0.00038525667793317124    0.00021796207824817556    0.00021624776863730865
510.1233416239928    3.516084000929557e-05    0.00019851299698245357    0.00011937368432233061    0.00011768250710469324
510.2233416239927    3.199943117742324e-05    0.0001288432128497754    8.454543056137323e-05    8.179602486285728e-05
510.32334162399263    3.180648302687371e-05    9.723302205669035e-05    6.731406964089862e-05    6.545119157482089e-05
510.42334162399254    3.516455610718819e-05    8.396798017616674e-05    5.726778696296961e-05    5.880010774877485e-05
510.52334162399245    4.1402540790920536e-05    8.166976523237373e-05    5.454376152174651e-05    5.9205355848346917e-05
510.62334162399236    4.649182678239543e-05    8.60296566262146e-05    6.276755504129682e-05    6.509634614996896e-05
510.72334162399227    6.776052154048974e-05    0.0001256480897258786    0.0001038081172326824    9.907224283301692e-05
510.8233416239922    8.191562664941773e-05    0.00014838078748578083    0.00011350885935642878    0.00011460175783054246
510.9233416239921    5.14511083326548e-05    8.620923593559181e-05    6.440377944701255e-05    6.735470790508638e-05
511.023341623992    4.2957141231480316e-05    6.383168087228521e-05    4.8897249235686874e-05    5.189535711315081e-05
511.1233416239919    4.848778633505841e-05    5.946826732737234e-05    4.505578787063509e-05    5.100394717768862e-05
511.2233416239918    7.946418857908756e-05    6.345418824724176e-05    4.4824797838062485e-05    6.258105822146393e-05
511.3233416239917    0.0001357487541376056    7.387205706024733e-05    4.669036381411248e-05    8.54370583373218e-05
511.42334162399163    8.78591889944988e-05    7.307606166706499e-05    4.9680033954400515e-05    7.020509487198811e-05
511.52334162399154    5.375146108056665e-05    7.944611229880503e-05    5.56181492991982e-05    6.293857422618997e-05
511.62334162399145    4.870536655838164e-05    0.00010095033512543921    6.730042961556046e-05    7.23187104331271e-05
511.72334162399136    5.485170094874669e-05    0.00015490887604169813    9.254154555801015e-05    0.00010076737418281831
511.82334162399127    8.167225147868523e-05    0.0003329873669811295    0.00016221772396226135    0.00019229244747402533
511.9233416239912    0.00015404139690565585    0.0007221369412076027    0.0004027719369956577    0.0004263167583696388
512.0233416239911    0.00020401838320713834    0.0008998457481958938    0.0007327615120867162    0.0006122085478299161
512.123341623991    0.0002534421115803759    0.0007500642906456916    0.00047051902143166924    0.0004913418078859122
512.2233416239909    0.00015104824449233153    0.00038372684329464747    0.00021010997110436892    0.00024829501963044933
512.3233416239908    7.501509770286537e-05    0.00018710518108167645    0.0001141051475836358    0.0001254084754560592
512.4233416239907    5.3886139395357194e-05    0.00014824488295738406    8.893502377602767e-05    9.702201537625633e-05
512.5233416239906    4.565040934935015e-05    0.0002033837063279052    0.00010019477796928937    0.0001164096312155149
512.6233416239905    4.242800219467125e-05    0.00037770553505345677    0.0001510745818919048    0.0001904027063800109
512.7233416239904    4.007054220728584e-05    0.00025504028400827366    0.00011053893348261624    0.0001352165865660586
512.8233416239904    3.9386373706119305e-05    0.00011767638798427575    6.748087701027355e-05    7.484787956688952e-05
512.9233416239903    4.0704617965295684e-05    8.237793740949653e-05    5.745933643974483e-05    6.0180630604845675e-05
513.0233416239902    4.5031616332869435e-05    7.377291178050687e-05    5.984824631449526e-05    5.955092480929052e-05
513.1233416239901    5.842118797241796e-05    7.750481789777977e-05    7.532844269591368e-05    7.041814952203714e-05
513.22334162399    6.261659017197856e-05    7.484711126614889e-05    8.560796708243766e-05    7.435722284018835e-05
513.3233416239899    4.688214925176666e-05    6.09199055338564e-05    6.305281775885705e-05    5.695162418149336e-05
513.4233416239898    4.116495627628708e-05    5.426419169843378e-05    5.2031214079476846e-05    4.915345401806591e-05
513.5233416239897    3.970006629499706e-05    5.18968476844101e-05    4.866994364860394e-05    4.675561920933703e-05
513.6233416239896    3.933261988447966e-05    5.0822523221347164e-05    4.666033707597067e-05    4.560516006059917e-05
513.7233416239895    3.939858561537955e-05    5.035760463700811e-05    4.587114268714829e-05    4.5209110979845316e-05
513.8233416239894    3.9783512590496655e-05    5.034895077634602e-05    4.587467433446316e-05    4.533571256710195e-05
513.9233416239894    4.0268276847166646e-05    5.054733303111403e-05    4.615025579918805e-05    4.5655288559156234e-05
514.0233416239893    4.069854226848928e-05    5.077897396313987e-05    4.646035400425866e-05    4.597929007862927e-05
514.1233416239892    4.1193270147431237e-05    5.1145003749675245e-05    4.6890591487273447e-05    4.640962179479331e-05
514.2233416239891    4.175211377696149e-05    5.163681687802101e-05    4.742864844103802e-05    4.693919303200684e-05
514.323341623989    4.234781175120133e-05    5.221088004941871e-05    4.803262042829323e-05    4.7530437409637753e-05
514.4233416239889    4.3011775141749993e-05    5.289840257481512e-05    4.872941245051716e-05    4.821319672236077e-05
514.5233416239888    4.382398479186919e-05    5.377384994125631e-05    4.9600515119152424e-05    4.906611661742597e-05
514.6233416239887    4.453435971329735e-05    5.457748754802775e-05    5.038468931951596e-05    4.983217886028035e-05
514.7233416239886    4.5178443129644436e-05    5.5345335580744595e-05    5.1116603305394184e-05    5.054679400526106e-05
514.8233416239885    4.6067472582140695e-05    5.638616172368482e-05    5.211246382851285e-05    5.152203271144611e-05
514.9233416239884    4.687189183955228e-05    5.737655426019845e-05    5.304157968691957e-05    5.2430008595556766e-05
515.0233416239884    4.7610966039449166e-05    5.8323090529072706e-05    5.3916669881102645e-05    5.328357548320818e-05
515.1233416239883    4.8502477885367215e-05    5.944523288135078e-05    5.4956967511968254e-05    5.4301559426228744e-05
515.2233416239882    4.941924637102435e-05    6.06201349943077e-05    5.603816589376898e-05    5.535918241970035e-05
515.3233416239881    5.025504687775288e-05    6.174553537106097e-05    5.705499517655523e-05    5.6351859141789696e-05
515.423341623988    5.1147366205537245e-05    6.294959179198585e-05    5.8136878847184155e-05    5.7411278948235756e-05
515.5233416239879    5.230665353952517e-05    6.444205838209906e-05    5.950025595029503e-05    5.8749655957306426e-05
515.6233416239878    5.3278806665659577e-05    6.577864842492438e-05    6.0697752858230806e-05    5.991840264960492e-05
515.7233416239877    5.430317747781802e-05    6.71909151511436e-05    6.196170155984968e-05    6.115193139627042e-05
515.8233416239876    5.547932026833434e-05    6.878266763667752e-05    6.338804854043279e-05    6.255001214848155e-05
515.9233416239875    5.648574170247647e-05    7.024532079099016e-05    6.466368367107697e-05    6.379824872151452e-05
516.0233416239874    5.7720977533268256e-05    7.19491467092386e-05    6.618267313981233e-05    6.528426579410639e-05
516.1233416239874    5.891584695240967e-05    7.365700288366605e-05    6.76821256884656e-05    6.675165850818044e-05
516.2233416239873    6.009033863049954e-05    7.538497038160311e-05    6.919124032982169e-05    6.822218311397479e-05
516.3233416239872    6.153177977269573e-05    7.741389973382462e-05    7.098379904268087e-05    6.997649284973374e-05
516.4233416239871    6.290705477713672e-05    7.940401043130255e-05    7.272332725518091e-05    7.167813082120672e-05
516.523341623987    6.42501439729031e-05    8.14193441549179e-05    7.446187007824196e-05    7.337711940202098e-05
516.6233416239869    6.560361784443953e-05    8.34728768033186e-05    7.623129480457848e-05    7.510259648411221e-05
516.7233416239868    6.716984263594069e-05    8.580761512979657e-05    7.82439467360346e-05    7.70738015005906e-05
516.8233416239867    6.869839807780681e-05    8.81412506949737e-05    8.024570398512497e-05    7.902845091930182e-05
516.9233416239866    7.033727925464452e-05    9.067064743820632e-05    8.240779381896028e-05    8.113857350393704e-05
517.0233416239865    7.21449368575284e-05    9.340592609033413e-05    8.475313971702985e-05    8.343466755496412e-05
517.1233416239864    7.378664631051756e-05    9.602568149619361e-05    8.696872191457467e-05    8.559368324042864e-05
517.2233416239864    7.561464297867455e-05    9.890771808139362e-05    8.941993393341273e-05    8.798076499782695e-05
517.3233416239863    7.759062309099866e-05    0.00010209052879649786    9.209554773961226e-05    9.059223320903625e-05
517.4233416239862    7.952893391759985e-05    0.00010526593444522335    9.47501634941525e-05    9.318167728565859e-05
517.5233416239861    8.157207161458126e-05    0.00010862559629681937    9.756836853350299e-05    9.592201214830121e-05
517.623341623986    8.374933574361233e-05    0.00011224248486778348    0.00010058176566798052    9.885786209312545e-05
517.7233416239859    8.619201617132236e-05    0.00011626163950337948    0.00010393928115195604    0.00010213097894221928
517.8233416239858    8.861693512390723e-05    0.00012037210975611643    0.00010734897209775867    0.00010544600565926077
517.9233416239857    9.104436306809896e-05    0.0001246648229393765    0.00011086755785859696    0.00010885891462202415
518.0233416239856    9.361877444963746e-05    0.0001292251608312001    0.00011459375987395355    0.00011247923171826371
518.1233416239855    9.633226993053905e-05    0.00013408808269177512    0.00011855293318825127    0.00011632442860352182
518.2233416239854    9.902591887721814e-05    0.0001391343059795131    0.0001226085648152178    0.000120256263223983
518.3233416239854    0.00010218200109379411    0.00014521293650753721    0.00012742153804130952    0.0001249388252142136
518.4233416239853    0.00010579092877939193    0.00015300941393437033    0.000133326445565216    0.0001307089294263261
518.5233416239852    0.00010916726224764715    0.00015935890341631413    0.00013842115360732335    0.00013564910642376157
518.6233416239851    0.0001122663025102264    0.00016449083912198925    0.00014279448337533202    0.00013985054166918255
518.723341623985    0.00011604227617533156    0.000171904387421778    0.00014866914050150164    0.0001455386013662037
518.8233416239849    0.0001202612753642708    0.00018037525972961857    0.00015532114227726892    0.00015198589245705275
518.9233416239848    0.00012442697738971296    0.0001890536094777456    0.0001620625074222154    0.00015851436476322465
519.0233416239847    0.00012907486884954707    0.00019918806766867022    0.00016981113597829928    0.00016602469083217214
519.1233416239846    0.00013374341979074397    0.000209741082401632    0.00017782110822296885    0.0001737685368051149
519.2233416239845    0.00013934828587687897    0.00022241467621389333    0.0001875155259399006    0.00018309282934355766
519.3233416239844    0.0001450261163693249    0.00023593698571623258    0.00019762342137565454    0.0001928621744870707
519.4233416239844    0.00015187705198394387    0.0002527554137809472    0.00021010631440336467    0.0002049129267227519
519.5233416239843    0.00015975599669843158    0.0002731277852675485    0.00022491726479687962    0.00021926701558761989
519.6233416239842    0.0001756715454010127    0.00031504201527971735    0.00025524786353625954    0.00024865380807232985
519.7233416239841    0.00018269070981458295    0.0003336181634571    0.00026887875042788884    0.00026172920789985726
519.823341623984    0.00018334586602861656    0.00033853000109449545    0.00027209336681155194    0.00026465641131155463
519.9233416239839    0.00019142753187322828    0.0003641745485175375    0.0002898123326585359    0.0002818048043497672
520.0233416239838    0.00020188100367098347    0.00039848670469198405    0.00031322574259126825    0.00030453115031807865
520.1233416239837    0.00021446817999848882    0.00044409423474379625    0.00034299676580999455    0.00033385306018409317
520.2233416239836    0.00023169665957781845    0.0005192156051805716    0.00038672851575035527    0.0003792135935029151
520.3233416239835    0.00024855767104054144    0.0005785922895769157    0.00042831158520281336    0.00041848718194009016
520.4233416239834    0.0002671097023233591    0.0006329134657574844    0.0004770381043693714    0.00045902042415007165
520.5233416239834    0.0002924663375112429    0.000731085429946    0.0005459821189562065    0.0005231779621378165
520.6233416239833    0.0003219164878455187    0.0008646617959268893    0.0006269853956897575    0.0006045212264873884
520.7233416239832    0.00036387194536246364    0.0010558445677154745    0.0007429184230837015    0.0007208783120538799
520.8233416239831    0.0004322662123857336    0.0013486342405299803    0.0009244249059129087    0.0009017751196095409
520.923341623983    0.0005575055352794833    0.001830109382752612    0.0012199722877122138    0.0012025290685814362
521.0233416239829    0.0008671808508367818    0.0027227150553273474    0.0017611773281771827    0.0017836910781137707
521.1233416239828    0.00175897837700975    0.004749384493377919    0.0029785117396755757    0.0031622915366877483
521.2233416239827    0.0024495662144431427    0.01133886294476472    0.006938175937625199    0.006908868365611022
521.3233416239826    0.0033074970956490654    0.023634827408144394    0.014298270139737237    0.013746864881176902
521.4233416239825    0.00474610299539432    0.03875839412964188    0.023304493904891962    0.022269663676642723
521.5233416239824    0.0024676497336372045    0.025692961203247818    0.015391647676284197    0.014517419537723076
521.6233416239824    0.001473271628505364    0.022456898731330756    0.012972696044538646    0.012300955468124923
521.7233416239823    0.00145375102545256    0.013441907972838984    0.009568682171189698    0.00815478038982708
521.8233416239822    0.0012761714825975403    0.014637364085246688    0.011567632112978527    0.00916038922694092
521.9233416239821    0.0007475689913306829    0.005049610960044659    0.003673079752117175    0.0031567532344975047
522.023341623982    0.000869840491135464    0.0033388895242013614    0.0025446320721593235    0.0022511206958320496
522.1233416239819    0.0010742528132684755    0.002831585637377562    0.0022424002314253826    0.002049412894023807
522.2233416239818    0.0012957778677263698    0.0024985856944265434    0.0022273032278982015    0.002007222263350372
522.3233416239817    0.0016332796411542953    0.002395233764289808    0.002470651263965874    0.0021663882231366593
522.4233416239816    0.002106819090851311    0.002593540518911394    0.002996787838581864    0.0025657158161148563
522.5233416239815    0.0027847085726647428    0.002841581282764094    0.003755498432378566    0.0031272627626024673
522.6233416239814    0.0038438079757543426    0.0032695780045581247    0.005014290975214526    0.004042558985175664
522.7233416239814    0.005578818339509321    0.003983743542229698    0.007185926706298576    0.005582829529345866
522.8233416239813    0.008567700323286225    0.005176398449651985    0.011039490097043915    0.008261196289994043
522.9233416239812    0.013914421458372836    0.007182049512193511    0.017610355018628784    0.01290227532973171
523.0233416239811    0.02317300514401939    0.0104518223289378    0.026304757054353815    0.01997652817577034
523.123341623981    0.035350368369918235    0.015507760998064763    0.03185446352570672    0.027570864297896572
523.2233416239809    0.04080279536554541    0.02415211478319267    0.030369563325026102    0.031774824491254725
523.3233416239808    0.033089850209588836    0.03792972846431894    0.025227534025365414    0.032082370899757726
523.4233416239807    0.02428904294419853    0.04286634625545536    0.021145982528290388    0.029433790575981424
523.5233416239806    0.018924248929954035    0.03679957466995282    0.018854865830990507    0.024859563143632454
523.6233416239805    0.015287986400511544    0.031171877909009313    0.0182695121395217    0.021576458816347524
523.7233416239804    0.012776855405014522    0.02915533061605662    0.019149657729084106    0.020360614583385086
523.8233416239804    0.011429204509232845    0.028529774616166705    0.02025471035433088    0.020071229826576806
523.9233416239803    0.01135893072950311    0.028223900558846333    0.02047971665534248    0.020020849314563972
524.0233416239802    0.012112975733799262    0.027937664034121297    0.020119845878721298    0.02005682854888062
524.1233416239801    0.013179184528712229    0.02814061562019519    0.01992357896070018    0.02041445970320253
524.22334162398    0.014554139520335112    0.028078886785557762    0.01949934865938246    0.020710791655091782
524.3233416239799    0.015643975917652674    0.027333255595253847    0.019385354235138205    0.020787528582681573
524.4233416239798    0.016201602551715797    0.02861419120335795    0.020318294311416404    0.021711362688830046
524.5233416239797    0.01656098300737631    0.033445769248833426    0.02196547422960432    0.023990742161938017
524.6233416239796    0.016326045629325464    0.03863422836404854    0.023088798636988    0.026016357543454
524.7233416239795    0.015391847307117937    0.040341452099764225    0.02291939691580731    0.026217565440896488
524.8233416239794    0.014293470994824111    0.03889934942482918    0.022267435558918827    0.02515341865952404
524.9233416239794    0.013403360425891735    0.03653877241851999    0.022125902426614413    0.02402267842367538
525.0233416239793    0.012833373199105873    0.03452556435541661    0.022609380416527713    0.02332277265701673
525.1233416239792    0.012658406010630563    0.032905323584571836    0.023353939072812992    0.022972556222671796
525.2233416239791    0.013067421673912118    0.031195501674799887    0.02404399049324753    0.02276897128065318
525.323341623979    0.014215080153914423    0.029642911845868647    0.024790229903369466    0.022882740634384176
525.4233416239789    0.016174623125471667    0.02835631468655453    0.025613813288603758    0.023381583700209988
525.5233416239788    0.018812752928039682    0.027386040223222524    0.026387486294634138    0.024195426481965446
525.6233416239787    0.021610319829744352    0.02676328102063564    0.027036882556401902    0.025136827802260633
525.7233416239786    0.02386096958035516    0.026647003977070427    0.027864429578316065    0.02612413437858055
525.8233416239785    0.025432655147229727    0.027245005504562835    0.02938549011091566    0.027354383587569402
525.9233416239784    0.026760810314074242    0.028394808649870658    0.03189210936752615    0.02901590944382368
526.0233416239784    0.02819863819590846    0.02958660094452579    0.03529716648487563    0.031027468541769958
526.1233416239783    0.02992237438378426    0.03049582677479034    0.03921741705054701    0.03321187273637387
526.2233416239782    0.03235612202884895    0.031221062463188867    0.04318920692221942    0.03558879713808575
526.3233416239781    0.03628508410752223    0.031962725711304124    0.04704827037654925    0.03843202673179187
526.423341623978    0.04204101043438125    0.032780025120781216    0.050827057517376824    0.04188269769084643
526.5233416239779    0.048826673427880704    0.03360322896970541    0.05427151891513593    0.04556714043757402
526.6233416239778    0.05484433591813563    0.034323804090270006    0.056726639276366855    0.048631593094924166
526.7233416239777    0.05881931282297333    0.034916389284013236    0.05755118189179814    0.050428961332928235
526.8233416239776    0.061485272310306406    0.03570457291250325    0.057092614134254316    0.05142748645235465
526.9233416239775    0.06406123826613434    0.03722989499502656    0.0567329625284063    0.05267469859652241
527.0233416239774    0.06773842572959592    0.039751242760787904    0.05774707261868972    0.055078913703024514
527.1233416239774    0.07433885259080776    0.04312139049149044    0.060819708307433086    0.05942665046324377
527.2233416239773    0.08481562214952103    0.04769642210542092    0.06656461073756782    0.06635888499750325
527.3233416239772    0.0963707150196282    0.05446701392670582    0.07417324713948928    0.07500365869527445
527.4233416239771    0.10268699138516993    0.060828570958645786    0.07895918029547486    0.08082491421309687
527.523341623977    0.10013300982422957    0.061335214252834884    0.07515987713362873    0.07887603373689772
527.6233416239769    0.09002622278725794    0.05565488290225948    0.06322864161210406    0.06963658243387383
527.7233416239768    0.07639576909883247    0.04767575700681248    0.04927463997767669    0.05778205536110721
527.8233416239767    0.062171658470650044    0.03925322557470104    0.03761492360119759    0.04634660254884957
527.9233416239766    0.049127373049663435    0.031191875894666255    0.0290530628453839    0.03645743726323786
528.0233416239765    0.0386640511572633    0.024628075240850093    0.022971884912164894    0.028754670436759427
528.1233416239764    0.030918653747718603    0.019816181589239736    0.018614802516587047    0.023116545951181795
528.2233416239764    0.025241718202999683    0.01632000628260301    0.015410064984033977    0.01899059648987889
528.3233416239763    0.021009783337999056    0.013711327097016217    0.012993419236011088    0.01590484322367545
528.4233416239762    0.017787488139288744    0.011706805836619724    0.011137892507482977    0.013544062161130481
528.5233416239761    0.015285376294331887    0.01012831509405236    0.009688802150324399    0.011700831179569549
528.623341623976    0.01330876090679211    0.00886051927724276    0.008536743204593161    0.010235341129542675
528.7233416239759    0.011722762311444342    0.0078251366665188    0.0076050286170784315    0.009050975865013858
528.8233416239758    0.010431667960651553    0.0069671058189697205    0.00683982868777729    0.00807953415579952
528.9233416239757    0.00936848571568173    0.006248517732922677    0.006204539852773805    0.007273847767126071
529.0233416239756    0.00848235008912434    0.005639653876278057    0.005670665243639484    0.006597556403013962
529.1233416239755    0.007737504004287265    0.005120214164059615    0.005219093572600254    0.006025603913649045
529.2233416239754    0.007104960764163954    0.004672666726451089    0.004833275095221635    0.005536967528612227
529.3233416239754    0.006564419696125787    0.0042852796120466455    0.00450242234820872    0.005117373885460384
529.4233416239753    0.006098970417731742    0.003947369199662134    0.004216702013903608    0.004754347210432494
529.5233416239752    0.005696104304916429    0.0036513681441925835    0.003969180525884694    0.004438884324997902
529.6233416239751    0.005345772428707967    0.003390850196741456    0.003754053754688516    0.004163558793379312
529.723341623975    0.005040481772641128    0.0031610607573397866    0.003567112597281124    0.00392288504242068
529.8233416239749    0.0047733296089592534    0.00295709479725732    0.0034039827393207277    0.003711469048512434
529.9233416239748    0.0045388010513219695    0.0027750907102072177    0.0032612267715660796    0.0035250395110317558
530.0233416239747    0.004334240503019806    0.002613747255934721    0.0031379021429956675    0.0033619633006500647
530.1233416239746    0.004155513459775849    0.002469699692316626    0.0030311543488838366    0.0032187891669921043
530.2233416239745    0.004000865679115387    0.002341922828279083    0.0029403675752598425    0.0030943853608847716
530.3233416239744    0.0038678010657262037    0.002228527584117233    0.002864116022797042    0.002986814890880159
530.4233416239744    0.0037540471403851167    0.002127848891375709    0.002801284848038081    0.0028943936265996358
530.5233416239743    0.0036587947437389254    0.002039776224752543    0.0027523858795073896    0.0028169856159996195
530.6233416239742    0.0035795280106258364    0.0019626194103452167    0.0027165726104355745    0.0027529066771355424
530.7233416239741    0.003514674692852812    0.0018959288584222763    0.0026945460686914773    0.002701716539988856
530.823341623974    0.003462804706805175    0.0018393721178808099    0.0026876117009126677    0.0026632628418662174
530.9233416239739    0.003420445465933295    0.0017898952449692234    0.0026951508681017193    0.0026351638596680787
531.0233416239738    0.00338796361235661    0.0017468163706776773    0.002719753751543293    0.00261817791152586
531.1233416239737    0.0033664072480530153    0.0017075184273651876    0.0027630034598986244    0.002612309711772276
531.2233416239736    0.0033615816884450716    0.0016719490655514133    0.0028290727038477277    0.0026208678192814043
531.3233416239735    0.0033792134856642023    0.0016398893042831307    0.0029196371403777998    0.002646246643441711
531.4233416239734    0.0034240830694030884    0.001612728376853907    0.0030294214509698305    0.0026887442990756088
531.5233416239734    0.003498387182513666    0.0015923523623131604    0.003134632561518295    0.0027417907021150406
531.6233416239733    0.003604957003400883    0.0015794711052022287    0.0031879542064152722    0.002790794105006128
531.7233416239732    0.003756084108560288    0.0015714783532433149    0.003146946532473808    0.0028248363314258037
531.8233416239731    0.0039767078661707995    0.0015641540233243666    0.0030225983548221253    0.002854486748105764
531.923341623973    0.004282833768545019    0.0015517292514817705    0.002866311646721314    0.0029002915555827015
532.0233416239729    0.004630373328809598    0.0015231705564730913    0.002706751597309265    0.002953431827530651
532.1233416239728    0.004723645635910726    0.0014316517739149984    0.0024891534574509747    0.002881483622425566
532.2233416239727    0.0033231251657711786    0.0010879937017835048    0.0019407584995529878    0.002117292455702557
532.3233416239726    0.0015809452747234543    0.0007163462272678693    0.0013635906877158183    0.0012202940632357138
532.4233416239725    0.0009712703574531727    0.0005280906223119929    0.000993849695016866    0.0008310702249273439
532.5233416239724    0.0006468092410862741    0.00036104099723672156    0.0006237478121161552    0.0005438660168130504
532.6233416239724    0.0004656704051073377    0.0002574529283458414    0.00039723329654896343    0.0003734522100007141
532.7233416239723    0.0003766106501444977    0.00021349307545714556    0.00030722583744198506    0.0002991098543478761
532.8233416239722    0.00032278021330205527    0.00018883126474866235    0.0002601121781613939    0.0002572412187373705
532.9233416239721    0.00028572287214400147    0.00017207585571407964    0.000229850967480241    0.00022921656511277404
533.023341623972    0.00025821688841159724    0.0001594786979116021    0.00020813941840876424    0.00020861166824398783
533.1233416239719    0.00023674436010688634    0.0001494102358778323    0.0001914671675519999    0.00019254058784557286
533.2233416239718    0.0002193569253966312    0.00014102941564582031    0.00017806424605328882    0.00017948352903191347
533.3233416239717    0.0002048801275526054    0.00013385069164022415    0.0001669290501775782    0.0001685532897901359
533.4233416239716    0.00019256105706406365    0.00012757066101102898    0.00015744676572467643    0.00015919282793325635
533.5233416239715    0.0001818935036756725    0.0001219881300994845    0.00014921639836937728    0.00015103267738151142
533.6233416239714    0.00017252380684510852    0.00011696331936188859    0.0001419637602860583    0.0001438169621643518
533.7233416239714    0.00016419689430940588    0.00011239538284665859    0.00013549410764737116    0.00013736212826781188
533.8233416239713    0.00015672377456294384    0.00010820925114493518    0.00012966471595188012    0.00013153258055325305
533.9233416239712    0.00014996113387836016    0.0001043475464694379    0.00012436818712669887    0.00012622562249149896
534.0233416239711    0.0001437980803122896    0.0001007654097260375    0.00011952186097516295    0.00012136178367116334
534.123341623971    0.00013814727203644595    9.742707569454284e-05    0.00011506086140720053    0.00011687840304606309
534.2233416239709    0.00013293882482992198    9.430353806034803e-05    0.00011093339192804536    0.00011272525160610511
534.3233416239708    0.00012811603199332035    9.137091624565975e-05    0.00010709746987766245    0.0001088614727055475
534.4233416239707    0.0001236322962960955    8.860928708552071e-05    0.00010351860758354083    0.00010525339698838566
534.5233416239706    0.00011944889052308148    8.60018321565921e-05    0.00010016813271962639    0.00010187295179976665
534.6233416239705    0.00011553329603244981    8.353420418917226e-05    9.70219496592949e-05    9.8696483293639e-05
534.7233416239704    0.00011185795168152185    8.119404858762623e-05    9.405961132138974e-05    9.570387053017929e-05
534.8233416239704    0.00010839929893310295    7.897063673750524e-05    9.126361346566161e-05    9.287784971208994e-05
534.9233416239703    0.00010513704397393767    7.685458116683348e-05    8.861885099381236e-05    9.020349204486117e-05
535.0233416239702    0.0001020535809405239    7.483761157272355e-05    8.611219395003322e-05    8.766779548776023e-05
535.1233416239701    9.913353624517561e-05    7.291239667658372e-05    8.373215317000227e-05    8.525936203058721e-05
535.22334162397    9.636340518686235e-05    7.107240106152542e-05    8.146861391335884e-05    8.296814005391554e-05
535.3233416239699    9.373125930660481e-05    6.931176898839106e-05    7.931262161613308e-05    8.078521663704299e-05
535.4233416239698    9.122650885953982e-05    6.76252292654203e-05    7.72562080422058e-05    7.870264872238865e-05
535.5233416239697    8.883970841857571e-05    6.600801669799983e-05    7.5292249054689e-05    7.671332472375485e-05
535.6233416239696    8.656239660392791e-05    6.445580671988927e-05    7.341434735680121e-05    7.48108502268728e-05
535.7233416239695    8.438696302883754e-05    6.29646606077026e-05    7.161673511513807e-05    7.298945291722608e-05
535.8233416239694    8.230653711333244e-05    6.153097923732885e-05    6.98941925641009e-05    7.12439029715874e-05
535.9233416239693    8.031489459052918e-05    6.015146381678564e-05    6.824197952170708e-05    6.956944597634064e-05
536.0233416239693    7.84063784427085e-05    5.882308233064778e-05    6.665577743017492e-05    6.796174606784372e-05
536.1233416239692    7.657583166459868e-05    5.754304071872449e-05    6.513164003661015e-05    6.641683747331111e-05
536.2233416239691    7.48185397943751e-05    5.630875797539533e-05    6.366595118828425e-05    6.493108298601824e-05
536.323341623969    7.313018154611295e-05    5.511784454644099e-05    6.225538854877447e-05    6.350113821377613e-05
536.4233416239689    7.150678621588363e-05    5.39680834895304e-05    6.0896892254033795e-05    6.212392065314927e-05
536.5233416239688    6.994469675205401e-05    5.285741396996667e-05    5.958763771089449e-05    6.0796582810971716e-05
536.6233416239687    6.844053762822544e-05    5.17839167590458e-05    5.832501189278362e-05    5.9516488760018295e-05
536.7233416239686    6.699118675702011e-05    5.0745801423664644e-05    5.710659260130016e-05    5.828119359399497e-05
536.8233416239685    6.559375086946764e-05    4.9741394982322156e-05    5.593013025854847e-05    5.708842537011275e-05
536.9233416239684    6.42455438341695e-05    4.87691318146983e-05    5.479353185086812e-05    5.593606916657865e-05
537.0233416239683    6.294406752050087e-05    4.782754467062798e-05    5.369484673331185e-05    5.482215297481356e-05
537.1233416239683    6.168699483045303e-05    4.6915256616959996e-05    5.2632254035870526e-05    5.374483516109452e-05
537.2233416239682    6.0472154633159304e-05    4.6030973818607334e-05    5.1604051448355155e-05    5.27023933000406e-05
537.3233416239681    6.0255149531203315e-05    4.5813969284075e-05    5.1379401737764356e-05    5.248284018434756e-05
537.423341623968    6.004501954254179e-05    4.560383971773377e-05    5.116217719947853e-05    5.22703454865847e-05
