5.022233416239999997e+02 1.426448563599999868e-05 1.545257127760000084e-05 1.485156419680000098e-05 1.485620703680000130e-05
5.023233416239999087e+02 1.232097701760221017e-05 1.339320280240234207e-05 1.285310164160227192e-05 1.285576048720227585e-05
5.024233416239998178e+02 1.120238479040190758e-05 1.221182101840201573e-05 1.170488217760195962e-05 1.170636266213529544e-05
5.025233416239997268e+02 1.373794271758482633e-05 1.472119326850371812e-05 1.438024488884204834e-05 1.427979362497686426e-05
5.026233416239996359e+02 1.304168387268540715e-05 1.401794318604434877e-05 1.366659979821258669e-05 1.357540895231411533e-05
5.027233416239995449e+02 1.267184827681138785e-05 1.365084294275692129e-05 1.329091907822347784e-05 1.320453676593059509e-05
5.028233416239994540e+02 1.247655733167945470e-05 1.346402716494673638e-05 1.309648427578392785e-05 1.301235625747004077e-05
5.029233416239993630e+02 1.236194891539665182e-05 1.336144479704113644e-05 1.298632772092042437e-05 1.290324047778606918e-05
5.030233416239992721e+02 1.230452529058113971e-05 1.331831188302559230e-05 1.293540046833253440e-05 1.285274588064642270e-05
5.031233416239991811e+02 1.228551255146167684e-05 1.331618086911946853e-05 1.292478783964584562e-05 1.284216042007566423e-05
5.032233416239990902e+02 1.230439527979547046e-05 1.335380589243985715e-05 1.295338004237617301e-05 1.287052707153716575e-05
5.033233416239989992e+02 1.232946324327763372e-05 1.339915489796208516e-05 1.298917610312204507e-05 1.290593141478725634e-05
5.034233416239989083e+02 1.236538428593762299e-05 1.345665796433244331e-05 1.303664432061180818e-05 1.295289552362729149e-05
5.035233416239988173e+02 1.241193482217781256e-05 1.352610485127358052e-05 1.309553295939678331e-05 1.301119087761605880e-05
5.036233416239987264e+02 1.246843394969766815e-05 1.360670579805628085e-05 1.316506050765402416e-05 1.308006675180265659e-05
5.037233416239986354e+02 1.253475720067660611e-05 1.369818318703715900e-05 1.324496504206037001e-05 1.315930180992471227e-05
5.038233416239985445e+02 1.260800650119115501e-05 1.379721383187345074e-05 1.333221356399634896e-05 1.324581129902032106e-05
5.039233416239984535e+02 1.268602651090401708e-05 1.390289748400161793e-05 1.342531564736338108e-05 1.333807988075634039e-05
5.040233416239983626e+02 1.277123200666200375e-05 1.401708671363380637e-05 1.352628477166098503e-05 1.343820116398559782e-05
5.041233416239982716e+02 1.285885672977311395e-05 1.413518809741913151e-05 1.363047373427546612e-05 1.354150618715590273e-05
5.042233416239981807e+02 1.294961695321855022e-05 1.425768323268926378e-05 1.373845500456191709e-05 1.364858506348991093e-05
5.043233416239980897e+02 1.304390183632264761e-05 1.438508344439527915e-05 1.385067524332203800e-05 1.375988684134665435e-05
5.044233416239979988e+02 1.313059829796542886e-05 1.450638490787613205e-05 1.395604397116708342e-05 1.386434239233621703e-05
5.045233416239979078e+02 1.323307081118860849e-05 1.464446220378885400e-05 1.407775413118952857e-05 1.398509571538899645e-05
5.046233416239978169e+02 1.333927168086648601e-05 1.478931026630278271e-05 1.420485878967091579e-05 1.411114691228006150e-05
5.047233416239977259e+02 1.343699666140239985e-05 1.492671028627872974e-05 1.432389281588542818e-05 1.422919992118885372e-05
5.048233416239976350e+02 1.354705991423220003e-05 1.507749613853865729e-05 1.445579536416472701e-05 1.436011713897852811e-05
5.049233416239975440e+02 1.365116552893493480e-05 1.522504426708536111e-05 1.458320531633041040e-05 1.448647170411689984e-05
5.050233416239974531e+02 1.377192790467208742e-05 1.539156770623775506e-05 1.472847577177630060e-05 1.463065712756204826e-05
5.051233416239973621e+02 1.389451289731558944e-05 1.556216869735146542e-05 1.487672527033259573e-05 1.477780228833321687e-05
5.052233416239972712e+02 1.399509482217391716e-05 1.571332592143838389e-05 1.500429875847589573e-05 1.490423983402939949e-05
5.053233416239971802e+02 1.412180536871567257e-05 1.589342379843693124e-05 1.515943004743884895e-05 1.505821973819714979e-05
5.054233416239970893e+02 1.425552846809818686e-05 1.608327194557577404e-05 1.532295451379123226e-05 1.522058497582173275e-05
5.055233416239969984e+02 1.438097767609429420e-05 1.626792832798509305e-05 1.547979410156905293e-05 1.537623336854948401e-05
5.056233416239969074e+02 1.450620504660916578e-05 1.645583868303695000e-05 1.563811967616321398e-05 1.553338780193644608e-05
5.057233416239968165e+02 1.463333413699056807e-05 1.664945514133251656e-05 1.580032751101528778e-05 1.569437226311279419e-05
5.058233416239967255e+02 1.476831495319135835e-05 1.685595454745881025e-05 1.597300037775445584e-05 1.586575662613487199e-05
5.059233416239966346e+02 1.491828774881040045e-05 1.708071722897819687e-05 1.616226980597861685e-05 1.605375826125573580e-05
5.060233416239965436e+02 1.505719618449865946e-05 1.729804357035980318e-05 1.634228975267840425e-05 1.623250983584562286e-05
5.061233416239964527e+02 1.518721725228521500e-05 1.751248570482234729e-05 1.651646101098019328e-05 1.640538798936258180e-05
5.062233416239963617e+02 1.533128499379667531e-05 1.774711363044240148e-05 1.670781728722249191e-05 1.659540530382052403e-05
5.063233416239962708e+02 1.548041515895654687e-05 1.799333502310637278e-05 1.690750381107799973e-05 1.679375133104697539e-05
5.064233416239961798e+02 1.563708658285355382e-05 1.825410272209712650e-05 1.711830859084637914e-05 1.700316596526568310e-05
5.065233416239960889e+02 1.579621177421517453e-05 1.852529348265187335e-05 1.733557187308936920e-05 1.721902570998547010e-05
5.066233416239959979e+02 1.594416806047482330e-05 1.879451272464822013e-05 1.754628952539164183e-05 1.742832343683822842e-05
5.067233416239959070e+02 1.609491292785926732e-05 1.907764717800137889e-05 1.776550454994524375e-05 1.764602155193529891e-05
5.068233416239958160e+02 1.626503735299983101e-05 1.938976939710624091e-05 1.800882184549413255e-05 1.788787619853340262e-05
5.069233416239957251e+02 1.644154261697811431e-05 1.972028631017502199e-05 1.826462869293138717e-05 1.814215254002817223e-05
5.070233416239956341e+02 1.661073151408697739e-05 2.006003487794733985e-05 1.852149825533914242e-05 1.839742154912448542e-05
5.071233416239955432e+02 1.679507315283917116e-05 2.043055799926805067e-05 1.880130606310530182e-05 1.867564573840417455e-05
5.072233416239954522e+02 1.697237623132016594e-05 2.081297258998511120e-05 1.908368429035845704e-05 1.895634437055458032e-05
5.073233416239953613e+02 1.714299351718968721e-05 2.121028867939200107e-05 1.937016865587014251e-05 1.924115028415061026e-05
5.074233416239952703e+02 1.734532201691814645e-05 2.166550730610919309e-05 1.970159936142911291e-05 1.957080956148547963e-05
5.075233416239951794e+02 1.755438456544615664e-05 2.215869418777105187e-05 2.005554922102031377e-05 1.992287599141250856e-05
5.076233416239950884e+02 1.774199595974984775e-05 2.266439849195361927e-05 2.040512884265352478e-05 2.027050776478566280e-05
5.077233416239949975e+02 1.793869351091322375e-05 2.322030425329180573e-05 2.078442958597360811e-05 2.064780911672620914e-05
5.078233416239949065e+02 1.816791101573462573e-05 2.385996528614581154e-05 2.122209974043668865e-05 2.108332534743904423e-05
5.079233416239948156e+02 1.839514824339036450e-05 2.455956827588622737e-05 2.168909629192030446e-05 2.154793760373229991e-05
5.080233416239947246e+02 1.861880641002151263e-05 2.532813070489321001e-05 2.218904992714210590e-05 2.204532901401894059e-05
5.081233416239946337e+02 1.885146883110415367e-05 2.619901706254530336e-05 2.274494338903122192e-05 2.259847642756022406e-05
5.082233416239945427e+02 1.911363104437376664e-05 2.721520486570986198e-05 2.338887916513029096e-05 2.323923835840463760e-05
5.083233416239944518e+02 1.939071111328865833e-05 2.839167100814203500e-05 2.412100717132478783e-05 2.396779643091849146e-05
5.084233416239943608e+02 1.967022046479330888e-05 2.975953332889940249e-05 2.495107543821165565e-05 2.479360974396812347e-05
5.085233416239942699e+02 1.997461969182609822e-05 3.140234187223590575e-05 2.593221528642815848e-05 2.576972561683005302e-05
5.086233416239941789e+02 2.030704304018070684e-05 3.340582819626501605e-05 2.710939396251555499e-05 2.694075506632042483e-05
5.087233416239940880e+02 2.067401017584400219e-05 3.590362627244378770e-05 2.855334088769940489e-05 2.837699244532906719e-05
5.088233416239939970e+02 2.109391683164942813e-05 3.910839710544203410e-05 3.038095976203252405e-05 3.019442456637466097e-05
5.089233416239939061e+02 2.158264977475945755e-05 4.333241339149465827e-05 3.275797147075055555e-05 3.255767821233488481e-05
5.090233416239938151e+02 2.217280778096273550e-05 4.911592137347711381e-05 3.597392918384700086e-05 3.575421944609562350e-05
5.091233416239937242e+02 2.290735428478395358e-05 5.738135033767446415e-05 4.051691562213053380e-05 4.026854008152965051e-05
5.092233416239936332e+02 2.390342538126952014e-05 6.990353239750747994e-05 4.734280092599935910e-05 4.704991956825878188e-05
5.093233416239935423e+02 2.539748718557609245e-05 9.037526038264139352e-05 5.843772077149994218e-05 5.807015611323914836e-05
5.094233416239934513e+02 2.789248251823417971e-05 1.274542762159794134e-04 7.843260470254281055e-05 7.792645447891881252e-05
5.095233416239933604e+02 3.282937447371283532e-05 2.057097360483728778e-04 1.204746254936841496e-04 1.196712453385899520e-04
5.096233416239932694e+02 4.571572960444769110e-05 4.180608819163600821e-04 2.343151685921617379e-04 2.326972600376565534e-04
5.097233416239931785e+02 9.438484794233746231e-05 1.234159815080583186e-03 6.714091594122634276e-04 6.666512741450614536e-04
5.098233416239930875e+02 1.604034558237585285e-04 2.342502863663716278e-03 1.265003064571658788e-03 1.255969794686378344e-03
5.099233416239929966e+02 8.693526857895918290e-05 1.093821728908277733e-03 5.967957366390765680e-04 5.925175780421045035e-04
5.100233416239929056e+02 4.552454973057903752e-05 3.852566779331712422e-04 2.179620782481755557e-04 2.162477686373086457e-04
5.101233416239928147e+02 3.516084000929556991e-05 1.985129969824535703e-04 1.193736843223306104e-04 1.176825071046932412e-04
5.102233416239927237e+02 3.199943117742323664e-05 1.288432128497753887e-04 8.454543056137322782e-05 8.179602486285728437e-05
5.103233416239926328e+02 3.180648302687370723e-05 9.723302205669034557e-05 6.731406964089862467e-05 6.545119157482088797e-05
5.104233416239925418e+02 3.516455610718818923e-05 8.396798017616674418e-05 5.726778696296960867e-05 5.880010774877484736e-05
5.105233416239924509e+02 4.140254079092053630e-05 8.166976523237373079e-05 5.454376152174650956e-05 5.920535584834691652e-05
5.106233416239923599e+02 4.649182678239542811e-05 8.602965662621459562e-05 6.276755504129682246e-05 6.509634614996896002e-05
5.107233416239922690e+02 6.776052154048973846e-05 1.256480897258785965e-04 1.038081172326824032e-04 9.907224283301692175e-05
5.108233416239921780e+02 8.191562664941773135e-05 1.483807874857808341e-04 1.135088593564287753e-04 1.146017578305424559e-04
5.109233416239920871e+02 5.145110833265479668e-05 8.620923593559181089e-05 6.440377944701254837e-05 6.735470790508637628e-05
5.110233416239919961e+02 4.295714123148031605e-05 6.383168087228520784e-05 4.889724923568687426e-05 5.189535711315080842e-05
5.111233416239919052e+02 4.848778633505841250e-05 5.946826732737234305e-05 4.505578787063508760e-05 5.100394717768861664e-05
5.112233416239918142e+02 7.946418857908756365e-05 6.345418824724176181e-05 4.482479783806248545e-05 6.258105822146393471e-05
5.113233416239917233e+02 1.357487541376055959e-04 7.387205706024732859e-05 4.669036381411247798e-05 8.543705833732180533e-05
5.114233416239916323e+02 8.785918899449880282e-05 7.307606166706498505e-05 4.968003395440051496e-05 7.020509487198810998e-05
5.115233416239915414e+02 5.375146108056665204e-05 7.944611229880503220e-05 5.561814929919820286e-05 6.293857422618996688e-05
5.116233416239914504e+02 4.870536655838163877e-05 1.009503351254392137e-04 6.730042961556046202e-05 7.231871043312710257e-05
5.117233416239913595e+02 5.485170094874669170e-05 1.549088760416981287e-04 9.254154555801015188e-05 1.007673741828183083e-04
5.118233416239912685e+02 8.167225147868523378e-05 3.329873669811294875e-04 1.622177239622613510e-04 1.922924474740253303e-04
5.119233416239911776e+02 1.540413969056558547e-04 7.221369412076026999e-04 4.027719369956577226e-04 4.263167583696387771e-04
5.120233416239910866e+02 2.040183832071383412e-04 8.998457481958938324e-04 7.327615120867161979e-04 6.122085478299161328e-04
5.121233416239909957e+02 2.534421115803758969e-04 7.500642906456915894e-04 4.705190214316692368e-04 4.913418078859122049e-04
5.122233416239909047e+02 1.510482444923315262e-04 3.837268432946474694e-04 2.101099711043689195e-04 2.482950196304493321e-04
5.123233416239908138e+02 7.501509770286536930e-05 1.871051810816764464e-04 1.141051475836358023e-04 1.254084754560592105e-04
5.124233416239907228e+02 5.388613939535719430e-05 1.482448829573840591e-04 8.893502377602767049e-05 9.702201537625633281e-05
5.125233416239906319e+02 4.565040934935015067e-05 2.033837063279051957e-04 1.001947779692893684e-04 1.164096312155149049e-04
5.126233416239905409e+02 4.242800219467125105e-05 3.777055350534567709e-04 1.510745818919047886e-04 1.904027063800109052e-04
5.127233416239904500e+02 4.007054220728583868e-05 2.550402840082736564e-04 1.105389334826162426e-04 1.352165865660585973e-04
5.128233416239903590e+02 3.938637370611930508e-05 1.176763879842757457e-04 6.748087701027355087e-05 7.484787956688952032e-05
5.129233416239902681e+02 4.070461796529568368e-05 8.237793740949653069e-05 5.745933643974483111e-05 6.018063060484567505e-05
5.130233416239901771e+02 4.503161633286943493e-05 7.377291178050687434e-05 5.984824631449526264e-05 5.955092480929051945e-05
5.131233416239900862e+02 5.842118797241796057e-05 7.750481789777977212e-05 7.532844269591368075e-05 7.041814952203714233e-05
5.132233416239899952e+02 6.261659017197855972e-05 7.484711126614889266e-05 8.560796708243765846e-05 7.435722284018835221e-05
5.133233416239899043e+02 4.688214925176666272e-05 6.091990553385639919e-05 6.305281775885705493e-05 5.695162418149336098e-05
5.134233416239898133e+02 4.116495627628707975e-05 5.426419169843377976e-05 5.203121407947684644e-05 4.915345401806590876e-05
5.135233416239897224e+02 3.970006629499706231e-05 5.189684768441009844e-05 4.866994364860393663e-05 4.675561920933703246e-05
5.136233416239896314e+02 3.933261988447965936e-05 5.082252322134716438e-05 4.666033707597066864e-05 4.560516006059916864e-05
5.137233416239895405e+02 3.939858561537955126e-05 5.035760463700811058e-05 4.587114268714829243e-05 4.520911097984531583e-05
5.138233416239894495e+02 3.978351259049665487e-05 5.034895077634602014e-05 4.587467433446316186e-05 4.533571256710194788e-05
5.139233416239893586e+02 4.026827684716664601e-05 5.054733303111402733e-05 4.615025579918804848e-05 4.565528855915623383e-05
5.140233416239892676e+02 4.069854226848928315e-05 5.077897396313986889e-05 4.646035400425865879e-05 4.597929007862927028e-05
5.141233416239891767e+02 4.119327014743123653e-05 5.114500374967524519e-05 4.689059148727344655e-05 4.640962179479330942e-05
5.142233416239890857e+02 4.175211377696148786e-05 5.163681687802100772e-05 4.742864844103802084e-05 4.693919303200684107e-05
5.143233416239889948e+02 4.234781175120133173e-05 5.221088004941871135e-05 4.803262042829323079e-05 4.753043740963775344e-05
5.144233416239889038e+02 4.301177514174999339e-05 5.289840257481511859e-05 4.872941245051716079e-05 4.821319672236076663e-05
5.145233416239888129e+02 4.382398479186919008e-05 5.377384994125630692e-05 4.960051511915242444e-05 4.906611661742596930e-05
5.146233416239887219e+02 4.453435971329734744e-05 5.457748754802775029e-05 5.038468931951596130e-05 4.983217886028035301e-05
5.147233416239886310e+02 4.517844312964443558e-05 5.534533558074459538e-05 5.111660330539418448e-05 5.054679400526106278e-05
5.148233416239885401e+02 4.606747258214069523e-05 5.638616172368481679e-05 5.211246382851284799e-05 5.152203271144611323e-05
5.149233416239884491e+02 4.687189183955228056e-05 5.737655426019844815e-05 5.304157968691956934e-05 5.243000859555676602e-05
5.150233416239883582e+02 4.761096603944916600e-05 5.832309052907270645e-05 5.391666988110264546e-05 5.328357548320817715e-05
5.151233416239882672e+02 4.850247788536721455e-05 5.944523288135077733e-05 5.495696751196825394e-05 5.430155942622874409e-05
5.152233416239881763e+02 4.941924637102435307e-05 6.062013499430770307e-05 5.603816589376897861e-05 5.535918241970034717e-05
5.153233416239880853e+02 5.025504687775287895e-05 6.174553537106097279e-05 5.705499517655523046e-05 5.635185914178969632e-05
5.154233416239879944e+02 5.114736620553724525e-05 6.294959179198585477e-05 5.813687884718415498e-05 5.741127894823575619e-05
5.155233416239879034e+02 5.230665353952516748e-05 6.444205838209905886e-05 5.950025595029503244e-05 5.874965595730642637e-05
5.156233416239878125e+02 5.327880666565957656e-05 6.577864842492438333e-05 6.069775285823080635e-05 5.991840264960491982e-05
5.157233416239877215e+02 5.430317747781801692e-05 6.719091515114359865e-05 6.196170155984968191e-05 6.115193139627042346e-05
5.158233416239876306e+02 5.547932026833434286e-05 6.878266763667751661e-05 6.338804854043279206e-05 6.255001214848155051e-05
5.159233416239875396e+02 5.648574170247646720e-05 7.024532079099015530e-05 6.466368367107697276e-05 6.379824872151452272e-05
5.160233416239874487e+02 5.772097753326825602e-05 7.194914670923860096e-05 6.618267313981233426e-05 6.528426579410639031e-05
5.161233416239873577e+02 5.891584695240966851e-05 7.365700288366604665e-05 6.768212568846559659e-05 6.675165850818043725e-05
5.162233416239872668e+02 6.009033863049953873e-05 7.538497038160311026e-05 6.919124032982168558e-05 6.822218311397478723e-05
5.163233416239871758e+02 6.153177977269573171e-05 7.741389973382462031e-05 7.098379904268086555e-05 6.997649284973374371e-05
5.164233416239870849e+02 6.290705477713672391e-05 7.940401043130255099e-05 7.272332725518090922e-05 7.167813082120671900e-05
5.165233416239869939e+02 6.425014397290310130e-05 8.141934415491790310e-05 7.446187007824196205e-05 7.337711940202098430e-05
5.166233416239869030e+02 6.560361784443952517e-05 8.347287680331860618e-05 7.623129480457847688e-05 7.510259648411221178e-05
5.167233416239868120e+02 6.716984263594068510e-05 8.580761512979657351e-05 7.824394673603459610e-05 7.707380150059060017e-05
5.168233416239867211e+02 6.869839807780681409e-05 8.814125069497370010e-05 8.024570398512497057e-05 7.902845091930181922e-05
5.169233416239866301e+02 7.033727925464451527e-05 9.067064743820631612e-05 8.240779381896028470e-05 8.113857350393704321e-05
5.170233416239865392e+02 7.214493685752839649e-05 9.340592609033412995e-05 8.475313971702984946e-05 8.343466755496412078e-05
5.171233416239864482e+02 7.378664631051755720e-05 9.602568149619361408e-05 8.696872191457466711e-05 8.559368324042863538e-05
5.172233416239863573e+02 7.561464297867454660e-05 9.890771808139361607e-05 8.941993393341273475e-05 8.798076499782694774e-05
5.173233416239862663e+02 7.759062309099865875e-05 1.020905287964978615e-04 9.209554773961225733e-05 9.059223320903624565e-05
5.174233416239861754e+02 7.952893391759984529e-05 1.052659344452233506e-04 9.475016349415250102e-05 9.318167728565858823e-05
5.175233416239860844e+02 8.157207161458126035e-05 1.086255962968193738e-04 9.756836853350298858e-05 9.592201214830121210e-05
5.176233416239859935e+02 8.374933574361232878e-05 1.122424848677834835e-04 1.005817656679805201e-04 9.885786209312544866e-05
5.177233416239859025e+02 8.619201617132235559e-05 1.162616395033794816e-04 1.039392811519560412e-04 1.021309789422192792e-04
5.178233416239858116e+02 8.861693512390722972e-05 1.203721097561164324e-04 1.073489720977586695e-04 1.054460056592607727e-04
5.179233416239857206e+02 9.104436306809895942e-05 1.246648229393764991e-04 1.108675578585969574e-04 1.088589146220241477e-04
5.180233416239856297e+02 9.361877444963745973e-05 1.292251608312000935e-04 1.145937598739535466e-04 1.124792317182637090e-04
5.181233416239855387e+02 9.633226993053904674e-05 1.340880826917751202e-04 1.185529331882512682e-04 1.163244286035218207e-04
5.182233416239854478e+02 9.902591887721813786e-05 1.391343059795130887e-04 1.226085648152178055e-04 1.202562632239829971e-04
5.183233416239853568e+02 1.021820010937941144e-04 1.452129365075372142e-04 1.274215380413095159e-04 1.249388252142135877e-04
5.184233416239852659e+02 1.057909287793919255e-04 1.530094139343703261e-04 1.333264455652160066e-04 1.307089294263260996e-04
5.185233416239851749e+02 1.091672622476471484e-04 1.593589034163141302e-04 1.384211536073233484e-04 1.356491064237615694e-04
5.186233416239850840e+02 1.122663025102263944e-04 1.644908391219892521e-04 1.427944833753320183e-04 1.398505416691825549e-04
5.187233416239849930e+02 1.160422761753315574e-04 1.719043874217779941e-04 1.486691405015016371e-04 1.455386013662037024e-04
5.188233416239849021e+02 1.202612753642708066e-04 1.803752597296185702e-04 1.553211422772689178e-04 1.519858924570527468e-04
5.189233416239848111e+02 1.244269773897129644e-04 1.890536094777455964e-04 1.620625074222153917e-04 1.585143647632246508e-04
5.190233416239847202e+02 1.290748688495470687e-04 1.991880676686702187e-04 1.698111359782992764e-04 1.660246908321721428e-04
5.191233416239846292e+02 1.337434197907439652e-04 2.097410824016320095e-04 1.778211082229688527e-04 1.737685368051149063e-04
5.192233416239845383e+02 1.393482858768789673e-04 2.224146762138933268e-04 1.875155259399005950e-04 1.830928293435576568e-04
5.193233416239844473e+02 1.450261163693249058e-04 2.359369857162325814e-04 1.976234213756545449e-04 1.928621744870707044e-04
5.194233416239843564e+02 1.518770519839438655e-04 2.527554137809471840e-04 2.101063144033646682e-04 2.049129267227518879e-04
5.195233416239842654e+02 1.597559966984315831e-04 2.731277852675484852e-04 2.249172647968796152e-04 2.192670155876198855e-04
5.196233416239841745e+02 1.756715454010127021e-04 3.150420152797173481e-04 2.552478635362595387e-04 2.486538080723298540e-04
5.197233416239840835e+02 1.826907098145829527e-04 3.336181634571000042e-04 2.688787504278888386e-04 2.617292078998572562e-04
5.198233416239839926e+02 1.833458660286165637e-04 3.385300010944954519e-04 2.720933668115519430e-04 2.646564113115546348e-04
5.199233416239839016e+02 1.914275318732282759e-04 3.641745485175374754e-04 2.898123326585358862e-04 2.818048043497672125e-04
5.200233416239838107e+02 2.018810036709834668e-04 3.984867046919840527e-04 3.132257425912682454e-04 3.045311503180786515e-04
5.201233416239837197e+02 2.144681799984888182e-04 4.440942347437962538e-04 3.429967658099945544e-04 3.338530601840931727e-04
5.202233416239836288e+02 2.316966595778184547e-04 5.192156051805716255e-04 3.867285157503552663e-04 3.792135935029150974e-04
5.203233416239835378e+02 2.485576710405414374e-04 5.785922895769156750e-04 4.283115852028133584e-04 4.184871819400901569e-04
5.204233416239834469e+02 2.671097023233591039e-04 6.329134657574843684e-04 4.770381043693713765e-04 4.590204241500716524e-04
5.205233416239833559e+02 2.924663375112428730e-04 7.310854299460000510e-04 5.459821189562065165e-04 5.231779621378164621e-04
5.206233416239832650e+02 3.219164878455187009e-04 8.646617959268892506e-04 6.269853956897574777e-04 6.045212264873884222e-04
5.207233416239831740e+02 3.638719453624636446e-04 1.055844567715474467e-03 7.429184230837015002e-04 7.208783120538799069e-04
5.208233416239830831e+02 4.322662123857336182e-04 1.348634240529980296e-03 9.244249059129086782e-04 9.017751196095408640e-04
5.209233416239829921e+02 5.575055352794833045e-04 1.830109382752612059e-03 1.219972287712213803e-03 1.202529068581436244e-03
5.210233416239829012e+02 8.671808508367818361e-04 2.722715055327347422e-03 1.761177328177182750e-03 1.783691078113770669e-03
5.211233416239828102e+02 1.758978377009750042e-03 4.749384493377918973e-03 2.978511739675575656e-03 3.162291536687748296e-03
5.212233416239827193e+02 2.449566214443142740e-03 1.133886294476471948e-02 6.938175937625199255e-03 6.908868365611021793e-03
5.213233416239826283e+02 3.307497095649065445e-03 2.363482740814439390e-02 1.429827013973723748e-02 1.374686488117690154e-02
5.214233416239825374e+02 4.746102995394320227e-03 3.875839412964188213e-02 2.330449390489196249e-02 2.226966367664272306e-02
5.215233416239824464e+02 2.467649733637204516e-03 2.569296120324781815e-02 1.539164767628419667e-02 1.451741953772307629e-02
5.216233416239823555e+02 1.473271628505364028e-03 2.245689873133075581e-02 1.297269604453864592e-02 1.230095546812492308e-02
5.217233416239822645e+02 1.453751025452560070e-03 1.344190797283898418e-02 9.568682171189698063e-03 8.154780389827080700e-03
5.218233416239821736e+02 1.276171482597540261e-03 1.463736408524668811e-02 1.156763211297852714e-02 9.160389226940920601e-03
5.219233416239820826e+02 7.475689913306829025e-04 5.049610960044658738e-03 3.673079752117175065e-03 3.156753234497504737e-03
5.220233416239819917e+02 8.698404911354639833e-04 3.338889524201361404e-03 2.544632072159323452e-03 2.251120695832049649e-03
5.221233416239819007e+02 1.074252813268475500e-03 2.831585637377561932e-03 2.242400231425382626e-03 2.049412894023806830e-03
5.222233416239818098e+02 1.295777867726369834e-03 2.498585694426543394e-03 2.227303227898201534e-03 2.007222263350371804e-03
5.223233416239817188e+02 1.633279641154295305e-03 2.395233764289808175e-03 2.470651263965873822e-03 2.166388223136659318e-03
5.224233416239816279e+02 2.106819090851311076e-03 2.593540518911393970e-03 2.996787838581863993e-03 2.565715816114856346e-03
5.225233416239815369e+02 2.784708572664742771e-03 2.841581282764093965e-03 3.755498432378566020e-03 3.127262762602467296e-03
5.226233416239814460e+02 3.843807975754342642e-03 3.269578004558124692e-03 5.014290975214525693e-03 4.042558985175664053e-03
5.227233416239813550e+02 5.578818339509320975e-03 3.983743542229698301e-03 7.185926706298575647e-03 5.582829529345865842e-03
5.228233416239812641e+02 8.567700323286225189e-03 5.176398449651985374e-03 1.103949009704391533e-02 8.261196289994042832e-03
5.229233416239811731e+02 1.391442145837283595e-02 7.182049512193510940e-03 1.761035501862878369e-02 1.290227532973171019e-02
5.230233416239810822e+02 2.317300514401939016e-02 1.045182232893780011e-02 2.630475705435381464e-02 1.997652817577033960e-02
5.231233416239809912e+02 3.535036836991823500e-02 1.550776099806476342e-02 3.185446352570672074e-02 2.757086429789657248e-02
5.232233416239809003e+02 4.080279536554540926e-02 2.415211478319266927e-02 3.036956332502610198e-02 3.177482449125472452e-02
5.233233416239808093e+02 3.308985020958883638e-02 3.792972846431894030e-02 2.522753402536541401e-02 3.208237089975772560e-02
5.234233416239807184e+02 2.428904294419852866e-02 4.286634625545535787e-02 2.114598252829038780e-02 2.943379057598142362e-02
5.235233416239806274e+02 1.892424892995403507e-02 3.679957466995281701e-02 1.885486583099050747e-02 2.485956314363245434e-02
5.236233416239805365e+02 1.528798640051154401e-02 3.117187790900931288e-02 1.826951213952170139e-02 2.157645881634752405e-02
5.237233416239804455e+02 1.277685540501452208e-02 2.915533061605661905e-02 1.914965772908410607e-02 2.036061458338508587e-02
5.238233416239803546e+02 1.142920450923284523e-02 2.852977461616670526e-02 2.025471035433087930e-02 2.007122982657680646e-02
5.239233416239802636e+02 1.135893072950311042e-02 2.822390055884633348e-02 2.047971665534248017e-02 2.002084931456397238e-02
5.240233416239801727e+02 1.211297573379926246e-02 2.793766403412129701e-02 2.011984587872129790e-02 2.005682854888062028e-02
5.241233416239800817e+02 1.317918452871222855e-02 2.814061562019519111e-02 1.992357896070017995e-02 2.041445970320253031e-02
5.242233416239799908e+02 1.455413952033511246e-02 2.807888678555776202e-02 1.949934865938246151e-02 2.071079165509178213e-02
5.243233416239798999e+02 1.564397591765267354e-02 2.733325559525384696e-02 1.938535423513820452e-02 2.078752858268157269e-02
5.244233416239798089e+02 1.620160255171579702e-02 2.861419120335794916e-02 2.031829431141640371e-02 2.171136268883004650e-02
5.245233416239797180e+02 1.656098300737630924e-02 3.344576924883342628e-02 2.196547422960432039e-02 2.399074216193801748e-02
5.246233416239796270e+02 1.632604562932546410e-02 3.863422836404854094e-02 2.308879863698800119e-02 2.601635754345400092e-02
5.247233416239795361e+02 1.539184730711793715e-02 4.034145209976422453e-02 2.291939691580731006e-02 2.621756544089648769e-02
5.248233416239794451e+02 1.429347099482411107e-02 3.889934942482917851e-02 2.226743555891882650e-02 2.515341865952403985e-02
5.249233416239793542e+02 1.340336042589173465e-02 3.653877241851998664e-02 2.212590242661441331e-02 2.402267842367538167e-02
5.250233416239792632e+02 1.283337319910587276e-02 3.452556435541660751e-02 2.260938041652771346e-02 2.332277265701673125e-02
5.251233416239791723e+02 1.265840601063056292e-02 3.290532358457183559e-02 2.335393907281299239e-02 2.297255622267179581e-02
5.252233416239790813e+02 1.306742167391211802e-02 3.119550167479988659e-02 2.404399049324753082e-02 2.276897128065318021e-02
5.253233416239789904e+02 1.421508015391442260e-02 2.964291184586864691e-02 2.479022990336946647e-02 2.288274063438417577e-02
5.254233416239788994e+02 1.617462312547166686e-02 2.835631468655452903e-02 2.561381328860375811e-02 2.338158370020998814e-02
5.255233416239788085e+02 1.881275292803968185e-02 2.738604022322252418e-02 2.638748629463413820e-02 2.419542648196544576e-02
5.256233416239787175e+02 2.161031982974435245e-02 2.676328102063563891e-02 2.703688255640190191e-02 2.513682780226063340e-02
5.257233416239786266e+02 2.386096958035515900e-02 2.664700397707042701e-02 2.786442957831606476e-02 2.612413437858054910e-02
5.258233416239785356e+02 2.543265514722972687e-02 2.724500550456283518e-02 2.938549011091565882e-02 2.735438358756940233e-02
5.259233416239784447e+02 2.676081031407424177e-02 2.839480864987065784e-02 3.189210936752615022e-02 2.901590944382367865e-02
5.260233416239783537e+02 2.819863819590846116e-02 2.958660094452578854e-02 3.529716648487563058e-02 3.102746854176995778e-02
5.261233416239782628e+02 2.992237438378425943e-02 3.049582677479033971e-02 3.921741705054700849e-02 3.321187273637386805e-02
5.262233416239781718e+02 3.235612202884895205e-02 3.122106246318886655e-02 4.318920692221941970e-02 3.558879713808574957e-02
5.263233416239780809e+02 3.628508410752222940e-02 3.196272571130412410e-02 4.704827037654925326e-02 3.843202673179187123e-02
5.264233416239779899e+02 4.204101043438124991e-02 3.278002512078121572e-02 5.082705751737682381e-02 4.188269769084643213e-02
5.265233416239778990e+02 4.882667342788070408e-02 3.360322896970541207e-02 5.427151891513593007e-02 4.556714043757401772e-02
5.266233416239778080e+02 5.484433591813563103e-02 3.432380409027000617e-02 5.672663927636685532e-02 4.863159309492416649e-02
5.267233416239777171e+02 5.881931282297332697e-02 3.491638928401323561e-02 5.755118189179814214e-02 5.042896133292823491e-02
5.268233416239776261e+02 6.148527231030640611e-02 3.570457291250325044e-02 5.709261413425431586e-02 5.142748645235464822e-02
5.269233416239775352e+02 6.406123826613434324e-02 3.722989499502656063e-02 5.673296252840630272e-02 5.267469859652240682e-02
5.270233416239774442e+02 6.773842572959591635e-02 3.975124276078790403e-02 5.774707261868972097e-02 5.507891370302451378e-02
5.271233416239773533e+02 7.433885259080776076e-02 4.312139049149044112e-02 6.081970830743308604e-02 5.942665046324376726e-02
5.272233416239772623e+02 8.481562214952102774e-02 4.769642210542091726e-02 6.656461073756782254e-02 6.635888499750325353e-02
5.273233416239771714e+02 9.637071501962819753e-02 5.446701392670581787e-02 7.417324713948927895e-02 7.500365869527444995e-02
5.274233416239770804e+02 1.026869913851699290e-01 6.082857095864578623e-02 7.895918029547485673e-02 8.082491421309687119e-02
5.275233416239769895e+02 1.001330098242295685e-01 6.133521425283488399e-02 7.515987713362873301e-02 7.887603373689772157e-02
5.276233416239768985e+02 9.002622278725794236e-02 5.565488290225947821e-02 6.322864161210406397e-02 6.963658243387382818e-02
5.277233416239768076e+02 7.639576909883247224e-02 4.767575700681248030e-02 4.927463997767669163e-02 5.778205536110721241e-02
5.278233416239767166e+02 6.217165847065004441e-02 3.925322557470103946e-02 3.761492360119759321e-02 4.634660254884957059e-02
5.279233416239766257e+02 4.912737304966343505e-02 3.119187589466625513e-02 2.905306284538389933e-02 3.645743726323785738e-02
5.280233416239765347e+02 3.866405115726329750e-02 2.462807524085009261e-02 2.297188491216489367e-02 2.875467043675942677e-02
5.281233416239764438e+02 3.091865374771860311e-02 1.981618158923973555e-02 1.861480251658704718e-02 2.311654595118179528e-02
5.282233416239763528e+02 2.524171820299968283e-02 1.632000628260300845e-02 1.541006498403397693e-02 1.899059648987888940e-02
5.283233416239762619e+02 2.100978333799905645e-02 1.371132709701621682e-02 1.299341923601108825e-02 1.590484322367545153e-02
5.284233416239761709e+02 1.778748813928874434e-02 1.170680583661972383e-02 1.113789250748297745e-02 1.354406216113048129e-02
5.285233416239760800e+02 1.528537629433188681e-02 1.012831509405236023e-02 9.688802150324398593e-03 1.170083117956954855e-02
5.286233416239759890e+02 1.330876090679210949e-02 8.860519277242760727e-03 8.536743204593161272e-03 1.023534112954267543e-02
5.287233416239758981e+02 1.172276231144434196e-02 7.825136666518800119e-03 7.605028617078431544e-03 9.050975865013858451e-03
5.288233416239758071e+02 1.043166796065155347e-02 6.967105818969720511e-03 6.839828687777290035e-03 8.079534155799520181e-03
5.289233416239757162e+02 9.368485715681730205e-03 6.248517732922676850e-03 6.204539852773804931e-03 7.273847767126070951e-03
5.290233416239756252e+02 8.482350089124339465e-03 5.639653876278056741e-03 5.670665243639483669e-03 6.597556403013961693e-03
5.291233416239755343e+02 7.737504004287265071e-03 5.120214164059615387e-03 5.219093572600253840e-03 6.025603913649045344e-03
5.292233416239754433e+02 7.104960764163953911e-03 4.672666726451089186e-03 4.833275095221634989e-03 5.536967528612227185e-03
5.293233416239753524e+02 6.564419696125787379e-03 4.285279612046645481e-03 4.502422348208720386e-03 5.117373885460384415e-03
5.294233416239752614e+02 6.098970417731741991e-03 3.947369199662134100e-03 4.216702013903608423e-03 4.754347210432494260e-03
5.295233416239751705e+02 5.696104304916429356e-03 3.651368144192583542e-03 3.969180525884694402e-03 4.438884324997902434e-03
5.296233416239750795e+02 5.345772428707967067e-03 3.390850196741455966e-03 3.754053754688515925e-03 4.163558793379312263e-03
5.297233416239749886e+02 5.040481772641127595e-03 3.161060757339786628e-03 3.567112597281124186e-03 3.922885042420679903e-03
5.298233416239748976e+02 4.773329608959253449e-03 2.957094797257320013e-03 3.403982739320727743e-03 3.711469048512433880e-03
5.299233416239748067e+02 4.538801051321969537e-03 2.775090710207217710e-03 3.261226771566079572e-03 3.525039511031755751e-03
5.300233416239747157e+02 4.334240503019805985e-03 2.613747255934720931e-03 3.137902142995667529e-03 3.361963300650064670e-03
5.301233416239746248e+02 4.155513459775848906e-03 2.469699692316626016e-03 3.031154348883836631e-03 3.218789166992104284e-03
5.302233416239745338e+02 4.000865679115387340e-03 2.341922828279083095e-03 2.940367575259842520e-03 3.094385360884771563e-03
5.303233416239744429e+02 3.867801065726203698e-03 2.228527584117232993e-03 2.864116022797041916e-03 2.986814890880159102e-03
5.304233416239743519e+02 3.754047140385116665e-03 2.127848891375708814e-03 2.801284848038080970e-03 2.894393626599635772e-03
5.305233416239742610e+02 3.658794743738925416e-03 2.039776224752543055e-03 2.752385879507389648e-03 2.816985615999619517e-03
5.306233416239741700e+02 3.579528010625836372e-03 1.962619410345216656e-03 2.716572610435574481e-03 2.752906677135542358e-03
5.307233416239740791e+02 3.514674692852812199e-03 1.895928858422276254e-03 2.694546068691477340e-03 2.701716539988855987e-03
5.308233416239739881e+02 3.462804706805175034e-03 1.839372117880809857e-03 2.687611700912667656e-03 2.663262841866217371e-03
5.309233416239738972e+02 3.420445465933294807e-03 1.789895244969223406e-03 2.695150868101719305e-03 2.635163859668078739e-03
5.310233416239738062e+02 3.387963612356610209e-03 1.746816370677677348e-03 2.719753751543292977e-03 2.618177911525860178e-03
5.311233416239737153e+02 3.366407248053015274e-03 1.707518427365187609e-03 2.763003459898624378e-03 2.612309711772275826e-03
5.312233416239736243e+02 3.361581688445071554e-03 1.671949065551413304e-03 2.829072703847727681e-03 2.620867819281404252e-03
5.313233416239735334e+02 3.379213485664202266e-03 1.639889304283130653e-03 2.919637140377799762e-03 2.646246643441711038e-03
5.314233416239734424e+02 3.424083069403088386e-03 1.612728376853906926e-03 3.029421450969830513e-03 2.688744299075608753e-03
5.315233416239733515e+02 3.498387182513666011e-03 1.592352362313160380e-03 3.134632561518295012e-03 2.741790702115040612e-03
5.316233416239732605e+02 3.604957003400883087e-03 1.579471105202228699e-03 3.187954206415272249e-03 2.790794105006128012e-03
5.317233416239731696e+02 3.756084108560288175e-03 1.571478353243314875e-03 3.146946532473807959e-03 2.824836331425803742e-03
5.318233416239730786e+02 3.976707866170799480e-03 1.564154023324366635e-03 3.022598354822125279e-03 2.854486748105763798e-03
5.319233416239729877e+02 4.282833768545019071e-03 1.551729251481770476e-03 2.866311646721313947e-03 2.900291555582701526e-03
5.320233416239728967e+02 4.630373328809597733e-03 1.523170556473091254e-03 2.706751597309264845e-03 2.953431827530651060e-03
5.321233416239728058e+02 4.723645635910726261e-03 1.431651773914998423e-03 2.489153457450974695e-03 2.881483622425566170e-03
5.322233416239727148e+02 3.323125165771178592e-03 1.087993701783504779e-03 1.940758499552987845e-03 2.117292455702557072e-03
5.323233416239726239e+02 1.580945274723454322e-03 7.163462272678693208e-04 1.363590687715818348e-03 1.220294063235713780e-03
5.324233416239725329e+02 9.712703574531727363e-04 5.280906223119928924e-04 9.938496950168660988e-04 8.310702249273439453e-04
5.325233416239724420e+02 6.468092410862741337e-04 3.610409972367215579e-04 6.237478121161551571e-04 5.438660168130503552e-04
5.326233416239723510e+02 4.656704051073377090e-04 2.574529283458414173e-04 3.972332965489634281e-04 3.734522100007141125e-04
5.327233416239722601e+02 3.766106501444976872e-04 2.134930754571455610e-04 3.072258374419850613e-04 2.991098543478761212e-04
5.328233416239721691e+02 3.227802133020552682e-04 1.888312647486623463e-04 2.601121781613939012e-04 2.572412187373705143e-04
5.329233416239720782e+02 2.857228721440014676e-04 1.720758557140796409e-04 2.298509674802409980e-04 2.292165651127740355e-04
5.330233416239719872e+02 2.582168884115972410e-04 1.594786979116021063e-04 2.081394184087642402e-04 2.086116682439878264e-04
5.331233416239718963e+02 2.367443601068863355e-04 1.494102358778322888e-04 1.914671675519999047e-04 1.925405878455728611e-04
5.332233416239718053e+02 2.193569253966312096e-04 1.410294156458203143e-04 1.780642460532888224e-04 1.794835290319134668e-04
5.333233416239717144e+02 2.048801275526053900e-04 1.338506916402241521e-04 1.669290501775781981e-04 1.685532897901358953e-04
5.334233416239716234e+02 1.925610570640636540e-04 1.275706610110289804e-04 1.574467657246764250e-04 1.591928279332563531e-04
5.335233416239715325e+02 1.818935036756724874e-04 1.219881300994845013e-04 1.492163983693772832e-04 1.510326773815114240e-04
5.336233416239714415e+02 1.725238068451085218e-04 1.169633193618885899e-04 1.419637602860583084e-04 1.438169621643518067e-04
5.337233416239713506e+02 1.641968943094058791e-04 1.123953828466585879e-04 1.354941076473711609e-04 1.373621282678118760e-04
5.338233416239712597e+02 1.567237745629438371e-04 1.082092511449351776e-04 1.296647159518801219e-04 1.315325805532530546e-04
5.339233416239711687e+02 1.499611338783601627e-04 1.043475464694379066e-04 1.243681871266988739e-04 1.262256224914989585e-04
5.340233416239710778e+02 1.437980803122896093e-04 1.007654097260374964e-04 1.195218609751629458e-04 1.213617836711633415e-04
5.341233416239709868e+02 1.381472720364459452e-04 9.742707569454283831e-05 1.150608614072005334e-04 1.168784030460630921e-04
5.342233416239708959e+02 1.329388248299219813e-04 9.430353806034803452e-05 1.109333919280453598e-04 1.127252516061051071e-04
5.343233416239708049e+02 1.281160319933203511e-04 9.137091624565974802e-05 1.070974698776624491e-04 1.088614727055475025e-04
5.344233416239707140e+02 1.236322962960954993e-04 8.860928708552071194e-05 1.035186075835408325e-04 1.052533969883856632e-04
5.345233416239706230e+02 1.194488905230814765e-04 8.600183215659209363e-05 1.001681327196263932e-04 1.018729517997666499e-04
5.346233416239705321e+02 1.155332960324498081e-04 8.353420418917226068e-05 9.702194965929490558e-05 9.869648329363900048e-05
5.347233416239704411e+02 1.118579516815218467e-04 8.119404858762622741e-05 9.405961132138973817e-05 9.570387053017928884e-05
5.348233416239703502e+02 1.083992989331029519e-04 7.897063673750523535e-05 9.126361346566160796e-05 9.287784971208994079e-05
5.349233416239702592e+02 1.051370439739376705e-04 7.685458116683348197e-05 8.861885099381236214e-05 9.020349204486117155e-05
5.350233416239701683e+02 1.020535809405238972e-04 7.483761157272354986e-05 8.611219395003321699e-05 8.766779548776023039e-05
5.351233416239700773e+02 9.913353624517561166e-05 7.291239667658372034e-05 8.373215317000226620e-05 8.525936203058720843e-05
5.352233416239699864e+02 9.636340518686234609e-05 7.107240106152542072e-05 8.146861391335884250e-05 8.296814005391553643e-05
5.353233416239698954e+02 9.373125930660480810e-05 6.931176898839105894e-05 7.931262161613308144e-05 8.078521663704298734e-05
5.354233416239698045e+02 9.122650885953981562e-05 6.762522926542030523e-05 7.725620804220579771e-05 7.870264872238865307e-05
5.355233416239697135e+02 8.883970841857570782e-05 6.600801669799983055e-05 7.529224905468900539e-05 7.671332472375485244e-05
5.356233416239696226e+02 8.656239660392791050e-05 6.445580671988927356e-05 7.341434735680121241e-05 7.481085022687280334e-05
5.357233416239695316e+02 8.438696302883754406e-05 6.296466060770260318e-05 7.161673511513807350e-05 7.298945291722607810e-05
5.358233416239694407e+02 8.230653711333244253e-05 6.153097923732885380e-05 6.989419256410090071e-05 7.124390297158740353e-05
5.359233416239693497e+02 8.031489459052918128e-05 6.015146381678563832e-05 6.824197952170708490e-05 6.956944597634063935e-05
5.360233416239692588e+02 7.840637844270849377e-05 5.882308233064778135e-05 6.665577743017491504e-05 6.796174606784371650e-05
5.361233416239691678e+02 7.657583166459868383e-05 5.754304071872448845e-05 6.513164003661014740e-05 6.641683747331111334e-05
5.362233416239690769e+02 7.481853979437510648e-05 5.630875797539532980e-05 6.366595118828424597e-05 6.493108298601823645e-05
5.363233416239689859e+02 7.313018154611295406e-05 5.511784454644098804e-05 6.225538854877447339e-05 6.350113821377613172e-05
5.364233416239688950e+02 7.150678621588363239e-05 5.396808348953040246e-05 6.089689225403379464e-05 6.212392065314927198e-05
5.365233416239688040e+02 6.994469675205400826e-05 5.285741396996666955e-05 5.958763771089449132e-05 6.079658281097171627e-05
5.366233416239687131e+02 6.844053762822544234e-05 5.178391675904580178e-05 5.832501189278362081e-05 5.951648876001829508e-05
5.367233416239686221e+02 6.699118675702010945e-05 5.074580142366464405e-05 5.710659260130016251e-05 5.828119359399496749e-05
5.368233416239685312e+02 6.559375086946764343e-05 4.974139498232215556e-05 5.593013025854846941e-05 5.708842537011274936e-05
5.369233416239684402e+02 6.424554383416950279e-05 4.876913181469830319e-05 5.479353185086811720e-05 5.593606916657864784e-05
5.370233416239683493e+02 6.294406752050086759e-05 4.782754467062797789e-05 5.369484673331184751e-05 5.482215297481355981e-05
5.371233416239682583e+02 6.168699483045303391e-05 4.691525661695999553e-05 5.263225403587052569e-05 5.374483516109452289e-05
5.372233416239681674e+02 6.047215463315930425e-05 4.603097381860733441e-05 5.160405144835515450e-05 5.270239330004059772e-05
5.373233416239680764e+02 6.025514953120331537e-05 4.581396928407499672e-05 5.137940173776435617e-05 5.248284018434756060e-05
5.374233416239679855e+02 6.004501954254179126e-05 4.560383971773377310e-05 5.116217719947852905e-05 5.227034548658470006e-05
