8.957031563734899464e+03 3.921033696749999890e-06 3.844808028050000271e-06 3.877019357549999795e-06 3.880953694116666652e-06
8.957131563732900759e+03 7.635722775146510164e-06 7.348390574190748144e-06 7.524815350754232366e-06 7.502976233363830789e-06
8.957231563730902053e+03 7.362935699636997849e-06 7.072462384518299005e-06 7.250873910134434206e-06 7.228757331429910354e-06
8.957331563728903348e+03 7.094351648255871863e-06 6.800628296161524838e-06 6.981094869155848854e-06 6.958691604524414620e-06
8.957431563726904642e+03 6.831257258576678552e-06 6.534175317930493839e-06 6.716766436431066516e-06 6.694066337646079635e-06
8.957531563724905936e+03 6.579102976966615397e-06 6.278519510382688583e-06 6.463326373843354573e-06 6.440316287064219800e-06
8.957631563722907231e+03 6.336483055453232365e-06 6.032245132801864337e-06 6.219365002830997773e-06 6.196031063695364260e-06
8.957731563720908525e+03 6.102113493044853059e-06 5.794058625939990874e-06 5.983593126752385940e-06 5.959921748579076624e-06
8.957831563718909820e+03 5.878794190135982498e-06 5.566706448482729253e-06 5.758794400505100826e-06 5.734765013041270577e-06
8.957931563716911114e+03 5.666947502580582273e-06 5.350600317990204650e-06 5.545386195511150809e-06 5.520978005360645346e-06
8.958031563714912409e+03 5.466933299206539562e-06 5.146086564577151861e-06 5.343722561856958659e-06 5.318914141880216694e-06
8.958131563712913703e+03 5.279078510813173826e-06 4.953511728498905231e-06 5.154136730588240200e-06 5.128908989966773368e-06
8.958231563710914998e+03 5.103166522998944930e-06 4.772603708177362934e-06 4.976393030510302444e-06 4.950721087228869820e-06
8.958331563708916292e+03 4.936809971786523204e-06 4.600954757034543453e-06 4.808096168948939736e-06 4.781953632590002978e-06
8.958431563706917586e+03 4.781125701067035677e-06 4.439685124625864876e-06 4.650363459631857025e-06 4.623724761774918911e-06
8.958531563704918881e+03 4.636571504353597897e-06 4.289229012027788766e-06 4.503643156952501063e-06 4.476481224444628677e-06
8.958631563702920175e+03 4.503314485231234561e-06 4.149729182258383622e-06 4.368094528705487178e-06 4.340379398731702634e-06
8.958731563700921470e+03 4.378183090394766619e-06 4.018000508803849563e-06 4.240538714802998173e-06 4.212240771333871452e-06
8.958831563698922764e+03 4.261552226405977930e-06 3.894419535758604999e-06 4.121349143782622766e-06 4.092440301982400204e-06
8.958931563696924059e+03 4.154558174733001243e-06 3.780073728979299276e-06 4.011645933453407760e-06 3.982092612388569850e-06
8.959031563694925353e+03 4.056391303043078544e-06 3.674152302064837296e-06 3.910615200338303648e-06 3.880386268482072598e-06
8.959131563692926647e+03 3.965132563855582915e-06 3.574680238838135231e-06 3.816318290328535553e-06 3.785377031007417900e-06
8.959231563690927942e+03 3.879633048739383224e-06 3.480526533165127771e-06 3.727608801222406874e-06 3.695922794375639148e-06
8.959331563688929236e+03 3.803774271578074001e-06 3.395497612093630338e-06 3.648339445030650432e-06 3.615870442900785347e-06
8.959431563686930531e+03 3.733802779058635603e-06 3.315847933232586567e-06 3.574757114966486751e-06 3.541469275752570064e-06
8.959531563684931825e+03 3.669533923354948839e-06 3.241346071363039736e-06 3.506655597733985810e-06 3.472511864150658411e-06
8.959631563682933120e+03 3.612446952543103536e-06 3.173396186800310937e-06 3.445485435237125267e-06 3.410442858193512964e-06
8.959731563680934414e+03 3.560802921774162038e-06 3.110287558199577555e-06 3.389510691502658402e-06 3.353533723825465575e-06
8.959831563678935709e+03 3.516627932050791934e-06 3.053924668493703117e-06 3.340706984506245731e-06 3.303753195016913735e-06
8.959931563676937003e+03 3.479059632892402111e-06 3.003388727357217713e-06 3.298186657253942825e-06 3.260211672501187409e-06
8.960031563674938297e+03 3.445999163283637613e-06 2.956601400099376223e-06 3.259849304215314743e-06 3.220816622532776616e-06
8.960131563672939592e+03 3.417610332139236866e-06 2.913612027965988186e-06 3.225804604003499800e-06 3.185675654702908425e-06
8.960231563670940886e+03 3.395045079565285060e-06 2.875469073553056800e-06 3.197157247328610762e-06 3.155890466815650451e-06
8.960331563668942181e+03 3.377278900254438484e-06 2.841077910107822545e-06 3.172843254238055142e-06 3.130400021533439006e-06
8.960431563666943475e+03 3.365367965782074568e-06 2.811405348441999804e-06 3.153867224742799719e-06 3.110213512988957748e-06
8.960531563664944770e+03 3.360319780084785463e-06 2.787339680330138212e-06 3.141171538922365070e-06 3.096276999779096248e-06
8.960631563662946064e+03 3.360662259409365372e-06 2.767284980658962728e-06 3.133213870975147149e-06 3.087053703681158417e-06
8.960731563660947359e+03 3.368428910670348503e-06 2.753123696208183691e-06 3.131940838290227099e-06 3.084497815056253239e-06
8.960831563658948653e+03 3.383329933324342809e-06 2.744406439034661113e-06 3.136965591231843088e-06 3.088233987863615811e-06
8.960931563656949947e+03 3.405019016799153520e-06 2.740591239523462708e-06 3.147825418290144194e-06 3.097811891537587090e-06
8.961031563654951242e+03 3.433319029915953596e-06 2.741293088673205094e-06 3.164211004172717454e-06 3.112941040920625805e-06
8.961131563652952536e+03 3.470496138186943799e-06 2.748507653444671276e-06 3.188221830012124024e-06 3.135741873881246366e-06
8.961231563650953831e+03 3.515313679513238652e-06 2.760707196748896923e-06 3.218430992821570448e-06 3.164817289694568392e-06
8.961331563648955125e+03 3.569845916857798963e-06 2.779628063954130394e-06 3.256691949574904558e-06 3.202055310128944780e-06
8.961431563646956420e+03 3.637529794900491508e-06 2.808311164666932692e-06 3.306180491785022787e-06 3.250673817117482470e-06
8.961531563644957714e+03 3.716543578530586747e-06 2.844465203571970137e-06 3.364764521190368859e-06 3.308591101097642338e-06
8.961631563642959009e+03 3.808303352964609920e-06 2.888987463659281046e-06 3.433511149036969948e-06 3.376933988553620587e-06
8.961731563640960303e+03 3.914873934009332701e-06 2.943311559532018377e-06 3.514075929737052688e-06 3.457420474426134306e-06
8.961831563638961597e+03 4.038843276364170856e-06 3.009295901185520532e-06 3.608588890905190010e-06 3.552242689484960466e-06
8.961931563636962892e+03 4.183112652912335342e-06 3.089038818680017934e-06 3.719481226156417344e-06 3.663877565916257156e-06
8.962031563634964186e+03 4.348476446325085591e-06 3.182418906183137828e-06 3.847069771226597103e-06 3.792655041244940315e-06
8.962131563632965481e+03 4.538016694019478580e-06 3.291524590458323813e-06 3.994044341554300922e-06 3.941195208677368054e-06
8.962231563630966775e+03 4.755131136591223791e-06 3.418707295233661106e-06 4.163612071906345258e-06 4.112483501243744091e-06
8.962331563628968070e+03 4.999601917521601646e-06 3.562797345895757258e-06 4.355795765548111279e-06 4.306065009655156869e-06
8.962431563626969364e+03 5.272931115209462198e-06 3.724582286775671478e-06 4.573095580459398432e-06 4.523536327481511267e-06
8.962531563624970659e+03 5.572579562201724279e-06 3.901297742904737797e-06 4.815200537196901928e-06 4.763025947434454386e-06
8.962631563622971953e+03 5.892359499846955284e-06 4.087515266006674133e-06 5.079994808667163251e-06 5.019956524840264787e-06
8.962731563620973247e+03 6.225509706207392839e-06 4.278763257937967469e-06 5.367239672628729645e-06 5.290504212258029984e-06
8.962831563618974542e+03 6.555563795075407560e-06 4.462876000790980806e-06 5.669672968202784233e-06 5.562704254689724200e-06
8.962931563616975836e+03 6.862435337447790219e-06 4.626142605368015405e-06 5.978503276850133979e-06 5.822360406555313201e-06
8.963031563614977131e+03 7.129503461636041114e-06 4.759968675766687780e-06 6.288702306931699957e-06 6.059391481444809899e-06
8.963131563612978425e+03 7.342525247141767271e-06 4.857709938849353328e-06 6.594549771412130177e-06 6.264928319134416360e-06
8.963231563610979720e+03 7.494257826882957821e-06 4.917090390497996906e-06 6.890687634391227343e-06 6.434011950590727639e-06
8.963331563608981014e+03 7.590464566542795655e-06 4.944296021927125102e-06 7.175543410610669123e-06 6.570101333026863293e-06
8.963431563606982309e+03 7.648167482062661260e-06 4.952207264982874884e-06 7.449397155486994120e-06 6.683257300844176472e-06
8.963531563604983603e+03 7.682162204745493619e-06 4.948694521913191805e-06 7.703115126020847189e-06 6.777990617559844205e-06
8.963631563602984897e+03 7.708226130675922843e-06 4.942129022411965601e-06 7.925222185321318833e-06 6.858525779469734065e-06
8.963731563600986192e+03 7.739882885042321858e-06 4.939944407391585622e-06 8.103490231245951509e-06 6.927772507893286330e-06
8.963831563598987486e+03 7.782657805206821068e-06 4.943429805811298728e-06 8.223917562405273199e-06 6.983335057807798512e-06
8.963931563596988781e+03 7.844412107419341233e-06 4.957120668042676434e-06 8.284662720800411339e-06 7.028731832087476900e-06
8.964031563594990075e+03 7.932881070910685823e-06 4.985480979880418423e-06 8.294654803366878791e-06 7.071005618052661295e-06
8.964131563592991370e+03 8.057899566555210488e-06 5.034308290251337992e-06 8.273658224243458605e-06 7.121955360350002927e-06
8.964231563590992664e+03 8.232662962682049643e-06 5.112045694718994054e-06 8.249337912034921725e-06 7.198015523145321243e-06
8.964331563588993959e+03 8.468854903870030659e-06 5.225181804372498012e-06 8.247939507117273090e-06 7.313992071786600869e-06
8.964431563586995253e+03 8.781299345807655818e-06 5.383265563825494912e-06 8.295808426165616239e-06 7.486791111932921758e-06
8.964531563584996547e+03 9.181986317179652036e-06 5.593051342306153034e-06 8.412232774112715725e-06 7.729090144532839700e-06
8.964631563582997842e+03 9.680740536752625191e-06 5.859288665444293160e-06 8.610214200444972672e-06 8.050081134213963674e-06
8.964731563580999136e+03 1.028875733007197628e-05 6.187975988236970614e-06 8.900875010403685279e-06 8.459202776237542928e-06
8.964831563579000431e+03 1.101856679940306169e-05 6.586321853469461569e-06 9.294490184616714188e-06 8.966459612496413046e-06
8.964931563577001725e+03 1.187771170233332621e-05 7.056697642990246150e-06 9.795357565929664791e-06 9.576588970417745998e-06
8.965031563575003020e+03 1.287066359547003769e-05 7.598960618783930347e-06 1.040480746704112089e-05 1.029147722709836269e-05
8.965131563573004314e+03 1.399814343781901287e-05 8.210489642091326994e-06 1.112178568977247461e-05 1.111013958989427036e-05
8.965231563571005609e+03 1.524656758878660012e-05 8.876970308643777397e-06 1.193375400926783301e-05 1.201909730223273797e-05
8.965331563569006903e+03 1.658619519297494259e-05 9.572194492182273387e-06 1.281668525712253753e-05 1.299169164742658563e-05
8.965431563567008197e+03 1.796794139832360638e-05 1.025643681484638549e-05 1.373332585015858473e-05 1.398590135444286169e-05
8.965531563565009492e+03 1.932010269150611110e-05 1.087438204518743865e-05 1.463089764659857288e-05 1.494179412776404088e-05
8.965631563563010786e+03 2.055800039598894166e-05 1.136498090424639998e-05 1.544989882949970113e-05 1.579096004324501539e-05
8.965731563561012081e+03 2.159138729547293813e-05 1.166821707950952352e-05 1.612873282172674812e-05 1.646277906556973885e-05
8.965831563559013375e+03 2.234281478741803039e-05 1.174252588647305933e-05 1.661725415422727296e-05 1.690086494270611920e-05
8.965931563557014670e+03 2.276308584952626795e-05 1.157784994463187836e-05 1.688615288702933792e-05 1.707569622706249475e-05
8.966031563555015964e+03 2.283166868227765568e-05 1.119471757646120771e-05 1.692348149162827963e-05 1.698328925012238213e-05
8.966131563553017259e+03 2.255702302698933668e-05 1.064069859228951037e-05 1.673353596823550226e-05 1.664375252917144694e-05
8.966231563551018553e+03 2.196389266636390925e-05 9.973781719163644628e-06 1.632739961220879999e-05 1.608835799924545129e-05
8.966331563549019847e+03 2.109043994591773571e-05 9.251050130533316904e-06 1.572380702547577214e-05 1.535509903397560825e-05
8.966431563547021142e+03 1.998903662436918804e-05 8.522986322449445536e-06 1.495413168734451875e-05 1.448871821138771744e-05
8.966531563545022436e+03 1.872029436655425457e-05 7.822785505918550611e-06 1.405765134646152242e-05 1.353357707297811146e-05
8.966631563543023731e+03 1.735262246204817590e-05 7.170416956973397647e-06 1.308243298346232265e-05 1.253515746749463150e-05
8.966731563541025025e+03 1.595838789855795193e-05 6.578920841513854574e-06 1.208227370466643349e-05 1.153986081491274808e-05
8.966831563539026320e+03 1.459751345379750777e-05 6.050557125975754364e-06 1.110178288816696790e-05 1.058328448931340888e-05
8.966931563537027614e+03 1.331398715504396611e-05 5.583191977232629320e-06 1.017423700244200562e-05 9.690472044906200350e-06
8.967031563535028909e+03 1.213562241854820662e-05 5.173528713847890960e-06 9.321328886879686046e-06 8.876826673091928440e-06
8.967131563533030203e+03 1.107552163565529932e-05 4.816725932113963651e-06 8.553512593524827308e-06 8.148586720431362862e-06
8.967231563531031497e+03 1.013433231034152474e-05 4.506528312907800116e-06 7.871753848223346538e-06 7.504204823824223516e-06
8.967331563529032792e+03 9.306822124209064443e-06 4.237974295296483925e-06 7.272835223321708656e-06 6.939210547609085957e-06
8.967431563527034086e+03 8.584548928103588914e-06 4.006582503800146763e-06 6.750996942945704192e-06 6.447376124949814137e-06
8.967531563525035381e+03 7.953163107161176435e-06 3.804402712658674039e-06 6.295076942539242016e-06 6.017547587453030830e-06
8.967631563523036675e+03 7.402423186732331653e-06 3.628124756184272924e-06 5.897952321543956358e-06 5.642833421486853786e-06
8.967731563521037970e+03 6.924765415507280170e-06 3.476979986577340144e-06 5.554929790398889650e-06 5.318891730827836090e-06
8.967831563519039264e+03 6.508125393169813690e-06 3.345307022064116827e-06 5.256555454533953663e-06 5.036662623255961534e-06
8.967931563517040559e+03 6.145645542985938203e-06 3.231880850269800447e-06 4.998247158666083867e-06 4.791924517307273608e-06
8.968031563515041853e+03 5.828689473806787047e-06 3.132985889713502718e-06 4.773319116998552735e-06 4.578331493506280551e-06
8.968131563513043147e+03 5.551366350480854701e-06 3.046990835869230829e-06 4.577566895534893571e-06 4.391974693961659418e-06
8.968231563511044442e+03 5.310438384229060068e-06 2.974316173402010898e-06 4.409213703338827909e-06 4.231322753656632958e-06
8.968331563509045736e+03 5.099703003577110281e-06 2.911939700784805709e-06 4.263327955826354531e-06 4.091656886729423083e-06
8.968431563507047031e+03 4.915066996430067308e-06 2.858356327616898857e-06 4.136825586628067514e-06 3.970082970225011932e-06
8.968531563505048325e+03 4.755858113079010024e-06 2.815130785886767817e-06 4.029946175368968875e-06 3.866978358111582239e-06
8.968631563503049620e+03 4.617768082146416541e-06 2.779875168670996608e-06 3.939156920402859796e-06 3.778933390406757648e-06
8.968731563501050914e+03 4.495660362351071440e-06 2.749070528865507896e-06 3.859996914269079415e-06 3.701575935161886532e-06
8.968831563499052208e+03 4.391786606590442041e-06 2.726385038460109988e-06 3.795280555881161370e-06 3.637817400310571133e-06
8.968931563497053503e+03 4.304472338538314281e-06 2.711235997661858848e-06 3.743810188571691922e-06 3.586506174923955017e-06
8.969031563495054797e+03 4.229628382411927326e-06 2.700578459426314992e-06 3.701944533020528426e-06 3.544050458286256632e-06
8.969131563493056092e+03 4.168653505813762980e-06 2.696663626820524131e-06 3.671438869647023884e-06 3.512252000760437139e-06
8.969231563491057386e+03 4.118013755466982210e-06 2.696751611292525024e-06 3.649151894430653915e-06 3.487972420396720383e-06
8.969331563489058681e+03 4.078856090358226950e-06 2.702542171908517526e-06 3.636469059719773796e-06 3.472622440662172758e-06
8.969431563487059975e+03 4.049790572356737944e-06 2.713245719706818562e-06 3.632325486999961204e-06 3.465120593021172994e-06
8.969531563485061270e+03 4.029889799001571353e-06 2.728350365872181193e-06 3.635985524731899152e-06 3.464741896535216809e-06
8.969631563483062564e+03 4.020084459693924448e-06 2.749145412364623600e-06 3.648598888197007460e-06 3.472609586751852118e-06
8.969731563481063858e+03 4.019303248352499248e-06 2.774971982725705552e-06 3.669336237771836130e-06 3.487870489616680733e-06
8.969831563479065153e+03 4.027129187258069815e-06 2.805725897365356131e-06 3.697995407598307613e-06 3.510283497407244802e-06
8.969931563477066447e+03 4.042625340648609623e-06 2.840608498632839148e-06 3.733763853913878880e-06 3.538999231065109075e-06
8.970031563475067742e+03 4.066830809756670650e-06 2.880966399478802958e-06 3.777951935681202004e-06 3.575249714972225063e-06
8.970131563473069036e+03 4.100679483892051670e-06 2.927793419977839082e-06 3.831602237494950409e-06 3.620025047121613579e-06
8.970231563471070331e+03 4.143785479529635708e-06 2.980908335838812464e-06 3.894561568367967502e-06 3.673085127912137993e-06
8.970331563469071625e+03 4.194807970602209887e-06 3.039000689850075383e-06 3.965643182817207999e-06 3.733150614423164423e-06
8.970431563467072920e+03 4.256124367803529107e-06 3.104614635128268883e-06 4.047490116662134058e-06 3.802743039864644439e-06
8.970531563465074214e+03 4.326318243211301458e-06 3.176289961765641855e-06 4.138853110267241263e-06 3.880487105081395282e-06
8.970631563463075508e+03 4.406726451676075451e-06 3.255354563535254756e-06 4.241304863690643467e-06 3.967795292967324982e-06
8.970731563461076803e+03 4.498546105235697146e-06 3.343064448964659156e-06 4.356369413578664349e-06 4.065993322593006742e-06
8.970831563459078097e+03 4.603585971910732678e-06 3.441099318085204139e-06 4.486082062437976665e-06 4.176922450811304776e-06
8.970931563457079392e+03 4.720861704920621452e-06 3.548432989557492000e-06 4.629846426268568500e-06 4.299713706915560510e-06
8.971031563455080686e+03 4.852356682958105757e-06 3.666972105708496611e-06 4.789998231533386731e-06 4.436442340066662610e-06
8.971131563453081981e+03 4.999963938021721986e-06 3.798272629603806422e-06 4.968858392214920875e-06 4.589031653280149337e-06
8.971231563451083275e+03 5.163934543957699774e-06 3.942536770079069812e-06 5.167229389771190506e-06 4.757900234602653364e-06
8.971331563449084570e+03 5.348398226558877876e-06 4.103577863031135912e-06 5.389814086741210691e-06 4.947263392110408442e-06
8.971431563447085864e+03 5.553799801011104285e-06 4.281599730256752082e-06 5.637755282108686012e-06 5.157718271125512997e-06
8.971531563445087158e+03 5.782428401675922876e-06 4.478473180237996030e-06 5.914203466255857875e-06 5.391701682723258927e-06
8.971631563443088453e+03 6.039936346606171398e-06 4.699361065915501969e-06 6.225730140166405573e-06 5.655009184229358235e-06
8.971731563441089747e+03 6.329090227393796960e-06 4.946495387534114715e-06 6.576219506124712957e-06 5.950601707017540979e-06
8.971831563439091042e+03 6.654877883340286105e-06 5.224152348298099943e-06 6.972008353654380843e-06 6.283679528430922862e-06
8.971931563437092336e+03 7.021818385735037760e-06 5.536166254392720280e-06 7.419164646490244798e-06 6.659049762206000099e-06
8.972031563435093631e+03 7.435710779759583621e-06 5.887299774389484990e-06 7.925128776880827796e-06 7.082713110343298520e-06
8.972131563433094925e+03 7.905058372302169796e-06 6.284999784726903374e-06 8.500375615051711489e-06 7.563477924026929349e-06
8.972231563431096220e+03 8.437706945504410460e-06 6.735860851314713963e-06 9.154829354981282977e-06 8.109465717266801902e-06
8.972331563429097514e+03 9.042015496104556356e-06 7.246653187046412452e-06 9.898684821656263848e-06 8.729117834935745348e-06
8.972431563427098808e+03 9.729031311300142013e-06 7.826810219589830630e-06 1.074458198136563720e-05 9.433474504085203282e-06
8.972531563425100103e+03 1.050717774978146289e-05 8.482428055370447431e-06 1.170157069340085517e-05 1.023039216618425516e-05
8.972631563423101397e+03 1.138814188543142318e-05 9.223179885607013284e-06 1.277991540439704140e-05 1.113041239181182595e-05
8.972731563421102692e+03 1.237924906806760054e-05 1.005388717188314762e-05 1.398244074665458913e-05 1.213852566220178023e-05
8.972831563419103986e+03 1.347973423225341062e-05 1.097126701109899207e-05 1.529863263326094422e-05 1.324987795887111564e-05
8.972931563417105281e+03 1.468157071043034442e-05 1.196503259921897325e-05 1.670300333767636315e-05 1.444986888244189361e-05
8.973031563415106575e+03 1.596189144719833150e-05 1.301110694274828819e-05 1.814669253378722581e-05 1.570656364124461404e-05
8.973131563413107870e+03 1.727890101619889619e-05 1.406876752544174687e-05 1.955420848923303877e-05 1.696729234362456061e-05
8.973231563411109164e+03 1.857248238578544137e-05 1.508312842601590309e-05 2.082842926727177804e-05 1.816134669302437078e-05
8.973331563409110458e+03 1.975432703527315779e-05 1.597752454995652374e-05 2.185050951774796223e-05 1.919412036765921233e-05
8.973431563407111753e+03 2.072329792166230676e-05 1.666438564770445293e-05 2.253210156287480310e-05 1.997326171074718647e-05
8.973531563405113047e+03 2.142588442219922273e-05 1.713200585684340648e-05 2.283108532854189946e-05 2.046299186919484515e-05
8.973631563403114342e+03 2.178166764730466020e-05 1.732084652064750800e-05 2.271649162209078880e-05 2.060633526334765459e-05
8.973731563401115636e+03 2.180110793118393195e-05 1.723631936049277875e-05 2.226475672767485835e-05 2.043406133978385296e-05
8.973831563399116931e+03 2.145123574285000685e-05 1.689774245627905826e-05 2.150512632888397708e-05 1.995136817600435191e-05
8.973931563397118225e+03 2.079024041735729627e-05 1.634073598841638000e-05 2.053266102704774144e-05 1.922121247760714150e-05
8.974031563395119520e+03 1.991473855416355188e-05 1.564090434593260151e-05 1.945323048111840787e-05 1.833629112707152155e-05
8.974131563393120814e+03 1.893119546866671337e-05 1.487675765924153510e-05 1.836024395646235186e-05 1.738939902812353401e-05
8.974231563391122108e+03 1.793190649165820065e-05 1.411398764825484508e-05 1.732242279056027357e-05 1.645610564349110643e-05
8.974331563389123403e+03 1.698485896209756105e-05 1.340007112384223387e-05 1.638408548050221793e-05 1.558967185548066925e-05
8.974431563387124697e+03 1.613683726563216715e-05 1.276950444361351402e-05 1.557345992502304888e-05 1.482660054475624448e-05
8.974531563385125992e+03 1.541413873859765889e-05 1.224037576165306007e-05 1.490293932123555551e-05 1.418581794049542369e-05
8.974631563383127286e+03 1.483792237333661810e-05 1.182969518360855124e-05 1.438587401257583835e-05 1.368449718984033703e-05
8.974731563381128581e+03 1.435225846670978704e-05 1.148836544741453338e-05 1.395595141817244027e-05 1.326552511076558577e-05
8.974831563379129875e+03 1.399875319186449945e-05 1.125799372512225866e-05 1.366676834686030205e-05 1.297450508794901949e-05
8.974931563377131170e+03 1.378628292475984269e-05 1.114119607257078955e-05 1.351525803534503922e-05 1.281424567755855772e-05
8.975031563375132464e+03 1.368731995119577924e-05 1.111721960324044058e-05 1.347580374301217052e-05 1.276011443248279847e-05
8.975131563373133758e+03 1.370263021772775432e-05 1.118960594923138131e-05 1.355279150340841330e-05 1.281500922345584964e-05
8.975231563371135053e+03 1.383803422519337197e-05 1.136079697379048636e-05 1.374774324185557882e-05 1.298219148027981182e-05
8.975331563369136347e+03 1.404583012194591277e-05 1.160590944490144812e-05 1.404204772212681320e-05 1.323126242965805972e-05
8.975431563367137642e+03 1.435087808739256158e-05 1.194682604375156242e-05 1.444262276068590863e-05 1.358010896394334590e-05
8.975531563365138936e+03 1.480819510344277003e-05 1.240684473902754904e-05 1.501443440371992395e-05 1.407649141539674824e-05
8.975631563363140231e+03 1.539541966464097374e-05 1.296986975333027761e-05 1.570601016462913973e-05 1.469043319420013093e-05
8.975731563361141525e+03 1.609828771272368207e-05 1.364670060643621944e-05 1.653142495875480200e-05 1.542547109263823563e-05
8.975831563359142820e+03 1.693411587147221819e-05 1.444795118594619917e-05 1.750839554961713444e-05 1.629682086901185060e-05
8.975931563357144114e+03 1.791778659422632304e-05 1.538866103501136882e-05 1.865433859359112733e-05 1.732026207427627193e-05
8.976031563355145408e+03 1.906243852015153482e-05 1.648305985732369212e-05 1.998651091796245949e-05 1.851066976514589548e-05
8.976131563353146703e+03 2.038417931181372891e-05 1.774677427271484744e-05 2.152198859345224398e-05 1.988431405932694011e-05
8.976231563351147997e+03 2.189148962312867331e-05 1.919235367428270627e-05 2.327092213274653722e-05 2.145158847671930786e-05
8.976331563349149292e+03 2.359229801925861097e-05 2.083150216623402162e-05 2.524186429414209906e-05 2.322188815987824388e-05
8.976431563347150586e+03 2.548731411950383381e-05 2.267037646926620034e-05 2.743151623290795863e-05 2.519640227389266426e-05
8.976531563345151881e+03 2.756536024796720730e-05 2.470394870117080448e-05 2.982140290402009500e-05 2.736357061771937119e-05
8.976631563343153175e+03 2.979219210381034606e-05 2.690709971053335659e-05 3.236776552909332623e-05 2.968901911447901189e-05
8.976731563341154470e+03 3.212136249285063659e-05 2.924084267860890368e-05 3.501282353828550861e-05 3.212500956991501855e-05
8.976831563339155764e+03 3.448772071713975348e-05 3.164300083352437952e-05 3.767665392632730918e-05 3.460245849233047847e-05
8.976931563337157058e+03 3.681437767555692910e-05 3.402535147640204684e-05 4.026355977535017494e-05 3.703442964243638588e-05
8.977031563335158353e+03 3.902167985617686647e-05 3.628218212515325869e-05 4.267042462972774536e-05 3.932476220368595458e-05
8.977131563333159647e+03 4.104404849297219277e-05 3.831035505245829057e-05 4.480315553838800735e-05 4.138585302793948786e-05
8.977231563331160942e+03 4.283379987129731770e-05 4.002288538193873478e-05 4.658250191772699402e-05 4.314639572365434883e-05
8.977331563329162236e+03 4.437776971154371432e-05 4.137746800739901639e-05 4.796582877553964364e-05 4.457368883149412478e-05
8.977431563327163531e+03 4.569653019561714381e-05 4.238579772538417104e-05 4.895851458737524178e-05 4.568028083612552339e-05
8.977531563325164825e+03 4.683233961687096355e-05 4.310181805445472206e-05 4.960837623303346008e-05 4.651417796811971523e-05
8.977631563323166120e+03 4.784728706114586806e-05 4.360696932006106845e-05 4.999744719809566854e-05 4.715056785976753050e-05
8.977731563321167414e+03 4.882541976150968441e-05 4.398535894314460940e-05 5.021927442261347313e-05 4.767668437575591780e-05
8.977831563319168708e+03 4.961453085020120230e-05 4.423914792202274248e-05 5.027177227117956193e-05 4.804181701446783557e-05
8.977931563317170003e+03 5.048762064227796083e-05 4.454057978266089048e-05 5.038946204630447771e-05 4.847255415708110967e-05
8.978031563315171297e+03 5.159292610807129703e-05 4.488651286345635106e-05 5.064688564408809861e-05 4.904210820520524890e-05
8.978131563313172592e+03 5.275708378639278479e-05 4.521486721820316425e-05 5.093602631916988786e-05 4.963599244125528349e-05
8.978231563311173886e+03 5.406200887573549925e-05 4.557958471880692048e-05 5.131442121151819644e-05 5.031867160202020087e-05
8.978331563309175181e+03 5.554537991338669048e-05 4.596693068768714142e-05 5.179904039375344280e-05 5.110378366494241586e-05
8.978431563307176475e+03 5.722581454189391739e-05 4.635793675688662280e-05 5.237974235787736725e-05 5.198783121888597366e-05
8.978531563305177770e+03 5.900999465972049066e-05 4.666264829699434311e-05 5.297712323582211177e-05 5.288325539751231744e-05
8.978631563303179064e+03 6.094701995949615750e-05 4.692314698407599739e-05 5.357836586670456183e-05 5.381617760342557224e-05
8.978731563301180358e+03 6.307058366207223660e-05 4.701776859999414306e-05 5.423386540556854362e-05 5.477407255587830550e-05
8.978831563299181653e+03 6.498090124226868470e-05 4.682414411387912591e-05 5.451435960416774619e-05 5.543980165343851893e-05
8.978931563297182947e+03 6.681556045244217614e-05 4.647733414293618917e-05 5.460864673046365988e-05 5.596718044194734173e-05
8.979031563295184242e+03 6.848859005783336268e-05 4.596661013890814701e-05 5.450191485356222859e-05 5.631903835010123932e-05
8.979131563293185536e+03 6.993422970810232340e-05 4.532987625241462106e-05 5.421503468197922098e-05 5.649304688083205063e-05
8.979231563291186831e+03 7.111649100908308454e-05 4.461929805209515143e-05 5.379277861788227548e-05 5.650952255968684393e-05
8.979331563289188125e+03 7.202007519757779746e-05 4.388938302599380175e-05 5.328612850253522306e-05 5.639852890870227409e-05
8.979431563287189419e+03 7.265596045992021585e-05 4.318837102362117601e-05 5.274350816710500711e-05 5.619594655021547310e-05
8.979531563285190714e+03 7.305905794805371057e-05 4.255669363273569141e-05 5.220938163442652208e-05 5.594171107173863909e-05
8.979631563283192008e+03 7.327277993377290569e-05 4.201908064804463764e-05 5.171546094569358349e-05 5.566910717583704453e-05
8.979731563281193303e+03 7.331456731059473784e-05 4.159636140594438926e-05 5.129201438242130256e-05 5.540098103298681214e-05
8.979831563279194597e+03 7.334649756118145035e-05 4.130852119303143958e-05 5.098540677745921055e-05 5.521347517722402672e-05
8.979931563277195892e+03 7.331498289697844421e-05 4.119038582715808843e-05 5.079887804096873286e-05 5.510141558836841957e-05
8.980031563275197186e+03 7.327392660089784545e-05 4.123591681177055210e-05 5.074099089488180476e-05 5.508361143585007195e-05
8.980131563273198481e+03 7.325341024214422213e-05 4.138769193314327099e-05 5.086332114128177742e-05 5.516814110552309696e-05
8.980231563271199775e+03 7.322568262492401190e-05 4.159770037271289081e-05 5.112090829932850323e-05 5.531476376565513080e-05
8.980331563269201069e+03 7.318116732465867525e-05 4.183490661342190885e-05 5.150335498664509830e-05 5.550647630824189188e-05
8.980431563267202364e+03 7.310802971461885958e-05 4.206283815392621240e-05 5.198806080101962568e-05 5.571964288985490374e-05
8.980531563265203658e+03 7.299015751677302602e-05 4.224375403016841790e-05 5.253931591458128501e-05 5.592440915384090964e-05
8.980631563263204953e+03 7.281610097758503325e-05 4.234700962141492469e-05 5.311481342605117294e-05 5.609264134168370352e-05
8.980731563261206247e+03 7.257482731504896040e-05 4.235011383798225980e-05 5.366580613399429692e-05 5.619691576234184130e-05
8.980831563259207542e+03 7.226098206097755858e-05 4.224212158063637323e-05 5.414673643782119954e-05 5.621661335981170367e-05
8.980931563257208836e+03 7.186657503619717268e-05 4.202091295892011334e-05 5.451412693756775704e-05 5.613387164422835220e-05
8.981031563255210131e+03 7.138455452949490671e-05 4.169261460894895985e-05 5.473336817939168414e-05 5.593684577261185927e-05
8.981131563253211425e+03 7.080416184936764328e-05 4.126746930784709708e-05 5.477800352962759560e-05 5.561654489561410747e-05
8.981231563251212719e+03 7.011522650368309404e-05 4.076076580068094832e-05 5.463484991258326322e-05 5.517028073898243745e-05
8.981331563249214014e+03 6.930706353266459507e-05 4.018622649270255440e-05 5.429931488783956787e-05 5.459753497106890126e-05
8.981431563247215308e+03 6.837085839679283965e-05 3.955808399983093849e-05 5.377617554666848458e-05 5.390170598109741864e-05
8.981531563245216603e+03 6.730249794873952029e-05 3.888959941112980778e-05 5.307758582856868658e-05 5.308989439614600488e-05
8.981631563243217897e+03 6.610553124487650409e-05 3.819465488965039651e-05 5.222226545380429896e-05 5.217415052944373319e-05
8.981731563241219192e+03 6.479057650107990099e-05 3.748711124781364335e-05 5.123315045512200972e-05 5.117027940133852480e-05
8.981831563239220486e+03 6.337365895898448332e-05 3.677977074843534526e-05 5.013481194690094041e-05 5.009608055144024955e-05
8.981931563237221781e+03 6.187687492918907768e-05 3.608575974051163608e-05 4.895416332334049422e-05 4.897226599768040266e-05
8.982031563235223075e+03 6.032464868642411604e-05 3.541593315308966299e-05 4.771740742628798309e-05 4.781932975526725178e-05
8.982131563233224369e+03 5.874140523597219156e-05 3.477855420013647742e-05 4.644900955312057146e-05 4.665632299640975133e-05
8.982231563231225664e+03 5.715094031163264857e-05 3.418036650377269213e-05 4.517201230586670078e-05 4.550110637375734716e-05
8.982331563229226958e+03 5.557381130910182777e-05 3.362444981439911595e-05 4.390556012208759443e-05 4.436794041519617938e-05
8.982431563227228253e+03 5.402550266278588503e-05 3.311020477524634711e-05 4.266364676810107932e-05 4.326645140204443490e-05
8.982531563225229547e+03 5.251818345911024978e-05 3.263554059596452013e-05 4.145712507849823791e-05 4.220361637785766476e-05
8.982631563223230842e+03 5.105970974310865859e-05 3.219594419774178111e-05 4.029281757950527653e-05 4.118282384011857434e-05
8.982731563221232136e+03 4.965263293757067316e-05 3.178395480750428463e-05 3.917231309451126530e-05 4.020296694652873877e-05
8.982831563219233431e+03 4.829894761037053358e-05 3.139339707888407177e-05 3.809724959287364966e-05 3.926319809404275619e-05
8.982931563217234725e+03 4.699680380297080012e-05 3.101628178532275272e-05 3.706580382146738037e-05 3.835962980325364666e-05
8.983031563215236019e+03 4.574381750903964934e-05 3.064518296160703508e-05 3.607594595312813468e-05 3.748831547459160411e-05
8.983131563213237314e+03 4.453550348448662578e-05 3.027249662066584611e-05 3.512376478871891546e-05 3.664392163129046471e-05
8.983231563211238608e+03 4.336903197594036644e-05 2.989376228449335346e-05 3.420798882638590485e-05 3.582359436227321051e-05
8.983331563209239903e+03 4.224012200863571352e-05 2.950412189162706191e-05 3.332587653424310726e-05 3.502337347816863208e-05
8.983431563207241197e+03 4.114635684045737891e-05 2.910169670759340968e-05 3.247674841532094696e-05 3.424160065445724292e-05
8.983531563205242492e+03 4.008454265840523585e-05 2.868497913845028963e-05 3.165925881206995682e-05 3.347626020297515625e-05
8.983631563203243786e+03 3.905311107563696978e-05 2.825503372983642169e-05 3.087365543514357879e-05 3.272726674687232568e-05
8.983731563201245081e+03 3.805131504608294990e-05 2.781513981332973742e-05 3.012126186987827193e-05 3.199590557643031862e-05
8.983831563199246375e+03 3.707676654744267674e-05 2.736684123872814780e-05 2.940129986256896449e-05 3.128163588291326075e-05
8.983931563197247669e+03 3.612904483517005385e-05 2.691397252335047058e-05 2.871434578878486005e-05 3.058578771576846037e-05
8.984031563195248964e+03 3.520586574906084626e-05 2.645790497769792395e-05 2.805842132322521092e-05 2.990739734999466376e-05
8.984131563193250258e+03 3.430594208871273656e-05 2.599961895415104800e-05 2.743126911357250653e-05 2.924561005214542923e-05
8.984231563191251553e+03 3.342792404288081720e-05 2.553853246407896419e-05 2.682921193434057079e-05 2.859855614710011287e-05
8.984331563189252847e+03 3.257083497348195206e-05 2.507297277445089600e-05 2.624781530044004261e-05 2.796387434945762571e-05
8.984431563187254142e+03 3.173326437295223004e-05 2.460054899114193618e-05 2.568139000120192665e-05 2.733840112176536881e-05
8.984531563185255436e+03 3.091541418833471003e-05 2.412190958935280042e-05 2.512643996939454470e-05 2.672125458236068618e-05
8.984631563183256731e+03 3.012088007763549276e-05 2.364333528742293801e-05 2.458415074604170100e-05 2.611612203703337726e-05
8.984731563181258025e+03 2.934357892514046881e-05 2.316509574947676697e-05 2.404833374908400717e-05 2.551900280790041431e-05
8.984831563179259319e+03 2.858922900578063391e-05 2.270051555510620476e-05 2.352593968563429321e-05 2.493856141550704396e-05
8.984931563177260614e+03 2.785157468281466669e-05 2.225079062543450486e-05 2.301259576246087168e-05 2.437165369023667994e-05
8.985031563175261908e+03 2.712975853813677296e-05 2.182221806294448719e-05 2.251042288387629600e-05 2.382079982831918199e-05
8.985131563173263203e+03 2.642315784209798465e-05 2.141851700062543371e-05 2.202079576289495618e-05 2.328749020187278926e-05
8.985231563171264497e+03 2.573046933432781986e-05 2.104010888094351209e-05 2.154353963351188038e-05 2.277137261626107078e-05
8.985331563169265792e+03 2.505598420941967190e-05 2.069027112425007525e-05 2.108346166859265212e-05 2.227657233408746642e-05
8.985431563167267086e+03 2.439286218674616795e-05 2.036095938257688259e-05 2.063361410868469150e-05 2.179581189266924847e-05
8.985531563165268381e+03 2.374273384640929635e-05 2.005061841261379418e-05 2.019500840727402817e-05 2.132945355543237290e-05
8.985631563163269675e+03 2.310294204274307168e-05 1.975281701023369436e-05 1.976424320444158033e-05 2.087333408580611659e-05
8.985731563161270969e+03 2.247109362531181734e-05 1.946142897311180887e-05 1.933792821558516544e-05 2.042348360466959608e-05
8.985831563159272264e+03 2.184120608376220041e-05 1.916807990396201763e-05 1.891003570083324718e-05 1.997310722951915507e-05
8.985931563157273558e+03 2.121778756732158353e-05 1.887284244963688417e-05 1.848390081037899340e-05 1.952484360911248929e-05
8.986031563155274853e+03 2.058705372831152482e-05 1.855821125978871633e-05 1.804458881095209538e-05 1.906328459968411105e-05
8.986131563153276147e+03 1.994921131302414150e-05 1.822143061470929610e-05 1.759206449747450357e-05 1.858756880840264480e-05
8.986231563151277442e+03 1.929322662711917703e-05 1.784838739034825026e-05 1.711467222565959658e-05 1.808542874770900795e-05
8.986331563149278736e+03 1.861986305099836282e-05 1.743409886891890729e-05 1.661142948527260995e-05 1.755513046839662556e-05
8.986431563147280031e+03 1.792079439439461338e-05 1.696638085191226971e-05 1.607293719600970332e-05 1.698670414743886666e-05
8.986531563145281325e+03 1.718646677038206528e-05 1.643340479393398510e-05 1.548913750583045276e-05 1.636966969004883664e-05
8.986631563143282619e+03 1.642077598850677400e-05 1.583495079554610366e-05 1.486235447884468882e-05 1.570602708763252329e-05
8.986731563141283914e+03 1.561778528226584931e-05 1.516260249359082998e-05 1.418553081027296454e-05 1.498863952870988241e-05
8.986831563139285208e+03 1.478373886095698243e-05 1.442313565031940296e-05 1.346473147315818610e-05 1.422386866147818993e-05
8.986931563137286503e+03 1.392996114202371894e-05 1.362924240190062627e-05 1.271093352648954650e-05 1.342337902347129667e-05
8.987031563135287797e+03 1.306783181795028305e-05 1.279160391532287072e-05 1.193399219276879426e-05 1.259780930868064708e-05
8.987131563133289092e+03 1.221139978827776853e-05 1.192200720428199996e-05 1.114540468189504233e-05 1.175960389148493638e-05
8.987231563131290386e+03 1.138559360149259272e-05 1.107198229167782739e-05 1.038001061543183836e-05 1.094586216953408729e-05
8.987331563129291681e+03 1.060281883345379152e-05 1.025622027586896445e-05 9.649999257371748458e-06 1.016967945556483537e-05
8.987431563127292975e+03 9.873470177749993593e-06 9.490642433564949276e-06 8.967264912213084141e-06 9.443792507842676799e-06
8.987531563125294269e+03 9.203188438801980135e-06 8.785039967364543064e-06 8.338775916969430886e-06 8.775668107711984695e-06
8.987631563123295564e+03 8.593313813096999229e-06 8.143377196001609051e-06 7.766913540485293664e-06 8.167868183194633417e-06
8.987731563121296858e+03 8.041991506704501588e-06 7.565153746317170361e-06 7.250588979172326761e-06 7.619244744064665390e-06
8.987831563119298153e+03 7.545364330629532455e-06 7.046959358266730456e-06 6.786488280819124056e-06 7.126270656571794809e-06
8.987931563117299447e+03 7.098563933865583423e-06 6.583802140532699974e-06 6.370123722050618348e-06 6.684163265482966684e-06
8.988031563115300742e+03 6.696411989597422643e-06 6.170067683165499431e-06 5.996586458646732638e-06 6.287688710469883775e-06
8.988131563113302036e+03 6.333856383485924486e-06 5.800129333809191069e-06 5.661020887340995717e-06 5.931668868212037373e-06
8.988231563111303331e+03 6.006208357514740138e-06 5.468691741481572374e-06 5.358887810989281214e-06 5.611262636661865140e-06
8.988331563109304625e+03 5.709247240069353953e-06 5.170954473535265998e-06 5.086085973585222833e-06 5.322095895729947030e-06
8.988431563107305919e+03 5.439245014800811600e-06 4.902665041231418941e-06 4.838987102502489350e-06 5.060299052844906913e-06
8.988531563105307214e+03 5.192946710462531770e-06 4.660109633858933094e-06 4.614422680163949504e-06 4.822493008161805354e-06
8.988631563103308508e+03 4.967529373595630195e-06 4.440072412595701690e-06 4.409646759462815407e-06 4.605749515218049097e-06
8.988731563101309803e+03 4.760553081562374133e-06 4.239781803927536441e-06 4.222289288418467631e-06 4.407541391302793582e-06
8.988831563099311097e+03 4.569911428364993719e-06 4.056854136174214913e-06 4.050308004068357910e-06 4.225691189535856079e-06
8.988931563097312392e+03 4.393785238375338295e-06 3.889239983576310049e-06 3.891943030991228006e-06 4.058322750980959348e-06
8.989031563095313686e+03 4.230601124362435279e-06 3.735175661992504029e-06 3.745676023611848254e-06 3.903817603322262380e-06
8.989131563093314981e+03 4.078995322092519723e-06 3.593140688014885076e-06 3.610194415245395117e-06 3.760776808450933446e-06
8.989231563091316275e+03 3.937782621503180106e-06 3.461821150379756106e-06 3.484360668360761591e-06 3.627988146747899409e-06
8.989331563089317569e+03 3.805929932388713590e-06 3.340078528635203178e-06 3.367186103516683126e-06 3.504398188180199965e-06
8.989431563087318864e+03 3.682533918989064602e-06 3.226923331120819515e-06 3.257808764554868827e-06 3.389088671554917084e-06
8.989531563085320158e+03 3.566802133585547416e-06 3.121492891632185832e-06 3.155474762527302826e-06 3.281256595915012448e-06
8.989631563083321453e+03 3.458037118875799816e-06 3.023032702456441431e-06 3.059522573082000127e-06 3.180197464804747125e-06
8.989731563081322747e+03 3.355623010925515143e-06 2.930880724955713339e-06 2.969369822239399790e-06 3.085291186040209424e-06
8.989831563079324042e+03 3.259014235814172431e-06 2.844454194169589658e-06 2.884502155270795967e-06 2.995990195084852262e-06
8.989931563077325336e+03 3.167725957279041666e-06 2.763238504395132385e-06 2.804463846565371975e-06 2.911809436079848675e-06
8.990031563075326630e+03 3.081325986000972892e-06 2.686777829956450322e-06 2.728849860919673701e-06 2.832317892292365356e-06
8.990131563073327925e+03 2.999427910068156348e-06 2.614667191513819742e-06 2.657299126298720103e-06 2.757131409293565680e-06
8.990231563071329219e+03 2.921685246082093128e-06 2.546545728485301979e-06 2.589488818061516862e-06 2.685906597542971080e-06
8.990331563069330514e+03 2.847786445408535777e-06 2.482090978030411461e-06 2.525129488718517723e-06 2.618335637385821795e-06
8.990431563067331808e+03 2.777450617886113347e-06 2.421013996840014156e-06 2.463960906701851394e-06 2.554141840475992683e-06
8.990531563065333103e+03 2.710423859014053722e-06 2.363055189052927969e-06 2.405748489815130011e-06 2.493075845960703760e-06
8.990631563063334397e+03 2.646476086122421097e-06 2.307980727952158883e-06 2.350280239835566840e-06 2.434912351303382415e-06
8.990731563061335692e+03 2.585398304628984689e-06 2.255579477788181138e-06 2.297364099678592524e-06 2.379447294031919450e-06
8.990831563059336986e+03 2.527000239186434734e-06 2.205660338622844317e-06 2.246825668996938051e-06 2.326495415602072367e-06
8.990931563057338280e+03 2.471108275350984612e-06 2.158049948424928320e-06 2.198506222192136842e-06 2.275888148656016732e-06
8.991031563055339575e+03 2.417563665170477408e-06 2.112590690368469716e-06 2.152260986360847319e-06 2.227471780633264673e-06
8.991131563053340869e+03 2.366220959704409758e-06 2.069138958546674525e-06 2.107957638743669350e-06 2.181105852331584403e-06
8.991231563051342164e+03 2.316946634620628846e-06 2.027563645107008233e-06 2.065474993381812157e-06 2.136661757703149463e-06
8.991331563049343458e+03 2.269617883179602339e-06 1.987744817394430938e-06 2.024701849514974117e-06 2.094021516696335939e-06
8.991431563047344753e+03 2.224121553001944955e-06 1.949572557742701587e-06 1.985535979810328524e-06 2.053076696851658638e-06
8.991531563045346047e+03 2.180353206596634969e-06 1.912945943466719641e-06 1.947883238375727288e-06 2.013727462813027299e-06
8.991631563043347342e+03 2.138216290674018137e-06 1.877772148070876562e-06 1.911656773188505965e-06 1.975881737311133131e-06
8.991731563041348636e+03 2.097621397842841455e-06 1.843965647382196141e-06 1.876776328813881423e-06 1.939454458012972724e-06
8.991831563039349930e+03 2.058485611221537092e-06 1.811447516637281041e-06 1.843167627489237311e-06 1.904366918449351815e-06
8.991931563037351225e+03 2.020731919364412886e-06 1.780144806914014851e-06 1.810761818771627401e-06 1.870546181683351925e-06
8.992031563035352519e+03 1.984288694170594622e-06 1.749989990335192833e-06 1.779494988604067155e-06 1.837924557703284729e-06
