3.746101785672610276e+04 2.989688955999999855e-05 2.985183234500000097e-05 2.993579212099999859e-05 2.989483800866666265e-05
3.746111785671609687e+04 3.011270136740923137e-05 3.006733711643994939e-05 3.015184469438514717e-05 3.011062772607810931e-05
3.746121785670609097e+04 3.033266069198858989e-05 3.028698641105062359e-05 3.037204687893999642e-05 3.033056466065973776e-05
3.746131785669608507e+04 3.055450783741628346e-05 3.050852068851019153e-05 3.059413903234275273e-05 3.055238918608973580e-05
3.746141785668607918e+04 3.077967506389309556e-05 3.073337206001949048e-05 3.081955340679419020e-05 3.077753351023558982e-05
3.746151785667607328e+04 3.100829483262269707e-05 3.096167307878216666e-05 3.104842249749796356e-05 3.100613013630094695e-05
3.746161785666606738e+04 3.123935454328577221e-05 3.119241112947887236e-05 3.127973373213476600e-05 3.123716646829980352e-05
3.746171785665606149e+04 3.147393351670470127e-05 3.142666550293203923e-05 3.151456645452697843e-05 3.147172182472124190e-05
3.746181785664605559e+04 3.171154034481280030e-05 3.166394472207502891e-05 3.175242926060790465e-05 3.170930477583190903e-05
3.746191785663604969e+04 3.195185600860232545e-05 3.190392987089994768e-05 3.199300317036978621e-05 3.194959634995735311e-05
3.746201785662604379e+04 3.219610979960215108e-05 3.214785017593583199e-05 3.223751748134147231e-05 3.219382581895982072e-05
3.746211785661603790e+04 3.244319373705095933e-05 3.239459781142110204e-05 3.248486426976165660e-05 3.244088527274457040e-05
3.746221785660603200e+04 3.269418757463705212e-05 3.264525231004449023e-05 3.273612328231866590e-05 3.269185438900006264e-05
3.746231785659602610e+04 3.294878358584108722e-05 3.289950603828630470e-05 3.299098681849311208e-05 3.294642548087350133e-05
3.746241785658602021e+04 3.320605534662207458e-05 3.315643268510549686e-05 3.324852848524400151e-05 3.320367217232385765e-05
3.746251785657601431e+04 3.346713912214335394e-05 3.341716848366561979e-05 3.350988458173463066e-05 3.346473072918120146e-05
3.746261785656600841e+04 3.373247690121301367e-05 3.368215536377477677e-05 3.377549709677318276e-05 3.373004312058699332e-05
3.746271785655600252e+04 3.400112435303778377e-05 3.395044912763939493e-05 3.404442174856627478e-05 3.399866507641448901e-05
3.746281785654599662e+04 3.427355109135453887e-05 3.422251932399668041e-05 3.431712814685086818e-05 3.427106618740069808e-05
3.746291785653599072e+04 3.454965583010764584e-05 3.449826479679064204e-05 3.459351505457123038e-05 3.454714522715650609e-05
3.746301785652598483e+04 3.482923442251301219e-05 3.477748135423751167e-05 3.487337833694329983e-05 3.482669803789793897e-05
3.746311785651597893e+04 3.511350240068928193e-05 3.506138466745552397e-05 3.515793356008571114e-05 3.511094020941016557e-05
3.746321785650597303e+04 3.540178895340389121e-05 3.534930386921253078e-05 3.544650992276593757e-05 3.539920091512744867e-05
3.746331785649596713e+04 3.569384553588640901e-05 3.564099056973762231e-05 3.573885892321346702e-05 3.569123167627916837e-05
3.746341785648596124e+04 3.598968912457382191e-05 3.593646168146826604e-05 3.603499753886536095e-05 3.598704944830247393e-05
3.746351785647595534e+04 3.629005931563160278e-05 3.623645694556947320e-05 3.633566539888699441e-05 3.628739388669602572e-05
3.746361785646594944e+04 3.659400525327887301e-05 3.654002567226019490e-05 3.663991168949750228e-05 3.659131420501219006e-05
3.746371785645594355e+04 3.690305592008001764e-05 3.684869679910536414e-05 3.694926539226134381e-05 3.690033937048224638e-05
3.746381785644593765e+04 3.721651929579854580e-05 3.716177850586782248e-05 3.726303453994188932e-05 3.721377744720275028e-05
3.746391785643593175e+04 3.753452855724769666e-05 3.747940392036148451e-05 3.758135231035250704e-05 3.753176159598722714e-05
3.746401785642592586e+04 3.785708176476962426e-05 3.780157125792791710e-05 3.790421678583526320e-05 3.785428993617760604e-05
3.746411785641591996e+04 3.818381730152716640e-05 3.812791908672976001e-05 3.823126637555303108e-05 3.818100092126998357e-05
3.746421785640591406e+04 3.851473636844402197e-05 3.845844880369065987e-05 3.856250232642940236e-05 3.851189583285469925e-05
3.746431785639590817e+04 3.885147709111485577e-05 3.879479851540593269e-05 3.889956277505914701e-05 3.884861279385997171e-05
3.746441785638590227e+04 3.919282622274826536e-05 3.913575520108334739e-05 3.924123448865086034e-05 3.918993863749415318e-05
3.746451785637589637e+04 3.953841928171084518e-05 3.948095457808954879e-05 3.958715303557096309e-05 3.953550896512379021e-05
3.746461785636589047e+04 3.988993789479167374e-05 3.983207826521423624e-05 3.993900001760885101e-05 3.988700539253826270e-05
3.746471785635588458e+04 4.024573784377404674e-05 4.018748253123893068e-05 4.029513128954744346e-05 4.024278388818680922e-05
3.746481785634587868e+04 4.060682778706462676e-05 4.054817601857203102e-05 4.065655551179363404e-05 4.060385310581009953e-05
3.746491785633587278e+04 4.097313734357139358e-05 4.091408861712042506e-05 4.102320232625532862e-05 4.097014276231571124e-05
3.746501785632586689e+04 4.134511004023158382e-05 4.128566414182120476e-05 4.139551527786975604e-05 4.134209648664085272e-05
3.746511785631586099e+04 4.172176724780004501e-05 4.166192421242925699e-05 4.177251579039166566e-05 4.171873575020699148e-05
3.746521785630585509e+04 4.210464371198145272e-05 4.204440361665007719e-05 4.215573858052603544e-05 4.210159530305252178e-05
3.746531785629584920e+04 4.249234858590261450e-05 4.243171210860805713e-05 4.254379284639936214e-05 4.248928451363667567e-05
3.746541785628584330e+04 4.288532948388700563e-05 4.282429752662811963e-05 4.293712624933509548e-05 4.288225108661674251e-05
3.746551785627583740e+04 4.328448871072396273e-05 4.322306230150004837e-05 4.333664106612286800e-05 4.328139735944896196e-05
3.746561785626583151e+04 4.368988880406547687e-05 4.362806961887330499e-05 4.374239987741440676e-05 4.368678610011773406e-05
3.746571785625582561e+04 4.410035814566809866e-05 4.403814815250597047e-05 4.415323111596619745e-05 4.409724580471341768e-05
3.746581785624581971e+04 4.451733925232827048e-05 4.445474058719498162e-05 4.457057725057512104e-05 4.451421903003278653e-05
3.746591785623581382e+04 4.493953206105956243e-05 4.487654760495103081e-05 4.499313828025423899e-05 4.493640598208827064e-05
3.746601785622580792e+04 4.536831068284227623e-05 4.530494364675630793e-05 4.542228836898384972e-05 4.536518089952747796e-05
3.746611785621580202e+04 4.580279206784422139e-05 4.573904590077892257e-05 4.585714441093234785e-05 4.579966079318516394e-05
3.746621785620579612e+04 4.624429606783780769e-05 4.618017494278873206e-05 4.629902631087158419e-05 4.624116577383271024e-05
3.746631785619579023e+04 4.669130560247152151e-05 4.662681423443495256e-05 4.674641696745040429e-05 4.668817893478561935e-05
3.746641785618578433e+04 4.714533649681336777e-05 4.708048028678465740e-05 4.720083228973625053e-05 4.714221635777808512e-05
3.746651785617577843e+04 4.760521276018860634e-05 4.753999751016449568e-05 4.766109623805508532e-05 4.760210216946939352e-05
3.746661785616577254e+04 4.807218428342372243e-05 4.800661656339870567e-05 4.812845877723274002e-05 4.806908654135171819e-05
3.746671785615576664e+04 4.854473615687927173e-05 4.847882293984975469e-05 4.860140495363042025e-05 4.854165468345315567e-05
3.746681785614576074e+04 4.902503333265410010e-05 4.895878248761348318e-05 4.908209976134649070e-05 4.902197186053802692e-05
3.746691785613575485e+04 4.951156048382491387e-05 4.944498060576733216e-05 4.956902784545804173e-05 4.950852297835009366e-05
3.746701785612574895e+04 5.000468314151878114e-05 4.993778378243680016e-05 5.006255478009169447e-05 5.000167390134908966e-05
3.746711785611574305e+04 5.050533745121450551e-05 5.043812887710182139e-05 5.056361672772644771e-05 5.050236101868092487e-05
3.746721785610573716e+04 5.101250274273515673e-05 5.094499599358492145e-05 5.107119302818540152e-05 5.100956392150182657e-05
3.746731785609573126e+04 5.152673122047205163e-05 5.145893828827605604e-05 5.158583584486019159e-05 5.152383511786943761e-05
3.746741785608572536e+04 5.204805801157076048e-05 5.197999202431933082e-05 5.210758036889571760e-05 5.204521013492860297e-05
3.746751785607571946e+04 5.257634565910473203e-05 5.250802055878996713e-05 5.263628913636584614e-05 5.257355178475351510e-05
3.746761785606571357e+04 5.311183776867509126e-05 5.304326863628665051e-05 5.317220571887192168e-05 5.310910404127788782e-05
3.746771785605570767e+04 5.365539763701641322e-05 5.358660080054292006e-05 5.371619344614808264e-05 5.365273062790247875e-05
3.746781785604570177e+04 5.420508213896454844e-05 5.413607489139617639e-05 5.426630921603022083e-05 5.420248874879698189e-05
3.746791785603569588e+04 5.476284963216651721e-05 5.469365054349099045e-05 5.482451134716577088e-05 5.476033717427442618e-05
3.746801785602568998e+04 5.532747184931308788e-05 5.525810083651726230e-05 5.538957160524499000e-05 5.532504809702511113e-05
3.746811785601568408e+04 5.590013187672371038e-05 5.583061023479380714e-05 5.596267303358793094e-05 5.589780504836848056e-05
3.746821785600567819e+04 5.648003156427621173e-05 5.641038211919693131e-05 5.654301752207176949e-05 5.647781040184829740e-05
3.746831785599567229e+04 5.706757174145231267e-05 5.699781846421072916e-05 5.713100592517835640e-05 5.706546537694713275e-05
3.746841785598566639e+04 5.766235826301805225e-05 5.759252680059695348e-05 5.772624403567434777e-05 5.766037636642978902e-05
3.746851785597566050e+04 5.826417165673707278e-05 5.819428923411949604e-05 5.832851242632258043e-05 5.826232443905972320e-05
3.746861785596565460e+04 5.887468730035291445e-05 5.880478286752028959e-05 5.893948642786734520e-05 5.887298553191351190e-05
3.746871785595564870e+04 5.949226444486888787e-05 5.942236862680251878e-05 5.955752534231117625e-05 5.949071947132752764e-05
3.746881785594564280e+04 6.011674623319605024e-05 6.004689152887517301e-05 6.018247226156591399e-05 6.011537000787904800e-05
3.746891785593563691e+04 6.074916166300777973e-05 6.067938251441054028e-05 6.081535624830402236e-05 6.074796680857411638e-05
3.746901785592563101e+04 6.138954605990278480e-05 6.131987845100993185e-05 6.145621263812461280e-05 6.138854571634578552e-05
3.746911785591562511e+04 6.203729066118319427e-05 6.196777276596981043e-05 6.210443256533079075e-05 6.203649866416127419e-05
3.746921785590561922e+04 6.269281728152997074e-05 6.262348930797167687e-05 6.276043796760164060e-05 6.269224818570109155e-05
3.746931785589561332e+04 6.335556718495990677e-05 6.328647155403033773e-05 6.342367004495552002e-05 6.335523626131524580e-05
3.746941785588560742e+04 6.402536337643215916e-05 6.395654472110419680e-05 6.409395187435041631e-05 6.402528665729559528e-05
3.746951785587560153e+04 6.470308355998031266e-05 6.463458837422918495e-05 6.477216116082048375e-05 6.470327769834333163e-05
3.746961785586559563e+04 6.538793875678102613e-05 6.531981610557533314e-05 6.545750889854268424e-05 6.538842125363300095e-05
3.746971785585558973e+04 6.608038653517083220e-05 6.601268776448090969e-05 6.615045274385252156e-05 6.608117568116807878e-05
3.746981785584558384e+04 6.677938762119252759e-05 6.671216686398354870e-05 6.684995339579377313e-05 6.678050262698994981e-05
3.746991785583557794e+04 6.748587735857340133e-05 6.741919041481969415e-05 6.755694636909199394e-05 6.748733804749502529e-05
3.747001785582557204e+04 6.819907797940811622e-05 6.813298327307483655e-05 6.827065378584426449e-05 6.820090501277573005e-05
3.747011785581556614e+04 6.891949656833417650e-05 6.885405590637886622e-05 6.899158278868667107e-05 6.892171175446657578e-05
3.747021785580556025e+04 6.964661952754394776e-05 6.958189629793970000e-05 6.971921999981005075e-05 6.964924527509790402e-05
3.747031785579555435e+04 7.037976647674350932e-05 7.031582714944894391e-05 7.045288498892291981e-05 7.038282620503845768e-05
3.747041785578554845e+04 7.111973539623222629e-05 7.105664830221653557e-05 7.119337593232233461e-05 7.112325321025703216e-05
3.747051785577554256e+04 7.186575029667798117e-05 7.180358684489818687e-05 7.193991680367830708e-05 7.186975131508481149e-05
3.747061785576553666e+04 7.261825979765844483e-05 7.255709403307500404e-05 7.269295639756655854e-05 7.262277007609999795e-05
3.747071785575553076e+04 7.337622175345430041e-05 7.331613019202840986e-05 7.345145271926791549e-05 7.338126822158352837e-05
3.747081785574552487e+04 7.413952268527184395e-05 7.408058430496404121e-05 7.421529247998823360e-05 7.414513315674135937e-05
3.747091785573551897e+04 7.490891282658937661e-05 7.485120924235775315e-05 7.498522602720651469e-05 7.491511603205121934e-05
3.747101785572551307e+04 7.568321554740554036e-05 7.562682983121907763e-05 7.576007700391974018e-05 7.569004079418145724e-05
3.747111785571550718e+04 7.646241465945820574e-05 7.640743347826404151e-05 7.653982926786808577e-05 7.646989246853012456e-05
3.747121785570550128e+04 7.724585243924395831e-05 7.719236388001025928e-05 7.732382560454332675e-05 7.725401397459919048e-05
3.747131785569549538e+04 7.803347731271305257e-05 7.798157192739679690e-05 7.811201452789993363e-05 7.804235458933659437e-05
3.747141785568548949e+04 7.882575138753555692e-05 7.877552103410505216e-05 7.890485850860508277e-05 7.883537697674856395e-05
3.747151785567548359e+04 7.962121486270700148e-05 7.957275381311834737e-05 7.970089805265471463e-05 7.963162224282669234e-05
3.747161785566547769e+04 8.042023086244635326e-05 8.037363453366867545e-05 8.050049672926635352e-05 8.043145404179380311e-05
3.747171785565547179e+04 8.122169216832924492e-05 8.117705813732031480e-05 8.130254766601648867e-05 8.123376599055535398e-05
3.747181785564546590e+04 8.202526034837996822e-05 8.198268578012473317e-05 8.210671303392655623e-05 8.203821972081041017e-05
3.747191785563546000e+04 8.283147472012703915e-05 8.279105898858195051e-05 8.291353247752788775e-05 8.284535539541230151e-05
3.747201785562545410e+04 8.363998065618908294e-05 8.360182339233127448e-05 8.372265198543580981e-05 8.365481867798539811e-05
3.747211785561544821e+04 8.444830549031428081e-05 8.441250685611807530e-05 8.453159949839846824e-05 8.446413728161027026e-05
3.747221785560544231e+04 8.525754424620382284e-05 8.522420285166655812e-05 8.534147079411520827e-05 8.527440596399520545e-05
3.747231785559543641e+04 8.606739134136576761e-05 8.603660772444592238e-05 8.615196071909753312e-05 8.608531992830307437e-05
3.747241785558543052e+04 8.687619202428134959e-05 8.684806283000323689e-05 8.696141566581838472e-05 8.689522350670098136e-05
3.747251785557542462e+04 8.768452082073633356e-05 8.765914441706056744e-05 8.777041062507094139e-05 8.770469195428926272e-05
3.747261785556541872e+04 8.849110518811499008e-05 8.846857534107548896e-05 8.857767433522997834e-05 8.851245162147350386e-05
3.747271785555541283e+04 8.929533065503615251e-05 8.927574075761853575e-05 8.938259289992214372e-05 8.931788810419229088e-05
3.747281785554540693e+04 9.009723819894540579e-05 9.008067801917376931e-05 9.018520851058532163e-05 9.012104157623481869e-05
3.747291785553540103e+04 9.089600541911085755e-05 9.088256002902317073e-05 9.098470008048604963e-05 9.092108850954002145e-05
3.747301785552539513e+04 9.169016640244820153e-05 9.167991757006685753e-05 9.177960253554527832e-05 9.171656216935344128e-05
3.747311785551538924e+04 9.247998035662679086e-05 9.247300555298771014e-05 9.257017641242630969e-05 9.250772077401360808e-05
3.747321785550538334e+04 9.326456688542249479e-05 9.326093901956586493e-05 9.335554275790314553e-05 9.329368288763049272e-05
3.747331785549537744e+04 9.404256920996238635e-05 9.404235176798957953e-05 9.413434633110126591e-05 9.407308910301774845e-05
3.747341785548537155e+04 9.481425435850638868e-05 9.481750705245150959e-05 9.490685527728531671e-05 9.484620556274773833e-05
3.747351785547536565e+04 9.557836769795109222e-05 9.558513986493172992e-05 9.567181695434061534e-05 9.561177483907448368e-05
3.747361785546535975e+04 9.633421903566844423e-05 9.634455285976514110e-05 9.642854250364688311e-05 9.636910479969348496e-05
3.747371785545535386e+04 9.708163737221181359e-05 9.709556657752364448e-05 9.717686264175218549e-05 9.711802219716255237e-05
3.747381785544534796e+04 9.781889465157487336e-05 9.783644160024060387e-05 9.791505151964341003e-05 9.785679592381962908e-05
3.747391785543534206e+04 9.854564098348704462e-05 9.856681676064776702e-05 9.864276062006005475e-05 9.858507278806495546e-05
3.747401785542533617e+04 9.926078083570068526e-05 9.928558745647187746e-05 9.935889664674278177e-05 9.930175497963844816e-05
3.747411785541533027e+04 9.996365199996949506e-05 9.999207590755514467e-05 1.000627993234487305e-04 1.000061757436577901e-04
3.747421785540532437e+04 1.006540507813834137e-04 1.006860648139659258e-04 1.007542673372612468e-04 1.006981276442035333e-04
3.747431785539531847e+04 1.013307017252665924e-04 1.013662668380095518e-04 1.014320268505139732e-04 1.013763318045966968e-04
3.747441785538531258e+04 1.019927330535891797e-04 1.020317942367144140e-04 1.020952087981618429e-04 1.020399120294884879e-04
3.747451785537530668e+04 1.026395058234206561e-04 1.026819922471526353e-04 1.027431760772852548e-04 1.026882247159528668e-04
3.747461785536530078e+04 1.032703113059977635e-04 1.033161364105649843e-04 1.033752223191134958e-04 1.033205566785587388e-04
3.747471785535529489e+04 1.038835551736250434e-04 1.039326140692960974e-04 1.039897558259465993e-04 1.039353083562892467e-04
3.747481785534528899e+04 1.044793202836217952e-04 1.045314922806358170e-04 1.045868612951139832e-04 1.045325579531238561e-04
3.747491785533528309e+04 1.050574926687009681e-04 1.051126357973780764e-04 1.051664274493162201e-04 1.051121853051317594e-04
3.747501785532527720e+04 1.056127569917190826e-04 1.056707147622908816e-04 1.057231409914180482e-04 1.056688709151426618e-04
3.747511785531527130e+04 1.061527498816205263e-04 1.062133434344341516e-04 1.062646411203559257e-04 1.062102448121368724e-04
3.747521785530526540e+04 1.066707283203875679e-04 1.067337614757248921e-04 1.067841867081209550e-04 1.067295588347444852e-04
3.747531785529525951e+04 1.071666519741352531e-04 1.072319073723385785e-04 1.072817399708181726e-04 1.072267664390973483e-04
3.747541785528525361e+04 1.076402386863613449e-04 1.077074798277499518e-04 1.077570208919504335e-04 1.077015798020205812e-04
3.747551785527524771e+04 1.080909064514681020e-04 1.081598774663701859e-04 1.082094494259218728e-04 1.081534111145867157e-04
3.747561785526524181e+04 1.085188961876754819e-04 1.085893214464310778e-04 1.086392684809516917e-04 1.085824953716860928e-04
3.747571785525523592e+04 1.089236520265967235e-04 1.089952351795657454e-04 1.090459240786538443e-04 1.089882704282720954e-04
3.747581785524523002e+04 1.092989619021605805e-04 1.093713873696870883e-04 1.094232060329566858e-04 1.093645184349347849e-04
3.747591785523522412e+04 1.096507861247529629e-04 1.097237219171447360e-04 1.097770760242531256e-04 1.097171946887169370e-04
3.747601785522521823e+04 1.099789255550108442e-04 1.100520174826675042e-04 1.101073366631739230e-04 1.100460932336174238e-04
3.747611785521521233e+04 1.102769092778031702e-04 1.103497883410194005e-04 1.104075178146024234e-04 1.103447384778083224e-04
3.747621785520520643e+04 1.105506731663481886e-04 1.106229534054557518e-04 1.106835569917434423e-04 1.106190611878491321e-04
3.747631785519520054e+04 1.108003942670302206e-04 1.108716719723780805e-04 1.109356320209939654e-04 1.108692327534674177e-04
3.747641785518519464e+04 1.110196783610531911e-04 1.110895349229517248e-04 1.111573490335642645e-04 1.110888541058564115e-04
3.747651785517518874e+04 1.112083089645085556e-04 1.112763124032490047e-04 1.113484920455432313e-04 1.112777044711002548e-04
3.747661785516518285e+04 1.113662189251614642e-04 1.114319249910216959e-04 1.115089942546985410e-04 1.114357127236272337e-04
3.747671785515517695e+04 1.114995621052872540e-04 1.115625151885346150e-04 1.116450094633117320e-04 1.115690289190445427e-04
3.747681785514517105e+04 1.116020267101165470e-04 1.116617608210062804e-04 1.117502255166181216e-04 1.116713376825802982e-04
3.747691785513516515e+04 1.116798906812433990e-04 1.117359291800381959e-04 1.118309198162147772e-04 1.117489132258321286e-04
3.747701785512515926e+04 1.117206204079494822e-04 1.117724808248383322e-04 1.118745577713903608e-04 1.117892196680593872e-04
3.747711785511515336e+04 1.117366934410781479e-04 1.117838884262359502e-04 1.118936157129927920e-04 1.118047325267689678e-04
3.747721785510514746e+04 1.117218636003927456e-04 1.117639039939463707e-04 1.118818462707851194e-04 1.117892046217080696e-04
3.747731785509514157e+04 1.116761784251137199e-04 1.117125695572508670e-04 1.118392952439970812e-04 1.117426810754539030e-04
3.747741785508513567e+04 1.116058945733374846e-04 1.116361413441642236e-04 1.117722169407356527e-04 1.116714176194124491e-04
3.747751785507512977e+04 1.115048532081741372e-04 1.115284654277089535e-04 1.116744507341021299e-04 1.115692564566617492e-04
3.747761785506512388e+04 1.113669663102805893e-04 1.113834533786278947e-04 1.115399057147727161e-04 1.114301084678937469e-04
3.747771785505511798e+04 1.112047356608517767e-04 1.112136143879859286e-04 1.113810811639364621e-04 1.112664770709247179e-04
3.747781785504511208e+04 1.110182406249631513e-04 1.110190307809310830e-04 1.111980538866705857e-04 1.110784417641882689e-04
3.747791785503510619e+04 1.107952418408995865e-04 1.107874736856199793e-04 1.109785804312865781e-04 1.108537653192687102e-04
3.747801785502510029e+04 1.105482836907715572e-04 1.105314985741504328e-04 1.107352022098768702e-04 1.106049948249329489e-04
3.747811785501509439e+04 1.102713784178775610e-04 1.102451260598628647e-04 1.104619282357457663e-04 1.103261442378287261e-04
3.747821785500508850e+04 1.099707787633616917e-04 1.099346227538048178e-04 1.101650071100537836e-04 1.100234695424067598e-04
3.747831785499508260e+04 1.096407008637099507e-04 1.095942191024504785e-04 1.098386508892870765e-04 1.096911902851491595e-04
3.747841785498507670e+04 1.092812430082435051e-04 1.092240295150852643e-04 1.094829545427548629e-04 1.093294090220278729e-04
3.747851785497507080e+04 1.088986119999989775e-04 1.088302744947841345e-04 1.091041204635135177e-04 1.089443356527655432e-04
3.747861785496506491e+04 1.084871792754896560e-04 1.084073447879558297e-04 1.086965157180775406e-04 1.085303465938410088e-04
3.747871785495505901e+04 1.080533151939178446e-04 1.079616297438033742e-04 1.082665064056483007e-04 1.080938171144564975e-04
3.747881785494505311e+04 1.075908134773748625e-04 1.074869432443914958e-04 1.078078823583118154e-04 1.076285463600260760e-04
3.747891785493504722e+04 1.071064991443183536e-04 1.069901281382135448e-04 1.073274646145284885e-04 1.071413639656867956e-04
3.747901785492504132e+04 1.066007112695582413e-04 1.064715444200193650e-04 1.068255881091120498e-04 1.066326145995632368e-04
3.747911785491503542e+04 1.060732660723880523e-04 1.059310298790825923e-04 1.063020647313613027e-04 1.061021202276106446e-04
3.747921785490502953e+04 1.055248022879191655e-04 1.053692451805024878e-04 1.057575285063955321e-04 1.055505253249390573e-04
3.747931785489502363e+04 1.049495471333619873e-04 1.047804401414705890e-04 1.051862041113868284e-04 1.049720637954064682e-04
3.747941785488501773e+04 1.043596529704248225e-04 1.041767857737611896e-04 1.046002404980602769e-04 1.043788930807487675e-04
3.747951785487501184e+04 1.037496944608946051e-04 1.035528793990823498e-04 1.039942074182313204e-04 1.037655937594027494e-04
3.747961785486500594e+04 1.031202622343419092e-04 1.029093345169919741e-04 1.033686932614228949e-04 1.031327633375855792e-04
3.747971785485500004e+04 1.024711794049956628e-04 1.022459947317575976e-04 1.027235168619024518e-04 1.024802303328852329e-04
3.747981785484499414e+04 1.018029325204285776e-04 1.015633682009247767e-04 1.020591634371885263e-04 1.018084880528473206e-04
3.747991785483498825e+04 1.011219424782677209e-04 1.008678970021222059e-04 1.013820495249659012e-04 1.011239630017852896e-04
3.748001785482498235e+04 1.004287740979712784e-04 1.001601650648420878e-04 1.006927390446279492e-04 1.004272260691470916e-04
3.748011785481497645e+04 9.971740265420444725e-05 9.943416959768784636e-05 9.998520435087935676e-05 9.971225886759055464e-05
3.748021785480497056e+04 9.899444129202818231e-05 9.869653889384524294e-05 9.926605766074338914e-05 9.898567928220560028e-05
3.748031785479496466e+04 9.825443594350071115e-05 9.794183980325656136e-05 9.852984171432228346e-05 9.824203915369318532e-05
3.748041785478495876e+04 9.750802078095355252e-05 9.718072375631806221e-05 9.778719138787289340e-05 9.749197864171483153e-05
3.748051785477495287e+04 9.674766929060408583e-05 9.640568040526433955e-05 9.703057809066633092e-05 9.672797592884492329e-05
3.748061785476494697e+04 9.597803563070899009e-05 9.562138355527679808e-05 9.626465432395225105e-05 9.595469116997934640e-05
3.748071785475494107e+04 9.519849181005183647e-05 9.482721594231001861e-05 9.548879350745399005e-05 9.517150041993861504e-05
3.748081785474493518e+04 9.441104825454677614e-05 9.402520645112173682e-05 9.470500513413165412e-05 9.438041994660003762e-05
3.748091785473492928e+04 9.361564147388734525e-05 9.321530275754519768e-05 9.391322589565689633e-05 9.358139004236315094e-05
3.748101785472492338e+04 9.281288998950172424e-05 9.239813858092554898e-05 9.311407482145106723e-05 9.277503446395944230e-05
3.748111785471491748e+04 9.200392392079884238e-05 9.157485610472809821e-05 9.230868247792466271e-05 9.196248750115054347e-05
3.748121785470491159e+04 9.118982458348401040e-05 9.074654737068264907e-05 9.149813209775289934e-05 9.114483468397319079e-05
3.748131785469490569e+04 9.037148434407066147e-05 8.991411124838519882e-05 9.068331657147695802e-05 9.032297072131093040e-05
3.748141785468489979e+04 8.954888710883475878e-05 8.907755009986572552e-05 8.986422006737794120e-05 8.949688575869281753e-05
3.748151785467489390e+04 8.872217994349410107e-05 8.823701786607509039e-05 8.904099254211941762e-05 8.866673011722954088e-05
3.748161785466488800e+04 8.789378818092367864e-05 8.739494309095972066e-05 8.821606216457715316e-05 8.783493114548684630e-05
3.748171785465488210e+04 8.706325464216071346e-05 8.655088347631515280e-05 8.738897121785712510e-05 8.700103644544433497e-05
3.748181785464487621e+04 8.623179009462681691e-05 8.570605334879418215e-05 8.656093463028334816e-05 8.616625935790144907e-05
3.748191785463487031e+04 8.539918851558821742e-05 8.486025730751426831e-05 8.573174751418403874e-05 8.533039777909549460e-05
3.748201785462486441e+04 8.456696699995923567e-05 8.401501738850688172e-05 8.490292952444304718e-05 8.449497130430305486e-05
3.748211785461485852e+04 8.373478955028816780e-05 8.317000478826930049e-05 8.407414711061071612e-05 8.365964714972271910e-05
3.748221785460485262e+04 8.290345640463275801e-05 8.232602154197260318e-05 8.324620357773067760e-05 8.282522717477868411e-05
3.748231785459484672e+04 8.207458257638802377e-05 8.148469303682846754e-05 8.242071636021081570e-05 8.199333065780910234e-05
3.748241785458484082e+04 8.124744538912661120e-05 8.064529967156269536e-05 8.159696501762700211e-05 8.116323669277210741e-05
3.748251785457483493e+04 8.042221225897578697e-05 7.980801413425529529e-05 8.077511986609129410e-05 8.033511541977412997e-05
3.748261785456482903e+04 7.960048393178668935e-05 7.897443782785370408e-05 7.995678534543727357e-05 7.951056903502588900e-05
3.748271785455482313e+04 7.878192418919741026e-05 7.814424993867656946e-05 7.914162526638130759e-05 7.868926646475175792e-05
3.748281785454481724e+04 7.796754499789966823e-05 7.731845581489137271e-05 7.833065711749524122e-05 7.787221931009542287e-05
3.748291785453481134e+04 7.715690063453321086e-05 7.649661656884497842e-05 7.752343596952077532e-05 7.705898439096633057e-05
3.748301785452480544e+04 7.635100043625895401e-05 7.567974760071411453e-05 7.672097351358402018e-05 7.625057385018569624e-05
3.748311785451479955e+04 7.554965025027034068e-05 7.486766094268605242e-05 7.592307819787272208e-05 7.544679646360970054e-05
3.748321785450479365e+04 7.475374148656983766e-05 7.406124895487853018e-05 7.513064452437742560e-05 7.464854498860859782e-05
3.748331785449478775e+04 7.396331705782345999e-05 7.326055820989677654e-05 7.434371652480726352e-05 7.385586393084249098e-05
3.748341785448478186e+04 7.317778309829045817e-05 7.246500054995307311e-05 7.356170204640779294e-05 7.306816189821710807e-05
3.748351785447477596e+04 7.239928715448607117e-05 7.167672916656304938e-05 7.278675098567913781e-05 7.228758910224275731e-05
3.748361785446477006e+04 7.162640780036122349e-05 7.089432322878873489e-05 7.201744297960120059e-05 7.151272466958372869e-05
3.748371785445476416e+04 7.085999478781070018e-05 7.011863601645880050e-05 7.125462980004638959e-05 7.074442020143862557e-05
3.748381785444475827e+04 7.010014932665775190e-05 6.934978087719904645e-05 7.049841188690103902e-05 6.998278069691927009e-05
3.748391785443475237e+04 6.934647491327626317e-05 6.858735675076221784e-05 6.974839710342149940e-05 6.922740958915331777e-05
3.748401785442474647e+04 6.859994756025214393e-05 6.783234818843485495e-05 6.900555799237252988e-05 6.847928458035317174e-05
3.748411785441474058e+04 6.786013033584293902e-05 6.708432479751693571e-05 6.826945884190482611e-05 6.773797132508822458e-05
3.748421785440473468e+04 6.712793208899270922e-05 6.634419642107985450e-05 6.754101074493800273e-05 6.700437975167018430e-05
3.748431785439472878e+04 6.640219090770757603e-05 6.561080633203176041e-05 6.681905066155617958e-05 6.627734930043184319e-05
3.748441785438472289e+04 6.568385495692922842e-05 6.488510811730723450e-05 6.610452549570447586e-05 6.555782952331364174e-05
3.748451785437471699e+04 6.497329770093962704e-05 6.416748026819639830e-05 6.539780736966683346e-05 6.484619511293426820e-05
3.748461785436471109e+04 6.426964781091747559e-05 6.345705838583049830e-05 6.469802370162087589e-05 6.414157663278962111e-05
3.748471785435470520e+04 6.357339727684547701e-05 6.275433319038510203e-05 6.400566702350676265e-05 6.344446583024576701e-05
3.748481785434469930e+04 6.288494120688389128e-05 6.205970500386645311e-05 6.332112892458133691e-05 6.275525837844387570e-05
3.748491785433469340e+04 6.220350637785425363e-05 6.137241754581406730e-05 6.264363289766159586e-05 6.207318560710997678e-05
3.748501785432468751e+04 6.152921741847547582e-05 6.069258420461894695e-05 6.197330333039400337e-05 6.139836831782947990e-05
3.748511785431468161e+04 6.086311570750474481e-05 6.002125500556125683e-05 6.131117820961244137e-05 6.073184964089280982e-05
3.748521785430467571e+04 6.020359569877446694e-05 5.935683174150290002e-05 6.065564823015892349e-05 6.007202522347876574e-05
3.748531785429466981e+04 5.955252103441210286e-05 5.870118151766338038e-05 6.000857378614958733e-05 5.942075877940836137e-05
3.748541785428466392e+04 5.890817748221385445e-05 5.805259478480808826e-05 5.936823623840992896e-05 5.877633616847728604e-05
3.748551785427465802e+04 5.827088237893465170e-05 5.741139316070066091e-05 5.873494952167126115e-05 5.813907502043552233e-05
3.748561785426465212e+04 5.764115095151607019e-05 5.677808891045909781e-05 5.810922449890044918e-05 5.750948812029187465e-05
3.748571785425464623e+04 5.701885245581575680e-05 5.615256119262428602e-05 5.749092474798863365e-05 5.688744613214289216e-05
3.748581785424464033e+04 5.640346011370022105e-05 5.553428180834075589e-05 5.687952061773440419e-05 5.627242084659179371e-05
3.748591785423463443e+04 5.579484654737616587e-05 5.492312979062051437e-05 5.627487633848286304e-05 5.566428422549317883e-05
3.748601785422462854e+04 5.519372337493807297e-05 5.431981468076860561e-05 5.567770208315693379e-05 5.506374671295453520e-05
3.748611785421462264e+04 5.460005174993303926e-05 5.372429811826803689e-05 5.508794892052169806e-05 5.447076626290759592e-05
3.748621785420461674e+04 5.401299496353501381e-05 5.313575348005072392e-05 5.450477681858336164e-05 5.388450842072303764e-05
3.748631785419461085e+04 5.343256964739187168e-05 5.255418955721533443e-05 5.392819616106483163e-05 5.330498512189068151e-05
3.748641785418460495e+04 5.285890427665658052e-05 5.197973671766981145e-05 5.335832833714225764e-05 5.273232311048955213e-05
3.748651785417459905e+04 5.229197720016248165e-05 5.141237711219824136e-05 5.279514540163060782e-05 5.216649990466378146e-05
3.748661785416459315e+04 5.173214723408702903e-05 5.085246038930908735e-05 5.223900076068714631e-05 5.160786946136109208e-05
3.748671785415458726e+04 5.117821965531499769e-05 5.029880201939201879e-05 5.168869095428355899e-05 5.105523754299686075e-05
3.748681785414458136e+04 5.063151217734330594e-05 4.975271552631223954e-05 5.114553038177937464e-05 5.050991936181164230e-05
3.748691785413457546e+04 5.009080723148219593e-05 4.921296876965029104e-05 5.060829230463759437e-05 4.997068943525669152e-05
3.748701785412456957e+04 4.955630981412495473e-05 4.867977904310470395e-05 5.007717588316727166e-05 4.943775491346564345e-05
3.748711785411456367e+04 4.902778729256190317e-05 4.815290138060555458e-05 4.955194160268830384e-05 4.891087675861858494e-05
3.748721785410455777e+04 4.850572969895644121e-05 4.763282433103541207e-05 4.903307337434594947e-05 4.839054246811260091e-05
3.748731785409455188e+04 4.798987061006899268e-05 4.711928155411392705e-05 4.852029731993757355e-05 4.787648316137350002e-05
3.748741785408454598e+04 4.747991140682949356e-05 4.661196166811035625e-05 4.801330943734061495e-05 4.736839417076015718e-05
3.748751785407454008e+04 4.697585979124173285e-05 4.611087413764692120e-05 4.751211271654248172e-05 4.686628221514371870e-05
3.748761785406453419e+04 4.647748778350282794e-05 4.561577626035942089e-05 4.701647135182501465e-05 4.636991179856242342e-05
3.748771785405452829e+04 4.598525168343663209e-05 4.512712186374863535e-05 4.652683621095023679e-05 4.587973658604517485e-05
3.748781785404452239e+04 4.549844678404079811e-05 4.464420384781083193e-05 4.604249664493109689e-05 4.539504909226090446e-05
3.748791785403451649e+04 4.501731620001393243e-05 4.416725440047505034e-05 4.556369209040706919e-05 4.491608756363201280e-05
3.748801785402451060e+04 4.454174922687732921e-05 4.369615065029903533e-05 4.509030538497548309e-05 4.444273508738394695e-05
3.748811785401450470e+04 4.407217585095443154e-05 4.323132052181101031e-05 4.462276328407776876e-05 4.397541988561439450e-05
3.748821785400449880e+04 4.360767333646576471e-05 4.277183028955231571e-05 4.416013739357926518e-05 4.351321367319911068e-05
3.748831785399449291e+04 4.314867060525374217e-05 4.231809797381346665e-05 4.370285350547367675e-05 4.305654069484696412e-05
3.748841785398448701e+04 4.269490930099906136e-05 4.186985480426479471e-05 4.325065117141414740e-05 4.260513842555933449e-05
3.748851785397448111e+04 4.224626190619158738e-05 4.142696379837324265e-05 4.280339732798585758e-05 4.215887434418356028e-05
3.748861785396447522e+04 4.180289781769948239e-05 4.098958868390538445e-05 4.236125899897134114e-05 4.171791516685873825e-05
3.748871785395446932e+04 4.136459135841480443e-05 4.055748507411466276e-05 4.192400976421826331e-05 4.128202873224924124e-05
3.748881785394446342e+04 4.093121118172627249e-05 4.013051666601508973e-05 4.149151349622764832e-05 4.085108044798967244e-05
3.748891785393445753e+04 4.050310042550680644e-05 3.970901866556342756e-05 4.106411527168685437e-05 4.042541145425236279e-05
3.748901785392445163e+04 4.008016595783323949e-05 3.929287733219277777e-05 4.064171711886136270e-05 4.000492013629578880e-05
3.748911785391444573e+04 3.966196610249846192e-05 3.888164915617616988e-05 4.022387800239195265e-05 3.958916442035552815e-05
3.748921785390443983e+04 3.924888576042365412e-05 3.847570178286847795e-05 3.981098495415772424e-05 3.917852416581662329e-05
3.748931785389443394e+04 3.884019741582302214e-05 3.807429532835217496e-05 3.940230887647703465e-05 3.877226720688407499e-05
3.748941785388442804e+04 3.843623520788104053e-05 3.767775221379653252e-05 3.899818357149954892e-05 3.837072366439237399e-05
3.748951785387442214e+04 3.803743559159067193e-05 3.728649939513499500e-05 3.859904696616695230e-05 3.797432731763087082e-05
3.748961785386441625e+04 3.764266314964708285e-05 3.689939249505019419e-05 3.820376389620870589e-05 3.758193984696866097e-05
3.748971785385441035e+04 3.725311821857429066e-05 3.651761328134325353e-05 3.781354067998486597e-05 3.719475739330080339e-05
3.748981785384440445e+04 3.686779386034482267e-05 3.614014043787303076e-05 3.742736988565204095e-05 3.681176806128996705e-05
3.748991785383439856e+04 3.648703543631747306e-05 3.576731241278698368e-05 3.704559950947904930e-05 3.643331578619449750e-05
3.749001785382439266e+04 3.611070095648286489e-05 3.539897388826329633e-05 3.666809050044693473e-05 3.605925511506436306e-05
3.749011785381438676e+04 3.573840002409147022e-05 3.503471729366804230e-05 3.629445955368476736e-05 3.568919229048142663e-05
3.749021785380438087e+04 3.537093016969692440e-05 3.467532260857041456e-05 3.592550710886596596e-05 3.532391996237776831e-05
3.749031785379437497e+04 3.500759141376140059e-05 3.432007806227072158e-05 3.556053901536632231e-05 3.496273616379947698e-05
3.749041785378436907e+04 3.464844655215764177e-05 3.396903152673650251e-05 3.519962275109052931e-05 3.460570027666155335e-05
3.749051785377436318e+04 3.429334676009294171e-05 3.362200458261113684e-05 3.484262284798929924e-05 3.425265806356445926e-05
3.749061785376435728e+04 3.394149115085953820e-05 3.327818025879691855e-05 3.448874130765986222e-05 3.390280423910544191e-05
3.749071785375435138e+04 3.359348214515894344e-05 3.293812881047591891e-05 3.413859602043039517e-05 3.355673565868842143e-05
3.749081785374434548e+04 3.324833228100943373e-05 3.260082302590262419e-05 3.379120369764992954e-05 3.321345300152066249e-05
3.749091785373433959e+04 3.290500092831701143e-05 3.226517137732676888e-05 3.344553323306381288e-05 3.287190184623586440e-05
3.749101785372433369e+04 3.255670211328623686e-05 3.192425718035608032e-05 3.309474803467310879e-05 3.252523577610513973e-05
3.749111785371432779e+04 3.222152330728296629e-05 3.159745436385418108e-05 3.275596471948301705e-05 3.219164746354005480e-05
3.749121785370432190e+04 3.189831210940292998e-05 3.128242857787641093e-05 3.242928389490036290e-05 3.187000819405990353e-05
3.749131785369431600e+04 3.158115475280961473e-05 3.097331569672295083e-05 3.210864780092960268e-05 3.155437275015404930e-05
3.749141785368431010e+04 3.126886131907657404e-05 3.066895268964279001e-05 3.179282963893897252e-05 3.124354788255277434e-05
3.749151785367430421e+04 3.096090203848421939e-05 3.036882718119706127e-05 3.148128165364529751e-05 3.093700362444218934e-05
3.749161785366429831e+04 3.065698677787871403e-05 3.007266073040070305e-05 3.117370412964369871e-05 3.063445054597436741e-05
3.749171785365429241e+04 3.035693722494534909e-05 2.978028285205327856e-05 3.086991395047631356e-05 3.033571134249164142e-05
3.749181785364428652e+04 3.006063421887673675e-05 2.949157946043070468e-05 3.056979021124266405e-05 3.004066796351669957e-05
3.749191785363428062e+04 2.976799217169611109e-05 2.920646802961617981e-05 3.027324766090265314e-05 2.974923595407164914e-05
3.749201785362427472e+04 2.947894534081560176e-05 2.892488439606674913e-05 2.998022234382346506e-05 2.946135069356860080e-05
3.749211785361426882e+04 2.919343998288274498e-05 2.864677533046251808e-05 2.969066332662036897e-05 2.917695954665520955e-05
3.749221785360426293e+04 2.891142970170556143e-05 2.837209418163474931e-05 2.940452773307875541e-05 2.889601720547302092e-05
3.749231785359425703e+04 2.863287262011561418e-05 2.810079829043260672e-05 2.912177769101338828e-05 2.861848286718720306e-05
3.749241785358425113e+04 2.835772964005921050e-05 2.783284743381283754e-05 2.884237842935958473e-05 2.834431850107720866e-05
3.749251785357424524e+04 2.808596337749423667e-05 2.756820289574016088e-05 2.856629708206793097e-05 2.807348778510077730e-05
3.749261785356423934e+04 2.781753749939878124e-05 2.730682691119623034e-05 2.829350193911185469e-05 2.780595544990229327e-05
3.749271785355423344e+04 2.755241632878229738e-05 2.704868234619120670e-05 2.802396197849872669e-05 2.754168688449074246e-05
3.749281785354422755e+04 2.729056459460380761e-05 2.679373250568450879e-05 2.775764657318587658e-05 2.728064789115806094e-05
3.749291785353422165e+04 2.703194730088466277e-05 2.654194104069516560e-05 2.749452531219546752e-05 2.702280455125842971e-05
3.749301785352421575e+04 2.677652963262959886e-05 2.629327188322511517e-05 2.723456789453312327e-05 2.676812313679594803e-05
3.749311785351420986e+04 2.652427692084438811e-05 2.604768922627683002e-05 2.697774405820667901e-05 2.651657006844263125e-05
3.749321785350420396e+04 2.627515461055390100e-05 2.580515750687085541e-05 2.672402354724349088e-05 2.626811188822274684e-05
3.749331785349419806e+04 2.602912825372858158e-05 2.556564140097466377e-05 2.647337608961601197e-05 2.602271524810642137e-05
3.749341785348419216e+04 2.578616350239389200e-05 2.532910581660921935e-05 2.622577138335298633e-05 2.578034690078536702e-05
3.749351785347418627e+04 2.554622610955686830e-05 2.509551589977734149e-05 2.598117909246460045e-05 2.554097370059960341e-05
3.749361785346418037e+04 2.530928192922450446e-05 2.486483702348211218e-05 2.573956884596110412e-05 2.530456259955590466e-05
3.749371785345417447e+04 2.507529692142061330e-05 2.463703479074299101e-05 2.550091023387024783e-05 2.507108064867794958e-05
3.749381785344416858e+04 2.484423714911777829e-05 2.441207503052955893e-05 2.526517281716717203e-05 2.484049499893816636e-05
3.749391785343416268e+04 2.461606878933968886e-05 2.418992379286159531e-05 2.503232612187973204e-05 2.461277290136033874e-05
3.749401785342415678e+04 2.439075813009283805e-05 2.397054734974198308e-05 2.480233964801793289e-05 2.438788170928425021e-05
3.749411785341415089e+04 2.416827157938338135e-05 2.375391218817374876e-05 2.457518287559159366e-05 2.416578888104957572e-05
3.749421785340414499e+04 2.394857566423345366e-05 2.353998501017539043e-05 2.435082526462685099e-05 2.394646197967856277e-05
3.749431785339413909e+04 2.373163704061663197e-05 2.332873272971853506e-05 2.412923626710029431e-05 2.372986867914515604e-05
3.749441785338413320e+04 2.351742249555475523e-05 2.312012247482174979e-05 2.391038532903781859e-05 2.351597676647144121e-05
3.749451785337412730e+04 2.330589895405317264e-05 2.291412158248791413e-05 2.369424190144842722e-05 2.330475414599650466e-05
3.749461785336412140e+04 2.309703348511699846e-05 2.271069759871981883e-05 2.348077544934081633e-05 2.309616884439254906e-05
3.749471785335411550e+04 2.289079330676609930e-05 2.250981828653453759e-05 2.326995545573889041e-05 2.289018901634650910e-05
3.749481785334410961e+04 2.268714579497478829e-05 2.231145161590534110e-05 2.306175143761978832e-05 2.268678294949996805e-05
3.749491785333410371e+04 2.248605848876254726e-05 2.211556577684920644e-05 2.285613295000690914e-05 2.248591907187288649e-05
3.749501785332409781e+04 2.228749909913327711e-05 2.192212917436838382e-05 2.265306959990762582e-05 2.228756595780309558e-05
3.749511785331409192e+04 2.209143551509062080e-05 2.173111043446484546e-05 2.245253105432901551e-05 2.209169233462816398e-05
3.749521785330408602e+04 2.189783581365188164e-05 2.154247840715408643e-05 2.225448705429207048e-05 2.189826709169934618e-05
3.749531785329408012e+04 2.170666826379172743e-05 2.135620217041002812e-05 2.205890742377403498e-05 2.170725928599192905e-05
3.749541785328407423e+04 2.151790133952690123e-05 2.117225103324793021e-05 2.186576207879539169e-05 2.151863815052340432e-05
3.749551785327406833e+04 2.133150372185974868e-05 2.099059454066887431e-05 2.167502104436143203e-05 2.133237310229668614e-05
3.749561785326406243e+04 2.114744431079210643e-05 2.081120247767371761e-05 2.148665445847723637e-05 2.114843374898102240e-05
3.749571785325405654e+04 2.096569222933881524e-05 2.063404487427593546e-05 2.130063258916080855e-05 2.096678989759185308e-05
3.749581785324405064e+04 2.078621683347443470e-05 2.045909200645004082e-05 2.111692584038911500e-05 2.078741156010453130e-05
3.749591785323404474e+04 2.060898772021316504e-05 2.028631440720906755e-05 2.093550476517955315e-05 2.061026896420059637e-05
3.749601785322403884e+04 2.043397472855567750e-05 2.011568286655287095e-05 2.075634007853530166e-05 2.043533255788128450e-05
