6.511192007322999871e+02 6.530921028500000222e-06 6.508898765750000371e-06 6.581563939000000386e-06 6.540461244416666428e-06
6.512192006922999781e+02 1.801729169427826981e-05 1.804349665585464307e-05 1.827239953774878229e-05 1.811106262929389839e-05
6.513192006522999691e+02 1.645598208452143718e-05 1.648313508843257127e-05 1.672040527503020245e-05 1.655317414932806804e-05
6.514192006122999601e+02 1.543863863663641635e-05 1.546661226399796530e-05 1.570975454336250542e-05 1.553833514799896236e-05
6.515192005722999511e+02 2.098016014281920108e-05 2.097153480922525257e-05 2.111027797389222529e-05 2.102065764197889411e-05
6.516192005322999421e+02 2.012686940834934978e-05 2.011793939487222421e-05 2.025450491610883129e-05 2.016643790644347069e-05
6.517192004922999331e+02 1.959414814946915229e-05 1.958503441475118291e-05 1.972047657564472565e-05 1.963321971328835474e-05
6.518192004522999241e+02 1.928374275056287879e-05 1.927454858627376415e-05 1.940968738498017704e-05 1.932265957393894225e-05
6.519192004122999151e+02 1.910710043047045021e-05 1.909789770797398707e-05 1.923320632155812556e-05 1.914606815333418874e-05
6.520192003722999061e+02 1.900683313872152935e-05 1.899763522598678597e-05 1.913334863459714157e-05 1.904593899976848563e-05
6.521192003322998971e+02 1.895749777541021409e-05 1.894832618173011309e-05 1.908452928109958545e-05 1.899678441274663303e-05
6.522192002922998881e+02 1.895324987855251107e-05 1.894412861465203692e-05 1.908091558720705088e-05 1.899276469347053296e-05
6.523192002522998791e+02 1.898639385424618077e-05 1.897734012335372132e-05 1.911478201860034829e-05 1.902617199873341566e-05
6.524192002122998701e+02 1.903286100753706042e-05 1.902388872651039755e-05 1.916202293960054718e-05 1.907292422454933279e-05
6.525192001722998612e+02 1.909498337242068099e-05 1.908609453555818060e-05 1.922487090444392304e-05 1.913531627080759714e-05
6.526192001322998522e+02 1.917847935680525170e-05 1.916968580356260933e-05 1.930910575638998799e-05 1.921909030558594628e-05
6.527192000922998432e+02 1.927222223559113347e-05 1.926355341566551272e-05 1.940368202572350563e-05 1.931315255899338507e-05
6.528192000522998342e+02 1.936750277312695019e-05 1.935893465708628480e-05 1.949981436061463554e-05 1.940875059694262351e-05
6.529192000122998252e+02 1.947043430634740771e-05 1.946197212916563071e-05 1.960360885124550471e-05 1.951200509558617991e-05
6.530191999722998162e+02 1.959189527107410171e-05 1.958357548563358224e-05 1.972592154694682054e-05 1.963379743455150037e-05
6.531191999322998072e+02 1.972211086993902831e-05 1.971393184170727085e-05 1.985697295447350639e-05 1.976433855537326965e-05
6.532191998922997982e+02 1.985030328291078337e-05 1.984227506968715192e-05 1.998604552767038362e-05 1.989287462675610630e-05
6.533191998522997892e+02 1.998639262926278607e-05 1.997852732577089669e-05 2.012304369493800489e-05 2.002932121665723035e-05
6.534191998122997802e+02 2.012637674325068124e-05 2.011867495602510814e-05 2.026387029258612762e-05 2.016964066395397233e-05
6.535191997722997712e+02 2.027104493046366976e-05 2.026351954522979761e-05 2.040941782864728529e-05 2.031466076811358422e-05
6.536191997322997622e+02 2.042425498216438010e-05 2.041692168665468047e-05 2.056356202994604363e-05 2.046824623292170140e-05
6.537191996922997532e+02 2.057257162675534202e-05 2.056543090201096245e-05 2.071275073540627241e-05 2.061691775472419342e-05
6.538191996522997442e+02 2.073467321807190793e-05 2.072773252865484374e-05 2.087573534976800826e-05 2.077938036549825218e-05
6.539191996122997352e+02 2.090031810318545167e-05 2.089357966392712645e-05 2.104234245649973500e-05 2.094541340787076878e-05
6.540191995722997262e+02 2.106489529468662670e-05 2.105838300524857020e-05 2.120786169961879985e-05 2.111037999985133112e-05
6.541191995322997172e+02 2.123019418163681928e-05 2.122393451955285052e-05 2.137406815925779136e-05 2.127606562014915711e-05
6.542191994922997083e+02 2.139496235993199424e-05 2.138895026836958008e-05 2.153972138937559493e-05 2.144121133922572195e-05
6.543191994522996993e+02 2.158045700725090375e-05 2.157470500825553104e-05 2.172613376988749594e-05 2.162709859513130799e-05
6.544191994122996903e+02 2.176808885756786161e-05 2.176261312116938739e-05 2.191477660952901186e-05 2.181515952942208921e-05
6.545191993722996813e+02 2.195320798820348432e-05 2.194799625051041731e-05 2.210077156246297654e-05 2.200065860039229385e-05
6.546191993322996723e+02 2.214162498322631492e-05 2.213666799473239371e-05 2.229000788780606488e-05 2.218943362192159343e-05
6.547191992922996633e+02 2.233115369919448515e-05 2.232648592774299264e-05 2.248040773895295427e-05 2.237934912196347622e-05
6.548191992522996543e+02 2.252891096465818436e-05 2.252456637890302616e-05 2.267909791919674205e-05 2.257752508758598193e-05
6.549191992122996453e+02 2.272937188178877950e-05 2.272533872151734325e-05 2.288049875529652122e-05 2.277840311953421805e-05
6.550191991722996363e+02 2.293700330262915348e-05 2.293325623385117942e-05 2.308892382229562248e-05 2.298639445292531959e-05
6.551191991322996273e+02 2.314622048574526710e-05 2.314275978064501130e-05 2.329893952096688390e-05 2.319597326245238518e-05
6.552191990922996183e+02 2.335489082893880386e-05 2.335168008852784568e-05 2.350834081634473619e-05 2.340497057793713084e-05
6.553191990522996093e+02 2.357726514409522531e-05 2.357429704158658761e-05 2.373132694679506348e-05 2.362762971082562772e-05
6.554191990122996003e+02 2.380281871500680379e-05 2.380009024112804243e-05 2.395745798727010517e-05 2.385345564780165159e-05
6.555191989722995913e+02 2.402377292808896081e-05 2.402120964536152872e-05 2.417891114989984753e-05 2.407463124111677789e-05
6.556191989322995823e+02 2.425564039150600901e-05 2.425318430347551293e-05 2.441110450165323527e-05 2.430664306554491681e-05
6.557191988922995733e+02 2.449645165280441402e-05 2.449401922452441746e-05 2.465204312413627806e-05 2.454750466715503764e-05
6.558191988522995644e+02 2.473906335718667587e-05 2.473654525195273098e-05 2.489453178024589867e-05 2.479004679646176399e-05
6.559191988122995554e+02 2.499145992285459062e-05 2.498866870433302467e-05 2.514646954245035426e-05 2.504219938987932431e-05
6.560191987722995464e+02 2.524319800426063029e-05 2.523987030064124947e-05 2.539727061830958192e-05 2.529344630773715276e-05
6.561191987322995374e+02 2.550378627299105464e-05 2.549961354177855761e-05 2.565625129128918543e-05 2.555321703535293030e-05
6.562191986922995284e+02 2.577607373498501145e-05 2.577056358816003318e-05 2.592602775033327328e-05 2.582422169115944043e-05
6.563191986522995194e+02 2.606140734250042516e-05 2.605391312315123516e-05 2.620749505275596215e-05 2.610760517280253856e-05
6.564191986122995104e+02 2.636115825086504265e-05 2.635076446453686984e-05 2.650159422212039142e-05 2.640450564584076684e-05
6.565191985722995014e+02 2.667512784161601771e-05 2.666048184213476034e-05 2.680705607169499218e-05 2.671422191848192454e-05
6.566191985322994924e+02 2.700950435881667555e-05 2.698853154884192927e-05 2.712802426957762139e-05 2.704202005907874320e-05
6.567191984922994834e+02 2.737388148917862046e-05 2.734342807656925061e-05 2.747106135806802192e-05 2.739612364127196772e-05
6.568191984522994744e+02 2.779153331189925257e-05 2.774642323560133888e-05 2.785318674007829820e-05 2.779704776252629655e-05
6.569191984122994654e+02 2.827861854633467533e-05 2.820976274397572748e-05 2.827649458052196166e-05 2.825495862361078703e-05
6.570191983722994564e+02 2.891669575517556156e-05 2.880607423486931809e-05 2.878745339987570260e-05 2.883674112997352629e-05
6.571191983322994474e+02 2.991395400666268939e-05 2.971812243625914526e-05 2.948940341184807720e-05 2.970715995158996949e-05
6.572191982922994384e+02 3.185528055325234788e-05 3.148480215714727761e-05 3.060928854403369593e-05 3.131645708481110488e-05
6.573191982522994294e+02 3.560516589581610238e-05 3.530225646194851542e-05 3.242858385889925882e-05 3.444533540555462780e-05
6.574191982122994204e+02 3.991824874544764017e-05 3.887093629423420685e-05 3.577490249642024782e-05 3.818802917870070280e-05
6.575191981722994115e+02 4.145312219805284877e-05 3.769410725540796688e-05 4.136575575577569087e-05 4.017099506974549766e-05
6.576191981322994025e+02 3.893045186453007500e-05 3.623883368739886794e-05 4.306317795040138721e-05 3.941082116744344113e-05
6.577191980922993935e+02 3.850551638508922103e-05 3.696024125402765196e-05 4.417133055214415648e-05 3.987902939708701434e-05
6.578191980522993845e+02 4.092838589405057892e-05 3.864326758370272951e-05 4.262172410439346788e-05 4.073112586071558759e-05
6.579191980122993755e+02 4.280799205328084459e-05 4.093773035563991680e-05 3.881467476735191597e-05 4.085346572542422578e-05
6.580191979722993665e+02 4.347775210138231643e-05 4.481669024014138254e-05 3.752711326782659761e-05 4.194051853645009434e-05
6.581191979322993575e+02 4.343120885261254340e-05 4.463241870397436696e-05 3.754865148481343023e-05 4.187075968046677116e-05
6.582191978922993485e+02 4.189720654123994413e-05 4.112796026619501197e-05 3.763523383884806656e-05 4.022013354876101659e-05
6.583191978522993395e+02 3.989431973213593713e-05 3.863228376239063170e-05 3.707800611872955976e-05 3.853486987108537394e-05
6.584191978122993305e+02 3.749291128118621886e-05 3.729909453755481677e-05 3.624513903506519516e-05 3.701238161793541027e-05
6.585191977722993215e+02 3.607280893387873372e-05 3.630632218906965482e-05 3.566190492849702787e-05 3.601367868381513655e-05
6.586191977322993125e+02 3.539206510894136657e-05 3.575646735386487171e-05 3.553428892247790431e-05 3.556094046176138312e-05
6.587191976922993035e+02 3.533205930835166633e-05 3.583905295090062244e-05 3.589731615245895412e-05 3.568947613723707645e-05
6.588191976522992945e+02 3.566951661757359043e-05 3.635820699006242593e-05 3.661745451032459830e-05 3.621505937265354048e-05
6.589191976122992855e+02 3.627933832514664182e-05 3.721604549681763478e-05 3.769791149277510557e-05 3.706443177157979632e-05
6.590191975722992765e+02 3.716629247683835133e-05 3.847043628315420548e-05 3.929751159832536926e-05 3.831141345277264202e-05
6.591191975322992676e+02 3.843114036802525288e-05 4.032691270609374730e-05 4.181600092439094924e-05 4.019135133283665206e-05
6.592191974922992586e+02 4.041023130267971518e-05 4.335908321863240025e-05 4.636554652765485226e-05 4.337828701632232031e-05
6.593191974522992496e+02 4.399623236151355165e-05 4.908936042401618432e-05 5.635714060262743039e-05 4.981424446271906449e-05
6.594191974122992406e+02 5.192574489770131663e-05 6.230113849020065637e-05 8.299074837629411179e-05 6.573921058806536611e-05
6.595191973722992316e+02 7.096152107304341079e-05 9.668434348128403548e-05 1.263375577402891950e-04 9.799447409820555613e-05
6.596191973322992226e+02 9.669060670196541105e-05 1.416349651565718712e-04 1.314522855235151512e-04 1.232592857940174869e-04
6.597191972922992136e+02 1.044360314092717637e-04 1.244945357168005147e-04 9.742036055116268245e-05 1.087836425590783113e-04
6.598191972522992046e+02 9.116742611928627615e-05 9.650400452504636305e-05 6.816795531667075388e-05 8.527979532033445984e-05
6.599191972122991956e+02 6.818686245108522635e-05 7.670369692332943106e-05 5.355317538856925534e-05 6.614791158766130199e-05
6.600191971722991866e+02 5.406848717789504227e-05 5.944155268029283675e-05 4.757555999622704038e-05 5.369519995147164658e-05
6.601191971322991776e+02 4.731694395084524280e-05 5.007674570620709013e-05 4.488518799270486672e-05 4.742629254991906655e-05
6.602191970922991686e+02 4.456650846657944859e-05 4.623028735386377661e-05 4.365611951887070179e-05 4.481763844643797792e-05
6.603191970522991596e+02 4.345595119456833127e-05 4.459061067884897902e-05 4.313998782097925200e-05 4.372884989813218291e-05
6.604191970122991506e+02 4.303452922917009210e-05 4.386363243492984838e-05 4.298555521070167583e-05 4.329457229160053877e-05
6.605191969722991416e+02 4.295928571871521402e-05 4.359249714960957778e-05 4.304266225111683884e-05 4.319814837314720570e-05
6.606191969322991326e+02 4.309709657783274437e-05 4.359593914389819273e-05 4.325038745297581154e-05 4.331447439156891396e-05
6.607191968922991236e+02 4.335812397933401540e-05 4.376020004664849124e-05 4.354993765755066977e-05 4.355608722784440117e-05
6.608191968522991147e+02 4.370218930773040334e-05 4.403202946892158048e-05 4.391569045294555222e-05 4.388330307653251201e-05
6.609191968122991057e+02 4.411097171132986552e-05 4.438538078380395934e-05 4.433672785153235823e-05 4.427769344888872770e-05
6.610191967722990967e+02 4.455731065142629565e-05 4.478818103893804418e-05 4.478984191204929367e-05 4.471177786747121343e-05
6.611191967322990877e+02 4.504763451950458348e-05 4.524361428227478669e-05 4.528365749489783457e-05 4.519163543222573265e-05
6.612191966922990787e+02 4.557161538446331849e-05 4.573920888590016464e-05 4.580910189745236418e-05 4.570664205593861351e-05
6.613191966522990697e+02 4.611841886197227540e-05 4.626255881840780589e-05 4.635623243236819424e-05 4.624573670424943195e-05
6.614191966122990607e+02 4.668746915973751694e-05 4.681201507646314756e-05 4.692510096386383816e-05 4.680819506668817433e-05
6.615191965722990517e+02 4.728261050530854418e-05 4.739060318270756284e-05 4.751954950079099668e-05 4.739758772960236564e-05
6.616191965322990427e+02 4.789631697420135238e-05 4.799016187342489473e-05 4.813217966605290172e-05 4.800621950455971854e-05
6.617191964922990337e+02 4.852810008008182242e-05 4.860979897627677618e-05 4.876302372575129035e-05 4.863364092736996073e-05
6.618191964522990247e+02 4.918238591992125474e-05 4.925356421560120535e-05 4.941615323370934744e-05 4.928403445641060251e-05
6.619191964122990157e+02 4.985481197532156832e-05 4.991675462430151080e-05 5.008725681373089520e-05 4.995294113778466036e-05
6.620191963722990067e+02 5.056368319293013628e-05 5.061749036696745676e-05 5.079490752369318629e-05 5.065869369453025978e-05
6.621191963322989977e+02 5.126119047717618267e-05 5.130783862550718818e-05 5.149119834495120699e-05 5.135340914921152143e-05
6.622191962922989887e+02 5.194895209636195331e-05 5.198922546341601001e-05 5.217772949406569147e-05 5.203863568461455160e-05
6.623191962522989797e+02 5.267906396782602612e-05 5.271357440177379362e-05 5.290674424024160332e-05 5.276646086994714102e-05
6.624191962122989707e+02 5.345311311482970923e-05 5.348241965824759251e-05 5.367972117472579829e-05 5.353841798260104012e-05
6.625191961722989618e+02 5.427117910450779810e-05 5.429585117242566794e-05 5.449658642644822847e-05 5.435453890112722924e-05
6.626191961322989528e+02 5.506853974126513208e-05 5.508894204203646498e-05 5.529275213425544273e-05 5.515007797251901778e-05
6.627191960922989438e+02 5.587908759053069929e-05 5.589555547970760007e-05 5.610218692314773584e-05 5.595894333112868743e-05
6.628191960522989348e+02 5.680859963835282220e-05 5.682147721013726827e-05 5.703050224935786775e-05 5.688685969928265274e-05
6.629191960122989258e+02 5.765175652402336568e-05 5.766134153111009700e-05 5.787243539138926693e-05 5.772851114884090535e-05
6.630191959722989168e+02 5.849715948293920346e-05 5.850365686289174852e-05 5.871650046527315760e-05 5.857243893703470319e-05
6.631191959322989078e+02 5.938324646349529379e-05 5.938686599438749113e-05 5.960114972407340439e-05 5.945708739398539644e-05
6.632191958922988988e+02 6.025391051121966419e-05 6.025485417920900923e-05 6.047056577312230337e-05 6.032644348785033011e-05
6.633191958522988898e+02 6.124033771012428625e-05 6.123881908053896146e-05 6.145584205331368712e-05 6.131166628132565398e-05
6.634191958122988808e+02 6.225178967097587770e-05 6.224792579590340174e-05 6.246583876401099746e-05 6.232185141029674541e-05
6.635191957722988718e+02 6.329453409025990020e-05 6.328838610898577480e-05 6.350698262463083112e-05 6.336330094129217323e-05
6.636191957322988628e+02 6.427347698221712357e-05 6.426514757561411855e-05 6.448403549039638961e-05 6.434088668274255294e-05
6.637191956922988538e+02 6.529277956875977648e-05 6.528241770006732695e-05 6.550140945686145093e-05 6.535886890856286500e-05
6.638191956522988448e+02 6.645894828505679490e-05 6.644663938298612507e-05 6.666590699788650437e-05 6.652383155530981263e-05
6.639191956122988358e+02 6.752371222489816894e-05 6.750951584991402043e-05 6.772874645737393911e-05 6.758732484406203831e-05
6.640191955722988268e+02 6.864655611083631502e-05 6.863050691471567330e-05 6.884931069341290960e-05 6.870879123965496597e-05
6.641191955322988179e+02 6.989177538513416377e-05 6.987396262436278973e-05 7.009209749504242710e-05 6.995261183484645568e-05
6.642191954922988089e+02 7.106485079864501898e-05 7.104539618462191500e-05 7.126278834312687238e-05 7.112434510879792190e-05
6.643191954522987999e+02 7.228502923852702169e-05 7.226383954158536267e-05 7.248047462029779970e-05 7.234311446680338114e-05
6.644191954122987909e+02 7.358590051191147977e-05 7.356295555111200279e-05 7.377853263627868097e-05 7.364246289976738333e-05
6.645191953722987819e+02 7.489483804256038733e-05 7.487020445778697043e-05 7.508432554637798305e-05 7.494978934890843790e-05
6.646191953322987729e+02 7.621899091546469420e-05 7.619270949780064420e-05 7.640526298042699701e-05 7.627232113123076944e-05
6.647191952922987639e+02 7.756329546182690938e-05 7.753530653205315372e-05 7.774592597600970428e-05 7.761484265662991794e-05
6.648191952522987549e+02 7.897972513286105525e-05 7.895006821320192723e-05 7.915857085755820840e-05 7.902945473454039244e-05
6.649191952122987459e+02 8.044388124315337619e-05 8.041261829638565002e-05 8.061878456229706652e-05 8.049176136727869758e-05
6.650191951722987369e+02 8.191390055788200990e-05 8.188092531141133684e-05 8.208445231620026413e-05 8.195975939516452792e-05
6.651191951322987279e+02 8.347840278847099579e-05 8.344369395772734924e-05 8.364432712663421264e-05 8.352214129094417234e-05
6.652191950922987189e+02 8.509124793165444365e-05 8.505476134788194482e-05 8.525239459905441686e-05 8.513280129286360178e-05
6.653191950522987099e+02 8.672369943694948279e-05 8.668542816233715601e-05 8.687960619045050352e-05 8.676291126324570959e-05
6.654191950122987009e+02 8.832213089623040434e-05 8.828196667794993091e-05 8.847220209994539702e-05 8.835876655804191979e-05
6.655191949722986919e+02 9.004385650325940780e-05 9.000183890671574938e-05 9.018794173700063292e-05 9.007787904899192100e-05
6.656191949322986829e+02 9.194272531750907870e-05 9.189885142496719841e-05 9.208030590088169161e-05 9.197396088111932291e-05
6.657191948922986739e+02 9.378038475614546877e-05 9.373438922136606869e-05 9.391088384089118168e-05 9.380855260613423971e-05
6.658191948522986650e+02 9.564081781011925210e-05 9.559278643640677585e-05 9.576411289545090871e-05 9.566590571399231674e-05
6.659191948122986560e+02 9.762892199489505763e-05 9.757873013870215005e-05 9.774428076565094044e-05 9.765064429974937819e-05
6.660191947722986470e+02 9.962110409003602945e-05 9.956865294284183629e-05 9.972798145420801381e-05 9.963924616236195081e-05
6.661191947322986380e+02 1.016782608476259541e-04 1.016233249344674884e-04 1.017758767095799000e-04 1.016924874972244340e-04
6.662191946922986290e+02 1.038651040365087873e-04 1.038075805567014581e-04 1.039526606679270468e-04 1.038751150870457596e-04
6.663191946522986200e+02 1.060999617119799378e-04 1.060398222434324588e-04 1.061772685649244193e-04 1.061056841734456008e-04
6.664191946122986110e+02 1.084123294667417218e-04 1.083494753493752748e-04 1.084786944229445898e-04 1.084134997463538576e-04
6.665191945722986020e+02 1.108152176375515509e-04 1.107494671235023881e-04 1.108696813229328033e-04 1.108114553613289322e-04
6.666191945322985930e+02 1.132563754326878418e-04 1.131874808011044953e-04 1.132983982713840917e-04 1.132474181683921474e-04
6.667191944922985840e+02 1.157397200921687387e-04 1.156674682273961616e-04 1.157682161608380018e-04 1.157251348268009629e-04
6.668191944522985750e+02 1.183647773812532760e-04 1.182890688172938962e-04 1.183787117676757879e-04 1.183441859887409732e-04
6.669191944122985660e+02 1.211063192729248592e-04 1.210268212023523650e-04 1.211045925999895174e-04 1.210792443584222608e-04
6.670191943722985570e+02 1.239223790402487293e-04 1.238388228220983279e-04 1.239040574855237856e-04 1.238884197826236233e-04
6.671191943322985480e+02 1.268658076721705847e-04 1.267781631968298815e-04 1.268300494523876367e-04 1.268246734404627010e-04
6.672191942922985390e+02 1.299212064213463433e-04 1.298289428246991359e-04 1.298661357986449186e-04 1.298720950148968083e-04
6.673191942522985300e+02 1.330333860213117158e-04 1.329363046936740754e-04 1.329576170119448541e-04 1.329757692423101970e-04
6.674191942122985211e+02 1.363196065594190186e-04 1.362172407995625005e-04 1.362223662369479928e-04 1.362530711986431977e-04
6.675191941722985121e+02 1.397518920628990243e-04 1.396441810986204137e-04 1.396319324513843943e-04 1.396760018709679351e-04
6.676191941322985031e+02 1.432498284137459911e-04 1.431364035948959270e-04 1.431050670508117678e-04 1.431637663531512106e-04
6.677191940922984941e+02 1.468621970372304352e-04 1.467422761956612570e-04 1.466908784193720109e-04 1.467651172174212434e-04
6.678191940522984851e+02 1.506391671376427750e-04 1.505119490630578882e-04 1.504391670540158172e-04 1.505300944182388358e-04
6.679191940122984761e+02 1.546111990828381334e-04 1.544765584077219343e-04 1.543811811150039466e-04 1.544896462018546714e-04
6.680191939722984671e+02 1.587249919315007578e-04 1.585825009610062058e-04 1.584621397678882371e-04 1.585898775534650849e-04
6.681191939322984581e+02 1.630782757981157766e-04 1.629269397863994493e-04 1.627798382414715633e-04 1.629283512753289568e-04
6.682191938922984491e+02 1.675245172272341097e-04 1.673633857842824662e-04 1.671871190523463880e-04 1.673583406879543213e-04
6.683191938522984401e+02 1.721859482628442428e-04 1.720137388316152942e-04 1.718079544597038487e-04 1.720025471847211557e-04
6.684191938122984311e+02 1.770854188652358475e-04 1.769027742932865457e-04 1.766655697877497278e-04 1.768845876487573827e-04
6.685191937722984221e+02 1.821463278442685249e-04 1.819516822372323314e-04 1.816798144784030362e-04 1.819259415199679913e-04
6.686191937322984131e+02 1.874460465552625686e-04 1.872374967031027303e-04 1.869285627630907359e-04 1.872040353404853450e-04
6.687191936922984041e+02 1.929530765518890892e-04 1.927288554061466611e-04 1.923805622192367672e-04 1.926874980590908301e-04
6.688191936522983951e+02 1.987793428572670747e-04 1.985403175239694180e-04 1.981491836356709629e-04 1.984896146723024943e-04
6.689191936122983861e+02 2.048668831650329132e-04 2.046101411179987776e-04 2.041742029308228081e-04 2.045504090712848329e-04
6.690191935722983771e+02 2.112450023468047855e-04 2.109693300014922840e-04 2.104845095793431717e-04 2.108996139758800804e-04
6.691191935322983682e+02 2.179194016366065262e-04 2.176216574665773378e-04 2.170840382782305308e-04 2.175416991271381226e-04
6.692191934922983592e+02 2.249251577726294935e-04 2.246091972130784048e-04 2.240143842441941072e-04 2.245162464099673171e-04
6.693191934522983502e+02 2.322958817498688502e-04 2.319527815023224413e-04 2.312976753773046375e-04 2.318487795431653097e-04
6.694191934122983412e+02 2.400410640502047841e-04 2.396717004569601510e-04 2.389528928621361260e-04 2.395552191231003266e-04
6.695191933722983322e+02 2.482538928871766675e-04 2.478529954734873990e-04 2.470660963177194209e-04 2.477243282261278653e-04
6.696191933322983232e+02 2.568820149102592231e-04 2.564464261258404148e-04 2.555833385477340454e-04 2.563039265279445792e-04
6.697191932922983142e+02 2.660325132535952541e-04 2.655600962455099056e-04 2.646155750067949453e-04 2.654027281686333864e-04
6.698191932522983052e+02 2.756542566459637723e-04 2.751415173591949953e-04 2.741096879885312446e-04 2.749684873312300041e-04
6.699191932122982962e+02 2.856496251104500726e-04 2.850927397465691498e-04 2.839691628454602251e-04 2.849038425674931311e-04
6.700191931722982872e+02 2.962798269275160323e-04 2.956738853206198063e-04 2.944501090156053280e-04 2.954679404212470556e-04
6.701191931322982782e+02 3.077011579727491537e-04 3.070389475662569419e-04 3.057061304124199480e-04 3.068154119838087173e-04
6.702191930922982692e+02 3.197958586504975431e-04 3.190707386836500207e-04 3.176226591975568809e-04 3.188297521772347968e-04
6.703191930522982602e+02 3.326043848214225735e-04 3.318097765306436816e-04 3.302362591327445869e-04 3.315501401616035779e-04
6.704191930122982512e+02 3.462550562955245682e-04 3.453860897280804781e-04 3.436730197319594077e-04 3.451047219185214847e-04
6.705191929722982422e+02 3.607227951005198270e-04 3.597648057987632114e-04 3.579045963821010190e-04 3.594640657604613525e-04
6.706191929322982332e+02 3.761888734082460741e-04 3.751331755820313239e-04 3.731156913918210003e-04 3.748125801273662050e-04
6.707191928922982243e+02 3.927376516870414525e-04 3.915760571908611298e-04 3.893830962730358575e-04 3.912322683836461827e-04
6.708191928522982153e+02 4.104075683256501071e-04 4.091203935540288429e-04 4.067337466939493443e-04 4.087539028578760620e-04
6.709191928122982063e+02 4.294451812330109990e-04 4.280236956840095634e-04 4.254311263171365871e-04 4.276333344113856984e-04
6.710191927722981973e+02 4.499489491650089418e-04 4.483683401171156650e-04 4.455495900846371312e-04 4.479556264555872099e-04
6.711191927322981883e+02 4.719563817180445352e-04 4.702013078507694599e-04 4.671368430254339604e-04 4.697648441980826518e-04
6.712191926922981793e+02 4.956748863501555819e-04 4.937146892166708462e-04 4.903857770242839743e-04 4.932584508637034675e-04
6.713191926522981703e+02 5.213634365445555521e-04 5.191747190573275288e-04 5.155447335733893662e-04 5.186942963917574824e-04
6.714191926122981613e+02 5.491590824493354636e-04 5.467053692325796015e-04 5.427538259069312641e-04 5.462060925296154069e-04
6.715191925722981523e+02 5.794122893259338316e-04 5.766603255171931681e-04 5.723526174342192423e-04 5.761417440924487474e-04
6.716191925322981433e+02 6.125069677158543561e-04 6.094130782294251633e-04 6.047035568374490352e-04 6.088745342609094098e-04
6.717191924922981343e+02 6.487098519575385056e-04 6.452183417592360654e-04 6.400596042733308145e-04 6.446625993300352008e-04
6.718191924522981253e+02 6.884382793642570804e-04 6.844838667476656636e-04 6.788279697035712497e-04 6.839167052718314035e-04
6.719191924122981163e+02 7.321902227207326662e-04 7.277008481328642482e-04 7.214830162309600206e-04 7.271246956948523117e-04
6.720191923722981073e+02 7.806095081833961139e-04 7.755020282293966470e-04 7.686419845045024731e-04 7.749178403057651503e-04
6.721191923322980983e+02 8.343599729124140559e-04 8.285294117394918344e-04 8.209057658993554676e-04 8.279317168504203442e-04
6.722191922922980893e+02 8.943422371988473795e-04 8.876565050171355458e-04 8.791834471098107246e-04 8.870607297752644777e-04
6.723191922522980803e+02 9.617440149394057775e-04 9.540755309098763667e-04 9.446083667862055673e-04 9.534759708784959400e-04
6.724191922122980714e+02 1.037823941881783072e-03 1.028970023257150474e-03 1.018347609699013024e-03 1.028380524945982262e-03
6.725191921722980624e+02 1.124398197882142073e-03 1.114161915016447825e-03 1.102030019505605618e-03 1.113530044134731839e-03
6.726191921322980534e+02 1.223497385843107937e-03 1.211630191615896976e-03 1.197631392987375930e-03 1.210919656815460281e-03
6.727191920922980444e+02 1.337916636431468916e-03 1.324100938059867994e-03 1.307627704876138802e-03 1.323215093122491904e-03
6.728191920522980354e+02 1.471505906867129907e-03 1.455385739345553325e-03 1.435651297741874803e-03 1.454180981318185795e-03
6.729191920122980264e+02 1.629067205278434327e-03 1.610176356345905746e-03 1.585964064828361032e-03 1.608402542150900224e-03
6.730191919722980174e+02 1.817767328690100825e-03 1.795681466879389242e-03 1.764761143839133203e-03 1.792736646469541163e-03
6.731191919322980084e+02 2.047301422862063576e-03 2.021437669353992866e-03 1.980471444776391206e-03 2.016403512330815304e-03
6.732191918922979994e+02 2.332111503291557728e-03 2.302006761068422364e-03 2.244960188412235737e-03 2.293026150924071943e-03
6.733191918522979904e+02 2.694412656451151012e-03 2.659638220131269309e-03 2.575861220864124335e-03 2.643304032482181841e-03
6.734191918122979814e+02 3.171752509957087747e-03 3.132694317242783796e-03 3.000520881945558695e-03 3.101655903048476746e-03
6.735191917722979724e+02 3.832009557963093199e-03 3.790142854185790493e-03 3.563006407487669981e-03 3.728386273212184413e-03
6.736191917322979634e+02 4.785607421552878424e-03 4.747876541816590558e-03 4.333019521532560647e-03 4.622167828300676254e-03
6.737191916922979544e+02 6.307050995359342500e-03 6.293389032050736125e-03 5.442658700410592763e-03 6.014366242606889595e-03
6.738191916522979454e+02 9.137377015011332801e-03 9.203211955535174627e-03 7.163885548726402035e-03 8.501491506424303443e-03
6.739191916122979364e+02 1.570045456099971454e-02 1.602568498953445969e-02 1.011638339335526986e-02 1.394750764796314456e-02
6.740191915722979275e+02 2.982095770737368257e-02 3.088664591648480201e-02 1.590940034538750394e-02 2.553900132308199386e-02
6.741191915322979185e+02 3.510748103483946059e-02 3.755656125293940079e-02 2.913043644961482020e-02 3.393149291246455590e-02
6.742191914922979095e+02 3.415692989275292968e-02 4.012503540405312069e-02 5.637869831293819411e-02 4.355355453658141945e-02
6.743191914522979005e+02 4.654451264972175178e-02 4.962495308856272602e-02 9.464691860526683320e-02 6.360546144785043932e-02
6.744191914122978915e+02 7.031370591851152096e-02 4.978331069321129815e-02 9.836688206133191448e-02 7.282129955768491814e-02
6.745191913722978825e+02 9.242931964779223242e-02 5.528067023727054746e-02 6.693360479127771767e-02 7.154786489211349687e-02
6.746191913322978735e+02 9.317745564407670100e-02 6.386578808616101555e-02 5.607609474212540968e-02 7.103977949078771337e-02
6.747191912922978645e+02 8.314071217620594423e-02 7.541957471045185324e-02 6.265791208373659715e-02 7.373939965679812691e-02
6.748191912522978555e+02 7.782564862171101328e-02 9.244519556392094550e-02 6.203511250747047873e-02 7.743531889770081944e-02
6.749191912122978465e+02 8.210606686077559502e-02 1.039780424877711218e-01 6.001587488743558019e-02 8.203332807866076104e-02
6.750191911722978375e+02 8.187512140724648169e-02 1.008023107893832315e-01 6.497184748260767528e-02 8.254975989307912487e-02
6.751191911322978285e+02 6.890485036855432954e-02 8.173831159430505755e-02 6.775146962213411672e-02 7.279821052833115869e-02
6.752191910922978195e+02 5.290510630577131834e-02 5.874705888140706322e-02 6.389078653291070664e-02 5.851431724002970070e-02
6.753191910522978105e+02 4.804142495109064298e-02 5.103742424882208584e-02 4.654140653393679106e-02 4.854008524461650431e-02
6.754191910122978015e+02 4.402824326435589297e-02 4.943541669771824715e-02 3.183612238454093524e-02 4.176659411553835383e-02
6.755191909722977925e+02 5.323481584559650731e-02 5.914157142001807282e-02 3.432034134009469273e-02 4.889890953523642197e-02
6.756191909322977835e+02 4.098959436093600056e-02 4.426202767431998419e-02 1.977099270218728860e-02 3.500753824581442908e-02
6.757191908922977746e+02 5.357739293334049663e-02 5.692643492167182018e-02 4.419095942668306576e-02 5.156492909389846085e-02
6.758191908522977656e+02 5.031736196604017636e-02 6.034051456114714052e-02 5.302722079833264990e-02 5.456169910850665328e-02
6.759191908122977566e+02 5.589101482818848582e-02 7.415053099182901397e-02 6.296403581148027340e-02 6.433519387716593596e-02
6.760191907722977476e+02 5.732159797036756599e-02 8.985422732310435756e-02 7.666499056138720292e-02 7.461360528495303290e-02
6.761191907322977386e+02 7.685372289416622649e-02 1.269524607365432600e-01 1.158671604442561565e-01 1.065577813583218902e-01
6.762191906922977296e+02 1.152178927860403324e-01 1.464629383404973395e-01 1.289246254795685942e-01 1.302018188687021072e-01
6.763191906522977206e+02 1.564020566094814213e-01 1.246322364402203675e-01 1.359691901577978479e-01 1.390011610691665456e-01
6.764191906122977116e+02 1.583753188894480857e-01 9.794762269240424313e-02 1.583853415842871870e-01 1.382360943887131766e-01
6.765191905722977026e+02 1.331442671097827213e-01 8.683218298860179152e-02 2.148342712588774961e-01 1.449369071190872993e-01
6.766191905322976936e+02 1.237740745666171954e-01 9.984375363614644838e-02 2.334024876232971835e-01 1.523401052753536045e-01
6.767191904922976846e+02 1.355989489274626592e-01 1.257330542419677344e-01 1.676581891955045145e-01 1.429967307883116268e-01
6.768191904522976756e+02 1.387912894961443322e-01 1.404884588314025962e-01 9.111612587568695965e-02 1.234652914010779534e-01
6.769191904122976666e+02 1.043467137537221201e-01 1.132448359937766186e-01 5.149740153541226134e-02 8.969631709430367361e-02
6.770191903722976576e+02 5.546542039371948202e-02 5.925903669256046835e-02 3.117595225501496731e-02 4.863346978043163460e-02
6.771191903322976486e+02 3.054856648881360687e-02 3.204617228517248062e-02 2.097849640549225014e-02 2.785774505982611254e-02
6.772191902922976396e+02 1.974340980827916925e-02 2.031404212662206096e-02 1.533763692263182335e-02 1.846502961917768568e-02
6.773191902522976306e+02 1.416151303045765433e-02 1.435166442062771504e-02 1.182433591044282709e-02 1.344583778717606606e-02
6.774191902122976217e+02 1.079570978613138971e-02 1.082918567405224269e-02 9.435466753305601917e-03 1.035345407116307695e-02
6.775191901722976127e+02 8.443674078429641225e-03 8.424128527083848267e-03 7.628686351728706898e-03 8.165496319080731841e-03
6.776191901322976037e+02 6.700329035032654389e-03 6.664185648449469021e-03 6.241660805724212613e-03 6.535391829735445919e-03
6.777191900922975947e+02 5.680080363638551240e-03 5.596274070004229016e-03 5.386669941507017494e-03 5.554341458383265338e-03
6.778191900522975857e+02 4.960313369126121211e-03 4.895414167389320129e-03 4.735108832170005673e-03 4.863612122895148715e-03
6.779191900122975767e+02 4.302346707140472341e-03 4.251533904033242411e-03 4.107599127663640048e-03 4.220493246279118267e-03
6.780191899722975677e+02 3.826816581010170776e-03 3.771660801795812500e-03 3.674580632514802894e-03 3.757686005106928868e-03
6.781191899322975587e+02 3.435460459137231262e-03 3.381504865601256925e-03 3.318917844388077042e-03 3.378627723042188120e-03
6.782191898922975497e+02 3.094450546944038996e-03 3.043657021840827717e-03 3.005678083652445556e-03 3.047928550812437857e-03
6.783191898522975407e+02 2.806842943725204684e-03 2.759659052625710023e-03 2.738200534440225677e-03 2.768234176930380128e-03
6.784191898122975317e+02 2.563056932708306611e-03 2.519465665751241708e-03 2.509346947853141867e-03 2.530623182104230207e-03
6.785191897722975227e+02 2.354548099895263646e-03 2.314282642866322647e-03 2.312554144604807814e-03 2.327128295788797891e-03
6.786191897322975137e+02 2.174940550128398771e-03 2.137687483072368659e-03 2.142496693553355182e-03 2.151708242251374349e-03
6.787191896922975047e+02 2.018569272543741487e-03 1.984035730056395858e-03 1.994235511310954098e-03 1.998946837970363814e-03
6.788191896522974957e+02 1.878717239847237791e-03 1.846302917417516924e-03 1.861597135340318371e-03 1.862205764201691101e-03
6.789191896122974867e+02 1.758154779325241113e-03 1.728180356620817246e-03 1.747971691457392718e-03 1.744768942467816953e-03
6.790191895722974778e+02 1.659749720883426597e-03 1.632118397491754899e-03 1.655467255719478021e-03 1.649111791364886361e-03
6.791191895322974688e+02 1.573060121901470512e-03 1.546651078209451517e-03 1.573547444250896713e-03 1.564419548120606247e-03
6.792191894922974598e+02 1.496240345777082991e-03 1.471226510431125926e-03 1.502779557623331501e-03 1.490082137943846662e-03
6.793191894522974508e+02 1.431074996753621542e-03 1.407526558933054226e-03 1.445438292860947577e-03 1.428013282849207709e-03
6.794191894122974418e+02 1.374786200155788014e-03 1.352457601246098966e-03 1.397610931132872714e-03 1.374951577511586637e-03
6.795191893722974328e+02 1.327223341101143629e-03 1.305900855555465045e-03 1.359721797216393744e-03 1.330948664624334067e-03
6.796191893322974238e+02 1.288845806695466121e-03 1.268452156531173648e-03 1.333114565958522062e-03 1.296804176395053871e-03
6.797191892922974148e+02 1.260234355300865819e-03 1.240677445234441255e-03 1.319382478995457467e-03 1.273431426510254847e-03
6.798191892522974058e+02 1.242431706116096587e-03 1.223672861417592289e-03 1.321040865447024914e-03 1.262381810993571263e-03
6.799191892122973968e+02 1.237451558188907945e-03 1.219562639719090624e-03 1.342578821123997443e-03 1.266531006343998671e-03
6.800191891722973878e+02 1.249131220723219112e-03 1.232364031654533494e-03 1.392067258394545648e-03 1.291187503590766157e-03
6.801191891322973788e+02 1.284373686192598731e-03 1.269254237113588571e-03 1.484325343966974142e-03 1.345984422424387076e-03
6.802191890922973698e+02 1.355653820178605654e-03 1.342808228693067544e-03 1.646826503397738313e-03 1.448429517423137098e-03
6.803191890522973608e+02 1.481473319163148245e-03 1.470875848315803414e-03 1.925409390923536919e-03 1.625919519467495904e-03
6.804191890122973518e+02 1.679928322810399525e-03 1.672396834388154094e-03 2.391045387866923104e-03 1.914456848355158836e-03
6.805191889722973428e+02 1.958905189424660354e-03 1.955960870659700663e-03 3.128683268203210667e-03 2.347849776095857228e-03
6.806191889322973338e+02 2.350609957374047258e-03 2.377022145509597329e-03 4.163151518079042691e-03 2.963594540320895615e-03
6.807191888922973249e+02 3.013529994987123976e-03 3.060410564751757465e-03 5.655273259973292617e-03 3.909737939904058164e-03
6.808191888522973159e+02 4.272728348809613948e-03 4.309118654923334117e-03 8.585204329166672144e-03 5.722350444299872246e-03
6.809191888122973069e+02 6.620333873413803902e-03 6.602937379152618719e-03 1.379230677514327492e-02 9.005192675903231359e-03
6.810191887722972979e+02 9.098862464808761888e-03 9.370568906792478905e-03 1.728389594903959048e-02 1.191777577354694376e-02
6.811191887322972889e+02 8.882883655960759073e-03 9.409375296995778001e-03 1.215210324233319608e-02 1.014812073176324381e-02
6.812191886922972799e+02 7.544073577369429275e-03 7.389950541644468157e-03 5.888099934766282545e-03 6.940708017926726370e-03
6.813191886522972709e+02 7.696826092652798990e-03 6.259226902083333925e-03 3.110686901173136641e-03 5.688913298636422318e-03
6.814191886122972619e+02 5.977029596257957961e-03 4.166436695159983321e-03 1.933005507541238864e-03 4.025490599653059470e-03
6.815191885722972529e+02 3.208457802208172782e-03 2.256516546280224692e-03 1.342313031712099019e-03 2.269095793400165498e-03
6.816191885322972439e+02 1.743910762724729287e-03 1.344611116199813990e-03 1.015460289618697878e-03 1.367994056181080168e-03
6.817191884922972349e+02 1.145324738202666828e-03 9.463581151989437085e-04 8.172767714379758092e-04 9.696532082798621152e-04
6.818191884522972259e+02 8.527476257283006077e-04 7.359498057848956869e-04 6.861225927672740151e-04 7.582733414268234004e-04
6.819191884122972169e+02 6.844835321249262070e-04 6.079454314531711851e-04 5.935147034469740205e-04 6.286478890083571375e-04
6.820191883722972079e+02 5.764427452913036421e-04 5.223213854841802367e-04 5.248758602590157746e-04 5.412133303448332178e-04
6.821191883322971989e+02 5.015173706454970851e-04 4.610673199094603679e-04 4.720320706584686015e-04 4.782055870711419640e-04
6.822191882922971899e+02 4.465274794302465360e-04 4.149967714045110106e-04 4.300802875758141840e-04 4.305348461368572435e-04
6.823191882522971810e+02 4.043770999563658648e-04 3.789751453408915396e-04 3.959219040168533797e-04 3.930913831047035947e-04
6.824191882122971720e+02 3.709408037128131492e-04 3.499267544510321622e-04 3.675143614171808427e-04 3.627939731936753666e-04
6.825191881722971630e+02 3.436722761864078896e-04 3.259063709794878449e-04 3.434632134082191710e-04 3.376806201913716532e-04
6.826191881322971540e+02 3.209226020084643069e-04 3.056285256019653342e-04 3.227877289879813060e-04 3.164462855328036310e-04
6.827191880922971450e+02 3.015810300772302417e-04 2.882123004818438181e-04 3.047802122720987624e-04 2.981911809437242560e-04
6.828191880522971360e+02 2.848741573562420877e-04 2.730351965552903042e-04 2.889184005118145644e-04 2.822759181411156702e-04
6.829191880122971270e+02 2.702480526268020099e-04 2.596455795228240146e-04 2.748091581663649786e-04 2.682342634386636858e-04
6.830191879722971180e+02 2.572961632965537534e-04 2.477081774575109465e-04 2.621512731465853920e-04 2.557185379668833821e-04
6.831191879322971090e+02 2.457136494663035966e-04 2.369690226019577003e-04 2.507102693566557036e-04 2.444643138083056307e-04
6.832191878922971000e+02 2.352675674478985339e-04 2.272322499584635773e-04 2.403009815448696744e-04 2.342669329837439285e-04
6.833191878522970910e+02 2.257768790258676806e-04 2.183443548089101258e-04 2.307752642720486741e-04 2.249654993689421782e-04
6.834191878122970820e+02 2.170987313685942004e-04 2.101832725365331803e-04 2.220131693951723855e-04 2.164317244334332735e-04
6.835191877722970730e+02 2.091188425933488792e-04 2.026506526743939341e-04 2.139165118286415657e-04 2.085620023654614777e-04
6.836191877322970640e+02 2.017446374584861823e-04 1.956662949535706753e-04 2.064041086226330621e-04 2.012716803448966218e-04
6.837191876922970550e+02 1.949002633028788973e-04 1.891640773994265694e-04 1.994082090205208477e-04 1.944908499076087715e-04
6.838191876522970460e+02 1.885229153172471761e-04 1.830889324202691752e-04 1.928717846217191899e-04 1.881612107864118742e-04
6.839191876122970370e+02 1.825600891352044397e-04 1.773945709022540357e-04 1.867464489741111483e-04 1.822337030038565322e-04
6.840191875722970281e+02 1.769675001569442777e-04 1.720417479457513965e-04 1.809908434968502343e-04 1.766666971998486272e-04
6.841191875322970191e+02 1.717074890876311272e-04 1.669969262375436525e-04 1.755693729380363951e-04 1.714245960877370492e-04
6.842191874922970101e+02 1.667477866448749662e-04 1.622312349406737533e-04 1.704512055175210362e-04 1.664767423676899276e-04
6.843191874522970011e+02 1.620605467143097593e-04 1.577196507130654746e-04 1.656094755900386979e-04 1.617965576724712925e-04
6.844191874122969921e+02 1.576215824231341767e-04 1.534403475446780084e-04 1.610206426491482524e-04 1.573608575389868396e-04
6.845191873722969831e+02 1.534097571972173021e-04 1.493741761322478891e-04 1.566639721004017220e-04 1.531493018099556287e-04
6.846191873322969741e+02 1.494064952847953126e-04 1.455042435917302233e-04 1.525211116798212869e-04 1.491439501854489500e-04
6.847191872922969651e+02 1.455953852256662443e-04 1.418155716227145725e-04 1.485757435313178338e-04 1.453289001265662349e-04
6.848191872522969561e+02 1.419618562608177480e-04 1.382948164149133089e-04 1.448132966121365287e-04 1.416899897626225195e-04
6.849191872122969471e+02 1.384929124213309418e-04 1.349300376475294461e-04 1.412207075214282515e-04 1.382145525300962222e-04
6.850191871722969381e+02 1.351769125768787915e-04 1.317105066864866021e-04 1.377862204620822499e-04 1.348912132418158812e-04
6.851191871322969291e+02 1.320033873603725680e-04 1.286265464422427034e-04 1.344992189781379509e-04 1.317097175935844165e-04
6.852191870922969201e+02 1.289628859114189477e-04 1.256693967727831325e-04 1.313500837436463163e-04 1.286607888092828169e-04
6.853191870522969111e+02 1.260468468107513412e-04 1.228311008395789323e-04 1.283300716973674572e-04 1.257360064492325769e-04
6.854191870122969021e+02 1.232474888699377981e-04 1.201044086116486814e-04 1.254312129203084586e-04 1.229277034672983263e-04
6.855191869722968931e+02 1.205577181989932829e-04 1.174826945029022203e-04 1.226462221822291758e-04 1.202288782947082173e-04
6.856191869322968842e+02 1.179710487933111876e-04 1.149598867652967262e-04 1.199684227648167801e-04 1.176331194411415511e-04
6.857191868922968752e+02 1.154815343018124709e-04 1.125304066890985574e-04 1.173916806110084446e-04 1.151345405339731576e-04
6.858191868522968662e+02 1.130837092007173190e-04 1.101891160054901784e-04 1.149103471407961799e-04 1.127277241156678924e-04
6.859191868122968572e+02 1.107725378371496701e-04 1.079312711945504120e-04 1.125192094442972849e-04 1.104076728253324647e-04
6.860191867722968482e+02 1.085433700939785829e-04 1.057524836603038372e-04 1.102134466921250039e-04 1.081697668154691413e-04
6.861191867322968392e+02 1.063919027319874474e-04 1.036486848745594161e-04 1.079885919265551584e-04 1.060097265110340119e-04
6.862191866922968302e+02 1.051426084308543815e-04 1.024194856337794701e-04 1.068597215150723397e-04 1.048072718599020638e-04
6.863191866522968212e+02 1.045204236298525604e-04 1.018649407650762455e-04 1.065046118077849033e-04 1.042966587342378986e-04
6.864191866122968122e+02 1.039207997801352339e-04 1.013296782025524182e-04 1.061596865261584568e-04 1.038033881696153561e-04
