1.273996764554799938e+03 9.216004762399999765e-05 9.229370071399999932e-05 9.235569203500000330e-05 9.226981345766665772e-05
1.274096764554799847e+03 7.413232042904099504e-05 7.426802089604098861e-05 7.433222685804098478e-05 7.424418939437431829e-05
1.274196764554799756e+03 5.904508667903429926e-05 5.918238604603430210e-05 5.924841043703429357e-05 5.915862772070097175e-05
1.274296764554799665e+03 4.744738723302637374e-05 4.758623501902636333e-05 4.765386203002636655e-05 4.756249476069303002e-05
1.274396764554799574e+03 3.884405953303912543e-05 3.898459113803911776e-05 3.905380210703910716e-05 3.896081759270578345e-05
1.274496764554799483e+03 3.247521063602896047e-05 3.261765714202895331e-05 3.268856655702894864e-05 3.259381144502895866e-05
1.274596764554799392e+03 2.762940459803305468e-05 2.777381555303304184e-05 2.784638848503302958e-05 2.774986954536637311e-05
1.274696764554799302e+03 2.388227630802555843e-05 2.402874126402554798e-05 2.410294398602553484e-05 2.400465385269221375e-05
1.274796764554799211e+03 2.095353520201997792e-05 2.110217855201996316e-05 2.117811477901995363e-05 2.107794284435329598e-05
1.274896764554799120e+03 1.858805219702151473e-05 1.873907521502149204e-05 1.881692877302147427e-05 1.871468539502149368e-05
1.274996764554799029e+03 1.666074232601752936e-05 1.681420076801750491e-05 1.689393848501749112e-05 1.678962719301751072e-05
1.275096764554798938e+03 1.505101750701830148e-05 1.520684387801827385e-05 1.528846773501825164e-05 1.518210970668494232e-05
1.275196764554798847e+03 1.367739470601561651e-05 1.383577421001558794e-05 1.391945538901556269e-05 1.381087476834892351e-05
1.275296764554798756e+03 1.253370246001300279e-05 1.269484453701297070e-05 1.278064991601294551e-05 1.266973230434630633e-05
1.275396764554798665e+03 1.155218521101338984e-05 1.171620310201335112e-05 1.180425592101331989e-05 1.169088141134668864e-05
1.275496764554798574e+03 1.069445207501170066e-05 1.086129323901166388e-05 1.095157933901163316e-05 1.083577488434499867e-05
1.275596764554798483e+03 9.952364647711811732e-06 1.012214144601176596e-05 1.021479825201172635e-05 1.009643478191176688e-05
1.275696764554798392e+03 9.292020610010509293e-06 9.464881418810461389e-06 9.560027987010422674e-06 9.438976671943796656e-06
1.275796764554798301e+03 8.703925274709359384e-06 8.879839906009312923e-06 8.977493738609271609e-06 8.853752973109314074e-06
1.275896764554798210e+03 8.183044386009475030e-06 8.362239962609414870e-06 8.462618529809364402e-06 8.335967626142752563e-06
1.275996764554798119e+03 7.705790216508681467e-06 7.888384709908619920e-06 7.991580448808569261e-06 7.861918458408621291e-06
1.276096764554798028e+03 7.274069645008834820e-06 7.460172708908762857e-06 7.566255651908703766e-06 7.433499335275434661e-06
1.276196764554797937e+03 6.913565714007376920e-06 7.103262917407303714e-06 7.212385762207241425e-06 7.076404797873973737e-06
1.276296764554797846e+03 6.581763501106789550e-06 6.775141927606714334e-06 6.887415278606650137e-06 6.748106902440051058e-06
1.276396764554797755e+03 6.266261283407173706e-06 6.463489561807086627e-06 6.579115144407009622e-06 6.436288663207089138e-06
1.276496764554797664e+03 5.988362821706318585e-06 6.189629531306226627e-06 6.308705680006148303e-06 6.162232677672898121e-06
1.276596764554797574e+03 5.726599466406546925e-06 5.931889715006446740e-06 6.054550659906356882e-06 5.904346613773116567e-06
1.276696764554797483e+03 5.487631257105976499e-06 5.696988566805874843e-06 5.823358720905782501e-06 5.669326181605878512e-06
1.276796764554797392e+03 5.263239201305612100e-06 5.476959768805502917e-06 5.607238984905405623e-06 5.449145985005506033e-06
1.276896764554797301e+03 5.068273257805319231e-06 5.286452056005198089e-06 5.420844736005085918e-06 5.258523349938534130e-06
1.276996764554797210e+03 4.898027114204645112e-06 5.120840809604519233e-06 5.259609692104399788e-06 5.092825871971187762e-06
1.277096764554797119e+03 4.745992674104494499e-06 4.973626052204351113e-06 5.116901202304217812e-06 4.945506642871020576e-06
1.277196764554797028e+03 4.593702590804500914e-06 4.826261164704356183e-06 4.974200672104218572e-06 4.798054809204358274e-06
1.277296764554796937e+03 4.424120007205012432e-06 4.661872757604859832e-06 4.814857667204710199e-06 4.633616810671526640e-06
1.277396764554796846e+03 4.283850859304464630e-06 4.526878984704296687e-06 4.685011023504133576e-06 4.498580289170965529e-06
1.277496764554796755e+03 4.184316087403168542e-06 4.432776705502995088e-06 4.596342000502822724e-06 4.404478264469661836e-06
1.277596764554796664e+03 4.070380123503886374e-06 4.324633679403688225e-06 4.493989661103490655e-06 4.296334488003687571e-06
1.277696764554796573e+03 3.962789021003669637e-06 4.222981729903466681e-06 4.398369139603261171e-06 4.194713296836799728e-06
1.277796764554796482e+03 3.868638037503210757e-06 4.134824144003007087e-06 4.316526199302791352e-06 4.106662793603002783e-06
1.277896764554796391e+03 3.776133394003365211e-06 4.048654855203134716e-06 4.237031664802891444e-06 4.020606638003131304e-06
1.277996764554796300e+03 3.707676413102490116e-06 3.986839713802248676e-06 4.182247866501993388e-06 3.958921331135576829e-06
1.278096764554796209e+03 3.632631192402900777e-06 3.918590182902637501e-06 4.121443293102350663e-06 3.890888222802629929e-06
1.278196764554796118e+03 3.549478675303213974e-06 3.842545879102939213e-06 4.053279768902634831e-06 3.815101441102928634e-06
1.278296764554796027e+03 3.477256779102791854e-06 3.777601426302510124e-06 3.996565472402192517e-06 3.750474559269165114e-06
1.278396764554795936e+03 3.431790307601860957e-06 3.739792325901547322e-06 3.967490731201189877e-06 3.713024454901532578e-06
1.278496764554795845e+03 3.377681752502214467e-06 3.693746781001884722e-06 3.930771402901503031e-06 3.667399978801867407e-06
1.278596764554795755e+03 3.310566479702899455e-06 3.634880792602543149e-06 3.881646340202122593e-06 3.609031204169188258e-06
1.278696764554795664e+03 3.249317184702646054e-06 3.582160376602277725e-06 3.839266993801830020e-06 3.556914851702251266e-06
1.278796764554795573e+03 3.200350258802115290e-06 3.542174866901727383e-06 3.810379770001248173e-06 3.517634965235030564e-06
1.278896764554795482e+03 3.175596101401125871e-06 3.526919824900693731e-06 3.806871691900159530e-06 3.503129206067326236e-06
1.278996764554795391e+03 3.136649451001771238e-06 3.497698126801328920e-06 3.790115739100761724e-06 3.474821105634620769e-06
1.279096764554795300e+03 3.079555231402726090e-06 3.450682001402245027e-06 3.756290302601615432e-06 3.428842511802195516e-06
1.279196764554795209e+03 3.022169806002740152e-06 3.403873356102234809e-06 3.723573909101562561e-06 3.383205690402179033e-06
1.279296764554795118e+03 2.970422563502470716e-06 3.363291246401937736e-06 3.698093801401216710e-06 3.343935870435208246e-06
1.279396764554795027e+03 2.935528781801745273e-06 3.340011272001164687e-06 3.690943808800357393e-06 3.322161287534422733e-06
1.279496764554794936e+03 2.881455331502704868e-06 3.297966256002103191e-06 3.666085549801243539e-06 3.281835712435350815e-06
1.279596764554794845e+03 2.818180537403308798e-06 3.247364293302646134e-06 3.633903290601682997e-06 3.233149373769212502e-06
1.279696764554794754e+03 2.739951307504091009e-06 3.182456250703394297e-06 3.588714346902363040e-06 3.170373968369949449e-06
1.279796764554794663e+03 2.633062452705589875e-06 3.089365494204868466e-06 3.516809782003760462e-06 3.079745909638073217e-06
1.279896764554794572e+03 2.535992011205296939e-06 3.006939994004497728e-06 3.457094045803258501e-06 3.000008683671017722e-06
1.279996764554794481e+03 2.405509755107120031e-06 2.891848386406280166e-06 3.366606890604937686e-06 2.887988344039446102e-06
1.280096764554794390e+03 2.203866648311461973e-06 2.706239737210550438e-06 3.207496709709044102e-06 2.705867698410352453e-06
1.280196764554794299e+03 1.930676857415529173e-06 2.449918030814570420e-06 2.979669287712950285e-06 2.453421391981016909e-06
1.280296764554794208e+03 1.602408156818659932e-06 2.139432133617649009e-06 2.700056269415894306e-06 2.147298853284067467e-06
1.280396764554794117e+03 1.126672114728124141e-06 1.682432974827016447e-06 2.276484467225040367e-06 1.695196518926727056e-06
1.280496764554794026e+03 3.807005819140996438e-07 9.561521160929356030e-07 1.586513159740789136e-06 9.744552859159416727e-07
1.280596764554793936e+03 -7.031259801134629214e-07 -1.069344191447363390e-07 5.629819722728354361e-07 -8.235947566178780027e-08
1.280696764554793845e+03 -2.450970648992698214e-06 -1.832770801994049611e-06 -1.119731059596696766e-06 -1.801157503527814934e-06
1.280796764554793754e+03 -5.498785631212892256e-06 -4.857593110514304510e-06 -4.097678948017180407e-06 -4.818019229914791826e-06
1.280896764554793663e+03 -1.114263680664068614e-05 -1.047702108964224110e-05 -9.665486175445527019e-06 -1.042838135724281809e-05
1.280996764554793572e+03 -2.155035050433739565e-05 -2.085870672333905269e-05 -1.999078286534264440e-05 -2.079994669767303204e-05
1.281096764554793481e+03 -3.488005018212106379e-05 -3.416096457212287673e-05 -3.323147969212692941e-05 -3.409083148212361879e-05
1.281196764554793390e+03 -4.279492473247810896e-05 -4.204659174748003362e-05 -4.104885346648453470e-05 -4.196345664881422576e-05
1.281296764554793299e+03 -4.957873466155268775e-05 -4.879940071355472973e-05 -4.772635109755969998e-05 -4.870149549088904141e-05
1.281396764554793208e+03 -4.602845979624217108e-05 -4.521631007124441223e-05 -4.405979073825010557e-05 -4.510152020191222737e-05
1.281496764554793117e+03 -2.788487650123761373e-05 -2.703771622424000330e-05 -2.578853833824632018e-05 -2.690371035457464461e-05
1.281596764554793026e+03 -1.361372450400591371e-05 -1.272947276900853010e-05 -1.137704528501580514e-05 -1.257341418601008242e-05
1.281696764554792935e+03 -5.952786484839988691e-06 -5.028898924642779582e-06 -3.561149092250910089e-06 -4.847611500577892222e-06
1.281796764554792844e+03 -1.727246265197841236e-06 -7.610579228608233248e-07 8.362329511800473635e-07 -5.506904122928718345e-07
1.281896764554792753e+03 8.431124177429820072e-07 1.854598233109685519e-06 3.597548003699088087e-06 2.098419551517251659e-06
1.281996764554792662e+03 2.571243876474262183e-06 3.631065528170745060e-06 5.538705235558762697e-06 3.913671546734589556e-06
1.282096764554792571e+03 3.853450998803791862e-06 4.964982244599912217e-06 7.059431615185894648e-06 5.292621619529867089e-06
1.282196764554792480e+03 4.904656925621124333e-06 6.071714378816958292e-06 8.378936939000993357e-06 6.451769414479691712e-06
1.282296764554792389e+03 5.825983410130869511e-06 7.052382924226417746e-06 9.603202898808139678e-06 7.493856411055143441e-06
1.282396764554792298e+03 6.655263179935890929e-06 7.945318705930970907e-06 1.077643629490930216e-05 8.459006060258721332e-06
1.282496764554792207e+03 7.444580043138980715e-06 8.803256798033675748e-06 1.195873309390859957e-05 9.402189978360417832e-06
1.282596764554792117e+03 8.249600154935935934e-06 9.681822441030082141e-06 1.321440007690007152e-05 1.038194089095536376e-05
1.282696764554792026e+03 9.102554932632120666e-06 1.061366440292584424e-05 1.458750698289072694e-05 1.143457543948289446e-05
1.282796764554791935e+03 1.001290173292755298e-05 1.160867408292081558e-05 1.610296241787939910e-05 1.257484607790925476e-05
1.282896764554791844e+03 1.100406307491886887e-05 1.269086328691141754e-05 1.780353668886080145e-05 1.383282101689702816e-05
1.282996764554791753e+03 1.210205294691012496e-05 1.388624239490215316e-05 1.973924872184155250e-05 1.524251468788460964e-05
1.283096764554791662e+03 1.333679648089612346e-05 1.522473239588739490e-05 2.197210642581215212e-05 1.684454510086522293e-05
1.283196764554791571e+03 1.475010686688110035e-05 1.674837547387181871e-05 2.458753517477996696e-05 1.869533917184429647e-05
1.283296764554791480e+03 1.638781271386222267e-05 1.850218879085245466e-05 2.768828463473914175e-05 2.085942871315127077e-05
1.283396764554791389e+03 1.832150002883292428e-05 2.055648182582250718e-05 3.142483373867715330e-05 2.343427186444419492e-05
1.283496764554791298e+03 2.059232721580379818e-05 2.294980528079321305e-05 3.594829084860916242e-05 2.649680778173539347e-05
1.283596764554791207e+03 2.331699581475839007e-05 2.579598082274761511e-05 4.153485233350460971e-05 3.021594299033686937e-05
1.283696764554791116e+03 2.664635799670476534e-05 2.923847896969473381e-05 4.856741432037637874e-05 3.481741709559196043e-05
1.283796764554791025e+03 3.072180737663860779e-05 3.340603924063043734e-05 5.753461960020482405e-05 4.055415540582462080e-05
1.283896764554790934e+03 3.586667812153207703e-05 3.860264105252736672e-05 6.930792101292923123e-05 4.792574672899622273e-05
1.283996764554790843e+03 4.248598116039797477e-05 4.520016550239995974e-05 8.517678853255674059e-05 5.762097839845156514e-05
1.284096764554790752e+03 5.113715191319350648e-05 5.369520978120806377e-05 1.071892572379479360e-04 7.067387297744984220e-05
1.284196764554790661e+03 6.283860109190915423e-05 6.500183834194596302e-05 1.390384049870309097e-04 8.895961480696201349e-05
1.284296764554790570e+03 7.917048364547749724e-05 8.050477913655476690e-05 1.873604715954952618e-04 1.156785781258424996e-04
1.284396764554790479e+03 1.029247545077315403e-04 1.026237623378877049e-04 2.652806749525588579e-04 1.569430639327260479e-04
1.284496764554790389e+03 1.393424280565222300e-04 1.358441939168275375e-04 4.007204346570658994e-04 2.253023522101385828e-04
1.284596764554790298e+03 1.988896441441780191e-04 1.889823382148046607e-04 6.562838367250134041e-04 3.480519396946653884e-04
1.284696764554790207e+03 3.042308285997007405e-04 2.804826039810540020e-04 1.152573295851477483e-03 5.790955761440774990e-04
1.284796764554790116e+03 5.056503482403071001e-04 4.470676434037128971e-04 1.856791226131148092e-03 9.365030725917227687e-04
1.284896764554790025e+03 8.789229772926561695e-04 7.466970505700238053e-04 1.968944095688779632e-03 1.198188041183820014e-03
1.284996764554789934e+03 1.271863866560688471e-03 1.144739334460178172e-03 1.321238747964799225e-03 1.245947316328555217e-03
1.285096764554789843e+03 1.164260619011009846e-03 1.199043538094443683e-03 7.972163639236169415e-04 1.053506840343023526e-03
1.285196764554789752e+03 8.175532351654744932e-04 8.846119742621721222e-04 5.629165185339731403e-04 7.550272426538732519e-04
1.285296764554789661e+03 6.873997201633169976e-04 7.083176894180380403e-04 5.012651713763079803e-04 6.323275269858876727e-04
1.285396764554789570e+03 7.004804416686318588e-04 7.906435573513893780e-04 4.572983686245985901e-04 6.494741225482066451e-04
1.285496764554789479e+03 5.749508590031293317e-04 1.083537807469365545e-03 3.413960575521224599e-04 6.666282413415391484e-04
1.285596764554789388e+03 3.623947421327149685e-04 1.187035148588939677e-03 2.361695382212451006e-04 5.951998096476332576e-04
1.285696764554789297e+03 2.243163059347558393e-04 8.363853723374724139e-04 1.636007909377550887e-04 4.081008230699944292e-04
1.285796764554789206e+03 1.497958413179636852e-04 4.897834583070398169e-04 1.173466067849429813e-04 2.523086354699822153e-04
1.285896764554789115e+03 1.073134522246365025e-04 2.999411960907192578e-04 8.889591847610508980e-05 1.653835222638203105e-04
1.285996764554789024e+03 8.102955189186860361e-05 1.996833926109420538e-04 7.036184846602279506e-05 1.170249309896111508e-04
1.286096764554788933e+03 6.364669789593667242e-05 1.424302238763787290e-04 5.751372492943144864e-05 8.786354890058229014e-05
1.286196764554788842e+03 5.152585335735041926e-05 1.070173937839454561e-04 4.815507354004267617e-05 6.889944022711285278e-05
1.286296764554788751e+03 4.270297070498298652e-05 8.362286710360646632e-05 4.106492748878993809e-05 5.579692176579313483e-05
1.286396764554788660e+03 3.608903792375191369e-05 6.737171272284755313e-05 3.556118771062570305e-05 4.634064611907505210e-05
1.286496764554788570e+03 3.097913714358093177e-05 5.559761792133855775e-05 3.117204093249899358e-05 3.924959866580616104e-05
1.286596764554788479e+03 2.695267726646690976e-05 4.678865135802149489e-05 2.761554152041241353e-05 3.378562338163360832e-05
1.286696764554788388e+03 2.373965380837258528e-05 4.003779633878283529e-05 2.470830964033712129e-05 2.949525326249751283e-05
1.286796764554788297e+03 2.111361234430451730e-05 3.472880359761563931e-05 2.227814248128180409e-05 2.604018614106731684e-05
1.286896764554788206e+03 1.894761110625609694e-05 3.048203018250211449e-05 2.023340071724175852e-05 2.322101400199998546e-05
1.286996764554788115e+03 1.715468589321198674e-05 2.704455042540642617e-05 1.851061581020369007e-05 2.090328404294070099e-05
1.287096764554788024e+03 1.562957948318378798e-05 2.420001409934279251e-05 1.702067643517955035e-05 1.895009000590204361e-05
1.287196764554787933e+03 1.431594029715830323e-05 2.181158879328782603e-05 1.571800889515698134e-05 1.728184599520104025e-05
1.287296764554787842e+03 1.320848611113345762e-05 1.981768590224028197e-05 1.460482837313414866e-05 1.587700012883596162e-05
1.287396764554787751e+03 1.227466871711465639e-05 1.814531414920533700e-05 1.365395664411674984e-05 1.469131317014558164e-05
1.287496764554787660e+03 1.145134090410109009e-05 1.670024817917742732e-05 1.280611946610409884e-05 1.365256951646087265e-05
1.287596764554787569e+03 1.071632700109191854e-05 1.543693879715798560e-05 1.204173893809559005e-05 1.273166824544849750e-05
1.287696764554787478e+03 1.008800702007857360e-05 1.435654432613510913e-05 1.138112144308261381e-05 1.194189092976543105e-05
1.287796764554787387e+03 9.536661842368948034e-06 1.341456133611780005e-05 1.079563640407321747e-05 1.124895319418665518e-05
1.287896764554787296e+03 9.038535371063425436e-06 1.257761170110656824e-05 1.026283475206784065e-05 1.062632727474594534e-05
1.287996764554787205e+03 8.616052236553795575e-06 1.185997545909137619e-05 9.805783878258195503e-06 1.009393719130112016e-05
1.288096764554787114e+03 8.247046848147823861e-06 1.123143789308146157e-05 9.402555684252260126e-06 9.627013475160514620e-06
1.288196764554787023e+03 7.918306830242605971e-06 1.067274111107240867e-05 9.040452752146928679e-06 9.210500231153981107e-06
1.288296764554786932e+03 7.609365154740039935e-06 1.016019934506642707e-05 8.699470026344193320e-06 8.823011508716885364e-06
1.288396764554786841e+03 7.334728226636218257e-06 9.704562460160089224e-06 8.394203768040257082e-06 8.477831484945522368e-06
1.288496764554786751e+03 7.103902635830440632e-06 9.311784933651797591e-06 8.133503999634381865e-06 8.183063856372207261e-06
1.288596764554786660e+03 6.886081419829221177e-06 8.948014798748799386e-06 7.887450385333009511e-06 7.907182201303676974e-06
1.288696764554786569e+03 6.690775834726200062e-06 8.621705406443775271e-06 7.665023866429838996e-06 7.659168369199938957e-06
1.288796764554786478e+03 6.521749893022675283e-06 8.333577559138652247e-06 7.470571478226085984e-06 7.441966310129137838e-06
1.288896764554786387e+03 6.390236663917942248e-06 8.095042687332541692e-06 7.315149697621202767e-06 7.266809682957228337e-06
1.288996764554786296e+03 6.259799498617794765e-06 7.866690328231151969e-06 7.162305407820850992e-06 7.096265078223265909e-06
1.289096764554786205e+03 6.130456564817939471e-06 7.648179623230306757e-06 7.011342900720937991e-06 6.929993029589728638e-06
1.289196764554786114e+03 6.050699137511062500e-06 7.486369497722442669e-06 6.911633098313829544e-06 6.816233911182445752e-06
1.289296764554786023e+03 5.972868140110794520e-06 7.333292225421231828e-06 6.814872194213420434e-06 6.707010853248482826e-06
1.289396764554785932e+03 5.907112195609269986e-06 7.199381897618877770e-06 6.731417355311764030e-06 6.612637149513304493e-06
1.289496764554785841e+03 5.853571618307547834e-06 7.082745140416442713e-06 6.661861808509805479e-06 6.532726189077931444e-06
1.289596764554785750e+03 5.797396014408047017e-06 6.968718510416333948e-06 6.590230293410260946e-06 6.452114939411547586e-06
1.289696764554785659e+03 5.784003478701918556e-06 6.901592443509615602e-06 6.562432932003981560e-06 6.416009618071838573e-06
1.289796764554785568e+03 5.762395133503095335e-06 6.829166613110374846e-06 6.527412872105016486e-06 6.372991539572828607e-06
1.289896764554785477e+03 5.720009841906168438e-06 6.741315222612783970e-06 6.472784205107949561e-06 6.311369756542300374e-06
1.289996764554785386e+03 5.721273910099816249e-06 6.699695965706056244e-06 6.462564422301487482e-06 6.294511432702453325e-06
1.290096764554785295e+03 5.752469401795389187e-06 6.690201528001403908e-06 6.483389557096921497e-06 6.308686828964571813e-06
1.290196764554785204e+03 5.759619439798943271e-06 6.660829341604341339e-06 6.481006608400352360e-06 6.300485129934545657e-06
1.290296764554785113e+03 5.770338295798415952e-06 6.637050302203513940e-06 6.482943830499714047e-06 6.296777476167214929e-06
1.290396764554785022e+03 5.792284426696707096e-06 6.624975785701811509e-06 6.496870855597910657e-06 6.304710355998810601e-06
1.290496764554784932e+03 5.845448606092021978e-06 6.649063141996385630e-06 6.543236227893042616e-06 6.345915991993816741e-06
1.290596764554784841e+03 5.904058457791071502e-06 6.677277941195701803e-06 6.595523665092034764e-06 6.392286688026267945e-06
1.290696764554784750e+03 5.939830009394549837e-06 6.686741521198558101e-06 6.625839503795381713e-06 6.417470344796163499e-06
1.290796764554784659e+03 6.001530051490600537e-06 6.721831126794654336e-06 6.682844540791315957e-06 6.468735239692190277e-06
1.290896764554784568e+03 6.091757156886049689e-06 6.791478026389231779e-06 6.768058697786824192e-06 6.550431293687369683e-06
1.290996764554784477e+03 6.181067156186191255e-06 6.857481007389794629e-06 6.854131109386691960e-06 6.630893090987559563e-06
1.291096764554784386e+03 6.280873210784341806e-06 6.936911269887538626e-06 6.951129488684782578e-06 6.722971323118887105e-06
1.291196764554784295e+03 6.400440375981241276e-06 7.038272337484097904e-06 7.067828898381691594e-06 6.835513870615676642e-06
1.291296764554784204e+03 6.501573293484133683e-06 7.122957713486714079e-06 7.167948199784292844e-06 6.930826402251713253e-06
1.291396764554784113e+03 6.613770118682143076e-06 7.216552708085103565e-06 7.279966868582171098e-06 7.036763231783138964e-06
1.291496764554784022e+03 6.768170456975424754e-06 7.358058055877477751e-06 7.432746912375683600e-06 7.186325141742862035e-06
1.291596764554783931e+03 6.932065211073541299e-06 7.516379306874441921e-06 7.598656955673216289e-06 7.349033824540399554e-06
1.291696764554783840e+03 7.090734135374384736e-06 7.674620872674453031e-06 7.759797247773986183e-06 7.508384085274274932e-06
1.291796764554783749e+03 7.274607744170316215e-06 7.907381425562423681e-06 7.943027407970419402e-06 7.708338859234385021e-06
1.291896764554783658e+03 7.483300558465834776e-06 8.098815364768659219e-06 8.159502216364562100e-06 7.913872713199685647e-06
1.291996764554783567e+03 7.676990600368290067e-06 8.202107777383089648e-06 8.360471526567099659e-06 8.079856634772828152e-06
1.292096764554783476e+03 7.908878473361511058e-06 8.383723172469855606e-06 8.607483882758999906e-06 8.300028509530121625e-06
1.292196764554783385e+03 8.258250861142010720e-06 8.651530220255549864e-06 9.011847362332882591e-06 8.640542814576814392e-06
1.292296764554783294e+03 8.512550535857791388e-06 8.886107573061064065e-06 9.265710185457862880e-06 8.888122764792238880e-06
1.292396764554783203e+03 8.653214137776331469e-06 9.066841222969590128e-06 9.361306974183915147e-06 9.027120778309947276e-06
1.292496764554783113e+03 8.885859128660855835e-06 9.304624281559990546e-06 9.585154761262335260e-06 9.258546057161061676e-06
1.292596764554783022e+03 9.178311356050128229e-06 9.596888391150160621e-06 9.876078743250389560e-06 9.550426163483557776e-06
1.292696764554782931e+03 9.504273070344413480e-06 9.911337828346376209e-06 1.020171395194446925e-05 9.872441616878421339e-06
1.292796764554782840e+03 9.888019232234559851e-06 1.030184220493340784e-05 1.059818102793238964e-05 1.026268082170011742e-05
1.292896764554782749e+03 1.030011647392878836e-05 1.071299044592895176e-05 1.102543794792616789e-05 1.067951495592796877e-05
1.292996764554782658e+03 1.076478171891970393e-05 1.119370254691693074e-05 1.153459968791201466e-05 1.116436131791621475e-05
1.293096764554782567e+03 1.133763117489970600e-05 1.186383201088267661e-05 1.215667147689108828e-05 1.178604488755782306e-05
1.293196764554782476e+03 1.218944205485086578e-05 1.301820905079789375e-05 1.313217552882921093e-05 1.277994221149265739e-05
1.293296764554782385e+03 1.266140293491737000e-05 1.343456584992710570e-05 1.356705091992386353e-05 1.322100656825611251e-05
1.293396764554782294e+03 1.285294850996602827e-05 1.329884275202407068e-05 1.359738670899462007e-05 1.324972599032823967e-05
1.293496764554782203e+03 1.336255631390962021e-05 1.368965092293068935e-05 1.404583791992046760e-05 1.369934838558692515e-05
1.293596764554782112e+03 1.398989005688731616e-05 1.423747823190159709e-05 1.463037791489500113e-05 1.428591540122796976e-05
1.293696764554782021e+03 1.469051105487415142e-05 1.487270119688589866e-05 1.529333886488091270e-05 1.495218370554698703e-05
1.293796764554781930e+03 1.545922120386192134e-05 1.558447345687214905e-05 1.602252388186902111e-05 1.568873951420103163e-05
1.293896764554781839e+03 1.635255374483750537e-05 1.641841150884830607e-05 1.687143247984558423e-05 1.654746591117713415e-05
1.293996764554781748e+03 1.734572406481934328e-05 1.734898402483072915e-05 1.780985361782930299e-05 1.750152056915979068e-05
1.294096764554781657e+03 1.845403832179587749e-05 1.838605839780899841e-05 1.885183531280809553e-05 1.856397734413765940e-05
1.294196764554781566e+03 1.970340640076990343e-05 1.955684526978437315e-05 2.002089635778468989e-05 1.976038267611298995e-05
1.294296764554781475e+03 2.111812243373945028e-05 2.088134185075606527e-05 2.133638695675772019e-05 2.111195041375107858e-05
1.294396764554781385e+03 2.273098947669928676e-05 2.239523426371773992e-05 2.282256117972290930e-05 2.264959497337998092e-05
1.294496764554781294e+03 2.470904036163119907e-05 2.427624270164929096e-05 2.465499728965834795e-05 2.454676011764628045e-05
1.294596764554781203e+03 2.729557093051186733e-05 2.684166674351585257e-05 2.704897006754821039e-05 2.706206924719197450e-05
1.294696764554781112e+03 3.054710097638636845e-05 2.948184049750174441e-05 3.012412759541965439e-05 3.005102302310258682e-05
1.294796764554781021e+03 3.308802453752047909e-05 3.125206475866592335e-05 3.244909287056123098e-05 3.226306072224920210e-05
1.294896764554780930e+03 3.481128234467087320e-05 3.298190516666961301e-05 3.357297638978535122e-05 3.378872130037527914e-05
1.294996764554780839e+03 3.812862419736640687e-05 3.647227509533335971e-05 3.630905202347742538e-05 3.696998377205906625e-05
1.295096764554780748e+03 4.165275848531889820e-05 3.948441452041785178e-05 3.892806806249382996e-05 4.002174702274353117e-05
1.295196764554780657e+03 4.659105118704559096e-05 4.388039505015040221e-05 4.269296661627236620e-05 4.438813761782278646e-05
1.295296764554780566e+03 5.232324395289215534e-05 4.916809407497806019e-05 4.683364822419974435e-05 4.944166208402331770e-05
1.295396764554780475e+03 5.935175789562563387e-05 5.529779519280138603e-05 5.216080834195831959e-05 5.560345381012844876e-05
1.295496764554780384e+03 6.936460460104207804e-05 6.339661461741634256e-05 5.954220177355663715e-05 6.410114033067168592e-05
1.295596764554780293e+03 8.327395671324852719e-05 7.474576920275497491e-05 6.987083198295684612e-05 7.596351929965345392e-05
1.295696764554780202e+03 1.000229397766867940e-04 8.892563045219499995e-05 8.183994949763233383e-05 9.026283990883803357e-05
1.295796764554780111e+03 1.205997786959295981e-04 1.061950833365838450e-04 9.592306584721413854e-05 1.075726426265758605e-04
1.295896764554780020e+03 1.473280929746519671e-04 1.286619246155046238e-04 1.136028853464624710e-04 1.298643009788729981e-04
1.295996764554779929e+03 1.832595231228105199e-04 1.589839386139329071e-04 1.365593157154066631e-04 1.596009258173833724e-04
1.296096764554779838e+03 2.333787447998577616e-04 2.015964077013768219e-04 1.673636666937663455e-04 2.007796063983336430e-04
1.296196764554779747e+03 3.064345984952162368e-04 2.644029601472902948e-04 2.102431544813227935e-04 2.603602377079431264e-04
1.296296764554779656e+03 4.183848061473454901e-04 3.620274394802444140e-04 2.721788489074665474e-04 3.508636981783521324e-04
1.296396764554779566e+03 5.999361105328479809e-04 5.230983051570390133e-04 3.650925742109865056e-04 4.960423299669577610e-04
1.296496764554779475e+03 9.100260045065443120e-04 8.031110207626993014e-04 5.093033744504891830e-04 7.408134665732442293e-04
1.296596764554779384e+03 1.435933250091184438e-03 1.281369440101043583e-03 7.345669216733906846e-04 1.150623203955206163e-03
1.296696764554779293e+03 2.131024646556178848e-03 1.894141832973211250e-03 1.060952357832467639e-03 1.695372945787285840e-03
1.296796764554779202e+03 2.430327647538071262e-03 2.124847848752264672e-03 1.447366659820046968e-03 2.000847385370127345e-03
1.296896764554779111e+03 1.963107710597734694e-03 1.732122487282151697e-03 1.785488401029270561e-03 1.826906199636385651e-03
1.296996764554779020e+03 1.283494581942163986e-03 1.183725308814716042e-03 1.871396092682029583e-03 1.446205327812969581e-03
1.297096764554778929e+03 8.938619576623907121e-04 8.452803862415666277e-04 1.665107112543621429e-03 1.134749818815859734e-03
1.297196764554778838e+03 6.758535168460994697e-04 6.535165281705498670e-04 1.418175339352215633e-03 9.158484614562882511e-04
1.297296764554778747e+03 5.461704428574225105e-04 5.466600820125956358e-04 1.219263500642061388e-03 7.706980085040264754e-04
1.297396764554778656e+03 4.599125885984359794e-04 4.888751375123505166e-04 1.084244668528857756e-03 6.776774648798813451e-04
1.297496764554778565e+03 3.960792826336431878e-04 4.606489246360328041e-04 1.005844291816756619e-03 6.208574996954775368e-04
1.297596764554778474e+03 3.475144329304902789e-04 4.503506273922245132e-04 9.710115562175240019e-04 5.896255388467461743e-04
1.297696764554778383e+03 3.139797901072436661e-04 4.508660167098886432e-04 9.652807265912379149e-04 5.767088444694567053e-04
1.297796764554778292e+03 2.968444521637013302e-04 4.582885960483966750e-04 9.766711270975394436e-04 5.772680584365458886e-04
1.297896764554778201e+03 2.970965883199449555e-04 4.714654431471237733e-04 9.989631784651340114e-04 5.891750699774008773e-04
1.297996764554778110e+03 3.158931413758971334e-04 4.916217090856002695e-04 1.031577934592880835e-03 6.130309283514594849e-04
1.298096764554778019e+03 3.574310288908386828e-04 5.225588899331766370e-04 1.075263588490364859e-03 6.517511691047935376e-04
1.298196764554777928e+03 4.282052940043905732e-04 5.664396534103220129e-04 1.131261014387649651e-03 7.086353206007873400e-04
1.298296764554777837e+03 5.342141572166194752e-04 6.255217594569692941e-04 1.189081492087247722e-03 7.829391362536120913e-04
1.298396764554777747e+03 6.700411804897341787e-04 6.981867443538083539e-04 1.224935418292010750e-03 8.643877810451844638e-04
1.298496764554777656e+03 7.872878220738743727e-04 7.811612452615111302e-04 1.205296120404376154e-03 9.245817292465872191e-04
1.298596764554777565e+03 8.318915861499596998e-04 8.750083857188749531e-04 1.124860606118105889e-03 9.439201926623135138e-04
1.298696764554777474e+03 8.168956145233755364e-04 9.871954120647468637e-04 1.024068542822688214e-03 9.427198564702703133e-04
1.298796764554777383e+03 8.153653511603444794e-04 1.130550897867730600e-03 9.635216625636290220e-04 9.698126371972345559e-04
1.298896764554777292e+03 9.015773667203976242e-04 1.309007962259423454e-03 9.915834187536195447e-04 1.067389582577813432e-03
1.298996764554777201e+03 1.044126900467587903e-03 1.497910710857048439e-03 1.110329784073000063e-03 1.217455798465878801e-03
1.299096764554777110e+03 1.114118496083926638e-03 1.640039068467360507e-03 1.215217837775912652e-03 1.323125134109066599e-03
1.299196764554777019e+03 1.078804491908109779e-03 1.689384130388668116e-03 1.173967696409472993e-03 1.314052106235416963e-03
1.299296764554776928e+03 1.035114654310033194e-03 1.636469024812151670e-03 1.009753170737711465e-03 1.227112283286632254e-03
1.299396764554776837e+03 1.032010765200719934e-03 1.492315809733432350e-03 8.246950648829188798e-04 1.116340546605690568e-03
1.299496764554776746e+03 1.032067679899986799e-03 1.292257088646397729e-03 6.694593779860024850e-04 9.979280488441289679e-04
1.299596764554776655e+03 9.835150798113707470e-04 1.081917071649260475e-03 5.501604951179392194e-04 8.718642155261900747e-04
1.299696764554776564e+03 8.808003811240553262e-04 8.923060895544059285e-04 4.598423374711520630e-04 7.443162693832045115e-04
1.299796764554776473e+03 7.557377626092891178e-04 7.348250156968813345e-04 3.907984303561697352e-04 6.271204028874468196e-04
1.299896764554776382e+03 6.374426158279730345e-04 6.090246826097479166e-04 3.371435396326876908e-04 5.278702793568028264e-04
1.299996764554776291e+03 5.379735311235213239e-04 5.099614743534254275e-04 2.947232210400311039e-04 4.475527421723259156e-04
1.300096764554776200e+03 4.582892376190240286e-04 4.320179589986084239e-04 2.606508472981345064e-04 3.836526813052556530e-04
1.300196764554776109e+03 3.953617753650234866e-04 3.703206398247297563e-04 2.328931149166269356e-04 3.328585100354600505e-04
1.300296764554776018e+03 3.455862772318834945e-04 3.210298178617678041e-04 2.100124154654625782e-04 2.922095035197046437e-04
1.300396764554775928e+03 3.058848551995686869e-04 2.812468416695883787e-04 1.909728966945888344e-04 2.593681978545819486e-04
1.300496764554775837e+03 2.738482828777212856e-04 2.487793718978251688e-04 1.749846148638534529e-04 2.325374232131333205e-04
1.300596764554775746e+03 2.476998607063616393e-04 2.220087262765130167e-04 1.614691451932881601e-04 2.103925773920542811e-04
1.300696764554775655e+03 2.261268083252485018e-04 1.997239130254216638e-04 1.499902719227926787e-04 1.919469977578209391e-04
1.300796764554775564e+03 2.081413711543756643e-04 1.809952556545564822e-04 1.401887947323846040e-04 1.764418071804389439e-04
1.300896764554775473e+03 1.930316397337103983e-04 1.651368322938942578e-04 1.318070924320582438e-04 1.633251881532209757e-04
1.300996764554775382e+03 1.802265981931444518e-04 1.515879056533271099e-04 1.245991517317700020e-04 1.521378851927471969e-04
1.301096764554775291e+03 1.693219055427025910e-04 1.399343899328881760e-04 1.183914069815385158e-04 1.425492341523764230e-04
1.301196764554775200e+03 1.600139728323068456e-04 1.298605788924966627e-04 1.130431858713254874e-04 1.343059125320429669e-04
1.301296764554775109e+03 1.520495725619738737e-04 1.210907839421734866e-04 1.084040604111497435e-04 1.271814723050990301e-04
1.301396764554775018e+03 1.452541017616996142e-04 1.134254843219171854e-04 1.043620319210109476e-04 1.210138726682092626e-04
1.301496764554774927e+03 1.394869947814424138e-04 1.066939023916836377e-04 1.008027329508902223e-04 1.156612100413387625e-04
1.301596764554774836e+03 1.346473526712214637e-04 1.007624540714970182e-04 9.761587817880431305e-05 1.110085616405075983e-04
1.301696764554774745e+03 1.306723526510032327e-04 9.553906586831830826e-05 9.470982259173344863e-05 1.069737470370183254e-04
1.301796764554774654e+03 1.275339769807920976e-04 9.096772624815373579e-05 9.200454069168277388e-05 1.035020813068762024e-04
1.301896764554774563e+03 1.251944650705957710e-04 8.698631258601390048e-05 8.939916409566347859e-05 1.005266472507577167e-04
1.301996764554774472e+03 1.236827293403849740e-04 8.361380089585884246e-05 8.685431236664806968e-05 9.805028086763062421e-05
1.302096764554774381e+03 1.230315043501673238e-04 8.088256726070173867e-05 8.433301753964780130e-05 9.608236305017228793e-05
1.302196764554774290e+03 1.232970899099317629e-04 7.886049687051954185e-05 8.182363496664473985e-05 9.466040724903202841e-05
1.302296764554774199e+03 1.246031733596644189e-04 7.769413328429967220e-05 7.937692598462863566e-05 9.389141087619759366e-05
1.302396764554774109e+03 1.270927288493546852e-04 7.752757864504318162e-05 7.703429102560722637e-05 9.388486617333502654e-05
1.302496764554774018e+03 1.309972741289879212e-04 7.852763282774078693e-05 7.486469076956237976e-05 9.479653257543036262e-05
1.302596764554773927e+03 1.366369905585253252e-04 8.079532778340705365e-05 7.293420441150477533e-05 9.678884091781238925e-05
1.302696764554773836e+03 1.444233852579640087e-04 8.426997314609144924e-05 7.129571093042843307e-05 9.999635644482798174e-05
1.302796764554773745e+03 1.549361214872511353e-04 8.877658231282161089e-05 7.008719417931599978e-05 1.045999659931295820e-04
1.302896764554773654e+03 1.688618265863270492e-04 9.404005191461174337e-05 6.948546268015871538e-05 1.107957803936991648e-04
1.302996764554773563e+03 1.870434014652045502e-04 9.991839894844956732e-05 6.976652426292587346e-05 1.189094415588599880e-04
1.303096764554773472e+03 2.103596063837972563e-04 1.064943693782506161e-04 7.119295686962053146e-05 1.293489775438894725e-04
1.303196764554773381e+03 2.396258473422143895e-04 1.142694712979316164e-04 7.406626088923562174e-05 1.426538598431272183e-04
1.303296764554773290e+03 2.748223420106367496e-04 1.239865232474149891e-04 7.859988573579393823e-05 1.591362503312818968e-04
1.303396764554773199e+03 3.129019068097832197e-04 1.356506953968704757e-04 8.490649811430792853e-05 1.778197001069872080e-04
1.303496764554773108e+03 3.439314738516747604e-04 1.463854142471198577e-04 9.287306780486255812e-05 1.943966519678857119e-04
1.303596764554773017e+03 3.524679896776901941e-04 1.520262077984737518e-04 1.021229518474972201e-04 2.022057164412204022e-04
1.303696764554772926e+03 3.310134405658050395e-04 1.520635536299898857e-04 1.115363973474529658e-04 1.982044638477493015e-04
1.303796764554772835e+03 2.866861037019939043e-04 1.467034833314503103e-04 1.177963036983062308e-04 1.837286302439168151e-04
1.303896764554772744e+03 2.287658992858034263e-04 1.312749941942096415e-04 1.131363694012714623e-04 1.577257542937615100e-04
1.303996764554772653e+03 1.630988759179171125e-04 1.000610509185166798e-04 8.886348772562280719e-05 1.173411381873522134e-04
1.304096764554772562e+03 1.066628767055267956e-04 6.631191132528512888e-05 5.877285667427859287e-05 7.724921490169685268e-05
1.304196764554772471e+03 7.237008114243471740e-05 4.482267052591217064e-05 3.912554919840541029e-05 5.210610028891742148e-05
1.304296764554772381e+03 5.286304871036682043e-05 3.287860291928607678e-05 2.837847696895675733e-05 3.804004286620321705e-05
1.304396764554772290e+03 4.102590419128357408e-05 2.583862291195286297e-05 2.217936652871960564e-05 2.968129787731868316e-05
1.304496764554772199e+03 3.327986723114872107e-05 2.133134877825029901e-05 1.828637164107990389e-05 2.429919588349297466e-05
1.304596764554772108e+03 2.788881175793161331e-05 1.823655897478242176e-05 1.565455283746439844e-05 2.059330785672614563e-05
1.304696764554772017e+03 2.395204290780955203e-05 1.599127515274204170e-05 1.376766765428225689e-05 1.790366190494461631e-05
1.304796764554771926e+03 2.096650811804967588e-05 1.429018963891040022e-05 1.235047721527289516e-05 1.586905832407765708e-05
1.304896764554771835e+03 1.863271732917494872e-05 1.295611708100552091e-05 1.124576003919863893e-05 1.427819814979303280e-05
1.304996764554771744e+03 1.676267634454415873e-05 1.188020477766856824e-05 1.035830973623057862e-05 1.300039695281443407e-05
1.305096764554771653e+03 1.523309388626814771e-05 1.099233235340157041e-05 9.627584297498066436e-06 1.195100351238926378e-05
1.305196764554771562e+03 1.396009991755975747e-05 1.024549828394610468e-05 9.013467278321525517e-06 1.107302182660912753e-05
1.305296764554771471e+03 1.288485013140582759e-05 9.607118865033390914e-06 8.488430626964038522e-06 1.032679987446775291e-05
1.305396764554771380e+03 1.196495296422267634e-05 9.053944807428265207e-06 8.033008770999350908e-06 9.683968847550094661e-06
1.305496764554771289e+03 1.116916367954393216e-05 8.568968047929789188e-06 7.633074200588523819e-06 9.123735309354082286e-06
1.305596764554771198e+03 1.047398925927071523e-05 8.139472055622548586e-06 7.278137294077361008e-06 8.630532869656874377e-06
1.305696764554771107e+03 9.861452008691959766e-06 7.755764500893937296e-06 6.960251344946269406e-06 8.192489284844054360e-06
1.305796764554771016e+03 9.317578349406676266e-06 7.410330880973300373e-06 6.673287507568485969e-06 7.800398912649488101e-06
1.305896764554770925e+03 8.831354337531259602e-06 7.097255568921335924e-06 6.412442720813908631e-06 7.447017542422167488e-06
1.305996764554770834e+03 8.393989086373521225e-06 6.811817237558491493e-06 6.173898327487254698e-06 7.126568217139756935e-06
1.306096764554770743e+03 7.998385865857443212e-06 6.550200666423442852e-06 5.954578516192320648e-06 6.834388349491068339e-06
1.306196764554770652e+03 7.638756089457502703e-06 6.309287870735854084e-06 5.751976323600365017e-06 6.566673427931240319e-06
1.306296764554770562e+03 7.310333393765508171e-06 6.086504324478831215e-06 5.564026255835212240e-06 6.320287991359849695e-06
1.306396764554770471e+03 7.009158989558876518e-06 5.879704116381273997e-06 5.389009652158426774e-06 6.092624252699526610e-06
1.306496764554770380e+03 6.731918519078219919e-06 5.687083048705422233e-06 5.225483416958879592e-06 5.881494994914173632e-06
1.306596764554770289e+03 6.475816649717107882e-06 5.507112085842046330e-06 5.072225679148791488e-06 5.685051471569315233e-06
1.306696764554770198e+03 6.238479664105560204e-06 5.338485817100785394e-06 4.928193879155666043e-06 5.501719786787336367e-06
1.306796764554770107e+03 6.017879060806016512e-06 5.180082132808704440e-06 4.792492096921174994e-06 5.330151096845298084e-06
1.306896764554770016e+03 5.812271094604959180e-06 5.030930373305514979e-06 4.664345329597207320e-06 5.169182265835892697e-06
1.306996764554769925e+03 5.620148529706747298e-06 4.890185943940057213e-06 4.543079054742942978e-06 5.017804509463249728e-06
1.307096764554769834e+03 5.440201836633149835e-06 4.757109914770695709e-06 4.428102851725285803e-06 4.875138201043044629e-06
1.307196764554769743e+03 5.271287757216764404e-06 4.631052499061125464e-06 4.318897169815331530e-06 4.740412475364407133e-06
1.307296764554769652e+03 5.112403662001735050e-06 4.511439573881379283e-06 4.215002558089295535e-06 4.612948597990803572e-06
1.307396764554769561e+03 4.962666499840533306e-06 4.397761607905856652e-06 4.116010835526880414e-06 4.492146314424423458e-06
1.307496764554769470e+03 4.821295410091552383e-06 4.289564506611840033e-06 4.021557804010019971e-06 4.377472573571136898e-06
1.307596764554769379e+03 4.687597280120332148e-06 4.186441997580689409e-06 3.931317196323970694e-06 4.268452158008330750e-06
1.307696764554769288e+03 4.560954681595951492e-06 4.088029259195333439e-06 3.844995619755153506e-06 4.164659853515479761e-06
1.307796764554769197e+03 4.440815745292488683e-06 3.993997561341571274e-06 3.762328307692325603e-06 4.065713871442129085e-06
1.307896764554769106e+03 4.326685618287378519e-06 3.904049733206973460e-06 3.683075531025642451e-06 3.971270294173332182e-06
1.307996764554769015e+03 4.218119226060161759e-06 3.817916312180030282e-06 3.607019551345934001e-06 3.881018363195375347e-06
1.308096764554768924e+03 4.114715110493888538e-06 3.735352256851366664e-06 3.533962021045792448e-06 3.794676462797015460e-06
1.308196764554768833e+03 4.016110164272724697e-06 3.656134127211952894e-06 3.463721756418007490e-06 3.711988682634228219e-06
1.308296764554768743e+03 3.921975111983373830e-06 3.580057657054309914e-06 3.396132819356649700e-06 3.632721862798111148e-06
1.308396764554768652e+03 3.832010618014054909e-06 3.506935655271767659e-06 3.331042860456427515e-06 3.556663044580749887e-06
1.308496764554768561e+03 3.745943921453711054e-06 3.436596183757881114e-06 3.268311680212175111e-06 3.483617261807922285e-06
1.308596764554768470e+03 3.663525917193275602e-06 3.368880970507507678e-06 3.207809976219822197e-06 3.413405621306868351e-06
1.308696764554768379e+03 3.584528615923912075e-06 3.303644022515417258e-06 3.149418247875164275e-06 3.345863628771497305e-06
1.308796764554768288e+03 3.508742925538251885e-06 3.240750408677342234e-06 3.093025835374805391e-06 3.280839723196799837e-06
1.308896764554768197e+03 3.435976709029672319e-06 3.180075189689420812e-06 3.038530074015669092e-06 3.218193990911587408e-06
1.308996764554768106e+03 3.366053077991732631e-06 3.121502472447750258e-06 2.985835547494600909e-06 3.157797032644694035e-06
