1273.9967645548    9.2160047624e-05    9.2293700714e-05    9.2355692035e-05    9.226981345766666e-05
1274.0967645547998    7.4132320429041e-05    7.426802089604099e-05    7.433222685804098e-05    7.424418939437432e-05
1274.1967645547998    5.90450866790343e-05    5.91823860460343e-05    5.9248410437034294e-05    5.915862772070097e-05
1274.2967645547997    4.7447387233026374e-05    4.758623501902636e-05    4.7653862030026367e-05    4.756249476069303e-05
1274.3967645547996    3.8844059533039125e-05    3.898459113803912e-05    3.905380210703911e-05    3.8960817592705783e-05
1274.4967645547995    3.247521063602896e-05    3.261765714202895e-05    3.268856655702895e-05    3.259381144502896e-05
1274.5967645547994    2.7629404598033055e-05    2.7773815553033042e-05    2.784638848503303e-05    2.7749869545366373e-05
1274.6967645547993    2.388227630802556e-05    2.4028741264025548e-05    2.4102943986025535e-05    2.4004653852692214e-05
1274.7967645547992    2.0953535202019978e-05    2.1102178552019963e-05    2.1178114779019954e-05    2.1077942844353296e-05
1274.8967645547991    1.8588052197021515e-05    1.8739075215021492e-05    1.8816928773021474e-05    1.8714685395021494e-05
1274.996764554799    1.666074232601753e-05    1.6814200768017505e-05    1.689393848501749e-05    1.678962719301751e-05
1275.096764554799    1.5051017507018301e-05    1.5206843878018274e-05    1.528846773501825e-05    1.5182109706684942e-05
1275.1967645547988    1.3677394706015617e-05    1.3835774210015588e-05    1.3919455389015563e-05    1.3810874768348924e-05
1275.2967645547988    1.2533702460013003e-05    1.269484453701297e-05    1.2780649916012946e-05    1.2669732304346306e-05
1275.3967645547987    1.155218521101339e-05    1.1716203102013351e-05    1.180425592101332e-05    1.1690881411346689e-05
1275.4967645547986    1.06944520750117e-05    1.0861293239011664e-05    1.0951579339011633e-05    1.0835774884344999e-05
1275.5967645547985    9.952364647711812e-06    1.0122141446011766e-05    1.0214798252011726e-05    1.0096434781911767e-05
1275.6967645547984    9.29202061001051e-06    9.464881418810461e-06    9.560027987010423e-06    9.438976671943797e-06
1275.7967645547983    8.70392527470936e-06    8.879839906009313e-06    8.977493738609272e-06    8.853752973109314e-06
1275.8967645547982    8.183044386009475e-06    8.362239962609415e-06    8.462618529809364e-06    8.335967626142753e-06
1275.9967645547981    7.705790216508681e-06    7.88838470990862e-06    7.99158044880857e-06    7.861918458408621e-06
1276.096764554798    7.274069645008835e-06    7.460172708908763e-06    7.566255651908704e-06    7.433499335275435e-06
1276.196764554798    6.913565714007377e-06    7.103262917407304e-06    7.2123857622072414e-06    7.076404797873974e-06
1276.2967645547978    6.5817635011067896e-06    6.775141927606714e-06    6.88741527860665e-06    6.748106902440051e-06
1276.3967645547978    6.266261283407174e-06    6.463489561807087e-06    6.57911514440701e-06    6.436288663207089e-06
1276.4967645547977    5.988362821706319e-06    6.189629531306227e-06    6.308705680006148e-06    6.162232677672898e-06
1276.5967645547976    5.726599466406547e-06    5.931889715006447e-06    6.054550659906357e-06    5.9043466137731166e-06
1276.6967645547975    5.4876312571059765e-06    5.696988566805875e-06    5.8233587209057825e-06    5.6693261816058785e-06
1276.7967645547974    5.263239201305612e-06    5.476959768805503e-06    5.607238984905406e-06    5.449145985005506e-06
1276.8967645547973    5.068273257805319e-06    5.286452056005198e-06    5.420844736005086e-06    5.258523349938534e-06
1276.9967645547972    4.898027114204645e-06    5.120840809604519e-06    5.2596096921044e-06    5.092825871971188e-06
1277.0967645547971    4.7459926741044945e-06    4.973626052204351e-06    5.116901202304218e-06    4.9455066428710206e-06
1277.196764554797    4.593702590804501e-06    4.826261164704356e-06    4.9742006721042186e-06    4.798054809204358e-06
1277.296764554797    4.4241200072050124e-06    4.66187275760486e-06    4.81485766720471e-06    4.633616810671527e-06
1277.3967645547968    4.283850859304465e-06    4.526878984704297e-06    4.6850110235041336e-06    4.4985802891709655e-06
1277.4967645547968    4.1843160874031685e-06    4.432776705502995e-06    4.596342000502823e-06    4.404478264469662e-06
1277.5967645547967    4.070380123503886e-06    4.324633679403688e-06    4.493989661103491e-06    4.2963344880036876e-06
1277.6967645547966    3.96278902100367e-06    4.222981729903467e-06    4.398369139603261e-06    4.1947132968368e-06
1277.7967645547965    3.868638037503211e-06    4.134824144003007e-06    4.316526199302791e-06    4.106662793603003e-06
1277.8967645547964    3.776133394003365e-06    4.048654855203135e-06    4.2370316648028914e-06    4.020606638003131e-06
1277.9967645547963    3.70767641310249e-06    3.986839713802249e-06    4.182247866501993e-06    3.958921331135577e-06
1278.0967645547962    3.6326311924029008e-06    3.9185901829026375e-06    4.121443293102351e-06    3.89088822280263e-06
1278.1967645547961    3.549478675303214e-06    3.842545879102939e-06    4.053279768902635e-06    3.815101441102929e-06
1278.296764554796    3.477256779102792e-06    3.77760142630251e-06    3.9965654724021925e-06    3.750474559269165e-06
1278.396764554796    3.431790307601861e-06    3.7397923259015473e-06    3.96749073120119e-06    3.7130244549015326e-06
1278.4967645547958    3.3776817525022145e-06    3.6937467810018847e-06    3.930771402901503e-06    3.6673999788018674e-06
1278.5967645547958    3.3105664797028995e-06    3.634880792602543e-06    3.881646340202123e-06    3.6090312041691883e-06
1278.6967645547957    3.249317184702646e-06    3.5821603766022777e-06    3.83926699380183e-06    3.5569148517022513e-06
1278.7967645547956    3.2003502588021153e-06    3.5421748669017274e-06    3.810379770001248e-06    3.5176349652350306e-06
1278.8967645547955    3.175596101401126e-06    3.5269198249006937e-06    3.8068716919001595e-06    3.5031292060673262e-06
1278.9967645547954    3.1366494510017712e-06    3.497698126801329e-06    3.7901157391007617e-06    3.4748211056346208e-06
1279.0967645547953    3.079555231402726e-06    3.450682001402245e-06    3.7562903026016154e-06    3.4288425118021955e-06
1279.1967645547952    3.02216980600274e-06    3.403873356102235e-06    3.7235739091015626e-06    3.383205690402179e-06
1279.2967645547951    2.9704225635024707e-06    3.3632912464019377e-06    3.6980938014012167e-06    3.3439358704352082e-06
1279.396764554795    2.9355287818017453e-06    3.3400112720011647e-06    3.6909438088003574e-06    3.3221612875344227e-06
1279.496764554795    2.881455331502705e-06    3.297966256002103e-06    3.6660855498012435e-06    3.281835712435351e-06
1279.5967645547948    2.818180537403309e-06    3.247364293302646e-06    3.633903290601683e-06    3.2331493737692125e-06
1279.6967645547948    2.739951307504091e-06    3.1824562507033943e-06    3.588714346902363e-06    3.1703739683699494e-06
1279.7967645547947    2.63306245270559e-06    3.0893654942048685e-06    3.5168097820037605e-06    3.0797459096380732e-06
1279.8967645547946    2.535992011205297e-06    3.0069399940044977e-06    3.4570940458032585e-06    3.0000086836710177e-06
1279.9967645547945    2.40550975510712e-06    2.89184838640628e-06    3.3666068906049377e-06    2.887988344039446e-06
1280.0967645547944    2.203866648311462e-06    2.7062397372105504e-06    3.207496709709044e-06    2.7058676984103525e-06
1280.1967645547943    1.930676857415529e-06    2.4499180308145704e-06    2.9796692877129503e-06    2.453421391981017e-06
1280.2967645547942    1.60240815681866e-06    2.139432133617649e-06    2.7000562694158943e-06    2.1472988532840675e-06
1280.3967645547941    1.1266721147281241e-06    1.6824329748270164e-06    2.2764844672250404e-06    1.695196518926727e-06
1280.496764554794    3.8070058191409964e-07    9.561521160929356e-07    1.5865131597407891e-06    9.744552859159417e-07
1280.596764554794    -7.031259801134629e-07    -1.0693441914473634e-07    5.629819722728354e-07    -8.23594756617878e-08
1280.6967645547938    -2.4509706489926982e-06    -1.8327708019940496e-06    -1.1197310595966968e-06    -1.801157503527815e-06
1280.7967645547938    -5.498785631212892e-06    -4.8575931105143045e-06    -4.09767894801718e-06    -4.818019229914792e-06
1280.8967645547937    -1.1142636806640686e-05    -1.0477021089642241e-05    -9.665486175445527e-06    -1.0428381357242818e-05
1280.9967645547936    -2.1550350504337396e-05    -2.0858706723339053e-05    -1.9990782865342644e-05    -2.0799946697673032e-05
1281.0967645547935    -3.4880050182121064e-05    -3.416096457212288e-05    -3.323147969212693e-05    -3.409083148212362e-05
1281.1967645547934    -4.279492473247811e-05    -4.2046591747480034e-05    -4.1048853466484535e-05    -4.1963456648814226e-05
1281.2967645547933    -4.957873466155269e-05    -4.879940071355473e-05    -4.77263510975597e-05    -4.870149549088904e-05
1281.3967645547932    -4.602845979624217e-05    -4.521631007124441e-05    -4.4059790738250106e-05    -4.510152020191223e-05
1281.4967645547931    -2.7884876501237614e-05    -2.7037716224240003e-05    -2.578853833824632e-05    -2.6903710354574645e-05
1281.596764554793    -1.3613724504005914e-05    -1.272947276900853e-05    -1.1377045285015805e-05    -1.2573414186010082e-05
1281.696764554793    -5.952786484839989e-06    -5.02889892464278e-06    -3.56114909225091e-06    -4.847611500577892e-06
1281.7967645547928    -1.7272462651978412e-06    -7.610579228608233e-07    8.362329511800474e-07    -5.506904122928718e-07
1281.8967645547928    8.43112417742982e-07    1.8545982331096855e-06    3.597548003699088e-06    2.0984195515172517e-06
1281.9967645547927    2.571243876474262e-06    3.631065528170745e-06    5.538705235558763e-06    3.9136715467345896e-06
1282.0967645547926    3.853450998803792e-06    4.964982244599912e-06    7.059431615185895e-06    5.292621619529867e-06
1282.1967645547925    4.904656925621124e-06    6.071714378816958e-06    8.378936939000993e-06    6.451769414479692e-06
1282.2967645547924    5.8259834101308695e-06    7.052382924226418e-06    9.60320289880814e-06    7.4938564110551434e-06
1282.3967645547923    6.655263179935891e-06    7.945318705930971e-06    1.0776436294909302e-05    8.459006060258721e-06
1282.4967645547922    7.444580043138981e-06    8.803256798033676e-06    1.19587330939086e-05    9.402189978360418e-06
1282.5967645547921    8.249600154935936e-06    9.681822441030082e-06    1.3214400076900072e-05    1.0381940890955364e-05
1282.696764554792    9.10255493263212e-06    1.0613664402925844e-05    1.4587506982890727e-05    1.1434575439482894e-05
1282.796764554792    1.0012901732927553e-05    1.1608674082920816e-05    1.61029624178794e-05    1.2574846077909255e-05
1282.8967645547918    1.1004063074918869e-05    1.2690863286911418e-05    1.78035366888608e-05    1.3832821016897028e-05
1282.9967645547918    1.2102052946910125e-05    1.3886242394902153e-05    1.9739248721841552e-05    1.524251468788461e-05
1283.0967645547917    1.3336796480896123e-05    1.5224732395887395e-05    2.1972106425812152e-05    1.6844545100865223e-05
1283.1967645547916    1.47501068668811e-05    1.674837547387182e-05    2.4587535174779967e-05    1.8695339171844296e-05
1283.2967645547915    1.6387812713862223e-05    1.8502188790852455e-05    2.7688284634739142e-05    2.085942871315127e-05
1283.3967645547914    1.8321500028832924e-05    2.0556481825822507e-05    3.142483373867715e-05    2.3434271864444195e-05
1283.4967645547913    2.0592327215803798e-05    2.2949805280793213e-05    3.594829084860916e-05    2.6496807781735393e-05
1283.5967645547912    2.331699581475839e-05    2.5795980822747615e-05    4.153485233350461e-05    3.021594299033687e-05
1283.6967645547911    2.6646357996704765e-05    2.9238478969694734e-05    4.856741432037638e-05    3.481741709559196e-05
1283.796764554791    3.072180737663861e-05    3.340603924063044e-05    5.7534619600204824e-05    4.055415540582462e-05
1283.896764554791    3.586667812153208e-05    3.860264105252737e-05    6.930792101292923e-05    4.792574672899622e-05
1283.9967645547908    4.2485981160397975e-05    4.520016550239996e-05    8.517678853255674e-05    5.7620978398451565e-05
1284.0967645547908    5.1137151913193506e-05    5.3695209781208064e-05    0.00010718925723794794    7.067387297744984e-05
1284.1967645547907    6.283860109190915e-05    6.500183834194596e-05    0.0001390384049870309    8.895961480696201e-05
1284.2967645547906    7.91704836454775e-05    8.050477913655477e-05    0.00018736047159549526    0.0001156785781258425
1284.3967645547905    0.00010292475450773154    0.0001026237623378877    0.00026528067495255886    0.00015694306393272605
1284.4967645547904    0.00013934242805652223    0.00013584419391682754    0.0004007204346570659    0.00022530235221013858
1284.5967645547903    0.00019888964414417802    0.00018898233821480466    0.0006562838367250134    0.0003480519396946654
1284.6967645547902    0.00030423082859970074    0.000280482603981054    0.0011525732958514775    0.0005790955761440775
1284.7967645547901    0.0005056503482403071    0.0004470676434037129    0.001856791226131148    0.0009365030725917228
1284.89676455479    0.0008789229772926562    0.0007466970505700238    0.0019689440956887796    0.00119818804118382
1284.99676455479    0.0012718638665606885    0.0011447393344601782    0.0013212387479647992    0.0012459473163285552
1285.0967645547898    0.0011642606190110098    0.0011990435380944437    0.0007972163639236169    0.0010535068403430235
1285.1967645547898    0.0008175532351654745    0.0008846119742621721    0.0005629165185339731    0.0007550272426538733
1285.2967645547897    0.000687399720163317    0.000708317689418038    0.000501265171376308    0.0006323275269858877
1285.3967645547896    0.0007004804416686319    0.0007906435573513894    0.0004572983686245986    0.0006494741225482066
1285.4967645547895    0.0005749508590031293    0.0010835378074693655    0.00034139605755212246    0.0006666282413415391
1285.5967645547894    0.00036239474213271497    0.0011870351485889397    0.0002361695382212451    0.0005951998096476333
1285.6967645547893    0.00022431630593475584    0.0008363853723374724    0.0001636007909377551    0.00040810082306999443
1285.7967645547892    0.00014979584131796369    0.0004897834583070398    0.00011734660678494298    0.0002523086354699822
1285.8967645547891    0.0001073134522246365    0.00029994119609071926    8.889591847610509e-05    0.0001653835222638203
1285.996764554789    8.10295518918686e-05    0.00019968339261094205    7.03618484660228e-05    0.00011702493098961115
1286.096764554789    6.364669789593667e-05    0.00014243022387637873    5.751372492943145e-05    8.786354890058229e-05
1286.1967645547888    5.152585335735042e-05    0.00010701739378394546    4.8155073540042676e-05    6.889944022711285e-05
1286.2967645547888    4.2702970704982987e-05    8.362286710360647e-05    4.106492748878994e-05    5.5796921765793135e-05
1286.3967645547887    3.6089037923751914e-05    6.737171272284755e-05    3.55611877106257e-05    4.634064611907505e-05
1286.4967645547886    3.097913714358093e-05    5.559761792133856e-05    3.1172040932498994e-05    3.924959866580616e-05
1286.5967645547885    2.695267726646691e-05    4.6788651358021495e-05    2.7615541520412414e-05    3.378562338163361e-05
1286.6967645547884    2.3739653808372585e-05    4.0037796338782835e-05    2.470830964033712e-05    2.9495253262497513e-05
1286.7967645547883    2.1113612344304517e-05    3.472880359761564e-05    2.2278142481281804e-05    2.6040186141067317e-05
1286.8967645547882    1.8947611106256097e-05    3.0482030182502114e-05    2.023340071724176e-05    2.3221014001999985e-05
1286.9967645547881    1.7154685893211987e-05    2.7044550425406426e-05    1.851061581020369e-05    2.09032840429407e-05
1287.096764554788    1.5629579483183788e-05    2.4200014099342793e-05    1.702067643517955e-05    1.8950090005902044e-05
1287.196764554788    1.4315940297158303e-05    2.1811588793287826e-05    1.571800889515698e-05    1.728184599520104e-05
1287.2967645547878    1.3208486111133458e-05    1.9817685902240282e-05    1.4604828373134149e-05    1.587700012883596e-05
1287.3967645547878    1.2274668717114656e-05    1.8145314149205337e-05    1.365395664411675e-05    1.4691313170145582e-05
1287.4967645547877    1.145134090410109e-05    1.6700248179177427e-05    1.2806119466104099e-05    1.3652569516460873e-05
1287.5967645547876    1.0716327001091919e-05    1.5436938797157986e-05    1.204173893809559e-05    1.2731668245448497e-05
1287.6967645547875    1.0088007020078574e-05    1.4356544326135109e-05    1.1381121443082614e-05    1.1941890929765431e-05
1287.7967645547874    9.536661842368948e-06    1.34145613361178e-05    1.0795636404073217e-05    1.1248953194186655e-05
1287.8967645547873    9.038535371063425e-06    1.2577611701106568e-05    1.026283475206784e-05    1.0626327274745945e-05
1287.9967645547872    8.616052236553796e-06    1.1859975459091376e-05    9.805783878258196e-06    1.009393719130112e-05
1288.0967645547871    8.247046848147824e-06    1.1231437893081462e-05    9.40255568425226e-06    9.627013475160515e-06
1288.196764554787    7.918306830242606e-06    1.0672741111072409e-05    9.040452752146929e-06    9.210500231153981e-06
1288.296764554787    7.60936515474004e-06    1.0160199345066427e-05    8.699470026344193e-06    8.823011508716885e-06
1288.3967645547868    7.334728226636218e-06    9.70456246016009e-06    8.394203768040257e-06    8.477831484945522e-06
1288.4967645547868    7.103902635830441e-06    9.311784933651798e-06    8.133503999634382e-06    8.183063856372207e-06
1288.5967645547867    6.886081419829221e-06    8.9480147987488e-06    7.88745038533301e-06    7.907182201303677e-06
1288.6967645547866    6.6907758347262e-06    8.621705406443775e-06    7.665023866429839e-06    7.659168369199939e-06
1288.7967645547865    6.521749893022675e-06    8.333577559138652e-06    7.470571478226086e-06    7.441966310129138e-06
1288.8967645547864    6.390236663917942e-06    8.095042687332542e-06    7.315149697621203e-06    7.266809682957228e-06
1288.9967645547863    6.259799498617795e-06    7.866690328231152e-06    7.162305407820851e-06    7.096265078223266e-06
1289.0967645547862    6.1304565648179395e-06    7.648179623230307e-06    7.011342900720938e-06    6.929993029589729e-06
1289.1967645547861    6.0506991375110625e-06    7.486369497722443e-06    6.9116330983138295e-06    6.816233911182446e-06
1289.296764554786    5.9728681401107945e-06    7.333292225421232e-06    6.8148721942134204e-06    6.707010853248483e-06
1289.396764554786    5.90711219560927e-06    7.199381897618878e-06    6.731417355311764e-06    6.6126371495133045e-06
1289.4967645547858    5.853571618307548e-06    7.082745140416443e-06    6.6618618085098055e-06    6.5327261890779314e-06
1289.5967645547858    5.797396014408047e-06    6.968718510416334e-06    6.590230293410261e-06    6.452114939411548e-06
1289.6967645547857    5.7840034787019186e-06    6.901592443509616e-06    6.5624329320039816e-06    6.4160096180718386e-06
1289.7967645547856    5.762395133503095e-06    6.829166613110375e-06    6.5274128721050165e-06    6.372991539572829e-06
1289.8967645547855    5.7200098419061684e-06    6.741315222612784e-06    6.4727842051079496e-06    6.3113697565423e-06
1289.9967645547854    5.721273910099816e-06    6.699695965706056e-06    6.4625644223014875e-06    6.294511432702453e-06
1290.0967645547853    5.752469401795389e-06    6.690201528001404e-06    6.4833895570969215e-06    6.308686828964572e-06
1290.1967645547852    5.759619439798943e-06    6.660829341604341e-06    6.481006608400352e-06    6.300485129934546e-06
1290.296764554785    5.770338295798416e-06    6.637050302203514e-06    6.482943830499714e-06    6.296777476167215e-06
1290.396764554785    5.792284426696707e-06    6.6249757857018115e-06    6.496870855597911e-06    6.304710355998811e-06
1290.496764554785    5.845448606092022e-06    6.649063141996386e-06    6.543236227893043e-06    6.345915991993817e-06
1290.5967645547848    5.9040584577910715e-06    6.677277941195702e-06    6.595523665092035e-06    6.392286688026268e-06
1290.6967645547847    5.93983000939455e-06    6.686741521198558e-06    6.625839503795382e-06    6.4174703447961635e-06
1290.7967645547847    6.0015300514906005e-06    6.721831126794654e-06    6.682844540791316e-06    6.46873523969219e-06
1290.8967645547846    6.09175715688605e-06    6.791478026389232e-06    6.768058697786824e-06    6.55043129368737e-06
1290.9967645547845    6.181067156186191e-06    6.857481007389795e-06    6.854131109386692e-06    6.6308930909875596e-06
1291.0967645547844    6.280873210784342e-06    6.936911269887539e-06    6.951129488684783e-06    6.722971323118887e-06
1291.1967645547843    6.400440375981241e-06    7.038272337484098e-06    7.067828898381692e-06    6.835513870615677e-06
1291.2967645547842    6.501573293484134e-06    7.122957713486714e-06    7.167948199784293e-06    6.930826402251713e-06
1291.396764554784    6.613770118682143e-06    7.2165527080851036e-06    7.279966868582171e-06    7.036763231783139e-06
1291.496764554784    6.768170456975425e-06    7.358058055877478e-06    7.432746912375684e-06    7.186325141742862e-06
1291.596764554784    6.932065211073541e-06    7.516379306874442e-06    7.598656955673216e-06    7.3490338245403996e-06
1291.6967645547838    7.090734135374385e-06    7.674620872674453e-06    7.759797247773986e-06    7.508384085274275e-06
1291.7967645547837    7.274607744170316e-06    7.907381425562424e-06    7.94302740797042e-06    7.708338859234385e-06
1291.8967645547837    7.483300558465835e-06    8.09881536476866e-06    8.159502216364562e-06    7.913872713199686e-06
1291.9967645547836    7.67699060036829e-06    8.20210777738309e-06    8.3604715265671e-06    8.079856634772828e-06
1292.0967645547835    7.908878473361511e-06    8.383723172469856e-06    8.607483882759e-06    8.300028509530122e-06
1292.1967645547834    8.25825086114201e-06    8.65153022025555e-06    9.011847362332883e-06    8.640542814576814e-06
1292.2967645547833    8.512550535857791e-06    8.886107573061064e-06    9.265710185457863e-06    8.888122764792239e-06
1292.3967645547832    8.653214137776331e-06    9.06684122296959e-06    9.361306974183915e-06    9.027120778309947e-06
1292.496764554783    8.885859128660856e-06    9.30462428155999e-06    9.585154761262335e-06    9.258546057161062e-06
1292.596764554783    9.178311356050128e-06    9.59688839115016e-06    9.87607874325039e-06    9.550426163483558e-06
1292.696764554783    9.504273070344413e-06    9.911337828346376e-06    1.020171395194447e-05    9.872441616878421e-06
1292.7967645547828    9.88801923223456e-06    1.0301842204933408e-05    1.059818102793239e-05    1.0262680821700117e-05
1292.8967645547827    1.0300116473928788e-05    1.0712990445928952e-05    1.1025437947926168e-05    1.0679514955927969e-05
1292.9967645547827    1.0764781718919704e-05    1.119370254691693e-05    1.1534599687912015e-05    1.1164361317916215e-05
1293.0967645547826    1.1337631174899706e-05    1.1863832010882677e-05    1.2156671476891088e-05    1.1786044887557823e-05
1293.1967645547825    1.2189442054850866e-05    1.3018209050797894e-05    1.3132175528829211e-05    1.2779942211492657e-05
1293.2967645547824    1.266140293491737e-05    1.3434565849927106e-05    1.3567050919923864e-05    1.3221006568256113e-05
1293.3967645547823    1.2852948509966028e-05    1.329884275202407e-05    1.359738670899462e-05    1.324972599032824e-05
1293.4967645547822    1.336255631390962e-05    1.368965092293069e-05    1.4045837919920468e-05    1.3699348385586925e-05
1293.596764554782    1.3989890056887316e-05    1.4237478231901597e-05    1.4630377914895001e-05    1.428591540122797e-05
1293.696764554782    1.4690511054874151e-05    1.4872701196885899e-05    1.5293338864880913e-05    1.4952183705546987e-05
1293.796764554782    1.545922120386192e-05    1.558447345687215e-05    1.602252388186902e-05    1.568873951420103e-05
1293.8967645547818    1.6352553744837505e-05    1.6418411508848306e-05    1.6871432479845584e-05    1.6547465911177134e-05
1293.9967645547817    1.7345724064819343e-05    1.734898402483073e-05    1.7809853617829303e-05    1.750152056915979e-05
1294.0967645547817    1.8454038321795877e-05    1.8386058397809e-05    1.8851835312808096e-05    1.856397734413766e-05
1294.1967645547816    1.9703406400769903e-05    1.9556845269784373e-05    2.002089635778469e-05    1.976038267611299e-05
1294.2967645547815    2.111812243373945e-05    2.0881341850756065e-05    2.133638695675772e-05    2.111195041375108e-05
1294.3967645547814    2.2730989476699287e-05    2.239523426371774e-05    2.282256117972291e-05    2.264959497337998e-05
1294.4967645547813    2.47090403616312e-05    2.427624270164929e-05    2.4654997289658348e-05    2.454676011764628e-05
1294.5967645547812    2.7295570930511867e-05    2.6841666743515853e-05    2.704897006754821e-05    2.7062069247191975e-05
1294.696764554781    3.054710097638637e-05    2.9481840497501744e-05    3.0124127595419654e-05    3.0051023023102587e-05
1294.796764554781    3.308802453752048e-05    3.125206475866592e-05    3.244909287056123e-05    3.22630607222492e-05
1294.896764554781    3.481128234467087e-05    3.298190516666961e-05    3.357297638978535e-05    3.378872130037528e-05
1294.9967645547808    3.812862419736641e-05    3.647227509533336e-05    3.6309052023477425e-05    3.6969983772059066e-05
1295.0967645547807    4.16527584853189e-05    3.948441452041785e-05    3.892806806249383e-05    4.002174702274353e-05
1295.1967645547807    4.659105118704559e-05    4.38803950501504e-05    4.2692966616272366e-05    4.4388137617822786e-05
1295.2967645547806    5.2323243952892155e-05    4.916809407497806e-05    4.6833648224199744e-05    4.944166208402332e-05
1295.3967645547805    5.9351757895625634e-05    5.5297795192801386e-05    5.216080834195832e-05    5.560345381012845e-05
1295.4967645547804    6.936460460104208e-05    6.339661461741634e-05    5.954220177355664e-05    6.410114033067169e-05
1295.5967645547803    8.327395671324853e-05    7.474576920275497e-05    6.987083198295685e-05    7.596351929965345e-05
1295.6967645547802    0.0001000229397766868    8.8925630452195e-05    8.183994949763233e-05    9.026283990883803e-05
1295.79676455478    0.0001205997786959296    0.00010619508333658385    9.592306584721414e-05    0.00010757264262657586
1295.89676455478    0.00014732809297465197    0.00012866192461550462    0.00011360288534646247    0.000129864300978873
1295.99676455478    0.00018325952312281052    0.0001589839386139329    0.00013655931571540666    0.00015960092581738337
1296.0967645547798    0.00023337874479985776    0.00020159640770137682    0.00016736366669376635    0.00020077960639833364
1296.1967645547797    0.00030643459849521624    0.0002644029601472903    0.0002102431544813228    0.0002603602377079431
1296.2967645547797    0.0004183848061473455    0.0003620274394802444    0.00027217884890746655    0.00035086369817835213
1296.3967645547796    0.000599936110532848    0.000523098305157039    0.0003650925742109865    0.0004960423299669578
1296.4967645547795    0.0009100260045065443    0.0008031110207626993    0.0005093033744504892    0.0007408134665732442
1296.5967645547794    0.0014359332500911844    0.0012813694401010436    0.0007345669216733907    0.0011506232039552062
1296.6967645547793    0.002131024646556179    0.0018941418329732113    0.0010609523578324676    0.0016953729457872858
1296.7967645547792    0.0024303276475380713    0.0021248478487522647    0.001447366659820047    0.0020008473853701273
1296.896764554779    0.0019631077105977347    0.0017321224872821517    0.0017854884010292706    0.0018269061996363857
1296.996764554779    0.001283494581942164    0.001183725308814716    0.0018713960926820296    0.0014462053278129696
1297.096764554779    0.0008938619576623907    0.0008452803862415666    0.0016651071125436214    0.0011347498188158597
1297.1967645547788    0.0006758535168460995    0.0006535165281705499    0.0014181753393522156    0.0009158484614562883
1297.2967645547787    0.0005461704428574225    0.0005466600820125956    0.0012192635006420614    0.0007706980085040265
1297.3967645547787    0.000459912588598436    0.0004888751375123505    0.0010842446685288578    0.0006776774648798813
1297.4967645547786    0.0003960792826336432    0.0004606489246360328    0.0010058442918167566    0.0006208574996954775
1297.5967645547785    0.0003475144329304903    0.0004503506273922245    0.000971011556217524    0.0005896255388467462
1297.6967645547784    0.00031397979010724367    0.00045086601670988864    0.0009652807265912379    0.0005767088444694567
1297.7967645547783    0.00029684445216370133    0.0004582885960483967    0.0009766711270975394    0.0005772680584365459
1297.8967645547782    0.00029709658831994496    0.0004714654431471238    0.000998963178465134    0.0005891750699774009
1297.996764554778    0.00031589314137589713    0.0004916217090856003    0.0010315779345928808    0.0006130309283514595
1298.096764554778    0.0003574310288908387    0.0005225588899331766    0.0010752635884903649    0.0006517511691047935
1298.196764554778    0.0004282052940043906    0.000566439653410322    0.0011312610143876497    0.0007086353206007873
1298.2967645547778    0.0005342141572166195    0.0006255217594569693    0.0011890814920872477    0.0007829391362536121
1298.3967645547777    0.0006700411804897342    0.0006981867443538084    0.0012249354182920108    0.0008643877810451845
1298.4967645547777    0.0007872878220738744    0.0007811612452615111    0.0012052961204043762    0.0009245817292465872
1298.5967645547776    0.0008318915861499597    0.000875008385718875    0.0011248606061181059    0.0009439201926623135
1298.6967645547775    0.0008168956145233755    0.0009871954120647469    0.0010240685428226882    0.0009427198564702703
1298.7967645547774    0.0008153653511603445    0.0011305508978677306    0.000963521662563629    0.0009698126371972346
1298.8967645547773    0.0009015773667203976    0.0013090079622594235    0.0009915834187536195    0.0010673895825778134
1298.9967645547772    0.001044126900467588    0.0014979107108570484    0.001110329784073    0.0012174557984658788
1299.096764554777    0.0011141184960839266    0.0016400390684673605    0.0012152178377759127    0.0013231251341090666
1299.196764554777    0.0010788044919081098    0.0016893841303886681    0.001173967696409473    0.001314052106235417
1299.296764554777    0.0010351146543100332    0.0016364690248121517    0.0010097531707377115    0.0012271122832866323
1299.3967645547768    0.00103201076520072    0.0014923158097334323    0.0008246950648829189    0.0011163405466056906
1299.4967645547767    0.0010320676798999868    0.0012922570886463977    0.0006694593779860025    0.000997928048844129
1299.5967645547767    0.0009835150798113707    0.0010819170716492605    0.0005501604951179392    0.0008718642155261901
1299.6967645547766    0.0008808003811240553    0.0008923060895544059    0.00045984233747115206    0.0007443162693832045
1299.7967645547765    0.0007557377626092891    0.0007348250156968813    0.00039079843035616974    0.0006271204028874468
1299.8967645547764    0.000637442615827973    0.0006090246826097479    0.0003371435396326877    0.0005278702793568028
1299.9967645547763    0.0005379735311235213    0.0005099614743534254    0.0002947232210400311    0.0004475527421723259
1300.0967645547762    0.00045828923761902403    0.0004320179589986084    0.0002606508472981345    0.00038365268130525565
1300.196764554776    0.0003953617753650235    0.00037032063982472976    0.00023289311491662694    0.00033285851003546005
1300.296764554776    0.0003455862772318835    0.0003210298178617678    0.00021001241546546258    0.00029220950351970464
1300.396764554776    0.0003058848551995687    0.0002812468416695884    0.00019097289669458883    0.00025936819785458195
1300.4967645547758    0.0002738482828777213    0.00024877937189782517    0.00017498461486385345    0.00023253742321313332
1300.5967645547757    0.00024769986070636164    0.00022200872627651302    0.00016146914519328816    0.00021039257739205428
1300.6967645547757    0.0002261268083252485    0.00019972391302542166    0.00014999027192279268    0.00019194699775782094
1300.7967645547756    0.00020814137115437566    0.00018099525565455648    0.0001401887947323846    0.00017644180718043894
1300.8967645547755    0.0001930316397337104    0.00016513683229389426    0.00013180709243205824    0.00016332518815322098
1300.9967645547754    0.00018022659819314445    0.0001515879056533271    0.00012459915173177    0.0001521378851927472
1301.0967645547753    0.0001693219055427026    0.00013993438993288818    0.00011839140698153852    0.00014254923415237642
1301.1967645547752    0.00016001397283230685    0.00012986057889249666    0.00011304318587132549    0.00013430591253204297
1301.296764554775    0.00015204957256197387    0.00012109078394217349    0.00010840406041114974    0.00012718147230509903
1301.396764554775    0.00014525410176169961    0.00011342548432191719    0.00010436203192101095    0.00012101387266820926
1301.496764554775    0.00013948699478144241    0.00010669390239168364    0.00010080273295089022    0.00011566121004133876
1301.5967645547748    0.00013464735267122146    0.00010076245407149702    9.761587817880431e-05    0.0001110085616405076
1301.6967645547747    0.00013067235265100323    9.553906586831831e-05    9.470982259173345e-05    0.00010697374703701833
1301.7967645547747    0.0001275339769807921    9.096772624815374e-05    9.200454069168277e-05    0.0001035020813068762
1301.8967645547746    0.00012519446507059577    8.69863125860139e-05    8.939916409566348e-05    0.00010052664725075772
1301.9967645547745    0.00012368272934038497    8.361380089585884e-05    8.685431236664807e-05    9.805028086763062e-05
1302.0967645547744    0.00012303150435016732    8.088256726070174e-05    8.43330175396478e-05    9.608236305017229e-05
1302.1967645547743    0.00012329708990993176    7.886049687051954e-05    8.182363496664474e-05    9.466040724903203e-05
1302.2967645547742    0.00012460317335966442    7.769413328429967e-05    7.937692598462864e-05    9.38914108761976e-05
1302.396764554774    0.00012709272884935469    7.752757864504318e-05    7.703429102560723e-05    9.388486617333503e-05
1302.496764554774    0.00013099727412898792    7.852763282774079e-05    7.486469076956238e-05    9.479653257543036e-05
1302.596764554774    0.00013663699055852533    8.079532778340705e-05    7.293420441150478e-05    9.678884091781239e-05
1302.6967645547738    0.000144423385257964    8.426997314609145e-05    7.129571093042843e-05    9.999635644482798e-05
1302.7967645547737    0.00015493612148725114    8.877658231282161e-05    7.0087194179316e-05    0.00010459996599312958
1302.8967645547737    0.00016886182658632705    9.404005191461174e-05    6.948546268015872e-05    0.00011079578039369916
1302.9967645547736    0.00018704340146520455    9.991839894844957e-05    6.976652426292587e-05    0.00011890944155885999
1303.0967645547735    0.00021035960638379726    0.00010649436937825062    7.119295686962053e-05    0.00012934897754388947
1303.1967645547734    0.0002396258473422144    0.00011426947129793162    7.406626088923562e-05    0.00014265385984312722
1303.2967645547733    0.00027482234201063675    0.000123986523247415    7.859988573579394e-05    0.0001591362503312819
1303.3967645547732    0.0003129019068097832    0.00013565069539687048    8.490649811430793e-05    0.0001778197001069872
1303.496764554773    0.00034393147385167476    0.00014638541424711986    9.287306780486256e-05    0.0001943966519678857
1303.596764554773    0.0003524679896776902    0.00015202620779847375    0.00010212295184749722    0.0002022057164412204
1303.696764554773    0.00033101344056580504    0.00015206355362998989    0.00011153639734745297    0.0001982044638477493
1303.7967645547728    0.0002866861037019939    0.0001467034833314503    0.00011779630369830623    0.00018372863024391682
1303.8967645547727    0.00022876589928580343    0.00013127499419420964    0.00011313636940127146    0.0001577257542937615
1303.9967645547727    0.0001630988759179171    0.00010006105091851668    8.886348772562281e-05    0.00011734113818735221
1304.0967645547726    0.0001066628767055268    6.631191132528513e-05    5.877285667427859e-05    7.724921490169685e-05
1304.1967645547725    7.237008114243472e-05    4.482267052591217e-05    3.912554919840541e-05    5.210610028891742e-05
1304.2967645547724    5.286304871036682e-05    3.287860291928608e-05    2.8378476968956757e-05    3.804004286620322e-05
1304.3967645547723    4.1025904191283574e-05    2.5838622911952863e-05    2.2179366528719606e-05    2.9681297877318683e-05
1304.4967645547722    3.327986723114872e-05    2.13313487782503e-05    1.8286371641079904e-05    2.4299195883492975e-05
1304.596764554772    2.7888811757931613e-05    1.8236558974782422e-05    1.56545528374644e-05    2.0593307856726146e-05
1304.696764554772    2.3952042907809552e-05    1.5991275152742042e-05    1.3767667654282257e-05    1.7903661904944616e-05
1304.796764554772    2.0966508118049676e-05    1.42901896389104e-05    1.2350477215272895e-05    1.5869058324077657e-05
1304.8967645547718    1.863271732917495e-05    1.2956117081005521e-05    1.1245760039198639e-05    1.4278198149793033e-05
1304.9967645547717    1.676267634454416e-05    1.1880204777668568e-05    1.0358309736230579e-05    1.3000396952814434e-05
1305.0967645547717    1.5233093886268148e-05    1.099233235340157e-05    9.627584297498066e-06    1.1951003512389264e-05
1305.1967645547716    1.3960099917559757e-05    1.0245498283946105e-05    9.013467278321526e-06    1.1073021826609128e-05
1305.2967645547715    1.2884850131405828e-05    9.607118865033391e-06    8.488430626964039e-06    1.0326799874467753e-05
1305.3967645547714    1.1964952964222676e-05    9.053944807428265e-06    8.033008770999351e-06    9.683968847550095e-06
1305.4967645547713    1.1169163679543932e-05    8.56896804792979e-06    7.633074200588524e-06    9.123735309354082e-06
1305.5967645547712    1.0473989259270715e-05    8.139472055622549e-06    7.278137294077361e-06    8.630532869656874e-06
1305.696764554771    9.86145200869196e-06    7.755764500893937e-06    6.960251344946269e-06    8.192489284844054e-06
1305.796764554771    9.317578349406676e-06    7.4103308809733e-06    6.673287507568486e-06    7.800398912649488e-06
1305.896764554771    8.83135433753126e-06    7.097255568921336e-06    6.412442720813909e-06    7.4470175424221675e-06
1305.9967645547708    8.393989086373521e-06    6.8118172375584915e-06    6.173898327487255e-06    7.126568217139757e-06
1306.0967645547707    7.998385865857443e-06    6.550200666423443e-06    5.954578516192321e-06    6.834388349491068e-06
1306.1967645547707    7.638756089457503e-06    6.309287870735854e-06    5.751976323600365e-06    6.56667342793124e-06
1306.2967645547706    7.310333393765508e-06    6.086504324478831e-06    5.564026255835212e-06    6.32028799135985e-06
1306.3967645547705    7.0091589895588765e-06    5.879704116381274e-06    5.389009652158427e-06    6.092624252699527e-06
1306.4967645547704    6.73191851907822e-06    5.687083048705422e-06    5.22548341695888e-06    5.881494994914174e-06
1306.5967645547703    6.475816649717108e-06    5.507112085842046e-06    5.0722256791487915e-06    5.685051471569315e-06
1306.6967645547702    6.23847966410556e-06    5.338485817100785e-06    4.928193879155666e-06    5.501719786787336e-06
1306.79676455477    6.0178790608060165e-06    5.1800821328087044e-06    4.792492096921175e-06    5.330151096845298e-06
1306.89676455477    5.812271094604959e-06    5.030930373305515e-06    4.664345329597207e-06    5.169182265835893e-06
1306.99676455477    5.620148529706747e-06    4.890185943940057e-06    4.543079054742943e-06    5.01780450946325e-06
1307.0967645547698    5.44020183663315e-06    4.757109914770696e-06    4.428102851725286e-06    4.875138201043045e-06
1307.1967645547697    5.271287757216764e-06    4.6310524990611255e-06    4.3188971698153315e-06    4.740412475364407e-06
1307.2967645547697    5.112403662001735e-06    4.511439573881379e-06    4.2150025580892955e-06    4.6129485979908036e-06
1307.3967645547696    4.962666499840533e-06    4.397761607905857e-06    4.11601083552688e-06    4.4921463144244235e-06
1307.4967645547695    4.821295410091552e-06    4.28956450661184e-06    4.02155780401002e-06    4.377472573571137e-06
1307.5967645547694    4.687597280120332e-06    4.186441997580689e-06    3.931317196323971e-06    4.268452158008331e-06
1307.6967645547693    4.5609546815959515e-06    4.0880292591953334e-06    3.8449956197551535e-06    4.16465985351548e-06
1307.7967645547692    4.440815745292489e-06    3.993997561341571e-06    3.7623283076923256e-06    4.065713871442129e-06
1307.896764554769    4.3266856182873785e-06    3.9040497332069735e-06    3.6830755310256425e-06    3.971270294173332e-06
1307.996764554769    4.218119226060162e-06    3.81791631218003e-06    3.607019551345934e-06    3.881018363195375e-06
1308.096764554769    4.1147151104938885e-06    3.7353522568513667e-06    3.5339620210457924e-06    3.7946764627970155e-06
1308.1967645547688    4.016110164272725e-06    3.656134127211953e-06    3.4637217564180075e-06    3.7119886826342282e-06
1308.2967645547687    3.921975111983374e-06    3.58005765705431e-06    3.3961328193566497e-06    3.632721862798111e-06
1308.3967645547687    3.832010618014055e-06    3.5069356552717677e-06    3.3310428604564275e-06    3.55666304458075e-06
1308.4967645547686    3.745943921453711e-06    3.436596183757881e-06    3.268311680212175e-06    3.4836172618079223e-06
1308.5967645547685    3.6635259171932756e-06    3.3688809705075077e-06    3.207809976219822e-06    3.4134056213068684e-06
1308.6967645547684    3.584528615923912e-06    3.3036440225154173e-06    3.1494182478751643e-06    3.3458636287714973e-06
1308.7967645547683    3.508742925538252e-06    3.2407504086773422e-06    3.0930258353748054e-06    3.2808397231968e-06
1308.8967645547682    3.4359767090296723e-06    3.180075189689421e-06    3.038530074015669e-06    3.2181939909115874e-06
1308.996764554768    3.3660530779917326e-06    3.1215024724477503e-06    2.985835547494601e-06    3.157797032644694e-06
