8958.5091431006    8.0018657742e-06    8.001866069e-06    7.0278448304e-06    7.677192224533333e-06
8958.6091430706    7.740084197236047e-06    7.74008421723613e-06    6.759764508525708e-06    7.413310974332629e-06
8958.7091430406    7.474992283753514e-06    7.474992123253623e-06    6.488305940573468e-06    7.1460967825268685e-06
8958.8091430106    7.221229346886598e-06    7.221230419885488e-06    6.2280385234406295e-06    6.890166096737572e-06
8958.9091429806    6.97084445786333e-06    6.970845713563111e-06    5.970963467191571e-06    6.63755121287267e-06
8959.0091429506    6.7264899706346205e-06    6.726489838736702e-06    5.719625597609778e-06    6.3908684689937006e-06
8959.109142920599    6.49390349185979e-06    6.493904584657585e-06    5.479741479195673e-06    6.155849851904349e-06
8959.209142890599    6.270381167498122e-06    6.270381223800299e-06    5.248558547885442e-06    5.929773646394621e-06
8959.309142860599    6.058931703081132e-06    6.05893212248026e-06    5.029032798464313e-06    5.715632208008568e-06
8959.409142830598    5.858832873670314e-06    5.858833843668827e-06    4.8203732600843836e-06    5.512679992474508e-06
8959.509142800598    5.6668666992030155e-06    5.666867198504428e-06    4.619338038110378e-06    5.317690645272606e-06
8959.609142770598    5.484792676849593e-06    5.484793344149039e-06    4.4276913224397715e-06    5.132425781146135e-06
8959.709142740598    5.315226755340149e-06    5.315226926241936e-06    4.2479937123144134e-06    4.959482464632166e-06
8959.809142710597    5.15653542219979e-06    5.156534707303245e-06    4.078586779790889e-06    4.797218969764641e-06
8959.909142680597    5.0084137169153745e-06    5.008413849811813e-06    3.919150397637362e-06    4.645325988121516e-06
8960.009142650597    4.870257611507206e-06    4.870258136405443e-06    3.7690593068150774e-06    4.503191684909243e-06
8960.109142620597    4.741591501902477e-06    4.741591653104271e-06    3.627867528326222e-06    4.370350227777656e-06
8960.209142590596    4.62193048497449e-06    4.621930402175684e-06    3.495028330783615e-06    4.24629640597793e-06
8960.309142560596    4.510037694924821e-06    4.510038193421681e-06    3.3693050191101454e-06    4.129793635818882e-06
8960.409142530596    4.406575110140764e-06    4.4065757804397855e-06    3.2513450274766056e-06    4.021498639352385e-06
8960.509142500596    4.308569467538323e-06    4.308568849246055e-06    3.1381703496532778e-06    3.918436222145885e-06
8960.609142470596    4.220251044410425e-06    4.220251524803503e-06    3.0339805068012444e-06    3.824827692005057e-06
8960.709142440595    4.140492368410202e-06    4.140493217607767e-06    2.9376749968200175e-06    3.739553527612662e-06
8960.809142410595    4.063580555095023e-06    4.063580892898551e-06    2.8434822891340455e-06    3.6568812457092064e-06
8960.909142380595    3.994237239075199e-06    3.994237915272762e-06    2.7561019722426043e-06    3.581525708863522e-06
8961.009142350595    3.930446920530876e-06    3.930446874036296e-06    2.6735488650529434e-06    3.511480886540039e-06
8961.109142320594    3.8710877833048915e-06    3.8710879840029635e-06    2.5946612636282334e-06    3.445612343645363e-06
8961.209142290594    3.819601177843746e-06    3.819601634641671e-06    2.522853995042248e-06    3.3873522691758884e-06
8961.309142260594    3.7715040815182263e-06    3.771504803216001e-06    2.453615400608118e-06    3.3322080951141147e-06
8961.409142230594    3.725929217904101e-06    3.7259304820993815e-06    2.386047586044271e-06    3.279302428682585e-06
8961.509142200593    3.686543555473283e-06    3.6865440955797993e-06    2.3238146000008895e-06    3.2323007503513234e-06
8961.609142170593    3.6509481128400484e-06    3.650948536741129e-06    2.264478068434084e-06    3.188791572671754e-06
8961.709142140593    3.6178204909271054e-06    3.617820003835851e-06    2.20663365491e-06    3.1474247165576526e-06
8961.809142110593    3.59071777211827e-06    3.590717220118913e-06    2.1538663569995173e-06    3.1117671164122333e-06
8961.909142080593    3.5673735996119796e-06    3.5673747927941785e-06    2.10390366562302e-06    3.0795506860097262e-06
8962.009142050592    3.547554050806532e-06    3.5475555893029065e-06    2.0563957442368594e-06    3.050501794782099e-06
8962.109142020592    3.5311833427047154e-06    3.531184557708209e-06    2.0112047012670283e-06    3.024524200559984e-06
8962.209141990592    3.5163490908611527e-06    3.516350259161671e-06    1.966462747539075e-06    2.9997206991872994e-06
8962.309141960592    3.506770954590883e-06    3.506771943992922e-06    1.925820489324596e-06    2.9797877959694666e-06
8962.409141930591    3.500332292032506e-06    3.5003340163239074e-06    1.8870733251450152e-06    2.96257987783381e-06
8962.509141900591    3.4965973283195395e-06    3.4965978513339555e-06    1.8497390828142553e-06    2.9476447541559166e-06
8962.609141870591    3.4945400969039065e-06    3.4945402318086802e-06    1.8127420601670649e-06    2.9339407962932167e-06
8962.70914184059    3.4969751387175605e-06    3.4969758657101e-06    1.7788202779169924e-06    2.924257094114884e-06
8962.80914181059    3.5020028233419704e-06    3.5020030500484244e-06    1.7459799866426955e-06    2.9166619533443637e-06
8962.90914178059    3.5089085312436394e-06    3.508908484347251e-06    1.7134997666421179e-06    2.9104389274110032e-06
8963.00914175059    3.5199286050270935e-06    3.5199282406313795e-06    1.68348098135637e-06    2.9077792756716148e-06
8963.10914172059    3.5332826640120443e-06    3.5332821393142562e-06    1.6540176801967778e-06    2.906860827841026e-06
8963.20914169059    3.551322084141448e-06    3.551321837137533e-06    1.627466124279045e-06    2.9100366818526755e-06
8963.30914166059    3.572510682681281e-06    3.572511174770638e-06    1.6021786447421467e-06    2.915733500731355e-06
8963.40914163059    3.5969837246428297e-06    3.5969852699273476e-06    1.5781253423859942e-06    2.9240314456520573e-06
8963.509141600589    3.622028020632461e-06    3.622030399719954e-06    1.5524829475393174e-06    2.9321804559639108e-06
8963.609141570589    3.6516095394980303e-06    3.6516123915907933e-06    1.5291588472611115e-06    2.944126926116645e-06
8963.709141540588    3.686964603255648e-06    3.6869658357809143e-06    1.50922131942687e-06    2.9610505861544777e-06
8963.809141510588    3.7230564056358805e-06    3.7230564150553273e-06    1.4875009167574201e-06    2.977871245816209e-06
8963.909141480588    3.763208241334214e-06    3.7632095517131376e-06    1.4671426492061197e-06    2.9978534807511572e-06
8964.009141450588    3.809338920536171e-06    3.809339767743814e-06    1.4498698977018308e-06    3.022849528660605e-06
8964.109141420588    3.8563909191197415e-06    3.856391165429836e-06    1.4304778802891289e-06    3.0477533216129023e-06
8964.209141390587    3.9075184647114386e-06    3.907519955090163e-06    1.411950689917012e-06    3.0756630365728715e-06
8964.309141360587    3.963552126405518e-06    3.963551904635311e-06    1.394944245713895e-06    3.1073494255849084e-06
8964.409141330587    4.023808769847889e-06    4.0238062344888395e-06    1.3784360682968395e-06    3.1420170242111895e-06
8964.509141300587    4.089642568680466e-06    4.089641440655132e-06    1.3636098671731965e-06    3.180964625502931e-06
8964.609141270586    4.160662506722882e-06    4.160662938594335e-06    1.3497710721516783e-06    3.2236988391562978e-06
8964.709141240586    4.234912186144743e-06    4.23491300903747e-06    1.334714623752407e-06    3.2681799396448738e-06
8964.809141210586    4.315531906373575e-06    4.315530864308824e-06    1.321234170481931e-06    3.3174323137214434e-06
8964.909141180586    4.40067842557256e-06    4.400676860482602e-06    1.3070270838784338e-06    3.3694607899778644e-06
8965.009141150585    4.491900189459251e-06    4.491900745217893e-06    1.2934001791265286e-06    3.4257337046012244e-06
8965.109141120585    4.591802652811855e-06    4.591805307970287e-06    1.2825943688556868e-06    3.4887341098792766e-06
8965.209141090585    4.698666287322342e-06    4.698667893443429e-06    1.2722414121957825e-06    3.5565251976538514e-06
8965.309141060585    4.811008999889095e-06    4.811011151577966e-06    1.2604053128588595e-06    3.6274751547753065e-06
8965.409141030585    4.931297010215562e-06    4.931297483150314e-06    1.2490129380237967e-06    3.703869143796557e-06
8965.509141000584    5.062291767083679e-06    5.062292917669448e-06    1.2403276476913638e-06    3.78830411081483e-06
8965.609140970584    5.202980578699747e-06    5.202981566503215e-06    1.2325089256397387e-06    3.8794903569475665e-06
8965.709140940584    5.351059320672075e-06    5.351058776205172e-06    1.2225296395551706e-06    3.974882578810806e-06
8965.809140910584    5.51031626214125e-06    5.5103159246367165e-06    1.2133402390490231e-06    4.077990808608997e-06
8965.909140880583    5.682680409279903e-06    5.6826797893861726e-06    1.206020344202016e-06    4.190460180956031e-06
8966.009140850583    5.866867595649602e-06    5.8668696438895665e-06    1.198288907958898e-06    4.3106753824993555e-06
8966.109140820583    6.06628600201581e-06    6.066284967386104e-06    1.1923023239943212e-06    4.441624431132078e-06
8966.209140790583    6.280300004132072e-06    6.280297365569123e-06    1.186053267354421e-06    4.582216879018539e-06
8966.309140760583    6.507894495941056e-06    6.507892856817668e-06    1.1771390219963682e-06    4.730975458251697e-06
8966.409140730582    6.755271207015475e-06    6.755272794838994e-06    1.1703851987656546e-06    4.893643066873375e-06
8966.509140700582    7.026134318020527e-06    7.0261309174402545e-06    1.1673496295521227e-06    5.073204955004301e-06
8966.609140670582    7.316194605266984e-06    7.316194647283323e-06    1.1619446021446072e-06    5.264777951564972e-06
8966.709140640582    7.63012260229931e-06    7.630125162037374e-06    1.1563521446755936e-06    5.472199969670759e-06
8966.809140610581    7.972785868002047e-06    7.972789963963795e-06    1.1527258630938952e-06    5.699433898353246e-06
8966.909140580581    8.343378783468439e-06    8.34338069182357e-06    1.1474857627525674e-06    5.944748412681525e-06
8967.009140550581    8.746856429817457e-06    8.746860050273796e-06    1.1420499552143149e-06    6.211922145101855e-06
8967.10914052058    9.187518378005689e-06    9.18752923081909e-06    1.1368914288908687e-06    6.503979679238549e-06
8967.20914049058    9.670949808216285e-06    9.670951227562512e-06    1.1330357717325288e-06    6.824978935837108e-06
8967.30914046058    1.020350789832517e-05    1.0203505345430034e-05    1.1314783380149805e-06    7.179497193923396e-06
8967.40914043058    1.0789556443344433e-05    1.0789549482462126e-05    1.1306497309234677e-06    7.569918552243342e-06
8967.50914040058    1.1433128817366905e-05    1.1433123425324544e-05    1.1279583124702164e-06    7.998070185053887e-06
8967.60914037058    1.2144074874966767e-05    1.2144078485720984e-05    1.1249364435979277e-06    8.471029934761893e-06
8967.70914034058    1.293263460652928e-05    1.2932638460522575e-05    1.1225711649816858e-06    8.995948077344514e-06
8967.80914031058    1.3809301393741588e-05    1.3809307741672004e-05    1.1207736183514976e-06    9.57979425125503e-06
8967.909140280579    1.4788983384671714e-05    1.4788997331457421e-05    1.1209164306711345e-06    1.0232965715600091e-05
8968.009140250579    1.588351976237404e-05    1.5883520819741406e-05    1.1203339831004702e-06    1.0962458188405305e-05
8968.109140220578    1.7111571283722208e-05    1.711157651260205e-05    1.1200285399966047e-06    1.1781058778773621e-05
8968.209140190578    1.8495707516201145e-05    1.849570741435628e-05    1.121962010633704e-06    1.2704458980397042e-05
8968.309140160578    2.0056883461923825e-05    2.0056879727030636e-05    1.1224623840901338e-06    1.37454085243482e-05
8968.409140130578    2.182471767573428e-05    2.1824716120669532e-05    1.1229062010185837e-06    1.492411333247413e-05
8968.509140100577    2.3833930556921433e-05    2.3833922150126997e-05    1.12433793334681e-06    1.6264063546798414e-05
8968.609140070577    2.6123592146441493e-05    2.612357650966056e-05    1.127575891887426e-06    1.7791581515996492e-05
8968.709140040577    2.8735165325958254e-05    2.873515548678083e-05    1.129357782475086e-06    1.9533226198404724e-05
8968.809140010577    3.171871108237646e-05    3.1718738188234826e-05    1.1315445473280643e-06    2.152299793931312e-05
8968.909139980577    3.512993722950195e-05    3.512994661105501e-05    1.1344351783109316e-06    2.379810633962263e-05
8969.009139950576    3.902329223787275e-05    3.9023306711712325e-05    1.1373025491771257e-06    2.639463383292073e-05
8969.109139920576    4.3453024676840146e-05    4.345303413899953e-05    1.1422599742505233e-06    2.934943959669673e-05
8969.209139890576    4.84567597343021e-05    4.845677829600999e-05    1.144883075000211e-06    3.268614036843743e-05
8969.309139860576    5.4054809915161245e-05    5.40548132136558e-05    1.1494260353049573e-06    3.641968305470734e-05
8969.409139830575    6.021871868001104e-05    6.021873635054104e-05    1.1559891753815045e-06    4.0531148068644526e-05
8969.509139800575    6.684701740790969e-05    6.68470521563461e-05    1.1615911906330708e-06    4.4951886918296296e-05
8969.609139770575    7.373752563394685e-05    7.373754200555885e-05    1.166815571027152e-06    4.954729440351095e-05
8969.709139740575    8.055344354350356e-05    8.055347690593263e-05    1.1719570039466355e-06    5.4092959151127605e-05
8969.809139710575    8.682118031271192e-05    8.682117726394632e-05    1.178685924486029e-06    5.827368116704809e-05
8969.909139680574    9.196578169956096e-05    9.196578262342504e-05    1.183494654142388e-06    6.17050196590428e-05
8970.009139650574    9.541603766722624e-05    9.541607080611478e-05    1.1854949624921294e-06    6.400586781194437e-05
8970.109139620574    9.674752570038874e-05    9.674755636447489e-05    1.1900923645060087e-06    6.48950581431232e-05
8970.209139590574    9.579707002403531e-05    9.579710639083514e-05    1.1958128586077585e-06    6.426332975782607e-05
8970.309139560573    9.271374967903184e-05    9.271378929091697e-05    1.2006556030666153e-06    6.220939819100515e-05
8970.409139530573    8.79000177257602e-05    8.789999393902364e-05    1.2033493492352263e-06    5.900112033800635e-05
8970.509139500573    8.189752358202723e-05    8.189752506611734e-05    1.2097306233675734e-06    5.500159309050404e-05
8970.609139470573    7.525013460299662e-05    7.525012997421856e-05    1.2153797351365564e-06    5.057188143745059e-05
8970.709139440572    6.842661818783687e-05    6.842662248151029e-05    1.2208697675634941e-06    4.6024703478970225e-05
8970.809139410572    6.177749369135184e-05    6.177751831660158e-05    1.2262241885205251e-06    4.1593745398824654e-05
8970.909139380572    5.5534987775477095e-05    5.553497497186954e-05    1.2310992738460662e-06    3.743368734039757e-05
8971.009139350572    4.98303545046904e-05    4.9830353277256226e-05    1.2399999447165848e-06    3.363356924222107e-05
8971.109139320572    4.470964430356846e-05    4.470965811400002e-05    1.247724840798256e-06    3.0222342419455573e-05
8971.209139290571    4.016961464961298e-05    4.0169599421719415e-05    1.2542722369439999e-06    2.7197828769425467e-05
8971.309139260571    3.6180827389807515e-05    3.6180816422643855e-05    1.2647013170145522e-06    2.4542115043155307e-05
8971.40913923057    3.268942494059231e-05    3.268943101993258e-05    1.2737547485315049e-06    2.2217536903018803e-05
8971.50913920057    2.963802670480895e-05    2.9638038662579706e-05    1.2817509098488363e-06    2.0185938759079167e-05
8971.60913917057    2.6976774755441063e-05    2.6976776867828016e-05    1.2921834319948622e-06    1.8415245018421312e-05
8971.70913914057    2.4653247955838532e-05    2.4653226420775e-05    1.3033206745607287e-06    1.6869931683724755e-05
8971.80913911057    2.2620387956281877e-05    2.2620385093536778e-05    1.315444714045525e-06    1.5518739254621395e-05
8971.90913908057    2.0838511584588012e-05    2.0838501151892367e-05    1.3279468384100619e-06    1.433498652496348e-05
8972.00913905057    1.9271776437925363e-05    1.9271774553579124e-05    1.3411214811216524e-06    1.3294890824208712e-05
8972.10913902057    1.7890764276440268e-05    1.789077287201268e-05    1.3542337350158624e-06    1.2378590294489601e-05
8972.209138990569    1.666902759449462e-05    1.666902486596008e-05    1.3665459115670148e-06    1.156819945734057e-05
8972.309138960569    1.5588185336976005e-05    1.5588186595810903e-05    1.3813501043974332e-06    1.0852574012394783e-05
8972.409138930569    1.46280710768696e-05    1.4628069791975685e-05    1.3968801837893673e-06    1.0217673684211551e-05
8972.509138900568    1.377275027757435e-05    1.377276210902343e-05    1.412820292509417e-06    9.6527775597024e-06
8972.609138870568    1.300937947168007e-05    1.3009375525347526e-05    1.4297714045604274e-06    9.149508800529342e-06
8972.709138840568    1.2324622000749998e-05    1.2324624954456013e-05    1.4455301493744785e-06    8.698259034860165e-06
8972.809138810568    1.1712330838361866e-05    1.1712324955740978e-05    1.463774620801571e-06    8.296143471634805e-06
8972.909138780567    1.1162401070036441e-05    1.116240416764846e-05    1.4826553329456697e-06    7.935820190210189e-06
8973.009138750567    1.0667915080206608e-05    1.0667915788310573e-05    1.5021735951476764e-06    7.612668154554953e-06
8973.109138720567    1.0221323568773384e-05    1.0221326710666775e-05    1.521000946756721e-06    7.32121707539896e-06
8973.209138690567    9.819239524056351e-06    9.819252739412095e-06    1.5417448746820622e-06    7.060079046050168e-06
8973.309138660567    9.456528716107596e-06    9.456537463006027e-06    1.563460129733301e-06    6.825508769615641e-06
8973.409138630566    9.12772841842113e-06    9.127729517862981e-06    1.5845048684941397e-06    6.613320934926083e-06
8973.509138600566    8.832177642623289e-06    8.832177612074126e-06    1.6078571274353888e-06    6.424070794044267e-06
8973.609138570566    8.564005297348553e-06    8.564004252694491e-06    1.6310834553391911e-06    6.253031001794078e-06
8973.709138540566    8.323293498185563e-06    8.323299962943112e-06    1.6565202187701188e-06    6.101037893299597e-06
8973.809138510565    8.106677147517178e-06    8.106682838252723e-06    1.6831215493870171e-06    5.9654938450523055e-06
8973.909138480565    7.909847201072822e-06    7.909851260548188e-06    1.7091985851326205e-06    5.842965682251211e-06
8974.009138450565    7.73466771906387e-06    7.734673380789359e-06    1.7377023022614498e-06    5.735681134038226e-06
8974.109138420565    7.576075697229844e-06    7.576074720040564e-06    1.7652418824394455e-06    5.6391307665699515e-06
8974.209138390564    7.435020790598487e-06    7.435021559516226e-06    1.794730147887731e-06    5.5549241660008154e-06
8974.309138360564    7.311411264698052e-06    7.3114133817341516e-06    1.8271031415017532e-06    5.483309262644653e-06
8974.409138330564    7.203242678447094e-06    7.20324781540304e-06    1.8613799042812954e-06    5.42262346604381e-06
8974.509138300564    7.106635595050232e-06    7.106620540719475e-06    1.8949023376121926e-06    5.369386157793967e-06
8974.609138270564    7.023132527500007e-06    7.023135570025833e-06    1.9303331079756938e-06    5.325533735167177e-06
8974.709138240563    6.953493998425992e-06    6.953488171857098e-06    1.968585989089057e-06    5.2918560531240495e-06
8974.809138210563    6.895568264862532e-06    6.895549419599161e-06    2.0087766726557062e-06    5.266631452372466e-06
8974.909138180563    6.846590653495844e-06    6.846584879652663e-06    2.0483687387565152e-06    5.24718142396834e-06
8975.009138150563    6.805591726043539e-06    6.805578708102174e-06    2.0872684298517374e-06    5.232812954665817e-06
8975.109138120562    6.778722230376741e-06    6.778672722394031e-06    2.1321020358539585e-06    5.229832329541577e-06
8975.209138090562    6.761652285086392e-06    6.761727076558541e-06    2.17882319284731e-06    5.234067518164082e-06
8975.309138060562    6.7515786127993626e-06    6.751624810040909e-06    2.2249663046705537e-06    5.2427232425036086e-06
8975.409138030562    6.753595980687749e-06    6.753650251978298e-06    2.2761473674868903e-06    5.261131200050979e-06
8975.509138000562    6.763159185453186e-06    6.763136043101534e-06    2.3281059202908246e-06    5.284800382948515e-06
8975.609137970561    6.781659437106129e-06    6.781603173805132e-06    2.382435691554274e-06    5.315232767488511e-06
8975.709137940561    6.810713088692094e-06    6.810660615896405e-06    2.4409294416882204e-06    5.354101048758906e-06
8975.80913791056    6.844931923714823e-06    6.844855213872811e-06    2.4985916282114815e-06    5.396126255266372e-06
8975.90913788056    6.889306550598791e-06    6.889476263734676e-06    2.560966093614596e-06    5.446582969316022e-06
8976.00913785056    6.944687980321763e-06    6.9447648976945094e-06    2.6279921350922246e-06    5.505815004369499e-06
8976.10913782056    7.007149936162775e-06    7.00713480472299e-06    2.6965236025054603e-06    5.5702694477970754e-06
8976.20913779056    7.076217085487579e-06    7.076128082510137e-06    2.7664702570000463e-06    5.639605141665921e-06
8976.30913776056    7.157031915121218e-06    7.157157181178346e-06    2.842214916787265e-06    5.71880133769561e-06
8976.40913773056    7.246802550753358e-06    7.246743972227031e-06    2.921465839681992e-06    5.805004120887461e-06
8976.50913770056    7.346355519868753e-06    7.346458575939414e-06    3.0056098987706583e-06    5.8994746648596084e-06
8976.609137670559    7.45649203190863e-06    7.4564814664791335e-06    3.0938578743846444e-06    6.00227712425747e-06
8976.709137640559    7.5736648058963245e-06    7.573681747793994e-06    3.184655924780642e-06    6.110667492823653e-06
8976.809137610559    7.704557730281402e-06    7.70469982930993e-06    3.2830394497797065e-06    6.230765669790346e-06
8976.909137580558    7.847307698203993e-06    7.847414646044838e-06    3.3872011535113163e-06    6.360641165920049e-06
8977.009137550558    7.999785185702666e-06    7.999799163262734e-06    3.4954428236272635e-06    6.498342390864222e-06
8977.109137520558    8.165287685246496e-06    8.16539591338669e-06    3.6112717614701956e-06    6.647318453367793e-06
8977.209137490558    8.342811245013783e-06    8.342980854370373e-06    3.7329169921316697e-06    6.806236363838609e-06
8977.309137460557    8.536075691250564e-06    8.536150166116686e-06    3.863060414626935e-06    6.978428757331395e-06
8977.409137430557    8.749251223088782e-06    8.749309859286587e-06    4.005446228321835e-06    7.168002436899067e-06
8977.509137400557    8.972945842271795e-06    8.972912540012577e-06    4.152518820380759e-06    7.36612573422171e-06
8977.609137370557    9.212163299379652e-06    9.212388064791111e-06    4.3076420609411076e-06    7.577397808370624e-06
8977.709137340556    9.477678905296155e-06    9.477847819814227e-06    4.478808188401944e-06    7.811444971170775e-06
8977.809137310556    9.768461226588196e-06    9.768486351613966e-06    4.663323754021018e-06    8.06675711074106e-06
8977.909137280556    1.0103773096545875e-05    1.0103785270299205e-05    4.872512444939445e-06    8.360023603928175e-06
8978.009137250556    1.0466878061096832e-05    1.0466912301805785e-05    5.095389006971329e-06    8.676393123291317e-06
8978.109137220556    1.0750275600365978e-05    1.0750059320097668e-05    5.279548266382366e-06    8.926627728948671e-06
8978.209137190555    1.1020750972826818e-05    1.1020554871633284e-05    5.462966602395118e-06    9.168090815618408e-06
8978.309137160555    1.1362340016203053e-05    1.1362227993208543e-05    5.685830530641025e-06    9.470132846684207e-06
8978.409137130555    1.1742177352397308e-05    1.1742108208837533e-05    5.9318597947554335e-06    9.805381785330093e-06
8978.509137100555    1.2155893668703204e-05    1.2156370671932334e-05    6.198187766522513e-06    1.0170150702386016e-05
8978.609137070554    1.2607141000433109e-05    1.2607206210267916e-05    6.48784258479077e-06    1.0567396598497265e-05
8978.709137040554    1.3099167608807898e-05    1.309866338831622e-05    6.805209849693727e-06    1.1001013615605947e-05
8978.809137010554    1.364284528158101e-05    1.3642578583112826e-05    7.1511487844492036e-06    1.1478857549714347e-05
8978.909136980554    1.4181058322123564e-05    1.418109283368913e-05    7.511068013218073e-06    1.1957739723010255e-05
8979.009136950554    1.477608965206971e-05    1.4775953075593488e-05    7.907020095818566e-06    1.248635427449392e-05
8979.109136920553    1.5430771967083613e-05    1.543078628375712e-05    8.340489463836869e-06    1.3067349238225868e-05
8979.209136890553    1.6148093470749497e-05    1.614763304623355e-05    8.817348485759047e-06    1.3704358334247367e-05
8979.309136860553    1.6928872862740113e-05    1.6927736409925392e-05    9.3394317439754e-06    1.4398680338880301e-05
8979.409136830553    1.777815784614515e-05    1.7778508904868978e-05    9.911015062650685e-06    1.515589393788827e-05
8979.509136800552    1.8705743504331725e-05    1.8707820703583068e-05    1.054005331604943e-05    1.5984539174654744e-05
8979.609136770552    1.9722155332264146e-05    1.9721998926668254e-05    1.1234310679898435e-05    1.6892821646276946e-05
8979.709136740552    2.0836822287237174e-05    2.0837716110428884e-05    1.200328369163697e-05    1.789260736310101e-05
8979.809136710552    2.2062651611443375e-05    2.206186927556186e-05    1.2856177654309587e-05    1.8993566180438273e-05
8979.909136680551    2.3411104641132175e-05    2.3411649604906545e-05    1.3805020615409605e-05    2.0209258287149443e-05
8980.009136650551    2.4901756471607134e-05    2.4901361337253332e-05    1.4864586084027879e-05    2.155590129762945e-05
8980.109136620551    2.6554281938819615e-05    2.6553947427887006e-05    1.60525033768094e-05    2.3053577581172005e-05
8980.20913659055    2.838169133298908e-05    2.838205812733105e-05    1.7382079818305527e-05    2.4715276426208552e-05
8980.30913656055    3.0415629675515087e-05    3.0415485545934933e-05    1.8878697490729247e-05    2.656993757072642e-05
8980.40913653055    3.2681924488262204e-05    3.268256564966261e-05    2.05670579660211e-05    2.864384936798197e-05
8980.50913650055    3.5208250289049935e-05    3.5209462377369385e-05    2.2473193073142912e-05    3.096363524652074e-05
8980.60913647055    3.803108544424022e-05    3.8031544484173516e-05    2.4628594673644273e-05    3.356374153401933e-05
8980.70913644055    4.118677002430827e-05    4.118637625910598e-05    2.7064529954214156e-05    3.64792254125428e-05
8980.80913641055    4.4712723185242486e-05    4.4713646451122745e-05    2.981310986617554e-05    3.97464931675136e-05
8980.90913638055    4.865235148403755e-05    4.865113252601168e-05    3.290503453548542e-05    4.340283951517822e-05
8981.009136350549    5.3045367827993295e-05    5.304480544566138e-05    3.636360544395287e-05    4.748459290586918e-05
8981.109136320549    5.793392708877322e-05    5.793379227978456e-05    4.020357073453331e-05    5.202376336769702e-05
8981.209136290548    6.335395298892015e-05    6.335458656159138e-05    4.441939245157943e-05    5.704264400069699e-05
8981.309136260548    6.933677948685066e-05    6.933750153380214e-05    4.898416920120692e-05    6.25528167406199e-05
8981.409136230548    7.590078897627186e-05    7.590123665912252e-05    5.383937943406999e-05    6.854713502315479e-05
8981.509136200548    8.305065619348028e-05    8.3050662503936e-05    5.889117598434738e-05    7.499749822725456e-05
8981.609136170548    9.078853828568707e-05    9.078891633392155e-05    6.401912903165848e-05    8.18655278837557e-05
8981.709136140547    9.908671612763922e-05    9.908653167479411e-05    6.906474738663537e-05    8.907933172968957e-05
8981.809136110547    0.00010790182009690507    0.00010790064322627771    7.385744999870138e-05    9.655330444062806e-05
8981.909136080547    0.00011716441110880256    0.0001171641644234936    7.822382399922718e-05    0.00010418413317717444
8982.009136050547    0.00012679228088800066    0.0001267923463060003    8.202559561477419e-05    0.00011187007426959171
8982.109136020546    0.0001372035229842775    0.00013720356912564393    8.506472356283404e-05    0.00011982393855758513
8982.209135990546    0.00014656195007597023    0.00014656185720585463    8.692501563114178e-05    0.00012668294097098885
8982.309135960546    0.00015540451405861774    0.00015540464434268258    8.78130631448478e-05    0.00013287407384871602
8982.409135930546    0.00016335471310081467    0.00016335470994038452    8.768063184362328e-05    0.00013813001829494082
8982.509135900546    0.00017010503758898464    0.00017010540064261447    8.659612190724849e-05    0.0001422688533796159
8982.609135870545    0.00017545753404870043    0.00017545744309152992    8.470626663081709e-05    0.0001452070812570158
8982.709135840545    0.00017935550607266876    0.00017935512359383254    8.219515861511832e-05    0.00014696859609387322
8982.809135810545    0.00018184357785561164    0.00018184381072074794    7.924322669685157e-05    0.0001476435384244037
8982.909135780545    0.0001832489102846349    0.00018324901631392332    7.613303858740455e-05    0.0001475436550619876
8983.009135750544    0.0001836288191219965    0.0001836286787701063    7.293534218201675e-05    0.0001467309466913732
8983.109135720544    0.0001834402724479387    0.0001834405386179336    6.976806923443996e-05    0.00014554962676677078
8983.209135690544    0.0001825377879185274    0.00018253797192461848    6.666664048229547e-05    0.00014391413344181376
8983.309135660544    0.00018097021143226893    0.00018097018170817132    6.368142654301243e-05    0.00014187393989448422
8983.409135630543    0.0001787102829518333    0.00017871016449846073    6.083015898361757e-05    0.00013941686881130386
8983.509135600543    0.00017571739365258046    0.000175717213017244    5.8113001162698075e-05    0.0001365158692775075
8983.609135570543    0.00017199824934789772    0.00017199852180377678    5.552165906490318e-05    0.00013317281007219254
8983.709135540543    0.0001676174200870323    0.00016761766498911814    5.30438829246852e-05    0.0001294263226669452
8983.809135510543    0.0001626977153416018    0.00016269797940014752    5.0668777900291684e-05    0.00012535482421401368
8983.909135480542    0.00015739415276686745    0.00015739451133966496    4.839056348274391e-05    0.00012105974252975877
8984.009135450542    0.00015185698677791238    0.00015185679960966563    4.620585496897897e-05    0.00011663988045218567
8984.109135420542    0.00014621887861074778    0.0001462189083940813    4.4122852594258515e-05    0.00011218687986636252
8984.209135390542    0.0001405908449447088    0.00014059086176570955    4.2155028766714385e-05    0.00010777891182571092
8984.309135360541    0.00013507020983985783    0.00013507061257998508    4.031998931237211e-05    0.00010348693724407166
8984.409135330541    0.00012974570670596888    0.00012974582079840105    3.863682091330019e-05    9.937611613922337e-05
8984.509135300541    0.0001247083369762084    0.00012470809374408033    3.712003461725905e-05    9.551215511251593e-05
8984.60913527054    0.0001200433489291976    0.00012004358737147707    3.577493513407941e-05    9.195395714491804e-05
8984.70913524054    0.00011582169427190768    0.00011582134357822071    3.459492112880598e-05    8.874598632631144e-05
8984.80913521054    0.00011208900377855126    0.00011208869568518615    3.355894658813737e-05    8.591221535062492e-05
8984.90913518054    0.00010885611905336165    0.00010885614896658947    3.263336685480185e-05    8.344854495825099e-05
8985.00913515054    0.00010609178156361958    0.00010609169347300382    3.177359643587493e-05    8.131902382416611e-05
8985.10913512054    0.00010373113536850483    0.00010373110976351727    3.093407395629871e-05    7.946543969610694e-05
8985.20913509054    0.00010167606841019051    0.00010167620057755224    3.007145491647019e-05    7.780790796807099e-05
8985.30913506054    9.981159842533222e-05    9.981146504668501e-05    2.9156307116797075e-05    7.625979019627143e-05
8985.409135030539    9.80128847129123e-05    9.801249655747288e-05    2.817634144327276e-05    7.473390757121931e-05
8985.509135000539    9.615988380561632e-05    9.615982564188297e-05    2.7136633563395322e-05    7.315211433696487e-05
8985.609134970538    9.414647965111699e-05    9.414703147052312e-05    2.6058617000696384e-05    7.145070937411216e-05
8985.709134940538    9.18961872618593e-05    9.189702405660728e-05    2.497334755472394e-05    6.958885295773019e-05
8985.809134910538    8.936419439972088e-05    8.936409007680723e-05    2.3913617277418216e-05    6.754730058464877e-05
8985.909134880538    8.654190767674881e-05    8.654189985880905e-05    2.291078114339594e-05    6.533152955965126e-05
8986.009134850538    8.345975308252881e-05    8.345974250875683e-05    2.199008610038515e-05    6.296986056389026e-05
8986.109134820537    8.017269322512194e-05    8.017251659087296e-05    2.1169961589162937e-05    6.050505713505261e-05
8986.209134790537    7.67514081669247e-05    7.675142175611455e-05    2.045947522512198e-05    5.798743504938707e-05
8986.309134760537    7.327041082286467e-05    7.327049025437424e-05    1.9863297758797635e-05    5.546806627867885e-05
8986.409134730537    6.979891803416706e-05    6.979894510355063e-05    1.938020546535381e-05    5.2992689534357174e-05
8986.509134700536    6.63942885926664e-05    6.639425585269048e-05    1.9004665195876117e-05    5.059773654707766e-05
8986.609134670536    6.310008314694696e-05    6.31002687075421e-05    1.8730481135182516e-05    4.831027766322386e-05
8986.709134640536    5.994769256930777e-05    5.99478323791802e-05    1.855024774519346e-05    4.6148590897893806e-05
8986.809134610536    5.6955741235504493e-05    5.6955787582439904e-05    1.845587352981692e-05    4.412246744925378e-05
8986.909134580535    5.413376350016616e-05    5.4133688122537384e-05    1.843939752820291e-05    4.223561638363548e-05
8987.009134550535    5.1483264149238895e-05    5.14831373636338e-05    1.8492034204025136e-05    4.0486145238965946e-05
8987.109134520535    4.899523885807665e-05    4.8995254088890134e-05    1.8601160179502407e-05    3.8863884375489735e-05
8987.209134490535    4.666886287433791e-05    4.666924207799796e-05    1.8764735398661707e-05    3.736761345033253e-05
8987.309134460535    4.4481247581409065e-05    4.4481428863513803e-05    1.8956134954741893e-05    3.597293713322158e-05
8987.409134430534    4.2421091875951026e-05    4.2421233762365475e-05    1.9169522180017216e-05    3.4670615939444575e-05
8987.509134400534    4.047358934221167e-05    4.0473717140437166e-05    1.93899881812527e-05    3.344576488796718e-05
8987.609134370534    3.861736866266131e-05    3.8617181690143304e-05    1.9586144621591173e-05    3.227356499146526e-05
8987.709134340534    3.682576440926104e-05    3.682589324959079e-05    1.9733092430647994e-05    3.112825002983328e-05
8987.809134310533    3.51033685422495e-05    3.5103488502032614e-05    1.9818984665483575e-05    3.000861390325523e-05
8987.909134280533    3.340848411177046e-05    3.3408534333921845e-05    1.9791782503126454e-05    2.8869600316272923e-05
8988.009134250533    3.1750462123819517e-05    3.175043359378921e-05    1.964537576902901e-05    2.7715423828879244e-05
8988.109134220533    3.0099751045029442e-05    3.0099706289464923e-05    1.9337706130241635e-05    2.6512387821578667e-05
8988.209134190532    2.846323448671493e-05    2.8463412998886712e-05    1.8864262830402297e-05    2.526363677200131e-05
8988.309134160532    2.6834827236182035e-05    2.6834833214558053e-05    1.8211166161799942e-05    2.3960275537513342e-05
8988.409134130532    2.5222323517834938e-05    2.522251746702734e-05    1.739225656241245e-05    2.2612365849091578e-05
8988.509134100532    2.3644704713241266e-05    2.3644726768663143e-05    1.6425764616193697e-05    2.1238398699366035e-05
8988.609134070532    2.2132793640542995e-05    2.2132845188886988e-05    1.5401297169267936e-05    1.9888978666232642e-05
8988.709134040531    2.0691686041475936e-05    2.0691734328770675e-05    1.4323236550083857e-05    1.8568885640110154e-05
8988.809134010531    1.9337418700891512e-05    1.9337463018251196e-05    1.3249311746331217e-05    1.730806448849131e-05
8988.90913398053    1.8080740708120764e-05    1.808078120146837e-05    1.2217621280050248e-05    1.6126381063213127e-05
8989.00913395053    1.692613689785047e-05    1.6926173715185727e-05    1.1253334835057488e-05    1.5035215149364562e-05
8989.10913392053    1.5872707846676753e-05    1.5872741187994812e-05    1.0369941871420844e-05    1.4038463635364135e-05
8989.20913389053    1.4915670219943285e-05    1.4915700345238515e-05    9.571782856064461e-06    1.3134384473748753e-05
8989.30913386053    1.4047913209304669e-05    1.4047940412573786e-05    8.856994713709247e-06    1.2317616111862565e-05
8989.40913383053    1.3261267818913353e-05    1.3261292403155351e-05    8.220076075580628e-06    1.1580878765883111e-05
8989.50913380053    1.2547389667402512e-05    1.2547411920618597e-05    7.65377604412145e-06    1.0916192544047518e-05
8989.60913377053    1.1898296103620678e-05    1.1898316292812634e-05    7.150327111979404e-06    1.0315646502804239e-05
8989.709133740529    1.130664698580329e-05    1.1306665349973564e-05    6.702168519249513e-06    9.771826951675455e-06
8989.809133710529    1.0765856852916842e-05    1.0765873605067726e-05    6.302320714731725e-06    9.278017057572097e-06
8989.909133680529    1.0270106463930489e-05    1.027012178806458e-05    5.944541394371727e-06    8.828256548788931e-06
8990.009133650528    9.814300069447205e-06    9.814314127766445e-06    5.623355053367934e-06    8.417323083527196e-06
8990.109133620528    9.393997553286075e-06    9.394010485892457e-06    5.334015445025894e-06    8.040674494734809e-06
8990.209133590528    9.005338463791224e-06    9.005350392286415e-06    5.072436940490741e-06    7.694375265522793e-06
8990.309133560528    8.64496722712344e-06    8.644978257308868e-06    4.835115396940454e-06    7.375020293790919e-06
8990.409133530527    8.309964100018675e-06    8.309974323795606e-06    4.619049595446185e-06    7.079662673086822e-06
8990.509133500527    7.997783703490895e-06    7.997793201260374e-06    4.421668649634707e-06    6.805748518128658e-06
8990.609133470527    7.706201489824813e-06    7.706210331787769e-06    4.240767571389554e-06    6.5510597976673785e-06
8990.709133440527    7.43326773625708e-06    7.4332759841142924e-06    4.074451435536412e-06    6.313665051969261e-06
8990.809133410527    7.177268323183353e-06    7.177276031035518e-06    3.921087711033664e-06    6.091877355084178e-06
8990.909133380526    6.936691444037977e-06    6.9366986597856615e-06    3.7792659329299923e-06    5.884218678917877e-06
8991.009133350526    6.7101994108663765e-06    6.710206176910088e-06    3.6477637707136546e-06    5.689389786163373e-06
8991.109133320526    6.496604786218496e-06    6.496611140258667e-06    3.525518559714676e-06    5.506244828730614e-06
8991.209133290526    6.294850162446203e-06    6.294856137983221e-06    3.4116034431075613e-06    5.333769914512328e-06
8991.309133260525    6.103991007728118e-06    6.103996634762306e-06    3.305207377365291e-06    5.171065006618571e-06
8991.409133230525    5.9231810808392964e-06    5.923186386270942e-06    3.205618357070722e-06    5.01732860806032e-06
8991.509133200525    5.751660002973532e-06    5.751665011002886e-06    3.1122093201845473e-06    4.871844778053655e-06
8991.609133170525    5.588742635662946e-06    5.588747367990239e-06    3.0244262794348417e-06    4.7339720943626755e-06
8991.709133140525    5.4338099786566716e-06    5.433814454982092e-06    2.941778305258609e-06    4.6031342462991246e-06
8991.809133110524    5.286301345503788e-06    5.286305583627513e-06    2.863829050261339e-06    4.478811993130879e-06
8991.909133080524    5.1457076177547366e-06    5.1457116338769144e-06    2.790189556200262e-06    4.360536269277304e-06
8992.009133050524    5.011565411290399e-06    5.01156922021116e-06    2.7205121345929877e-06    4.2478822553648486e-06
8992.109133020524    4.883452015937424e-06    4.883455631056901e-06    2.65448514352836e-06    4.140464263507562e-06
8992.209132990523    4.760980992920111e-06    4.7609844264384165e-06    2.591828517903934e-06    4.03793131242082e-06
8992.309132960523    4.64379833310763e-06    4.643801596324848e-06    2.5322899324672854e-06    3.9399632872999215e-06
8992.409132930523    4.531579095669036e-06    4.5315821988852595e-06    2.4756414986666086e-06    3.846267597740302e-06
8992.509132900523    4.424024457944733e-06    4.424027410660039e-06    2.421676913513873e-06    3.7565762607062146e-06
8992.609132870522    4.3208591193022925e-06    4.320861930216756e-06    2.3702089911437316e-06    3.670643346887593e-06
8992.709132840522    4.221829011017469e-06    4.221831688331135e-06    2.321067519088282e-06    3.588242739478962e-06
8992.809132810522    4.126699270648363e-06    4.126701821661322e-06    2.274097393550572e-06    3.509166161953419e-06
8992.909132780522    4.035252445013284e-06    4.03525487672556e-06    2.229156991082257e-06    3.433221437607034e-06
8993.009132750522    3.947286893679457e-06    3.947289212491108e-06    2.1861167436683526e-06    3.360230949946306e-06
8993.109132720521    3.862615366037286e-06    3.86261757794835e-06    2.1448578894061858e-06    3.290030277797274e-06
8993.209132690521    3.781063730693524e-06    3.7810658411040594e-06    2.1052713730950915e-06    3.2224669816308914e-06
8993.30913266052    3.7024698382575672e-06    3.7024718523675925e-06    2.067256877523599e-06    3.157399522716253e-06
8993.40913263052    3.6266825016295114e-06    3.626684424339054e-06    2.0307219678584108e-06    3.0946962979423256e-06
8993.50913260052    3.5535605796964174e-06    3.5535624154055262e-06    1.9955813330382164e-06    3.03423477604672e-06
