6.513529484801999843e+02 1.463982091199999963e-05 1.463983507250000033e-05 1.434199128100000010e-05 1.454054908849999776e-05
6.514529484601999911e+02 1.322927279460990259e-05 1.322928703010988842e-05 1.290664039557046177e-05 1.312173340676341929e-05
6.515529484401999980e+02 1.223103619729500230e-05 1.223105062929492421e-05 1.189166938648877413e-05 1.211791873769290021e-05
6.516529484202000049e+02 1.163027441195733346e-05 1.163028873895739612e-05 1.128040851525679085e-05 1.151365722205717178e-05
6.517529484002000117e+02 1.127985361783639589e-05 1.127986822333617194e-05 1.092301626091355846e-05 1.116091270069537599e-05
6.518529483802000186e+02 1.106583667701680085e-05 1.106585139601668791e-05 1.070405849345762546e-05 1.094524885549703864e-05
6.519529483602000255e+02 1.094622144003817765e-05 1.094623625403806473e-05 1.058068211455154751e-05 1.082437993620926217e-05
6.520529483402000324e+02 1.088087661098268521e-05 1.088089162498240616e-05 1.051231518621362589e-05 1.075802780739290632e-05
6.521529483202000392e+02 2.532855658218858034e-05 2.503286597136868970e-05 2.494734590128714962e-05 2.510292281828147435e-05
6.522529483002000461e+02 2.416995882108884894e-05 2.386284710527632218e-05 2.378783700037035402e-05 2.394021430891184172e-05
6.523529482802000530e+02 2.346875582977218938e-05 2.315331871689807475e-05 2.308542281345724674e-05 2.323583245337584147e-05
6.524529482602000598e+02 2.306482620128212071e-05 2.274414936308614672e-05 2.268031803618837772e-05 2.282976453351888172e-05
6.525529482402000667e+02 2.284622323049225541e-05 2.252235358746218524e-05 2.246067793854990413e-05 2.260975158550144939e-05
6.526529482202000736e+02 2.274872878756948049e-05 2.242288720885454300e-05 2.236213115325931785e-05 2.251124904989444485e-05
6.527529482002000805e+02 2.271826223733517427e-05 2.239147502492628121e-05 2.233081480341555622e-05 2.248018402189233384e-05
6.528529481802000873e+02 2.273870674003795721e-05 2.241169781645040192e-05 2.235057843662716358e-05 2.250032766437183639e-05
6.529529481602000942e+02 2.280235440311646563e-05 2.247565046616093235e-05 2.241369469168359680e-05 2.256389985365366832e-05
6.530529481402001011e+02 2.288987591854708259e-05 2.256387070884578370e-05 2.250101456845890013e-05 2.265158706528392214e-05
6.531529481202001080e+02 2.299675435276598396e-05 2.267163241045706443e-05 2.260778573076135419e-05 2.275872416466146527e-05
6.532529481002001148e+02 2.312010311690117933e-05 2.279613312234904431e-05 2.273136392884875684e-05 2.288253338936632796e-05
6.533529480802001217e+02 2.325364493854292162e-05 2.293130468795408087e-05 2.286542615634721583e-05 2.301679192761474057e-05
6.534529480602001286e+02 2.340967959603445876e-05 2.308933312371398285e-05 2.302226874835658767e-05 2.317376048936834422e-05
6.535529480402001354e+02 2.357302786185510224e-05 2.325496638810295490e-05 2.318690813846703233e-05 2.333830079614169649e-05
6.536529480202001423e+02 2.372777123434684782e-05 2.341224342174744890e-05 2.334345597225419305e-05 2.349449020944949885e-05
6.537529480002001492e+02 2.388979128942912003e-05 2.357690493643802579e-05 2.350785512119010892e-05 2.365818378235241712e-05
6.538529479802001561e+02 2.407737409231731093e-05 2.376737726316817233e-05 2.369845770872467023e-05 2.384773635473671783e-05
6.539529479602001629e+02 2.427784088664680385e-05 2.397122785736689049e-05 2.390292093867913981e-05 2.405066322756428031e-05
6.540529479402001698e+02 2.447970744770287728e-05 2.417687726126708148e-05 2.410990814409122044e-05 2.425549761768706086e-05
6.541529479202001767e+02 2.468304958249645481e-05 2.438422955132207197e-05 2.431972541559679891e-05 2.446233484980510743e-05
6.542529479002001835e+02 2.488795124298073745e-05 2.459366006449341922e-05 2.453306794172473946e-05 2.467155974973296199e-05
6.543529478802001904e+02 2.509883821730577230e-05 2.480956694526224084e-05 2.475489373346198698e-05 2.488776629867666784e-05
6.544529478602001973e+02 2.532529377380610239e-05 2.504137016260421533e-05 2.499563754676818652e-05 2.512076716105950141e-05
6.545529478402002042e+02 2.556361132921356521e-05 2.528554484207484068e-05 2.525320532072014966e-05 2.536745383066951965e-05
6.546529478202002110e+02 2.579842348866225510e-05 2.552693815039918209e-05 2.551439289436773246e-05 2.561325151114305881e-05
6.547529478002002179e+02 2.603251946326845203e-05 2.576864886179984916e-05 2.578569748107383751e-05 2.586228860204737844e-05
6.548529477802002248e+02 2.628489715692913496e-05 2.602969743222041237e-05 2.609300127397136526e-05 2.613586528770697086e-05
6.549529477602002316e+02 2.654958485367942195e-05 2.630410439110553926e-05 2.644345931207290069e-05 2.643238285228595284e-05
6.550529477402002385e+02 2.682384116918062924e-05 2.658958366116996505e-05 2.686160582833799578e-05 2.675834355289619443e-05
6.551529477202002454e+02 2.712232744688753908e-05 2.690147739174816101e-05 2.742762019945308712e-05 2.715047501269626353e-05
6.552529477002002523e+02 2.744864289297489789e-05 2.724374509658977701e-05 2.833138446937386574e-05 2.767459081964617683e-05
6.553529476802002591e+02 2.783960049853630159e-05 2.765431331959521366e-05 3.025826480584772472e-05 2.858405954132641445e-05
6.554529476602002660e+02 2.837466981897482818e-05 2.821444235028258810e-05 3.500923012411333784e-05 3.053278076445691691e-05
6.555529476402002729e+02 2.938432223677449369e-05 2.925696156007854865e-05 3.776063599077063830e-05 3.213397326254122349e-05
6.556529476202002797e+02 3.136581645457100630e-05 3.128381472836781079e-05 3.307833232156314179e-05 3.190932116816731963e-05
6.557529476002002866e+02 3.168111871770465669e-05 3.166581623122434962e-05 3.055270639086948549e-05 3.129988044659949727e-05
6.558529475802002935e+02 3.036646596115514531e-05 3.045761393563218032e-05 2.994646617623655728e-05 3.025684869100796323e-05
6.559529475602003004e+02 3.007465948867607186e-05 3.035564844506734571e-05 3.002639913704225163e-05 3.015223569026189199e-05
6.560529475402003072e+02 3.035285006628456525e-05 3.102844984027856759e-05 3.050774224387864186e-05 3.062968071681392490e-05
6.561529475202003141e+02 3.102806178843165239e-05 3.272403579662787614e-05 3.152168463345102445e-05 3.175792740617018432e-05
6.562529475002003210e+02 3.258443128380083935e-05 3.713717444711190757e-05 3.398852212381808541e-05 3.457004261824361303e-05
6.563529474802003278e+02 3.598599633239379377e-05 4.168978921619481085e-05 3.971960163499599025e-05 3.913179572786152711e-05
6.564529474602003347e+02 3.714910076154842366e-05 3.868430359483647642e-05 4.082973187063875046e-05 3.888771207567454341e-05
6.565529474402003416e+02 3.468492848684169404e-05 3.477301316063273370e-05 3.559436905316558261e-05 3.501743690021333452e-05
6.566529474202003485e+02 3.296794076791341839e-05 3.328718523080190342e-05 3.348229956803867185e-05 3.324580852225133122e-05
6.567529474002003553e+02 3.250814349790470171e-05 3.314505412141184902e-05 3.319765116975950567e-05 3.295028292969201880e-05
6.568529473802003622e+02 3.251832571612969569e-05 3.373998931252068881e-05 3.382302227303252373e-05 3.336044576722763382e-05
6.569529473602003691e+02 3.269495835739980207e-05 3.556897122855205934e-05 3.588868777749368890e-05 3.471753912114851451e-05
6.570529473402003759e+02 3.295910001035581220e-05 3.893499223872690920e-05 4.018414052828388140e-05 3.735941092578887212e-05
6.571529473202003828e+02 3.326769185867499705e-05 3.878548935054341952e-05 4.055178649530445591e-05 3.753498923484095749e-05
6.572529473002003897e+02 3.359183204175604769e-05 3.636078452506199068e-05 3.727554995257266278e-05 3.574272217313024050e-05
6.573529472802003966e+02 3.394672040542104396e-05 3.512670318540851076e-05 3.534895182346466460e-05 3.480745847143141322e-05
6.574529472602004034e+02 3.430699306436140161e-05 3.489136438033366085e-05 3.483670868667027080e-05 3.467835537712177549e-05
6.575529472402004103e+02 3.467826642032554804e-05 3.500929024199926767e-05 3.483565666271011660e-05 3.484107110834498195e-05
6.576529472202004172e+02 3.506328097705208334e-05 3.526813852197054793e-05 3.503019484077517530e-05 3.512053811326593778e-05
6.577529472002004240e+02 3.546171858546733226e-05 3.559751685836440803e-05 3.531842758014277692e-05 3.545922100799151026e-05
6.578529471802004309e+02 3.587036275744209357e-05 3.596682985701923050e-05 3.565780658313737184e-05 3.583166639919956530e-05
6.579529471602004378e+02 3.627697310412258681e-05 3.635150743765048380e-05 3.601822344343513413e-05 3.621556799506939932e-05
6.580529471402004447e+02 3.670019293389850993e-05 3.676360840060638392e-05 3.640929550767124694e-05 3.662436561405871586e-05
6.581529471202004515e+02 3.714427304078441507e-05 3.720348407150665020e-05 3.683052288265615723e-05 3.705942666498240976e-05
6.582529471002004584e+02 3.757937486415640634e-05 3.763935093366775565e-05 3.724906927621474448e-05 3.748926502467963098e-05
6.583529470802004653e+02 3.802073252695785247e-05 3.808549560320055377e-05 3.767835777674842062e-05 3.792819530230227788e-05
6.584529470602004722e+02 3.849225571059455484e-05 3.856480359566466683e-05 3.814097614558592292e-05 3.839934515061504819e-05
6.585529470402004790e+02 3.896233855259639562e-05 3.904471831723240399e-05 3.860484624180205424e-05 3.887063437054361569e-05
6.586529470202004859e+02 3.944414758066700378e-05 3.953822467784214045e-05 3.908245491658448760e-05 3.935494239169787050e-05
6.587529470002004928e+02 3.993973645431540299e-05 4.004717998820533421e-05 3.957530528328538589e-05 3.985407390860204555e-05
6.588529469802004996e+02 4.043692028375769118e-05 4.055927120177596414e-05 4.007110471778864950e-05 4.035576540110743268e-05
6.589529469602005065e+02 4.093810332069751091e-05 4.107681411763449688e-05 4.057214902014652763e-05 4.086235548615950729e-05
6.590529469402005134e+02 4.145632053594584641e-05 4.161279438949195230e-05 4.109157069761147949e-05 4.138689520768309499e-05
6.591529469202005203e+02 4.199451422854580385e-05 4.217028954560288477e-05 4.163159274407361352e-05 4.193213217274076738e-05
6.592529469002005271e+02 4.254104453717235583e-05 4.273713648303549979e-05 4.218080979405684945e-05 4.248633027142156610e-05
6.593529468802005340e+02 4.309393771166217322e-05 4.331142766213665334e-05 4.273726841899297283e-05 4.304754459759726646e-05
6.594529468602005409e+02 4.365098943137289656e-05 4.389100261915801385e-05 4.329835360185311811e-05 4.361344855079468295e-05
6.595529468402005477e+02 4.422525270460233134e-05 4.448868729437337600e-05 4.387759031909950431e-05 4.419717677269173044e-05
6.596529468202005546e+02 4.481409535482115436e-05 4.510232439660546012e-05 4.447236952588641567e-05 4.479626309243768349e-05
6.597529468002005615e+02 4.541161103942122589e-05 4.572594229317572501e-05 4.507651920758854412e-05 4.540469084672849834e-05
6.598529467802005684e+02 4.603601429617251305e-05 4.637744335750692345e-05 4.570790407813154642e-05 4.604045391060365645e-05
6.599529467602005752e+02 4.666675806708695787e-05 4.703680604584148384e-05 4.634655645084046296e-05 4.668337352125629704e-05
6.600529467402005821e+02 4.731050510328454887e-05 4.771056176939948099e-05 4.699910638352772810e-05 4.734005775207058599e-05
6.601529467202005890e+02 4.796893556261769113e-05 4.840005367497919933e-05 4.766674091234523693e-05 4.801191004998071139e-05
6.602529467002005958e+02 4.863361738223579561e-05 4.909736657348175506e-05 4.834156700716743814e-05 4.869085032096166294e-05
6.603529466802006027e+02 4.931706409358588262e-05 4.981460318577160881e-05 4.903597733964819739e-05 4.938921487300189627e-05
6.604529466602006096e+02 5.001830498757285659e-05 5.055103414310237159e-05 4.974886610578566797e-05 5.010606841215362527e-05
6.605529466402006165e+02 5.073696900885171193e-05 5.130674514546549898e-05 5.048025844252882974e-05 5.084132419894868247e-05
6.606529466202006233e+02 5.147518198128437554e-05 5.208331800884641121e-05 5.123213091431421323e-05 5.159687696814834010e-05
6.607529466002006302e+02 5.222714202859228322e-05 5.287506260353163647e-05 5.199872003918318383e-05 5.236697489043569891e-05
6.608529465802006371e+02 5.298702340148499993e-05 5.367600783433624004e-05 5.277398234770059823e-05 5.314567119450728844e-05
6.609529465602006439e+02 5.385077035301157283e-05 5.458297128558337508e-05 5.365419920647265226e-05 5.402931361502252887e-05
6.610529465402006508e+02 5.462862894451962661e-05 5.540642605899030493e-05 5.444984007370169649e-05 5.482829835907054042e-05
6.611529465202006577e+02 5.537544177493940211e-05 5.620042703848649238e-05 5.521544200996324350e-05 5.559710360779637707e-05
6.612529465002006646e+02 5.622288226727542988e-05 5.709638959979688549e-05 5.608311524879805194e-05 5.646746237195678910e-05
6.613529464802006714e+02 5.708487457191137586e-05 5.800876928253746983e-05 5.696638609941886484e-05 5.735334331795591029e-05
6.614529464602006783e+02 5.793104109307082520e-05 5.890788417007370765e-05 5.783499732732347125e-05 5.822464086348933470e-05
6.615529464402006852e+02 5.880773418057993226e-05 5.983986055148806803e-05 5.873611336497106455e-05 5.912790269901302387e-05
6.616529464202006920e+02 5.985758075274308907e-05 6.094681152391392758e-05 5.981167980284604157e-05 6.020535735983435500e-05
6.617529464002006989e+02 6.082554079375338061e-05 6.197400972536741613e-05 6.080683425660887698e-05 6.120212825857655791e-05
6.618529463802007058e+02 6.179675334738394859e-05 6.300684676321333870e-05 6.180757819212208263e-05 6.220372610090646568e-05
6.619529463602007127e+02 6.285495148909104007e-05 6.412932837412846192e-05 6.289681537027870290e-05 6.329369841116607733e-05
6.620529463402007195e+02 6.389432979900578117e-05 6.523594244203412989e-05 6.396865974177666655e-05 6.436631066093886824e-05
6.621529463202007264e+02 6.487855773277318480e-05 6.628923321225636584e-05 6.498809866808383023e-05 6.538529653770445125e-05
6.622529463002007333e+02 6.593710477521607998e-05 6.741938793640038291e-05 6.608422598789437223e-05 6.648023956650359815e-05
6.623529462802007401e+02 6.705577442366329982e-05 6.861338906366542829e-05 6.724266896723064086e-05 6.763727748485313203e-05
6.624529462602007470e+02 6.815067620662254621e-05 6.978580555629230900e-05 6.838029418913045988e-05 6.877225865068177621e-05
6.625529462402007539e+02 6.937469088707262600e-05 7.108999652559818859e-05 6.964949033811865644e-05 7.003805925026316604e-05
6.626529462202007608e+02 7.065354970593347157e-05 7.245212406426498203e-05 7.097652650833196123e-05 7.136073342617680042e-05
6.627529462002007676e+02 7.192050273826810526e-05 7.380555910305633513e-05 7.229483159196946243e-05 7.267363114443130094e-05
6.628529461802007745e+02 7.326220950314000602e-05 7.523739930275662917e-05 7.369116719235883082e-05 7.406359199941847963e-05
6.629529461602007814e+02 7.458002427896552372e-05 7.664763534484455177e-05 7.506780488911402255e-05 7.543182150430805075e-05
6.630529461402007882e+02 7.588256312277073378e-05 7.804550596510866631e-05 7.643342333555667805e-05 7.678716414114534583e-05
6.631529461202007951e+02 7.730247824852505079e-05 7.956471970871548853e-05 7.792090359551725684e-05 7.826270051758594561e-05
6.632529461002008020e+02 7.877904120263795314e-05 8.114400866752774933e-05 7.946945678922632487e-05 7.979750221979734696e-05
6.633529460802008089e+02 8.033491442955468067e-05 8.280527925898657207e-05 8.110271745093779487e-05 8.141430371315968705e-05
6.634529460602008157e+02 8.190647401608941263e-05 8.448517354108910711e-05 8.275772579330713534e-05 8.304979111682853814e-05
6.635529460402008226e+02 8.349185393499872568e-05 8.618186325894916749e-05 8.443230159459687886e-05 8.470200626284826186e-05
6.636529460202008295e+02 8.522138307444124370e-05 8.802476598083204919e-05 8.625853503964781314e-05 8.650156136497368846e-05
6.637529460002008364e+02 8.696793456899091720e-05 8.988722086388168308e-05 8.810951296748307214e-05 8.832155613345188177e-05
6.638529459802008432e+02 8.863424547966004233e-05 9.167252909721727773e-05 8.988865668824969437e-05 9.006514375504233363e-05
6.639529459602008501e+02 9.051169107514327921e-05 9.367096227974087844e-05 9.188903894384386432e-05 9.202389743290934065e-05
6.640529459402008570e+02 9.252331248704812744e-05 9.580343352474408880e-05 9.403446649659732027e-05 9.412040416946316980e-05
6.641529459202008638e+02 9.457256707235604755e-05 9.797351922738960477e-05 9.622927972386272825e-05 9.625845534120281159e-05
6.642529459002008707e+02 9.679208662063215304e-05 1.003142958408862688e-04 9.860766007845074663e-05 9.857134751332305162e-05
6.643529458802008776e+02 9.899436426764505418e-05 1.026359905144328267e-04 1.009846842314358136e-04 1.008716796711712224e-04
6.644529458602008845e+02 1.012492623618870501e-04 1.050069899149723039e-04 1.034334735736549789e-04 1.032299086168381110e-04
6.645529458402008913e+02 1.037678138980885714e-04 1.076367383673903252e-04 1.061672164817330948e-04 1.058572562490706548e-04
6.646529458202008982e+02 1.064145116131561789e-04 1.103872310856081942e-04 1.090535117784060452e-04 1.086184181590568016e-04
6.647529458002009051e+02 1.091715638841076494e-04 1.132366418340172203e-04 1.120800316001105737e-04 1.114960791060784766e-04
6.648529457802009119e+02 1.120620710408616822e-04 1.162042008319116350e-04 1.152754232917454558e-04 1.145138983881729288e-04
6.649529457602009188e+02 1.151995032425627400e-04 1.193998174521463242e-04 1.187611162751519656e-04 1.177868123232870054e-04
6.650529457402009257e+02 1.186622291772208306e-04 1.228946097009083784e-04 1.226244954988904231e-04 1.213937781256732107e-04
6.651529457202009326e+02 1.225106112541413149e-04 1.267411821681762804e-04 1.269399171465088703e-04 1.253972368562754976e-04
6.652529457002009394e+02 1.266502247919364370e-04 1.308344540769659434e-04 1.316332828680177782e-04 1.297059872456400348e-04
6.653529456802009463e+02 1.312795568426340024e-04 1.353581498748859671e-04 1.369280519681272308e-04 1.345219195618824182e-04
6.654529456602009532e+02 1.366197986236688112e-04 1.405155412497256133e-04 1.430829230911649717e-04 1.400727543215198078e-04
6.655529456402009600e+02 1.426658466358953327e-04 1.462774717688940739e-04 1.501471346117067072e-04 1.463634843388320560e-04
6.656529456202009669e+02 1.499316241314328541e-04 1.531234599756158010e-04 1.587198296957303425e-04 1.539249712675929901e-04
6.657529456002009738e+02 1.592000031567835305e-04 1.617906023303398283e-04 1.697180260374856885e-04 1.635695438415363581e-04
6.658529455802009807e+02 1.712670177127470798e-04 1.730124747125424446e-04 1.841596256214968110e-04 1.761463726822621299e-04
6.659529455602009875e+02 1.882160668188199830e-04 1.887796422605150380e-04 2.045082049002902580e-04 1.938346379932084354e-04
6.660529455402009944e+02 2.143444985562986140e-04 2.132547699026985755e-04 2.357446340008458800e-04 2.211146341532810051e-04
6.661529455202010013e+02 2.601369125637807310e-04 2.567237477530112449e-04 2.895940738543497251e-04 2.688182447237139365e-04
6.662529455002010081e+02 3.581758437047213948e-04 3.514564290282555124e-04 4.006518966777138742e-04 3.700947231368968910e-04
6.663529454802010150e+02 6.196663253253605627e-04 6.081477703582504604e-04 6.862616981624649823e-04 6.380252646153586685e-04
6.664529454602010219e+02 1.081831170206268462e-03 1.063155711615193077e-03 1.300552661507600825e-03 1.148513181109687238e-03
6.665529454402010288e+02 1.027815414488869724e-03 9.980511277927245524e-04 1.528297090624038731e-03 1.184721210968544191e-03
6.666529454202010356e+02 7.076479466739699509e-04 6.597668617269218053e-04 1.187331695493649237e-03 8.515821679648471424e-04
6.667529454002010425e+02 4.894578651651030786e-04 4.096528929768230610e-04 7.084275082537412572e-04 5.358460887985557267e-04
6.668529453802010494e+02 4.518857004433327442e-04 3.092019595396869065e-04 5.191066025023236127e-04 4.267314208284477906e-04
6.669529453602010562e+02 5.654452800681630288e-04 2.762369048404191875e-04 5.343101124199984122e-04 4.586640991095269123e-04
6.670529453402010631e+02 9.734650783695235083e-04 2.744522024623411165e-04 7.675888323551404704e-04 6.718353710623350137e-04
6.671529453202010700e+02 1.691830566242487430e-03 3.085450358336608214e-04 1.400938170030612863e-03 1.133771257368920444e-03
6.672529453002010769e+02 1.704601285147407455e-03 3.781822665723972047e-04 1.695632014581755160e-03 1.259471855433853382e-03
6.673529452802010837e+02 1.139091950564424978e-03 3.644750106824395887e-04 1.242942074091242608e-03 9.155030117793689498e-04
6.674529452602010906e+02 6.559994581372190171e-04 3.057679474965272837e-04 7.334841054449964433e-04 5.650838370262475452e-04
6.675529452402010975e+02 4.327295552665405619e-04 2.764254798860782598e-04 4.733666986507063194e-04 3.941739112677751012e-04
6.676529452202011043e+02 3.439869622317296891e-04 2.698195180992802472e-04 3.686749860816519210e-04 3.274938221375539344e-04
6.677529452002011112e+02 3.044188181183888286e-04 2.715653706087323756e-04 3.243002334770898974e-04 3.000948074014036463e-04
6.678529451802011181e+02 2.852762802345673197e-04 2.769725526521203598e-04 3.037988742428858555e-04 2.886825690431911603e-04
6.679529451602011250e+02 2.761511759831780416e-04 2.843775326128619545e-04 2.946135272052485799e-04 2.850474119337628948e-04
6.680529451402011318e+02 2.726436543879980383e-04 2.931549613916568280e-04 2.916627909196147818e-04 2.858204688997564771e-04
6.681529451202011387e+02 2.727781455537919429e-04 3.032074090754185579e-04 2.927238815465022957e-04 2.895698120585709322e-04
6.682529451002011456e+02 2.755305228582038491e-04 3.145410760791644486e-04 2.966729709526301408e-04 2.955815232966661462e-04
6.683529450802011525e+02 2.799131064515791205e-04 3.267755281406138309e-04 3.024740951281967198e-04 3.030542432401299446e-04
6.684529450602011593e+02 2.856006763541472254e-04 3.399937020516987534e-04 3.097974149039455665e-04 3.117972644365971818e-04
6.685529450402011662e+02 2.924586918945680037e-04 3.543288636290561270e-04 3.185084765671652952e-04 3.217653440302631600e-04
6.686529450202011731e+02 3.003970934081525140e-04 3.699108669459690480e-04 3.285270920971363482e-04 3.329450174837526367e-04
6.687529450002011799e+02 3.094310275279304957e-04 3.869310132739001802e-04 3.398932847905918996e-04 3.454184418641408224e-04
6.688529449802011868e+02 3.192510772535457880e-04 4.052356078798868811e-04 3.523181404423052568e-04 3.589349418585792905e-04
6.689529449602011937e+02 3.298482985263169378e-04 4.249748870216578942e-04 3.658285650176155480e-04 3.735505835218634781e-04
6.690529449402012006e+02 3.414335224145653106e-04 4.465041999189772802e-04 3.806679466823165831e-04 3.895352230052863190e-04
6.691529449202012074e+02 3.541010161336500834e-04 4.700894876971067980e-04 3.969790460962820599e-04 4.070565166423463499e-04
6.692529449002012143e+02 3.677111609698588651e-04 4.957770999360190754e-04 4.146756484216877455e-04 4.260546364425219315e-04
6.693529448802012212e+02 3.822661973508492878e-04 5.237966725525605022e-04 4.338174446347762875e-04 4.466267715127286925e-04
6.694529448602012280e+02 3.979143234418791543e-04 5.545568269482380706e-04 4.546371838455228213e-04 4.690361114118799793e-04
6.695529448402012349e+02 4.149278346378719386e-04 5.885823492761631508e-04 4.774912861780576234e-04 4.936671566973642195e-04
6.696529448202012418e+02 4.331995574287200420e-04 6.261405370853387331e-04 5.023800727389239043e-04 5.205733890843275598e-04
6.697529448002012487e+02 4.529001329693863737e-04 6.678163934919119100e-04 5.296077748390478224e-04 5.501081004334487743e-04
6.698529447802012555e+02 4.742970746467685731e-04 7.144094065411884598e-04 5.595922695922681380e-04 5.827662502600750027e-04
6.699529447602012624e+02 4.973431069427879840e-04 7.665308734755090121e-04 5.924586111787582361e-04 6.187775305323518164e-04
6.700529447402012693e+02 5.223990034832824529e-04 8.253314748381710645e-04 6.288425392091374173e-04 6.588576725101970505e-04
6.701529447202012761e+02 5.497502474689824805e-04 8.920644727283982313e-04 6.692427517703163683e-04 7.036858239892324323e-04
6.702529447002012830e+02 5.795357418566442036e-04 9.681192788195257682e-04 7.142305045597062418e-04 7.539618417452922158e-04
6.703529446802012899e+02 6.122298155905943513e-04 1.055751392786298667e-03 7.646823412970845963e-04 8.108878498913258716e-04
6.704529446602012968e+02 6.481451465867738970e-04 1.157330340811564117e-03 8.214794882740958110e-04 8.756516585574779417e-04
6.705529446402013036e+02 6.875647045536251774e-04 1.275964157632444515e-03 8.856625928237419785e-04 9.497304850032705931e-04
6.706529446202013105e+02 7.313710910491521330e-04 1.416496303700310721e-03 9.589903998999454657e-04 1.035619264883136034e-03
6.707529446002013174e+02 7.802938362967087958e-04 1.584640033339844781e-03 1.043556111407873983e-03 1.136163327014809259e-03
6.708529445802013242e+02 8.351067593529060314e-04 1.788605562091371030e-03 1.141812342043007928e-03 1.255174887829095141e-03
6.709529445602013311e+02 8.969689043368437404e-04 2.040158672473120841e-03 1.257429773581145117e-03 1.398185783463703124e-03
6.710529445402013380e+02 9.674331527241827660e-04 2.355661665394890008e-03 1.395293879265781635e-03 1.572796232461618100e-03
6.711529445202013449e+02 1.048379770627220131e-03 2.760556038065953982e-03 1.562866698359889010e-03 1.790600835684354446e-03
6.712529445002013517e+02 1.142494126058275772e-03 3.293310697189373755e-03 1.772127899298558225e-03 2.069310907515402656e-03
6.713529444802013586e+02 1.253377406591591739e-03 4.016877096913101103e-03 2.043741125534818178e-03 2.437998543013170268e-03
6.714529444602013655e+02 1.387147082151816632e-03 5.038860152479609708e-03 2.424664208601040941e-03 2.950223814410822716e-03
6.715529444402013723e+02 1.548258457433556150e-03 6.552544250361941672e-03 3.035835620424684467e-03 3.712212776073394241e-03
6.716529444202013792e+02 1.749599488539324349e-03 8.944398402068787224e-03 4.132093480600331110e-03 4.942030457069481256e-03
6.717529444002013861e+02 2.011359704077978969e-03 1.307462121930041445e-02 4.928574099153463887e-03 6.671518340843952434e-03
6.718529443802013930e+02 2.366037643383317630e-03 2.115031338596762289e-02 5.218034501930339172e-03 9.578128510427092943e-03
6.719529443602013998e+02 2.877211433473428337e-03 4.013401180722066947e-02 6.317954799138244919e-03 1.644305934661078120e-02
6.720529443402014067e+02 3.681411307751314334e-03 9.319251442908849103e-02 8.485132355403098708e-03 3.511968603074763079e-02
6.721529443202014136e+02 5.120326305243425719e-03 1.684447648394478414e-01 1.250177095756412060e-02 6.202228736741845910e-02
6.722529443002014204e+02 8.222012207123393854e-03 1.400533522036046252e-01 2.082522218458681892e-02 5.636686219843827644e-02
6.723529442802014273e+02 1.651575644362570164e-02 8.179021975272801614e-02 4.196425864819484930e-02 4.675674494818285454e-02
6.724529442602014342e+02 2.763676039103275112e-02 6.144229792287123071e-02 9.963824589983427682e-02 6.290576807124609315e-02
6.725529442402014411e+02 2.081461286319966769e-02 4.027115902475823100e-02 1.369475689942210306e-01 6.601111362739298105e-02
6.726529442202014479e+02 1.462398403315929608e-02 2.215462875227849210e-02 7.379969283865497887e-02 3.685943520803092177e-02
6.727529442002014548e+02 1.742639825829342404e-02 1.430773541591259974e-02 3.777508981680448297e-02 2.316974116367017181e-02
6.728529441802014617e+02 3.238727753262069659e-02 1.219655284459515016e-02 3.105156181670160054e-02 2.521179739797248243e-02
6.729529441602014685e+02 6.369707220075894460e-02 1.400356266805781458e-02 4.568230648330394439e-02 4.112764711737357248e-02
6.730529441402014754e+02 6.106965712443286620e-02 1.246084197461502611e-02 7.318249649576584470e-02 4.890433186493790829e-02
6.731529441202014823e+02 3.312411437455685392e-02 8.136814156782691890e-03 6.036746447113179592e-02 3.387613100082378231e-02
6.732529441002014892e+02 1.747415139549885615e-02 6.391580785085163550e-03 3.314981742933457293e-02 1.900518320330619668e-02
6.733529440802014960e+02 1.216365981679160685e-02 5.815254487244328821e-03 1.769885750944576869e-02 1.189259060449390087e-02
6.734529440602015029e+02 1.080633748647730902e-02 5.736782861321125700e-03 1.164135159828945734e-02 9.394823982029298221e-03
6.735529440402015098e+02 1.190323034895292981e-02 5.948944764960590811e-03 9.305634748662293745e-03 9.052603287525270298e-03
6.736529440202015167e+02 1.665529661749944740e-02 6.220585930442048758e-03 8.426230352034247070e-03 1.043403763332524659e-02
6.737529440002015235e+02 2.167863277701048003e-02 5.750352250132526044e-03 8.007041889327888573e-03 1.181200897215696488e-02
6.738529439802015304e+02 1.992495499778188656e-02 7.619104132185022284e-03 1.325370309909137609e-02 1.359925407635275904e-02
6.739529439602015373e+02 3.210921832134250309e-02 2.473948601144342757e-02 3.555701749321742156e-02 3.080190727533445305e-02
6.740529439402015441e+02 1.994653173083833081e-02 1.446873870111547132e-02 1.725305896786215321e-02 1.722277646660531902e-02
6.741529439202015510e+02 4.318962594821022100e-02 3.914918943256304185e-02 2.556526964011944167e-02 3.596802834029756701e-02
6.742529439002015579e+02 4.594976618413211533e-02 4.161298405498280173e-02 1.139335240083023948e-02 3.298536754664838089e-02
6.743529438802015648e+02 7.261557351442826658e-02 6.609544714039919389e-02 1.130837052703438303e-02 5.000646372728728695e-02
6.744529438602015716e+02 1.509957702674776803e-01 1.415030027841166771e-01 2.093942204703462193e-02 1.044793983662096470e-01
6.745529438402015785e+02 3.049034605010341736e-01 2.908332065917390019e-01 3.959033339583523103e-02 2.117756668295361355e-01
6.746529438202015854e+02 2.935047879761316647e-01 2.708268805348040820e-01 6.832991862848358799e-02 2.108871957131398245e-01
6.747529438002015922e+02 1.678375248417736942e-01 1.278927632813444126e-01 7.351880736958185669e-02 1.230830318308999832e-01
6.748529437802015991e+02 1.417000411707107776e-01 6.369127246938224851e-02 7.920773790147761506e-02 9.486635051385686190e-02
6.749529437602016060e+02 2.122213536167247283e-01 3.947345654221322969e-02 1.230928547495993980e-01 1.249292216361791302e-01
6.750529437402016129e+02 2.950914797680628809e-01 2.581161491656159407e-02 1.965478007932144888e-01 1.724836318259463375e-01
6.751529437202016197e+02 2.134445639147327933e-01 1.868423144719958198e-02 2.494405070099962596e-01 1.605231007906428586e-01
6.752529437002016266e+02 1.058360179840333454e-01 1.474602868075874235e-02 3.146168654350110505e-01 1.450663040332677012e-01
6.753529436802016335e+02 5.409697991705694070e-02 1.276427904672947783e-02 2.341697606335193527e-01 1.003436731991019376e-01
6.754529436602016403e+02 3.329539904409496709e-02 1.259748058343852437e-02 1.173067547729383930e-01 5.439987813349063395e-02
6.755529436402016472e+02 2.307575025553065817e-02 1.358969164220668116e-02 6.394480254069562219e-02 3.353674814614432398e-02
6.756529436202016541e+02 1.725433691336099654e-02 1.646576413745677939e-02 3.989601071603750271e-02 2.453870392228509403e-02
6.757529436002016610e+02 1.319145503997227672e-02 2.289460013086202020e-02 2.700291539548917152e-02 2.102965685544115615e-02
6.758529435802016678e+02 1.040803793817757922e-02 3.745695699650307409e-02 1.942766450292708613e-02 2.243088647920258097e-02
6.759529435602016747e+02 8.339262572119348488e-03 7.197901618554980452e-02 1.452757332758632461e-02 3.161528402841849716e-02
6.760529435402016816e+02 6.803114557576343466e-03 1.103791428545956993e-01 1.115555035107208305e-02 4.277926925441470629e-02
6.761529435202016884e+02 5.919893471369249913e-03 8.986612233424551288e-02 9.147029360584216229e-03 3.497768172206631998e-02
6.762529435002016953e+02 5.203851551458043082e-03 5.642287033878962826e-02 7.677253116395985066e-03 2.310132500221455387e-02
6.763529434802017022e+02 4.578482983574815382e-03 3.674986101965493218e-02 6.512641223541297888e-03 1.594699507559034848e-02
6.764529434602017091e+02 4.058905228140918288e-03 2.407119594444568494e-02 5.599949902278776766e-03 1.124335035828846058e-02
6.765529434402017159e+02 3.625388388747939443e-03 1.582448766842253080e-02 4.871041305047063563e-03 8.106972454072510978e-03
6.766529434202017228e+02 3.262047732047951894e-03 1.105082716645968202e-02 4.284805979919556126e-03 6.199226959475730159e-03
6.767529434002017297e+02 2.955014601727468364e-03 8.255574464753653863e-03 3.809548004583055564e-03 5.006712357021392452e-03
6.768529433802017365e+02 2.692529552589071219e-03 6.490892829807332065e-03 3.413004621091423382e-03 4.198809001162609467e-03
6.769529433602017434e+02 2.466590110731660228e-03 5.298073266608397183e-03 3.079901828346353655e-03 3.614855068562137022e-03
6.770529433402017503e+02 2.270451052148042114e-03 4.446946923148715689e-03 2.797225841259065419e-03 3.171541272185274263e-03
6.771529433202017572e+02 2.099402179508300798e-03 3.814129692453908319e-03 2.555460880151767724e-03 2.822997584037992280e-03
6.772529433002017640e+02 1.949078295962059686e-03 3.326080528580745068e-03 2.346803311199829531e-03 2.540654045247544689e-03
6.773529432802017709e+02 1.816849519784257457e-03 2.942621041016226738e-03 2.165878940705411124e-03 2.308449833835298295e-03
6.774529432602017778e+02 1.700382653106298925e-03 2.639245763664694114e-03 2.008479178078121340e-03 2.116035864949705227e-03
6.775529432402017846e+02 1.596548210127877055e-03 2.390084582308681094e-03 1.869891513543150540e-03 1.952174768659902752e-03
6.776529432202017915e+02 1.503914672229510197e-03 2.182221972977159592e-03 1.747552342339888515e-03 1.811229662515519145e-03
6.777529432002017984e+02 1.421080556119895706e-03 2.007284038473077827e-03 1.639116540068741822e-03 1.689160378220571929e-03
6.778529431802018053e+02 1.346600784846098799e-03 1.858388960459073699e-03 1.542378486235662042e-03 1.582456077180278108e-03
6.779529431602018121e+02 1.279698004255918654e-03 1.730805787468832303e-03 1.456029740459860704e-03 1.488844510728203887e-03
6.780529431402018190e+02 1.219490248023978683e-03 1.620697260483726539e-03 1.378697526346087717e-03 1.406295011617931124e-03
6.781529431202018259e+02 1.165338241777547556e-03 1.525161601869238397e-03 1.309356453517855233e-03 1.333285432388213584e-03
6.782529431002018327e+02 1.116370541407733959e-03 1.441658263634475537e-03 1.246840792943077012e-03 1.268289865995095430e-03
6.783529430802018396e+02 1.072123298572908931e-03 1.368420490666682815e-03 1.190420267431765078e-03 1.210321352223785608e-03
6.784529430602018465e+02 1.032361184346672778e-03 1.304205310141324636e-03 1.139688168413073230e-03 1.158751554300356881e-03
6.785529430402018534e+02 9.965359714315278825e-04 1.247693354240538618e-03 1.093909681486516204e-03 1.112713002386194090e-03
6.786529430202018602e+02 9.642495653307714843e-04 1.197861667497051273e-03 1.052558643921361640e-03 1.071556625583061466e-03
6.787529430002018671e+02 9.352665927143460553e-04 1.153985600896877128e-03 1.015297228284275672e-03 1.034849807298499763e-03
6.788529429802018740e+02 9.094356542791001870e-04 1.115522900520791701e-03 9.818582325279324053e-04 1.002272262442608242e-03
6.789529429602018809e+02 8.864215104104094427e-04 1.081809385617137596e-03 9.518442740824915958e-04 9.733583900366796172e-04
6.790529429402018877e+02 8.661038969718497802e-04 1.052476019896531794e-03 9.250618826750997038e-04 9.478805998478271287e-04
6.791529429202018946e+02 8.483418920322891412e-04 1.027190535327822526e-03 9.013454449146832310e-04 9.256259574249315605e-04
6.792529429002019015e+02 8.329052148291594482e-04 1.005568657538000264e-03 8.804246972476961969e-04 9.062995232049519696e-04
6.793529428802019083e+02 8.197661350103911974e-04 9.874436173234464424e-04 8.622414493903712970e-04 8.898170672414029789e-04
6.794529428602019152e+02 8.088939673149731120e-04 9.726867881219876518e-04 8.467492676636047613e-04 8.761100077001886168e-04
6.795529428402019221e+02 8.001302549877624837e-04 9.610597119094737564e-04 8.337687179306219921e-04 8.649862282759527080e-04
6.796529428202019290e+02 7.933792324447863815e-04 9.524181248430057395e-04 8.232097065803903194e-04 8.563356879560607773e-04
6.797529428002019358e+02 7.886270322041029606e-04 9.467113882299739219e-04 8.150814692458488268e-04 8.501399632266418670e-04
6.798529427802019427e+02 7.858410403897716189e-04 9.438776138758767564e-04 8.093344983447891411e-04 8.463510508701459472e-04
6.799529427602019496e+02 7.849111648177996064e-04 9.438047283517084999e-04 8.058813920610650820e-04 8.448657617435243600e-04
6.800529427402019564e+02 7.859220846990213304e-04 9.465624647309758919e-04 8.048260542641968909e-04 8.457702012313981100e-04
6.801529427202019633e+02 7.887341166753435683e-04 9.520240694398968574e-04 8.060454832664637644e-04 8.489345564605680272e-04
6.802529427002019702e+02 7.933226642135649594e-04 9.601937915924910194e-04 8.095152343833064007e-04 8.543438967297874598e-04
6.803529426802019771e+02 7.996631353037025316e-04 9.710517223851019425e-04 8.152573480006872989e-04 8.619907352298306633e-04
6.804529426602019839e+02 8.076403817826112615e-04 9.845093774079459892e-04 8.231604974679366084e-04 8.717700855528313225e-04
6.805529426402019908e+02 8.170603861048716943e-04 1.000414099406057205e-03 8.330413052742920328e-04 8.835052635950736439e-04
6.806529426202019977e+02 8.277059904594761316e-04 1.018575516821153878e-03 8.446866023738188855e-04 8.969893698848160814e-04
6.807529426002020045e+02 8.391244464146953687e-04 1.038564093914186390e-03 8.576316801373791172e-04 9.117734068220869226e-04
6.808529425802020114e+02 8.504258743519449350e-04 1.059501430331364095e-03 8.709822681263377185e-04 9.269698576032156913e-04
6.809529425602020183e+02 8.600501406661380330e-04 1.079846390993793089e-03 8.831071038237995469e-04 9.410012118279102592e-04
6.810529425402020252e+02 8.644653288073951818e-04 1.096052685646989842e-03 8.903786639350935814e-04 9.502988927964927963e-04
6.811529425202020320e+02 8.546826384626912991e-04 1.099088507941230110e-03 8.835951667739135127e-04 9.457887710592784158e-04
6.812529425002020389e+02 8.032233795947122616e-04 1.061383512878430642e-03 8.347491613739105179e-04 8.997853512823510320e-04
6.813529424802020458e+02 6.463724219713608320e-04 9.190715594845795793e-04 6.788818826567202770e-04 7.481086213708869684e-04
6.814529424602020526e+02 4.795864197046649556e-04 7.673013922324551381e-04 5.120991651570731482e-04 5.863289923647310806e-04
6.815529424402020595e+02 4.062815263383274503e-04 7.089714791246521427e-04 4.392915683849747395e-04 5.181815246159847052e-04
6.816529424202020664e+02 3.711187532942024402e-04 6.877241545424678162e-04 4.047137748518265946e-04 4.878522275628322837e-04
6.817529424002020733e+02 3.490296291271946169e-04 6.763529682793832870e-04 3.829214404766054279e-04 4.694346792943944620e-04
6.818529423802020801e+02 3.306800544039020903e-04 6.602112727723890521e-04 3.639952334700386990e-04 4.516288535487766680e-04
6.819529423602020870e+02 3.084048148476119353e-04 6.157821782894326362e-04 3.386109923248609393e-04 4.209326618206351883e-04
6.820529423402020939e+02 2.698358199885517303e-04 4.929635570472894971e-04 2.904989901338181249e-04 3.510994557232198022e-04
6.821529423202021007e+02 2.270825911430017691e-04 3.432264115079259031e-04 2.360481156973466554e-04 2.687857061160914426e-04
6.822529423002021076e+02 2.006282902333880540e-04 2.564652279011850030e-04 2.030415029418332503e-04 2.200450070254687872e-04
6.823529422802021145e+02 1.859659581181151867e-04 2.161131101191815507e-04 1.855907634640714394e-04 1.958899439004560409e-04
6.824529422602021214e+02 1.761314780112630029e-04 1.938616985033842898e-04 1.744172614665998977e-04 1.814701459937490815e-04
6.825529422402021282e+02 1.684997619988438120e-04 1.792028114527562761e-04 1.660403742898361608e-04 1.712476492471453802e-04
6.826529422202021351e+02 1.620997570002225647e-04 1.683918523929829603e-04 1.591861306115756086e-04 1.632259133349270265e-04
6.827529422002021420e+02 1.564937174276299523e-04 1.598203420754341388e-04 1.532879993097854452e-04 1.565340196042831517e-04
6.828529421802021488e+02 1.514512606437319500e-04 1.526869613902058563e-04 1.480523231993600953e-04 1.507301817444326158e-04
6.829529421602021557e+02 1.468367386107253311e-04 1.465468407803363605e-04 1.433089217990863662e-04 1.455641670633826769e-04
6.830529421402021626e+02 1.425633383643502752e-04 1.411320574744519317e-04 1.389505975365840312e-04 1.408819977917954308e-04
6.831529421202021695e+02 1.385718338864333596e-04 1.362707071724353239e-04 1.349053397189924086e-04 1.365826269259536973e-04
6.832529421002021763e+02 1.348197328840410503e-04 1.318467512698922684e-04 1.311222425482427845e-04 1.325962422340587281e-04
6.833529420802021832e+02 1.312752863599045720e-04 1.277785290222271160e-04 1.275637993752470108e-04 1.288725382524595663e-04
6.834529420602021901e+02 1.279139693185400999e-04 1.240065324293214617e-04 1.242014155546743560e-04 1.253739724341786663e-04
6.835529420402021969e+02 1.247163047466425835e-04 1.204860905538736153e-04 1.210126584940556015e-04 1.220716845981906001e-04
6.836529420202022038e+02 1.216664595656917052e-04 1.171828020889763365e-04 1.179794986958462725e-04 1.189429201168381092e-04
6.837529420002022107e+02 1.187513054004511325e-04 1.140695786935454030e-04 1.150871431360903872e-04 1.159693424100289742e-04
6.838529419802022176e+02 1.159597705710620696e-04 1.111246704369477681e-04 1.123232370173655884e-04 1.131358926751251375e-04
6.839529419602022244e+02 1.132823808491884531e-04 1.083303107067815665e-04 1.096773024638217841e-04 1.104299980065972543e-04
6.840529419402022313e+02 1.107109262268889577e-04 1.056717636744845286e-04 1.071403344724415586e-04 1.078410081246050059e-04
6.841529419202022382e+02 1.082382140649466255e-04 1.031366402789284244e-04 1.047045036874544489e-04 1.053597860104431663e-04
6.842529419002022451e+02 1.058578827514455086e-04 1.007143975391239053e-04 1.023629336734242399e-04 1.029784046546645558e-04
6.843529418802022519e+02 1.035642587128422461e-04 9.839596570703832540e-05 1.001095311100254115e-04 1.006899185099686565e-04
6.844529418602022588e+02 1.013522449375044165e-04 9.617346622082395286e-05 9.793885434363428638e-05 9.848818850065422311e-05
6.845529418402022657e+02 9.921723291153464533e-05 9.403999526533409446e-05 9.584601013026270756e-05 9.636774610237714008e-05
6.846529418202022725e+02 9.715503215547468120e-05 9.198945550194124944e-05 9.382657154189858557e-05 9.432368639977150541e-05
6.847529418002022794e+02 9.516181313763227931e-05 9.001642362742708287e-05 9.187651185254457412e-05 9.235158287253464543e-05
6.848529417802022863e+02 9.323406057414537220e-05 8.811604497964152017e-05 8.999215073718534936e-05 9.044741876365741391e-05
6.849529417602022932e+02 9.136853480162355579e-05 8.628394876980836426e-05 8.817011003390325813e-05 8.860753120177839272e-05
6.850529417402023000e+02 8.956223956047861239e-05 8.451617926550530121e-05 8.640727702495251217e-05 8.682856528364548429e-05
6.851529417202023069e+02 8.781239487012500677e-05 8.280913938402552051e-05 8.470077368555239072e-05 8.510743597990096815e-05
6.852529417002023138e+02 8.611641400988308487e-05 8.115954408105110021e-05 8.304793072473989251e-05 8.344129627189134112e-05
6.853529416802023206e+02 8.447188384629427380e-05 7.956438152973598554e-05 8.144626549577574717e-05 8.182751029060199765e-05
6.854529416602023275e+02 8.287654790264202260e-05 7.802088053553599373e-05 7.989346307775177882e-05 8.026363050530993623e-05
6.855529416402023344e+02 8.132829167878780324e-05 7.652648299331193634e-05 7.838735994364107542e-05 7.874737820524692930e-05
6.856529416202023413e+02 7.982512986236041006e-05 7.507882045881066101e-05 7.692592979671416305e-05 7.727662670596174019e-05
6.857529416002023481e+02 7.836519511545401214e-05 7.367569409266299914e-05 7.550727120496131435e-05 7.584938680435944188e-05
6.858529415802023550e+02 7.694672818747621081e-05 7.231505737839772946e-05 7.412959674400683733e-05 7.446379410329358802e-05
6.859529415602023619e+02 7.556806916575938850e-05 7.099500117547859917e-05 7.279122341625266282e-05 7.311809791916354113e-05
6.860529415402023687e+02 7.422764968074738417e-05 6.971374068918406047e-05 7.149056416661405506e-05 7.181065151218182872e-05
6.861529415202023756e+02 7.292398595761350583e-05 6.846960408724887619e-05 7.022612032916899366e-05 7.053990345801045404e-05
6.862529415002023825e+02 7.165567256305185916e-05 6.726102248450418629e-05 6.899647486475243407e-05 6.930438997076947510e-05
6.863529414802023894e+02 7.042137678794132410e-05 6.608652111212589392e-05 6.780028630506672598e-05 6.810272806837797230e-05
6.864529414602023962e+02 6.979956773061759081e-05 6.552444658072489230e-05 6.717559154517164480e-05 6.749986861883804264e-05
6.865529414402024031e+02 6.919413410072506026e-05 6.497857949676113794e-05 6.656749476150047450e-05 6.691340278632889541e-05
6.866529414202024100e+02 6.860444778618770959e-05 6.444819883813423449e-05 6.597535201686708967e-05 6.634266621372965985e-05
6.867529414002024168e+02 6.802994994317184882e-05 6.393266532772856310e-05 6.539858753662579620e-05 6.578706760250872701e-05
6.868529413802024237e+02 6.747010770955002212e-05 6.343137661981717050e-05 6.483665310596148411e-05 6.524604581177622558e-05
6.869529413602024306e+02 6.692441262855123934e-05 6.294376440152609582e-05 6.428902632552024876e-05 6.471906778519919464e-05
6.870529413402024375e+02 6.639237920107135158e-05 6.246929178817023278e-05 6.375520901257626443e-05 6.420562666727261175e-05
