2440.5142070587    3.3889644753e-06    3.4080992341e-06    3.3834686502e-06    3.3935107865333336e-06
2440.6142070587    6.370388623767505e-06    6.371339061970431e-06    6.385007514337501e-06    6.375578400025145e-06
2440.7142070586997    5.912376213608815e-06    5.912980672286924e-06    5.927088121839831e-06    5.917481669245191e-06
2440.8142070586996    5.5080064792716984e-06    5.508179809134802e-06    5.5228064408521875e-06    5.512997576419563e-06
2440.9142070586995    5.167574205409013e-06    5.167181991318915e-06    5.18246081661262e-06    5.1724056711135165e-06
2441.0142070586994    4.888959789132347e-06    4.887818972250482e-06    4.9039348365199574e-06    4.893571199300929e-06
2441.1142070586993    4.6642488467470124e-06    4.662115559396656e-06    4.679317007843284e-06    4.668560471328984e-06
2441.2142070586992    4.484185622894962e-06    4.48073525598396e-06    4.499353535318741e-06    4.4880914713992205e-06
2441.314207058699    4.3403768615284586e-06    4.335165586179478e-06    4.355655722744119e-06    4.343732723484019e-06
2441.414207058699    4.225730263062525e-06    4.218128883970451e-06    4.241138485361203e-06    4.228332544131393e-06
2441.514207058699    4.135090344533285e-06    4.124176194427413e-06    4.150658481715885e-06    4.136641673558861e-06
2441.614207058699    4.065284903594192e-06    4.049651252952315e-06    4.081068164211555e-06    4.06533477358602e-06
2441.714207058699    4.014358090976415e-06    3.991775853295766e-06    4.0304583788288524e-06    4.012197441033678e-06
2441.8142070586987    3.9820290050451395e-06    3.9488449811850214e-06    3.998630872166498e-06    3.976501619465552e-06
2441.9142070586986    3.971063532127367e-06    3.921252373921927e-06    3.988466609756951e-06    3.960260838602082e-06
2442.0142070586985    3.985493936795795e-06    3.909915766859211e-06    4.0039530292219395e-06    3.966454244292316e-06
2442.1142070586984    4.021780104502083e-06    3.9114190283619104e-06    4.040342181138969e-06    3.991180438000988e-06
2442.2142070586983    4.048283545370785e-06    3.908211071842521e-06    4.0626128599391885e-06    4.006369159050832e-06
2442.3142070586982    4.021475342675363e-06    3.880488723099027e-06    4.027916033244235e-06    3.976626699672875e-06
2442.414207058698    3.952003057712184e-06    3.839689908588705e-06    3.955393134578203e-06    3.915695366959698e-06
2442.514207058698    3.883019014554364e-06    3.806045543350872e-06    3.889157746994034e-06    3.859407434966423e-06
2442.614207058698    3.834492381954917e-06    3.784309787242465e-06    3.8442257851607425e-06    3.8210093181193745e-06
2442.714207058698    3.8045688332607196e-06    3.7717188891488966e-06    3.816857021676152e-06    3.7977149146952563e-06
2442.814207058698    3.7874309667296768e-06    3.7655678723432e-06    3.8013401979046324e-06    3.7847796789925027e-06
2442.9142070586977    3.778858507126638e-06    3.764147007931415e-06    3.7938108705948994e-06    3.7789387952176508e-06
2443.0142070586976    3.7761653410320533e-06    3.7662830428618623e-06    3.7918238126012852e-06    3.7780907321650665e-06
2443.1142070586975    3.7776948351665837e-06    3.7711938237107235e-06    3.7938624571552297e-06    3.7809170386775123e-06
2443.2142070586974    3.7825209063385206e-06    3.778464278132068e-06    3.7990747521024546e-06    3.7866866455243475e-06
2443.3142070586973    3.7900558994999618e-06    3.7878146280514044e-06    3.8069205044135395e-06    3.794930343988302e-06
2443.4142070586972    3.7999479876002943e-06    3.799088819847205e-06    3.817073738619218e-06    3.8053701820222393e-06
2443.514207058697    3.8115460872102415e-06    3.8117609892779915e-06    3.82889669624025e-06    3.81740125757616e-06
2443.614207058697    3.82467669094278e-06    3.825738729593382e-06    3.8422312991943055e-06    3.830882239910155e-06
2443.714207058697    3.840093699436003e-06    3.841835465773884e-06    3.857836401106742e-06    3.846588522105543e-06
2443.814207058697    3.85740179425153e-06    3.859696314151271e-06    3.875319336901907e-06    3.864139148434903e-06
2443.914207058697    3.8746352935659215e-06    3.877382271075228e-06    3.892722382984217e-06    3.881579982541789e-06
2444.0142070586967    3.8925651296864125e-06    3.895687458319681e-06    3.9108160749363724e-06    3.899689554314155e-06
2444.1142070586966    3.9129334182501984e-06    3.916369062706969e-06    3.9313429650751825e-06    3.920215148677451e-06
2444.2142070586965    3.9342688384096484e-06    3.93796672383287e-06    3.9528356042392864e-06    3.9416903888272685e-06
2444.3142070586964    3.956244640343949e-06    3.960164693159596e-06    3.9749673394421125e-06    3.963792224315219e-06
2444.4142070586963    3.979324649969497e-06    3.983434928678046e-06    3.998199548629944e-06    3.986986375759162e-06
2444.5142070586962    4.002442942395678e-06    4.0067147356019786e-06    4.021469996161812e-06    4.010209224719822e-06
2444.614207058696    4.026865871417609e-06    4.031274770889485e-06    4.046047400088461e-06    4.034729347465185e-06
2444.714207058696    4.052874106277451e-06    4.057399823541403e-06    4.072211399656554e-06    4.06082844315847e-06
2444.814207058696    4.078947003567787e-06    4.083572782342282e-06    4.098439269649777e-06    4.0869863518532825e-06
2444.914207058696    4.106136333725684e-06    4.110849467764322e-06    4.125782688459613e-06    4.11425616331654e-06
2445.014207058696    4.134644162748323e-06    4.139431096375352e-06    4.1544467928305555e-06    4.142840683984744e-06
2445.1142070586957    4.1631423340070546e-06    4.16799097466876e-06    4.183103800311242e-06    4.1714123696623525e-06
2445.2142070586956    4.192543888661549e-06    4.197444994783136e-06    4.212666160970281e-06    4.200885014804989e-06
2445.3142070586955    4.223799051418642e-06    4.228743903078205e-06    4.24408489169751e-06    4.2322092820647865e-06
2445.4142070586954    4.254590680340894e-06    4.259573310978545e-06    4.2750399807934966e-06    4.263067990704312e-06
2445.5142070586953    4.286216129250787e-06    4.29123029294985e-06    4.306831300146569e-06    4.294759240782403e-06
2445.6142070586952    4.3193890127765616e-06    4.324426699161856e-06    4.3401765608846785e-06    4.327997424274365e-06
2445.714207058695    4.353155592420649e-06    4.358213221287643e-06    4.3741159426292995e-06    4.361828252112531e-06
2445.814207058695    4.3877436245915545e-06    4.3928181638741164e-06    4.408877777404596e-06    4.396479855290089e-06
2445.914207058695    4.422022788448582e-06    4.427110812790755e-06    4.443334354752446e-06    4.430822651997261e-06
2446.014207058695    4.457430810606034e-06    4.462527386676344e-06    4.478926528442797e-06    4.466294908575058e-06
2446.114207058695    4.493296156738231e-06    4.498397892775731e-06    4.514981805071177e-06    4.5022252848617125e-06
2446.2142070586947    4.530312396360251e-06    4.535421349733383e-06    4.552187699905862e-06    4.5393071486665e-06
2446.3142070586946    4.56850626093172e-06    4.5736199691233e-06    4.590578158590359e-06    4.57756812954846e-06
2446.4142070586945    4.606758621920104e-06    4.611877706363994e-06    4.629031738485717e-06    4.615889355589938e-06
2446.5142070586944    4.646368934046532e-06    4.651493859596157e-06    4.668848325283547e-06    4.655570372975412e-06
2446.6142070586943    4.687337573665333e-06    4.692465598695961e-06    4.710035179565734e-06    4.696612783975676e-06
2446.7142070586942    4.72918939943387e-06    4.734326522579272e-06    4.752108145100584e-06    4.738541355704576e-06
2446.814207058694    4.771570001716345e-06    4.776721636788879e-06    4.794717049203051e-06    4.781002895902758e-06
2446.914207058694    4.813076894618236e-06    4.818246141447219e-06    4.83646446966483e-06    4.822595835243428e-06
2447.014207058694    4.856437959903175e-06    4.8616323261215e-06    4.88007639411205e-06    4.866048893378909e-06
2447.114207058694    4.9007823326148794e-06    4.90601063740396e-06    4.92468422295649e-06    4.910492397658443e-06
2447.214207058694    4.944200493097641e-06    4.949474510425149e-06    4.968379889594109e-06    4.954018297705633e-06
2447.3142070586937    4.9901963526583585e-06    4.995531169315011e-06    5.014669946502889e-06    5.0001324894920865e-06
2447.4142070586936    5.038197425404087e-06    5.043611869224712e-06    5.062984247636019e-06    5.048264514088273e-06
2447.5142070586935    5.0866917044065634e-06    5.09220819799482e-06    5.111817767367724e-06    5.096905889923036e-06
2447.6142070586934    5.1342893833498604e-06    5.139937704266484e-06    5.159784749677647e-06    5.144670612431331e-06
2447.7142070586933    5.184153214824146e-06    5.189971525464008e-06    5.210052627864226e-06    5.194725789384128e-06
2447.8142070586932    5.234734938872223e-06    5.240772245976983e-06    5.261081984595866e-06    5.2455297231483565e-06
2447.914207058693    5.285146177845087e-06    5.291467100615947e-06    5.311994030841942e-06    5.296202436434326e-06
2448.014207058693    5.337691384393319e-06    5.34437759003356e-06    5.365109416627594e-06    5.349059463684824e-06
2448.114207058693    5.392203389649204e-06    5.399358709433251e-06    5.420287799787317e-06    5.403949966289924e-06
2448.214207058693    5.447303816411622e-06    5.455075528866691e-06    5.476171909174361e-06    5.4595170848175584e-06
2448.314207058693    5.502567033210964e-06    5.5111494639964996e-06    5.532382263473087e-06    5.5153662535601844e-06
2448.4142070586927    5.5591320329285455e-06    5.568794312238466e-06    5.590124411683758e-06    5.572683585616923e-06
2448.5142070586926    5.617063807030449e-06    5.628188747502656e-06    5.649556574166298e-06    5.631603042899801e-06
2448.6142070586925    5.67780539539425e-06    5.690949181975789e-06    5.71227446256195e-06    5.693676346643997e-06
2448.7142070586924    5.740216326018936e-06    5.756209823019527e-06    5.77738865291603e-06    5.7579382673181654e-06
2448.8142070586923    5.804957573963576e-06    5.825086580550219e-06    5.845982972444124e-06    5.825342375652639e-06
2448.914207058692    5.875117585421901e-06    5.901443161222282e-06    5.9218725456710574e-06    5.899477764105081e-06
2449.014207058692    5.9496785558160606e-06    5.985613256102411e-06    6.005281790547299e-06    5.980191200821924e-06
2449.114207058692    6.031688231025516e-06    6.082922184545615e-06    6.101083382228459e-06    6.071897932599862e-06
2449.214207058692    6.123261160207812e-06    6.198541031256351e-06    6.21228224502406e-06    6.178028145496075e-06
2449.314207058692    6.2117865161115595e-06    6.319679851236984e-06    6.320228130234971e-06    6.283898165861172e-06
2449.4142070586918    6.2767542854715465e-06    6.410668212205433e-06    6.389622941568278e-06    6.359015146415085e-06
2449.5142070586917    6.321085018064121e-06    6.449692764284089e-06    6.41950698966584e-06    6.39676159067135e-06
2449.6142070586916    6.3649947063421404e-06    6.462417977102643e-06    6.443236375590096e-06    6.4235496863449605e-06
2449.7142070586915    6.415937698038345e-06    6.481895316160782e-06    6.478345646882162e-06    6.458726220360431e-06
2449.8142070586914    6.476520755680797e-06    6.5205239224537266e-06    6.5286520659351675e-06    6.508565581356563e-06
2449.9142070586913    6.542922772630899e-06    6.572871116383877e-06    6.588630033797045e-06    6.56814130760394e-06
2450.014207058691    6.61209627186018e-06    6.6329348965402215e-06    6.65372427600367e-06    6.632918481468025e-06
2450.114207058691    6.685571639329905e-06    6.700254562886113e-06    6.724543734649875e-06    6.703456645621964e-06
2450.214207058691    6.760870283238754e-06    6.771195298229925e-06    6.798072590047168e-06    6.7767127238386155e-06
2450.314207058691    6.837788156338854e-06    6.844879116069509e-06    6.873794512239045e-06    6.852153928215802e-06
2450.414207058691    6.916920160324922e-06    6.921506268682109e-06    6.952115897047639e-06    6.930180775351556e-06
2450.5142070586908    6.998451115759746e-06    7.001018351658573e-06    7.033105036500237e-06    7.0108581679728525e-06
2450.6142070586907    7.0833118711589694e-06    7.084190136414771e-06    7.117615958932811e-06    7.095039322168851e-06
2450.7142070586906    7.168062712269895e-06    7.167480081891651e-06    7.202159860556067e-06    7.179234218239203e-06
2450.8142070586905    7.2547499137333335e-06    7.252869981244355e-06    7.288744811267377e-06    7.265454902081688e-06
2450.9142070586904    7.343242094062725e-06    7.340170555758653e-06    7.377224688254244e-06    7.353545779358541e-06
2451.0142070586903    7.4325863515873275e-06    7.42839230663962e-06    7.466631586598192e-06    7.442536748275046e-06
2451.11420705869    7.524476825959426e-06    7.519219755294219e-06    7.55863047492014e-06    7.534109018724596e-06
2451.21420705869    7.619480167390988e-06    7.613191921259192e-06    7.65378699964536e-06    7.6288196960985125e-06
2451.31420705869    7.716734681069257e-06    7.709425175163835e-06    7.751242366608266e-06    7.72580074094712e-06
2451.41420705869    7.815873246128395e-06    7.8075430090965e-06    7.85061677861607e-06    7.824677677946989e-06
2451.51420705869    7.915583971292426e-06    7.906226117625707e-06    7.950593780208547e-06    7.924134623042227e-06
2451.6142070586898    8.018306640430185e-06    8.007905222309342e-06    8.053614371494748e-06    8.026608744744758e-06
2451.7142070586897    8.124364752768034e-06    8.11289551311714e-06    8.159999381398147e-06    8.132419882427773e-06
2451.8142070586896    8.23179896222448e-06    8.219226868328598e-06    8.267792844606908e-06    8.239606225053328e-06
2451.9142070586895    8.340985813648925e-06    8.327264697195832e-06    8.377370772332129e-06    8.348540427725629e-06
2452.0142070586894    8.452109543094284e-06    8.437195728327006e-06    8.488907964547791e-06    8.459404411989693e-06
2452.1142070586893    8.56631242884139e-06    8.550151187022646e-06    8.603557412128733e-06    8.573340342664256e-06
2452.214207058689    8.684187043758022e-06    8.66671068676865e-06    8.721918628196091e-06    8.69093878624092e-06
2452.314207058689    8.80382807779813e-06    8.784976492536356e-06    8.842072401502167e-06    8.810292323945551e-06
2452.414207058689    8.926031013474617e-06    8.905731258583963e-06    8.964819179438456e-06    8.932193817165678e-06
2452.514207058689    9.050925055559395e-06    9.029090226418253e-06    9.090298510282698e-06    9.056771264086782e-06
2452.614207058689    9.177825631388622e-06    9.15436083716239e-06    9.217830934447361e-06    9.18333913433279e-06
2452.7142070586888    9.309225465019921e-06    9.284020057434591e-06    9.349915376001027e-06    9.314386966151846e-06
2452.8142070586887    9.444994135064318e-06    9.417941600150714e-06    9.486412486974892e-06    9.449782740729975e-06
2452.9142070586886    9.583384994389583e-06    9.554357822530839e-06    9.625588605827112e-06    9.587777140915845e-06
2453.0142070586885    9.724137386946131e-06    9.69299362926579e-06    9.767196223474467e-06    9.728109079895463e-06
2453.1142070586884    9.868425055657505e-06    9.835015595846568e-06    9.912409751015984e-06    9.871950134173352e-06
2453.2142070586883    1.0016817693963618e-05    9.980978040621455e-06    1.0061804284063371e-05    1.0019866672882815e-05
2453.314207058688    1.016957848446587e-05    1.0131114006712101e-05    1.0215664603340997e-05    1.0172119031506321e-05
2453.414207058688    1.0325212538732696e-05    1.0283909999565654e-05    1.0372509389315022e-05    1.032721064253779e-05
2453.514207058688    1.0484895498955269e-05    1.0440534129920882e-05    1.0533511312517373e-05    1.0486313647131173e-05
2453.614207058688    1.064974353866086e-05    1.0602054317115805e-05    1.0699825063016204e-05    1.0650540972930956e-05
2453.714207058688    1.0818861339090835e-05    1.0767553475118026e-05    1.0870568837488466e-05    1.0818994550565777e-05
2453.8142070586878    1.0993731688146691e-05    1.093848837688009e-05    1.1047242908302857e-05    1.099315432444321e-05
2453.9142070586877    1.1173971175098233e-05    1.1114413635240645e-05    1.1229502711856242e-05    1.117262917406504e-05
2454.0142070586876    1.1359758289235525e-05    1.1295474073338343e-05    1.141755984273435e-05    1.1357597401769407e-05
2454.1142070586875    1.1551051200853416e-05    1.1481557205504663e-05    1.1611422841753876e-05    1.1548010416037318e-05
2454.2142070586874    1.1748646322294558e-05    1.1673396294387878e-05    1.1811942695937888e-05    1.1744661770873443e-05
2454.3142070586873    1.1953686493147422e-05    1.1872058811905542e-05    1.2020317873370263e-05    1.1948687726141077e-05
2454.414207058687    1.2165130080322349e-05    1.2076402801462055e-05    1.2235591033867258e-05    1.215904130521722e-05
2454.514207058687    1.2383469931938601e-05    1.2286815812730407e-05    1.2458354642167014e-05    1.2376213462278674e-05
2454.614207058687    1.2610753441133823e-05    1.250519788450661e-05    1.2690786676462029e-05    1.2602246000700822e-05
2454.714207058687    1.2848720717205815e-05    1.273312885776985e-05    1.2934784350938762e-05    1.2838877975304808e-05
2454.814207058687    1.309534827823724e-05    1.2968365358584309e-05    1.3188522276280085e-05    1.3084078637700544e-05
2454.9142070586868    1.335417742200139e-05    1.3214184641901472e-05    1.345581554873947e-05    1.3341392537547444e-05
2455.0142070586867    1.3626493419077548e-05    1.3471563973832465e-05    1.3738271404204964e-05    1.3612109599038325e-05
2455.1142070586866    1.3912801448517467e-05    1.3740594320471394e-05    1.403684940319932e-05    1.3896748390729393e-05
2455.2142070586865    1.4217343003504188e-05    1.4024972143605312e-05    1.4356394127574347e-05    1.4199569758227949e-05
2455.3142070586864    1.4541832388703475e-05    1.4325709178810536e-05    1.469942511993285e-05    1.4522322229148953e-05
2455.4142070586863    1.488934940246195e-05    1.4645016240583088e-05    1.507012460009363e-05    1.4868163414379556e-05
2455.514207058686    1.526468682751161e-05    1.498643493047324e-05    1.5474848832478666e-05    1.5241990196821172e-05
2455.614207058686    1.5677314962092796e-05    1.535768855227314e-05    1.5925333615122914e-05    1.565344570982962e-05
2455.714207058686    1.6133848072527334e-05    1.576306091694021e-05    1.643143579104023e-05    1.610944826016926e-05
2455.814207058686    1.6645739537588144e-05    1.6210507564666684e-05    1.7009572522902157e-05    1.662193987505233e-05
2455.914207058686    1.7236386721779517e-05    1.6718277844758504e-05    1.7690814243993744e-05    1.721515960351059e-05
2456.0142070586858    1.793151668128234e-05    1.73042496549117e-05    1.8513138344970737e-05    1.791630156038826e-05
2456.1142070586857    1.877320738203604e-05    1.7997974563554325e-05    1.9538951477734676e-05    1.877004447444168e-05
2456.2142070586856    1.9832486423413463e-05    1.8849890992243925e-05    2.0873923602829882e-05    1.9852100339495758e-05
2456.3142070586855    2.1224230240295642e-05    1.9940121046530054e-05    2.2692675835991993e-05    2.1285675707605893e-05
2456.4142070586854    2.314129663806122e-05    2.140443674449837e-05    2.528487877906781e-05    2.3276870720542467e-05
2456.5142070586853    2.5890998477912988e-05    2.347360697900172e-05    2.9065892788309034e-05    2.614349941507458e-05
2456.614207058685    2.9861037637360335e-05    2.6516997396680412e-05    3.432935046083057e-05    3.0235795164957104e-05
2456.714207058685    3.525229193042404e-05    3.09642101081477e-05    4.064141623514606e-05    3.561930609123927e-05
2456.814207058685    4.1646710130912286e-05    3.664219327393885e-05    4.711951057150793e-05    4.1802804658786356e-05
2456.914207058685    4.738561138763165e-05    4.161083245889333e-05    5.282986622235749e-05    4.7275436689627497e-05
2457.014207058685    4.940664386738543e-05    4.2998567141638e-05    5.4723825219263174e-05    4.904301207609553e-05
2457.1142070586848    4.634113070893182e-05    4.008303786655787e-05    5.005516103250799e-05    4.5493109869332565e-05
2457.2142070586847    4.0867825048941595e-05    3.550882981026207e-05    4.2270429298926344e-05    3.954902805271e-05
2457.3142070586846    3.6344139641163856e-05    3.203628682022223e-05    3.586586700755797e-05    3.474876448964801e-05
2457.4142070586845    3.398205390182906e-05    3.0259705073654378e-05    3.184862483419221e-05    3.2030127936558554e-05
2457.5142070586844    3.342645002375738e-05    2.9531591507003184e-05    2.9655301917346978e-05    3.0871114482702516e-05
2457.6142070586843    3.372050059939287e-05    2.916841110779665e-05    2.8622036130084393e-05    3.0503649279091306e-05
2457.714207058684    3.4069789383224756e-05    2.9238338123867857e-05    2.8215148707967608e-05    3.0507758738353407e-05
2457.814207058684    3.4510945426900673e-05    2.996751019079461e-05    2.8003312552807298e-05    3.082725605683419e-05
2457.914207058684    3.526572315798134e-05    3.1096610981621655e-05    2.7687971474728733e-05    3.135010187144391e-05
2458.014207058684    3.5494422207983143e-05    3.179813709353438e-05    2.7254128083846508e-05    3.1515562461788014e-05
2458.114207058684    3.424989612119619e-05    3.124069721348833e-05    2.690784325854389e-05    3.079947886440947e-05
2458.2142070586838    3.2235011981125624e-05    2.994810455557428e-05    2.6783091639955902e-05    2.9655402725551935e-05
2458.3142070586837    3.060340865724088e-05    2.8937344497132516e-05    2.688638711986734e-05    2.8809046758080245e-05
2458.4142070586836    2.9650820731141885e-05    2.8436358987746915e-05    2.7133298087499633e-05    2.840682593546281e-05
2458.5142070586835    2.9227230654487294e-05    2.8319242606923443e-05    2.747765138716874e-05    2.8341374882859827e-05
2458.6142070586834    2.9175426031982585e-05    2.8476831450585786e-05    2.7921210205919463e-05    2.8524489229495945e-05
2458.7142070586833    2.9356050579521865e-05    2.8805992242940376e-05    2.843265829030992e-05    2.8864900370924054e-05
2458.814207058683    2.969263947433038e-05    2.925227788421017e-05    2.8998613640110848e-05    2.9314510332883802e-05
2458.914207058683    3.014636601043767e-05    2.9790474930587497e-05    2.9617164476749353e-05    2.9851335139258172e-05
2459.014207058683    3.068118943107976e-05    3.0392169938661958e-05    3.0274332848602086e-05    3.0449230739447933e-05
2459.114207058683    3.128764356682544e-05    3.105294515760419e-05    3.097457207109537e-05    3.110505359850833e-05
2459.214207058683    3.197189285885133e-05    3.178321290821956e-05    3.173274428105194e-05    3.1829283349374274e-05
2459.3142070586828    3.270518566166622e-05    3.25562737418166e-05    3.2525709531208396e-05    3.2595722978230406e-05
2459.4142070586827    3.34892304218241e-05    3.337575155549093e-05    3.33592846761406e-05    3.340808888448521e-05
2459.5142070586826    3.433799098351394e-05    3.425748928772548e-05    3.425079413966032e-05    3.4282091470299916e-05
2459.6142070586825    3.523779552475239e-05    3.518768565132331e-05    3.518818189255102e-05    3.5204554356208904e-05
2459.7142070586824    3.6189585879791224e-05    3.616850724121539e-05    3.617401226245935e-05    3.617736846115532e-05
2459.8142070586823    3.718831319609511e-05    3.719655889830819e-05    3.7204658169000486e-05    3.719651008780126e-05
2459.914207058682    3.824326889562371e-05    3.828041169467369e-05    3.829048927097591e-05    3.8271389953757775e-05
2460.014207058682    3.936554015398946e-05    3.943278835438116e-05    3.9443728413762327e-05    3.941401897404431e-05
2460.114207058682    4.055580776729433e-05    4.065466320673733e-05    4.066568993996339e-05    4.0625386971331686e-05
2460.214207058682    4.181034263268266e-05    4.194161472284722e-05    4.19532340576492e-05    4.190173047105969e-05
2460.314207058682    4.313222789098159e-05    4.329997673883496e-05    4.33112513790148e-05    4.324781866961045e-05
2460.4142070586818    4.4540495175287964e-05    4.474876400357621e-05    4.4759871280026204e-05    4.468304348629679e-05
2460.5142070586817    4.6025780876311875e-05    4.627833688102663e-05    4.628986262147587e-05    4.6197993459604795e-05
2460.6142070586816    4.76124486505195e-05    4.7916015985303216e-05    4.792889023308564e-05    4.781911828963611e-05
2460.7142070586815    4.931277057945264e-05    4.9673633362202566e-05    4.969018744888425e-05    4.9558863796846485e-05
2460.8142070586814    5.11273937304699e-05    5.155441058544577e-05    5.157642411979024e-05    5.1419409478568644e-05
2460.9142070586813    5.306330108561609e-05    5.3567197872656313e-05    5.3599018362424245e-05    5.340983910689888e-05
2461.014207058681    5.516230819184907e-05    5.575704649141146e-05    5.580304801437252e-05    5.5574134232544344e-05
2461.114207058681    5.7441954200283086e-05    5.814500753470896e-05    5.821236420126567e-05    5.793310864541923e-05
2461.214207058681    5.992113498084529e-05    6.075268446088353e-05    6.0852802399454965e-05    6.0508873947061276e-05
2461.314207058681    6.267518780253826e-05    6.366286676899728e-05    6.381089347262748e-05    6.338298268138768e-05
2461.414207058681    6.574611661328692e-05    6.692600900632496e-05    6.714460867446648e-05    6.660557809802612e-05
2461.5142070586808    6.923628297733662e-05    7.065345086139182e-05    7.09766825185587e-05    7.028880545242904e-05
2461.6142070586807    7.329374017881535e-05    7.500912751843833e-05    7.548888354772442e-05    7.45972504149927e-05
2461.7142070586806    7.812776831992707e-05    8.021955844945974e-05    8.093929465457386e-05    7.976220714132022e-05
2461.8142070586805    8.409405610196429e-05    8.666788656009675e-05    8.776249214408459e-05    8.617481160204855e-05
2461.9142070586804    9.180464605544812e-05    9.5002255105192e-05    9.669789710339607e-05    9.450159942134539e-05
2462.0142070586803    0.00010230145671005914    0.00010632551517804246    0.00010900840313091108    0.0001058784583396709
2462.11420705868    0.00011727490697979013    0.00012247701181985476    0.00012680390790828497    0.00012218527556930996
2462.21420705868    0.0001387236862761549    0.00014608041732255256    0.00015300742832475493    0.0001459371773078208
2462.31420705868    0.00016553044211868245    0.00017828899010698639    0.00018833919718032945    0.00017738620980199942
2462.41420705868    0.00018663095754989012    0.00021130723475037548    0.0002219603161747686    0.0002066328361583447
2462.51420705868    0.00018748747247589846    0.00022539669015801968    0.00023083664932104222    0.00021457360398498677
2462.6142070586798    0.0001717831517773743    0.00021153767158292374    0.0002105853101525228    0.0001979687111709403
2462.7142070586797    0.00015487368703480465    0.00018598406911394605    0.00018268915350078802    0.00017451563654984626
2462.8142070586796    0.00014417500808091253    0.00016559350373745522    0.00016228732722282932    0.0001573519463470657
2462.9142070586795    0.00013954394735956347    0.00015402921477161572    0.00015105903242890637    0.0001482107315200285
2463.0142070586794    0.00013916271596458118    0.00014926622895371412    0.000146406593269681    0.0001449451793959921
2463.1142070586793    0.0001416092753302395    0.00014897851380502473    0.00014600341604606925    0.00014553040172711116
2463.214207058679    0.00014609270632246561    0.0001517335053282715    0.00014846960282709237    0.00014876527149260984
2463.314207058679    0.00015219547646752013    0.0001567317684723827    0.00015304162550791632    0.00015398962348260638
2463.414207058679    0.0001597455258428181    0.00016358627529391696    0.000159344259366963    0.00016089202016789935
2463.514207058679    0.0001686626191706782    0.0001720844196541347    0.00016717800404901322    0.00016930834762460872
2463.614207058679    0.0001790431645029766    0.00018227213917919595    0.00017654430981185257    0.0001792865378313417
2463.7142070586788    0.00019101823672830142    0.00019422957722738576    0.00018751752783085983    0.00019092178059551567
2463.8142070586787    0.000205116884189135    0.00020853799818840328    0.00020054173136141234    0.00020473220457965024
2463.9142070586786    0.00022385045882332275    0.00022803691706594015    0.00021787932547616542    0.00022325556712180945
2464.0142070586785    0.00023943600811261525    0.0002432026673818527    0.00023278823947658547    0.00023847563832368445
2464.1142070586784    0.0002540739091388268    0.00025796096821157396    0.0002462962282734103    0.000252777035207937
2464.2142070586783    0.00027322226246170297    0.0002780222773959866    0.00026373026274196143    0.000271658267533217
2464.314207058678    0.00029601379949838777    0.00030174854594964846    0.0002846083244448541    0.00029412355663096347
2464.414207058678    0.0003225805323220369    0.0003296171507215216    0.0003089045660120981    0.00032036741635188554
2464.514207058678    0.00035380567523231923    0.000362578380684787    0.0003373455699743883    0.00035124320863049813
2464.614207058678    0.0003904382751192348    0.000401478791704331    0.0003704547408570341    0.0003874572692268666
2464.714207058678    0.00043290712092442635    0.00044701053096104365    0.00040835107619458563    0.00042942290936001854
2464.8142070586778    0.0004874147236859074    0.0005053861997559665    0.0004568071817902357    0.00048320270174403643
2464.9142070586777    0.0005556548988888266    0.0005792017519579446    0.0005173520154575139    0.0005507362221014283
2465.0142070586776    0.0006391349890536035    0.0006708199395960889    0.0005902128572324819    0.0006333892619607249
2465.1142070586775    0.0007458082738237877    0.000789162470498338    0.0006816862050506812    0.0007388856497909357
2465.2142070586774    0.0008844061931735587    0.0009447239522575079    0.000798618065242015    0.0008759160702243605
2465.3142070586773    0.0010693086762257995    0.0011550983832351303    0.0009524908767524584    0.0010589659787377961
2465.414207058677    0.0013223083969882306    0.00144611726737293    0.0011616992248593846    0.001310041629740182
2465.514207058677    0.0016526641730528107    0.0018312902602478508    0.0014346005186933067    0.001639518317331323
2465.614207058677    0.0021000249304916284    0.0023627911132553425    0.001807102186877063    0.0020899727435413447
2465.714207058677    0.0026872810490254327    0.003058417772007273    0.002311758533096935    0.002685819118043214
2465.814207058677    0.0034003711855860454    0.0038802689674073743    0.0029562445736052894    0.0034122949088662364
2465.9142070586768    0.00418740286771071    0.0047583515583113165    0.003712495000854971    0.004219416475625666
2466.0142070586767    0.0050116955002920405    0.005713504569766787    0.004525296283630166    0.0050834987845629976
2466.1142070586766    0.005880706147729408    0.006785310801727702    0.0053377652561301244    0.006001260735195746
2466.2142070586765    0.006825231184100092    0.007860548568138006    0.006164726526157442    0.0069501687594651805
2466.3142070586764    0.0078020131117851384    0.008598128591791654    0.006998811564871899    0.007799651089482896
2466.4142070586763    0.008615030375610927    0.008724647181778206    0.007745920306161967    0.008361865954517033
2466.514207058676    0.009124829031176536    0.008401792075241171    0.008432917830637906    0.008653179645685204
2466.614207058676    0.009360314968078869    0.007814648662048984    0.009145883195544803    0.008773615608557552
2466.714207058676    0.009390411539436583    0.007115059899998059    0.009893849024068103    0.008799773487834249
2466.814207058676    0.009238790857087866    0.006512501862522632    0.01043316661949387    0.008728153113034789
2466.914207058676    0.00889575907846801    0.006139065260958143    0.010410596384806126    0.008481806908077425
2467.0142070586758    0.008439688063257378    0.006000012922479196    0.009788476981226148    0.008076059322320908
2467.1142070586757    0.008011120719721602    0.006058520782240846    0.008934938052515884    0.0076681931848261095
2467.2142070586756    0.007713601866475729    0.00628218030101502    0.008272924586098476    0.007422902251196409
2467.3142070586755    0.007604050713986135    0.006624650776229999    0.008032005555430696    0.007420235681882278
2467.4142070586754    0.007697782073437445    0.007018462324536418    0.008217832448616081    0.007644692282196648
2467.5142070586753    0.007912736863811557    0.007403897349270857    0.008622831892240954    0.00797982203510779
2467.614207058675    0.00803439180973401    0.007742547148383422    0.008849844734273925    0.008208927897463787
2467.714207058675    0.007825487591889559    0.008009164506209405    0.008492766157494587    0.008109139418531183
2467.814207058675    0.007209326796593559    0.00809087531789079    0.00749123670302044    0.007597146272501595
2467.914207058675    0.006290716390219286    0.007750914361039822    0.006181473987436606    0.006741034912898572
2468.014207058675    0.0052461350158448    0.006905532840150658    0.004930488729182045    0.005694052195059169
2468.1142070586748    0.0042458512920558284    0.005783583567480182    0.003907468748704607    0.0046456345360802054
2468.2142070586747    0.0033987099863842566    0.004684474115318215    0.0031269817281168394    0.0037367219432731034
2468.3142070586746    0.0027333283452904912    0.003763457402692961    0.002544731614713503    0.003013839120898985
2468.4142070586745    0.002228434724843145    0.003044698273993436    0.0021097759512460432    0.0024609696500275417
2468.5142070586744    0.0018483539415498236    0.002498033405707198    0.0017810155535571445    0.0020424676336047217
2468.6142070586743    0.0015604607976177408    0.0020836597234325377    0.0015286611595367375    0.001724260560195672
2468.714207058674    0.0013397060051069621    0.0017674027594469601    0.0013318510426399257    0.0014796532690646161
2468.814207058674    0.0011681782775469823    0.00152353807705347    0.0011761773267551644    0.0012892978937852056
2468.914207058674    0.0010330864563038815    0.0013332903516317573    0.0010513640682352622    0.0011392469587236337
2469.014207058674    0.0009255634165704642    0.001183373153216834    0.0009502539640711895    0.001019730177952829
2469.114207058674    0.000839227090417742    0.0010642004383884915    0.0008675970630757411    0.0009236748639606581
2469.2142070586738    0.0007695334171986677    0.0009689107852952142    0.0007995880184031    0.0008460107402989939
2469.3142070586737    0.0007131425483316144    0.0008924705132658131    0.0007433652818525464    0.0007829927811499913
2469.4142070586736    0.0006676270074515456    0.0008312129484136025    0.0006968073963827205    0.0007318824507492896
2469.5142070586735    0.0006312045156389977    0.0007824389395965868    0.0006583051106703661    0.0006906495219686503
2469.6142070586734    0.0006025199705205044    0.000744107381974151    0.0006266123252599637    0.0006577465592515397
2469.7142070586733    0.0005805297218641332    0.0007146501262342929    0.0006007347414049422    0.000631971529834456
2469.814207058673    0.00056438712666914    0.0006928012993711601    0.0005798569380566166    0.0006123484546989722
2469.914207058673    0.0005531829846204606    0.0006772820805290225    0.0005631068891227223    0.0005978573180907351
2470.014207058673    0.0005458106196834004    0.0006665911844426772    0.0005494737797845144    0.0005872918613035307
2470.114207058673    0.0005402834191079116    0.0006582315607089086    0.0005372191669122306    0.0005785780489096835
2470.214207058673    0.0005327845507832028    0.0006475931433709825    0.0005230724357379903    0.0005678167099640585
2470.3142070586728    0.0005163132838074758    0.0006264032352259444    0.0005011194783519885    0.000547945332461803
2470.4142070586727    0.0004801599768680377    0.0005821365901845382    0.0004623603951637923    0.0005082189874054561
2470.5142070586726    0.0004174109842441213    0.0005064411438048984    0.00040140723689024    0.00044175312164641985
2470.6142070586725    0.0003457014093367505    0.0004169827075578134    0.000333852641675165    0.0003655122528565763
2470.7142070586724    0.0002830851787906511    0.00033749897964701627    0.00027539422857655513    0.00029865946233807413
2470.8142070586723    0.00023696856173837527    0.0002781335371870639    0.00023231401978266808    0.00024913870623603573
2470.914207058672    0.00020432605667453755    0.00023630688779039178    0.0002015897992257769    0.00021407424789690209
2471.014207058672    0.0001806112672663279    0.00020628780334259924    0.0001790572324847209    0.000188652101031216
2471.114207058672    0.00016263089433905635    0.00018384415869732602    0.00016181545257112846    0.00016943016853583693
2471.214207058672    0.00014843598336428365    0.0001663666003420537    0.0001480918676104642    0.00015429815043893383
2471.314207058672    0.0001368475785711283    0.00015227848794315463    0.00013680969455503566    0.0001419785870231062
2471.4142070586718    0.0001271312364782337    0.00014060212753896418    0.00012729452386638253    0.00013167596262786012
2471.5142070586717    0.00011881126365342095    0.00013070782597360525    0.00011910697652304824    0.00012287535538335815
2471.6142070586716    0.00011156729164320821    0.00012217401138289732    0.0001119493505294735    0.00011523021785185967
2471.7142070586715    0.00010517562538333733    0.00011470810284241719    0.00010561252263478703    0.00010849875028684717
2471.8142070586714    9.947492845076513e-05    0.00010810037360075837    9.994477556913309e-05    0.00010250669254021885
2471.9142070586713    9.434545382270102e-05    0.00010219612619093926    9.483286128753873e-05    9.712481376705968e-05
2472.014207058671    8.969605049546121e-05    9.687834458202106e-05    9.0190108988511e-05    9.22548346886644e-05
2472.114207058671    8.545577918782956e-05    9.205653631862824e-05    8.59487219356405e-05    8.782034581403276e-05
2472.214207058671    8.15683458468096e-05    8.76593473544623e-05    8.205464322195335e-05    8.376077880774175e-05
2472.314207058671    7.798830840021899e-05    8.362954442936912e-05    7.846404342160954e-05    8.002729875039923e-05
2472.414207058671    7.467842968890608e-05    7.992052382186354e-05    7.514085999603469e-05    7.657993783560143e-05
2472.5142070586708    7.160778973183029e-05    7.64938288981563e-05    7.205503576482357e-05    7.338555146493673e-05
2472.6142070586707    6.875041257316089e-05    7.331734974534567e-05    6.91812326525279e-05    7.041633165701149e-05
2472.7142070586706    6.60842491651189e-05    7.03639937035243e-05    6.649787537519102e-05    6.764870608127807e-05
2472.8142070586705    6.359041137788757e-05    6.76106873167647e-05    6.398642857948899e-05    6.506250909138042e-05
2472.9142070586704    6.125258628763829e-05    6.503761568918097e-05    6.163084213524635e-05    6.26403480373552e-05
2473.0142070586703    5.9056582012467346e-05    6.262763470067302e-05    5.941711951626923e-05    6.036711207646987e-05
2473.11420705867    5.698997101619159e-05    6.036581098262104e-05    5.7332977662198796e-05    5.8229586553670476e-05
2473.21420705867    5.504180662871131e-05    5.8239057664537705e-05    5.5367575787015736e-05    5.621614669342158e-05
2473.31420705867    5.3202395299340004e-05    5.62358428264402e-05    5.3511296824575406e-05    5.431651165011854e-05
2473.41420705867    5.1463111789198454e-05    5.4345953826100496e-05    5.17555695508492e-05    5.252154505538272e-05
2473.51420705867    4.981624781443201e-05    5.2560305037189455e-05    5.00927224854155e-05    5.0823091779012326e-05
2473.6142070586698    4.82548870309922e-05    5.0870779678835064e-05    4.851586289593196e-05    4.921384320191974e-05
2473.7142070586697    4.677280095585282e-05    4.927009866076425e-05    4.701877580672906e-05    4.768722514111538e-05
2473.8142070586696    4.536436169676337e-05    4.7751711049842253e-05    4.559583910335803e-05    4.6237303949987884e-05
2473.9142070586695    4.4024468270398075e-05    4.6309701967487494e-05    4.4241951702070936e-05    4.485870731331883e-05
2474.0142070586694    4.27484840151041e-05    4.4938714666493786e-05    4.295247239076976e-05    4.3546557024122546e-05
2474.1142070586693    4.153218311478501e-05    4.36338842222464e-05    4.172316746939726e-05    4.229641160214289e-05
2474.214207058669    4.037170465873929e-05    4.239078079288702e-05    4.055016568739204e-05    4.110421704633944e-05
2474.314207058669    3.926351298683852e-05    4.120536083179681e-05    3.942991926226527e-05    3.99662643603002e-05
2474.414207058669    3.8204363291603054e-05    4.007392493778643e-05    3.8359170019831455e-05    3.887915274974031e-05
2474.514207058669    3.719127165432077e-05    3.899308127622144e-05    3.733491984595188e-05    3.7839757592164696e-05
2474.614207058669    3.622148883847986e-05    3.795971370583512e-05    3.635440480188155e-05    3.684520244873217e-05
2474.7142070586688    3.5292477281354074e-05    3.697095390289879e-05    3.5415072371184484e-05    3.5892834518479115e-05
2474.8142070586687    3.440189082157652e-05    3.602415688409211e-05    3.4514561380950246e-05    3.4980203028872964e-05
2474.9142070586686    3.354755677681114e-05    3.511687944850426e-05    3.365068422835544e-05    3.410504015122361e-05
2475.0142070586685    3.272746005110001e-05    3.424686112244992e-05    3.282141110518573e-05    3.326524409291189e-05
2475.1142070586684    3.1939728999102295e-05    3.341200727480753e-05    3.202485594442477e-05    3.245886407277819e-05
2475.2142070586683    3.118262281917044e-05    3.2610374100880856e-05    3.1259263879960194e-05    3.168408693333716e-05
2475.314207058668    3.0454520277779846e-05    3.184015524029444e-05    3.0523000012464204e-05    3.0939225176846166e-05
2475.414207058668    2.975390960288553e-05    3.1099669820986506e-05    2.9814539338402673e-05    3.022270625409157e-05
2475.514207058668    2.907937940298873e-05    3.0387351743754456e-05    2.913245768546255e-05    2.953306294406858e-05
