650.6859951533    3.309968897e-06    3.303673665375e-06    3.339543633125e-06    3.317728731833333e-06
650.7859951133    1.219986838016948e-05    1.2211440088627435e-05    1.229592429964907e-05    1.2235744256148663e-05
650.8859950733    1.1188186042460778e-05    1.1200345564145901e-05    1.1292374453579993e-05    1.1226968686728891e-05
650.9859950333    1.0547778484469978e-05    1.056031913427249e-05    1.065723780508969e-05    1.0588445141277386e-05
651.0859949933    1.0166076049201564e-05    1.0178868777147555e-05    1.0278830087221574e-05    1.0207924971190234e-05
651.1859949533    9.938030539069583e-06    9.950990399158299e-06    1.0052904588777314e-05    9.980641842335065e-06
651.2859949133    9.795839453473066e-06    9.808932224099034e-06    9.91212744321376e-06    9.838966373595286e-06
651.3859948733    9.714709715374132e-06    9.727906195850814e-06    9.8319508946167e-06    9.758188935280548e-06
651.4859948333    1.2902808441868005e-05    1.2919423542603189e-05    1.3039710058115219e-05    1.2953980680862137e-05
651.5859947933    2.0548479249694323e-05    2.0558357511154845e-05    2.0633005400760653e-05    2.0579947387203275e-05
651.6859947533    2.1351414014525767e-05    2.1354364925624633e-05    2.1406916821109477e-05    2.1370898587086623e-05
651.7859947132999    2.0680185593833316e-05    2.0682881925411263e-05    2.0733137115407244e-05    2.0698734878217273e-05
651.8859946732999    2.0286952309226938e-05    2.0289479103784743e-05    2.0338114568137903e-05    2.0304848660383193e-05
651.9859946332999    2.006867383213943e-05    2.0071076904587446e-05    2.0118561435093765e-05    2.008610405727355e-05
652.0859945932999    1.995969561475782e-05    1.9961997191108026e-05    2.0008583070765002e-05    1.9976758625543616e-05
652.1859945532999    1.9917545732494337e-05    1.9919774995640864e-05    1.9965568222906847e-05    1.9934296317014012e-05
652.2859945132999    1.9921749856800094e-05    1.9923918016347807e-05    1.9968962949820728e-05    1.9938210274322878e-05
652.3859944732999    1.996353090365622e-05    1.996563183523194e-05    2.0009970764967246e-05    1.99797111679518e-05
652.4859944332999    2.002960141947663e-05    2.0031625865245045e-05    2.007523801532861e-05    2.0045488433350096e-05
652.5859943932999    2.0107963623458953e-05    2.010989292235703e-05    2.015276676895905e-05    2.0123541104925017e-05
652.6859943532999    2.020122152276488e-05    2.0203073216180802e-05    2.024519256601256e-05    2.0216495768319414e-05
652.7859943132999    2.031443473973186e-05    2.0316223052296583e-05    2.0357507743765484e-05    2.0329388511931314e-05
652.8859942732998    2.0433675598429006e-05    2.0435378694155475e-05    2.047579075158799e-05    2.0448281681390826e-05
652.9859942332998    2.055201443503295e-05    2.055361388549173e-05    2.05931098312117e-05    2.0566246050578796e-05
653.0859941932998    2.068196201412136e-05    2.068345073507897e-05    2.072195743373722e-05    2.069579006097918e-05
653.1859941532998    2.0828102325580376e-05    2.082948160708657e-05    2.086692163052907e-05    2.0841501854398667e-05
653.2859941132998    2.098005180272242e-05    2.0981318999738725e-05    2.1017598827826185e-05    2.0992989876762442e-05
653.3859940732998    2.11323562841288e-05    2.113350777211901e-05    2.1168559114906915e-05    2.114480772371824e-05
653.4859940332998    2.12870269154971e-05    2.128804491257785e-05    2.1321778102319323e-05    2.1298949976798094e-05
653.5859939932998    2.145455251078115e-05    2.1455416513934735e-05    2.148772765987774e-05    2.1465898894864537e-05
653.6859939532998    2.1627206955257745e-05    2.1627885877412325e-05    2.1658664811601784e-05    2.1637919214757286e-05
653.7859939132998    2.1799369126645183e-05    2.1799832471555658e-05    2.1828921987507586e-05    2.1809374528569475e-05
653.8859938732998    2.197561293614621e-05    2.1975864182945268e-05    2.2003097857299327e-05    2.1984858325463603e-05
653.9859938332997    2.215445633099018e-05    2.2154485193527515e-05    2.2179720178351893e-05    2.2162887234289864e-05
654.0859937932997    2.234257142827829e-05    2.2342357893090988e-05    2.2365396818488008e-05    2.235010871328576e-05
654.1859937532997    2.2539168975284325e-05    2.253866348435248e-05    2.2559276855773555e-05    2.2545703105136787e-05
654.2859937132997    2.273640563577585e-05    2.2735556216077362e-05    2.2753484224161155e-05    2.2741815358671454e-05
654.3859936732997    2.29378470535225e-05    2.2936609786756983e-05    2.2951540426471024e-05    2.294199908891683e-05
654.4859936332997    2.3146022498066186e-05    2.3144354089134475e-05    2.3155954263137928e-05    2.3148776950112864e-05
654.5859935932997    2.335073505505477e-05    2.3348583813151913e-05    2.3356429407023626e-05    2.3351916091743436e-05
654.6859935532997    2.3564710039942925e-05    2.3562018441131044e-05    2.3565575631976183e-05    2.3564101371016717e-05
654.7859935132997    2.3791940363656995e-05    2.378861933517791e-05    2.3787262999175082e-05    2.3789274232669995e-05
654.8859934732997    2.4015964493067843e-05    2.4011883355343677e-05    2.400487883897772e-05    2.4010908895796417e-05
654.9859934332997    2.4243002372427868e-05    2.423802846334385e-05    2.4224443453880544e-05    2.4235158096550758e-05
655.0859933932996    2.448265285215242e-05    2.4476615738408927e-05    2.4455226204031552e-05    2.4471498264864298e-05
655.1859933532996    2.4732041444819042e-05    2.4724723979242532e-05    2.469393210842218e-05    2.4716899177494583e-05
655.2859933132996    2.4986568493345316e-05    2.4977689354897348e-05    2.493537088969059e-05    2.496654291264442e-05
655.3859932732996    2.5250582878064124e-05    2.523972987774014e-05    2.5182943189306026e-05    2.5224418648370095e-05
655.4859932332996    2.5531710203174766e-05    2.5518335639123738e-05    2.5442925801218153e-05    2.5497657214505555e-05
655.5859931932996    2.5826315107711032e-05    2.580965182909289e-05    2.570938337588414e-05    2.5781783437562683e-05
655.6859931532996    2.6139012303169336e-05    2.611788845410907e-05    2.5982873946109315e-05    2.6079924901129235e-05
655.7859931132996    2.648956135868836e-05    2.646214472349548e-05    2.6275669276852812e-05    2.6409125119678877e-05
655.8859930732996    2.6892966924692877e-05    2.6856294609257747e-05    2.6587347800199493e-05    2.6778869778050043e-05
655.9859930332996    2.739208859929145e-05    2.7341100339607203e-05    2.6924445624003747e-05    2.7219211520967467e-05
656.0859929932996    2.812053633404191e-05    2.804631542431586e-05    2.7319109575364435e-05    2.7828653777907403e-05
656.1859929532995    2.948193549934943e-05    2.936834460897957e-05    2.7827059086601354e-05    2.889244639831012e-05
656.2859929132995    3.2483998685909585e-05    3.219569372186403e-05    2.857968725035366e-05    3.108645988604242e-05
656.3859928732995    3.4909627141646713e-05    3.409993876565297e-05    2.9667746381143647e-05    3.289243742948111e-05
656.4859928332995    3.3843050004177144e-05    3.308015415460702e-05    3.17473498324252e-05    3.2890184663736456e-05
656.5859927932995    3.36864898426772e-05    3.294388329196511e-05    3.490370181013495e-05    3.384469164825909e-05
656.6859927532995    3.565620397191635e-05    3.5051944341241076e-05    3.4644341376890286e-05    3.511749656334923e-05
656.7859927132995    3.693637531598371e-05    3.68508461937758e-05    3.268092897271623e-05    3.5489383494158574e-05
656.8859926732995    3.743856004663771e-05    3.762177363318829e-05    3.215483422162552e-05    3.573838930048384e-05
656.9859926332995    3.7264430711279584e-05    3.752499350840545e-05    3.2889617577819345e-05    3.5893013932501464e-05
657.0859925932995    3.9834886439575685e-05    4.050876777147915e-05    3.526402937011534e-05    3.8535894527056726e-05
657.1859925532995    4.488350632775584e-05    4.509183354688738e-05    4.0082548479173246e-05    4.335262945127215e-05
657.2859925132994    4.6334074958592346e-05    4.530973813336145e-05    4.578500904437709e-05    4.5809607378776954e-05
657.3859924732994    4.346227597370996e-05    4.1804361428150905e-05    4.552677287890815e-05    4.3597803426923e-05
657.4859924332994    4.0538240907307155e-05    3.943386468848627e-05    3.9368523192871385e-05    3.9780209596221606e-05
657.5859923932994    3.9339723473127995e-05    3.880094724336573e-05    3.5543053544126146e-05    3.7894574753539955e-05
657.6859923532994    3.911959074409775e-05    3.9276637261822896e-05    3.427856575399238e-05    3.7558264586637676e-05
657.7859923132994    3.943622069073903e-05    3.955401601300086e-05    3.4014291544175564e-05    3.766817608263848e-05
657.8859922732994    4.259998882858048e-05    4.167687033028422e-05    3.447398401918942e-05    3.958361439268471e-05
657.9859922332994    4.4774099399661796e-05    4.2889250634763265e-05    3.5028198847155204e-05    4.089718296052675e-05
658.0859921932994    4.1398101637509e-05    4.04229984060049e-05    3.488358510711367e-05    3.890156171687586e-05
658.1859921532994    3.800415254038911e-05    3.761502696688778e-05    3.4546118353563336e-05    3.67217659536134e-05
658.2859921132994    3.629255496936348e-05    3.602390089648025e-05    3.449101747025615e-05    3.5602491112033286e-05
658.3859920732993    3.568803866684101e-05    3.554601943374974e-05    3.467877007126255e-05    3.530427605728443e-05
658.4859920332993    3.562695475027453e-05    3.553794720411201e-05    3.497471960037112e-05    3.537987385158589e-05
658.5859919932993    3.577977944343251e-05    3.571812560246209e-05    3.5316267629186796e-05    3.560472422502713e-05
658.6859919532993    3.6035502947460036e-05    3.599014079544625e-05    3.56846639570828e-05    3.590343589999636e-05
658.7859919132993    3.635061684961206e-05    3.6315827082298144e-05    3.6072600436101815e-05    3.6246348122670676e-05
658.8859918732993    3.670473041949866e-05    3.667720119572218e-05    3.6476368976391956e-05    3.6619433530537596e-05
658.9859918332993    3.7088878861301397e-05    3.7066579281387236e-05    3.689572391053209e-05    3.701706068440691e-05
659.0859917932993    3.749285472524281e-05    3.7474447070340696e-05    3.732538832645667e-05    3.743089670734672e-05
659.1859917532993    3.7912178750740974e-05    3.789674510233286e-05    3.7763780220674496e-05    3.785756802458279e-05
659.2859917132993    3.834800632245491e-05    3.833488884773708e-05    3.8213800492652824e-05    3.829889855428161e-05
659.3859916732993    3.87968872102556e-05    3.8785592571947513e-05    3.867338675168013e-05    3.875195551129441e-05
659.4859916332992    3.9264186180203994e-05    3.925435639528867e-05    3.914881655271995e-05    3.922245304273753e-05
659.5859915932992    3.974576729262583e-05    3.973718916084425e-05    3.963641710016532e-05    3.97064578512118e-05
659.6859915532992    4.023517274479343e-05    4.022758326346942e-05    4.01301176302977e-05    4.019762454618685e-05
659.7859915132992    4.0737670393204945e-05    4.0730861204913845e-05    4.063559676212201e-05    4.0701376120080274e-05
659.8859914732992    4.124980387985148e-05    4.1243657914098165e-05    4.114959682202606e-05    4.1214352871991896e-05
659.9859914332992    4.177248748039646e-05    4.176688508664142e-05    4.1673201268127536e-05    4.173752461172181e-05
660.0859913932992    4.231198000566333e-05    4.230682504262832e-05    4.22128087935383e-05    4.227720461394332e-05
660.1859913532992    4.286356284762816e-05    4.285875674220401e-05    4.2763716748907456e-05    4.282867877957987e-05
660.2859913132992    4.342409564335647e-05    4.341960733995391e-05    4.332300345399032e-05    4.3388902145766895e-05
660.3859912732992    4.3995546559777324e-05    4.399130919934094e-05    4.389271946794184e-05    4.395985840902003e-05
660.4859912332992    4.458126358312706e-05    4.457721841434573e-05    4.447620757416303e-05    4.454489652387861e-05
660.5859911932992    4.5186714435171305e-05    4.5182815753128955e-05    4.507892772319143e-05    4.514948597049724e-05
660.6859911532991    4.580128221293669e-05    4.579746117642818e-05    4.569025192360407e-05    4.576299843765631e-05
660.7859911132991    4.642376208758051e-05    4.64199795535011e-05    4.630903879474504e-05    4.638426014527554e-05
660.8859910732991    4.706265481254814e-05    4.705891615562541e-05    4.694398742169631e-05    4.7021852796623286e-05
660.9859910332991    4.7716962888984714e-05    4.771322220526632e-05    4.7593994647966214e-05    4.7674726580739074e-05
661.0859909932991    4.8387106406652406e-05    4.838329352770738e-05    4.825933984155691e-05    4.834324659197223e-05
661.1859909532991    4.9070550248772696e-05    4.906664840557885e-05    4.893758130547344e-05    4.9024926653275e-05
661.2859909132991    4.97644114495561e-05    4.976044304255178e-05    4.962603899015879e-05    4.9716964494088894e-05
661.3859908732991    5.048553564311239e-05    5.048147680215873e-05    5.03413916641276e-05    5.04361347031329e-05
661.4859908332991    5.1227145342073333e-05    5.122289179333694e-05    5.107665259378161e-05    5.1175563243063975e-05
661.5859907932991    5.198299521943741e-05    5.19785293019618e-05    5.18258609080246e-05    5.19291284764746e-05
661.685990753299    5.2775979385501215e-05    5.277137231446733e-05    5.261206072330237e-05    5.27198041410903e-05
661.785990713299    5.354849149963785e-05    5.3543650732044345e-05    5.3377304152936914e-05    5.34898154615397e-05
661.885990673299    5.4317423112636916e-05    5.4312287819480276e-05    5.4138449055139016e-05    5.42560533290854e-05
661.985990633299    5.5126921741048166e-05    5.512154975173484e-05    5.49398708101215e-05    5.506278076763483e-05
662.085990593299    5.598674013158741e-05    5.598109642174565e-05    5.5791335846215965e-05    5.591972413318301e-05
662.185990553299    5.689637549331694e-05    5.689035739087853e-05    5.669214956032673e-05    5.682629414817406e-05
662.285990513299    5.777205093551303e-05    5.7765652361788924e-05    5.7558421915093134e-05    5.76987084041317e-05
662.385990473299    5.863166848941719e-05    5.862490124924808e-05    5.84081343566724e-05    5.8554901365112556e-05
662.485990433299    5.9534460606680573e-05    5.9527292385855356e-05    5.9300795547982205e-05    5.945418284683938e-05
662.585990393299    6.05069558771778e-05    6.049934584226425e-05    6.0262734970302887e-05    6.0423012229914985e-05
662.685990353299    6.148297167969282e-05    6.147482026441434e-05    6.122742174246935e-05    6.139507122885883e-05
662.785990313299    6.246242791223969e-05    6.245378797521435e-05    6.219518187484893e-05    6.237046592076767e-05
662.885990273299    6.348045911991026e-05    6.347129582757246e-05    6.320108934198756e-05    6.338428142982343e-05
662.9859902332989    6.457333383634087e-05    6.456364754245523e-05    6.428133141891834e-05    6.447277093257147e-05
663.0859901932989    6.566240869953794e-05    6.565214942864462e-05    6.535710111140467e-05    6.555721974652907e-05
663.1859901532989    6.67148896721203e-05    6.670394591321252e-05    6.639550043468732e-05    6.660477867334006e-05
663.2859901132989    6.783829101157014e-05    6.782665475403239e-05    6.750434040290848e-05    6.772309538950366e-05
663.3859900732989    6.899273890756123e-05    6.898038620424241e-05    6.864364052244665e-05    6.887225521141677e-05
663.4859900332989    7.021189336746458e-05    7.019881886033174e-05    6.984690782051944e-05    7.008587334943859e-05
663.5859899932989    7.145468282357859e-05    7.144079776556046e-05    7.107306296506092e-05    7.13228478514e-05
663.6859899532989    7.269251448548205e-05    7.267761513800578e-05    7.229338792130872e-05    7.255450584826551e-05
663.7859899132989    7.399289756760655e-05    7.397702513941191e-05    7.357549226299394e-05    7.384847165667081e-05
663.8859898732989    7.534383752099825e-05    7.53271334141544e-05    7.490748107201043e-05    7.519281733572103e-05
663.9859898332988    7.671287293729853e-05    7.669525135829855e-05    7.625677874667661e-05    7.65549676807579e-05
664.0859897932988    7.810471154640929e-05    7.808596028127025e-05    7.762787331473163e-05    7.793951504747039e-05
664.1859897532988    7.953574393188151e-05    7.951581597855684e-05    7.903708923145986e-05    7.93628830472994e-05
664.2859897132988    8.098733583624404e-05    8.096617473332625e-05    8.046589530235014e-05    8.080646862397347e-05
664.3859896732988    8.252414518957347e-05    8.250172015723041e-05    8.197895335561569e-05    8.233493956747318e-05
664.4859896332988    8.412093292202232e-05    8.409725363923142e-05    8.35508869683841e-05    8.392302450987926e-05
664.5859895932988    8.57107583146999e-05    8.568567280881481e-05    8.511467041882972e-05    8.550370051411481e-05
664.6859895532988    8.73778719028786e-05    8.735121418285934e-05    8.675428568062764e-05    8.716112392212185e-05
664.7859895132988    8.909097139953502e-05    8.906258672342044e-05    8.843851124811372e-05    8.886402312368971e-05
664.8859894732988    9.087490604903977e-05    9.084487784162278e-05    9.019246357698074e-05    9.063741582254777e-05
664.9859894332988    9.275171565812518e-05    9.271994644291366e-05    9.203786730147848e-05    9.250317646750575e-05
665.0859893932987    9.465287578385679e-05    9.461915357624572e-05    9.390589146812777e-05    9.439264027607676e-05
665.1859893532987    9.654926246053322e-05    9.651345123700583e-05    9.576735416694769e-05    9.627668928816224e-05
665.2859893132987    9.853491902426347e-05    9.849700292667613e-05    9.771660011620735e-05    9.824950735571565e-05
665.3859892732987    0.00010063325074369299    0.00010059301238122342    9.977679675754578e-05    0.00010033435329415406
665.4859892332987    0.00010273697741956384    0.0001026943273719893    0.00010184014837676601    0.00010242381772277306
665.5859891932987    0.0001049075974768672    0.0001048624006584866    0.0001039684294437056    0.00010457947585968647
665.6859891532987    0.0001072171688560238    0.00010716916631627675    0.00010623362098283376    0.0001068733187183781
665.7859891132987    0.00010962214970071609    0.00010957121308207942    0.00010859160268101538    0.00010926165515460363
665.8859890732987    0.00011204402144691666    0.00011198991479918268    0.00011096417012958657    0.00011166603545856196
665.9859890332987    0.00011452550702926678    0.00011446815246569949    0.00011339382998524822    0.00011412916316007149
666.0859889932987    0.00011714908527744091    0.00011708840077328736    0.00011596283179696377    0.00011673343928256401
666.1859889532986    0.00011990745678571903    0.00011984285676138563    0.00011866333364618516    0.00011947121573109661
666.2859889132986    0.00012272528788203406    0.00012265665077554802    0.00012142035614457917    0.00012226743160072043
666.3859888732986    0.00012560130016151902    0.0001255286508147128    0.00012423243984080028    0.00012512079693901068
666.4859888332986    0.00012859287418310946    0.00012851563966384012    0.00012715655079354853    0.00012808835488016605
666.5859887932986    0.0001317235230081014    0.00013164344858829704    0.00013021690089274178    0.00013119462416304675
666.6859887532986    0.000134961435735558    0.00013487583525948046    0.00013337850843040587    0.00013440525980848144
666.7859887132986    0.0001382901456568616    0.0001381965862124494    0.0001366258938437491    0.00013770420857102004
666.8859886732986    0.00014179735155262966    0.00014169893060873092    0.00014004898923007897    0.00014118175713047983
666.9859886332986    0.00014541938182140822    0.0001453146892323811    0.0001435823024820293    0.0001447721245119395
667.0859885932986    0.000149181029732076    0.00014906809758085982    0.00014724781579849514    0.00014849898103714364
667.1859885532986    0.00015315416357948304    0.00015303689816006732    0.00015112166407754699    0.0001524375752723658
667.2859885132985    0.0001573085111535318    0.00015718118624424713    0.00015516853693468531    0.00015655274477748807
667.3859884732985    0.0001615596287034038    0.00016142227604172066    0.00015930566846304262    0.00016076252440272237
667.4859884332985    0.000165939128684765    0.00016579470259167617    0.00016356464077066355    0.00016509949068236823
667.5859883932985    0.00017058889868505896    0.00017043466501619138    0.0001680863318652308    0.00016970329852216039
667.6859883532985    0.00017549825245105036    0.0001753321573533522    0.0001728593328769735    0.00017456324756045868
667.7859883132985    0.00018056375217385563    0.00018038544570867388    0.00017777931270402026    0.00017957617019551654
667.8859882732985    0.00018583320027656854    0.00018564166160394026    0.00018289251731668806    0.0001847891263990656
667.9859882332985    0.00019134561200006967    0.00019114220877832882    0.00018824011164352009    0.0001902426441406395
668.0859881932985    0.0001971337976558271    0.00019691629254476892    0.0001938521929497532    0.00019596742771678304
668.1859881532985    0.00020321995210990058    0.00020298649768615466    0.00019974896854489942    0.0002019851394469849
668.2859881132985    0.0002095592800598236    0.00020930969493448113    0.00020588552761236902    0.00020825150086889127
668.3859880732984    0.0002162183787843537    0.00021594937510794728    0.00021232727712382964    0.00021483167700537688
668.4859880332984    0.0002232420296658419    0.00022295538031692928    0.00021912033663838953    0.00022177258220705358
668.5859879932984    0.00023062018408441306    0.00023031364278808508    0.00022625023692546611    0.0002290613545993214
668.6859879532984    0.0002383769999174457    0.00023804636661115366    0.00023373895496324408    0.0002367207738306145
668.7859879132984    0.0002465671866706335    0.0002462108638174727    0.00024164107389008102    0.0002448063747927291
668.8859878732984    0.0002551483192260937    0.00025476633328159397    0.00024991392919951463    0.0002532761939024008
668.9859878332984    0.0002641937916142112    0.00026378192113501764    0.00025862600112663045    0.0002622005712919532
669.0859877932984    0.0002737944395588782    0.0002733485041530393    0.0002678627555988797    0.00027166856643693244
669.1859877532984    0.0002839528229460968    0.00028347514660325617    0.0002776359909950836    0.0002816879868481455
669.2859877132984    0.0002947002862534288    0.0002941816108134887    0.00028795983184858753    0.00029228057630516837
669.3859876732984    0.0003060443875048345    0.0003054814928484493    0.0002988443624928093    0.0003034567476153644
669.4859876332984    0.000318171075705327    0.00031756157581964566    0.0003104764596978196    0.0003154030370742641
669.5859875932983    0.0003311093464710774    0.0003304487914158292    0.0003228726735231681    0.0003281436038033582
669.6859875532983    0.00034478942744950805    0.000344073201992891    0.00033597138406362814    0.0003416113378353424
669.7859875132983    0.0003594048297975307    0.00035862396959497085    0.0003499412054640173    0.0003559900016188397
669.8859874732983    0.0003749666143658434    0.0003741162186629008    0.0003648038966330868    0.00037129557655394364
669.9859874332983    0.00039161036121983315    0.0003906831108545821    0.0003806797544729102    0.0003876577421824418
670.0859873932983    0.00040948260727479357    0.00040846923788158916    0.0003977081617116351    0.0004052200022893392
670.1859873532983    0.00042869420825475505    0.0004275849203446406    0.00041600561709107404    0.0004240949152301565
670.2859873132983    0.000449405907368094    0.0004481884836372444    0.00043569593280166463    0.00044443010793566767
670.3859872732983    0.0004716597966272702    0.00047033009558558717    0.00045683913383612963    0.000466276342016329
670.4859872332983    0.0004957398724534294    0.0004942786529449801    0.00047967926864643225    0.000489899264681614
670.5859871932983    0.0005218129633335826    0.00052020222753251    0.0005043773255817004    0.0005154641721492643
670.6859871532982    0.0005501817270044418    0.0005484054929443856    0.0005312065615818676    0.000543264593843565
670.7859871132982    0.000581090809616616    0.0005791282971287933    0.0005604172592842452    0.0005735454553432182
670.8859870732982    0.0006147630247425372    0.0006125956547774354    0.0005922184640509718    0.000606525714523648
670.9859870332982    0.000651738608397033    0.0006493313321321138    0.0006270528550462118    0.0006427075985251195
671.0859869932982    0.0006923500650252526    0.0006896739050282466    0.000665292530422382    0.0006824388334919604
671.1859869532982    0.0007372195804635472    0.0007342432555993935    0.0007074950151063556    0.0007263192837230988
671.2859869132982    0.0007870650970017208    0.0007837464414677076    0.0007543150188779557    0.0007750421857824614
671.3859868732982    0.0008426023009269581    0.0008388921751452725    0.0008063941464539668    0.0008292962075087324
671.4859868332982    0.0009050123516597726    0.0009008415917450048    0.0008647491532970535    0.0008902010322339436
671.5859867932982    0.0009759172972164251    0.0009711754346996563    0.000930559643247164    0.0009592174583877483
671.6859867532982    0.0010551526375604738    0.001049850452396899    0.0010047693469051248    0.0010365908122874992
671.7859867132981    0.0011441444753851969    0.0011383141568264542    0.0010889797100228902    0.001123812780744847
671.8859866732981    0.0012473278906882396    0.0012408048848724386    0.0011861328211193352    0.0012247551988933377
671.9859866332981    0.001367216612704678    0.0013599375000031345    0.0012990507852592807    0.0013420682993223643
672.0859865932981    0.001507949692448507    0.0014998821284504568    0.0014318634254505015    0.0014798984154498216
672.1859865532981    0.0016758827814384823    0.0016668294077559977    0.0015905424781916884    0.001644418222462056
672.2859865132981    0.0018761046437076232    0.0018662827879847204    0.0017811799379131553    0.001841189123201833
672.3859864732981    0.002119691274652359    0.002109362301993444    0.0020154200055133437    0.0020814911940530492
672.4859864332981    0.002421601928243899    0.0024115910104269976    0.0023102028829309097    0.0023811319405339353
672.5859863932981    0.002807417390041528    0.0027990814577125564    0.0026930026351377504    0.002766500494297278
672.6859863532981    0.0033129813508926196    0.003309477004087347    0.0032086934664341863    0.0032770506071380504
672.785986313298    0.00400140960870767    0.004009998629689207    0.00393994372149195    0.003983783986629609
672.885986273298    0.004989155059188786    0.00502749130363613    0.005053939490910688    0.005023528617911869
672.985986233298    0.006505454558418469    0.006621748288035992    0.006933251152226902    0.006686817999560453
673.085986193298    0.009105781167339802    0.009452431757769926    0.010652328434966938    0.009736847120025555
673.185986153298    0.014336509301391983    0.015435648176629475    0.019734927906017514    0.016502361794679656
673.285986113298    0.02628532002059919    0.028362003013481542    0.03954777188938631    0.03139836497448901
673.385986073298    0.04934747838052438    0.0495954229652288    0.05041700357890435    0.04978663497488584
673.485986033298    0.06961314080599235    0.06699278482546277    0.038858944854575486    0.0584882901620102
673.585985993298    0.06699475026019464    0.06367172285946095    0.030776303337918486    0.05381425881919136
673.685985953298    0.05635556153266419    0.05368434022425398    0.03618537630100215    0.04874175935264011
673.785985913298    0.06083234844273143    0.05854756794573229    0.058356116065430036    0.05924534415129791
673.885985873298    0.09277229419521134    0.08648266145529394    0.08237578983635944    0.08721024849562156
673.985985833298    0.1265131920820455    0.1162891210860423    0.08879711986547831    0.11053314434452205
674.0859857932979    0.10943590116030935    0.10047386821971363    0.10475454782956578    0.1048881057365296
674.1859857532979    0.0656920214535495    0.06374477343699665    0.08848044571973125    0.0726390802034258
674.2859857132979    0.0408938200943195    0.04097304877881431    0.05098301402506351    0.044283294299399104
674.3859856732979    0.03433686326939894    0.0346488671772509    0.033586870097585826    0.03419086684807856
674.4859856332979    0.03629660746699775    0.040728306554889813    0.030578309049310973    0.035867741023732844
674.5859855932979    0.04142964153480755    0.04810998917891437    0.03378204407410319    0.04110722492927504
674.6859855532979    0.04646628293111826    0.05171449305219716    0.034761956492081324    0.044314244158465584
674.7859855132979    0.054547524623591324    0.05699215716565496    0.03629834232185448    0.04927934137036692
674.8859854732979    0.0691979781039227    0.07743105775206667    0.05255136987470393    0.06639346857689776
674.9859854332979    0.05658843605457338    0.0678645165881502    0.04367539092507373    0.05604278118926577
675.0859853932978    0.057831484511203075    0.06278201457240846    0.04649135367037143    0.055701617584660995
675.1859853532978    0.07139855295091002    0.07330593334280813    0.06204428774577406    0.06891625801316406
675.2859853132978    0.08197597028486983    0.08496703349279833    0.07716411967590052    0.08136904115118956
675.3859852732978    0.07935445347064798    0.07938923179769392    0.092196516599368    0.0836467339559033
675.4859852332978    0.07517745524787628    0.07805452526173828    0.14010908849276563    0.09778035633412673
675.5859851932978    0.06880222493731478    0.07905303309441941    0.19649752834430126    0.11478426212534514
675.6859851532978    0.0749927369189985    0.08396296669486018    0.17725128162353018    0.11206899507912961
675.7859851132978    0.10592691847374124    0.10474866731341245    0.12372376184961337    0.11146644921225567
675.8859850732978    0.12695927822243513    0.11824012213312302    0.10410989271975557    0.11643643102510456
675.9859850332978    0.10012082763789412    0.09633942948802943    0.10699710302633968    0.10115245338408775
676.0859849932978    0.07306332286234843    0.07691914534925166    0.1100074616967735    0.08666330996945787
676.1859849532977    0.0656789716392672    0.07332894252400536    0.10363334858790832    0.0808804209170603
676.2859849132977    0.06754867547001674    0.07923750175635587    0.08147679783144565    0.07608765835260611
676.3859848732977    0.07554072268506141    0.08352602665956581    0.052472718273126245    0.07051315587258448
676.4859848332977    0.08761212383599619    0.076798333577548    0.033855375990436996    0.0660886111346604
676.5859847932977    0.08472501407868098    0.06338785388049807    0.023917540163941913    0.057343469374373665
676.6859847532977    0.06125783202668081    0.04764978480028796    0.0177880943881933    0.04223190373838735
676.7859847132977    0.03504235573383474    0.02914615822546007    0.01311136984759976    0.02576662793563152
676.8859846732977    0.020571607047784053    0.01770152611535677    0.009937470733622094    0.016070201298920974
676.9859846332977    0.01335758516913874    0.011799371812767533    0.007714486504406329    0.010957147828770867
677.0859845932977    0.009266512659494032    0.008393567701776607    0.006076323249492012    0.007912134536920884
677.1859845532977    0.007411430514912754    0.006798900990971967    0.005180336307536838    0.006463555937807188
677.2859845132976    0.006152039698420103    0.005708118203254276    0.0045565434947630445    0.005472233798812474
677.3859844732976    0.0052245468404586255    0.00489993305212794    0.0040508511969206285    0.004725110363169065
677.4859844332976    0.004501638653319539    0.004256873983882979    0.0036139451843531472    0.004124152607185221
677.5859843932976    0.003935804549973066    0.003747108762797987    0.0032495438495230315    0.0036441523874313616
677.6859843532976    0.003486006750613695    0.0033381392057526328    0.0029478614819454328    0.003257335812770587
677.7859843132976    0.003119742868540678    0.0030025161802237008    0.0026939760267395904    0.002938745025167989
677.8859842732976    0.0028162792227284456    0.0027223992442164256    0.0024768858068650004    0.002671854757936624
677.9859842332976    0.0025615554825764815    0.0024858896162101934    0.0022901617436032794    0.0024458689474633182
678.0859841932976    0.0023448755829795654    0.002283703885845851    0.002128444431733061    0.002252341300186159
678.1859841532976    0.0021569357759807523    0.0021075584082538897    0.0019862012277016027    0.0020835651373120817
678.2859841132976    0.001995638306008965    0.0019556644490966216    0.001863008160194583    0.00193810363843339
678.3859840732975    0.0018600671537680744    0.0018277495726896828    0.0017591761157763556    0.0018156642807447046
678.4859840332975    0.0017425634764124147    0.001717056180026953    0.0016709041994999916    0.0017101746186464527
678.5859839932975    0.0016386416354932415    0.0016188569737634556    0.0015946086416212583    0.0016173690836259855
678.6859839532975    0.001546871649169638    0.0015319083278611146    0.0015284351394891974    0.0015357383721733165
678.7859839132975    0.001465828443346777    0.0014551423976638998    0.001472212480249552    0.0014643944404200762
678.8859838732975    0.0013941315137466622    0.0013872507674617142    0.0014253145427846631    0.0014022322746643466
678.9859838332975    0.0013308764211064895    0.0013273689523197177    0.0013878526024291146    0.0013486993252851073
679.0859837932975    0.0012766806440256784    0.0012761711370574452    0.0013613299439845107    0.0013047272416892115
679.1859837532975    0.0012309194956294837    0.0012332077279739357    0.0013466320419002024    0.0012702530885012073
679.2859837132975    0.0011923290349085507    0.0011973649212427223    0.0013444511396416736    0.0012447150319309821
679.3859836732975    0.001161142318739929    0.0011688459472073156    0.0013576772081784723    0.0012292218247085722
679.4859836332975    0.0011385142995220532    0.001148771714482232    0.0013918912948458748    0.0012263924362833866
679.5859835932974    0.0011260893979586771    0.001138971311222376    0.0014558563088240743    0.0012403056726683758
679.6859835532974    0.0011252520486191638    0.0011423493569162778    0.0015601147252298777    0.0012759053769217728
679.7859835132974    0.0011332902658957613    0.0011603458737593862    0.0017066821435565561    0.0013334394277372346
679.8859834732974    0.0011461334848205215    0.001192638676388384    0.0018990169709657407    0.0014125963773915487
679.9859834332974    0.0011686673728440165    0.0012462794878536666    0.002183481539777096    0.0015328094668249261
680.0859833932974    0.0012174004603183052    0.0013368340487345338    0.0026462814038555557    0.0017335053043027982
680.1859833532974    0.0013037077570368953    0.001474590045799464    0.0033737937067081837    0.002050697169848181
680.2859833132974    0.001395635289135203    0.0016524112811204359    0.004409616964442049    0.002485887844899229
680.3859832732974    0.0014561995779380043    0.0018995319038982805    0.006021526383250969    0.003125752621695751
680.4859832332974    0.001532098235886596    0.002344059112859952    0.009184708432941283    0.004353621927229276
680.5859831932974    0.0016490230559088712    0.002908605707290443    0.013147292418033545    0.005901640393744286
680.6859831532973    0.0015827858717292074    0.002766426679644899    0.012114707161067703    0.005487973237480603
680.7859831132973    0.0013639940504167362    0.0019871579564616306    0.0070300646359613625    0.003460405547613243
680.8859830732973    0.0012272532493807534    0.0014723376772902926    0.004003916281606227    0.002234502402759091
680.9859830332973    0.0011796449684842957    0.00129509095686273    0.0027763533924336347    0.0017503631059268868
681.0859829932973    0.0012086013802042987    0.0013126474021272077    0.0022546728986429666    0.0015919738936581575
681.1859829532973    0.0013363319034949686    0.0014929540608630985    0.0021276229665086336    0.0016523029769555668
681.2859829132973    0.001602305641969563    0.001877905991053245    0.0023514990760158897    0.001943903569679566
681.3859828732973    0.0020262871630754836    0.0024293119720650764    0.0026747191757451943    0.0023767727702952513
681.4859828332973    0.0021480644643560413    0.002487983263088426    0.0022795732557156613    0.00230520699438671
681.5859827932973    0.00164634549325145    0.0017896313345664868    0.0014442882216359099    0.0016267550164846157
681.6859827532973    0.000964747753579371    0.0011035478196460247    0.0009109749088819601    0.000993090160702452
681.7859827132972    0.0005996434117006097    0.0006704994939980297    0.000654251526372406    0.0006414648106903484
681.8859826732972    0.0004422094251487681    0.00048326756153116435    0.0005278743021592637    0.0004844504296130654
681.9859826332972    0.00036427134791174346    0.0003921181834863268    0.0004531454902872717    0.00040317834056178073
682.0859825932972    0.0003182249462218446    0.0003388778349452394    0.00040278381497932175    0.000353295532048802
682.1859825532972    0.000287481553660837    0.0003036419134945787    0.0003658833780889804    0.000319002281748132
682.2859825132972    0.0002651329376231994    0.0002782336967663684    0.0003372807368856082    0.000293549123758392
682.3859824732972    0.00024786002541156627    0.0002587523098909987    0.0003142056535511638    0.0002736059962845763
682.4859824332972    0.00023389057920143223    0.0002431214028984124    0.0002950294222185094    0.0002573471347727847
682.5859823932972    0.0002221992452546323    0.00023014092123790767    0.00027872600302077344    0.00024368872317110448
682.6859823532972    0.00021215414182235322    0.00021907130772418824    0.0002646133853240775    0.00023194627829020633
682.7859823132972    0.0002033454373153959    0.00020943267337051525    0.00025221843820694774    0.00022166551629761963
682.8859822732971    0.00019549579514025687    0.00020090010547671116    0.00024120131985805128    0.00021253240682500647
682.9859822332971    0.00018841067463159114    0.00019324561531086347    0.00023131078726354513    0.00020432235906866656
683.0859821932971    0.00018194933157275004    0.00018630426163961556    0.00022235653059934956    0.0001968700412705717
683.1859821532971    0.0001760071645739717    0.0001799535142963584    0.0002141913712259577    0.00019005068336542928
683.2859821132971    0.0001705045708109969    0.0001741002131382627    0.00020669942320206575    0.0001837680690504418
683.3859820732971    0.00016537968566225915    0.00016867206094914902    0.00019978799445701415    0.00017794658035614076
683.4859820332971    0.00016058352002924021    0.00016361191763843573    0.00019338190832339885    0.00017252578199702495
683.5859819932971    0.0001560766227110592    0.0001588738782124301    0.0001874194353843293    0.00016745664543593955
683.6859819532971    0.0001518267388842884    0.0001544205172937424    0.00018184932297080647    0.00016269885971627906
683.7859819132971    0.0001478071346921685    0.00015022091486687286    0.0001766285890944602    0.00015821887955116718
683.885981873297    0.00014399537688106155    0.0001462492164337945    0.0001717208590456512    0.0001539884841201691
683.985981833297    0.00014037242926194702    0.0001424835658923017    0.00016709509386830692    0.00014998369634085191
684.085981793297    0.00013692197374981713    0.0001389053028922309    0.00016272460627812725    0.00014618396097339177
684.185981753297    0.00013362989302958977    0.00013549835090766968    0.00015858629036258053    0.00014257151143327998
684.285981713297    0.0001304838713980625    0.00013224874484419276    0.00015466001231698577    0.00013913087618641368
684.385981673297    0.00012747308306831966    0.0001291442621318342    0.00015092812396994655    0.0001358484897233668
684.485981633297    0.00012458794611779195    0.00012617413149966346    0.000147375070861445    0.00013271238282630012
684.585981593297    0.00012181992623420002    0.00012332880078666248    0.00014398707393626004    0.00012971193365237418
684.685981553297    0.00011916137866797109    0.00012059975005895951    0.0001407518690329427    0.00012683766591995775
684.785981513297    0.00011660541978821607    0.00011797933986328959    0.0001376584921463652    0.00012408108393262363
684.885981473297    0.00011414582182017649    0.00011546068700515994    0.00013469710124915275    0.0001214345366914964
684.985981433297    0.00011177692587373419    0.0001130375620574204    0.00013185882750264204    0.00011889110514459889
685.085981393297    0.00010949356955534676    0.00011070430417331025    0.0001291356503047806    0.00011644450801114586
685.1859813532969    0.00010729102625717123    0.00010845574979664378    0.00012652029173003157    0.00011408902259461552
685.2859813132969    0.00010516495393223362    0.00010628717261214027    0.00012400612692522683    0.00011181941782320024
685.3859812732969    0.00010311135157453986    0.00010419423264743312    0.00012158710762815547    0.00010963089728337616
685.4859812332969    0.00010112652202171959    0.0001021729328725266    0.00011925769662287642    0.00010751905050570755
685.5859811932969    9.920703999544661e-05    0.000100219582010432    0.00011701281127332284    0.00010547981109306715
685.6859811532969    9.734972447556605e-05    9.833076246853287e-05    0.0001148477747063759    0.00010350942055015827
685.7859811132969    9.613549646575662e-05    9.711448298122295e-05    0.00011362555667952712    0.00010229184537550223
685.8859810732969    9.514106444045746e-05    9.61251297527885e-05    0.0001127039940506874    0.00010132339608131113
685.9859810332969    9.417928925716087e-05    9.516861948743419e-05    0.00011181249060576212    0.0001003867997834524
686.0859809932969    9.324858814085592e-05    9.424333220113495e-05    0.00011094958583171343    9.948050205790144e-05
686.1859809532968    9.234748604563512e-05    9.334776077009286e-05    0.00011011391961606347    9.860305547726383e-05
686.2859809132968    9.147460578048518e-05    9.248050034540578e-05    0.00010930422295667565    9.775310969418887e-05
686.3859808732968    9.062865929595437e-05    9.164023902530485e-05    0.00010851930974653309    9.69294026892641e-05
686.4859808332968    8.987357952795751e-05    9.089206826417855e-05    0.0001078350784400305    9.620024207738885e-05
686.5859807932968    8.959988525681293e-05    9.063193797480017e-05    0.00010763090198252111    9.595424173804474e-05
