1.184855804340440045e+04 5.211994814600000300e-06 5.232795268700000196e-06 5.193780523900000361e-06 5.212856869066667235e-06
1.184865804340439900e+04 5.136775443801368193e-06 5.157633753201367164e-06 5.118913725201361697e-06 5.137774307401365120e-06
1.184875804340439754e+04 5.061180071301374482e-06 5.082103498901374130e-06 5.043634852701369629e-06 5.062306140968039696e-06
1.184885804340439608e+04 4.986355873702721974e-06 5.007351807202719441e-06 4.969095298002711442e-06 4.987600992969384850e-06
1.184895804340439463e+04 4.912405974304035317e-06 4.933480971304031436e-06 4.895400585104022071e-06 4.913762510237363224e-06
1.184905804340439317e+04 4.839486411305306187e-06 4.860646870405298992e-06 4.822709313305289110e-06 4.840947531671964198e-06
1.184915804340439172e+04 4.768130355006490210e-06 4.789382539706481086e-06 4.751557858106470960e-06 4.769690250939813803e-06
1.184925804340439026e+04 4.697929528606384868e-06 4.719279465306375432e-06 4.681539949706367832e-06 4.699582981206376891e-06
1.184935804340438881e+04 4.629806858507435642e-06 4.651260566407422996e-06 4.613581138807416524e-06 4.631549521240758105e-06
1.184945804340438735e+04 4.563525318908439612e-06 4.585088589408425259e-06 4.547446053508421311e-06 4.565353320608428445e-06
1.184955804340438590e+04 4.499179179609363990e-06 4.520857857909346732e-06 4.483231273709344310e-06 4.501089437076017497e-06
1.184965804340438444e+04 4.437273842910134826e-06 4.459073532210114489e-06 4.421443469510115172e-06 4.439263614876787880e-06
1.184975804340438299e+04 4.377774857509740611e-06 4.399701205109720010e-06 4.362050230409722761e-06 4.379842097676394461e-06
1.184985804340438153e+04 4.320554287710408716e-06 4.342612772310384950e-06 4.304924801010391118e-06 4.322697287010394928e-06
1.184995804340438008e+04 4.265762109610963565e-06 4.287957893810935689e-06 4.250217866610946011e-06 4.267979290010949268e-06
1.185005804340437862e+04 4.213319698111446720e-06 4.235658206611416508e-06 4.197852628411429919e-06 4.215610177711430484e-06
1.185015804340437717e+04 4.163475238111786532e-06 4.185961596511751316e-06 4.148078186811770544e-06 4.165838340478436130e-06
1.185025804340437571e+04 4.115967745311234053e-06 4.138607292811197785e-06 4.100634840611219326e-06 4.118403292911217620e-06
1.185035804340437426e+04 4.070819871211498020e-06 4.093617692311456857e-06 4.055545860411482133e-06 4.073327807978145388e-06
1.185045804340437280e+04 4.028330670411593336e-06 4.051291669211548836e-06 4.013110749011577760e-06 4.030911029544906362e-06
1.185055804340437135e+04 3.988340582911638305e-06 4.011469788011589673e-06 3.973171104511623705e-06 3.990993825144950561e-06
1.185065804340436989e+04 3.950302184511762468e-06 3.973604602911709760e-06 3.935180131911747173e-06 3.953028973111739800e-06
1.185075804340436844e+04 3.914615028611034805e-06 3.938095580310979775e-06 3.899538151511021442e-06 3.917416253477678674e-06
1.185085804340436698e+04 3.881292716410910771e-06 3.904956346110850912e-06 3.866259394610895856e-06 3.884169485710885282e-06
1.185095804340436553e+04 3.850175261110754579e-06 3.874026744310689266e-06 3.835184042210739745e-06 3.853128682544061197e-06
1.185105804340436407e+04 3.821053918310594758e-06 3.845097717810524044e-06 3.806103214810579489e-06 3.824084950310565673e-06
1.185115804340436262e+04 3.793713368810444078e-06 3.817954163810368675e-06 3.778802457910428759e-06 3.796823330177080222e-06
1.185125804340436116e+04 3.768641702909577102e-06 3.793084632209499937e-06 3.753771266309561864e-06 3.771832533809546019e-06
1.185135804340435971e+04 3.745443855609283201e-06 3.770093463909200316e-06 3.730613882209266768e-06 3.748717067242583852e-06
1.185145804340435825e+04 3.723893325709016413e-06 3.748754166408927574e-06 3.709104073608998946e-06 3.727250521908980978e-06
1.185155804340435679e+04 3.704364347208525540e-06 3.729441032008431373e-06 3.689616561108507507e-06 3.707807313441821332e-06
1.185165804340435534e+04 3.686556264408098090e-06 3.711853669107997498e-06 3.671851552808078708e-06 3.690087162108058381e-06
1.185175804340435388e+04 3.670115970307476279e-06 3.695638516907373656e-06 3.655455316107455969e-06 3.673736601107434878e-06
1.185185804340435243e+04 3.655451427306935591e-06 3.681203577006826835e-06 3.640836049406913937e-06 3.659163684573559070e-06
1.185195804340435097e+04 3.642512330206354913e-06 3.668498677006239535e-06 3.627943964306331424e-06 3.646318323839641957e-06
1.185205804340434952e+04 3.630856969905936372e-06 3.657082334405814515e-06 3.616337889805910888e-06 3.634759064705886835e-06
1.185215804340434806e+04 3.620489848405468657e-06 3.646958943105340212e-06 3.606022553205441319e-06 3.624490448238750063e-06
1.185225804340434661e+04 3.611750916004610102e-06 3.638468350204478563e-06 3.597337900604581310e-06 3.615852388937889992e-06
1.185235804340434515e+04 3.604503976503954944e-06 3.631474481603816702e-06 3.590147816303923431e-06 3.608708758137231269e-06
1.185245804340434370e+04 3.598234245203535394e-06 3.625462174103390177e-06 3.583937087403502002e-06 3.602544502236808909e-06
1.185255804340434224e+04 3.593183547302939951e-06 3.620673865702787339e-06 3.578948880902903680e-06 3.597602097969543516e-06
1.185265804340434079e+04 3.589615138502142277e-06 3.617372390501981675e-06 3.575445715002102784e-06 3.594144414668742669e-06
1.185275804340433933e+04 3.587262344101412431e-06 3.615291206801249549e-06 3.573161236701371165e-06 3.591904929201344240e-06
1.185285804340433788e+04 3.585858992500867680e-06 3.614164376300696700e-06 3.571829926500823237e-06 3.590617765100796437e-06
1.185295804340433642e+04 3.585788151700044719e-06 3.614374901299866156e-06 3.571834775699997225e-06 3.590665942899969225e-06
1.185305804340433497e+04 3.586684592699412801e-06 3.615557309499225751e-06 3.572810372099361466e-06 3.591684091432666814e-06
1.185315804340433351e+04 3.588683418898654770e-06 3.617847220998458815e-06 3.574892431698598505e-06 3.593807690531903606e-06
1.185325804340433206e+04 3.591840080497875570e-06 3.621299611197676658e-06 3.578135717397817029e-06 3.597091803031123227e-06
1.185335804340433060e+04 3.595900505597193152e-06 3.625660856096985441e-06 3.582287596897130174e-06 3.601282986197102923e-06
1.185345804340432915e+04 3.600869522696475266e-06 3.630935611096258036e-06 3.587352397596407080e-06 3.606385843796380692e-06
1.185355804340432769e+04 3.606712364495748565e-06 3.637089225895522685e-06 3.593295062095676239e-06 3.612365550828982779e-06
1.185365804340432624e+04 3.613766388394739025e-06 3.644459533594503268e-06 3.600454352694660707e-06 3.619560091561301000e-06
1.185375804340432478e+04 3.621923181393916611e-06 3.652937637893677195e-06 3.608721184993834812e-06 3.627860668093809398e-06
1.185385804340432333e+04 3.630887144293151531e-06 3.662227873692902231e-06 3.617799859293064004e-06 3.636971625759706346e-06
1.185395804340432187e+04 3.640503788592478263e-06 3.672175941992219097e-06 3.627536141192384602e-06 3.646738623925693705e-06
1.185405804340432041e+04 3.651088772791528577e-06 3.683097689591258564e-06 3.638246138991427955e-06 3.657477533791405173e-06
1.185415804340431896e+04 3.662767045490440649e-06 3.695118051490160960e-06 3.650055219690333841e-06 3.669313438890312099e-06
1.185425804340431750e+04 3.675325150489720733e-06 3.708023497489436296e-06 3.662749152489609283e-06 3.682032600156255720e-06
1.185435804340431605e+04 3.688627180488869357e-06 3.721678348488574216e-06 3.676193037488750819e-06 3.695499522155398554e-06
1.185445804340431459e+04 3.702761740687915753e-06 3.736171300387609458e-06 3.690475589787789699e-06 3.709802876954438303e-06
1.185455804340431314e+04 3.717827800986845740e-06 3.751601166186528088e-06 3.705695499786711311e-06 3.725041488986695188e-06
1.185465804340431168e+04 3.733885457185687857e-06 3.768028461285358175e-06 3.721913793085544665e-06 3.741275903852196899e-06
1.185475804340431023e+04 3.750619586185084571e-06 3.785137779584750374e-06 3.738814976484935895e-06 3.758190780751589998e-06
1.185485804340430877e+04 3.768046301584150234e-06 3.802945114983804212e-06 3.756414938383992564e-06 3.775802118317315670e-06
1.185495804340430732e+04 3.786554488282830187e-06 3.821839866582471490e-06 3.775103739482662435e-06 3.794499364782655127e-06
1.185505804340430586e+04 3.805901936281699959e-06 3.841579746781329234e-06 3.794638780581522547e-06 3.814040154548184055e-06
1.185515804340430441e+04 3.826097739380530444e-06 3.862173678280146481e-06 3.815029426680341646e-06 3.834433614780338677e-06
1.185525804340430295e+04 3.847138026379716039e-06 3.883617935679326264e-06 3.836271858879521104e-06 3.855675940312854752e-06
1.185535804340430150e+04 3.868793478178728584e-06 3.905683294778326189e-06 3.858137359878522302e-06 3.877538044278526539e-06
1.185545804340430004e+04 3.891291733577491703e-06 3.928597527277075478e-06 3.880853389277274314e-06 3.900247550043946883e-06
1.185555804340429859e+04 3.914671109076184784e-06 3.952399101675754914e-06 3.904459019375954037e-06 3.923843076709298194e-06
1.185565804340429713e+04 3.938974800474801739e-06 3.977131000274357585e-06 3.928997367574557981e-06 3.948367722774572435e-06
1.185575804340429568e+04 3.964308829973733030e-06 4.002899312973282655e-06 3.954574325973480718e-06 3.973927489640165750e-06
1.185585804340429422e+04 3.990314076172563869e-06 4.029345151572099286e-06 3.980831846772298143e-06 4.000163691505654048e-06
1.185595804340429277e+04 4.016987144971374620e-06 4.056464627570894857e-06 4.007765523071095247e-06 4.027072431871121292e-06
1.185605804340429131e+04 4.044662620169794461e-06 4.084592381669301748e-06 4.035710386769500999e-06 4.054988462869532685e-06
1.185615804340428986e+04 4.073287146968238483e-06 4.113675543867729356e-06 4.064613862167929052e-06 4.083858851001299246e-06
1.185625804340428840e+04 4.102577510567500488e-06 4.143431281366983245e-06 4.094193846067178637e-06 4.113400879333888304e-06
1.185635804340428695e+04 4.132749292665972797e-06 4.174074655565440707e-06 4.124665472865635254e-06 4.143829807032349304e-06
1.185645804340428549e+04 4.163845699764364776e-06 4.205648571363816877e-06 4.156071333364010705e-06 4.175188534830730504e-06
1.185655804340428404e+04 4.195942915762633588e-06 4.238229356362070699e-06 4.188488163562262323e-06 4.207553478562321639e-06
1.185665804340428258e+04 4.228994473660922278e-06 4.271771076860341550e-06 4.221870654260531064e-06 4.240878734927265246e-06
1.185675804340428112e+04 4.262994183459800254e-06 4.306266639159214630e-06 4.256211205859397826e-06 4.275157342826138134e-06
1.185685804340427967e+04 4.298034988357932031e-06 4.341809556557329915e-06 4.291604525857509816e-06 4.310483023590924486e-06
1.185695804340427821e+04 4.334019475756144567e-06 4.378302468855524588e-06 4.327953269055701415e-06 4.346758404555789908e-06
1.185705804340427676e+04 4.370726340854596714e-06 4.415523894853959956e-06 4.365036446654131353e-06 4.383762227454230470e-06
1.185715804340427530e+04 4.408221629152939418e-06 4.453539641452286711e-06 4.402920046752451445e-06 4.421560439119226140e-06
1.185725804340427385e+04 4.447467634450742118e-06 4.493311288050082629e-06 4.442565424350240897e-06 4.461114782283688266e-06
1.185735804340427239e+04 4.487232034549368576e-06 4.533607258148691507e-06 4.482741150048844010e-06 4.501193480915634415e-06
1.185745804340427094e+04 4.528042508647294246e-06 4.574955288146600061e-06 4.523977209146744252e-06 4.542325001980212853e-06
1.185755804340426948e+04 4.569777819745339831e-06 4.617233426344629271e-06 4.566150451444766356e-06 4.584387232511579051e-06
1.185765804340426803e+04 4.612749526042939683e-06 4.660753236642212441e-06 4.609573160042340561e-06 4.627691974242497561e-06
1.185775804340426657e+04 4.656767654041549310e-06 4.705324220040815823e-06 4.654054931240934427e-06 4.672048935107766802e-06
1.185785804340426512e+04 4.702074762539014478e-06 4.751189245138263078e-06 4.699839663138371168e-06 4.717701223605215677e-06
1.185795804340426366e+04 4.748075332037244248e-06 4.797751811536477465e-06 4.746330707536575349e-06 4.764052617036765687e-06
1.185805804340426221e+04 4.795742663334103629e-06 4.845985576733319665e-06 4.794502734633405702e-06 4.812076991566942999e-06
1.185815804340426075e+04 4.844417141231826111e-06 4.895231015331026098e-06 4.843696838931097222e-06 4.861114998497982861e-06
1.185825804340425930e+04 4.894402984629988290e-06 4.945790951629184584e-06 4.894215157229243017e-06 4.911469697829472246e-06
1.185835804340425784e+04 4.945527603827463722e-06 4.997492782326644153e-06 4.945886652226687845e-06 4.962969012793599138e-06
1.185845804340425639e+04 4.998112011324436597e-06 5.050656522123603521e-06 4.999031212623631448e-06 5.015933248690557189e-06
1.185855804340425493e+04 5.051639400222107958e-06 5.104765451921261785e-06 5.053133243821270808e-06 5.069846031988213799e-06
1.185865804340425348e+04 5.106354176819384669e-06 5.160063781518524515e-06 5.108437721518515467e-06 5.124951893285474601e-06
1.185875804340425202e+04 5.162978193516571873e-06 5.217271669415710685e-06 5.165664451515683241e-06 5.181971438149323062e-06
1.185885804340425057e+04 5.220816023413730119e-06 5.275693666412859792e-06 5.224119211912810991e-06 5.240209633913133634e-06
1.185895804340424911e+04 5.279767260810997699e-06 5.335228062610116682e-06 5.283700376310046675e-06 5.299565233243719787e-06
1.185905804340424766e+04 5.340458524907266993e-06 5.396500795906378134e-06 5.345034983106283175e-06 5.360664767973309434e-06
1.185915804340424620e+04 5.402853760303527855e-06 5.459474559002633985e-06 5.408085938302513970e-06 5.423471419202892784e-06
1.185925804340424475e+04 5.466555809201507861e-06 5.523751547700618273e-06 5.472456178000474102e-06 5.487587844967533694e-06
1.185935804340424329e+04 5.531560334298311461e-06 5.589325756397420070e-06 5.538141016497247401e-06 5.553009035730992695e-06
1.185945804340424183e+04 5.598902674193429337e-06 5.657231417892537840e-06 5.606175003792334798e-06 5.620769698626100094e-06
1.185955804340424038e+04 5.667537556290135699e-06 5.726421728889246498e-06 5.675511874489011389e-06 5.689823719889465376e-06
1.185965804340423892e+04 5.738032414685875617e-06 5.797462444684992691e-06 5.746717774684724351e-06 5.760737544685197553e-06
1.185975804340423747e+04 5.809883415383680232e-06 5.869847350282815968e-06 5.819287017082517252e-06 5.833005927583005048e-06
1.185985804340423601e+04 5.884215525678312260e-06 5.944699463077460612e-06 5.894343864977124846e-06 5.907752951244299240e-06
1.185995804340423456e+04 5.959997435774559768e-06 6.020985622973725543e-06 5.970856074273350645e-06 5.983946377673878652e-06
1.186005804340423310e+04 6.037719355069935096e-06 6.099193208569121345e-06 6.049310534968709370e-06 6.062074366202588603e-06
1.186015804340423165e+04 6.117979501864227489e-06 6.179916901763442773e-06 6.130303205062987985e-06 6.142733202896884671e-06
1.186025804340423019e+04 6.199749375761672541e-06 6.262125988560930182e-06 6.212804861560434900e-06 6.224893408627680337e-06
1.186035804340422874e+04 6.283602007056624622e-06 6.346389964755921360e-06 6.297384302855382219e-06 6.309125424889308553e-06
1.186045804340422728e+04 6.370115570750501418e-06 6.433282048949847484e-06 6.384615854449260294e-06 6.396004491383203348e-06
1.186055804340422583e+04 6.458738798745243321e-06 6.522248022344644921e-06 6.473945434444010680e-06 6.484977418511300205e-06
1.186065804340422437e+04 6.549578142239720970e-06 6.613389342339188154e-06 6.565475471538502606e-06 6.576147652039137243e-06
1.186075804340422292e+04 6.643192611234825239e-06 6.707258743434374676e-06 6.659757869933646002e-06 6.670069741534282255e-06
1.186085804340422146e+04 6.739052991029119121e-06 6.803321164628757483e-06 6.756259459627975417e-06 6.766211205095284007e-06
1.186095804340422001e+04 6.837364192822961629e-06 6.901775937322702603e-06 6.855179428821864576e-06 6.864773186322509320e-06
1.186105804340421855e+04 6.939011118415105292e-06 7.003498503614967223e-06 6.957391584914076922e-06 6.966633735648050095e-06
1.186115804340421710e+04 7.043054944408852209e-06 7.107544346408849104e-06 7.061952122807904331e-06 7.070850471208534368e-06
1.186125804340421564e+04 7.149649188504167814e-06 7.214056801604317763e-06 7.169004066403326197e-06 7.177570018837270874e-06
1.186135804340421419e+04 7.259798635395631894e-06 7.324030056595959110e-06 7.279542175994911059e-06 7.287790289328833174e-06
1.186145804340421273e+04 7.372673273688523096e-06 7.436621494089053149e-06 7.392720089887954689e-06 7.400671619221843644e-06
1.186155804340421128e+04 7.489423777579136743e-06 7.552970896679896224e-06 7.509677497878745301e-06 7.517357390712593603e-06
1.186165804340420982e+04 7.609410802870831556e-06 7.672423821071852455e-06 7.629759597670651112e-06 7.637198073871110296e-06
1.186175804340420837e+04 7.732746842864434366e-06 7.795076189565741819e-06 7.753058359264506974e-06 7.760293797231560488e-06
1.186185804340420691e+04 7.859836351554955606e-06 7.921314665556597226e-06 7.879957594155323033e-06 7.887036203755623030e-06
1.186195804340420545e+04 7.990966528344778771e-06 8.051405496646802125e-06 8.010721512445492234e-06 8.017697845812357145e-06
1.186205804340420400e+04 8.126099527334529400e-06 8.185290233836982736e-06 8.145286931335644315e-06 8.152225564169052150e-06
1.186215804340420254e+04 8.265292809624021821e-06 8.322997956826967133e-06 8.283677436025614152e-06 8.290656067492201600e-06
1.186225804340420109e+04 8.409571993913937823e-06 8.465525612517410751e-06 8.426883835716064361e-06 8.433993814049138774e-06
1.186235804340419963e+04 8.557659414003694525e-06 8.611565455207791160e-06 8.573591489106453724e-06 8.580938786105979238e-06
1.186245804340419818e+04 8.710911512190572400e-06 8.762436198095379693e-06 8.725110012294071216e-06 8.732819240860009464e-06
1.186255804340419672e+04 8.868656320178631888e-06 8.917423781884248324e-06 8.880715570182988651e-06 8.888931890748622954e-06
1.186265804340419527e+04 9.032682485562849823e-06 9.078271753469384467e-06 9.042138905668201628e-06 9.051031048233479769e-06
1.186275804340419381e+04 9.201922712752134081e-06 9.243858993059641632e-06 9.208244225058578265e-06 9.218008643623450761e-06
1.186285804340419236e+04 9.377116098736710428e-06 9.414871065245381868e-06 9.379701408744458297e-06 9.390562857575516300e-06
1.186295804340419090e+04 9.558500972620570827e-06 9.591477357030568900e-06 9.556662129529825534e-06 9.568880153060321754e-06
1.186305804340418945e+04 9.746516900603282790e-06 9.774050496814766221e-06 9.739473271114263699e-06 9.753346889510771468e-06
1.186315804340418799e+04 9.941898938384185146e-06 9.963240985797361748e-06 9.928760275197156786e-06 9.944633399792900097e-06
1.186325804340418654e+04 1.014393681457001962e-05 1.015825645258496414e-05 1.012370006858512441e-05 1.014196444524670442e-05
1.186335804340418508e+04 1.035395988754920532e-05 1.036033150956626566e-05 1.032549345756686997e-05 1.034659495156077919e-05
1.186345804340418363e+04 1.057239978952716511e-05 1.056980212954657977e-05 1.053443612054772374e-05 1.055887934654048841e-05
1.186355804340418217e+04 1.079989536250342603e-05 1.078719965652546732e-05 1.075101319852725840e-05 1.077936940585205115e-05
1.186365804340418072e+04 1.103670733747878153e-05 1.101267996250372412e-05 1.097533108550628152e-05 1.100823946182959572e-05
1.186375804340417926e+04 1.128291275645810772e-05 1.124623308748595493e-05 1.120732833748938009e-05 1.124549139381114645e-05
1.186385804340417781e+04 1.154024622142893316e-05 1.148950861746013126e-05 1.144858281946461663e-05 1.149277921945122758e-05
1.186395804340417635e+04 1.180802118840089186e-05 1.174176424143561311e-05 1.169831354144126284e-05 1.174936632375925707e-05
1.186405804340417490e+04 1.208793179936864798e-05 1.200468965640695971e-05 1.195813904141395132e-05 1.201692016572985300e-05
1.186415804340417344e+04 1.238002625033585384e-05 1.227834555337777860e-05 1.222802684338634669e-05 1.229546621569999248e-05
1.186425804340417199e+04 1.268430628530814686e-05 1.256292152335294917e-05 1.250817406636301936e-05 1.258513395834137349e-05
1.186435804340417053e+04 1.300121020827367963e-05 1.285915347032105814e-05 1.279920749333297306e-05 1.288652372397590305e-05
1.186445804340416908e+04 1.333165653023663078e-05 1.316843399728552588e-05 1.310246912729943022e-05 1.320085321827386229e-05
1.186455804340416762e+04 1.367450620820174099e-05 1.349013987025097059e-05 1.341755165426639127e-05 1.352739924423969982e-05
1.186465804340416616e+04 1.403043154416482290e-05 1.382587040621221104e-05 1.374601724922925664e-05 1.386743973320209742e-05
1.186475804340416471e+04 1.439730363313913717e-05 1.417435681118227843e-05 1.408703664719980028e-05 1.421956569717373806e-05
1.186485804340416325e+04 1.477543407610583970e-05 1.453722196014193684e-05 1.444237041815974622e-05 1.458500881813584092e-05
1.186495804340416180e+04 1.516314713407612774e-05 1.491374680010278700e-05 1.481209622711898865e-05 1.496299672043263616e-05
1.186505804340416034e+04 1.555818890205147773e-05 1.530258269806637980e-05 1.519582974507862929e-05 1.535220044839882725e-05
1.186515804340415889e+04 1.596044812402683504e-05 1.570450726902763969e-05 1.559500531903429139e-05 1.575332023736292317e-05
1.186525804340415743e+04 1.636678987701695523e-05 1.611631205200373993e-05 1.600806897800069288e-05 1.616372363567379375e-05
1.186535804340415598e+04 1.677673137900078884e-05 1.653738197997366375e-05 1.643583137195735202e-05 1.658331491031060379e-05
1.186545804340415452e+04 1.718938539998667161e-05 1.696575715994806574e-05 1.687805462891405991e-05 1.701106572961626914e-05
1.186555804340415307e+04 1.760420659697380471e-05 1.739996302392584986e-05 1.733438234587112364e-05 1.744618398892359274e-05
1.186565804340415161e+04 1.802128330196063873e-05 1.783894646790604711e-05 1.780441152582867725e-05 1.788821376523178544e-05
1.186575804340415016e+04 1.844128084695335773e-05 1.828211010189562718e-05 1.828813066679456215e-05 1.833717387188118461e-05
1.186585804340414870e+04 1.886503527593628901e-05 1.872978944287622958e-05 1.878532910275193090e-05 1.879338460718814983e-05
1.186595804340414725e+04 1.929525223991223988e-05 1.918414926385119900e-05 1.929707016870611680e-05 1.925882389082318749e-05
1.186605804340414579e+04 1.973437739288173043e-05 1.964763237281970073e-05 1.982410652065785619e-05 1.973537209545309578e-05
1.186615804340414434e+04 2.018508486184403711e-05 2.012288058978109467e-05 2.036778494560558786e-05 2.022525013241023762e-05
1.186625804340414288e+04 2.065230163680169555e-05 2.061510884673754324e-05 2.093139916255445693e-05 2.073293654869789857e-05
1.186635804340414143e+04 2.113805200874532258e-05 2.112625767067971899e-05 2.151579856349051750e-05 2.126003608097185528e-05
1.186645804340413997e+04 2.164791205767377478e-05 2.166198717360648515e-05 2.212605705741262213e-05 2.181198542956429176e-05
1.186655804340413852e+04 2.218649715458925937e-05 2.222675135252068733e-05 2.276633677632288518e-05 2.239319509447760837e-05
1.186665804340413706e+04 2.275523942049992022e-05 2.282153076943124826e-05 2.343805934022830968e-05 2.300494317671982944e-05
1.186675804340413561e+04 2.335689869541310556e-05 2.344877132834563267e-05 2.414399340413807632e-05 2.364988780929893705e-05
1.186685804340413415e+04 2.399874692029542586e-05 2.411597782522808430e-05 2.489264250101179347e-05 2.433578908217843342e-05
1.186695804340413270e+04 2.467632645918820978e-05 2.481775234612351385e-05 2.567922657989674413e-05 2.505776846173615705e-05
1.186705804340413124e+04 2.540283475204416512e-05 2.556764260498121458e-05 2.651856709374040806e-05 2.582968148358859818e-05
1.186715804340412978e+04 2.617519909090666619e-05 2.636262834584535543e-05 2.740857237258782200e-05 2.664879993644661115e-05
1.186725804340412833e+04 2.700245388675789716e-05 2.721150365869929832e-05 2.835893767242422876e-05 2.752429840596047701e-05
1.186735804340412687e+04 2.788484462459241009e-05 2.811485945953521001e-05 2.937188404223619204e-05 2.845719604212126958e-05
1.186745804340412542e+04 2.883097682940128216e-05 2.908239240134250230e-05 3.045865405301499709e-05 2.945734109458626051e-05
1.186755804340412396e+04 2.987747253510658282e-05 3.015616118503117708e-05 3.166600815266183222e-05 3.056654729093319963e-05
1.186765804340412251e+04 3.084616893630406231e-05 3.112919525929199756e-05 3.276525713094073476e-05 3.158020710884560273e-05
1.186775804340412105e+04 3.188428396711087470e-05 3.216476578011795261e-05 3.393875906573407545e-05 3.266260293765429866e-05
1.186785804340411960e+04 3.304353377975265940e-05 3.332794610474165041e-05 3.525765815630544752e-05 3.387637934693325245e-05
1.186795804340411814e+04 3.432922529037507630e-05 3.461751400736414862e-05 3.671398347289398282e-05 3.522024092354439806e-05
1.186805804340411669e+04 3.556609913349021947e-05 3.585328525449334283e-05 3.814136225694963648e-05 3.652024888164440185e-05
1.186815804340411523e+04 3.689308712521036722e-05 3.718046844820981507e-05 3.968590367158908016e-05 3.791981974833642533e-05
1.186825804340411378e+04 3.835221046083302091e-05 3.863802535583749092e-05 4.137635232717239272e-05 3.945552938128096593e-05
1.186835804340411232e+04 3.992066786349224945e-05 4.020268450550316096e-05 4.319508098277296653e-05 4.110614445058945898e-05
1.186845804340411087e+04 4.160194265513743024e-05 4.187838630515355030e-05 4.514850663135031825e-05 4.287627853054709734e-05
1.186855804340410941e+04 4.340185656776156476e-05 4.367033273978474764e-05 4.724400131990131137e-05 4.477206354248253900e-05
1.186865804340410796e+04 4.532962662235437982e-05 4.558778071638460962e-05 4.949275090741437336e-05 4.680338608205112093e-05
1.186875804340410650e+04 4.739126054296235476e-05 4.763695140899885483e-05 5.190344902794009581e-05 4.897722032663376395e-05
1.186885804340410505e+04 4.959854187949566966e-05 4.982956824753888097e-05 5.448897389238107096e-05 5.130569467313853601e-05
1.186895804340410359e+04 5.195582040801077951e-05 5.217028606505988165e-05 5.725637573279478712e-05 5.379416073528848276e-05
1.186905804340410214e+04 5.442976353961987329e-05 5.462440177567902161e-05 6.017704098128723512e-05 5.641040209886203656e-05
1.186915804340410068e+04 5.731615640933697083e-05 5.749401615838733374e-05 6.354334946089659254e-05 5.945117400954030130e-05
1.186925804340409923e+04 6.036753699184179420e-05 6.052386232790642461e-05 6.708534795436929586e-05 6.265891575803917834e-05
1.186935804340409777e+04 6.351175950050595297e-05 6.363305604961172121e-05 7.073995582696483318e-05 6.596159045902749794e-05
1.186945804340409632e+04 6.721966192973645427e-05 6.734827322471423567e-05 7.508209186680983777e-05 6.988334234042018042e-05
1.186955804340409486e+04 7.114248427501223973e-05 7.128025483998424745e-05 7.964016517007096942e-05 7.402096809502249457e-05
1.186965804340409341e+04 7.528304887127152214e-05 7.541983377627456203e-05 8.442215607029972225e-05 7.837501290594860214e-05
1.186975804340409195e+04 7.972814364633536578e-05 7.986522258933447839e-05 8.952531206831242897e-05 8.303955943466074868e-05
1.186985804340409049e+04 8.451308505020361020e-05 8.465418517819117391e-05 9.497941378113438325e-05 8.804889466984304675e-05
1.186995804340408904e+04 8.966950794296108711e-05 8.981961844993305852e-05 1.008085377418686671e-04 9.343255471158759973e-05
1.187005804340408758e+04 9.521735565964265337e-05 9.538357021659227817e-05 1.070236903105548884e-04 9.920820539559659763e-05
1.187015804340408613e+04 1.011872542812136037e-04 1.013783369311353533e-04 1.136447114391646312e-04 1.054034342171712051e-04
1.187025804340408467e+04 1.076077038497958040e-04 1.078348549896822952e-04 1.206880900778355381e-04 1.120435496391045322e-04
1.187035804340408322e+04 1.144873260282257147e-04 1.147642365580682196e-04 1.281505876863808671e-04 1.191340500908916276e-04
1.187045804340408176e+04 1.218538090565507860e-04 1.221972759263389020e-04 1.360466183648651091e-04 1.266992344492515990e-04
1.187055804340408031e+04 1.297074294748572448e-04 1.301382623145775502e-04 1.443660783433658860e-04 1.347372567109335513e-04
1.187065804340407885e+04 1.380545998931253582e-04 1.385981869227623199e-04 1.531060037118608366e-04 1.432529301759161806e-04
1.187075804340407740e+04 1.468852105915688692e-04 1.475729195011048439e-04 1.622501309605594677e-04 1.522360870177443936e-04
1.187085804340407594e+04 1.561771870799144319e-04 1.570475469493230476e-04 1.717746761091614133e-04 1.616664700461329643e-04
1.187095804340407449e+04 1.659083249183154903e-04 1.670088160175661925e-04 1.816620078978069437e-04 1.715263829445628574e-04
1.187105804340407303e+04 1.760255828468742622e-04 1.774150028759282770e-04 1.918695228665787307e-04 1.817700361964603962e-04
1.187115804340407158e+04 1.864680308656195941e-04 1.882175744244339534e-04 2.023520946754874916e-04 1.923458999885136616e-04
1.187125804340407012e+04 1.971735853847533435e-04 1.993688888832857492e-04 2.130707403347102485e-04 2.032044048675831047e-04
1.187135804340406867e+04 2.080658355539405520e-04 2.108087394421276914e-04 2.239771423838936705e-04 2.142839057933206199e-04
1.187145804340406721e+04 2.190540037234231475e-04 2.224631373412054125e-04 2.350094276232762792e-04 2.255088562293016221e-04
1.187155804340406576e+04 2.300504398231955857e-04 2.342611327905128103e-04 2.461103404228459049e-04 2.368073043455180913e-04
1.187165804340406430e+04 2.409751203332370433e-04 2.461377909300334951e-04 2.572224577826062947e-04 2.481117896819589534e-04
1.187175804340406285e+04 2.517320095838016967e-04 2.580090626700516730e-04 2.682662916128360610e-04 2.593357879555631255e-04
1.187185804340406139e+04 2.622604153243790004e-04 2.698218649400334996e-04 2.791846248930597444e-04 2.704223017191574509e-04
1.187195804340405994e+04 2.724826438652289801e-04 2.815014302702718591e-04 2.898877226235932990e-04 2.812905989196980280e-04
1.187205804340405848e+04 2.823472245862661007e-04 2.929912675707081987e-04 3.002948063944108764e-04 2.918777661837950767e-04
1.187215804340405703e+04 2.917962393875153269e-04 3.042232518813856534e-04 3.103019321455965734e-04 3.021071411381658512e-04
1.187225804340405557e+04 3.007929581390702840e-04 3.151418232324631119e-04 3.198088211673163670e-04 3.119145341796166057e-04
1.187235804340405411e+04 3.092920566206263928e-04 3.256785000535844044e-04 3.286953337692874867e-04 3.212219634811661127e-04
1.187245804340405266e+04 3.172585776523221385e-04 3.357683648249450625e-04 3.368425668216943020e-04 3.299565030996538524e-04
1.187255804340405120e+04 3.246555683041663413e-04 3.453393257365738444e-04 3.441275730045573840e-04 3.380408223484325232e-04
1.187265804340404975e+04 3.314318636162108035e-04 3.543014885285369680e-04 3.504173951779186572e-04 3.453835824408887554e-04
1.187275804340404829e+04 3.375541979985065884e-04 3.625774253709460894e-04 3.556089541117742211e-04 3.519135258270756511e-04
1.187285804340404684e+04 3.429587951209280613e-04 3.700579844336023146e-04 3.595862529359647171e-04 3.575343441634983282e-04
1.187295804340404538e+04 3.475970268535480303e-04 3.766444173366377221e-04 3.622719529504737413e-04 3.621711323802198493e-04
1.187305804340404393e+04 3.514024633364327597e-04 3.822189006601257768e-04 3.636002321952643739e-04 3.657405320639409521e-04
1.187315804340404247e+04 3.543155622695612177e-04 3.866681184340566208e-04 3.635417209802096648e-04 3.681751338946091497e-04
1.187325804340404102e+04 3.562751632829779316e-04 3.898778391984982438e-04 3.620979037951738188e-04 3.694169687588832953e-04
1.187335804340403956e+04 3.572255743065770356e-04 3.917418137632867111e-04 3.593050529400587255e-04 3.694241470033074546e-04
1.187345804340403811e+04 3.571251528703634696e-04 3.921729780884392730e-04 3.552356205247305266e-04 3.681779171611777564e-04
1.187355804340403665e+04 3.559311298543438350e-04 3.910896336039411869e-04 3.499795250491215758e-04 3.656667628358021812e-04
1.187365804340403520e+04 3.536382060883833155e-04 3.884599450096145766e-04 3.436719084830617112e-04 3.619233531936864802e-04
1.187375804340403374e+04 3.502540448623730780e-04 3.842789910252862986e-04 3.364594724563698693e-04 3.569975027813430458e-04
1.187385804340403229e+04 3.458090998763323383e-04 3.785800673109399137e-04 3.285007528892432073e-04 3.509633066921718559e-04
1.187395804340403083e+04 3.403588231401254204e-04 3.714387418063696709e-04 3.199601700215365017e-04 3.439192449893438462e-04
1.187405804340402938e+04 3.339979210836036428e-04 3.629847889013703972e-04 3.110156177231908933e-04 3.359994425693883834e-04
1.187415804340402792e+04 3.268261306767430855e-04 3.533672000458632769e-04 3.018182540842962759e-04 3.273371949356341766e-04
1.187425804340402647e+04 3.189797498092586240e-04 3.427812062094743651e-04 2.925252463446529239e-04 3.180954007877952682e-04
1.187435804340402501e+04 3.105940916514221030e-04 3.314275975025433429e-04 2.832603454747166733e-04 3.084273448762274092e-04
1.187445804340402356e+04 3.018236673430233440e-04 3.195265948248109241e-04 2.741386060843461732e-04 2.984962894173935166e-04
1.187455804340402210e+04 2.928299583440277087e-04 3.073050613162401300e-04 2.652577917836005696e-04 2.884642704812894875e-04
1.187465804340402065e+04 2.837509633245155201e-04 2.949591471069353227e-04 2.566743390626316252e-04 2.784614831646941560e-04
1.187475804340401919e+04 2.747326354942848789e-04 2.826862640166576406e-04 2.484392383013072736e-04 2.686193792707499491e-04
1.187485804340401774e+04 2.658904135737762088e-04 2.706455092359941607e-04 2.405669493000711959e-04 2.590342907032805670e-04
1.187495804340401628e+04 2.573406250328146754e-04 2.589869178547464751e-04 2.330721690187654758e-04 2.497999039687755240e-04
1.187505804340401482e+04 2.491598335515472209e-04 2.478130263630893854e-04 2.259331151775300229e-04 2.409686583640555612e-04
1.187515804340401337e+04 2.414130509100145133e-04 2.372069351610927473e-04 2.191268706663704238e-04 2.325822855791592281e-04
1.187525804340401191e+04 2.341467233381530101e-04 2.272275075686647629e-04 2.126261082051868559e-04 2.246667797040014978e-04
1.187535804340401046e+04 2.273844078063232328e-04 2.179051030762887238e-04 2.063984111642421643e-04 2.172293073489513465e-04
1.187545804340400900e+04 2.211372097044317104e-04 2.092549639938292053e-04 2.004200357133803956e-04 2.102707364705470947e-04
1.187555804340400755e+04 2.154015546925354949e-04 2.012741605513566987e-04 1.946736358925776867e-04 2.037831170454899963e-04
1.187565804340400609e+04 2.101570158707012788e-04 1.939424594289397509e-04 1.891449852618227339e-04 1.977481535204879122e-04
1.187575804340400464e+04 2.053944994387986325e-04 1.872517868664094461e-04 1.838494630209025244e-04 1.921652497753702010e-04
1.187585804340400318e+04 2.010719049771407920e-04 1.811618221741491516e-04 1.787828803500909999e-04 1.870055358337936388e-04
1.187595804340400173e+04 1.971616872655767021e-04 1.756487103519619407e-04 1.739635650091981612e-04 1.822579875422456104e-04
1.187605804340400027e+04 1.936285209341389484e-04 1.706846601498650240e-04 1.694080543982301305e-04 1.779070784940780072e-04
1.187615804340399882e+04 1.904317241828510222e-04 1.662394821378694696e-04 1.651276680772070197e-04 1.739329581326424677e-04
1.187625804340399736e+04 1.875228393916936014e-04 1.622796783459182917e-04 1.611263035660853704e-04 1.703096071012324031e-04
1.187635804340399591e+04 1.848421753008249390e-04 1.587649601641929857e-04 1.573946713450689102e-04 1.670006022700289540e-04
1.187645804340399445e+04 1.823300186701901744e-04 1.556599431825950088e-04 1.539224911740843637e-04 1.639708176756232184e-04
1.187655804340399300e+04 1.799118648298528517e-04 1.529186361611695481e-04 1.506832147531985756e-04 1.611712385814069828e-04
1.187665804340399154e+04 1.775074148398407623e-04 1.504891637199431628e-04 1.476406012824525824e-04 1.585457266140788358e-04
1.187675804340399009e+04 1.750423908800886679e-04 1.483216893988708945e-04 1.447596341117909902e-04 1.560412381302501842e-04
1.187685804340398863e+04 1.724268278907523642e-04 1.463408421981430782e-04 1.419811986614219024e-04 1.535829562501057996e-04
1.187695804340398718e+04 1.696030682116595964e-04 1.444884698176486417e-04 1.392674623912053147e-04 1.511196668068378419e-04
1.187705804340398572e+04 1.665116797428209145e-04 1.426836524674851266e-04 1.365638724012125770e-04 1.485864015371728727e-04
1.187715804340398427e+04 1.631286967640917501e-04 1.408602863875952282e-04 1.338371693813580465e-04 1.459420508443483235e-04
1.187725804340398281e+04 1.594303328254054837e-04 1.389333661980265663e-04 1.310400737116512769e-04 1.431345909116944152e-04
1.187735804340398136e+04 1.554319073967281055e-04 1.368439937687412520e-04 1.281533209120772304e-04 1.401430740258488897e-04
1.187745804340397990e+04 1.511528111579801869e-04 1.345320360697145222e-04 1.251541745526020153e-04 1.369463405934322143e-04
1.187755804340397844e+04 1.466168047791421923e-04 1.319448885009179089e-04 1.220210014032221729e-04 1.335275648944274428e-04
1.187765804340397699e+04 1.418644403701416743e-04 1.290572413422385603e-04 1.187493306338661492e-04 1.298903374487487856e-04
1.187775804340397553e+04 1.369327671809016339e-04 1.258548046235727174e-04 1.153337119744762303e-04 1.260404279263168650e-04
1.187785804340397408e+04 1.318517113416271716e-04 1.223340426249859092e-04 1.117679074251776172e-04 1.219845537972635705e-04
1.187795804340397262e+04 1.266532818822213493e-04 1.185096863963476917e-04 1.080532920758785827e-04 1.177387534514825367e-04
1.187805804340397117e+04 1.213755545426562974e-04 1.144167650875701586e-04 1.042035605965261822e-04 1.133319600755842082e-04
1.187815804340396971e+04 1.160414090629955221e-04 1.100853590286727184e-04 1.002229806271603019e-04 1.087832495729428565e-04
1.187825804340396826e+04 1.106947691230493957e-04 1.055742694994473379e-04 9.614354399258648201e-05 1.041375275383610673e-04
1.187835804340396680e+04 1.053615896230883738e-04 1.009283253801132000e-04 9.198405443300724735e-05 9.942465647873628275e-05
1.187845804340396535e+04 1.000814346429548666e-04 9.620837147151946312e-05 8.778147824327021335e-05 9.469042811924818553e-05
1.187855804340396389e+04 9.487066918074798258e-05 9.146934203168857671e-05 8.356509576640693395e-05 8.996836899294782656e-05
1.187865804340396244e+04 8.977799427032509354e-05 8.676204127163570658e-05 7.936706845640317180e-05 8.530236799945465731e-05
1.187875804340396098e+04 8.489337171741303699e-05 8.217036182212883878e-05 7.527165865995331159e-05 8.077846406649838223e-05
1.187885804340395953e+04 8.021423007859737023e-05 7.772658998756128200e-05 7.129967728148448622e-05 7.641349911588104615e-05
1.187895804340395807e+04 7.576281272667591336e-05 7.346653747183004026e-05 6.748287598687081142e-05 7.223740872845892168e-05
1.187905804340395662e+04 7.155553307567331348e-05 6.941702170397310797e-05 6.384621522114072563e-05 6.827292333359571118e-05
1.187915804340395516e+04 6.760151476562116643e-05 6.559534035503141499e-05 6.040660941332868990e-05 6.453448817799375937e-05
1.187925804340395371e+04 6.390297761548262517e-05 6.201001118197809760e-05 5.717322257240966345e-05 6.102873712329013326e-05
1.187935804340395225e+04 6.045624191342315702e-05 5.866210664298091292e-05 5.414845418053497526e-05 5.775560091231301732e-05
1.187945804340395080e+04 5.725301529139178514e-05 5.554685242799653635e-05 5.132926748666633709e-05 5.470971173535155738e-05
1.187955804340394934e+04 5.428171741840380195e-05 5.265522907904437902e-05 4.870859152082211279e-05 5.188184600609010695e-05
1.187965804340394789e+04 5.152867959946928880e-05 4.997540554513768205e-05 4.627661412901511357e-05 4.926023309120735921e-05
1.187975804340394643e+04 4.897913690954760254e-05 4.749392079623934683e-05 4.402186936221237732e-05 4.683164235599977104e-05
1.187985804340394498e+04 4.661799127473724582e-05 4.519659495744702974e-05 4.193208896050322075e-05 4.458222506422916318e-05
1.187995804340394352e+04 4.443036112498797909e-05 4.306919118271300911e-05 3.999482945984487444e-05 4.249812725584862540e-05
1.188005804340394207e+04 4.240195112029793417e-05 4.109786830803625451e-05 3.819790734223682657e-05 4.056590892352367401e-05
1.188015804340394061e+04 4.051928042266413022e-05 3.926946903441436848e-05 3.652968133767725176e-05 3.877281026491858349e-05
1.188025804340393915e+04 3.876980562305115398e-05 3.757168534581327305e-05 3.497921945113528807e-05 3.710690347333324288e-05
1.188035804340393770e+04 3.714196886752099062e-05 3.599313622629326577e-05 3.353638286966624738e-05 3.555716265449350351e-05
1.188045804340393624e+04 3.562519529203543746e-05 3.452338535781732646e-05 3.219185246423649963e-05 3.411347770469641441e-05
1.188055804340393479e+04 3.420985792859067493e-05 3.315291967738173229e-05 3.093711736384281155e-05 3.276663165660508422e-05
1.188065804340393333e+04 3.288722319818305871e-05 3.187310387598288645e-05 2.976443987048203374e-05 3.150825564821599297e-05
1.188075804340393188e+04 3.164938619278664760e-05 3.067612150759565419e-05 2.866680677913121625e-05 3.033077149317117607e-05
1.188085804340393042e+04 3.048920195544473362e-05 2.955490992826183668e-05 2.763787402282877527e-05 2.922732863551178185e-05
1.188095804340392897e+04 2.940021680613040785e-05 2.850309383795529761e-05 2.667190923855083676e-05 2.819173996087884741e-05
1.188105804340392751e+04 2.837660223784105532e-05 2.751492044267343949e-05 2.576373517029509423e-05 2.721841928360319409e-05
1.188115804340392606e+04 2.741309283757432171e-05 2.658519803841391524e-05 2.490867571405944969e-05 2.630232219668256560e-05
1.188125804340392460e+04 2.650492894831156296e-05 2.570923896815867062e-05 2.410250556382734113e-05 2.543889116009919157e-05
1.188135804340392315e+04 2.564780437808484464e-05 2.488280738593856927e-05 2.334140395262722343e-05 2.462400523888354578e-05
1.188145804340392169e+04 2.483781907487492063e-05 2.410207188573499547e-05 2.262191258144200635e-05 2.385393451401730748e-05
1.188155804340392024e+04 2.407143659468026996e-05 2.336356285354641762e-05 2.194089767227032156e-05 2.312529904016566971e-05
1.188165804340391878e+04 2.334544602049950951e-05 2.266413425237147279e-05 2.129551591311095040e-05 2.243503206199397757e-05
1.188175804340391733e+04 2.265692798231887819e-05 2.200092952219686302e-05 2.068318401695163480e-05 2.178034717382246093e-05
1.188185804340391587e+04 2.200322438453856391e-05 2.137135120000911329e-05 2.010155159198215524e-05 2.115870905884327635e-05
1.188195804340391442e+04 2.138191148615381415e-05 2.077303391674238604e-05 1.954847698599802161e-05 2.056780746296474173e-05
1.188205804340391296e+04 2.079077597098927257e-05 2.020382041569042381e-05 1.902200582620825820e-05 2.000553407096265153e-05
1.188215804340391151e+04 2.022779367204723355e-05 1.966174024685495676e-05 1.852035194361492941e-05 1.946996195417237437e-05
1.188225804340391005e+04 1.969111066629864663e-05 1.914499085320758685e-05 1.804188041919219709e-05 1.895932731289947347e-05
1.188235804340390860e+04 1.917902645972752003e-05 1.865192077373257080e-05 1.758509252292586987e-05 1.847201325212865131e-05
1.188245804340390714e+04 1.868997901931941698e-05 1.818101470941570680e-05 1.714861231580313918e-05 1.800653534817942212e-05
1.188255804340390569e+04 1.822253144305277888e-05 1.773088023623598658e-05 1.673117472880485644e-05 1.756152880269787510e-05
1.188265804340390423e+04 1.777536007693317674e-05 1.730023598319856205e-05 1.633161494093607308e-05 1.713573700035593729e-05
1.188275804340390278e+04 1.734724390494101520e-05 1.688790108628439432e-05 1.594885890717938549e-05 1.672800129946826387e-05
1.188285804340390132e+04 1.693705506306657441e-05 1.649278577948397521e-05 1.558191490052621085e-05 1.633725191435892016e-05
1.188295804340389986e+04 1.654375035930102781e-05 1.611388299278867844e-05 1.522986595696874929e-05 1.596249976968615298e-05
1.188305804340389841e+04 1.616636367062947302e-05 1.575026082618405919e-05 1.489186310649376715e-05 1.560282920110242860e-05
1.188315804340389695e+04 1.580399911805858523e-05 1.540105581267645833e-05 1.456711930810733685e-05 1.525739141294746353e-05
1.188325804340389550e+04 1.545582494357452790e-05 1.506546687525249059e-05 1.425490400779716761e-05 1.492539860887472870e-05
1.188335804340389404e+04 1.512106799317118218e-05 1.474274989190620427e-05 1.395453824455787729e-05 1.460611870987842294e-05
1.188345804340389259e+04 1.479900874984295742e-05 1.443221281163217252e-05 1.366539025038454412e-05 1.429887060395322525e-05
1.188355804340389113e+04 1.448897685257908762e-05 1.413321125441998520e-05 1.338687148126759284e-05 1.400301986275555579e-05
