38949.018622062    4.5694168808e-05    4.56941688e-05    4.5737262829e-05    4.5708533479e-05
38949.118622052    4.608712887971513e-05    4.6087128871715126e-05    4.613046668969075e-05    4.6101574813707e-05
38949.218622042004    4.648457572253315e-05    4.648457571353315e-05    4.6528160469483776e-05    4.649910396851668e-05
38949.318622032006    4.688630294051598e-05    4.6886302931515984e-05    4.6930138042440895e-05    4.6900914638157626e-05
38949.41862202201    4.729456794471056e-05    4.7294567935710564e-05    4.733865687460904e-05    4.7309264251676724e-05
38949.51862201201    4.770672416595028e-05    4.7706724156950286e-05    4.775107053882158e-05    4.772150628724072e-05
38949.61862200201    4.812563930769165e-05    4.8125639298691646e-05    4.8170246939534916e-05    4.8140508515306066e-05
38949.71862199201    4.854884354681017e-05    4.854884353881017e-05    4.859371631062461e-05    4.856380113208165e-05
38949.81862198201    4.89786879861906e-05    4.89786879781906e-05    4.9023829962975274e-05    4.899373530911882e-05
38949.918621972014    4.941234753475388e-05    4.9412347525753875e-05    4.945776292750783e-05    4.94274859960052e-05
38950.018621962015    4.985192541848269e-05    4.985192540948269e-05    4.9897618530205e-05    4.986715645272346e-05
38950.11862195202    5.02980697893153e-05    5.029806978031531e-05    5.034404517800485e-05    5.031339491587848e-05
38950.21862194202    5.074905364290707e-05    5.0749053634907074e-05    5.079531600856276e-05    5.07644744287923e-05
38950.31862193202    5.1205627573555604e-05    5.120562756555561e-05    5.1252181845176195e-05    5.1221145661429136e-05
38950.41862192202    5.1668705366773685e-05    5.166870535777368e-05    5.171555656635803e-05    5.16843224303018e-05
38950.51862191202    5.2136828411912185e-05    5.213682840291218e-05    5.218398182045894e-05    5.21525462117611e-05
38950.618621902024    5.261163129942696e-05    5.261163129142696e-05    5.2659092510934546e-05    5.262745170059615e-05
38950.718621892025    5.3091996771505196e-05    5.30919967625052e-05    5.313977146397236e-05    5.3107921665994255e-05
38950.81862188203    5.357833541973228e-05    5.357833541073228e-05    5.362642954915739e-05    5.359436679320732e-05
38950.91862187203    5.4070385436226625e-05    5.407038542722662e-05    5.4118805151608084e-05    5.4086525338353775e-05
38951.01862186203    5.456955296380249e-05    5.456955295480249e-05    5.461830476513841e-05    5.45858035612478e-05
38951.11862185203    5.5073598411657736e-05    5.5073598402657734e-05    5.512268911594615e-05    5.508996197675387e-05
38951.21862184203    5.5584708747727054e-05    5.558470873872706e-05    5.5634145281966344e-05    5.5601187589473494e-05
38951.31862183203    5.610166958317647e-05    5.610166957317647e-05    5.6151459263364357e-05    5.611826613990576e-05
38951.418621822035    5.662458057017893e-05    5.662458056117893e-05    5.6674731054313114e-05    5.664129739522366e-05
38951.518621812036    5.715453296330155e-05    5.715453295430155e-05    5.7205052140379944e-05    5.717137268599435e-05
38951.61862180204    5.769054452356975e-05    5.769054451256976e-05    5.77414407365896e-05    5.770750992424304e-05
38951.71862179204    5.823236815129353e-05    5.823236814129353e-05    5.82836501002522e-05    5.824946213094642e-05
38951.81862178204    5.878210992695908e-05    5.878210991695909e-05    5.883378663285394e-05    5.879933549225737e-05
38951.91862177204    5.933707642181083e-05    5.9337076409810836e-05    5.938915728063894e-05    5.935443670408686e-05
38952.01862176204    5.98995830807125e-05    5.9899583069712504e-05    5.995207792047073e-05    5.991708135696525e-05
38952.118621752044    6.04679137934258e-05    6.0467913782425794e-05    6.05208327881111e-05    6.0485553454654225e-05
38952.218621742046    6.104242730382678e-05    6.104242729382676e-05    6.109578118043536e-05    6.106021192602964e-05
38952.31862173205    6.162461361407526e-05    6.162461360407527e-05    6.167841352460357e-05    6.164254691425137e-05
38952.41862172205    6.221233282002145e-05    6.221233281002145e-05    6.226659034146578e-05    6.223041865716958e-05
38952.51862171205    6.28069992029544e-05    6.280699919195439e-05    6.286172649731041e-05    6.282524163073973e-05
38952.61862170205    6.340833229850783e-05    6.340833228850784e-05    6.346354197477151e-05    6.342673552059572e-05
38952.71862169205    6.401653026099525e-05    6.401653024899527e-05    6.407223560016156e-05    6.403509870338403e-05
38952.818621682054    6.463092323965515e-05    6.463092322965514e-05    6.468713802971953e-05    6.464966149967662e-05
38952.918621672055    6.525225734912177e-05    6.525225733912176e-05    6.53089959410792e-05    6.527117020977425e-05
38953.01862166206    6.587977070729236e-05    6.587977069629237e-05    6.593704805013766e-05    6.58988631512408e-05
38953.11862165206    6.651406441076331e-05    6.651406440076331e-05    6.657189601149117e-05    6.653334160767259e-05
38953.21862164206    6.715485246207959e-05    6.715485245007961e-05    6.72132545966837e-05    6.717431983628097e-05
38953.31862163206    6.780211728317296e-05    6.780211727117296e-05    6.786110683564743e-05    6.782178046333112e-05
38953.41862162206    6.84560152702357e-05    6.84560152592357e-05    6.851560998457335e-05    6.847588017134824e-05
38953.518621612064    6.911619062962014e-05    6.911619061862014e-05    6.917640892881441e-05    6.913626339235157e-05
38953.618621602065    6.978218921083827e-05    6.978218919983827e-05    6.984305007088291e-05    6.980247616051982e-05
38953.71862159207    7.045542709023746e-05    7.045542707623747e-05    7.051695040612435e-05    7.047593485753308e-05
38953.81862158207    7.113382557316552e-05    7.11338255621655e-05    7.119603218688617e-05    7.115456110740574e-05
38953.91862157207    7.181926293080965e-05    7.181926291880965e-05    7.188217425235705e-05    7.184023336732545e-05
38954.01862156207    7.25101203491888e-05    7.251012033718879e-05    7.257375868055425e-05    7.253133312231062e-05
38954.11862155207    7.320708145699816e-05    7.320708144499817e-05    7.327147010617209e-05    7.322854433605614e-05
38954.21862154207    7.390959533145156e-05    7.390959531945156e-05    7.397475858342419e-05    7.393131641144244e-05
38954.318621532075    7.461804569776124e-05    7.461804568576124e-05    7.46840084545245e-05    7.4640033279349e-05
38954.418621522076    7.533137789352645e-05    7.533137788052646e-05    7.53981661970691e-05    7.535364065704068e-05
38954.51862151208    7.60505985198315e-05    7.60505985058315e-05    7.611823920514403e-05    7.6073145410269e-05
38954.61862150208    7.677501162585602e-05    7.677501161385602e-05    7.684353276692617e-05    7.679785200221274e-05
38954.71862149208    7.750453269732399e-05    7.7504532683324e-05    7.757396331214073e-05    7.752767623092957e-05
38954.81862148208    7.823900209169645e-05    7.823900208169642e-05    7.83093721282486e-05    7.826245876721382e-05
38954.91862147208    7.897854583728225e-05    7.897854582628226e-05    7.904988609555871e-05    7.900232591970775e-05
38955.018621462084    7.972154878259655e-05    7.972154876959656e-05    7.979389145758287e-05    7.974566300325865e-05
38955.118621452086    8.046989336173782e-05    8.046989335273779e-05    8.054327165742143e-05    8.049435279063235e-05
38955.21862144209    8.122157110426197e-05    8.1221571092262e-05    8.129601894563173e-05    8.124638704738525e-05
38955.31862143209    8.197692501395897e-05    8.197692500195898e-05    8.205247797299774e-05    8.200210932963857e-05
38955.41862142209    8.273624179803105e-05    8.273624178203107e-05    8.281293599572811e-05    8.276180652526341e-05
38955.51862141209    8.349853345078694e-05    8.349853343978691e-05    8.35764062161273e-05    8.352449103556705e-05
38955.61862140209    8.426390127727945e-05    8.426390126427946e-05    8.434299132424653e-05    8.429026462193516e-05
38955.718621392094    8.503117572699186e-05    8.503117571399185e-05    8.511152281357088e-05    8.505795808485152e-05
38955.818621382095    8.580172109804702e-05    8.580172108504702e-05    8.588336579022457e-05    8.58289359911062e-05
38955.9186213721    8.657343388990423e-05    8.657343387890423e-05    8.665641783566463e-05    8.660109520149104e-05
38956.0186213621    8.734743366674808e-05    8.734743365774806e-05    8.74317996140754e-05    8.737555564619051e-05
38956.1186213521    8.812285305629223e-05    8.812285304829222e-05    8.820864457017212e-05    8.815145022491886e-05
38956.2186213421    8.889840740580075e-05    8.889840739280078e-05    8.898566967221284e-05    8.892749482360478e-05
38956.3186213321    8.96745966216334e-05    8.967459660763341e-05    8.976337539156453e-05    8.97041895402771e-05
38956.418621322104    9.045089175719631e-05    9.045089174019635e-05    9.054123321163402e-05    9.048100556967556e-05
38956.518621312105    9.12273244055576e-05    9.122732439455755e-05    9.131927636648047e-05    9.125797505553186e-05
38956.61862130211    9.200234198768942e-05    9.200234197368946e-05    9.209595279408396e-05    9.203354558515428e-05
38956.71862129211    9.277600057367241e-05    9.27760005596724e-05    9.287131906952506e-05    9.280777340095663e-05
38956.81862128211    9.354843634386506e-05    9.354843632986505e-05    9.36455124841574e-05    9.358079505262917e-05
38956.91862127211    9.431830429287028e-05    9.431830427887029e-05    9.441718830359005e-05    9.435126562511021e-05
38957.01862126211    9.508487223830174e-05    9.50848722293017e-05    9.518561497843394e-05    9.511845314867914e-05
38957.11862125211    9.584852970323824e-05    9.584852968823828e-05    9.595118290176569e-05    9.588274743108073e-05
38957.218621242115    9.660869237154746e-05    9.660869235654745e-05    9.671330759146115e-05    9.664356410651869e-05
38957.318621232116    9.736379020558495e-05    9.736379018658498e-05    9.747041946787078e-05    9.739933328668024e-05
38957.41862122212    9.811458600617374e-05    9.811458598917372e-05    9.822328095282434e-05    9.81508176493906e-05
38957.51862121212    9.885894333983502e-05    9.8858943325835e-05    9.896975594283741e-05    9.889588086950247e-05
38957.61862120212    9.959773084831413e-05    9.959773084131408e-05    9.971071347365455e-05    9.963539172109425e-05
38957.71862119212    0.0001003299945402056    0.0001003299945202057    0.00010044519829088453    0.00010036839578376527
38957.81862118212    0.00010105414408839437    0.00010105414407839429    0.00010117162026839985    0.0001010933028117295
38957.918621172124    0.00010177115741945086    0.00010177115740945086    0.00010189095672877783    0.0001018110905192265
38958.018621162126    0.00010247891175108955    0.00010247891173108964    0.00010260108328974241    0.00010251963559064053
38958.11862115213    0.00010317773653158174    0.00010317773653158155    0.00010330232980954698    0.00010321926762423677
38958.21862114213    0.00010386620505698331    0.0001038662050369835    0.00010399326686427604    0.00010390855898608094
38958.31862113213    0.00010454474478048065    0.00010454474477048055    0.00010467432220708871    0.00010458793725268332
38958.41862112213    0.00010521142504406045    0.00010521142503406046    0.00010534356203000386    0.00010525547070270826
38958.51862111213    0.00010586610219142525    0.00010586610218142525    0.00010600084134670804    0.00010591101523985286
38958.618621102134    0.00010650808959778071    0.0001065080895877807    0.00010664547249240433    0.00010655388389265524
38958.718621092135    0.00010713733914713999    0.00010713733912714008    0.00010727740395112912    0.00010718402740846974
38958.81862108214    0.00010775260791122522    0.00010775260790122511    0.00010789539025459712    0.00010780020202234916
38958.91862107214    0.0001083547320397851    0.000108354732039785    0.00010850026544255332    0.00010840324317404114
38959.01862106214    0.00010893854997262702    0.00010893854996262711    0.00010908686551480945    0.00010898798848335453
38959.11862105214    0.00010950841437517238    0.0001095084143551725    0.00010965953843681029    0.0001095587890557184
38959.21862104214    0.00011005739638117332    0.00011005739637117322    0.00011021135252229017    0.00011010871509154557
38959.318621032144    0.00011059867086566552    0.00011059867086566543    0.00011075547903629379    0.00011065094025587493
38959.418621022145    0.00011111193905274198    0.0001111119390327422    0.00011127161551291584    0.00011116516453280002
38959.51862101215    0.00011161045413631456    0.00011161045411631455    0.00011177301022608262    0.00011166463949290391
38959.61862100215    0.00011209366440868569    0.00011209366438868568    0.00011225910695809347    0.00011214881191848829
38959.71862099215    0.00011255475911698244    0.00011255475909698244    0.00011272309024607897    0.00011261086948668128
38959.81862098215    0.00011299383477865804    0.00011299383475865804    0.00011316505272748482    0.0001130509074216003
38959.91862097215    0.00011341056130830334    0.00011341056129830325    0.00011358465767693285    0.00011346859342784649
38960.01862096215    0.0001138113958814292    0.00011381139586142931    0.00011398835669992461    0.00011387038281426104
38960.118620952155    0.00011418293084653917    0.00011418293082653918    0.00011436273709495932    0.00011424286625601255
38960.218620942156    0.00011453812623237226    0.00011453812622237215    0.00011472075263079102    0.00011459900169517847
38960.31862093216    0.0001148640704073563    0.00011486407037735653    0.00011504948708583062    0.00011492587595684783
38960.41862092216    0.00011517359633188833    0.0001151735963118882    0.00011536176464052403    0.00011523631909476684
38960.51862091216    0.00011545296570769886    0.00011545296567769898    0.00011564384203656092    0.00011551659114065292
38960.61862090216    0.00011571557722413226    0.00011571557720413215    0.00011590911110330897    0.00011578008851052446
38960.71862089216    0.00011594809583991793    0.00011594809582991782    0.00011614422971950221    0.00011601347379644601
38960.818620882164    0.0001161504085330522    0.00011615040851305232    0.00011634907891312574    0.00011621663198641009
38960.918620872166    0.0001163357157151481    0.0001163357156951481    0.00011653685050582564    0.00011640276063870728
38961.01862086217    0.00011649077017960715    0.00011649077015960715    0.00011669429210096554    0.00011655861081339329
38961.11862085217    0.00011662202305206446    0.00011662202303206446    0.00011682784730421014    0.00011669063112944636
38961.21862084217    0.00011672943412977208    0.00011672943411977195    0.00011693746906280556    0.00011679877910411652
38961.31862083217    0.00011680645914273081    0.00011680645912273094    0.00011701660592675874    0.0001168765080640735
38961.41862082217    0.00011685312040148407    0.00011685312038148408    0.00011706527252662126    0.00011692383776986316
38961.518620812174    0.0001168759006452899    0.00011687590062528989    0.00011708994580163028    0.00011694724902407002
38961.618620802175    0.00011687480679378437    0.00011687480676378449    0.00011709062500144706    0.00011694674618633863
38961.71862079218    0.0001168434083287095    0.00011684340829870949    0.00011706087323779933    0.00011691589662173943
38961.81862078218    0.00011678822238628417    0.00011678822238628379    0.0001170072023368944    0.00011686121570315411
38961.91862077218    0.00011670284388123717    0.00011670284387123729    0.00011692320017348481    0.00011677629597531975
38962.01862076218    0.0001165938065372941    0.00011659380651729423    0.00011681539398129136    0.0001166676690119599
38962.11862075218    0.00011645472755168674    0.00011645472753168673    0.00011667739585752942    0.0001165289503136343
38962.218620742184    0.00011629217327542009    0.00011629217325542009    0.0001165157666732106    0.00011636670440135025
38962.318620732185    0.00011609982095793011    0.0001160998209379301    0.00011632417831777087    0.00011617460673787702
38962.41862072219    0.00011588427306795097    0.00011588427304795098    0.00011610922909992989    0.00011595925840527728
38962.51862071219    0.00011563923817752051    0.00011563923813752078    0.0001158646228417348    0.00011571436638559201
38962.61862070219    0.00011537132250315136    0.00011537132249315095    0.00011559696159969159    0.00011544653553199797
38962.71862069219    0.00011507422025973661    0.0001150742202297369    0.00011529993562869187    0.00011514945870605513
38962.81862068219    0.00011475452818113303    0.00011475452815113304    0.00011498013954256817    0.00011482973195827808
38962.91862067219    0.00011441252763316177    0.00011441252761316163    0.00011463785190715179    0.00011448763571782506
38963.018620662195    0.00011404216296439636    0.00011404216295439621    0.00011426701516100455    0.0001141171136932657
38963.118620652196    0.00011364350301033053    0.00011364350300033052    0.00011386769591962522    0.00011371823397676209
38963.2186206422    0.00011322923821174056    0.00011322923818174085    0.00011345258322377906    0.00011330368653908682
38963.3186206322    0.00011278708656188365    0.00011278708658188293    0.00011300939562669564    0.00011286118959015407
38963.4186206222    0.00011232402952711347    0.00011232402950711403    0.00011254511445473866    0.00011239772449632205
38963.5186206122    0.00011184013089556759    0.00011184013086556774    0.00011205980364604139    0.00011191335513572558
38963.6186206022    0.00011133548260684674    0.00011133548257684675    0.00011155355708017838    0.00011140817408795728
38963.718620592204    0.00011081051298597906    0.00011081051295597906    0.00011102680382219491    0.00011088260992138435
38963.818620582206    0.00011025908854993869    0.00011025908848993915    0.00011047341321903391    0.00011033053008630392
38963.91862057221    0.0001096941146869617    0.00010969411465696126    0.0001099062945289153    0.00010976484129094608
38964.01862056221    0.00010910984898278215    0.00010910984895278215    0.0001093197084975823    0.00010917980214438221
38964.11862055221    0.00010850631247214102    0.00010850631249214027    0.00010871367963977029    0.00010857543486801719
38964.21862054221    0.00010788372218205457    0.00010788372216205518    0.00010808842949247879    0.0001079519579455295
38964.31862053221    0.0001072488762817789    0.0001072488762217795    0.00010745076115495614    0.00010731617121950484
38964.418620522214    0.00010659598072321979    0.00010659598068321948    0.00010679488742907732    0.0001066622829451722
38964.518620512215    0.00010592521916537568    0.00010592521914537538    0.00010612099848384355    0.00010599047893153153
38964.61862050222    0.00010524290863257038    0.00010524290861257038    0.00010543541770357919    0.00010530707831623998
38964.71862049222    0.0001045432340033618    0.0001045432339833618    0.00010473233717682696    0.00010460626838785017
38964.81862048222    0.00010383310977838818    0.00010383310975838819    0.00010401867877422036    0.00010389496610366558
38964.91862047222    0.00010310600309941788    0.00010310600306941804    0.00010328791820750678    0.0001031666414587809
38965.01862046222    0.00010237528441988865    0.0001023752843998885    0.0001025534355701037    0.00010243466812996028
38965.118620452224    0.00010162856000059968    0.00010162855997059985    0.00010180284530283122    0.00010168665509134359
38965.218620442225    0.00010087192666575145    0.00010087192661575178    0.00010104225350986955    0.00010092870226379094
38965.31862043223    0.00010010632998747511    0.0001001063299874743    0.00010027261532334245    0.00010016175843276397
38965.41862042223    9.93318412198791e-05    9.933184118987958e-05    9.949401415531325e-05    9.938589885502398e-05
38965.51862041223    9.854882135404968e-05    9.854882136904894e-05    9.870681985091844e-05    9.860148752467235e-05
38965.61862040223    9.775925266602433e-05    9.775925267102451e-05    9.791302444817808e-05    9.781050992840897e-05
38965.71862039223    9.696270064656435e-05    9.696270060656508e-05    9.711220695078789e-05    9.701253606797243e-05
38965.81862038223    9.615953889522479e-05    9.615953881622545e-05    9.630475080236054e-05    9.620794283793694e-05
38965.918620372235    9.535139996267905e-05    9.535139992667832e-05    9.54923000875382e-05    9.53983666589652e-05
38966.018620362236    9.453864613191243e-05    9.453864605491312e-05    9.467522825330838e-05    9.458417348004463e-05
38966.11862035224    9.372197196619303e-05    9.372197192419243e-05    9.385424211791748e-05    9.376606200276764e-05
38966.21862034224    9.29015646610383e-05    9.290156459003881e-05    9.302954064588767e-05    9.294422329898826e-05
38966.31862033224    9.207888780631307e-05    9.20788878373113e-05    9.220259894008462e-05    9.212012486123633e-05
38966.41862032224    9.125356133771439e-05    9.125356132071523e-05    9.137304901319249e-05    9.129339055720736e-05
38966.51862031224    9.042657855720483e-05    9.042657848020588e-05    9.05418967561606e-05    9.046501793119042e-05
38966.618620302244    8.959856276205803e-05    8.95985627660566e-05    8.970977584129808e-05    8.963563378980423e-05
38966.718620292246    8.876976720263598e-05    8.876976711963751e-05    8.887695087394652e-05    8.88054950654067e-05
38966.81862028225    8.794110529211314e-05    8.7941105274112e-05    8.804434828424736e-05    8.797551961682417e-05
38966.91862027225    8.711324842360766e-05    8.711324834960866e-05    8.721265073034648e-05    8.714638250118759e-05
38967.01862026225    8.628587654764133e-05    8.628587647364134e-05    8.638154994175247e-05    8.631776765434503e-05
38967.11862025225    8.546019481676729e-05    8.546019472876755e-05    8.555226010206496e-05    8.549088321586661e-05
38967.21862024225    8.463580568079025e-05    8.463580556479076e-05    8.472439613002341e-05    8.466533579186812e-05
38967.318620232254    8.381425087134439e-05    8.38142508253431e-05    8.389951106727943e-05    8.384267092132231e-05
38967.418620222255    8.299571050007823e-05    8.299571045207827e-05    8.307779527449793e-05    8.302307207555147e-05
38967.51862021226    8.217961441769615e-05    8.217961442369515e-05    8.225868799739552e-05    8.220597227959561e-05
38967.61862020226    8.136712181326683e-05    8.13671217612679e-05    8.144335865602275e-05    8.13925340768525e-05
38967.71862019226    8.055833965111741e-05    8.055833959611747e-05    8.063192410871004e-05    8.058286778531497e-05
38967.81862018226    7.97535619806987e-05    7.975356190569907e-05    7.982468591894992e-05    7.97772699351159e-05
38967.91862017226    7.895336743260286e-05    7.895336731060374e-05    7.902223367526739e-05    7.8976322806158e-05
38968.018620162264    7.815812127059312e-05    7.815812125359112e-05    7.822493997949082e-05    7.81803941678917e-05
38968.118620152265    7.73679747587053e-05    7.73679746947062e-05    7.743296578860905e-05    7.738963841400685e-05
38968.21862014227    7.658267162271779e-05    7.658267158471729e-05    7.664605984448734e-05    7.660380101730747e-05
38968.31862013227    7.580347542537796e-05    7.580347528138e-05    7.586549507778756e-05    7.582414859484851e-05
38968.41862012227    7.502939620807674e-05    7.502939610107601e-05    7.509028679897743e-05    7.50496930360434e-05
38968.51862011227    7.426169418512407e-05    7.426169420912153e-05    7.43217014433466e-05    7.428169661253074e-05
38968.61862010227    7.350025764908601e-05    7.35002576120872e-05    7.355963579341484e-05    7.352005035152936e-05
38968.71862009227    7.274457907779215e-05    7.274457903379229e-05    7.280358541911557e-05    7.276424784356667e-05
38968.818620082275    7.199568860895258e-05    7.199568853595314e-05    7.205458319916484e-05    7.201532011469019e-05
38968.918620072276    7.125396891419587e-05    7.125396884319583e-05    7.131302149205224e-05    7.127365308314797e-05
38969.01862006228    7.051858879157316e-05    7.051858872057316e-05    7.057806942901304e-05    7.053841564705312e-05
38969.11862005228    6.97900256840871e-05    6.979002567108592e-05    6.985020892796655e-05    6.981008676104653e-05
38969.21862004228    6.906857613824868e-05    6.90685760152509e-05    6.912974249539243e-05    6.9088964882964e-05
38969.31862003228    6.835450637558442e-05    6.835450636858206e-05    6.841693236301739e-05    6.837531503572795e-05
38969.41862002228    6.764827978704408e-05    6.764827961004755e-05    6.771225039053812e-05    6.766960326254324e-05
38969.518620012284    6.69485194591072e-05    6.694851937510528e-05    6.701431646667096e-05    6.697045176696115e-05
38969.618620002286    6.625627648722686e-05    6.625627641122668e-05    6.632418793167536e-05    6.627891361004297e-05
38969.71861999229    6.557201468724404e-05    6.557201461424398e-05    6.564232518759038e-05    6.559545149635946e-05
38969.81861998229    6.489492932540213e-05    6.489492915340419e-05    6.496792404057815e-05    6.491926083979482e-05
38969.91861997229    6.422562693449866e-05    6.422562689349592e-05    6.430159403138427e-05    6.425094928645962e-05
38970.01861996229    6.356371992112854e-05    6.356371986412888e-05    6.364294417873747e-05    6.35901279879983e-05
38970.11861995229    6.290990648354935e-05    6.290990643054927e-05    6.299267283882132e-05    6.293749525097331e-05
38970.218619942294    6.226364199889684e-05    6.226364194289692e-05    6.235023435779673e-05    6.22925060998635e-05
38970.318619932295    6.162455155571942e-05    6.16245514487205e-05    6.171525142824148e-05    6.16547848108938e-05
38970.4186199223    6.099351638229729e-05    6.099351638029504e-05    6.10886023584474e-05    6.102521170701325e-05
38970.5186199123    6.037023496670021e-05    6.037023485470258e-05    6.046998561942336e-05    6.040348514694204e-05
38970.6186199023    5.9754194074637245e-05    5.975419398563675e-05    5.985888251199574e-05    5.9789090190756576e-05
38970.7186198923    5.9145765247064864e-05    5.9145765226063386e-05    5.925566584397661e-05    5.918239877236828e-05
38970.8186198823    5.8545597398825994e-05    5.8545597355826475e-05    5.866097710739793e-05    5.8584057287350136e-05
38970.918619872304    5.795262105839749e-05    5.7952620970398484e-05    5.8073743316652775e-05    5.799299511514959e-05
38971.018619862305    5.736684452530436e-05    5.736684445530396e-05    5.749396860628233e-05    5.740921919563022e-05
38971.11861985231    5.6789328555331705e-05    5.6789328486331677e-05    5.692271329699013e-05    5.68337901128845e-05
38971.21861984231    5.621850515751324e-05    5.621850505451399e-05    5.635840039900012e-05    5.626513687034245e-05
38971.31861983231    5.565516009283546e-05    5.5655159976835756e-05    5.580181525611015e-05    5.570404510859379e-05
38971.41861982231    5.5099615708483535e-05    5.5099615639482477e-05    5.525326952773502e-05    5.5150833625233674e-05
38971.51861981231    5.455148929514104e-05    5.455148918814189e-05    5.471237984733687e-05    5.4605119443539935e-05
38971.61861980231    5.4010170916098155e-05    5.401017079009858e-05    5.417852867436254e-05    5.406629012685309e-05
38971.718619792315    5.347634904206728e-05    5.34763489500665e-05    5.365240111843043e-05    5.353503303685473e-05
38971.818619782316    5.294936249261102e-05    5.294936237561159e-05    5.3133328270203725e-05    5.301068437947545e-05
38971.91861977232    5.242941666312258e-05    5.242941653512283e-05    5.262150830806563e-05    5.249344716877034e-05
38972.01861976232    5.1916239935434655e-05    5.191623990343244e-05    5.2116665982769706e-05    5.198304860721226e-05
38972.11861975232    5.141028329397661e-05    5.141028323697719e-05    5.16192448868327e-05    5.147993713926217e-05
38972.21861974232    5.091064805892216e-05    5.091064799792225e-05    5.112834035239796e-05    5.0983212136414124e-05
38972.31861973232    5.0417484476102975e-05    5.0417484435102515e-05    5.064409338037487e-05    5.049302076386012e-05
38972.418619722324    4.993114850669679e-05    4.993114843569749e-05    5.016685472084884e-05    5.000971722108104e-05
38972.518619712326    4.945189355993533e-05    4.945189350993484e-05    4.969687012311206e-05    4.953355239766075e-05
38972.61861970233    4.8978620942684394e-05    4.897862088168465e-05    4.923303608496466e-05    4.9063425969777905e-05
38972.71861969233    4.851178212653808e-05    4.8511782079537745e-05    4.877579307414902e-05    4.8599785760074946e-05
38972.81861968233    4.805077077953464e-05    4.8050770719534955e-05    4.832452931557435e-05    4.8142023604881315e-05
38972.91861967233    4.759669453792933e-05    4.7596694490929015e-05    4.788034462755355e-05    4.76912445521373e-05
38973.01861966233    4.714792594095907e-05    4.714792584996012e-05    4.744160172137557e-05    4.724581783743158e-05
38973.118619652334    4.670525400591351e-05    4.670525393491303e-05    4.7009081815283406e-05    4.680652991870331e-05
38973.218619642335    4.6268864468155145e-05    4.626886441615469e-05    4.6582963611623345e-05    4.6373564165311064e-05
38973.31861963234    4.5837631812487624e-05    4.583763173448826e-05    4.616211321523388e-05    4.594579225406992e-05
38973.41861962234    4.5412145077448446e-05    4.541214500644828e-05    4.574711061667056e-05    4.5523800233522436e-05
38973.51861961234    4.499231405243929e-05    4.499231398243927e-05    4.5337854897379955e-05    4.510749431075284e-05
38973.61861960234    4.457846098837279e-05    4.457846095037201e-05    4.4934662000168923e-05    4.469719464630458e-05
38973.71861959234    4.4169582251898134e-05    4.416958211090068e-05    4.453651858777244e-05    4.4291894316857094e-05
38973.818619582344    4.3765172227966106e-05    4.376517213096502e-05    4.4142907230196524e-05    4.389108386304256e-05
38973.918619572345    4.336643022830988e-05    4.336643019030841e-05    4.375502016505906e-05    4.349596019455911e-05
38974.01861956235    4.2972889505159045e-05    4.2972889412160425e-05    4.337238139464776e-05    4.31060534373224e-05
38974.11861955235    4.258434889001673e-05    4.2584348823016076e-05    4.2994778014530095e-05    4.27211585758543e-05
38974.21861954235    4.2200780861568e-05    4.2200780736569466e-05    4.262217393831478e-05    4.234124517881742e-05
38974.31861953235    4.182164687874855e-05    4.182164670874969e-05    4.225401959800235e-05    4.1965771061833525e-05
38974.41861952235    4.14472091864092e-05    4.1447209064407975e-05    4.189056664343514e-05    4.1594994964750775e-05
38974.51861951235    4.107715320612428e-05    4.107715309812392e-05    4.153149002718908e-05    4.122859877714576e-05
38974.618619502355    4.071184271365145e-05    4.0711842666649895e-05    4.117714328701824e-05    4.0866942889106525e-05
38974.718619492356    4.0350698251120415e-05    4.035069817412119e-05    4.082693568108227e-05    4.050944403544129e-05
38974.81861948236    3.99943311219862e-05    3.999433094698872e-05    4.0481467577830574e-05    4.01567098822685e-05
38974.91861947236    3.964181706685841e-05    3.964181687985872e-05    4.013980432886114e-05    3.980781275852609e-05
38975.01861946236    3.929267979631583e-05    3.929267964631487e-05    3.98014589367657e-05    3.9462272793132134e-05
38975.11861945236    3.894815951873196e-05    3.8948159445729955e-05    3.946765997094449e-05    3.912132631180213e-05
38975.21861944236    3.860792915679425e-05    3.860792912479318e-05    3.913806866308981e-05    3.878464231489241e-05
38975.318619432364    3.827140647830955e-05    3.827140640931053e-05    3.881209172499533e-05    3.8451634870871805e-05
38975.418619422366    3.793803613876681e-05    3.793803609576613e-05    3.848916386012339e-05    3.8121745364885444e-05
38975.51861941237    3.760879579066401e-05    3.760879562066737e-05    3.817025082002814e-05    3.779594741045317e-05
38975.61861940237    3.728322783690684e-05    3.728322775590447e-05    3.7854883443609114e-05    3.7473779678806806e-05
38975.71861939237    3.6961469652747574e-05    3.6961469536748506e-05    3.754318750712298e-05    3.7155375565539686e-05
38975.81861938237    3.6642465688112224e-05    3.664246564711021e-05    3.72340969854691e-05    3.683967610689718e-05
38975.91861937237    3.6327188795781586e-05    3.632718872378243e-05    3.692857521140504e-05    3.6527650910323014e-05
38976.018619362374    3.6015450698766156e-05    3.601545052576888e-05    3.662642125603012e-05    3.621910749352171e-05
38976.118619352375    3.5706397435182814e-05    3.5706397356180274e-05    3.632677152738241e-05    3.5913188772915166e-05
38976.21861934238    3.540099891368348e-05    3.540099887668234e-05    3.603058657810926e-05    3.561086145615836e-05
38976.31861933238    3.509867649624916e-05    3.509867648024858e-05    3.5737275218281725e-05    3.5311542731593155e-05
38976.41861932238    3.479934121865848e-05    3.479934109066155e-05    3.5446741593526455e-05    3.501514130094883e-05
38976.51861931238    3.450235100010376e-05    3.4502350994100405e-05    3.515833173417657e-05    3.4721011242793583e-05
38976.61861930238    3.420931464968147e-05    3.420931462368202e-05    3.4873648203175715e-05    3.4430759158846396e-05
38976.718619292384    3.391867147369624e-05    3.391867140469744e-05    3.459111802299765e-05    3.414282030046378e-05
38976.818619282385    3.363070768627548e-05    3.363070763927486e-05    3.431101968464666e-05    3.385747833673233e-05
38976.91861927239    3.3345359346123726e-05    3.3345359219125955e-05    3.403328357177193e-05    3.35746673790072e-05
38977.01861926239    3.306331388918193e-05    3.306331385917922e-05    3.3758586848445955e-05    3.329507153226903e-05
38977.11861925239    3.2783903529343006e-05    3.27839034033457e-05    3.34862568744119e-05    3.301802126903354e-05
38977.21861924239    3.250685647964024e-05    3.2506856470636935e-05    3.3216013838793896e-05    3.274324226302368e-05
38977.31861923239    3.223230741965372e-05    3.2232307382654505e-05    3.2947985040156256e-05    3.247086661415483e-05
38977.41861922239    3.196056950229506e-05    3.196056941229657e-05    3.2682481769255637e-05    3.220120689461575e-05
38977.518619212395    3.1690650289636e-05    3.1690650293633324e-05    3.241850343134464e-05    3.1933268004871314e-05
38977.618619202396    3.14239073817894e-05    3.142390726779278e-05    3.215740532437067e-05    3.166840665798429e-05
38977.7186191924    3.1159584621008164e-05    3.1159584549006955e-05    3.189842547568812e-05    3.140586488190108e-05
38977.8186191824    3.089764799353566e-05    3.089764792753549e-05    3.164152845391931e-05    3.114560812499682e-05
38977.9186191724    3.063802282316127e-05    3.0638022649164384e-05    3.138663813881669e-05    3.088756120371411e-05
38978.0186191624    3.0380025896067334e-05    3.038002574506667e-05    3.113306710517716e-05    3.063103958210372e-05
38978.1186191524    3.012512908198636e-05    3.0125129039983198e-05    3.0882291146498275e-05    3.0377516422822607e-05
38978.218619142404    2.9872008630784907e-05    2.9872008458788687e-05    3.0632986080772796e-05    3.0125667723448802e-05
38978.318619132406    2.962120124055731e-05    2.962120112055579e-05    3.0385692884957327e-05    2.987603174869014e-05
38978.41861912241    2.9372648630575116e-05    2.937264841657787e-05    3.0140357438325614e-05    2.9628551495159536e-05
38978.51861911241    2.9125689708576018e-05    2.9125689549574398e-05    2.989633082237851e-05    2.9382570026842976e-05
38978.61861910241    2.8880762506355014e-05    2.8880762438352333e-05    2.9654063500899584e-05    2.9138529481868975e-05
38978.71861909241    2.863700376125999e-05    2.86370036152623e-05    2.9412717012867274e-05    2.8895574796463187e-05
38978.81861908241    2.839442842248665e-05    2.8394428367483947e-05    2.91723439640879e-05    2.8653733584686166e-05
38978.918619072414    2.8152751944955223e-05    2.8152751763958976e-05    2.893274005520139e-05    2.8412747921371864e-05
38979.018619062415    2.7908549278641557e-05    2.790854912364078e-05    2.8690820438387727e-05    2.8169306280223356e-05
38979.11861905242    2.7672392968705782e-05    2.767239281570572e-05    2.8456036904528986e-05    2.7933607562980163e-05
38979.21861904242    2.744238433629688e-05    2.744238418829673e-05    2.8226735512012502e-05    2.7703834678868708e-05
38979.31861903242    2.72154253922062e-05    2.721542524920605e-05    2.8000095655571442e-05    2.7476982098994566e-05
38979.41861902242    2.6990917528638794e-05    2.699091739063864e-05    2.7775570763155005e-05    2.7252468560810817e-05
38979.51861901242    2.676860593132627e-05    2.676860579632618e-05    2.7552928756369605e-05    2.703004682800735e-05
38979.618619002424    2.6548358699612948e-05    2.6548358569612794e-05    2.7332050814847222e-05    2.6809589361357654e-05
38979.718618992425    2.6330100475776262e-05    2.63301003477762e-05    2.7112870766980447e-05    2.659102386351097e-05
38979.81861898243    2.611378542294886e-05    2.6113785298948735e-05    2.68953503489487e-05    2.6374307023615433e-05
38979.91861897243    2.5899384274634198e-05    2.5899384154634075e-05    2.6679467268271622e-05    2.6159411899179964e-05
38980.01861896243    2.5686877450541805e-05    2.568687733354171e-05    2.64652088196597e-05    2.5946321201247737e-05
38980.11861895243    2.5476251154513593e-05    2.54762510405135e-05    2.625256821994865e-05    2.573502347165858e-05
38980.21861894243    2.5267495076414516e-05    2.5267494965414423e-05    2.6041542407993727e-05    2.5525510816607556e-05
38980.31861893243    2.50606009971979e-05    2.506060088819784e-05    2.5832130679737894e-05    2.5317777521711215e-05
38980.418618922435    2.485556192382784e-05    2.485556181782775e-05    2.5624333823134677e-05    2.511181918826342e-05
38980.518618912436    2.4652371564284427e-05    2.4652371460284367e-05    2.5418153557154608e-05    2.4907632193907803e-05
38980.61861890244    2.4451023987572826e-05    2.445102388657273e-05    2.5213592161794386e-05    2.4705213345313314e-05
38980.71861889244    2.4251513422660325e-05    2.425151332466023e-05    2.5010652232013488e-05    2.4504559659778012e-05
38980.81861888244    2.4053834122562682e-05    2.405383402656262e-05    2.480933650882151e-05    2.43056682193156e-05
38980.91861887244    2.385798028528337e-05    2.3857980191283302e-05    2.4609647759216807e-05    2.4108536078594496e-05
38981.01861886244    2.3663945997827663e-05    2.3663945906827566e-05    2.4411588687200553e-05    2.3913160197285263e-05
38981.118618852444    2.347172520521587e-05    2.3471725116215803e-05    2.4215161871790234e-05    2.3719537397740638e-05
38981.218618842446    2.3281311680427218e-05    2.3281311593427153e-05    2.402036970696231e-05    2.3527664326938895e-05
38981.31861883245    2.3092699007483787e-05    2.3092698922483723e-05    2.382721436673755e-05    2.3337537432235017e-05
38981.41861882245    2.2905880567394048e-05    2.290588048439398e-05    2.363569776012387e-05    2.3149152937303966e-05
38981.51861881245    2.2720849527166925e-05    2.272084944616686e-05    2.3445821504130154e-05    2.2962506825821313e-05
38981.61861880245    2.2537598823825268e-05    2.2537598744825202e-05    2.3257586891780137e-05    2.2777594820143538e-05
38981.71861879245    2.2356121160352033e-05    2.2356121083351967e-05    2.3070994867057298e-05    2.2594412370253766e-05
38981.818618782454    2.2176408990771015e-05    2.2176408915770947e-05    2.2886046000987366e-05    2.2412954635843108e-05
38981.918618772455    2.1998454519092663e-05    2.19984544460926e-05    2.270274047158306e-05    2.223321647892277e-05
38982.01861876246    2.1822249688327914e-05    2.182224961632788e-05    2.252107804785778e-05    2.205519245083786e-05
38982.11861875246    2.1647786174500684e-05    2.164778610450062e-05    2.234105806983884e-05    2.1878876782946718e-05
38982.21861874246    2.1475055385596822e-05    2.1475055316596793e-05    2.2162679437514696e-05    2.170426337990277e-05
38982.31861873246    2.1304048455640828e-05    2.1304048388640762e-05    2.198594060091383e-05    2.153134581506514e-05
38982.41861872246    2.1134756244644473e-05    2.1134756178644445e-05    2.1810839548052084e-05    2.1360117323780332e-05
38982.518618712464    2.096716933661973e-05    2.0967169273619628e-05    2.1637373801945597e-05    2.119057080406165e-05
38982.618618702465    2.0801278042590622e-05    2.0801277980590592e-05    2.146554041462339e-05    2.1022698812601535e-05
38982.71861869247    2.0637072399545007e-05    2.0637072338544974e-05    2.129533596407714e-05    2.0856493567389038e-05
38982.81861868247    2.0474542174507164e-05    2.0474542114507128e-05    2.1126756554336476e-05    2.069194694778359e-05
38982.91861867247    2.0313676868489145e-05    2.031367681048908e-05    2.0959797818418477e-05    2.0529050499132236e-05
38983.01861866247    2.0154465723502884e-05    2.015446566750282e-05    2.079445491934039e-05    2.036779543678203e-05
38983.11861865247    1.999689772657174e-05    1.9996897671571705e-05    2.0630722557131312e-05    2.0208172651758254e-05
38983.21861864247    1.9840961615684453e-05    1.984096156168442e-05    2.0468594972784546e-05    2.0050172716717806e-05
38983.318618632475    1.9686645888864197e-05    1.9686645835864166e-05    2.0308065958329198e-05    1.989378589435252e-05
38983.418618622476    1.9533938815122275e-05    1.9533938762122275e-05    2.014912886578222e-05    1.9739002147675587e-05
38983.51861861248    1.9382828435470047e-05    1.9382828384469976e-05    1.999177661316054e-05    1.9585811144366854e-05
38983.61861860248    1.9233302583929115e-05    1.923330253392908e-05    1.983600170349192e-05    1.9434202273783373e-05
38983.71861859248    1.9085348885488487e-05    1.9085348836488454e-05    1.968179622877005e-05    1.9284164650248995e-05
38983.81861858248    1.89389547741695e-05    1.8938954726169467e-05    1.952915189002232e-05    1.9135687130120427e-05
38983.91861857248    1.8794107502982214e-05    1.8794107455982182e-05    1.937806000326461e-05    1.8988758320743007e-05
38984.018618562484    1.8650794150936533e-05    1.8650794104936497e-05    1.9228511522512163e-05    1.8843366592795063e-05
