30.1181913918    4.5812536217e-05    4.5812662165e-05    4.5815535006e-05    4.5813577796e-05
30.218191341799997    1.1082930225813113e-05    1.108498307884966e-05    1.1133957647798785e-05    1.110062365082052e-05
30.318191291799995    6.15636189955612e-06    6.158735872335002e-06    6.214366551678907e-06    6.176488107856676e-06
30.418191241799992    4.567326918448798e-06    4.569764540753324e-06    4.6273909614597175e-06    4.58816080688728e-06
30.51819119179999    3.878389146173599e-06    3.8808923826423695e-06    3.939653446573084e-06    3.899644991796352e-06
30.618191141799986    3.5567033674130563e-06    3.559224375868627e-06    3.618704011472199e-06    3.5782105849179607e-06
30.718191091799984    3.3936048707945737e-06    3.396126849891662e-06    3.455858808634696e-06    3.4151968431069773e-06
30.81819104179998    3.3269575966645757e-06    3.329483649450318e-06    3.3895016050493275e-06    3.3486476170547406e-06
30.918190991799978    3.3183508973260043e-06    3.3208719721459156e-06    3.3804570633773844e-06    3.339893310949768e-06
31.018190941799975    3.3390217135807483e-06    3.3415466637633093e-06    3.4010821778863996e-06    3.3605501850768188e-06
31.118190891799973    3.3872722796464154e-06    3.3897863253009385e-06    3.4495641611893223e-06    3.408874255378892e-06
31.21819084179997    3.435358825723854e-06    3.4378783538936997e-06    3.4974471678433334e-06    3.4568947824869624e-06
31.318190791799967    3.4935134439717656e-06    3.496033021071472e-06    3.5555068940411145e-06    3.5150177863614507e-06
31.418190741799965    3.5629238373317538e-06    3.5654519616761963e-06    3.6247858916858275e-06    3.584387230231259e-06
31.518190691799962    3.627612972476019e-06    3.6301190007306926e-06    3.689408253143432e-06    3.649046742116715e-06
31.61819064179996    3.6925984575085766e-06    3.6951107454616274e-06    3.7542851079233062e-06    3.71399810363117e-06
31.718190591799956    3.765223042202541e-06    3.7676999499855847e-06    3.826741003152061e-06    3.7865546651133958e-06
31.818190541799954    3.836609229217159e-06    3.8391060289480735e-06    3.89802662847193e-06    3.857913962212387e-06
31.91819049179995    3.901121726487728e-06    3.903604982109628e-06    3.962400459535728e-06    3.922375722711027e-06
32.018190441799945    3.957983686811728e-06    3.9604609142689956e-06    4.019199564108852e-06    3.979214721729859e-06
32.11819039179994    4.011465313683752e-06    4.013949456714595e-06    4.072687565919996e-06    4.032700778772782e-06
32.21819034179994    4.071393550152491e-06    4.073865774277641e-06    4.132531394638781e-06    4.092596906356304e-06
32.31819029179994    4.131031589881231e-06    4.133513443575303e-06    4.1920330864810645e-06    4.152192706645867e-06
32.418190241799934    4.179386831615837e-06    4.1818606994076765e-06    4.240338040194139e-06    4.200528523739218e-06
32.51819019179993    4.227308834135708e-06    4.229789504254078e-06    4.288272967080606e-06    4.2484571018234645e-06
32.61819014179993    4.279094494278306e-06    4.281566989380496e-06    4.340022472730244e-06    4.300227985463016e-06
32.718190091799926    4.329298367349544e-06    4.331763428546185e-06    4.390224534373088e-06    4.350428776756272e-06
32.81819004179992    4.368329526881014e-06    4.370789291452518e-06    4.429267285224529e-06    4.389462034519354e-06
32.91818999179992    4.415260950858204e-06    4.41771914218023e-06    4.476189946480887e-06    4.436390013173107e-06
33.01818994179992    4.451802930343111e-06    4.454274712246044e-06    4.512769643096202e-06    4.472949095228453e-06
33.118189891799915    4.490313592339319e-06    4.492788552491648e-06    4.551352623154539e-06    4.511484922661835e-06
33.21818984179991    4.528447188029026e-06    4.5309271905508686e-06    4.589496046476713e-06    4.5496234750188695e-06
33.31818979179991    4.555520625627501e-06    4.557995081816245e-06    4.61662209468572e-06    4.576712600709822e-06
33.41818974179991    4.593070413225393e-06    4.595567543951256e-06    4.654290014476194e-06    4.614309323884281e-06
33.518189691799904    4.624162527035582e-06    4.6266633565727075e-06    4.685490861287122e-06    4.645438914965137e-06
33.6181896417999    4.660478838862634e-06    4.662977580099181e-06    4.7218333514045385e-06    4.681763256788785e-06
33.7181895917999    4.686107735282975e-06    4.6886080385548574e-06    4.747594082609914e-06    4.707436618815916e-06
33.818189541799896    4.713675705491622e-06    4.716175163307263e-06    4.775378694383723e-06    4.73507652106087e-06
33.91818949179989    4.741917558304261e-06    4.74442405707048e-06    4.8037427420825905e-06    4.763361452485778e-06
34.01818944179989    4.769626366078145e-06    4.772154379458604e-06    4.831637760747007e-06    4.791139502094587e-06
34.11818939179989    4.7948242768424825e-06    4.797335671974863e-06    4.856947180512331e-06    4.816369043109892e-06
34.218189341799885    4.816631454354003e-06    4.819154759409838e-06    4.878990189519404e-06    4.838258801094414e-06
34.31818929179988    4.841746189688841e-06    4.8442814092386364e-06    4.904310891163559e-06    4.863446163363679e-06
34.41818924179988    4.868393149089362e-06    4.870947162685287e-06    4.931118265440461e-06    4.8901528590717034e-06
34.51818919179988    4.895472208060166e-06    4.8980335224995536e-06    4.958533981553622e-06    4.917346570704447e-06
34.618189141799874    4.906728348744526e-06    4.909294944025708e-06    4.970070600233796e-06    4.928697964334677e-06
34.71818909179987    4.931264947951032e-06    4.933854541122071e-06    4.994884781066652e-06    4.9533347567132525e-06
34.81818904179987    4.954498201518942e-06    4.95708912758763e-06    5.0183392924194114e-06    4.976642207175328e-06
34.918188991799866    4.974495218273157e-06    4.977097797093484e-06    5.038584050227353e-06    4.996725688531331e-06
35.01818894179986    4.9900857082353745e-06    4.9926990322721165e-06    5.054474088496406e-06    5.012419609667965e-06
35.11818889179986    5.009431217959687e-06    5.012056408363027e-06    5.074172811829309e-06    5.031886812717341e-06
35.21818884179986    5.039356545596977e-06    5.041994729865633e-06    5.104526760567085e-06    5.0619593453432315e-06
35.318188791799855    5.054980873976719e-06    5.05764789662691e-06    5.1205289286529144e-06    5.077719233085514e-06
35.41818874179985    5.071030531783538e-06    5.073695220445411e-06    5.136907587365044e-06    5.093877779864664e-06
35.51818869179985    5.087851503132969e-06    5.090535342415887e-06    5.154044645498631e-06    5.110810497015828e-06
35.61818864179985    5.105725517763542e-06    5.108424255453838e-06    5.172380548261504e-06    5.128843440492961e-06
35.718188591799844    5.130891670241725e-06    5.133609662802584e-06    5.1980377183932e-06    5.154179683812503e-06
35.81818854179984    5.146903341374425e-06    5.149649401974479e-06    5.2143794280684495e-06    5.1703107238057845e-06
35.91818849179984    5.162342735557793e-06    5.165104663397653e-06    5.230394012677059e-06    5.185947137210835e-06
36.018188441799836    5.184439741832256e-06    5.187225444430895e-06    5.253168047259824e-06    5.208277744507658e-06
36.11818839179983    5.203487974955387e-06    5.206269821871081e-06    5.272489774250923e-06    5.227415857025796e-06
36.21818834179983    5.227489809539106e-06    5.230319925666847e-06    5.29691471283429e-06    5.251574816013414e-06
36.31818829179983    5.24229393638051e-06    5.245150909347968e-06    5.3125046146211305e-06    5.266649820116537e-06
36.418188241799825    5.253181766536984e-06    5.2560611917297425e-06    5.324084615233693e-06    5.277775857833473e-06
36.51818819179982    5.2757933086184325e-06    5.278688524413141e-06    5.347056511987412e-06    5.300512781672995e-06
36.61818814179982    5.296501708078622e-06    5.299434646252622e-06    5.368348110724404e-06    5.321428155018549e-06
36.71818809179982    5.321225464811269e-06    5.324167378815096e-06    5.393839729871596e-06    5.346410857832654e-06
36.818188041799814    5.340821748329806e-06    5.343805494628388e-06    5.414206354923349e-06    5.3662778659605144e-06
36.91818799179981    5.34754183363164e-06    5.350531443632314e-06    5.421358185052693e-06    5.373143820772215e-06
37.01818794179981    5.36687962603099e-06    5.369928226895741e-06    5.4414677916029876e-06    5.392758548176573e-06
37.118187891799806    5.398531837657107e-06    5.401605171991476e-06    5.474159526773439e-06    5.424765512140674e-06
37.2181878417998    5.415051255279153e-06    5.41813900526741e-06    5.491144123865986e-06    5.441444794804183e-06
37.3181877917998    5.4272446184442105e-06    5.430379038164058e-06    5.504154754622111e-06    5.4539261370767935e-06
37.4181877417998    5.451096802579475e-06    5.454253051782731e-06    5.528934695616186e-06    5.4780948499927975e-06
37.518187691799795    5.476540782870056e-06    5.47970357522798e-06    5.555143454173465e-06    5.503795937423834e-06
37.61818764179979    5.497525231288935e-06    5.500757867269709e-06    5.577065089644161e-06    5.525116062734268e-06
37.71818759179979    5.511832512932511e-06    5.51509244579529e-06    5.592269992222954e-06    5.539731650316918e-06
37.81818754179979    5.537028324844772e-06    5.540339116786662e-06    5.618392421069958e-06    5.5652532875671304e-06
37.918187491799785    5.556714232957431e-06    5.5600811855671565e-06    5.639064485197236e-06    5.585286634573942e-06
38.01818744179978    5.578291455896306e-06    5.5816792977712345e-06    5.661660603249876e-06    5.607210452305805e-06
38.11818739179978    5.601583531013768e-06    5.605005781237412e-06    5.6859922152322375e-06    5.630860509161139e-06
38.218187341799776    5.619399541660041e-06    5.6228633594765405e-06    5.704938789872026e-06    5.649067230336202e-06
38.318187291799774    5.646228251207332e-06    5.649741717371735e-06    5.73287044118674e-06    5.676280136588602e-06
38.41818724179977    5.675843771450486e-06    5.679399778285059e-06    5.763627575773399e-06    5.706290375169647e-06
38.51818719179977    5.699236333422698e-06    5.70284840226807e-06    5.788238289060181e-06    5.7301076749169836e-06
38.618187141799766    5.71583094524074e-06    5.7195026353068305e-06    5.8060683581337465e-06    5.747133979560439e-06
38.71818709179976    5.741809537302771e-06    5.74554691757808e-06    5.833397677621249e-06    5.773584710834033e-06
38.81818704179976    5.769725746740591e-06    5.773508897849596e-06    5.862657717883932e-06    5.801964120824707e-06
38.91818699179976    5.791792224485637e-06    5.795640927701304e-06    5.886097845944932e-06    5.824510332710626e-06
39.018186941799755    5.8222796666915785e-06    5.8261624044771e-06    5.918019109286385e-06    5.855487060151688e-06
39.11818689179975    5.847536242063953e-06    5.851498712075909e-06    5.944821087620558e-06    5.881285347253474e-06
39.21818684179975    5.865655648181178e-06    5.869667914815492e-06    5.964503533662786e-06    5.899942365553151e-06
39.31818679179975    5.901417177431814e-06    5.9054986090501824e-06    6.001888975631661e-06    5.936268254037885e-06
39.418186741799744    5.930207429667442e-06    5.9343435456246495e-06    6.032351128023939e-06    5.965634034438676e-06
39.51818669179974    5.952919777232354e-06    5.957133041406338e-06    6.056795787013541e-06    5.9889495352174115e-06
39.61818664179974    5.985077455588341e-06    5.9893733300643375e-06    6.090799730190459e-06    6.021750171947712e-06
39.718186591799736    6.018981821185567e-06    6.023367201289278e-06    6.126705992394122e-06    6.056351671622988e-06
39.81818654179973    6.046288672132354e-06    6.0507397743448856e-06    6.155986152126891e-06    6.084338199534711e-06
39.91818649179973    6.083014988587107e-06    6.0875423616498085e-06    6.1946683741477226e-06    6.121741908128212e-06
40.01818644179973    6.113022973420223e-06    6.117649157129039e-06    6.226892569017134e-06    6.152521566522132e-06
40.118186391799725    6.1366243071485145e-06    6.141337555895289e-06    6.252787070689863e-06    6.176916311244556e-06
40.21818634179972    6.1772028852377995e-06    6.182011866603277e-06    6.29569703110283e-06    6.218303927647969e-06
40.31818629179972    6.212106972705169e-06    6.217030313972763e-06    6.333088223962323e-06    6.254075170213418e-06
40.41818624179972    6.248080804143842e-06    6.2531259565705445e-06    6.371614692682777e-06    6.29094048446572e-06
40.518186191799714    6.285054522062923e-06    6.290186944924949e-06    6.411283466019582e-06    6.328841644335817e-06
40.61818614179971    6.3165454200419065e-06    6.3218036748356215e-06    6.445644354866825e-06    6.361331149914784e-06
40.71818609179971    6.357499178523264e-06    6.362886527981234e-06    6.489557100496611e-06    6.4033142690003695e-06
40.818186041799706    6.399538749278638e-06    6.405020923605603e-06    6.53469059845306e-06    6.446416757112434e-06
40.9181859917997    6.4358950439754165e-06    6.44151206989331e-06    6.574344479105088e-06    6.483917197657938e-06
41.0181859417997    6.473261255037392e-06    6.479039689440547e-06    6.615160633514928e-06    6.522487192664289e-06
41.1181858917997    6.512352980948707e-06    6.5182740590033584e-06    6.65776228400257e-06    6.562796441318213e-06
41.218185841799695    6.5617623672460436e-06    6.567821326893625e-06    6.711054210863785e-06    6.613545968334485e-06
41.31818579179969    6.6052258606615015e-06    6.6114380658796965e-06    6.758494704249085e-06    6.6583862102634275e-06
41.41818574179969    6.650151325205217e-06    6.656563488907409e-06    6.8076002392304645e-06    6.704771684447697e-06
41.51818569179969    6.6975782760542444e-06    6.704173062744783e-06    6.859642034106588e-06    6.753797790968538e-06
41.618185641799684    6.738696612715007e-06    6.745438225872597e-06    6.9055246919658955e-06    6.796553176851166e-06
41.71818559179968    6.798094085583698e-06    6.80507617093599e-06    6.969968975767558e-06    6.857713077429083e-06
41.81818554179968    6.8509081287991e-06    6.858094089472512e-06    7.0280440520277696e-06    6.912348756766461e-06
41.918185491799676    6.890276702999242e-06    6.897698322595247e-06    7.0731126998931925e-06    6.953695908495894e-06
42.01818544179967    6.948017163276205e-06    6.955658061229192e-06    7.136874020633682e-06    7.0135164150463604e-06
42.11818539179967    7.009025470387877e-06    7.016872714807129e-06    7.20418668932496e-06    7.076694958173322e-06
42.21818534179967    7.064309345744467e-06    7.072503921330409e-06    7.266303049277003e-06    7.134372105450626e-06
42.318185291799665    7.130444071039471e-06    7.1389147544971434e-06    7.339861460192214e-06    7.203073428576276e-06
42.41818524179966    7.191425929832937e-06    7.199957638780674e-06    7.408695154843158e-06    7.266692907818923e-06
42.51818519179966    7.254215696025439e-06    7.263362920861319e-06    7.47990977578197e-06    7.332496130889575e-06
42.61818514179966    7.321147504143618e-06    7.330616255149361e-06    7.555899513320262e-06    7.402554424204414e-06
42.718185091799654    7.390238618248896e-06    7.400046202102346e-06    7.634349787220315e-06    7.474878202523853e-06
42.81818504179965    7.462610357178904e-06    7.472961055690287e-06    7.717206045607047e-06    7.5509258194920784e-06
42.91818499179965    7.531768671578483e-06    7.5424591952304875e-06    7.797843554405591e-06    7.624023807071522e-06
43.018184941799646    7.611723886641191e-06    7.622840090784431e-06    7.890100763958711e-06    7.708221580461444e-06
43.11818489179964    7.687803681626831e-06    7.699537897055268e-06    7.97954396140074e-06    7.78896184669428e-06
43.21818484179964    7.768618871381973e-06    7.781056846485324e-06    8.07482126290845e-06    7.87483232692525e-06
43.31818479179964    7.869769929038575e-06    7.882669334985171e-06    8.191429024891224e-06    7.981289429638322e-06
43.418184741799635    7.965426474560315e-06    7.97921103949535e-06    8.304157149492587e-06    8.082931554516084e-06
43.51818469179963    8.019644562870707e-06    8.034136590171494e-06    8.377170497079955e-06    8.143650550040717e-06
43.61818464179963    8.105157449435398e-06    8.120467409424411e-06    8.483511998093948e-06    8.236378952317919e-06
43.71818459179963    8.26106171858071e-06    8.277408874150365e-06    8.661855373113273e-06    8.400108655281449e-06
43.818184541799624    8.42366625175211e-06    8.440807969725685e-06    8.849701575483755e-06    8.571391932320516e-06
43.91818449179962    8.512235736052145e-06    8.530561503950813e-06    8.966167411390269e-06    8.669654883797742e-06
44.01818444179962    8.602343487300411e-06    8.621774014120004e-06    9.086452448666929e-06    8.770189983362447e-06
44.118184391799616    8.705296476724243e-06    8.726092166061547e-06    9.223937235375905e-06    8.885108626053897e-06
44.21818434179961    8.8938418243232e-06    8.916386247835479e-06    9.450658131927524e-06    9.086962068028734e-06
44.31818429179961    9.012780593591169e-06    9.037228750125274e-06    9.612288617155048e-06    9.220765986957163e-06
44.41818424179961    9.145786879473838e-06    9.172039714739741e-06    9.794249142311995e-06    9.37069191217519e-06
44.518184191799605    9.363894153229447e-06    9.39246744235402e-06    1.0066677521680042e-05    9.607679705754503e-06
44.6181841417996    9.517118864740991e-06    9.548253777021948e-06    1.0282069737353476e-05    9.782480793038803e-06
44.7181840917996    9.68322884299664e-06    9.717268100877479e-06    1.0519449190173937e-05    9.973315378016018e-06
44.8181840417996    9.86295133231667e-06    9.90014295141666e-06    1.0779556723963714e-05    1.0180883669232349e-05
44.918183991799594    1.0139213458066238e-05    1.0180285965876351e-05    1.1149501637463769e-05    1.0489667020468785e-05
45.01818394179959    1.0360634174449876e-05    1.0406020040102153e-05    1.1481381446150442e-05    1.0749345220234159e-05
45.11818389179959    1.059450324974003e-05    1.0645131828531134e-05    1.184169446234988e-05    1.1027109846873679e-05
45.218183841799586    1.0848305845780497e-05    1.0904574702936993e-05    1.2242349265317162e-05    1.1331743271344885e-05
45.318183791799584    1.1136653689353506e-05    1.1200253902160462e-05    1.270703719833007e-05    1.1681314929948013e-05
45.41818374179958    1.1535883343269827e-05    1.1608255072240097e-05    1.3316944954186444e-05    1.2153694456565457e-05
45.51818369179958    1.1888261918110725e-05    1.1970746658400519e-05    1.3920337409793577e-05    1.2593115328768272e-05
45.618183641799575    1.2280352117755637e-05    1.2375089511161725e-05    1.461795172429829e-05    1.3091131117738551e-05
45.71818359179957    1.271426502252184e-05    1.2824299915297822e-05    1.542472680084925e-05    1.3654430579556305e-05
45.81818354179957    1.3127981543358793e-05    1.3256861985960586e-05    1.629864827471513e-05    1.4227830601344837e-05
45.91818349179957    1.3769376838331512e-05    1.3921791777076205e-05    1.7519517554121677e-05    1.5070228723176464e-05
46.018183441799565    1.4416299976547358e-05    1.4598149336472521e-05    1.8901893930002864e-05    1.5972114414340912e-05
46.11818339179956    1.5159077410162639e-05    1.5379279675871752e-05    2.0593982238890285e-05    1.7044113108308223e-05
46.21818334179956    1.6029618965543115e-05    1.6300487820801094e-05    2.2713854210456673e-05    1.834798699893363e-05
46.318183291799556    1.7058698008517524e-05    1.739733662605221e-05    2.5422734217756988e-05    1.9959589617442242e-05
46.418183241799554    1.8296988420894258e-05    1.8729799662646823e-05    2.8978366328232234e-05    2.200171813725777e-05
46.51818319179955    1.9748744701492324e-05    2.0315049205775933e-05    3.37265548813525e-05    2.459678292954025e-05
46.61818314179955    2.176477270877956e-05    2.2527632265552102e-05    4.061430132612818e-05    2.830223543348661e-05
46.718183091799546    2.4316905209214042e-05    2.5386491476128557e-05    5.072960043560707e-05    3.347766570698322e-05
46.81818304179954    2.7788002372856962e-05    2.9363942218926084e-05    6.673490356862486e-05    4.12956160534693e-05
46.91818299179954    3.31880766189812e-05    3.568839977380799e-05    9.49560822909861e-05    5.461085289459176e-05
47.01818294179954    4.2937470393895845e-05    4.745320408086685e-05    0.00015452668402882958    8.163911950119743e-05
47.118182891799535    7.517015201004421e-05    8.790269579725324e-05    0.0003898005865051093    0.00018429114477080225
47.21818284179953    0.0001217766701260345    0.00014653782929114855    0.0007337100954512115    0.0003340081982894649
47.31818279179953    0.0016943313609003232    0.002164754032500219    0.013321321048821916    0.005726802147407486
47.41818274179953    0.0010036269635023444    0.0012754097422562603    0.007721102747270683    0.003333379817676429
47.518182691799524    0.00011426840437122265    0.00012997694904379447    0.0005024700702601038    0.00024890514122504056
47.61818264179952    9.46210461464084e-05    0.00010006276485976696    0.00022897273189482543    0.00014121884763366693
47.71818259179952    0.0001066613662678078    0.00010808037337870586    0.0001416096741346382    0.0001187838045937173
47.818182541799516    0.00014319445989867524    0.00014189056146582998    0.00011083552788282658    0.00013197351641577727
47.91818249179951    0.0002249498076238076    0.00022032934535283022    0.00011025385213137751    0.00018517766836933844
48.01818244179951    0.0004341728714199948    0.0004227061067225202    0.00014970889068317004    0.0003355292896085617
48.11818239179951    0.004888308635062966    0.004740785937744574    0.0012349511122212926    0.0036213485616762775
48.218182341799505    0.006552303975569045    0.006353679566484414    0.0016385261403931467    0.004848169894148869
48.3181822917995    0.02065245650797847    0.02002495962050713    0.005094313228761239    0.015257243119082279
48.4181822417995    0.005434400566841049    0.005269584636185527    0.0013603172517949844    0.004021434151607188
48.5181821917995    0.0006320400183957298    0.0006138895883633314    0.00018255828747894146    0.0004761626314126674
48.618182141799494    0.000280080528912523    0.0002727033812796521    9.755573636711066e-05    0.00021677988218642862
48.71818209179949    0.00016356627775928023    0.0001598890656258346    7.221328059128475e-05    0.00013188954132546652
48.81818204179949    0.0001108926848886753    0.00010907528840181248    6.594711918057124e-05    9.530503082368635e-05
48.918181991799486    8.389215992914446e-05    8.347260901764662e-05    7.341535401182897e-05    8.026004098620668e-05
49.01818194179948    7.077890116528984e-05    7.2101892590885e-05    0.00010369207769540852    8.219095715052779e-05
49.11818189179948    7.266744892418345e-05    7.807508344084648e-05    0.00020633998525361404    0.00011902750587288132
49.21818184179948    0.0005053536403770303    0.0006362123220841803    0.0037399192597621206    0.0016271617407411106
49.318181791799475    0.00039424890602674537    0.0004952166565421499    0.002889944485918839    0.0012598033494959115
49.41818174179947    5.2029895054648656e-05    5.6939840909832806e-05    0.00017350444384821697    9.41580599375662e-05
49.51818169179947    3.850183056776376e-05    4.044500683904994e-05    8.657584015361564e-05    5.517422585347645e-05
49.61818164179947    3.2365683219082715e-05    3.329282555608038e-05    5.5289684986932226e-05    4.0316064587365104e-05
49.718181591799464    2.9401395761028677e-05    2.9929875081128234e-05    4.241881195833214e-05    3.391669426682969e-05
49.81818154179946    2.708273181029598e-05    2.7397496500413803e-05    3.4815092522948224e-05    2.976510694455267e-05
49.91818149179946    2.5676279022007586e-05    2.587930878277735e-05    3.069677812236555e-05    2.7417455309050166e-05
50.018181441799456    2.630036749016e-05    2.6490510258442763e-05    3.09357560327623e-05    2.7908877927121688e-05
50.11818139179945    2.7309198838982547e-05    2.750067854214754e-05    3.205551371440934e-05    2.895513036517981e-05
50.21818134179945    2.5080578523006007e-05    2.5195895737119364e-05    2.795126454177801e-05    2.6075912933967793e-05
50.31818129179945    2.3169069305315608e-05    2.3244392641332292e-05    2.5025724758710954e-05    2.381306223511962e-05
50.418181241799445    2.2980364267909117e-05    2.3051762920894906e-05    2.4669605548777968e-05    2.356724424586066e-05
50.51818119179944    2.29856213787679e-05    2.3053594214196356e-05    2.4660644881396765e-05    2.3566620158120343e-05
50.61818114179944    2.314111328649995e-05    2.3210589933307655e-05    2.4885303661019933e-05    2.374566896027584e-05
50.71818109179944    2.345930318270482e-05    2.3534238773391533e-05    2.5358043040197816e-05    2.411719499876472e-05
50.818181041799434    2.402739584371279e-05    2.411695457611908e-05    2.6200822702311644e-05    2.4781724374047838e-05
50.91818099179943    2.494159062996393e-05    2.504211564750902e-05    2.7493581865128812e-05    2.5825762714200585e-05
51.01818094179943    2.6577861161786595e-05    2.6723892983947442e-05    2.983388630866454e-05    2.771188015146619e-05
51.118180891799426    5.0591746501076493e-05    5.104116370976339e-05    6.098451553996194e-05    5.42058085836006e-05
51.21818084179942    5.051782452865933e-05    5.101590588441124e-05    6.179707645191522e-05    5.444360228832859e-05
51.31818079179942    3.457326982820749e-05    3.5125120340616324e-05    4.929415942882668e-05    3.966418319921682e-05
51.41818074179942    3.419904831180238e-05    3.5528720010625383e-05    6.52645407269629e-05    4.499743634979688e-05
51.518180691799415    6.791240064083133e-05    7.01767097117907e-05    0.00012332471633811118    8.713794223024439e-05
51.61818064179941    0.00012796466886462883    0.00013126764599655376    0.0002094286458098882    0.00015622032022369028
51.71818059179941    0.00016805903027833564    0.0001721941046441832    0.0002701957018585359    0.0002034829455936849
51.81818054179941    0.00020950807687004962    0.00021460985531102157    0.0003355989089937261    0.00025323894705826577
51.918180491799404    0.0002529217082183231    0.00025921148346398236    0.00040835175742819763    0.0003068283163701677
52.0181804417994    0.0002987363739826572    0.00030650235023511733    0.0004906562916744925    0.00036529833863075566
52.1181803917994    0.0003473187278347732    0.0003569141326832612    0.0005844992213930194    0.00042957736063701797
52.218180341799396    0.0003994304360801458    0.0004112613836975965    0.0006920076515057787    0.0005008998237611737
52.31818029179939    0.00045569913546991545    0.0004702319553862041    0.0008148547078910405    0.00058026193291572
52.41818024179939    0.0005169152974029248    0.0005346077819044623    0.0009542355396340078    0.0006685862063137984
52.51818019179939    0.00058168330777446    0.0006029661656170441    0.0011078186906001923    0.0007641560546638988
52.618180141799385    0.0006539856161008613    0.0006791839894810223    0.0012767925170400515    0.0008699873742073117
52.71818009179938    0.0007416567513708341    0.0007712574506415438    0.0014732064119687177    0.0009953735379936986
52.81818004179938    0.0008398790526972997    0.000873761159958775    0.0016773187855340442    0.001130319666063373
52.91817999179938    0.0009491097867269743    0.0009869389631851626    0.0018841148344026356    0.0012733878614382575
53.018179941799374    0.0010765819217943208    0.001117675412139086    0.0020923698416693962    0.0014288757252009345
53.11817989179937    0.0012286033684006754    0.0012718756693516108    0.0022980350672200437    0.0015995047016574432
53.21817984179937    0.0014133506991367744    0.0014572509270317725    0.0024983630126803676    0.0017896548796163046
53.318179791799366    0.0016411148647657787    0.0016837096357247715    0.002693909672438948    0.0020062447243098325
53.418179741799364    0.0019198083871983544    0.0019589232238403135    0.0028865136436646704    0.0022550817515677793
53.51817969179936    0.0022486244709136655    0.002282167299667466    0.003077713880978954    0.0025361685505200285
53.61817964179936    0.0026119471930820992    0.00263847682965245    0.003267460880635147    0.002839294967789899
53.718179591799355    0.0029812828954796297    0.0030003663439363165    0.0034529340959077244    0.0031448611117745567
53.81817954179935    0.0033330381936199204    0.0033451823790159596    0.003633098486982053    0.0034371063532059776
53.91817949179935    0.0036645710441540746    0.0036705369282616046    0.003811552363701006    0.0037155534453722286
54.01817944179935    0.003994757774882898    0.003994863168807345    0.003997027839568472    0.003995549594419572
54.118179391799345    0.004350699634183807    0.004344605678810995    0.0041996934311689885    0.004298332914721263
54.21817934179934    0.004756716133460589    0.004743433782277067    0.004428119784736618    0.004642756566824759
54.31817929179934    0.005230519194409438    0.005208634032370752    0.004688875772636572    0.00504267633313892
54.418179241799336    0.005780520449990136    0.00574838345421287    0.004985268487941195    0.005504724130714734
54.518179191799334    0.006402753127100597    0.0063588304864728015    0.005316844032139651    0.006026142548571016
54.61817914179933    0.007074294091549334    0.00701780810717142    0.00567755239876519    0.006589884865828649
54.71817909179933    0.007747710701582868    0.007679213445861741    0.0060544557614166964    0.007160459969620434
54.818179041799326    0.00835252375408885    0.008274694609037115    0.006428122708455649    0.007685113690527204
54.91817899179932    0.00881313556961164    0.008730794817177444    0.006777500010162571    0.00810714346565055
55.01817894179932    0.009077976994346733    0.00899743442107589    0.007086777255380704    0.00838739622360111
55.11817889179932    0.009142792399182817    0.009070333833283513    0.007352098118657767    0.008521741450374699
55.218178841799315    0.009045725120889645    0.00898645466150129    0.0075805025061125965    0.008537560762834512
55.31817879179931    0.008841134143177654    0.008798335974415955    0.007783254202777677    0.008474241440123763
55.41817874179931    0.008574912339759055    0.008550442795157227    0.007970363602397123    0.008365239579104468
55.51817869179931    0.00827371501894281    0.008268585030101628    0.008147176074469005    0.008229825374504481
55.618178641799304    0.007947726704634544    0.007962525216539755    0.008314115012433477    0.008074788977869259
55.7181785917993    0.007599923790753668    0.0076350512359422305    0.00846864422615221    0.007901206417616036
55.8181785417993    0.0072329028536326665    0.007288391291443137    0.008604911519743448    0.007708735221606417
55.918178491799296    0.006854775352158836    0.006930033408886385    0.00871564294206191    0.007500150567702377
56.01817844179929    0.006479374687567451    0.006572927943662451    0.00879224634422406    0.007281516325151321
56.11817839179929    0.006123436329884488    0.0062327411890177814    0.008825642253756772    0.007060606590886347
56.21817834179929    0.005802823849152593    0.005924391974954588    0.008808028831818228    0.006845081551975137
56.318178291799285    0.00553023075509418    0.005659908059062268    0.008735858682027548    0.006641999165394665
56.41817824179928    0.0053132589995435004    0.005446652840294313    0.00861056593862001    0.006456825926152609
56.51817819179928    0.00515502774871707    0.005287895684110255    0.008439349841934422    0.006294091091587249
56.61817814179928    0.005055947487307367    0.005184539880682579    0.008234590730783921    0.006158359366257957
56.718178091799274    0.005014141026753032    0.0051353786344943255    0.008010799745452907    0.006053439802233421
56.81817804179927    0.005026604670639031    0.0051380974718138635    0.007782520492976762    0.005982407545143219
56.91817799179927    0.005090917048209108    0.005190951469263549    0.007563523981282751    0.005948464166251803
57.018177941799266    0.0052050299035148965    0.005292419670243226    0.00736503249385028    0.005954160689202801
57.11817789179926    0.005367911082343148    0.005441875937721352    0.007196053184183573    0.006001946734749358
57.21817784179926    0.005579833067957948    0.005639852020238394    0.007063339137699869    0.0060943414086320705
57.31817779179926    0.005843012594519959    0.005888710444497866    0.006972548321585261    0.0062347571202010284
57.418177741799255    0.006161931742277423    0.006192962242178247    0.0069289345166118725    0.006427942833689181
57.51817769179925    0.006542888630917149    0.006558856384321958    0.0069376796331392186    0.006679808216126108
57.61817764179925    0.006994166404447019    0.006994583736340349    0.007004744734444834    0.0069978316250774
57.71817759179925    0.007526393404397244    0.007510682634887434    0.007138102632741903    0.0073917262240088604
57.818177541799244    0.008153106891627928    0.008120543111085106    0.007348386944636328    0.00787401231578312
57.91817749179924    0.008895035534243357    0.008844732158065586    0.007651734665851709    0.008463834119386884
58.01817744179924    0.009787412147975967    0.009718067186603823    0.008073430494604357    0.009192969943061381
58.118177391799236    0.01089346927474298    0.010802915996951244    0.008655117521446314    0.010117167597713512
58.21817734179923    0.012318278678897574    0.01220290666700267    0.009466472321669602    0.011329219222523283
58.31817729179923    0.014224235150456259    0.014078666084349815    0.010625863557849934    0.012976254930885337
58.41817724179923    0.016859408528210554    0.016676949756240362    0.012348656805378935    0.015295005029943284
58.518177191799225    0.020607887012389213    0.020382871797521317    0.015044066284097735    0.01867827503133609
58.61817714179922    0.025837531150324392    0.025576386449648894    0.019380860228304694    0.02359825927609266
58.71817709179922    0.030977067408748296    0.0307477027778118    0.025308996207657482    0.02901125546473919
58.81817704179922    0.02949460580526409    0.029432502486472147    0.027968019769005502    0.02896504268691391
58.918176991799214    0.02132887743364109    0.021367015726226544    0.022279086542356448    0.021658326567408025
59.01817694179921    0.01466084754866427    0.014706418475579262    0.015791801813752854    0.015053022612665463
59.11817689179921    0.010535713946420912    0.010606655183347743    0.012291198929109917    0.011144522686292856
59.218176841799206    0.0077758092898507925    0.007880336060479639    0.010361217929259234    0.008672454426529889
59.3181767917992    0.00594553863061752    0.006072967825488726    0.009096535884150794    0.007038347446752347
59.4181767417992    0.004816609632989567    0.004950797413601526    0.008133972595639078    0.005967126547410056
59.5181766917992    0.004069174623692643    0.004197853223206894    0.007250394347174289    0.005172474064691275
59.618176641799195    0.0035216461596593467    0.0036367538337467435    0.00636717961133818    0.004508526534914756
59.71817659179919    0.003111240640157364    0.00320850323702355    0.005515542964404175    0.003945095613861697
59.81817654179919    0.0028215765354897893    0.0029001041772517117    0.004762736035418644    0.003494805582720048
59.91817649179919    0.002647726487808923    0.00270853312571752    0.004150647476732078    0.0031689690300861738
60.018176441799184    0.002557517766848215    0.0026014964748052455    0.003644404314437097    0.002934472852030186
60.11817639179918    0.0014495478418079725    0.0014674324886271419    0.0018914964711833834    0.0016028256005394992
60.21817634179918    0.00023823892458290762    0.0002411902098630428    0.0003111912629543956    0.00026354013246678194
60.318176291799176    0.00014487923004153356    0.00014642883526781624    0.0001831887140268864    0.00015816559311207875
60.41817624179917    0.00010924396136931449    0.00011025386003522838    0.0001342131185936896    0.00011790364666607748
60.51817619179917    8.909874770261661e-05    8.982171873982148e-05    0.00010697513934476626    9.529853526240147e-05
60.61817614179917    7.563999245635227e-05    7.618694815213628e-05    8.916504625920682e-05    8.033066228923178e-05
60.718176091799165    6.580418711852926e-05    6.623382584666586e-05    7.642883511101492e-05    6.948894935873668e-05
60.81817604179916    5.821011608890603e-05    5.8557126181594025e-05    6.679184178351631e-05    6.118636135133879e-05
60.91817599179916    5.212725412154161e-05    5.2413697027372094e-05    5.921143349991118e-05    5.4584128216274963e-05
61.01817594179916    4.7125138723544994e-05    4.736580693238767e-05    5.3077468846651546e-05    4.91894715008614e-05
61.118175891799154    4.292971319300078e-05    4.31349318004448e-05    4.8005459294486936e-05    4.4690034762644166e-05
61.21817584179915    3.9356143768365994e-05    3.9533352274759814e-05    4.373923803035378e-05    4.087624469115987e-05
61.31817579179915    3.6274127386898487e-05    3.642882678018864e-05    4.010057964679981e-05    3.760117793796231e-05
61.418175741799146    3.358854194867605e-05    3.3724888722761085e-05    3.696112358595895e-05    3.475818475246536e-05
61.518175691799144    3.1227969106156385e-05    3.134916218820876e-05    3.4225777820594525e-05    3.226763637165322e-05
61.61817564179914    2.9137536884577854e-05    2.9246077698249375e-05    3.182242575495123e-05    3.0068680112592818e-05
61.71817559179914    2.7274267337098934e-05    2.7372139316726292e-05    2.9695282565936943e-05    2.811389640658739e-05
61.818175541799135    2.5603945585312594e-05    2.569274094191827e-05    2.7800460446654588e-05    2.6365715657961822e-05
61.91817549179913    2.4098949735306504e-05    2.417996077098165e-05    2.6102922186761296e-05    2.4793944231016483e-05
62.01817544179913    2.2736708327004903e-05    2.2810994381613116e-05    2.4574335994348323e-05    2.337401290098878e-05
62.11817539179913    2.1498579684525408e-05    2.156701697030658e-05    2.3191532042034834e-05    2.2085709565622272e-05
62.218175341799125    2.0369022093535458e-05    2.0432341318406955e-05    2.193537067868766e-05    2.091224469687669e-05
62.31817529179912    1.933496912014181e-05    1.939378424803401e-05    2.078989865052009e-05    1.983955067289864e-05
62.41817524179912    1.8385352017256518e-05    1.8440182506770228e-05    1.974171018492273e-05    1.8855748236316495e-05
62.518175191799116    1.7510730157558723e-05    1.7562018329631807e-05    1.8779457155715994e-05    1.7950735214302175e-05
62.618175141799114    1.6703001347389735e-05    1.675112609085554e-05    1.7893468638224174e-05    1.711586535882315e-05
62.71817509179911    1.5955172459684827e-05    1.6000460127701253e-05    1.707545229494019e-05    1.6343694960775422e-05
62.81817504179911    1.5261176018056886e-05    1.530390917143552e-05    1.63182576261885e-05    1.56277809385603e-05
62.918174991799106    1.4615722249456017e-05    1.4656146720919168e-05    1.5615686534981387e-05    1.4962518501785525e-05
63.0181749417991    1.4014178767008441e-05    1.4052509412390348e-05    1.4962340491490656e-05    1.4343009556963148e-05
63.1181748917991    1.3452472004738946e-05    1.3488897411145844e-05    1.4353496250732606e-05    1.3764955222205798e-05
63.2181748417991    1.2927005913969428e-05    1.2961692282906258e-05    1.378500407416593e-05    1.3224567423680537e-05
63.318174791799095    1.2434594478235203e-05    1.2467688840708403e-05    1.3253203820988783e-05    1.2718495713310795e-05
63.41817474179909    1.1972405356606445e-05    1.2004038257205665e-05    1.2754855345973715e-05    1.224376631992861e-05
63.51817469179909    1.1537912575322714e-05    1.1568200317288537e-05    1.2287080419723402e-05    1.1797731104111552e-05
63.61817464179909    1.1128856602678048e-05    1.115790313795679e-05    1.1847314026249664e-05    1.13780245889615e-05
63.718174591799084    1.0743210496103861e-05    1.0771109026392197e-05    1.1433263276819683e-05    1.0982527599771913e-05
63.81817454179908    1.0379151069410177e-05    1.0405985402193099e-05    1.1042872631998931e-05    1.06093363678674e-05
63.91817449179908    1.0035034226155713e-05    1.0060879934736842e-05    1.0674294283868641e-05    1.0256736148253732e-05
64.01817444179908    9.70937378241997e-06    9.734299194648193e-06    1.0325862860369545e-05    9.923178612479236e-06
64.11817439179907    9.400823204961773e-06    9.424890258751834e-06    9.99607372185597e-06    9.60726239518986e-06
64.21817434179907    9.108159815745962e-06    9.131424792097581e-06    9.683564259240185e-06    9.307716289027909e-06
64.31817429179907    8.830271079327607e-06    8.852785238740481e-06    9.387097740604473e-06    9.023384686224188e-06
64.41817424179906    8.56614266248314e-06    8.587952797370035e-06    9.105549296075771e-06    8.753214918642984e-06
64.51817419179906    8.314847998582412e-06    8.335996914280311e-06    8.837893722348945e-06    8.496246211737221e-06
64.61817414179906    8.075539152590786e-06    8.096066087370407e-06    8.583194840649757e-06    8.251600026870317e-06
64.71817409179906    7.847438787002322e-06    7.867379780776132e-06    8.340596179433247e-06    8.0184715824039e-06
64.81817404179905    7.629833091393042e-06    7.649221308422482e-06    8.10931279381024e-06    7.796122397875253e-06
64.91817399179905    7.42206553389592e-06    7.440931548597156e-06    7.888624068497073e-06    7.583873716996716e-06
65.01817394179905    7.223531330791769e-06    7.2419033788411616e-06    7.677867361387553e-06    7.381100690340162e-06
65.11817389179905    7.033672538414237e-06    7.0515767395527745e-06    7.476432381340481e-06    7.187227219769163e-06
