5964.058282216    2.8856761161e-05    2.8939548536e-05    2.9093310342e-05    2.8963206679666668e-05
5964.158282216    2.7087135673e-05    2.7180476269e-05    2.7347828926e-05    2.7205146956000003e-05
5964.258282215999    2.5351160336015788e-05    2.5454878235015694e-05    2.563567023801557e-05    2.5480569603015684e-05
5964.358282215999    2.374024459801465e-05    2.3853750068014562e-05    2.4047231746014447e-05    2.3880408804014554e-05
5964.458282215998    2.2243362874027227e-05    2.2366072618027062e-05    2.2571501358026846e-05    2.239364561669371e-05
5964.558282215998    2.08103153890391e-05    2.094136316103887e-05    2.1157627380038577e-05    2.0969768643372186e-05
5964.658282215997    1.949231582703596e-05    1.9631319309035744e-05    1.985802958403546e-05    1.9660554906702387e-05
5964.758282215997    1.8319476713042666e-05    1.84658512360424e-05    1.8702271597042048e-05    1.8495866515375703e-05
5964.858282215996    1.7238751475039317e-05    1.739223305803906e-05    1.7638102743038713e-05    1.7423029092039032e-05
5964.9582822159955    1.6273759897043884e-05    1.6434250639043566e-05    1.668946352304314e-05    1.6465824686376862e-05
5965.058282215995    1.540827665504723e-05    1.5575081093046885e-05    1.5838849021046416e-05    1.5607402256380178e-05
5965.158282215994    1.4599513359044134e-05    1.4772336214043805e-05    1.5044334161043356e-05    1.4805394578043766e-05
5965.258282215994    1.3891336272045086e-05    1.4070086718044708e-05    1.4350212303044192e-05    1.4103878431044662e-05
5965.358282215993    1.3253290698040621e-05    1.3437596724040267e-05    1.3725466003039776e-05    1.3472117808373555e-05
5965.458282215993    1.2687980802041132e-05    1.2877692965040739e-05    1.3173169082040186e-05    1.2912947616374017e-05
5965.558282215992    1.2190974385040683e-05    1.238610590804024e-05    1.2689244179039611e-05    1.2422108157373512e-05
5965.658282215992    1.17084220240395e-05    1.1908763879039072e-05    1.2219344078038464e-05    1.1945509993705676e-05
5965.758282215991    1.1272854868039614e-05    1.1478433732039138e-05    1.1796485268038459e-05    1.1515924622705738e-05
5965.858282215991    1.0901301509033794e-05    1.1112145804033314e-05    1.143781595803262e-05    1.1150421090366576e-05
5965.95828221599    1.057373841103277e-05    1.078989695103224e-05    1.1123312344031464e-05    1.0828982568698825e-05
5966.0582822159895    1.0280417330032013e-05    1.0501619514031463e-05    1.0842484960030649e-05    1.0541507268031374e-05
5966.158282215989    1.0017473980028697e-05    1.0243815928028136e-05    1.0592265567027309e-05    1.0284518491694713e-05
5966.258282215988    9.778655444928237e-06    1.0010333856027605e-05    1.036669277002667e-05    1.0051894023660838e-05
5966.358282215988    9.544283950127712e-06    9.781316770227077e-06    1.0145643181026136e-05    9.823747967126973e-06
5966.458282215987    9.331629856627076e-06    9.573836854226418e-06    9.945964298725424e-06    9.61714366985964e-06
5966.558282215987    9.156527886823889e-06    9.403945435623176e-06    9.7839803067221e-06    9.448151209723055e-06
5966.658282215986    9.001558567921141e-06    9.254382836420403e-06    9.642679209919277e-06    9.299540204753609e-06
5966.758282215986    8.861883086620326e-06    9.120028241819552e-06    9.516537795018355e-06    9.166149707819412e-06
5966.858282215985    8.741311863217545e-06    9.00485864551676e-06    9.409709210415544e-06    9.051959906383284e-06
5966.958282215985    8.633116548816729e-06    8.902141451315883e-06    9.315525502614563e-06    8.950261167582392e-06
5967.058282215984    8.541294477315032e-06    8.81613699411408e-06    9.238530833912605e-06    8.865320768447237e-06
5967.1582822159835    8.462457873312907e-06    8.743013072711971e-06    9.174379075610502e-06    8.793283340545127e-06
5967.258282215983    8.398031738311133e-06    8.684497829010112e-06    9.125166427308504e-06    8.735898664876584e-06
5967.358282215982    8.347232077708779e-06    8.639856026707714e-06    9.09026466710603e-06    8.692450923840841e-06
5967.458282215982    8.30611627920748e-06    8.60495002270635e-06    9.065278404904545e-06    8.658781568939458e-06
5967.558282215981    8.277105561805542e-06    8.582417666604303e-06    9.053025453202339e-06    8.637516227204063e-06
5967.658282215981    8.256227683703988e-06    8.56780572970279e-06    9.048589390000847e-06    8.624207601135875e-06
5967.75828221598    8.247093722601827e-06    8.565033567900553e-06    9.056211189598476e-06    8.622779493366953e-06
5967.85828221598    8.252107518698997e-06    8.576827586397641e-06    9.079064435295428e-06    8.635999846797356e-06
5967.958282215979    8.265036027697296e-06    8.596673198595848e-06    9.110220832393483e-06    8.657310019562209e-06
5968.058282215979    8.288157192094953e-06    8.626845642593414e-06    9.152090393290861e-06    8.689031075993076e-06
5968.158282215978    8.322640290192473e-06    8.66858238919089e-06    9.205941176788244e-06    8.732387952057203e-06
5968.2582822159775    8.36270192219089e-06    8.715811228589261e-06    9.265291035186505e-06    8.781268061988886e-06
5968.358282215977    8.415841131687918e-06    8.776479252886205e-06    9.33860494208333e-06    8.843641775552484e-06
5968.458282215976    8.478409246785204e-06    8.846784684583374e-06    9.42208832428026e-06    8.915760751882945e-06
5968.558282215976    8.551681718782008e-06    8.927963010680066e-06    9.51688944677672e-06    8.99884472541293e-06
5968.658282215975    8.634656221879623e-06    9.018970716877652e-06    9.621890502574217e-06    9.091839147110499e-06
5968.758282215975    8.72796091747624e-06    9.120594022374122e-06    9.738052683470419e-06    9.195535874440261e-06
5968.858282215974    8.832654774873338e-06    9.233772179071179e-06    9.866168707567375e-06    9.310865220503964e-06
5968.958282215974    8.946406876069998e-06    9.356020689267756e-06    1.0003733737963717e-05    9.43538710110049e-06
5969.058282215973    9.074159973165143e-06    9.492501855362761e-06    1.015609400195843e-05    9.574251943495443e-06
5969.158282215973    9.210729183162737e-06    9.637878507160333e-06    1.0317688856955908e-05    9.722098849092995e-06
5969.258282215972    9.35842131275836e-06    9.794697639655786e-06    1.0491511998950993e-05    9.881543650455046e-06
5969.3582822159715    9.523254015053527e-06    9.969043617150845e-06    1.0683684963945819e-05    1.0058660865383396e-05
5969.458282215971    9.701843869248023e-06    1.015740274394518e-05    1.0890590131939782e-05    1.0249945581710996e-05
5969.55828221597    9.891017984243224e-06    1.0356283135940309e-05    1.1108366571934638e-05    1.0451889230706054e-05
5969.65828221597    1.0095146075938735e-05    1.0570346455935752e-05    1.134206108392986e-05    1.0669184538601448e-05
5969.758282215969    1.0316257445931626e-05    1.0801668894928469e-05    1.1593838307922144e-05    1.090392154959408e-05
5969.858282215969    1.055107274092739e-05    1.1046453549924306e-05    1.1859412604917876e-05    1.1152312965256525e-05
5969.958282215968    1.0805354435919056e-05    1.1310982029915794e-05    1.2145739550908856e-05    1.1420692005581234e-05
5970.058282215968    1.1078657061910516e-05    1.1594722220907098e-05    1.24520703558997e-05    1.1708483212905772e-05
5970.158282215967    1.1369361284904819e-05    1.1895825339901414e-05    1.2776482415893781e-05    1.2013889680233337e-05
5970.258282215967    1.1684936176893804e-05    1.2222193878890172e-05    1.3127413203881907e-05    1.2344847753221962e-05
5970.358282215966    1.2021344209886794e-05    1.2569020916883288e-05    1.3499293433874857e-05    1.2696552853548313e-05
5970.4582822159655    1.2381470457875536e-05    1.2939485094871964e-05    1.3895691690863001e-05    1.3072215747870168e-05
5970.558282215965    1.27674264728631e-05    1.3335613116859493e-05    1.4318572610850003e-05    1.34738707335242e-05
5970.658282215964    1.3183367497852464e-05    1.3761553526848918e-05    1.4772307464839059e-05    1.3905742829846814e-05
5970.758282215964    1.362955015983768e-05    1.4217524089834119e-05    1.5257102663823633e-05    1.4368058971165144e-05
5970.858282215963    1.4107209932826228e-05    1.4704498727822839e-05    1.5773808274812023e-05    1.4861838978487029e-05
5970.958282215963    1.4625899052806586e-05    1.5232091173803265e-05    1.6332393246791706e-05    1.5396794491133855e-05
5971.058282215962    1.518408425178678e-05    1.579854422978362e-05    1.6930803057771417e-05    1.597114384644727e-05
5971.158282215962    1.5780720116772095e-05    1.6402300540769375e-05    1.7567329270756853e-05    1.6583449976099442e-05
5971.258282215961    1.6424946398748056e-05    1.7052455017745733e-05    1.8250938392732653e-05    1.7242779936408814e-05
5971.358282215961    1.7127033866725427e-05    1.7759136228723632e-05    1.899223554871009e-05    1.7959468548053053e-05
5971.45828221596    1.7883927969697108e-05    1.8518763780696012e-05    1.9787111507681908e-05    1.872993441935834e-05
5971.5582822159595    1.870500051666396e-05    1.9340623603663636e-05    2.0645203696648805e-05    1.9563609272325465e-05
5971.658282215959    1.960081292263337e-05    2.0234728676634067e-05    2.1576446233618868e-05    2.04706626109621e-05
5971.758282215958    2.057225479059358e-05    2.1200829632595818e-05    2.2579556838580334e-05    2.1450880420589907e-05
5971.858282215958    2.1631062270557028e-05    2.2250132540561007e-05    2.3665785291545558e-05    2.2515660034221197e-05
5971.958282215957    2.279079601050426e-05    2.3395950379510206e-05    2.4848816405494298e-05    2.3678520931836255e-05
5972.058282215957    2.4062422376444863e-05    2.464783283745348e-05    2.6137618031437365e-05    2.494929108177857e-05
5972.158282215956    2.5459298940390184e-05    2.601775280640195e-05    2.754325316138636e-05    2.63401016360595e-05
5972.258282215956    2.699540453331543e-05    2.751784123933148e-05    2.9076797252316574e-05    2.786334767498783e-05
5972.358282215955    2.8691532330244118e-05    2.916731002526491e-05    3.075728636625109e-05    2.9538709573920042e-05
5972.458282215955    3.057693405514262e-05    3.099322237016967e-05    3.261083188515711e-05    3.139366277015646e-05
5972.558282215954    3.267086123802875e-05    3.301150719106383e-05    3.46516172190534e-05    3.344466188271533e-05
5972.6582822159535    3.5007121550916344e-05    3.525230940396062e-05    3.6907731501953524e-05    3.5722387485610155e-05
5972.758282215953    3.762634778776127e-05    3.775162669281798e-05    3.941285519981523e-05    3.826360989346483e-05
5972.858282215952    4.0570024069607824e-05    4.0545563557678645e-05    4.2200222057681754e-05    4.110526989498941e-05
5972.958282215952    4.389534551739709e-05    4.3683500010487416e-05    4.531487660649864e-05    4.429790737812771e-05
5973.058282215951    4.767632174314306e-05    4.723037035725803e-05    4.881709777427997e-05    4.790792995822702e-05
5973.158282215951    5.199292642488e-05    5.1254186597023797e-05    5.27674010190599e-05    5.200483801365457e-05
5973.25828221595    5.693640588952717e-05    5.5830159219710996e-05    5.723147402076697e-05    5.666601304333504e-05
5973.35828221595    6.264550955914418e-05    6.10776434213751e-05    6.231742589945589e-05    6.201352629332506e-05
5973.458282215949    6.927802660962195e-05    6.7128873634918e-05    6.814165401503363e-05    6.818285141985785e-05
5973.558282215949    7.70288012669819e-05    7.414432056436311e-05    7.484323284452582e-05    7.533878489195695e-05
5973.658282215948    8.616132260926559e-05    8.234249011774997e-05    8.261309350597201e-05    8.370563541099587e-05
5973.7582822159475    9.699707298128405e-05    9.198513715191344e-05    9.167574678321939e-05    9.355265230547231e-05
5973.858282215947    0.00010996222932316079    0.00010341762579396929    0.00010232750659438112    0.0001052357872371704
5973.958282215946    0.00012558993822161412    0.00011706495130267683    0.00011493043392323725    0.00011919510781584273
5974.058282215946    0.00014457931328963754    0.00013347765708104364    0.00012995646092180035    0.00013600447709749384
5974.158282215945    0.00016783394960731    0.00015335567225915263    0.00014801540228014527    0.000156401674715536
5974.258282215945    0.00019645044252412382    0.00017751852595659465    0.00016984043875789166    0.00018126980241287002
5974.358282215944    0.00023171310961043657    0.00020688028755371036    0.00019630213157531928    0.0002116318429131554
5974.458282215944    0.0002749981506155922    0.00024236957301998808    0.00022841047931189453    0.0002485927343158249
5974.558282215943    0.00032731079043002583    0.00028462337700578934    0.00026712849991781525    0.0002930208891178768
5974.658282215943    0.0003885125376449325    0.000333724437491866    0.0003131918783036065    0.0003451429511468016
5974.758282215942    0.0004561615962406231    0.0003891456707577406    0.00036694018223871436    0.00040408248307902594
5974.8582822159415    0.0005245939648101672    0.00045003784790455606    0.0004281757075543562    0.00046760250675635976
5974.958282215941    0.0005856449788739084    0.0005154364066713382    0.0004959219496199504    0.0005323344450550657
5975.05828221594    0.0006312368098826328    0.0005834502923591736    0.0005678278805668372    0.0005941716609362145
5975.15828221594    0.0006552567082155817    0.0006493584199304376    0.0006397480364568288    0.000648121054867616
5975.258282215939    0.0006536083956410044    0.0007045134975563905    0.0007069196669790682    0.0006883471867254876
5975.358282215939    0.0006249233474574797    0.0007376670556397975    0.0007652696769044438    0.0007092866933339068
5975.458282215938    0.0005727923735022407    0.0007388414924392737    0.0008096905327125276    0.0007071081328846807
5975.558282215938    0.0005058659514919999    0.0007043076327916718    0.0008308738961167064    0.0006803491601334594
5975.658282215937    0.00043455615452475053    0.0006400011551503556    0.0008178045629982017    0.0006307872908911026
5975.758282215937    0.00036715126381291305    0.0005593238486113628    0.0007667436121525078    0.0005644062415255946
5975.858282215936    0.0003080987240175956    0.0004762418490528938    0.0006865639465210461    0.0004903015065305118
5975.9582822159355    0.0002586151621719536    0.00040006573522919004    0.0005935561814800589    0.0004174123596270675
5976.058282215935    0.0002181016910365297    0.00033478567411274776    0.0005022895159397647    0.00035172562702968067
5976.158282215934    0.00018523167879152448    0.00028082763714533366    0.00042105116021319783    0.00029570349205001865
5976.258282215934    0.00015857970113769508    0.00023695979757912521    0.0003525659614254695    0.0002493684867140966
5976.358282215933    0.00013688779297440194    0.0002014834027435539    0.00029642089124727643    0.0002115973623217441
5976.458282215933    0.00011910389531196903    0.0001727304634293515    0.00025089704748063876    0.0001809104687406531
5976.558282215932    0.00010440187476002857    0.00014929249352598753    0.0002140471709351361    0.00015591384640705074
5976.658282215932    9.214670623435951e-05    0.00013004775184312725    0.00018411682775041613    0.00013543709527596761
5976.758282215931    8.184619116411987e-05    0.0001141161043810122    0.00015965157707691077    0.00011853795754068095
5976.858282215931    7.313095991302411e-05    0.00010082957978918386    0.00013951023403392201    0.00010449025791204332
5976.95828221593    6.572580113318591e-05    8.968260098980636e-05    0.00012281768095168997    9.274202769156074e-05
5977.0582822159295    5.941491324947698e-05    8.028379766766757e-05    0.00010889586387987621    8.286485826567359e-05
5977.158282215929    5.4034501929816894e-05    7.233424696763947e-05    9.722655217827827e-05    7.453176702524488e-05
5977.258282215928    4.944013083730106e-05    6.558613796084852e-05    8.739382803306483e-05    6.747336561040481e-05
5977.358282215928    4.55033203038286e-05    5.9830860871135176e-05    7.906017625798774e-05    6.146478581098384e-05
5977.458282215927    4.2104191772473195e-05    5.4884692018598815e-05    7.194320067717828e-05    5.631069482275009e-05
5977.558282215927    3.9143144944181374e-05    5.060038293415621e-05    6.58174335115128e-05    5.1853653796616793e-05
5977.658282215926    3.653315458192276e-05    4.6850281803762665e-05    6.0494260290921535e-05    4.795923222553565e-05
5977.758282215926    3.421092065873189e-05    4.354107556046795e-05    5.583411700947547e-05    4.452870440955844e-05
5977.858282215925    3.213637022854717e-05    4.060778163618761e-05    5.1732344056059046e-05    4.149216530693128e-05
5977.958282215925    3.027150448340775e-05    3.799065265497562e-05    4.809835526974323e-05    3.8786837469375536e-05
5978.058282215924    2.8588876627285487e-05    3.5646793408790657e-05    4.486527550746999e-05    3.636698184784871e-05
5978.1582822159235    2.7070718247159834e-05    3.35444927296061e-05    4.198248545920238e-05    3.419923214532277e-05
5978.258282215923    2.5697070517061925e-05    3.165300924646225e-05    3.940347573099376e-05    3.2251185164839306e-05
5978.358282215922    2.4449963430964102e-05    2.9944610360320713e-05    3.7084548914792695e-05    3.0493040902025837e-05
5978.458282215922    2.3319032242884576e-05    2.8401260221207153e-05    3.499800164463202e-05    2.890609803624125e-05
5978.558282215921    2.2287749914816014e-05    2.7001093164107896e-05    3.3112584037491855e-05    2.7467142372138587e-05
5978.658282215921    2.1346585665744704e-05    2.5727019312008125e-05    3.140284498435285e-05    2.6158816654035228e-05
5978.75828221592    2.0490413080685243e-05    2.4569306835926582e-05    2.985337426824013e-05    2.497103139495065e-05
5978.85828221592    1.9711135511623696e-05    2.3518289381841187e-05    2.8448456040124432e-05    2.3892626977863105e-05
5978.958282215919    1.8999299559576196e-05    2.2559659743775963e-05    2.7170440120034492e-05    2.290979980779555e-05
5979.058282215919    1.834600383653475e-05    2.1681503056718814e-05    2.6002070549956366e-05    2.2009859147736643e-05
5979.158282215918    1.7749857570487972e-05    2.0880310460655814e-05    2.4935979783872644e-05    2.1188715938338813e-05
5979.2582822159175    1.7203102879452517e-05    2.014546420960819e-05    2.3959706581808002e-05    2.04360912236229e-05
5979.358282215917    1.6706597507410925e-05    1.9477193764553088e-05    2.3070705970735773e-05    1.975149908089993e-05
5979.458282215916    1.625205686538033e-05    1.886464508351254e-05    2.2254719780682764e-05    1.912380724319188e-05
5979.558282215916    1.583617085035177e-05    1.8302585751475405e-05    2.1505530894633686e-05    1.854809583215362e-05
5979.658282215915    1.545804580531983e-05    1.77900711334335e-05    2.082190706457823e-05    1.8023341334443854e-05
5979.758282215915    1.511481037729344e-05    1.732201931740015e-05    2.0193750001537026e-05    1.7543526565410203e-05
5979.858282215914    1.4802198884267258e-05    1.689412157936582e-05    1.9618991883491375e-05    1.710510411570815e-05
5979.958282215914    1.4519041861244654e-05    1.6503617186337405e-05    1.9091900747455414e-05    1.670485326501249e-05
5980.058282215913    1.426491933522188e-05    1.6151857936307126e-05    1.8614215066417076e-05    1.6343664112648696e-05
5980.158282215913    1.403680590919917e-05    1.5830727883280385e-05    1.8175375912383156e-05    1.6014303234954236e-05
5980.258282215912    1.3834501362178475e-05    1.5540844908255736e-05    1.777534846535291e-05    1.5716898245262374e-05
5980.3582822159115    1.3654644078158671e-05    1.5281370912228908e-05    1.741236402932023e-05    1.5449459673235935e-05
5980.458282215911    1.34984696951392e-05    1.5048350751207693e-05    1.7082416205294083e-05    1.5209745550546992e-05
5980.55828221591    1.3366059044119224e-05    1.4845730200182438e-05    1.6790765146262603e-05    1.5000851463521421e-05
5980.65828221591    1.3249385004105055e-05    1.4664663546163032e-05    1.65262164722382e-05    1.4813421674168763e-05
5980.758282215909    1.3157798136083298e-05    1.4511472823139327e-05    1.6294170823211042e-05    1.4654480594144556e-05
5980.858282215909    1.3086897851064484e-05    1.4381207316118476e-05    1.6086767417188632e-05    1.4518290861457199e-05
5980.958282215908    1.3033167943049355e-05    1.4274564190097961e-05    1.5911624394160884e-05    1.44064521757694e-05
5981.058282215908    1.299890155203179e-05    1.418918071907921e-05    1.5760413483140276e-05    1.4316165251417091e-05
5981.158282215907    1.2990997016007334e-05    1.4133716064051454e-05    1.5642347872109527e-05    1.4255686984056105e-05
5981.258282215907    1.2991783784999263e-05    1.4089227526041676e-05    1.553857985409721e-05    1.4206530388379383e-05
5981.358282215906    1.301882215797467e-05    1.4077803523010701e-05    1.5473153856061293e-05    1.4189926512348889e-05
5981.4582822159055    1.3061465738959664e-05    1.4080106726997822e-05    1.542211080104828e-05    1.4187894422335258e-05
5981.558282215905    1.3129021599935486e-05    1.4111465397970054e-05    1.5404802830016527e-05    1.4215096609307356e-05
5981.658282215904    1.3221738554911458e-05    1.4174253205940041e-05    1.5420664453984853e-05    1.4272218738278783e-05
5981.758282215904    1.333467806589112e-05    1.4263289288914164e-05    1.5471642689950854e-05    1.4356536681585379e-05
5981.858282215903    1.349678337584372e-05    1.4404337792864021e-05    1.5579959591895576e-05    1.4493693586867773e-05
5981.958282215903    1.3736338721766874e-05    1.4664394125746923e-05    1.5842386356744617e-05    1.4747706401419472e-05
5982.058282215902    1.3910357610829069e-05    1.480338026686348e-05    1.5931667221912303e-05    1.4881801699868286e-05
5982.158282215902    1.4028869098883593e-05    1.4817298071986329e-05    1.583456469309538e-05    1.4893577287988432e-05
5982.258282215901    1.4237216664793455e-05    1.4956756434861747e-05    1.5896224894938875e-05    1.5030065998198024e-05
5982.3582822159005    1.4625044970615527e-05    1.5242865577716366e-05    1.6075958799821823e-05    1.531462311605124e-05
5982.4582822159    1.4844525301780422e-05    1.5426037200816745e-05    1.6209103371866795e-05    1.5493221958154654e-05
5982.558282215899    1.4869174999975116e-05    1.5486385099939077e-05    1.627730207593115e-05    1.5544287391948444e-05
5982.658282215899    1.5052861636814562e-05    1.5667984328816668e-05    1.6433545632842266e-05    1.57181305328245e-05
5982.758282215898    1.5297301683751005e-05    1.590364368675995e-05    1.663718428579257e-05    1.5946043218767845e-05
5982.858282215898    1.5583269796708703e-05    1.617817659972035e-05    1.6878583366754104e-05    1.6213343254394386e-05
5982.958282215897    1.5908625340665624e-05    1.6491837290677643e-05    1.7155870382715023e-05    1.6518777671352763e-05
5983.058282215897    1.6280360885614578e-05    1.6852663681625886e-05    1.747744630766658e-05    1.687015695830235e-05
5983.158282215896    1.6712534368551912e-05    1.727128767656596e-05    1.7856645858606837e-05    1.728015596790824e-05
5983.258282215896    1.7135747441557355e-05    1.7688807679563307e-05    1.823384222960548e-05    1.7686132450242048e-05
5983.358282215895    1.7575961731539574e-05    1.8131448689537032e-05    1.8632231888583317e-05    1.8113214103219977e-05
5983.4582822158945    1.8077529976470837e-05    1.8623502301480877e-05    1.9073073415534907e-05    1.859136856449554e-05
5983.558282215894    1.863419831240764e-05    1.9174738515413428e-05    1.9572066735469017e-05    1.912700118776336e-05
5983.658282215893    1.9240410162354922e-05    1.9781179674354678e-05    2.0123169581413565e-05    1.9714919806041054e-05
5983.758282215893    1.990373426128812e-05    2.0447459606284945e-05    2.0730413693348302e-05    2.0360535853640456e-05
5983.858282215892    2.0630263248220285e-05    2.11793817052145e-05    2.139697795628464e-05    2.106887430323981e-05
5983.958282215892    2.142639333913835e-05    2.19861836281268e-05    2.213317662320321e-05    2.184858453015612e-05
5984.058282215891    2.2295093492051905e-05    2.2869123523036364e-05    2.293672793912301e-05    2.270031498473709e-05
5984.158282215891    2.3250850093956894e-05    2.384586802293399e-05    2.3826348529029075e-05    2.364102221530665e-05
5984.25828221589    2.4297578968848085e-05    2.491810697582001e-05    2.4797149267931643e-05    2.467094507086658e-05
5984.35828221589    2.5448360963733578e-05    2.6100747223698516e-05    2.5863799304826163e-05    2.5804302497419422e-05
5984.458282215889    2.671852780159064e-05    2.7417072315539426e-05    2.7050106423683695e-05    2.7061902180271255e-05
5984.5582822158885    2.812463320642702e-05    2.8877439454366317e-05    2.835684378553818e-05    2.8452972148777173e-05
5984.658282215888    2.9685819500253534e-05    3.0517315810165507e-05    2.982660375435581e-05    3.0009913021591616e-05
5984.758282215887    3.143032400803259e-05    3.23546527589279e-05    3.14596431541583e-05    3.174820664037293e-05
5984.858282215887    3.3393432963786056e-05    3.4426825698663053e-05    3.327708067295034e-05    3.3699113111799824e-05
5984.958282215886    3.558842198750459e-05    3.678179496732271e-05    3.5352274169640776e-05    3.590749704148936e-05
5985.058282215886    3.8078323186146665e-05    3.9456499455934886e-05    3.766827470934595e-05    3.840103245047583e-05
5985.158282215885    4.091225607675242e-05    4.2518897613490604e-05    4.029203507099327e-05    4.12410629204121e-05
5985.258282215885    4.413583626827658e-05    4.604730801092448e-05    4.329806274352786e-05    4.449373567424297e-05
5985.358282215884    4.781029944175578e-05    5.010417307331408e-05    4.671441025305392e-05    4.820962758937459e-05
5985.458282215884    5.200224923211992e-05    5.4783108374553005e-05    5.061284972746162e-05    5.246606911137818e-05
5985.558282215883    5.678924843238366e-05    6.0179181151669065e-05    5.506444781777718e-05    5.734429246727663e-05
5985.6582822158825    6.225260153859012e-05    6.639530027070696e-05    6.014303430604156e-05    6.293031203844622e-05
5985.758282215882    6.848967930362564e-05    7.3541275978551e-05    6.593844040714785e-05    6.932313189644151e-05
5985.858282215881    7.560053795959253e-05    8.17174982993329e-05    7.25466664351868e-05    7.662156756470408e-05
5985.958282215881    8.36916827263599e-05    9.100388170193585e-05    8.006948012603704e-05    8.492168151811093e-05
5986.05828221588    9.287787528497167e-05    0.00010144275386746778    8.861795181873728e-05    9.431286032372558e-05
5986.15828221588    0.00010325462387754237    0.0001129789562861504    9.828746282839143e-05    0.00010484034766402808
5986.258282215879    0.000114905318655907    0.00012542912112493995    0.00010916040571684779    0.00011649828183256489
5986.358282215879    0.00012786486202432377    0.00013841928422428674    0.00012126410091535903    0.0001291827490546565
5986.458282215878    0.0001420795729626762    0.0001513817093942024    0.0001345205073538441    0.0001426605965702409
5986.558282215878    0.00015735689469124225    0.0001637025175148723    0.00014871726843256896    0.00015659222687956117
5986.658282215877    0.00017329073576043615    0.00017504098432607844    0.00016352008301182485    0.00017061726769944646
5986.7582822158765    0.00018920311218031778    0.00018557240616697357    0.0001785176546814493    0.0001844310576762469
5986.858282215876    0.0002041846780414691    0.00019583584792730503    0.00019329239758172494    0.00019777097451683303
5986.958282215875    0.0002181633104525825    0.0002079476379249086    0.00020918517608019748    0.00021176537481922952
5987.058282215875    0.00023207988174253326    0.00022149047446300233    0.00022472441023049667    0.00022609825547867743
5987.158282215874    0.0002470941279211556    0.00023718587201030066    0.000240833033259782    0.00024170434439707943
5987.258282215874    0.00026394622225869564    0.0002547556339977883    0.00025737619861908615    0.00025869268495852337
5987.358282215873    0.0002844939440240236    0.00027469712066479    0.0002749017508678442    0.000278030938518886
5987.458282215873    0.00030998127168754716    0.0002973857284311108    0.0002938140494159191    0.0003003936831781924
5987.558282215872    0.00034126967452987613    0.0003229808262771772    0.0003145793848633708    0.000326276628556808
5987.658282215872    0.0003787025667219965    0.00035119339977382057    0.00033764765945041756    0.0003558478753154115
5987.758282215871    0.00042190914694419947    0.0003811946787112539    0.00036337830359676934    0.0003888273764174075
5987.8582822158705    0.00046929378341880354    0.0004116477165306705    0.00039181880695326955    0.00042425343563424784
5987.95828221587    0.0005175350045072586    0.00044104048888177243    0.0004225407698300437    0.00046037208773969156
5988.058282215869    0.0005620486169917018    0.0004676952030750911    0.00045374417156913375    0.0004944959972119755
5988.158282215869    0.000592693697599865    0.0004900790583306845    0.00048459002214960205    0.0005224542593600506
5988.258282215868    0.000605930301702544    0.0005080511773962989    0.0005130318879724918    0.0005423377890237781
5988.358282215868    0.0006006070140670202    0.0005215925278321421    0.0005377543653673968    0.000553317969088853
5988.458282215867    0.0005790946186285655    0.0005307130868278891    0.0005580803161730099    0.0005559626738764882
5988.558282215867    0.0005510184646275365    0.0005369500824616614    0.0005742405659783944    0.0005540697043558642
5988.658282215866    0.000521487971389481    0.0005413255322741502    0.0005883673221911131    0.0005503936086182481
5988.758282215866    0.0004946670978461023    0.0005448343768652768    0.0006014386393724053    0.0005469800380279282
5988.858282215865    0.0004724164890199505    0.0005484404270451461    0.0006137035783634907    0.0005448534981428623
5988.9582822158645    0.0004547691967339147    0.0005527586928841482    0.0006242107017657613    0.000543912863794608
5989.058282215864    0.00044071490667917345    0.0005575777326734256    0.0006309117518308582    0.0005430681303944857
5989.158282215863    0.00042885941195617373    0.0005613024166149186    0.0006311300148997023    0.0005404306144902649
5989.258282215863    0.00041793279437500597    0.0005609271929705153    0.0006223457455920638    0.0005337352443125283
5989.358282215862    0.0004071011839248755    0.0005529441951909633    0.0006031224837064    0.0005210559542740795
5989.458282215862    0.0003960371773452952    0.0005348704660249856    0.0005737574874405951    0.0005015550436036253
5989.558282215861    0.0003848626361855497    0.0005064916240894899    0.0005363392825820685    0.0004758978476190361
5989.658282215861    0.0003739205356752262    0.0004698877255709353    0.0004940271262588784    0.0004459451291683467
5989.75828221586    0.0003634918916446066    0.0004284602321080243    0.0004499981827016679    0.00041398343548476623
5989.85828221586    0.0003535023086639916    0.0003856824947599155    0.0004065943975007923    0.00038192640030823316
5989.958282215859    0.0003433616875142954    0.0003442758105483717    0.00036506709502854174    0.0003509015310304029
5990.0582822158585    0.00033211322860595945    0.0003059689044743503    0.0003259684980854735    0.00032135021038859444
5990.158282215858    0.0003188116107988725    0.0002715672809088094    0.0002896483349615315    0.0002933424088897378
5990.258282215857    0.0003030315760425324    0.00024127925286324847    0.00025655008497726126    0.00026695363796101404
5990.358282215857    0.00028499157220575946    0.00021492554952763063    0.00022702023909216586    0.00024231245360851867
5990.458282215856    0.0002654443697780893    0.00019216048755271346    0.00020117110388714527    0.00021959198707264933
5990.558282215856    0.00024531932227910274    0.00017254202322837018    0.00017881793291232484    0.00019889309280659927
5990.658282215855    0.0002254614516887164    0.00015563231871445308    0.0001595974864377946    0.00018023041894698802
5990.758282215855    0.00020652643583755407    0.00014104355687122942    0.00014310841056399477    0.00016355946775759277
5990.858282215854    0.0001889025045256462    0.00012842426567836348    0.0001289419683106149    0.00014875624617154154
5990.958282215854    0.00017279085714359208    0.00011747187721603744    0.00011673163602787943    0.00013566479012916963
5991.058282215853    0.00015822033717146792    0.00010792968995405929    0.00010615744977557981    0.000124102492300369
5991.1582822158525    0.00014515840619924521    9.959927480127388e-05    9.697189621853382e-05    0.00011390985907301765
5991.258282215852    0.00013347586905731906    9.227815818485337e-05    8.893308087391734e-05    0.00010489570270536328
5991.358282215851    0.00012305507298544858    8.583499558755183e-05    8.18781297064588e-05    9.692273275981975e-05
5991.458282215851    0.00011376713605385362    8.014849595048182e-05    7.566080981127357e-05    8.985881393853634e-05
5991.55828221585    0.00010547165182244875    7.510741502756498e-05    7.015147808626766e-05    8.357684831209382e-05
5991.65828221585    9.804262882114848e-05    7.062154749373179e-05    6.524601162236146e-05    7.797006264574725e-05
5991.758282215849    9.138299092505445e-05    6.663000530202628e-05    6.0872645824602736e-05    7.296188068389449e-05
5991.858282215849    8.539927045203399e-05    6.307623200436535e-05    5.696536185589906e-05    6.848028810409946e-05
5991.958282215848    8.000140109119859e-05    5.990204641482113e-05    5.3459415656325024e-05    6.445428772078158e-05
5992.058282215848    7.512967606444376e-05    5.707592073831818e-05    5.0318703429798854e-05    6.0841433410853596e-05
5992.158282215847    7.069444037277682e-05    5.453749878087858e-05    4.747778194934079e-05    5.7569907034332066e-05
5992.2582822158465    6.666206566419795e-05    5.2276271580475616e-05    4.4923033197926765e-05    5.462045681420011e-05
5992.358282215846    6.298603998965022e-05    5.026301340209447e-05    4.2623487544534504e-05    5.19575136454264e-05
5992.458282215845    5.9616875679209205e-05    4.8466578236777545e-05    4.054633090421158e-05    4.954326160673278e-05
5992.558282215845    5.6525034329808546e-05    4.6869220492484264e-05    3.867374900391231e-05    4.7356001275401705e-05
5992.658282215844    5.367896648842631e-05    4.544971115520767e-05    3.698584496862509e-05    4.537150753741969e-05
5992.758282215844    5.10505570891117e-05    4.4185713122977314e-05    3.5464060284380574e-05    4.3566776832156533e-05
5992.858282215843    4.860859837882003e-05    4.3048315801779264e-05    3.4083314989159944e-05    4.191340972325308e-05
5992.958282215843    4.6341941226566416e-05    4.202440380361105e-05    3.283801330395939e-05    4.0401452778045615e-05
5993.058282215842    4.4221883676355034e-05    4.107889697749629e-05    3.170353365479534e-05    3.9001438102882214e-05
5993.158282215842    4.223206409714893e-05    4.018106331442084e-05    3.06639887196451e-05    3.769237204373829e-05
5993.258282215841    4.0338769455013396e-05    3.9281678809431474e-05    2.968667517155551e-05    3.643570781200013e-05
5993.3582822158405    3.852354006988915e-05    3.834132848049667e-05    2.875332144348554e-05    3.5206063331290456e-05
5993.45828221584    3.6760990300821334e-05    3.731174234364807e-05    2.7838484480464387e-05    3.397040570831126e-05
5993.558282215839    3.502932599078765e-05    3.6149329409871256e-05    2.6917606945482432e-05    3.269875411538044e-05
5993.658282215839    3.3282274762812414e-05    3.47945717511809e-05    2.5944210558566982e-05    3.1340352357520096e-05
5993.758282215838    3.1495475595892654e-05    3.3218014658552285e-05    2.4895899222697112e-05    2.986979649238068e-05
5993.858282215838    2.9648527149990026e-05    3.1406291042932996e-05    2.3752004628851853e-05    2.8268940940591625e-05
5993.958282215837    2.775959009007518e-05    2.939677211027149e-05    2.2528349474992106e-05    2.6561570558446262e-05
5994.058282215837    2.5855118768117793e-05    2.7245091155522496e-05    2.1253480635087077e-05    2.478456351957579e-05
5994.158282215836    2.3920071468167845e-05    2.506493150056912e-05    1.988936094423319e-05    2.2958121304323383e-05
5994.258282215836    2.2149309677915002e-05    2.3016228741372548e-05    1.8622331507085765e-05    2.1262623308791104e-05
5994.358282215835    2.0552535688628587e-05    2.1163908659049263e-05    1.7463061556908373e-05    1.972650196819541e-05
5994.4582822158345    1.914226830133439e-05    1.9538465618690565e-05    1.642697574471501e-05    1.8369236554913322e-05
5994.558282215834    1.7908757380053024e-05    1.813353616333833e-05    1.5511186561524216e-05    1.718449336830519e-05
5994.658282215833    1.683103817456451e-05    1.6923965217968994e-05    1.4703046218158229e-05    1.6152683203563914e-05
5994.758282215833    1.588551157613397e-05    1.5879350102208537e-05    1.3987022594799848e-05    1.5250628091047452e-05
5994.858282215832    1.505032078991586e-05    1.4970981102356067e-05    1.334830584593987e-05    1.4456535912737264e-05
5994.958282215832    1.4306874119594776e-05    1.4174358275001809e-05    1.2774150486380982e-05    1.3751794293659189e-05
5995.058282215831    1.3639963301818561e-05    1.3469523836675039e-05    1.225408294488598e-05    1.3121190027793194e-05
5995.158282215831    1.3037347034280411e-05    1.2840546613961072e-05    1.1779661817244169e-05    1.2552518488495217e-05
5995.25828221583    1.248921049574532e-05    1.2274791753537098e-05    1.1344119536294517e-05    1.2036040595192313e-05
5995.35828221583    1.1987662379007291e-05    1.1762227588127621e-05    1.0942017598893645e-05    1.1563969188676187e-05
5995.458282215829    1.152631721192286e-05    1.129484695753672e-05    1.0568956869943555e-05    1.1130040346467714e-05
5995.5582822158285    1.1099965275367617e-05    1.0866210109600034e-05    1.0221347821358057e-05    1.0729174402108569e-05
5995.658282215828    1.0704317515244455e-05    1.0471092668190511e-05    9.896233007969993e-06    1.0357214397134987e-05
5995.758282215827    1.0335810080487148e-05    1.0105217339219393e-05    9.591151332035038e-06    1.0010726250580527e-05
5995.858282215827    9.991454711730232e-06    9.765049918804205e-06    9.304034504207528e-06    9.68684637824732e-06
5995.958282215826    9.66872385523337e-06    9.447643852891647e-06    9.03312784656098e-06    9.383165184895333e-06
5996.058282215826    9.365461940155435e-06    9.150521221730793e-06    8.776929391166955e-06    9.097637517684395e-06
5996.158282215825    9.079816380763056e-06    8.871581017580819e-06    8.534142717202373e-06    8.82851337184875e-06
5996.258282215825    8.810183494436297e-06    8.609027947415895e-06    8.303640135754622e-06    8.57428385920227e-06
5996.358282215824    8.555165767849143e-06    8.361316738505673e-06    8.08443371060519e-06    8.333638738986668e-06
5996.458282215824    8.313537811188873e-06    8.127108227033845e-06    7.875652251346304e-06    8.105432763189675e-06
5996.558282215823    8.084219013638338e-06    7.905234465580638e-06    7.676522890665885e-06    7.88865878996162e-06
5996.6582822158225    7.866251408183097e-06    7.694670780129583e-06    7.48635620815373e-06    7.68242613215547e-06
5996.758282215822    7.658781613316598e-06    7.494513224472347e-06    7.3045341200061344e-06    7.485942985931693e-06
5996.858282215821    7.461045994425838e-06    7.3039602568947765e-06    7.130499942113469e-06    7.2985020644780285e-06
5996.958282215821    7.272358383406634e-06    7.122297741091545e-06    6.963750173073567e-06    7.119468765857249e-06
5997.05828221582    7.092099848050273e-06    6.94888658775321e-06    6.8038276521800715e-06    6.948271362661184e-06
5997.15828221582    6.91971011304923e-06    6.7831525032716865e-06    6.650315820827465e-06    6.784392812382794e-06
5997.258282215819    6.754680324101491e-06    6.624577434744343e-06    6.5028338786149655e-06    6.6273638791535995e-06
5997.358282215819    6.596546908399379e-06    6.47269238826324e-06    6.361032668536616e-06    6.476757321733079e-06
5997.458282215818    6.4448863375417655e-06    6.327071364926832e-06    6.224591161092193e-06    6.332182954520263e-06
5997.558282215818    6.299310636723541e-06    6.187326213429833e-06    6.093213432877804e-06    6.193283427677059e-06
5997.658282215817    6.159463515340217e-06    6.053102238567628e-06    5.966626056890016e-06    6.059730603599287e-06
5997.7582822158165    6.02501701719151e-06    5.924074435539691e-06    5.844575836729121e-06    5.9312224298201075e-06
5997.858282215816    5.895668608972339e-06    5.7999442458409365e-06    5.726827829691001e-06    5.8074802281680926e-06
5997.958282215815    5.771138637182782e-06    5.680436750771266e-06    5.613163615776156e-06    5.688246334576735e-06
5998.058282215815    5.6511681001195165e-06    5.565298231827355e-06    5.503379773081958e-06    5.573282035009609e-06
5998.158282215814    5.535516687379595e-06    5.454294043306255e-06    5.397286533006054e-06    5.462365754563968e-06
5998.258282215814    5.423961049463438e-06    5.347206748108277e-06    5.294706586049143e-06    5.355291461206952e-06
5998.358282215813    5.3162932644674076e-06    5.243834479629851e-06    5.195474020608167e-06    5.2518672549018085e-06
5998.458282215813    5.21231947679207e-06    5.143989496571458e-06    5.099433374883901e-06    5.151914116082475e-06
5998.558282215812    5.111858682235106e-06    5.04749690393082e-06    5.006438788274437e-06    5.055264791480121e-06
5998.658282215812    5.0147416439944396e-06    4.954193517205898e-06    4.916353239478059e-06    4.961762800226133e-06
5998.758282215811    4.920809919870768e-06    4.863926851497333e-06    4.829047859295605e-06    4.871261543554568e-06
5998.8582822158105    4.829914988761347e-06    4.776554218002458e-06    4.744401311324695e-06    4.783623506029499e-06
5998.95828221581    4.741917464266929e-06    4.691941915621975e-06    4.662299230566184e-06    4.698719536818363e-06
5999.058282215809    4.6566863837858036e-06    4.6099645043542265e-06    4.582633714418623e-06    4.6164282008528844e-06
