5.964058282216000407e+03 2.885676116099999877e-05 2.893954853600000038e-05 2.909331034200000023e-05 2.896320667966666759e-05
5.964158282215999861e+03 2.708713567299999867e-05 2.718047626900000111e-05 2.734782892599999855e-05 2.720514695600000283e-05
5.964258282215999316e+03 2.535116033601578759e-05 2.545487823501569376e-05 2.563567023801557087e-05 2.548056960301568408e-05
5.964358282215998770e+03 2.374024459801464979e-05 2.385375006801456212e-05 2.404723174601444666e-05 2.388040880401455399e-05
5.964458282215998224e+03 2.224336287402722717e-05 2.236607261802706231e-05 2.257150135802684572e-05 2.239364561669370947e-05
5.964558282215997679e+03 2.081031538903909932e-05 2.094136316103887080e-05 2.115762738003857673e-05 2.096976864337218567e-05
5.964658282215997133e+03 1.949231582703596041e-05 1.963131930903574398e-05 1.985802958403545937e-05 1.966055490670238679e-05
5.964758282215996587e+03 1.831947671304266613e-05 1.846585123604239847e-05 1.870227159704204825e-05 1.849586651537570315e-05
5.964858282215996041e+03 1.723875147503931701e-05 1.739223305803905961e-05 1.763810274303871285e-05 1.742302909203903208e-05
5.964958282215995496e+03 1.627375989704388440e-05 1.643425063904356599e-05 1.668946352304313851e-05 1.646582468637686184e-05
5.965058282215994950e+03 1.540827665504723146e-05 1.557508109304688506e-05 1.583884902104641627e-05 1.560740225638017760e-05
5.965158282215994404e+03 1.459951335904413424e-05 1.477233621404380545e-05 1.504433416104335606e-05 1.480539457804376638e-05
5.965258282215993859e+03 1.389133627204508561e-05 1.407008671804470774e-05 1.435021230304419193e-05 1.410387843104466233e-05
5.965358282215993313e+03 1.325329069804062089e-05 1.343759672404026739e-05 1.372546600303977555e-05 1.347211780837355461e-05
5.965458282215992767e+03 1.268798080204113185e-05 1.287769296504073907e-05 1.317316908204018558e-05 1.291294761637401714e-05
5.965558282215992222e+03 1.219097438504068255e-05 1.238610590804023970e-05 1.268924417903961134e-05 1.242210815737351176e-05
5.965658282215991676e+03 1.170842202403949953e-05 1.190876387903907211e-05 1.221934407803846383e-05 1.194550999370567623e-05
5.965758282215991130e+03 1.127285486803961432e-05 1.147843373203913805e-05 1.179648526803845866e-05 1.151592462270573757e-05
5.965858282215990585e+03 1.090130150903379365e-05 1.111214580403331424e-05 1.143781595803262058e-05 1.115042109036657559e-05
5.965958282215990039e+03 1.057373841103277062e-05 1.078989695103223921e-05 1.112331234403146449e-05 1.082898256869882534e-05
5.966058282215989493e+03 1.028041733003201260e-05 1.050161951403146285e-05 1.084248496003064864e-05 1.054150726803137357e-05
5.966158282215988947e+03 1.001747398002869691e-05 1.024381592802813615e-05 1.059226556702730869e-05 1.028451849169471335e-05
5.966258282215988402e+03 9.778655444928236956e-06 1.001033385602760533e-05 1.036669277002666970e-05 1.005189402366083846e-05
5.966358282215987856e+03 9.544283950127712080e-06 9.781316770227077155e-06 1.014564318102613578e-05 9.823747967126973311e-06
5.966458282215987310e+03 9.331629856627075891e-06 9.573836854226418466e-06 9.945964298725424452e-06 9.617143669859640732e-06
5.966558282215986765e+03 9.156527886823888682e-06 9.403945435623176156e-06 9.783980306722099159e-06 9.448151209723055230e-06
5.966658282215986219e+03 9.001558567921141211e-06 9.254382836420403481e-06 9.642679209919276692e-06 9.299540204753608822e-06
5.966758282215985673e+03 8.861883086620325921e-06 9.120028241819552007e-06 9.516537795018355472e-06 9.166149707819412263e-06
5.966858282215985128e+03 8.741311863217545168e-06 9.004858645516759319e-06 9.409709210415544243e-06 9.051959906383284039e-06
5.966958282215984582e+03 8.633116548816728518e-06 8.902141451315882708e-06 9.315525502614562610e-06 8.950261167582391843e-06
5.967058282215984036e+03 8.541294477315031930e-06 8.816136994114079573e-06 9.238530833912605235e-06 8.865320768447237218e-06
5.967158282215983490e+03 8.462457873312906513e-06 8.743013072711970966e-06 9.174379075610501749e-06 8.793283340545126974e-06
5.967258282215982945e+03 8.398031738311133451e-06 8.684497829010111975e-06 9.125166427308503561e-06 8.735898664876584125e-06
5.967358282215982399e+03 8.347232077708779057e-06 8.639856026707714245e-06 9.090264667106030599e-06 8.692450923840841300e-06
5.967458282215981853e+03 8.306116279207479292e-06 8.604950022706349202e-06 9.065278404904545065e-06 8.658781568939457853e-06
5.967558282215981308e+03 8.277105561805541962e-06 8.582417666604303489e-06 9.053025453202338680e-06 8.637516227204062506e-06
5.967658282215980762e+03 8.256227683703988121e-06 8.567805729702790304e-06 9.048589390000846941e-06 8.624207601135874557e-06
5.967758282215980216e+03 8.247093722601827161e-06 8.565033567900553202e-06 9.056211189598475827e-06 8.622779493366953193e-06
5.967858282215979671e+03 8.252107518698996685e-06 8.576827586397640991e-06 9.079064435295428024e-06 8.635999846797355798e-06
5.967958282215979125e+03 8.265036027697296149e-06 8.596673198595847627e-06 9.110220832393483022e-06 8.657310019562208933e-06
5.968058282215978579e+03 8.288157192094953500e-06 8.626845642593413820e-06 9.152090393290861155e-06 8.689031075993076158e-06
5.968158282215978033e+03 8.322640290192472975e-06 8.668582389190889742e-06 9.205941176788244305e-06 8.732387952057203470e-06
5.968258282215977488e+03 8.362701922190890288e-06 8.715811228589261464e-06 9.265291035186505459e-06 8.781268061988885737e-06
5.968358282215976942e+03 8.415841131687917999e-06 8.776479252886205121e-06 9.338604942083330438e-06 8.843641775552483954e-06
5.968458282215976396e+03 8.478409246785203652e-06 8.846784684583374112e-06 9.422088324280259870e-06 8.915760751882945313e-06
5.968558282215975851e+03 8.551681718782007678e-06 8.927963010680065999e-06 9.516889446776720249e-06 8.998844725412930744e-06
5.968658282215975305e+03 8.634656221879623392e-06 9.018970716877651954e-06 9.621890502574216979e-06 9.091839147110498571e-06
5.968758282215974759e+03 8.727960917476239736e-06 9.120594022374121844e-06 9.738052683470418782e-06 9.195535874440261250e-06
5.968858282215974214e+03 8.832654774873338187e-06 9.233772179071179131e-06 9.866168707567374608e-06 9.310865220503963975e-06
5.968958282215973668e+03 8.946406876069998347e-06 9.356020689267756282e-06 1.000373373796371716e-05 9.435387101100489466e-06
5.969058282215973122e+03 9.074159973165143309e-06 9.492501855362761148e-06 1.015609400195842942e-05 9.574251943495442932e-06
5.969158282215972577e+03 9.210729183162737316e-06 9.637878507160332900e-06 1.031768885695590774e-05 9.722098849092994911e-06
5.969258282215972031e+03 9.358421312758359887e-06 9.794697639655786477e-06 1.049151199895099264e-05 9.881543650455046335e-06
5.969358282215971485e+03 9.523254015053527082e-06 9.969043617150844612e-06 1.068368496394581866e-05 1.005866086538339566e-05
5.969458282215970939e+03 9.701843869248022906e-06 1.015740274394517933e-05 1.089059013193978248e-05 1.024994558171099603e-05
5.969558282215970394e+03 9.891017984243223661e-06 1.035628313594030882e-05 1.110836657193463753e-05 1.045188923070605441e-05
5.969658282215969848e+03 1.009514607593873493e-05 1.057034645593575192e-05 1.134206108392985982e-05 1.066918453860144833e-05
5.969758282215969302e+03 1.031625744593162562e-05 1.080166889492846869e-05 1.159383830792214445e-05 1.090392154959408015e-05
5.969858282215968757e+03 1.055107274092738957e-05 1.104645354992430605e-05 1.185941260491787613e-05 1.115231296525652505e-05
5.969958282215968211e+03 1.080535443591905607e-05 1.131098202991579395e-05 1.214573955090885632e-05 1.142069200558123432e-05
5.970058282215967665e+03 1.107865706191051585e-05 1.159472222090709844e-05 1.245207035589970050e-05 1.170848321290577160e-05
5.970158282215967120e+03 1.136936128490481891e-05 1.189582533990141353e-05 1.277648241589378137e-05 1.201388968023333737e-05
5.970258282215966574e+03 1.168493617689380406e-05 1.222219387889017200e-05 1.312741320388190743e-05 1.234484775322196229e-05
5.970358282215966028e+03 1.202134420988679369e-05 1.256902091688328799e-05 1.349929343387485700e-05 1.269655285354831289e-05
5.970458282215965482e+03 1.238147045787553628e-05 1.293948509487196354e-05 1.389569169086300114e-05 1.307221574787016755e-05
5.970558282215964937e+03 1.276742647286310056e-05 1.333561311685949322e-05 1.431857261085000261e-05 1.347387073352419936e-05
5.970658282215964391e+03 1.318336749785246412e-05 1.376155352684891830e-05 1.477230746483905895e-05 1.390574282984681436e-05
5.970758282215963845e+03 1.362955015983767923e-05 1.421752408983411852e-05 1.525710266382363284e-05 1.436805897116514353e-05
5.970858282215963300e+03 1.410720993282622837e-05 1.470449872782283886e-05 1.577380827481202318e-05 1.486183897848702901e-05
5.970958282215962754e+03 1.462589905280658582e-05 1.523209117380326452e-05 1.633239324679170641e-05 1.539679449113385507e-05
5.971058282215962208e+03 1.518408425178677986e-05 1.579854422978362136e-05 1.693080305777141677e-05 1.597114384644726927e-05
5.971158282215961663e+03 1.578072011677209517e-05 1.640230054076937476e-05 1.756732927075685275e-05 1.658344997609944202e-05
5.971258282215961117e+03 1.642494639874805633e-05 1.705245501774573330e-05 1.825093839273265255e-05 1.724277993640881406e-05
5.971358282215960571e+03 1.712703386672542730e-05 1.775913622872363174e-05 1.899223554871009125e-05 1.795946854805305349e-05
5.971458282215960025e+03 1.788392796969710824e-05 1.851876378069601200e-05 1.978711150768190828e-05 1.872993441935833945e-05
5.971558282215959480e+03 1.870500051666395972e-05 1.934062360366363604e-05 2.064520369664880520e-05 1.956360927232546473e-05
5.971658282215958934e+03 1.960081292263336856e-05 2.023472867663406668e-05 2.157644623361886779e-05 2.047066261096209988e-05
5.971758282215958388e+03 2.057225479059358043e-05 2.120082963259581766e-05 2.257955683858033373e-05 2.145088042058990722e-05
5.971858282215957843e+03 2.163106227055702752e-05 2.225013254056100738e-05 2.366578529154555758e-05 2.251566003422119749e-05
5.971958282215957297e+03 2.279079601050426000e-05 2.339595037951020586e-05 2.484881640549429805e-05 2.367852093183625464e-05
5.972058282215956751e+03 2.406242237644486262e-05 2.464783283745348126e-05 2.613761803143736475e-05 2.494929108177856841e-05
5.972158282215956206e+03 2.545929894039018434e-05 2.601775280640195129e-05 2.754325316138635886e-05 2.634010163605950155e-05
5.972258282215955660e+03 2.699540453331543015e-05 2.751784123933148166e-05 2.907679725231657411e-05 2.786334767498782977e-05
5.972358282215955114e+03 2.869153233024411811e-05 2.916731002526491091e-05 3.075728636625108952e-05 2.953870957392004177e-05
5.972458282215954569e+03 3.057693405514261899e-05 3.099322237016966793e-05 3.261083188515710843e-05 3.139366277015646060e-05
5.972558282215954023e+03 3.267086123802875278e-05 3.301150719106383255e-05 3.465161721905339810e-05 3.344466188271533007e-05
5.972658282215953477e+03 3.500712155091634421e-05 3.525230940396062337e-05 3.690773150195352415e-05 3.572238748561015488e-05
5.972758282215952931e+03 3.762634778776127243e-05 3.775162669281797908e-05 3.941285519981522838e-05 3.826360989346482889e-05
5.972858282215952386e+03 4.057002406960782438e-05 4.054556355767864454e-05 4.220022205768175425e-05 4.110526989498940772e-05
5.972958282215951840e+03 4.389534551739708855e-05 4.368350001048741589e-05 4.531487660649863948e-05 4.429790737812771238e-05
5.973058282215951294e+03 4.767632174314306235e-05 4.723037035725803173e-05 4.881709777427996842e-05 4.790792995822702310e-05
5.973158282215950749e+03 5.199292642487999947e-05 5.125418659702379658e-05 5.276740101905990325e-05 5.200483801365456870e-05
5.973258282215950203e+03 5.693640588952716676e-05 5.583015921971099600e-05 5.723147402076696904e-05 5.666601304333503716e-05
5.973358282215949657e+03 6.264550955914418174e-05 6.107764342137509685e-05 6.231742589945588658e-05 6.201352629332505958e-05
5.973458282215949112e+03 6.927802660962194584e-05 6.712887363491800092e-05 6.814165401503362795e-05 6.818285141985785372e-05
5.973558282215948566e+03 7.702880126698190462e-05 7.414432056436311342e-05 7.484323284452582068e-05 7.533878489195694624e-05
5.973658282215948020e+03 8.616132260926558605e-05 8.234249011774996577e-05 8.261309350597201165e-05 8.370563541099587256e-05
5.973758282215947474e+03 9.699707298128405438e-05 9.198513715191343715e-05 9.167574678321938877e-05 9.355265230547230699e-05
5.973858282215946929e+03 1.099622293231607910e-04 1.034176257939692866e-04 1.023275065943811206e-04 1.052357872371703949e-04
5.973958282215946383e+03 1.255899382216141215e-04 1.170649513026768263e-04 1.149304339232372525e-04 1.191951078158427334e-04
5.974058282215945837e+03 1.445793132896375449e-04 1.334776570810436382e-04 1.299564609218003478e-04 1.360044770974938436e-04
5.974158282215945292e+03 1.678339496073100125e-04 1.533556722591526266e-04 1.480154022801452693e-04 1.564016747155359875e-04
5.974258282215944746e+03 1.964504425241238219e-04 1.775185259565946461e-04 1.698404387578916590e-04 1.812698024128700243e-04
5.974358282215944200e+03 2.317131096104365674e-04 2.068802875537103603e-04 1.963021315753192759e-04 2.116318429131553921e-04
5.974458282215943655e+03 2.749981506155921946e-04 2.423695730199880774e-04 2.284104793118945265e-04 2.485927343158248967e-04
5.974558282215943109e+03 3.273107904300258299e-04 2.846233770057893415e-04 2.671284999178152549e-04 2.930208891178768269e-04
5.974658282215942563e+03 3.885125376449325178e-04 3.337244374918660089e-04 3.131918783036064836e-04 3.451429511468016159e-04
5.974758282215942018e+03 4.561615962406230756e-04 3.891456707577406124e-04 3.669401822387143605e-04 4.040824830790259439e-04
5.974858282215941472e+03 5.245939648101671533e-04 4.500378479045560572e-04 4.281757075543561825e-04 4.676025067563597615e-04
5.974958282215940926e+03 5.856449788739084361e-04 5.154364066713381818e-04 4.959219496199503531e-04 5.323344450550656932e-04
5.975058282215940380e+03 6.312368098826328256e-04 5.834502923591735517e-04 5.678278805668372439e-04 5.941716609362145043e-04
5.975158282215939835e+03 6.552567082155816682e-04 6.493584199304375899e-04 6.397480364568287545e-04 6.481210548676159680e-04
5.975258282215939289e+03 6.536083956410044084e-04 7.045134975563905472e-04 7.069196669790681932e-04 6.883471867254875717e-04
5.975358282215938743e+03 6.249233474574796650e-04 7.376670556397974671e-04 7.652696769044438005e-04 7.092866933339068329e-04
5.975458282215938198e+03 5.727923735022406653e-04 7.388414924392736668e-04 8.096905327125275813e-04 7.071081328846807101e-04
5.975558282215937652e+03 5.058659514919998639e-04 7.043076327916717545e-04 8.308738961167064316e-04 6.803491601334593500e-04
5.975658282215937106e+03 4.345561545247505304e-04 6.400011551503556302e-04 8.178045629982016529e-04 6.307872908911026045e-04
5.975758282215936561e+03 3.671512638129130522e-04 5.593238486113628460e-04 7.667436121525077891e-04 5.644062415255945986e-04
5.975858282215936015e+03 3.080987240175955821e-04 4.762418490528938248e-04 6.865639465210460635e-04 4.903015065305118235e-04
5.975958282215935469e+03 2.586151621719536171e-04 4.000657352291900424e-04 5.935561814800589201e-04 4.174123596270675265e-04
5.976058282215934923e+03 2.181016910365297067e-04 3.347856741127477605e-04 5.022895159397647085e-04 3.517256270296806710e-04
5.976158282215934378e+03 1.852316787915244832e-04 2.808276371453336581e-04 4.210511602131978290e-04 2.957034920500186477e-04
5.976258282215933832e+03 1.585797011376950769e-04 2.369597975791252142e-04 3.525659614254695066e-04 2.493684867140966263e-04
5.976358282215933286e+03 1.368877929744019410e-04 2.014834027435538882e-04 2.964208912472764308e-04 2.115973623217440867e-04
5.976458282215932741e+03 1.191038953119690272e-04 1.727304634293514883e-04 2.508970474806387582e-04 1.809104687406530912e-04
5.976558282215932195e+03 1.044018747600285651e-04 1.492924935259875262e-04 2.140471709351360872e-04 1.559138464070507397e-04
5.976658282215931649e+03 9.214670623435950814e-05 1.300477518431272491e-04 1.841168277504161266e-04 1.354370952759676144e-04
5.976758282215931104e+03 8.184619116411986841e-05 1.141161043810122054e-04 1.596515770769107729e-04 1.185379575406809489e-04
5.976858282215930558e+03 7.313095991302410797e-05 1.008295797891838600e-04 1.395102340339220137e-04 1.044902579120433227e-04
5.976958282215930012e+03 6.572580113318591177e-05 8.968260098980635516e-05 1.228176809516899734e-04 9.274202769156074226e-05
5.977058282215929466e+03 5.941491324947698142e-05 8.028379766766757168e-05 1.088958638798762102e-04 8.286485826567359001e-05
5.977158282215928921e+03 5.403450192981689430e-05 7.233424696763947012e-05 9.722655217827827414e-05 7.453176702524488178e-05
5.977258282215928375e+03 4.944013083730105699e-05 6.558613796084852040e-05 8.739382803306482551e-05 6.747336561040480774e-05
5.977358282215927829e+03 4.550332030382860050e-05 5.983086087113517553e-05 7.906017625798774338e-05 6.146478581098383529e-05
5.977458282215927284e+03 4.210419177247319518e-05 5.488469201859881536e-05 7.194320067717828340e-05 5.631069482275009120e-05
5.977558282215926738e+03 3.914314494418137354e-05 5.060038293415621002e-05 6.581743351151280342e-05 5.185365379661679340e-05
5.977658282215926192e+03 3.653315458192276001e-05 4.685028180376266457e-05 6.049426029092153464e-05 4.795923222553564856e-05
5.977758282215925647e+03 3.421092065873188802e-05 4.354107556046795269e-05 5.583411700947546734e-05 4.452870440955843828e-05
5.977858282215925101e+03 3.213637022854717260e-05 4.060778163618761113e-05 5.173234405605904574e-05 4.149216530693127875e-05
5.977958282215924555e+03 3.027150448340775154e-05 3.799065265497561668e-05 4.809835526974322946e-05 3.878683746937553595e-05
5.978058282215924010e+03 2.858887662728548654e-05 3.564679340879065657e-05 4.486527550746999222e-05 3.636698184784870839e-05
5.978158282215923464e+03 2.707071824715983393e-05 3.354449272960610185e-05 4.198248545920237718e-05 3.419923214532276986e-05
5.978258282215922918e+03 2.569707051706192455e-05 3.165300924646224863e-05 3.940347573099375813e-05 3.225118516483930592e-05
5.978358282215922372e+03 2.444996343096410244e-05 2.994461036032071281e-05 3.708454891479269472e-05 3.049304090202583666e-05
5.978458282215921827e+03 2.331903224288457569e-05 2.840126022120715281e-05 3.499800164463202104e-05 2.890609803624124871e-05
5.978558282215921281e+03 2.228774991481601427e-05 2.700109316410789580e-05 3.311258403749185508e-05 2.746714237213858725e-05
5.978658282215920735e+03 2.134658566574470362e-05 2.572701931200812483e-05 3.140284498435284849e-05 2.615881665403522790e-05
5.978758282215920190e+03 2.049041308068524325e-05 2.456930683592658193e-05 2.985337426824012850e-05 2.497103139495065010e-05
5.978858282215919644e+03 1.971113551162369641e-05 2.351828938184118685e-05 2.844845604012443191e-05 2.389262697786310506e-05
5.978958282215919098e+03 1.899929955957619599e-05 2.255965974377596302e-05 2.717044012003449181e-05 2.290979980779555140e-05
5.979058282215918553e+03 1.834600383653475151e-05 2.168150305671881411e-05 2.600207054995636567e-05 2.200985914773664263e-05
5.979158282215918007e+03 1.774985757048797242e-05 2.088031046065581361e-05 2.493597978387264365e-05 2.118871593833881328e-05
5.979258282215917461e+03 1.720310287945251682e-05 2.014546420960818972e-05 2.395970658180800205e-05 2.043609122362289947e-05
5.979358282215916915e+03 1.670659750741092513e-05 1.947719376455308825e-05 2.307070597073577293e-05 1.975149908089992990e-05
5.979458282215916370e+03 1.625205686538033084e-05 1.886464508351254126e-05 2.225471978068276351e-05 1.912380724319188080e-05
5.979558282215915824e+03 1.583617085035176857e-05 1.830258575147540527e-05 2.150553089463368633e-05 1.854809583215362006e-05
5.979658282215915278e+03 1.545804580531983042e-05 1.779007113343350165e-05 2.082190706457822944e-05 1.802334133444385384e-05
5.979758282215914733e+03 1.511481037729344054e-05 1.732201931740014853e-05 2.019375000153702556e-05 1.754352656541020318e-05
5.979858282215914187e+03 1.480219888426725848e-05 1.689412157936581848e-05 1.961899188349137483e-05 1.710510411570815060e-05
5.979958282215913641e+03 1.451904186124465398e-05 1.650361718633740470e-05 1.909190074745541443e-05 1.670485326501249047e-05
5.980058282215913096e+03 1.426491933522187937e-05 1.615185793630712587e-05 1.861421506641707630e-05 1.634366411264869611e-05
5.980158282215912550e+03 1.403680590919916980e-05 1.583072788328038520e-05 1.817537591238315572e-05 1.601430323495423578e-05
5.980258282215912004e+03 1.383450136217847484e-05 1.554084490825573554e-05 1.777534846535290848e-05 1.571689824526237408e-05
5.980358282215911458e+03 1.365464407815867098e-05 1.528137091222890755e-05 1.741236402932022948e-05 1.544945967323593488e-05
5.980458282215910913e+03 1.349846969513919916e-05 1.504835075120769286e-05 1.708241620529408258e-05 1.520974555054699153e-05
5.980558282215910367e+03 1.336605904411922402e-05 1.484573020018243849e-05 1.679076514626260289e-05 1.500085146352142123e-05
5.980658282215909821e+03 1.324938500410505492e-05 1.466466354616303190e-05 1.652621647223819995e-05 1.481342167416876282e-05
5.980758282215909276e+03 1.315779813608329770e-05 1.451147282313932685e-05 1.629417082321104200e-05 1.465448059414455608e-05
5.980858282215908730e+03 1.308689785106448372e-05 1.438120731611847568e-05 1.608676741718863227e-05 1.451829086145719892e-05
5.980958282215908184e+03 1.303316794304935520e-05 1.427456419009796148e-05 1.591162439416088419e-05 1.440645217576939972e-05
5.981058282215907639e+03 1.299890155203178987e-05 1.418918071907920994e-05 1.576041348314027608e-05 1.431616525141709140e-05
5.981158282215907093e+03 1.299099701600733359e-05 1.413371606405145442e-05 1.564234787210952660e-05 1.425568698405610487e-05
5.981258282215906547e+03 1.299178378499926288e-05 1.408922752604167639e-05 1.553857985409720863e-05 1.420653038837938263e-05
5.981358282215906002e+03 1.301882215797467021e-05 1.407780352301070088e-05 1.547315385606129283e-05 1.418992651234888854e-05
5.981458282215905456e+03 1.306146573895966400e-05 1.408010672699782189e-05 1.542211080104828068e-05 1.418789442233525778e-05
5.981558282215904910e+03 1.312902159993548616e-05 1.411146539797005438e-05 1.540480283001652707e-05 1.421509660930735644e-05
5.981658282215904364e+03 1.322173855491145813e-05 1.417425320594004092e-05 1.542066445398485296e-05 1.427221873827878344e-05
5.981758282215903819e+03 1.333467806589111926e-05 1.426328928891416410e-05 1.547164268995085418e-05 1.435653668158537861e-05
5.981858282215903273e+03 1.349678337584372066e-05 1.440433779286402122e-05 1.557995959189557595e-05 1.449369358686777261e-05
5.981958282215902727e+03 1.373633872176687425e-05 1.466439412574692331e-05 1.584238635674461670e-05 1.474770640141947198e-05
5.982058282215902182e+03 1.391035761082906909e-05 1.480338026686347957e-05 1.593166722191230347e-05 1.488180169986828574e-05
5.982158282215901636e+03 1.402886909888359256e-05 1.481729807198632909e-05 1.583456469309537900e-05 1.489357728798843186e-05
5.982258282215901090e+03 1.423721666479345486e-05 1.495675643486174658e-05 1.589622489493887529e-05 1.503006599819802445e-05
5.982358282215900545e+03 1.462504497061552701e-05 1.524286557771636558e-05 1.607595879982182276e-05 1.531462311605123901e-05
5.982458282215899999e+03 1.484452530178042239e-05 1.542603720081674521e-05 1.620910337186679508e-05 1.549322195815465422e-05
5.982558282215899453e+03 1.486917499997511568e-05 1.548638509993907655e-05 1.627730207593115010e-05 1.554428739194844405e-05
5.982658282215898907e+03 1.505286163681456159e-05 1.566798432881666816e-05 1.643354563284226650e-05 1.571813053282449988e-05
5.982758282215898362e+03 1.529730168375100516e-05 1.590364368675995028e-05 1.663718428579256893e-05 1.594604321876784485e-05
5.982858282215897816e+03 1.558326979670870280e-05 1.617817659972035143e-05 1.687858336675410377e-05 1.621334325439438600e-05
5.982958282215897270e+03 1.590862534066562353e-05 1.649183729067764306e-05 1.715587038271502272e-05 1.651877767135276310e-05
5.983058282215896725e+03 1.628036088561457778e-05 1.685266368162588566e-05 1.747744630766658031e-05 1.687015695830234904e-05
5.983158282215896179e+03 1.671253436855191208e-05 1.727128767656596021e-05 1.785664585860683682e-05 1.728015596790823975e-05
5.983258282215895633e+03 1.713574744155735503e-05 1.768880767956330693e-05 1.823384222960548160e-05 1.768613245024204785e-05
5.983358282215895088e+03 1.757596173153957368e-05 1.813144868953703209e-05 1.863223188858331743e-05 1.811321410321997666e-05
5.983458282215894542e+03 1.807752997647083727e-05 1.862350230148087697e-05 1.907307341553490744e-05 1.859136856449554169e-05
5.983558282215893996e+03 1.863419831240764143e-05 1.917473851541342793e-05 1.957206673546901688e-05 1.912700118776335982e-05
5.983658282215893450e+03 1.924041016235492191e-05 1.978117967435467830e-05 2.012316958141356507e-05 1.971491980604105396e-05
5.983758282215892905e+03 1.990373426128811931e-05 2.044745960628494496e-05 2.073041369334830184e-05 2.036053585364045650e-05
5.983858282215892359e+03 2.063026324822028463e-05 2.117938170521449929e-05 2.139697795628464156e-05 2.106887430323981075e-05
5.983958282215891813e+03 2.142639333913835101e-05 2.198618362812679913e-05 2.213317662320321138e-05 2.184858453015612164e-05
5.984058282215891268e+03 2.229509349205190523e-05 2.286912352303636399e-05 2.293672793912301030e-05 2.270031498473709092e-05
5.984158282215890722e+03 2.325085009395689369e-05 2.384586802293399028e-05 2.382634852902907463e-05 2.364102221530665061e-05
5.984258282215890176e+03 2.429757896884808500e-05 2.491810697582001166e-05 2.479714926793164331e-05 2.467094507086657886e-05
5.984358282215889631e+03 2.544836096373357808e-05 2.610074722369851559e-05 2.586379930482616337e-05 2.580430249741942240e-05
5.984458282215889085e+03 2.671852780159064160e-05 2.741707231553942625e-05 2.705010642368369504e-05 2.706190218027125543e-05
5.984558282215888539e+03 2.812463320642702024e-05 2.887743945436631722e-05 2.835684378553817936e-05 2.845297214877717340e-05
5.984658282215887994e+03 2.968581950025353351e-05 3.051731581016550726e-05 2.982660375435581130e-05 3.000991302159161623e-05
5.984758282215887448e+03 3.143032400803259156e-05 3.235465275892789955e-05 3.145964315415829938e-05 3.174820664037293242e-05
5.984858282215886902e+03 3.339343296378605646e-05 3.442682569866305345e-05 3.327708067295034178e-05 3.369911311179982401e-05
5.984958282215886356e+03 3.558842198750459011e-05 3.678179496732270938e-05 3.535227416964077630e-05 3.590749704148936086e-05
5.985058282215885811e+03 3.807832318614666478e-05 3.945649945593488568e-05 3.766827470934594805e-05 3.840103245047583283e-05
5.985158282215885265e+03 4.091225607675241761e-05 4.251889761349060418e-05 4.029203507099326912e-05 4.124106292041209923e-05
5.985258282215884719e+03 4.413583626827658168e-05 4.604730801092447932e-05 4.329806274352785968e-05 4.449373567424296904e-05
5.985358282215884174e+03 4.781029944175577899e-05 5.010417307331408289e-05 4.671441025305392059e-05 4.820962758937459190e-05
5.985458282215883628e+03 5.200224923211992187e-05 5.478310837455300489e-05 5.061284972746162090e-05 5.246606911137818255e-05
5.985558282215883082e+03 5.678924843238366139e-05 6.017918115166906505e-05 5.506444781777717744e-05 5.734429246727663237e-05
5.985658282215882537e+03 6.225260153859012483e-05 6.639530027070695715e-05 6.014303430604155853e-05 6.293031203844622480e-05
5.985758282215881991e+03 6.848967930362563974e-05 7.354127597855099915e-05 6.593844040714784806e-05 6.932313189644150921e-05
5.985858282215881445e+03 7.560053795959252999e-05 8.171749829933289805e-05 7.254666643518680022e-05 7.662156756470408061e-05
5.985958282215880899e+03 8.369168272635989811e-05 9.100388170193585027e-05 8.006948012603704056e-05 8.492168151811092965e-05
5.986058282215880354e+03 9.287787528497167076e-05 1.014427538674677817e-04 8.861795181873727994e-05 9.431286032372557747e-05
5.986158282215879808e+03 1.032546238775423713e-04 1.129789562861504063e-04 9.828746282839143241e-05 1.048403476640280790e-04
5.986258282215879262e+03 1.149053186559069982e-04 1.254291211249399472e-04 1.091604057168477912e-04 1.164982818325648896e-04
5.986358282215878717e+03 1.278648620243237697e-04 1.384192842242867427e-04 1.212641009153590327e-04 1.291827490546565015e-04
5.986458282215878171e+03 1.420795729626761982e-04 1.513817093942023903e-04 1.345205073538441104e-04 1.426605965702408996e-04
5.986558282215877625e+03 1.573568946912422511e-04 1.637025175148722905e-04 1.487172684325689578e-04 1.565922268795611665e-04
5.986658282215877080e+03 1.732907357604361544e-04 1.750409843260784413e-04 1.635200830118248511e-04 1.706172676994464552e-04
5.986758282215876534e+03 1.892031121803177806e-04 1.855724061669735672e-04 1.785176546814492963e-04 1.844310576762468994e-04
5.986858282215875988e+03 2.041846780414691034e-04 1.958358479273050279e-04 1.932923975817249398e-04 1.977709745168330327e-04
5.986958282215875442e+03 2.181633104525825104e-04 2.079476379249086098e-04 2.091851760801974845e-04 2.117653748192295168e-04
5.987058282215874897e+03 2.320798817425332610e-04 2.214904744630023293e-04 2.247244102304966657e-04 2.260982554786774277e-04
5.987158282215874351e+03 2.470941279211556047e-04 2.371858720103006647e-04 2.408330332597820029e-04 2.417043443970794331e-04
5.987258282215873805e+03 2.639462222586956433e-04 2.547556339977883060e-04 2.573761986190861543e-04 2.586926849585233679e-04
5.987358282215873260e+03 2.844939440240235864e-04 2.746971206647900250e-04 2.749017508678442225e-04 2.780309385188859989e-04
5.987458282215872714e+03 3.099812716875471603e-04 2.973857284311107857e-04 2.938140494159190998e-04 3.003936831781923848e-04
5.987558282215872168e+03 3.412696745298761294e-04 3.229808262771772143e-04 3.145793848633708254e-04 3.262766285568080202e-04
5.987658282215871623e+03 3.787025667219965004e-04 3.511933997738205708e-04 3.376476594504175597e-04 3.558478753154115256e-04
5.987758282215871077e+03 4.219091469441994726e-04 3.811946787112538751e-04 3.633783035967693364e-04 3.888273764174075072e-04
5.987858282215870531e+03 4.692937834188035378e-04 4.116477165306704745e-04 3.918188069532695540e-04 4.242534356342478373e-04
5.987958282215869986e+03 5.175350045072585640e-04 4.410404888817724320e-04 4.225407698300436823e-04 4.603720877396915595e-04
5.988058282215869440e+03 5.620486169917017581e-04 4.676952030750910995e-04 4.537441715691337488e-04 4.944959972119754993e-04
5.988158282215868894e+03 5.926936975998649574e-04 4.900790583306845020e-04 4.845900221496020517e-04 5.224542593600505760e-04
5.988258282215868348e+03 6.059303017025439910e-04 5.080511773962988545e-04 5.130318879724918161e-04 5.423377890237781121e-04
5.988358282215867803e+03 6.006070140670201904e-04 5.215925278321421193e-04 5.377543653673968072e-04 5.533179690888530029e-04
5.988458282215867257e+03 5.790946186285655245e-04 5.307130868278891024e-04 5.580803161730099431e-04 5.559626738764881539e-04
5.988558282215866711e+03 5.510184646275365474e-04 5.369500824616614282e-04 5.742405659783944181e-04 5.540697043558642397e-04
5.988658282215866166e+03 5.214879713894809542e-04 5.413255322741501556e-04 5.883673221911131035e-04 5.503936086182480711e-04
5.988758282215865620e+03 4.946670978461022725e-04 5.448343768652768411e-04 6.014386393724053181e-04 5.469800380279282162e-04
5.988858282215865074e+03 4.724164890199504811e-04 5.484404270451460721e-04 6.137035783634907284e-04 5.448534981428623369e-04
5.988958282215864529e+03 4.547691967339146909e-04 5.527586928841481508e-04 6.242107017657613213e-04 5.439128637946080182e-04
5.989058282215863983e+03 4.407149066791734540e-04 5.575777326734255831e-04 6.309117518308581538e-04 5.430681303944857484e-04
5.989158282215863437e+03 4.288594119561737312e-04 5.613024166149186301e-04 6.311300148997022776e-04 5.404306144902649338e-04
5.989258282215862891e+03 4.179327943750059697e-04 5.609271929705153450e-04 6.223457455920638429e-04 5.337352443125283497e-04
5.989358282215862346e+03 4.071011839248754832e-04 5.529441951909633106e-04 6.031224837064000106e-04 5.210559542740795472e-04
5.989458282215861800e+03 3.960371773452952041e-04 5.348704660249856439e-04 5.737574874405950917e-04 5.015550436036252590e-04
5.989558282215861254e+03 3.848626361855496912e-04 5.064916240894899117e-04 5.363392825820684651e-04 4.758978476190360769e-04
5.989658282215860709e+03 3.739205356752262066e-04 4.698877255709353064e-04 4.940271262588784252e-04 4.459451291683467003e-04
5.989758282215860163e+03 3.634918916446065848e-04 4.284602321080242891e-04 4.499981827016678784e-04 4.139834354847662327e-04
5.989858282215859617e+03 3.535023086639916146e-04 3.856824947599154759e-04 4.065943975007922954e-04 3.819264003082331648e-04
5.989958282215859072e+03 3.433616875142954210e-04 3.442758105483717003e-04 3.650670950285417370e-04 3.509015310304028985e-04
5.990058282215858526e+03 3.321132286059594492e-04 3.059689044743502833e-04 3.259684980854735212e-04 3.213502103885944360e-04
5.990158282215857980e+03 3.188116107988724795e-04 2.715672809088094078e-04 2.896483349615314824e-04 2.933424088897378080e-04
5.990258282215857434e+03 3.030315760425324060e-04 2.412792528632484658e-04 2.565500849772612592e-04 2.669536379610140437e-04
5.990358282215856889e+03 2.849915722057594553e-04 2.149255495276306276e-04 2.270202390921658570e-04 2.423124536085186737e-04
5.990458282215856343e+03 2.654443697780893216e-04 1.921604875527134558e-04 2.011711038871452672e-04 2.195919870726493301e-04
5.990558282215855797e+03 2.453193222791027377e-04 1.725420232283701846e-04 1.788179329123248441e-04 1.988930928065992735e-04
5.990658282215855252e+03 2.254614516887163929e-04 1.556323187144530802e-04 1.595974864377945959e-04 1.802304189469880230e-04
5.990758282215854706e+03 2.065264358375540701e-04 1.410435568712294248e-04 1.431084105639947746e-04 1.635594677575927746e-04
5.990858282215854160e+03 1.889025045256462112e-04 1.284242656783634803e-04 1.289419683106148885e-04 1.487562461715415357e-04
5.990958282215853615e+03 1.727908571435920831e-04 1.174718772160374402e-04 1.167316360278794295e-04 1.356647901291696328e-04
5.991058282215853069e+03 1.582203371714679236e-04 1.079296899540592880e-04 1.061574497755798111e-04 1.241024923003689940e-04
5.991158282215852523e+03 1.451584061992452145e-04 9.959927480127387864e-05 9.697189621853382420e-05 1.139098590730176482e-04
5.991258282215851978e+03 1.334758690573190608e-04 9.227815818485337229e-05 8.893308087391734200e-05 1.048957027053632764e-04
5.991358282215851432e+03 1.230550729854485836e-04 8.583499558755183095e-05 8.187812970645879415e-05 9.692273275981974526e-05
5.991458282215850886e+03 1.137671360538536184e-04 8.014849595048181949e-05 7.566080981127357131e-05 8.985881393853634093e-05
5.991558282215850340e+03 1.054716518224487523e-04 7.510741502756497923e-05 7.015147808626766355e-05 8.357684831209381642e-05
5.991658282215849795e+03 9.804262882114847966e-05 7.062154749373178810e-05 6.524601162236145786e-05 7.797006264574724639e-05
5.991758282215849249e+03 9.138299092505445479e-05 6.663000530202627819e-05 6.087264582460273589e-05 7.296188068389448510e-05
5.991858282215848703e+03 8.539927045203399129e-05 6.307623200436534878e-05 5.696536185589905975e-05 6.848028810409946435e-05
5.991958282215848158e+03 8.000140109119859293e-05 5.990204641482112740e-05 5.345941565632502366e-05 6.445428772078158359e-05
5.992058282215847612e+03 7.512967606444375843e-05 5.707592073831818094e-05 5.031870342979885406e-05 6.084143341085359555e-05
5.992158282215847066e+03 7.069444037277681624e-05 5.453749878087858180e-05 4.747778194934078777e-05 5.756990703433206646e-05
5.992258282215846521e+03 6.666206566419794898e-05 5.227627158047561600e-05 4.492303319792676506e-05 5.462045681420011001e-05
5.992358282215845975e+03 6.298603998965021872e-05 5.026301340209446688e-05 4.262348754453450402e-05 5.195751364542640106e-05
5.992458282215845429e+03 5.961687567920920488e-05 4.846657823677754458e-05 4.054633090421157817e-05 4.954326160673278040e-05
5.992558282215844883e+03 5.652503432980854586e-05 4.686922049248426432e-05 3.867374900391231247e-05 4.735600127540170529e-05
5.992658282215844338e+03 5.367896648842630840e-05 4.544971115520767078e-05 3.698584496862509049e-05 4.537150753741968763e-05
5.992758282215843792e+03 5.105055708911169918e-05 4.418571312297731366e-05 3.546406028438057377e-05 4.356677683215653339e-05
5.992858282215843246e+03 4.860859837882003099e-05 4.304831580177926356e-05 3.408331498915994387e-05 4.191340972325307722e-05
5.992958282215842701e+03 4.634194122656641552e-05 4.202440380361104858e-05 3.283801330395938781e-05 4.040145277804561505e-05
5.993058282215842155e+03 4.422188367635503358e-05 4.107889697749628866e-05 3.170353365479533947e-05 3.900143810288221380e-05
5.993158282215841609e+03 4.223206409714893271e-05 4.018106331442083842e-05 3.066398871964509784e-05 3.769237204373828966e-05
5.993258282215841064e+03 4.033876945501339644e-05 3.928167880943147437e-05 2.968667517155550848e-05 3.643570781200013208e-05
5.993358282215840518e+03 3.852354006988915007e-05 3.834132848049667298e-05 2.875332144348553837e-05 3.520606333129045607e-05
5.993458282215839972e+03 3.676099030082133400e-05 3.731174234364806883e-05 2.783848448046438663e-05 3.397040570831126089e-05
5.993558282215839426e+03 3.502932599078764728e-05 3.614932940987125630e-05 2.691760694548243237e-05 3.269875411538044306e-05
5.993658282215838881e+03 3.328227476281241424e-05 3.479457175118089770e-05 2.594421055856698194e-05 3.134035235752009570e-05
5.993758282215838335e+03 3.149547559589265406e-05 3.321801465855228483e-05 2.489589922269711222e-05 2.986979649238068145e-05
5.993858282215837789e+03 2.964852714999002576e-05 3.140629104293299643e-05 2.375200462885185260e-05 2.826894094059162493e-05
5.993958282215837244e+03 2.775959009007518137e-05 2.939677211027148863e-05 2.252834947499210560e-05 2.656157055844626192e-05
5.994058282215836698e+03 2.585511876811779296e-05 2.724509115552249612e-05 2.125348063508707673e-05 2.478456351957578860e-05
5.994158282215836152e+03 2.392007146816784482e-05 2.506493150056911875e-05 1.988936094423319017e-05 2.295812130432338345e-05
5.994258282215835607e+03 2.214930967791500237e-05 2.301622874137254789e-05 1.862233150708576509e-05 2.126262330879110399e-05
5.994358282215835061e+03 2.055253568862858656e-05 2.116390865904926269e-05 1.746306155690837298e-05 1.972650196819541080e-05
5.994458282215834515e+03 1.914226830133439059e-05 1.953846561869056458e-05 1.642697574471501155e-05 1.836923655491332224e-05
5.994558282215833970e+03 1.790875738005302378e-05 1.813353616333833048e-05 1.551118656152421566e-05 1.718449336830519110e-05
5.994658282215833424e+03 1.683103817456451111e-05 1.692396521796899427e-05 1.470304621815822854e-05 1.615268320356391356e-05
5.994758282215832878e+03 1.588551157613397123e-05 1.587935010220853740e-05 1.398702259479984780e-05 1.525062809104745214e-05
5.994858282215832332e+03 1.505032078991586078e-05 1.497098110235606698e-05 1.334830584593987081e-05 1.445653591273726450e-05
5.994958282215831787e+03 1.430687411959477638e-05 1.417435827500180897e-05 1.277415048638098249e-05 1.375179429365918871e-05
5.995058282215831241e+03 1.363996330181856123e-05 1.346952383667503870e-05 1.225408294488598046e-05 1.312119002779319403e-05
5.995158282215830695e+03 1.303734703428041093e-05 1.284054661396107209e-05 1.177966181724416904e-05 1.255251848849521679e-05
5.995258282215830150e+03 1.248921049574532066e-05 1.227479175353709833e-05 1.134411953629451683e-05 1.203604059519231250e-05
5.995358282215829604e+03 1.198766237900729086e-05 1.176222758812762111e-05 1.094201759889364528e-05 1.156396918867618745e-05
5.995458282215829058e+03 1.152631721192285927e-05 1.129484695753671970e-05 1.056895686994355497e-05 1.113004034646771358e-05
5.995558282215828513e+03 1.109996527536761733e-05 1.086621010960003430e-05 1.022134782135805736e-05 1.072917440210856910e-05
5.995658282215827967e+03 1.070431751524445483e-05 1.047109266819051092e-05 9.896233007969992688e-06 1.035721439713498671e-05
5.995758282215827421e+03 1.033581008048714848e-05 1.010521733921939312e-05 9.591151332035038180e-06 1.001072625058052659e-05
5.995858282215826875e+03 9.991454711730231875e-06 9.765049918804204971e-06 9.304034504207528154e-06 9.686846378247320537e-06
5.995958282215826330e+03 9.668723855233370381e-06 9.447643852891647248e-06 9.033127846560979297e-06 9.383165184895333438e-06
5.996058282215825784e+03 9.365461940155434732e-06 9.150521221730793450e-06 8.776929391166955467e-06 9.097637517684394550e-06
5.996158282215825238e+03 9.079816380763055980e-06 8.871581017580818928e-06 8.534142717202373120e-06 8.828513371848750472e-06
5.996258282215824693e+03 8.810183494436296927e-06 8.609027947415894786e-06 8.303640135754621659e-06 8.574283859202269995e-06
5.996358282215824147e+03 8.555165767849142767e-06 8.361316738505672995e-06 8.084433710605189519e-06 8.333638738986667862e-06
5.996458282215823601e+03 8.313537811188873256e-06 8.127108227033844856e-06 7.875652251346303858e-06 8.105432763189675119e-06
5.996558282215823056e+03 8.084219013638338294e-06 7.905234465580637815e-06 7.676522890665884709e-06 7.888658789961620272e-06
5.996658282215822510e+03 7.866251408183097492e-06 7.694670780129583002e-06 7.486356208153730106e-06 7.682426132155470200e-06
5.996758282215821964e+03 7.658781613316597572e-06 7.494513224472346754e-06 7.304534120006134430e-06 7.485942985931693201e-06
5.996858282215821419e+03 7.461045994425838181e-06 7.303960256894776495e-06 7.130499942113469129e-06 7.298502064478028500e-06
5.996958282215820873e+03 7.272358383406633780e-06 7.122297741091545351e-06 6.963750173073567058e-06 7.119468765857249294e-06
5.997058282215820327e+03 7.092099848050272798e-06 6.948886587753209883e-06 6.803827652180071493e-06 6.948271362661183878e-06
5.997158282215819781e+03 6.919710113049230138e-06 6.783152503271686548e-06 6.650315820827464673e-06 6.784392812382794069e-06
5.997258282215819236e+03 6.754680324101490729e-06 6.624577434744343068e-06 6.502833878614965496e-06 6.627363879153599482e-06
5.997358282215818690e+03 6.596546908399379190e-06 6.472692388263239847e-06 6.361032668536615788e-06 6.476757321733079122e-06
5.997458282215818144e+03 6.444886337541765452e-06 6.327071364926831757e-06 6.224591161092192863e-06 6.332182954520262793e-06
5.997558282215817599e+03 6.299310636723540648e-06 6.187326213429832948e-06 6.093213432877803935e-06 6.193283427677058612e-06
5.997658282215817053e+03 6.159463515340216671e-06 6.053102238567627672e-06 5.966626056890015892e-06 6.059730603599286745e-06
5.997758282215816507e+03 6.025017017191510040e-06 5.924074435539690717e-06 5.844575836729120804e-06 5.931222429820107469e-06
5.997858282215815962e+03 5.895668608972339393e-06 5.799944245840936461e-06 5.726827829691001010e-06 5.807480228168092570e-06
5.997958282215815416e+03 5.771138637182782060e-06 5.680436750771266246e-06 5.613163615776156343e-06 5.688246334576735165e-06
5.998058282215814870e+03 5.651168100119516457e-06 5.565298231827354612e-06 5.503379773081957963e-06 5.573282035009609395e-06
5.998158282215814324e+03 5.535516687379595120e-06 5.454294043306255046e-06 5.397286533006053891e-06 5.462365754563967737e-06
5.998258282215813779e+03 5.423961049463437690e-06 5.347206748108276795e-06 5.294706586049142587e-06 5.355291461206951793e-06
5.998358282215813233e+03 5.316293264467407553e-06 5.243834479629851067e-06 5.195474020608166955e-06 5.251867254901808525e-06
5.998458282215812687e+03 5.212319476792069802e-06 5.143989496571457784e-06 5.099433374883900883e-06 5.151914116082475309e-06
5.998558282215812142e+03 5.111858682235105819e-06 5.047496903930819590e-06 5.006438788274436696e-06 5.055264791480120702e-06
5.998658282215811596e+03 5.014741643994439551e-06 4.954193517205897643e-06 4.916353239478058987e-06 4.961762800226132625e-06
5.998758282215811050e+03 4.920809919870768134e-06 4.863926851497333089e-06 4.829047859295605098e-06 4.871261543554567926e-06
5.998858282215810505e+03 4.829914988761346953e-06 4.776554218002457965e-06 4.744401311324694877e-06 4.783623506029499367e-06
5.998958282215809959e+03 4.741917464266928992e-06 4.691941915621975052e-06 4.662299230566184124e-06 4.698719536818362723e-06
5.999058282215809413e+03 4.656686383785803555e-06 4.609964504354226533e-06 4.582633714418623244e-06 4.616428200852884444e-06
