8308.5649496963    9.2352268536e-06    9.2352289962e-06    9.0644434538e-06    9.178299767866667e-06
8308.664949696298    8.849667756407014e-06    8.849670063607013e-06    8.678450533607021e-06    8.792596117873681e-06
8308.764949696297    8.470792362813783e-06    8.470794613413783e-06    8.299151489213799e-06    8.413579488480454e-06
8308.864949696295    8.099979952120235e-06    8.099982109920236e-06    7.927911492820258e-06    8.04262451828691e-06
8308.964949696294    7.739794854419654e-06    7.739797116719655e-06    7.567281648419679e-06    7.682291206519663e-06
8309.064949696292    7.396106367825007e-06    7.396108373825007e-06    7.223118905825041e-06    7.338444549158352e-06
8309.164949696291    7.066925706829938e-06    7.066927214529939e-06    6.8934243104299855e-06    7.009092410596621e-06
8309.26494969629    6.751695992934404e-06    6.751697827234404e-06    6.577628114934466e-06    6.693673978367757e-06
8309.364949696288    6.450885501638302e-06    6.450887206038302e-06    6.27620913543838e-06    6.392660614371661e-06
8309.464949696287    6.168689733635932e-06    6.168691547235932e-06    5.993339010136018e-06    6.110240097002627e-06
8309.564949696285    5.902831811938688e-06    5.902834403638687e-06    5.726742274838795e-06    5.844136163472056e-06
8309.664949696284    5.653504733640817e-06    5.653506795940817e-06    5.476609318940949e-06    5.59454028284086e-06
8309.764949696282    5.418641751342721e-06    5.4186433002427216e-06    5.2408845723428785e-06    5.3593898746427745e-06
8309.86494969628    5.197382586344272e-06    5.197384235044272e-06    5.01868426144446e-06    5.137817027611001e-06
8309.96494969628    4.992593137040976e-06    4.992594944140976e-06    4.812894953241176e-06    4.9326943448077095e-06
8310.064949696278    4.8007650547418725e-06    4.8007669403418724e-06    4.620001107842105e-06    4.740511034308616e-06
8310.164949696276    4.6196233358428345e-06    4.619625443342835e-06    4.437724193543103e-06    4.55899099090959e-06
8310.264949696275    4.453225116942374e-06    4.4532268677423745e-06    4.270123268342681e-06    4.392191751009143e-06
8310.364949696273    4.296979479842631e-06    4.2969810980426315e-06    4.112613137042977e-06    4.235524571642747e-06
8310.464949696272    4.150171418640056e-06    4.150173063640056e-06    3.964475849640419e-06    4.088273443973511e-06
8310.56494969627    4.014667133139437e-06    4.014668920839437e-06    3.8275828286398414e-06    3.9523062942062386e-06
8310.66494969627    3.888235853039096e-06    3.888237362439097e-06    3.699699287739545e-06    3.825390834405912e-06
8310.764949696268    3.7680690563393446e-06    3.7680704458393447e-06    3.578016498739841e-06    3.7047186669728436e-06
8310.864949696266    3.657498876838214e-06    3.657500863238214e-06    3.4658818476387548e-06    3.593627195905061e-06
8310.964949696265    3.5531189132360747e-06    3.5531211297360744e-06    3.3598787910366355e-06    3.488706278002928e-06
8311.064949696263    3.4538594155361104e-06    3.4538613144361107e-06    3.258935222936723e-06    3.3888853176363143e-06
8311.164949696262    3.360843491835531e-06    3.360845170835531e-06    3.164189664436192e-06    3.2952927757024175e-06
8311.26494969626    3.275777096334042e-06    3.275778660134042e-06    3.077336243934757e-06    3.2096306668009465e-06
8311.364949696259    3.1953664012336413e-06    3.195367775133641e-06    2.9950771127344143e-06    3.1286037630338993e-06
8311.464949696257    3.11842449753219e-06    3.1184261414321896e-06    2.9162349169329854e-06    3.051028518632455e-06
8311.564949696256    3.0462234077315197e-06    3.0462256617315196e-06    2.8420885333323695e-06    2.978179200931803e-06
8311.664949696255    2.979913878730154e-06    2.979916281230154e-06    2.7737707066310673e-06    2.9112002888637923e-06
8311.764949696253    2.9174936763295208e-06    2.9174963708295207e-06    2.709292506830494e-06    2.848094184663179e-06
8311.864949696252    2.8565412858299354e-06    2.8565434912299356e-06    2.6462282385309727e-06    2.7864376718636145e-06
8311.96494969625    2.7988401479283386e-06    2.7988422299283388e-06    2.586368499029399e-06    2.728016958962025e-06
8312.064949696249    2.7449786797274326e-06    2.7449812748274326e-06    2.530303796828555e-06    2.67342125046114e-06
8312.164949696247    2.696100817325783e-06    2.696103559525783e-06    2.4791600838269787e-06    2.6237881535595147e-06
8312.264949696246    2.648386048426038e-06    2.6483887220260377e-06    2.4291164368273086e-06    2.5752970690931275e-06
8312.364949696244    2.60335906142539e-06    2.60336221762539e-06    2.3817194200267266e-06    2.529480233025835e-06
8312.464949696243    2.5635422615224525e-06    2.5635451553224524e-06    2.3394782370238194e-06    2.4888552179562414e-06
8312.564949696241    2.525607503822081e-06    2.5256097095220814e-06    2.29907129802352e-06    2.4500961704558942e-06
8312.66494969624    2.4872670216230143e-06    2.487268776623015e-06    2.258200909524533e-06    2.410912235923521e-06
8312.764949696239    2.4496042994232927e-06    2.4496066622232928e-06    2.2179484729248944e-06    2.3723864781904933e-06
8312.864949696237    2.417452718720469e-06    2.417455203820469e-06    2.183159953822148e-06    2.3393559587876954e-06
8312.964949696236    2.3857219638202015e-06    2.3857244313202014e-06    2.14872977212192e-06    2.3067253890874413e-06
8313.064949696234    2.3564601743191616e-06    2.356462199419162e-06    2.1167256624209573e-06    2.276549345386427e-06
8313.164949696233    2.3307194623173244e-06    2.3307216615173238e-06    2.0881817133192105e-06    2.249874279051286e-06
8313.264949696231    2.3048301384178953e-06    2.304832854117895e-06    2.0594170398198824e-06    2.2230266774518915e-06
8313.36494969623    2.2804361837173055e-06    2.280439131817305e-06    2.0321104470193715e-06    2.1976619208513275e-06
8313.464949696228    2.2573809613163554e-06    2.2573839514163553e-06    2.00607469881847e-06    2.1736132038503935e-06
8313.564949696227    2.2363703034152874e-06    2.2363737021152867e-06    1.9820342436174917e-06    2.151592749716022e-06
8313.664949696225    2.2181015898136244e-06    2.2181048401136246e-06    1.9606830160159233e-06    2.132296481981058e-06
8313.764949696224    2.1995139235142003e-06    2.199516409714201e-06    1.9389468438166062e-06    2.112659059015003e-06
8313.864949696223    2.1810227614144632e-06    2.181025080214463e-06    1.9172431310169757e-06    2.0930969908819673e-06
8313.964949696221    2.1666889723112115e-06    2.166691926411211e-06    1.8996294826137768e-06    2.077670127112067e-06
8314.06494969622    2.15202056911174e-06    2.1520232772117404e-06    1.8816382997143993e-06    2.061894048679293e-06
8314.164949696218    2.1391814389105096e-06    2.13918360051051e-06    1.865429036013268e-06    2.047931358478096e-06
8314.264949696217    2.12718276481004e-06    2.1271849723100397e-06    1.8499882512129199e-06    2.0347853294443328e-06
8314.364949696215    2.1161284235094508e-06    2.1161310569094503e-06    1.835420940012454e-06    2.022560140143785e-06
8314.464949696214    2.1064964641082342e-06    2.106499836108234e-06    1.8222248286112816e-06    2.011740376275917e-06
8314.564949696212    2.0978291548075673e-06    2.0978320245075677e-06    1.809922962110741e-06    2.001861380475292e-06
8314.66494969621    2.090572300806468e-06    2.0905747734064685e-06    1.798989633609745e-06    1.9933789026075604e-06
8314.76494969621    2.0847924777052566e-06    2.084795368405256e-06    1.7894720967086563e-06    1.9863533142730563e-06
8314.864949696208    2.0798775996045595e-06    2.0798814081045587e-06    1.7807562254080855e-06    1.980171744372401e-06
8314.964949696207    2.07637415850325e-06    2.076377276803251e-06    1.7734000861068241e-06    1.9753838404711087e-06
8315.064949696205    2.073662197502565e-06    2.0736649756025655e-06    1.7667700509062712e-06    1.9713657413371335e-06
8315.164949696204    2.072222581101388e-06    2.0722250701013885e-06    1.7613594083052162e-06    1.9686023531693304e-06
8315.264949696202    2.071261348300944e-06    2.071263982300944e-06    1.7563815797048894e-06    1.9663023034355923e-06
8315.3649496962    2.070169440901092e-06    2.0701729365010913e-06    1.7512432635051406e-06    1.9638618803024417e-06
8315.4649496962    2.0718108846983582e-06    2.0718149582983573e-06    1.7487885259024557e-06    1.9641381229663905e-06
8315.564949696198    2.0755328645962088e-06    2.075536351196209e-06    1.7483430884004538e-06    1.9664707680642906e-06
8315.664949696196    2.08109808979423e-06    2.081102307894229e-06    1.7497227430985696e-06    1.97064104692901e-06
8315.764949696195    2.0878394555928877e-06    2.087843209192888e-06    1.7522564877973267e-06    1.975979717527701e-06
8315.864949696193    2.0957490681915114e-06    2.095752157791512e-06    1.7559076640960815e-06    1.982469630026368e-06
8315.964949696192    2.1051558115899048e-06    2.105158958289905e-06    1.7610574202944734e-06    1.990457396724761e-06
8316.06494969619    2.1159028336882705e-06    2.1159063939882703e-06    1.7675395075929257e-06    1.9997829117564888e-06
8316.164949696189    2.1262128263885605e-06    2.1262170681885594e-06    1.7735942196932818e-06    2.0086747047568003e-06
8316.264949696188    2.1395001869850147e-06    2.139504195985015e-06    1.7826344687898046e-06    2.0205462839199445e-06
8316.364949696186    2.155371564481812e-06    2.1553750921818127e-06    1.794297939986634e-06    2.035014865550086e-06
8316.464949696185    2.1710320901820534e-06    2.1710362344820532e-06    1.80579042348683e-06    2.0492862493836458e-06
8316.564949696183    2.1913518868763446e-06    2.191356601576344e-06    1.8219935125811373e-06    2.0682340003446086e-06
8316.664949696182    2.2135754232737244e-06    2.2135809397737234e-06    1.8401902520784852e-06    2.089115538375311e-06
8316.76494969618    2.238996680169481e-06    2.2390018039694812e-06    1.861729672174141e-06    2.1132427187710343e-06
8316.864949696179    2.2658720683672465e-06    2.2658768946672464e-06    1.884873635771794e-06    2.1388741996020957e-06
8316.964949696177    2.294543976265057e-06    2.294548763965057e-06    1.909995627769383e-06    2.166362789333166e-06
8317.064949696176    2.326470946060509e-06    2.3264746965605103e-06    1.938614510664601e-06    2.1971867177618734e-06
8317.164949696175    2.3649041362517625e-06    2.364908913251761e-06    1.974062997255508e-06    2.2346253489196777e-06
8317.264949696173    2.404641041649403e-06    2.4046465260494026e-06    2.0111749814527456e-06    2.2734875163838507e-06
8317.364949696172    2.4493008675423224e-06    2.449306733942322e-06    2.053621726245181e-06    2.3174097759099417e-06
8317.46494969617    2.501820223732172e-06    2.501826390832172e-06    2.1045087095342805e-06    2.369385108032875e-06
8317.564949696169    2.556733182428082e-06    2.556739200228082e-06    2.158433051229377e-06    2.4239684779618473e-06
8317.664949696167    2.618368834918156e-06    2.618375273018156e-06    2.219831167518472e-06    2.4855250918182616e-06
8317.764949696166    2.6895910689041313e-06    2.6895975000041313e-06    2.291795511003132e-06    2.5569946933037985e-06
8317.864949696164    2.769307009691248e-06    2.7693137626912475e-06    2.3734249935886374e-06    2.637348588657044e-06
8317.964949696163    2.8576936734794194e-06    2.8577004088794192e-06    2.4650900221749465e-06    2.726828034844595e-06
8318.064949696161    2.9578862300614907e-06    2.9578923287614913e-06    2.570221545754663e-06    2.8286667015258816e-06
8318.16494969616    3.0750842749358498e-06    3.0750915515358482e-06    2.6944235672260397e-06    2.9481997978992458e-06
8318.264949696159    3.204890790415829e-06    3.2048976365158294e-06    2.833639391002479e-06    3.081142605978046e-06
8318.364949696157    3.35335266798666e-06    3.3533602085866593e-06    2.9944181357689606e-06    3.2337103374474267e-06
8318.464949696156    3.5254869907526425e-06    3.5254946094526427e-06    3.182398231329872e-06    3.4111266105117193e-06
8318.564949696154    3.7217768343143607e-06    3.7217850139143596e-06    3.3986459160853183e-06    3.6140692547713462e-06
8318.664949696153    3.948182623666418e-06    3.948191312466417e-06    3.6498317047299078e-06    3.848735213620915e-06
8318.764949696151    4.211570729207137e-06    4.211580375207137e-06    3.9435852710618455e-06    4.12224545849204e-06
8318.86494969615    4.514700263342346e-06    4.5147100494423465e-06    4.283269610387158e-06    4.437559974390617e-06
8318.964949696148    4.859146672179969e-06    4.859157852879966e-06    4.670699865015073e-06    4.796334796691669e-06
8319.064949696147    5.248694113804791e-06    5.248706406604789e-06    5.1094170323296615e-06    5.202272517579748e-06
8319.164949696145    5.6819739996300885e-06    5.681985350530089e-06    5.596610989046729e-06    5.653523446402302e-06
8319.264949696144    6.150404877567219e-06    6.150418429467216e-06    6.120615101480284e-06    6.140479469504906e-06
8319.364949696143    6.631943864937954e-06    6.6319595223379514e-06    6.654307042855422e-06    6.639403476710442e-06
8319.464949696141    7.091852406172185e-06    7.091870212072182e-06    7.155824533606338e-06    7.113182383950235e-06
8319.56494969614    7.490608870761706e-06    7.490628467961703e-06    7.5776933100247105e-06    7.519643549582707e-06
8319.664949696138    7.778057469234648e-06    7.778079368034645e-06    7.863075787537994e-06    7.806404208269096e-06
8319.764949696137    7.91048140228321e-06    7.910504649783208e-06    7.96516504563287e-06    7.92871703256643e-06
8319.864949696135    7.876189977556761e-06    7.876217010756757e-06    7.87391714935104e-06    7.875441379221519e-06
8319.964949696134    7.682815035320091e-06    7.682841592920091e-06    7.602800639248774e-06    7.656152422496319e-06
8320.064949696132    7.364889494332039e-06    7.364919702132032e-06    7.1942135200837584e-06    7.30800757218261e-06
8320.16494969613    6.97158925066533e-06    6.9716185520653315e-06    6.705037626727519e-06    6.88274847648606e-06
8320.26494969613    6.543953237631194e-06    6.543981005331196e-06    6.182398512093634e-06    6.423444251685341e-06
8320.364949696128    6.119924030132739e-06    6.119950120232742e-06    5.6678965496890796e-06    5.969256900018186e-06
8320.464949696126    5.723044470185824e-06    5.723068416085827e-06    5.186721859931489e-06    5.544278248734381e-06
8320.564949696125    5.366971286321786e-06    5.366991333021793e-06    4.7528007714577264e-06    5.162254463600436e-06
8320.664949696124    5.0565473839477175e-06    5.056568755547716e-06    4.370497016074544e-06    4.8278710518566596e-06
8320.764949696122    4.791247377772926e-06    4.791264588072934e-06    4.038443209991922e-06    4.540318391945927e-06
8320.86494969612    4.570121096798204e-06    4.570138552298204e-06    3.754766947810844e-06    4.2983421989690844e-06
8320.96494969612    4.383877302635388e-06    4.38389340573539e-06    3.509416855641826e-06    4.092395854670868e-06
8321.064949696118    4.230738549178558e-06    4.230755729578556e-06    3.2998131049812667e-06    3.920435794579459e-06
8321.164949696116    4.1054462252301846e-06    4.105460784430189e-06    3.119881340030567e-06    3.7769294498969806e-06
8321.264949696115    4.003703219088771e-06    4.0037178542887705e-06    2.9647787587877726e-06    3.657399944055105e-06
8321.364949696113    3.926790612844101e-06    3.926805686344099e-06    2.835234646442708e-06    3.562943648543636e-06
8321.464949696112    3.866738459812512e-06    3.866751778712515e-06    2.7228445161105693e-06    3.4854449182118648e-06
8321.56494969611    3.822707716783296e-06    3.822721060683294e-06    2.626375981182494e-06    3.4239349195496953e-06
8321.664949696109    3.792834420957056e-06    3.792849439357053e-06    2.5434816420583233e-06    3.376388500790811e-06
8321.764949696108    3.775427310733563e-06    3.775442253833563e-06    2.4721920275374558e-06    3.341020530701527e-06
8321.864949696106    3.768457141613566e-06    3.7684698547135703e-06    2.410170365420714e-06    3.315699120582617e-06
8321.964949696105    3.7706856117956627e-06    3.770699116595661e-06    2.3559568779055165e-06    3.299113868765613e-06
8322.064949696103    3.7837029268744274e-06    3.7837167150744267e-06    2.31073957728883e-06    3.2927197397458946e-06
8322.164949696102    3.80622280495535e-06    3.806236118155351e-06    2.272912254975e-06    3.295123726028567e-06
8322.2649496961    3.838323909935769e-06    3.838338611835766e-06    2.242389411361073e-06    3.3063506443775365e-06
8322.364949696099    3.87431083282734e-06    3.874325816627339e-06    2.213117217259103e-06    3.3205846222379277e-06
8322.464949696097    3.9183523771110765e-06    3.918367693711076e-06    2.1890087889486767e-06    3.3419096199236094e-06
8322.564949696096    3.972759383189158e-06    3.972772941489162e-06    2.1718225748350128e-06    3.372451633171111e-06
8322.664949696094    4.0333852230753864e-06    4.033401668175381e-06    2.157151431130156e-06    3.407979440793641e-06
8322.764949696093    4.098575286764819e-06    4.098593638864815e-06    2.1431613690290105e-06    3.446776764886215e-06
8322.864949696092    4.1712383108480005e-06    4.171254001748007e-06    2.132382228022548e-06    3.4916248468728517e-06
8322.96494969609    4.255230013424303e-06    4.255248526124297e-06    2.1280710092090183e-06    3.5461831829192055e-06
8323.064949696089    4.343545968313651e-06    4.343564275713651e-06    2.122720961911289e-06    3.6032770686461973e-06
8323.164949696087    4.439941837494849e-06    4.439961066794847e-06    2.11978889610624e-06    3.6665639334653113e-06
8323.264949696086    4.548543651566897e-06    4.548561754366899e-06    2.122635157693891e-06    3.7399135212092284e-06
8323.364949696084    4.6623644788536234e-06    4.662384824153619e-06    2.1237912414974974e-06    3.81618018150158e-06
8323.464949696083    4.786076732932213e-06    4.786096957832213e-06    2.1270991702928397e-06    3.899757620352421e-06
8323.564949696081    4.921560786004267e-06    4.921582462704264e-06    2.133924313985102e-06    3.992355854231211e-06
8323.66494969608    5.068160720477337e-06    5.068180389277341e-06    2.142336517281485e-06    4.0928925423453875e-06
8323.764949696078    5.2248447458522925e-06    5.224869411752281e-06    2.1503103517823047e-06    4.2000081697956256e-06
8323.864949696077    5.393974629421596e-06    5.393999052921596e-06    2.1596823696790313e-06    4.315885350674074e-06
8323.964949696076    5.579181984685625e-06    5.5792054641856275e-06    2.1725307295712538e-06    4.443639392814169e-06
8324.064949696074    5.777869596751851e-06    5.77789803125184e-06    2.1846517610726604e-06    4.580139796358784e-06
8324.164949696073    5.994695583206995e-06    5.994720394307003e-06    2.199155231867023e-06    4.729523736460341e-06
8324.264949696071    6.231219922457903e-06    6.231247859957897e-06    2.2160035852613844e-06    4.892823789225729e-06
8324.36494969607    6.487772081607334e-06    6.4878045756073245e-06    2.2330268392606745e-06    5.069534498825111e-06
8324.464949696068    6.768260655552039e-06    6.768289382152047e-06    2.2516572112569617e-06    5.262735749653682e-06
8324.564949696067    7.075915892583684e-06    7.075941678583691e-06    2.2727899311507965e-06    5.474882500772723e-06
8324.664949696065    7.411210869613231e-06    7.411238394713228e-06    2.2935252494513446e-06    5.705324837925934e-06
8324.764949696064    7.778111904632395e-06    7.778139266532394e-06    2.3134802134528125e-06    5.956577128205868e-06
8324.864949696062    8.184550732431506e-06    8.184584996731491e-06    2.336997476043961e-06    6.235377735068987e-06
8324.964949696061    8.6359800651243e-06    8.636019053124289e-06    2.3636272552365445e-06    6.5452087911617094e-06
8325.06494969606    9.135940238299563e-06    9.135983892699552e-06    2.390779341834806e-06    6.8875678242779734e-06
8325.164949696058    9.691537990655867e-06    9.691590998955845e-06    2.4185067220329206e-06    7.267211903881543e-06
8325.264949696057    1.0311774173488206e-05    1.0311822509488219e-05    2.447211808730033e-06    7.690269497235488e-06
8325.364949696055    1.1006388970294279e-05    1.1006442263294268e-05    2.476253213728685e-06    8.163028149105744e-06
8325.464949696054    1.1789602253076714e-05    1.1789668496076681e-05    2.507874697022349e-06    8.69571514872525e-06
8325.564949696052    1.2676048055807088e-05    1.2676107298807104e-05    2.5419394546157294e-06    9.298031603076641e-06
8325.66494969605    1.3681618381494104e-05    1.3681693373494063e-05    2.5768897750129034e-06    9.980067176667025e-06
8325.76494969605    1.4828068164122175e-05    1.482815314412215e-05    2.6138088757073254e-06    1.0756676727983884e-05
8325.864949696048    1.613740028268949e-05    1.6137469944689532e-05    2.6496361345094145e-06    1.1641502120629478e-05
8325.964949696046    1.76415950011968e-05    1.7641669986196787e-05    2.687188313005053e-06    1.2656817766799546e-05
8326.064949696045    1.9377298237579883e-05    1.937739079157984e-05    2.728231133295481e-06    1.3827640054151735e-05
8326.164949696044    2.1381542136859565e-05    2.138162861185958e-05    2.769876904893188e-06    1.5177682551204113e-05
8326.264949696042    2.369997843601156e-05    2.3700076775011533e-05    2.8136081659870436e-06    1.6737887792336712e-05
8326.36494969604    2.6381620112024633e-05    2.6381745150024566e-05    2.8610906496764908e-06    1.8541485303908565e-05
8326.46494969604    2.9466428722975936e-05    2.9466556485975927e-05    2.9088225054758417e-06    2.0613935904809232e-05
8326.564949696038    3.298919496377266e-05    3.2989336304772623e-05    2.9583743395702066e-06    2.29789685360385e-05
8326.664949696036    3.695404351954257e-05    3.6954211401542504e-05    3.0103673765628668e-06    2.5639540765882644e-05
8326.764949696035    4.131160507942752e-05    4.1311804204427435e-05    3.0652468009542553e-06    2.8562885361603067e-05
8326.864949696033    4.5923396306668465e-05    4.592362779166838e-05    3.1221590559478216e-06    3.165639438476155e-05
8326.964949696032    5.0532042512676874e-05    5.0532280907676857e-05    3.1809689025427476e-06    3.474843077429882e-05
8327.06494969603    5.474394092466113e-05    5.4744277408660865e-05    3.240815304538887e-06    3.757634454595363e-05
8327.164949696029    5.8070244765984734e-05    5.807065507998454e-05    3.30371613772952e-06    3.981487199456627e-05
8327.264949696028    6.003171554364816e-05    6.0032205753647935e-05    3.371755521914356e-06    4.1145225606403486e-05
8327.364949696026    6.0312823313227884e-05    6.031330163222792e-05    3.442592046805435e-06    4.1356238997420414e-05
8327.464949696025    5.888616968891855e-05    5.888671783891836e-05    3.5149990917011214e-06    4.042929553984601e-05
8327.564949696023    5.602691254090545e-05    5.602746714390544e-05    3.589617983393689e-06    3.854799922273486e-05
8327.664949696022    5.2206648546632e-05    5.220719199963203e-05    3.6690654710788934e-06    3.6027635339114305e-05
8327.76494969602    4.792443182299553e-05    4.792500481299545e-05    3.7557425073571964e-06    3.320172638111605e-05
8327.864949696019    4.3583902174237835e-05    4.358428759123837e-05    3.8438153414516846e-06    3.0337335035642625e-05
8327.964949696017    3.947500237158477e-05    3.9475468271584544e-05    3.935451307341639e-06    2.7628640650170315e-05
8328.064949696016    3.575890779754488e-05    3.5759116008545605e-05    4.034968286017609e-06    2.5184330697369365e-05
8328.164949696014    3.249108735133228e-05    3.2491457450331824e-05    4.137719141206563e-06    2.304008798095689e-05
8328.264949696013    2.9683107120070145e-05    2.9683369467070457e-05    4.250280503576499e-06    2.12055856969057e-05
8328.364949696012    2.7309697076864363e-05    2.730995348786438e-05    4.372759570145766e-06    1.9664136711624836e-05
8328.46494969601    2.5351751257662756e-05    2.5352024888662705e-05    4.507565581310115e-06    1.8403780575878524e-05
8328.564949696009    2.387907300028606e-05    2.3879168466286575e-05    4.688514026373371e-06    1.7482251830982e-05
8328.664949696007    2.237894566739323e-05    2.2379074368393138e-05    4.793211348593386e-06    1.651707712812659e-05
8328.764949696006    2.1117746075716457e-05    2.111784985671653e-05    4.8698277678742295e-06    1.5701807900102406e-05
8328.864949696004    2.014454752688549e-05    2.0144605116885624e-05    4.990527970542129e-06    1.5093226871437748e-05
8328.964949696003    1.938374319425575e-05    1.9383808974255725e-05    5.128167220791906e-06    1.4631906463101128e-05
8329.064949696001    1.88103210917106e-05    1.8810302023710855e-05    5.283044702737978e-06    1.4301222606053144e-05
8329.164949696    1.842532164515551e-05    1.8425770332154108e-05    5.476913871018134e-06    1.4109335282775917e-05
8329.264949695998    1.8123533838911254e-05    1.812370913791208e-05    5.614602467284247e-06    1.3953948481369193e-05
8329.364949695997    1.792913209459054e-05    1.7928918810591716e-05    5.74550036610237e-06    1.3867850423761544e-05
8329.464949695996    1.78864362771297e-05    1.7886306367129445e-05    5.915382457483947e-06    1.3896041700581031e-05
8329.564949695994    1.796795662575088e-05    1.7967763389751074e-05    6.103459975625254e-06    1.4013059997042404e-05
8329.664949695993    1.8162562628401764e-05    1.816282584140036e-05    6.3047004097813685e-06    1.421002962652783e-05
8329.764949695991    1.8467306347057647e-05    1.8467127479059015e-05    6.5191816393367635e-06    1.4484538488484476e-05
8329.86494969599    1.8878528156720904e-05    1.8878693816719834e-05    6.748200928387642e-06    1.4835140967276127e-05
8329.964949695988    1.938929347141128e-05    1.9389620223410777e-05    6.986812744357805e-06    1.5255242146393288e-05
8330.064949695987    1.9967292788191634e-05    1.996764984419154e-05    7.2067370896119315e-06    1.5713893240665035e-05
8330.164949695985    2.076899555747716e-05    2.0769757476475885e-05    7.538258620156751e-06    1.6359003884703266e-05
8330.264949695984    2.166817484515406e-05    2.1668133407156602e-05    7.90689536863325e-06    1.708106787364797e-05
8330.364949695982    2.263292751292897e-05    2.2632567377929984e-05    8.260950056372962e-06    1.7842148315743973e-05
8330.464949695981    2.3687134975644216e-05    2.3687146642643028e-05    8.626943587134956e-06    1.8667075068474063e-05
8330.56494969598    2.4823919576360672e-05    2.482401337136041e-05    9.001218923801787e-06    1.9549717290507625e-05
8330.664949695978    2.5976116091290376e-05    2.5976243825290267e-05    9.343275498998711e-06    2.0431878471859785e-05
8330.764949695977    2.7417370542333506e-05    2.741743498933371e-05    9.84293292988221e-06    2.1559246153849807e-05
8330.864949695975    2.912600182343671e-05    2.9125985763436976e-05    1.0431090466084963e-05    2.2894359350986218e-05
8330.964949695974    3.0879295151291286e-05    3.087929999229122e-05    1.099467328716498e-05    2.425108947691583e-05
8331.064949695972    3.272151030296825e-05    3.272138185396869e-05    1.1582035995076867e-05    2.567497605067127e-05
8331.16494969597    3.4684311808537725e-05    3.468432635153726e-05    1.2202675462956624e-05    2.7190437874343876e-05
8331.26494969597    3.6781893420055824e-05    3.678201387805548e-05    1.2862527348815521e-05    2.880881154897561e-05
8331.364949695968    3.9024349652535425e-05    3.902445879153546e-05    1.356612803465789e-05    3.053831215957626e-05
8331.464949695966    4.142094982402232e-05    4.1420998358022514e-05    1.4317115193500152e-05    3.238635445851499e-05
8331.564949695965    4.398102558443158e-05    4.398117031543126e-05    1.5119337113315011e-05    3.436051100439261e-05
8331.664949695964    4.671466893780093e-05    4.671476134580111e-05    1.5977129639113416e-05    3.6468853307571816e-05
8331.764949695962    4.963002179413643e-05    4.963005809713662e-05    1.6893211708900603e-05    3.8717763866724555e-05
8331.86494969596    5.2735623931436264e-05    5.273566609443624e-05    1.7871793714671342e-05    4.111436124684795e-05
8331.96494969596    5.6039228734762756e-05    5.603920166976299e-05    1.8916071433447878e-05    4.366483394599121e-05
8332.064949695958    5.954701823700441e-05    5.9547047972004215e-05    2.0028018518197476e-05    4.6374028242402036e-05
8332.164949695956    6.326325933122398e-05    6.326325613622408e-05    2.121065148793424e-05    4.924572231846076e-05
8332.264949695955    6.71889450974325e-05    6.718897001743242e-05    2.246443355966683e-05    5.2280782891510586e-05
8332.364949695953    7.132157891964211e-05    7.132158332264219e-05    2.379100314239114e-05    5.5478055128225145e-05
8332.464949695952    7.56529950519515e-05    7.565295222295165e-05    2.5189911586139818e-05    5.883195295368099e-05
8332.56494969595    8.016860175422942e-05    8.016857524122937e-05    2.6658417033871305e-05    6.233186467644337e-05
8332.664949695949    8.484615266657875e-05    8.484610927457883e-05    2.8194344356607897e-05    6.596220209925517e-05
8332.764949695948    8.965428603403288e-05    8.965430476703266e-05    2.979396960035518e-05    6.970085346714024e-05
8332.864949695946    9.455138841662983e-05    9.455146542162963e-05    3.1451590945120374e-05    7.35181482611266e-05
8332.964949695945    9.948411252950348e-05    9.948415364250361e-05    3.316230899793203e-05    7.737685838997971e-05
8333.064949695943    0.0001043886366925143    0.00010438861712251451    3.4919254616736104e-05    8.123216947725497e-05
8333.164949695942    0.0001091909078027915    0.00010919090832279142    3.671868989555189e-05    8.503350200704494e-05
8333.26494969594    0.00011380568047337944    0.00011380568704337941    3.8554604902387766e-05    8.87219908063822e-05
8333.364949695939    0.00011814509796429222    0.00011814506774429237    4.042459567023103e-05    9.223825379293855e-05
8333.464949695937    0.00012211601514562612    0.000122116016655626    4.23284904401083e-05    9.55201740804535e-05
8333.564949695936    0.00012562905531721965    0.00012562912686721938    4.4269094493940124e-05    9.850909222612637e-05
8333.664949695934    0.00012860157699913196    0.0001286015279291324    4.6252238716749286e-05    0.00010115178121500455
8333.764949695933    0.00013096355520132122    0.0001309635150713212    4.828635300352594e-05    0.00010340447442538945
8333.864949695932    0.00013266129157373104    0.00013266123095373108    5.03847964982514e-05    0.00010523577300857118
8333.96494969593    0.00013366295218630132    0.000133662979146301    5.256307305995661e-05    0.00010662966813085298
8334.064949695929    0.0001339596891188989    0.00013395975704889873    5.483942064255307e-05    0.00010758628893678355
8334.164949695927    0.00013356972987145412    0.00013356981606145406    5.723543583506543e-05    0.00010812499392265786
8334.264949695926    0.00013253498036387733    0.00013253513882387704    5.977307136349118e-05    0.00010828106351708187
8334.364949695924    0.0001309219923160734    0.00013092213589607345    6.247545980082468e-05    0.00010810652933765719
8334.464949695923    0.00012881980918791536    0.00012881996221791533    6.536799385810871e-05    0.0001076692550879798
8334.564949695921    0.00012633192740941292    0.00012633203867941305    6.847496454224478e-05    0.0001070463102103569
8334.66494969592    0.00012357534503047965    0.0001235754747304796    7.182044019928155e-05    0.00010632375332008026
8334.764949695918    0.00012067325911108562    0.00012067346475108531    7.54282238222187e-05    0.00010559164922812987
8334.864949695917    0.00011775244438121029    0.00011775260380121047    7.932264337505296e-05    0.00010494256385249125
8334.964949695915    0.0001149417320107877    0.0001149418900907877    8.353066334884933e-05    0.00010447142848347491
8335.064949695914    0.00011235890632996004    0.00011235903991996013    8.807347287648175e-05    0.0001042638063754673
8335.164949695913    0.00011012851916864151    0.00011012867065864144    9.298719794196204e-05    0.00010441479592308167
8335.264949695911    0.00010835679812689666    0.00010835693145689674    9.830466062530104e-05    0.00010500613006969814
8335.36494969591    0.00010715428369470282    0.00010715441191470285    0.00010407726068742437    0.00010612865209894334
8335.464949695908    0.00010661317829211617    0.00010661337258211592    0.00011036082116542608    0.00010786245734655272
8335.564949695907    0.00010681931895919007    0.00010681947371919023    0.0001172316272630045    0.00011029013998046159
8335.664949695905    0.00010784972067593279    0.00010784981836593302    0.0001247798010102058    0.00011349311335069052
8335.764949695904    0.00010974888265246907    0.00010974899044246903    0.00013309490287702732    0.00011753092532398847
8335.864949695902    0.00011253101018891714    0.00011253109788891722    0.00014224654820354363    0.00012243621876045934
8335.964949695901    0.0001161904519354223    0.00011619055449542223    0.000152266157470086    0.0001282157213003102
8336.0649496959    0.0001206579461821221    0.00012065805167212208    0.00016308859382669103    0.0001348015305603117
8336.164949695898    0.0001258148522992694    0.00012581500068926924    0.0001745113518940809    0.00014204706829420652
8336.264949695897    0.00013148733555709362    0.00013148750814709353    0.00018616989339292097    0.00014971491236570272
8336.364949695895    0.0001374414380958481    0.00013744169034584776    0.0001975570609938097    0.00015748006314516853
8336.464949695894    0.00014338236512590155    0.0001433827202259011    0.00020807341398734205    0.00016494616644638157
8336.564949695892    0.0001489628589272621    0.00014896327106726185    0.00021711776955314846    0.00017168129984922414
8336.66494969589    0.0001538047892401833    0.0001538052101101833    0.00022419910376101802    0.0001772697010371282
8336.76494969589    0.00015755801964457077    0.00015755847418457065    0.00022904276950008807    0.00018138642110974317
8336.864949695888    0.0001599134652102741    0.00015991397978027387    0.00023157153927955842    0.00018379966142336883
8336.964949695886    0.00016068686161680657    0.00016068735645680663    0.00023192892517852432    0.00018443438108404586
8337.064949695885    0.00015983737699352306    0.00015983795413352273    0.0002303996893563422    0.0001833583401611293
8337.164949695883    0.00015744237305997637    0.00015744296136997632    0.00022731721910284    0.0001807341845109309
8337.264949695882    0.0001537013824656511    0.00015370195502565116    0.0002230287689479415    0.00017681070214641456
8337.36494969588    0.00014886454752032372    0.00014886511144032377    0.000217823459171872    0.00017185103937750648
8337.46494969588    0.0001432143961937412    0.00014321498351374109    0.00021192490395478494    0.00016611809455408907
8337.564949695878    0.00013699511285624572    0.00013699564144624597    0.00020545654070729685    0.00015981576500326286
8337.664949695876    0.0001304422570277726    0.00013044280567777253    0.0001984984193394902    0.0001531278273483451
8337.764949695875    0.00012370816044866324    0.0001237086256986636    0.00019104031399174495    0.00014615236671302394
8337.864949695873    0.00011692795389898283    0.00011692835067898314    0.00018305835635411987    0.00013897155364402862
8337.964949695872    0.00011016550141890694    0.00011016596797890665    0.00017449696226659676    0.0001316094772214701
8338.06494969587    0.00010345413291881067    0.00010345452462881098    0.00016531393034942106    0.00012407419596568092
8338.164949695869    9.680935998164565e-05    9.68097162686458e-05    0.00015551976632222268    0.00011637961419083806
8338.264949695867    9.022870281248894e-05    9.022902047448912e-05    0.00014518600905473683    0.00010854791078057164
8338.364949695866    8.37052628543599e-05    8.370558375635989e-05    0.00013445657991664495    0.00010062247550912158
8338.464949695865    7.726428326200142e-05    7.726456085500161e-05    0.00012355593478738928    9.26949263014641e-05
8338.564949695863    7.096215037351243e-05    7.096242702651243e-05    0.00011279047168699743    8.490501636234078e-05
8338.664949695862    6.490928531853433e-05    6.490953519253445e-05    0.00010223460204627444    7.735114085244775e-05
8338.76494969586    5.9167066693276984e-05    5.916729194327709e-05    9.237494321640176e-05    7.023643395098529e-05
8338.864949695859    5.38225563476235e-05    5.382275874562361e-05    8.330663198208323e-05    6.365064902511012e-05
8338.964949695857    4.893673207859605e-05    4.893691382259614e-05    7.511082928422663e-05    5.766149172847294e-05
8339.064949695856    4.453478410753732e-05    4.4534947496537396e-05    6.780135652344188e-05    5.229036270917221e-05
8339.164949695854    4.0609893863491366e-05    4.061004110249144e-05    6.134058936479256e-05    4.752017477692513e-05
8339.264949695853    3.713294072255837e-05    3.713307382555844e-05    5.565968618342041e-05    4.3308566910512396e-05
8339.364949695851    3.4062619832794656e-05    3.406274058579471e-05    5.067567436439268e-05    3.960034492766068e-05
8339.46494969585    3.1353270024172845e-05    3.135337998317289e-05    4.6303226596644985e-05    3.6336625534663583e-05
8339.564949695849    2.8959890949796756e-05    2.89599914627968e-05    4.2461549437330165e-05    3.346047728330791e-05
8339.664949695847    2.6840859974201118e-05    2.684095219520447e-05    3.9077719062844165e-05    3.0919843744083254e-05
8339.764949695846    2.495909432425554e-05    2.4959179245258494e-05    3.608778499755756e-05    2.8668686189023866e-05
8339.864949695844    2.3282291352369783e-05    2.328236982137239e-05    3.343663082455468e-05    2.6667097332765614e-05
8339.964949695843    2.1782682824711025e-05    2.1782755569713338e-05    3.1077229092565814e-05    2.488088916233006e-05
8340.064949695841    2.0436572717608695e-05    2.0436640366610757e-05    2.8969666534676824e-05    2.3280959872965427e-05
8340.16494969584    1.922380940768136e-05    1.9223872502683206e-05    2.7080140634498013e-05    2.1842607514954194e-05
8340.264949695838    1.8127270214677288e-05    1.8127329223678943e-05    2.5380025365893814e-05    2.054487493475002e-05
8340.364949695837    1.7132393693561043e-05    1.713244902456253e-05    2.3845045513105305e-05    1.936996274374296e-05
8340.464949695835    1.622677193146199e-05    1.6226823940463332e-05    2.2454568293659898e-05    1.8302721388528406e-05
8340.564949695834    1.5399803291634815e-05    1.5399852289636035e-05    2.119100614730341e-05    1.733022057619142e-05
8340.664949695833    1.4642400637498555e-05    1.4642446899499662e-05    2.0039318365054137e-05    1.644138863401745e-05
8340.764949695831    1.3946748070522765e-05    1.3946791836523778e-05    1.898659752102428e-05    1.562671247602361e-05
8340.86494969583    1.3306098907275163e-05    1.3306140393276083e-05    1.8021727185489717e-05    1.4877988828680321e-05
8340.964949695828    1.2714608170391164e-05    1.2714647565392011e-05    1.713509879484079e-05    1.4188118176874655e-05
8341.064949695827    1.2167193653552411e-05    1.2167231127553188e-05    1.6318377292547717e-05    1.3550934024551105e-05
8341.164949695825    1.1659420541517776e-05    1.165945624551849e-05    1.5564306787205e-05    1.2961061191413754e-05
8341.264949695824    1.1187405386053566e-05    1.1187439456054229e-05    1.4866549042425478e-05    1.2413797961511091e-05
8341.364949695822    1.074773598296925e-05    1.074776854096986e-05    1.4219548850892544e-05    1.1905017791610552e-05
8341.46494969582    1.0337404313101393e-05    1.0337435470101962e-05    1.3618421511335078e-05    1.1431087098179476e-05
8341.56494969582    9.95375023990236e-06    9.953780093802888e-06    1.3058858436509952e-05    1.09887962567384e-05
8341.664949695818    9.594414079665055e-06    9.594442721465547e-06    1.2537047742237359e-05    1.0575301514455987e-05
8341.764949695817    9.257296513376743e-06    9.257324024877201e-06    1.204960718733264e-05    1.0188075908528862e-05
8341.864949695815    8.940524583445895e-06    8.940551039446322e-06    1.1593527373645034e-05    9.824867665512417e-06
8341.964949695814    8.642422758292679e-06    8.64244822669308e-06    1.1166123459043301e-05    9.483664814676353e-06
8342.064949695812    8.361488223942147e-06    8.361512766942523e-06    1.076499398740555e-05    9.162664992763407e-06
8342.16494969581    8.096369718743525e-06    8.096393393543876e-06    1.0387985656646465e-05    8.860249589644623e-06
8342.26494969581    7.845849342637463e-06    7.845872201337792e-06    1.0033163089670153e-05    8.574961544548468e-06
8342.364949695808    7.608826874676376e-06    7.608848965576687e-06    9.698782806499009e-06    8.305486215584024e-06
8342.464949695806    7.384306212718163e-06    7.3843275800184554e-06    9.383270749464528e-06    8.05063484740038e-06
8342.564949695805    7.171383612021604e-06    7.1714042966218806e-06    9.085202824600643e-06    7.809330244414708e-06
8342.664949695803    6.9692374560614315e-06    6.9692574958616925e-06    8.803288000264679e-06    7.580594317395934e-06
8342.764949695802    6.777119334503957e-06    6.777138764404204e-06    8.536353591303041e-06    7.363537230070401e-06
8342.8649496958    6.594346240822735e-06    6.594365093422968e-06    8.283332409873068e-06    7.157347914706256e-06
8342.964949695799    6.420293731494081e-06    6.420312036794303e-06    8.043251519136643e-06    6.96128576247501e-06
8343.064949695798    6.254389912093731e-06    6.2544076981939404e-06    7.815222364355496e-06    6.774673324881056e-06
8343.164949695796    6.096110139208747e-06    6.096127432108947e-06    7.598432091807509e-06    6.596889887708401e-06
8343.264949695795    5.944972340518752e-06    5.944989164618941e-06    7.392135895860801e-06    6.427365800332831e-06
8343.364949695793    5.800532872108203e-06    5.800549250108383e-06    7.195650255790584e-06    6.2655774593357235e-06
8343.464949695792    5.662382843763048e-06    5.662398796863219e-06    7.008346947574497e-06    6.111042862733588e-06
8343.56494969579    5.530144850968147e-06    5.530160398968312e-06    6.829647729089075e-06    5.963317659675179e-06
