8.308564949696299664e+03 9.235226853599999181e-06 9.235228996200000410e-06 9.064443453800000551e-06 9.178299767866666714e-06
8.308664949696298208e+03 8.849667756407014239e-06 8.849670063607013122e-06 8.678450533607021106e-06 8.792596117873681128e-06
8.308764949696296753e+03 8.470792362813782983e-06 8.470794613413783333e-06 8.299151489213798513e-06 8.413579488480454378e-06
8.308864949696295298e+03 8.099979952120235128e-06 8.099982109920235819e-06 7.927911492820257933e-06 8.042624518286909627e-06
8.308964949696293843e+03 7.739794854419654178e-06 7.739797116719654560e-06 7.567281648419679287e-06 7.682291206519662957e-06
8.309064949696292388e+03 7.396106367825006830e-06 7.396108373825006696e-06 7.223118905825041220e-06 7.338444549158351582e-06
8.309164949696290932e+03 7.066925706829938042e-06 7.066927214529939265e-06 6.893424310429985502e-06 7.009092410596620936e-06
8.309264949696289477e+03 6.751695992934404343e-06 6.751697827234403596e-06 6.577628114934465858e-06 6.693673978367757368e-06
8.309364949696288022e+03 6.450885501638302179e-06 6.450887206038301882e-06 6.276209135438380143e-06 6.392660614371661402e-06
8.309464949696286567e+03 6.168689733635931837e-06 6.168691547235932402e-06 5.993339010136017947e-06 6.110240097002627113e-06
8.309564949696285112e+03 5.902831811938687771e-06 5.902834403638687421e-06 5.726742274838795112e-06 5.844136163472056203e-06
8.309664949696283657e+03 5.653504733640817136e-06 5.653506795940816792e-06 5.476609318940948920e-06 5.594540282840860385e-06
8.309764949696282201e+03 5.418641751342720998e-06 5.418643300242721566e-06 5.240884572342878537e-06 5.359389874642774548e-06
8.309864949696280746e+03 5.197382586344272022e-06 5.197384235044271957e-06 5.018684261444459671e-06 5.137817027611000652e-06
8.309964949696279291e+03 4.992593137040976329e-06 4.992594944140975652e-06 4.812894953241175605e-06 4.932694344807709478e-06
8.310064949696277836e+03 4.800765054741872456e-06 4.800766940341872435e-06 4.620001107842104608e-06 4.740511034308616217e-06
8.310164949696276381e+03 4.619623335842834461e-06 4.619625443342834747e-06 4.437724193543102993e-06 4.558990990909590169e-06
8.310264949696274925e+03 4.453225116942374167e-06 4.453226867742374546e-06 4.270123268342680850e-06 4.392191751009143188e-06
8.310364949696273470e+03 4.296979479842631231e-06 4.296981098042631532e-06 4.112613137042976681e-06 4.235524571642747046e-06
8.310464949696272015e+03 4.150171418640056172e-06 4.150173063640056104e-06 3.964475849640418601e-06 4.088273443973510857e-06
8.310564949696270560e+03 4.014667133139436835e-06 4.014668920839437380e-06 3.827582828639841450e-06 3.952306294206238555e-06
8.310664949696269105e+03 3.888235853039096321e-06 3.888237362439096904e-06 3.699699287739544866e-06 3.825390834405911991e-06
8.310764949696267649e+03 3.768069056339344647e-06 3.768070445839344658e-06 3.578016498739841148e-06 3.704718666972843626e-06
8.310864949696266194e+03 3.657498876838213932e-06 3.657500863238214022e-06 3.465881847638754785e-06 3.593627195905060913e-06
8.310964949696264739e+03 3.553118913236074663e-06 3.553121129736074392e-06 3.359878791036635494e-06 3.488706278002928042e-06
8.311064949696263284e+03 3.453859415536110374e-06 3.453861314436110729e-06 3.258935222936723059e-06 3.388885317636314297e-06
8.311164949696261829e+03 3.360843491835531062e-06 3.360845170835530906e-06 3.164189664436191804e-06 3.295292775702417500e-06
8.311264949696260373e+03 3.275777096334041812e-06 3.275778660134041830e-06 3.077336243934756791e-06 3.209630666800946529e-06
8.311364949696258918e+03 3.195366401233641253e-06 3.195367775133641080e-06 2.995077112734414314e-06 3.128603763033899306e-06
8.311464949696257463e+03 3.118424497532189850e-06 3.118426141432189598e-06 2.916234916932985351e-06 3.051028518632454933e-06
8.311564949696256008e+03 3.046223407731519723e-06 3.046225661731519641e-06 2.842088533332369461e-06 2.978179200931802800e-06
8.311664949696254553e+03 2.979913878730154039e-06 2.979916281230153808e-06 2.773770706631067347e-06 2.911200288863792296e-06
8.311764949696253097e+03 2.917493676329520752e-06 2.917496370829520733e-06 2.709292506830493961e-06 2.848094184663178906e-06
8.311864949696251642e+03 2.856541285829935412e-06 2.856543491229935556e-06 2.646228238530972675e-06 2.786437671863614548e-06
8.311964949696250187e+03 2.798840147928338625e-06 2.798842229928338766e-06 2.586368499029398925e-06 2.728016958962025156e-06
8.312064949696248732e+03 2.744978679727432563e-06 2.744981274827432627e-06 2.530303796828554869e-06 2.673421250461139878e-06
8.312164949696247277e+03 2.696100817325783067e-06 2.696103559525783210e-06 2.479160083826978657e-06 2.623788153559514696e-06
8.312264949696245822e+03 2.648386048426037797e-06 2.648388722026037670e-06 2.429116436827308592e-06 2.575297069093127455e-06
8.312364949696244366e+03 2.603359061425390079e-06 2.603362217625389818e-06 2.381719420026726572e-06 2.529480233025835207e-06
8.312464949696242911e+03 2.563542261522452450e-06 2.563545155322452423e-06 2.339478237023819353e-06 2.488855217956241409e-06
8.312564949696241456e+03 2.525607503822080855e-06 2.525609709522081434e-06 2.299071298023519990e-06 2.450096170455894234e-06
8.312664949696240001e+03 2.487267021623014336e-06 2.487268776623014879e-06 2.258200909524532829e-06 2.410912235923520963e-06
8.312764949696238546e+03 2.449604299423292693e-06 2.449606662223292752e-06 2.217948472924894381e-06 2.372386478190493275e-06
8.312864949696237090e+03 2.417452718720468805e-06 2.417455203820469106e-06 2.183159953822147977e-06 2.339355958787695437e-06
8.312964949696235635e+03 2.385721963820201516e-06 2.385724431320201414e-06 2.148729772121920087e-06 2.306725389087441288e-06
8.313064949696234180e+03 2.356460174319161553e-06 2.356462199419161879e-06 2.116725662420957285e-06 2.276549345386426906e-06
8.313164949696232725e+03 2.330719462317324438e-06 2.330721661517323776e-06 2.088181713319210529e-06 2.249874279051285965e-06
8.313264949696231270e+03 2.304830138417895348e-06 2.304832854117895024e-06 2.059417039819882371e-06 2.223026677451891479e-06
8.313364949696229814e+03 2.280436183717305485e-06 2.280439131817305031e-06 2.032110447019371521e-06 2.197661920851327487e-06
8.313464949696228359e+03 2.257380961316355424e-06 2.257383951416355333e-06 2.006074698818469790e-06 2.173613203850393516e-06
8.313564949696226904e+03 2.236370303415287384e-06 2.236373702115286679e-06 1.982034243617491737e-06 2.151592749716022075e-06
8.313664949696225449e+03 2.218101589813624416e-06 2.218104840113624570e-06 1.960683016015923306e-06 2.132296481981057854e-06
8.313764949696223994e+03 2.199513923514200320e-06 2.199516409714200805e-06 1.938946843816606218e-06 2.112659059015003012e-06
8.313864949696222538e+03 2.181022761414463215e-06 2.181025080214463113e-06 1.917243131016975715e-06 2.093096990881967348e-06
8.313964949696221083e+03 2.166688972311211510e-06 2.166691926411210865e-06 1.899629482613776800e-06 2.077670127112066886e-06
8.314064949696219628e+03 2.152020569111740026e-06 2.152023277211740395e-06 1.881638299714399264e-06 2.061894048679293017e-06
8.314164949696218173e+03 2.139181438910509593e-06 2.139183600510510150e-06 1.865429036013267970e-06 2.047931358478095834e-06
8.314264949696216718e+03 2.127182764810039936e-06 2.127184972310039738e-06 1.849988251212919856e-06 2.034785329444332753e-06
8.314364949696215263e+03 2.116128423509450753e-06 2.116131056909450332e-06 1.835420940012453901e-06 2.022560140143784854e-06
8.314464949696213807e+03 2.106496464108234248e-06 2.106499836108234198e-06 1.822224828611281614e-06 2.011740376275916828e-06
8.314564949696212352e+03 2.097829154807567287e-06 2.097832024507567734e-06 1.809922962110740976e-06 2.001861380475292140e-06
8.314664949696210897e+03 2.090572300806467948e-06 2.090574773406468468e-06 1.798989633609744962e-06 1.993378902607560388e-06
8.314764949696209442e+03 2.084792477705256633e-06 2.084795368405256203e-06 1.789472096708656327e-06 1.986353314273056317e-06
8.314864949696207987e+03 2.079877599604559535e-06 2.079881408104558686e-06 1.780756225408085529e-06 1.980171744372401108e-06
8.314964949696206531e+03 2.076374158503250013e-06 2.076377276803250959e-06 1.773400086106824122e-06 1.975383840471108718e-06
8.315064949696205076e+03 2.073662197502565112e-06 2.073664975602565523e-06 1.766770050906271209e-06 1.971365741337133525e-06
8.315164949696203621e+03 2.072222581101388046e-06 2.072225070101388498e-06 1.761359408305216160e-06 1.968602353169330407e-06
8.315264949696202166e+03 2.071261348300943976e-06 2.071263982300944002e-06 1.756381579704889402e-06 1.966302303435592319e-06
8.315364949696200711e+03 2.070169440901092067e-06 2.070172936501091322e-06 1.751243263505140573e-06 1.963861880302441744e-06
8.315464949696199255e+03 2.071810884698358229e-06 2.071814958298357251e-06 1.748788525902455664e-06 1.964138122966390452e-06
8.315564949696197800e+03 2.075532864596208774e-06 2.075536351196208949e-06 1.748343088400453754e-06 1.966470768064290633e-06
8.315664949696196345e+03 2.081098089794230207e-06 2.081102307894229065e-06 1.749722743098569619e-06 1.970641046929009913e-06
8.315764949696194890e+03 2.087839455592887721e-06 2.087843209192888123e-06 1.752256487797326682e-06 1.975979717527700913e-06
8.315864949696193435e+03 2.095749068191511413e-06 2.095752157791511948e-06 1.755907664096081543e-06 1.982469630026367948e-06
8.315964949696191979e+03 2.105155811589904751e-06 2.105158958289904826e-06 1.761057420294473419e-06 1.990457396724761069e-06
8.316064949696190524e+03 2.115902833688270539e-06 2.115906393988270335e-06 1.767539507592925679e-06 1.999782911756488780e-06
8.316164949696189069e+03 2.126212826388560496e-06 2.126217068188559429e-06 1.773594219693281796e-06 2.008674704756800291e-06
8.316264949696187614e+03 2.139500186985014668e-06 2.139504195985015128e-06 1.782634468789804625e-06 2.020546283919944525e-06
8.316364949696186159e+03 2.155371564481812158e-06 2.155375092181812662e-06 1.794297939986634096e-06 2.035014865550086094e-06
8.316464949696184703e+03 2.171032090182053417e-06 2.171036234482053214e-06 1.805790423486830093e-06 2.049286249383645787e-06
8.316564949696183248e+03 2.191351886876344579e-06 2.191356601576343989e-06 1.821993512581137294e-06 2.068234000344608621e-06
8.316664949696181793e+03 2.213575423273724381e-06 2.213580939773723375e-06 1.840190252078485203e-06 2.089115538375310845e-06
8.316764949696180338e+03 2.238996680169481021e-06 2.239001803969481248e-06 1.861729672174141037e-06 2.113242718771034294e-06
8.316864949696178883e+03 2.265872068367246471e-06 2.265876894667246413e-06 1.884873635771794101e-06 2.138874199602095662e-06
8.316964949696177428e+03 2.294543976265057019e-06 2.294548763965057011e-06 1.909995627769383157e-06 2.166362789333166152e-06
8.317064949696175972e+03 2.326470946060509007e-06 2.326474696560510277e-06 1.938614510664600971e-06 2.197186717761873418e-06
8.317164949696174517e+03 2.364904136251762520e-06 2.364908913251761108e-06 1.974062997255508126e-06 2.234625348919677675e-06
8.317264949696173062e+03 2.404641041649403149e-06 2.404646526049402588e-06 2.011174981452745561e-06 2.273487516383850715e-06
8.317364949696171607e+03 2.449300867542322444e-06 2.449306733942322209e-06 2.053621726245180836e-06 2.317409775909941688e-06
8.317464949696170152e+03 2.501820223732172004e-06 2.501826390832171897e-06 2.104508709534280502e-06 2.369385108032874942e-06
8.317564949696168696e+03 2.556733182428081876e-06 2.556739200228082169e-06 2.158433051229377040e-06 2.423968477961847311e-06
8.317664949696167241e+03 2.618368834918156205e-06 2.618375273018155916e-06 2.219831167518471822e-06 2.485525091818261597e-06
8.317764949696165786e+03 2.689591068904131274e-06 2.689597500004131278e-06 2.291795511003132053e-06 2.556994693303798484e-06
8.317864949696164331e+03 2.769307009691248146e-06 2.769313762691247549e-06 2.373424993588637434e-06 2.637348588657044094e-06
8.317964949696162876e+03 2.857693673479419375e-06 2.857700408879419223e-06 2.465090022174946536e-06 2.726828034844594903e-06
8.318064949696161420e+03 2.957886230061490682e-06 2.957892328761491301e-06 2.570221545754662828e-06 2.828666701525881604e-06
8.318164949696159965e+03 3.075084274935849775e-06 3.075091551535848240e-06 2.694423567226039667e-06 2.948199797899245753e-06
8.318264949696158510e+03 3.204890790415829075e-06 3.204897636515829419e-06 2.833639391002478970e-06 3.081142605978045962e-06
8.318364949696157055e+03 3.353352667986659851e-06 3.353360208586659273e-06 2.994418135768960551e-06 3.233710337447426699e-06
8.318464949696155600e+03 3.525486990752642546e-06 3.525494609452642750e-06 3.182398231329872168e-06 3.411126610511719296e-06
8.318564949696154144e+03 3.721776834314360736e-06 3.721785013914359618e-06 3.398645916085318311e-06 3.614069254771346222e-06
8.318664949696152689e+03 3.948182623666418332e-06 3.948191312466417409e-06 3.649831704729907772e-06 3.848735213620914787e-06
8.318764949696151234e+03 4.211570729207137311e-06 4.211580375207136938e-06 3.943585271061845544e-06 4.122245458492040213e-06
8.318864949696149779e+03 4.514700263342346102e-06 4.514710049442346524e-06 4.283269610387158233e-06 4.437559974390617235e-06
8.318964949696148324e+03 4.859146672179968762e-06 4.859157852879965581e-06 4.670699865015072800e-06 4.796334796691669048e-06
8.319064949696146869e+03 5.248694113804790953e-06 5.248706406604789127e-06 5.109417032329661519e-06 5.202272517579747764e-06
8.319164949696145413e+03 5.681973999630088537e-06 5.681985350530088875e-06 5.596610989046728974e-06 5.653523446402302411e-06
8.319264949696143958e+03 6.150404877567219239e-06 6.150418429467216020e-06 6.120615101480283709e-06 6.140479469504906040e-06
8.319364949696142503e+03 6.631943864937954165e-06 6.631959522337951437e-06 6.654307042855421853e-06 6.639403476710441920e-06
8.319464949696141048e+03 7.091852406172185028e-06 7.091870212072182206e-06 7.155824533606337638e-06 7.113182383950234675e-06
8.319564949696139593e+03 7.490608870761706344e-06 7.490628467961703360e-06 7.577693310024710463e-06 7.519643549582707287e-06
8.319664949696138137e+03 7.778057469234648348e-06 7.778079368034645157e-06 7.863075787537994341e-06 7.806404208269095949e-06
8.319764949696136682e+03 7.910481402283210537e-06 7.910504649783208311e-06 7.965165045632870546e-06 7.928717032566430362e-06
8.319864949696135227e+03 7.876189977556761145e-06 7.876217010756756759e-06 7.873917149351040485e-06 7.875441379221518898e-06
8.319964949696133772e+03 7.682815035320091169e-06 7.682841592920090860e-06 7.602800639248774173e-06 7.656152422496319016e-06
8.320064949696132317e+03 7.364889494332039243e-06 7.364919702132032207e-06 7.194213520083758431e-06 7.308007572182610243e-06
8.320164949696130861e+03 6.971589250665330039e-06 6.971618552065331488e-06 6.705037626727519222e-06 6.882748476486059967e-06
8.320264949696129406e+03 6.543953237631193738e-06 6.543981005331195776e-06 6.182398512093634398e-06 6.423444251685341022e-06
8.320364949696127951e+03 6.119924030132739147e-06 6.119950120232741960e-06 5.667896549689079572e-06 5.969256900018186328e-06
8.320464949696126496e+03 5.723044470185823619e-06 5.723068416085827399e-06 5.186721859931489358e-06 5.544278248734381255e-06
8.320564949696125041e+03 5.366971286321785965e-06 5.366991333021792711e-06 4.752800771457726427e-06 5.162254463600435599e-06
8.320664949696123585e+03 5.056547383947717459e-06 5.056568755547716338e-06 4.370497016074544082e-06 4.827871051856659575e-06
8.320764949696122130e+03 4.791247377772926233e-06 4.791264588072933829e-06 4.038443209991921841e-06 4.540318391945927301e-06
8.320864949696120675e+03 4.570121096798203995e-06 4.570138552298203628e-06 3.754766947810843982e-06 4.298342198969084433e-06
8.320964949696119220e+03 4.383877302635387900e-06 4.383893405735389955e-06 3.509416855641826154e-06 4.092395854670868285e-06
8.321064949696117765e+03 4.230738549178557902e-06 4.230755729578555722e-06 3.299813104981266748e-06 3.920435794579459277e-06
8.321164949696116309e+03 4.105446225230184568e-06 4.105460784430189355e-06 3.119881340030566930e-06 3.776929449896980567e-06
8.321264949696114854e+03 4.003703219088770980e-06 4.003717854288770537e-06 2.964778758787772614e-06 3.657399944055105134e-06
8.321364949696113399e+03 3.926790612844101018e-06 3.926805686344099422e-06 2.835234646442708205e-06 3.562943648543636074e-06
8.321464949696111944e+03 3.866738459812511732e-06 3.866751778712514973e-06 2.722844516110569264e-06 3.485444918211864758e-06
8.321564949696110489e+03 3.822707716783295713e-06 3.822721060683294280e-06 2.626375981182494065e-06 3.423934919549695251e-06
8.321664949696109034e+03 3.792834420957056018e-06 3.792849439357052983e-06 2.543481642058323284e-06 3.376388500790810903e-06
8.321764949696107578e+03 3.775427310733563205e-06 3.775442253833563169e-06 2.472192027537455751e-06 3.341020530701527092e-06
8.321864949696106123e+03 3.768457141613565960e-06 3.768469854713570328e-06 2.410170365420713842e-06 3.315699120582616851e-06
8.321964949696104668e+03 3.770685611795662687e-06 3.770699116595661023e-06 2.355956877905516478e-06 3.299113868765612972e-06
8.322064949696103213e+03 3.783702926874427375e-06 3.783716715074426718e-06 2.310739577288829822e-06 3.292719739745894639e-06
8.322164949696101758e+03 3.806222804955350044e-06 3.806236118155350946e-06 2.272912254975000209e-06 3.295123726028566925e-06
8.322264949696100302e+03 3.838323909935769357e-06 3.838338611835766286e-06 2.242389411361072925e-06 3.306350644377536472e-06
8.322364949696098847e+03 3.874310832827340089e-06 3.874325816627338813e-06 2.213117217259102849e-06 3.320584622237927674e-06
8.322464949696097392e+03 3.918352377111076490e-06 3.918367693711075745e-06 2.189008788948676725e-06 3.341909619923609371e-06
8.322564949696095937e+03 3.972759383189157748e-06 3.972772941489161837e-06 2.171822574835012750e-06 3.372451633171110920e-06
8.322664949696094482e+03 4.033385223075386432e-06 4.033401668175380621e-06 2.157151431130155896e-06 3.407979440793640842e-06
8.322764949696093026e+03 4.098575286764818610e-06 4.098593638864814740e-06 2.143161369029010479e-06 3.446776764886215174e-06
8.322864949696091571e+03 4.171238310848000502e-06 4.171254001748006842e-06 2.132382228022548039e-06 3.491624846872851653e-06
8.322964949696090116e+03 4.255230013424303223e-06 4.255248526124297417e-06 2.128071009209018275e-06 3.546183182919205458e-06
8.323064949696088661e+03 4.343545968313651104e-06 4.343564275713651001e-06 2.122720961911289009e-06 3.603277068646197321e-06
8.323164949696087206e+03 4.439941837494849014e-06 4.439961066794847099e-06 2.119788896106239925e-06 3.666563933465311307e-06
8.323264949696085750e+03 4.548543651566896918e-06 4.548561754366899016e-06 2.122635157693890835e-06 3.739913521209228358e-06
8.323364949696084295e+03 4.662364478853623425e-06 4.662384824153619205e-06 2.123791241497497380e-06 3.816180181501579862e-06
8.323464949696082840e+03 4.786076732932212794e-06 4.786096957832212923e-06 2.127099170292839713e-06 3.899757620352421104e-06
8.323564949696081385e+03 4.921560786004266794e-06 4.921582462704264418e-06 2.133924313985101873e-06 3.992355854231210605e-06
8.323664949696079930e+03 5.068160720477336788e-06 5.068180389277341390e-06 2.142336517281485165e-06 4.092892542345387499e-06
8.323764949696078475e+03 5.224844745852292532e-06 5.224869411752281136e-06 2.150310351782304746e-06 4.200008169795625573e-06
8.323864949696077019e+03 5.393974629421595954e-06 5.393999052921596300e-06 2.159682369679031312e-06 4.315885350674073957e-06
8.323964949696075564e+03 5.579181984685624637e-06 5.579205464185627487e-06 2.172530729571253773e-06 4.443639392814168773e-06
8.324064949696074109e+03 5.777869596751850603e-06 5.777898031251840194e-06 2.184651761072660445e-06 4.580139796358784030e-06
8.324164949696072654e+03 5.994695583206994666e-06 5.994720394307003321e-06 2.199155231867022890e-06 4.729523736460341140e-06
8.324264949696071199e+03 6.231219922457903262e-06 6.231247859957896661e-06 2.216003585261384440e-06 4.892823789225728968e-06
8.324364949696069743e+03 6.487772081607334274e-06 6.487804575607324456e-06 2.233026839260674495e-06 5.069534498825110793e-06
8.324464949696068288e+03 6.768260655552038648e-06 6.768289382152047371e-06 2.251657211256961713e-06 5.262735749653682013e-06
8.324564949696066833e+03 7.075915892583684404e-06 7.075941678583691334e-06 2.272789931150796508e-06 5.474882500772723094e-06
8.324664949696065378e+03 7.411210869613231331e-06 7.411238394713227596e-06 2.293525249451344624e-06 5.705324837925933670e-06
8.324764949696063923e+03 7.778111904632394901e-06 7.778139266532394132e-06 2.313480213452812451e-06 5.956577128205867867e-06
8.324864949696062467e+03 8.184550732431506494e-06 8.184584996731491461e-06 2.336997476043960988e-06 6.235377735068987303e-06
8.324964949696061012e+03 8.635980065124299531e-06 8.636019053124288918e-06 2.363627255236544530e-06 6.545208791161709440e-06
8.325064949696059557e+03 9.135940238299563066e-06 9.135983892699551677e-06 2.390779341834805990e-06 6.887567824277973437e-06
8.325164949696058102e+03 9.691537990655867181e-06 9.691590998955844756e-06 2.418506722032920613e-06 7.267211903881542913e-06
8.325264949696056647e+03 1.031177417348820640e-05 1.031182250948821911e-05 2.447211808730032817e-06 7.690269497235487523e-06
8.325364949696055191e+03 1.100638897029427851e-05 1.100644226329426759e-05 2.476253213728684991e-06 8.163028149105743556e-06
8.325464949696053736e+03 1.178960225307671427e-05 1.178966849607668108e-05 2.507874697022349138e-06 8.695715148725249855e-06
8.325564949696052281e+03 1.267604805580708750e-05 1.267610729880710431e-05 2.541939454615729360e-06 9.298031603076641378e-06
8.325664949696050826e+03 1.368161838149410405e-05 1.368169337349406268e-05 2.576889775012903402e-06 9.980067176667024791e-06
8.325764949696049371e+03 1.482806816412217486e-05 1.482815314412215066e-05 2.613808875707325423e-06 1.075667672798388365e-05
8.325864949696047915e+03 1.613740028268948972e-05 1.613746994468953172e-05 2.649636134509414515e-06 1.164150212062947795e-05
8.325964949696046460e+03 1.764159500119680024e-05 1.764166998619678712e-05 2.687188313005053119e-06 1.265681776679954570e-05
8.326064949696045005e+03 1.937729823757988322e-05 1.937739079157983928e-05 2.728231133295480826e-06 1.382764005415173515e-05
8.326164949696043550e+03 2.138154213685956536e-05 2.138162861185958100e-05 2.769876904893187789e-06 1.517768255120411322e-05
8.326264949696042095e+03 2.369997843601156137e-05 2.370007677501153280e-05 2.813608165987043596e-06 1.673788779233671174e-05
8.326364949696040640e+03 2.638162011202463349e-05 2.638174515002456635e-05 2.861090649676490782e-06 1.854148530390856481e-05
8.326464949696039184e+03 2.946642872297593554e-05 2.946655648597592731e-05 2.908822505475841727e-06 2.061393590480923232e-05
8.326564949696037729e+03 3.298919496377265717e-05 3.298933630477262344e-05 2.958374339570206596e-06 2.297896853603849927e-05
8.326664949696036274e+03 3.695404351954256923e-05 3.695421140154250378e-05 3.010367376562866774e-06 2.563954076588264419e-05
8.326764949696034819e+03 4.131160507942751919e-05 4.131180420442743503e-05 3.065246800954255289e-06 2.856288536160306744e-05
8.326864949696033364e+03 4.592339630666846542e-05 4.592362779166838261e-05 3.122159055947821569e-06 3.165639438476155272e-05
8.326964949696031908e+03 5.053204251267687426e-05 5.053228090767685653e-05 3.180968902542747554e-06 3.474843077429882061e-05
8.327064949696030453e+03 5.474394092466113048e-05 5.474427740866086496e-05 3.240815304538887010e-06 3.757634454595363101e-05
8.327164949696028998e+03 5.807024476598473400e-05 5.807065507998453830e-05 3.303716137729520052e-06 3.981487199456627075e-05
8.327264949696027543e+03 6.003171554364815897e-05 6.003220575364793545e-05 3.371755521914355936e-06 4.114522560640348613e-05
8.327364949696026088e+03 6.031282331322788384e-05 6.031330163222791947e-05 3.442592046805435187e-06 4.135623899742041425e-05
8.327464949696024632e+03 5.888616968891854768e-05 5.888671783891835773e-05 3.514999091701121358e-06 4.042929553984600906e-05
8.327564949696023177e+03 5.602691254090545183e-05 5.602746714390543766e-05 3.589617983393689076e-06 3.854799922273485698e-05
8.327664949696021722e+03 5.220664854663200152e-05 5.220719199963203054e-05 3.669065471078893443e-06 3.602763533911430540e-05
8.327764949696020267e+03 4.792443182299553075e-05 4.792500481299544700e-05 3.755742507357196363e-06 3.320172638111605282e-05
8.327864949696018812e+03 4.358390217423783504e-05 4.358428759123836863e-05 3.843815341451684559e-06 3.033733503564262546e-05
8.327964949696017356e+03 3.947500237158477128e-05 3.947546827158454407e-05 3.935451307341639227e-06 2.762864065017031452e-05
8.328064949696015901e+03 3.575890779754487784e-05 3.575911600854560527e-05 4.034968286017608818e-06 2.518433069736936511e-05
8.328164949696014446e+03 3.249108735133228091e-05 3.249145745033182360e-05 4.137719141206562620e-06 2.304008798095689045e-05
8.328264949696012991e+03 2.968310712007014537e-05 2.968336946707045678e-05 4.250280503576498979e-06 2.120558569690569981e-05
8.328364949696011536e+03 2.730969707686436282e-05 2.730995348786437996e-05 4.372759570145766287e-06 1.966413671162483607e-05
8.328464949696010081e+03 2.535175125766275648e-05 2.535202488866270521e-05 4.507565581310115094e-06 1.840378057587852418e-05
8.328564949696008625e+03 2.387907300028605922e-05 2.387916846628657471e-05 4.688514026373371210e-06 1.748225183098200115e-05
8.328664949696007170e+03 2.237894566739323071e-05 2.237907436839313758e-05 4.793211348593385746e-06 1.651707712812658976e-05
8.328764949696005715e+03 2.111774607571645669e-05 2.111784985671652981e-05 4.869827767874229459e-06 1.570180790010240588e-05
8.328864949696004260e+03 2.014454752688548975e-05 2.014460511688562433e-05 4.990527970542129398e-06 1.509322687143774783e-05
8.328964949696002805e+03 1.938374319425575080e-05 1.938380897425572472e-05 5.128167220791905900e-06 1.463190646310112799e-05
8.329064949696001349e+03 1.881032109171060102e-05 1.881030202371085499e-05 5.283044702737978111e-06 1.430122260605314414e-05
8.329164949695999894e+03 1.842532164515551108e-05 1.842577033215410769e-05 5.476913871018134180e-06 1.410933528277591652e-05
8.329264949695998439e+03 1.812353383891125364e-05 1.812370913791208022e-05 5.614602467284246627e-06 1.395394848136919321e-05
8.329364949695996984e+03 1.792913209459053925e-05 1.792891881059171586e-05 5.745500366102370008e-06 1.386785042376154368e-05
8.329464949695995529e+03 1.788643627712969912e-05 1.788630636712944450e-05 5.915382457483946702e-06 1.389604170058103124e-05
8.329564949695994073e+03 1.796795662575087973e-05 1.796776338975107366e-05 6.103459975625253738e-06 1.401305999704240350e-05
8.329664949695992618e+03 1.816256262840176375e-05 1.816282584140036115e-05 6.304700409781368481e-06 1.421002962652783028e-05
8.329764949695991163e+03 1.846730634705764698e-05 1.846712747905901450e-05 6.519181639336763548e-06 1.448453848848447557e-05
8.329864949695989708e+03 1.887852815672090448e-05 1.887869381671983379e-05 6.748200928387642101e-06 1.483514096727612736e-05
8.329964949695988253e+03 1.938929347141127912e-05 1.938962022341077712e-05 6.986812744357804744e-06 1.525524214639328784e-05
8.330064949695986797e+03 1.996729278819163434e-05 1.996764984419154042e-05 7.206737089611931475e-06 1.571389324066503485e-05
8.330164949695985342e+03 2.076899555747716033e-05 2.076975747647588522e-05 7.538258620156750780e-06 1.635900388470326572e-05
8.330264949695983887e+03 2.166817484515406135e-05 2.166813340715660185e-05 7.906895368633250071e-06 1.708106787364797053e-05
8.330364949695982432e+03 2.263292751292896859e-05 2.263256737792998424e-05 8.260950056372962441e-06 1.784214831574397345e-05
8.330464949695980977e+03 2.368713497564421609e-05 2.368714664264302778e-05 8.626943587134956249e-06 1.866707506847406332e-05
8.330564949695979521e+03 2.482391957636067203e-05 2.482401337136041014e-05 9.001218923801786599e-06 1.954971729050762518e-05
8.330664949695978066e+03 2.597611609129037583e-05 2.597624382529026681e-05 9.343275498998710956e-06 2.043187847185978453e-05
8.330764949695976611e+03 2.741737054233350603e-05 2.741743498933370900e-05 9.842932929882209953e-06 2.155924615384980720e-05
8.330864949695975156e+03 2.912600182343671139e-05 2.912598576343697628e-05 1.043109046608496323e-05 2.289435935098621809e-05
8.330964949695973701e+03 3.087929515129128616e-05 3.087929999229122187e-05 1.099467328716498014e-05 2.425108947691583165e-05
8.331064949695972246e+03 3.272151030296825133e-05 3.272138185396869308e-05 1.158203599507686702e-05 2.567497605067127104e-05
8.331164949695970790e+03 3.468431180853772506e-05 3.468432635153726080e-05 1.220267546295662398e-05 2.719043787434387559e-05
8.331264949695969335e+03 3.678189342005582413e-05 3.678201387805547822e-05 1.286252734881552140e-05 2.880881154897561017e-05
8.331364949695967880e+03 3.902434965253542495e-05 3.902445879153546097e-05 1.356612803465788992e-05 3.053831215957626200e-05
8.331464949695966425e+03 4.142094982402231722e-05 4.142099835802251381e-05 1.431711519350015184e-05 3.238635445851498695e-05
8.331564949695964970e+03 4.398102558443157771e-05 4.398117031543125749e-05 1.511933711331501121e-05 3.436051100439261208e-05
8.331664949695963514e+03 4.671466893780093109e-05 4.671476134580110790e-05 1.597712963911341553e-05 3.646885330757181591e-05
8.331764949695962059e+03 4.963002179413643252e-05 4.963005809713662319e-05 1.689321170890060271e-05 3.871776386672455507e-05
8.331864949695960604e+03 5.273562393143626354e-05 5.273566609443624295e-05 1.787179371467134179e-05 4.111436124684795282e-05
8.331964949695959149e+03 5.603922873476275553e-05 5.603920166976299162e-05 1.891607143344787805e-05 4.366483394599120953e-05
8.332064949695957694e+03 5.954701823700441312e-05 5.954704797200421489e-05 2.002801851819747554e-05 4.637402824240203565e-05
8.332164949695956238e+03 6.326325933122398299e-05 6.326325613622408141e-05 2.121065148793424001e-05 4.924572231846076136e-05
8.332264949695954783e+03 6.718894509743250534e-05 6.718897001743242040e-05 2.246443355966682996e-05 5.228078289151058636e-05
8.332364949695953328e+03 7.132157891964211393e-05 7.132158332264218676e-05 2.379100314239113897e-05 5.547805512822514542e-05
8.332464949695951873e+03 7.565299505195149379e-05 7.565295222295165278e-05 2.518991158613981751e-05 5.883195295368099254e-05
8.332564949695950418e+03 8.016860175422942179e-05 8.016857524122937442e-05 2.665841703387130453e-05 6.233186467644337143e-05
8.332664949695948962e+03 8.484615266657875399e-05 8.484610927457882697e-05 2.819434435660789687e-05 6.596220209925516718e-05
8.332764949695947507e+03 8.965428603403287735e-05 8.965430476703266144e-05 2.979396960035517907e-05 6.970085346714023590e-05
8.332864949695946052e+03 9.455138841662982937e-05 9.455146542162963172e-05 3.145159094512037375e-05 7.351814826112659806e-05
8.332964949695944597e+03 9.948411252950348162e-05 9.948415364250361159e-05 3.316230899793203062e-05 7.737685838997971472e-05
8.333064949695943142e+03 1.043886366925142939e-04 1.043886171225145119e-04 3.491925461673610391e-05 8.123216947725496765e-05
8.333164949695941687e+03 1.091909078027915059e-04 1.091909083227914155e-04 3.671868989555189018e-05 8.503350200704493946e-05
8.333264949695940231e+03 1.138056804733794387e-04 1.138056870433794081e-04 3.855460490238776610e-05 8.872199080638220432e-05
8.333364949695938776e+03 1.181450979642922243e-04 1.181450677442923684e-04 4.042459567023102716e-05 9.223825379293854900e-05
8.333464949695937321e+03 1.221160151456261213e-04 1.221160166556260101e-04 4.232849044010830307e-05 9.552017408045349620e-05
8.333564949695935866e+03 1.256290553172196493e-04 1.256291268672193797e-04 4.426909449394012404e-05 9.850909222612636853e-05
8.333664949695934411e+03 1.286015769991319564e-04 1.286015279291324008e-04 4.625223871674928638e-05 1.011517812150045456e-04
8.333764949695932955e+03 1.309635552013212233e-04 1.309635150713212058e-04 4.828635300352593774e-05 1.034044744253894511e-04
8.333864949695931500e+03 1.326612915737310433e-04 1.326612309537310839e-04 5.038479649825139829e-05 1.052357730085711797e-04
8.333964949695930045e+03 1.336629521863013184e-04 1.336629791463010079e-04 5.256307305995660823e-05 1.066296681308529827e-04
8.334064949695928590e+03 1.339596891188988897e-04 1.339597570488987310e-04 5.483942064255307162e-05 1.075862889367835528e-04
8.334164949695927135e+03 1.335697298714541223e-04 1.335698160614540565e-04 5.723543583506542879e-05 1.081249939226578647e-04
8.334264949695925679e+03 1.325349803638773338e-04 1.325351388238770400e-04 5.977307136349117823e-05 1.082810635170818687e-04
8.334364949695924224e+03 1.309219923160734030e-04 1.309221358960734516e-04 6.247545980082468055e-05 1.081065293376571874e-04
8.334464949695922769e+03 1.288198091879153647e-04 1.288199622179153321e-04 6.536799385810871191e-05 1.076692550879797939e-04
8.334564949695921314e+03 1.263319274094129173e-04 1.263320386794130484e-04 6.847496454224477592e-05 1.070463102103569048e-04
8.334664949695919859e+03 1.235753450304796460e-04 1.235754747304795994e-04 7.182044019928155376e-05 1.063237533200802573e-04
8.334764949695918403e+03 1.206732591110856165e-04 1.206734647510853146e-04 7.542822382221870390e-05 1.055916492281298738e-04
8.334864949695916948e+03 1.177524443812102896e-04 1.177526038012104669e-04 7.932264337505296457e-05 1.049425638524912539e-04
8.334964949695915493e+03 1.149417320107877017e-04 1.149418900907877059e-04 8.353066334884932855e-05 1.044714284834749075e-04
8.335064949695914038e+03 1.123589063299600403e-04 1.123590399199601321e-04 8.807347287648175499e-05 1.042638063754672956e-04
8.335164949695912583e+03 1.101285191686415083e-04 1.101286706586414419e-04 9.298719794196203859e-05 1.044147959230816674e-04
8.335264949695911127e+03 1.083567981268966624e-04 1.083569314568967384e-04 9.830466062530104465e-05 1.050061300696981394e-04
8.335364949695909672e+03 1.071542836947028183e-04 1.071544119147028518e-04 1.040772606874243650e-04 1.061286520989433360e-04
8.335464949695908217e+03 1.066131782921161687e-04 1.066133725821159203e-04 1.103608211654260831e-04 1.078624573465527240e-04
8.335564949695906762e+03 1.068193189591900688e-04 1.068194737191902261e-04 1.172316272630044939e-04 1.102901399804615917e-04
8.335664949695905307e+03 1.078497206759327932e-04 1.078498183659330203e-04 1.247798010102058020e-04 1.134931133506905204e-04
8.335764949695903852e+03 1.097488826524690655e-04 1.097489904424690273e-04 1.330949028770273164e-04 1.175309253239884742e-04
8.335864949695902396e+03 1.125310101889171442e-04 1.125310978889172247e-04 1.422465482035436288e-04 1.224362187604593371e-04
8.335964949695900941e+03 1.161904519354222965e-04 1.161905544954222315e-04 1.522661574700860112e-04 1.282157213003101888e-04
8.336064949695899486e+03 1.206579461821220936e-04 1.206580516721220754e-04 1.630885938266910342e-04 1.348015305603117073e-04
8.336164949695898031e+03 1.258148522992694077e-04 1.258150006892692397e-04 1.745113518940809012e-04 1.420470682942065162e-04
8.336264949695896576e+03 1.314873355570936233e-04 1.314875081470935321e-04 1.861698933929209748e-04 1.497149123657027191e-04
8.336364949695895120e+03 1.374414380958480925e-04 1.374416903458477621e-04 1.975570609938096997e-04 1.574800631451685271e-04
8.336464949695893665e+03 1.433823651259015497e-04 1.433827202259011120e-04 2.080734139873420454e-04 1.649461664463815690e-04
8.336564949695892210e+03 1.489628589272620936e-04 1.489632710672618475e-04 2.171177695531484612e-04 1.716812998492241431e-04
8.336664949695890755e+03 1.538047892401833055e-04 1.538052101101832891e-04 2.241991037610180197e-04 1.772697010371281957e-04
8.336764949695889300e+03 1.575580196445707719e-04 1.575584741845706491e-04 2.290427695000880730e-04 1.813864211097431737e-04
8.336864949695887844e+03 1.599134652102741103e-04 1.599139797802738659e-04 2.315715392795584236e-04 1.837996614233688270e-04
8.336964949695886389e+03 1.606868616168065746e-04 1.606873564568066324e-04 2.319289251785243194e-04 1.844343810840458602e-04
8.337064949695884934e+03 1.598373769935230635e-04 1.598379541335227273e-04 2.303996893563421927e-04 1.833583401611293007e-04
8.337164949695883479e+03 1.574423730599763718e-04 1.574429613699763174e-04 2.273172191028400028e-04 1.807341845109308883e-04
8.337264949695882024e+03 1.537013824656510935e-04 1.537019550256511562e-04 2.230287689479414873e-04 1.768107021464145610e-04
8.337364949695880568e+03 1.488645475203237195e-04 1.488651114403237712e-04 2.178234591718720113e-04 1.718510393775064826e-04
8.337464949695879113e+03 1.432143961937411866e-04 1.432149835137410852e-04 2.119249039547849395e-04 1.661180945540890704e-04
8.337564949695877658e+03 1.369951128562457232e-04 1.369956414462459714e-04 2.054565407072968546e-04 1.598157650032628588e-04
8.337664949695876203e+03 1.304422570277726098e-04 1.304428056777725262e-04 1.984984193394902111e-04 1.531278273483451067e-04
8.337764949695874748e+03 1.237081604486632417e-04 1.237086256986636053e-04 1.910403139917449451e-04 1.461523667130239397e-04
8.337864949695873293e+03 1.169279538989828339e-04 1.169283506789831420e-04 1.830583563541198725e-04 1.389715536440286206e-04
8.337964949695871837e+03 1.101655014189069376e-04 1.101659679789066513e-04 1.744969622665967584e-04 1.316094772214701112e-04
8.338064949695870382e+03 1.034541329188106719e-04 1.034545246288109775e-04 1.653139303494210587e-04 1.240741959656809163e-04
8.338164949695868927e+03 9.680935998164564888e-05 9.680971626864579580e-05 1.555197663222226783e-04 1.163796141908380590e-04
8.338264949695867472e+03 9.022870281248894237e-05 9.022902047448912166e-05 1.451860090547368344e-04 1.085479107805716373e-04
8.338364949695866017e+03 8.370526285435989989e-05 8.370558375635988679e-05 1.344565799166449528e-04 1.006224755091215798e-04
8.338464949695864561e+03 7.726428326200141742e-05 7.726456085500161240e-05 1.235559347873892784e-04 9.269492630146409823e-05
8.338564949695863106e+03 7.096215037351243202e-05 7.096242702651243343e-05 1.127904716869974265e-04 8.490501636234077754e-05
8.338664949695861651e+03 6.490928531853432690e-05 6.490953519253445298e-05 1.022346020462744441e-04 7.735114085244774583e-05
8.338764949695860196e+03 5.916706669327698393e-05 5.916729194327708676e-05 9.237494321640175930e-05 7.023643395098529022e-05
8.338864949695858741e+03 5.382255634762350227e-05 5.382275874562360903e-05 8.330663198208323431e-05 6.365064902511011972e-05
8.338964949695857285e+03 4.893673207859604768e-05 4.893691382259613944e-05 7.511082928422663381e-05 5.766149172847293805e-05
8.339064949695855830e+03 4.453478410753731971e-05 4.453494749653739645e-05 6.780135652344188284e-05 5.229036270917220870e-05
8.339164949695854375e+03 4.060989386349136640e-05 4.061004110249143856e-05 6.134058936479255700e-05 4.752017477692512969e-05
8.339264949695852920e+03 3.713294072255836662e-05 3.713307382555843748e-05 5.565968618342041085e-05 4.330856691051239595e-05
8.339364949695851465e+03 3.406261983279465554e-05 3.406274058579470933e-05 5.067567436439268170e-05 3.960034492766067993e-05
8.339464949695850009e+03 3.135327002417284453e-05 3.135337998317289326e-05 4.630322659664498538e-05 3.633662553466358343e-05
8.339564949695848554e+03 2.895989094979675604e-05 2.895999146279679910e-05 4.246154943733016542e-05 3.346047728330790911e-05
8.339664949695847099e+03 2.684085997420111762e-05 2.684095219520447003e-05 3.907771906284416506e-05 3.091984374408325429e-05
8.339764949695845644e+03 2.495909432425553860e-05 2.495917924525849394e-05 3.608778499755755943e-05 2.866868618902386625e-05
8.339864949695844189e+03 2.328229135236978305e-05 2.328236982137239016e-05 3.343663082455467802e-05 2.666709733276561369e-05
8.339964949695842733e+03 2.178268282471102507e-05 2.178275556971333825e-05 3.107722909256581422e-05 2.488088916233006031e-05
8.340064949695841278e+03 2.043657271760869498e-05 2.043664036661075673e-05 2.896966653467682396e-05 2.328095987296542748e-05
8.340164949695839823e+03 1.922380940768136050e-05 1.922387250268320604e-05 2.708014063449801296e-05 2.184260751495419430e-05
8.340264949695838368e+03 1.812727021467728820e-05 1.812732922367894252e-05 2.538002536589381426e-05 2.054487493475001838e-05
8.340364949695836913e+03 1.713239369356104282e-05 1.713244902456252859e-05 2.384504551310530463e-05 1.936996274374295981e-05
8.340464949695835458e+03 1.622677193146198886e-05 1.622682394046333235e-05 2.245456829365989816e-05 1.830272138852840645e-05
8.340564949695834002e+03 1.539980329163481530e-05 1.539985228963603511e-05 2.119100614730341103e-05 1.733022057619142161e-05
8.340664949695832547e+03 1.464240063749855541e-05 1.464244689949966194e-05 2.003931836505413658e-05 1.644138863401745131e-05
8.340764949695831092e+03 1.394674807052276492e-05 1.394679183652377771e-05 1.898659752102428130e-05 1.562671247602360911e-05
8.340864949695829637e+03 1.330609890727516280e-05 1.330614039327608346e-05 1.802172718548971677e-05 1.487798882868032101e-05
8.340964949695828182e+03 1.271460817039116403e-05 1.271464756539201093e-05 1.713509879484078876e-05 1.418811817687465514e-05
8.341064949695826726e+03 1.216719365355241107e-05 1.216723112755318800e-05 1.631837729254771745e-05 1.355093402455110494e-05
8.341164949695825271e+03 1.165942054151777556e-05 1.165945624551849038e-05 1.556430678720500013e-05 1.296106119141375423e-05
8.341264949695823816e+03 1.118740538605356602e-05 1.118743945605422854e-05 1.486654904242547789e-05 1.241379796151109138e-05
8.341364949695822361e+03 1.074773598296924954e-05 1.074776854096985998e-05 1.421954885089254396e-05 1.190501779161055172e-05
8.341464949695820906e+03 1.033740431310139343e-05 1.033743547010196205e-05 1.361842151133507832e-05 1.143108709817947624e-05
8.341564949695819450e+03 9.953750239902359350e-06 9.953780093802888122e-06 1.305885843650995197e-05 1.098879625673839982e-05
8.341664949695817995e+03 9.594414079665055466e-06 9.594442721465546521e-06 1.253704774223735913e-05 1.057530151445598704e-05
8.341764949695816540e+03 9.257296513376743130e-06 9.257324024877201064e-06 1.204960718733264056e-05 1.018807590852886215e-05
8.341864949695815085e+03 8.940524583445895207e-06 8.940551039446322366e-06 1.159352737364503436e-05 9.824867665512417310e-06
8.341964949695813630e+03 8.642422758292678906e-06 8.642448226693079486e-06 1.116612345904330137e-05 9.483664814676353254e-06
8.342064949695812174e+03 8.361488223942146764e-06 8.361512766942523467e-06 1.076499398740554980e-05 9.162664992763406676e-06
8.342164949695810719e+03 8.096369718743525256e-06 8.096393393543875792e-06 1.038798565664646482e-05 8.860249589644623086e-06
8.342264949695809264e+03 7.845849342637462560e-06 7.845872201337792485e-06 1.003316308967015316e-05 8.574961544548467709e-06
8.342364949695807809e+03 7.608826874676375896e-06 7.608848965576686667e-06 9.698782806499009018e-06 8.305486215584024142e-06
8.342464949695806354e+03 7.384306212718162657e-06 7.384327580018455430e-06 9.383270749464528218e-06 8.050634847400380125e-06
8.342564949695804899e+03 7.171383612021604334e-06 7.171404296621880559e-06 9.085202824600642854e-06 7.809330244414708119e-06
8.342664949695803443e+03 6.969237456061431533e-06 6.969257495861692544e-06 8.803288000264678892e-06 7.580594317395934040e-06
8.342764949695801988e+03 6.777119334503957418e-06 6.777138764404203585e-06 8.536353591303041304e-06 7.363537230070400769e-06
8.342864949695800533e+03 6.594346240822734680e-06 6.594365093422967836e-06 8.283332409873068300e-06 7.157347914706256092e-06
8.342964949695799078e+03 6.420293731494080659e-06 6.420312036794302820e-06 8.043251519136643070e-06 6.961285762475009697e-06
8.343064949695797623e+03 6.254389912093730583e-06 6.254407698193940442e-06 7.815222364355495880e-06 6.774673324881055635e-06
8.343164949695796167e+03 6.096110139208746611e-06 6.096127432108946592e-06 7.598432091807509128e-06 6.596889887708401341e-06
8.343264949695794712e+03 5.944972340518751645e-06 5.944989164618941285e-06 7.392135895860800835e-06 6.427365800332830690e-06
8.343364949695793257e+03 5.800532872108202963e-06 5.800549250108383288e-06 7.195650255790584191e-06 6.265577459335723481e-06
8.343464949695791802e+03 5.662382843763047838e-06 5.662398796863219390e-06 7.008346947574497167e-06 6.111042862733588414e-06
8.343564949695790347e+03 5.530144850968147287e-06 5.530160398968311684e-06 6.829647729089075290e-06 5.963317659675179217e-06
