7.088180098156500208e+03 1.573882353200000022e-05 1.570864172100000072e-05 1.597349939799999849e-05 1.580698821699999868e-05
7.088280098126500889e+03 1.487928925784981576e-05 1.484987946061822006e-05 1.510493119755988241e-05 1.494469997200930607e-05
7.088380098096501570e+03 1.403740862611552874e-05 1.400869925969528126e-05 1.425480722906140412e-05 1.410030503829073917e-05
7.088480098066502251e+03 1.322469763242497049e-05 1.319661850985776327e-05 1.343462325715051359e-05 1.328531313314441635e-05
7.088580098036502932e+03 1.245256609253423832e-05 1.242504600686341273e-05 1.265579209357358279e-05 1.251113473099041015e-05
7.088680098006503613e+03 1.171837195626646367e-05 1.169134194853136526e-05 1.191564922618935967e-05 1.177512104366239620e-05
7.088780097976504294e+03 1.102418122551142602e-05 1.099757041075689888e-05 1.121627568784024152e-05 1.107934244136952158e-05
7.088880097946504975e+03 1.037702896898794023e-05 1.035077053724795219e-05 1.056465655336816127e-05 1.043081868653468400e-05
7.088980097916505656e+03 9.774052484112018572e-06 9.748084721914427814e-06 9.957876084241381570e-06 9.826671096755942652e-06
7.089080097886506337e+03 9.215869401558240029e-06 9.190131327438097439e-06 9.396538300775725657e-06 9.267513009924022171e-06
7.089180097856507018e+03 8.698116531323487526e-06 8.672551444904534867e-06 8.876238086065344480e-06 8.748968687431124550e-06
7.089280097826507699e+03 8.219234802771303804e-06 8.193789832174931545e-06 8.395370649123977519e-06 8.269465094690070956e-06
7.089380097796508380e+03 7.777299493230230987e-06 7.751923080383429080e-06 7.951993495220745326e-06 7.827072022944802927e-06
7.089480097766509061e+03 7.372701678996337852e-06 7.347348500405727203e-06 7.546431250157529426e-06 7.422160476519864827e-06
7.089580097736509742e+03 6.998980255592950467e-06 6.973607793773938479e-06 7.172194558157020083e-06 7.048260869174637190e-06
7.089680097706510423e+03 6.652535874964272207e-06 6.627103266134929204e-06 6.825663108356066540e-06 6.701767416485090164e-06
7.089780097676511105e+03 6.331221824570594444e-06 6.305690727743326855e-06 6.504662694265167203e-06 6.380525082193029783e-06
7.089880097646511786e+03 6.036933530835478611e-06 6.011269232414791751e-06 6.211049057794796307e-06 6.086417273681688043e-06
7.089980097616512467e+03 5.766185969403923101e-06 5.740356084798069852e-06 5.941314039536301427e-06 5.815952031246097844e-06
7.090080097586513148e+03 5.514270893482269280e-06 5.488243060010553347e-06 5.690748051892632461e-06 5.564420668461818927e-06
7.090180097556513829e+03 5.279248188804060523e-06 5.252991433177564456e-06 5.457393648894463700e-06 5.329877756958697074e-06
7.090280097526514510e+03 5.062538496738600142e-06 5.036025239554523154e-06 5.242637248233140752e-06 5.113733661508755812e-06
7.090380097496515191e+03 4.861293095288885232e-06 4.834494372872914421e-06 5.043643617827521136e-06 4.913143695329773032e-06
7.090480097466515872e+03 4.673152033843987397e-06 4.646040186604502795e-06 4.858036815357974908e-06 4.725743011935488367e-06
7.090580097436516553e+03 4.499078037103367345e-06 4.471628359635690341e-06 4.686751530625087340e-06 4.552485975788048625e-06
7.090680097406517234e+03 4.336257599025322392e-06 4.308444587450267649e-06 4.526980685953869371e-06 4.390560957476486188e-06
7.090780097376517915e+03 4.181712638922356645e-06 4.153509464865555594e-06 4.375757252515031647e-06 4.236993118767648244e-06
7.090880097346518596e+03 4.035944875591612726e-06 4.007326714252935760e-06 4.233565328127957049e-06 4.092278972657502692e-06
7.090980097316519277e+03 3.903214388810466805e-06 3.874156154307000403e-06 4.104664916238534704e-06 3.960678486452000637e-06
7.091080097286519958e+03 3.777995760676655605e-06 3.748471527430753875e-06 3.983539991662228114e-06 3.836669093256545583e-06
7.091180097256520639e+03 3.657640094976344701e-06 3.627625989585097267e-06 3.867521291944506187e-06 3.717595792168649526e-06
7.091280097226521320e+03 3.545710786517933274e-06 3.515180109221943788e-06 3.760201413151199992e-06 3.607030769630358594e-06
7.091380097196522001e+03 3.440626425186466859e-06 3.409553884188243267e-06 3.659982190682166121e-06 3.503387500018959314e-06
7.091480097166522683e+03 3.342465661569310354e-06 3.310824218801315295e-06 3.566956803030192075e-06 3.406748894466939241e-06
7.091580097136523364e+03 3.249428200259990393e-06 3.217190595040711963e-06 3.479332126850810447e-06 3.315316974050504126e-06
7.091680097106524045e+03 3.162152459074136561e-06 3.129292519508503012e-06 3.397734205858331499e-06 3.229726394813657306e-06
7.091780097076524726e+03 3.078685495922120153e-06 3.045174328455224014e-06 3.320238658932269701e-06 3.148032827769871572e-06
7.091880097046525407e+03 2.998415982171113058e-06 2.964224888918122304e-06 3.246231676658547434e-06 3.069624182582594406e-06
7.091980097016526088e+03 2.922508886021096855e-06 2.887609371996917441e-06 3.176876198434277050e-06 2.995664818817430025e-06
7.092080096986526769e+03 2.852082962363860371e-06 2.816441048749742825e-06 3.113344980897585584e-06 2.927289664003729593e-06
7.092180096956527450e+03 2.786064304405529302e-06 2.749648497592044222e-06 3.054542656711418612e-06 2.863418486236330571e-06
7.092280096926528131e+03 2.721308019383922839e-06 2.684086693691583519e-06 2.997321067109239253e-06 2.800905260061581164e-06
7.092380096896528812e+03 2.659894551991724355e-06 2.621832530484258568e-06 2.943797840376878716e-06 2.741841640950953738e-06
7.092480096866529493e+03 2.603205182475819350e-06 2.564268011365004136e-06 2.895348996075354069e-06 2.687607396638725993e-06
7.092580096836530174e+03 2.547847560803808569e-06 2.507995789076269212e-06 2.848633401431570130e-06 2.634825583770549162e-06
7.092680096806530855e+03 2.495100297471637435e-06 2.454294081956347178e-06 2.804932611246914186e-06 2.584775663558299458e-06
7.092780096776531536e+03 2.444960622911249034e-06 2.403160948720673345e-06 2.764234084826301513e-06 2.537451885486074207e-06
7.092880096746532217e+03 2.397009020501934983e-06 2.354171928829200438e-06 2.726171188174237993e-06 2.492450712501790997e-06
7.092980096716532898e+03 2.351582837321953794e-06 2.307664997284392080e-06 2.691073093700700031e-06 2.450106976102348635e-06
7.093080096686533579e+03 2.308663713296302710e-06 2.263616564796771037e-06 2.658976236112484766e-06 2.410418838068519646e-06
7.093180096656534261e+03 2.267337674776339530e-06 2.221113430632389309e-06 2.628958468955962078e-06 2.372469858121563921e-06
7.093280096626534942e+03 2.227104749849491036e-06 2.179651112958783880e-06 2.600567945364751666e-06 2.335774602724342053e-06
7.093380096596535623e+03 2.192196704551972684e-06 2.143458087697222041e-06 2.578065947521855905e-06 2.304573579923683402e-06
7.093480096566536304e+03 2.157036947727736126e-06 2.106958776126195914e-06 2.555866185768269902e-06 2.273287303207400788e-06
7.093580096536536985e+03 2.121695806513579985e-06 2.070215856021900481e-06 2.534120875965930996e-06 2.242010846167137013e-06
7.093680096506537666e+03 2.088241871277061222e-06 2.035292538621341923e-06 2.514949015727919235e-06 2.212827808542107319e-06
7.093780096476538347e+03 2.058136905251006542e-06 2.003655391991073064e-06 2.499771810570144439e-06 2.187188035937407874e-06
7.093880096446539028e+03 2.029525490343753645e-06 1.973439412681208307e-06 2.486823195015701899e-06 2.163262699346887950e-06
7.093980096416539709e+03 2.001288176518194107e-06 1.943518688408905718e-06 2.475050111646733164e-06 2.139952325524611138e-06
7.094080096386540390e+03 1.976164911870772007e-06 1.916633150562326720e-06 2.467194976131548720e-06 2.119997679521548867e-06
7.094180096356541071e+03 1.950874831911294478e-06 1.889495751262324851e-06 2.460040507777322384e-06 2.100137030316980783e-06
7.094280096326541752e+03 1.928596489683416166e-06 1.865278265968958672e-06 2.456834075975069570e-06 2.083569610542481752e-06
7.094380096296542433e+03 1.905768415692809760e-06 1.840417952191651045e-06 2.454028080790199930e-06 2.066738149558220386e-06
7.094480096266543114e+03 1.884060078178033742e-06 1.816574456331662511e-06 2.453390476649686824e-06 2.051341670386460814e-06
7.094580096236543795e+03 1.865392926800105975e-06 1.795661407320406619e-06 2.456923541665170620e-06 2.039325958595227879e-06
7.094680096206544476e+03 1.846087631245068990e-06 1.773993463315725371e-06 2.461011295790372609e-06 2.027030796783722465e-06
7.094780096176545158e+03 1.827910869691281419e-06 1.753330111924691333e-06 2.467488836546679128e-06 2.016243272720884031e-06
7.094880096146545839e+03 1.810626914599327992e-06 1.733426663350015663e-06 2.476213033346694668e-06 2.006755537098679300e-06
7.094980096116546520e+03 1.794326145027876271e-06 1.714365217744468671e-06 2.487358585534815447e-06 1.998683316102386867e-06
7.095080096086547201e+03 1.779631469372240265e-06 1.696757064379931651e-06 2.501668522189663031e-06 1.992685685313945194e-06
7.095180096056547882e+03 1.766004193165925470e-06 1.680053072875570161e-06 2.518710104733596534e-06 1.988255790258364126e-06
7.095280096026548563e+03 1.753469986272068670e-06 1.664262073440258560e-06 2.538673897779535865e-06 1.985468652497287628e-06
7.095380095996549244e+03 1.741942111396035099e-06 1.649289919190883101e-06 2.561553919801295696e-06 1.984261983462737965e-06
7.095480095966549925e+03 1.731869569483056042e-06 1.635570772442015589e-06 2.587945620932984057e-06 1.985128654286018704e-06
7.095580095936550606e+03 1.722468589896710696e-06 1.622300868584999586e-06 2.617269245628796229e-06 1.987346234703502171e-06
7.095680095906551287e+03 1.712531690975484738e-06 1.608257080778533471e-06 2.648474630993618575e-06 1.989754467582545312e-06
7.095780095876551968e+03 1.705867003649752087e-06 1.597230874390265676e-06 2.685534594648956280e-06 1.996210824229658085e-06
7.095880095846552649e+03 1.700609540843919418e-06 1.587333940413440499e-06 2.726819149945986928e-06 2.004920877067782423e-06
7.095980095816553330e+03 1.696300076138710566e-06 1.578081445603196839e-06 2.772130330039879384e-06 2.015503950593928647e-06
7.096080095786554011e+03 1.691541415177970108e-06 1.568049813344754081e-06 2.820331301661136596e-06 2.026640843394620615e-06
7.096180095756554692e+03 1.689530534258498038e-06 1.560403550204847596e-06 2.874940312209462255e-06 2.041624798890935963e-06
7.096280095726555373e+03 1.689184481007932878e-06 1.554033186195598717e-06 2.935153294854360265e-06 2.059456987352630691e-06
7.096380095696556054e+03 1.688441861768259860e-06 1.546841380814927145e-06 2.999253794560825297e-06 2.078179012381337152e-06
7.096480095666556736e+03 1.689647410381316360e-06 1.541125506721182843e-06 3.070058419900089065e-06 2.100277112334196442e-06
7.096580095636557417e+03 1.691139462100964628e-06 1.535182605757870275e-06 3.146315083671978796e-06 2.124212383843604637e-06
7.096680095606558098e+03 1.694696728790404391e-06 1.530739339399790332e-06 3.230328972388846434e-06 2.151921680193013790e-06
7.096780095576558779e+03 1.701002196820795701e-06 1.528422102881951430e-06 3.323333861922196875e-06 2.184252720541647931e-06
7.096880095546559460e+03 1.707667472639968046e-06 1.525773453928407418e-06 3.423619298804013886e-06 2.219020075124129642e-06
7.096980095516560141e+03 1.716994978557508857e-06 1.525021356953609996e-06 3.534227241408416424e-06 2.258747858973178426e-06
7.097080095486560822e+03 1.729711627470737787e-06 1.526817059854017245e-06 3.656623208693019249e-06 2.304383965339258376e-06
7.097180095456561503e+03 1.745005287978558989e-06 1.530244235567152542e-06 3.791017860917029409e-06 2.355422461487580101e-06
7.097280095426562184e+03 1.759818477809411846e-06 1.532133966812636298e-06 3.935441383719549752e-06 2.409131276113865683e-06
7.097380095396562865e+03 1.775949669588117086e-06 1.534162705307970790e-06 4.092875992892611333e-06 2.467662789262899665e-06
7.097480095366563546e+03 1.798037607855700556e-06 1.540824806127971133e-06 4.269364706760198333e-06 2.536075706914623552e-06
7.097580095336564227e+03 1.822035859863038524e-06 1.547911504659270358e-06 4.462432567695948439e-06 2.610793310739418825e-06
7.097680095306564908e+03 1.849556960663366965e-06 1.556823757005031121e-06 4.675734342219348746e-06 2.694038353295915258e-06
7.097780095276565589e+03 1.882131804461544983e-06 1.568872629297742933e-06 4.912912800995106016e-06 2.787972411584797695e-06
7.097880095246566270e+03 1.915804032659252258e-06 1.579844478527262639e-06 5.172463165935304079e-06 2.889370559040606185e-06
7.097980095216566951e+03 1.955851412827872341e-06 1.594700943326369086e-06 5.462693942879534092e-06 3.004415433011258295e-06
7.098080095186567632e+03 2.002914039665341541e-06 1.613711602292519285e-06 5.787760619106762007e-06 3.134795420354874560e-06
7.098180095156568314e+03 2.053124291323390408e-06 1.632564382729397874e-06 6.148015805355174355e-06 3.277901493135987970e-06
7.098280095126568995e+03 2.111348854528289356e-06 1.655616487733174421e-06 6.553101275446682463e-06 3.440022205902715696e-06
7.098380095096569676e+03 2.178653584813094635e-06 1.683312191326200763e-06 7.009930597988744451e-06 3.623965458042679667e-06
7.098480095066570357e+03 2.255667844103378772e-06 1.715515426937990921e-06 7.526288648336455625e-06 3.832490639792607451e-06
7.098580095036571038e+03 2.343688052020744226e-06 1.752625901574533764e-06 8.111804529949194235e-06 4.069372827848157126e-06
7.098680095006571719e+03 2.443565506319016550e-06 1.794379948972407827e-06 8.777648950291677850e-06 4.338531468527700107e-06
7.098780094976572400e+03 2.561957887088732641e-06 1.846086910745763538e-06 9.542926788314499856e-06 4.650323862049665486e-06
7.098880094946573081e+03 2.696703522445553960e-06 1.903941608399639089e-06 1.042053958214734500e-05 5.007061570997512613e-06
7.098980094916573762e+03 2.850002292611540509e-06 1.968073151677901182e-06 1.143163252018202671e-05 5.416569321490489610e-06
7.099080094886574443e+03 3.033111149043614486e-06 2.047207732241578195e-06 1.261054100238273362e-05 5.896953294555975292e-06
7.099180094856575124e+03 3.249494168884405306e-06 2.141633634198540917e-06 1.398966193181282483e-05 6.460263244965258287e-06
7.099280094826575805e+03 3.501666247619944188e-06 2.249995344421163948e-06 1.560672777866096753e-05 7.119463123567358271e-06
7.099380094796576486e+03 3.800619465645102271e-06 2.378429427589254652e-06 1.751716100355688675e-05 7.898736632263748456e-06
7.099480094766577167e+03 4.158243728141614242e-06 2.532903811105770152e-06 1.978749590095707674e-05 8.826214480068154275e-06
7.099580094736577848e+03 4.586138475247569874e-06 2.717992514173341708e-06 2.249539663637206927e-05 9.933175875264324973e-06
7.099680094706578529e+03 5.096011955762264703e-06 2.937191370768614477e-06 2.573251301436242983e-05 1.125523878029777009e-05
7.099780094676579210e+03 5.706591625185934882e-06 3.200499678924629631e-06 2.960882815950864703e-05 1.283863982120640385e-05
7.099880094646579892e+03 6.433489660709768376e-06 3.515756548968872921e-06 3.423500939476876287e-05 1.472808520148246622e-05
7.099980094616580573e+03 7.284901497539916742e-06 3.887135736900855593e-06 3.970323902595135102e-05 1.695842542013070863e-05
7.100080094586581254e+03 8.253833110371338084e-06 4.313245784944452443e-06 4.603967846410551200e-05 1.953558578647376638e-05
7.100180094556581935e+03 9.308825604910418803e-06 4.786070936415832438e-06 5.313073423874107009e-05 2.240854359335577321e-05
7.100280094526582616e+03 1.037457437117820900e-05 5.280393373772111060e-06 6.060965969862159875e-05 2.542154248119064073e-05
7.100380094496583297e+03 1.131892567167969122e-05 5.743669648910267100e-06 6.774286437202987378e-05 2.826848656420661042e-05
7.100480094466583978e+03 1.198112331883406110e-05 6.108767408026418324e-06 7.345520987708139258e-05 3.051503353464729321e-05
7.100580094436584659e+03 1.222094370646207945e-05 6.306962958720498527e-06 7.658633128844731953e-05 3.170474598454329606e-05
7.100680094406585340e+03 1.197949977561591319e-05 6.291239365919927304e-06 7.637225413037996798e-05 3.154766442397193785e-05
7.100780094376586021e+03 1.131722704594125223e-05 6.066584924342575295e-06 7.286637551388973485e-05 3.008339582805784763e-05
7.100880094346586702e+03 1.037743764557196750e-05 5.684257448976858276e-06 6.690267537341388249e-05 2.765479015598757253e-05
7.100980094316587383e+03 9.319352526033365506e-06 5.215460933010287989e-06 5.965731397753302079e-05 2.473070914552555753e-05
7.101080094286588064e+03 8.270826681523127743e-06 4.727809541612314675e-06 5.217504278773299996e-05 2.172455967028948023e-05
7.101180094256588745e+03 7.307862225243336926e-06 4.266390508299574602e-06 4.514261198197838800e-05 1.890562157184043148e-05
7.101280094226589426e+03 6.465299256293756543e-06 3.856492009168941112e-06 3.889484361855944018e-05 1.640554496134071205e-05
7.101380094196590107e+03 5.745667667779889941e-06 3.502775576268879249e-06 3.352125536195776190e-05 1.425656620200217604e-05
7.101480094166590789e+03 5.139964888720581542e-06 3.203589467472704664e-06 2.898189167124400504e-05 1.244181534247909793e-05
7.101580094136591470e+03 4.633946751911673929e-06 2.953507665983537742e-06 2.518024779746305298e-05 1.092256740511942197e-05
7.101680094106592151e+03 4.210872042906833270e-06 2.744298013534571832e-06 2.200370728999086041e-05 9.652959115477419719e-06
7.101780094076592832e+03 3.859820020780720507e-06 2.572519890327634760e-06 1.934969334646526059e-05 8.594011085857871247e-06
7.101880094046593513e+03 3.568225265675729056e-06 2.431891649338737422e-06 1.712543863309613594e-05 7.708518516036867756e-06
7.101980094016594194e+03 3.321474270186515736e-06 2.312911776619766662e-06 1.524953054726567212e-05 6.961305531357317889e-06
7.102080093986594875e+03 3.111974374284883462e-06 2.212174178831864603e-06 1.365914789397227884e-05 6.327765482363009249e-06
7.102180093956595556e+03 2.935773227224075250e-06 2.129093007500104151e-06 1.230564432746145501e-05 5.790170187395211613e-06
7.102280093926596237e+03 2.785962072322191156e-06 2.059476619182956927e-06 1.114610609201766611e-05 5.330514927840938205e-06
7.102380093896596918e+03 2.656189458253170693e-06 1.999136106131448028e-06 1.014544176105744796e-05 4.933589108480689035e-06
7.102480093866597599e+03 2.547030102993961887e-06 1.950420587527774612e-06 9.280731859476874874e-06 4.592727516666203650e-06
7.102580093836598280e+03 2.453571492192104140e-06 1.909843647369316478e-06 8.528289989349811210e-06 4.297235042970410892e-06
7.102680093806598961e+03 2.371395751143454994e-06 1.874167538366766718e-06 7.868203297254313915e-06 4.037922195588178895e-06
7.102780093776599642e+03 2.302694991199827918e-06 1.846538470110597540e-06 7.290193706593395632e-06 3.813142389301273838e-06
7.102880093746600323e+03 2.243253122009715649e-06 1.823545882041422013e-06 6.779564720902731494e-06 3.615454574984622982e-06
7.102980093716601004e+03 2.191226206228888912e-06 1.803988551719323124e-06 6.326157605513730503e-06 3.440457454487314109e-06
7.103080093686601685e+03 2.148015727847459426e-06 1.789816661458563712e-06 5.924287519286692183e-06 3.287373302864238723e-06
7.103180093656602367e+03 2.111001979968877653e-06 1.778883063194386542e-06 5.565265200956214511e-06 3.151716748039825812e-06
7.103280093626603048e+03 2.077111158713259778e-06 1.768491634420016560e-06 5.241188340579897764e-06 3.028930377904390944e-06
7.103380093596603729e+03 2.048548729106554209e-06 1.761169466077043108e-06 4.950176753262276454e-06 2.919964982815291469e-06
7.103480093566604410e+03 2.025926175239570277e-06 1.757811719708814512e-06 4.689219824892254185e-06 2.824319239946879729e-06
7.103580093536605091e+03 2.005751256655094991e-06 1.755168939092204012e-06 4.451779163862066298e-06 2.737566453203121908e-06
7.103680093506605772e+03 1.989247443802219601e-06 1.754656481324175930e-06 4.236651080083866449e-06 2.660185001736753993e-06
7.103780093476606453e+03 1.977604716556786607e-06 1.757646186177342389e-06 4.042724069133602741e-06 2.592658323955910861e-06
7.103880093446607134e+03 1.967465047064403469e-06 1.760920439685493678e-06 3.864900034288596787e-06 2.531095173679497837e-06
7.103980093416607815e+03 1.960566670468501894e-06 1.766369270326348725e-06 3.703011253321035237e-06 2.476649064705295356e-06
7.104080093386608496e+03 1.957150454241978392e-06 1.774332245968915560e-06 3.556055103417021013e-06 2.429179267875971655e-06
7.104180093356609177e+03 1.954850438295737013e-06 1.782536768391193115e-06 3.420511300930641054e-06 2.385966169205857061e-06
7.104280093326609858e+03 1.954240795441168356e-06 1.791665887171347100e-06 3.295599318888246722e-06 2.347168667166920656e-06
7.104380093296610539e+03 1.955449184769329170e-06 1.801910197135089996e-06 3.180672834378374510e-06 2.312677405427597892e-06
7.104480093266611220e+03 1.959015060426977664e-06 1.813870567046913523e-06 3.075489015450559370e-06 2.282791547641483801e-06
7.104580093236611901e+03 1.963833422938879326e-06 1.826521766973291864e-06 2.977942222175987145e-06 2.256099137362719445e-06
7.104680093206612582e+03 1.970870392672398693e-06 1.840870069470803972e-06 2.888515460305772252e-06 2.233418640816324973e-06
7.104780093176613263e+03 1.979509500778152236e-06 1.856344073009196676e-06 2.806014498238348906e-06 2.213956024008565657e-06
7.104880093146613945e+03 1.990090924577716616e-06 1.873334168511532500e-06 2.730182537979323610e-06 2.197869210356190556e-06
7.104980093116614626e+03 2.001824606732737015e-06 1.891081061074709154e-06 2.659816093175698104e-06 2.184240586994381354e-06
7.105080093086615307e+03 2.013430708484191639e-06 1.908345423717718259e-06 2.593152142876861892e-06 2.171642758359590455e-06
7.105180093056615988e+03 2.028691495707836966e-06 1.928928348885751450e-06 2.533694010078210006e-06 2.163771284890599191e-06
7.105280093026616669e+03 2.045740026225393232e-06 1.951007412265628930e-06 2.479009581735542477e-06 2.158585673408854739e-06
7.105380092996617350e+03 2.064136931737405805e-06 1.974157599974281558e-06 2.428527004131435201e-06 2.155607178614374329e-06
7.105480092966618031e+03 2.083918524654582755e-06 1.998427938694595094e-06 2.382051182030486170e-06 2.154799215126554673e-06
7.105580092936618712e+03 2.103499833179207170e-06 2.022265618402253513e-06 2.337612560238411506e-06 2.154459337273291012e-06
7.105680092906619393e+03 2.124364790310772058e-06 2.047176230019247157e-06 2.296395900817314902e-06 2.155978973715778039e-06
7.105780092876620074e+03 2.148417558733572460e-06 2.075076859971604241e-06 2.260133228812259716e-06 2.161209215839145614e-06
7.105880092846620755e+03 2.174849924966172537e-06 2.105162554579333782e-06 2.227974128298419293e-06 2.169328869281308678e-06
7.105980092816621436e+03 2.200743741002680134e-06 2.134544221056101811e-06 2.196566980902025223e-06 2.177284980986935299e-06
7.106080092786622117e+03 2.228372858544749897e-06 2.165509891776303838e-06 2.167984380143072674e-06 2.187289043488042136e-06
7.106180092756622798e+03 2.258839554827028139e-06 2.199164221699100091e-06 2.143329567618661516e-06 2.200444448048263531e-06
7.106280092726623479e+03 2.289593596092294958e-06 2.232961181265973587e-06 2.119916974471558252e-06 2.214157250609942124e-06
7.106380092696624160e+03 2.322636486191891089e-06 2.268920940334792035e-06 2.099514999513915072e-06 2.230357475346866206e-06
7.106480092666624842e+03 2.358347305011904528e-06 2.307431991982910828e-06 2.082302893413926119e-06 2.249360730136247017e-06
7.106580092636625523e+03 2.393824831085268086e-06 2.345605878749817256e-06 2.065172651167879115e-06 2.268201120334321345e-06
7.106680092606626204e+03 2.429167788410222724e-06 2.383538078110837209e-06 2.048244809873525124e-06 2.286983558798195302e-06
7.106780092576626885e+03 2.468527971938734522e-06 2.425384936185734091e-06 2.035586919681157346e-06 2.309833275935208653e-06
7.106880092546627566e+03 2.509795252651520613e-06 2.469049715555142451e-06 2.024865400157690577e-06 2.334570122788117880e-06
7.106980092516628247e+03 2.553800877129635550e-06 2.515363724139966055e-06 2.016733112042597651e-06 2.361965904437399752e-06
7.107080092486628928e+03 2.599828759871213520e-06 2.563623277238592616e-06 2.010391665746200447e-06 2.391281234285335528e-06
7.107180092456629609e+03 2.648026825064815066e-06 2.613972479852989382e-06 2.005907964859221559e-06 2.422635756592342002e-06
7.107280092426630290e+03 2.696444802611583860e-06 2.664466173475974994e-06 2.001166506080318043e-06 2.454025827389292440e-06
7.107380092396630971e+03 2.747628312186858815e-06 2.717654997083594060e-06 1.998606055771430873e-06 2.487963121680627916e-06
7.107480092366631652e+03 2.803056693754344490e-06 2.775025038134987923e-06 1.999407653977290089e-06 2.525829795288874026e-06
7.107580092336632333e+03 2.861894437608745759e-06 2.835733101658827224e-06 2.002792969570352520e-06 2.566806836279309065e-06
7.107680092306633014e+03 2.921185258063163007e-06 2.896828369305591110e-06 2.005651720368618054e-06 2.607888449245791147e-06
7.107780092276633695e+03 2.983021768086244730e-06 2.960410176565279429e-06 2.009806059825878160e-06 2.651079334825800491e-06
7.107880092246634376e+03 3.048295200814720815e-06 3.027360939486965901e-06 2.016208403322175708e-06 2.697288181207954000e-06
7.107980092216635057e+03 3.116764595597717227e-06 3.097431348699855026e-06 2.024317566920466703e-06 2.746171170406012844e-06
7.108080092186635738e+03 3.188337435986405853e-06 3.170547370160770308e-06 2.033853515411603547e-06 2.797579440519592954e-06
7.108180092156636420e+03 3.262476593441013002e-06 3.246152227001297197e-06 2.044189238767626551e-06 2.850939353069979340e-06
7.108280092126637101e+03 3.342544660782684683e-06 3.327625288863640252e-06 2.058379489833161180e-06 2.909516479826495372e-06
7.108380092096637782e+03 3.427332933628677301e-06 3.413723308360158707e-06 2.075215950723688111e-06 2.972090730904174989e-06
7.108480092066638463e+03 3.516232809103533479e-06 3.503851343810565029e-06 2.093763377780648219e-06 3.037949176898248627e-06
7.108580092036639144e+03 3.607696628930401148e-06 3.596445405161538767e-06 2.112190045313727525e-06 3.105444026468555954e-06
7.108680092006639825e+03 3.704430649971142925e-06 3.694209372831222060e-06 2.133003949364591336e-06 3.177214657388985441e-06
7.108780091976640506e+03 3.806002516181456780e-06 3.796691268643348297e-06 2.155535180494705863e-06 3.252742988439836557e-06
7.108880091946641187e+03 3.913090173984454403e-06 3.904555445664205027e-06 2.180169853113073938e-06 3.332605157587244173e-06
7.108980091916641868e+03 4.025253034474426452e-06 4.017337870615077212e-06 2.206074153102925605e-06 3.416221686064143795e-06
7.109080091886642549e+03 4.145884096869134889e-06 4.138417093270788081e-06 2.236354346257410851e-06 3.506885178799110850e-06
7.109180091856643230e+03 4.273633459642324964e-06 4.266407871834287429e-06 2.269256747884776244e-06 3.603099359787129687e-06
7.109280091826643911e+03 4.406395426536494570e-06 4.399186130806126799e-06 2.302180435077383264e-06 3.702587330806668352e-06
7.109380091796644592e+03 4.550651103598460626e-06 4.543155306920731006e-06 2.341269625058459424e-06 3.811692011859216454e-06
7.109480091766645273e+03 4.702787081396499655e-06 4.694669723614726212e-06 2.382215926682319977e-06 3.926557577231181948e-06
7.109580091736645954e+03 4.862537720608062148e-06 4.853414599078220212e-06 2.424101375810706053e-06 4.046684565165663086e-06
7.109680091706646635e+03 5.035093044377925820e-06 5.024429720720949489e-06 2.471811444645378331e-06 4.177111403248084264e-06
7.109780091676647316e+03 5.216990088897516772e-06 5.204058376288859053e-06 2.520799804420326333e-06 4.313949423202234759e-06
7.109880091646647998e+03 5.410806777466302071e-06 5.395300433872311819e-06 2.572863225734323220e-06 4.459656812357645562e-06
7.109980091616648679e+03 5.620951937244532995e-06 5.602614450798224423e-06 2.630439380980226300e-06 4.618001923007661380e-06
7.110080091586649360e+03 5.846238883914945239e-06 5.823836370086548606e-06 2.692058881972329287e-06 4.787378045324607570e-06
7.110180091556650041e+03 6.089036815619563826e-06 6.061383916742353858e-06 2.759116068401263466e-06 4.969845600254394140e-06
7.110280091526650722e+03 6.352213553385435850e-06 6.317908083647102566e-06 2.832823470680006116e-06 5.167648369237513856e-06
7.110380091496651403e+03 6.636590340037202766e-06 6.593929161222465467e-06 2.911971502135313928e-06 5.380830334464994336e-06
7.110480091466652084e+03 6.945859146468882387e-06 6.892774577887268593e-06 2.997742209738542659e-06 5.612125311364898444e-06
7.110580091436652765e+03 7.285581983201124309e-06 7.219355467332370853e-06 3.093951769915812657e-06 5.866296406816435516e-06
7.110680091406653446e+03 7.655873752326861030e-06 7.572373516595572350e-06 3.191751670747370097e-06 6.139999646556601724e-06
7.110780091376654127e+03 8.077007410047272389e-06 7.968959924046709796e-06 3.302493529711538027e-06 6.449486954601841200e-06
7.110880091346654808e+03 8.505512633914730900e-06 8.375599190040681864e-06 3.413492561934261698e-06 6.764868128629891629e-06
7.110980091316655489e+03 8.966041768462857875e-06 8.813463042937157212e-06 3.537507907679522019e-06 7.105670906359845561e-06
7.111080091286656170e+03 9.492196951242241253e-06 9.307111707936109913e-06 3.669684826211251716e-06 7.489664495129868051e-06
7.111180091256656851e+03 1.009197390996796999e-05 9.864788093187940396e-06 3.832660814162751562e-06 7.929807605772887317e-06
7.111280091226657532e+03 1.076192858084948866e-05 1.048313052354282819e-05 4.006003291486814007e-06 8.417020798626375256e-06
7.111380091196658213e+03 1.151074525714787239e-05 1.117010017465364516e-05 4.183192125515193547e-06 8.954679185772236748e-06
7.111480091166658895e+03 1.236592649765140850e-05 1.195110416058546713e-05 4.405314803753599712e-06 9.574115153996825395e-06
7.111580091136659576e+03 1.331744958210659596e-05 1.281881485465156641e-05 4.625649295274789355e-06 1.025397124401098250e-05
7.111680091106660257e+03 1.439788804415680875e-05 1.380667702468255860e-05 4.907674720847588840e-06 1.103741326322898596e-05
7.111780091076660938e+03 1.560232963583328193e-05 1.491761408381000285e-05 5.227508100417049039e-06 1.191581727335344630e-05
7.111880091046661619e+03 1.691347985777285660e-05 1.614369621593592021e-05 5.559807428184940281e-06 1.287232783396457152e-05
7.111980091016662300e+03 1.834228136225811261e-05 1.750555747359276292e-05 5.934823155959340779e-06 1.392755399727007154e-05
7.112080090986662981e+03 1.985522962061476757e-05 1.898137960834543253e-05 6.303296312801355456e-06 1.504663518058718377e-05
7.112180090956663662e+03 2.148143378133874997e-05 2.060424306368974153e-05 6.731384402840233392e-06 1.627235374928957186e-05
7.112280090926664343e+03 2.320239968246886608e-05 2.236025026983966540e-05 7.197638739070548892e-06 1.758676289712635899e-05
7.112380090896665024e+03 2.499914156006742896e-05 2.423288050248201627e-05 7.670005648399421343e-06 1.896734257031629112e-05
7.112480090866665705e+03 2.688286997281124968e-05 2.623105755548800423e-05 8.169192824027265862e-06 2.042770678410883880e-05
7.112580090836666386e+03 2.884688624280841307e-05 2.834573586640139008e-05 8.684663620797947178e-06 2.195909524333591395e-05
7.112680090806667067e+03 3.089022395861559323e-05 3.057265287166300677e-05 9.213606677183807576e-06 2.355882783582079518e-05
7.112780090776667748e+03 3.300147164505438317e-05 3.290549321767747870e-05 9.759022972392757293e-06 2.522199594504153351e-05
7.112880090746668429e+03 3.526255957132275187e-05 3.540593685136546429e-05 1.033410800999215131e-05 2.700086814422679029e-05
7.112980090716669110e+03 3.763717203316048216e-05 3.803232018275851865e-05 1.092016387335901216e-05 2.886321869642600771e-05
7.113080090686669791e+03 4.010374390170697706e-05 4.078009698600637659e-05 1.153311495343280428e-05 3.080565194704872213e-05
7.113180090656670473e+03 4.267517084571215749e-05 4.365137693913580106e-05 1.216398729553390699e-05 3.283017836012728851e-05
7.113280090626671154e+03 4.535609469935246278e-05 4.664861199456133567e-05 1.280671823638089992e-05 3.493714164343157008e-05
7.113380090596671835e+03 4.815848786713626550e-05 4.978229612801566222e-05 1.346881462352541698e-05 3.713653287289244993e-05
7.113480090566672516e+03 5.108821740477358916e-05 5.305644665573010373e-05 1.415255689999834804e-05 3.943240698683401590e-05
7.113580090536673197e+03 5.415182253375574393e-05 5.647559254009408905e-05 1.486081996342435819e-05 4.182941167909139932e-05
7.113680090506673878e+03 5.735540134389525377e-05 6.004345809253278663e-05 1.559699063504256164e-05 4.433195002382353853e-05
7.113780090476674559e+03 6.070358198365606231e-05 6.376177526477483696e-05 1.636457337078614711e-05 4.694331020640568890e-05
7.113880090446675240e+03 6.419973638166465678e-05 6.763054097396216098e-05 1.716589014366255825e-05 4.966538916642978748e-05
7.113980090416675921e+03 6.784684270638683692e-05 7.164858639735308154e-05 1.800593201298326414e-05 5.250045370557438742e-05
7.114080090386676602e+03 7.164621797925274226e-05 7.581235934322851154e-05 1.888791009458927703e-05 5.544882913902350689e-05
7.114180090356677283e+03 7.559800430964774864e-05 8.011627346037004721e-05 1.981705630193352364e-05 5.851044469065043983e-05
7.114280090326677964e+03 7.969841952179601357e-05 8.455012605135009841e-05 2.079689122533998603e-05 6.168181226616204057e-05
7.114380090296678645e+03 8.394480503068543211e-05 8.910426225618126874e-05 2.183367671913716068e-05 6.496091466866795610e-05
7.114480090266679326e+03 8.832841348218237036e-05 9.376246512637319557e-05 2.293157082871435246e-05 6.834081647908997166e-05
7.114580090236680007e+03 9.283933083057037340e-05 9.850740076899107010e-05 2.409648186369833418e-05 7.181440448775325584e-05
7.114680090206680688e+03 9.746331173904104663e-05 1.033175745393412467e-04 2.533481665312737707e-05 7.537190097716988562e-05
7.114780090176681369e+03 1.021803336495195940e-04 1.081666442626843876e-04 2.665172308073002636e-05 7.899956699764467045e-05
7.114880090146682051e+03 1.069664643490861924e-04 1.130258273280999995e-04 2.805286656538521969e-05 8.268171941419046825e-05
7.114980090116682732e+03 1.117922440057433209e-04 1.178627721384836079e-04 2.954550535893749652e-05 8.640017383438812709e-05
7.115080090086683413e+03 1.166196770248894410e-04 1.226393435297331051e-04 3.113309020616269763e-05 9.013070358692843039e-05
7.115180090056684094e+03 1.214111722478163318e-04 1.273209269508588108e-04 3.282637623021371153e-05 9.385282514296294462e-05
7.115280090026684775e+03 1.261142392498263364e-04 1.318611392099680601e-04 3.462829695542132033e-05 9.753455847173857229e-05
7.115380089996685456e+03 1.306733162786119572e-04 1.362155669578960730e-04 3.653840047133059143e-05 1.011424279026128671e-04
7.115480089966686137e+03 1.350302398972924470e-04 1.403391506675950038e-04 3.856683706397020432e-05 1.046454092096192184e-04
7.115580089936686818e+03 1.391183431772629795e-04 1.441800215294050951e-04 4.070384612406732880e-05 1.080007369435784768e-04
7.115680089906687499e+03 1.428879576759305170e-04 1.477044542829574370e-04 4.296252353946258232e-05 1.111849784994501788e-04
7.115780089876688180e+03 1.462752789187140440e-04 1.508626450501815159e-04 4.534100894001526428e-05 1.141596443029702725e-04
7.115880089846688861e+03 1.492317324471854716e-04 1.536158822739034160e-04 4.783094497918813571e-05 1.168928532334256767e-04
7.115980089816689542e+03 1.517294768159606810e-04 1.559379539365455950e-04 5.043872651107098954e-05 1.193687190878590817e-04
7.116080089786690223e+03 1.537545969645471634e-04 1.578056483706563563e-04 5.316136434052692693e-05 1.215738698919101692e-04
7.116180089756690904e+03 1.553126417104569955e-04 1.592016248939153496e-04 5.600564926156367785e-05 1.235066386219786834e-04
7.116280089726691585e+03 1.564518276517485652e-04 1.601378324627306408e-04 5.900093060238666566e-05 1.251968635722886284e-04
7.116380089696692266e+03 1.572267407264216622e-04 1.606216209156410390e-04 6.217661513582627792e-05 1.266749922592963354e-04
7.116480089666692948e+03 1.577040533692009516e-04 1.606688353647185480e-04 6.557749065551303079e-05 1.279834597964775282e-04
7.116580089636693629e+03 1.579555777422375293e-04 1.603081086661755966e-04 6.926715727337096160e-05 1.291769478939280608e-04
7.116680089606694310e+03 1.580336786337865863e-04 1.595696684279773324e-04 7.332185136176268899e-05 1.303083994745088512e-04
7.116780089576694991e+03 1.579465886833616420e-04 1.584720101396003918e-04 7.780248499714617475e-05 1.314070279400360514e-04
7.116880089546695672e+03 1.576509566448883160e-04 1.570188412476622496e-04 8.275776542041610260e-05 1.324758544376555380e-04
7.116980089516696353e+03 1.570669720072884364e-04 1.552089595829295231e-04 8.818525806361820108e-05 1.334870632179453959e-04
7.117080089486697034e+03 1.560864401831715657e-04 1.530259934417112656e-04 9.403171606332974650e-05 1.343813832294041971e-04
7.117180089456697715e+03 1.545904277040580923e-04 1.504375986883568208e-04 1.001729629012708595e-04 1.350669964312285819e-04
7.117280089426698396e+03 1.524687689014043025e-04 1.473983781514164580e-04 1.063982451344316812e-04 1.354217973957508184e-04
7.117380089396699077e+03 1.496283805079403804e-04 1.438519210065587403e-04 1.124181333711857928e-04 1.352994782952283135e-04
7.117480089366699758e+03 1.459921811009018877e-04 1.397314800530731471e-04 1.178672762254581171e-04 1.345303124598110642e-04
7.117580089336700439e+03 1.414785738680253955e-04 1.349486018155284244e-04 1.222933211495308404e-04 1.329068322776949139e-04
7.117680089306701120e+03 1.359986196826237315e-04 1.293970656859408255e-04 1.251862036076050366e-04 1.301939629920565312e-04
7.117780089276701801e+03 1.294920646271774834e-04 1.229958406626904853e-04 1.260495280244634396e-04 1.261791444381104785e-04
7.117880089246702482e+03 1.219255843566613624e-04 1.156887541239791861e-04 1.244555552592306439e-04 1.206899645799570686e-04
7.117980089216703163e+03 1.133584503526081461e-04 1.075099644343763852e-04 1.201715684312771172e-04 1.136799944060872252e-04
7.118080089186703844e+03 1.039876594775214123e-04 9.862505348028852842e-05 1.132971417630054513e-04 1.053032849069384730e-04
7.118180089156704526e+03 9.415252657587996194e-05 8.933250153922976146e-05 1.042594176144149112e-04 9.591481524317487818e-05
7.118280089126705207e+03 8.432700597650198866e-05 8.008090473809243348e-05 9.421525859336454085e-05 8.620772310265298766e-05
7.118380089096705888e+03 7.493707466519927999e-05 7.124444660086108074e-05 8.367420182309650970e-05 7.661857436305229466e-05
7.118480089066706569e+03 6.632298739438209731e-05 6.313893976439979383e-05 7.353486787667878465e-05 6.766559834515355860e-05
7.118580089036707250e+03 5.866399957647505545e-05 5.592951959318070922e-05 6.429960182336535545e-05 5.963104033100704682e-05
7.118680089006707931e+03 5.199748850987691577e-05 4.964993929010597275e-05 5.618783906477377261e-05 5.261175562158555371e-05
7.118780088976708612e+03 4.626674048283719768e-05 4.424675683475716735e-05 4.922025160735943149e-05 4.657791630831793669e-05
7.118880088946709293e+03 4.136848589867851223e-05 3.962338496545458433e-05 4.330771211207261475e-05 4.143319432540190151e-05
7.118980088916709974e+03 3.718600680359825220e-05 3.567080713654876845e-05 3.831618819521309959e-05 3.705766737845337115e-05
7.119080088886710655e+03 3.360740831092844908e-05 3.228453839037910436e-05 3.410450535910938819e-05 3.333215068680564269e-05
7.119180088856711336e+03 3.053358441472936544e-05 2.937202113720630342e-05 3.054249563229480182e-05 3.014936706141015577e-05
7.119280088826712017e+03 2.788035368827997536e-05 2.685460673386585751e-05 2.751766029172652222e-05 2.741754023795745282e-05
7.119380088796712698e+03 2.557778778553105936e-05 2.466692921086756330e-05 2.493602634319204878e-05 2.506024777986355940e-05
7.119480088766713379e+03 2.356843988416790458e-05 2.275525670010752883e-05 2.272048566474087184e-05 2.301472741633876616e-05
7.119580088736714060e+03 2.180532533457056482e-05 2.107561244501094240e-05 2.080830879670553317e-05 2.122974885876234341e-05
7.119680088706714741e+03 2.025002973970501652e-05 1.959201410507994595e-05 1.914861689122078454e-05 1.966355357866858008e-05
7.119780088676715422e+03 1.887107804543364394e-05 1.827495559774633356e-05 1.770012586444244423e-05 1.828205316920747278e-05
7.119880088646716104e+03 1.764258618406496672e-05 1.710015157464571362e-05 1.642925226652007636e-05 1.705733000841025337e-05
7.119980088616716785e+03 1.654317061590268649e-05 1.604752166874861484e-05 1.530857236790461137e-05 1.596642155085197429e-05
7.120080088586717466e+03 1.555507637006225098e-05 1.510037795352238073e-05 1.431558945328220974e-05 1.499034792562228161e-05
7.120180088556718147e+03 1.466348329765323197e-05 1.424477817721767424e-05 1.343175593696498241e-05 1.411333913727863067e-05
7.120280088526718828e+03 1.385595477022235125e-05 1.346901155518690101e-05 1.264170024777838364e-05 1.332222219106254643e-05
7.120380088496719509e+03 1.312199902967031188e-05 1.276318942249826205e-05 1.193261576955314876e-05 1.260593474057390982e-05
7.120480088466720190e+03 1.245271920237405081e-05 1.211891845160198149e-05 1.129377702078026160e-05 1.195513822491876463e-05
7.120580088436720871e+03 1.184053300697457753e-05 1.152903879754459823e-05 1.071615541570246363e-05 1.136190907340721426e-05
7.120680088406721552e+03 1.127894730642354018e-05 1.098741334535321492e-05 1.019211295127516403e-05 1.081949120101730750e-05
7.120780088376722233e+03 1.076237590415215371e-05 1.048875729646387034e-05 9.715156942118576613e-06 1.032209671424486745e-05
7.120880088346722914e+03 1.028599159895554854e-05 1.002849968981690465e-05 9.279742730157498215e-06 9.864744672976651034e-06
7.120980088316723595e+03 9.845605429165288651e-06 9.602670315290882526e-06 8.881114225822975321e-06 9.443129990093048268e-06
7.121080088286724276e+03 9.437567654102393415e-06 9.207806913686525439e-06 8.515174395254475581e-06 9.053516321014464812e-06
7.121180088256724957e+03 9.058686140179711058e-06 8.840878642233120145e-06 8.178379567917448079e-06 8.692648116776759761e-06
7.121280088226725638e+03 8.706158788565268044e-06 8.499222662134269250e-06 7.867652767206612032e-06 8.357678072635381979e-06
7.121380088196726319e+03 8.377517320230140529e-06 8.180491349683209710e-06 7.580312312236524484e-06 8.046106994049959370e-06
7.121480088166727000e+03 8.070580303124052723e-06 7.882608154392169758e-06 7.314012728333383897e-06 7.755733728616536306e-06
7.121580088136727682e+03 7.783413728499342569e-06 7.603730527859648683e-06 7.066695630233948024e-06 7.484613295530979476e-06
7.121680088106728363e+03 7.514297787129141938e-06 7.342218658625135203e-06 6.836548718929111722e-06 7.231021721561129056e-06
7.121780088076729044e+03 7.261698754665445814e-06 7.096608998255538599e-06 6.621971408877830134e-06 6.993426387266270669e-06
7.121880088046729725e+03 7.024245109336533458e-06 6.865591756367238037e-06 6.421545899594301191e-06 6.770460921766024229e-06
7.121980088016730406e+03 6.800707168135331849e-06 6.647991697833987345e-06 6.234012734144869501e-06 6.560903866704729283e-06
7.122080087986731087e+03 6.589979660957694331e-06 6.442751699941373551e-06 6.058250070812868314e-06 6.363660477237310936e-06
7.122180087956731768e+03 6.391066766663806627e-06 6.248918621862338940e-06 5.893256043203559670e-06 6.177747143909902028e-06
7.122280087926732449e+03 6.203069221105138816e-06 6.065631123494965744e-06 5.738133693321424751e-06 6.002278012640509770e-06
7.122380087896733130e+03 6.025173174251533871e-06 5.892109128399592833e-06 5.592078062260939129e-06 5.836453454970687764e-06
7.122480087866733811e+03 5.856640529261900812e-06 5.727644683877137771e-06 5.454365092345125091e-06 5.679550101828054276e-06
7.122580087836734492e+03 5.696800542273272190e-06 5.571594006665002824e-06 5.324342057388443791e-06 5.530912202108906269e-06
7.122680087806735173e+03 5.545042497091662259e-06 5.423370542633809878e-06 5.201419285868876496e-06 5.389944108531449827e-06
7.122780087776735854e+03 5.400809299219877879e-06 5.282438894419661921e-06 5.085062982736397314e-06 5.256103725458644858e-06
7.122880087746736535e+03 5.263591860674928137e-06 5.148309493446119477e-06 4.974788984918607291e-06 5.128896779679885815e-06
7.122980087716737216e+03 5.132924163430363148e-06 5.020533914269766052e-06 4.870157315950625748e-06 5.007871797883584983e-06
7.123080087686737897e+03 5.008378910465685296e-06 4.898700743832588541e-06 4.770767425114465511e-06 4.892615693137578936e-06
7.123180087656738579e+03 4.889563684011387227e-06 4.782431929609842797e-06 4.676254013977961755e-06 4.782749875866396695e-06
