5.438255199548700148e+03 6.025415970299999991e-05 6.025416694700000289e-05 5.786850146700000033e-05 5.945894270566666771e-05
5.438355199548699602e+03 5.562391299200000088e-05 5.562391320300000090e-05 5.357290195300000061e-05 5.494024271600000080e-05
5.438455199548699056e+03 5.124002132703986965e-05 5.124001554203987460e-05 4.950012775003704061e-05 5.066005487303892603e-05
5.438555199548698511e+03 4.716381442407414887e-05 4.716380616107414378e-05 4.571562357706883851e-05 4.668108138740571490e-05
5.438655199548697965e+03 4.337968028606883642e-05 4.337967987906883442e-05 4.219593755106402453e-05 4.298509923873389846e-05
5.438755199548697419e+03 3.996742367909310290e-05 3.996742060709310531e-05 3.902016714208664553e-05 3.965167047609095125e-05
5.438855199548696874e+03 3.689831828308373846e-05 3.689831977308374281e-05 3.616665421307786130e-05 3.665443075641510741e-05
5.438955199548696328e+03 3.414270287010024943e-05 3.414271219210024915e-05 3.360366316709324449e-05 3.396302607643124317e-05
5.439055199548695782e+03 3.168265959511187271e-05 3.168266463811186655e-05 3.131663577410400009e-05 3.156065333577591086e-05
5.439155199548695236e+03 2.948911173809974859e-05 2.948910151109975289e-05 2.927891329809266700e-05 2.941904218243072283e-05
5.439255199548694691e+03 2.752095713110740043e-05 2.752094737810740116e-05 2.745037799109978482e-05 2.749742750010485988e-05
5.439355199548694145e+03 2.575813284209619610e-05 2.575812880209619584e-05 2.581317753508934331e-05 2.577647972642724508e-05
5.439455199548693599e+03 2.420891260809863147e-05 2.420890349009863291e-05 2.437924642409128827e-05 2.426568750742951868e-05
5.439555199548693054e+03 2.283242665210015216e-05 2.283243339210014908e-05 2.310697789509257136e-05 2.292394597976429312e-05
5.439655199548692508e+03 2.159717068208987764e-05 2.159717451708987641e-05 2.196708687408293782e-05 2.172047735775422837e-05
5.439755199548691962e+03 2.051214858508881229e-05 2.051215312808881151e-05 2.096855847108173370e-05 2.066428672808645476e-05
5.439855199548691417e+03 1.952630993508069500e-05 1.952630805608069443e-05 2.006132186807426003e-05 1.970464661974521536e-05
5.439955199548690871e+03 1.863410605408114424e-05 1.863411337208114728e-05 1.924451283807428767e-05 1.883757742141219419e-05
5.440055199548690325e+03 1.786540227907690423e-05 1.786539457407690560e-05 1.854526069406995482e-05 1.809201918240792268e-05
5.440155199548689779e+03 1.715863086407070742e-05 1.715862431007070588e-05 1.790401399606415467e-05 1.740708972340185938e-05
5.440255199548689234e+03 1.649252108407269819e-05 1.649251597407269977e-05 1.730043862106587355e-05 1.676182522640375604e-05
5.440355199548688688e+03 1.591153096506340764e-05 1.591152767606340810e-05 1.677624739205720814e-05 1.619976867772800796e-05
5.440455199548688142e+03 1.541249059605900390e-05 1.541248842105900311e-05 1.632806842305299029e-05 1.571768248005699797e-05
5.440555199548687597e+03 1.495467496005829276e-05 1.495466992805829229e-05 1.591916693705206691e-05 1.527617060838954840e-05
5.440655199548687051e+03 1.454668382205194934e-05 1.454667209805195044e-05 1.555889370004587174e-05 1.488408320671659220e-05
5.440755199548686505e+03 1.418586242204922473e-05 1.418584326404922618e-05 1.524334460704304870e-05 1.453835009771383377e-05
5.440855199548685960e+03 1.386425206404387391e-05 1.386424557804387220e-05 1.496684276803772148e-05 1.423178013670848863e-05
5.440955199548685414e+03 1.355927727104437961e-05 1.355928023104437849e-05 1.470377368903828112e-05 1.394077706370901477e-05
5.441055199548684868e+03 1.329104938804147274e-05 1.329105042404147184e-05 1.447459641603543562e-05 1.368556540937279284e-05
5.441155199548684323e+03 1.307446138603348854e-05 1.307446082203348862e-05 1.429685417402748057e-05 1.348192546069815258e-05
5.441255199548683777e+03 1.287208570003313103e-05 1.287209046103312914e-05 1.412963580802737492e-05 1.329127065636454559e-05
5.441355199548683231e+03 1.269738563502859865e-05 1.269738937002860087e-05 1.398737256602328993e-05 1.312738252369349648e-05
5.441455199548682685e+03 1.255346957902486808e-05 1.255346335602487123e-05 1.387623545301920561e-05 1.299438946268964718e-05
5.441555199548682140e+03 1.243272438602196329e-05 1.243272305402196227e-05 1.378678169401627209e-05 1.288407637802006758e-05
5.441655199548681594e+03 1.232287706301998205e-05 1.232288489801998009e-05 1.370447767101497028e-05 1.278341321068497917e-05
5.441755199548681048e+03 1.225891544701221536e-05 1.225892350301221663e-05 1.366631003900728916e-05 1.272804966301057541e-05
5.441855199548680503e+03 1.222363779800673672e-05 1.222365117800673740e-05 1.365586161900199539e-05 1.270105019833849153e-05
5.441955199548679957e+03 1.221082250500256466e-05 1.221081956400256849e-05 1.366595828499797843e-05 1.269586678466770217e-05
5.442055199548679411e+03 1.220131657500198889e-05 1.220131837200198684e-05 1.367414358199828729e-05 1.269225950966742044e-05
5.442155199548678866e+03 1.221769144099657429e-05 1.221768436699657680e-05 1.370731967399305945e-05 1.271423182732873741e-05
5.442255199548678320e+03 1.227304729098791600e-05 1.227304266298791657e-05 1.377640422598492092e-05 1.277416472665358393e-05
5.442355199548677774e+03 1.233662058698612391e-05 1.233662303598612295e-05 1.384969600098400117e-05 1.284097987465208324e-05
5.442455199548677228e+03 1.242380475098017555e-05 1.242380525398017790e-05 1.394560344697819425e-05 1.293107115064618144e-05
5.442555199548676683e+03 1.253391755297396222e-05 1.253390573597396393e-05 1.405775829597347921e-05 1.304186052830713286e-05
5.442655199548676137e+03 1.267081498696762739e-05 1.267081310596762618e-05 1.419186959496828746e-05 1.317783256263451367e-05
5.442755199548675591e+03 1.283762505895903672e-05 1.283762811795903522e-05 1.435176514196073445e-05 1.334233943962626880e-05
5.442855199548675046e+03 1.303378977395182924e-05 1.303378270995183157e-05 1.453579023595481034e-05 1.353445423995282428e-05
5.442955199548674500e+03 1.325794991194291458e-05 1.325795255494291326e-05 1.474025849794793049e-05 1.375205365494458724e-05
5.443055199548673954e+03 1.350768395293413217e-05 1.350770393093412819e-05 1.495983178894208615e-05 1.399173989093678274e-05
5.443155199548673409e+03 1.377356825392987327e-05 1.377358677292987321e-05 1.518815189793977883e-05 1.424510230826650674e-05
5.443255199548672863e+03 1.408899455091393589e-05 1.408900987991393761e-05 1.545604601192690313e-05 1.454468348091826000e-05
5.443355199548672317e+03 1.444247129290355444e-05 1.444247605890355755e-05 1.575249924391911149e-05 1.487914886524207449e-05
5.443455199548671771e+03 1.481514431589492733e-05 1.481514084489492861e-05 1.605363797991509600e-05 1.522797438023498342e-05
5.443555199548671226e+03 1.523149098787882655e-05 1.523145406387883618e-05 1.638104447590471084e-05 1.561466317588745898e-05
5.443655199548670680e+03 1.571135353286034114e-05 1.571133527286033631e-05 1.675558480589099393e-05 1.605942453720389046e-05
5.443755199548670134e+03 1.622931207684454347e-05 1.622931766584453654e-05 1.714826735688214284e-05 1.653563236652374208e-05
5.443855199548669589e+03 1.680621500782685158e-05 1.680619824382685980e-05 1.757446404887208401e-05 1.706229243350860185e-05
5.443955199548669043e+03 1.746265424779701084e-05 1.746266052279700406e-05 1.805159435885245582e-05 1.765896970981549024e-05
5.444055199548668497e+03 1.817669249677270396e-05 1.817670242877270315e-05 1.855723955983903950e-05 1.830354482846148446e-05
5.444155199548667952e+03 1.897045615374732570e-05 1.897044903374733206e-05 1.910489969282566736e-05 1.901526829344011064e-05
5.444255199548667406e+03 1.986504852470709359e-05 1.986504005070709525e-05 1.970808009580251008e-05 1.981272289040556856e-05
5.444355199548666860e+03 2.084004890268076725e-05 2.084004939368076236e-05 2.034030170579300033e-05 2.067346666738483993e-05
5.444455199548666315e+03 2.191049143563978015e-05 2.191048424963978563e-05 2.100569032177608742e-05 2.160888866901855446e-05
5.444555199548665769e+03 2.313106998357815629e-05 2.313106727757815770e-05 2.175031337174265165e-05 2.267081687763299194e-05
5.444655199548665223e+03 2.452009784251994322e-05 2.452011052551993512e-05 2.257689100871432849e-05 2.387236645891806556e-05
5.444755199548664677e+03 2.606247956345291233e-05 2.606245118545292988e-05 2.345225806668950350e-05 2.519239627186511298e-05
5.444855199548664132e+03 2.778995767538725901e-05 2.778995792838724881e-05 2.439014542766733003e-05 2.665668701048061600e-05
5.444955199548663586e+03 2.976674551728084966e-05 2.976674201528084945e-05 2.542773032362252990e-05 2.832040595206141193e-05
5.445055199548663040e+03 3.202079625115947784e-05 3.202080697615947429e-05 2.656104178157739625e-05 3.020088166963211726e-05
5.445155199548662495e+03 3.461864342303127808e-05 3.461868747003127322e-05 2.781806576153126445e-05 3.235179888486460864e-05
5.445255199548661949e+03 3.762446380285181457e-05 3.762445818885182703e-05 2.920953495446847696e-05 3.481948564872404178e-05
5.445355199548661403e+03 4.111342287866725473e-05 4.111338996066727064e-05 3.074912283641189297e-05 3.765864522524881063e-05
5.445455199548660858e+03 4.520117374440134941e-05 4.520109784940136834e-05 3.247036493732685073e-05 4.095754551037652960e-05
5.445555199548660312e+03 5.003144860106702879e-05 5.003141458006701560e-05 3.440682883022507654e-05 4.482323067045304935e-05
5.445655199548659766e+03 5.578380786369803446e-05 5.578380278069802099e-05 3.659774595612324893e-05 4.938845220017310146e-05
5.445755199548659220e+03 6.269961743516955146e-05 6.269964926116953032e-05 3.909808312697668074e-05 5.483244994110526095e-05
5.445855199548658675e+03 7.110322323856063957e-05 7.110321307356065362e-05 4.197911304282087806e-05 6.139518311831405483e-05
5.445955199548658129e+03 8.141551803868567107e-05 8.141547893668568572e-05 4.531802012460311053e-05 6.938300569999148685e-05
5.446055199548657583e+03 9.418409703154190455e-05 9.418407141654191528e-05 4.918164118834845083e-05 7.918326987881075011e-05
5.446155199548657038e+03 1.101139116931905946e-04 1.101139242531905911e-04 5.360273478111014897e-05 9.127685690916376919e-05
5.446255199548656492e+03 1.300679657912888888e-04 1.300679695012889152e-04 5.850245688986099033e-05 1.062127973941462828e-04
5.446355199548655946e+03 1.549499319291376025e-04 1.549499358591375912e-04 6.358943675777923893e-05 1.244964348486847928e-04
5.446455199548655401e+03 1.853467747064535803e-04 1.853468194864535466e-04 6.834129101388231888e-05 1.463449617355964819e-04
5.446555199548654855e+03 2.207601212538958880e-04 2.207600976838959052e-04 7.227060454221314852e-05 1.712636078266683139e-04
5.446655199548654309e+03 2.582371705629574491e-04 2.582369458629574688e-04 7.532273478261204214e-05 1.972656170695090048e-04
5.446755199548653763e+03 2.913003547946638964e-04 2.913002481246638607e-04 7.798214565976644764e-05 2.201942495263647123e-04
5.446855199548653218e+03 3.114396453506585436e-04 3.114396400206585389e-04 8.092177028063648233e-05 2.346003518839845532e-04
5.446955199548652672e+03 3.135171061390174701e-04 3.135172988990173808e-04 8.468219067922155775e-05 2.372388652390854515e-04
5.447055199548652126e+03 3.003293394063569731e-04 3.003297644563568359e-04 8.959089409463384798e-05 2.300833326524491919e-04
5.447155199548651581e+03 2.805470462195357086e-04 2.805472073695358453e-04 9.584990331598295093e-05 2.189813856350181502e-04
5.447255199548651035e+03 2.628265379087030068e-04 2.628263649687032294e-04 1.036170177161853514e-04 2.097566401978638671e-04
5.447355199548650489e+03 2.526398473550029279e-04 2.526398594550029121e-04 1.131067403553393425e-04 2.061288157217817365e-04
5.447455199548649944e+03 2.525694153500352497e-04 2.525693471700353010e-04 1.245976591542519868e-04 2.099121405581075035e-04
5.447555199548649398e+03 2.636918039443351828e-04 2.636915693143352377e-04 1.384831261729278817e-04 2.219554998105327764e-04
5.447655199548648852e+03 2.862422432485146754e-04 2.862422510485145791e-04 1.552762526514469730e-04 2.425869156494920849e-04
5.447755199548648307e+03 3.192175349429052429e-04 3.192179596429050204e-04 1.756600406794327858e-04 2.713651784217476740e-04
5.447855199548647761e+03 3.587778899594914746e-04 3.587783829494913717e-04 2.005392941371023010e-04 3.060318556820283914e-04
5.447955199548647215e+03 3.962657993902248335e-04 3.962654824602252824e-04 2.310112489839258310e-04 3.411808436114586941e-04
5.448055199548646669e+03 4.188023964279067972e-04 4.188024533579065740e-04 2.683817622499469089e-04 3.686622040119201115e-04
5.448155199548646124e+03 4.154952116317745968e-04 4.154950225117747713e-04 3.138987560755754748e-04 3.816296634063749476e-04
5.448255199548645578e+03 3.857579741962275125e-04 3.857580466062273837e-04 3.683458866802883399e-04 3.799539691609143759e-04
5.448355199548645032e+03 3.394931391552465810e-04 3.394934418452464362e-04 4.314096806955862711e-04 3.701320872320264114e-04
5.448455199548644487e+03 2.889478151980421098e-04 2.889479239880422302e-04 5.016686692310208962e-04 3.598548028057017454e-04
5.448555199548643941e+03 2.421256313164024112e-04 2.421255735964025161e-04 5.785020141766747523e-04 3.542510730298265237e-04
5.448655199548643395e+03 2.020716854925858823e-04 2.020716600125858822e-04 6.650688863011860845e-04 3.564040772687859316e-04
5.448755199548642850e+03 1.689990462789500182e-04 1.689991382389499630e-04 7.685031158807340695e-04 3.688337667995447017e-04
5.448855199548642304e+03 1.421416079453888075e-04 1.421416218853888678e-04 8.953412179373241306e-04 3.932081492560338901e-04
5.448955199548641758e+03 1.205209497525848780e-04 1.205209885225848651e-04 1.044335551813273862e-03 4.284591633628145532e-04
5.449055199548641212e+03 1.031530420302674024e-04 1.031531200302673889e-04 1.198899952408625721e-03 4.684020381563868286e-04
5.449155199548640667e+03 8.916713556426807184e-05 8.916714517426810988e-05 1.323574954326295827e-03 5.006364116882772684e-04
5.449255199548640121e+03 7.783331118580332018e-05 7.783338746880327005e-05 1.374600431269371037e-03 5.100890433079925288e-04
5.449355199548639575e+03 6.856904465856101562e-05 6.856899631956109851e-05 1.327506736128268800e-03 4.882149257021302369e-04
5.449455199548639030e+03 6.092538569965775603e-05 6.092532206365776278e-05 1.197433896479261402e-03 4.397615347475256043e-04
5.449555199548638484e+03 5.455785256893804132e-05 5.455782905993801713e-05 1.026390570205782836e-03 3.785020839448863228e-04
5.449655199548637938e+03 4.920053551431326921e-05 4.920050456931327523e-05 8.536840425768114958e-04 3.173616942201460496e-04
5.449755199548637393e+03 4.466106212884875568e-05 4.466112074684869536e-05 7.011231951357397088e-04 2.634817926704790939e-04
5.449855199548636847e+03 4.077873138543636720e-05 4.077877844243637390e-05 5.751744518190393413e-04 2.189106538823040184e-04
5.449955199548636301e+03 3.742581257013462710e-05 3.742588071113461074e-05 4.744450347341289728e-04 1.830989093384660725e-04
5.450055199548635755e+03 3.450717257788468831e-05 3.450723809488468954e-05 3.947834566914407996e-04 1.545992891214033880e-04
5.450155199548635210e+03 3.194051681665739098e-05 3.194053168365742384e-05 3.317749553706871956e-04 1.318853346236673323e-04
5.450255199548634664e+03 2.965851253349433724e-05 2.965852138749434247e-05 2.816370275128321282e-04 1.136513538112736139e-04
5.450355199548634118e+03 2.761096470834080782e-05 2.761091863634084314e-05 2.413899527263552484e-04 9.887061202367897661e-05
5.450455199548633573e+03 2.576562290622517792e-05 2.576563692322514099e-05 2.087676442816589772e-04 8.676630137036975634e-05
5.450555199548633027e+03 2.410623823611681083e-05 2.410628313711678895e-05 1.820646020979718325e-04 7.675904115706847744e-05
5.450655199548632481e+03 2.263818890498803591e-05 2.263819309298806338e-05 1.600132936648410891e-04 6.842989188760572607e-05
5.450755199548631936e+03 2.137642734786067463e-05 2.137637158886071493e-05 1.416818903525042354e-04 6.147822976307522076e-05
5.450855199548631390e+03 2.032879850571460957e-05 2.032879754971457010e-05 1.263471888804601159e-04 5.566826164529643523e-05
5.450955199548630844e+03 1.949334402557748009e-05 1.949333962057748455e-05 1.134550485489112465e-04 5.081391073168873592e-05
5.451055199548630299e+03 1.884284687945555014e-05 1.884277112445559711e-05 1.025524071476352305e-04 4.674600838384878693e-05
5.451155199548629753e+03 1.832666734836148819e-05 1.832668850836141841e-05 9.325050152651422357e-05 4.330128579441237785e-05
5.451255199548629207e+03 1.789618679830538633e-05 1.789625763930534970e-05 8.524121890268183510e-05 4.034455444676419489e-05
5.451355199548628661e+03 1.751420272227098224e-05 1.751419421527103767e-05 7.827697227994048551e-05 3.776845640582750067e-05
5.451455199548628116e+03 1.716616662325006341e-05 1.716615907925006569e-05 7.217991890338072898e-05 3.550408153529362388e-05
5.451555199548627570e+03 1.684381517623453959e-05 1.684384319923451642e-05 6.681039128690683922e-05 3.349934988745863174e-05
5.451655199548627024e+03 1.654849352321487399e-05 1.654854784121485525e-05 6.205102224146289574e-05 3.171602120196420833e-05
5.451755199548626479e+03 1.628236853719605156e-05 1.628259637119592405e-05 5.782530271911305131e-05 3.013008920916834343e-05
5.451855199548625933e+03 1.604702810417337424e-05 1.604701529317355128e-05 5.405331652277879098e-05 2.871578664004190550e-05
5.451955199548625387e+03 1.583353997415921642e-05 1.583347526515925454e-05 5.067275435752117675e-05 2.744658986561321703e-05
5.452055199548624842e+03 1.565416575013540800e-05 1.565424634913529432e-05 4.764341488928678964e-05 2.631727566285250184e-05
5.452155199548624296e+03 1.550231424511463204e-05 1.550233619111467587e-05 4.491137938906236584e-05 2.530534327509722346e-05
5.452255199548623750e+03 1.538305311209111226e-05 1.538311770809107850e-05 4.244420633288485532e-05 2.440345905102235321e-05
5.452355199548623204e+03 1.528885117707196782e-05 1.528864052907217863e-05 4.021374893470401049e-05 2.359708021361605457e-05
5.452455199548622659e+03 1.522599743904859102e-05 1.522581856804856505e-05 3.819378820956156932e-05 2.288186807221957174e-05
5.452555199548622113e+03 1.518665371503077327e-05 1.518681226303050941e-05 3.634955709144248954e-05 2.224100768983459470e-05
5.452655199548621567e+03 1.517608178400826815e-05 1.517571986900867467e-05 3.467533614930952152e-05 2.167571260077548473e-05
5.452755199548621022e+03 1.519509585298495552e-05 1.519495801898477762e-05 3.315036433520664996e-05 2.118013940239212996e-05
5.452855199548620476e+03 1.524211254596279802e-05 1.524132317096331285e-05 3.175817498310158621e-05 2.074720356667589564e-05
5.452955199548619930e+03 1.531921609193828872e-05 1.531954384693739405e-05 3.048713372201728288e-05 2.037529788696432301e-05
5.453055199548619385e+03 1.541800581492003166e-05 1.541798228492031921e-05 2.932253018594268982e-05 2.005283942859435029e-05
5.453155199548618839e+03 1.555539362488878990e-05 1.555591846088834703e-05 2.826097075085928201e-05 1.979076094554547185e-05
5.453255199548618293e+03 1.572030118686501793e-05 1.572023837886549736e-05 2.729210569179306125e-05 1.957754841917452325e-05
5.453355199548617747e+03 1.592379915583343078e-05 1.592360027583353605e-05 2.640756848472403342e-05 1.941832263879700234e-05
5.453455199548617202e+03 1.614908400781354402e-05 1.614932366481318295e-05 2.559728491667062186e-05 1.929856419643244961e-05
5.453555199548616656e+03 1.641699838477582603e-05 1.641709008577594851e-05 2.485466642862137660e-05 1.922958496639104925e-05
5.453655199548616110e+03 1.671541342275030333e-05 1.671553117575028441e-05 2.418741673455831055e-05 1.920612044435296610e-05
5.453755199548615565e+03 1.705676707971127433e-05 1.705677617971136537e-05 2.358858226650651345e-05 1.923404184197638551e-05
5.453855199548615019e+03 1.744895971966827197e-05 1.744824867466888269e-05 2.305841107744843662e-05 1.931853982392853268e-05
5.453955199548614473e+03 1.789797610561612629e-05 1.789706616961629325e-05 2.258695094840306090e-05 1.946066440787849687e-05
5.454055199548613928e+03 1.841839862155034493e-05 1.841859047354939128e-05 2.226770527227583450e-05 1.970156478912519024e-05
5.454155199548613382e+03 1.895279244653827076e-05 1.895272830853849571e-05 2.185282338835846852e-05 1.991944804781174612e-05
5.454255199548612836e+03 1.949917761052294575e-05 1.949959958252251769e-05 2.134743841344125955e-05 2.011540520216223874e-05
5.454355199548612291e+03 2.015771726042502130e-05 2.015777305742533879e-05 2.097726190932320796e-05 2.043091740905785602e-05
5.454455199548611745e+03 2.092230372232547510e-05 2.092138683232633195e-05 2.067516546426651292e-05 2.083961867297277106e-05
5.454555199548611199e+03 2.190766290512174481e-05 2.190733714412121670e-05 2.044673694020360046e-05 2.142057899648218958e-05
5.454655199548610653e+03 2.270402165929020420e-05 2.270397267528995451e-05 2.022002779820206711e-05 2.187600737759407528e-05
5.454755199548610108e+03 2.338552266838637538e-05 2.338619207038572869e-05 1.998883824720816289e-05 2.225351766199342232e-05
5.454855199548609562e+03 2.432195962315683322e-05 2.432160362415775460e-05 1.982824924314459378e-05 2.282393749681972268e-05
5.454955199548609016e+03 2.540357883801627306e-05 2.540397452701558692e-05 1.971580618610226776e-05 2.350778651704470699e-05
5.455055199548608471e+03 2.664746956385737528e-05 2.664776716585746274e-05 1.964891423006144566e-05 2.431471698659209117e-05
5.455155199548607925e+03 2.804240694571862562e-05 2.804232157971897643e-05 1.962458245202235022e-05 2.523643699248665076e-05
5.455255199548607379e+03 2.963012170252710058e-05 2.963015556952698976e-05 1.964396769098201420e-05 2.630141498767869925e-05
5.455355199548606834e+03 3.143552272832515673e-05 3.143555547532516042e-05 1.970806282594053730e-05 2.752638034319695036e-05
5.455455199548606288e+03 3.349214851807339279e-05 3.349189909507365554e-05 1.982037855489478435e-05 2.893480872268060751e-05
5.455555199548605742e+03 3.585464734576537034e-05 3.585384095376589682e-05 1.998737779284203732e-05 3.056528869745776139e-05
5.455655199548605196e+03 3.863802207836727675e-05 3.863695224936752111e-05 2.022088190477913333e-05 3.249861874417130927e-05
5.455755199548604651e+03 4.212737373566777807e-05 4.212757264966656903e-05 2.054880196768684602e-05 3.493458278434039997e-05
5.455855199548604105e+03 4.524992866901805528e-05 4.524896997101916535e-05 2.084510463971704145e-05 3.711466775991809075e-05
5.455955199548603559e+03 4.867862060669451757e-05 4.867798910669420844e-05 2.118942393366805344e-05 3.951534454901892423e-05
5.456055199548603014e+03 5.310801996868948991e-05 5.310846845068843740e-05 2.165352148754835895e-05 4.262333663564209316e-05
5.456155199548602468e+03 5.846142922879028216e-05 5.846153676679061021e-05 2.222467645344417225e-05 4.638254748300835487e-05
5.456255199548601922e+03 6.490451812167125924e-05 6.490564913767024168e-05 2.291651620732043841e-05 5.090889448888731876e-05
5.456355199548601377e+03 7.283216833721303492e-05 7.283263750121368014e-05 2.375074649918057355e-05 5.647185077920243405e-05
5.456455199548600831e+03 8.151032085639692282e-05 8.151062863339707059e-05 2.474851002401086937e-05 6.258981983793494635e-05
5.456555199548600285e+03 9.261893083988645295e-05 9.261849105888719726e-05 2.597466372277330466e-05 7.040402854051565275e-05
5.456655199548599740e+03 1.065700871660426447e-04 1.065706631960416267e-04 2.746530377750869739e-05 8.020201804653098732e-05
5.456755199548599194e+03 1.240759855323271001e-04 1.240753726123283284e-04 2.929335202815451641e-05 9.248157005760331950e-05
5.456855199548598648e+03 1.461144883877512788e-04 1.461148223977502998e-04 3.153510035173687117e-05 1.079214703790794765e-04
5.456955199548598102e+03 1.738872176917097485e-04 1.738864727717108537e-04 3.424924916723527608e-05 1.273409798768852905e-04
5.457055199548597557e+03 2.085709321143545503e-04 2.085691367143556311e-04 3.745957625370064932e-05 1.515332150274702769e-04
5.457155199548597011e+03 2.505431763768639500e-04 2.505431033468621450e-04 4.101389129434712639e-05 1.807000570060244139e-04
5.457255199548596465e+03 2.981352178706554268e-04 2.981380455406524503e-04 4.448082910740539257e-05 2.135846975062377791e-04
5.457355199548595920e+03 3.457868707005936010e-04 3.457831809806004124e-04 4.726759697711061480e-05 2.462792162194348987e-04
5.457455199548595374e+03 3.824137001916912615e-04 3.824194155716814495e-04 4.876258720243636555e-05 2.711985676552696877e-04
5.457555199548594828e+03 3.962434330754094716e-04 3.962460683354126871e-04 4.934821039838216373e-05 2.806125706030681210e-04
5.457655199548594283e+03 3.826513279243398831e-04 3.826477998943463542e-04 4.814409949927035297e-05 2.711477424393188567e-04
5.457755199548593737e+03 3.483481227665023196e-04 3.483375587965098193e-04 4.655636335768952407e-05 2.477473483069005588e-04
5.457855199548593191e+03 3.053564292557478716e-04 3.053617159957309991e-04 4.573668860887221833e-05 2.188182779534503675e-04
5.457955199548592645e+03 2.635735187148415524e-04 2.635758933248447036e-04 4.531128132545654915e-05 1.908202311217142345e-04
5.458055199548592100e+03 2.284392035580258085e-04 2.284461716180208617e-04 4.637137773685265482e-05 1.677522509709664100e-04
5.458155199548591554e+03 2.008350939198759021e-04 2.008349290398836202e-04 4.870189232647768239e-05 1.501239717620790615e-04
5.458255199548591008e+03 1.799309408428146468e-04 1.799293426428162244e-04 5.141825571403537673e-05 1.370928463998887425e-04
5.458355199548590463e+03 1.647938135865205476e-04 1.647868161965264800e-04 5.482319930228386437e-05 1.281346096951102792e-04
5.458455199548589917e+03 1.543795311014608043e-04 1.543832998214489610e-04 5.897491461443108129e-05 1.225792485124469421e-04
5.458555199548589371e+03 1.479175706571700779e-04 1.479188990871727700e-04 6.392627087950606551e-05 1.199209135412829621e-04
5.458655199548588826e+03 1.448438736534105162e-04 1.448407845734154338e-04 6.972752573356302570e-05 1.198040613201296586e-04
5.458755199548588280e+03 1.448047062000438416e-04 1.448014063200440558e-04 7.642819090250411226e-05 1.220114344741973366e-04
5.458855199548587734e+03 1.476174913568534047e-04 1.476162769968510655e-04 8.406295319145916281e-05 1.264322405150545398e-04
5.458955199548587188e+03 1.531971111837074405e-04 1.531954190237079971e-04 9.262777818734081216e-05 1.330067694649187499e-04
5.459055199548586643e+03 1.615009705605595966e-04 1.615019652005565351e-04 1.020527186992850941e-04 1.416852181534670888e-04
5.459155199548586097e+03 1.725582723674292935e-04 1.725591193474294534e-04 1.120375270786485742e-04 1.523849729311691251e-04
5.459255199548585551e+03 1.860246817445679909e-04 1.860260055845674467e-04 1.231159267073045653e-04 1.650555380121466857e-04
5.459355199548585006e+03 2.016889374720493141e-04 2.016887469220510621e-04 1.348641363965369703e-04 1.794139402635458003e-04
5.459455199548584460e+03 2.199283252389324240e-04 2.199260406989348717e-04 1.466236817964170348e-04 1.954926825780947859e-04
5.459555199548583914e+03 2.412479918051806430e-04 2.412472727951788236e-04 1.583908374763012047e-04 2.136287006922202509e-04
5.459655199548583369e+03 2.668643627801786308e-04 2.668635952401787032e-04 1.701126264963540491e-04 2.346135281722371187e-04
5.459755199548582823e+03 2.983030215731146393e-04 2.983023604231144947e-04 1.817896744262999264e-04 2.594650188075097591e-04
5.459855199548582277e+03 3.439712782964198076e-04 3.439695606264210593e-04 1.938143866958920479e-04 2.939184085395776021e-04
5.459955199548581732e+03 3.940297689308136660e-04 3.940310635208101216e-04 2.051190756666339818e-04 3.310599693727526169e-04
5.460055199548581186e+03 4.514532219015835227e-04 4.514545002615835191e-04 2.160770436169442423e-04 3.729949219267037343e-04
5.460155199548580640e+03 5.128604794868370275e-04 5.128595249468397444e-04 2.267652191072656984e-04 4.174950745136474630e-04
5.460255199548580094e+03 5.712672768498807795e-04 5.712650848898821786e-04 2.374669696271522034e-04 4.599997771223050358e-04
5.460355199548579549e+03 6.174665603345362574e-04 6.174686717645310775e-04 2.485766308266624722e-04 4.945039543085766928e-04
5.460455199548579003e+03 6.433551838686844609e-04 6.433551097786870858e-04 2.604837523855967974e-04 5.157313486776560424e-04
5.460555199548578457e+03 6.457572765570725485e-04 6.457558153770741544e-04 2.734624252441825642e-04 5.216585057261096834e-04
5.460655199548577912e+03 6.274216021723460265e-04 6.274232971923422416e-04 2.876591401226981175e-04 5.141680131624621827e-04
5.460755199548577366e+03 5.947320115401368446e-04 5.947315999301394564e-04 3.031025744810382874e-04 4.975220619837715475e-04
5.460855199548576820e+03 5.542734332496758107e-04 5.542745201596739049e-04 3.197254875695900952e-04 4.760911469929799008e-04
5.460955199548576275e+03 5.109328836936084892e-04 5.109315890536113942e-04 3.374070335681294674e-04 4.530905021051164503e-04
5.461055199548575729e+03 4.676917355138788114e-04 4.676942198838741275e-04 3.560357996867884026e-04 4.304739183615137986e-04
5.461155199548575183e+03 4.248754103233494763e-04 4.248781137533491951e-04 3.755818574056454459e-04 4.084451271607813182e-04
5.461255199548574637e+03 3.856479826892344315e-04 3.856467949892393291e-04 3.962224053140940300e-04 3.891723943308559122e-04
5.461355199548574092e+03 3.501681200045308746e-04 3.501640979245343975e-04 4.182547807923470747e-04 3.728623329071374670e-04
5.461455199548573546e+03 3.187142192297639522e-04 3.187148316897580767e-04 4.422331176396866129e-04 3.598873895197362682e-04
5.461555199548573000e+03 2.914012878347773316e-04 2.914017420647775701e-04 4.687610909362221415e-04 3.505213736119256991e-04
5.461655199548572455e+03 2.681569625695968094e-04 2.681566696995977780e-04 4.991045874613638401e-04 3.451394065768528092e-04
5.461755199548571909e+03 2.488167447648016533e-04 2.488168252548011929e-04 5.312680650987539662e-04 3.429672117061189013e-04
5.461855199548571363e+03 2.327015702206658855e-04 2.327027323906645225e-04 5.645266198473496448e-04 3.433103074862266842e-04
5.461955199548570818e+03 2.193923293571886331e-04 2.193920042471905741e-04 5.961169051992016698e-04 3.449670796011936437e-04
5.462055199548570272e+03 2.084601691742181114e-04 2.084588033242194707e-04 6.218476387565352115e-04 3.462555370849909673e-04
5.462155199548569726e+03 1.996151849015035784e-04 1.996129749015046841e-04 6.371340074401188628e-04 3.454540557477090508e-04
5.462255199548569180e+03 1.926298621991484909e-04 1.926288364391469214e-04 6.382632472985209872e-04 3.411739819789388179e-04
5.462355199548568635e+03 1.874166823168275594e-04 1.874166500268262389e-04 6.238689024888518500e-04 3.329007449441685404e-04
5.462455199548568089e+03 1.840200348344793934e-04 1.840207776444783693e-04 5.955200333073855943e-04 3.211869485954477405e-04
5.462555199548567543e+03 1.825659178119308512e-04 1.825662297219314458e-04 5.568591911113363263e-04 3.073304462150661717e-04
5.462655199548566998e+03 1.832856788690442494e-04 1.832857748990445530e-04 5.123895646590495827e-04 2.929870061423794437e-04
5.462755199548566452e+03 1.864269551858002271e-04 1.864271424958001216e-04 4.661146782218675592e-04 2.796562586344892936e-04
5.462855199548565906e+03 1.921804219023078692e-04 1.921804649323080594e-04 4.210593845802370087e-04 2.684734238049510152e-04
5.462955199548565361e+03 2.004180890789116778e-04 2.004176118689123779e-04 3.790474172565503068e-04 2.599610394014581299e-04
5.463055199548564815e+03 2.105289859962982540e-04 2.105293383562971258e-04 3.410190545515340483e-04 2.540257929680431247e-04
5.463155199548564269e+03 2.212897008154176355e-04 2.212897886454179882e-04 3.072485074457640482e-04 2.499426656355332511e-04
5.463255199548563724e+03 2.310413390566964009e-04 2.310417020466960314e-04 2.776550687803725891e-04 2.465793699612550162e-04
5.463355199548563178e+03 2.381692920202757341e-04 2.381697520002755972e-04 2.519230448551047449e-04 2.427540296252187011e-04
5.463455199548562632e+03 2.417082336151398577e-04 2.417081788851405436e-04 2.296627741005708323e-04 2.376930622002837445e-04
5.463555199548562086e+03 2.415625412702014185e-04 2.415628303302009335e-04 2.104363546665792160e-04 2.311872420889938651e-04
5.463655199548561541e+03 2.383346533244623316e-04 2.383347769744625639e-04 1.938042918329926977e-04 2.234912407106391977e-04
5.463755199548560995e+03 2.328834414375855139e-04 2.328831791275860546e-04 1.793577431601027625e-04 2.150414545750913985e-04
5.463855199548560449e+03 2.260098098795648301e-04 2.260098953595643737e-04 1.667609034075288345e-04 2.062602028822193461e-04
5.463955199548559904e+03 2.182834663208216893e-04 2.182837209808214556e-04 1.557158887654698932e-04 1.974276920223710127e-04
5.464055199548559358e+03 2.100622264015895965e-04 2.100618568815904974e-04 1.459812941437230204e-04 1.887017924756343714e-04
5.464155199548558812e+03 2.015622394519825671e-04 2.015623382319819382e-04 1.373595213421542453e-04 1.801613663420395474e-04
5.464255199548558267e+03 1.929194105422625397e-04 1.929191210822630859e-04 1.296837815008904343e-04 1.718407710418053624e-04
5.464355199548557721e+03 1.842314982023265121e-04 1.842318385223256087e-04 1.228159869797441038e-04 1.637597745681320478e-04
5.464455199548557175e+03 1.756135176123056654e-04 1.756134293923062987e-04 1.166632406787855537e-04 1.559633958944658483e-04
5.464555199548556629e+03 1.671274828021944512e-04 1.671273470721945122e-04 1.111136611279747586e-04 1.484561636674545785e-04
5.464655199548556084e+03 1.588579117718834041e-04 1.588576714518835284e-04 1.061000993072044993e-04 1.412718941769904773e-04
5.464755199548555538e+03 1.508688519515529716e-04 1.508687499815527383e-04 1.015577441165686729e-04 1.344317820165581321e-04
5.464855199548554992e+03 1.432090890410767483e-04 1.432091578210765103e-04 9.743304655996470572e-05 1.279504311407060016e-04
5.464955199548554447e+03 1.359171540706111613e-04 1.359171185606113000e-04 9.368160255345907284e-05 1.218386250615605159e-04
5.465055199548553901e+03 1.290006176501278120e-04 1.290007211501275881e-04 9.025248250102120909e-05 1.160846071004255364e-04
5.465155199548553355e+03 1.224814386395459316e-04 1.224813770895461884e-04 8.712479206857983403e-05 1.106958692658906694e-04
5.465255199548552810e+03 1.163504656590332606e-04 1.163503652390333084e-04 8.425900211822239384e-05 1.056532776720963074e-04
5.465355199548552264e+03 1.105980701884754750e-04 1.105980412884753655e-04 8.162908175287486969e-05 1.009417310766085610e-04
5.465455199548551718e+03 1.052132154379829208e-04 1.052133751979826380e-04 7.921525257057844473e-05 9.654728106884801473e-05
5.465555199548551172e+03 1.001877545174958403e-04 1.001878008074959936e-04 7.700221713230088745e-05 9.245925748576425400e-05
5.465655199548550627e+03 9.549204876700397113e-05 9.549226253000373107e-05 7.496325858204125738e-05 8.864918995968299104e-05
5.465755199548550081e+03 9.110059036759011954e-05 9.110076430959017813e-05 7.307919009182735261e-05 8.509351492300254558e-05
5.465855199548549535e+03 8.700703767814306499e-05 8.700705845714328955e-05 7.134578454260125590e-05 8.178662689262918993e-05
5.465955199548548990e+03 8.318509558977021381e-05 8.318507903677027626e-05 6.974609629241514195e-05 7.870542363965188186e-05
5.466055199548548444e+03 7.961479106542277589e-05 7.961460099542303826e-05 6.826679546624684096e-05 7.583206250903088504e-05
5.466155199548547898e+03 7.627076359607909471e-05 7.627077657007877692e-05 6.689033514709064043e-05 7.314395843774950854e-05
5.466255199548547353e+03 7.314637819477389944e-05 7.314642758677385669e-05 6.561909184594240114e-05 7.063729920916338124e-05
5.466355199548546807e+03 7.021864940947343265e-05 7.021869668147342710e-05 6.443665912980670182e-05 6.829133507358452052e-05
5.466455199548546261e+03 6.747081609522354723e-05 6.747078028322367016e-05 6.333227721469748231e-05 6.609129119771490893e-05
5.466555199548545716e+03 6.488973306999071874e-05 6.488946925499107412e-05 6.229944815859689712e-05 6.402621682785956784e-05
5.466655199548545170e+03 6.246542524874831642e-05 6.246526132674817009e-05 6.133204803749573580e-05 6.208757820433074529e-05
5.466755199548544624e+03 6.017505164456207284e-05 6.017500917056188510e-05 6.041435087642723891e-05 6.025480389718372776e-05
5.466855199548544078e+03 5.800286191637826739e-05 5.800271270437843551e-05 5.953499499136760741e-05 5.851352320404143225e-05
5.466955199548543533e+03 5.595116895520953041e-05 5.595115144020931770e-05 5.869544671431332629e-05 5.686592236991072706e-05
5.467055199548542987e+03 5.399338649808043040e-05 5.399324368408062787e-05 5.786966977029929857e-05 5.528543331748678110e-05
5.467155199548542441e+03 5.211604788695385637e-05 5.211602548695366669e-05 5.704486784229776509e-05 5.375898040540175594e-05
5.467255199548541896e+03 5.030054948887305945e-05 5.030062998087289785e-05 5.620042122833635441e-05 5.226720023269411294e-05
5.467355199548541350e+03 4.853204289279869685e-05 4.853204626979881953e-05 5.531244002640524782e-05 5.079217639633425022e-05
5.467455199548540804e+03 4.677791173779190248e-05 4.677778932879210271e-05 5.433837613955033388e-05 4.929802573537811077e-05
5.467555199548540259e+03 4.502285413282495731e-05 4.502286215977257383e-05 5.324459374125916174e-05 4.776343667795223096e-05
5.467655199548539713e+03 4.321654218742495575e-05 4.321658218741211753e-05 5.195801195769844861e-05 4.613037877751184515e-05
5.467755199548539167e+03 4.131491068370583223e-05 4.131496969469819356e-05 5.040586440435115330e-05 4.434524826091839077e-05
5.467855199548538621e+03 3.926124734078134941e-05 3.926123745880902023e-05 4.849569762915105763e-05 4.233939414291381135e-05
5.467955199548538076e+03 3.700428609444930575e-05 3.700430498543775648e-05 4.613660074846944375e-05 4.004839727611882855e-05
5.468055199548537530e+03 3.450356932234732732e-05 3.450358839234725356e-05 4.326206345548257463e-05 3.742307372339238517e-05
5.468155199548536984e+03 3.177208561405365443e-05 3.177207997906357381e-05 3.989333569599184351e-05 3.447916709636969284e-05
5.468255199548536439e+03 2.889166978286967472e-05 2.889166348686993902e-05 3.620531441723058325e-05 3.132954922899006453e-05
5.468355199548535893e+03 2.606743729333024898e-05 2.606742359133322297e-05 3.235141310488848850e-05 2.816209132985065348e-05
5.468455199548535347e+03 2.345043619612120574e-05 2.345042531712007223e-05 2.877830103014417259e-05 2.522638751446181911e-05
5.468555199548534802e+03 2.114801046577166306e-05 2.114800197777070138e-05 2.563426739680434020e-05 2.264342661344890268e-05
5.468655199548534256e+03 1.918640730489775501e-05 1.918640032589714938e-05 2.297240170216528502e-05 2.044840311098672755e-05
5.468755199548533710e+03 1.753835045295870315e-05 1.753834445095831313e-05 2.075957790380305440e-05 1.861209093590669023e-05
5.468855199548533164e+03 1.615559396541070339e-05 1.615558864041043261e-05 1.892723979399379459e-05 1.707947413327164240e-05
5.468955199548532619e+03 1.498858545476200091e-05 1.498858062676180002e-05 1.740300183825331385e-05 1.579338930659236764e-05
5.469055199548532073e+03 1.399440955133889431e-05 1.399440510733874055e-05 1.612371147286318290e-05 1.470417537718027371e-05
5.469155199548531527e+03 1.313847097281974474e-05 1.313846683581962354e-05 1.503845815293258657e-05 1.377179865385731942e-05
5.469255199548530982e+03 1.239371154116048295e-05 1.239370765616038342e-05 1.410756554692783353e-05 1.296499491474956607e-05
5.469355199548530436e+03 1.173917844792365432e-05 1.173917477492356868e-05 1.330048469820155249e-05 1.225961264034959126e-05
5.469455199548529890e+03 1.115863952420573668e-05 1.115863603120566312e-05 1.259371636591279508e-05 1.163699730710806553e-05
5.469555199548529345e+03 1.063944565356308681e-05 1.063944231756302304e-05 1.196909497691390861e-05 1.108266098268000728e-05
5.469655199548528799e+03 1.017165459291854369e-05 1.017165139491848868e-05 1.141246606360601293e-05 1.058525735048101623e-05
5.469755199548528253e+03 9.747374251239650112e-06 9.747371175339601123e-06 1.091269654776475895e-05 1.013581399144800339e-05
5.469855199548527708e+03 9.360275223306889771e-06 9.360272257506846338e-06 1.046094225448044751e-05 9.727163245098059512e-06
5.469955199548527162e+03 9.005229246233645762e-06 9.005226380233605931e-06 1.005010668804615932e-05 9.353520771504470336e-06
5.470055199548526616e+03 8.678039935142707568e-06 8.678037160342671287e-06 9.674439729117771973e-06 9.010172274867716378e-06
5.470155199548526070e+03 8.375240884747092750e-06 8.375238193847059029e-06 9.329238197381947421e-06 8.693239091992031937e-06
5.470255199548525525e+03 8.093943038909156220e-06 8.093940425509125374e-06 9.010620678102035719e-06 8.399501380840105206e-06
5.470355199548524979e+03 7.831718277849082803e-06 7.831715736649052790e-06 8.715356737122606853e-06 8.126263583873580816e-06
5.470455199548524433e+03 7.586509820614993948e-06 7.586507346714966413e-06 8.440736239631579303e-06 7.871251135653845708e-06
5.470555199548523888e+03 7.356562635483622026e-06 7.356560224683596806e-06 8.184468468758183976e-06 7.632530442975135116e-06
5.470655199548523342e+03 7.140368911459995483e-06 7.140366559959971865e-06 7.944603568170346321e-06 7.408446346530103992e-06
5.470755199548522796e+03 6.936624961058059048e-06 6.936622665658036343e-06 7.719470850551407739e-06 7.197572825755834094e-06
5.470855199548522251e+03 6.744196877013442572e-06 6.744194634513420938e-06 7.507629956713089669e-06 6.998673822746650777e-06
5.470955199548521705e+03 6.562092946667077262e-06 6.562090754467056880e-06 7.307831884076360633e-06 6.810671861736830745e-06
5.471055199548521159e+03 6.389441328169256841e-06 6.389439183769236908e-06 7.118987659575242271e-06 6.632622723837911442e-06
5.471155199548520613e+03 6.225471853682370813e-06 6.225469754782351944e-06 6.940142977059178161e-06 6.463694861841300588e-06
5.471255199548520068e+03 6.069501096868513523e-06 6.069499041368496908e-06 6.770457524179030885e-06 6.303152554138680156e-06
5.471355199548519522e+03 5.920920037900710356e-06 5.920918023800692811e-06 6.609188022398997552e-06 6.150342028033466059e-06
5.471455199548518976e+03 5.779183812951705695e-06 5.779181838551690401e-06 6.455674228884106713e-06 6.004679960129167038e-06
5.471555199548518431e+03 5.643803145097949136e-06 5.643801208797934055e-06 6.309327313604348867e-06 5.865643889166744019e-06
5.471655199548517885e+03 5.514337141722527392e-06 5.514335242022512888e-06 6.169620155937667728e-06 5.732764179894235720e-06
5.471755199548517339e+03 5.390387208006039622e-06 5.390385343306025351e-06 6.036079200959940367e-06 5.605617250757335396e-06
5.471855199548516794e+03 5.271591878335876549e-06 5.271590047435863311e-06 5.908277588854897915e-06 5.483819838208879258e-06
5.471955199548516248e+03 5.157622406397724885e-06 5.157620607997711924e-06 5.785829331704857127e-06 5.367024115366765210e-06
5.472055199548515702e+03 5.048178984778968137e-06 5.048177217678955406e-06 5.668384355194328748e-06 5.254913519217416301e-06
5.472155199548515156e+03 4.942987491071320582e-06 4.942985754171308744e-06 5.555624257412772725e-06 5.147199167551800966e-06
5.472255199548514611e+03 4.841796675463643674e-06 4.841794967763631561e-06 5.447258666446835410e-06 5.043616769891370497e-06
5.472355199548514065e+03 4.744375720249606914e-06 4.744374040749595898e-06 5.343022099688530358e-06 4.943923953562578288e-06
5.472455199548513519e+03 4.650512114320903821e-06 4.650510462020892735e-06 5.242671245327930067e-06 4.847897940556575541e-06
5.472555199548512974e+03 4.560009795070105977e-06 4.560008169270095781e-06 5.145982600756199604e-06 4.755333521698799607e-06
5.472655199548512428e+03 4.472687519692937865e-06 4.472685919292927528e-06 5.052750412768004181e-06 4.666041283917956525e-06
5.472755199548511882e+03 4.388377430882405744e-06 4.388375855282395243e-06 4.962784877455206765e-06 4.579846054540003149e-06
5.472855199548511337e+03 4.306923792235200000e-06 4.306922240735191142e-06 4.875910558713703771e-06 4.496585530561365253e-06
5.472955199548510791e+03 4.228181868346112379e-06 4.228180340046103013e-06 4.791964997437436618e-06 4.416109068609883439e-06
5.473055199548510245e+03 4.152016930210430532e-06 4.152015424510421480e-06 4.710797483020948969e-06 4.338276612580599480e-06
5.473155199548509700e+03 4.078303370625899465e-06 4.078301886825891689e-06 4.632267965861460715e-06 4.262957741104417572e-06
5.473255199548509154e+03 4.006923914687810923e-06 4.006922452287801722e-06 4.556246091653624098e-06 4.190030819543079196e-06
