9.633727281687999493e+03 5.714337473299999965e-06 5.703705493100000327e-06 5.702042752400000160e-06 5.706695239600000151e-06
9.633827281687998038e+03 5.530819996603337924e-06 5.520123677803338869e-06 5.518452751403340148e-06 5.523132141936672031e-06
9.633927281687996583e+03 5.340134501006936799e-06 5.329373022206939393e-06 5.327694279806939425e-06 5.332400601006938821e-06
9.634027281687995128e+03 5.154814436410112632e-06 5.143987418310115806e-06 5.142300352110117131e-06 5.147034068943448523e-06
9.634127281687993673e+03 4.975762439809770785e-06 4.964868158709775073e-06 4.963172744409774628e-06 4.967934447643106829e-06
9.634227281687992217e+03 4.800779149112731948e-06 4.789815966212736530e-06 4.788111882012737320e-06 4.792902332446068599e-06
9.634327281687990762e+03 4.629106422615613456e-06 4.618072664915620416e-06 4.616359595315621032e-06 4.621179560948951635e-06
9.634427281687989307e+03 4.464535148617961577e-06 4.453428561817968868e-06 4.451706026317969949e-06 4.456556578917966516e-06
9.634527281687987852e+03 4.303681250120481479e-06 4.292499041220491357e-06 4.290766747620492542e-06 4.295649012987154561e-06
9.634627281687986397e+03 4.150887634619455703e-06 4.139627413019465191e-06 4.137884743919466168e-06 4.142799930519463201e-06
9.634727281687984942e+03 4.005720886321123944e-06 3.994379590221135850e-06 3.992626069621137856e-06 3.997575515387798652e-06
9.634827281687983486e+03 3.865414377122969951e-06 3.853989041022983628e-06 3.852223965122984681e-06 3.857209127756312189e-06
9.634927281687982031e+03 3.733811057123938626e-06 3.722298307223954478e-06 3.720521095123956675e-06 3.725543486490616875e-06
9.635027281687980576e+03 3.606281494125517249e-06 3.594678090025535507e-06 3.592888226625537859e-06 3.597949270258863115e-06
9.635127281687979121e+03 3.486185348624029895e-06 3.474487595024048897e-06 3.472684327924051341e-06 3.477785757190709762e-06
9.635227281687977666e+03 3.373829817424525132e-06 3.362034210324546142e-06 3.360216859924549052e-06 3.365360295891206634e-06
9.635327281687976210e+03 3.266273921525433298e-06 3.254376848625457602e-06 3.252544880025460911e-06 3.257731883392117270e-06
9.635427281687974755e+03 3.165797486725587294e-06 3.153795501925613751e-06 3.151948134125617697e-06 3.157180374258939440e-06
9.635527281687973300e+03 3.068584643226524589e-06 3.056473802226554129e-06 3.054610378726558288e-06 3.059889608059879002e-06
9.635627281687971845e+03 2.977807931824768018e-06 2.965584569724799172e-06 2.963704341124803601e-06 2.969032280891456507e-06
9.635727281687970390e+03 2.892352390424870796e-06 2.880012763624904681e-06 2.878115075124909588e-06 2.883493409724895163e-06
9.635827281687968934e+03 2.811327073525055328e-06 2.798867207025092664e-06 2.796951267525098175e-06 2.802381849358414966e-06
9.635927281687967479e+03 2.734147452225270083e-06 2.721563526025310567e-06 2.719628571425317013e-06 2.725113183225299362e-06
9.636027281687966024e+03 2.662723735524684560e-06 2.650011609524728557e-06 2.648057098324735615e-06 2.653597481124716667e-06
9.636127281687964569e+03 2.593954805823766987e-06 2.581110689923812534e-06 2.579135688623819729e-06 2.584733728123799750e-06
9.636227281687963114e+03 2.529344412023504985e-06 2.516364092123554508e-06 2.514367965723562395e-06 2.520025489956874104e-06
9.636327281687961658e+03 2.469494081322862119e-06 2.456373459622915513e-06 2.454355444922924035e-06 2.460074328622900838e-06
9.636427281687960203e+03 2.412192400922930832e-06 2.398927401422988557e-06 2.396886651022997625e-06 2.402668817789639005e-06
9.636527281687958748e+03 2.359132855422198341e-06 2.345719247222260478e-06 2.343654932922270751e-06 2.349502345188909574e-06
9.636627281687957293e+03 2.306817073321887425e-06 2.293250694621951094e-06 2.291162030621961353e-06 2.297076599521933150e-06
9.636727281687955838e+03 2.257073571721715598e-06 2.243349933421784241e-06 2.241236447921795463e-06 2.247219984355098575e-06
9.636827281687954383e+03 2.209652654621564406e-06 2.195767160421638279e-06 2.193627762221649640e-06 2.199682525754950634e-06
9.636927281687952927e+03 2.165984897620651798e-06 2.151932924320730818e-06 2.149766784020743354e-06 2.155894868654041990e-06
9.637027281687951472e+03 2.126345687319467903e-06 2.112122984519551813e-06 2.109929231819565109e-06 2.116132634552861749e-06
9.637127281687950017e+03 2.088743929418467323e-06 2.074345700318553377e-06 2.072123429718567484e-06 2.078404353151862304e-06
9.637227281687948562e+03 2.051251405419095348e-06 2.036672528019187623e-06 2.034420970419202535e-06 2.040781634619162118e-06
9.637327281687947107e+03 2.014163658119564007e-06 1.999399290519661955e-06 1.997117410519677749e-06 2.003560119719634570e-06
9.637427281687945651e+03 1.982274630217401741e-06 1.967319825317505659e-06 1.965006675217522720e-06 1.971533710250810040e-06
9.637527281687944196e+03 1.952151301616985974e-06 1.937000752717096421e-06 1.934655301417114852e-06 1.941269118583732274e-06
9.637627281687942741e+03 1.921658284517194968e-06 1.906306565417307995e-06 1.903927911617326739e-06 1.910630920517276568e-06
9.637727281687941286e+03 1.892722273116843017e-06 1.877163905716963242e-06 1.874751097316983219e-06 1.881545758716929826e-06
9.637827281687939831e+03 1.865110269916574590e-06 1.849339548016701918e-06 1.846891366916723081e-06 1.853780394949999934e-06
9.637927281687938375e+03 1.839147875816056551e-06 1.823158974316191482e-06 1.820674275416214156e-06 1.827660375182820871e-06
9.638027281687936920e+03 1.816084152614683519e-06 1.799870673214826550e-06 1.797348579314850264e-06 1.804434468381453585e-06
9.638127281687935465e+03 1.793154366914598113e-06 1.776710445114744965e-06 1.774149680914769423e-06 1.781338164314704238e-06
9.638227281687934010e+03 1.771037182814483222e-06 1.754356383614638185e-06 1.751755680614664556e-06 1.759049749014595391e-06
9.638327281687932555e+03 1.750132775614069211e-06 1.733208262814233385e-06 1.730566241014261110e-06 1.737969093147521306e-06
9.638427281687931099e+03 1.730980247813238505e-06 1.713805020113412000e-06 1.711120256713441254e-06 1.718635174880030657e-06
9.638527281687929644e+03 1.714690274911556263e-06 1.697256798811739438e-06 1.694528236211770493e-06 1.702158436645021923e-06
9.638627281687928189e+03 1.698172164011717993e-06 1.680473902211905864e-06 1.677699952011938168e-06 1.685448672745187342e-06
9.638727281687926734e+03 1.683816160810445405e-06 1.665845122910643842e-06 1.663024645210677780e-06 1.670895309643922484e-06
9.638827281687925279e+03 1.668211830411637367e-06 1.649959815611846947e-06 1.647090887211883335e-06 1.655087511078455742e-06
9.638927281687923823e+03 1.651942174012429473e-06 1.633401135512650481e-06 1.630482100712688830e-06 1.638608470079256544e-06
9.639027281687922368e+03 1.639690418709582920e-06 1.620851615609815806e-06 1.617880925709856331e-06 1.626140986676418282e-06
9.639127281687920913e+03 1.627067308309873504e-06 1.607922089510112962e-06 1.604898164510154592e-06 1.613295854110047019e-06
9.639227281687919458e+03 1.615464954209285918e-06 1.596003940209538742e-06 1.592924857409582877e-06 1.601464583942802512e-06
9.639327281687918003e+03 1.605840008907878514e-06 1.586053238008145000e-06 1.582917059108191797e-06 1.591603435341404892e-06
9.639427281687916548e+03 1.593927536809967674e-06 1.573805180510248433e-06 1.570609907110297758e-06 1.579447541476837885e-06
9.639527281687915092e+03 1.584703036107886213e-06 1.564234560908182158e-06 1.560978290908234237e-06 1.569971962641434062e-06
9.639627281687913637e+03 1.578317456705459222e-06 1.557491703405764770e-06 1.554172136105818786e-06 1.563327098739014401e-06
9.639727281687912182e+03 1.571505705605947418e-06 1.550311222506269319e-06 1.546926270006326454e-06 1.556247732706181063e-06
9.639827281687910727e+03 1.566592331304379370e-06 1.545017305504718364e-06 1.541564736704778815e-06 1.551058124504625375e-06
9.639927281687909272e+03 1.560132665905874963e-06 1.538164480906232771e-06 1.534641287706296775e-06 1.544312811506134766e-06
9.640027281687907816e+03 1.552569990507015660e-06 1.530195433607392749e-06 1.526599092007460679e-06 1.536454838707289978e-06
9.640127281687906361e+03 1.547516227404688309e-06 1.524722117905077641e-06 1.521050097505147645e-06 1.531096147604971198e-06
9.640227281687904906e+03 1.545286743702108925e-06 1.522058216502519712e-06 1.518307404702594243e-06 1.528550788302407768e-06
9.640327281687903451e+03 1.542228154502948775e-06 1.518550242703381963e-06 1.514717419303461049e-06 1.525165272169930525e-06
9.640427281687901996e+03 1.539645867102536398e-06 1.515502692602993394e-06 1.511585068303076754e-06 1.522244542669535727e-06
9.640527281687900540e+03 1.537780110301866633e-06 1.513155220102348635e-06 1.509149178302436893e-06 1.520028169568884124e-06
9.640627281687899085e+03 1.536887210000893233e-06 1.511762924801392957e-06 1.507664692901485111e-06 1.518771609234590646e-06
9.640727281687897630e+03 1.537977803698889197e-06 1.512336073999416077e-06 1.508142242799513695e-06 1.519485373499272990e-06
9.640827281687896175e+03 1.536648223401378578e-06 1.510469687001935075e-06 1.506175970102038615e-06 1.517764626835117423e-06
9.640927281687894720e+03 1.537789484598795849e-06 1.511053718699383731e-06 1.506655851799493598e-06 1.518499685032558008e-06
9.641027281687893264e+03 1.541534215795981111e-06 1.514219448296602641e-06 1.509712999496718924e-06 1.521822221196434155e-06
9.641127281687891809e+03 1.544473087396846040e-06 1.516556842897491496e-06 1.511936802197613386e-06 1.524322244163983852e-06
9.641227281687890354e+03 1.547759371896413411e-06 1.519218215797095383e-06 1.514479715297224779e-06 1.527152434330244383e-06
9.641327281687888899e+03 1.551566006995776201e-06 1.522373718096498844e-06 1.517511446296635906e-06 1.530483723796303862e-06
9.641427281687887444e+03 1.556051649894941409e-06 1.526181317195705889e-06 1.521189718195851713e-06 1.534474228428833074e-06
9.641527281687885989e+03 1.561273859694015519e-06 1.530697723494824486e-06 1.525570504894979879e-06 1.539180696027939679e-06
9.641627281687884533e+03 1.567298423093096024e-06 1.535986053193939741e-06 1.530716899194102271e-06 1.544667125160379204e-06
9.641727281687883078e+03 1.574183835791984296e-06 1.542102984592879067e-06 1.536684916393052257e-06 1.550990578925971732e-06
9.641827281687881623e+03 1.581967690290796743e-06 1.549084067091745773e-06 1.543509615991931024e-06 1.558187124458157846e-06
9.641927281687880168e+03 1.590640330189588249e-06 1.556918140290595005e-06 1.551178950890792734e-06 1.566245807123658521e-06
9.642027281687878713e+03 1.600348508588168397e-06 1.565748987989237530e-06 1.559837152889448085e-06 1.575311549822284600e-06
9.642127281687877257e+03 1.611029808486982362e-06 1.575511906288101723e-06 1.569418601088322866e-06 1.585320105287802176e-06
9.642227281687875802e+03 1.622841782185389569e-06 1.586361982886579342e-06 1.580076975786816670e-06 1.596426913619595265e-06
9.642327281687874347e+03 1.635731636583821961e-06 1.598242265085089020e-06 1.591754862585343075e-06 1.608576254751417736e-06
9.642427281687872892e+03 1.649851293982021516e-06 1.611301939883371165e-06 1.604600977383643144e-06 1.621918070416345064e-06
9.642527281687871437e+03 1.665137442080258097e-06 1.625474209881696584e-06 1.618547985881987609e-06 1.636386545947980975e-06
9.642627281687869981e+03 1.681754937578538799e-06 1.640919944380052210e-06 1.633755643180359636e-06 1.652143508379650215e-06
9.642727281687868526e+03 1.699721115076470185e-06 1.657651864578086549e-06 1.650235293678416968e-06 1.669202757777657759e-06
9.642827281687867071e+03 1.719096130774272736e-06 1.675725758676000427e-06 1.668040836176356774e-06 1.687620908542209909e-06
9.642927281687865616e+03 1.739937971071945761e-06 1.695194290973794312e-06 1.687224825574177452e-06 1.707452362539972438e-06
9.643027281687864161e+03 1.762322343769462408e-06 1.716127078271442657e-06 1.707855152271855156e-06 1.728768191437586740e-06
9.643127281687862705e+03 1.786372682367189592e-06 1.738641154769285236e-06 1.730047567169724040e-06 1.751687134768733239e-06
9.643227281687861250e+03 1.812092835164443753e-06 1.762733739866693607e-06 1.753797049967167878e-06 1.776207874999435150e-06
9.643327281687859795e+03 1.839536509461561920e-06 1.788449852863981332e-06 1.779146779464494666e-06 1.802377713930012569e-06
9.643427281687858340e+03 1.868642060758704660e-06 1.815720303661308370e-06 1.806025360561864307e-06 1.830129241660625920e-06
9.643527281687856885e+03 1.898490057657108411e-06 1.843615785359914249e-06 1.833501108560517167e-06 1.858535650525846538e-06
9.643627281687855429e+03 1.932748260150770892e-06 1.875793607853760399e-06 1.865228574454407602e-06 1.891256814152979702e-06
9.643727281687853974e+03 1.971488211243625948e-06 1.912311724746859082e-06 1.901263734047561812e-06 1.928354556679348735e-06
9.643827281687852519e+03 2.011091040441649972e-06 1.949539967645148532e-06 1.937970933945916240e-06 1.966200647344238248e-06
9.643927281687851064e+03 2.051677040739463067e-06 1.987582399743257046e-06 1.975453185144092464e-06 2.004904208542270577e-06
9.644027281687849609e+03 2.097084891531445136e-06 2.030260795935565726e-06 2.017525724636480767e-06 2.048290470701164018e-06
9.644127281687848154e+03 2.146398531225548536e-06 2.076640657729977381e-06 2.063249443330968271e-06 2.095429544095498204e-06
9.644227281687846698e+03 2.199681851218585539e-06 2.126764737023412836e-06 2.112661916624500063e-06 2.146369501622166146e-06
9.644327281687845243e+03 2.257090029011238959e-06 2.180762327216512393e-06 2.165885745217708800e-06 2.201246033815152960e-06
9.644427281687843788e+03 2.318009496404701556e-06 2.237992945210472580e-06 2.222274593911788978e-06 2.259425678508987705e-06
9.644527281687842333e+03 2.387247717890428956e-06 2.303233111796755792e-06 2.286596147898209778e-06 2.325692325861798034e-06
9.644627281687840878e+03 2.460567727883969648e-06 2.372210739390841773e-06 2.354567930192432970e-06 2.395782132489081464e-06
9.644727281687839422e+03 2.538370314775460581e-06 2.445283669283031465e-06 2.426538042984796622e-06 2.470064009014429274e-06
9.644827281687837967e+03 2.624722172460204863e-06 2.526474037868560737e-06 2.506515103670525149e-06 2.552570437999763301e-06
9.644927281687836512e+03 2.719104195345488235e-06 2.615206340154737343e-06 2.593909989456926819e-06 2.642740174985717607e-06
9.645027281687835057e+03 2.821042813331263099e-06 2.710947158641522346e-06 2.688172536343968914e-06 2.740054169438917978e-06
9.645127281687833602e+03 2.935102913911198601e-06 2.818185817822489829e-06 2.793774459425199142e-06 2.849021063719629473e-06
9.645227281687832146e+03 3.062121630587437873e-06 2.937680097300030041e-06 2.911449606703074127e-06 2.970417111530180680e-06
9.645327281687830691e+03 3.198621209969089048e-06 3.065854001083173608e-06 3.037594718086605353e-06 3.100689976379622246e-06
9.645427281687829236e+03 3.349635960341787620e-06 3.207629348157585557e-06 3.177103628061460783e-06 3.244789645520277987e-06
9.645527281687827781e+03 3.520586594404590457e-06 3.368300573922353519e-06 3.335233978526744451e-06 3.408040382284562809e-06
9.645627281687826326e+03 3.708588133575126048e-06 3.544831225994947779e-06 3.508910607999879643e-06 3.587443322523317682e-06
9.645727281687824870e+03 3.915951152437896670e-06 3.739354899860317090e-06 3.700217561665934149e-06 3.785174537988049586e-06
9.645827281687823415e+03 4.147966174390628133e-06 3.956966150216042323e-06 3.914193615022456501e-06 4.006375313209709268e-06
9.645927281687821960e+03 4.410359158132255324e-06 4.203158106961136031e-06 4.156270616368471665e-06 4.256595960487287673e-06
9.646027281687820505e+03 4.706829161566116788e-06 4.481366324399002717e-06 4.429812786207405263e-06 4.539336090724175205e-06
9.646127281687819050e+03 5.036747211405883618e-06 4.790673428642999966e-06 4.733826415852531988e-06 4.853749018633804626e-06
9.646227281687817595e+03 5.409136471922627533e-06 5.139778660264981122e-06 5.076919362475917509e-06 5.208611498221175952e-06
9.646327281687816139e+03 5.831425206524179497e-06 5.535779520372475792e-06 5.466098579885007225e-06 5.611101102260554454e-06
9.646427281687814684e+03 6.308428780714982447e-06 5.983159104969945516e-06 5.905768133084250747e-06 6.065785339589726237e-06
9.646527281687813229e+03 6.846637508391634070e-06 6.488117749053930256e-06 6.402058213370171196e-06 6.578937823605245174e-06
9.646627281687811774e+03 7.451076896367547664e-06 7.055499552436976361e-06 6.959784994155066572e-06 7.155453814319864097e-06
9.646727281687810319e+03 8.125540004324086050e-06 7.689106933301374588e-06 7.582791160621428865e-06 7.799146032748962320e-06
9.646827281687808863e+03 8.874060382270371167e-06 8.393324421654988697e-06 8.275620526976737554e-06 8.514335110300699704e-06
9.646927281687807408e+03 9.696085448215030275e-06 9.168436201405485357e-06 9.038906303028287163e-06 9.301142650882933700e-06
9.647027281687805953e+03 1.057455231329022363e-05 9.998889000983674616e-06 9.857698943406368878e-06 1.014371341922675458e-05
9.647127281687804498e+03 1.149124347421582752e-05 1.086877436830692599e-05 1.071699390832753788e-05 1.102567058361676267e-05
9.647227281687803043e+03 1.241318059718884666e-05 1.174819268627237399e-05 1.158812760528865203e-05 1.191650029624995643e-05
9.647327281687801587e+03 1.328209197127721192e-05 1.258246890034588132e-05 1.241783502535493924e-05 1.276079863232600857e-05
9.647427281687800132e+03 1.403669091249013209e-05 1.331384263653660256e-05 1.314964799153572333e-05 1.350006051352082102e-05
9.647527281687798677e+03 1.461060566284122222e-05 1.387865109985960668e-05 1.372063142484713887e-05 1.406996272918265479e-05
9.647627281687797222e+03 1.493835684033824495e-05 1.421255263132582636e-05 1.406621196430224580e-05 1.440570714532210627e-05
9.647727281687795767e+03 1.498622721990247669e-05 1.428105537486044111e-05 1.415056913282814235e-05 1.447261724253035338e-05
9.647827281687794311e+03 1.474732885249104477e-05 1.407476653042401859e-05 1.396223106738712038e-05 1.426144215010072679e-05
9.647927281687792856e+03 1.425147033902823577e-05 1.361994616994313806e-05 1.352527454490609307e-05 1.379889701795915619e-05
9.648027281687791401e+03 1.355744075045179701e-05 1.297161345735620577e-05 1.289304884132251339e-05 1.314070101637683872e-05
9.648127281687789946e+03 1.273601534571828879e-05 1.219728133861977819e-05 1.213217436859162610e-05 1.235515701764323103e-05
9.648227281687788491e+03 1.185621979385639372e-05 1.136350715875928674e-05 1.130902809273686138e-05 1.150958501511751507e-05
9.648327281687787035e+03 1.096761669789114021e-05 1.051823827779891659e-05 1.047186267478166866e-05 1.065257255015724238e-05
9.648427281687785580e+03 1.011139789083779441e-05 9.701784585552441982e-06 9.661476163739418879e-06 9.824886213376552322e-06
9.648527281687784125e+03 9.314028115925983745e-06 8.940255382948403219e-06 8.904481908138589047e-06 9.052921802337659800e-06
9.648627281687782670e+03 8.586423764974969528e-06 8.244574045605871222e-06 8.212227982398451057e-06 8.347741930993099528e-06
9.648727281687781215e+03 7.934279128723492437e-06 7.620629208861939462e-06 7.590940301456139104e-06 7.715282879680522256e-06
9.648827281687779760e+03 7.353419873778458180e-06 7.064546479323925323e-06 7.036975009419265221e-06 7.151647120840549857e-06
9.648927281687778304e+03 6.842155414134581411e-06 6.574979679586430791e-06 6.549147768282569516e-06 6.655427620667859726e-06
9.649027281687776849e+03 6.395056214200320502e-06 6.146839096857903457e-06 6.122478117554612147e-06 6.221457809537612035e-06
9.649127281687775394e+03 6.003071393677010622e-06 5.771402840239984395e-06 5.748315503937135757e-06 5.840929912618043874e-06
9.649227281687773939e+03 5.661337391470797127e-06 5.444098967438249192e-06 5.422135351735714345e-06 5.509190570214921068e-06
9.649327281687772484e+03 5.365423994872828403e-06 5.160762067544233423e-06 5.139803137341949058e-06 5.221996399919670577e-06
9.649427281687771028e+03 5.106713334792945701e-06 4.913003556267844519e-06 4.892951852565764471e-06 4.970889581208851564e-06
9.649527281687769573e+03 4.881284805820765613e-06 4.697100525398760657e-06 4.677872700396858017e-06 4.752086010538794762e-06
9.649627281687768118e+03 4.685822604251540340e-06 4.509910245132431495e-06 4.491434884130693597e-06 4.562389244504888477e-06
9.649727281687766663e+03 4.517097732592842755e-06 4.348352955376154913e-06 4.330561796274561916e-06 4.398670828081186810e-06
9.649827281687765208e+03 4.373281540437464218e-06 4.210723862922946298e-06 4.193558653721477051e-06 4.259188019027296138e-06
9.649927281687763752e+03 4.248447998295191511e-06 4.091202743882630564e-06 4.074613455781268590e-06 4.138088065986362708e-06
9.650027281687762297e+03 4.141689811754392187e-06 3.988980561043582756e-06 3.972915656242333315e-06 4.034528676346769701e-06
9.650127281687760842e+03 4.052406005612752973e-06 3.903525693503628752e-06 3.887941536402483354e-06 3.947957745172954462e-06
9.650227281687759387e+03 3.975516296684617897e-06 3.829832383476942652e-06 3.814685986575891632e-06 3.873344888912483213e-06
9.650327281687757932e+03 3.909840158958887473e-06 3.766769767752564423e-06 3.752023293851597116e-06 3.809544406854349671e-06
9.650427281687756476e+03 3.858902902224156427e-06 3.717915908919078302e-06 3.703532006018195162e-06 3.760116939053810246e-06
9.650527281687755021e+03 3.817071823502721905e-06 3.677675292098816249e-06 3.663619175398011628e-06 3.719455430333183401e-06
9.650627281687753566e+03 3.784065613781051195e-06 3.645801484278270419e-06 3.632039970077547197e-06 3.687302356045622796e-06
9.650727281687752111e+03 3.762730360052779900e-06 3.625163829551054235e-06 3.611670875350389570e-06 3.666521688318074709e-06
9.650827281687750656e+03 3.748458777635564873e-06 3.611181133034845137e-06 3.597926366034251502e-06 3.652522092234887170e-06
9.650927281687749201e+03 3.742167139015793196e-06 3.604784897316055884e-06 3.591743531415520374e-06 3.646231855915789959e-06
9.651027281687747745e+03 3.742942036098040892e-06 3.605077087899261429e-06 3.592220533198793911e-06 3.646746552398698462e-06
9.651127281687746290e+03 3.750362884281237550e-06 3.611645453983392858e-06 3.598950559982983945e-06 3.653652966082537976e-06
9.651227281687744835e+03 3.763872256465597307e-06 3.623940454568690023e-06 3.611386234868331688e-06 3.666399648634206763e-06
9.651327281687743380e+03 3.782558639352073477e-06 3.641051045256115170e-06 3.628615415055810989e-06 3.684075033221333918e-06
9.651427281687741925e+03 3.809011181531674199e-06 3.665565377236680678e-06 3.653227162136428717e-06 3.709267906968260351e-06
9.651527281687740469e+03 3.842346234213289927e-06 3.696597010019282130e-06 3.684337846619076360e-06 3.741093696950549755e-06
9.651627281687739014e+03 3.881600003297895069e-06 3.733175499004853769e-06 3.720975183204700660e-06 3.778583561835816217e-06
9.651727281687737559e+03 3.926385067582692964e-06 3.774903656990699669e-06 3.762743813090593559e-06 3.821344179221328448e-06
9.651827281687736104e+03 3.976250471668478357e-06 3.821321321877571763e-06 3.809182466577516400e-06 3.868918086707855365e-06
9.651927281687734649e+03 4.032676091650148752e-06 3.873882204360412213e-06 3.861747190060402017e-06 3.922768495356988508e-06
9.652027281687733193e+03 4.094880077233671832e-06 3.931791813245155095e-06 3.919641846845194983e-06 3.982104579108007021e-06
9.652127281687731738e+03 4.163277570817110841e-06 3.995438407929814311e-06 3.983257092329898409e-06 4.047324357025607854e-06
9.652227281687730283e+03 4.237636517899818451e-06 4.064560774413915590e-06 4.052331915814043537e-06 4.118176402709260040e-06
9.652327281687728828e+03 4.318603814680554660e-06 4.139776983796142139e-06 4.127482291296321034e-06 4.195287696591005944e-06
9.652427281687727373e+03 4.406133661161176891e-06 4.220998532678387926e-06 4.208620835778613980e-06 4.278584343206059882e-06
9.652527281687725917e+03 4.500950909239567482e-06 4.308909277858538229e-06 4.296431565258812722e-06 4.368763917452306144e-06
9.652627281687724462e+03 4.603252051219011656e-06 4.403656090839760784e-06 4.391058709640090320e-06 4.465988950566287304e-06
9.652727281687723007e+03 4.713206279395991765e-06 4.505347964018836119e-06 4.492612228919218658e-06 4.570388824111349695e-06
9.652827281687721552e+03 4.831310914671308559e-06 4.614420783296444516e-06 4.601528124996880556e-06 4.682419940988211493e-06
9.652927281687720097e+03 4.957868853545479887e-06 4.731100324073151688e-06 4.718031852473645052e-06 4.802333676697425260e-06
9.653027281687718641e+03 5.093487263217632922e-06 4.855910053248107283e-06 4.842644760748662531e-06 4.930680692404800347e-06
9.653127281687717186e+03 5.239489198788356828e-06 4.990072162621738604e-06 4.976584371322366425e-06 5.068715244244153952e-06
9.653227281687715731e+03 5.396117538455547637e-06 5.133716614392390548e-06 5.119989163793070885e-06 5.216607772213669972e-06
9.653327281687714276e+03 5.564141657920154372e-06 5.287493496260842000e-06 5.273495222861615703e-06 5.375043459014203460e-06
9.653427281687712821e+03 5.744818394880733905e-06 5.452499671025771896e-06 5.438202488626630320e-06 5.545173518177713169e-06
9.653527281687711366e+03 5.938637393939438099e-06 5.629062449889346979e-06 5.614444584490274455e-06 5.727381476106353177e-06
9.653627281687709910e+03 6.147970097294569785e-06 5.819359870449623766e-06 5.804381904050664710e-06 5.923903957264952754e-06
9.653727281687708455e+03 6.373043953844948713e-06 6.023372444706245267e-06 6.008017766107342134e-06 6.134811388219513167e-06
9.653827281687707000e+03 6.616009939688456950e-06 6.243020206456745590e-06 6.227230235558020173e-06 6.362086793901073955e-06
9.653927281687705545e+03 6.878486841426543236e-06 6.479624002502784577e-06 6.463356021904192689e-06 6.607155621944506834e-06
9.654027281687704090e+03 7.162366109058310607e-06 6.734738972343595947e-06 6.717935730645183617e-06 6.871680270682363390e-06
9.654127281687702634e+03 7.470389187786725401e-06 7.010671286481873533e-06 6.993311513883524153e-06 7.158123996050707978e-06
9.654227281687701179e+03 7.805490683300344581e-06 7.309961277307176001e-06 7.292000475008968330e-06 7.469150811872163535e-06
9.654327281687699724e+03 8.169754422206721941e-06 7.634179556226913837e-06 7.615539511528951792e-06 7.806491163320863653e-06
9.654427281687698269e+03 8.566987492200544619e-06 7.986655510035691309e-06 7.967215415738107309e-06 8.173619472658114413e-06
9.654527281687696814e+03 8.999752578385384247e-06 8.369328050337549791e-06 8.349070348440034293e-06 8.572716992387657240e-06
9.654627281687695358e+03 9.471114139968140431e-06 8.784770983538004444e-06 8.763601711240773565e-06 9.006495611582305018e-06
9.654727281687693903e+03 9.985824946627093888e-06 9.237140620917603080e-06 9.215016720420520047e-06 9.479327429321739005e-06
9.654827281687692448e+03 1.054477931328172237e-05 9.727070372893910398e-06 9.703952653496965088e-06 9.991934113224199850e-06
9.654927281687690993e+03 1.115011339212813709e-05 1.025659395136256309e-05 1.023235061436604472e-05 1.054635265261891440e-05
9.655027281687689538e+03 1.180090519597573056e-05 1.082508785223171550e-05 1.079973945823515234e-05 1.114191083548086783e-05
9.655127281687688082e+03 1.249383546984466077e-05 1.143023092011771957e-05 1.140372916712130634e-05 1.177593185236123003e-05
9.655227281687686627e+03 1.322213173172140697e-05 1.206691290400803818e-05 1.203930359801150165e-05 1.244278274458031560e-05
9.655327281687685172e+03 1.397519913163020772e-05 1.272697626392287908e-05 1.269819846692655407e-05 1.313345795415988198e-05
9.655427281687683717e+03 1.473992970057959739e-05 1.340032031086883773e-05 1.337022414987301033e-05 1.383682472044048182e-05
9.655527281687682262e+03 1.550250260957255431e-05 1.407597424784923763e-05 1.404443741485382375e-05 1.454097142409187077e-05
9.655627281687680806e+03 1.625437475760661745e-05 1.474752047686231257e-05 1.471421825986793088e-05 1.523870449811228809e-05
9.655727281687679351e+03 1.699267431763639265e-05 1.541213868887227702e-05 1.537683829987867472e-05 1.592721710212911254e-05
9.655827281687677896e+03 1.772512891064178159e-05 1.607561317886386945e-05 1.603812068087092719e-05 1.661295425679218935e-05
9.655927281687676441e+03 1.846906391559128701e-05 1.675118408981263410e-05 1.671133345982027255e-05 1.731052715507473122e-05
9.656027281687674986e+03 1.924996991245737793e-05 1.745898053769541920e-05 1.741688267870273677e-05 1.804194437628517909e-05
9.656127281687673531e+03 2.009783706123935431e-05 1.822291737051262917e-05 1.817869762651953843e-05 1.883315068609050843e-05
9.656227281687672075e+03 2.104287096790578821e-05 1.906751468323463234e-05 1.902115678824163695e-05 1.971051414646068583e-05
9.656327281687670620e+03 2.211476135447093910e-05 2.001724636587313164e-05 1.996892115987960870e-05 2.070030962674122648e-05
9.656427281687669165e+03 2.333985174794426420e-05 2.109476236643281869e-05 2.104446199043935709e-05 2.182635870160547773e-05
9.656527281687667710e+03 2.474448618132432442e-05 2.232333423291039089e-05 2.227119007991652905e-05 2.311300349805041479e-05
9.656627281687666255e+03 2.635006424665543371e-05 2.372272398134177987e-05 2.366895348634719365e-05 2.458058057144813348e-05
9.656727281687664799e+03 2.817890706687897171e-05 2.531524223466993529e-05 2.526025806267399843e-05 2.625146912140763401e-05
9.656827281687663344e+03 3.025052971902871888e-05 2.712180985392066652e-05 2.706683957692061827e-05 2.814639304995667128e-05
9.656927281687661889e+03 3.258336839410726226e-05 2.916492739508747946e-05 2.911189414908092781e-05 3.028672997942522205e-05
9.657027281687660434e+03 3.519446142311833753e-05 3.146759706816744487e-05 3.142017847014834885e-05 3.269407898714471494e-05
9.657127281687658979e+03 3.809561027713171348e-05 3.405104971321235707e-05 3.401487001317412347e-05 3.538717666783939349e-05
9.657227281687657523e+03 4.129458489906046769e-05 3.693548221813610667e-05 3.691863389306999379e-05 3.838290033675552723e-05
9.657327281687656068e+03 4.478875391398743087e-05 4.013615595699643882e-05 4.015083813588803796e-05 4.169191600229063137e-05
9.657427281687654613e+03 4.855854233497130943e-05 4.366028535582033165e-05 4.372324415665348058e-05 4.531402394914836937e-05
9.657527281687653158e+03 5.255976861209865939e-05 4.750486001464291307e-05 4.763716259440199067e-05 4.923393040704786115e-05
9.657627281687651703e+03 5.671695909455680233e-05 5.165273373958917391e-05 5.187856279826423014e-05 5.341608521080339761e-05
9.657727281687650247e+03 6.092760054929450598e-05 5.607712148554800616e-05 5.642214441813172605e-05 5.780895548432475058e-05
9.657827281687648792e+03 6.507264040244822357e-05 6.074225251362235948e-05 6.122468475313996817e-05 6.234652588973685718e-05
9.657927281687647337e+03 6.903471928601845916e-05 6.559814591086432804e-05 6.622291485136205553e-05 6.695192668274829446e-05
9.658027281687645882e+03 7.274703499083230729e-05 7.060279319724837460e-05 7.135176052980783353e-05 7.156719623929617632e-05
9.658127281687644427e+03 7.619706379276264653e-05 7.569417395394072677e-05 7.652012207266766766e-05 7.613711993979035151e-05
9.658227281687642972e+03 7.946480722934976708e-05 8.082890737069354787e-05 8.165533269369185370e-05 8.064968243124505170e-05
9.658327281687641516e+03 8.265528033256721880e-05 8.592686400073193853e-05 8.665554163608220675e-05 8.507922865646045470e-05
9.658427281687640061e+03 8.590305017330284354e-05 9.091464488303601385e-05 9.143847768777377781e-05 8.941872424803754959e-05
9.658527281687638606e+03 8.925133721887991195e-05 9.564249117388619423e-05 9.586162814598913077e-05 9.358515217958507447e-05
9.658627281687637151e+03 9.268964599255405206e-05 9.996187394036475180e-05 9.982422271465624520e-05 9.749191421585833614e-05
9.658727281687635696e+03 9.646589799526207240e-05 1.041556763247430441e-04 1.035778234163444686e-04 1.013997992454498617e-04
9.658827281687634240e+03 1.002803866660535818e-04 1.078351007165474068e-04 1.067971758982295087e-04 1.049708877602768234e-04
9.658927281687632785e+03 1.030177007899421283e-04 1.100301549619345757e-04 1.085649500335045557e-04 1.072042685951270821e-04
9.659027281687631330e+03 1.055010872308299863e-04 1.117093291537995641e-04 1.098709079051776911e-04 1.090271080966024139e-04
9.659127281687629875e+03 1.074164611529273845e-04 1.126113038266694132e-04 1.105061404376543735e-04 1.101779684724170616e-04
9.659227281687628420e+03 1.085046754759619108e-04 1.126147345199872760e-04 1.103745444704883185e-04 1.104979848221458261e-04
9.659327281687626964e+03 1.086858344793244745e-04 1.117221221733284865e-04 1.094869070433099291e-04 1.099649545653209588e-04
9.659427281687625509e+03 1.079634767627067702e-04 1.099790007965316759e-04 1.078737934360445158e-04 1.086054236650943206e-04
9.659527281687624054e+03 1.063338969161358713e-04 1.074069373496846141e-04 1.055245252788457170e-04 1.064217865148887161e-04
9.659627281687622599e+03 1.046717098362586482e-04 1.047833257598787104e-04 1.031870717088012232e-04 1.042140357683128606e-04
9.659727281687621144e+03 1.021272577796269288e-04 1.013607014029494933e-04 1.000728060417828256e-04 1.011869217414530781e-04
9.659827281687619688e+03 9.910497102948978543e-05 9.754667766949973000e-05 9.655386689537790595e-05 9.773517186478914950e-05
9.659927281687618233e+03 9.526604109066424280e-05 9.298513817142452936e-05 9.227101805735995370e-05 9.350739910648289959e-05
9.660027281687616778e+03 9.138178473490803425e-05 8.849983371421491450e-05 8.800548757037140112e-05 8.929570200649811663e-05
9.660127281687615323e+03 8.748828239194352853e-05 8.411954426981183561e-05 8.380524078612082049e-05 8.513768914929207058e-05
9.660227281687613868e+03 8.358826081203948649e-05 7.985300710145285810e-05 7.968309306789605735e-05 8.104145366046280516e-05
9.660327281687612412e+03 7.972865394295384415e-05 7.574771061290576347e-05 7.569168663746448787e-05 7.705601706444137420e-05
9.660427281687610957e+03 7.594794812671691803e-05 7.183709332522261444e-05 7.186975876087738340e-05 7.321826673760563862e-05
9.660527281687609502e+03 7.226960034138537746e-05 6.813454336848003413e-05 6.823508053321459112e-05 6.954640808102665402e-05
9.660627281687608047e+03 6.871446395290352718e-05 6.464636493364165932e-05 6.479752892544366893e-05 6.605278593732961847e-05
9.660727281687606592e+03 6.529567928643245970e-05 6.136989669787330391e-05 6.155670478673325174e-05 6.274076025701299608e-05
9.660827281687605137e+03 6.202551954590799414e-05 5.829905645512124330e-05 5.850905186102971732e-05 5.961120928735298040e-05
9.660927281687603681e+03 5.891538988233290132e-05 5.542839687038330287e-05 5.565087905933378582e-05 5.666488860401666108e-05
9.661027281687602226e+03 5.597212488272475196e-05 5.274890832467397738e-05 5.297543778765785084e-05 5.389882366501885780e-05
9.661127281687600771e+03 5.320495666802324981e-05 5.025649352392874979e-05 5.047983232094146636e-05 5.131376083763115306e-05
9.661227281687599316e+03 5.061781916835314516e-05 4.794458828325172969e-05 4.815915437428683620e-05 4.890718727529723702e-05
9.661327281687597861e+03 4.821404238266310328e-05 4.580803243258888094e-05 4.601023125063860103e-05 4.667743535529685723e-05
9.661427281687596405e+03 4.599092491397729438e-05 4.383920386595043222e-05 4.402627367901152950e-05 4.461880081964641418e-05
9.661527281687594950e+03 4.394355804030482509e-05 4.202937780634127937e-05 4.220002565140789378e-05 4.272432049935133500e-05
9.661627281687593495e+03 4.206800032360791199e-05 4.037285837471941996e-05 4.052682256078709368e-05 4.098922708637146617e-05
9.661727281687592040e+03 4.034350799702650722e-05 3.884844960521126106e-05 3.898599020327817163e-05 3.939264926850531782e-05
9.661827281687590585e+03 3.877371423342473931e-05 3.745995231968273566e-05 3.758161770874771638e-05 3.793842808728506379e-05
9.661927281687589129e+03 3.733238015592520680e-05 3.618177968425445395e-05 3.628869138231510962e-05 3.660095040749825453e-05
9.662027281687587674e+03 3.601435879044224617e-05 3.500976804383936647e-05 3.510343673989403863e-05 3.537585452472521709e-05
9.662127281687586219e+03 3.479728829802541208e-05 3.392264647048884015e-05 3.400419214053890048e-05 3.424137563635105090e-05
9.662227281687584764e+03 3.367585066265093435e-05 3.291675127517174700e-05 3.298763336521596769e-05 3.319341176767954968e-05
9.662327281687583309e+03 3.262781105136559206e-05 3.197057029694130430e-05 3.203221238797979674e-05 3.221019791209555759e-05
9.662427281687581853e+03 3.164722852610243713e-05 3.107970142572711035e-05 3.113329926776076150e-05 3.128674307319676966e-05
9.662527281687580398e+03 3.071163848393122374e-05 3.022228863660273357e-05 3.026890444763206926e-05 3.040094385605534219e-05
9.662627281687578943e+03 2.981135416478287179e-05 2.939022359649622566e-05 2.943054267252268318e-05 2.954404014460059241e-05
9.662727281687577488e+03 2.893899544368140235e-05 2.857672342443301402e-05 2.861183161945500561e-05 2.870918349585647512e-05
9.662827281687576033e+03 2.806648520069791303e-05 2.775453096448465200e-05 2.778512461950378534e-05 2.786871359489545238e-05
9.662927281687574578e+03 2.719502478170931437e-05 2.692598627652664610e-05 2.695258461454365324e-05 2.702453189092654016e-05
9.663027281687573122e+03 2.629766257983588568e-05 2.606446134968269621e-05 2.608763962869731741e-05 2.614992118607196869e-05
9.663127281687571667e+03 2.537023348196441351e-05 2.516657516483812625e-05 2.518675981885092307e-05 2.524118948855115315e-05
9.663227281687570212e+03 2.441138329311616636e-05 2.423183609001266237e-05 2.424935912902408680e-05 2.429752617071763738e-05
9.663327281687568757e+03 2.340394374634307688e-05 2.324370417825983882e-05 2.325893410826972816e-05 2.330219401095754908e-05
9.663427281687567302e+03 2.234927325356587466e-05 2.220421876550013329e-05 2.221721774650979215e-05 2.225690325519193337e-05
9.663527281687565846e+03 2.125587518075342503e-05 2.112262427170210694e-05 2.113356680571104875e-05 2.117068875272219244e-05
9.663627281687564391e+03 2.013041901189279139e-05 2.000622328985342558e-05 2.001538964786114713e-05 2.005067731653579029e-05
9.663727281687562936e+03 1.898956907298046424e-05 1.887322349494619328e-05 1.888069038495361444e-05 1.891449431762675732e-05
9.663827281687561481e+03 1.783231650707312540e-05 1.771856113506176840e-05 1.772450266606845595e-05 1.775846010273445105e-05
9.663927281687560026e+03 1.671096043293615797e-05 1.659971855492509279e-05 1.660430470393106138e-05 1.663832789726410518e-05
9.664027281687558570e+03 1.563599102275151784e-05 1.552677471874256766e-05 1.553014190474795396e-05 1.556430254874734535e-05
9.664127281687557115e+03 1.462130138948507454e-05 1.451385055547727126e-05 1.451613082848207551e-05 1.455042759114814213e-05
9.664227281687555660e+03 1.367592944819587626e-05 1.357017537918834524e-05 1.357149421319261325e-05 1.360586634685894492e-05
9.664327281687554205e+03 1.280400851488573632e-05 1.270000472987793785e-05 1.270047925188170032e-05 1.273483083221512483e-05
9.664427281687552750e+03 1.200562969957251734e-05 1.190349429056415685e-05 1.190323206156745444e-05 1.193745201723470897e-05
9.664527281687551294e+03 1.127799928426917331e-05 1.117787362126014338e-05 1.117697201626301730e-05 1.121094830726411133e-05
9.664627281687549839e+03 1.061654205697186359e-05 1.051856428596221366e-05 1.051711045096469521e-05 1.055073893129959082e-05
9.664727281687548384e+03 1.001578290971008089e-05 9.920072936399849717e-06 9.918144175401993163e-06 9.951333340503976284e-06
9.664827281687546929e+03 9.469970447272139843e-06 9.376622932561439594e-06 9.374287380363281142e-06 9.406960253398952962e-06
9.664927281687545474e+03 8.973474948657800604e-06 8.882557424646750330e-06 8.879874864948329380e-06 8.911969079417626771e-06
9.665027281687544018e+03 8.521015783465775371e-06 8.432569758954491933e-06 8.429592490555837644e-06 8.461059344325368316e-06
9.665127281687542563e+03 8.107771790786733580e-06 8.021815403275367104e-06 8.018589090576503964e-06 8.049392094879534318e-06
9.665227281687541108e+03 7.729417246534322087e-06 7.645948550522918403e-06 7.642513021323877237e-06 7.672626272793705909e-06
9.665327281687539653e+03 7.382113912598304769e-06 7.301114265086942679e-06 7.297504237687745889e-06 7.326910805124330265e-06
9.665427281687538198e+03 7.062479460876786000e-06 6.983916712965525884e-06 6.980162445966193256e-06 7.008852873269501714e-06
9.665527281687536743e+03 6.767545041368030116e-06 6.691376395256925455e-06 6.687504261057472906e-06 6.715475232560808928e-06
9.665627281687535287e+03 6.494709611865525449e-06 6.420884095054657573e-06 6.416917082255097789e-06 6.444170263058427784e-06
9.665727281687533832e+03 6.241695304478189703e-06 6.170155863067544423e-06 6.166114013267891999e-06 6.192655060271208144e-06
9.665827281687532377e+03 6.006506019899463362e-06 5.937191258989063365e-06 5.933092046989332095e-06 5.958929775292620172e-06
9.665927281687530922e+03 5.787390194928308789e-06 5.720235806518170249e-06 5.716094468718367844e-06 5.741240156721615063e-06
9.666027281687529467e+03 5.582807968963824644e-06 5.517747889153957653e-06 5.513577708854093873e-06 5.538044522323958441e-06
9.666127281687528011e+03 5.391402590001745769e-06 5.328369927092193984e-06 5.324182481092275843e-06 5.347984999395404916e-06
9.666227281687526556e+03 5.211975710048576080e-06 5.150903480839304636e-06 5.146708853539338093e-06 5.169862681475739321e-06
9.666327281687525101e+03 5.043466144100010112e-06 4.984287851891017620e-06 4.980094820591009856e-06 5.002616272194012812e-06
9.666427281687523646e+03 4.884931658355536025e-06 4.827581739546822543e-06 4.823397935746778213e-06 4.845303777883045029e-06
9.666527281687522191e+03 4.735533373714712485e-06 4.679947539006273597e-06 4.675779588506197317e-06 4.697086833742395031e-06
9.666627281687520735e+03 4.594522412274587963e-06 4.540637900166448789e-06 4.536491545566345530e-06 4.557217286002461043e-06
9.666727281687519280e+03 4.461228455440094754e-06 4.408984217032218885e-06 4.404864423632090894e-06 4.425025698701467613e-06
9.666827281687517825e+03 4.335049929408220922e-06 4.284386755700599936e-06 4.280297805000451361e-06 4.299911496703091022e-06
9.666927281687516370e+03 4.215445571178707586e-06 4.166306176571333664e-06 4.162251747771167094e-06 4.181334498507069165e-06
9.667027281687514915e+03 4.101927168551325211e-06 4.054256237744193668e-06 4.050239478944010645e-06 4.068807628413176790e-06
9.667127281687513459e+03 3.994053295323911430e-06 3.947797502617038268e-06 3.943821093316842423e-06 3.961890630419264605e-06
9.667227281687512004e+03 3.891423894300307258e-06 3.846531900093658581e-06 3.842598106493450872e-06 3.860184633629139186e-06
9.667327281687510549e+03 3.793675580778290428e-06 3.750098011571858606e-06 3.746208734771641026e-06 3.763327442373930161e-06
9.667427281687509094e+03 3.700477562057720746e-06 3.658166976551498105e-06 3.654323795651272116e-06 3.670989444753496707e-06
9.667527281687507639e+03 3.611528081538473000e-06 3.570438927632451986e-06 3.566643136932218271e-06 3.582870048701047470e-06
9.667627281687506184e+03 3.526551313918889434e-06 3.486639877813083783e-06 3.482892520312845383e-06 3.498694570681606200e-06
9.667727281687504728e+03 3.445294646302029636e-06 3.406518996696409946e-06 3.402820893396166769e-06 3.418211512131534886e-06
9.667827281687503273e+03 3.367526291686185333e-06 3.329846220480744800e-06 3.326197996380496890e-06 3.341190169515809290e-06
9.667927281687501818e+03 3.293033189771275665e-06 3.256410150166007488e-06 3.252812257665756783e-06 3.267418532534346645e-06
9.668027281687500363e+03 3.221619154457228828e-06 3.186016198652126182e-06 3.182468937451872911e-06 3.196701430187076256e-06
9.668127281687498908e+03 3.153103237142731537e-06 3.118484953337805875e-06 3.114988488937551961e-06 3.128858893139363689e-06
9.668227281687497452e+03 3.087318276030267326e-06 3.053650725525494542e-06 3.050205105425239152e-06 3.063724702327000481e-06
9.668327281687495997e+03 3.024109607418483188e-06 2.991360263513856582e-06 2.987965431313600909e-06 3.001145100748647175e-06
9.668427281687494542e+03 2.963333919707329661e-06 2.931471606702844150e-06 2.928127415002588105e-06 2.940977647137587588e-06
9.668527281687493087e+03 2.904858229996762870e-06 2.873853064892413286e-06 2.870559286392156774e-06 2.883090193760444027e-06
9.668627281687491632e+03 2.848558970785717669e-06 2.818382305881513183e-06 2.815138643781258769e-06 2.827359973482829733e-06
9.668727281687490176e+03 2.794321170876242461e-06 2.764945538572162504e-06 2.761751635471909126e-06 2.773672781640104132e-06
