57549.8037404663    5.3758507607e-05    5.3758507618e-05    5.3733357185e-05    5.375012413666667e-05
57549.903740466296    5.3896132209989986e-05    5.3896132249989985e-05    5.3871417177989954e-05    5.388789387932331e-05
57550.003740466294    5.403094073099019e-05    5.4030940760990196e-05    5.4006651583990164e-05    5.402284435865685e-05
57550.10374046629    5.416450485299028e-05    5.416450487299028e-05    5.4140630466990247e-05    5.415654673099027e-05
57550.20374046629    5.4295064064990496e-05    5.42950640809905e-05    5.427159032199047e-05    5.428723948932383e-05
57550.30374046629    5.442504191799054e-05    5.442504194199054e-05    5.440195570499051e-05    5.44173465216572e-05
57550.40374046629    5.455073825798171e-05    5.455073828998171e-05    5.452802576998166e-05    5.454316743931503e-05
57550.50374046629    5.467467528198196e-05    5.467467529998196e-05    5.4652321756981916e-05    5.466722411298195e-05
57550.603740466286    5.479659888198226e-05    5.479659889498226e-05    5.47745863359822e-05    5.478926137098224e-05
57550.703740466284    5.491532080298272e-05    5.491532082598272e-05    5.489363282198267e-05    5.4908091483649374e-05
57550.80374046628    5.503171584498306e-05    5.503171586698306e-05    5.501033241098302e-05    5.5024588040983054e-05
57550.90374046628    5.514659131997493e-05    5.514659134397493e-05    5.512549374797486e-05    5.513955880397491e-05
57551.00374046628    5.5258161740975646e-05    5.5258161778975645e-05    5.523733044997558e-05    5.525121798997562e-05
57551.10374046628    5.536657728497634e-05    5.536657731197634e-05    5.5345991732976285e-05    5.5359715443309654e-05
57551.20374046628    5.547322822797672e-05    5.5473228254976723e-05    5.545286251697667e-05    5.5466439666643364e-05
57551.303740466275    5.557667050997742e-05    5.557667053397742e-05    5.5556504087977375e-05    5.556994837731074e-05
57551.403740466274    5.56776671389706e-05    5.56776671589706e-05    5.565767399797056e-05    5.567100276530392e-05
57551.50374046627    5.577619679497132e-05    5.577619680597132e-05    5.575635205597128e-05    5.5769581885637975e-05
57551.60374046627    5.5871484151972264e-05    5.587148416997226e-05    5.585176006797223e-05    5.586490946330558e-05
57551.70374046627    5.596429382697299e-05    5.596429386297299e-05    5.594466120997296e-05    5.5957749633306316e-05
57551.80374046627    5.605386320997393e-05    5.605386323197393e-05    5.603429406697391e-05    5.604734016964059e-05
57551.90374046627    5.6140964976968315e-05    5.614096500496832e-05    5.61214301659683e-05    5.613445338263498e-05
57552.003740466265    5.622560453596921e-05    5.622560456196921e-05    5.620607182896921e-05    5.6219093642302535e-05
57552.103740466264    5.6306293457970644e-05    5.6306293481970645e-05    5.628672948997066e-05    5.629977214330398e-05
57552.20374046626    5.638437946797159e-05    5.6384379490971593e-05    5.636475182297161e-05    5.637783692730493e-05
57552.30374046626    5.646004007297247e-05    5.6460040086972477e-05    5.644031317297251e-05    5.6453464444305826e-05
57552.40374046626    5.653167555496873e-05    5.653167557996873e-05    5.651181500296879e-05    5.652505537930208e-05
57552.50374046626    5.66008452729698e-05    5.66008453159698e-05    5.658081337496988e-05    5.659416798796983e-05
57552.60374046626    5.666679655397121e-05    5.666679659397121e-05    5.66465562039713e-05    5.666004978397124e-05
57552.703740466255    5.673022091697231e-05    5.673022094197231e-05    5.670973040797242e-05    5.672339075563902e-05
57552.803740466254    5.678963975197406e-05    5.678963978497406e-05    5.676886033297419e-05    5.6782713289974096e-05
57552.90374046625    5.6846564584971e-05    5.684656459997101e-05    5.682545603497117e-05    5.683952840663773e-05
57553.00374046625    5.690026559697265e-05    5.690026560797265e-05    5.687878467597284e-05    5.689310529363937e-05
57553.10374046625    5.695071031297431e-05    5.69507103379743e-05    5.6928811198974524e-05    5.6943410616641044e-05
57553.20374046625    5.6997896292975965e-05    5.6997896316975966e-05    5.69755377969762e-05    5.699044346897605e-05
57553.30374046625    5.7041152492977974e-05    5.704115252297797e-05    5.7018286462978225e-05    5.7033530492978045e-05
57553.403740466245    5.70818742519763e-05    5.70818742759763e-05    5.705845551897662e-05    5.7074068015643074e-05
57553.50374046624    5.7119385166978166e-05    5.711938521297817e-05    5.709536556597851e-05    5.7111378648644946e-05
57553.60374046624    5.715363314298007e-05    5.7153633176980065e-05    5.7128963884980444e-05    5.714541006831352e-05
57553.70374046624    5.718467045298194e-05    5.7184670491981936e-05    5.715930309998234e-05    5.7176214681648736e-05
57553.80374046624    5.721245239098383e-05    5.721245243298383e-05    5.7186334005984265e-05    5.720374627665064e-05
57553.90374046624    5.7236294721984385e-05    5.723629476798439e-05    5.720937566898491e-05    5.722732171965123e-05
57554.003740466236    5.725688350798651e-05    5.725688351898652e-05    5.722911091598708e-05    5.72476259809867e-05
57554.103740466235    5.727498589898815e-05    5.7274985891988146e-05    5.724630622198874e-05    5.726542600432167e-05
57554.20374046623    5.7289161754990715e-05    5.7289161769990713e-05    5.725952104099135e-05    5.7279281521990925e-05
57554.30374046623    5.72993860619933e-05    5.72993860629933e-05    5.726873055699397e-05    5.72891675606602e-05
57554.40374046623    5.730713097899436e-05    5.7307130992994364e-05    5.727540291799515e-05    5.729655496332795e-05
57554.50374046623    5.731090868899725e-05    5.7310908701997246e-05    5.727805316399807e-05    5.729995685166419e-05
57554.60374046623    5.7312245093999034e-05    5.731224513399903e-05    5.727820333999989e-05    5.730089785599932e-05
57554.703740466226    5.730893268200241e-05    5.730893272100241e-05    5.7273648681003313e-05    5.729717136133605e-05
57554.803740466225    5.7303130223004224e-05    5.730313024800422e-05    5.726654505600517e-05    5.7290935175671204e-05
57554.90374046622    5.729342110800777e-05    5.729342114000777e-05    5.725547523900886e-05    5.7280772495674796e-05
57555.00374046622    5.7280541183010305e-05    5.7280541221010304e-05    5.724117396601145e-05    5.7267418790010685e-05
57555.10374046622    5.726448269901285e-05    5.726448271501285e-05    5.722363581301403e-05    5.7250867075679914e-05
57555.20374046622    5.7244532007015965e-05    5.724453202201596e-05    5.72021446570172e-05    5.7230402895349704e-05
57555.30374046622    5.7221423252018496e-05    5.722142327601849e-05    5.717743437901978e-05    5.720676030235226e-05
57555.403740466216    5.719516216002293e-05    5.719516219402293e-05    5.714951040502438e-05    5.7179944919690076e-05
57555.503740466214    5.7165023799026313e-05    5.7165023824026315e-05    5.711764725302782e-05    5.7149231625360145e-05
57555.60374046621    5.7131779901029024e-05    5.7131779923029024e-05    5.708261642503059e-05    5.711539208302954e-05
57555.70374046621    5.70953577500318e-05    5.70953577730318e-05    5.7044344347033416e-05    5.707835329003234e-05
57555.80374046621    5.705582644103452e-05    5.705582645803452e-05    5.700290257403619e-05    5.703818515770174e-05
57555.90374046621    5.701246802104101e-05    5.701246804904101e-05    5.695757060104288e-05    5.699416889037496e-05
57556.00374046621    5.696527453104464e-05    5.696527455904464e-05    5.6908340097046565e-05    5.694629639571194e-05
57556.103740466206    5.691573118504686e-05    5.6915731213046865e-05    5.685669874904884e-05    5.689605371571419e-05
57556.203740466204    5.68623366950505e-05    5.686233671305051e-05    5.680114249105255e-05    5.684193863305118e-05
57556.3037404662    5.6805885086053394e-05    5.68058851400534e-05    5.67424678800555e-05    5.678474603538743e-05
57556.4037404662    5.6745675032061335e-05    5.674567506506133e-05    5.667997093706366e-05    5.672377367806211e-05
57556.5037404662    5.668236846806448e-05    5.668236851006448e-05    5.6614316075066873e-05    5.665968435106528e-05
57556.6037404662    5.66160068110676e-05    5.66160068210676e-05    5.6545544585070054e-05    5.659251940573508e-05
57556.7037404662    5.65466049230707e-05    5.6546604961070696e-05    5.647367143807321e-05    5.652229377407154e-05
57556.803740466195    5.647347537607449e-05    5.647347538707449e-05    5.639800934607707e-05    5.644832003640868e-05
57556.903740466194    5.639734476608309e-05    5.639734482908309e-05    5.6319285604085914e-05    5.637132506641736e-05
57557.00374046619    5.6318179788086395e-05    5.6318179788086395e-05    5.62374665630893e-05    5.6291275379754034e-05
57557.10374046619    5.6236031560089653e-05    5.623603155808966e-05    5.6152604101092616e-05    5.620822240642398e-05
57557.20374046619    5.6150163502093716e-05    5.6150163493093713e-05    5.6063963288096745e-05    5.612143009442806e-05
57557.30374046619    5.606203596209618e-05    5.606203598109618e-05    5.597300341109927e-05    5.603235845143054e-05
57557.40374046619    5.597024992910686e-05    5.5970249982106854e-05    5.587832775711022e-05    5.5939609222774646e-05
57557.503740466185    5.58755035391103e-05    5.5875503605110294e-05    5.578063446311373e-05    5.5843880535778115e-05
57557.603740466184    5.577780373211374e-05    5.577780376011374e-05    5.567993080111723e-05    5.574517943111491e-05
57557.70374046618    5.567718608711713e-05    5.5677186095117136e-05    5.55762540691207e-05    5.564354208378499e-05
57557.80374046618    5.557296329112133e-05    5.557296335612133e-05    5.546891774812496e-05    5.553828146512255e-05
57557.90374046618    5.5466536366131645e-05    5.5466536407131645e-05    5.535932251813556e-05    5.543079843046628e-05
57558.00374046618    5.5357195967135245e-05    5.535719601413525e-05    5.524676179013922e-05    5.532038459046991e-05
57558.10374046618    5.524427319913967e-05    5.524427322013967e-05    5.513056705114373e-05    5.52063711568077e-05
57558.203740466175    5.512919719014234e-05    5.512919721614234e-05    5.501216833414645e-05    5.5090187580143715e-05
57558.30374046617    5.501129962114583e-05    5.501129959814583e-05    5.489089782815e-05    5.497116568248056e-05
57558.40374046617    5.489053530215816e-05    5.489053536015817e-05    5.476671218416265e-05    5.4849260948826325e-05
57558.50374046617    5.476694044216187e-05    5.476694047016187e-05    5.463964853716641e-05    5.472450981649671e-05
57558.60374046617    5.464054131516554e-05    5.4640541404165544e-05    5.4509734219170145e-05    5.4596938979500406e-05
57558.70374046617    5.451202352116831e-05    5.4512023572168315e-05    5.437765693617298e-05    5.4467234676503205e-05
57558.803740466166    5.4380758683171914e-05    5.438075867617191e-05    5.424278895817663e-05    5.4334768772506814e-05
57558.903740466165    5.424671001518531e-05    5.424671002018531e-05    5.410509400619035e-05    5.419950468052032e-05
57559.00374046616    5.4109887184189143e-05    5.4109887191189146e-05    5.396458529319424e-05    5.4061453222857515e-05
57559.10374046616    5.3970952636192065e-05    5.397095264919207e-05    5.382192475119721e-05    5.3921276678860454e-05
57559.20374046616    5.382929826819583e-05    5.3829298296195825e-05    5.3676506062201034e-05    5.377836754219756e-05
57559.30374046616    5.3685009751199467e-05    5.3685009784199464e-05    5.352841717820472e-05    5.3632812237867884e-05
57559.40374046616    5.3538913250212596e-05    5.35389132642126e-05    5.337848548821818e-05    5.3485437334214457e-05
57559.503740466156    5.339046719021602e-05    5.339046716921602e-05    5.322617053422165e-05    5.333570163121789e-05
57559.603740466155    5.323937446021987e-05    5.3239374457219867e-05    5.307117612422555e-05    5.318330834722176e-05
57559.70374046615    5.308580888322347e-05    5.3085808917223465e-05    5.291367789222919e-05    5.30284318975587e-05
57559.80374046615    5.293114961122506e-05    5.293114967322506e-05    5.275505749523082e-05    5.287245225989365e-05
57559.90374046615    5.277332413824115e-05    5.2773324148241144e-05    5.259324281224725e-05    5.2713297032909846e-05
57560.00374046615    5.261323312024461e-05    5.2613233191244606e-05    5.242913695425075e-05    5.255186775524666e-05
57560.10374046615    5.245202549124632e-05    5.245202548724632e-05    5.226389112525249e-05    5.238931403458171e-05
57560.203740466146    5.2287886634250796e-05    5.2287886610250795e-05    5.2095689827257005e-05    5.222382102391953e-05
57560.303740466145    5.212268376925242e-05    5.212268379725242e-05    5.1926402818258666e-05    5.205725679492117e-05
57560.40374046614    5.195502102426838e-05    5.1955021081268384e-05    5.1754636819274945e-05    5.188822630827057e-05
57560.50374046614    5.1785313990271656e-05    5.178531400227165e-05    5.158080869627825e-05    5.171714556294051e-05
57560.60374046614    5.1613913874274367e-05    5.1613913847274365e-05    5.140527069328098e-05    5.154436613827658e-05
57560.70374046614    5.14408028692771e-05    5.14408029032771e-05    5.122800627828375e-05    5.136987068361266e-05
57560.80374046614    5.126566912128034e-05    5.126566916528034e-05    5.1048707677287e-05    5.11933486546159e-05
57560.903740466136    5.1089559364294716e-05    5.1089559359294714e-05    5.086842077030171e-05    5.101584649796372e-05
57561.003740466134    5.0911049614298734e-05    5.091104964829873e-05    5.0685723144305735e-05    5.0835940802301064e-05
57561.10374046613    5.073121618430095e-05    5.073121617830095e-05    5.0501692912307965e-05    5.065470842496995e-05
57561.20374046613    5.055036119430265e-05    5.0550361224302656e-05    5.031663308230969e-05    5.0472451833638335e-05
57561.30374046613    5.0366936352306955e-05    5.036693645230696e-05    5.0128997382314005e-05    5.028762339564264e-05
57561.40374046613    5.018240457332223e-05    5.018240461232223e-05    4.994025324232959e-05    5.010168747599135e-05
57561.50374046613    4.9996453643324715e-05    4.999645368932471e-05    4.9750086358332076e-05    4.9914331230327166e-05
57561.603740466126    4.980960903632627e-05    4.980960912232627e-05    4.955902456733364e-05    4.9726080908662065e-05
57561.703740466124    4.962150402932847e-05    4.962150407232847e-05    4.936670203833584e-05    4.9536570046664265e-05
57561.80374046612    4.943161744733158e-05    4.943161748933158e-05    4.917260056433895e-05    4.934527850033404e-05
57561.90374046612    4.924033604334794e-05    4.924033614434794e-05    4.8977104166355604e-05    4.915259211801717e-05
57562.00374046612    4.9048862016348285e-05    4.9048862059348285e-05    4.878142106335594e-05    4.895971504635084e-05
57562.10374046612    4.885544250435183e-05    4.885544256735183e-05    4.858379993035947e-05    4.8764895000687714e-05
57562.20374046612    4.8660930133353813e-05    4.8660930219353814e-05    4.8385090247361455e-05    4.856898353335636e-05
57562.303740466115    4.846557549535535e-05    4.8465575532355346e-05    4.818554590936297e-05    4.8372232312357885e-05
57562.403740466114    4.826901377037185e-05    4.826901374637185e-05    4.798480734137975e-05    4.8174278286041146e-05
57562.50374046611    4.807183764637301e-05    4.8071837681373005e-05    4.7783464679380884e-05    4.797571333570897e-05
57562.60374046611    4.78738158903746e-05    4.78738160153746e-05    4.758128515238247e-05    4.777630568604389e-05
57562.70374046611    4.7674269470377494e-05    4.767426951737749e-05    4.737759577938533e-05    4.757537825571344e-05
57562.80374046611    4.7474633965377665e-05    4.747463418237766e-05    4.7173830332385474e-05    4.7374366160046935e-05
57562.90374046611    4.727402699039409e-05    4.72740270453941e-05    4.6969108203402175e-05    4.717238741306346e-05
57563.003740466105    4.707248643939593e-05    4.707248648339593e-05    4.676346904340398e-05    4.696948065539861e-05
57563.103740466104    4.6870362542397074e-05    4.687036253939707e-05    4.655726549940509e-05    4.6765996860399745e-05
57563.2037404661    4.666819404439716e-05    4.666819408839716e-05    4.635103340840515e-05    4.656247384706649e-05
57563.3037404661    4.646422065040071e-05    4.646422060240071e-05    4.6143015245408656e-05    4.6357152166070024e-05
57563.4037404661    4.626063351341476e-05    4.626063356641476e-05    4.593540459842296e-05    4.615222389275083e-05
57563.5037404661    4.605564340641762e-05    4.605564343341762e-05    4.572640937342578e-05    4.5945898737753674e-05
57563.6037404661    4.585095291841701e-05    4.585095307341701e-05    4.551773665842512e-05    4.573988088341971e-05
57563.703740466095    4.5645783538417987e-05    4.564578359241799e-05    4.530860775242605e-05    4.5533391627754016e-05
57563.80374046609    4.543988631141947e-05    4.543988635641947e-05    4.5098772604427484e-05    4.5326181757422135e-05
57563.90374046609    4.523400274843442e-05    4.523400276643442e-05    4.488897558044268e-05    4.5118993698437165e-05
57564.00374046609    4.502750308943572e-05    4.502750306943572e-05    4.467858797144393e-05    4.4911198043438444e-05
57564.10374046609    4.482103815043565e-05    4.4821038188435646e-05    4.4468259529443795e-05    4.470344528943837e-05
57564.20374046609    4.461425943043631e-05    4.461425948043631e-05    4.4257639817444414e-05    4.449538624277234e-05
57564.303740466086    4.440731055443667e-05    4.440731059843667e-05    4.404687671044471e-05    4.428716595443936e-05
57564.403740466085    4.419989200245275e-05    4.419989203545275e-05    4.383567272146102e-05    4.4078485586455506e-05
57564.50374046608    4.3992577503452525e-05    4.3992577732452524e-05    4.362459788246073e-05    4.3869917706121927e-05
57564.60374046608    4.378501476645307e-05    4.378501484145307e-05    4.3413304388461206e-05    4.366111133212244e-05
57564.70374046608    4.3577478946453006e-05    4.3577479022453004e-05    4.3202064435461094e-05    4.3452340801455704e-05
57564.80374046608    4.336986761045317e-05    4.336986766745317e-05    4.29907743014612e-05    4.324350319312251e-05
57564.90374046608    4.3162332743468105e-05    4.3162332789468106e-05    4.277959085547634e-05    4.3034752129470855e-05
57565.003740466076    4.29540890604697e-05    4.2954089151469704e-05    4.256773113747786e-05    4.282530311647242e-05
57565.103740466075    4.274670397146776e-05    4.2746704019467764e-05    4.235675356347587e-05    4.261672051813714e-05
57565.20374046607    4.2539496382467364e-05    4.2539496487467364e-05    4.2145983343475404e-05    4.240832540447005e-05
57565.30374046607    4.233294557646588e-05    4.233294561146589e-05    4.1935903150473846e-05    4.220059811280187e-05
57565.40374046607    4.2125514612482965e-05    4.2125514696482965e-05    4.172497170549111e-05    4.1992000338152345e-05
57565.50374046607    4.191886228248115e-05    4.191886231948115e-05    4.1514847534489234e-05    4.178419071215052e-05
57565.60374046607    4.171158411948261e-05    4.1711584148482604e-05    4.1304125691490625e-05    4.1575764653151955e-05
57565.703740466066    4.150533139348022e-05    4.1505331426480224e-05    4.109446239848816e-05    4.1368375072816204e-05
57565.803740466064    4.1299681138478816e-05    4.129968121647882e-05    4.088543110548669e-05    4.116159782014811e-05
57565.90374046606    4.1093378290495345e-05    4.1093378352495345e-05    4.0675776459503396e-05    4.095417770083135e-05
57566.00374046606    4.088795599149323e-05    4.088795601749323e-05    4.0467031214501216e-05    4.074764774116257e-05
57566.10374046606    4.06832541944915e-05    4.06832544884915e-05    4.0259039712499404e-05    4.05418494651608e-05
57566.20374046606    4.047846655049171e-05    4.0478466604491706e-05    4.0050992305499534e-05    4.0335975153494316e-05
57566.30374046606    4.027404114449084e-05    4.027404125749084e-05    3.984333758549859e-05    4.013047332916009e-05
57566.403740466056    4.007028091950406e-05    4.007028099950407e-05    3.9636377150511984e-05    3.992564635650671e-05
57566.503740466054    3.986673073050355e-05    3.986673079050355e-05    3.942965606551139e-05    3.9721039195506156e-05
57566.60374046605    3.966379686550203e-05    3.966379699550202e-05    3.922358120450979e-05    3.951705835517128e-05
57566.70374046605    3.9460930680501854e-05    3.9460930788501855e-05    3.901760781750954e-05    3.9313156428837746e-05
57566.80374046605    3.925906668449938e-05    3.9259066760499376e-05    3.8812662221507e-05    3.9110265222168585e-05
57566.90374046605    3.9057516474513265e-05    3.905751644551327e-05    3.8608063757521025e-05    3.8907698892515846e-05
57567.00374046605    3.885649792251191e-05    3.8856497970511914e-05    3.84040279715196e-05    3.870567462151448e-05
57567.103740466046    3.8656381949509615e-05    3.8656382070509606e-05    3.820091959151723e-05    3.850456120384548e-05
57567.203740466044    3.84562730735096e-05    3.84562731185096e-05    3.799785150351713e-05    3.8303465898512114e-05
57567.30374046604    3.825713316950713e-05    3.825713318750713e-05    3.779578321851458e-05    3.810334985850961e-05
57567.40374046604    3.8058876696519296e-05    3.80588766925193e-05    3.759462237952691e-05    3.790412525618851e-05
57567.50374046604    3.786128826551755e-05    3.786128834851755e-05    3.7394163721525074e-05    3.770558011185339e-05
57567.60374046604    3.766387766351708e-05    3.7663877786517086e-05    3.7193912923524524e-05    3.750722279118623e-05
57567.70374046604    3.746750191351437e-05    3.746750201851437e-05    3.699472166552175e-05    3.730990853251683e-05
57567.803740466035    3.727183807251251e-05    3.727183802051251e-05    3.67962758675198e-05    3.711331732018161e-05
57567.903740466034    3.7076175842526746e-05    3.7076176021526736e-05    3.659785728353417e-05    3.691673638252922e-05
57568.00374046603    3.688203310252265e-05    3.6882033147522654e-05    3.640098661953e-05    3.6721684289858436e-05
57568.10374046603    3.668827640252162e-05    3.668827649152162e-05    3.6204531410528884e-05    3.6527028101524035e-05
57568.20374046603    3.649530912451949e-05    3.649530927951949e-05    3.600889457352667e-05    3.633317099252188e-05
57568.30374046603    3.63031889365172e-05    3.6303188919517204e-05    3.5814134278524314e-05    3.614017071151957e-05
57568.40374046603    3.6111678920529496e-05    3.61116789325295e-05    3.5620013754536716e-05    3.594779053586524e-05
57568.503740466025    3.5921347984526235e-05    3.5921347987526236e-05    3.5427096963533385e-05    3.575659764519528e-05
57568.603740466024    3.573116756452583e-05    3.573116748552582e-05    3.523435909053289e-05    3.556556471352818e-05
57568.70374046602    3.554221428252243e-05    3.554221432252243e-05    3.504287790052942e-05    3.537576883519143e-05
57568.80374046602    3.5354277272519615e-05    3.535427728651962e-05    3.485244199552653e-05    3.518699885152192e-05
57568.90374046602    3.5166500787532836e-05    3.5166500807532836e-05    3.466219111553986e-05    3.499839757020185e-05
57569.00374046602    3.497965052353021e-05    3.497965057653021e-05    3.4472900150537135e-05    3.4810733750199184e-05
57569.10374046602    3.479442871352559e-05    3.479442856452559e-05    3.428526199953244e-05    3.462470642586121e-05
57569.203740466015    3.46091683635257e-05    3.4609168566525694e-05    3.4097610262532486e-05    3.443864906419463e-05
57569.30374046601    3.44247557225233e-05    3.4424755771523294e-05    3.3910840520529986e-05    3.425345067152553e-05
57569.40374046601    3.424181460453243e-05    3.4241814644532435e-05    3.3725566904539215e-05    3.406973205120136e-05
57569.50374046601    3.405916199653159e-05    3.405916218253159e-05    3.354061095353829e-05    3.3886311710867154e-05
57569.60374046601    3.387818475452671e-05    3.3878184916526715e-05    3.335735549853335e-05    3.370457505652892e-05
57569.70374046601    3.369735330352629e-05    3.369735347152629e-05    3.3174275146532834e-05    3.35229939738618e-05
57569.803740466006    3.351714609252447e-05    3.351714606552447e-05    3.2991849332530924e-05    3.3342047163526624e-05
57569.903740466005    3.333852043453286e-05    3.333852051853286e-05    3.281103001153941e-05    3.316269032153505e-05
57570.003740466    3.316023867453184e-05    3.316023869053184e-05    3.263058536653829e-05    3.298368757720065e-05
57570.103740466    3.298346841852733e-05    3.2983468457527326e-05    3.245168264553369e-05    3.280620650719611e-05
57570.203740466    3.280683555652692e-05    3.280683541552692e-05    3.227294228753321e-05    3.262887108652901e-05
57570.303740466    3.263151235552301e-05    3.263151244352301e-05    3.2095542720529206e-05    3.2452855839858415e-05
57570.403740466    3.245660682553449e-05    3.2456606977534493e-05    3.191858672854076e-05    3.227726684386992e-05
57570.503740465996    3.22831050885302e-05    3.22831051185302e-05    3.1743065728536374e-05    3.210309197853226e-05
57570.603740465995    3.211051494752742e-05    3.211051501252742e-05    3.156848790453349e-05    3.192983928819611e-05
57570.70374046599    3.193862438052528e-05    3.193862446952528e-05    3.1394636245531274e-05    3.175729503186062e-05
57570.80374046599    3.176750306952293e-05    3.176750309052293e-05    3.1221585566528824e-05    3.158553057552489e-05
57570.90374046599    3.1597420014532136e-05    3.159742016653213e-05    3.104959973653808e-05    3.141481330586745e-05
57571.00374046599    3.1428367939528906e-05    3.142836801352891e-05    3.087867383353477e-05    3.1245136595530856e-05
57571.10374046599    3.125989574552709e-05    3.1259895824527094e-05    3.070836443953284e-05    3.107605200319567e-05
57571.203740465986    3.109232509652427e-05    3.1092324934524274e-05    3.053897974352994e-05    3.090787659152616e-05
57571.303740465984    3.092613657551995e-05    3.092613647551995e-05    3.03710166285255e-05    3.074109655985513e-05
57571.40374046598    3.076025812653105e-05    3.076025815853105e-05    3.0203386985536652e-05    3.0574634423532916e-05
57571.50374046598    3.059592734452609e-05    3.059592757852609e-05    3.0037344526531572e-05    3.0409733149861248e-05
57571.60374046598    3.043163180852598e-05    3.0431632049525982e-05    2.987136595153137e-05    3.0244876603194442e-05
57571.70374046598    3.026882290752122e-05    3.026882296952122e-05    2.9706903962526513e-05    3.008151661318965e-05
57571.80374046598    3.010699871751807e-05    3.010699872451807e-05    2.9543462043523245e-05    2.9919153161853127e-05
57571.903740465976    2.9945774053527877e-05    2.9945774098527878e-05    2.9380649936533076e-05    2.9757399362862946e-05
57572.003740465974    2.9784837417526935e-05    2.9784837512526935e-05    2.9218162334532014e-05    2.9595945754861965e-05
57572.10374046597    2.9625506664521677e-05    2.962550673452168e-05    2.9057311907526655e-05    2.9436108435523338e-05
57572.20374046597    2.9467694255516707e-05    2.946769436551671e-05    2.889801654452156e-05    2.9277801721851658e-05
57572.30374046597    2.930994126151651e-05    2.930994138851651e-05    2.8738812500521265e-05    2.911956505018476e-05
57572.40374046597    2.9152814332525895e-05    2.9152814346525896e-05    2.858026825053064e-05    2.8961965643194142e-05
57572.50374046597    2.8996513878523127e-05    2.899651391752313e-05    2.8422588507527744e-05    2.8805205434524667e-05
57572.603740465966    2.8841902436517475e-05    2.8841902555517476e-05    2.8266635139521966e-05    2.8650146710518976e-05
57572.703740465964    2.8687444924516963e-05    2.868744497851696e-05    2.811086974952134e-05    2.849525321751842e-05
57572.80374046596    2.8534474053511986e-05    2.8534474099511983e-05    2.7956626264516243e-05    2.8341858139180072e-05
57572.90374046596    2.838156295952291e-05    2.838156301452291e-05    2.7802482614527124e-05    2.818853619619098e-05
57573.00374046596    2.822998225251836e-05    2.822998226751836e-05    2.7649707767522442e-05    2.8036557429186388e-05
57573.10374046596    2.8079400411514946e-05    2.8079400526514946e-05    2.7497964386518916e-05    2.788558844151627e-05
57573.20374046596    2.7929612977512227e-05    2.7929613061512227e-05    2.7347060375516047e-05    2.7735428804846833e-05
57573.303740465955    2.7780034379511514e-05    2.7780034633511514e-05    2.7196397575515223e-05    2.7585488862846083e-05
57573.403740465954    2.763186986051746e-05    2.763187003351746e-05    2.7047194687521086e-05    2.7436978193852e-05
57573.50374046595    2.74845533445145e-05    2.7484553393514498e-05    2.689887220351801e-05    2.7289326313848998e-05
57573.60374046595    2.7337991467511863e-05    2.7337991604511863e-05    2.675134824751522e-05    2.7142443773179644e-05
57573.70374046595    2.7192282580508885e-05    2.7192282767508884e-05    2.6604719902512092e-05    2.6996428416843285e-05
57573.80374046595    2.7047358547506142e-05    2.7047358590506142e-05    2.6458913824509224e-05    2.6851210320840504e-05
57573.90374046595    2.6903312134513555e-05    2.6903312399513555e-05    2.631402598251656e-05    2.670688350551456e-05
57574.003740465945    2.6760191844510257e-05    2.6760191869510254e-05    2.6170108080513098e-05    2.656349726484454e-05
57574.103740465944    2.6617666291508135e-05    2.6617666520508134e-05    2.6026825294510836e-05    2.6420719368842365e-05
57574.20374046594    2.647594682950526e-05    2.647594698650526e-05    2.5884392598507803e-05    2.6278762138172774e-05
57574.30374046594    2.6334988743502548e-05    2.633498871450255e-05    2.574276292150494e-05    2.6137580126503345e-05
57574.40374046594    2.619555950050724e-05    2.619555946050724e-05    2.5602707443509518e-05    2.5997942134841332e-05
57574.50374046594    2.6056424060506175e-05    2.6056424024506173e-05    2.54629870565083e-05    2.5858611713840215e-05
57574.60374046594    2.5917917190503888e-05    2.591791739250388e-05    2.5323941183505845e-05    2.5719925255504533e-05
57574.703740465935    2.5780278660500725e-05    2.5780278796500724e-05    2.518580438450254e-05    2.558212061383466e-05
57574.80374046593    2.5643589011497272e-05    2.5643588870497274e-05    2.5048660726498926e-05    2.544527953616449e-05
57574.90374046593    2.550765626450441e-05    2.5507656475504408e-05    2.491232191750592e-05    2.5309211552504912e-05
57575.00374046593    2.5372295182502292e-05    2.5372295361502292e-05    2.4776601066503625e-05    2.5173730536836066e-05
57575.10374046593    2.523774711449927e-05    2.523774736049927e-05    2.464173533250045e-05    2.5039076602499665e-05
57575.20374046593    2.5103356957498685e-05    2.5103357125498685e-05    2.4507071533499702e-05    2.4904595205499024e-05
57575.303740465926    2.4970664489492388e-05    2.4970664563492388e-05    2.437415458049322e-05    2.4771827877826e-05
57575.403740465925    2.4838703030499276e-05    2.4838703093499276e-05    2.4242013780499958e-05    2.4639806634832838e-05
57575.50374046592    2.4707426073496687e-05    2.4707426210496687e-05    2.41106003824972e-05    2.450848422216353e-05
57575.60374046592    2.457642283449565e-05    2.457642286949565e-05    2.3979512439495973e-05    2.4377452714495758e-05
57575.70374046592    2.444671967349073e-05    2.444671976449073e-05    2.384976746349089e-05    2.4247735633824116e-05
57575.80374046592    2.4317387334489326e-05    2.431738746848933e-05    2.3720439150489316e-05    2.4118404651155992e-05
57575.90374046592    2.4188771109495978e-05    2.418877130449598e-05    2.359187419749578e-05    2.3989805537162578e-05
57576.003740465916    2.4060852906493285e-05    2.4060852883493285e-05    2.3464054489492905e-05    2.3861920093159825e-05
57576.103740465915    2.3934513938487198e-05    2.3934514239487193e-05    2.3337862957486628e-05    2.373563037848701e-05
57576.20374046591    2.380833169548659e-05    2.3808331688486593e-05    2.3211874324485843e-05    2.3609512569486343e-05
57576.30374046591    2.36821470734866e-05    2.36821474404866e-05    2.3085927087485685e-05    2.3483407200486294e-05
57576.40374046591    2.3557618387489278e-05    2.3557618462489278e-05    2.296168221148816e-05    2.3358973020488904e-05
57576.50374046591    2.3433827605486377e-05    2.3433827832486376e-05    2.2838225366485064e-05    2.3235293601485938e-05
57576.60374046591    2.3310156634485905e-05    2.3310156813485905e-05    2.2714934939484413e-05    2.311174946248541e-05
57576.703740465906    2.318759194148156e-05    2.318759192248156e-05    2.259279571647989e-05    2.298932652681434e-05
57576.803740465904    2.306558421147937e-05    2.306558426847937e-05    2.2471260626477514e-05    2.2867476368812086e-05
57576.9037404659    2.2944231167485628e-05    2.2944231283485628e-05    2.2350424945483557e-05    2.2746295798818266e-05
57577.0037404659    2.2823799108481943e-05    2.282379918348194e-05    2.2230557187479683e-05    2.262605182648119e-05
57577.1037404659    2.2704051601479205e-05    2.27040518904792e-05    2.2111419034476763e-05    2.2506507508811724e-05
57577.2037404659    2.2584759620477382e-05    2.2584759797477382e-05    2.199278398747475e-05    2.2387434468476503e-05
57577.3037404659    2.246641517147359e-05    2.246641531147359e-05    2.187514089047078e-05    2.226932379113932e-05
57577.403740465896    2.2348691811479668e-05    2.2348691746479667e-05    2.1758162909476633e-05    2.2151848822478656e-05
57577.503740465894    2.223159366847712e-05    2.223159382747712e-05    2.1641854249473905e-05    2.2035013915142715e-05
57577.60374046589    2.2115537476472875e-05    2.2115537669472876e-05    2.1526631842469476e-05    2.1919235662805078e-05
57577.70374046589    2.1999750656471777e-05    2.1999750677471777e-05    2.1411721710468205e-05    2.180374101480392e-05
57577.80374046589    2.18844495384698e-05    2.18844495484698e-05    2.1297341151466048e-05    2.1688746746135216e-05
57577.90374046589    2.1770181498473904e-05    2.1770181642473903e-05    2.1184037715469903e-05    2.1574800285472565e-05
57578.00374046589    2.1656680501470722e-05    2.1656680538470724e-05    2.1071539684466562e-05    2.1461633574802665e-05
57578.103740465885    2.1543475364469498e-05    2.1543475511469495e-05    2.095938248146515e-05    2.134877778580138e-05
57578.203740465884    2.1431148328465855e-05    2.1431148679465853e-05    2.0848139757461356e-05    2.1236812255131022e-05
57578.30374046588    2.131932314246377e-05    2.1319323157463774e-05    2.0737437241459115e-05    2.112536118046222e-05
57578.40374046588    2.1208518501467602e-05    2.12085189134676e-05    2.0627792855462708e-05    2.101494342346597e-05
57578.50374046588    2.1097994451466417e-05    2.109799437546642e-05    2.051846696746136e-05    2.09048185981314e-05
57578.60374046588    2.098808810246381e-05    2.0988087981463813e-05    2.040979247145861e-05    2.079532285179541e-05
57578.70374046588    2.0878783149461275e-05    2.087878339746127e-05    2.030175180945594e-05    2.0686439452126162e-05
57578.803740465875    2.076989267145952e-05    2.0769892735459525e-05    2.019415796045405e-05    2.0577981122457698e-05
57578.903740465874    2.0661927677463473e-05    2.066192802946347e-05    2.008751642745779e-05    2.0470457378128243e-05
57579.00374046587    2.0554570913460865e-05    2.0554571026460864e-05    1.9981507415455076e-05    2.0363549785125603e-05
57579.10374046587    2.0447302091460485e-05    2.0447302367460486e-05    1.9875609582454598e-05    2.0256738013791857e-05
57579.20374046587    2.034076377745735e-05    2.034076400345735e-05    1.9770458261451395e-05    2.015066201412203e-05
57579.30374046587    2.0235038906453856e-05    2.0235039134453858e-05    1.9666128920447866e-05    2.004540232045186e-05
57579.40374046587    2.0129641220996903e-05    2.0129641457996905e-05    1.9562127062851265e-05    1.994046991394836e-05
57579.503740465865    2.0024000914022215e-05    2.0024001077022227e-05    1.9457871946877687e-05    1.983529131264071e-05
57579.603740465864    1.9918333829025012e-05    1.9918333874025023e-05    1.935356096788352e-05    1.9730076223644515e-05
57579.70374046586    1.9813038199993914e-05    1.981303828499391e-05    1.924954954985983e-05    1.9625208678282552e-05
57579.80374046586    1.9705107278269064e-05    1.9705107389269066e-05    1.9142651509161223e-05    1.9517622058899782e-05
57579.90374046586    1.9600433247929017e-05    1.9600433374929014e-05    1.903882056384099e-05    1.9413229062233007e-05
57580.00374046586    1.9499186582571165e-05    1.949918671857116e-05    1.8938672832456424e-05    1.9312348711199582e-05
57580.10374046586    1.9399463108412128e-05    1.9399463251412127e-05    1.884014726528705e-05    1.921302454170377e-05
57580.203740465855    1.9300853603302993e-05    1.9300853749302992e-05    1.8742803601170736e-05    1.911483698459224e-05
57580.30374046585    1.920316449520683e-05    1.9203164645206827e-05    1.8646434444068913e-05    1.901758786149419e-05
57580.40374046585    1.910628313212243e-05    1.910628328512243e-05    1.8550919502979664e-05    1.8921161973408177e-05
57580.50374046585    1.9010136440045672e-05    1.901013659504567e-05    1.8456180959898542e-05    1.882548466499663e-05
57580.60374046585    1.891467371897421e-05    1.8914673875974206e-05    1.8362164939823052e-05    1.8730504178257153e-05
57580.70374046585    1.881985814691349e-05    1.881985830491349e-05    1.8268832360758435e-05    1.863618293752847e-05
57580.803740465846    1.872566207384872e-05    1.872566223284872e-05    1.8176153887690046e-05    1.8542492731462493e-05
57580.903740465845    1.8632064199786174e-05    1.8632064360786175e-05    1.8084106908624018e-05    1.8449411823065455e-05
57581.00374046584    1.8539047781725377e-05    1.8539047942725378e-05    1.7992673610559855e-05    1.8356923111670205e-05
57581.10374046584    1.8446599422665983e-05    1.8446599585665984e-05    1.7901839695497186e-05    1.8265012901276387e-05
57581.20374046584    1.8354708245614412e-05    1.8354708408614414e-05    1.7811593493442304e-05    1.8173670049223714e-05
57581.30374046584    1.8263365291557055e-05    1.8263365454557056e-05    1.7721925330381825e-05    1.8082885358831978e-05
57581.40374046584    1.817256308350048e-05    1.8172563246500477e-05    1.7632827063322197e-05    1.7992651131107714e-05
57581.503740465836    1.8082295302444563e-05    1.8082295466444562e-05    1.7544291736263297e-05    1.7902960835050804e-05
57581.603740465835    1.7992556536389212e-05    1.799255670038921e-05    1.745631332020503e-05    1.781380885232782e-05
57581.70374046583    1.7903342091340845e-05    1.7903342255340847e-05    1.7368886515153676e-05    1.7725190287278458e-05
57581.80374046583    1.7814647842286377e-05    1.781464800728638e-05    1.7282006593096418e-05    1.763710081422306e-05
57581.90374046583    1.77264701162323e-05    1.77264702812323e-05    1.7195669279039606e-05    1.7549536558834734e-05
57582.00374046583    1.7638805603178564e-05    1.7638805768178566e-05    1.7109870656983204e-05    1.7462494009446777e-05
57582.10374046583    1.7551651281125146e-05    1.7551651446125148e-05    1.702460709292718e-05    1.737596994005916e-05
57582.203740465826    1.7465004355078326e-05    1.7465004521078325e-05    1.6939875179877684e-05    1.7289961352011445e-05
57582.303740465824    1.7378862220025438e-05    1.7378862385025436e-05    1.685567168882232e-05    1.7204465431291066e-05
57582.40374046582    1.7293222411972806e-05    1.7293222576972805e-05    1.677199353176728e-05    1.71194795069043e-05
57582.50374046582    1.720808258792042e-05    1.7208082752920424e-05    1.6688837732712546e-05    1.70350010245178e-05
57582.60374046582    1.7123440495868272e-05    1.7123440660868274e-05    1.660620140565812e-05    1.6951027520798223e-05
57582.70374046582    1.7039293957822474e-05    1.7039294122822476e-05    1.6524081730609964e-05    1.6867556603751638e-05
57582.80374046582    1.695564085377074e-05    1.6955641017770737e-05    1.6442475946556085e-05    1.6784585939365855e-05
57582.903740465816    1.687247910871922e-05    1.6872479273719223e-05    1.636138133350249e-05    1.6702113238646975e-05
57583.003740465814    1.678980668566792e-05    1.6789806849667917e-05    1.6280795205449178e-05    1.6620136246928338e-05
57583.10374046581    1.6707621571616827e-05    1.6707621735616825e-05    1.6200714905396144e-05    1.6538652737543266e-05
57583.20374046581    1.6625921774571884e-05    1.6625921938571886e-05    1.6121137794349177e-05    1.6457660502497648e-05
57583.30374046581    1.6544705320521175e-05    1.6544705484521174e-05    1.6042061250296657e-05    1.6377157351779666e-05
57583.40374046581    1.6463970243470667e-05    1.646397040747067e-05    1.596348266624441e-05    1.6297141105728583e-05
57583.50374046581    1.638371458642037e-05    1.6383714750420368e-05    1.5885399441192438e-05    1.621760959267773e-05
57583.603740465805    1.630393639737027e-05    1.6303936560370272e-05    1.5807808986140734e-05    1.6138560647960427e-05
57583.703740465804    1.6224633726326152e-05    1.622463388932615e-05    1.5730708714094918e-05    1.6059992109915742e-05
57583.8037404658    1.614580462427643e-05    1.614580478627643e-05    1.5654096047043724e-05    1.5981901819198865e-05
57583.9037404658    1.6067447140226918e-05    1.6067447302226915e-05    1.55779684079928e-05    1.5904287616815542e-05
57584.0037404658    1.5989559322177602e-05    1.59895594841776e-05    1.5502323224942144e-05    1.5827147343765782e-05
57584.1037404658    1.5912139216128496e-05    1.5912139377128497e-05    1.5427157925891758e-05    1.575047883971625e-05
57584.2037404658    1.5835184861085197e-05    1.5835185023085198e-05    1.535246994284708e-05    1.5674279942339156e-05
57584.303740465795    1.575869429603647e-05    1.575869445703647e-05    1.52782567107972e-05    1.5598548487956715e-05
57584.403740465794    1.5682665549987948e-05    1.568266571098795e-05    1.520451566474759e-05    1.5523282308574494e-05
57584.50374046579    1.5607096650939634e-05    1.5607096811939634e-05    1.5131244241698248e-05    1.544847923485917e-05
57584.60374046579    1.5531985618891527e-05    1.5531985778891527e-05    1.5058439878649178e-05    1.5374137092144076e-05
57584.70374046579    1.545733046684906e-05    1.545733062684906e-05    1.4986100018605638e-05    1.5300253704101255e-05
57584.80374046579    1.5383129203801343e-05    1.5383129363801343e-05    1.491422209955707e-05    1.5226826889053248e-05
