2.438845059676999881e+03 1.329355905499999947e-05 1.412571544900000058e-05 1.443910184399999987e-05 1.395279211599999941e-05
2.438945059626999864e+03 1.266353956600943481e-05 1.348510372030554999e-05 1.379297518206301489e-05 1.331387282279266657e-05
2.439045059576999847e+03 1.207833963720199422e-05 1.288988383922198231e-05 1.319254501443228700e-05 1.272025616361875281e-05
2.439145059526999830e+03 1.157983064676488946e-05 1.238477302766763654e-05 1.268350925955506197e-05 1.221603764466252989e-05
2.439245059476999813e+03 1.118110898844404810e-05 1.198264232326214119e-05 1.227860857180211005e-05 1.181411996116943368e-05
2.439345059426999796e+03 1.087746497011020769e-05 1.167864600199095039e-05 1.197324733340323814e-05 1.150978610183479987e-05
2.439445059376999779e+03 1.065549028592379711e-05 1.146017984139819105e-05 1.175438405058955104e-05 1.129001805930384753e-05
2.439545059326999763e+03 1.050242057974411572e-05 1.131314684461557213e-05 1.160729120782502936e-05 1.114095287739490348e-05
2.439645059276999746e+03 1.040885884124660567e-05 1.122806245133714492e-05 1.152367797845246196e-05 1.105353309034540531e-05
2.439745059226999729e+03 1.035959696667786786e-05 1.118918999392540887e-05 1.148590153599334240e-05 1.101156283219887361e-05
2.439845059176999712e+03 1.034640273597039739e-05 1.118868163854091504e-05 1.148699482853265896e-05 1.100735973434798877e-05
2.439945059126999695e+03 1.036731248999533881e-05 1.122374302516126608e-05 1.152402188335007192e-05 1.103835913283555950e-05
2.440045059076999678e+03 1.041454303061552064e-05 1.128619375429423684e-05 1.158938321383057376e-05 1.109670666624677821e-05
2.440145059026999661e+03 1.048686068193376098e-05 1.137459368639878701e-05 1.168090852108381744e-05 1.118078762980545514e-05
2.440245058976999644e+03 1.058080696337441010e-05 1.148730418602463241e-05 1.179591512295193757e-05 1.128800875745032726e-05
2.440345058926999627e+03 1.069415015592432360e-05 1.161981460217000495e-05 1.193228051525757999e-05 1.141541509111730285e-05
2.440445058876999610e+03 1.082251698006376158e-05 1.176912372352515564e-05 1.208501601211415757e-05 1.155888557190102437e-05
2.440545058826999593e+03 1.096738872958757860e-05 1.193617951602291053e-05 1.225561181093281312e-05 1.171972668551443352e-05
2.440645058776999576e+03 1.112944641447800328e-05 1.212173557499231604e-05 1.244500059049777255e-05 1.189872752665603062e-05
2.440745058726999559e+03 1.130538678656371771e-05 1.232237895088485895e-05 1.264953562291408113e-05 1.209243378678755260e-05
2.440845058676999543e+03 1.149614459441891339e-05 1.253917619502420597e-05 1.287053870496576119e-05 1.230195316480296018e-05
2.440945058626999526e+03 1.170250032426156810e-05 1.277309838381337218e-05 1.310825341199194420e-05 1.252795070668896206e-05
2.441045058576999509e+03 1.192296161992148357e-05 1.302225942122385037e-05 1.336112806737401685e-05 1.276878303617311524e-05
2.441145058526999492e+03 1.215845851778107355e-05 1.328838384556392262e-05 1.363095588197489507e-05 1.302593274843996488e-05
2.441245058476999475e+03 1.241021414292749265e-05 1.357273335480025487e-05 1.391970982794686856e-05 1.330088577522487259e-05
2.441345058426999458e+03 1.267357416199526187e-05 1.387021489347567879e-05 1.422110086060703658e-05 1.358829663869265851e-05
2.441445058376999441e+03 1.295428931769735111e-05 1.418674487710395477e-05 1.454199500236978170e-05 1.389434306572369642e-05
2.441545058326999424e+03 1.325405142220403504e-05 1.452463282650418799e-05 1.488340993489001343e-05 1.422069806119941497e-05
2.441645058276999407e+03 1.356789175722839291e-05 1.487808742562787792e-05 1.524018189718478879e-05 1.456205369334701874e-05
2.441745058226999390e+03 1.390138369735851945e-05 1.525272319477215159e-05 1.561912554130770705e-05 1.492441081114612603e-05
2.441845058176999373e+03 1.425380308070070034e-05 1.565002670843736629e-05 1.601954410171188407e-05 1.530779129694998639e-05
2.441945058126999356e+03 1.462722150200507433e-05 1.606998871057862028e-05 1.644258847780179667e-05 1.571326623012849879e-05
2.442045058076999339e+03 1.502026288032673451e-05 1.651294947461491840e-05 1.688874468348777172e-05 1.614065234614314267e-05
2.442145058026999322e+03 1.543512145982118473e-05 1.698019095750180835e-05 1.735913349857078726e-05 1.659148197196459119e-05
2.442245057976999306e+03 1.587294076905866304e-05 1.747394710613054905e-05 1.785480784352152443e-05 1.706723190623691104e-05
2.442345057926999289e+03 1.633996348408694744e-05 1.799975346337149624e-05 1.838252656290513366e-05 1.757408117012119358e-05
2.442445057876999272e+03 1.683499141648137301e-05 1.855744408555084598e-05 1.894235743602622782e-05 1.811159764601948227e-05
2.442545057826999255e+03 1.735654533723412181e-05 1.914553394831669018e-05 1.953233447340400609e-05 1.867813791965160038e-05
2.442645057776999238e+03 1.790960440885674875e-05 1.976949586069998041e-05 2.015738913693796775e-05 1.927882980216490236e-05
2.442745057726999221e+03 1.849743781422556347e-05 2.043326053656261589e-05 2.082222305671235056e-05 1.991764046916684331e-05
2.442845057676999204e+03 1.912410156569931724e-05 2.114032693664325561e-05 2.153075701529190216e-05 2.059839517254482161e-05
2.442945057626999187e+03 1.978936392009507795e-05 2.189231760816057282e-05 2.228415607028871046e-05 2.132194586618145487e-05
2.443045057576999170e+03 2.049864832499411946e-05 2.269530948713225699e-05 2.308777319600239966e-05 2.209391033604292311e-05
2.443145057526999153e+03 2.125366625707882594e-05 2.355118072472753003e-05 2.394613909409143624e-05 2.291699535863259853e-05
2.443245057476999136e+03 2.205917704672315143e-05 2.446673957165941299e-05 2.486475423842054397e-05 2.379689028560103613e-05
2.443345057426999119e+03 2.292405997108849227e-05 2.545157734409724738e-05 2.585604675786363433e-05 2.474389469101646025e-05
2.443445057376999102e+03 2.385284941079274492e-05 2.651331793190716873e-05 2.692957109687791728e-05 2.576524614652594703e-05
2.443545057326999085e+03 2.484793521842536406e-05 2.765669203563878974e-05 2.809260959052092572e-05 2.686574561486169656e-05
2.443645057276999069e+03 2.591711634558769423e-05 2.889321530636183302e-05 2.936416831450151555e-05 2.805816665548368206e-05
2.443745057226999052e+03 2.707029741598964310e-05 3.024240776968945352e-05 3.077522692495174609e-05 2.936264403687694418e-05
2.443845057176999035e+03 2.831988030434254798e-05 3.172797507970257831e-05 3.236857153623966677e-05 3.080547564009493102e-05
2.443945057126999018e+03 2.968000259378330218e-05 3.338539699259773064e-05 3.421265285772870395e-05 3.242601748136991226e-05
2.444045057076999001e+03 3.116563027956051438e-05 3.525567239165262423e-05 3.639080628273602707e-05 3.427070298464972189e-05
2.444145057026998984e+03 3.278563646670450685e-05 3.733505290122243205e-05 3.887802233550186585e-05 3.633290390114293718e-05
2.444245056976998967e+03 3.452814842104854178e-05 3.947045413007645273e-05 4.126048181261296769e-05 3.841969478791265407e-05
2.444345056926998950e+03 3.637854081008652901e-05 4.146555840069072123e-05 4.301491385654466240e-05 4.028633768910730195e-05
2.444445056876998933e+03 3.837677964315373380e-05 4.345760152274997297e-05 4.445020004620003321e-05 4.209486040403457999e-05
2.444545056826998916e+03 4.057685733756605852e-05 4.570135900465114302e-05 4.616553626364862937e-05 4.414791753528861482e-05
2.444645056776998899e+03 4.302080426727360705e-05 4.829319400642951941e-05 4.835297982668929474e-05 4.655565936679748051e-05
2.444745056726998882e+03 4.573285528519604830e-05 5.124331520204255765e-05 5.098804627408928353e-05 4.932140558710929198e-05
2.444845056676998865e+03 4.874868373580176968e-05 5.456986670703802624e-05 5.405310306883851071e-05 5.245721783722610447e-05
2.444945056626998849e+03 5.211544610534358179e-05 5.831182806370622504e-05 5.757002358242412592e-05 5.599909925049130640e-05
2.445045056576998832e+03 5.588608711663847436e-05 6.251728464028708703e-05 6.158854717017908707e-05 5.999730630903488734e-05
2.445145056526998815e+03 6.012368648104439342e-05 6.725508487363904709e-05 6.619724519230587461e-05 6.452533884899643837e-05
2.445245056476998798e+03 6.490954443586002679e-05 7.261112474595231021e-05 7.154560393162638155e-05 6.968875770447957737e-05
2.445345056426998781e+03 7.035459436004350663e-05 7.871130500220151324e-05 7.786933655050314669e-05 7.564507863758271767e-05
2.445445056376998764e+03 7.658016776907378186e-05 8.568713487248844345e-05 8.547870791316252164e-05 8.258200351824158231e-05
2.445545056326998747e+03 8.373975081171486227e-05 9.370840204214686629e-05 9.456883441684499271e-05 9.067232909023558731e-05
2.445645056276998730e+03 9.201029899684546589e-05 1.029685901319129485e-04 1.044634934303771028e-04 9.981412751971183454e-05
2.445745056226998713e+03 1.016004018096189598e-04 1.136822586964099022e-04 1.134898419917238990e-04 1.095908341659175870e-04
2.445845056176998696e+03 1.128327662749310198e-04 1.262032938712189965e-04 1.218231624943746612e-04 1.202864075468415502e-04
2.445945056126998679e+03 1.261672055644085671e-04 1.410484115050078936e-04 1.316371406116537905e-04 1.329509192270234171e-04
2.446045056076998662e+03 1.421877861651381152e-04 1.588660300913455055e-04 1.442359801578025139e-04 1.484299321380953872e-04
2.446145056026998645e+03 1.616606368557820255e-04 1.804885098437882787e-04 1.600881255719035048e-04 1.674124240904912425e-04
2.446245055976998628e+03 1.856312014722694354e-04 2.070542047417645037e-04 1.796775466257481864e-04 1.907876509465940599e-04
2.446345055926998612e+03 2.155979151589746865e-04 2.401787889379504676e-04 2.038096617686202625e-04 2.198621219551817694e-04
2.446445055876998595e+03 2.537291639797298695e-04 2.822006299760610381e-04 2.337190470442010166e-04 2.565496136666639386e-04
2.446545055826998578e+03 3.032322773517646692e-04 3.365519454144143816e-04 2.711963858600713491e-04 3.036602028754168542e-04
2.446645055776998561e+03 3.690480453082838389e-04 4.085038596364337616e-04 3.188931675985209424e-04 3.654816908477462171e-04
2.446745055726998544e+03 4.590070896274946535e-04 5.063259004562051116e-04 3.807464301822146690e-04 4.486931400886381809e-04
2.446845055676998527e+03 5.859520626683818127e-04 6.435197035710653974e-04 4.627876602061498264e-04 5.640864754818656788e-04
2.446945055626998510e+03 7.717028257626883493e-04 8.428545469515846952e-04 5.745619185306753652e-04 7.297064304149828394e-04
2.447045055576998493e+03 1.053770361660624289e-03 1.143444018152390152e-03 7.315556860946158518e-04 9.762566886358766197e-04
2.447145055526998476e+03 1.493822092868225815e-03 1.610508357029571350e-03 9.595620849152697611e-04 1.354630844937689156e-03
2.447245055476998459e+03 2.166858867625045398e-03 2.331101731010350696e-03 1.300697193915910637e-03 1.932885930850435866e-03
2.447345055426998442e+03 3.041771397525952231e-03 3.316674897132325384e-03 1.816345324224574297e-03 2.724930539627617304e-03
2.447445055376998425e+03 3.737430233473219409e-03 4.251353674572752941e-03 2.580579361455240684e-03 3.523121089833737823e-03
2.447545055326998408e+03 3.796784452179405994e-03 4.550957450311966107e-03 3.665092677929126033e-03 4.004278193473498511e-03
2.447645055276998391e+03 3.352979515097451093e-03 4.040309627574809569e-03 4.948222489358477735e-03 4.113837210676912944e-03
2.447745055226998375e+03 2.810765545135039765e-03 3.239401749199488298e-03 5.662323032712752134e-03 3.904163442349093110e-03
2.447845055176998358e+03 2.343764719704136482e-03 2.633643883835967703e-03 5.069475305987307910e-03 3.348961303175804032e-03
2.447945055126998341e+03 1.905863049182741475e-03 2.227408482817352237e-03 3.800082709995566445e-03 2.644451413998553241e-03
2.448045055076998324e+03 1.462887173319208549e-03 1.861087927077166538e-03 2.705548311861460595e-03 2.009841137419278272e-03
2.448145055026998307e+03 1.095756703819573182e-03 1.465470533987596946e-03 1.960449661370194246e-03 1.507225633059121458e-03
2.448245054976998290e+03 8.478404701824295443e-04 1.098937659196323746e-03 1.492513028134897840e-03 1.146430385837883493e-03
2.448345054926998273e+03 7.029180743596413500e-04 8.292091143604999335e-04 1.223254102266162777e-03 9.184604303287679117e-04
2.448445054876998256e+03 6.272420498642744622e-04 6.498301755601223247e-04 1.056157730799483271e-03 7.777433187412933525e-04
2.448545054826998239e+03 5.830848876909098090e-04 5.258660898445346402e-04 8.886814775664454800e-04 6.658774850339632375e-04
2.448645054776998222e+03 5.451291346787913309e-04 4.329928957066127662e-04 7.056805118520683047e-04 5.612675140791575576e-04
2.448745054726998205e+03 5.060367827958340853e-04 3.628388830614971737e-04 5.513818995482310274e-04 4.734191884685207260e-04
2.448845054676998188e+03 4.491286181047167967e-04 3.120897979383569767e-04 4.404144846581502844e-04 4.005443002337413707e-04
2.448945054626998171e+03 3.678550851383059588e-04 2.769675879136041180e-04 3.626753208070954810e-04 3.358326646196685373e-04
2.449045054576998155e+03 2.894815638056809771e-04 2.543961247133259785e-04 3.046010639390969569e-04 2.828262508193678986e-04
2.449145054526998138e+03 2.305041525683867174e-04 2.408718566966494708e-04 2.582541714462482279e-04 2.432100602370947963e-04
2.449245054476998121e+03 1.890957845199320005e-04 2.268824113430281621e-04 2.213210934264911163e-04 2.124330964298171110e-04
2.449345054426998104e+03 1.597056205720921165e-04 2.023295016676785970e-04 1.920166549634833909e-04 1.846839257344180167e-04
2.449445054376998087e+03 1.381675338776845675e-04 1.733726476667757398e-04 1.685654674376733085e-04 1.600352163273778539e-04
2.449545054326998070e+03 1.219344521956005191e-04 1.500293519915107639e-04 1.496728651721946008e-04 1.405455564531019703e-04
2.449645054276998053e+03 1.094878609455747644e-04 1.344454088812447982e-04 1.342590822749522759e-04 1.260641173672573021e-04
2.449745054226998036e+03 9.987738456206428719e-05 1.253086912725614912e-04 1.214919885894118358e-04 1.155593548080125426e-04
2.449845054176998019e+03 9.221082612824067228e-05 1.197082773024270194e-04 1.107843987617610670e-04 1.075678340641429150e-04
2.449945054126998002e+03 8.527242861415612271e-05 1.123445955100587528e-04 1.017038815041555570e-04 9.977363520945680634e-05
2.450045054076997985e+03 7.846781186246049825e-05 1.010459662560298248e-04 9.392856005233112980e-05 9.114744605694047525e-05
2.450145054026997968e+03 7.231179738006882616e-05 8.950926358202125350e-05 8.722892834511761554e-05 8.301666310240256958e-05
2.450245053976997951e+03 6.713113767571428554e-05 8.026219156418116921e-05 8.141218164100215166e-05 7.626850362696585073e-05
2.450345053926997934e+03 6.282118725550323165e-05 7.323770527901557221e-05 7.633560396903502911e-05 7.079816550118461099e-05
2.450445053876997918e+03 5.919193258067426101e-05 6.779162032392345568e-05 7.188690161285502282e-05 6.629015150581757984e-05
2.450545053826997901e+03 5.609435720951565121e-05 6.342872493393105719e-05 6.797390087892794222e-05 6.249899434079154569e-05
2.450645053776997884e+03 5.342527948924345965e-05 5.983398856897867213e-05 6.451995485340825229e-05 5.925974097054346362e-05
2.450745053726997867e+03 5.110538397567512115e-05 5.681202978369054632e-05 6.146442374085779776e-05 5.646061250007448164e-05
2.450845053676997850e+03 4.908774307447654275e-05 5.424188726806728389e-05 5.875970347109987833e-05 5.402977793788123499e-05
2.450945053626997833e+03 4.732199680482291801e-05 5.202773413208281746e-05 5.635814254845500555e-05 5.190262449512024701e-05
2.451045053576997816e+03 4.577528461571852712e-05 5.010791523896968811e-05 5.422248241640181913e-05 5.003522742369668038e-05
2.451145053526997799e+03 4.442505742130743030e-05 4.844267172560994439e-05 5.232853181015662621e-05 4.839875365235799578e-05
2.451245053476997782e+03 4.324768933822432758e-05 4.699094421836811400e-05 5.064743043456262456e-05 4.696202133038501753e-05
2.451345053426997765e+03 4.222655948806372598e-05 4.573085896165197316e-05 4.915859212272750365e-05 4.570533685748106760e-05
2.451445053376997748e+03 4.134598635659955814e-05 4.463924638298577460e-05 4.784381420439175647e-05 4.460968231465902974e-05
2.451545053326997731e+03 4.058653922945052074e-05 4.369317205719041821e-05 4.668048943258224485e-05 4.365340023974105901e-05
2.451645053276997714e+03 3.994380044484357263e-05 4.288011938487554372e-05 4.565882558796703167e-05 4.282758180589538041e-05
2.451745053226997697e+03 3.941645687921262756e-05 4.220036950435440318e-05 4.478077215990157196e-05 4.213253284782287434e-05
2.451845053176997681e+03 3.898779638154198840e-05 4.163141314472988859e-05 4.401949840934568235e-05 4.154623597853919096e-05
2.451945053126997664e+03 3.864547527868314296e-05 4.116129239251386824e-05 4.336780043078628134e-05 4.105818936732775289e-05
2.452045053076997647e+03 3.839906804347719370e-05 4.079730391380192333e-05 4.282755062703663023e-05 4.067464086143858016e-05
2.452145053026997630e+03 3.823053671800105512e-05 4.051793564363466427e-05 4.238122514025833762e-05 4.037656583396468567e-05
2.452245052976997613e+03 3.814973008365825298e-05 4.033385447302438831e-05 4.203251128841306979e-05 4.017203194836523928e-05
2.452345052926997596e+03 3.813844970811155604e-05 4.022633025554454129e-05 4.177008714525427119e-05 4.004495570297012284e-05
2.452445052876997579e+03 3.821554586405141469e-05 4.021272578767347847e-05 4.160214587658201259e-05 4.001013917610230191e-05
2.452545052826997562e+03 3.835606816991815946e-05 4.026794724100654508e-05 4.150927926001912656e-05 4.004443155698127703e-05
2.452645052776997545e+03 3.857449278632022041e-05 4.040070818112071919e-05 4.149781696651417282e-05 4.015767264465169736e-05
2.452745052726997528e+03 3.886195106630148453e-05 4.061502473459574969e-05 4.156750637219302054e-05 4.034816072436341148e-05
2.452845052676997511e+03 3.922296451267971045e-05 4.089873250610175516e-05 4.171300513470927281e-05 4.061156738449691732e-05
2.452945052626997494e+03 3.966967204666995084e-05 4.126456796017389020e-05 4.194141682355345999e-05 4.095855227679909809e-05
2.453045052576997477e+03 4.017106196201108905e-05 4.169123166854567301e-05 4.223127817251859850e-05 4.136452393435845578e-05
2.453145052526997461e+03 4.075474436425441485e-05 4.220227408800707864e-05 4.260498196872985457e-05 4.185400014033044484e-05
2.453245052476997444e+03 4.143305675397920980e-05 4.280859706221818903e-05 4.307627937605536982e-05 4.243931106408425170e-05
2.453345052426997427e+03 4.217985893843871636e-05 4.347926600412505986e-05 4.361146669755316138e-05 4.309019721337231028e-05
2.453445052376997410e+03 4.300881303486617615e-05 4.423151877307071557e-05 4.421934266263318364e-05 4.381989149019002738e-05
2.453545052326997393e+03 4.394380471548234247e-05 4.508526546101890927e-05 4.493283885441726709e-05 4.465396967697283283e-05
2.453645052276997376e+03 4.496550784343165540e-05 4.602533130659789968e-05 4.572002189500394683e-05 4.557028701501116279e-05
2.453745052226997359e+03 4.610547549368579351e-05 4.707352288306500650e-05 4.662249223126714814e-05 4.660049686933932057e-05
2.453845052176997342e+03 4.733616841444662949e-05 4.820286321095097818e-05 4.759129678522690661e-05 4.771010947020816917e-05
2.453945052126997325e+03 4.870720255504212907e-05 4.945645865576207422e-05 4.868058049732952813e-05 4.894808056937791047e-05
2.454045052076997308e+03 5.021375075545907028e-05 5.083866771428170999e-05 4.989725455895948979e-05 5.031655767623341658e-05
2.454145052026997291e+03 5.185984964151527831e-05 5.233893682162792170e-05 5.121245408057701660e-05 5.180374684790673887e-05
2.454245051976997274e+03 5.366358427138683067e-05 5.394133205886025064e-05 5.265788181620259203e-05 5.342093271548322445e-05
2.454345051926997257e+03 5.571031474280533898e-05 5.578678927449532023e-05 5.431064276768155527e-05 5.526924892832740257e-05
2.454445051876997240e+03 5.788465114684892730e-05 5.774274443770321735e-05 5.604311941522792839e-05 5.722350499992669327e-05
2.454545051826997224e+03 6.041664782689697046e-05 5.995582273762730508e-05 5.805925087180552167e-05 5.947724047877660133e-05
2.454645051776997207e+03 6.321406039457082250e-05 6.230666204468046654e-05 6.022749997922963974e-05 6.191607413949363841e-05
2.454745051726997190e+03 6.646910021124039164e-05 6.507723482664033829e-05 6.283827033380099596e-05 6.479486845722723745e-05
2.454845051676997173e+03 7.032051993137097834e-05 6.815952302275509269e-05 6.580874575947899573e-05 6.809626290453502226e-05
2.454945051626997156e+03 7.534892202071688061e-05 7.223781528478668244e-05 7.002271298734898542e-05 7.253648343095085401e-05
2.455045051576997139e+03 8.087863354070776319e-05 7.633615523304443189e-05 7.411081750006705098e-05 7.710853542460640632e-05
2.455145051526997122e+03 8.685913581266936840e-05 8.010153075182929760e-05 7.676383161063831328e-05 8.124149939171232643e-05
2.455245051476997105e+03 9.555752985791734144e-05 8.586995202266625422e-05 8.002692196428540261e-05 8.715146794828966157e-05
2.455345051426997088e+03 1.029816775659229874e-04 8.956510599256978342e-05 8.309580382534842240e-05 9.188086246128040677e-05
2.455445051376997071e+03 1.125989308622965410e-04 9.267089028772505755e-05 8.621931080233217635e-05 9.716304398411792045e-05
2.455545051326997054e+03 1.279125702905128568e-04 9.814428210897432480e-05 9.083091505339545171e-05 1.056292558176275399e-04
2.455645051276997037e+03 1.448715314444997109e-04 1.045567316171922370e-04 9.618943550265662541e-05 1.152058995214495335e-04
2.455745051226997020e+03 1.536269612937840178e-04 1.104753954359882908e-04 1.013042530292823185e-04 1.218022032530182135e-04
2.455845051176997003e+03 1.503895069799887922e-04 1.153985981145716326e-04 1.058362419748029955e-04 1.238747823564544689e-04
2.455945051126996987e+03 1.444639758528607333e-04 1.205974202583348572e-04 1.106682665793732185e-04 1.252432208968562606e-04
2.456045051076996970e+03 1.424749086809766192e-04 1.270644826128274974e-04 1.165087066143045475e-04 1.286826993027029016e-04
2.456145051026996953e+03 1.449593382433793560e-04 1.350096743593272308e-04 1.235160634944280325e-04 1.344950253657115308e-04
2.456245050976996936e+03 1.509828443278929736e-04 1.444915151075904349e-04 1.317520666078745521e-04 1.424088086811193382e-04
2.456345050926996919e+03 1.594835152118171968e-04 1.552652240198454782e-04 1.410262699886205323e-04 1.519250030734277358e-04
2.456445050876996902e+03 1.704874450840941017e-04 1.680572595843963710e-04 1.518375501447224649e-04 1.634607516044043216e-04
2.456545050826996885e+03 1.831305569508616675e-04 1.819054270978850811e-04 1.637143513338830186e-04 1.762501117942099314e-04
2.456645050776996868e+03 1.979273288492061438e-04 1.975896257506587765e-04 1.771898625158819726e-04 1.909022723719156129e-04
2.456745050726996851e+03 2.157542047991114207e-04 2.161785032109173011e-04 1.928934808272198345e-04 2.082753962790828521e-04
2.456845050676996834e+03 2.369857126552660123e-04 2.380192258371214230e-04 2.112351725951066564e-04 2.287467036958313910e-04
2.456945050626996817e+03 2.616856677439619028e-04 2.634158267067542394e-04 2.321964971372203577e-04 2.524326638626454909e-04
2.457045050576996800e+03 2.911590738584013643e-04 2.938269932401433053e-04 2.573680152851847997e-04 2.807846941279097870e-04
2.457145050526996783e+03 3.265890964205539547e-04 3.302008218421769977e-04 2.872389795452936091e-04 3.146762992693415205e-04
2.457245050476996767e+03 3.695145188846852050e-04 3.742841647841082435e-04 3.230916127845887107e-04 3.556300988177940169e-04
2.457345050426996750e+03 4.221726219585542213e-04 4.284889252493172479e-04 3.665670274658985222e-04 4.057428582245899791e-04
2.457445050376996733e+03 4.881165366165599712e-04 4.964189472646422579e-04 4.206820055213405683e-04 4.684058298008475811e-04
2.457545050326996716e+03 5.717974565429616123e-04 5.830109773458823016e-04 4.888220326199801524e-04 5.478768221696079859e-04
2.457645050276996699e+03 6.804641864290209658e-04 6.961719498959334897e-04 5.767599760622160081e-04 6.511320374623901907e-04
2.457745050226996682e+03 8.260359027033067729e-04 8.485374992551076440e-04 6.942987531231940021e-04 7.896240516938695091e-04
2.457845050176996665e+03 1.027966470873958697e-03 1.061213430928093643e-03 8.572292634410221858e-04 9.821363884143579585e-04
2.457945050126996648e+03 1.339670444549868975e-03 1.388182643077379066e-03 1.116253438098957929e-03 1.281368841908735396e-03
2.458045050076996631e+03 1.678965490494466585e-03 1.766355074945688813e-03 1.335565407696866430e-03 1.593628657712340682e-03
2.458145050026996614e+03 2.042915575158315254e-03 2.177259087225608212e-03 1.617311692281743398e-03 1.945828784888555549e-03
2.458245049976996597e+03 2.686280234759408619e-03 2.905921276833039243e-03 2.113912069011329980e-03 2.568704526867926236e-03
2.458345049926996580e+03 3.741335186762230827e-03 4.092095221616350725e-03 2.910650082339925546e-03 3.581360163572835410e-03
2.458445049876996563e+03 5.351681711303771585e-03 5.775306216536471929e-03 4.107813399571455873e-03 5.078267109137233129e-03
2.458545049826996546e+03 7.479017543848508025e-03 7.487647049701078375e-03 5.623687788266925301e-03 6.863450793938837523e-03
2.458645049776996530e+03 9.548341549714123300e-03 8.235606298976006628e-03 6.911964523913826861e-03 8.231970790867983861e-03
2.458745049726996513e+03 1.054406509200006906e-02 7.831298393421318518e-03 7.280404868916136828e-03 8.551922784779175668e-03
2.458845049676996496e+03 8.903556729605906911e-03 7.260418218721766646e-03 6.716360244587988096e-03 7.626778397638553884e-03
2.458945049626996479e+03 6.532658317426599109e-03 6.953772785835572387e-03 6.453791700429501246e-03 6.646740934563889758e-03
2.459045049576996462e+03 4.895210241452429764e-03 6.258798752280545462e-03 6.259691594932869849e-03 5.804566862888613579e-03
2.459145049526996445e+03 3.770393998691392093e-03 5.106491479276813877e-03 5.632320878924412105e-03 4.836402118964206603e-03
2.459245049476996428e+03 3.020687811612507868e-03 4.036128288789018678e-03 4.837373132073545523e-03 3.964729744158356634e-03
2.459345049426996411e+03 2.544831564243255420e-03 3.275880043068028855e-03 4.247676052455049561e-03 3.356129219922111134e-03
2.459445049376996394e+03 2.257394419161360809e-03 2.776166607276043304e-03 3.867305155724899256e-03 2.966955394054100834e-03
2.459545049326996377e+03 2.099228839773587332e-03 2.448777515563327779e-03 3.552104940655879516e-03 2.700037098664264876e-03
2.459645049276996360e+03 2.019565935904146358e-03 2.229503530950238503e-03 3.289550158954008402e-03 2.512873208602797899e-03
2.459745049226996343e+03 1.952195242709885929e-03 2.068067095193306185e-03 3.067080937717678920e-03 2.362447758540290633e-03
2.459845049176996326e+03 1.835445296896475289e-03 1.931283547014135595e-03 2.793558650824491327e-03 2.186762498245033853e-03
2.459945049126996309e+03 1.665389618779430881e-03 1.798418859392789983e-03 2.455712620198374514e-03 1.973173699456865198e-03
2.460045049076996293e+03 1.481825351080213278e-03 1.678956010723019155e-03 2.089604283833210955e-03 1.750128548545481274e-03
2.460145049026996276e+03 1.325271688874318744e-03 1.587766515070400180e-03 1.779117788911985200e-03 1.564051997618901230e-03
2.460245048976996259e+03 1.214230337316021639e-03 1.511077647150592222e-03 1.547059816330336596e-03 1.424122600265650008e-03
2.460345048926996242e+03 1.143892045304549694e-03 1.440195467173956221e-03 1.384850408422547922e-03 1.322979306967017946e-03
2.460445048876996225e+03 1.108499894149779161e-03 1.375103007624248154e-03 1.279642023353252380e-03 1.254414975042426710e-03
2.460545048826996208e+03 1.105601218125864052e-03 1.327854958308662082e-03 1.220903180525433106e-03 1.218119785653319674e-03
2.460645048776996191e+03 1.116565536924301596e-03 1.286515888492596130e-03 1.193222777999162132e-03 1.198768067805353358e-03
2.460745048726996174e+03 1.135256893502503174e-03 1.257800742360482222e-03 1.193884252230238740e-03 1.195647296031074639e-03
2.460845048676996157e+03 1.146452708449627149e-03 1.224684214674137380e-03 1.210595054116952746e-03 1.193910659080239019e-03
2.460945048626996140e+03 1.143185207434973183e-03 1.170610909659917367e-03 1.234918634149652491e-03 1.182904917081514275e-03
2.461045048576996123e+03 1.124291122636892530e-03 1.089367302781413596e-03 1.257377109729948062e-03 1.157011845049418135e-03
2.461145048526996106e+03 1.086610651508636977e-03 9.878042009170138246e-04 1.265113429281859410e-03 1.113176093902503404e-03
2.461245048476996089e+03 1.027096590153177974e-03 8.806826818396877197e-04 1.246003446155196422e-03 1.051260906049353858e-03
2.461345048426996073e+03 9.496798418170597847e-04 7.815561688813026965e-04 1.195107608986992285e-03 9.754478732284516248e-04
2.461445048376996056e+03 8.653585639500704441e-04 6.982003312269813387e-04 1.117769495450227947e-03 8.937761302090931710e-04
2.461545048326996039e+03 7.855213730114605488e-04 6.330069026775769769e-04 1.026335772317293199e-03 8.149546826687769805e-04
2.461645048276996022e+03 7.152481115448972677e-04 5.847295389252949935e-04 9.324176606360090602e-04 7.441317703687337377e-04
2.461745048226996005e+03 6.577550581333628087e-04 5.490533533522287462e-04 8.438919766190007728e-04 6.835667960348641454e-04
2.461845048176995988e+03 6.113881957971378702e-04 5.245932285590242019e-04 7.651362052226529185e-04 6.337058765262716274e-04
2.461945048126995971e+03 5.716335383089340971e-04 5.068314196216727090e-04 6.925482142280058560e-04 5.903377240528709597e-04
2.462045048076995954e+03 5.350566438408454464e-04 4.923224072433110207e-04 6.298259222299573126e-04 5.524016577713712238e-04
2.462145048026995937e+03 4.978694869857270937e-04 4.780317267527534270e-04 5.756084480262076272e-04 5.171698872548960131e-04
2.462245047976995920e+03 4.597798304558875461e-04 4.625599566347368945e-04 5.303810102521581884e-04 4.842402657809275791e-04
2.462345047926995903e+03 4.226533190155083936e-04 4.454066423892318397e-04 4.934673658225644443e-04 4.538424424091015231e-04
2.462445047876995886e+03 3.885422765045475784e-04 4.258556945870018416e-04 4.623295184389664917e-04 4.255758298435053039e-04
2.462545047826995869e+03 3.592499473066173882e-04 4.033948805094508946e-04 4.339483627113093650e-04 3.988643968424592521e-04
2.462645047776995852e+03 3.357587759099762092e-04 3.779529974587057762e-04 4.060305242090887215e-04 3.732474325259235509e-04
2.462745047726995836e+03 3.172488214006013540e-04 3.501203534477704974e-04 3.777343323231733326e-04 3.483678357238484489e-04
2.462845047676995819e+03 3.008105605932477546e-04 3.211544251005655159e-04 3.496982617575577525e-04 3.238877491504570257e-04
2.462945047626995802e+03 2.832686712953809221e-04 2.924255862945221744e-04 3.230356770242676480e-04 2.995766448713902482e-04
2.463045047576995785e+03 2.641282782628590737e-04 2.651912578147906912e-04 2.987306384878192370e-04 2.760167248551563340e-04
2.463145047526995768e+03 2.453683283602619810e-04 2.407019327851726820e-04 2.778085548855908655e-04 2.546262720103418609e-04
2.463245047476995751e+03 2.285769467011124700e-04 2.195415309618606509e-04 2.610768430684531080e-04 2.363984402438087159e-04
2.463345047426995734e+03 2.142394568273079086e-04 2.016779304236301635e-04 2.491850152477961561e-04 2.217008008329114004e-04
2.463445047376995717e+03 2.022745070143019974e-04 1.868663693875353938e-04 2.424759656556934001e-04 2.105389473525102909e-04
2.463545047326995700e+03 1.924147122737204915e-04 1.750797777793655391e-04 2.405659461847085574e-04 2.026868120792648536e-04
2.463645047276995683e+03 1.838904874243316666e-04 1.660144233332378491e-04 2.413630289801963348e-04 1.970893132459219683e-04
2.463745047226995666e+03 1.763322764131541843e-04 1.593064325791629290e-04 2.414266753173536758e-04 1.923551281032236234e-04
2.463845047176995649e+03 1.700473954709596841e-04 1.544733377481832587e-04 2.372235704049628754e-04 1.872481012080352727e-04
2.463945047126995632e+03 1.654875730111316228e-04 1.509599628682119091e-04 2.277494650039071965e-04 1.813990002944169185e-04
2.464045047076995615e+03 1.630115144306981689e-04 1.487189009639237956e-04 2.155457970266454854e-04 1.757587374737557895e-04
2.464145047026995599e+03 1.622064219476532210e-04 1.475197915408641390e-04 2.034811947212710208e-04 1.710691360699294512e-04
2.464245046976995582e+03 1.625347680018076430e-04 1.471837494135209892e-04 1.932039204062241096e-04 1.676408126071842473e-04
2.464345046926995565e+03 1.637677512898510427e-04 1.477579810006714991e-04 1.853598295230255040e-04 1.656285206045160334e-04
2.464445046876995548e+03 1.655629985289868832e-04 1.490568810888242461e-04 1.797289584059828696e-04 1.647829460079313420e-04
2.464545046826995531e+03 1.678553497006616418e-04 1.510691774641615163e-04 1.760435879259390746e-04 1.649893716969207352e-04
2.464645046776995514e+03 1.706096947187620428e-04 1.537488791570590211e-04 1.740061341859263277e-04 1.661215693539157972e-04
2.464745046726995497e+03 1.739271295812035590e-04 1.571430944840052242e-04 1.734404855643373474e-04 1.681702365431820526e-04
2.464845046676995480e+03 1.779187188574892951e-04 1.612767033248504458e-04 1.742129282662322777e-04 1.711361168161906548e-04
2.464945046626995463e+03 1.828680832759612795e-04 1.663218791512459523e-04 1.763939879482892884e-04 1.751946501251655248e-04
2.465045046576995446e+03 1.891474729564005214e-04 1.725195070793309100e-04 1.801477593057490220e-04 1.806049131138268268e-04
2.465145046526995429e+03 1.971250378490689386e-04 1.800686909029632294e-04 1.856376131588475869e-04 1.876104473036265940e-04
2.465245046476995412e+03 2.074908765599043942e-04 1.894529672749918484e-04 1.933026669470955467e-04 1.967488369273306145e-04
2.465345046426995395e+03 2.211934537503603185e-04 2.013682240108467109e-04 2.037764524503892156e-04 2.087793767371987574e-04
2.465445046376995379e+03 2.394138519261977249e-04 2.166942928145234378e-04 2.177828114840853549e-04 2.246303187416021725e-04
2.465545046326995362e+03 2.639652032559856756e-04 2.369512219492865340e-04 2.364578511053879654e-04 2.457914254368867069e-04
2.465645046276995345e+03 2.969440331227916679e-04 2.641272128492422062e-04 2.608960620337078592e-04 2.739891026685805958e-04
2.465745046226995328e+03 3.402062388455291990e-04 3.006840504617655811e-04 2.917314953639711856e-04 3.108739282237553219e-04
2.465845046176995311e+03 3.929210723585361696e-04 3.483082608488166404e-04 3.275739874205043051e-04 3.562677735426190745e-04
2.465945046126995294e+03 4.474349762941494998e-04 4.051659759343737618e-04 3.632093434566749097e-04 4.052700985617327238e-04
2.466045046076995277e+03 4.868445046408060879e-04 4.608104914041002195e-04 3.885925750368219743e-04 4.454158570272427425e-04
2.466145046026995260e+03 4.955647579701109254e-04 4.953558387175973840e-04 3.933085565068522474e-04 4.614097177315201856e-04
2.466245045976995243e+03 4.748837033821598627e-04 4.912555769936648815e-04 3.749546477589546989e-04 4.470313093782598505e-04
2.466345045926995226e+03 4.389197590702973578e-04 4.520107371048225769e-04 3.420961612776742249e-04 4.110088858175980171e-04
2.466445045876995209e+03 4.004670432197124765e-04 4.001494744571980106e-04 3.071277109456671127e-04 3.692480762075258304e-04
2.466545045826995192e+03 3.665301737961701120e-04 3.552170725950893476e-04 2.782517751068339443e-04 3.333330071660311165e-04
2.466645045776995175e+03 3.388004112867625634e-04 3.238718340995479922e-04 2.577593656209089656e-04 3.068105370024064890e-04
2.466745045726995158e+03 3.169411318994075203e-04 3.050547950594697274e-04 2.447123609118659966e-04 2.889027626235810995e-04
2.466845045676995142e+03 3.000043330499890457e-04 2.950258846837831286e-04 2.368027550813350368e-04 2.772776576050357822e-04
2.466945045626995125e+03 2.870111278632356180e-04 2.903006079157315436e-04 2.319788082228690094e-04 2.697635146672786965e-04
2.467045045576995108e+03 2.769949135307297658e-04 2.883085295734848686e-04 2.287952327404652270e-04 2.646995586148932962e-04
2.467145045526995091e+03 2.690147484039155375e-04 2.872203363874695063e-04 2.262279684923629004e-04 2.608210177612492876e-04
2.467245045476995074e+03 2.625357324415904443e-04 2.860614395054618072e-04 2.238228241749774100e-04 2.574733320406765629e-04
2.467345045426995057e+03 2.570223747080581812e-04 2.841095330668845249e-04 2.211601718221288754e-04 2.540973598656905271e-04
2.467445045376995040e+03 2.522894631246743488e-04 2.811485924848052486e-04 2.181739709905225239e-04 2.505373422000007071e-04
2.467545045326995023e+03 2.481226070193847159e-04 2.770399804353991286e-04 2.147769931466068016e-04 2.466465268671302153e-04
2.467645045276995006e+03 2.443504985199339416e-04 2.717848756017169579e-04 2.109443220777107659e-04 2.423598987331205461e-04
2.467745045226994989e+03 2.408940437333904590e-04 2.655565258632364362e-04 2.067706704033984316e-04 2.377404133333417937e-04
2.467845045176994972e+03 2.377402196516677148e-04 2.586481826305889230e-04 2.024441123713449241e-04 2.329441715512005297e-04
2.467945045126994955e+03 2.346581751453248946e-04 2.511609174064974499e-04 1.979368320899755186e-04 2.279186415472659363e-04
2.468045045076994938e+03 2.315804138045576247e-04 2.433514721820222637e-04 1.933830879213078633e-04 2.227716579692959353e-04
2.468145045026994921e+03 2.282404300736139526e-04 2.352449727262453493e-04 1.886977054092298209e-04 2.173943694030297167e-04
2.468245044976994905e+03 2.242718254945123271e-04 2.267252934729105732e-04 1.836769064748446708e-04 2.115580084807558751e-04
2.468345044926994888e+03 2.192778111328153013e-04 2.176126478828037240e-04 1.781120740527737786e-04 2.050008443561309346e-04
2.468445044876994871e+03 2.124026466983952642e-04 2.072611773800424101e-04 1.713652481832809028e-04 1.970096907539061653e-04
2.468545044826994854e+03 2.023651537192353706e-04 1.946227289218569910e-04 1.624706032854307612e-04 1.864861619755076895e-04
2.468645044776994837e+03 1.871749249341610752e-04 1.780182069208021095e-04 1.499114387880699198e-04 1.717015235476776925e-04
2.468745044726994820e+03 1.644696279184237322e-04 1.554342093008198968e-04 1.318679245772602963e-04 1.505905872655013175e-04
2.468845044676994803e+03 1.347233187638155320e-04 1.273148793966724060e-04 1.086614967888903209e-04 1.235665649831260953e-04
2.468945044626994786e+03 1.046645061626564114e-04 9.948673453667992333e-05 8.537442639527953068e-05 9.650855569820528394e-05
2.469045044576994769e+03 8.119760236912512241e-05 7.785235337523093184e-05 6.719325237168510584e-05 7.541440270534706240e-05
2.469145044526994752e+03 6.498475835768807490e-05 6.284561620163596669e-05 5.458740253925133264e-05 6.080592569952512926e-05
2.469245044476994735e+03 5.392026538034254396e-05 5.253147319465090506e-05 4.593793897534158283e-05 5.079655918344501062e-05
2.469345044426994718e+03 4.613158416611532451e-05 4.521389207527039939e-05 3.981047031395145309e-05 4.371864885177906577e-05
2.469445044376994701e+03 4.042765700230135624e-05 3.981406606970648408e-05 3.529230184196928633e-05 3.851134163799237555e-05
2.469545044326994685e+03 3.609373451172997050e-05 3.568240995332478793e-05 3.183497012844250460e-05 3.453703819783242101e-05
2.469645044276994668e+03 3.269501308622340047e-05 3.242193335612752743e-05 2.910421772478998049e-05 3.140705472238029941e-05
2.469745044226994651e+03 2.995808723429637895e-05 2.978173230064646792e-05 2.688942906754711985e-05 2.887641620082999117e-05
2.469845044176994634e+03 2.770467994721610971e-05 2.759734314056565816e-05 2.505296861537836863e-05 2.678499723438671217e-05
2.469945044126994617e+03 2.581447780787984403e-05 2.575719644973289589e-05 2.350173988682428404e-05 2.502447138147900912e-05
2.470045044076994600e+03 2.420372886793350212e-05 2.418323371599347349e-05 2.217078745996573351e-05 2.351925001463090191e-05
2.470145044026994583e+03 2.281250849623865748e-05 2.281933249567703092e-05 2.101352744050431418e-05 2.221512281080666640e-05
2.470245043976994566e+03 2.159688931927596393e-05 2.162416240915830443e-05 1.999573198271979591e-05 2.107226123705135363e-05
2.470345043926994549e+03 2.052397511616590016e-05 2.056663688626539482e-05 1.909170862199212665e-05 2.006077354147447388e-05
2.470445043876994532e+03 1.956866032229835571e-05 1.962293402051152737e-05 1.828180358082370893e-05 1.915779930787786062e-05
2.470545043826994515e+03 1.871146029627538681e-05 1.877449431421467617e-05 1.755072761413732687e-05 1.834556074154246102e-05
2.470645043776994498e+03 1.793702426414353173e-05 1.800664331746900130e-05 1.688640693324631662e-05 1.761002483828628322e-05
2.470745043726994481e+03 1.723309444815905711e-05 1.730762406742060634e-05 1.627917773208629575e-05 1.693996541588865533e-05
2.470845043676994464e+03 1.658976348283881615e-05 1.666790436887423019e-05 1.572121071556498235e-05 1.632629285575934290e-05
2.470945043626994448e+03 1.599893539523344313e-05 1.607967227290034242e-05 1.520609278584438127e-05 1.576156681799271945e-05
2.471045043576994431e+03 1.545392813856089650e-05 1.553646281903380439e-05 1.472851815082866724e-05 1.523963636947445604e-05
2.471145043526994414e+03 1.494917627807886012e-05 1.503287795320885933e-05 1.428405694246011342e-05 1.475537039124927762e-05
2.471245043476994397e+03 1.448000563619790583e-05 1.456437359160656736e-05 1.386897960728258537e-05 1.430445294502902008e-05
2.471345043426994380e+03 1.404246042455671857e-05 1.412709579724551813e-05 1.348012200429888542e-05 1.388322607536704071e-05
2.471445043376994363e+03 1.363316914414506547e-05 1.371775335446734467e-05 1.311478062440496074e-05 1.348856770767245583e-05
2.471545043326994346e+03 1.324923949391336000e-05 1.333351763580930698e-05 1.277063036997690651e-05 1.311779583323318947e-05
2.471645043276994329e+03 1.288817522744869001e-05 1.297194317787050812e-05 1.244565941628523778e-05 1.276859260720148033e-05
2.471745043226994312e+03 1.254780978142556308e-05 1.263090414089895590e-05 1.213811715650612999e-05 1.243894369294354740e-05
2.471845043176994295e+03 1.222625287764790842e-05 1.230854304794066393e-05 1.184647225219838076e-05 1.212708939259565216e-05
2.471945043126994278e+03 1.192184720851200355e-05 1.200322913537511959e-05 1.156937857709977734e-05 1.183148497366230072e-05
2.472045043076994261e+03 1.163313306580193145e-05 1.171352425777094648e-05 1.130564736918637859e-05 1.155076823091975217e-05
2.472145043026994244e+03 1.135881925873528957e-05 1.143815480297474622e-05 1.105422429492787399e-05 1.128373278554596936e-05
2.472245042976994228e+03 1.109775904619599978e-05 1.117598840937669843e-05 1.081417046168295678e-05 1.102930597241855166e-05
2.472345042926994211e+03 1.084893011312680070e-05 1.092601455532984188e-05 1.058464658222743178e-05 1.078653041689469145e-05
2.472445042876994194e+03 1.061141780402858265e-05 1.068732828266845727e-05 1.036489971135825086e-05 1.055454859935176190e-05
2.472545042826994177e+03 1.038440101755656146e-05 1.045911648231965056e-05 1.015425207557624438e-05 1.033258985848415326e-05
2.472645042776994160e+03 1.016714028618835414e-05 1.024064628098462583e-05 9.952091603328437137e-06 1.011995939016714073e-05
2.472745042726994143e+03 9.958967643747657672e-06 1.003125516387030950e-05 9.757863886886061541e-06 9.916028898168009005e-06
2.472845042676994126e+03 9.759277978183880100e-06 9.830342527877673021e-06 9.571065301374156431e-06 9.720228602478569286e-06
2.472945042626994109e+03 9.567521628078256085e-06 9.637362441713583609e-06 9.391237107117807889e-06 9.532040392303215296e-06
2.473045042576994092e+03 9.383198007288093140e-06 9.451817405239575862e-06 9.217960367318859199e-06 9.350991926615508836e-06
2.473145042526994075e+03 9.205850101914354668e-06 9.273252955243520626e-06 9.050851553151812809e-06 9.176651536769897164e-06
2.473245042476994058e+03 9.035059698586735729e-06 9.101252983227736475e-06 8.889558728472360397e-06 9.008623803428944765e-06
2.473345042426994041e+03 8.870443235273463788e-06 8.935435659821318617e-06 8.733758227846708861e-06 8.846545707647164320e-06
2.473445042376994024e+03 8.711648179797319859e-06 8.775449874198142341e-06 8.583151752384696678e-06 8.690083268793383469e-06
2.473545042326994007e+03 8.558349859101201373e-06 8.620972114055857146e-06 8.437463824843203681e-06 8.538928599333420733e-06
2.473645042276993991e+03 8.410248675402309340e-06 8.471703723024257948e-06 8.296439550702698100e-06 8.392797316376421796e-06
2.473745042226993974e+03 8.267067654502033666e-06 8.327368484147281785e-06 8.159842644114208309e-06 8.251426260921175716e-06
2.473845042176993957e+03 8.128550280645673352e-06 8.187710483496211798e-06 8.027453682189444976e-06 8.114571482110442810e-06
