7088.765144962    1.5593109705e-05    1.5191412141e-05    1.5340947953e-05    1.537515659966667e-05
7088.865144932    1.4776477681994517e-05    1.4369386477612641e-05    1.452108955196245e-05    1.4555651237189869e-05
7088.965144901999    1.3980220525756623e-05    1.3568008309829246e-05    1.3721779455588396e-05    1.3756669430391418e-05
7089.065144871999    1.3207301794633757e-05    1.2790187536045639e-05    1.2945942486260198e-05    1.2981143938979864e-05
7089.165144841999    1.2471325512182506e-05    1.204949060084736e-05    1.2207156411554299e-05    1.2242657508194721e-05
7089.265144811999    1.1775573045636887e-05    1.134924316837939e-05    1.1508730605646927e-05    1.1544515606554404e-05
7089.365144781998    1.1116068627119651e-05    1.0685299295110748e-05    1.084658060788174e-05    1.0882649510037378e-05
7089.465144751998    1.050113760036409e-05    1.0066055825420284e-05    1.02290763567679e-05    1.0265423260850755e-05
7089.565144721998    9.928640995603554e-06    9.489340440628713e-06    9.654057740656433e-06    9.690679725629566e-06
7089.665144691998    9.397366857054158e-06    8.95388422874587e-06    9.120276222124152e-06    9.15717576930806e-06
7089.7651446619975    8.905828134327516e-06    8.45819973776492e-06    8.626244119207718e-06    8.663423997100054e-06
7089.865144631997    8.45398523789461e-06    8.002193871332536e-06    8.171888246587506e-06    8.209355785271552e-06
7089.965144601997    8.035315914620337e-06    7.579367167887017e-06    7.75070220488059e-06    7.788461762462647e-06
7090.065144571997    7.648010034105152e-06    7.187890721870495e-06    7.360864778678264e-06    7.3989218448846374e-06
7090.165144541997    7.293634781589235e-06    6.829287868945321e-06    7.003914248205503e-06    7.042278966246685e-06
7090.265144511996    6.966578865062757e-06    6.497965119163658e-06    6.674252090390936e-06    6.7129320248724505e-06
7090.365144481996    6.665837758669262e-06    6.192896425641861e-06    6.37086136788753e-06    6.409865184066218e-06
7090.465144451996    6.386332630686407e-06    5.909082631760768e-06    6.088712607669033e-06    6.128042623372068e-06
7090.565144421996    6.128433989063561e-06    5.646816265849468e-06    5.828128211166759e-06    5.8677928220265955e-06
7090.665144391995    5.8924344732085e-06    5.4063331101654775e-06    5.589364294365728e-06    5.629377292579901e-06
7090.765144361995    5.674637570591136e-06    5.184043714946305e-06    5.368794129330842e-06    5.409158471622761e-06
7090.865144331995    5.470418149892762e-06    4.9752776608367986e-06    5.161764543696953e-06    5.202486784808839e-06
7090.965144301995    5.282100511605246e-06    4.782321199521715e-06    4.970574635162377e-06    5.011665448763112e-06
7091.0651442719945    5.107834471744869e-06    4.603349167116486e-06    4.793390973676625e-06    4.834858204179327e-06
7091.165144241994    4.944291538118801e-06    4.435036619760321e-06    4.62688630364349e-06    4.6687381538408705e-06
7091.265144211994    4.7902257475020625e-06    4.2761250632455985e-06    4.469808205294552e-06    4.512053005347404e-06
7091.365144181994    4.648495197206836e-06    4.12942379217879e-06    4.324984116236645e-06    4.367634368540757e-06
7091.465144151994    4.518028065791179e-06    3.993874975353155e-06    4.191349472448232e-06    4.2344175045308555e-06
7091.565144121993    4.3947078593976695e-06    3.865462728271161e-06    4.0648546352647864e-06    4.108341740977872e-06
7091.665144091993    4.277147929179708e-06    3.7427780980649813e-06    3.944097927891909e-06    3.9880079850455325e-06
7091.765144061993    4.166570045508283e-06    3.626913555388603e-06    3.830217397232349e-06    3.8745669993764125e-06
7091.865144031993    4.065577291139614e-06    3.5205519189706393e-06    3.7258687444497333e-06    3.7706659848533294e-06
7091.9651440019925    3.971388148522147e-06    3.42091002096901e-06    3.6282704835499398e-06    3.673522884347033e-06
7092.065143971992    3.8829602919423224e-06    3.3269547633640425e-06    3.5363838823841755e-06    3.582099645896847e-06
7092.165143941992    3.798089673887259e-06    3.236458456969775e-06    3.4479884557406177e-06    3.494178862199217e-06
7092.265143911992    3.7179137676531756e-06    3.150544148106892e-06    3.3642179964962884e-06    3.4108919707521184e-06
7092.365143881992    3.644589657406148e-06    3.071428743052654e-06    3.2872674805716562e-06    3.3344286270101525e-06
7092.465143851991    3.5743983396292905e-06    2.9953095545291822e-06    3.2133609621683474e-06    3.26102295210894e-06
7092.565143821991    3.5079706131817196e-06    2.9228535022052023e-06    3.143153322373088e-06    3.1913258125866697e-06
7092.665143791991    3.447070747133667e-06    2.855785260704283e-06    3.0783836368109468e-06    3.1270798815496323e-06
7092.765143761991    3.387917968438717e-06    2.790422418160079e-06    3.015334533494986e-06    3.064558306697927e-06
7092.86514373199    3.3307815254837208e-06    2.7269659788203306e-06    2.954230062390878e-06    3.003992522231643e-06
7092.96514370199    3.280124472482823e-06    2.66984504632836e-06    2.8995128663410373e-06    2.949827461717407e-06
7093.06514367199    3.230466153497313e-06    2.613611357520285e-06    2.8457238248840734e-06    2.896600445300557e-06
7093.16514364199    3.1821522270489113e-06    2.5586187423083547e-06    2.7932138639370393e-06    2.8446616110981015e-06
7093.2651436119895    3.138437387954179e-06    2.508110096671314e-06    2.7452279095147054e-06    2.7972584647133995e-06
7093.365143581989    3.0974492636402335e-06    2.4601943794418228e-06    2.6998837487540437e-06    2.752509130612033e-06
7093.465143551989    3.0592085671974833e-06    2.414951678826525e-06    2.6572400800798844e-06    2.7104667753679642e-06
7093.565143521989    3.023260618654156e-06    2.3718836063847886e-06    2.616813862641762e-06    2.670652695893569e-06
7093.665143491989    2.9876495481870017e-06    2.3289757937500377e-06    2.5766123723667564e-06    2.6310792381012653e-06
7093.765143461988    2.9559282667221305e-06    2.289833960531315e-06    2.5402222308556026e-06    2.595328152703016e-06
7093.865143431988    2.926291834840626e-06    2.2526465410717077e-06    2.5058335894500434e-06    2.5615906551207922e-06
7093.965143401988    2.896512825456203e-06    2.2151293067734973e-06    2.4711826805584565e-06    2.5276082709293856e-06
7094.065143371988    2.8682075202576006e-06    2.1790114635779704e-06    2.437958751964352e-06    2.495059245266641e-06
7094.1651433419875    2.8437289581549924e-06    2.1465947469541895e-06    2.408481875428375e-06    2.4662685268458526e-06
7094.265143311987    2.8209074652571705e-06    2.1156494946003116e-06    2.3805427643985697e-06    2.4390332414186838e-06
7094.365143281987    2.7960661032388355e-06    2.0825875892451127e-06    2.350523916321325e-06    2.4097258696017577e-06
7094.465143251987    2.774416029318238e-06    2.052506753785446e-06    2.323564204313796e-06    2.3834956624724935e-06
7094.565143221987    2.7569497872138048e-06    2.02640549676433e-06    2.3006587310572244e-06    2.3613380050117867e-06
7094.665143191986    2.741235582943163e-06    2.0019629646358655e-06    2.2794452991803107e-06    2.3408812822531133e-06
7094.765143161986    2.723885217709567e-06    1.975740275412709e-06    2.256505076627824e-06    2.3187101899167e-06
7094.865143131986    2.7068204589875243e-06    1.949650581845222e-06    2.2337547605340995e-06    2.2967419337889484e-06
7094.965143101986    2.6922873064178887e-06    1.9259260336792403e-06    2.2134298557453583e-06    2.2772143986141627e-06
7095.065143071985    2.6814803638515405e-06    1.9056828891972715e-06    2.196675251963293e-06    2.2612795016707014e-06
7095.165143041985    2.6702151567939153e-06    1.8847984021856708e-06    2.1793469598061456e-06    2.244786839595244e-06
7095.265143011985    2.6600438551415425e-06    1.864830298680757e-06    2.162999734573048e-06    2.2292912961317824e-06
7095.365142981985    2.6503119658927977e-06    1.8451323377226811e-06    2.1469847616989026e-06    2.2141430217714605e-06
7095.4651429519845    2.6398991235000406e-06    1.8245635511361916e-06    2.1301705869678742e-06    2.1982110872013686e-06
7095.565142921984    2.632114933897661e-06    1.806433880447242e-06    2.1158656502220163e-06    2.184804821522306e-06
7095.665142891984    2.6261885558762438e-06    1.7899541514324836e-06    2.1032861859963102e-06    2.173142964435013e-06
7095.765142861984    2.621278343514834e-06    1.7742229287579654e-06    2.0915541243748756e-06    2.1623517988825585e-06
7095.865142831984    2.616826603122632e-06    1.7587446719894214e-06    2.080150959789222e-06    2.1519074116337585e-06
7095.965142801983    2.6118058925484592e-06    1.7425427864638005e-06    2.0680810343127387e-06    2.140809904441666e-06
7096.065142771983    2.6073248336357196e-06    1.726603400775214e-06    2.0563766507278776e-06    2.1301016283796035e-06
7096.165142741983    2.6063879957962465e-06    1.7139819754963145e-06    2.0480728726437245e-06    2.122814281312095e-06
7096.265142711983    2.6073399768793127e-06    1.7030074381282223e-06    2.0415064922438605e-06    2.1172846357504656e-06
7096.365142681982    2.608397525087652e-06    1.6919089609473864e-06    2.0349023364759866e-06    2.1117362741703414e-06
7096.465142651982    2.6083997281496645e-06    1.6794946551734035e-06    2.0270787861260715e-06    2.1049910564830467e-06
7096.565142621982    2.6098545966550197e-06    1.6682283578328441e-06    2.0205139285182157e-06    2.09953229433536e-06
7096.665142591982    2.6139274861702804e-06    1.659363231903864e-06    2.016431026364193e-06    2.0965739148127794e-06
7096.7651425619815    2.6188212585480664e-06    1.6509956661228851e-06    2.0129660449598604e-06    2.094260989876937e-06
7096.865142531981    2.6224343751013068e-06    1.64109575927057e-06    2.0080623641612435e-06    2.090530832844373e-06
7096.965142501981    2.626330252160504e-06    1.6312498812104669e-06    2.003298658987982e-06    2.0869595974529847e-06
7097.065142471981    2.6316004006714118e-06    1.6224268995933705e-06    1.9996885495917355e-06    2.0845719499521727e-06
7097.165142441981    2.637607924508706e-06    1.6140266663873328e-06    1.996617956679232e-06    2.082750849191757e-06
7097.26514241198    2.6466847843362702e-06    1.6083702089390434e-06    1.9964132284187703e-06    2.0838227405646946e-06
7097.36514238198    2.6551054581452974e-06    1.6016787422419124e-06    1.995314273553852e-06    2.084032824647021e-06
7097.46514235198    2.6639743795190344e-06    1.5951881978044035e-06    1.9945096527005708e-06    2.084557410008003e-06
7097.56514232198    2.673658364340198e-06    1.5891669662614583e-06    1.9943030138548967e-06    2.085709448152184e-06
7097.6651422919795    2.6843894953757372e-06    1.5837620955107863e-06    1.9948731860757303e-06    2.0876749256540843e-06
7097.765142261979    2.696193198096731e-06    1.5790872966200426e-06    1.9963015214340215e-06    2.0905273387169316e-06
7097.865142231979    2.709219491278433e-06    1.5753203269384308e-06    1.998757504550364e-06    2.0944324409224093e-06
7097.965142201979    2.7247120083013157e-06    1.57355522201577e-06    2.0033876675048613e-06    2.100551632607315e-06
7098.065142171979    2.7390417897968016e-06    1.5701715784056564e-06    2.0065692837333146e-06    2.105260883978591e-06
7098.165142141978    2.7519699405242963e-06    1.5651346185447206e-06    2.0081967076074972e-06    2.1084337555588378e-06
7098.265142111978    2.7677443887223805e-06    1.562443388398781e-06    2.012357404917152e-06    2.1141817273461043e-06
7098.365142081978    2.784037917242179e-06    1.559746004985272e-06    2.0167056981679935e-06    2.120163206798482e-06
7098.465142051978    2.7999606040464866e-06    1.5562172722876244e-06    2.020399562308258e-06    2.1255258128807896e-06
7098.565142021977    2.8192863097168097e-06    1.5557333129259137e-06    2.0272744962726073e-06    2.1340980396384433e-06
7098.665141991977    2.8407482743726222e-06    1.556872621760836e-06    2.035964045516713e-06    2.1445283138833906e-06
7098.765141961977    2.8605399257472477e-06    1.5556985600241924e-06    2.0425816716714903e-06    2.152940052480977e-06
7098.865141931977    2.880696662545636e-06    1.5544760420426365e-06    2.04930984333466e-06    2.1614941826409776e-06
7098.9651419019765    2.9050112347643905e-06    1.5569700947779407e-06    2.0599255930519023e-06    2.1739689741980776e-06
7099.065141871976    2.9289785803034462e-06    1.5584812872047111e-06    2.0697969770725056e-06    2.1857522815268874e-06
7099.165141841976    2.950021121870212e-06    1.5564067417297996e-06    2.076333307968042e-06    2.1942537238560177e-06
7099.265141811976    2.975614115009863e-06    1.5583869067203237e-06    2.0871162639300254e-06    2.2070390952200704e-06
7099.365141781976    3.002126048112838e-06    1.5606705167803131e-06    2.0984364452148068e-06    2.2204110033693192e-06
7099.465141751975    3.0284095849920697e-06    1.5620005121077881e-06    2.1090787461801466e-06    2.233162947760001e-06
7099.565141721975    3.05769352038981e-06    1.5656807029584216e-06    2.122319883881016e-06    2.2485647024097492e-06
7099.665141691975    3.086235239379033e-06    1.5679615129183942e-06    2.13441399212068e-06    2.262870248139369e-06
7099.765141661975    3.1176714784927753e-06    1.5725449878416454e-06    2.1490436794137623e-06    2.279753381916061e-06
7099.865141631974    3.148324548745431e-06    1.5755111856265986e-06    2.162373748506566e-06    2.2954031609595317e-06
7099.965141601974    3.180385393545572e-06    1.5790553710137883e-06    2.1766002475848705e-06    2.3120136707147432e-06
7100.065141571974    3.2152779790287015e-06    1.5847546010921062e-06    2.1932457370106568e-06    2.331092772377155e-06
7100.165141541974    3.2506889706337078e-06    1.5901943456595348e-06    2.2099345514378884e-06    2.350272622577044e-06
7100.2651415119735    3.288109735971007e-06    1.596819557926969e-06    2.2281292388765384e-06    2.3710195109248385e-06
7100.365141481973    3.32509090314559e-06    1.6020954145003392e-06    2.2453284756629553e-06    2.3908382644362947e-06
7100.465141451973    3.363149540530008e-06    1.607399555223162e-06    2.2629576012123025e-06    2.4111688989884908e-06
7100.565141421973    3.403122293550893e-06    1.6135727119674305e-06    2.281862704052443e-06    2.4328525698569223e-06
7100.665141391973    3.4438802406285582e-06    1.6197778939731749e-06    2.3011052373355937e-06    2.454921123979109e-06
7100.765141361972    3.4865135159875295e-06    1.6267249191041625e-06    2.3215289771380296e-06    2.4782558040765737e-06
7100.865141331972    3.5312655763844187e-06    1.6346690605240523e-06    2.343388251900091e-06    2.503107629602854e-06
7100.965141301972    3.579033517875584e-06    1.6447451540092456e-06    2.3677381604830275e-06    2.530505610789286e-06
7101.065141271972    3.6267438383752313e-06    1.653492973104699e-06    2.3912582964011936e-06    2.5571650359603746e-06
7101.1651412419715    3.6746759381112115e-06    1.6611048345380313e-06    2.4141720063039527e-06    2.5833175929843986e-06
7101.265141211971    3.7273861923431563e-06    1.6722355129913455e-06    2.4411061408563516e-06    2.6135759487302845e-06
7101.365141181971    3.780203016007921e-06    1.6822047634609602e-06    2.4673852081442277e-06    2.6432643292043694e-06
7101.465141151971    3.833398177347864e-06    1.6913717960344668e-06    2.493344841330655e-06    2.672704938237662e-06
7101.565141121971    3.889806287206635e-06    1.7021965691229783e-06    2.521582711753809e-06    2.704528522694474e-06
7101.66514109197    3.948665983407765e-06    1.7140309617038175e-06    2.5514089831116397e-06    2.73803530940774e-06
7101.76514106197    4.009766307665112e-06    1.7266116313488743e-06    2.5825855755012355e-06    2.7729878381717407e-06
7101.86514103197    4.073305597582174e-06    1.7397592547933925e-06    2.615078211127178e-06    2.809381021167582e-06
7101.96514100197    4.1387427750644276e-06    1.7531414138619661e-06    2.648484175211992e-06    2.8467894547127952e-06
7102.065140971969    4.204735705560236e-06    1.765466060444358e-06    2.681499425481646e-06    2.8839003971620803e-06
7102.165140941969    4.275260591369497e-06    1.7804844757505235e-06    2.717962440369471e-06    2.9245691691631637e-06
7102.265140911969    4.348111871696008e-06    1.7957818282518663e-06    2.755541726525048e-06    2.966478475490974e-06
7102.365140881969    4.423046321346542e-06    1.8112736324290093e-06    2.7941005076875187e-06    3.0094734871543567e-06
7102.4651408519685    4.499433793847735e-06    1.8259010928080964e-06    2.8327468134241868e-06    3.0526939000266726e-06
7102.565140821968    4.578118942804998e-06    1.8406270413407113e-06    2.87241361327968e-06    3.097053199141797e-06
7102.665140791968    4.662267705558929e-06    1.8584158364959862e-06    2.916140002087908e-06    3.145607848047608e-06
7102.765140761968    4.749016734107411e-06    1.8764165386641545e-06    2.961088914128612e-06    3.1955073956333926e-06
7102.865140731968    4.837851131371227e-06    1.893835039292563e-06    3.0065775487144037e-06    3.246087906459398e-06
7102.965140701967    4.930215903723362e-06    1.9120154798057642e-06    3.0540002667728225e-06    3.2987438834339827e-06
7103.065140671967    5.027691848039374e-06    1.932741769230456e-06    3.1050851565340984e-06    3.3551729246013097e-06
7103.165140641967    5.129207925462705e-06    1.954139408913289e-06    3.1582647748181354e-06    3.41387070306471e-06
7103.265140611967    5.232976871310896e-06    1.974698656567224e-06    3.2119408704704264e-06    3.4732054661161818e-06
7103.365140581966    5.3394747317512075e-06    1.994942887096212e-06    3.2666502904062737e-06    3.5336893030845644e-06
7103.465140551966    5.451182003560465e-06    2.0164366399156243e-06    3.3243056578725856e-06    3.597308100449558e-06
7103.565140521966    5.567906543179387e-06    2.0390922040826736e-06    3.3848012923668985e-06    3.663933346542987e-06
7103.665140491966    5.690563285187796e-06    2.0641692824407826e-06    3.449310471908535e-06    3.734681013179038e-06
7103.7651404619655    5.816600393978417e-06    2.088449495483369e-06    3.5148862156660306e-06    3.806645368375939e-06
7103.865140431965    5.948229019264204e-06    2.113709678102581e-06    3.5834895227391717e-06    3.881809406701986e-06
7103.965140401965    6.085276714464693e-06    2.139689499309338e-06    3.654923314887581e-06    3.959963176220537e-06
7104.065140371965    6.228117513143065e-06    2.166501370823567e-06    3.7294538921128126e-06    4.041357592026482e-06
7104.165140341965    6.377617930111133e-06    2.194729833031566e-06    3.807803482611744e-06    4.1267170819181475e-06
7104.265140311964    6.533544957922015e-06    2.2238691912071637e-06    3.889626819777246e-06    4.215680322968809e-06
7104.365140281964    6.696059637537871e-06    2.253890920969898e-06    3.97500799502132e-06    4.30831951784303e-06
7104.465140251964    6.8661150004127045e-06    2.2847507606882543e-06    4.064345335469404e-06    4.405070365523454e-06
7104.565140221964    7.044197637597945e-06    2.3167099145216062e-06    4.158046982296874e-06    4.506318178138809e-06
7104.6651401919635    7.229000971495002e-06    2.3485077381320007e-06    4.254911021241095e-06    4.6108065769560335e-06
7104.765140161963    7.423708663834121e-06    2.3828663997653255e-06    4.357936211437624e-06    4.72150375834569e-06
7104.865140131963    7.628144797333304e-06    2.418402471291302e-06    4.466269913528075e-06    4.837605727384227e-06
7104.965140101963    7.842003593558513e-06    2.454624042616158e-06    4.5796134042511996e-06    4.95874701347529e-06
7105.065140071963    8.067662691254334e-06    2.493128966888804e-06    4.699968091592328e-06    5.086919916578489e-06
7105.165140041962    8.305024062898639e-06    2.533361377745344e-06    4.827106523722617e-06    5.2218306547888665e-06
7105.265140011962    8.553423393708928e-06    2.5737281182302047e-06    4.959948681447258e-06    5.362366731128797e-06
7105.365139981962    8.816228994141046e-06    2.617165234206777e-06    5.101781499547077e-06    5.511725242631633e-06
7105.465139951962    9.091642179959229e-06    2.661268354914584e-06    5.250628427392666e-06    5.667846320755493e-06
7105.565139921961    9.379679378377905e-06    2.703678771402289e-06    5.40528619157204e-06    5.829548113784077e-06
7105.665139891961    9.6857030938272e-06    2.7495486363703494e-06    5.571259303766792e-06    6.00217034465478e-06
7105.765139861961    1.0011169466033374e-05    2.7993402008999706e-06    5.749686851990816e-06    6.18673217297472e-06
7105.865139831961    1.0354703152533882e-05    2.8498559957171376e-06    5.938462669896135e-06    6.381007272715718e-06
7105.9651398019605    1.0717817558097208e-05    2.9024339108527436e-06    6.139403938116659e-06    6.586551802355536e-06
7106.06513977196    1.1104807842980608e-05    2.9580242682294488e-06    6.35526442471173e-06    6.806032178640595e-06
7106.16513974196    1.1513970013503357e-05    3.0141975568292426e-06    6.584407129818891e-06    7.037524900050497e-06
7106.26513971196    1.194696708940828e-05    3.07048046832346e-06    6.82788042831139e-06    7.281775995347709e-06
7106.36513968196    1.2410626830485227e-05    3.1310085237813894e-06    7.091650631365828e-06    7.544428661877481e-06
7106.465139651959    1.2904353885802468e-05    3.193432498955482e-06    7.374986025417161e-06    7.824257470058369e-06
7106.565139621959    1.3430953804247623e-05    3.25746880602945e-06    7.67991178387385e-06    8.12277813138364e-06
7106.665139591959    1.3996279274667834e-05    3.3263591502449406e-06    8.011917569568735e-06    8.444851998160503e-06
7106.765139561959    1.4603466432512582e-05    3.398340142586688e-06    8.372669796942182e-06    8.791492124013816e-06
7106.865139531958    1.5254478595628892e-05    3.4732247286260094e-06    8.76470961017649e-06    9.164137644810464e-06
7106.965139501958    1.5952682658617798e-05    3.548910405927076e-06    9.190248599588743e-06    9.563947221377872e-06
7107.065139471958    1.6706180250487688e-05    3.627878073030782e-06    9.65654950015491e-06    9.996869274557794e-06
7107.165139441958    1.7522619836982934e-05    3.7121334011525933e-06    1.0171116784512016e-05    1.0468623340882514e-05
7107.2651394119575    1.840090282671881e-05    3.7963827365248994e-06    1.073413962683649e-05    1.0977141730026734e-05
7107.365139381957    1.935814441324871e-05    3.886947729213522e-06    1.1360877837531452e-05    1.153532332666456e-05
7107.465139351957    2.040177958633486e-05    3.983413606403162e-06    1.205983800479946e-05    1.2148343732512495e-05
7107.565139321957    2.153738414410297e-05    4.082186413662103e-06    1.2838399059555698e-05    1.2819323205773587e-05
7107.665139291957    2.277850350863087e-05    4.183867510226339e-06    1.3710878829700396e-05    1.3557749949519202e-05
7107.765139261956    2.4141190576829465e-05    4.290875658070081e-06    1.469615151764776e-05    1.4376072584182433e-05
7107.865139231956    2.564467125840979e-05    4.406936922306933e-06    1.581799295352683e-05    1.528986704474785e-05
7107.965139201956    2.7302314755473083e-05    4.5250024547651084e-06    1.7094668149417998e-05    1.630732845321873e-05
7108.065139171956    2.9137091607985357e-05    4.648149628505035e-06    1.855879577371178e-05    1.7448012336734058e-05
7108.1651391419555    3.1180440473440806e-05    4.778565447114078e-06    2.0251656074970657e-05    1.8736887331841848e-05
7108.265139111955    3.3463291617335675e-05    4.915630957981513e-06    2.2219313779177654e-05    2.0199412118164946e-05
7108.365139081955    3.602364688695473e-05    5.059862955666238e-06    2.4520545170367436e-05    2.1868018337662804e-05
7108.465139051955    3.890798384421604e-05    5.211295919916232e-06    2.7226898912824984e-05    2.378205955898575e-05
7108.565139021955    4.217764177042338e-05    5.374377046963196e-06    3.0432358903411594e-05    2.599479257359939e-05
7108.665138991954    4.5893112726027164e-05    5.54281960977948e-06    3.4231329677524305e-05    2.855575400444365e-05
7108.765138961954    5.014176304205359e-05    5.7206746240809674e-06    3.8748372307724976e-05    3.1536936657953175e-05
7108.865138931954    5.502922464740362e-05    5.9088577745281655e-06    4.410700842362037e-05    3.5015030281850726e-05
7108.965138901954    6.068341081381493e-05    6.107652815286768e-06    5.0407283902854696e-05    3.906611584398547e-05
7109.065138871953    6.726285272138983e-05    6.320406589240716e-06    5.7683615043310935e-05    4.375562478464716e-05
7109.165138841953    7.496332119137949e-05    6.5467798751932545e-06    6.580486078763337e-05    4.910498728473538e-05
7109.265138811953    8.402471081900497e-05    6.786132418453235e-06    7.435740926948222e-05    5.5056084168980145e-05
7109.365138781953    9.475725452215891e-05    7.040039641853161e-06    8.254441940612889e-05    6.144723785671365e-05
7109.4651387519525    0.000107511116941141    7.31351640658389e-06    8.915372152415736e-05    6.799278495729408e-05
7109.565138721952    0.00012272429892037334    7.606125067500379e-06    9.293571917642821e-05    7.442204772143398e-05
7109.665138691952    0.00014084130141349302    7.91654468036485e-06    9.30451202388679e-05    8.060098877757525e-05
7109.765138661952    0.0001623823775379377    8.25189096061867e-06    8.957975451488937e-05    8.673800767114858e-05
7109.865138631952    0.00018764304616209523    8.61505890207509e-06    8.345865376335718e-05    9.323891960917583e-05
7109.965138601951    0.00021664695804158766    9.009724475544776e-06    7.597792227974774e-05    0.00010054486826562673
7110.065138571951    0.00024847764377153796    9.436874889039754e-06    6.83103283009061e-05    0.00010874161565382793
7110.165138541951    0.0002811954498564077    9.913075986543748e-06    6.119578269621258e-05    0.00011743476951305465
7110.265138511951    0.00031121021051380964    1.0403292896701017e-05    5.5028885510092324e-05    0.00012554746297353432
7110.36513848195    0.00033342956843671393    1.0922857403828916e-05    4.987657750897897e-05    0.00013140966778317392
7110.46513845195    0.00034305088940021224    1.150981588541718e-05    4.572267328708571e-05    0.00013342779285757173
7110.56513842195    0.0003359517301398935    1.2179670768789743e-05    4.2478717944490224e-05    0.0001302033729510578
7110.66513839195    0.00032348417848775845    1.283075964419944e-05    4.0447345169048347e-05    0.00012558742776700208
7110.7651383619495    0.0003037187247319187    1.358449383070484e-05    3.845765180762078e-05    0.00011858695679008145
7110.865138331949    0.0002755662760489233    1.4451939240413417e-05    3.7145304028387004e-05    0.00010905450643924124
7110.965138301949    0.0002457553812885714    1.5418689879461124e-05    3.636991260510512e-05    9.918132792437922e-05
7111.065138271949    0.0002176669969101624    1.6504052514134595e-05    3.6099364541559815e-05    9.009013798861893e-05
7111.165138241949    0.00019297758553642877    1.772718549118735e-05    3.630087820105155e-05    8.233521640955589e-05
7111.265138211948    0.00017225477695265713    1.9114536015353546e-05    3.695710751110838e-05    7.610880682637302e-05
7111.365138181948    0.00015539840241360526    2.0679148245634267e-05    3.8044709444027176e-05    7.13740867010889e-05
7111.465138151948    0.00014208824667238194    2.2460762853086258e-05    3.956148142503176e-05    6.803683031683333e-05
7111.565138121948    0.00013179868825731445    2.4468760457818627e-05    4.147235597130734e-05    6.591326822881347e-05
7111.6651380919475    0.00012408494310642412    2.673318373067258e-05    4.376684416059864e-05    6.486165699923178e-05
7111.765138061947    0.0001184936861897194    2.9265184858271047e-05    4.6414609541068146e-05    6.472449352968619e-05
7111.865138031947    0.00011465173884070778    3.208059836793413e-05    4.940185236279986e-05    6.537806319048058e-05
7111.965138001947    0.00011221756580298977    3.5181523742514304e-05    5.270766003543445e-05    6.670224986031285e-05
7112.065137971947    0.00011092209131884567    3.856909789029224e-05    5.632251569507944e-05    6.860456830140578e-05
7112.165137941946    0.00011054322870187049    4.224174822948674e-05    6.0240186352835865e-05    7.10083877613977e-05
7112.265137911946    0.00011089630829406929    4.6203038027430425e-05    6.446649513934488e-05    7.385528048694819e-05
7112.365137881946    0.00011155088640399587    5.033721277723319e-05    6.887725439983613e-05    7.692178452702173e-05
7112.465137851946    0.0001130363778965387    5.513932293091203e-05    7.439558413708464e-05    8.085709498817846e-05
7112.565137821945    0.00011596268715254545    5.998869482085817e-05    7.978352283978452e-05    8.52449682710627e-05
7112.665137791945    0.00011904894892244449    6.502239569681954e-05    8.53601689443131e-05    8.981050452119236e-05
7112.765137761945    0.00012249526081172129    7.023056325406735e-05    9.11634439687213e-05    9.462975601150331e-05
7112.865137731945    0.00012648815789839587    7.571418581149735e-05    9.734899500710787e-05    9.985044623900036e-05
7112.9651377019445    0.00013085884286378514    8.13363488020195e-05    0.00010356239492346114    0.0001052525288630886
7113.065137671944    0.00013577139848898362    8.705778448150207e-05    0.00010994260719794948    0.00011092393005614506
7113.165137641944    0.00014117403489124065    9.287800884564572e-05    0.00011644186659977578    0.00011683130344555405
7113.265137611944    0.00014710891467002021    9.87438885191861e-05    0.0001229783322757703    0.00012294371182165889
7113.365137581944    0.00015361546421971818    0.00010460525646762502    0.0001294771994399877    0.00012923264004244362
7113.465137551943    0.00016073717336382464    0.00011040758546435193    0.00013586454330469523    0.00013566976737762392
7113.565137521943    0.0001685152169853419    0.000116089177786841    0.00014206089072914472    0.00014222176183377588
7113.665137491943    0.00017699100466972483    0.0001215834064588813    0.00014799055654190793    0.0001488549892235047
7113.765137461943    0.0001861995684881421    0.00012681987353330528    0.00015358355672355267    0.00015553433291500002
7113.8651374319425    0.00019616336604580436    0.00013172571933873654    0.0001587824324637654    0.00016222383928276877
7113.965137401942    0.00020689059356085486    0.00013622926358165902    0.0001635458875124356    0.00016888858155164984
7114.065137371942    0.00021836259041425304    0.00014026089553941315    0.00016785150546363037    0.00017549166380576549
7114.165137341942    0.00023051909692284735    0.00014375688589650533    0.00017169683502620944    0.00018199093928185405
7114.2651373119415    0.00024324791263455512    0.0001466638407396282    0.0001751023899355511    0.0001883380477699115
7114.365137281941    0.0002563656946340361    0.00014893957225613663    0.00017810553130927044    0.00019447026606648102
7114.465137251941    0.00026960129900615296    0.00015056061922016947    0.00018076114887232803    0.0002003076890328835
7114.565137221941    0.00028256983755874207    0.0001515130032988775    0.00018312629445801194    0.00020573637843854383
7114.665137191941    0.0002947876553724909    0.0001518135047547709    0.00018527254383640817    0.00021062456798788998
7114.76513716194    0.00030566426873557213    0.00015149544097292023    0.00018726586978027262    0.00021480852649625502
7114.86513713194    0.00031453326162459024    0.00015059942107244656    0.00018915132141862024    0.00021809466803855235
7114.96513710194    0.00032076137563262947    0.00014920521840826017    0.00019098266818534117    0.00022031642074207694
7115.06513707194    0.00032380909062310254    0.0001473876533296485    0.00019277808801047418    0.00022132494398774172
7115.1651370419395    0.0003233626765081151    0.00014524129243519455    0.00019454535316165857    0.0002210497740349894
7115.265137011939    0.0003194023190830327    0.00014287169766568066    0.00019627414129049826    0.00021951605267973723
7115.365136981939    0.00031221357009721687    0.00014037416383559775    0.00019792300574007662    0.00021683691322429708
7115.465136951939    0.00030234797735732513    0.0001378581320558542    0.0001994468527996864    0.00021321765407095525
7115.565136921939    0.0002905027789042632    0.0001354190036469853    0.00020078315205189522    0.00020890164486771456
7115.665136891938    0.00027738096642700226    0.00013314506747704182    0.00020186081346370806    0.00020412894912258406
7115.765136861938    0.00026361088287983224    0.000131117128192774    0.0002026077160625728    0.00019911190904505968
7115.865136831938    0.0002497072697336247    0.00012940486707585787    0.00020297120134093666    0.00019402777938347306
7115.965136801938    0.00023602799476615834    0.0001280583631031648    0.00020290713237090571    0.00018899783008007626
7116.065136771937    0.00022282714628487385    0.00012712631168284729    0.00020241711856529586    0.00018412352551100568
7116.165136741937    0.00021023936405982943    0.0001266282989240534    0.00020152351656738753    0.0001794637265170901
7116.265136711937    0.00019834296028639032    0.000126596603921696    0.0002003049155475838    0.00017508149325189004
7116.365136681937    0.00018715906193928565    0.00012703940109286114    0.00019886502675525242    0.0001710211632624664
7116.4651366519365    0.0001766770525970217    0.00012797997804401333    0.00019734401700746573    0.00016733368254950024
7116.565136621936    0.00016686973994169073    0.00012944810922323159    0.00019589013454429443    0.00016406932790307224
7116.665136591936    0.00015769369563663037    0.00013147670221149953    0.00019464031734910941    0.00016127023839907978
7116.765136561936    0.00014911821231207792    0.0001341369723410992    0.00019371803463005862    0.0001589910730944119
7116.865136531936    0.0001411164094432873    0.00013749648874556182    0.00019318987787117812    0.00015726759202000908
7116.965136501935    0.00013368487388880322    0.00014161963251383786    0.0001930629033192707    0.0001561224699073039
7117.065136471935    0.0001268476083341838    0.000146530779334666    0.00019326698679079793    0.00015554845815321595
7117.165136441935    0.00012064143524560084    0.00015217090311234706    0.00019364313027107525    0.00015548515620967437
7117.265136411935    0.00011511598486478768    0.00015838607398449575    0.0001939628796616217    0.0001558216461703017
7117.3651363819345    0.00011031043709399825    0.00016490844191412537    0.00019394870436869967    0.00015638919445894108
7117.465136351934    0.00010623454380179218    0.00017138172867597326    0.00019332653458373306    0.00015698093568716618
7117.565136321934    0.00010286626275652769    0.00017741569564438527    0.00019188690789081466    0.00015738962209724253
7117.665136291934    0.0001001451609565601    0.00018263424080463382    0.00018951610651709436    0.00015743183609276276
7117.765136261934    9.796506389786449e-05    0.00018669274840579458    0.0001861811836278601    0.00015694633197717303
7117.865136231933    9.619219541955664e-05    0.00018931105037135867    0.00018192194116184603    0.00015580839565092046
7117.965136201933    9.466801247657802e-05    0.00019027289709423002    0.00017680857799068155    0.00015391649585382987
7118.065136171933    9.319412249157059e-05    0.00018939612093339393    0.0001708847004192115    0.00015115831461472536
7118.165136141933    9.156792428500685e-05    0.0001865528277057093    0.00016417480631347454    0.00014743185276806355
7118.265136111932    8.957632591770288e-05    0.0001816516648424098    0.00015666464945038948    0.00014263088007016738
7118.365136081932    8.699852641602389e-05    0.00017463575193464226    0.00014830285952954506    0.00013664571262673707
7118.465136051932    8.367091550840516e-05    0.00016555423364601057    0.0001390748704271732    0.00012943333986052962
7118.565136021932    7.949110587473471e-05    0.00015457971180511654    0.00012901867572753694    0.00012102983113579607
7118.6651359919315    7.449789660696627e-05    0.0001421038737536375    0.00011831711771258493    0.00011163962935772958
7118.765135961931    6.881618846933774e-05    0.0001287673683619327    0.00010729225009854822    0.00010162526897660624
7118.865135931931    6.292503128142766e-05    0.00011514521624244249    9.637920447294992e-05    9.148315066560669e-05
7118.965135901931    5.705672921517726e-05    0.00010206335225181328    8.603468887486028e-05    8.171825678061694e-05
7119.065135871931    5.152204582396433e-05    9.003407311548045e-05    7.657362599716329e-05    7.270991497886936e-05
7119.16513584193    4.6501419528507665e-05    7.933863188696038e-05    6.816483075151812e-05    6.466829405566205e-05
7119.26513581193    4.206387094604306e-05    7.004402341971577e-05    6.083508764179793e-05    5.764766066918559e-05
7119.36513578193    3.8200668418988446e-05    6.207531606001699e-05    5.4516985311909724e-05    5.159765659697172e-05
7119.46513575193    3.486109264792956e-05    5.5287049630293555e-05    4.909707431114998e-05    4.64150721964577e-05
7119.565135721929    3.1978447660621643e-05    4.951272999273904e-05    4.44494452787577e-05    4.1980207644039456e-05
7119.665135691929    2.948505627589016e-05    4.459212339355626e-05    4.04541978068057e-05    3.817712582541738e-05
7119.765135661929    2.7319315489662505e-05    4.038319982885401e-05    3.700540336271076e-05    3.4902639560409094e-05
7119.865135631929    2.542812773583854e-05    3.6765405144799495e-05    3.401313306807773e-05    3.2068888649571916e-05
7119.9651356019285    2.376701791377624e-05    3.3638756092401395e-05    3.140263986762943e-05    2.9602804624602354e-05
7120.065135571928    2.2299268914715702e-05    3.0921292892015055e-05    2.911243892272461e-05    2.7444333576485123e-05
7120.165135541928    2.099475666323757e-05    2.8546153078389266e-05    2.709215398888808e-05    2.5544354576838304e-05
7120.265135511928    1.982879755999761e-05    2.6458825320296598e-05    2.5300511327061846e-05    2.3862711402452016e-05
7120.365135481928    1.8781129900324393e-05    2.4614781309372545e-05    2.370361390226739e-05    2.2366508370654776e-05
7120.465135451927    1.7835061225113495e-05    2.297751923582648e-05    2.2273515576905152e-05    2.1028698679281706e-05
7120.565135421927    1.6976774325944965e-05    2.1516983269487053e-05    2.0987067878858632e-05    1.982694182476355e-05
7120.665135391927    1.6194770616053707e-05    2.0208301609843116e-05    1.9824997248289266e-05    1.87426898247287e-05
7120.765135361927    1.5479426761344022e-05    1.9030784186118245e-05    1.8771170171066986e-05    1.7760460372843084e-05
7120.8651353319265    1.4822642352264292e-05    1.796712769978478e-05    1.7812008502379243e-05    1.686725951814277e-05
7120.965135301926    1.4217559747440245e-05    1.7002784429077335e-05    1.6936023614246604e-05    1.6052122596921393e-05
7121.065135271926    1.3658340772557937e-05    1.6125459736432943e-05    1.61334441461132e-05    1.530574821836803e-05
7121.165135241926    1.3139988075392299e-05    1.5324710584491595e-05    1.53959174002997e-05    1.462020535339453e-05
7121.265135211926    1.2658201599674295e-05    1.4591623387006263e-05    1.4716268757829466e-05    1.3988697914836675e-05
7121.365135181925    1.2209262701577696e-05    1.3918554314185188e-05    1.4088306901275751e-05    1.340537463901288e-05
7121.465135151925    1.1789940123791797e-05    1.3298918950310943e-05    1.3506665365552832e-05    1.2865174813218522e-05
7121.565135121925    1.1397413298932051e-05    1.2727021075171737e-05    1.2966672978276787e-05    1.2363702450793525e-05
7121.665135091925    1.1029209476308775e-05    1.2197912619272035e-05    1.2464247403706098e-05    1.189712316642897e-05
7121.765135061924    1.0683151896940212e-05    1.1707278554594457e-05    1.1995807249081675e-05    1.146207923353878e-05
7121.865135031924    1.0357316877724604e-05    1.1251341838753072e-05    1.155819913624478e-05    1.1055619284240818e-05
7121.965135001924    1.0049998081817048e-05    1.0826784549565541e-05    1.1148636914576268e-05    1.0675139848652952e-05
7122.065134971924    9.759676638978565e-06    1.0430682163831313e-05    1.076465076507302e-05    1.0318336522627632e-05
7122.1651349419235    9.484996042253663e-06    1.0060448542374789e-05    1.0404044404628548e-05    9.983162996419e-06
7122.265134911923    9.224740951123541e-06    9.71378969405742e-06    1.0064858937440224e-05    9.667796527540393e-06
7122.365134881923    8.977819229595147e-06    9.388664748298806e-06    9.745342209687217e-06    9.370608729193724e-06
7122.465134851923    8.74324665357855e-06    9.083252895159857e-06    9.443922722542533e-06    9.090140757093646e-06
7122.565134821923    8.520133840768737e-06    8.795925264871124e-06    9.159187342406809e-06    8.82508214934889e-06
7122.665134791922    8.307675037384333e-06    8.52522092636725e-06    8.889862187929317e-06    8.574252717226966e-06
7122.765134761922    8.10513846143158e-06    8.269826330179512e-06    8.634796183272322e-06    8.336586991627806e-06
7122.865134731922    7.911857956771489e-06    8.02855764005463e-06    8.392946859889122e-06    8.111120818905081e-06
7122.965134701922    7.727225755934064e-06    7.800345499851305e-06    8.163368058570051e-06    7.896979771451806e-06
7123.065134671921    7.550686183519828e-06    7.584221858035839e-06    7.94519924547921e-06    7.693369095678292e-06
7123.165134641921    7.381730159732688e-06    7.379308537829549e-06    7.737656202836305e-06    7.499564966799515e-06
7123.265134611921    7.219890389421796e-06    7.184807293677752e-06    7.540022894014736e-06    7.314906859038095e-06
7123.365134581921    7.064737137117287e-06    6.999991135320333e-06    7.35164433533628e-06    7.138790869257967e-06
7123.4651345519205    6.915874507996156e-06    6.8241967389064824e-06    7.17192033400666e-06    6.9706638603030995e-06
7123.56513452192    6.772937163332358e-06    6.656817790896675e-06    7.000299972534711e-06    6.810018308921248e-06
7123.66513449192    6.635587414266814e-06    6.497299135494293e-06    6.8362767385788845e-06    6.656387762779997e-06
7123.76513446192    6.503512642481111e-06    6.345131616785779e-06    6.679384215000139e-06    6.509342824755676e-06
