1275.1799155377    2.8364174766000003e-05    2.8400187391000004e-05    2.8468638922333337e-05    2.841100035977778e-05
1275.2799155377    6.37306022340862e-05    6.366139666286453e-05    6.373426882982858e-05    6.370875590892644e-05
1275.3799155376998    5.094701942672183e-05    5.087024730095769e-05    5.095240762285395e-05    5.092322478351116e-05
1275.4799155376998    5.4704485239525024e-05    5.460533273175947e-05    5.470686762776369e-05    5.4672228533016066e-05
1275.5799155376997    4.4302928249604274e-05    4.4189532785823916e-05    4.430980546009199e-05    4.426742216517339e-05
1275.6799155376996    3.639994390428758e-05    3.6266369627049916e-05    3.6413624072861495e-05    3.635997920139967e-05
1275.7799155376995    3.0474810002724806e-05    3.0312000656261948e-05    3.049921274723105e-05    3.042867446873927e-05
1275.8799155376994    2.6020196294766366e-05    2.5813581396040345e-05    2.60626525573894e-05    2.5965476749398704e-05
1275.9799155376993    2.267577441019611e-05    2.240021602726828e-05    2.2750827138407203e-05    2.2608939191957198e-05
1276.0799155376992    2.0203306562495e-05    1.9811945894072497e-05    2.0342004836994516e-05    2.0119085764520674e-05
1276.1799155376991    1.851800519322737e-05    1.7916519117507348e-05    1.878987108424255e-05    1.8408131798325757e-05
1276.279915537699    1.7739578352561288e-05    1.6736163555435007e-05    1.827284982271357e-05    1.7582863910236624e-05
1276.379915537699    1.783858431749791e-05    1.6164744841605406e-05    1.8551986786341806e-05    1.7518438648481708e-05
1276.4799155376988    1.7541651474491673e-05    1.5284030584428783e-05    1.7545428549538977e-05    1.6790370202819812e-05
1276.5799155376988    1.5572338084583542e-05    1.3540855498548798e-05    1.4839552506982146e-05    1.4650915363371495e-05
1276.6799155376987    1.2983028673374438e-05    1.1714151193053218e-05    1.2418959508552546e-05    1.2372046458326736e-05
1276.7799155376986    1.1073317593147899e-05    1.0343743439805112e-05    1.0777435298998814e-05    1.0731498777317275e-05
1276.8799155376985    9.790712844650171e-06    9.33988599682573e-06    9.631660570338346e-06    9.587419803938082e-06
1276.9799155376984    8.861146671211382e-06    8.557712151380518e-06    8.766846559563908e-06    8.728568460718603e-06
1277.0799155376983    8.128347242369775e-06    7.90938778202569e-06    8.066813910851953e-06    8.034849645082473e-06
1277.1799155376982    7.5154203515971945e-06    7.348600729063313e-06    7.471818862709631e-06    7.4452799811233795e-06
1277.2799155376981    6.994673790779026e-06    6.862028832979654e-06    6.96158258487967e-06    6.93942840287945e-06
1277.379915537698    6.543960939172563e-06    6.4348119736687206e-06    6.517384649961632e-06    6.498719187600971e-06
1277.479915537698    6.1359124567279345e-06    6.0435465137370765e-06    6.113559964351907e-06    6.097672978272306e-06
1277.5799155376978    5.770259077213469e-06    5.6902581824949625e-06    5.750742266315769e-06    5.737086508674733e-06
1277.6799155376978    5.450481434016188e-06    5.379829425783829e-06    5.432934008366611e-06    5.421081622722209e-06
1277.7799155376977    5.158639858846317e-06    5.095205663095199e-06    5.142490721962995e-06    5.1321120813015035e-06
1277.8799155376976    4.89123810493478e-06    4.833476688322636e-06    4.876098686891566e-06    4.866937826716327e-06
1277.9799155376975    4.647010215636077e-06    4.593775741121127e-06    4.632614152397823e-06    4.624466703051675e-06
1278.0799155376974    4.425200263091497e-06    4.375622513371034e-06    4.411355862231367e-06    4.4040595462313e-06
1278.1799155376973    4.21700560379858e-06    4.170414217864574e-06    4.203574498678033e-06    4.1969981067803955e-06
1278.2799155376972    4.02714890098041e-06    3.9830182452403e-06    4.0140282055444674e-06    4.008065117255059e-06
1278.3799155376971    3.850491080695159e-06    3.8084025732759233e-06    3.837602824444843e-06    3.832165492805308e-06
1278.479915537697    3.6832373715685987e-06    3.6428544808666307e-06    3.670522067613837e-06    3.665537973349689e-06
1278.579915537697    3.529708303987529e-06    3.490757023870842e-06    3.5171199704928033e-06    3.512528432783725e-06
1278.6799155376968    3.383769644752856e-06    3.346023240821077e-06    3.3712709452487856e-06    3.3670212769409064e-06
1278.7799155376968    3.252063749826263e-06    3.2153343118196446e-06    3.239625225578943e-06    3.2356744290749507e-06
1278.8799155376967    3.1358938430156846e-06    3.100025433773141e-06    3.123493548523631e-06    3.119804275104152e-06
1278.9799155376966    3.018182074240869e-06    2.9830414366099404e-06    3.0058008337482664e-06    3.0023414481996923e-06
1279.0799155376965    2.9034702318917084e-06    2.868943309597913e-06    2.891092718413912e-06    2.8878354199678444e-06
1279.1799155376964    2.7985719493934993e-06    2.764560922691722e-06    2.7861842355006767e-06    2.7831057025286326e-06
1279.2799155376963    2.7021894405057684e-06    2.668610009474386e-06    2.68978015427771e-06    2.686859868085955e-06
1279.3799155376962    2.618513678968979e-06    2.585293636806125e-06    2.6060750855437325e-06    2.6032941337729454e-06
1279.4799155376961    2.5358351883832457e-06    2.502910610660235e-06    2.523359180984439e-06    2.5207016600093067e-06
1279.579915537696    2.4549422534880556e-06    2.422255721686536e-06    2.4424210232132073e-06    2.4398729994625995e-06
1279.679915537696    2.3885896698552708e-06    2.3560911126156017e-06    2.376017128697724e-06    2.3735659703895323e-06
1279.7799155376958    2.312826969044194e-06    2.2804715254773344e-06    2.300197944672159e-06    2.297832146397896e-06
1279.8799155376958    2.2390915446193214e-06    2.2068389444181747e-06    2.226402282213118e-06    2.2241109237502047e-06
1279.9799155376957    2.1781625422944926e-06    2.1459768760211655e-06    2.1654093729743303e-06    2.1631829304299963e-06
1280.0799155376956    2.1183058025995873e-06    2.0861542233174816e-06    2.1054833002732215e-06    2.10331444206343e-06
1280.1799155376955    2.0625253541781073e-06    2.030378341416728e-06    2.0496301352595707e-06    2.0475112769514684e-06
1280.2799155376954    2.0113272809984206e-06    1.979157845391078e-06    1.998357680606687e-06    1.9962809356653954e-06
1280.3799155376953    1.9555998005830374e-06    1.9233826011035358e-06    1.94255233518461e-06    1.940511578957061e-06
1280.4799155376952    1.9063499513594555e-06    1.8740621098070304e-06    1.893222890535969e-06    1.891211650567485e-06
1280.5799155376951    1.8672663767415398e-06    1.8348867855557451e-06    1.8540579577855216e-06    1.8520703733609354e-06
1280.679915537695    1.8270975369059324e-06    1.7946057903984273e-06    1.813805100769379e-06    1.8118361426912464e-06
1280.779915537695    1.7811551915726567e-06    1.7485323704802274e-06    1.7677759595830566e-06    1.7658211738786467e-06
1280.8799155376948    1.733632753022804e-06    1.7008615285473166e-06    1.720165025493926e-06    1.7182197690213488e-06
1280.9799155376948    1.699691583031471e-06    1.6667552381034398e-06    1.6861341748169242e-06    1.6841936653172783e-06
1281.0799155376947    1.6612035390664526e-06    1.628085546100164e-06    1.6475535255796337e-06    1.6456142035820833e-06
1281.1799155376946    1.626457274780273e-06    1.5931429367486295e-06    1.6127131512406507e-06    1.6107711209231845e-06
1281.2799155376945    1.6014269837062918e-06    1.5679015152452007e-06    1.587587518808402e-06    1.5856386725866313e-06
1281.3799155376944    1.5785697686266706e-06    1.5448186357320075e-06    1.5646335896250603e-06    1.5626739979945794e-06
1281.4799155376943    1.5562390200422872e-06    1.52224920418304e-06    1.5422040998460277e-06    1.5402307746904516e-06
1281.5799155376942    1.5206429481332752e-06    1.4864015328122675e-06    1.506507673480474e-06    1.5045173848086724e-06
1281.6799155376941    1.4908662791876082e-06    1.4563607858622095e-06    1.476628723900356e-06    1.4746185963167246e-06
1281.779915537694    1.4662617998991107e-06    1.4314801727025783e-06    1.4519224632429e-06    1.4498881452815294e-06
1281.879915537694    1.4448272542205484e-06    1.4097566676060473e-06    1.430385061058942e-06    1.4283229942951793e-06
1281.9799155376938    1.4240555397902451e-06    1.3886828184281973e-06    1.4095069309185538e-06    1.4074150963789987e-06
1282.0799155376938    1.404580803456879e-06    1.3688942910114155e-06    1.3899254602959828e-06    1.3878001849214256e-06
1282.1799155376937    1.3898182343058946e-06    1.3538061718215507e-06    1.3750544125999333e-06    1.3728929395757928e-06
1282.2799155376936    1.374730503906196e-06    1.338381453326483e-06    1.3598553489948234e-06    1.357655768742501e-06
1282.3799155376935    1.3542971911464894e-06    1.3175997445654765e-06    1.3393109163056745e-06    1.3370692840058801e-06
1282.4799155376934    1.3340378943181815e-06    1.2969798998150857e-06    1.3189396057039674e-06    1.3166524666124116e-06
1282.5799155376933    1.3201156676476497e-06    1.2826851464889563e-06    1.3049026472356924e-06    1.302567820457433e-06
1282.6799155376932    1.3092390269062348e-06    1.2714251745985233e-06    1.2939125164365679e-06    1.2915255726471087e-06
1282.7799155376931    1.2890479995078424e-06    1.2508404491843112e-06    1.273606683523943e-06    1.2711650440720321e-06
1282.879915537693    1.2746342946848123e-06    1.2360196378450444e-06    1.2590738894306392e-06    1.2565759406534986e-06
1282.979915537693    1.269525151068872e-06    1.230489786804194e-06    1.253843839222328e-06    1.2512862590317978e-06
1283.0799155376928    1.2644954107176182e-06    1.2250283619442734e-06    1.248693316556393e-06    1.2460723630727616e-06
1283.1799155376928    1.2547740055037376e-06    1.2148647755799986e-06    1.2388529853207618e-06    1.2361639221348327e-06
1283.2799155376927    1.2416007710295198e-06    1.2012363814816373e-06    1.2255586399977938e-06    1.2227985975029835e-06
1283.3799155376926    1.2318605329744906e-06    1.1910273245726435e-06    1.2156922262806381e-06    1.2128600279425906e-06
1283.4799155376925    1.2149234246511662e-06    1.1736097531197923e-06    1.1986303363322044e-06    1.195721171367721e-06
1283.5799155376924    1.2083330268255804e-06    1.1665275560609785e-06    1.1919171792902953e-06    1.1889259207256181e-06
1283.6799155376923    1.2086647764080228e-06    1.1663531203161302e-06    1.1921231831549576e-06    1.1890470266263704e-06
1283.7799155376922    1.202383300563048e-06    1.1595497440313456e-06    1.1857123942590616e-06    1.1825484796178183e-06
1283.879915537692    1.1987529897028066e-06    1.1553837635022188e-06    1.181951325952093e-06    1.1786960263857062e-06
1283.979915537692    1.1942056010668119e-06    1.1502878705128463e-06    1.1772737307976953e-06    1.1739224007924512e-06
1284.079915537692    1.1847552244137617e-06    1.1402727541505675e-06    1.1676902051712508e-06    1.1642393945785267e-06
1284.1799155376918    1.1836773004396586e-06    1.138615283866351e-06    1.1664774488424875e-06    1.1629233443828323e-06
1284.2799155376917    1.1842051733572654e-06    1.1385507026121176e-06    1.1668702279479255e-06    1.1632087013057696e-06
1284.3799155376917    1.1858600391695376e-06    1.1395961292256349e-06    1.1683886554867218e-06    1.1646149412939648e-06
1284.4799155376916    1.1832759742467274e-06    1.136386462714273e-06    1.1656697675946218e-06    1.1617774015185408e-06
1284.5799155376915    1.1832942334693417e-06    1.135763229346334e-06    1.1655521230678035e-06    1.1615365286278265e-06
1284.6799155376914    1.184512553276613e-06    1.13632270760221e-06    1.1666287442445967e-06    1.1624880017078066e-06
1284.7799155376913    1.1803934190566332e-06    1.1315276257437202e-06    1.1623694926813526e-06    1.1580968458272353e-06
1284.8799155376912    1.1827521630995515e-06    1.1331918397951528e-06    1.1645879876939053e-06    1.1601773301962032e-06
1284.979915537691    1.1805027914209117e-06    1.1302300573002114e-06    1.1621984952888035e-06    1.1576437813366423e-06
1285.079915537691    1.1727803977949173e-06    1.121775187940542e-06    1.1543314397926447e-06    1.1496290085093679e-06
1285.179915537691    1.177031841916137e-06    1.1252722404082683e-06    1.1584340610293867e-06    1.1535793811179306e-06
1285.2799155376908    1.1913318463762049e-06    1.1387986746476506e-06    1.1725892963420922e-06    1.167573272455316e-06
1285.3799155376907    1.1952349706903147e-06    1.1419070504112478e-06    1.1763464380982302e-06    1.1711628197332642e-06
1285.4799155376907    1.193372997478769e-06    1.1392287467535247e-06    1.1743401102596213e-06    1.1689806181639715e-06
1285.5799155376906    1.1943992387225165e-06    1.1394163754851375e-06    1.175218960912435e-06    1.1696781917066965e-06
1285.6799155376905    1.2030359090337611e-06    1.1471917728678092e-06    1.1837064098503072e-06    1.1779780305839595e-06
1285.7799155376904    1.2152630063924118e-06    1.1585338200535487e-06    1.1957881153654768e-06    1.1898616472704791e-06
1285.8799155376903    1.2223013245042964e-06    1.1646604839881532e-06    1.2026783584666726e-06    1.1965467223197075e-06
1285.9799155376902    1.2265496493749673e-06    1.1679679251319757e-06    1.206772166513251e-06    1.2004299136733981e-06
1286.07991553769    1.2253419225736306e-06    1.1657932148951631e-06    1.205413614294756e-06    1.1988495839211833e-06
1286.17991553769    1.2254368539041733e-06    1.1648970338486199e-06    1.2053642445578839e-06    1.1985660441035588e-06
1286.27991553769    1.2288863822125298e-06    1.1673236938592295e-06    1.2086644615270414e-06    1.2016248458662668e-06
1286.3799155376898    1.2407410745245706e-06    1.1781214271410461e-06    1.2203632581667098e-06    1.2130752532774422e-06
1286.4799155376897    1.251419994501015e-06    1.1877162359165862e-06    1.2308946206598617e-06    1.223343617025821e-06
1286.5799155376897    1.2590021146916526e-06    1.1941805749879316e-06    1.2383299298218976e-06    1.230504206500494e-06
1286.6799155376896    1.2746967179023214e-06    1.208718473503331e-06    1.2538673702992794e-06    1.245760853901644e-06
1286.7799155376895    1.2902126923334202e-06    1.2230450496438948e-06    1.2692327218427727e-06    1.2608301546066958e-06
1286.8799155376894    1.298987687720231e-06    1.2305938800454329e-06    1.2778569152981545e-06    1.2691461610212727e-06
1286.9799155376893    1.304681665589852e-06    1.2350227653487767e-06    1.2834056332771556e-06    1.2743700214052615e-06
1287.0799155376892    1.3156805434414615e-06    1.2447163202826285e-06    1.2942623728680005e-06    1.2848864121973636e-06
1287.179915537689    1.3263281549358799e-06    1.2540133105447004e-06    1.3047640910093714e-06    1.2950351854966507e-06
1287.279915537689    1.3368956639244862e-06    1.2631844952537264e-06    1.315187873465517e-06    1.3050893442145764e-06
1287.379915537689    1.3484865407716461e-06    1.2733304023661144e-06    1.3266290057155103e-06    1.3161486496177568e-06
1287.4799155376888    1.3674985323486112e-06    1.2908475731254105e-06    1.3454906734414298e-06    1.334612259638484e-06
1287.5799155376887    1.3813899402741328e-06    1.303199098520557e-06    1.3592445479138346e-06    1.3479445289028416e-06
1287.6799155376887    1.391521301169568e-06    1.3117413806593224e-06    1.3692532993079338e-06    1.357505327045608e-06
1287.7799155376886    1.41625764708786e-06    1.3348265143047105e-06    1.3938610420434389e-06    1.3816484011453364e-06
1287.8799155376885    1.4380207661863445e-06    1.354873815544283e-06    1.4154870161641746e-06    1.402793865964934e-06
1287.9799155376884    1.4500869036556665e-06    1.365166638199402e-06    1.427431634646637e-06    1.4142283921672352e-06
1288.0799155376883    1.4630870407045372e-06    1.3763267868449734e-06    1.4403120867109412e-06    1.4265753047534837e-06
1288.1799155376882    1.4768565749011207e-06    1.388184517334772e-06    1.4539629131262547e-06    1.4396680017873826e-06
1288.279915537688    1.4871094152448898e-06    1.3964567081791324e-06    1.4641111771934832e-06    1.4492257668725019e-06
1288.379915537688    1.5114265080632019e-06    1.4187146519999952e-06    1.4883225677757511e-06    1.4728212426129828e-06
1288.479915537688    1.5324103021613664e-06    1.4375546340459915e-06    1.5091912721242773e-06    1.4930520694438785e-06
1288.5799155376878    1.5490674393218059e-06    1.4519924891080102e-06    1.5257635822571587e-06    1.5089411702289917e-06
1288.6799155376877    1.5713401895219166e-06    1.4719489828660527e-06    1.5479584360603626e-06    1.5304158694827773e-06
1288.7799155376877    1.5953630103294468e-06    1.4935610139977084e-06    1.5719083471610403e-06    1.5536107904960649e-06
1288.8799155376876    1.6238309147439911e-06    1.5195253262880246e-06    1.6003328933131417e-06    1.5812297114483859e-06
1288.9799155376875    1.6443865327465606e-06    1.5374657912110618e-06    1.6208412310331098e-06    1.6008978516635774e-06
1289.0799155376874    1.660453524295523e-06    1.5507955628196586e-06    1.6368455773918334e-06    1.6160315548356717e-06
1289.1799155376873    1.690779567647513e-06    1.578272204505045e-06    1.6671477559924588e-06    1.6453998427150057e-06
1289.2799155376872    1.7240344184671055e-06    1.60855930629907e-06    1.7004177573831998e-06    1.6776704940497917e-06
1289.379915537687    1.7479387825325452e-06    1.6293526104359211e-06    1.7243400449112066e-06    1.7005438126265579e-06
1289.479915537687    1.7751593475351956e-06    1.6533122410636536e-06    1.7515917322457105e-06    1.7266877736148533e-06
1289.579915537687    1.807197935670002e-06    1.6819451816161189e-06    1.7837084999366488e-06    1.7576172057409236e-06
1289.6799155376868    1.8304967355997603e-06    1.7016660499095261e-06    1.807082067445744e-06    1.7797482843183437e-06
1289.7799155376867    1.8583772928045448e-06    1.725791762818927e-06    1.8350423969470166e-06    1.806403817523496e-06
1289.8799155376867    1.8877524186771132e-06    1.751234406668901e-06    1.8645616795915112e-06    1.8345161683125087e-06
1289.9799155376866    1.9199922212558297e-06    1.7793400597179735e-06    1.8969862247380905e-06    1.8654395019039646e-06
1290.0799155376865    1.9618136344242323e-06    1.8168082003830236e-06    1.939019639612049e-06    1.9058804914731015e-06
1290.1799155376864    2.0005360200636244e-06    1.8509437101530274e-06    1.9779869283105028e-06    1.943155552842385e-06
1290.2799155376863    2.0324648380485246e-06    1.8780301132903554e-06    2.0101908255702026e-06    1.973561925636361e-06
1290.3799155376862    2.067958498437159e-06    1.9084169525955305e-06    2.046029175247119e-06    2.0074682087599365e-06
1290.479915537686    2.1088571844513732e-06    1.9439171141135636e-06    2.0873121517027168e-06    2.046695483422551e-06
1290.579915537686    2.1525240882552905e-06    1.981895606989688e-06    2.1314577627137516e-06    2.088625819319577e-06
1290.679915537686    2.196514424151978e-06    2.0198800655874113e-06    2.1760551256024657e-06    2.130816538447285e-06
1290.7799155376858    2.238500315458902e-06    2.0554592221195284e-06    2.218660521452288e-06    2.1708733530102394e-06
1290.8799155376857    2.2841311186300103e-06    2.0943008129683285e-06    2.265016703326147e-06    2.2144828783081617e-06
1290.9799155376857    2.33686298773964e-06    2.1398145310182503e-06    2.3185789243227703e-06    2.265085481026887e-06
1291.0799155376856    2.3912482759330224e-06    2.1865086128147466e-06    2.373889748970511e-06    2.3172155459060936e-06
1291.1799155376855    2.433896729847057e-06    2.2209559625867534e-06    2.4175991419949013e-06    2.3574839448095705e-06
1291.2799155376854    2.489153048669569e-06    2.267454903863614e-06    2.4740547190426544e-06    2.410220890525279e-06
1291.3799155376853    2.551664547611921e-06    2.3206115058082545e-06    2.53798604500677e-06    2.470087366142315e-06
1291.4799155376852    2.6110059702876074e-06    2.3699353129183833e-06    2.5989312789047925e-06    2.5266241873702612e-06
1291.579915537685    2.6730736443325155e-06    2.42125867653623e-06    2.6628309104087894e-06    2.5857210770925114e-06
1291.679915537685    2.73385404104219e-06    2.47049139013217e-06    2.72571697153841e-06    2.64335413423759e-06
1291.779915537685    2.8129530537157702e-06    2.537124000145372e-06    2.8071357410729225e-06    2.7190709316446883e-06
1291.8799155376848    2.890722129931311e-06    2.601430404406805e-06    2.8876146824732464e-06    2.7932557389371206e-06
1291.9799155376847    2.9645388444668804e-06    2.660717237595011e-06    2.9646371635279287e-06    2.8632977485299403e-06
1292.0799155376847    3.0488372546777286e-06    2.7292716359674586e-06    3.052551885008151e-06    2.943553591884446e-06
1292.1799155376846    3.1323295360939546e-06    2.795628594606629e-06    3.140076215676262e-06    3.0226781154589485e-06
1292.2799155376845    3.222248489109934e-06    2.866913579959071e-06    3.2347714870222464e-06    3.1079778520304172e-06
1292.3799155376844    3.3215780070442554e-06    2.945841015454715e-06    3.3395814349877886e-06    3.2023334858289196e-06
1292.4799155376843    3.423283066905689e-06    3.0252432750315717e-06    3.4476450074410964e-06    3.2987237831261192e-06
1292.5799155376842    3.529367299064138e-06    3.1069304655340442e-06    3.561254654444021e-06    3.3991841396807343e-06
1292.679915537684    3.6503939637676313e-06    3.2010593099749974e-06    3.6909596758057285e-06    3.514137649849452e-06
1292.779915537684    3.7892531318315765e-06    3.3101972594101634e-06    3.840071957587278e-06    3.6465074496096723e-06
1292.879915537684    3.934082892442129e-06    3.422082103916678e-06    3.9969675694569205e-06    3.784377521938575e-06
1292.9799155376838    4.07806457550116e-06    3.529421348748258e-06    4.155316789160858e-06    3.920934237803425e-06
1293.0799155376837    4.238775982025164e-06    3.6492953155773787e-06    4.333360663544086e-06    4.073810653715542e-06
1293.1799155376837    4.4197331198445196e-06    3.784502604173912e-06    4.53497107607878e-06    4.246402266699071e-06
1293.2799155376836    4.6160513212149436e-06    3.929397798198935e-06    4.756312513418972e-06    4.433920544277617e-06
1293.3799155376835    4.839399762266206e-06    4.094657506312078e-06    5.010293377279795e-06    4.648116881952693e-06
1293.4799155376834    5.08499622051977e-06    4.274351872188389e-06    5.2936064158258e-06    4.884318169511319e-06
1293.5799155376833    5.355440997023903e-06    4.469744041521724e-06    5.611077640803256e-06    5.1454208931162944e-06
1293.6799155376832    5.673228195019679e-06    4.70162328175586e-06    5.988099416301458e-06    5.454316964358999e-06
1293.779915537683    6.0383628935200135e-06    4.967985908302459e-06    6.428781137367066e-06    5.811709979729846e-06
1293.879915537683    6.451664081689565e-06    5.267189571098351e-06    6.9397566249821375e-06    6.219536759256684e-06
1293.979915537683    6.9313805165426714e-06    5.61463643428225e-06    7.547900553663237e-06    6.6979725014960515e-06
1294.0799155376828    7.504434049092963e-06    6.033808741882269e-06    8.292896500129368e-06    7.277046430368199e-06
1294.1799155376827    8.206192150199602e-06    6.55642518324243e-06    9.229806569619883e-06    7.997474634353974e-06
1294.2799155376827    9.060618744385212e-06    7.202977778081398e-06    1.0413928025989656e-05    8.892508182818757e-06
1294.3799155376826    1.0124075088494453e-05    8.02778204681354e-06    1.1953057673505085e-05    1.0034971602937691e-05
1294.4799155376825    1.1509156884855838e-05    9.146340953040739e-06    1.4048129403355339e-05    1.1567875747083972e-05
1294.5799155376824    1.3338840476441318e-05    1.0698253979054295e-05    1.698200126174648e-05    1.3673031905747363e-05
1294.6799155376823    1.582701346000134e-05    1.2950487477598116e-05    2.1274580251658788e-05    1.668402706308608e-05
1294.7799155376822    1.938428772820935e-05    1.6464127154038675e-05    2.796464284661013e-05    2.127101924295272e-05
1294.879915537682    2.4746590877624396e-05    2.2387920061051242e-05    3.917185500634033e-05    2.8768788648338654e-05
1294.979915537682    3.3320124505769524e-05    3.3182280036415553e-05    5.947453569872572e-05    4.199231341363693e-05
1295.079915537682    4.811567246501476e-05    5.33852656350095e-05    9.791864443523119e-05    6.647319417841849e-05
1295.1799155376818    7.582513734176329e-05    8.448523169157698e-05    0.0001611024967219757    0.00010713762191843862
1295.2799155376817    0.00012827193925193055    0.00010777403182926083    0.00021838409577992212    0.00015147668895370452
1295.3799155376817    0.00020018442108512112    9.15199710403952e-05    0.00019506030535834657    0.00016225489916128763
1295.4799155376816    0.000226111592036485    5.749759550249975e-05    0.00012180827734912363    0.0001351391549627028
1295.5799155376815    0.00017024958614415088    3.5740070205390844e-05    7.21664577528433e-05    9.2718704700795e-05
1295.6799155376814    0.00010215269585832938    2.465624253333242e-05    4.6712027002209146e-05    5.784032179795698e-05
1295.7799155376813    6.247670434746663e-05    1.8814245388152895e-05    3.3265077897653904e-05    3.8185342544424474e-05
1295.8799155376812    4.209438469748761e-05    1.5530258025732696e-05    2.561107285261173e-05    2.7745238525277345e-05
1295.979915537681    3.102107219269923e-05    1.3592576055083363e-05    2.0965901006954284e-05    2.1859849751578956e-05
1296.079915537681    2.4543066348775122e-05    1.2414691752897772e-05    1.800156884835771e-05    1.8319775650010202e-05
1296.179915537681    2.0533759050702563e-05    1.1712498804336068e-05    1.6060594455675618e-05    1.6102284103571417e-05
1296.2799155376808    1.7950737644658276e-05    1.1321331613155261e-05    1.4771714595979384e-05    1.468126128459764e-05
1296.3799155376807    1.6251755508315676e-05    1.1150711500449195e-05    1.3927700531101846e-05    1.3776722513288903e-05
1296.4799155376807    1.5130720489011731e-05    1.1142890214277923e-05    1.3396119610328496e-05    1.3223243437872718e-05
1296.5799155376806    1.4423267111398366e-05    1.1279913909022134e-05    1.3114960186334592e-05    1.2939380402251698e-05
1296.6799155376805    1.402586763607905e-05    1.1546009665030226e-05    1.3034547654430175e-05    1.286880831851315e-05
1296.7799155376804    1.3872729819134062e-05    1.1934753166171126e-05    1.3121736209571117e-05    1.2976406398292102e-05
1296.8799155376803    1.394779975453e-05    1.2461600940816003e-05    1.3400467333366616e-05    1.326995600957087e-05
1296.9799155376802    1.4081114680738499e-05    1.3022764073302926e-05    1.3737705121933618e-05    1.3613861291991681e-05
1297.07991553768    1.4288383235114864e-05    1.3621549807001788e-05    1.4118869393489072e-05    1.4009600811868573e-05
1297.17991553768    1.4710565518114062e-05    1.4390778206570788e-05    1.4700557729077558e-05    1.4600633817920802e-05
1297.27991553768    1.5318941758081676e-05    1.5348450866808646e-05    1.5457289153223088e-05    1.5374893926037802e-05
1297.3799155376798    1.5963014492633764e-05    1.6389017241198434e-05    1.6212621413016123e-05    1.6188217715616106e-05
1297.4799155376797    1.6637042287532925e-05    1.7576920667346423e-05    1.7076523512670125e-05    1.7096828822516492e-05
1297.5799155376797    1.750740904677707e-05    1.9081303696579128e-05    1.8214919376016807e-05    1.8267877373124338e-05
1297.6799155376796    1.8662944965521758e-05    2.1034681199580527e-05    1.970432003527109e-05    1.9800648733457792e-05
1297.7799155376795    2.017235213999346e-05    2.3615171732286886e-05    2.167115398614942e-05    2.1819559286143255e-05
1297.8799155376794    2.2183242207936922e-05    2.7183217330762335e-05    2.4357725043610105e-05    2.457472819410312e-05
1297.9799155376793    2.5193433884218655e-05    3.2656051908533936e-05    2.8428695562689988e-05    2.8759393785147526e-05
1298.0799155376792    2.862595640755077e-05    4.016375953665221e-05    3.378909628923138e-05    3.419293741114478e-05
1298.179915537679    3.2484346763870056e-05    5.07546373269675e-05    4.088934166342971e-05    4.137610858475577e-05
1298.279915537679    3.9218931647480655e-05    6.763506474433988e-05    5.2007847044266906e-05    5.295394781202914e-05
1298.379915537679    4.91087273893554e-05    8.958458788564224e-05    6.665187916623658e-05    6.844839814707807e-05
1298.4799155376788    6.117029861578837e-05    0.0001122566772795072    8.275593507299922e-05    8.539430365609825e-05
1298.5799155376787    7.550233739802107e-05    0.00013328466176488546    9.959213884478673e-05    0.00010279304600256443
1298.6799155376787    9.141606273781021e-05    0.0001514235696986399    0.00011623858843614701    0.00011969274029086571
1298.7799155376786    0.00010817550736991644    0.00016655706812012506    0.0001319340638140804    0.00013555554643470734
1298.8799155376785    0.00012550034362575514    0.00017941342937749698    0.0001465634509112195    0.00015049240797149056
1298.9799155376784    0.00014310787304891413    0.0001906185013080116    0.00016010827582267157    0.00016461155005986577
1299.0799155376783    0.00016110541284968059    0.00020099736789277976    0.0001730331608560042    0.0001783786471994882
1299.1799155376782    0.00017964713156804577    0.00021120164937410172    0.00018588588375145857    0.00019224488823120205
1299.279915537678    0.00019856752304732762    0.00022149371695139315    0.00019886242934391053    0.00020630788978087713
1299.379915537678    0.00021771826343371152    0.00023206921904493665    0.00021211156890557786    0.00022063301712807533
1299.479915537678    0.00023736766787445083    0.00024344518519264606    0.0002262753727422323    0.00023569607526977642
1299.5799155376778    0.000257486786258209    0.00025576531110074844    0.00024149934573059042    0.0002515838143631827
1299.6799155376777    0.00027767677450935485    0.00026886087528559004    0.0002576262828560423    0.0002680546442169957
1299.7799155376777    0.00029795686345964573    0.00028277913047294824    0.0002748405167811228    0.0002851921702379056
1299.8799155376776    0.00031826584088042457    0.00029752173191367824    0.0002932479676578873    0.00030301184681733
1299.9799155376775    0.00033851400001289956    0.0003130427779619487    0.0003129136026596217    0.00032149012687815665
1300.0799155376774    0.0003587088962748338    0.00032940266942847876    0.0003339999265926133    0.0003407038307653087
1300.1799155376773    0.00037885013142165467    0.0003466503546742729    0.00035662900045335346    0.0003607098288497604
1300.2799155376772    0.0003989529499602395    0.0003648278336082595    0.00038086282295754617    0.000381547868842015
1300.379915537677    0.00041905227790509916    0.00038395108137225653    0.00040666135871708355    0.000403221572664813
1300.479915537677    0.00043919368874886273    0.0004039820269234208    0.0004338312771362294    0.0004256689976028376
1300.579915537677    0.00045943909307042855    0.00042482362278212243    0.0004620091762800749    0.00044875729737754196
1300.6799155376768    0.00047985672761130375    0.00044631042099681716    0.0004906649472061845    0.00047227736527143507
1300.7799155376767    0.0005005216245964646    0.00046823315558384727    0.0005191573795286987    0.0004959707199030035
1300.8799155376767    0.0005214948717666061    0.0004903554429997007    0.0005468079596662513    0.000519552758144186
1300.9799155376766    0.0005428273108948724    0.0005124689243020309    0.0005730252280945348    0.0005427738210971462
1301.0799155376765    0.0005645357248028798    0.0005344155444290372    0.0005973860373973868    0.0005654457688764346
1301.1799155376764    0.0005865959389608398    0.0005561135802635353    0.0006196891439628442    0.0005874662210624065
1301.2799155376763    0.0006089262736855048    0.0005775528886642706    0.0006399515132593296    0.000608810225203035
1301.3799155376762    0.0006313804283798174    0.0005987777111011376    0.0006583643468269397    0.0006295074954359649
1301.479915537676    0.0006537555463022496    0.0006198680346945529    0.0006752298907942565    0.000649617823930353
1301.579915537676    0.0006758014876318113    0.0006409136877879022    0.0006908991637413383    0.0006692047797203507
1301.679915537676    0.0006972344259482115    0.0006619868125711772    0.0007057091784955309    0.0006883101390049734
1301.7799155376758    0.0007177751819854361    0.0006831388204203123    0.0007199619205691912    0.0007069586409916465
1301.8799155376757    0.0007371741049395823    0.0007043890098731489    0.0007339025097058764    0.0007251552081728691
1301.9799155376757    0.0007552472871510381    0.0007257314795868634    0.0007477251804227746    0.0007429013157202254
1302.0799155376756    0.0007718868751724543    0.0007471276959536159    0.0007615680622259395    0.0007601942111173366
1302.1799155376755    0.0007870704600079749    0.0007685120847947971    0.0007755231047980783    0.0007770352165336168
1302.2799155376754    0.0008008704908763761    0.0007898101401311796    0.0007896602348719939    0.0007934469552931832
1302.3799155376753    0.0008134234443072895    0.0008109254708879764    0.0008040187816278089    0.0008094558989410247
1302.4799155376752    0.0008249238905924887    0.0008317568332048983    0.0008186275621485374    0.0008251027619819749
1302.579915537675    0.0008355961530818545    0.0008521955074248575    0.0008335046378728962    0.0008404320994598693
1302.679915537675    0.0008456798481411857    0.0008721309902685158    0.0008486633395276758    0.0008554913926457924
1302.779915537675    0.000855416076701    0.0008914544803730977    0.0008641156698823353    0.000870328742318811
1302.8799155376748    0.0008650327922926078    0.0009100533812509466    0.0008798661581558625    0.0008849841105664724
1302.9799155376747    0.0008747473649908926    0.0009278180064289698    0.0008959140053773209    0.000899493125599061
1303.0799155376747    0.0008847646312795046    0.0009446357955686079    0.0009122457013704872    0.0009138820427395331
1303.1799155376746    0.000895275631796865    0.0009603806170979723    0.0009288182511120254    0.0009281581666689542
1303.2799155376745    0.0009064668895661106    0.0009749046978274042    0.0009455429439948357    0.0009423048437961169
1303.3799155376744    0.000918516052250903    0.0009880091638136566    0.0009622423712123213    0.0009562558624256269
1303.4799155376743    0.000931586606563472    0.0009993998866395532    0.0009785811222455475    0.000969855871816191
1303.5799155376742    0.000945802504260637    0.0010086146024711642    0.0009939474015025066    0.0009827881694114361
1303.679915537674    0.0009612107999076429    0.0010149371820918026    0.0010072886713040584    0.0009944788844345014
1303.779915537674    0.000977679095085555    0.001017283366896648    0.0010168779826178263    0.0010039468148666764
1303.879915537674    0.000994753792766052    0.0010141826495722874    0.001020157964868808    0.0010096981357357157
1303.9799155376738    0.0010114804583009835    0.0010039804726317012    0.001013907950495728    0.0010097896271428044
1304.0799155376737    0.0010263247807030076    0.0009854180256925738    0.0009951374416658006    0.0010022934160204607
1304.1799155376737    0.0010375320933699499    0.0009584374583484642    0.0009627969228963301    0.0009862554915382482
1304.2799155376736    0.0010443982215613565    0.0009247530162833167    0.0009195228641434917    0.0009628913673293882
1304.3799155376735    0.0010484473953466544    0.0008872554368816911    0.0008713978532264782    0.0009357002284849414
1304.4799155376734    0.0010519195224029528    0.000849070303217947    0.0008255079581577529    0.0009088325945928843
1304.5799155376733    0.0010514600161656601    0.0008124680728481137    0.000786380887554062    0.0008834363255226119
1304.6799155376732    0.0010355220968580362    0.0007786610972038763    0.0007546325030768217    0.0008562718990462447
1304.779915537673    0.0009933306812749242    0.0007472610865408631    0.0007273868123003838    0.0008226595267053903
1304.879915537673    0.000923872428326221    0.0007153613093764912    0.0006993230808252363    0.0007795189395093163
1304.979915537673    0.0008314955671632395    0.0006755610868261108    0.0006622699709142892    0.0007231088749678798
1305.0799155376728    0.0007125816178160378    0.0006127082339435459    0.0006026980355451732    0.0006426626291015856
1305.1799155376727    0.000557503996826504    0.0005102375525740381    0.000505778263851467    0.0005245066044173364
1305.2799155376727    0.00039870676412256825    0.00038745907010479045    0.0003854805891549486    0.0003905488077941024
1305.3799155376726    0.0002799639252335889    0.0002816977326587568    0.0002779350694477061    0.0002798655757800173
1305.4799155376725    0.00020012959930184047    0.00020126412899607466    0.00019721468087873707    0.00019953613639221742
1305.5799155376724    0.0001475408782368823    0.00014452549040570517    0.00014160379327882018    0.0001445567206404692
1305.6799155376723    0.0001141582466397806    0.00010901583491886663    0.00010702871083488365    0.00011006759746451028
1305.7799155376722    9.229138913477994e-05    8.669587030043558e-05    8.524350066077488e-05    8.807692003199681e-05
1305.879915537672    7.704896746409865e-05    7.167574876909215e-05    7.054198392958662e-05    7.308890005425914e-05
1305.979915537672    6.58511448420532e-05    6.09165334466e-05    5.9990205343851345e-05    6.225262787750152e-05
1306.079915537672    5.7290335822739566e-05    5.283447916034123e-05    5.2053426087283936e-05    5.405941369012158e-05
1306.1799155376718    5.054288024674432e-05    4.6541853845532785e-05    4.5868112048442466e-05    4.765094871357319e-05
1306.2799155376717    4.509562506280383e-05    4.1504973049261826e-05    4.091363368233962e-05    4.2504743931468435e-05
1306.3799155376716    4.061214989001141e-05    3.7383856384017904e-05    3.685764826793721e-05    3.828455151398885e-05
1306.4799155376716    3.686262167565681e-05    3.395150743612283e-05    3.347793673402103e-05    3.4764021948600226e-05
1306.5799155376715    3.368463594302507e-05    3.1050445252005813e-05    3.062017108071792e-05    3.1785084091916266e-05
1306.6799155376714    3.096016610275562e-05    2.8567897465135397e-05    2.8173751156776705e-05    2.9233938241555906e-05
1306.7799155376713    2.860137738856295e-05    2.6420931765412166e-05    2.605729396095381e-05    2.7026534371642976e-05
1306.8799155376712    2.6541561973963308e-05    2.4547166458309075e-05    2.420955455563535e-05    2.509942766263591e-05
1306.979915537671    2.4729157704497732e-05    2.2898757570936308e-05    2.2583542823571036e-05    2.3403819366335027e-05
1307.079915537671    2.3123690763551877e-05    2.143838640893659e-05    2.1142594201562105e-05    2.190155712468352e-05
1307.179915537671    2.1692956248053866e-05    2.0136510223811377e-05    1.9857675548505766e-05    2.0562380673457004e-05
1307.2799155376708    2.041101698766221e-05    1.896943416784956e-05    1.8705494826950937e-05    1.9361981994154235e-05
1307.3799155376707    1.9256756199261334e-05    1.7917931234157205e-05    1.7667147469959945e-05    1.8280611634459498e-05
1307.4799155376706    1.8212812989143425e-05    1.696623628260631e-05    1.67271293302598e-05    1.7302059534003176e-05
1307.5799155376706    1.72647875497765e-05    1.6101300697427858e-05    1.587260514670488e-05    1.6412897797969748e-05
1307.6799155376705    1.6400639578051523e-05    1.5312231993816175e-05    1.509285839578638e-05    1.5601909989218024e-05
1307.7799155376704    1.5610227281112572e-05    1.4589866848954361e-05    1.4378872038363197e-05    1.4859655389476711e-05
1307.8799155376703    1.4884950102487552e-05    1.3926441839031366e-05    1.3723005146092427e-05    1.4178132362537113e-05
1307.9799155376702    1.4217468953483208e-05    1.3315336709360984e-05    1.3118740719377025e-05    1.3550515460740405e-05
1308.07991553767    1.3601485044550785e-05    1.2750872173061545e-05    1.256048703274115e-05    1.297094808345116e-05
1308.17991553767    1.3031563495321604e-05    1.2228149158049082e-05    1.2043419684837982e-05    1.2434377446069555e-05
1308.27991553767    1.2502991517082553e-05    1.1742919915642344e-05    1.1563354931572413e-05    1.1936422121432436e-05
1308.3799155376698    1.2011663516664556e-05    1.1291483846617547e-05    1.1116647297070695e-05    1.1473264886784267e-05
1308.4799155376697    1.1553987364585143e-05    1.0870602681269361e-05    1.0700106197589526e-05    1.1041565414481343e-05
1308.5799155376696    1.112680741807161e-05    1.0477430941013837e-05    1.0310927577640471e-05    1.0638388645575305e-05
1308.6799155376696    1.072734091709374e-05    1.010945856654018e-05    9.946637498809354e-06    1.0261145660814425e-05
1308.7799155376695    1.0353125126545348e-05    9.764463291032337e-06    9.605045308024316e-06    9.907544575200667e-06
1308.8799155376694    1.00019731697914e-05    9.440470888173143e-06    9.284204541052704e-06    9.575549533005749e-06
1308.9799155376693    9.671936934889574e-06    9.135721811707991e-06    8.982380109741935e-06    9.2633462854465e-06
1309.0799155376692    9.361275773732411e-06    8.848643062104108e-06    8.698020627795865e-06    8.969313154544127e-06
1309.179915537669    9.068429965376754e-06    8.57782434878852e-06    8.429734958153854e-06    8.691996424106376e-06
1309.279915537669    8.791998123482761e-06    8.321997802189784e-06    8.176272251474328e-06    8.430089392382291e-06
1309.379915537669    8.530717882984643e-06    8.080020635358867e-06    7.936504884054506e-06    8.182414467466006e-06
1309.4799155376688    8.283449325154737e-06    7.85086026658716e-06    7.709413816189728e-06    7.947907802643875e-06
1309.5799155376687    8.049160701343451e-06    7.633581505832203e-06    7.494075980325276e-06    7.72560606250031e-06
1309.6799155376686    7.826916092574765e-06    7.427335479258713e-06    7.289653378179406e-06    7.514634983337628e-06
1309.7799155376686    7.615864707368401e-06    7.231350023044234e-06    7.095383623554259e-06    7.314199451322299e-06
1309.8799155376685    7.415231570551917e-06    7.044921324789495e-06    6.910571712566054e-06    7.123574869302488e-06
1309.9799155376684    7.224309397760444e-06    6.86740662784123e-06    6.73458283915594e-06    6.942099621585871e-06
1310.0799155376683    7.0424514837091176e-06    6.698217844691104e-06    6.566836105420659e-06    6.769168477940293e-06
1310.1799155376682    6.869065460552084e-06    6.536815949892351e-06    6.406798998896141e-06    6.604226803113525e-06
1310.279915537668    6.785520868442542e-06    6.465276531749121e-06    6.330625963128228e-06    6.52714112110663e-06
1310.379915537668    6.750451109719513e-06    6.43865934418672e-06    6.299432970728124e-06    6.496181141544785e-06
