3582.1658784948    3.1582037216e-05    3.1582037373e-05    3.1599635873e-05    3.1587903487333336e-05
3582.2658784848    3.0886227693580226e-05    3.088622784358023e-05    3.09041735655455e-05    3.089220970090198e-05
3582.3658784748    3.0218231153600944e-05    3.0218231306600946e-05    3.023657688552097e-05    3.0224346448574284e-05
3582.4658784648    2.9610733122250257e-05    2.961073327425026e-05    2.9629553037108005e-05    2.9617006477869508e-05
3582.5658784548    2.908838311394018e-05    2.9088383277940175e-05    2.9107780860709048e-05    2.9094849084196466e-05
3582.6658784448    2.8666066689157902e-05    2.8666066862157896e-05    2.8686185988797127e-05    2.8672773180037643e-05
3582.7658784348    2.8335996364041595e-05    2.8335996551041584e-05    2.8357038993487597e-05    2.8343010636190255e-05
3582.8658784248    2.8095585756287812e-05    2.809558594928781e-05    2.8117839944439717e-05    2.8103003883338446e-05
3582.9658784148    2.7933926351327598e-05    2.7933926548327593e-05    2.795780866902509e-05    2.7941887189560094e-05
3583.0658784048    2.7820746963861378e-05    2.782074718786135e-05    2.7846861053852782e-05    2.7829451735191836e-05
3583.1658783948    2.7784998188748655e-05    2.7784998452748614e-05    2.7814188149672788e-05    2.7794728263723352e-05
3583.2658783848    2.7817621199114695e-05    2.781762148411467e-05    2.7850916277599072e-05    2.7828719653609476e-05
3583.3658783748    2.7881069803861567e-05    2.7881070146861497e-05    2.791921875003692e-05    2.789378623358666e-05
3583.4658783648    2.7978934633775666e-05    2.7978935015775612e-05    2.802121122940972e-05    2.7993026959653664e-05
3583.5658783548    2.8104621093039037e-05    2.8104621491039012e-05    2.814790532462835e-05    2.8119049302902133e-05
3583.6658783448    2.824170417937563e-05    2.8241704546375677e-05    2.8282168141606037e-05    2.8255192289119116e-05
3583.7658783348    2.8426583759193134e-05    2.8426584086193198e-05    2.8462412769609047e-05    2.8438526871665126e-05
3583.8658783248    2.8653698093905428e-05    2.8653698363905528e-05    2.8685201349259213e-05    2.8664199269023393e-05
3583.9658783148    2.887423893702665e-05    2.887423917402671e-05    2.890247736690333e-05    2.8883651825985563e-05
3584.0658783048    2.913141729136144e-05    2.9131417509361477e-05    2.915738306567948e-05    2.9140072622134132e-05
3584.1658782948    2.940756562770402e-05    2.9407565832704044e-05    2.943199058678564e-05    2.941570734906457e-05
3584.2658782848002    2.9688592563844483e-05    2.968859275784451e-05    2.9711980505022217e-05    2.9696388608903735e-05
3584.3658782748003    3.000155593148054e-05    3.0001556118480553e-05    3.002425033100633e-05    3.000912079365581e-05
3584.4658782648003    3.032083118766731e-05    3.0320831368667324e-05    3.0343068819717876e-05    3.0328243792017507e-05
3584.5658782548003    3.0674078216207794e-05    3.0674078393207796e-05    3.069602588290371e-05    3.068139416410644e-05
3584.6658782448003    3.1041273937011885e-05    3.104127411301188e-05    3.106305204143579e-05    3.1048533363819844e-05
3584.7658782348003    3.139444948974524e-05    3.139444966574524e-05    3.141614721395423e-05    3.1401682123148235e-05
3584.8658782248003    3.179540233542738e-05    3.179540250942739e-05    3.181708727146191e-05    3.180263070543889e-05
3584.9658782148003    3.2212057817365386e-05    3.2212057987365394e-05    3.2233782621253754e-05    3.221929947532818e-05
3585.0658782048004    3.261222057852936e-05    3.261222075152935e-05    3.2634027264291905e-05    3.261948953145021e-05
3585.1658781948004    3.3045223680992205e-05    3.30452238539922e-05    3.3067146647643356e-05    3.3052531394209256e-05
3585.2658781848004    3.351346469145497e-05    3.351346486345497e-05    3.353553273100525e-05    3.352082076197173e-05
3585.3658781748004    3.398060703014532e-05    3.398060720414531e-05    3.400284471760244e-05    3.3988019650631024e-05
3585.4658781648004    3.4446883793287965e-05    3.4446883966287974e-05    3.446931278465667e-05    3.4454360181410866e-05
3585.5658781548004    3.494885880428646e-05    3.4948858980286455e-05    3.497149845657022e-05    3.4956405413714375e-05
3585.6658781448004    3.548344304795734e-05    3.5483443227957326e-05    3.550631099315832e-05    3.5491065756357664e-05
3585.7658781348005    3.6000888641199127e-05    3.6000888816199135e-05    3.6024001409317764e-05    3.6008592955572004e-05
3585.8658781248005    3.6532817730863446e-05    3.653281790486344e-05    3.655619093089984e-05    3.6540608855542236e-05
3585.9658781148005    3.7098558023188356e-05    3.7098558204188326e-05    3.7122206683141604e-05    3.7106440970172765e-05
3586.0658781048005    3.767176192550724e-05    3.7671762110507215e-05    3.769570075837556e-05    3.767974159813e-05
3586.1658780948005    3.827795713022201e-05    3.827795732022199e-05    3.830220056900359e-05    3.8286038339815866e-05
3586.2658780848005    3.8886974573032444e-05    3.888697475603247e-05    3.8911537039724425e-05    3.889516212292978e-05
3586.3658780748005    3.951401635042615e-05    3.951401653242615e-05    3.953891242802499e-05    3.952231510362576e-05
3586.4658780648006    4.0161688270013035e-05    4.016168845901301e-05    4.0186932437516255e-05    4.01701030555141e-05
3586.5658780548006    4.083196122280204e-05    4.0831961405802065e-05    4.0857569116201646e-05    4.084049724826858e-05
3586.6658780448006    4.152363378847733e-05    4.152363397247732e-05    4.154962087177098e-05    4.153229621090855e-05
3586.7658780348006    4.223572657737792e-05    4.22357267663779e-05    4.226210812656338e-05    4.22445204901064e-05
3586.8658780248006    4.296341712785681e-05    4.296341732585677e-05    4.299020970492498e-05    4.297234805287952e-05
3586.9658780148006    4.368216271202485e-05    4.368216291402483e-05    4.370938389696754e-05    4.369123650767241e-05
3587.0658780048007    4.445532599150318e-05    4.445532619850315e-05    4.4482993996313765e-05    4.4464548728773364e-05
3587.1658779948007    4.525205854534216e-05    4.525205875634214e-05    4.5280192129014263e-05    4.526143647689952e-05
3587.2658779848007    4.604038600753643e-05    4.604038623753633e-05    4.6069004868061516e-05    4.6049925704378094e-05
3587.3658779748007    4.686934220143041e-05    4.686934242743043e-05    4.6898466605801574e-05    4.687905041155413e-05
3587.4658779648007    4.7738797389891166e-05    4.7738797609891196e-05    4.776844879809805e-05    4.774868126596013e-05
3587.5658779548007    4.860983125342279e-05    4.860983147342279e-05    4.8640032970451126e-05    4.861989856576557e-05
3587.6658779448007    4.9475691219776915e-05    4.94756914417769e-05    4.9506467607616226e-05    4.9485950089723344e-05
3587.7658779348008    5.035229016105317e-05    5.03522903780532e-05    5.038366663069272e-05    5.0362749056599696e-05
3587.8658779248008    5.124109305982766e-05    5.124109326382773e-05    5.127309666925296e-05    5.125176099763611e-05
3587.965877914801    5.213731148993841e-05    5.213731171693827e-05    5.2169970854135035e-05    5.214819802033723e-05
3588.065877904801    5.303749150694428e-05    5.3037491752944165e-05    5.307083730689431e-05    5.304860685559425e-05
3588.165877894801    5.3870027172795295e-05    5.3870027401795396e-05    5.3904091488484205e-05    5.388138202102497e-05
3588.265877884801    5.460609721198316e-05    5.460609746098304e-05    5.464091432439111e-05    5.46177029991191e-05
3588.365877874801    5.530116409459093e-05    5.5301164359590836e-05    5.533677070769603e-05    5.531303305395926e-05
3588.465877864801    5.599082701012859e-05    5.599082726212867e-05    5.602726205690946e-05    5.600297210972224e-05
3588.565877854801    5.683943890188421e-05    5.6839439154884206e-05    5.687674385431682e-05    5.685187397036175e-05
3588.665877844801    5.8108329848202754e-05    5.8108330109202695e-05    5.8146548927260934e-05    5.812106962822213e-05
3588.765877834801    5.981744347084833e-05    5.981744373084834e-05    5.985662395550306e-05    5.9830503719066575e-05
3588.865877824801    6.17464594035961e-05    6.174645967259605e-05    6.178665183881605e-05    6.17598569716694e-05
3588.965877814801    6.36831622144352e-05    6.368316246243533e-05    6.372442069718607e-05    6.369691512468552e-05
3589.065877804801    6.554119180161554e-05    6.554119208761529e-05    6.558357440485913e-05    6.555531943136332e-05
3589.165877794801    6.733540989849373e-05    6.733541021149356e-05    6.737897822719367e-05    6.734993277906033e-05
3589.265877784801    6.911879519798402e-05    6.911879551498398e-05    6.91636157130935e-05    6.913373547535384e-05
3589.365877774801    7.09017676276114e-05    7.090176794461139e-05    7.09479119610799e-05    7.091714917776756e-05
3589.465877764801    7.271640395016817e-05    7.271640427316812e-05    7.276394865194549e-05    7.27322522917606e-05
3589.565877754801    7.45726991974302e-05    7.457269953643007e-05    7.462172711345442e-05    7.458904194910489e-05
3589.665877744801    7.645239829427494e-05    7.645239863427493e-05    7.650299794348695e-05    7.64692649573456e-05
3589.765877734801    7.84115721632964e-05    7.841157249329648e-05    7.846383904062548e-05    7.842899456573945e-05
3589.865877724801    8.044205330130711e-05    8.044205364730699e-05    8.049609101867165e-05    8.046006598909525e-05
3589.965877714801    8.25183663307742e-05    8.251836669477406e-05    8.25742861910935e-05    8.253700640554726e-05
3590.065877704801    8.467997548030407e-05    8.467997585930396e-05    8.4737896995491e-05    8.469928277836634e-05
3590.165877694801    8.694963830971561e-05    8.69496387127154e-05    8.700969193165876e-05    8.696965631802991e-05
3590.265877684801    8.928660299660993e-05    8.928660338861002e-05    8.93489292282018e-05    8.930737853780725e-05
3590.365877674801    9.172439307113564e-05    9.172439343213589e-05    9.17891450782443e-05    9.174597719383861e-05
3590.465877664801    9.42674873663347e-05    9.42674877143348e-05    9.4334828736843e-05    9.428993460583751e-05
3590.565877654801    9.68913417846453e-05    9.689134219364478e-05    9.696145373037248e-05    9.69147125695542e-05
3590.665877644801    9.963398729653684e-05    9.963398774553651e-05    9.970706524432585e-05    9.965834676213309e-05
3590.765877634801    0.00010249026296605745    0.00010249026341605743    0.00010256651714874185    0.00010251568117695225
3590.865877624801    0.00010548835495661689    0.00010548835544661655    0.00010556801854695506    0.00010551490965006284
3590.9658776148012    0.00010861651140224563    0.00010861651190224555    0.00010869983586003002    0.00010864428638817373
3591.0658776048012    0.0001118820348968673    0.00011188203544686685    0.00011196929290185874    0.0001119111210818643
3591.1658775948013    0.00011529591187513774    0.00011529591241513781    0.00011538740702700344    0.00011532641043909299
3591.2658775848013    0.00011887236819428236    0.00011887236869428273    0.00011896843047272155    0.00011890438912042888
3591.3658775748013    0.0001226364938700656    0.00012263649446006477    0.00012273748411472833    0.00012267015748161959
3591.4658775648013    0.0001265689510581771    0.00012656895171817643    0.0001266752623786911    0.00012660438838501485
3591.5658775548013    0.00013069685494773617    0.00013069685561773608    0.0001308089178936709    0.00013073420948638107
3591.6658775448013    0.00013504564917649214    0.00013504564982649232    0.0001351639414173139    0.00013508508014009943
3591.7658775348013    0.000139587633207    0.0001395876338270003    0.00013971268802207934    0.00013962931835202654
3591.8658775248014    0.00014437397936247056    0.00014437398000247036    0.00014450637259128798    0.0001444181106520763
3591.9658775148014    0.00014943043724674628    0.00014943043803674477    0.0001495708071585748    0.0001494772274806886
3592.0658775048014    0.0001547350881040001    0.0001547350889539995    0.00015488414442800467    0.0001547847738286681
3592.1658774948014    0.00016032597749115497    0.00016032597841115427    0.0001604845101063921    0.00016037882200290043
3592.2658774848014    0.00016625779313871562    0.00016625779409871523    0.00016642666907424816    0.0001663140854372263
3592.3658774748014    0.00017250696619847304    0.00017250696709847366    0.00017268715429308906    0.00017256702919667854
3592.4658774648015    0.00017910483484199816    0.0001791048358719968    0.0001792974126843838    0.0001791690277994596
3592.5658774548015    0.00018612394299132452    0.00018612394416132305    0.0001863301173599207    0.0001861926681708561
3592.6658774448015    0.0001935438887306335    0.00019354389006063185    0.00019376499323386717    0.00019361759067504418
3592.7658774348015    0.00020143051318185145    0.00020143051443185231    0.0002016680496976722    0.00020150969243712532
3592.8658774248015    0.00020980395095426146    0.00020980395244425888    0.00021005961823026236    0.00020988917387626088
3592.9658774148015    0.00021871445671659234    0.00021871445827659157    0.00021899014067041226    0.0002188063518878654
3593.0658774048015    0.00022820940006518294    0.00022820940158518337    0.00022850723100378085    0.0002283086775513824
3593.1658773948016    0.00023833565922122736    0.00023833566086122604    0.00023865806275092893    0.00023844312761112747
3593.2658773848016    0.00024916943465518217    0.0002491694364451805    0.00024951913054223714    0.00024928600054753325
3593.3658773748016    0.0002607466633550935    0.00026074666529509187    0.00026112673121492745    0.000260873353288371
3593.4658773648016    0.00027313889094789584    0.0002731388929078956    0.0002735528567048496    0.00027327688018688033
3593.5658773548016    0.00028644441178714205    0.0002864444140271389    0.0002868962929649063    0.00028659503959306245
3593.6658773448016    0.0003007706980878011    0.00030077070052779886    0.000301265076939078    0.0003009354918515593
3593.7658773348016    0.00031620259014016587    0.0003162025928201631    0.0003167446962565297    0.0003163832930722862
3593.8658773248017    0.00033285686962498766    0.00033285687241498636    0.0003334527669756302    0.0003330555030052014
3593.9658773148017    0.0003508730420892376    0.00035087304534923205    0.0003515296808324891    0.0003510919227569862
3594.0658773048017    0.0003703789313400114    0.0003703789349400074    0.0003711043663813354    0.0003706207442204514
3594.1658772948017    0.0003915659241861967    0.0003915659281261927    0.00039236952789817265    0.00039183379340352074
3594.2658772848017    0.00041462618390099163    0.0004146261881809875    0.0004155188307435697    0.00041492373427518296
3594.3658772748017    0.0004397857207836952    0.00043978572474369913    0.0004407801855015167    0.0004401172103429703
3594.4658772648017    0.00046732477056974807    0.00046732477483974426    0.000468436072732647    0.00046769520604737975
3594.5658772548018    0.000497534637447733    0.0004975346428077195    0.000498780466099604    0.0004979499154516855
3594.665877244802    0.000530763669637203    0.0005307636758271927    0.000532164959843933    0.0005312307684361096
3594.765877234802    0.0005674175473512722    0.0005674175538712682    0.0005689992398782024    0.0005679447803669142
3594.865877224802    0.0006080251488434295    0.000608025157603401    0.0006098171464625533    0.0006086224843031279
3594.965877214802    0.0006531621217967254    0.00065316213176671    0.0006552003833045456    0.0006538415456226604
3595.065877204802    0.0007035005070948215    0.0007035005165948275    0.000705828507997181    0.0007042765105622767
3595.165877194802    0.0007598898920679925    0.0007598899027879767    0.0007625607280511337    0.0007607801743023676
3595.265877184802    0.0008233378902112273    0.0008233379012612229    0.0008264165756583961    0.0008243641223769487
3595.365877174802    0.0008950332446810056    0.0008950332612009334    0.0008986001385566481    0.0008962222148128625
3595.465877164802    0.0009765095080653275    0.0009765095265353017    0.0009806645415830625    0.000977894525394564
3595.565877154802    0.0010696346559225807    0.001069634676522552    0.0010745033065601012    0.0010712575463350778
3595.665877144802    0.0011766298495643707    0.001176629873264329    0.0011823710846844678    0.001178543602504389
3595.765877134802    0.0013004839327838108    0.0013004839629837226    0.0013073011033510726    0.0013027563330395352
3595.865877124802    0.0014448125195968818    0.0014448125535968296    0.0014529682531585412    0.0014475311087840841
3595.965877114802    0.0016143655807659084    0.001614365624965768    0.0016242033711534884    0.0016176448589617213
3596.065877104802    0.001815387522792644    0.001815387571292584    0.001827361693096915    0.0018193789290607142
3596.165877094802    0.0020560537550696843    0.002056053809969595    0.0020707743344198924    0.002060960633153057
3596.265877084802    0.0023472269086544967    0.002347226979354274    0.002365524241122187    0.002353326043043653
3596.365877074802    0.002704028148215279    0.0027040282370150216    0.0027270508251152374    0.0027117024034485127
3596.465877064802    0.0031471489962622864    0.0031471491160618426    0.0031765142156637135    0.0031569374426626143
3596.565877054802    0.0037055864329877584    0.0037055865744874458    0.0037436110393922724    0.0037182613489558257
3596.665877044802    0.0044217416008314695    0.004421741790830766    0.0044718096683008185    0.004438431019987685
3596.765877034802    0.0053577978031526105    0.005357798058451657    0.005424937270109473    0.005380177710571247
3596.865877024802    0.006605686604489613    0.0066056869530882415    0.006697476315029839    0.00663628329086923
3596.965877014802    0.00830275378093965    0.008302754250037866    0.00843065448609511    0.008345387505690876
3597.065877004802    0.010649231716381683    0.010649232377378824    0.010830184013910265    0.01070954936922359
3597.165876994802    0.013905336408293742    0.013905337343289633    0.014162105337040756    0.01399092636287471
3597.265876984802    0.018301196474350478    0.018301197739345496    0.01865563314556474    0.018419342453086907
3597.365876974802    0.023728610057175855    0.02372861179416868    0.02417390508413207    0.023877042311825535
3597.465876964802    0.02935454992418246    0.029354551553184113    0.029802793549089414    0.029503965008818658
3597.565876954802    0.0339839826650648    0.033983983694074044    0.03425241874814034    0.03407346170242639
3597.665876944802    0.03670825080635687    0.03670825091937106    0.0366203764232036    0.03667895938297718
3597.7658769348022    0.036266344328496715    0.03626634290352071    0.03579562197592287    0.03610943640264677
3597.8658769248023    0.03195241117561711    0.03195240887563085    0.03127354657440368    0.03172612220855055
3597.9658769148023    0.025516208473400463    0.025516206316398202    0.024859033796643077    0.02529714952881391
3598.0658769048023    0.019379093967916365    0.019379092341907926    0.018856957514782977    0.01920504794153576
3598.1658768948023    0.014584696969904483    0.014584695851896354    0.014202276756446544    0.014457223192749129
3598.2658768848023    0.01111092612229009    0.011110925167287466    0.010836323469438075    0.011019391586338544
3598.3658768748023    0.008633822241674279    0.008633821460271467    0.008435170680176404    0.008567604794040716
3598.4658768648023    0.006850957230279492    0.006850956694975482    0.006704729717074803    0.006802214547443259
3598.5658768548024    0.005543869537582574    0.005543869295277769    0.005434083224451957    0.0055072740191041
3598.6658768448024    0.004565693205198201    0.004565692957398292    0.004481692772734641    0.004537692978443712
3598.7658768348024    0.0038185028568787135    0.0038185026369782506    0.0037531391669111906    0.0037967148869227185
3598.8658768248024    0.0032368022980416326    0.003236802115841003    0.003185207986794637    0.003219604133559091
3598.9658768148024    0.0027764866381591925    0.0027764865048583707    0.0027352848003668077    0.0027627526477947907
3599.0658768048024    0.0024065052453515956    0.00240650514615102    0.0023733098908428852    0.002395440094115167
3599.1658767948024    0.0021048873460775687    0.0021048872581773768    0.0020779848154002037    0.002095919806551717
3599.2658767848025    0.0018560820933483696    0.0018560820241480499    0.0018342240787876307    0.0018487960654280167
3599.3658767748025    0.0016486576389840852    0.0016486575712840593    0.0016309224274722305    0.0016427458792467916
3599.4658767648025    0.0014739775937511852    0.001473977530451109    0.00145968019927723    0.0014692117744931749
3599.5658767548025    0.001325560679242977    0.0013255606166429645    0.0013141914995922598    0.001321770931826067
3599.6658767448025    0.0011984268813319116    0.0011984268492313778    0.0011896091282821222    0.001195487619615137
3599.7658767348025    0.0010887701374505455    0.0010887700966506987    0.0010822309951471377    0.0010865904097494606
3599.8658767248025    0.00099357527579248    0.000993575217822784    0.0009891256745777068    0.0009920920560643235
3599.9658767148026    0.000910419207022339    0.0009104191596921498    0.0009079424651655243    0.0009095936106266712
3600.0658767048026    0.0008373963132948311    0.0008373962741446847    0.0008368420506725147    0.0008372115460373434
3600.1658766948026    0.000772949124825028    0.0007729491178744484    0.0007743297344173722    0.0007734093257056162
3600.2658766848026    0.0007158223292211361    0.0007158223086513826    0.000719216193941245    0.000716953610604588
3600.3658766748026    0.0006649825410209357    0.000664982504381228    0.0006705428739112129    0.0006668359731044588
3600.4658766648026    0.000619593972517924    0.0006195939524676204    0.0006275636335171951    0.0006222505195009132
3600.5658766548027    0.0005789398779727498    0.0005789398572427623    0.0005896735100556302    0.000582517748423714
3600.6658766448027    0.0005424772786357297    0.000542477242706011    0.000556480160684517    0.0005471448940087525
3600.7658766348027    0.0005097409718331539    0.000509740924613364    0.0005277256113723253    0.0005157358359396144
3600.8658766248027    0.00048030349805893254    0.00048030344387906275    0.0005032735427416224    0.00048796016155987264
3600.9658766148027    0.0004538691449141454    0.00045386909072414556    0.00048325567337390214    0.0004636646363373977
3601.0658766048027    0.0004302464598571537    0.00043024636955783617    0.00046811471431201215    0.000442869181242334
3601.1658765948027    0.00040927475224094266    0.0004092746179617783    0.00045865303095969607    0.00042573413372080563
3601.2658765848028    0.00039090262379620874    0.00039090247217654    0.000456280184768725    0.0004126950935804912
3601.3658765748028    0.0003752125648277756    0.00037521237841844354    0.0004632212350285845    0.0004045487260916012
3601.465876564803    0.0003623998387242295    0.0003623995713157928    0.0004824520081220026    0.0004024171393873416
3601.565876554803    0.0003529810674026492    0.00035298068919479875    0.0005166303856347638    0.0004075307140774039
3601.665876544803    0.0003477434505818053    0.0003477429257946636    0.0005629972206633542    0.0004194945323466077
3601.765876534803    0.000347835508673627    0.0003478347689978388    0.0006038323029256441    0.0004331675268657033
3601.865876524803    0.0003546172948563951    0.00035461623980260804    0.000607777046262897    0.0004390035269739667
3601.965876514803    0.0003683772757800069    0.00036837621059020745    0.0005619781719259464    0.0004329105527653869
3602.065876504803    0.0003846214329907242    0.00038462045502898835    0.000490074657988303    0.00041977218200267184
3602.165876494803    0.0003908862193784171    0.0003908860313226187    0.00042059482453378597    0.0004007890250782739
3602.265876484803    0.0003753452599716047    0.0003753461685395625    0.0003648410467238183    0.00037184415841166185
3602.365876474803    0.0003420464659320119    0.0003420480212689474    0.00032259896423351763    0.0003355644838114923
3602.465876464803    0.00030511161616797325    0.00030511300885127543    0.0002906308077585258    0.00030028514425925815
3602.565876454803    0.00027327792397434066    0.000273278979191225    0.0002659170438971051    0.0002708246490208903
3602.665876444803    0.00024817676957013935    0.0002481776289841533    0.0002463242712291436    0.00024755955659447874
3602.765876434803    0.00022861336659318863    0.0002286139450589762    0.00023039198425309833    0.00022920643196842105
3602.865876424803    0.00021308146169831077    0.0002130818774116797    0.00021715159789450754    0.00021443831233483265
3602.965876414803    0.0002004880134021207    0.0002004882723753809    0.0002060330068054821    0.00020233643086099457
3603.065876404803    0.00019000296163637238    0.00019000318235717182    0.00019658065863308833    0.0001921956008755442
3603.165876394803    0.0001811099575821286    0.00018111009024397785    0.00018853296000082148    0.0001835843359423093
3603.265876384803    0.0001735382283326743    0.00017353834508300998    0.00018180419962605737    0.00017629359101391386
3603.365876374803    0.0001670504370205188    0.00016705052724108122    0.00017631165777118858    0.00017013754067759617
3603.465876364803    0.0001615388736657066    0.00016153895348592812    0.00017210904968485385    0.0001650622922788295
3603.565876354803    0.00015704967268830635    0.00015704970586930447    0.0001694408027597084    0.0001611800604391064
3603.665876344803    0.00015368874412934516    0.0001536887865391467    0.0001686851111364675    0.0001586875472683198
3603.765876334803    0.000151585477939901    0.00015158547502088014    0.00017033798265690743    0.00015783631187256283
3603.865876324803    0.00015095043009983266    0.0001509504277298207    0.00017500511060203783    0.00015896865614389705
3603.965876314803    0.00015166013539780844    0.00015166010202848423    0.00018258373891473978    0.00016196799211367746
3604.065876304803    0.00015273522050549324    0.0001527352086650217    0.000190720478465376    0.00016539696921196367
3604.165876294803    0.0001523314548035457    0.0001523314777727799    0.00019424419461057442    0.00016630237572896666
3604.265876284803    0.00014869950625751832    0.00014869955745689441    0.00018858334771900401    0.00016199413714447226
3604.365876274803    0.00014164529223503338    0.00014164528407635118    0.00017478004993682023    0.00015269020874940158
3604.4658762648032    0.00013288726446460908    0.00013288728969386448    0.00015833830306178522    0.00014137095240675292
3604.5658762548032    0.00012449932661937112    0.00012449933668971067    0.00014362186631687953    0.00013087350987532042
3604.6658762448033    0.00011743178397882441    0.00011743184133776039    0.00013190216073150128    0.0001222552620160287
3604.7658762348033    0.00011170973595741739    0.00011170973170880976    0.000122832822815398    0.00011541743016054172
3604.8658762248033    0.00010715573647505874    0.00010715572466523036    0.00011583307197308214    0.00011004817770445708
3604.9658762148033    0.00010351530419127529    0.00010351532753047387    0.00011034747489066715    0.00010579270220413876
3605.0658762048033    0.000100479923269814    0.00010047991615051153    0.00010586169160377752    0.00010227384367470101
3605.1658761948033    9.789468783109592e-05    9.789467808915623e-05    0.00010207891157345033    9.928942583123416e-05
3605.2658761848033    9.567852667805386e-05    9.567856774088024e-05    9.881775814226017e-05    9.672495085373142e-05
3605.3658761748034    9.379583935511202e-05    9.379587554822503e-05    9.596312275123958e-05    9.451827921819222e-05
3605.4658761648034    9.225619002959713e-05    9.225622025373621e-05    9.345536826141601e-05    9.265592618158313e-05
3605.5658761548034    9.106487311458849e-05    9.106482543241153e-05    9.123256367740213e-05    9.112075407480071e-05
3605.6658761448034    9.026522294853758e-05    9.026522986325448e-05    8.925677287388397e-05    8.992907522855867e-05
3605.7658761348034    8.994704453173297e-05    8.994713070386247e-05    8.751667916102263e-05    8.913695146553937e-05
3605.8658761248034    9.027392123067125e-05    9.027393081848638e-05    8.603086283066025e-05    8.885957162660596e-05
3605.9658761148035    9.141250127337247e-05    9.141257064094964e-05    8.475932798936889e-05    8.9194799967897e-05
3606.0658761048035    9.371567433457527e-05    9.371575185138054e-05    8.373912365270795e-05    9.039018327955459e-05
3606.1658760948035    9.769047685491235e-05    9.769068662773813e-05    8.302944141517207e-05    9.280353496594086e-05
3606.2658760848035    0.00010364743749630565    0.00010364757483805136    8.251090660056076e-05    9.660197297830592e-05
3606.3658760748035    0.0001125373630523637    0.00011253748874264564    8.224187284946301e-05    0.0001024389082148241
3606.4658760648035    0.00012401559587778442    0.00012401572486770424    8.239309477906476e-05    0.00011014147184151783
3606.5658760548035    0.0001348028104927267    0.0001348028151457606    8.304805303074144e-05    0.00011755122622307624
3606.6658760448036    0.00013914377108046604    0.00013914443648427722    8.411530507811447e-05    0.00012080117088095257
3606.7658760348036    0.00013338174061183772    0.00013338023762518174    8.576439821101576e-05    0.00011750879214934506
3606.8658760248036    0.00012115232786004099    0.00012115065095433556    8.841604179687743e-05    0.00011023967353708468
3606.9658760148036    0.00010874984215134945    0.00010875020215083293    9.229406566938244e-05    0.00010326470332385495
3607.0658760048036    9.913212102521451e-05    9.913327254050656e-05    9.783206947586547e-05    9.86991543471955e-05
3607.1658759948036    9.261602007736805e-05    9.261463139587496e-05    0.00010574607185873447    9.699224111065916e-05
3607.2658759848036    8.862736164659882e-05    8.862754527013143e-05    0.00011693709575364184    9.806400089012402e-05
3607.3658759748037    8.655171951090526e-05    8.655263105156232e-05    0.00013251237323073375    0.00010187224126440044
3607.4658759648037    8.5966346170976e-05    8.596697990700509e-05    0.00015349754774233047    0.00010847695794010385
3607.5658759548037    8.661333325775816e-05    8.661332427008356e-05    0.000179397416731054    0.00011754135808629857
3607.6658759448037    8.8405748285738e-05    8.840536048839745e-05    0.0002056104451384956    0.00012747385130421033
3607.7658759348037    9.139336189241974e-05    9.139274024340624e-05    0.0002233496776518225    0.0001353785932625495
3607.8658759248037    9.564230783839848e-05    9.564262525426377e-05    0.00022741149465043488    0.0001395654759143657
3607.9658759148037    0.00010189376602126237    0.0001018940042333065    0.0002197028116215661    0.000141163527292045
3608.0658759048038    0.00011042572459104645    0.00011042564934916506    0.00021163115093597286    0.00014416084162539479
3608.165875894804    0.00012111849431691582    0.00012111813203437886    0.00020604653369817293    0.0001494277200164892
3608.265875884804    0.00013469001850176655    0.00013468948034635678    0.000203534464892818    0.0001576379879136471
3608.365875874804    0.0001505194519378293    0.00015051904928427894    0.00020367796523847984    0.0001682388221535294
3608.465875864804    0.00016783729307034986    0.00016783673753437088    0.00020556533276109765    0.00018041312112193947
3608.565875854804    0.0001853160833604457    0.00018531553649021683    0.0002085265101542765    0.00019305271000164635
3608.665875844804    0.00020127005253146738    0.0002012696173785068    0.00021197393922291563    0.00020483786971096327
3608.765875834804    0.0002141824622337512    0.00021418216852000304    0.00021537465181127363    0.0002145797608550093
3608.865875824804    0.00022320976012695436    0.00022320975694922602    0.00021827207798892748    0.00022156386502170266
3608.965875814804    0.00022835539332452607    0.0002283556329680428    0.00022032352308708675    0.0002256781831265519
3609.065875804804    0.00023022554658230229    0.00023022589938926957    0.00022129493967684239    0.0002272487952161381
3609.165875794804    0.0002296850900199998    0.00022968540731095526    0.0002210890987279628    0.0002268198653529726
3609.265875784804    0.00022758226361736924    0.00022758267284488684    0.0002197359733551679    0.00022496696993914132
3609.365875774804    0.0002245719326405181    0.00022457239762900704    0.00021732624686426866    0.00022215685904459793
3609.465875764804    0.000221100160112432    0.00022110072311976587    0.00021399236367218794    0.00021873108230146193
3609.565875754804    0.00021744143945308158    0.0002174419056557245    0.0002098919461818196    0.00021492509709687522
3609.665875744804    0.00021370342172160716    0.00021370384787270454    0.00020515821840444008    0.00021085516266625059
3609.765875734804    0.0002099029856618944    0.00020990344916086727    0.00019992894001533056    0.0002065784582793641
3609.865875724804    0.00020599901790943625    0.00020599954655763813    0.00019433830809149728    0.00020211229085285724
3609.965875714804    0.00020191015460150979    0.00020191073076019375    0.00018850513039900038    0.000197442005253568
3610.065875704804    0.0001975490102398635    0.00019754961170915988    0.00018253820719035007    0.00019254560971312446
3610.165875694804    0.00019285156164889987    0.00019285214877929997    0.0001765342695596628    0.00018741265999595424
3610.265875684804    0.0001878011689210769    0.00018780180496970713    0.0001705821833781425    0.00018206171908964218
3610.365875674804    0.00018243203915258412    0.0001824326763425521    0.0001647472662208483    0.00017653732723866148
3610.465875664804    0.0001768442403858962    0.00017684483365713476    0.00015908869196144953    0.00017092592200149348
3610.565875654804    0.0001711842001789847    0.00017118479578891846    0.00015365544473051445    0.00016534148023280586
3610.665875644804    0.00016561105544702712    0.00016561164569717934    0.0001484758454302179    0.00015989951552480809
3610.765875634804    0.00016027626095124032    0.00016027683279176501    0.00014356800420306192    0.00015470703264868909
3610.865875624804    0.00015530303985362778    0.00015530359671405623    0.00013894412753245457    0.00014985025470004617
3610.965875614804    0.00015076119531041675    0.0001507617562902985    0.0001345949094321736    0.00014537262034429628
3611.065875604804    0.0001466850022538205    0.00014668545915681798    0.00013051051955005475    0.00014129366032023105
3611.165875594804    0.00014304790786152068    0.00014304835661175621    0.00012665490928679587    0.00013758372458669093
3611.2658755848042    0.0001397944324603349    0.00013979492053919432    0.00012298797548077547    0.00013419244282676822
3611.3658755748042    0.0001368169584041398    0.00013681740870523918    0.0001194388834583326    0.00013102441685590386
3611.4658755648043    0.00013397068413099035    0.00013397115486039378    0.00011592069248101807    0.0001279541771574674
3611.5658755548043    0.00013105095326806435    0.0001310513628998546    0.00011231088896718189    0.0001248044017117003
3611.6658755448043    0.00012774203006254623    0.00012774243255275614    0.00010840805146352018    0.00012129750469294084
3611.7658755348043    0.00012362549482832223    0.00012362590881798296    0.0001039531956385442    0.00011706819976161645
3611.8658755248043    0.0001181319725592321    0.00011813234671041136    9.859339137577251e-05    0.0001116192368818053
3611.9658755148043    0.00011058306227415351    0.0001105833813957879    9.19091489599083e-05    0.00010435853087661657
3612.0658755048044    0.00010052687511620101    0.00010052716239714984    8.364119249317931e-05    9.489841000217673e-05
3612.1658754948044    8.844505585571306e-05    8.844528478545779e-05    7.417213924638003e-05    8.368749329585028e-05
3612.2658754848044    7.615134017615128e-05    7.615153613914027e-05    6.475030301865425e-05    7.235105977798193e-05
3612.3658754748044    6.543625008533122e-05    6.543640712450283e-05    5.66047231164567e-05    6.249246010876357e-05
3612.4658754648044    5.700075350959572e-05    5.7000879665528384e-05    5.017431499251567e-05    5.472531605587992e-05
3612.5658754548044    5.060521975655016e-05    5.060532279025076e-05    4.52571139496102e-05    4.882255216547038e-05
3612.6658754448044    4.575019048627151e-05    4.575027624679661e-05    4.148102541088546e-05    4.4327164047984524e-05
3612.7658754348045    4.199678224077205e-05    4.199685489517178e-05    3.852379281071056e-05    4.083914331555146e-05
3612.8658754248045    3.9026495110927126e-05    3.9026557618237624e-05    3.615201793266252e-05    3.8068356887275756e-05
3612.9658754148045    3.6620500828398974e-05    3.662055531664515e-05    3.420502181630453e-05    3.581535932044955e-05
3613.0658754048045    3.46294784060172e-05    3.462952643821604e-05    3.2572753289506604e-05    3.394391937791328e-05
3613.1658753948045    3.2950343092914255e-05    3.295038583907759e-05    3.117888816114739e-05    3.235987236437974e-05
3613.2658753848045    3.151060113570975e-05    3.1510639490845865e-05    2.996947980743052e-05    3.099690681132872e-05
3613.3658753748045    3.0258220587799502e-05    3.0258255248914382e-05    2.8905602131408778e-05    2.9807359322707555e-05
3613.4658753648046    2.9155094223353245e-05    2.9155125740451337e-05    2.7958590569609128e-05    2.8756270177804568e-05
3613.5658753548046    2.8172775380421152e-05    2.8172804197505664e-05    2.71069288838824e-05    2.7817502820603068e-05
3613.6658753448046    2.72896506839805e-05    2.728967716005401e-05    2.6334178450253268e-05    2.6971168764762595e-05
3613.7658753348046    2.6489030847408432e-05    2.648905527947282e-05    2.562757524290488e-05    2.6201887123262046e-05
3613.8658753248046    2.5757837315613936e-05    2.5757859950670722e-05    2.497706135115418e-05    2.5497586205812946e-05
3613.9658753148046    2.5085682383224638e-05    2.5085703427275075e-05    2.4374604247817317e-05    2.484866335277234e-05
3614.0658753048046    2.446421381762314e-05    2.4464233447668106e-05    2.3813710080369027e-05    2.4247385781886756e-05
3614.1658752948047    2.388664041452212e-05    2.388665877856251e-05    2.3289070067956994e-05    2.368745642034721e-05
3614.2658752848047    2.3347383359162837e-05    2.334740058619922e-05    2.2796299743596077e-05    2.3163694562986046e-05
3614.3658752748047    2.2841816488639076e-05    2.284183268967201e-05    2.2331743995189536e-05    2.267179772450021e-05
3614.4658752648047    2.2366070265977697e-05    2.236608553800761e-05    2.1892329406105447e-05    2.2208161736696916e-05
3614.5658752548047    2.1916882077731645e-05    2.191689650475894e-05    2.1475451105127855e-05    2.1769743229206147e-05
3614.6658752448047    2.1491480633963244e-05    2.1491494290988194e-05    2.1078885076700688e-05    2.135395333388404e-05
3614.7658752348048    2.1087495786466867e-05    2.108750873848978e-05    2.070071952334414e-05    2.0958574682766928e-05
3614.8658752248048    2.07028874861924e-05    2.070289979221346e-05    2.0339300611222197e-05    2.058169596320935e-05
3614.965875214805    2.0335889341804983e-05    2.033590105282444e-05    1.99931892138117e-05    2.0221659869480372e-05
3615.065875204805    1.9984963377339146e-05    1.998497454035712e-05    1.966112612963966e-05    1.9877021349111975e-05
3615.165875194805    1.9648763507944848e-05    1.964877416296156e-05    1.9342003902093118e-05    1.954651385766651e-05
3615.265875184805    1.932610581967431e-05    1.932611600568979e-05    1.903484382025572e-05    1.9229021881873275e-05
3615.365875174805    1.9015944236320304e-05    1.901595398533477e-05    1.873877701978518e-05    1.8923558413813418e-05
3615.465875164805    1.871735045228805e-05    1.8717359796301494e-05    1.845302885481542e-05    1.8629246367801655e-05
3615.565875154805    1.8429497302485307e-05    1.842950626849789e-05    1.8176905893871768e-05    1.8345303154951654e-05
3615.665875144805    1.8151644878247288e-05    1.8151653492259048e-05    1.790978504081441e-05    1.807102780377358e-05
3615.765875134805    1.7883128902262333e-05    1.788313718527342e-05    1.765110438778047e-05    1.780579015843874e-05
3615.865875124805    1.7623350915518232e-05    1.7623358889528614e-05    1.7400355476142645e-05    1.7549021760396498e-05
3615.965875114805    1.7371769976257355e-05    1.7371777660267128e-05    1.7157076724474818e-05    1.73002081203331e-05
3616.065875104805    1.7127895598934238e-05    1.7127903009943466e-05    1.6920847822518263e-05    1.7058882143798657e-05
3616.165875094805    1.689128171319155e-05    1.6891288869200192e-05    1.669128492516405e-05    1.68246185025186e-05
3616.265875084805    1.6661521491828844e-05    1.666152840583707e-05    1.6468036513428242e-05    1.6597028803698054e-05
3616.365875074805    1.6438242885782238e-05    1.6438249571790013e-05    1.6250779829435553e-05    1.63757574290026e-05
3616.465875064805    1.622110477210667e-05    1.622111124311402e-05    1.60392177694064e-05    1.616047792820903e-05
3616.565875054805    1.6009793606956506e-05    1.600979987496347e-05    1.5833076193640304e-05    1.5950889891853428e-05
3616.665875044805    1.5804020515578226e-05    1.580402659158483e-05    1.5632101571511546e-05    1.5746716226224865e-05
3616.765875034805    1.5603518746295234e-05    1.5603524640301512e-05    1.5436058919456305e-05    1.554770076868435e-05
3616.865875024805    1.5408041443499164e-05    1.540804716450515e-05    1.5244729987966091e-05    1.53536061986568e-05
3616.965875014805    1.5217359688642522e-05    1.5217365244648247e-05    1.5057911667581864e-05    1.5164212200290879e-05
3617.065875004805    1.5031260774228085e-05    1.5031266174233515e-05    1.4875414576885102e-05    1.4979313841782234e-05
3617.165874994805    1.4849546678808016e-05    1.4849551930813181e-05    1.4697061807498188e-05    1.4798720139039795e-05
