1046.4664992722    0.00079954205703    0.0007996093263    0.00079955518532    0.0007995688562166666
1046.5664992522    0.000772789563560504    0.0007728572458204214    0.0007728026053405214    0.0007728164715738155
1046.6664992321998    0.0007526488360563442    0.0007527169873461566    0.000752661885716341    0.0007526759030396139
1046.7664992121997    0.0007428089180239767    0.0007428776415136333    0.0007428221540738647    0.0007428362378704915
1046.8664991921996    0.0007423662912440982    0.000742435692483556    0.0007423798922738063    0.0007423939586671535
1046.9664991721995    0.0007490708476754007    0.000749141021684628    0.0007490849713648781    0.0007490989469083023
1047.0664991521994    0.000761243146543165    0.0007613141669421493    0.0007612579005024086    0.0007612717379959077
1047.1664991321993    0.0007777689018137996    0.0007778408435825097    0.000777784396952762    0.0007777980474496905
1047.2664991121992    0.0007980040401136002    0.000798076982631999    0.0007980203985722188    0.0007980338071059393
1047.366499092199    0.000821673929183986    0.0008217479481320484    0.0008216912622922317    0.0008217043798694221
1047.466499072199    0.0008482392598790337    0.0008483144356767201    0.0008482576837968522    0.000848270459784202
1047.5664990521989    0.0008776048380553843    0.0008776812556826524    0.0008776244750427156    0.0008776368562602509
1047.6664990321988    0.0009099208503311106    0.0009099985988279164    0.0009099418316578841    0.0009099537602723037
1047.7664990121987    0.000944994945916845    0.0009450741352030989    0.0009450174194329653    0.0009450288335176363
1047.8664989921986    0.0009831450370491827    0.0009832257875248113    0.0009831691685445402    0.0009831799977061781
1047.9664989721985    0.0010245820714881802    0.0010246645031831367    0.001024608032382692    0.0010246182023513364
1048.0664989521983    0.0010692673633062833    0.0010693516162004555    0.001069295351799795    0.0010693047771021778
1048.1664989321982    0.0011178589914874843    0.0011179452249807501    0.0011178892293798363    0.0011178978152826902
1048.2664989121981    0.001170226652875352    0.0011703150408675957    0.0011702593813663858    0.0011702670250364445
1048.366498892198    0.001226916749076459    0.0012270074981674869    0.0012269522581658929    0.001226958835136613
1048.466498872198    0.0012885767756584514    0.0012886701165480843    0.00128861539004603    0.0012886207607508552
1048.5664988521978    0.0013553089421233233    0.0013554051329113539    0.0013553510210087725    0.0013553550320144832
1048.6664988321977    0.0014277959209553868    0.0014278952677415002    0.0014278418885382762    0.0014278443590783878
1048.7664988121976    0.0015065578661929532    0.0015066607118768582    0.0015066081958728876    0.0015066089246475662
1048.8664987921975    0.001592572808625946    0.001592679550507244    0.0015926280542023494    0.00159262680444518
1048.9664987721974    0.00168660757912335    0.0016867186824015429    0.0016866683867955393    0.0016866648827734774
1049.0664987521973    0.0017896629444089905    0.0017897789530834823    0.0017897300624761762    0.0017897239866562162
1049.1664987321972    0.0019028092608061712    0.0019029307987763128    0.0019028835528674315    0.0019028745374833052
1049.266498712197    0.002027299070752915    0.0020274268808177912    0.0020273815596070126    0.002027369170392573
1049.366498692197    0.0021650334288360546    0.0021651684017945094    0.0021651253306814587    0.0021651090537706742
1049.4664986721968    0.002317578268025378    0.002317721449776125    0.0023176810127603204    0.0023176602435206082
1049.5664986521967    0.0024871167109553516    0.002487269353596694    0.0024872320209774466    0.002487206028509831
1049.6664986321966    0.0026762966053411018    0.0026764602265708388    0.002676426552947421    0.002676394461619787
1049.7664986121965    0.0028884490906849647    0.0028886255238004055    0.002888596162671943    0.0028885569257191047
1049.8664985921964    0.003127376756881992    0.0031275682337796934    0.003127543982844944    0.00312749632450221
1049.9664985721963    0.003397652277359382    0.0033978615342349213    0.0033978433719923    0.0033977857278622015
1050.0664985521962    0.0037048063686767095    0.003705036812424163    0.003705025935571708    0.0037049563722241934
1050.166498532196    0.004056081811644809    0.004056337677156686    0.004056335576891739    0.0040562516885644115
1050.266498512196    0.004460610901359073    0.004460897663624256    0.0044609061529437746    0.004460804905975701
1050.366498492196    0.004929228976755599    0.004929553580760432    0.004929574980059733    0.004929452512525255
1050.4664984721958    0.005476148950911078    0.005476520330236872    0.005476557657809446    0.005476408979652466
1050.5664984521957    0.0061203736622223006    0.006120803494542982    0.0061208606600803095    0.006120679272281864
1050.6664984321956    0.00688636003057012    0.006886863847048648    0.006886945929039348    0.006886723268886038
1050.7664984121955    0.007806419173936814    0.0078070180674191456    0.007807131866046381    0.007806856369134114
1050.8664983921954    0.00892499438777008    0.008925717383577971    0.008925872243116634    0.008925528004821562
1050.9664983721952    0.010303422516057528    0.01030431040357349    0.010304519285087289    0.010304084068239435
1051.0664983521951    0.012029136552315712    0.01203024806325836    0.012030529382591927    0.012029971332722001
1051.166498332195    0.014229716783389147    0.014231138814470233    0.014231519499536188    0.01423079169913186
1051.266498312195    0.01709463967252923    0.017096504987273668    0.01709702572092919    0.017096056793577362
1051.3664982921948    0.020924849396651134    0.02092736820424685    0.020928092918247827    0.020926770173048604
1051.4664982721947    0.026206705628002768    0.026210226222984807    0.02621125945589959    0.026209397102295723
1051.5664982521946    0.03377077543583456    0.0337759063944087    0.0337774291624154    0.03377470366421956
1051.6664982321945    0.045145814614527616    0.045153689406991465    0.04515603502643373    0.04515184634931761
1051.7664982121944    0.06335153142058786    0.06336443439428859    0.0633682697044977    0.06336141183979138
1051.8664981921943    0.09493475473680985    0.09495772474808467    0.09496450672326034    0.09495232873605161
1051.9664981721942    0.15517659308270185    0.1552216080302048    0.15523477645995298    0.15521099252428655
1052.066498152194    0.2739314840307509    0.27402304199946326    0.27404962654920106    0.27400138419313835
1052.166498132194    0.44273225737405497    0.4428681622284979    0.44290784223920887    0.44283608728058727
1052.2664981121939    0.5697707182912688    0.56983534802808    0.5698565155328305    0.569820860617393
1052.3664980921938    0.6005047329498419    0.6003954706217934    0.6003705767653242    0.6004235934456532
1052.4664980721936    0.4166102314966364    0.4164562075237608    0.4164184350183008    0.4164949580128993
1052.5664980521935    0.22821775653141618    0.22813266068047186    0.22811176864452465    0.22815406195213758
1052.6664980321934    0.13114803386745877    0.13110648894742805    0.13109637281380704    0.13111696520956462
1052.7664980121933    0.08305247692070164    0.08303035338499462    0.0830250056669132    0.08303594532420316
1052.8664979921932    0.05685110668983038    0.05683815915837853    0.05683503797587913    0.056841434608029345
1052.966497972193    0.04122637635485985    0.04121820576875995    0.04121622835889101    0.04122027016083694
1053.066497952193    0.031218742583524722    0.03121327880079508    0.03121194056035808    0.0312146539815593
1053.166497932193    0.024440063987228422    0.024436242189225896    0.02443528570711035    0.024437197294521554
1053.2664979121928    0.019642979488347357    0.019640210094034695    0.019639494345760723    0.019640894642714256
1053.3664978921927    0.016126811750138442    0.016124747816403096    0.01612419075521322    0.016125250107251583
1053.4664978721926    0.013475671070008048    0.013474097900137358    0.0134736493146187    0.013474472761588035
1053.5664978521925    0.011427056947360077    0.011425835959359094    0.011425463658275858    0.011426118854998344
1053.6664978321924    0.009811794379721973    0.009810832915284833    0.009810515664792104    0.009811047653266302
1053.7664978121923    0.008515401212577482    0.008514635468319967    0.008514358774927833    0.008514798485275093
1053.8664977921921    0.007459594619670728    0.007458979326844044    0.007458733129092709    0.0074591023585358265
1053.966497772192    0.00658842066674071    0.006587923086475019    0.006587700068327324    0.006588014607181017
1054.066497752192    0.005861127703180832    0.005860723697058503    0.005860518545886924    0.0058607899820420865
1054.1664977321918    0.005247809791921765    0.005247481218260104    0.005247290000745525    0.005247527003642465
1054.2664977121917    0.004725861971908919    0.004725594991148068    0.004725414665678151    0.004725623876245046
1054.3664976921916    0.004278005339455127    0.004277789200651822    0.0042776174733159715    0.004277804004474307
1054.4664976721915    0.003890662492304595    0.0038904887393264205    0.0038903238224174534    0.003890491684682823
1054.5664976521914    0.00355363296289528    0.0035534949379164853    0.003553335430528851    0.0035534877771135386
1054.6664976321913    0.003258479443133553    0.003258371746236171    0.0032582165324657555    0.003258355907278493
1054.7664976121912    0.002998645733953737    0.002998564025922321    0.0029984122056659884    0.0029985406551806823
1054.866497592191    0.0027686259687448385    0.0027685667035677974    0.002768417535023249    0.002768536735778628
1054.966497572191    0.00256409938016399    0.0025640596407320512    0.002563912517497281    0.0025640238461311074
1055.0664975521909    0.002381519621382668    0.0023814970059881334    0.0023813514439612804    0.002381456023777361
1055.1664975321908    0.0022177320377141964    0.002217724521051478    0.002217580102831576    0.002217678887199083
1055.2664975121907    0.0020702067846537927    0.0020702126511182493    0.0020700690369040986    0.00207016282422538
1055.3664974921905    0.001936758893481032    0.0019367767142682445    0.0019366336005593354    0.001936723069436204
1055.4664974721904    0.0018158876874897333    0.0018159162394965705    0.0018157733692921875    0.0018158590987594973
1055.5664974521903    0.001705965476491638    0.001706003705715512    0.001705860861115046    0.0017059433477740655
1055.6664974321902    0.0016056097028533084    0.0016056567223915658    0.0016055137137945834    0.001605593379679819
1055.7664974121901    0.0015140148463707302    0.001514069904121219    0.0015139265836270203    0.0015140037780396564
1055.86649739219    0.0014299780388979768    0.0014300404673594069    0.0014298966923679515    0.0014299717328751119
1055.96649737219    0.0013527283027506948    0.0013527975248216158    0.0013526531564328904    0.0013527263280017335
1056.0664973521898    0.0012817224768170692    0.0012817980062959668    0.001281652917209804    0.0012817244667742802
1056.1664973321897    0.0012161480532488726    0.0012162294369353005    0.0012160835276512124    0.001216153672611795
1056.2664973121896    0.0011553844747708801    0.0011554713325635873    0.0011553245201812881    0.0011553934425052518
1056.3664972921895    0.0010989076951446917    0.0010989997039427015    0.00109885190426225    0.0010989197677832145
1056.4664972721894    0.0010464752504531025    0.001046572107956128    0.0010464232430774322    0.0010464902004955544
1056.5664972521893    0.000997840182532237    0.0009979416173097758    0.0009977916092728677    0.0009978578030382936
1056.6664972321892    0.0009524386924042185    0.0009525444876152653    0.0009523932675299913    0.0009524588158498251
1056.766497212189    0.0009101786269408328    0.0009102886054246569    0.0009101361196407305    0.0009102011173354067
1056.866497192189    0.0008706102283960426    0.0008707241878832373    0.000870570375100839    0.0008706349304600398
1056.9664971721888    0.0008334653575255517    0.000833583147645108    0.0008334279489942114    0.0008334921513882904
1057.0664971521887    0.00079894841710199    0.0007990699139134079    0.0007989132747939459    0.000798977201936448
1057.1664971321886    0.0007663488598435357    0.0007664739331569981    0.0007663158001889668    0.0007663795310631668
1057.2664971121885    0.0007355832469300592    0.0007357117913750824    0.0007355521159184004    0.0007356157180745141
1057.3664970921884    0.0007066690221726811    0.0007068009429390768    0.0007066396851035728    0.0007067032167384435
1057.4664970721883    0.0006794863808405923    0.0006796216150776956    0.0006794587252435998    0.000679522240387296
1057.5664970521882    0.0006539976639018007    0.0006541361190302966    0.0006539715433177234    0.0006540351087499402
1057.666497032188    0.0006297331923865758    0.000629874834045197    0.0006297085167742082    0.0006297721810686603
1057.766497012188    0.0006067192112582118    0.0006068639826474796    0.0006066958916675656    0.0006067596951910856
1057.8664969921879    0.0005850465561985526    0.0005851943892487463    0.0005850244795902123    0.0005850884750125037
1057.9664969721878    0.0005646067891166011    0.0005647576696565086    0.000564585893469439    0.0005646501174141829
1058.0664969521877    0.0005451460948100695    0.0005452999987799254    0.0005451263139242069    0.0005451908025047339
1058.1664969321876    0.0005267055384308647    0.0005268624366008001    0.0005266868009664486    0.0005267515919993711
1058.2664969121874    0.0005091982043648499    0.0005093580570151238    0.00050918043003212    0.0005092455638040312
1058.3664968921873    0.0004924148039367139    0.0004925776217661423    0.0004923979520547595    0.0004924634592525385
1058.4664968721872    0.00047656404342982724    0.000476729815418927    0.00047654805008922214    0.00047661396964599205
1058.5664968521871    0.00046130101153706314    0.0004614697320357088    0.0004612858236275716    0.0004613521890667812
1058.666496832187    0.00044675181308199437    0.00044692349669969386    0.00044673740113306085    0.000446804236971583
1058.766496812187    0.00043306013812654913    0.0004332347688040511    0.00043304644844878123    0.0004331137851264605
1058.8664967921868    0.0004201476502209814    0.0004203252279378944    0.0004201346414240955    0.0004202025065276571
1058.9664967721867    0.0004076050811657344    0.0004077856344213455    0.0004075927241294403    0.00040766114657217337
1059.0664967521866    0.0003955363897923982    0.0003957199325570621    0.00039552464302701934    0.00039559365512549326
1059.1664967321865    0.0003840949791030454    0.00038428151372705177    0.0003840837910488541    0.0003841534279596504
1059.2664967121864    0.00037311487667187476    0.0003733044522940247    0.00037310425081748237    0.00037317452659446057
1059.3664966921863    0.0003626879141067452    0.00036288056726734426    0.0003626778433824227    0.00036274877491883735
1059.4664966721862    0.00035262094555239115    0.0003528167009217333    0.0003526113970388136    0.0003526830145043127
1059.566496652186    0.00034288463138261053    0.00034308349118127403    0.00034287555870014374    0.0003429478937546761
1059.666496632186    0.0003336399255212512    0.00033384191671858183    0.00033363130078942525    0.00033370438100975276
1059.7664966121858    0.00032484988822596424    0.00032505508423071586    0.0003248417139139831    0.0003249155621235544
1059.8664965921857    0.0003163183944051053    0.0003165268257683972    0.0003163106456337008    0.00031638528860240107
1059.9664965721856    0.00030803362696978163    0.0003082453165418095    0.0003080262698292075    0.0003081017377802662
1060.0664965521855    0.0003002749472868632    0.000300489953796642    0.0003002679755863792    0.00030034429222329485
1060.1664965321854    0.00029269313158277295    0.0002929114920308745    0.00029268652708271163    0.0002927637168987864
1060.2664965121853    0.00028512143616994017    0.00028534319818605635    0.0002851151767904149    0.00028519327038213714
1060.3664964921852    0.00027807719039070337    0.0002783024292740459    0.0002780712735111818    0.00027815029772531035
1060.466496472185    0.00027157112115052914    0.0002717998789319995    0.0002715655267714991    0.0002716455089513426
1060.566496452185    0.00026517227673832175    0.00026540458757812494    0.0002651669670002949    0.00026524794377224723
1060.6664964321849    0.00025869924222526115    0.0002589351848221186    0.0002586942297968175    0.00025877621894806574
1060.7664964121848    0.00025262263513160105    0.00025286226552612937    0.00025261792286301643    0.00025270094117358223
1060.8664963921847    0.00024679981814784127    0.0002470432130294234    0.0002467953853597922    0.00024687947217901895
1060.9664963721846    0.00024093697625339044    0.0002411842311314498    0.0002409328327949998    0.00024101801339328004
1061.0664963521845    0.0002356220121673424    0.00023587317646318675    0.00023561813476957342    0.00023570444113336757
1061.1664963321844    0.00023039615865087055    0.00023065128366442475    0.00023039252026384364    0.00023047998752637964
1061.2664963121842    0.0002252252213105432    0.0002254844004005418    0.00022522182797328968    0.0002253104832281249
1061.3664962921841    0.00022040530389401863    0.00022066862531057655    0.00022040214270710053    0.00022049202397056523
1061.466496272184    0.00021562296751085285    0.00021589051099419007    0.0002156200414537989    0.00021571117331961392
1061.566496252184    0.0002109913680049393    0.00021126323015451478    0.0002109886638982364    0.00021108108735256348
1061.6664962321838    0.00020644288564455564    0.0002067191509406992    0.00020644039950792932    0.00020653414536439473
1061.7664962121837    0.00020207012649700584    0.00020235087183991557    0.00020206784156084909    0.00020216294663259017
1061.8664961921836    0.0001979289277994027    0.0001982142464585437    0.00019792683981333662    0.000198023338023761
1061.9664961721835    0.0001938928415092679    0.0001941828440740659    0.00019389094451334717    0.00019398887669889366
1062.0664961521834    0.00018996522448222174    0.00019026004139201323    0.0001899635259960282    0.00019006293062342105
1062.1664961321833    0.00018614410342376343    0.00018644382551973965    0.00018614258847800025    0.00018624350580716777
1062.2664961121832    0.00018243760314594232    0.00018274234638727315    0.00018243627011019394    0.00018253873988113647
1062.366496092183    0.00017883021140558842    0.00017914008188254132    0.00017882904111041328    0.00017893311146618103
1062.466496072183    0.0001753310259844438    0.00017564616377588866    0.00017533003724863383    0.00017543574233632207
1062.5664960521829    0.00017194825782561522    0.00017226878833196869    0.00017194743947012895    0.00017205482854257097
1062.6664960321827    0.00016862465291533552    0.00016895070883631098    0.0001686239949001405    0.000168733118883929
1062.7664960121826    0.00016538185201580823    0.00016571355696164887    0.000165381357840467    0.00016549225560597472
1062.8664959921825    0.00016223492702960467    0.0001625724067701902    0.00016223457699487682    0.0001623473035982239
1062.9664959721824    0.0001591507045198389    0.00015949412939364824    0.00015915050441489117    0.0001592651127761261
1063.0664959521823    0.0001561108845525307    0.00015646040579013013    0.0001561108317476403    0.0001562273740301004
1063.1664959321822    0.0001531033029237486    0.00015345907704490097    0.00015310339565888754    0.00015322192520917903
1063.266495912182    0.00015009589423949012    0.00015045807982406355    0.0001500961084754077    0.0001502166941796538
1063.366495892182    0.00014705109401485613    0.00014741987736185033    0.0001470514452002272    0.00014717413885897792
1063.466495872182    0.00014387994891967582    0.00014425550333945788    0.0001438804439847839    0.00014400529874797254
1063.5664958521818    0.0001403979226263174    0.00014078043849823421    0.000140398524662659    0.00014052562859573686
1063.6664958321817    0.00013620545754243572    0.0001365951289062852    0.000136206189307973    0.000136335591918898
1063.7664958121816    0.00013032480922356594    0.0001307218475286681    0.00013032566214937378    0.0001304574396338693
1063.8664957921815    0.0001209183477809046    0.00012132296454717244    0.00012091931703685628    0.00012105354312164444
1063.9664957721814    0.00010943378834433853    0.00010984617828227579    0.00010943486274065861    0.00010957160978909098
1064.0664957521813    0.00010783748197811099    0.00010825789200580198    0.00010783865770454415    0.00010797801056281904
1064.1664957321811    0.00011520060451285044    0.00011562931780891276    0.00011520189170890439    0.00011534393801022252
1064.266495712181    0.00011978266023142006    0.00012021987993858988    0.00011978404281802415    0.00011992886099601138
1064.366495692181    0.00012099039273723896    0.00012143642080189763    0.00012099188157343519    0.00012113956503752392
1064.4664956721808    0.00012064538517234226    0.00012110047198622516    0.00012064696346912169    0.00012079760687589637
1064.5664956521807    0.00011963907488949494    0.00012010349607158859    0.00011964074357622281    0.00011979443817910212
1064.6664956321806    0.0001182996781347515    0.00011877376018309358    0.00011830142660184751    0.00011845828830656419
1064.7664956121805    0.0001168169162795749    0.00011730099414372558    0.0001168187389868577    0.00011697888313671938
1064.8664955921804    0.00011529074233356879    0.00011578515845311843    0.0001152926375209015    0.00011545617943586291
1064.9664955721803    0.00011372465381565057    0.00011422972176153038    0.00011372659750385607    0.00011389365769367901
1065.0664955521802    0.00011215404298705135    0.0001126701659658013    0.00011215607524375653    0.00011232676139886973
1065.16649553218    0.0001105839985399876    0.00011111156562197523    0.00011058607319840184    0.00011076054578678822
1065.26649551218    0.00010906265207287494    0.00010960203817847667    0.00010906475821169128    0.00010924314948768098
1065.3664954921799    0.00010756584296966067    0.00010811748937621812    0.00010756796406909518    0.00010775043213832467
1065.4664954721798    0.00010607859715564034    0.00010664301013050733    0.00010608077852335006    0.00010626746193649923
1065.5664954521797    0.00010464104883457669    0.00010521869065923116    0.00010464322787466568    0.00010483432245615785
1065.6664954321795    0.00010322529270530527    0.00010381667033784657    0.0001032274645155829    0.00010342314251957824
1065.7664954121794    0.00010182769613749888    0.00010243338258517471    0.00010182988901668556    0.00010203032257978638
1065.8664953921793    0.00010049361202265352    0.00010111417182556331    0.00010049576762409999    0.00010070118382410562
1065.9664953721792    9.917430851709945e-05    9.981037035151592e-05    9.917639877964772e-05    9.938702588275436e-05
1066.0664953521791    9.786561175317999e-05    9.851785953268639e-05    9.786778673785863e-05    9.808375267457501e-05
1066.166495332179    9.660991520963666e-05    9.727900021424529e-05    9.661197911301358e-05    9.683363151229851e-05
1066.266495312179    9.54167966996566e-05    9.610345981755832e-05    9.541872044620688e-05    9.564632565447394e-05
1066.3664952921788    9.42275575819714e-05    9.493262830334344e-05    9.422934921222964e-05    9.446317836584817e-05
1066.4664952721787    9.305418816301155e-05    9.377855007035843e-05    9.305588851366269e-05    9.329620891567756e-05
1066.5664952521786    9.191974025799485e-05    9.26642670823593e-05    9.192129113700374e-05    9.216843282578596e-05
1066.6664952321785    9.082727570774468e-05    9.159297985317451e-05    9.082853924835344e-05    9.108293160309087e-05
1066.7664952121784    8.97769394048206e-05    9.056497043034238e-05    8.977805965563795e-05    9.003998983026698e-05
1066.8664951921783    8.876082385968587e-05    8.957225632390014e-05    8.876156800703136e-05    8.903154939687245e-05
1066.9664951721782    8.774891164362371e-05    8.858508553621728e-05    8.774941433152337e-05    8.802780383712145e-05
1067.066495152178    8.677453232258616e-05    8.763692705327918e-05    8.677478224999997e-05    8.70620805419551e-05
1067.166495132178    8.585616393756667e-05    8.674604697954212e-05    8.585575926066814e-05    8.615265672592566e-05
1067.2664951121778    8.495882268856617e-05    8.587806436123716e-05    8.495803367055438e-05    8.526497357345257e-05
1067.3664950921777    8.407845601849998e-05    8.502858379945089e-05    8.407692687043821e-05    8.439465556279637e-05
1067.4664950721776    8.322019931694238e-05    8.420354771266473e-05    8.32181188680968e-05    8.354728863256795e-05
1067.5664950521775    8.242222977139382e-05    8.344095599443745e-05    8.241955981727114e-05    8.276091519436746e-05
1067.6664950321774    8.166769336244363e-05    8.272433374886964e-05    8.166396729122408e-05    8.201866480084577e-05
1067.7664950121773    8.09370527584187e-05    8.20344026671784e-05    8.093252754246199e-05    8.13013276560197e-05
1067.8664949921772    8.023035149993685e-05    8.137127950477882e-05    8.022467320528952e-05    8.060876807000172e-05
1067.966494972177    7.956886642093278e-05    8.0757252410221e-05    7.956202096812088e-05    7.996271326642489e-05
1068.066494952177    7.896949201500188e-05    8.020951199739331e-05    7.896146190117954e-05    7.938015530452491e-05
1068.1664949321769    7.838398020532762e-05    7.968008224834433e-05    7.837447131850727e-05    7.881284459072641e-05
1068.2664949121768    7.78319101623237e-05    7.918868443099135e-05    7.781972149116523e-05    7.828010536149342e-05
1068.3664948921767    7.735400951102221e-05    7.877827342694635e-05    7.734001147227128e-05    7.782409813674662e-05
1068.4664948721766    7.693619727872429e-05    7.843516969251825e-05    7.692010589283262e-05    7.743049095469172e-05
1068.5664948521764    7.656728634285828e-05    7.814857321952413e-05    7.654863866684783e-05    7.708816607641008e-05
1068.6664948321763    7.624269924166031e-05    7.791783374377997e-05    7.622131695707795e-05    7.679394998083942e-05
1068.7664948121762    7.597986083053569e-05    7.775968346139785e-05    7.59552981233842e-05    7.656494747177258e-05
1068.8664947921761    7.582805506871374e-05    7.772755445313569e-05    7.58006841985194e-05    7.64520979067896e-05
1068.966494772176    7.577937776428292e-05    7.781522408460321e-05    7.574592541395765e-05    7.644684242094793e-05
1069.066494752176    7.580266225938865e-05    7.800015148903735e-05    7.577026078587425e-05    7.652435817810007e-05
1069.1664947321758    7.600318574981928e-05    7.839245954968961e-05    7.598218921401099e-05    7.679261150450664e-05
1069.2664947121757    7.647107781845014e-05    7.910259784685655e-05    7.650922885920688e-05    7.736096817483785e-05
1069.3664946921756    7.718471438575186e-05    8.002139762930229e-05    7.71224938231298e-05    7.810953527939466e-05
1069.4664946721755    7.778409165373367e-05    8.095655830033634e-05    7.759705658228437e-05    7.877923551211812e-05
1069.5664946521754    7.836565997143322e-05    8.202949295485247e-05    7.822162362552447e-05    7.953892551727006e-05
1069.6664946321753    7.94098712223372e-05    8.356450198719498e-05    7.925289147503432e-05    8.074242156152217e-05
1069.7664946121752    8.098743986174153e-05    8.582910330641723e-05    8.080156663321969e-05    8.253936993379282e-05
1069.866494592175    8.316751926940735e-05    8.895079108833734e-05    8.293884945332902e-05    8.50190532703579e-05
1069.966494572175    8.617498946029785e-05    9.329402322427159e-05    8.589478588141736e-05    8.84545995219956e-05
1070.0664945521748    9.042237337662153e-05    9.952270730430534e-05    9.007443843959522e-05    9.333983970684069e-05
1070.1664945321747    9.664497738551365e-05    0.00010888194971244342    9.62174388817702e-05    0.00010058145532657576
1070.2664945121746    0.00010625720186793584    0.00012387758579105707    0.00010564046160423673    0.00011192508308774321
1070.3664944921745    0.0001221733968673416    0.00014981967520638352    0.0001209148233781688    0.00013096929848396464
1070.4664944721744    0.00015006773999662754    0.00019671279285980945    0.00014756549177472636    0.00016478200821038776
1070.5664944521743    0.00019428233485700036    0.0002697997065407049    0.0001899254223337269    0.0002180024879104774
1070.6664944321742    0.0002517081063064156    0.00035381003800190824    0.00024534078111129227    0.00028361964180653867
1070.766494412174    0.0003111986556784523    0.00041994550959035154    0.0003035902748422802    0.000344911480037028
1070.866494392174    0.00036117893101167474    0.00045435650021964267    0.00035366031382802796    0.00038973191501978177
1070.9664943721739    0.00039635033299716577    0.0004636616312460864    0.0003899724869565569    0.00041666148373326967
1071.0664943521738    0.0004178897798362275    0.0004599441761911925    0.00041304978257269265    0.00043029457953337085
1071.1664943321737    0.0004297483859951334    0.00045158905339662763    0.00042636309340252597    0.0004359001775980956
1071.2664943121736    0.000435704201074401    0.00044269617009076907    0.0004334999726339655    0.0004373001145997118
1071.3664942921735    0.0004388023941261936    0.0004349282627511393    0.00043749706478146883    0.00043707590721960054
1071.4664942721733    0.00044031633119667176    0.0004290673599020176    0.0004396884398551353    0.0004363573769846082
1071.5664942521732    0.00044203836529288845    0.00042575388965073103    0.00044192105137217915    0.0004365711021052662
1071.6664942321731    0.00044483048806352385    0.0004249312559046688    0.00044514281376977123    0.000438301519245988
1071.766494212173    0.00044798037463394556    0.00042549174105576727    0.00044866511766967034    0.00044071241111979446
1071.866494192173    0.0004519114941960169    0.0004275585654708687    0.00045293721211447815    0.0004441357572604546
1071.9664941721728    0.00045674500989699543    0.000431044489693203    0.00045809106792961255    0.00044862685583993704
1072.0664941521727    0.00046251637993177327    0.0004358413816843504    0.0004641662794350471    0.0004541746803503903
1072.1664941321726    0.00046927081450754896    0.00044190161561892235    0.0004712104808834861    0.0004607943036699858
1072.2664941121725    0.00047695918943518206    0.0004491132394250993    0.00047917215207306056    0.00046841486031111397
1072.3664940921724    0.00048556693613380485    0.0004574224608370236    0.00048803454218325325    0.00047700797971802724
1072.4664940721723    0.0004950525012955142    0.0004667659895610283    0.0004977537126880256    0.00048652406784818937
1072.5664940521722    0.0005053936555664431    0.0004771123401747928    0.0005083058630724465    0.0004969372862712275
1072.666494032172    0.0005165882076098833    0.0004884614672396986    0.0005196879649222831    0.0005082458799239549
1072.766494012172    0.0005285734100326858    0.0005007631501852719    0.0005318363460495056    0.0005203909687558211
1072.8664939921719    0.0005413225297206465    0.0005140130039512295    0.0005447248079834016    0.0005333534472184259
1072.9664939721717    0.0005547840505834476    0.0005281920519636912    0.0005583021646441821    0.0005470927557304404
1073.0664939521716    0.0005689335938781988    0.0005433178794388638    0.0005725457924129385    0.000561599088576667
1073.1664939321715    0.0005837029245716036    0.0005593770817111882    0.000587388595248228    0.0005768228671770067
1073.2664939121714    0.0005990584316385901    0.0005764047348299716    0.0006027998040930091    0.0005927543235205235
1073.3664938921713    0.0006149491818213815    0.000594432158226389    0.0006187304787734771    0.0006093706062737492
1073.4664938721712    0.0006312685522478689    0.0006134558100042178    0.000635077820057469    0.0006266007274365186
1073.566493852171    0.0006479370037639156    0.0006335189233802058    0.0006517663462758839    0.0006444074244733351
1073.666493832171    0.0006648684196350902    0.0006546866913337763    0.0006687146847645039    0.0006627565985777901
1073.766493812171    0.0006819666310519964    0.0006770426872723393    0.0006858316070003747    0.0006816136417749034
1073.8664937921708    0.000699116205148002    0.0007006916816040934    0.0007030071026774701    0.0007009383298098552
1073.9664937721707    0.0007161684905993968    0.0007257538485389217    0.0007200994574655284    0.0007206739322012824
1074.0664937521706    0.0007329878641461584    0.0007524215127819274    0.0007369794964073476    0.0007407962911118111
1074.1664937321705    0.0007494128431323211    0.0007809367237428968    0.0007534926021199893    0.0007612807229984024
1074.2664937121704    0.0007652698125693712    0.0008116287419776397    0.0007694726916537482    0.0007821237487335862
1074.3664936921703    0.0007803364764179716    0.000844902137376286    0.0007847043235625732    0.0008033143124522768
1074.4664936721701    0.000794372531729768    0.0008813108269922872    0.0007989532360095526    0.000824878864910536
1074.56649365217    0.0008071191296112998    0.0009216116296801267    0.0008119657313576126    0.0008468988302163463
1074.66649363217    0.0008182572289728088    0.0009667943303560674    0.0008234252565241169    0.0008694922719509977
1074.7664936121698    0.0008274564541871616    0.0010182320216905948    0.0008330024950113114    0.0008928969902963558
1074.8664935921697    0.0008342397860923892    0.001077672146056583    0.0008402183621640763    0.0009173767647710162
1074.9664935721696    0.0008380571831667639    0.0011474617618363512    0.0008445155794367079    0.0009433448414799409
1075.0664935521695    0.000838240891533671    0.0012306224858367105    0.0008452148998403827    0.0009713594257369213
1075.1664935321694    0.0008339085169045114    0.0013306923473025613    0.0008414183089602874    0.0010020063910557869
1075.2664935121693    0.0008240658896466854    0.0014511180761723353    0.0008321123173662974    0.0010357654277284394
1075.3664934921692    0.0008076535888080949    0.0015927210168343677    0.0008162200670690631    0.0010721982242371754
1075.466493472169    0.0007838578608046239    0.0017472001412179765    0.0007929237149107338    0.001107993905644445
1075.566493452169    0.0007530036527786555    0.0018846059300965418    0.0007625678774333327    0.0011333924867695101
1075.6664934321689    0.0007182182912897437    0.001943253311941602    0.0007283213688204235    0.001129930990683923
1075.7664934121688    0.0006871147184068541    0.0018550245597361507    0.0006977528156645378    0.001079964031269181
1075.8664933921686    0.0006706943100308307    0.0016182379957795697    0.0006814725556994445    0.0009901349538366149
1075.9664933721685    0.0006763107172874842    0.0013197166270667122    0.0006860373893644615    0.0008940215779062195
1076.0664933521684    0.0006987123684070298    0.001051137295664458    0.0007058027742230988    0.0008185508127648622
1076.1664933321683    0.0007194293941311413    0.0008457645645025525    0.0007231350102544203    0.0007627763229627047
1076.2664933121682    0.0007125888253089548    0.0006913493044081508    0.0007135424665249456    0.000705826865414017
1076.3664932921681    0.0006433557211067361    0.0005566696098343476    0.0006429655528532382    0.0006143302945981073
1076.466493272168    0.00048250909869798864    0.00041249808524890697    0.00048207745533357236    0.0004590282130934893
1076.566493252168    0.0003097990374936384    0.000287800447329851    0.00030981502446391474    0.00030247150309580136
1076.6664932321678    0.00020782576474964986    0.00021187140859740117    0.00020806860295392718    0.00020925525876699274
1076.7664932121677    0.00015393408301081146    0.00016765516122085132    0.00015424295593287715    0.00015861073338818
1076.8664931921676    0.0001228942573102069    0.00013954382350754653    0.00012320732998592673    0.0001285484702678934
1076.9664931721675    0.00010323344310222137    0.00012017269201913599    0.00010352954524411355    0.00010897856012182362
1077.0664931521674    8.981330417786569e-05    0.00010601485157371785    9.008627381197933e-05    9.530480985452098e-05
1077.1664931321673    8.011843839417989e-05    9.521341417711627e-05    8.036769764226573e-05    8.523318340452063e-05
1077.2664931121672    7.280282371529316e-05    8.670186175661364e-05    7.302982401799453e-05    7.751150316330044e-05
1077.366493092167    6.709035562191832e-05    7.982345129625205e-05    6.729718182564179e-05    7.140366291460405e-05
1077.466493072167    6.250545356322891e-05    7.415098131800136e-05    6.269426724640063e-05    6.645023404254365e-05
1077.5664930521668    5.874182033340642e-05    6.939417552308495e-05    5.891464539769853e-05    6.235021375139663e-05
1077.6664930321667    5.5593901722252376e-05    6.53487108145614e-05    5.575255362782074e-05    5.889838872154484e-05
1077.7664930121666    5.29189210328855e-05    6.186652420646364e-05    5.306499641065899e-05    5.5950147216669375e-05
1077.8664929921665    5.061477358497983e-05    5.8837678621011984e-05    5.074966410615029e-05    5.34007054373807e-05
1077.9664929721664    4.86065957881027e-05    5.617884019352623e-05    4.8731510417587426e-05    5.117231546640546e-05
1078.0664929521663    4.683830017929155e-05    5.382570642903908e-05    4.6954288839626565e-05    4.9206098482652395e-05
1078.1664929321662    4.526706777565564e-05    5.172788517702405e-05    4.5375043580067315e-05    4.7456665510915664e-05
1078.266492912166    4.385966350626928e-05    4.9845343801922744e-05    4.3960422494814754e-05    4.588847660100226e-05
1078.366492892166    4.258990997721628e-05    4.8145892874938794e-05    4.268414818193762e-05    4.447331701136423e-05
1078.4664928721659    4.143691733286556e-05    4.660336846896703e-05    4.152524530793783e-05    4.318851036992347e-05
1078.5664928521658    4.038381852628917e-05    4.519629653454968e-05    4.04667736541511e-05    4.201562957166331e-05
1078.6664928321657    3.9416849798383724e-05    4.3906896429463675e-05    3.949490665385261e-05    4.093955096056667e-05
1078.7664928121656    3.852467149729212e-05    4.272032724305439e-05    3.85982505916598e-05    3.9947749777335435e-05
1078.8664927921654    3.7697859240095444e-05    4.162411063660876e-05    3.7767334397209704e-05    3.902976809130463e-05
1078.9664927721653    3.692851761537363e-05    4.060768380849032e-05    3.6994222206706254e-05    3.8176807876856736e-05
1079.0664927521652    3.620998351876106e-05    3.9662049734257214e-05    3.627221574746462e-05    3.738141633349429e-05
1079.1664927321651    3.553659570293845e-05    3.8779500813242327e-05    3.559562309989351e-05    3.663723987202476e-05
1079.266492712165    3.490351405459762e-05    3.79533987021371e-05    3.49595773044529e-05    3.593883002039588e-05
1079.366492692165    3.430657647216704e-05    3.7177997405389034e-05    3.4359892691372314e-05    3.528148885630946e-05
1079.4664926721648    3.374218458705184e-05    3.6448300127150326e-05    3.379295013888584e-05    3.4661144951029335e-05
1079.5664926521647    3.320721176027444e-05    3.5759942571670855e-05    3.325560467386866e-05    3.407425300193798e-05
1079.6664926321646    3.26989284614249e-05    3.51090972290374e-05    3.274511052678316e-05    3.3517712072415156e-05
1079.7664926121645    3.221494134381609e-05    3.4492394379146325e-05    3.22590599198319e-05    3.2988798547598106e-05
1079.8664925921644    3.175314314283226e-05    3.390685650990008e-05    3.179533274030234e-05    3.248511079767823e-05
1079.9664925721643    3.1311671262394986e-05    3.334984360354191e-05    3.135205491103249e-05    3.2004523258989795e-05
1080.0664925521642    3.0888873312536016e-05    3.281900723311672e-05    3.092756376698015e-05    3.154514810421096e-05
1080.166492532164    3.0483278293059427e-05    3.231225188304048e-05    3.0520379087884685e-05    3.110530308799486e-05
1080.266492512164    3.0093572379252337e-05    3.182770220972858e-05    3.0129178751976514e-05    3.068348444698581e-05
1080.3664924921638    2.9718578471661406e-05    3.1363675205305585e-05    2.975277818275186e-05    3.0278343953239615e-05
1080.4664924721637    2.9357238837900656e-05    3.09186564333532e-05    2.9390112889780482e-05    2.9888669387011447e-05
1080.5664924521636    2.9008600325491643e-05    3.049127966869968e-05    2.9040223606544186e-05    2.9513367866911836e-05
1080.6664924321635    2.8671801720737663e-05    3.008030939025276e-05    2.870224357031142e-05    2.915145156043395e-05
1080.7664924121634    2.8346062880608668e-05    2.968462566784544e-05    2.8375387598020633e-05    2.8802025382158245e-05
1080.8664923921633    2.8030675368654482e-05    2.9303211074118975e-05    2.805894266219388e-05    2.8464276368322447e-05
1080.9664923721632    2.772499435792453e-05    2.8935139329413705e-05    2.7752259749855483e-05    2.8137464479064574e-05
1081.066492352163    2.742843160190026e-05    2.857956538967845e-05    2.7454746789464477e-05    2.782091459368106e-05
1081.166492332163    2.7140449307444617e-05    2.8235716797398905e-05    2.716586248986349e-05    2.7514009531569003e-05
1081.2664923121629    2.6860554797747884e-05    2.7902886101525513e-05    2.6885110964224907e-05    2.7216183954499438e-05
1081.3664922921628    2.658829582029282e-05    2.7580424193422928e-05    2.6612037017014825e-05    2.6926919010243522e-05
1081.4664922721627    2.6323256444816078e-05    2.7267734443818264e-05    2.6346222011955134e-05    2.664573763352983e-05
