30498.0025792179    8.0744095994e-06    8.0084247392e-06    8.0712335983e-06    8.051355978966666e-06
30498.1025792179    8.0511488519e-06    7.9848543256e-06    8.0479527264e-06    8.0279853013e-06
30498.202579217897    8.027825017600848e-06    7.96121935660086e-06    8.024608593400849e-06    8.004550989200852e-06
30498.302579217896    8.004321352400856e-06    7.937402706000866e-06    8.001084423500856e-06    7.980936160634193e-06
30498.402579217895    7.982250313901606e-06    7.915016866501629e-06    7.978992764301607e-06    7.958753314901616e-06
30498.502579217893    7.959647022101645e-06    7.892096815701667e-06    7.956368633401646e-06    7.936037490401654e-06
30498.60257921789    7.93752428230161e-06    7.869655796401633e-06    7.934224826801611e-06    7.913801635168284e-06
30498.70257921789    7.915633366402388e-06    7.847444770502424e-06    7.912312649502392e-06    7.891796928802401e-06
30498.80257921789    7.894023438502359e-06    7.825512836602393e-06    7.890681287502361e-06    7.87007252086904e-06
30498.902579217887    7.872567695803122e-06    7.80373351750317e-06    7.869203880403126e-06    7.848501697903138e-06
30499.002579217886    7.851882901003011e-06    7.782723298003057e-06    7.848497216003013e-06    7.82770113833636e-06
30499.102579217884    7.831203317403009e-06    7.761716816103056e-06    7.827795544603013e-06    7.80690522603636e-06
30499.202579217883    7.810498461503765e-06    7.740682873603826e-06    7.807068412603771e-06    7.786083249237122e-06
30499.30257921788    7.79037567460366e-06    7.72022932260372e-06    7.786923123503664e-06    7.765842706903682e-06
30499.40257921788    7.77075987590428e-06    7.700281363604354e-06    7.767284602904286e-06    7.746108614137642e-06
30499.50257921788    7.75083308490435e-06    7.680020203504423e-06    7.747334851504355e-06    7.726062713304376e-06
30499.602579217877    7.731838261904146e-06    7.66068943480422e-06    7.728316858304151e-06    7.706948185004173e-06
30499.702579217876    7.71303522160479e-06    7.641548591104874e-06    7.709490427904794e-06    7.688024746871488e-06
30499.802579217874    7.69501567080459e-06    7.6231896961046755e-06    7.691447254604595e-06    7.669884207171288e-06
30499.902579217873    7.676277986105454e-06    7.604110893105552e-06    7.67268570900546e-06    7.651024862738821e-06
30500.00257921787    7.658847203005073e-06    7.586337095805173e-06    7.65523082580508e-06    7.63347170820511e-06
30500.10257921787    7.641047969105181e-06    7.5681933317052806e-06    7.637407258605188e-06    7.615549519805217e-06
30500.20257921787    7.624352519205467e-06    7.551151610305579e-06    7.6206872257054746e-06    7.59873045173884e-06
30500.302579217867    7.6072618286055955e-06    7.53371273830571e-06    7.603571715505604e-06    7.5815154274723025e-06
30500.402579217865    7.590857749605969e-06    7.516959026206095e-06    7.587142558605977e-06    7.564986444806014e-06
30500.502579217864    7.5750708247057425e-06    7.500820676905871e-06    7.571330281805752e-06    7.549073927805789e-06
30500.602579217863    7.559863897805532e-06    7.485260521305661e-06    7.5560978252055414e-06    7.533740748105578e-06
30500.70257921786    7.544124718406298e-06    7.46916663890644e-06    7.540332805006309e-06    7.517874720773017e-06
30500.80257921786    7.53005647160563e-06    7.454741941605773e-06    7.52623846510564e-06    7.503678959439014e-06
30500.902579217858    7.515376815806409e-06    7.439704005206564e-06    7.51153243810642e-06    7.4888710863731315e-06
30501.002579217857    7.5014457674060815e-06    7.425413240106238e-06    7.497574742906093e-06    7.474811250139471e-06
30501.102579217855    7.488099551605827e-06    7.411705577505984e-06    7.484201619605838e-06    7.461335582905884e-06
30501.202579217854    7.4750333353061794e-06    7.398276574506351e-06    7.471108200206193e-06    7.448139370006241e-06
30501.302579217852    7.4622173856060616e-06    7.385095736606233e-06    7.458264790306074e-06    7.435192637506123e-06
30501.40257921785    7.449383504306537e-06    7.371895957806723e-06    7.445403123106551e-06    7.422227528406603e-06
30501.50257921785    7.438414224905587e-06    7.3605587954057745e-06    7.434405779005602e-06    7.411126266438988e-06
30501.602579217848    7.4266406498059965e-06    7.348415954506184e-06    7.42260386190601e-06    7.399220155406063e-06
30501.702579217847    7.415670057705987e-06    7.337074427806189e-06    7.411604627706002e-06    7.388116371072726e-06
30501.802579217845    7.404798004605932e-06    7.325830189206136e-06    7.4007036147059485e-06    7.377110602839339e-06
30501.902579217844    7.395084841805654e-06    7.315743232505872e-06    7.390961183205671e-06    7.367263085839065e-06
30502.002579217842    7.385973285605303e-06    7.306256275705521e-06    7.381820066705321e-06    7.358016542672048e-06
30502.10257921784    7.376141159705724e-06    7.296047512905942e-06    7.37195803110574e-06    7.348048901239136e-06
30502.20257921784    7.36760364700528e-06    7.2871318073055146e-06    7.363390317905299e-06    7.339375257405364e-06
30502.302579217838    7.359734462204867e-06    7.278883297505102e-06    7.355490583304886e-06    7.331369447671618e-06
30502.402579217836    7.351967449705086e-06    7.270735567205336e-06    7.347692706405106e-06    7.323465241105177e-06
30502.502579217835    7.344990921904569e-06    7.263376795604818e-06    7.340685015204589e-06    7.316350910904659e-06
30502.602579217833    7.338342551404354e-06    7.2563451142046045e-06    7.334005096804374e-06    7.309564254137778e-06
30502.702579217832    7.332028905804364e-06    7.24964681300463e-06    7.327659544404386e-06    7.3031117544044604e-06
30502.80257921783    7.326541137603793e-06    7.24377291770406e-06    7.3221395369038155e-06    7.297484530737223e-06
30502.90257921783    7.321682715103534e-06    7.238527409703817e-06    7.317248501003558e-06    7.292486208603636e-06
30503.002579217828    7.3170835492033465e-06    7.233539869003629e-06    7.31261638350337e-06    7.287746600570114e-06
30503.102579217826    7.312757591103148e-06    7.22882467020343e-06    7.308257089503172e-06    7.2832797836032495e-06
30503.202579217825    7.309077634702811e-06    7.22475430580311e-06    7.304543429202837e-06    7.279458456569587e-06
30503.302579217823    7.306318380902108e-06    7.221603409202407e-06    7.301750100202133e-06    7.276557296768883e-06
30503.40257921782    7.303704453802092e-06    7.218597004302406e-06    7.299101732702119e-06    7.273801063602206e-06
30503.50257921782    7.302090780601292e-06    7.216590296101606e-06    7.29745316260132e-06    7.272044746434739e-06
30503.60257921782    7.300799494801034e-06    7.214904512001349e-06    7.2961266278010615e-06    7.270610211534481e-06
30503.702579217817    7.300192882500508e-06    7.213902671700838e-06    7.295484377100537e-06    7.269859977100628e-06
30503.802579217816    7.299868250600272e-06    7.213182377500603e-06    7.295123669200301e-06    7.269391432433725e-06
30503.902579217814    7.300519077799432e-06    7.213436649899778e-06    7.2957379663994634e-06    7.269897898032891e-06
30504.002579217813    7.301153029499447e-06    7.213673186799793e-06    7.2963349933994795e-06    7.270387069899573e-06
30504.10257921781    7.302694499898654e-06    7.214816898099001e-06    7.297839110398687e-06    7.271783502798782e-06
30504.20257921781    7.304386593498461e-06    7.216110470098824e-06    7.299493419598496e-06    7.27333016106526e-06
30504.30257921781    7.30771773129697e-06    7.219042910797332e-06    7.302786377697005e-06    7.2765156732637696e-06
30504.402579217807    7.310684905397194e-06    7.22161081489757e-06    7.30571491539723e-06    7.279336878563999e-06
30504.502579217806    7.314950112795966e-06    7.225476652196343e-06    7.309941006796003e-06    7.283455923929437e-06
30504.602579217804    7.3186363528965135e-06    7.228763149996891e-06    7.313587639096551e-06    7.286995713996651e-06
30504.702579217803    7.324121466994612e-06    7.233848075995005e-06    7.319032702494652e-06    7.292334081828088e-06
30504.8025792178    7.329979202694246e-06    7.239305733394639e-06    7.324849876594286e-06    7.298044937561056e-06
30504.9025792178    7.3365250583933325e-06    7.245451307893739e-06    7.331354759693373e-06    7.3044437086601475e-06
30505.0025792178    7.343314487793084e-06    7.251840814593491e-06    7.338102690193126e-06    7.311085997526568e-06
30505.102579217797    7.350925449492247e-06    7.259051792992654e-06    7.34567165699229e-06    7.318549633159064e-06
30505.202579217796    7.359466501590989e-06    7.26719335009141e-06    7.3541701837910345e-06    7.326943345157812e-06
30505.302579217794    7.36884101659011e-06    7.276168562890531e-06    7.363501659590155e-06    7.336170413023599e-06
30505.402579217793    7.378491323189468e-06    7.2854203049899025e-06    7.373108389789516e-06    7.3456733393229624e-06
30505.50257921779    7.388980063688552e-06    7.295510863788987e-06    7.383553034188601e-06    7.356014653888714e-06
30505.60257921779    7.399745209488251e-06    7.305878179488685e-06    7.3942735397883e-06    7.366632309588412e-06
30505.70257921779    7.411349797886913e-06    7.317085919387361e-06    7.405832932686963e-06    7.378089549987079e-06
30505.802579217787    7.423882354085867e-06    7.329222884186312e-06    7.418319719485918e-06    7.390474985919365e-06
30505.902579217785    7.437246350984442e-06    7.342192171584902e-06    7.431637384884496e-06    7.40369196915128e-06
30506.002579217784    7.450869405884141e-06    7.355421315184599e-06    7.445213526984195e-06    7.417168082684312e-06
30506.102579217782    7.465298288983203e-06    7.369457785783659e-06    7.459594899383258e-06    7.431450324716707e-06
30506.20257921778    7.4805044461817445e-06    7.3842733119822135e-06    7.4747529379818025e-06    7.446510232048587e-06
30506.30257921778    7.496833311980396e-06    7.400212913180864e-06    7.491033087680456e-06    7.462693104280572e-06
30506.402579217778    7.514185319778537e-06    7.417177098379016e-06    7.508335760378598e-06    7.479899392845384e-06
30506.502579217777    7.53152696697855e-06    7.4341329455790276e-06    7.525627443178611e-06    7.4970957852453965e-06
30506.602579217775    7.549557561677698e-06    7.451780172978172e-06    7.54360740047776e-06    7.514981711711209e-06
30506.702579217774    7.568509823075868e-06    7.470351091776353e-06    7.562508402775934e-06    7.533789772542719e-06
30506.802579217772    7.588613899774402e-06    7.490075739674884e-06    7.582560550074468e-06    7.553750063174585e-06
30506.90257921777    7.609104667173164e-06    7.5101898608736575e-06    7.6029987414732325e-06    7.574097756506685e-06
30507.00257921777    7.630779675271612e-06    7.531491246472102e-06    7.6246204268716825e-06    7.595630449538466e-06
30507.102579217768    7.652927798270993e-06    7.553268404671479e-06    7.646714531271064e-06    7.617636911404513e-06
30507.202579217766    7.676478815768299e-06    7.576451915568794e-06    7.670210844368374e-06    7.641047191901822e-06
30507.302579217765    7.700224699968036e-06    7.599833274468528e-06    7.693901271868112e-06    7.664653082101558e-06
30507.402579217764    7.724975640765782e-06    7.6242234928662825e-06    7.718596051765861e-06    7.68926506179931e-06
30507.502579217762    7.75064864066451e-06    7.649539254665003e-06    7.744212151664587e-06    7.7148000156647e-06
30507.60257921776    7.777012916463553e-06    7.675550419164042e-06    7.770518714363634e-06    7.741027349997076e-06
30507.70257921776    7.804422289361111e-06    7.702611318861606e-06    7.797869631361193e-06    7.768301079861305e-06
30507.802579217758    7.833048246459385e-06    7.730892963059875e-06    7.82643635515947e-06    7.796792521559576e-06
30507.902579217756    7.862374743957325e-06    7.759879244657819e-06    7.855702804757411e-06    7.825985597790851e-06
30508.002579217755    7.892407014456296e-06    7.789577196756785e-06    7.885674169456387e-06    7.855886126889822e-06
30508.102579217753    7.923349645154972e-06    7.820190624455451e-06    7.91655509915506e-06    7.88669845625516e-06
30508.202579217752    7.955390294252208e-06    7.851907056152693e-06    7.948533163352302e-06    7.918610171252403e-06
30508.30257921775    7.988196749751067e-06    7.88439536365154e-06    7.981276226351161e-06    7.95128944658459e-06
30508.40257921775    8.022181067548073e-06    7.91806792514855e-06    8.015196274848171e-06    7.98514842251493e-06
30508.502579217748    8.057618650645853e-06    7.95319976294632e-06    8.050568679745952e-06    8.020462364446042e-06
30508.602579217746    8.093264028745536e-06    7.988546242745991e-06    8.086147994745636e-06    8.055986088745723e-06
30508.702579217745    8.13053865264169e-06    8.025529320542145e-06    8.123355345341795e-06    8.09314110617521e-06
30508.802579217743    8.168591575540472e-06    8.063297676040918e-06    8.16134026994058e-06    8.131076507173991e-06
30508.90257921774    8.207595608337566e-06    8.10202515203801e-06    8.200275333737676e-06    8.169965364704415e-06
30509.00257921774    8.247718563135774e-06    8.141880015936203e-06    8.240328337135886e-06    8.209975638735954e-06
30509.10257921774    8.28860643123455e-06    8.182507744234966e-06    8.281145286734663e-06    8.250753154068062e-06
30509.202579217737    8.331167748330323e-06    8.224817985930734e-06    8.323634703030442e-06    8.293206812430498e-06
30509.302579217736    8.374842003228501e-06    8.268250655228897e-06    8.367235936228621e-06    8.336776198228673e-06
30509.402579217734    8.41949226972528e-06    8.312668579325669e-06    8.411812121025403e-06    8.381324323358784e-06
30509.502579217733    8.465497390123012e-06    8.358451510623384e-06    8.457742111723136e-06    8.427230337489844e-06
30509.60257921773    8.512515182321317e-06    8.405257847821672e-06    8.504683685321444e-06    8.474152238488145e-06
30509.70257921773    8.560602095317779e-06    8.45314465321812e-06    8.55269330611791e-06    8.522146684884602e-06
30509.80257921773    8.610123721815325e-06    8.502476855615649e-06    8.60213646961546e-06    8.571579015682144e-06
30509.902579217727    8.660603966111849e-06    8.552780780112158e-06    8.652537044111989e-06    8.621973930112e-06
30510.002579217726    8.712087465210097e-06    8.604099837110385e-06    8.70393973511024e-06    8.673375679143572e-06
30510.102579217724    8.765239825207184e-06    8.65709969840745e-06    8.757010107507326e-06    8.726449877040655e-06
30510.202579217723    8.820203019902022e-06    8.711924877702268e-06    8.81189014110217e-06    8.781339346235486e-06
30510.30257921772    8.875994540100545e-06    8.767592748400767e-06    8.867597181000695e-06    8.837061489834e-06
30510.40257921772    8.933478857095438e-06    8.824967077295637e-06    8.924995852695593e-06    8.894480595695556e-06
30510.50257921772    8.992094232593379e-06    8.883487551293552e-06    8.983524220093538e-06    8.953035334660156e-06
30510.602579217717    9.052192368790682e-06    8.943507694790824e-06    9.043534057090843e-06    9.013078040224117e-06
30510.702579217716    9.113288459786645e-06    9.00454120378676e-06    9.10454027138681e-06    9.074123311653404e-06
30510.802579217714    9.176652861682435e-06    9.067859938582519e-06    9.167813554382604e-06    9.137442118215853e-06
30510.902579217713    9.241083762578113e-06    9.132262813978166e-06    9.232152018978288e-06    9.201832865178187e-06
30511.00257921771    9.306617517076026e-06    9.197786783876045e-06    9.297592021276204e-06    9.267332107409425e-06
30511.10257921771    9.374608876971378e-06    9.26578706477136e-06    9.365488021971558e-06    9.335294654571431e-06
30511.20257921771    9.443451507367263e-06    9.334658176967208e-06    9.434233950167449e-06    9.404114544833974e-06
30511.302579217707    9.513879157364207e-06    9.405134343864111e-06    9.504563352564395e-06    9.474525617930905e-06
30511.402579217705    9.586337681857655e-06    9.477663514457515e-06    9.57692213655785e-06    9.546974444291006e-06
30511.502579217704    9.660347882754607e-06    9.551764800654428e-06    9.650831065454805e-06    9.620981249621282e-06
30511.602579217702    9.736114766951156e-06    9.62764602555093e-06    9.726495055151358e-06    9.696751949217814e-06
30511.7025792177    9.813582646744995e-06    9.705250102344724e-06    9.803858477145205e-06    9.774230408744975e-06
30511.8025792177    9.89287312074135e-06    9.784701373441027e-06    9.88304277984156e-06    9.853539091341312e-06
30511.902579217698    9.974638557033423e-06    9.866653603133042e-06    9.96470061683364e-06    9.935330925666702e-06
30512.002579217697    1.0057358559831478e-05    9.949584073331049e-06    1.00473110498317e-05    1.0018084560998076e-05
30512.102579217695    1.0141670068828235e-05    1.0034133218827751e-05    1.0131511514828461e-05    1.0102438267494815e-05
30512.202579217694    1.022862788181968e-05    1.012135683581913e-05    1.0218356442819914e-05    1.0189447053486242e-05
30512.302579217692    1.0317463019815786e-05    1.021048519381518e-05    1.0307076916816025e-05    1.0278341710148998e-05
30512.40257921769    1.0408563229807776e-05    1.0301906858807098e-05    1.0398060584808022e-05    1.0369510224474297e-05
30512.50257921769    1.050092256380512e-05    1.0394618029804377e-05    1.0490301655805369e-05    1.0461947416471622e-05
30512.602579217688    1.0595729128799956e-05    1.048980611579915e-05    1.0584988068800209e-05    1.055684110446644e-05
30512.702579217686    1.0692992029791234e-05    1.0587484043790344e-05    1.0682128930791496e-05    1.0654201668124359e-05
30512.802579217685    1.079211662978724e-05    1.068705527378628e-05    1.0781129505787505e-05    1.0753433803120342e-05
30512.902579217684    1.089371641277823e-05    1.0789133423777185e-05    1.0882603331778504e-05    1.0855151056111306e-05
30513.002579217682    1.0997213412774088e-05    1.0893144819772965e-05    1.0985972480774367e-05    1.0958776904440475e-05
30513.10257921768    1.110322954976859e-05    1.0999709102767392e-05    1.1091858773768873e-05    1.106493247543495e-05
30513.20257921768    1.1211764085759145e-05    1.1108829149757845e-05    1.1200261367759436e-05    1.1173618201092142e-05
30513.302579217678    1.132280633975358e-05    1.1220492159752201e-05    1.1311169808753876e-05    1.1284822769419887e-05
30513.402579217676    1.1435802263745133e-05    1.1334147788743644e-05    1.142402960574544e-05    1.1397993219411406e-05
30513.502579217675    1.1551995655737919e-05    1.1451039049736346e-05    1.1540084669738232e-05    1.151437312507083e-05
30513.602579217673    1.167016248173347e-05    1.1569942379731808e-05    1.1658111399733784e-05    1.1632738753733019e-05
30513.702579217672    1.179090330272327e-05    1.1691461177721486e-05    1.1778709897723598e-05    1.175369145938945e-05
30513.80257921767    1.1914848576715927e-05    1.1816224202714052e-05    1.1902510404716258e-05    1.1877861061382079e-05
30513.90257921767    1.204144258970525e-05    1.1943678297703247e-05    1.2028957656705591e-05    1.200469284803803e-05
30514.002579217668    1.2170702139699044e-05    1.2073840616696942e-05    1.2158068140699391e-05    1.2134203632365127e-05
30514.102579217666    1.2302634073692821e-05    1.2206716778690622e-05    1.2289848535693174e-05    1.226639979602554e-05
30514.202579217665    1.2437222258681741e-05    1.2342294949679399e-05    1.2424283003682106e-05    1.240126673734775e-05
30514.302579217663    1.257569753767255e-05    1.2481804114670105e-05    1.2562602609672919e-05    1.2540034754005192e-05
30514.40257921766    1.2716316058662366e-05    1.2623500655659777e-05    1.2703063251662746e-05    1.268095998866163e-05
30514.50257921766    1.2860854816652954e-05    1.2769161736650258e-05    1.2847441379653339e-05    1.2825819310985514e-05
30514.60257921766    1.300755634664776e-05    1.2917031800644954e-05    1.299398055864815e-05    1.2972856235313622e-05
30514.702579217657    1.3158203956632804e-05    1.3068894192629844e-05    1.3144463327633206e-05    1.3123853825631951e-05
30514.802579217656    1.331222574062458e-05    1.3224176441621509e-05    1.3298317875624987e-05    1.327824001929036e-05
30514.902579217654    1.346907638261198e-05    1.3382333306608747e-05    1.3454998934612399e-05    1.3435469541277708e-05
30515.002579217653    1.3629945812602037e-05    1.3544556435598687e-05    1.3615696626602462e-05    1.3596732958267729e-05
30515.10257921765    1.3793642315595043e-05    1.3709650418591585e-05    1.3779219335595474e-05    1.3760837356594034e-05
30515.20257921765    1.3961378596578947e-05    1.3878829588575325e-05    1.394677906957939e-05    1.3928995751577887e-05
30515.30257921765    1.4132581291570245e-05    1.4051517620566518e-05    1.4117803591570692e-05    1.4100634167902486e-05
30515.402579217647    1.4307868204553617e-05    1.422833524954972e-05    1.4292909973554077e-05    1.4276371142552469e-05
30515.502579217646    1.4486068470546197e-05    1.440810962454219e-05    1.4470926979546664e-05    1.445503502487835e-05
30515.602579217644    1.4668967537534231e-05    1.4592623961530119e-05    1.465363840853471e-05    1.4638409969199686e-05
30515.702579217643    1.485539276351847e-05    1.47807023595142e-05    1.483987719651895e-05    1.4825324106517206e-05
30515.80257921764    1.5045370127509295e-05    1.4972372879504922e-05    1.5029666096509782e-05    1.5015803034508e-05
30515.90257921764    1.5240083535489977e-05    1.5168816136485448e-05    1.5224188789490477e-05    1.5211029487155302e-05
30516.00257921764    1.5438390604480567e-05    1.5368885816475946e-05    1.542230314648107e-05    1.540985985581253e-05
30516.102579217637    1.564145240346811e-05    1.5573740341463415e-05    1.5625170404468622e-05    1.561345438313338e-05
30516.202579217636    1.5848083828451245e-05    1.578219228944641e-05    1.583160613445176e-05    1.5820627417449803e-05
30516.302579217634    1.6059516617438492e-05    1.599546987743359e-05    1.6042841595439016e-05    1.6032609363437034e-05
30516.402579217633    1.627515603741948e-05    1.6212974934414453e-05    1.625828224542001e-05    1.6248804405751313e-05
30516.50257921763    1.6495003015408148e-05    1.6434702990403085e-05    1.6477929016408688e-05    1.6469211674073307e-05
30516.60257921763    1.671964021439525e-05    1.6661233954390158e-05    1.6702365467395795e-05    1.66944132120604e-05
30516.70257921763    1.6949053907374048e-05    1.689254552336887e-05    1.69315767863746e-05    1.692439207237251e-05
30516.802579217627    1.7182687971362532e-05    1.712807524535736e-05    1.7165007739363088e-05    1.715859031869433e-05
30516.902579217625    1.7421128818340745e-05    1.7368404224335523e-05    1.7403245021341306e-05    1.7397592688005858e-05
30517.002579217624    1.7664354699327512e-05    1.761350493532233e-05    1.764626668132808e-05    1.764137543865931e-05
30517.102579217622    1.7911786880315882e-05    1.786279106331076e-05    1.789349439131645e-05    1.788935744498103e-05
30517.20257921762    1.816457855329187e-05    1.811740238228677e-05    1.814608185229244e-05    1.814268759595703e-05
30517.30257921762    1.842208233527867e-05    1.8376686270273683e-05    1.840338089427924e-05    1.840071649994387e-05
30517.402579217618    1.8684884537254266e-05    1.8641219109249356e-05    1.8665978826254843e-05    1.866402749091949e-05
30517.502579217617    1.8951833488242497e-05    1.8909833367237775e-05    1.8932725352243074e-05    1.8931464069241113e-05
30517.602579217615    1.9224049695227555e-05    1.9183641004223038e-05    1.920473897022813e-05    1.920414322322624e-05
30517.702579217614    1.9501510602202577e-05    1.946260704119825e-05    1.9481998685203154e-05    1.9482038776201326e-05
30517.802579217612    1.9783564538189376e-05    1.974606312018535e-05    1.9763853573189947e-05    1.976449374385489e-05
30517.90257921761    2.0070761584164147e-05    2.0034546105160403e-05    2.0050851836164722e-05    2.005205317516309e-05
30518.00257921761    2.0362505318150915e-05    2.0327446927147546e-05    2.0342400160151484e-05    2.034411746848332e-05
30518.102579217608    2.065988175413452e-05    2.062582930013159e-05    2.0639581888135088e-05    2.064176431413373e-05
30518.202579217606    2.0961662915110722e-05    2.092844602610826e-05    2.0941172385111284e-05    2.0943760442110092e-05
30518.302579217605    2.1268383004096168e-05    2.123581780309425e-05    2.1247704107096726e-05    2.1250634971429045e-05
30518.402579217603    2.1580510942068877e-05    2.1548390450067553e-05    2.155964697406943e-05    2.1562849455401955e-05
30518.502579217602    2.1896839389056348e-05    2.1864933358055706e-05    2.1875792374056895e-05    2.1879188373722984e-05
30518.6025792176    2.2217880831042288e-05    2.2185937518042398e-05    2.2196656197042818e-05    2.2200158182042498e-05
30518.7025792176    2.2544113579014933e-05    2.251185975101587e-05    2.2522713340015463e-05    2.252622889001542e-05
30518.802579217598    2.287421559300325e-05    2.284134587200511e-05    2.2852642782003772e-05    2.2856068082337375e-05
30518.902579217596    2.3209103672976614e-05    2.3175294353979485e-05    2.3187363620977126e-05    2.3190587215977744e-05
30519.002579217595    2.3548455629962974e-05    2.3513349522966935e-05    2.3526552246963472e-05    2.352945246663113e-05
30519.102579217593    2.3892188662949583e-05    2.3855401539954723e-05    2.387012746995007e-05    2.3872572557618123e-05
30519.202579217592    2.423965599192553e-05    2.4200778483931997e-05    2.4217439107926014e-05    2.4219291194594516e-05
30519.30257921759    2.4591444178912173e-05    2.4550025683920028e-05    2.4569076400912636e-05    2.4570182087914947e-05
30519.40257921759    2.494657094988893e-05    2.4902132843898377e-05    2.4924054549889393e-05    2.492425278122557e-05
30519.502579217587    2.5305702660876396e-05    2.5257737797887433e-05    2.528304241387685e-05    2.528216095754689e-05
30519.602579217586    2.5667525512867976e-05    2.561548488788073e-05    2.564472452386842e-05    2.564257830820571e-05
30519.702579217585    2.6032608342844497e-05    2.5975911776859232e-05    2.600966975384493e-05    2.600606329118289e-05
30519.802579217583    2.6400797416834666e-05    2.6338827133851358e-05    2.637772511783509e-05    2.6372449889507037e-05
30519.90257921758    2.6771830148812168e-05    2.6703933028831142e-05    2.6748624554812597e-05    2.6741462577485302e-05
30520.00257921758    2.7144640665806478e-05    2.707012039482768e-05    2.7121300500806906e-05    2.7112020520480352e-05
30520.10257921758    2.752007416479808e-05    2.7438198762821625e-05    2.749659961979851e-05    2.748495751580607e-05
30520.202579217577    2.78971203967792e-05    2.780711906180551e-05    2.787351279577963e-05    2.785925075145478e-05
30520.302579217576    2.827527162477562e-05    2.8176332379804563e-05    2.8251530696776056e-05    2.823437823378541e-05
30520.402579217574    2.865461879075795e-05    2.854588724579001e-05    2.8630735250758415e-05    2.861041376243546e-05
30520.502579217573    2.90345303227561e-05    2.8915105096791113e-05    2.9010495535756595e-05    2.89867103184346e-05
30520.60257921757    2.9414945026754455e-05    2.9283897836792506e-05    2.939075899175495e-05    2.936320061843397e-05
30520.70257921757    2.979549014874018e-05    2.9651836473781917e-05    2.977114111274072e-05    2.9739489245087603e-05
30520.80257921757    3.0175249246742784e-05    3.00179675227879e-05    3.015072318074337e-05    3.0114646650091357e-05
30520.902579217567    3.055440876173098e-05    3.0382437075780145e-05    3.05296964727316e-05    3.0488847436747576e-05
30521.002579217566    3.0931923798736474e-05    3.0744156327789346e-05    3.090700724773716e-05    3.0861029124754334e-05
30521.102579217564    3.130807940774103e-05    3.110336494579775e-05    3.128294311074176e-05    3.123146248809352e-05
30521.202579217563    3.1681647411736096e-05    3.1458791182797475e-05    3.1656266551736924e-05    3.15989017154235e-05
30521.30257921756    3.205280494274426e-05    3.181057191880981e-05    3.2027153549745174e-05    3.196351013709975e-05
30521.40257921756    3.242089909474123e-05    3.215801340281186e-05    3.239495538374223e-05    3.2324622627098436e-05
30521.50257921756    3.278501633275483e-05    3.2500159786829964e-05    3.275874973975593e-05    3.268130861978024e-05
30521.602579217557    3.3145155787768436e-05    3.283696437884823e-05    3.311853010676966e-05    3.303355009112877e-05
30521.702579217555    3.350068452977127e-05    3.316775496585676e-05    3.3473665271772624e-05    3.3380701589133546e-05
30521.802579217554    3.385113267278882e-05    3.3492025999879296e-05    3.382367947979032e-05    3.3722279384152816e-05
30521.902579217553    3.419588136179598e-05    3.38091111388926e-05    3.4167949334797656e-05    3.405764727849541e-05
30522.00257921755    3.453453780181726e-05    3.411858116791918e-05    3.4506080307819095e-05    3.438639975918518e-05
30522.10257921755    3.486715955283833e-05    3.44204615769457e-05    3.483813368084032e-05    3.470858493687478e-05
30522.20257921755    3.519169100285478e-05    3.4712655810968894e-05    3.5162038943856996e-05    3.502212858589356e-05
30522.302579217547    3.55096143288781e-05    3.499660503799799e-05    3.547927747388051e-05    3.532849894691887e-05
30522.402579217545    3.581901304889693e-05    3.527036183502399e-05    3.578793977889955e-05    3.562577155427349e-05
30522.502579217544    3.6119708309927954e-05    3.5533717152061084e-05    3.608782871593083e-05    3.591375139263995e-05
30522.602579217542    3.641151550895964e-05    3.578646109809891e-05    3.637877024796273e-05    3.619224895167376e-05
30522.70257921754    3.66942776599816e-05    3.602840643912861e-05    3.666060396798495e-05    3.646109602236505e-05
30522.80257921754    3.6967277555016765e-05    3.625880878217019e-05    3.693259894102038e-05    3.671956175940245e-05
30522.902579217538    3.7229729040045203e-05    3.647685907220674e-05    3.719398373504909e-05    3.696685728243368e-05
30523.002579217537    3.748155382508387e-05    3.668249249725191e-05    3.7444666264088025e-05    3.72029041954746e-05
30523.102579217535    3.772176687712611e-05    3.687468252930082e-05    3.768366619913053e-05    3.742670520185249e-05
30523.202579217534    3.795082952215834e-05    3.705385447834166e-05    3.791144104516307e-05    3.7638708348554354e-05
30523.302579217532    3.816794365920224e-05    3.721925783439225e-05    3.812719939420722e-05    3.783813362926724e-05
30523.40257921753    3.837324490323818e-05    3.7371020821436845e-05    3.83310673252435e-05    3.8025111016639515e-05
30523.50257921753    3.85654974162866e-05    3.750789691449209e-05    3.852181296129219e-05    3.819840243069029e-05
30523.602579217528    3.874537603333252e-05    3.763057450454478e-05    3.8700119101338355e-05    3.835868987973855e-05
30523.702579217526    3.891175209737657e-05    3.7737960320597614e-05    3.886485511538272e-05    3.8504855844452304e-05
30523.802579217525    3.906502293242568e-05    3.7830510856653206e-05    3.90164115924321e-05    3.8637315127170326e-05
30523.902579217523    3.920444191347251e-05    3.790743397470896e-05    3.915405862747921e-05    3.875531150522022e-05
30524.002579217522    3.93303563445236e-05    3.79692291617662e-05    3.927813465553056e-05    3.885924005394012e-05
30524.10257921752    3.9442392689576114e-05    3.8015467565825055e-05    3.9388278804583264e-05    3.8948713019994807e-05
30524.20257921752    3.9540219660626315e-05    3.804598453488343e-05    3.9484155446633765e-05    3.9023453214047836e-05
30524.302579217518    3.962327406768274e-05    3.8060261720945465e-05    3.956521162669037e-05    3.908291580510619e-05
30524.402579217516    3.969221853973413e-05    3.8058979016004944e-05    3.963211021774202e-05    3.9127769257827034e-05
30524.502579217515    3.97471682147881e-05    3.804241904306386e-05    3.9684974728796146e-05    3.91581873288827e-05
30524.602579217513    3.9786943825846615e-05    3.800951028912691e-05    3.9722630195854794e-05    3.917302810360944e-05
30524.70257921751    3.9812152171901874e-05    3.796094114518907e-05    3.974568964991024e-05    3.917292765566706e-05
30524.80257921751    3.982353495695569e-05    3.7897595767246585e-05    3.975490296596413e-05    3.915867789672214e-05
30524.90257921751    3.981959364501548e-05    3.78181607913121e-05    3.974877547202408e-05    3.912884330278389e-05
30525.002579217507    3.9801338208071724e-05    3.7723665084371275e-05    3.972832230308036e-05    3.9084441865174455e-05
30525.102579217506    3.976866100512839e-05    3.761433815642955e-05    3.9693445132137036e-05    3.902548143123165e-05
30525.202579217505    3.97213266711877e-05    3.748991610349338e-05    3.964391493919641e-05    3.895171923795916e-05
30525.302579217503    3.965980030524398e-05    3.735119916555007e-05    3.958020036625265e-05    3.886373327901556e-05
30525.4025792175    3.9584045243303156e-05    3.71982169756122e-05    3.950227820731183e-05    3.876151347540906e-05
30525.5025792175    3.9494384846358806e-05    3.7031577923666854e-05    3.941047312936738e-05    3.864547863313101e-05
30525.6025792175    3.9390921631414036e-05    3.685152104472055e-05    3.930489864142249e-05    3.851578043918569e-05
30525.702579217497    3.9273889182472595e-05    3.665850624777943e-05    3.9185807998480906e-05    3.8372734476244314e-05
30525.802579217496    3.914276222852951e-05    3.6452111261833455e-05    3.9052655275537687e-05    3.8215842921966885e-05
30525.902579217494    3.899851900158773e-05    3.6233636754890186e-05    3.890643885459576e-05    3.804619820369123e-05
30526.002579217493    3.8841413154640135e-05    3.6003569899937416e-05    3.874741748564794e-05    3.7864133513408495e-05
30526.10257921749    3.867153326469218e-05    3.57621186769838e-05    3.857568656469972e-05    3.766977950212523e-05
30526.20257921749    3.848915171874975e-05    3.55097671230374e-05    3.839152100175709e-05    3.746347994784808e-05
30526.30257921749    3.829450192380019e-05    3.524693759808047e-05    3.819516325280721e-05    3.72455342582293e-05
30526.402579217487    3.808792976885672e-05    3.497422230613103e-05    3.798696278786347e-05    3.70163716209504e-05
30526.502579217486    3.786963357990534e-05    3.469196128017062e-05    3.7767124647911736e-05    3.67762398359959e-05
30526.602579217484    3.764049845095029e-05    3.440123659220572e-05    3.753653516295632e-05    3.652609006870411e-05
30526.702579217483    3.7400242010005156e-05    3.4101938665252165e-05    3.729491797501085e-05    3.62656995500894e-05
30526.80257921748    3.714969864604819e-05    3.3795032708283995e-05    3.7043119796053446e-05    3.599595038346188e-05
30526.90257921748    3.688922161309922e-05    3.34810309553251e-05    3.678147945410414e-05    3.571724400750949e-05
30527.00257921748    3.661854264114228e-05    3.3159797149355625e-05    3.650973612014678e-05    3.542935863688156e-05
30527.102579217477    3.633909933517927e-05    3.283287230137964e-05    3.622933007318333e-05    3.513376723658075e-05
30527.202579217475    3.605069391822758e-05    3.250015554041618e-05    3.594007015223121e-05    3.483030653695832e-05
30527.302579217474    3.575366733326427e-05    3.216204182743916e-05    3.564229157326747e-05    3.45193335779903e-05
30527.402579217473    3.544897945930797e-05    3.18195397944703e-05    3.533695875231074e-05    3.420182600202966e-05
30527.50257921747    3.5137018915339183e-05    3.1473010873487584e-05    3.502445658234152e-05    3.387816212372276e-05
30527.60257921747    3.4817665606370925e-05    3.1122239848505794e-05    3.470466409337281e-05    3.3548189849416506e-05
30527.702579217468    3.449266446340699e-05    3.076876006253028e-05    3.4379320637408474e-05    3.321358172111525e-05
30527.802579217467    3.416272523542837e-05    3.0412762699541185e-05    3.4049127089429474e-05    3.287487167479967e-05
30527.902579217465    3.3828553290458854e-05    3.005371012256747e-05    3.371477242745965e-05    3.253234528016199e-05
30528.002579217464    3.3495425802454294e-05    2.9690744857584552e-05    3.338143214645522e-05    3.218920093549802e-05
30528.102579217462    3.3146427492523576e-05    2.9316590940633397e-05    3.303231237052411e-05    3.183177693456036e-05
30528.20257921746    3.278864577157494e-05    2.894454692763772e-05    3.267462493957453e-05    3.1469272546262394e-05
30528.30257921746    3.2426214842595406e-05    2.8573208913634614e-05    3.2312411703594446e-05    3.110394515327482e-05
30528.402579217458    3.2060203190624484e-05    2.8202607442644852e-05    3.194672159362306e-05    3.0736510742297466e-05
30528.502579217457    3.1691278025637416e-05    2.7832967618640585e-05    3.157821199763557e-05    3.0367485880637857e-05
30528.602579217455    3.131997174264798e-05    2.7464573562635056e-05    3.120740870464575e-05    2.99973180033096e-05
30528.702579217454    3.0946758282670024e-05    2.7097725025641542e-05    3.083478033666741e-05    2.9626421214992994e-05
30528.802579217452    3.057208128167657e-05    2.6732719140633298e-05    3.0460765752673608e-05    2.9255188724994495e-05
30528.90257921745    3.0196365349694888e-05    2.636984191963697e-05    3.0085785011691574e-05    2.888399742700781e-05
30529.00257921745    2.9820020440697728e-05    2.6009364254626148e-05    2.9710243613694103e-05    2.8513209436339324e-05
30529.102579217448    2.9443443212698776e-05    2.5651540192614177e-05    2.9334533800694863e-05    2.8143172402002608e-05
30529.202579217446    2.906701705071179e-05    2.5296606382614053e-05    2.8959034578707575e-05    2.777421933734447e-05
30529.302579217445    2.869111156570942e-05    2.4944782111599914e-05    2.8584111218704957e-05    2.740666829867143e-05
30529.402579217443    2.8316081925719082e-05    2.459626964459753e-05    2.8210114601714348e-05    2.704082205734365e-05
30529.502579217442    2.7942268192713508e-05    2.42512546905815e-05    2.7837380574708555e-05    2.667696781933452e-05
30529.60257921744    2.7569994749706445e-05    2.3909906937564685e-05    2.7466229391701304e-05    2.6315377026324143e-05
30529.70257921744    2.719956983371145e-05    2.3572380595559453e-05    2.7096965259706088e-05    2.5956305229659e-05
30529.802579217438    2.683128518870156e-05    2.3238814957541148e-05    2.6729876011696038e-05    2.5599992052646246e-05
30529.902579217436    2.646541584170371e-05    2.290933495553426e-05    2.6365232888698004e-05    2.5246661228645326e-05
30530.002579217435    2.6102219979691264e-05    2.258405172551472e-05    2.6003290422685427e-05    2.4896520709297132e-05
30530.102579217433    2.574193892767769e-05    2.226306316449472e-05    2.564428643167174e-05    2.4549762841281383e-05
30530.20257921743    2.5384797230676064e-05    2.1946454507485843e-05    2.5288442099669975e-05    2.420656461261063e-05
30530.30257921743    2.5031002804660355e-05    2.1634298896464945e-05    2.4935962134654185e-05    2.3867087945259826e-05
30530.40257921743    2.468074717265649e-05    2.132665795345495e-05    2.4587035010650205e-05    2.3531480045587213e-05
30530.502579217427    2.4334205772638923e-05    2.1023582367433355e-05    2.424183327063259e-05    2.319987380356829e-05
30530.602579217426    2.39915383176206e-05    2.0725112466411573e-05    2.3900513893614228e-05    2.287238822588213e-05
30530.702579217424    2.3652889215613916e-05    2.043127879640034e-05    2.3563218712607464e-05    2.254912890820724e-05
30530.802579217423    2.331838803659415e-05    2.0142102695378143e-05    2.323007487858768e-05    2.2230188536853324e-05
30530.90257921742    2.2988150016585845e-05    1.9857596855366234e-05    2.2901195364579325e-05    2.1915647412177134e-05
30531.00257921742    2.2662276596564887e-05    1.9577765882343784e-05    2.2576679498558368e-05    2.1605573992489014e-05
30531.10257921742    2.2340855988543504e-05    1.930260684032135e-05    2.2256613531536998e-05    2.1300025453467282e-05
30531.202579217417    2.2023963764533287e-05    1.9032109779308806e-05    2.1941071214526757e-05    2.0999048252789615e-05
30531.302579217416    2.171166345251107e-05    1.8766258257286324e-05    2.1630114398504566e-05    2.0702678702767323e-05
30531.402579217414    2.140400715249979e-05    1.850502983727346e-05    2.132379363849328e-05    2.0410943542755513e-05
30531.502579217413    2.110103615247695e-05    1.8248396569251062e-05    2.1022148807470486e-05    2.012386050973283e-05
30531.60257921741    2.080278154445396e-05    1.799632545422882e-05    2.0725209707447546e-05    1.984143890204344e-05
30531.70257921741    2.050926483444154e-05    1.7748778890215766e-05    2.043299667543514e-05    1.956368013336415e-05
30531.80257921741    2.022049855441821e-05    1.750571509319375e-05    2.0145521183411872e-05    1.9290578277007944e-05
30531.902579217407    1.993648685440519e-05    1.7267088502180644e-05    1.986278643139887e-05    1.9022120595994903e-05
30532.002579217406    1.9657226086381684e-05    1.703285016515893e-05    1.958478792037544e-05    1.8758288057305353e-05
30532.102579217404    1.9382705368358234e-05    1.6802948095137473e-05    1.9311514015352064e-05    1.8499055826282592e-05
30532.202579217403    1.9112907137344682e-05    1.65773276201245e-05    1.904294649033855e-05    1.8244393749269247e-05
30532.3025792174    1.8847807680321263e-05    1.6355931699103442e-05    1.8779061051315212e-05    1.7994266810246637e-05
30532.4025792174    1.8587377640307467e-05    1.6138701231090586e-05    1.8519827843301454e-05    1.77486355715665e-05
30532.5025792174    1.8331582509284197e-05    1.592557533006998e-05    1.8265211930278277e-05    1.7507456589877483e-05
30532.602579217397    1.8080383094261124e-05    1.5716491598049686e-05    1.8015173764255293e-05    1.7270682818855368e-05
30532.702579217395    1.7833735958247242e-05    1.5511386366037174e-05    1.776966961424146e-05    1.7038263979508624e-05
30532.802579217394    1.759159385022446e-05    1.5310194927017382e-05    1.7528651995218776e-05    1.681014692415354e-05
30532.902579217392    1.7353906094210582e-05    1.5112851745005103e-05    1.7292070053204953e-05    1.658627596414021e-05
30533.00257921739    1.712061897418817e-05    1.491929065298584e-05    1.7059869942182633e-05    1.636659318978555e-05
