3.049800257921790035e+04 8.074409599400000218e-06 8.008424739200000055e-06 8.071233598299999609e-06 8.051355978966666063e-06
3.049810257921789889e+04 8.051148851899999771e-06 7.984854325599999812e-06 8.047952726400000827e-06 8.027985301299999572e-06
3.049820257921789744e+04 8.027825017600847946e-06 7.961219356600860206e-06 8.024608593400848542e-06 8.004550989200852232e-06
3.049830257921789598e+04 8.004321352400855925e-06 7.937402706000865548e-06 8.001084423500855948e-06 7.980936160634193038e-06
3.049840257921789453e+04 7.982250313901605873e-06 7.915016866501628593e-06 7.978992764301607021e-06 7.958753314901615523e-06
3.049850257921789307e+04 7.959647022101645322e-06 7.892096815701667048e-06 7.956368633401645870e-06 7.936037490401653876e-06
3.049860257921789162e+04 7.937524282301609390e-06 7.869655796401632918e-06 7.934224826801611065e-06 7.913801635168283893e-06
3.049870257921789016e+04 7.915633366402388278e-06 7.847444770502423538e-06 7.912312649502392257e-06 7.891796928802401358e-06
3.049880257921788871e+04 7.894023438502358975e-06 7.825512836602393159e-06 7.890681287502360937e-06 7.870072520869039384e-06
3.049890257921788725e+04 7.872567695803121953e-06 7.803733517503169611e-06 7.869203880403125500e-06 7.848501697903137892e-06
3.049900257921788580e+04 7.851882901003011061e-06 7.782723298003057429e-06 7.848497216003013288e-06 7.827701138336359463e-06
3.049910257921788434e+04 7.831203317403008689e-06 7.761716816103055705e-06 7.827795544603012679e-06 7.806905226036359589e-06
3.049920257921788289e+04 7.810498461503765475e-06 7.740682873603826368e-06 7.807068412603771382e-06 7.786083249237122205e-06
3.049930257921788143e+04 7.790375674603660522e-06 7.720229322603719836e-06 7.786923123503664487e-06 7.765842706903681615e-06
3.049940257921787997e+04 7.770759875904280117e-06 7.700281363604353816e-06 7.767284602904286436e-06 7.746108614137642382e-06
3.049950257921787852e+04 7.750833084904350527e-06 7.680020203504423228e-06 7.747334851504355423e-06 7.726062713304376393e-06
3.049960257921787706e+04 7.731838261904145851e-06 7.660689434804220284e-06 7.728316858304151040e-06 7.706948185004172956e-06
3.049970257921787561e+04 7.713035221604789426e-06 7.641548591104873898e-06 7.709490427904794397e-06 7.688024746871488166e-06
3.049980257921787415e+04 7.695015670804589294e-06 7.623189696104675505e-06 7.691447254604594601e-06 7.669884207171287878e-06
3.049990257921787270e+04 7.676277986105453980e-06 7.604110893105552361e-06 7.672685709005459945e-06 7.651024862738820966e-06
3.050000257921787124e+04 7.658847203005073376e-06 7.586337095805172678e-06 7.655230825805079724e-06 7.633471708205109157e-06
3.050010257921786979e+04 7.641047969105181195e-06 7.568193331705280576e-06 7.637407258605187884e-06 7.615549519805217398e-06
3.050020257921786833e+04 7.624352519205466935e-06 7.551151610305579232e-06 7.620687225705474552e-06 7.598730451738839957e-06
3.050030257921786688e+04 7.607261828605595537e-06 7.533712738305710085e-06 7.603571715505603627e-06 7.581515427472302518e-06
3.050040257921786542e+04 7.590857749605968614e-06 7.516959026206095404e-06 7.587142558605976864e-06 7.564986444806013628e-06
3.050050257921786397e+04 7.575070824705742504e-06 7.500820676905870687e-06 7.571330281805751826e-06 7.549073927805788621e-06
3.050060257921786251e+04 7.559863897805531762e-06 7.485260521305660710e-06 7.556097825205541447e-06 7.533740748105577973e-06
3.050070257921786106e+04 7.544124718406298405e-06 7.469166638906440337e-06 7.540332805006308629e-06 7.517874720773016920e-06
3.050080257921785960e+04 7.530056471605629703e-06 7.454741941605772932e-06 7.526238465105640385e-06 7.503678959439014057e-06
3.050090257921785815e+04 7.515376815806408759e-06 7.439704005206564360e-06 7.511532438106419663e-06 7.488871086373131492e-06
3.050100257921785669e+04 7.501445767406081550e-06 7.425413240106238099e-06 7.497574742906093244e-06 7.474811250139470682e-06
3.050110257921785524e+04 7.488099551605826865e-06 7.411705577505984365e-06 7.484201619605838098e-06 7.461335582905883674e-06
3.050120257921785378e+04 7.475033335306179449e-06 7.398276574506351112e-06 7.471108200206192831e-06 7.448139370006241131e-06
3.050130257921785233e+04 7.462217385606061560e-06 7.385095736606232934e-06 7.458264790306074285e-06 7.435192637506123209e-06
3.050140257921785087e+04 7.449383504306536642e-06 7.371895957806722796e-06 7.445403123106551138e-06 7.422227528406602678e-06
3.050150257921784942e+04 7.438414224905587214e-06 7.360558795405774539e-06 7.434405779005601666e-06 7.411126266438987806e-06
3.050160257921784796e+04 7.426640649805996464e-06 7.348415954506184223e-06 7.422603861906010385e-06 7.399220155406063126e-06
3.050170257921784651e+04 7.415670057705986832e-06 7.337074427806189130e-06 7.411604627706002236e-06 7.388116371072726066e-06
3.050180257921784505e+04 7.404798004605932415e-06 7.325830189206136001e-06 7.400703614705948509e-06 7.377110602839338693e-06
3.050190257921784359e+04 7.395084841805653800e-06 7.315743232505872024e-06 7.390961183205670987e-06 7.367263085839065321e-06
3.050200257921784214e+04 7.385973285605302940e-06 7.306256275705521408e-06 7.381820066705320883e-06 7.358016542672048410e-06
3.050210257921784068e+04 7.376141159705723607e-06 7.296047512905942060e-06 7.371958031105740002e-06 7.348048901239136070e-06
3.050220257921783923e+04 7.367603647005280170e-06 7.287131807305514562e-06 7.363390317905298662e-06 7.339375257405363618e-06
3.050230257921783777e+04 7.359734462204866664e-06 7.278883297505101591e-06 7.355490583304885658e-06 7.331369447671617971e-06
3.050240257921783632e+04 7.351967449705086378e-06 7.270735567205335677e-06 7.347692706405105771e-06 7.323465241105176789e-06
3.050250257921783486e+04 7.344990921904568905e-06 7.263376795604818359e-06 7.340685015204589200e-06 7.316350910904659104e-06
3.050260257921783341e+04 7.338342551404353611e-06 7.256345114204604462e-06 7.334005096804374102e-06 7.309564254137777957e-06
3.050270257921783195e+04 7.332028905804364075e-06 7.249646813004630196e-06 7.327659544404386180e-06 7.303111754404460432e-06
3.050280257921783050e+04 7.326541137603792726e-06 7.243772917704059622e-06 7.322139536903815505e-06 7.297484530737223182e-06
3.050290257921782904e+04 7.321682715103534328e-06 7.238527409703816648e-06 7.317248501003558043e-06 7.292486208603636339e-06
3.050300257921782759e+04 7.317083549203346500e-06 7.233539869003628650e-06 7.312616383503370411e-06 7.287746600570114340e-06
3.050310257921782613e+04 7.312757591103147967e-06 7.228824670203430269e-06 7.308257089503171940e-06 7.283279783603249494e-06
3.050320257921782468e+04 7.309077634702811195e-06 7.224754305803109628e-06 7.304543429202837284e-06 7.279458456569586883e-06
3.050330257921782322e+04 7.306318380902107883e-06 7.221603409202407421e-06 7.301750100202133354e-06 7.276557296768883168e-06
3.050340257921782177e+04 7.303704453802091927e-06 7.218597004302406377e-06 7.299101732702119224e-06 7.273801063602206407e-06
3.050350257921782031e+04 7.302090780601291694e-06 7.216590296101605862e-06 7.297453162601319849e-06 7.272044746434739135e-06
3.050360257921781886e+04 7.300799494801033670e-06 7.214904512001348908e-06 7.296126627801061544e-06 7.270610211534481374e-06
3.050370257921781740e+04 7.300192882500507761e-06 7.213902671700838162e-06 7.295484377100537139e-06 7.269859977100627970e-06
3.050380257921781595e+04 7.299868250600271924e-06 7.213182377500602985e-06 7.295123669200301303e-06 7.269391432433725404e-06
3.050390257921781449e+04 7.300519077799431689e-06 7.213436649899778224e-06 7.295737966399463445e-06 7.269897898032891402e-06
3.050400257921781304e+04 7.301153029499447310e-06 7.213673186799793070e-06 7.296334993399479493e-06 7.270387069899573009e-06
3.050410257921781158e+04 7.302694499898653711e-06 7.214816898099001249e-06 7.297839110398687000e-06 7.271783502798781783e-06
3.050420257921781013e+04 7.304386593498460961e-06 7.216110470098823658e-06 7.299493419598495805e-06 7.273330161065260423e-06
3.050430257921780867e+04 7.307717731296970156e-06 7.219042910797332287e-06 7.302786377697004580e-06 7.276515673263769572e-06
3.050440257921780722e+04 7.310684905397194004e-06 7.221610814897570400e-06 7.305714915397229857e-06 7.279336878563998652e-06
3.050450257921780576e+04 7.314950112795965895e-06 7.225476652196343200e-06 7.309941006796002579e-06 7.283455923929436660e-06
3.050460257921780430e+04 7.318636352896513491e-06 7.228763149996891056e-06 7.313587639096551066e-06 7.286995713996651024e-06
3.050470257921780285e+04 7.324121466994611966e-06 7.233848075995004626e-06 7.319032702494651969e-06 7.292334081828088108e-06
3.050480257921780139e+04 7.329979202694245844e-06 7.239305733394639239e-06 7.324849876594285755e-06 7.298044937561056099e-06
3.050490257921779994e+04 7.336525058393332485e-06 7.245451307893739186e-06 7.331354759693373248e-06 7.304443708660147459e-06
3.050500257921779848e+04 7.343314487793083930e-06 7.251840814593491210e-06 7.338102690193126379e-06 7.311085997526568302e-06
3.050510257921779703e+04 7.350925449492246940e-06 7.259051792992654133e-06 7.345671656992290121e-06 7.318549633159063732e-06
3.050520257921779557e+04 7.359466501590989223e-06 7.267193350091410395e-06 7.354170183791034518e-06 7.326943345157811661e-06
3.050530257921779412e+04 7.368841016590110272e-06 7.276168562890530620e-06 7.363501659590155042e-06 7.336170413023598644e-06
3.050540257921779266e+04 7.378491323189468279e-06 7.285420304989902540e-06 7.373108389789515616e-06 7.345673339322962427e-06
3.050550257921779121e+04 7.388980063688552339e-06 7.295510863788986612e-06 7.383553034188600791e-06 7.356014653888713812e-06
3.050560257921778975e+04 7.399745209488250598e-06 7.305878179488685014e-06 7.394273539788300024e-06 7.366632309588411879e-06
3.050570257921778830e+04 7.411349797886912734e-06 7.317085919387360935e-06 7.405832932686963120e-06 7.378089549987078647e-06
3.050580257921778684e+04 7.423882354085866613e-06 7.329222884186312162e-06 7.418319719485918069e-06 7.390474985919365333e-06
3.050590257921778539e+04 7.437246350984442361e-06 7.342192171584901936e-06 7.431637384884495739e-06 7.403691969151280012e-06
3.050600257921778393e+04 7.450869405884140587e-06 7.355421315184599233e-06 7.445213526984195144e-06 7.417168082684311937e-06
3.050610257921778248e+04 7.465298288983202866e-06 7.369457785783658776e-06 7.459594899383257777e-06 7.431450324716707320e-06
3.050620257921778102e+04 7.480504446181744501e-06 7.384273311982213510e-06 7.474752937981802507e-06 7.446510232048587121e-06
3.050630257921777957e+04 7.496833311980395932e-06 7.400212913180864022e-06 7.491033087680455659e-06 7.462693104280572153e-06
3.050640257921777811e+04 7.514185319778537404e-06 7.417177098379016370e-06 7.508335760378598194e-06 7.479899392845384272e-06
3.050650257921777666e+04 7.531526966978549638e-06 7.434132945579027567e-06 7.525627443178611421e-06 7.497095785245396491e-06
3.050660257921777520e+04 7.549557561677697720e-06 7.451780172978172311e-06 7.543607400477760279e-06 7.514981711711208974e-06
3.050670257921777375e+04 7.568509823075868100e-06 7.470351091776353356e-06 7.562508402775933637e-06 7.533789772542718929e-06
3.050680257921777229e+04 7.588613899774401762e-06 7.490075739674884361e-06 7.582560550074468047e-06 7.553750063174584723e-06
3.050690257921777084e+04 7.609104667173163827e-06 7.510189860873657483e-06 7.602998741473232516e-06 7.574097756506684891e-06
3.050700257921776938e+04 7.630779675271612047e-06 7.531491246472101884e-06 7.624620426871682455e-06 7.595630449538466027e-06
3.050710257921776793e+04 7.652927798270993227e-06 7.553268404671478922e-06 7.646714531271064385e-06 7.617636911404512743e-06
3.050720257921776647e+04 7.676478815768298717e-06 7.576451915568794022e-06 7.670210844368373579e-06 7.641047191901821541e-06
3.050730257921776501e+04 7.700224699968036163e-06 7.599833274468527656e-06 7.693901271868111566e-06 7.664653082101557897e-06
3.050740257921776356e+04 7.724975640765782461e-06 7.624223492866282488e-06 7.718596051765861209e-06 7.689265061799310696e-06
3.050750257921776210e+04 7.750648640664509423e-06 7.649539254665002681e-06 7.744212151664587172e-06 7.714800015664699759e-06
3.050760257921776065e+04 7.777012916463553271e-06 7.675550419164041982e-06 7.770518714363634091e-06 7.741027349997076448e-06
3.050770257921775919e+04 7.804422289361111366e-06 7.702611318861605653e-06 7.797869631361193453e-06 7.768301079861304620e-06
3.050780257921775774e+04 7.833048246459385039e-06 7.730892963059875017e-06 7.826436355159470040e-06 7.796792521559576134e-06
3.050790257921775628e+04 7.862374743957324961e-06 7.759879244657819032e-06 7.855702804757411383e-06 7.825985597790851227e-06
3.050800257921775483e+04 7.892407014456296070e-06 7.789577196756784764e-06 7.885674169456386804e-06 7.855886126889821981e-06
3.050810257921775337e+04 7.923349645154971881e-06 7.820190624455451286e-06 7.916555099155060823e-06 7.886698456255160765e-06
3.050820257921775192e+04 7.955390294252208126e-06 7.851907056152693278e-06 7.948533163352301673e-06 7.918610171252402720e-06
3.050830257921775046e+04 7.988196749751067484e-06 7.884395363651540780e-06 7.981276226351161310e-06 7.951289446584590423e-06
3.050840257921774901e+04 8.022181067548072740e-06 7.918067925148549309e-06 8.015196274848171117e-06 7.985148422514930491e-06
3.050850257921774755e+04 8.057618650645852714e-06 7.953199762946320584e-06 8.050568679745952313e-06 8.020462364446042435e-06
3.050860257921774610e+04 8.093264028745535992e-06 7.988546242745990885e-06 8.086147994745636114e-06 8.055986088745722691e-06
3.050870257921774464e+04 8.130538652641689654e-06 8.025529320542145259e-06 8.123355345341794865e-06 8.093141106175209926e-06
3.050880257921774319e+04 8.168591575540471879e-06 8.063297676040918454e-06 8.161340269940579656e-06 8.131076507173991126e-06
3.050890257921774173e+04 8.207595608337565649e-06 8.102025152038009193e-06 8.200275333737676187e-06 8.169965364704415316e-06
3.050900257921774028e+04 8.247718563135773804e-06 8.141880015936202601e-06 8.240328337135885572e-06 8.209975638735953992e-06
3.050910257921773882e+04 8.288606431234550061e-06 8.182507744234966240e-06 8.281145286734663394e-06 8.250753154068061592e-06
3.050920257921773737e+04 8.331167748330322798e-06 8.224817985930734125e-06 8.323634703030441956e-06 8.293206812430497932e-06
3.050930257921773591e+04 8.374842003228501387e-06 8.268250655228897458e-06 8.367235936228621004e-06 8.336776198228673283e-06
3.050940257921773446e+04 8.419492269725279836e-06 8.312668579325668600e-06 8.411812121025403265e-06 8.381324323358784465e-06
3.050950257921773300e+04 8.465497390123011786e-06 8.358451510623384238e-06 8.457742111723136073e-06 8.427230337489844032e-06
3.050960257921773155e+04 8.512515182321317330e-06 8.405257847821671826e-06 8.504683685321443999e-06 8.474152238488144950e-06
3.050970257921773009e+04 8.560602095317779143e-06 8.453144653218119976e-06 8.552693306117909890e-06 8.522146684884601873e-06
3.050980257921772863e+04 8.610123721815325030e-06 8.502476855615648870e-06 8.602136469615459462e-06 8.571579015682144454e-06
3.050990257921772718e+04 8.660603966111848922e-06 8.552780780112157998e-06 8.652537044111988633e-06 8.621973930111999647e-06
3.051000257921772572e+04 8.712087465210096931e-06 8.604099837110384979e-06 8.703939735110240110e-06 8.673375679143572312e-06
3.051010257921772427e+04 8.765239825207183727e-06 8.657099698407450005e-06 8.757010107507325831e-06 8.726449877040655447e-06
3.051020257921772281e+04 8.820203019902022221e-06 8.711924877702268138e-06 8.811890141102170798e-06 8.781339346235486488e-06
3.051030257921772136e+04 8.875994540100544833e-06 8.767592748400766946e-06 8.867597181000694845e-06 8.837061489834000514e-06
3.051040257921771990e+04 8.933478857095437700e-06 8.824967077295636629e-06 8.924995852695592649e-06 8.894480595695555659e-06
3.051050257921771845e+04 8.992094232593378865e-06 8.883487551293551971e-06 8.983524220093537662e-06 8.953035334660155601e-06
3.051060257921771699e+04 9.052192368790682144e-06 8.943507694790824017e-06 9.043534057090842678e-06 9.013078040224117409e-06
3.051070257921771554e+04 9.113288459786644807e-06 9.004541203786759352e-06 9.104540271386810197e-06 9.074123311653404221e-06
3.051080257921771408e+04 9.176652861682434701e-06 9.067859938582519146e-06 9.167813554382604315e-06 9.137442118215853285e-06
3.051090257921771263e+04 9.241083762578113211e-06 9.132262813978165821e-06 9.232152018978288010e-06 9.201832865178186755e-06
3.051100257921771117e+04 9.306617517076026168e-06 9.197786783876044957e-06 9.297592021276204205e-06 9.267332107409425110e-06
3.051110257921770972e+04 9.374608876971377814e-06 9.265787064771360671e-06 9.365488021971557812e-06 9.335294654571430970e-06
3.051120257921770826e+04 9.443451507367263157e-06 9.334658176967207941e-06 9.434233950167449033e-06 9.404114544833973942e-06
3.051130257921770681e+04 9.513879157364206560e-06 9.405134343864111378e-06 9.504563352564395482e-06 9.474525617930905038e-06
3.051140257921770535e+04 9.586337681857654545e-06 9.477663514457515008e-06 9.576922136557850383e-06 9.546974444291006081e-06
3.051150257921770390e+04 9.660347882754606740e-06 9.551764800654427790e-06 9.650831065454805368e-06 9.620981249621281660e-06
3.051160257921770244e+04 9.736114766951155570e-06 9.627646025550930063e-06 9.726495055151357507e-06 9.696751949217813815e-06
3.051170257921770099e+04 9.813582646744994583e-06 9.705250102344724312e-06 9.803858477145205479e-06 9.774230408744975356e-06
3.051180257921769953e+04 9.892873120741349155e-06 9.784701373441026656e-06 9.883042779841560622e-06 9.853539091341312144e-06
3.051190257921769808e+04 9.974638557033423252e-06 9.866653603133042041e-06 9.964700616833640698e-06 9.935330925666701997e-06
3.051200257921769662e+04 1.005735855983147779e-05 9.949584073331048988e-06 1.004731104983170005e-05 1.001808456099807561e-05
3.051210257921769517e+04 1.014167006882823483e-05 1.003413321882775130e-05 1.013151151482846127e-05 1.010243826749481467e-05
3.051220257921769371e+04 1.022862788181968015e-05 1.012135683581912956e-05 1.021835644281991396e-05 1.018944705348624235e-05
3.051230257921769226e+04 1.031746301981578643e-05 1.021048519381517930e-05 1.030707691681602527e-05 1.027834171014899757e-05
3.051240257921769080e+04 1.040856322980777645e-05 1.030190685880709840e-05 1.039806058480802176e-05 1.036951022447429718e-05
3.051250257921768934e+04 1.050092256380511955e-05 1.039461802980437683e-05 1.049030165580536902e-05 1.046194741647162180e-05
3.051260257921768789e+04 1.059572912879995553e-05 1.048980611579915036e-05 1.058498806880020876e-05 1.055684110446643935e-05
3.051270257921768643e+04 1.069299202979123353e-05 1.058748404379034409e-05 1.068212893079149584e-05 1.065420166812435895e-05
3.051280257921768498e+04 1.079211662978723967e-05 1.068705527378627992e-05 1.078112950578750494e-05 1.075343380312034151e-05
3.051290257921768352e+04 1.089371641277822954e-05 1.078913342377718531e-05 1.088260333177850386e-05 1.085515105611130624e-05
3.051300257921768207e+04 1.099721341277408762e-05 1.089314481977296500e-05 1.098597248077436732e-05 1.095877690444047500e-05
3.051310257921768061e+04 1.110322954976858943e-05 1.099970910276739247e-05 1.109185877376887288e-05 1.106493247543495046e-05
3.051320257921767916e+04 1.121176408575914482e-05 1.110882914975784463e-05 1.120026136775943564e-05 1.117361820109214226e-05
3.051330257921767770e+04 1.132280633975357943e-05 1.122049215975220127e-05 1.131116980875387623e-05 1.128482276941988678e-05
3.051340257921767625e+04 1.143580226374513330e-05 1.133414778874364385e-05 1.142402960574543976e-05 1.139799321941140564e-05
3.051350257921767479e+04 1.155199565573791871e-05 1.145103904973634588e-05 1.154008466973823244e-05 1.151437312507083065e-05
3.051360257921767334e+04 1.167016248173346980e-05 1.156994237973180816e-05 1.165811139973378356e-05 1.163273875373301881e-05
3.051370257921767188e+04 1.179090330272327081e-05 1.169146117772148645e-05 1.177870989772359758e-05 1.175369145938944992e-05
3.051380257921767043e+04 1.191484857671592735e-05 1.181622420271405212e-05 1.190251040471625785e-05 1.187786106138207911e-05
3.051390257921766897e+04 1.204144258970525047e-05 1.194367829770324660e-05 1.202895765670559123e-05 1.200469284803803000e-05
3.051400257921766752e+04 1.217070213969904404e-05 1.207384061669694239e-05 1.215806814069939145e-05 1.213420363236512653e-05
3.051410257921766606e+04 1.230263407369282128e-05 1.220671677869062242e-05 1.228984853569317368e-05 1.226639979602554026e-05
3.051420257921766461e+04 1.243722225868174142e-05 1.234229494967939895e-05 1.242428300368210553e-05 1.240126673734775033e-05
3.051430257921766315e+04 1.257569753767254966e-05 1.248180411467010467e-05 1.256260260967291881e-05 1.254003475400519218e-05
3.051440257921766170e+04 1.271631605866236550e-05 1.262350065565977670e-05 1.270306325166274587e-05 1.268095998866163048e-05
3.051450257921766024e+04 1.286085481665295353e-05 1.276916173665025764e-05 1.284744137965333884e-05 1.282581931098551441e-05
3.051460257921765879e+04 1.300755634664775958e-05 1.291703180064495408e-05 1.299398055864814920e-05 1.297285623531362208e-05
3.051470257921765733e+04 1.315820395663280394e-05 1.306889419262984400e-05 1.314446332763320599e-05 1.312385382563195131e-05
3.051480257921765588e+04 1.331222574062458006e-05 1.322417644162150867e-05 1.329831787562498744e-05 1.327824001929035929e-05
3.051490257921765442e+04 1.346907638261197920e-05 1.338233330660874657e-05 1.345499893461239855e-05 1.343546954127770811e-05
3.051500257921765296e+04 1.362994581260203660e-05 1.354455643559868747e-05 1.361569662660246168e-05 1.359673295826772859e-05
3.051510257921765151e+04 1.379364231559504301e-05 1.370965041859158531e-05 1.377921933559547398e-05 1.376083735659403354e-05
3.051520257921765005e+04 1.396137859657894673e-05 1.387882958857532529e-05 1.394677906957939025e-05 1.392899575157788686e-05
3.051530257921764860e+04 1.413258129157024546e-05 1.405151762056651768e-05 1.411780359157069243e-05 1.410063416790248576e-05
3.051540257921764714e+04 1.430786820455361662e-05 1.422833524954971937e-05 1.429290997355407692e-05 1.427637114255246871e-05
3.051550257921764569e+04 1.448606847054619678e-05 1.440810962454218953e-05 1.447092697954666442e-05 1.445503502487835081e-05
3.051560257921764423e+04 1.466896753753423125e-05 1.459262396153011879e-05 1.465363840853470921e-05 1.463840996919968585e-05
3.051570257921764278e+04 1.485539276351846993e-05 1.478070235951419938e-05 1.483987719651895069e-05 1.482532410651720610e-05
3.051580257921764132e+04 1.504537012750929522e-05 1.497237287950492183e-05 1.502966609650978181e-05 1.501580303450799962e-05
3.051590257921763987e+04 1.524008353548997731e-05 1.516881613648544773e-05 1.522418878949047671e-05 1.521102948715530228e-05
3.051600257921763841e+04 1.543839060448056719e-05 1.536888581647594584e-05 1.542230314648107141e-05 1.540985985581252928e-05
3.051610257921763696e+04 1.564145240346810970e-05 1.557374034146341530e-05 1.562517040446862238e-05 1.561345438313338133e-05
3.051620257921763550e+04 1.584808382845124508e-05 1.578219228944640896e-05 1.583160613445176140e-05 1.582062741744980289e-05
3.051630257921763405e+04 1.605951661743849177e-05 1.599546987743359139e-05 1.604284159543901565e-05 1.603260936343703407e-05
3.051640257921763259e+04 1.627515603741947880e-05 1.621297493441445275e-05 1.625828224542001115e-05 1.624880440575131310e-05
3.051650257921763114e+04 1.649500301540814798e-05 1.643470299040308477e-05 1.647792901640868793e-05 1.646921167407330690e-05
3.051660257921762968e+04 1.671964021439525136e-05 1.666123395439015773e-05 1.670236546739579451e-05 1.669441321206040007e-05
3.051670257921762823e+04 1.694905390737404789e-05 1.689254552336886899e-05 1.693157678637460041e-05 1.692439207237250915e-05
3.051680257921762677e+04 1.718268797136253214e-05 1.712807524535735838e-05 1.716500773936308766e-05 1.715859031869432832e-05
3.051690257921762532e+04 1.742112881834074451e-05 1.736840422433552297e-05 1.740324502134130624e-05 1.739759268800585790e-05
3.051700257921762386e+04 1.766435469932751197e-05 1.761350493532232972e-05 1.764626668132807924e-05 1.764137543865931037e-05
3.051710257921762241e+04 1.791178688031588233e-05 1.786279106331075921e-05 1.789349439131644935e-05 1.788935744498103142e-05
3.051720257921762095e+04 1.816457855329187075e-05 1.811740238228677139e-05 1.814608185229243942e-05 1.814268759595702945e-05
3.051730257921761950e+04 1.842208233527867147e-05 1.837668627027368325e-05 1.840338089427924156e-05 1.840071649994386881e-05
3.051740257921761804e+04 1.868488453725426632e-05 1.864121910924935644e-05 1.866597882625484314e-05 1.866402749091948976e-05
3.051750257921761659e+04 1.895183348824249696e-05 1.890983336723777507e-05 1.893272535224307354e-05 1.893146406924111293e-05
3.051760257921761513e+04 1.922404969522755502e-05 1.918364100422303786e-05 1.920473897022812951e-05 1.920414322322623854e-05
3.051770257921761367e+04 1.950151060220257693e-05 1.946260704119825085e-05 1.948199868520315427e-05 1.948203877620132622e-05
3.051780257921761222e+04 1.978356453818937592e-05 1.974606312018534836e-05 1.976385357318994696e-05 1.976449374385488928e-05
3.051790257921761076e+04 2.007076158416414710e-05 2.003454610516040268e-05 2.005085183616472244e-05 2.005205317516308848e-05
3.051800257921760931e+04 2.036250531815091532e-05 2.032744692714754642e-05 2.034240016015148421e-05 2.034411746848331870e-05
3.051810257921760785e+04 2.065988175413452054e-05 2.062582930013159073e-05 2.063958188813508828e-05 2.064176431413372980e-05
3.051820257921760640e+04 2.096166291511072227e-05 2.092844602610825940e-05 2.094117238511128363e-05 2.094376044211009182e-05
3.051830257921760494e+04 2.126838300409616801e-05 2.123581780309424886e-05 2.124770410709672571e-05 2.125063497142904527e-05
3.051840257921760349e+04 2.158051094206887689e-05 2.154839045006755267e-05 2.155964697406942933e-05 2.156284945540195522e-05
3.051850257921760203e+04 2.189683938905634779e-05 2.186493335805570572e-05 2.187579237405689469e-05 2.187918837372298386e-05
3.051860257921760058e+04 2.221788083104228806e-05 2.218593751804239780e-05 2.219665619704281820e-05 2.220015818204249797e-05
3.051870257921759912e+04 2.254411357901493329e-05 2.251185975101586894e-05 2.252271334001546349e-05 2.252622889001541852e-05
3.051880257921759767e+04 2.287421559300324966e-05 2.284134587200510900e-05 2.285264278200377177e-05 2.285606808233737455e-05
3.051890257921759621e+04 2.320910367297661378e-05 2.317529435397948519e-05 2.318736362097712606e-05 2.319058721597774394e-05
3.051900257921759476e+04 2.354845562996297378e-05 2.351334952296693523e-05 2.352655224696347200e-05 2.352945246663112926e-05
3.051910257921759330e+04 2.389218866294958268e-05 2.385540153995472311e-05 2.387012746995006854e-05 2.387257255761812252e-05
3.051920257921759185e+04 2.423965599192553035e-05 2.420077848393199671e-05 2.421743910792601378e-05 2.421929119459451587e-05
3.051930257921759039e+04 2.459144417891217285e-05 2.455002568392002823e-05 2.456907640091263639e-05 2.457018208791494695e-05
3.051940257921758894e+04 2.494657094988893113e-05 2.490213284389837734e-05 2.492405454988939320e-05 2.492425278122556835e-05
3.051950257921758748e+04 2.530570266087639591e-05 2.525773779788743326e-05 2.528304241387684895e-05 2.528216095754689158e-05
3.051960257921758603e+04 2.566752551286797637e-05 2.561548488788073017e-05 2.564472452386841841e-05 2.564257830820570831e-05
3.051970257921758457e+04 2.603260834284449734e-05 2.597591177685923205e-05 2.600966975384493151e-05 2.600606329118289035e-05
3.051980257921758312e+04 2.640079741683466592e-05 2.633882713385135810e-05 2.637772511783508834e-05 2.637244988950703745e-05
3.051990257921758166e+04 2.677183014881216795e-05 2.670393302883114197e-05 2.674862455481259675e-05 2.674146257748530222e-05
3.052000257921758021e+04 2.714464066580647757e-05 2.707012039482767940e-05 2.712130050080690600e-05 2.711202052048035206e-05
3.052010257921757875e+04 2.752007416479807956e-05 2.743819876282162503e-05 2.749659961979851138e-05 2.748495751580607086e-05
3.052020257921757729e+04 2.789712039677919999e-05 2.780711906180550940e-05 2.787351279577963026e-05 2.785925075145477875e-05
3.052030257921757584e+04 2.827527162477561930e-05 2.817633237980456329e-05 2.825153069677605584e-05 2.823437823378541168e-05
3.052040257921757438e+04 2.865461879075794946e-05 2.854588724579000978e-05 2.863073525075841459e-05 2.861041376243545907e-05
3.052050257921757293e+04 2.903453032275610067e-05 2.891510509679111289e-05 2.901049553575659514e-05 2.898671031843459838e-05
3.052060257921757147e+04 2.941494502675445549e-05 2.928389783679250636e-05 2.939075899175494849e-05 2.936320061843397124e-05
3.052070257921757002e+04 2.979549014874018043e-05 2.965183647378191736e-05 2.977114111274072134e-05 2.973948924508760299e-05
3.052080257921756856e+04 3.017524924674278402e-05 3.001796752278790086e-05 3.015072318074336864e-05 3.011464665009135682e-05
3.052090257921756711e+04 3.055440876173097839e-05 3.038243707578014506e-05 3.052969647273159762e-05 3.048884743674757595e-05
3.052100257921756565e+04 3.093192379873647437e-05 3.074415632778934577e-05 3.090700724773716050e-05 3.086102912475433365e-05
3.052110257921756420e+04 3.130807940774102898e-05 3.110336494579774708e-05 3.128294311074176099e-05 3.123146248809351687e-05
3.052120257921756274e+04 3.168164741173609553e-05 3.145879118279747540e-05 3.165626655173692369e-05 3.159890171542349821e-05
3.052130257921756129e+04 3.205280494274425853e-05 3.181057191880981176e-05 3.202715354974517440e-05 3.196351013709975049e-05
3.052140257921755983e+04 3.242089909474122857e-05 3.215801340281185944e-05 3.239495538374223327e-05 3.232462262709843591e-05
3.052150257921755838e+04 3.278501633275482906e-05 3.250015978682996412e-05 3.275874973975592902e-05 3.268130861978023848e-05
3.052160257921755692e+04 3.314515578776843646e-05 3.283696437884823084e-05 3.311853010676966193e-05 3.303355009112876964e-05
3.052170257921755547e+04 3.350068452977126692e-05 3.316775496585676059e-05 3.347366527177262377e-05 3.338070158913354591e-05
3.052180257921755401e+04 3.385113267278882327e-05 3.349202599987929609e-05 3.382367947979032243e-05 3.372227938415281619e-05
3.052190257921755256e+04 3.419588136179597834e-05 3.380911113889259820e-05 3.416794933479765588e-05 3.405764727849541307e-05
3.052200257921755110e+04 3.453453780181725856e-05 3.411858116791918294e-05 3.450608030781909493e-05 3.438639975918517881e-05
3.052210257921754965e+04 3.486715955283833170e-05 3.442046157694569761e-05 3.483813368084031725e-05 3.470858493687478219e-05
3.052220257921754819e+04 3.519169100285477809e-05 3.471265581096889401e-05 3.516203894385699588e-05 3.502212858589355825e-05
3.052230257921754674e+04 3.550961432887810037e-05 3.499660503799798949e-05 3.547927747388051196e-05 3.532849894691886727e-05
3.052240257921754528e+04 3.581901304889692776e-05 3.527036183502399225e-05 3.578793977889955163e-05 3.562577155427349281e-05
3.052250257921754383e+04 3.611970830992795373e-05 3.553371715206108414e-05 3.608782871593082777e-05 3.591375139263994844e-05
3.052260257921754237e+04 3.641151550895963771e-05 3.578646109809891103e-05 3.637877024796273162e-05 3.619224895167375786e-05
3.052270257921754092e+04 3.669427765998160010e-05 3.602840643912861077e-05 3.666060396798495006e-05 3.646109602236504913e-05
3.052280257921753946e+04 3.696727755501676458e-05 3.625880878217018746e-05 3.693259894102038100e-05 3.671956175940244886e-05
3.052290257921753800e+04 3.722972904004520341e-05 3.647685907220673732e-05 3.719398373504908975e-05 3.696685728243367909e-05
3.052300257921753655e+04 3.748155382508387245e-05 3.668249249725190938e-05 3.744466626408802493e-05 3.720290419547459774e-05
3.052310257921753509e+04 3.772176687712611246e-05 3.687468252930081779e-05 3.768366619913052738e-05 3.742670520185249040e-05
3.052320257921753364e+04 3.795082952215834119e-05 3.705385447834165887e-05 3.791144104516306804e-05 3.763870834855435378e-05
3.052330257921753218e+04 3.816794365920224115e-05 3.721925783439224795e-05 3.812719939420722314e-05 3.783813362926723742e-05
3.052340257921753073e+04 3.837324490323817846e-05 3.737102082143684473e-05 3.833106732524350040e-05 3.802511101663951464e-05
3.052350257921752927e+04 3.856549741628660064e-05 3.750789691449209066e-05 3.852181296129219006e-05 3.819840243069028927e-05
3.052360257921752782e+04 3.874537603333251957e-05 3.763057450454477772e-05 3.870011910133835535e-05 3.835868987973854862e-05
3.052370257921752636e+04 3.891175209737657227e-05 3.773796032059761418e-05 3.886485511538271772e-05 3.850485584445230365e-05
3.052380257921752491e+04 3.906502293242567907e-05 3.783051085665320570e-05 3.901641159243210053e-05 3.863731512717032617e-05
3.052390257921752345e+04 3.920444191347250985e-05 3.790743397470896023e-05 3.915405862747921230e-05 3.875531150522022294e-05
3.052400257921752200e+04 3.933035634452360232e-05 3.796922916176619805e-05 3.927813465553056036e-05 3.885924005394012024e-05
3.052410257921752054e+04 3.944239268957611409e-05 3.801546756582505461e-05 3.938827880458326442e-05 3.894871301999480652e-05
3.052420257921751909e+04 3.954021966062631503e-05 3.804598453488342789e-05 3.948415544663376535e-05 3.902345321404783609e-05
3.052430257921751763e+04 3.962327406768274309e-05 3.806026172094546464e-05 3.956521162669037237e-05 3.908291580510619111e-05
3.052440257921751618e+04 3.969221853973413242e-05 3.805897901600494357e-05 3.963211021774202001e-05 3.912776925782703426e-05
3.052450257921751472e+04 3.974716821478809772e-05 3.804241904306385858e-05 3.968497472879614591e-05 3.915818732888269848e-05
3.052460257921751327e+04 3.978694382584661474e-05 3.800951028912690714e-05 3.972263019585479363e-05 3.917302810360943850e-05
3.052470257921751181e+04 3.981215217190187409e-05 3.796094114518906693e-05 3.974568964991023821e-05 3.917292765566706200e-05
3.052480257921751036e+04 3.982353495695568793e-05 3.789759576724658475e-05 3.975490296596413182e-05 3.915867789672214161e-05
3.052490257921750890e+04 3.981959364501548251e-05 3.781816079131209823e-05 3.974877547202407822e-05 3.912884330278388858e-05
3.052500257921750745e+04 3.980133820807172431e-05 3.772366508437127502e-05 3.972832230308035942e-05 3.908444186517445518e-05
3.052510257921750599e+04 3.976866100512838900e-05 3.761433815642955067e-05 3.969344513213703634e-05 3.902548143123165189e-05
3.052520257921750454e+04 3.972132667118770101e-05 3.748991610349337769e-05 3.964391493919640672e-05 3.895171923795916181e-05
3.052530257921750308e+04 3.965980030524397841e-05 3.735119916555006847e-05 3.958020036625265294e-05 3.886373327901556209e-05
3.052540257921750162e+04 3.958404524330315550e-05 3.719821697561219914e-05 3.950227820731183159e-05 3.876151347540905982e-05
3.052550257921750017e+04 3.949438484635880601e-05 3.703157792366685392e-05 3.941047312936738032e-05 3.864547863313100664e-05
3.052560257921749871e+04 3.939092163141403593e-05 3.685152104472054973e-05 3.930489864142248734e-05 3.851578043918568874e-05
3.052570257921749726e+04 3.927388918247259452e-05 3.665850624777942880e-05 3.918580799848090605e-05 3.837273447624431431e-05
3.052580257921749580e+04 3.914276222852951297e-05 3.645211126183345546e-05 3.905265527553768650e-05 3.821584292196688497e-05
3.052590257921749435e+04 3.899851900158772739e-05 3.623363675489018584e-05 3.890643885459576021e-05 3.804619820369122674e-05
3.052600257921749289e+04 3.884141315464013472e-05 3.600356989993741612e-05 3.874741748564794041e-05 3.786413351340849482e-05
3.052610257921749144e+04 3.867153326469217943e-05 3.576211867698380226e-05 3.857568656469972099e-05 3.766977950212522971e-05
3.052620257921748998e+04 3.848915171874974981e-05 3.550976712303739686e-05 3.839152100175708928e-05 3.746347994784808317e-05
3.052630257921748853e+04 3.829450192380018711e-05 3.524693759808046796e-05 3.819516325280721046e-05 3.724553425822929755e-05
3.052640257921748707e+04 3.808792976885671665e-05 3.497422230613103080e-05 3.798696278786347095e-05 3.701637162095040162e-05
3.052650257921748562e+04 3.786963357990533663e-05 3.469196128017062059e-05 3.776712464791173588e-05 3.677623983599589996e-05
3.052660257921748416e+04 3.764049845095029299e-05 3.440123659220571803e-05 3.753653516295632302e-05 3.652609006870411135e-05
3.052670257921748271e+04 3.740024201000515625e-05 3.410193866525216546e-05 3.729491797501085116e-05 3.626569955008939773e-05
3.052680257921748125e+04 3.714969864604819258e-05 3.379503270828399539e-05 3.704311979605344577e-05 3.599595038346188017e-05
3.052690257921747980e+04 3.688922161309922176e-05 3.348103095532510212e-05 3.678147945410413711e-05 3.571724400750948700e-05
3.052700257921747834e+04 3.661854264114228051e-05 3.315979714935562452e-05 3.650973612014677745e-05 3.542935863688156082e-05
3.052710257921747689e+04 3.633909933517926832e-05 3.283287230137964073e-05 3.622933007318333251e-05 3.513376723658074945e-05
3.052720257921747543e+04 3.605069391822758211e-05 3.250015554041618308e-05 3.594007015223121051e-05 3.483030653695832297e-05
3.052730257921747398e+04 3.575366733326427213e-05 3.216204182743915771e-05 3.564229157326747173e-05 3.451933357799030278e-05
3.052740257921747252e+04 3.544897945930796751e-05 3.181953979447029997e-05 3.533695875231073922e-05 3.420182600202965987e-05
3.052750257921747107e+04 3.513701891533918347e-05 3.147301087348758434e-05 3.502445658234151700e-05 3.387816212372276160e-05
3.052760257921746961e+04 3.481766560637092540e-05 3.112223984850579351e-05 3.470466409337280718e-05 3.354818984941650644e-05
3.052770257921746816e+04 3.449266446340699304e-05 3.076876006253028269e-05 3.437932063740847387e-05 3.321358172111524987e-05
3.052780257921746670e+04 3.416272523542836833e-05 3.041276269954118450e-05 3.404912708942947380e-05 3.287487167479967329e-05
3.052790257921746525e+04 3.382855329045885443e-05 3.005371012256747058e-05 3.371477242745965042e-05 3.253234528016199181e-05
3.052800257921746379e+04 3.349542580245429399e-05 2.969074485758455242e-05 3.338143214645522154e-05 3.218920093549801700e-05
3.052810257921746233e+04 3.314642749252357581e-05 2.931659094063339725e-05 3.303231237052411208e-05 3.183177693456036171e-05
3.052820257921746088e+04 3.278864577157493876e-05 2.894454692763772020e-05 3.267462493957452852e-05 3.146927254626239357e-05
3.052830257921745942e+04 3.242621484259540564e-05 2.857320891363461393e-05 3.231241170359444581e-05 3.110394515327482179e-05
3.052840257921745797e+04 3.206020319062448355e-05 2.820260744264485177e-05 3.194672159362305894e-05 3.073651074229746588e-05
3.052850257921745651e+04 3.169127802563741637e-05 2.783296761864058498e-05 3.157821199763556662e-05 3.036748588063785712e-05
3.052860257921745506e+04 3.131997174264798038e-05 2.746457356263505621e-05 3.120740870464575062e-05 2.999731800330959912e-05
3.052870257921745360e+04 3.094675828267002421e-05 2.709772502564154214e-05 3.083478033666741091e-05 2.962642121499299355e-05
3.052880257921745215e+04 3.057208128167657104e-05 2.673271914063329800e-05 3.046076575267360812e-05 2.925518872499449465e-05
3.052890257921745069e+04 3.019636534969488787e-05 2.636984191963697094e-05 3.008578501169157355e-05 2.888399742700780966e-05
3.052900257921744924e+04 2.982002044069772769e-05 2.600936425462614760e-05 2.971024361369410313e-05 2.851320943633932388e-05
3.052910257921744778e+04 2.944344321269877642e-05 2.565154019261417688e-05 2.933453380069486337e-05 2.814317240200260782e-05
3.052920257921744633e+04 2.906701705071178924e-05 2.529660638261405298e-05 2.895903457870757481e-05 2.777421933734446896e-05
3.052930257921744487e+04 2.869111156570941970e-05 2.494478211159991408e-05 2.858411121870495702e-05 2.740666829867142914e-05
3.052940257921744342e+04 2.831608192571908206e-05 2.459626964459752995e-05 2.821011460171434803e-05 2.704082205734364996e-05
3.052950257921744196e+04 2.794226819271350830e-05 2.425125469058149995e-05 2.783738057470855546e-05 2.667696781933452123e-05
3.052960257921744051e+04 2.756999474970644475e-05 2.390990693756468515e-05 2.746622939170130360e-05 2.631537702632414337e-05
3.052970257921743905e+04 2.719956983371145151e-05 2.357238059555945324e-05 2.709696525970608773e-05 2.595630522965899862e-05
3.052980257921743760e+04 2.683128518870156026e-05 2.323881495754114829e-05 2.672987601169603831e-05 2.559999205264624556e-05
3.052990257921743614e+04 2.646541584170371083e-05 2.290933495553426014e-05 2.636523288869800372e-05 2.524666122864532603e-05
3.053000257921743469e+04 2.610221997969126390e-05 2.258405172551471949e-05 2.600329042268542743e-05 2.489652070929713242e-05
3.053010257921743323e+04 2.574193892767768929e-05 2.226306316449471904e-05 2.564428643167174018e-05 2.454976284128138284e-05
3.053020257921743178e+04 2.538479723067606352e-05 2.194645450748584296e-05 2.528844209966997546e-05 2.420656461261063070e-05
3.053030257921743032e+04 2.503100280466035465e-05 2.163429889646494478e-05 2.493596213465418542e-05 2.386708794525982603e-05
3.053040257921742887e+04 2.468074717265648980e-05 2.132665795345494873e-05 2.458703501065020533e-05 2.353148004558721349e-05
3.053050257921742741e+04 2.433420577263892295e-05 2.102358236743335547e-05 2.424183327063258910e-05 2.319987380356828917e-05
3.053060257921742595e+04 2.399153831762060044e-05 2.072511246641157257e-05 2.390051389361422807e-05 2.287238822588213031e-05
3.053070257921742450e+04 2.365288921561391560e-05 2.043127879640033837e-05 2.356321871260746417e-05 2.254912890820723938e-05
3.053080257921742304e+04 2.331838803659414832e-05 2.014210269537814257e-05 2.323007487858768107e-05 2.223018853685332399e-05
3.053090257921742159e+04 2.298815001658584476e-05 1.985759685536623372e-05 2.290119536457932471e-05 2.191564741217713440e-05
3.053100257921742013e+04 2.266227659656488719e-05 1.957776588234378409e-05 2.257667949855836765e-05 2.160557399248901411e-05
3.053110257921741868e+04 2.234085598854350447e-05 1.930260684032134979e-05 2.225661353153699827e-05 2.130002545346728192e-05
3.053120257921741722e+04 2.202396376453328667e-05 1.903210977930880563e-05 2.194107121452675693e-05 2.099904825278961528e-05
3.053130257921741577e+04 2.171166345251106833e-05 1.876625825728632413e-05 2.163011439850456624e-05 2.070267870276732295e-05
3.053140257921741431e+04 2.140400715249979102e-05 1.850502983727345992e-05 2.132379363849328137e-05 2.041094354275551303e-05
3.053150257921741286e+04 2.110103615247695062e-05 1.824839656925106247e-05 2.102214880747048571e-05 2.012386050973282955e-05
3.053160257921741140e+04 2.080278154445395892e-05 1.799632545422881851e-05 2.072520970744754591e-05 1.984143890204344111e-05
3.053170257921740995e+04 2.050926483444154007e-05 1.774877889021576606e-05 2.043299667543513922e-05 1.956368013336415071e-05
3.053180257921740849e+04 2.022049855441821091e-05 1.750571509319375155e-05 2.014552118341187225e-05 1.929057827700794378e-05
3.053190257921740704e+04 1.993648685440518965e-05 1.726708850218064358e-05 1.986278643139887144e-05 1.902212059599490268e-05
3.053200257921740558e+04 1.965722608638168363e-05 1.703285016515893003e-05 1.958478792037544004e-05 1.875828805730535349e-05
3.053210257921740413e+04 1.938270536835823388e-05 1.680294809513747277e-05 1.931151401535206354e-05 1.849905582628259232e-05
3.053220257921740267e+04 1.911290713734468179e-05 1.657732762012450146e-05 1.904294649033854987e-05 1.824439374926924663e-05
3.053230257921740122e+04 1.884780768032126276e-05 1.635593169910344249e-05 1.877906105131521206e-05 1.799426681024663685e-05
3.053240257921739976e+04 1.858737764030746651e-05 1.613870123109058602e-05 1.851982784330145437e-05 1.774863557156650004e-05
3.053250257921739831e+04 1.833158250928419727e-05 1.592557533006997987e-05 1.826521193027827735e-05 1.750745658987748257e-05
3.053260257921739685e+04 1.808038309426112376e-05 1.571649159804968570e-05 1.801517376425529321e-05 1.727068281885536756e-05
3.053270257921739540e+04 1.783373595824724238e-05 1.551138636603717388e-05 1.776966961424146155e-05 1.703826397950862368e-05
3.053280257921739394e+04 1.759159385022445926e-05 1.531019492701738227e-05 1.752865199521877593e-05 1.681014692415354141e-05
3.053290257921739249e+04 1.735390609421058199e-05 1.511285174500510289e-05 1.729207005320495286e-05 1.658627596414021145e-05
3.053300257921739103e+04 1.712061897418817053e-05 1.491929065298583963e-05 1.705986994218263252e-05 1.636659318978554925e-05
