11847.0695787028    4.9754459974e-06    4.9759556871e-06    4.9880407509e-06    4.979814145133333e-06
11847.169578702798    4.898863346501393e-06    4.899377747901393e-06    4.911574809201391e-06    4.9032719678680595e-06
11847.269578702797    4.822923371302763e-06    4.823442525902762e-06    4.835752150902759e-06    4.827372682702762e-06
11847.369578702795    4.747657610802739e-06    4.748181511602738e-06    4.760603619902734e-06    4.752147580769403e-06
11847.469578702794    4.6725310952041e-06    4.6730597105041e-06    4.685593750704093e-06    4.677061518804097e-06
11847.569578702793    4.598551560905383e-06    4.599084888405382e-06    4.611730394205374e-06    4.603122281172047e-06
11847.669578702791    4.525949857406604e-06    4.526487873106603e-06    4.539244705606593e-06    4.5305608120399325e-06
11847.76957870279    4.454563114707791e-06    4.455105774307791e-06    4.4679724345077785e-06    4.459213774507787e-06
11847.869578702788    4.385126269807578e-06    4.385673531607578e-06    4.398649354807566e-06    4.389816385407575e-06
11847.969578702787    4.317817645308571e-06    4.3183694289085696e-06    4.3314527514085555e-06    4.322546608541898e-06
11848.069578702785    4.252004759709577e-06    4.252561023409576e-06    4.265750800409561e-06    4.256772194509571e-06
11848.169578702784    4.188650081410372e-06    4.189210765710371e-06    4.202505002210354e-06    4.193455283110365e-06
11848.269578702782    4.12751142531112e-06    4.1280764324111205e-06    4.141473152611101e-06    4.132353670111113e-06
11848.369578702781    4.068763144010686e-06    4.069332387210685e-06    4.082829883510668e-06    4.07364180491068e-06
11848.46957870278    4.012081600511341e-06    4.012654988711341e-06    4.026251010911321e-06    4.016995866711335e-06
11848.569578702778    3.957951188611815e-06    3.958528634511814e-06    3.972221047511793e-06    3.962900290211807e-06
11848.669578702777    3.906271112812221e-06    3.90685252021222e-06    3.9206389747121975e-06    3.91125420257888e-06
11848.769578702775    3.856868535712581e-06    3.85745382001258e-06    3.871331597612556e-06    3.861884651112572e-06
11848.869578702774    3.8098232321119806e-06    3.8104122627119797e-06    3.824378737011956e-06    3.814871410611972e-06
11848.969578702772    3.765157074312187e-06    3.7657497465121865e-06    3.7798025926121624e-06    3.7702364711455124e-06
11849.06957870277    3.7228335678123174e-06    3.7234297277123167e-06    3.7375657611122926e-06    3.727943018878976e-06
11849.16957870277    3.6829034348123477e-06    3.6835029922123463e-06    3.697719470212322e-06    3.688041965745672e-06
11849.269578702768    3.645288848812316e-06    3.645891685412315e-06    3.660185817012289e-06    3.650455450412307e-06
11849.369578702766    3.6096476379116696e-06    3.610253596711669e-06    3.624622188611644e-06    3.6148411410783274e-06
11849.469578702765    3.5759832999116347e-06    3.5765923041116337e-06    3.591032293611609e-06    3.581202632544959e-06
11849.569578702763    3.5445304060114427e-06    3.545142293211441e-06    3.5596503158114168e-06    3.549774338344767e-06
11849.669578702762    3.5152738401111756e-06    3.5158884168111746e-06    3.53046118401115e-06    3.520541146977833e-06
11849.76957870276    3.4875463750110955e-06    3.4881635366110947e-06    3.5027979522110704e-06    3.492835954611087e-06
11849.86957870276    3.461876142410273e-06    3.4624957598102716e-06    3.477188538810248e-06    3.4671868136769305e-06
11849.969578702758    3.43792597181002e-06    3.438547907710019e-06    3.453295265209996e-06    3.4432563815766784e-06
11850.069578702756    3.4156257286097355e-06    3.4162498438097343e-06    3.4310482617097123e-06    3.420974611376394e-06
11850.169578702755    3.395139707009316e-06    3.3957657550093154e-06    3.4106112796092936e-06    3.4005055805426413e-06
11850.269578702753    3.37636387080888e-06    3.3769917671088792e-06    3.3918805351088584e-06    3.3817453910088724e-06
11850.369578702752    3.359012447608206e-06    3.3596419859082054e-06    3.3745703486081865e-06    3.3644082607081994e-06
11850.46957870275    3.3430212835078537e-06    3.3436523519078528e-06    3.3586161000078353e-06    3.348429911807847e-06
11850.569578702749    3.3284592029074167e-06    3.3290915586074163e-06    3.3440867083074e-06    3.3338791566074113e-06
11850.669578702747    3.315441650706867e-06    3.316075159306866e-06    3.3310974906068523e-06    3.3208714335401955e-06
11850.769578702746    3.3035879392064685e-06    3.304222361206468e-06    3.319266912106456e-06    3.309025737506464e-06
11850.869578702745    3.2931227799057107e-06    3.29375795990571e-06    3.3088202581057004e-06    3.2985669993057068e-06
11850.969578702743    3.284030680805127e-06    3.2846664272051268e-06    3.299742068305119e-06    3.2894797254384573e-06
11851.069578702742    3.276038586704652e-06    3.276674693904652e-06    3.291758484204647e-06    3.281490588271317e-06
11851.16957870274    3.2691725239041216e-06    3.2698087517041212e-06    3.2848953345041196e-06    3.274625536704121e-06
11851.269578702739    3.263476340503523e-06    3.264112469303523e-06    3.2791967933035245e-06    3.2689285343701895e-06
11851.369578702737    3.2588655154028516e-06    3.259501276602852e-06    3.2745777442028565e-06    3.2643148454028533e-06
11851.469578702736    3.255366221202228e-06    3.256001435002228e-06    3.271064154502237e-06    3.260810603568898e-06
11851.569578702734    3.2529392391015893e-06    3.25357364940159e-06    3.2686170175016025e-06    3.258376635334927e-06
11851.669578702733    3.2515419052009408e-06    3.252175191500941e-06    3.2671931688009586e-06    3.2569700885009465e-06
11851.769578702731    3.251061449000332e-06    3.2516934041003327e-06    3.2666788642003555e-06    3.2564779057670064e-06
11851.86957870273    3.2514527531997293e-06    3.2520830856997306e-06    3.267029510499758e-06    3.256855116466406e-06
11851.969578702729    3.2529085316989673e-06    3.2535369218989686e-06    3.2684374531990012e-06    3.2582943022656453e-06
11852.069578702727    3.2553239671982423e-06    3.255950068298244e-06    3.270797465198283e-06    3.2606905002315896e-06
11852.169578702726    3.2584243992976877e-06    3.2590479248976896e-06    3.2738341554977354e-06    3.2637688265643706e-06
11852.269578702724    3.2624701720969094e-06    3.2630908432969114e-06    3.2778082576969637e-06    3.2677897576969284e-06
11852.369578702723    3.267579261896097e-06    3.268196667596099e-06    3.2828373715961577e-06    3.2728711003627844e-06
11852.469578702721    3.2735543732953264e-06    3.2741680600953294e-06    3.288722827495397e-06    3.278815086962017e-06
11852.56957870272    3.280048864194802e-06    3.280658599694805e-06    3.295118600294881e-06    3.2852753547281628e-06
11852.669578702718    3.28764797969378e-06    3.2882533941937834e-06    3.3026092493938686e-06    3.292836874427144e-06
11852.769578702717    3.2959437046930587e-06    3.2965442629930627e-06    3.310786265893158e-06    3.3010914111930933e-06
11852.869578702715    3.3050777327923574e-06    3.3056730076923613e-06    3.319790361792466e-06    3.3101803674257278e-06
11852.969578702714    3.3149505474915594e-06    3.3155401323915644e-06    3.32952220019168e-06    3.3200042933582685e-06
11853.069578702713    3.325644238090663e-06    3.3262276655906686e-06    3.3400631599907968e-06    3.330645021224043e-06
11853.169578702711    3.3370872808898007e-06    3.3376640282898066e-06    3.351340999989948e-06    3.342030769723185e-06
11853.26957870271    3.349180529789001e-06    3.3497500266890082e-06    3.363256152189163e-06    3.354062236222391e-06
11853.369578702708    3.3622103096881497e-06    3.362772037688156e-06    3.376094366688324e-06    3.367025571354876e-06
11853.469578702707    3.376033465187176e-06    3.376586905887184e-06    3.389711967587367e-06    3.3807774462205754e-06
11853.569578702705    3.390607314386215e-06    3.3911518051862234e-06    3.4040658060864228e-06    3.3952749752196203e-06
11853.669578702704    3.4056143389855323e-06    3.4061492562855414e-06    3.4188367690857596e-06    3.410200121452278e-06
11853.769578702702    3.4216878586842116e-06    3.422212589984222e-06    3.4346580727844595e-06    3.426186173817631e-06
11853.8695787027    3.43853720028345e-06    3.4390510462834603e-06    3.4512388755837135e-06    3.442942374050208e-06
11853.9695787027    3.4558168514827125e-06    3.4563190780827244e-06    3.4682315643829997e-06    3.4601224979828122e-06
11854.069578702698    3.474152451081323e-06    3.474642326181335e-06    3.486261702881634e-06    3.478352160048097e-06
11854.169578702697    3.493086521380369e-06    3.4935632055803825e-06    3.504870260880706e-06    3.4971733292804855e-06
11854.269578702695    3.51262162837939e-06    3.513084311679405e-06    3.524059424379755e-06    3.51658845481285e-06
11854.369578702694    3.533089613678406e-06    3.5335374267784217e-06    3.544160173478793e-06    3.5369290713118734e-06
11854.469578702692    3.5543600000771723e-06    3.5547920763771896e-06    3.565040842077591e-06    3.5580643061773176e-06
11854.56957870269    3.5763750517759732e-06    3.5767903944759913e-06    3.5866422561764243e-06    3.5799359008094624e-06
11854.66957870269    3.599027726174865e-06    3.5994253419748847e-06    3.6088558831753524e-06    3.602436317108367e-06
11854.769578702688    3.6225124029735144e-06    3.622891183473536e-06    3.631875888574039e-06    3.6257598250070295e-06
11854.869578702686    3.646945385072445e-06    3.6473042318724677e-06    3.6558159897730007e-06    3.650021868905971e-06
11854.969578702685    3.6721612624711033e-06    3.672498985771128e-06    3.6805106802717006e-06    3.6750569761713103e-06
11855.069578702683    3.6977821508701733e-06    3.6980974953701993e-06    3.7055800054708156e-06    3.7004865505703967e-06
11855.169578702682    3.7244125233685136e-06    3.7247042444685416e-06    3.7316269145692036e-06    3.726914560802086e-06
11855.26957870268    3.751881956067022e-06    3.752148681867052e-06    3.7584794523677627e-06    3.754170030100612e-06
11855.369578702679    3.7802456605659483e-06    3.7804860092659802e-06    3.7861903463667324e-06    3.7823073387328867e-06
11855.469578702678    3.8093872184644844e-06    3.8095996599645186e-06    3.814641665265326e-06    3.811209514564776e-06
11855.569578702676    3.839222045063097e-06    3.839404958363134e-06    3.8437478461639986e-06    3.840791616530076e-06
11855.669578702675    3.869864104161541e-06    3.8700158077615805e-06    3.873620451462507e-06    3.87116678779521e-06
11855.769578702673    3.901511742259703e-06    3.9016305742597446e-06    3.904454329060739e-06    3.902532215193395e-06
11855.869578702672    3.934182184858401e-06    3.9342662282584455e-06    3.936266242459494e-06    3.934904885192114e-06
11855.96957870267    3.9676695467567515e-06    3.967716886056798e-06    3.968846181857924e-06    3.968077538223825e-06
11856.069578702669    4.002086970654924e-06    4.002095597654975e-06    4.00230529285618e-06    4.002162620388693e-06
11856.169578702667    4.037369034253151e-06    4.037336693553205e-06    4.036576834554492e-06    4.037094187453616e-06
11856.269578702666    4.073439741751447e-06    4.073364210851505e-06    4.071580513152883e-06    4.072794821918611e-06
11856.369578702665    4.110294585850392e-06    4.110173483950453e-06    4.107308407051908e-06    4.109258825617585e-06
11856.469578702663    4.14886591184738e-06    4.148696630247445e-06    4.144689924849003e-06    4.147417488981276e-06
11856.569578702662    4.187822672246144e-06    4.187602458146215e-06    4.182390450547881e-06    4.185938526980081e-06
11856.66957870266    4.228388583643182e-06    4.2281148279432575e-06    4.221631524145037e-06    4.226044978577158e-06
11856.769578702659    4.269508046841659e-06    4.26917769334174e-06    4.261352278643644e-06    4.266679339609014e-06
11856.869578702657    4.311734389240089e-06    4.311344204740174e-06    4.302100762142185e-06    4.3083931187074825e-06
11856.969578702656    4.355570006637008e-06    4.3551166146371e-06    4.34437642373925e-06    4.351687681671119e-06
11857.069578702654    4.39979069613565e-06    4.399270626635748e-06    4.386949958438047e-06    4.395337093736482e-06
11857.169578702653    4.445651962332429e-06    4.445061591132532e-06    4.43107263803499e-06    4.440595397166651e-06
11857.269578702651    4.492131193430673e-06    4.491466703230784e-06    4.475716158533411e-06    4.486438018398289e-06
11857.36957870265    4.540332976928104e-06    4.539589942328221e-06    4.521977392930998e-06    4.533966770729108e-06
11857.469578702649    4.5897015092254655e-06    4.58887537852559e-06    4.569297367828558e-06    4.582624751859871e-06
11857.569578702647    4.640112254022975e-06    4.639198435523109e-06    4.617542138126285e-06    4.63228427589079e-06
11857.669578702646    4.692311845319292e-06    4.691305434419435e-06    4.66745311332283e-06    4.683690131020519e-06
11857.769578702644    4.745394261216961e-06    4.744290059717114e-06    4.718117836620744e-06    4.735934052518273e-06
11857.869578702643    4.800123187214386e-06    4.798915475714548e-06    4.7702891517183864e-06    4.789775938215773e-06
11857.969578702641    4.856518719510753e-06    4.855201513810926e-06    4.823980283315032e-06    4.84523350554557e-06
11858.06957870264    4.913864545108206e-06    4.912431636708391e-06    4.878466391512783e-06    4.901587524443127e-06
11858.169578702638    4.973087578304123e-06    4.971532050004322e-06    4.934663567909023e-06    4.959761065405823e-06
11858.269578702637    5.033428585601216e-06    5.031743415601428e-06    4.99180140690646e-06    5.018991136036368e-06
11858.369578702635    5.095726319298013e-06    5.093904064598237e-06    5.0507077134035656e-06    5.080112699099938e-06
11858.469578702634    5.160051252893525e-06    5.1580835252937655e-06    5.111442519599467e-06    5.143192432595586e-06
11858.569578702632    5.225231708490922e-06    5.22311002829118e-06    5.172818600297289e-06    5.2070534456931305e-06
11858.669578702631    5.292936472085466e-06    5.290651701685742e-06    5.236493688592283e-06    5.2733606207878305e-06
11858.76957870263    5.362180695181602e-06    5.359723080481898e-06    5.301466155288906e-06    5.3411233103174684e-06
11858.869578702628    5.4330093109788935e-06    5.430368300979207e-06    5.367762965186643e-06    5.410380192381582e-06
11858.969578702627    5.506469433873057e-06    5.503633730073394e-06    5.436415799981365e-06    5.482172987975939e-06
11859.069578702625    5.581536740868915e-06    5.578494558869276e-06    5.5063813987778236e-06    5.555470899505338e-06
11859.169578702624    5.658843365863599e-06    5.655582008163985e-06    5.578271907673155e-06    5.630899093900247e-06
11859.269578702622    5.737880921459107e-06    5.734386611159522e-06    5.651554876069365e-06    5.707940802895998e-06
11859.36957870262    5.819771541154021e-06    5.816029677254462e-06    5.727329553964924e-06    5.787710257457803e-06
11859.46957870262    5.90352850254917e-06    5.899523587449644e-06    5.8045828181608825e-06    5.8692116360532326e-06
11859.569578702618    5.990254258742247e-06    5.985969085842757e-06    5.884387749454836e-06    5.9535370313466135e-06
11859.669578702616    6.078956550537037e-06    6.074373231637586e-06    5.965723321850572e-06    6.039684368008399e-06
11859.769578702615    6.170793742429608e-06    6.165892896230197e-06    6.04971711954416e-06    6.128801252734655e-06
11859.869578702614    6.265288162124677e-06    6.260049020925305e-06    6.135852944540186e-06    6.220396709196723e-06
11859.969578702612    6.3625475403177785e-06    6.356948031318453e-06    6.224198407934479e-06    6.3145646598569046e-06
11860.06957870261    6.462654970510622e-06    6.456670282711351e-06    6.314793257128617e-06    6.4113728367835295e-06
11860.16957870261    6.5662060768022236e-06    6.559810342803009e-06    6.408189874321619e-06    6.511402097975616e-06
11860.269578702608    6.672827920794419e-06    6.665993339995265e-06    6.503961866015339e-06    6.614261042268341e-06
11860.369578702606    6.783114079187354e-06    6.77580979938826e-06    6.602647353009722e-06    6.7205237438617795e-06
11860.469578702605    6.89672866197887e-06    6.888921963079848e-06    6.70384903650303e-06    6.829833220520583e-06
11860.569578702603    7.014366690268899e-06    7.006021866069956e-06    6.8081948248950124e-06    6.942861127077956e-06
11860.669578702602    7.135828623559178e-06    7.12690742866032e-06    6.915412627087419e-06    7.059382893102306e-06
11860.7695787026    7.261603641148338e-06    7.252064198349576e-06    7.025913077078901e-06    7.179860305525604e-06
11860.869578702599    7.391511455040069e-06    7.381308593241397e-06    7.1394241419728775e-06    7.304081396751448e-06
11860.969578702598    7.526322855627805e-06    7.515407014429245e-06    7.256618227863376e-06    7.432782699306809e-06
11861.069578702596    7.665459186916542e-06    7.653776864418104e-06    7.376816232555124e-06    7.5653507612965895e-06
11861.169578702595    7.810235664902418e-06    7.797728802104112e-06    7.501208856244317e-06    7.703057774416948e-06
11861.269578702593    7.960746060187894e-06    7.947350454789737e-06    7.629753809933444e-06    7.845950108303692e-06
11861.369578702592    8.11629791397744e-06    8.101942686079431e-06    7.761618320726559e-06    7.993286306927811e-06
11861.46957870259    8.27861928116045e-06    8.263229557662613e-06    7.898367043613943e-06    8.146738627479004e-06
11861.569578702589    8.446974486044765e-06    8.430466875847125e-06    8.039090705703069e-06    8.30551068919832e-06
11861.669578702587    8.622447959426555e-06    8.604729582729132e-06    8.18466736509018e-06    8.470614969081955e-06
11861.769578702586    8.805426304107254e-06    8.786397742310067e-06    8.335261608676764e-06    8.64236188503136e-06
11861.869578702584    8.99613090369067e-06    8.975681035393721e-06    8.490850781566042e-06    8.820887573550144e-06
11861.969578702583    9.195016790969493e-06    9.173023930672832e-06    8.651606398052029e-06    9.00654903989812e-06
11862.069578702582    9.402643334146794e-06    9.378973116850456e-06    8.817780872737278e-06    9.19979910791151e-06
11862.16957870258    9.62082343391979e-06    9.595326511823811e-06    8.990846365719087e-06    9.402332103820898e-06
11862.269578702579    9.849124076193362e-06    9.821637386997779e-06    9.169976863602478e-06    9.61357944226454e-06
11862.369578702577    1.0088482264468824e-05    1.0058824153473644e-05    9.35567296908791e-06    9.834326462343457e-06
11862.469578702576    1.0339946115437385e-05    1.0307914140442696e-05    9.548497227768584e-06    1.0065452494549555e-05
11862.569578702574    1.0604296268403747e-05    1.0569666673409604e-05    9.748665189448512e-06    1.0307542710420618e-05
11862.669578702573    1.0883004733366291e-05    1.0845530585372759e-05    9.957045737226198e-06    1.0561860351988416e-05
11862.769578702571    1.1177224989325669e-05    1.113662637833283e-05    1.0174078741502577e-05    1.0829310036387025e-05
11862.86957870257    1.1487778381288234e-05    1.1443747095296103e-05    1.0399816299482626e-05    1.1110447258688988e-05
11862.969578702568    1.1816912224239662e-05    1.176910254024839e-05    1.0635603744455304e-05    1.1407206169647787e-05
11863.069578702567    1.2165921750187399e-05    1.2113951432197086e-05    1.0881755669426882e-05    1.1720542950603788e-05
11863.169578702566    1.2536208496131123e-05    1.2479644238141904e-05    1.1138577970397366e-05    1.2051476901556798e-05
11863.269578702564    1.292998636406884e-05    1.286834638908084e-05    1.1407014446365232e-05    1.2401782399838304e-05
11863.369578702563    1.3349695377007519e-05    1.3282432952020815e-05    1.1688116033335283e-05    1.277341478745454e-05
11863.469578702561    1.3796686150934876e-05    1.3723241507949609e-05    1.198183224630011e-05    1.3167253301728198e-05
11863.56957870256    1.4274267502853296e-05    1.4193955201869785e-05    1.2289743679260684e-05    1.3585988794661256e-05
11863.669578702558    1.4783405309768265e-05    1.469548158578668e-05    1.2611201081222313e-05    1.4030029325592418e-05
11863.769578702557    1.532745449067391e-05    1.5231180673694263e-05    1.2947940078179216e-05    1.4502191747515795e-05
11863.869578702555    1.590794690158508e-05    1.580240898660766e-05    1.3299806488142346e-05    1.5003387458778364e-05
11863.969578702554    1.6526655847480678e-05    1.6410934362505685e-05    1.366741429209729e-05    1.553500150069455e-05
11864.069578702552    1.7184796318371873e-05    1.7057973321399338e-05    1.4051293066050352e-05    1.6098020901940522e-05
11864.169578702551    1.78811396422647e-05    1.774228779529468e-05    1.4450466076005254e-05    1.6691297837854877e-05
11864.26957870255    1.861513932215751e-05    1.846340880818984e-05    1.4865963315957016e-05    1.7314837148768124e-05
11864.369578702548    1.9381858574075377e-05    1.9216504499109576e-05    1.5296144632920157e-05    1.796483590203504e-05
11864.469578702547    2.017482042999508e-05    1.9995354069030762e-05    1.574020928287723e-05    1.8636794593967686e-05
11864.569578702545    2.0983752412939986e-05    2.0790024952976303e-05    1.619635984683837e-05    1.932337907091822e-05
11864.669578702544    2.179523971491872e-05    2.1587557413954507e-05    1.6662418764804663e-05    2.0015071964559295e-05
11864.769578702542    2.2591515332943247e-05    2.237073963797707e-05    1.7134602176780366e-05    2.069895238256689e-05
11864.86957870254    2.335303571303302e-05    2.312059267106316e-05    1.7609527034773286e-05    2.136105180628982e-05
11864.96957870254    2.4058215737165717e-05    2.3816302338190352e-05    1.8082446217769864e-05    2.198565476437531e-05
11865.069578702538    2.4688319051349544e-05    2.443993508036649e-05    1.8550320852774474e-05    2.255952499483017e-05
11865.169578702536    2.5227266230578508e-05    2.4975612615587132e-05    1.900931749178938e-05    2.307073211265167e-05
11865.269578702535    2.5667373552831195e-05    2.5416148282830058e-05    1.9458980195805818e-05    2.3514167343822358e-05
11865.369578702534    2.6009356664091786e-05    2.5762124948081184e-05    1.9900249277828108e-05    2.389057696333369e-05
11865.469578702532    2.626223643632382e-05    2.6022458671303893e-05    2.0336301906834032e-05    2.420699900482058e-05
11865.56957870253    2.644192825951625e-05    2.6212460156488498e-05    2.0771498839828404e-05    2.4475295751944387e-05
11865.66957870253    2.6569978520652946e-05    2.635314227761871e-05    2.1211877968806442e-05    2.47116662556927e-05
11865.769578702528    2.6669861182727474e-05    2.6467244511688673e-05    2.166400780876637e-05    2.4933704501060838e-05
11865.869578702526    2.6764297443742332e-05    2.6576992175700557e-05    2.2134452895716398e-05    2.515858083838643e-05
11865.969578702525    2.687318232570093e-05    2.6701431815658206e-05    2.2628532540642925e-05    2.5401048894000688e-05
11866.069578702523    2.7013001775613416e-05    2.6856662673570807e-05    2.3150685887556315e-05    2.5673450112246845e-05
11866.169578702522    2.7198079124484918e-05    2.7056660947443396e-05    2.3706684494452628e-05    2.598714152212698e-05
11866.26957870252    2.7439086305324882e-05    2.7312103542284442e-05    2.430092338033539e-05    2.63507044093149e-05
11866.369578702519    2.7743110480148357e-05    2.7629461312111004e-05    2.4936399549219874e-05    2.6769657113826413e-05
11866.469578702518    2.8111202863962186e-05    2.8010025845927023e-05    2.5612824919092865e-05    2.724468454299402e-05
11866.569578702516    2.855323078874569e-05    2.8463758841712474e-05    2.6339911756936802e-05    2.7785633795798324e-05
11866.669578702515    2.9071106103521043e-05    2.899203466049134e-05    2.7119159028774615e-05    2.8394099930929006e-05
11866.769578702513    2.9666589568288582e-05    2.9597290017260493e-05    2.7953505966602083e-05    2.907246185071705e-05
11866.869578702512    3.034137287406067e-05    3.0280905800035287e-05    2.8846409938433793e-05    2.9822896204176585e-05
11866.96957870251    3.109901152980876e-05    3.104648725678579e-05    2.9802865796233745e-05    3.064945486094277e-05
11867.069578702509    3.193538902756582e-05    3.1890238155544366e-05    3.08216993710348e-05    3.154910885138166e-05
11867.169578702507    3.286786451326918e-05    3.282941860824954e-05    3.191937146678539e-05    3.253888486276804e-05
11867.269578702506    3.3886294333998926e-05    3.3853995111980816e-05    3.3088750680554114e-05    3.3609680042177955e-05
11867.369578702504    3.499807042172386e-05    3.497136267370738e-05    3.4339250096315074e-05    3.476956106391544e-05
11867.469578702503    3.621905932937983e-05    3.6197367073364956e-05    3.5684880659010274e-05    3.6033769020585024e-05
11867.569578702502    3.755295824202079e-05    3.753579128500729e-05    3.712982280768953e-05    3.74061907782392e-05
11867.6695787025    3.90011824606534e-05    3.898816831164093e-05    3.867960944534858e-05    3.888965340588097e-05
11867.769578702499    4.060523031815654e-05    4.059542551114685e-05    4.0367806355902455e-05    4.0522820728401943e-05
11867.869578702497    4.245585849941199e-05    4.244834473840507e-05    4.227225189524949e-05    4.239215171102218e-05
11867.969578702496    4.405053538015583e-05    4.4045881523147144e-05    4.3939524494935304e-05    4.4011980466079415e-05
11868.069578702494    4.577927602871714e-05    4.577900450670375e-05    4.5774273462393185e-05    4.577751799927136e-05
11868.169578702493    4.7775096760864663e-05    4.777795236985505e-05    4.784715574462777e-05    4.78000682917825e-05
11868.269578702491    4.995056253427285e-05    4.995615115526439e-05    5.008797948507074e-05    4.999823105820266e-05
11868.36957870249    5.2303479182724117e-05    5.231132710071713e-05    5.249755383954892e-05    5.2370786707663385e-05
11868.469578702488    5.483284852713247e-05    5.4842791668125946e-05    5.5076376138978646e-05    5.491733877807902e-05
11868.569578702487    5.743262453386618e-05    5.744498755585861e-05    5.773733428167476e-05    5.7538315457133184e-05
11868.669578702486    6.078243411645865e-05    6.079573658545569e-05    6.110787511939341e-05    6.0895348607102575e-05
11868.769578702484    6.433207772576523e-05    6.434403438376949e-05    6.462605030086482e-05    6.443405413679985e-05
11868.869578702483    6.803195065828975e-05    6.804288996229297e-05    6.830169358436645e-05    6.812551140164971e-05
11868.969578702481    7.198992410740085e-05    7.19994352544054e-05    7.222595166750818e-05    7.207177034310481e-05
11869.06957870248    7.62448480103782e-05    7.625232494138471e-05    7.643475372152585e-05    7.631064222442958e-05
11869.169578702478    8.082253186926164e-05    8.082793279726832e-05    8.095398949944982e-05    8.086815138865993e-05
11869.269578702477    8.575545836702817e-05    8.575783230803797e-05    8.581363805926542e-05    8.577564291144385e-05
11869.369578702475    9.106347766981369e-05    9.10621394638257e-05    9.103430229609653e-05    9.105330647657864e-05
11869.469578702474    9.677306748540964e-05    9.67678978334221e-05    9.664560058972966e-05    9.67288553028538e-05
11869.569578702472    0.00010289684403994965    0.0001028871684799644    0.00010266240827029988    0.00010281547359673798
11869.669578702471    0.00010945030375842358    0.00010943639942843751    0.00010910787291877914    0.00010933152536854675
11869.76957870247    0.00011644375025684777    0.00011642569225686153    0.00011600139509717857    0.00011629027920362929
11869.869578702468    0.00012387725231539093    0.00012385625182540066    0.0001233575285956471    0.00012369701091214625
11869.969578702467    0.00013174764048380145    0.00013172500884380686    0.0001311904317939262    0.00013155436037384484
11870.069578702465    0.00014003023141227866    0.0001400086023322753    0.00013949955532218986    0.0001398461296889146
11870.169578702464    0.00014869585764083903    0.0001486791999208223    0.00014828418392043858    0.00014855308049403334
11870.269578702462    0.00015769081539956716    0.000157684256039533    0.00015752570497873296    0.00015763359213927773
11870.36957870246    0.00016696192843863286    0.00016697206921857636    0.00016721049270723327    0.00016704816345481415
11870.46957870246    0.00017643535669777604    0.00017647074732769015    0.00017730787975565364    0.0001767379945937066
11870.569578702458    0.00018601375239724475    0.0001860847783771229    0.00018776618609423572    0.00018662157228953446
11870.669578702456    0.00019560065733704128    0.00019571918914687794    0.00019853237816298702    0.00019661740821563545
11870.769578702455    0.00020508450268722308    0.00020526468760701    0.00020953512347197364    0.00020662810458873558
11870.869578702454    0.00021435915290794608    0.00021461576315768194    0.0002207017327514073    0.0002165588829390118
11870.969578702452    0.00022331133000889772    0.00022366060212857577    0.00023194113721095125    0.0002263043564494749
11871.06957870245    0.00023183925356021657    0.00023229742850983622    0.00024316064139081635    0.0002357657744869564
11871.16957870245    0.00023984810261188375    0.00024043108646144558    0.0002542582399210402    0.00024484580966478985
11871.269578702448    0.00024727027646380834    0.00024799347386331356    0.0002651441601615853    0.0002534693034962357
11871.369578702446    0.0002540425705961016    0.0002549195750455589    0.0002757167051326912    0.00026155961692478385
11871.469578702445    0.0002601250898784251    0.0002611673917478388    0.00028588114627394644    0.00026905787596673676
11871.569578702443    0.00026548879824087724    0.0002667047001702583    0.0002955412302155597    0.0002759115762088984
11871.669578702442    0.00027013567231334835    0.0002715308957627058    0.0003046204876774653    0.0002820956852511732
11871.76957870244    0.000274078087415801    0.0002756548422051472    0.0003130462681796537    0.00028759306593353396
11871.869578702439    0.0002773227938083139    0.0002790792988676665    0.0003207307734823235    0.000292377622052768
11871.969578702438    0.0002799172964906084    0.000281847682879979    0.0003276257907550415    0.00029646359004187626
11872.069578702436    0.0002818980014027942    0.0002839927209021964    0.0003336694449280133    0.0002998533890776679
11872.169578702435    0.0002833091276748407    0.00028555474909428897    0.0003388077154612136    0.0003025571974101144
11872.269578702433    0.00028420538773670683    0.00028658438279621675    0.00034300026937459505    0.0003045966799691729
11872.369578702432    0.00028463274235842977    0.0002871239729380174    0.00034620092821823964    0.00030598588117156225
11872.46957870243    0.0002846519154899292    0.0002872307377196058    0.0003483877483319251    0.00030675680051382004
11872.569578702429    0.00028430412561129056    0.0002869431595410671    0.0003495292720257641    0.0003069255190593739
11872.669578702427    0.0002836514934824336    0.00028632097935232006    0.00034962985406962493    0.0003065341089681262
11872.769578702426    0.0002827391413534187    0.0002854076683134223    0.0003486918933335147    0.00030561290100011856
11872.869578702424    0.00028160953012423275    0.0002842446095743581    0.0003467357856473297    0.00030419664178197355
11872.969578702423    0.0002803136446848794    0.0002828829436551271    0.00034381247926100716    0.00030233635586700454
11873.069578702421    0.0002788938876853716    0.0002813657389657404    0.0003399836709044863    0.00030008109918519944
11873.16957870242    0.00027738919411572036    0.00027973400737620334    0.0003353298657776923    0.0002974843557565387
11873.269578702419    0.0002758248695959755    0.00027801461093656787    0.00032993620011060313    0.0002945918935477155
11873.369578702417    0.0002742375785160632    0.0002762478346667489    0.00032391536763299884    0.00029146692693860366
11873.469578702416    0.0002726444794361144    0.0002744545773068826    0.0003173725344651119    0.0002881571970693696
11873.569578702414    0.0002710641100260943    0.00027265702338693187    0.0003104241687467947    0.0002847151007199403
11873.669578702413    0.0002695089538760253    0.0002708718003869168    0.00030318133779806195    0.00028118736402033467
11873.769578702411    0.0002679790041359555    0.0002691029767968854    0.0002957478260689359    0.00027760993566725895
11873.86957870241    0.00026646114159590846    0.00026734161271685635    0.0002882098348893427    0.00027400419640070245
11873.969578702408    0.000264947146015921    0.0002655832451568767    0.000280655155729545    0.0002703951823007809
11874.069578702407    0.0002634080675660471    0.00026380258300699624    0.0002731454382995058    0.0002667853629575163
11874.169578702405    0.0002618171984062795    0.0002619762668372089    0.0002657366096992442    0.0002631766916475775
11874.269578702404    0.00026013074347668746    0.0002600639273975832    0.0002584616256488482    0.0002595520988410396
11874.369578702403    0.00025829778651726836    0.00025801665593811824    0.00025133733274825063    0.00025588392506787906
11874.469578702401    0.0002562774438380482    0.0002557966139088437    0.0002443819772677073    0.00025215201167153305
11874.5695787024    0.0002540066228190873    0.0002533425800698205    0.00023758288564720845    0.00024831069617870546
11874.669578702398    0.0002514367692203307    0.0002506075715409946    0.00023093308917673195    0.0002443258099793524
11874.769578702397    0.000248511910011811    0.0002475371571623988    0.00022440777533635023    0.00024015228083685333
11874.869578702395    0.0002451862814234294    0.0002440859085939367    0.00021798159642594993    0.000235751262147772
11874.969578702394    0.00024142234066526784    0.00024021701869569355    0.00021162556188578227    0.0002310883070822479
11875.069578702392    0.00023719529975722322    0.000235905605017567    0.0002053135053157187    0.00022613813669683633
11875.169578702391    0.00023248358832928374    0.00023112953104954717    0.0001990134007757846    0.00022087550671820517
11875.26957870239    0.00022729410090133355    0.00022589495329151891    0.00019270913847591628    0.00021529939755625624
11875.369578702388    0.00022164793420321094    0.00022022155692332288    0.00018639382435596172    0.0002094211051608318
11875.469578702387    0.00021556698434510888    0.00021413008820515231    0.00018005348482617994    0.00020325018579214706
11875.569578702385    0.00020910406440680364    0.00020767175454678463    0.00017370352322633516    0.00019682644739330783
11875.669578702384    0.00020230938481830316    0.00020089489026822895    0.00016735196486645734    0.00019018541331766313
11875.769578702382    0.0001952485781195401    0.00019386395754941515    0.000161024268346473    0.00018337893467180942
11875.86957870238    0.0001879788485504142    0.00018663365439024925    0.0001547342507063154    0.00017644891788232627
11875.96957870238    0.00018057446527111222    0.00017927727314091054    0.00014851471770613363    0.0001694554853727188
11876.069578702378    0.00017309103683158048    0.00017184833402135053    0.00014237952476589086    0.00016243963187294062
11876.169578702376    0.000165597609661759    0.00016441436824150696    0.00013635774905552177    0.00015545657565292924
11876.269578702375    0.00015813923661174608    0.00015701898890147794    0.00013045633919511895    0.0001485381882361143
11876.369578702373    0.00015075835835141622    0.00014970309631113962    0.00012468059547458406    0.00014171401671238
11876.469578702372    0.00014349953942102874    0.00014250990136074822    0.00011904287595409913    0.0001350174389119587
11876.56957870237    0.000136386497740535    0.00013546197108025546    0.00011353921154362622    0.0001284625601214722
11876.66957870237    0.00012944550827992266    0.00012858465563964812    0.00010817293432313405    0.00012206769941423497
11876.769578702368    0.00012269268973923427    0.00012189343628896759    0.00010294127227264889    0.00011584246610028359
11876.869578702366    0.00011613782655837729    0.00011539738099812269    9.784180872907656e-05    0.00010979233876185885
11876.969578702365    0.000109799071787557    0.00010911458505731374    9.288646680754277e-05    0.00010393337455080451
11877.069578702363    0.00010360209916705335    0.00010297183724681664    8.802928908920436e-05    9.820107516769145e-05
11877.169578702362    9.774009031969767e-05    9.715990695047812e-05    8.340380390127704e-05    9.27679337238176e-05
11877.26957870236    9.220581365036163e-05    9.167103078416178e-05    7.899108978342457e-05    8.762264473931598e-05
11877.369578702359    8.696432825907279e-05    8.647130939888893e-05    7.47814826235305e-05    8.273904009383073e-05
11877.469578702357    8.202319114984053e-05    8.15684839136712e-05    7.078697986865628e-05    7.812621831072268e-05
11877.569578702356    7.738568154958282e-05    7.696603004442723e-05    6.701567716473831e-05    7.378912958624947e-05
11877.669578702355    7.305010820432157e-05    7.266246826817893e-05    6.347110019879649e-05    6.972789222376567e-05
11877.769578702353    6.901007557807798e-05    6.86516220259474e-05    6.0152258446850864e-05    6.593798535029208e-05
11877.869578702352    6.525512466180232e-05    6.492325290068339e-05    5.705414146786319e-05    6.241083967678296e-05
11877.96957870235    6.17716556246509e-05    6.146397830754219e-05    5.416851656996484e-05    5.913471683405265e-05
11878.069578702349    5.854393525456055e-05    5.825827467646123e-05    5.148483050310636e-05    5.6095680144709376e-05
11878.169578702347    5.555503313553759e-05    5.528941042044683e-05    4.899106577929497e-05    5.32785031117598e-05
11878.269578702346    5.278760208358482e-05    5.2540224247501856e-05    4.6674468495534665e-05    5.066743160887378e-05
11878.369578702344    5.022447565565575e-05    4.9993721523580155e-05    4.4522117495787756e-05    4.824677155834122e-05
11878.469578702343    4.784909119084521e-05    4.7633496946775996e-05    4.252133842313488e-05    4.600130885358536e-05
11878.569578702341    4.564576440509973e-05    4.544400936203629e-05    4.0659983532532176e-05    4.391658576655606e-05
11878.66957870234    4.35998471044154e-05    4.3410740063357194e-05    3.892660425797708e-05    4.197906380858323e-05
11878.769578702339    4.169779822678791e-05    4.1520264690734434e-05    3.731054305446658e-05    4.0176201990662975e-05
11878.869578702337    3.9927193999180604e-05    3.976026434413161e-05    3.580196752896997e-05    3.849647529076073e-05
11878.969578702336    3.82766976046557e-05    3.811949627961058e-05    3.439186528454065e-05    3.692935305626898e-05
11879.069578702334    3.6736003709174415e-05    3.6587739443132797e-05    3.307201347314604e-05    3.546525220848442e-05
11879.169578702333    3.529576893982063e-05    3.515572592349373e-05    3.1834933298609945e-05    3.409547605397477e-05
11879.269578702331    3.3947535863614765e-05    3.3815065841550054e-05    3.06738365278828e-05    3.281214607768254e-05
11879.36957870233    3.2683655890500995e-05    3.255817109467403e-05    2.9582569126643493e-05    3.160813203727284e-05
11879.469578702328    3.1497213992182854e-05    3.137818083557171e-05    2.8555554887658476e-05    3.0476983238471017e-05
11879.569578702327    3.0381957488372333e-05    3.0268890954957495e-05    2.7587741263698496e-05    2.9412863235676106e-05
11879.669578702325    2.9332229853870247e-05    2.922468850363397e-05    2.6674548460608688e-05    2.841048893937097e-05
11879.769578702324    2.834291002243859e-05    2.8240491550365045e-05    2.5811822380198314e-05    2.7465074651000654e-05
11879.869578702323    2.7409357275883203e-05    2.7311694557958168e-05    2.4995791637312683e-05    2.657228115705135e-05
11879.969578702321    2.6527361520030023e-05    2.6434119099240694e-05    2.4223028599812848e-05    2.5728169739694524e-05
11880.06957870232    2.5693098669707844e-05    2.5603969624042758e-05    2.3490414306560722e-05    2.4929160866770444e-05
11880.169578702318    2.4903090732807916e-05    2.481779389025658e-05    2.2795106982471585e-05    2.417199720184536e-05
11880.269578702317    2.41541701921887e-05    2.4072447641741707e-05    2.2134513888430726e-05    2.345371057412038e-05
11880.369578702315    2.344344827173752e-05    2.3365063142386357e-05    2.1506266181347634e-05    2.2771592531823838e-05
11880.469578702314    2.2768286678353114e-05    2.2693021158090075e-05    2.0908196496140865e-05    2.212316811086135e-05
11880.569578702312    2.212627245193272e-05    2.205392601375087e-05    2.033831896572669e-05    2.1506172477136757e-05
11880.66957870231    2.1515195585418205e-05    2.144558339831114e-05    1.9794811413060146e-05    2.0918530132263163e-05
11880.76957870231    2.0933029096723306e-05    2.086598059768525e-05    1.9275999477070603e-05    2.0358336390493054e-05
11880.869578702308    2.037791126878121e-05    2.0313268885806914e-05    1.878034245470403e-05    1.9823840869764053e-05
11880.969578702307    1.984812981753151e-05    1.978574782361618e-05    1.8306420663911505e-05    1.9313432768353068e-05
11881.069578702305    1.9342107766910296e-05    1.9281851237049602e-05    1.7852924152640425e-05    1.8825627718866775e-05
11881.169578702304    1.885839081888679e-05    1.88001347040767e-05    1.7418642599867352e-05    1.8359056040943616e-05
11881.269578702302    1.8395636064406324e-05    1.8339264346643183e-05    1.700245627754705e-05    1.7912452229532183e-05
11881.3695787023    1.7952601868427954e-05    1.7898006802708415e-05    1.6603327945646168e-05    1.7484645538927513e-05
11881.4695787023    1.7528138804914406e-05    1.7475220227235402e-05    1.6220295573134304e-05    1.7074551535094704e-05
11881.569578702298    1.7121181510824286e-05    1.706984622018303e-05    1.5852465805977005e-05    1.6681164512328105e-05
11881.669578702296    1.6730741368141675e-05    1.6680902557535548e-05    1.5499008076162526e-05    1.630355066727992e-05
11881.769578702295    1.635589991183049e-05    1.6307476660257114e-05    1.5159149302660663e-05    1.5940841958249424e-05
11881.869578702293    1.599580289186477e-05    1.594871969432195e-05    1.4832169103450111e-05    1.559223056321228e-05
11881.969578702292    1.5649654909220718e-05    1.560384125470644e-05    1.4517395469511315e-05    1.5256963877812824e-05
11882.06957870229    1.5316714568870448e-05    1.5272104552382867e-05    1.4214200852820783e-05    1.4934339991358033e-05
